[2023-03-28T00:04:30.801+0200] {processor.py:153} INFO - Started process (PID=22574) to work on /home/humbulani/miniconda3/envs/apache-airflow/lib/python3.8/site-packages/airflow/example_dags/example_branch_python_dop_operator_3.py
[2023-03-28T00:04:30.802+0200] {processor.py:743} INFO - Processing file /home/humbulani/miniconda3/envs/apache-airflow/lib/python3.8/site-packages/airflow/example_dags/example_branch_python_dop_operator_3.py for tasks to queue
[2023-03-28T00:04:30.803+0200] {logging_mixin.py:137} INFO - [2023-03-28T00:04:30.803+0200] {dagbag.py:532} INFO - Filling up the DagBag from /home/humbulani/miniconda3/envs/apache-airflow/lib/python3.8/site-packages/airflow/example_dags/example_branch_python_dop_operator_3.py
[2023-03-28T00:04:30.826+0200] {processor.py:753} INFO - DAG(s) dict_keys(['example_branch_dop_operator_v3']) retrieved from /home/humbulani/miniconda3/envs/apache-airflow/lib/python3.8/site-packages/airflow/example_dags/example_branch_python_dop_operator_3.py
[2023-03-28T00:04:30.842+0200] {logging_mixin.py:137} INFO - [2023-03-28T00:04:30.842+0200] {dag.py:2693} INFO - Sync 1 DAGs
[2023-03-28T00:04:30.864+0200] {logging_mixin.py:137} INFO - [2023-03-28T00:04:30.864+0200] {dag.py:3440} INFO - Setting next_dagrun for example_branch_dop_operator_v3 to 2023-03-27T22:03:00+00:00, run_after=2023-03-27T22:04:00+00:00
[2023-03-28T00:04:30.968+0200] {processor.py:175} INFO - Processing /home/humbulani/miniconda3/envs/apache-airflow/lib/python3.8/site-packages/airflow/example_dags/example_branch_python_dop_operator_3.py took 0.169 seconds
[2023-03-28T00:05:31.137+0200] {processor.py:153} INFO - Started process (PID=22628) to work on /home/humbulani/miniconda3/envs/apache-airflow/lib/python3.8/site-packages/airflow/example_dags/example_branch_python_dop_operator_3.py
[2023-03-28T00:05:31.152+0200] {processor.py:743} INFO - Processing file /home/humbulani/miniconda3/envs/apache-airflow/lib/python3.8/site-packages/airflow/example_dags/example_branch_python_dop_operator_3.py for tasks to queue
[2023-03-28T00:05:31.153+0200] {logging_mixin.py:137} INFO - [2023-03-28T00:05:31.153+0200] {dagbag.py:532} INFO - Filling up the DagBag from /home/humbulani/miniconda3/envs/apache-airflow/lib/python3.8/site-packages/airflow/example_dags/example_branch_python_dop_operator_3.py
[2023-03-28T00:05:31.174+0200] {processor.py:753} INFO - DAG(s) dict_keys(['example_branch_dop_operator_v3']) retrieved from /home/humbulani/miniconda3/envs/apache-airflow/lib/python3.8/site-packages/airflow/example_dags/example_branch_python_dop_operator_3.py
[2023-03-28T00:05:31.190+0200] {logging_mixin.py:137} INFO - [2023-03-28T00:05:31.190+0200] {dag.py:2693} INFO - Sync 1 DAGs
[2023-03-28T00:05:31.212+0200] {logging_mixin.py:137} INFO - [2023-03-28T00:05:31.211+0200] {dag.py:3440} INFO - Setting next_dagrun for example_branch_dop_operator_v3 to 2023-03-27T22:04:00+00:00, run_after=2023-03-27T22:05:00+00:00
[2023-03-28T00:05:31.303+0200] {processor.py:175} INFO - Processing /home/humbulani/miniconda3/envs/apache-airflow/lib/python3.8/site-packages/airflow/example_dags/example_branch_python_dop_operator_3.py took 0.169 seconds
[2023-03-28T00:06:17.244+0200] {processor.py:153} INFO - Started process (PID=22748) to work on /home/humbulani/miniconda3/envs/apache-airflow/lib/python3.8/site-packages/airflow/example_dags/example_branch_python_dop_operator_3.py
[2023-03-28T00:06:17.245+0200] {processor.py:743} INFO - Processing file /home/humbulani/miniconda3/envs/apache-airflow/lib/python3.8/site-packages/airflow/example_dags/example_branch_python_dop_operator_3.py for tasks to queue
[2023-03-28T00:06:17.246+0200] {logging_mixin.py:137} INFO - [2023-03-28T00:06:17.246+0200] {dagbag.py:532} INFO - Filling up the DagBag from /home/humbulani/miniconda3/envs/apache-airflow/lib/python3.8/site-packages/airflow/example_dags/example_branch_python_dop_operator_3.py
[2023-03-28T00:06:17.271+0200] {processor.py:753} INFO - DAG(s) dict_keys(['example_branch_dop_operator_v3']) retrieved from /home/humbulani/miniconda3/envs/apache-airflow/lib/python3.8/site-packages/airflow/example_dags/example_branch_python_dop_operator_3.py
[2023-03-28T00:06:17.289+0200] {logging_mixin.py:137} INFO - [2023-03-28T00:06:17.289+0200] {dag.py:2693} INFO - Sync 1 DAGs
[2023-03-28T00:06:17.311+0200] {logging_mixin.py:137} INFO - [2023-03-28T00:06:17.311+0200] {dag.py:3440} INFO - Setting next_dagrun for example_branch_dop_operator_v3 to 2023-03-27T22:05:00+00:00, run_after=2023-03-27T22:06:00+00:00
[2023-03-28T00:06:17.415+0200] {processor.py:175} INFO - Processing /home/humbulani/miniconda3/envs/apache-airflow/lib/python3.8/site-packages/airflow/example_dags/example_branch_python_dop_operator_3.py took 0.174 seconds
[2023-03-28T00:07:02.722+0200] {processor.py:153} INFO - Started process (PID=22792) to work on /home/humbulani/miniconda3/envs/apache-airflow/lib/python3.8/site-packages/airflow/example_dags/example_branch_python_dop_operator_3.py
[2023-03-28T00:07:02.722+0200] {processor.py:743} INFO - Processing file /home/humbulani/miniconda3/envs/apache-airflow/lib/python3.8/site-packages/airflow/example_dags/example_branch_python_dop_operator_3.py for tasks to queue
[2023-03-28T00:07:02.723+0200] {logging_mixin.py:137} INFO - [2023-03-28T00:07:02.723+0200] {dagbag.py:532} INFO - Filling up the DagBag from /home/humbulani/miniconda3/envs/apache-airflow/lib/python3.8/site-packages/airflow/example_dags/example_branch_python_dop_operator_3.py
[2023-03-28T00:07:02.745+0200] {processor.py:753} INFO - DAG(s) dict_keys(['example_branch_dop_operator_v3']) retrieved from /home/humbulani/miniconda3/envs/apache-airflow/lib/python3.8/site-packages/airflow/example_dags/example_branch_python_dop_operator_3.py
[2023-03-28T00:07:02.762+0200] {logging_mixin.py:137} INFO - [2023-03-28T00:07:02.762+0200] {dag.py:2693} INFO - Sync 1 DAGs
[2023-03-28T00:07:02.784+0200] {logging_mixin.py:137} INFO - [2023-03-28T00:07:02.784+0200] {dag.py:3440} INFO - Setting next_dagrun for example_branch_dop_operator_v3 to 2023-03-27T22:06:00+00:00, run_after=2023-03-27T22:07:00+00:00
[2023-03-28T00:07:02.859+0200] {processor.py:175} INFO - Processing /home/humbulani/miniconda3/envs/apache-airflow/lib/python3.8/site-packages/airflow/example_dags/example_branch_python_dop_operator_3.py took 0.140 seconds
[2023-03-28T00:07:55.744+0200] {processor.py:153} INFO - Started process (PID=22880) to work on /home/humbulani/miniconda3/envs/apache-airflow/lib/python3.8/site-packages/airflow/example_dags/example_branch_python_dop_operator_3.py
[2023-03-28T00:07:55.761+0200] {processor.py:743} INFO - Processing file /home/humbulani/miniconda3/envs/apache-airflow/lib/python3.8/site-packages/airflow/example_dags/example_branch_python_dop_operator_3.py for tasks to queue
[2023-03-28T00:07:55.762+0200] {logging_mixin.py:137} INFO - [2023-03-28T00:07:55.761+0200] {dagbag.py:532} INFO - Filling up the DagBag from /home/humbulani/miniconda3/envs/apache-airflow/lib/python3.8/site-packages/airflow/example_dags/example_branch_python_dop_operator_3.py
[2023-03-28T00:07:55.789+0200] {processor.py:753} INFO - DAG(s) dict_keys(['example_branch_dop_operator_v3']) retrieved from /home/humbulani/miniconda3/envs/apache-airflow/lib/python3.8/site-packages/airflow/example_dags/example_branch_python_dop_operator_3.py
[2023-03-28T00:07:55.810+0200] {logging_mixin.py:137} INFO - [2023-03-28T00:07:55.810+0200] {dag.py:2693} INFO - Sync 1 DAGs
[2023-03-28T00:07:55.833+0200] {logging_mixin.py:137} INFO - [2023-03-28T00:07:55.833+0200] {dag.py:3440} INFO - Setting next_dagrun for example_branch_dop_operator_v3 to 2023-03-27T22:06:00+00:00, run_after=2023-03-27T22:07:00+00:00
[2023-03-28T00:07:55.911+0200] {processor.py:175} INFO - Processing /home/humbulani/miniconda3/envs/apache-airflow/lib/python3.8/site-packages/airflow/example_dags/example_branch_python_dop_operator_3.py took 0.170 seconds
[2023-03-28T00:08:48.358+0200] {processor.py:153} INFO - Started process (PID=22942) to work on /home/humbulani/miniconda3/envs/apache-airflow/lib/python3.8/site-packages/airflow/example_dags/example_branch_python_dop_operator_3.py
[2023-03-28T00:08:48.372+0200] {processor.py:743} INFO - Processing file /home/humbulani/miniconda3/envs/apache-airflow/lib/python3.8/site-packages/airflow/example_dags/example_branch_python_dop_operator_3.py for tasks to queue
[2023-03-28T00:08:48.373+0200] {logging_mixin.py:137} INFO - [2023-03-28T00:08:48.373+0200] {dagbag.py:532} INFO - Filling up the DagBag from /home/humbulani/miniconda3/envs/apache-airflow/lib/python3.8/site-packages/airflow/example_dags/example_branch_python_dop_operator_3.py
[2023-03-28T00:08:48.394+0200] {processor.py:753} INFO - DAG(s) dict_keys(['example_branch_dop_operator_v3']) retrieved from /home/humbulani/miniconda3/envs/apache-airflow/lib/python3.8/site-packages/airflow/example_dags/example_branch_python_dop_operator_3.py
[2023-03-28T00:08:48.409+0200] {logging_mixin.py:137} INFO - [2023-03-28T00:08:48.409+0200] {dag.py:2693} INFO - Sync 1 DAGs
[2023-03-28T00:08:48.510+0200] {logging_mixin.py:137} INFO - [2023-03-28T00:08:48.510+0200] {dag.py:3440} INFO - Setting next_dagrun for example_branch_dop_operator_v3 to 2023-03-27T22:07:00+00:00, run_after=2023-03-27T22:08:00+00:00
[2023-03-28T00:08:48.606+0200] {processor.py:175} INFO - Processing /home/humbulani/miniconda3/envs/apache-airflow/lib/python3.8/site-packages/airflow/example_dags/example_branch_python_dop_operator_3.py took 0.251 seconds
[2023-03-28T00:09:48.409+0200] {processor.py:153} INFO - Started process (PID=23004) to work on /home/humbulani/miniconda3/envs/apache-airflow/lib/python3.8/site-packages/airflow/example_dags/example_branch_python_dop_operator_3.py
[2023-03-28T00:09:48.409+0200] {processor.py:743} INFO - Processing file /home/humbulani/miniconda3/envs/apache-airflow/lib/python3.8/site-packages/airflow/example_dags/example_branch_python_dop_operator_3.py for tasks to queue
[2023-03-28T00:09:48.410+0200] {logging_mixin.py:137} INFO - [2023-03-28T00:09:48.410+0200] {dagbag.py:532} INFO - Filling up the DagBag from /home/humbulani/miniconda3/envs/apache-airflow/lib/python3.8/site-packages/airflow/example_dags/example_branch_python_dop_operator_3.py
[2023-03-28T00:09:48.431+0200] {processor.py:753} INFO - DAG(s) dict_keys(['example_branch_dop_operator_v3']) retrieved from /home/humbulani/miniconda3/envs/apache-airflow/lib/python3.8/site-packages/airflow/example_dags/example_branch_python_dop_operator_3.py
[2023-03-28T00:09:48.528+0200] {logging_mixin.py:137} INFO - [2023-03-28T00:09:48.528+0200] {dag.py:2693} INFO - Sync 1 DAGs
[2023-03-28T00:09:48.548+0200] {logging_mixin.py:137} INFO - [2023-03-28T00:09:48.548+0200] {dag.py:3440} INFO - Setting next_dagrun for example_branch_dop_operator_v3 to 2023-03-27T22:08:00+00:00, run_after=2023-03-27T22:09:00+00:00
[2023-03-28T00:09:48.635+0200] {processor.py:175} INFO - Processing /home/humbulani/miniconda3/envs/apache-airflow/lib/python3.8/site-packages/airflow/example_dags/example_branch_python_dop_operator_3.py took 0.229 seconds
[2023-03-28T00:10:48.250+0200] {processor.py:153} INFO - Started process (PID=23058) to work on /home/humbulani/miniconda3/envs/apache-airflow/lib/python3.8/site-packages/airflow/example_dags/example_branch_python_dop_operator_3.py
[2023-03-28T00:10:48.251+0200] {processor.py:743} INFO - Processing file /home/humbulani/miniconda3/envs/apache-airflow/lib/python3.8/site-packages/airflow/example_dags/example_branch_python_dop_operator_3.py for tasks to queue
[2023-03-28T00:10:48.252+0200] {logging_mixin.py:137} INFO - [2023-03-28T00:10:48.252+0200] {dagbag.py:532} INFO - Filling up the DagBag from /home/humbulani/miniconda3/envs/apache-airflow/lib/python3.8/site-packages/airflow/example_dags/example_branch_python_dop_operator_3.py
[2023-03-28T00:10:48.274+0200] {processor.py:753} INFO - DAG(s) dict_keys(['example_branch_dop_operator_v3']) retrieved from /home/humbulani/miniconda3/envs/apache-airflow/lib/python3.8/site-packages/airflow/example_dags/example_branch_python_dop_operator_3.py
[2023-03-28T00:10:48.369+0200] {logging_mixin.py:137} INFO - [2023-03-28T00:10:48.369+0200] {dag.py:2693} INFO - Sync 1 DAGs
[2023-03-28T00:10:48.389+0200] {logging_mixin.py:137} INFO - [2023-03-28T00:10:48.389+0200] {dag.py:3440} INFO - Setting next_dagrun for example_branch_dop_operator_v3 to 2023-03-27T22:09:00+00:00, run_after=2023-03-27T22:10:00+00:00
[2023-03-28T00:10:48.480+0200] {processor.py:175} INFO - Processing /home/humbulani/miniconda3/envs/apache-airflow/lib/python3.8/site-packages/airflow/example_dags/example_branch_python_dop_operator_3.py took 0.233 seconds
[2023-03-28T00:11:54.985+0200] {processor.py:153} INFO - Started process (PID=23113) to work on /home/humbulani/miniconda3/envs/apache-airflow/lib/python3.8/site-packages/airflow/example_dags/example_branch_python_dop_operator_3.py
[2023-03-28T00:11:54.986+0200] {processor.py:743} INFO - Processing file /home/humbulani/miniconda3/envs/apache-airflow/lib/python3.8/site-packages/airflow/example_dags/example_branch_python_dop_operator_3.py for tasks to queue
[2023-03-28T00:11:54.986+0200] {logging_mixin.py:137} INFO - [2023-03-28T00:11:54.986+0200] {dagbag.py:532} INFO - Filling up the DagBag from /home/humbulani/miniconda3/envs/apache-airflow/lib/python3.8/site-packages/airflow/example_dags/example_branch_python_dop_operator_3.py
[2023-03-28T00:11:55.098+0200] {processor.py:753} INFO - DAG(s) dict_keys(['example_branch_dop_operator_v3']) retrieved from /home/humbulani/miniconda3/envs/apache-airflow/lib/python3.8/site-packages/airflow/example_dags/example_branch_python_dop_operator_3.py
[2023-03-28T00:11:55.113+0200] {logging_mixin.py:137} INFO - [2023-03-28T00:11:55.113+0200] {dag.py:2693} INFO - Sync 1 DAGs
[2023-03-28T00:11:55.133+0200] {logging_mixin.py:137} INFO - [2023-03-28T00:11:55.133+0200] {dag.py:3440} INFO - Setting next_dagrun for example_branch_dop_operator_v3 to 2023-03-27T22:10:00+00:00, run_after=2023-03-27T22:11:00+00:00
[2023-03-28T00:11:55.307+0200] {processor.py:175} INFO - Processing /home/humbulani/miniconda3/envs/apache-airflow/lib/python3.8/site-packages/airflow/example_dags/example_branch_python_dop_operator_3.py took 0.324 seconds
[2023-03-28T00:12:57.073+0200] {processor.py:153} INFO - Started process (PID=23194) to work on /home/humbulani/miniconda3/envs/apache-airflow/lib/python3.8/site-packages/airflow/example_dags/example_branch_python_dop_operator_3.py
[2023-03-28T00:12:57.074+0200] {processor.py:743} INFO - Processing file /home/humbulani/miniconda3/envs/apache-airflow/lib/python3.8/site-packages/airflow/example_dags/example_branch_python_dop_operator_3.py for tasks to queue
[2023-03-28T00:12:57.074+0200] {logging_mixin.py:137} INFO - [2023-03-28T00:12:57.074+0200] {dagbag.py:532} INFO - Filling up the DagBag from /home/humbulani/miniconda3/envs/apache-airflow/lib/python3.8/site-packages/airflow/example_dags/example_branch_python_dop_operator_3.py
[2023-03-28T00:12:57.096+0200] {processor.py:753} INFO - DAG(s) dict_keys(['example_branch_dop_operator_v3']) retrieved from /home/humbulani/miniconda3/envs/apache-airflow/lib/python3.8/site-packages/airflow/example_dags/example_branch_python_dop_operator_3.py
[2023-03-28T00:12:57.112+0200] {logging_mixin.py:137} INFO - [2023-03-28T00:12:57.112+0200] {dag.py:2693} INFO - Sync 1 DAGs
[2023-03-28T00:12:57.135+0200] {logging_mixin.py:137} INFO - [2023-03-28T00:12:57.135+0200] {dag.py:3440} INFO - Setting next_dagrun for example_branch_dop_operator_v3 to 2023-03-27T22:11:00+00:00, run_after=2023-03-27T22:12:00+00:00
[2023-03-28T00:12:57.239+0200] {processor.py:175} INFO - Processing /home/humbulani/miniconda3/envs/apache-airflow/lib/python3.8/site-packages/airflow/example_dags/example_branch_python_dop_operator_3.py took 0.168 seconds
[2023-03-28T00:13:43.327+0200] {processor.py:153} INFO - Started process (PID=23247) to work on /home/humbulani/miniconda3/envs/apache-airflow/lib/python3.8/site-packages/airflow/example_dags/example_branch_python_dop_operator_3.py
[2023-03-28T00:13:43.328+0200] {processor.py:743} INFO - Processing file /home/humbulani/miniconda3/envs/apache-airflow/lib/python3.8/site-packages/airflow/example_dags/example_branch_python_dop_operator_3.py for tasks to queue
[2023-03-28T00:13:43.329+0200] {logging_mixin.py:137} INFO - [2023-03-28T00:13:43.329+0200] {dagbag.py:532} INFO - Filling up the DagBag from /home/humbulani/miniconda3/envs/apache-airflow/lib/python3.8/site-packages/airflow/example_dags/example_branch_python_dop_operator_3.py
[2023-03-28T00:13:43.354+0200] {processor.py:753} INFO - DAG(s) dict_keys(['example_branch_dop_operator_v3']) retrieved from /home/humbulani/miniconda3/envs/apache-airflow/lib/python3.8/site-packages/airflow/example_dags/example_branch_python_dop_operator_3.py
[2023-03-28T00:13:43.371+0200] {logging_mixin.py:137} INFO - [2023-03-28T00:13:43.371+0200] {dag.py:2693} INFO - Sync 1 DAGs
[2023-03-28T00:13:43.391+0200] {logging_mixin.py:137} INFO - [2023-03-28T00:13:43.391+0200] {dag.py:3440} INFO - Setting next_dagrun for example_branch_dop_operator_v3 to 2023-03-27T22:12:00+00:00, run_after=2023-03-27T22:13:00+00:00
[2023-03-28T00:13:43.493+0200] {processor.py:175} INFO - Processing /home/humbulani/miniconda3/envs/apache-airflow/lib/python3.8/site-packages/airflow/example_dags/example_branch_python_dop_operator_3.py took 0.169 seconds
[2023-03-28T00:14:42.277+0200] {processor.py:153} INFO - Started process (PID=23307) to work on /home/humbulani/miniconda3/envs/apache-airflow/lib/python3.8/site-packages/airflow/example_dags/example_branch_python_dop_operator_3.py
[2023-03-28T00:14:42.298+0200] {processor.py:743} INFO - Processing file /home/humbulani/miniconda3/envs/apache-airflow/lib/python3.8/site-packages/airflow/example_dags/example_branch_python_dop_operator_3.py for tasks to queue
[2023-03-28T00:14:42.299+0200] {logging_mixin.py:137} INFO - [2023-03-28T00:14:42.299+0200] {dagbag.py:532} INFO - Filling up the DagBag from /home/humbulani/miniconda3/envs/apache-airflow/lib/python3.8/site-packages/airflow/example_dags/example_branch_python_dop_operator_3.py
[2023-03-28T00:14:42.327+0200] {processor.py:753} INFO - DAG(s) dict_keys(['example_branch_dop_operator_v3']) retrieved from /home/humbulani/miniconda3/envs/apache-airflow/lib/python3.8/site-packages/airflow/example_dags/example_branch_python_dop_operator_3.py
[2023-03-28T00:14:42.344+0200] {logging_mixin.py:137} INFO - [2023-03-28T00:14:42.343+0200] {dag.py:2693} INFO - Sync 1 DAGs
[2023-03-28T00:14:42.364+0200] {logging_mixin.py:137} INFO - [2023-03-28T00:14:42.364+0200] {dag.py:3440} INFO - Setting next_dagrun for example_branch_dop_operator_v3 to 2023-03-27T22:13:00+00:00, run_after=2023-03-27T22:14:00+00:00
[2023-03-28T00:14:42.465+0200] {processor.py:175} INFO - Processing /home/humbulani/miniconda3/envs/apache-airflow/lib/python3.8/site-packages/airflow/example_dags/example_branch_python_dop_operator_3.py took 0.191 seconds
[2023-03-28T00:15:31.107+0200] {processor.py:153} INFO - Started process (PID=23381) to work on /home/humbulani/miniconda3/envs/apache-airflow/lib/python3.8/site-packages/airflow/example_dags/example_branch_python_dop_operator_3.py
[2023-03-28T00:15:31.114+0200] {processor.py:743} INFO - Processing file /home/humbulani/miniconda3/envs/apache-airflow/lib/python3.8/site-packages/airflow/example_dags/example_branch_python_dop_operator_3.py for tasks to queue
[2023-03-28T00:15:31.115+0200] {logging_mixin.py:137} INFO - [2023-03-28T00:15:31.115+0200] {dagbag.py:532} INFO - Filling up the DagBag from /home/humbulani/miniconda3/envs/apache-airflow/lib/python3.8/site-packages/airflow/example_dags/example_branch_python_dop_operator_3.py
[2023-03-28T00:15:31.140+0200] {processor.py:753} INFO - DAG(s) dict_keys(['example_branch_dop_operator_v3']) retrieved from /home/humbulani/miniconda3/envs/apache-airflow/lib/python3.8/site-packages/airflow/example_dags/example_branch_python_dop_operator_3.py
[2023-03-28T00:15:31.157+0200] {logging_mixin.py:137} INFO - [2023-03-28T00:15:31.157+0200] {dag.py:2693} INFO - Sync 1 DAGs
[2023-03-28T00:15:31.178+0200] {logging_mixin.py:137} INFO - [2023-03-28T00:15:31.178+0200] {dag.py:3440} INFO - Setting next_dagrun for example_branch_dop_operator_v3 to 2023-03-27T22:14:00+00:00, run_after=2023-03-27T22:15:00+00:00
[2023-03-28T00:15:31.272+0200] {processor.py:175} INFO - Processing /home/humbulani/miniconda3/envs/apache-airflow/lib/python3.8/site-packages/airflow/example_dags/example_branch_python_dop_operator_3.py took 0.168 seconds
[2023-03-28T00:16:17.121+0200] {processor.py:153} INFO - Started process (PID=23446) to work on /home/humbulani/miniconda3/envs/apache-airflow/lib/python3.8/site-packages/airflow/example_dags/example_branch_python_dop_operator_3.py
[2023-03-28T00:16:17.133+0200] {processor.py:743} INFO - Processing file /home/humbulani/miniconda3/envs/apache-airflow/lib/python3.8/site-packages/airflow/example_dags/example_branch_python_dop_operator_3.py for tasks to queue
[2023-03-28T00:16:17.133+0200] {logging_mixin.py:137} INFO - [2023-03-28T00:16:17.133+0200] {dagbag.py:532} INFO - Filling up the DagBag from /home/humbulani/miniconda3/envs/apache-airflow/lib/python3.8/site-packages/airflow/example_dags/example_branch_python_dop_operator_3.py
[2023-03-28T00:16:17.157+0200] {processor.py:753} INFO - DAG(s) dict_keys(['example_branch_dop_operator_v3']) retrieved from /home/humbulani/miniconda3/envs/apache-airflow/lib/python3.8/site-packages/airflow/example_dags/example_branch_python_dop_operator_3.py
[2023-03-28T00:16:17.176+0200] {logging_mixin.py:137} INFO - [2023-03-28T00:16:17.175+0200] {dag.py:2693} INFO - Sync 1 DAGs
[2023-03-28T00:16:17.203+0200] {logging_mixin.py:137} INFO - [2023-03-28T00:16:17.203+0200] {dag.py:3440} INFO - Setting next_dagrun for example_branch_dop_operator_v3 to 2023-03-27T22:15:00+00:00, run_after=2023-03-27T22:16:00+00:00
[2023-03-28T00:16:17.298+0200] {processor.py:175} INFO - Processing /home/humbulani/miniconda3/envs/apache-airflow/lib/python3.8/site-packages/airflow/example_dags/example_branch_python_dop_operator_3.py took 0.179 seconds
[2023-03-28T00:17:11.774+0200] {processor.py:153} INFO - Started process (PID=23580) to work on /home/humbulani/miniconda3/envs/apache-airflow/lib/python3.8/site-packages/airflow/example_dags/example_branch_python_dop_operator_3.py
[2023-03-28T00:17:11.782+0200] {processor.py:743} INFO - Processing file /home/humbulani/miniconda3/envs/apache-airflow/lib/python3.8/site-packages/airflow/example_dags/example_branch_python_dop_operator_3.py for tasks to queue
[2023-03-28T00:17:11.783+0200] {logging_mixin.py:137} INFO - [2023-03-28T00:17:11.783+0200] {dagbag.py:532} INFO - Filling up the DagBag from /home/humbulani/miniconda3/envs/apache-airflow/lib/python3.8/site-packages/airflow/example_dags/example_branch_python_dop_operator_3.py
[2023-03-28T00:17:11.807+0200] {processor.py:753} INFO - DAG(s) dict_keys(['example_branch_dop_operator_v3']) retrieved from /home/humbulani/miniconda3/envs/apache-airflow/lib/python3.8/site-packages/airflow/example_dags/example_branch_python_dop_operator_3.py
[2023-03-28T00:17:11.825+0200] {logging_mixin.py:137} INFO - [2023-03-28T00:17:11.825+0200] {dag.py:2693} INFO - Sync 1 DAGs
[2023-03-28T00:17:11.850+0200] {logging_mixin.py:137} INFO - [2023-03-28T00:17:11.850+0200] {dag.py:3440} INFO - Setting next_dagrun for example_branch_dop_operator_v3 to 2023-03-27T22:16:00+00:00, run_after=2023-03-27T22:17:00+00:00
[2023-03-28T00:17:11.939+0200] {processor.py:175} INFO - Processing /home/humbulani/miniconda3/envs/apache-airflow/lib/python3.8/site-packages/airflow/example_dags/example_branch_python_dop_operator_3.py took 0.167 seconds
[2023-03-28T00:17:57.011+0200] {processor.py:153} INFO - Started process (PID=23625) to work on /home/humbulani/miniconda3/envs/apache-airflow/lib/python3.8/site-packages/airflow/example_dags/example_branch_python_dop_operator_3.py
[2023-03-28T00:17:57.023+0200] {processor.py:743} INFO - Processing file /home/humbulani/miniconda3/envs/apache-airflow/lib/python3.8/site-packages/airflow/example_dags/example_branch_python_dop_operator_3.py for tasks to queue
[2023-03-28T00:17:57.023+0200] {logging_mixin.py:137} INFO - [2023-03-28T00:17:57.023+0200] {dagbag.py:532} INFO - Filling up the DagBag from /home/humbulani/miniconda3/envs/apache-airflow/lib/python3.8/site-packages/airflow/example_dags/example_branch_python_dop_operator_3.py
[2023-03-28T00:17:57.052+0200] {processor.py:753} INFO - DAG(s) dict_keys(['example_branch_dop_operator_v3']) retrieved from /home/humbulani/miniconda3/envs/apache-airflow/lib/python3.8/site-packages/airflow/example_dags/example_branch_python_dop_operator_3.py
[2023-03-28T00:17:57.069+0200] {logging_mixin.py:137} INFO - [2023-03-28T00:17:57.069+0200] {dag.py:2693} INFO - Sync 1 DAGs
[2023-03-28T00:17:57.092+0200] {logging_mixin.py:137} INFO - [2023-03-28T00:17:57.092+0200] {dag.py:3440} INFO - Setting next_dagrun for example_branch_dop_operator_v3 to 2023-03-27T22:16:00+00:00, run_after=2023-03-27T22:17:00+00:00
[2023-03-28T00:17:57.187+0200] {processor.py:175} INFO - Processing /home/humbulani/miniconda3/envs/apache-airflow/lib/python3.8/site-packages/airflow/example_dags/example_branch_python_dop_operator_3.py took 0.179 seconds
[2023-03-28T00:18:56.243+0200] {processor.py:153} INFO - Started process (PID=23682) to work on /home/humbulani/miniconda3/envs/apache-airflow/lib/python3.8/site-packages/airflow/example_dags/example_branch_python_dop_operator_3.py
[2023-03-28T00:18:56.253+0200] {processor.py:743} INFO - Processing file /home/humbulani/miniconda3/envs/apache-airflow/lib/python3.8/site-packages/airflow/example_dags/example_branch_python_dop_operator_3.py for tasks to queue
[2023-03-28T00:18:56.253+0200] {logging_mixin.py:137} INFO - [2023-03-28T00:18:56.253+0200] {dagbag.py:532} INFO - Filling up the DagBag from /home/humbulani/miniconda3/envs/apache-airflow/lib/python3.8/site-packages/airflow/example_dags/example_branch_python_dop_operator_3.py
[2023-03-28T00:18:56.282+0200] {processor.py:753} INFO - DAG(s) dict_keys(['example_branch_dop_operator_v3']) retrieved from /home/humbulani/miniconda3/envs/apache-airflow/lib/python3.8/site-packages/airflow/example_dags/example_branch_python_dop_operator_3.py
[2023-03-28T00:18:56.299+0200] {logging_mixin.py:137} INFO - [2023-03-28T00:18:56.299+0200] {dag.py:2693} INFO - Sync 1 DAGs
[2023-03-28T00:18:56.323+0200] {logging_mixin.py:137} INFO - [2023-03-28T00:18:56.322+0200] {dag.py:3440} INFO - Setting next_dagrun for example_branch_dop_operator_v3 to 2023-03-27T22:17:00+00:00, run_after=2023-03-27T22:18:00+00:00
[2023-03-28T00:18:56.411+0200] {processor.py:175} INFO - Processing /home/humbulani/miniconda3/envs/apache-airflow/lib/python3.8/site-packages/airflow/example_dags/example_branch_python_dop_operator_3.py took 0.171 seconds
[2023-03-28T00:19:43.241+0200] {processor.py:153} INFO - Started process (PID=23727) to work on /home/humbulani/miniconda3/envs/apache-airflow/lib/python3.8/site-packages/airflow/example_dags/example_branch_python_dop_operator_3.py
[2023-03-28T00:19:43.251+0200] {processor.py:743} INFO - Processing file /home/humbulani/miniconda3/envs/apache-airflow/lib/python3.8/site-packages/airflow/example_dags/example_branch_python_dop_operator_3.py for tasks to queue
[2023-03-28T00:19:43.251+0200] {logging_mixin.py:137} INFO - [2023-03-28T00:19:43.251+0200] {dagbag.py:532} INFO - Filling up the DagBag from /home/humbulani/miniconda3/envs/apache-airflow/lib/python3.8/site-packages/airflow/example_dags/example_branch_python_dop_operator_3.py
[2023-03-28T00:19:43.279+0200] {processor.py:753} INFO - DAG(s) dict_keys(['example_branch_dop_operator_v3']) retrieved from /home/humbulani/miniconda3/envs/apache-airflow/lib/python3.8/site-packages/airflow/example_dags/example_branch_python_dop_operator_3.py
[2023-03-28T00:19:43.296+0200] {logging_mixin.py:137} INFO - [2023-03-28T00:19:43.296+0200] {dag.py:2693} INFO - Sync 1 DAGs
[2023-03-28T00:19:43.320+0200] {logging_mixin.py:137} INFO - [2023-03-28T00:19:43.320+0200] {dag.py:3440} INFO - Setting next_dagrun for example_branch_dop_operator_v3 to 2023-03-27T22:18:00+00:00, run_after=2023-03-27T22:19:00+00:00
[2023-03-28T00:19:43.428+0200] {processor.py:175} INFO - Processing /home/humbulani/miniconda3/envs/apache-airflow/lib/python3.8/site-packages/airflow/example_dags/example_branch_python_dop_operator_3.py took 0.190 seconds
[2023-03-28T00:20:35.989+0200] {processor.py:153} INFO - Started process (PID=23779) to work on /home/humbulani/miniconda3/envs/apache-airflow/lib/python3.8/site-packages/airflow/example_dags/example_branch_python_dop_operator_3.py
[2023-03-28T00:20:35.989+0200] {processor.py:743} INFO - Processing file /home/humbulani/miniconda3/envs/apache-airflow/lib/python3.8/site-packages/airflow/example_dags/example_branch_python_dop_operator_3.py for tasks to queue
[2023-03-28T00:20:35.990+0200] {logging_mixin.py:137} INFO - [2023-03-28T00:20:35.990+0200] {dagbag.py:532} INFO - Filling up the DagBag from /home/humbulani/miniconda3/envs/apache-airflow/lib/python3.8/site-packages/airflow/example_dags/example_branch_python_dop_operator_3.py
[2023-03-28T00:20:36.014+0200] {processor.py:753} INFO - DAG(s) dict_keys(['example_branch_dop_operator_v3']) retrieved from /home/humbulani/miniconda3/envs/apache-airflow/lib/python3.8/site-packages/airflow/example_dags/example_branch_python_dop_operator_3.py
[2023-03-28T00:20:36.032+0200] {logging_mixin.py:137} INFO - [2023-03-28T00:20:36.032+0200] {dag.py:2693} INFO - Sync 1 DAGs
[2023-03-28T00:20:36.057+0200] {logging_mixin.py:137} INFO - [2023-03-28T00:20:36.057+0200] {dag.py:3440} INFO - Setting next_dagrun for example_branch_dop_operator_v3 to 2023-03-27T22:19:00+00:00, run_after=2023-03-27T22:20:00+00:00
[2023-03-28T00:20:36.160+0200] {processor.py:175} INFO - Processing /home/humbulani/miniconda3/envs/apache-airflow/lib/python3.8/site-packages/airflow/example_dags/example_branch_python_dop_operator_3.py took 0.174 seconds
[2023-03-28T00:21:40.212+0200] {processor.py:153} INFO - Started process (PID=23849) to work on /home/humbulani/miniconda3/envs/apache-airflow/lib/python3.8/site-packages/airflow/example_dags/example_branch_python_dop_operator_3.py
[2023-03-28T00:21:40.219+0200] {processor.py:743} INFO - Processing file /home/humbulani/miniconda3/envs/apache-airflow/lib/python3.8/site-packages/airflow/example_dags/example_branch_python_dop_operator_3.py for tasks to queue
[2023-03-28T00:21:40.220+0200] {logging_mixin.py:137} INFO - [2023-03-28T00:21:40.220+0200] {dagbag.py:532} INFO - Filling up the DagBag from /home/humbulani/miniconda3/envs/apache-airflow/lib/python3.8/site-packages/airflow/example_dags/example_branch_python_dop_operator_3.py
[2023-03-28T00:21:40.242+0200] {processor.py:753} INFO - DAG(s) dict_keys(['example_branch_dop_operator_v3']) retrieved from /home/humbulani/miniconda3/envs/apache-airflow/lib/python3.8/site-packages/airflow/example_dags/example_branch_python_dop_operator_3.py
[2023-03-28T00:21:40.260+0200] {logging_mixin.py:137} INFO - [2023-03-28T00:21:40.260+0200] {dag.py:2693} INFO - Sync 1 DAGs
[2023-03-28T00:21:40.282+0200] {logging_mixin.py:137} INFO - [2023-03-28T00:21:40.282+0200] {dag.py:3440} INFO - Setting next_dagrun for example_branch_dop_operator_v3 to 2023-03-27T22:20:00+00:00, run_after=2023-03-27T22:21:00+00:00
[2023-03-28T00:21:40.390+0200] {processor.py:175} INFO - Processing /home/humbulani/miniconda3/envs/apache-airflow/lib/python3.8/site-packages/airflow/example_dags/example_branch_python_dop_operator_3.py took 0.181 seconds
