[2023-03-28T00:04:26.981+0200] {processor.py:153} INFO - Started process (PID=22571) to work on /home/humbulani/miniconda3/envs/apache-airflow/lib/python3.8/site-packages/airflow/example_dags/example_branch_operator_decorator.py
[2023-03-28T00:04:26.982+0200] {processor.py:743} INFO - Processing file /home/humbulani/miniconda3/envs/apache-airflow/lib/python3.8/site-packages/airflow/example_dags/example_branch_operator_decorator.py for tasks to queue
[2023-03-28T00:04:26.983+0200] {logging_mixin.py:137} INFO - [2023-03-28T00:04:26.983+0200] {dagbag.py:532} INFO - Filling up the DagBag from /home/humbulani/miniconda3/envs/apache-airflow/lib/python3.8/site-packages/airflow/example_dags/example_branch_operator_decorator.py
[2023-03-28T00:04:27.015+0200] {processor.py:753} INFO - DAG(s) dict_keys(['example_branch_python_operator_decorator']) retrieved from /home/humbulani/miniconda3/envs/apache-airflow/lib/python3.8/site-packages/airflow/example_dags/example_branch_operator_decorator.py
[2023-03-28T00:04:27.045+0200] {logging_mixin.py:137} INFO - [2023-03-28T00:04:27.045+0200] {dag.py:2693} INFO - Sync 1 DAGs
[2023-03-28T00:04:27.079+0200] {logging_mixin.py:137} INFO - [2023-03-28T00:04:27.079+0200] {dag.py:3440} INFO - Setting next_dagrun for example_branch_python_operator_decorator to 2023-03-26T00:00:00+00:00, run_after=2023-03-27T00:00:00+00:00
[2023-03-28T00:04:27.179+0200] {processor.py:175} INFO - Processing /home/humbulani/miniconda3/envs/apache-airflow/lib/python3.8/site-packages/airflow/example_dags/example_branch_operator_decorator.py took 0.200 seconds
[2023-03-28T00:05:28.086+0200] {processor.py:153} INFO - Started process (PID=22625) to work on /home/humbulani/miniconda3/envs/apache-airflow/lib/python3.8/site-packages/airflow/example_dags/example_branch_operator_decorator.py
[2023-03-28T00:05:28.087+0200] {processor.py:743} INFO - Processing file /home/humbulani/miniconda3/envs/apache-airflow/lib/python3.8/site-packages/airflow/example_dags/example_branch_operator_decorator.py for tasks to queue
[2023-03-28T00:05:28.087+0200] {logging_mixin.py:137} INFO - [2023-03-28T00:05:28.087+0200] {dagbag.py:532} INFO - Filling up the DagBag from /home/humbulani/miniconda3/envs/apache-airflow/lib/python3.8/site-packages/airflow/example_dags/example_branch_operator_decorator.py
[2023-03-28T00:05:28.109+0200] {processor.py:753} INFO - DAG(s) dict_keys(['example_branch_python_operator_decorator']) retrieved from /home/humbulani/miniconda3/envs/apache-airflow/lib/python3.8/site-packages/airflow/example_dags/example_branch_operator_decorator.py
[2023-03-28T00:05:28.128+0200] {logging_mixin.py:137} INFO - [2023-03-28T00:05:28.127+0200] {dag.py:2693} INFO - Sync 1 DAGs
[2023-03-28T00:05:28.146+0200] {logging_mixin.py:137} INFO - [2023-03-28T00:05:28.146+0200] {dag.py:3440} INFO - Setting next_dagrun for example_branch_python_operator_decorator to 2023-03-26T00:00:00+00:00, run_after=2023-03-27T00:00:00+00:00
[2023-03-28T00:05:28.236+0200] {processor.py:175} INFO - Processing /home/humbulani/miniconda3/envs/apache-airflow/lib/python3.8/site-packages/airflow/example_dags/example_branch_operator_decorator.py took 0.152 seconds
[2023-03-28T00:06:14.652+0200] {processor.py:153} INFO - Started process (PID=22745) to work on /home/humbulani/miniconda3/envs/apache-airflow/lib/python3.8/site-packages/airflow/example_dags/example_branch_operator_decorator.py
[2023-03-28T00:06:14.688+0200] {processor.py:743} INFO - Processing file /home/humbulani/miniconda3/envs/apache-airflow/lib/python3.8/site-packages/airflow/example_dags/example_branch_operator_decorator.py for tasks to queue
[2023-03-28T00:06:14.689+0200] {logging_mixin.py:137} INFO - [2023-03-28T00:06:14.689+0200] {dagbag.py:532} INFO - Filling up the DagBag from /home/humbulani/miniconda3/envs/apache-airflow/lib/python3.8/site-packages/airflow/example_dags/example_branch_operator_decorator.py
[2023-03-28T00:06:14.719+0200] {processor.py:753} INFO - DAG(s) dict_keys(['example_branch_python_operator_decorator']) retrieved from /home/humbulani/miniconda3/envs/apache-airflow/lib/python3.8/site-packages/airflow/example_dags/example_branch_operator_decorator.py
[2023-03-28T00:06:14.740+0200] {logging_mixin.py:137} INFO - [2023-03-28T00:06:14.740+0200] {dag.py:2693} INFO - Sync 1 DAGs
[2023-03-28T00:06:14.758+0200] {logging_mixin.py:137} INFO - [2023-03-28T00:06:14.758+0200] {dag.py:3440} INFO - Setting next_dagrun for example_branch_python_operator_decorator to 2023-03-26T00:00:00+00:00, run_after=2023-03-27T00:00:00+00:00
[2023-03-28T00:06:14.849+0200] {processor.py:175} INFO - Processing /home/humbulani/miniconda3/envs/apache-airflow/lib/python3.8/site-packages/airflow/example_dags/example_branch_operator_decorator.py took 0.200 seconds
[2023-03-28T00:06:58.910+0200] {processor.py:153} INFO - Started process (PID=22789) to work on /home/humbulani/miniconda3/envs/apache-airflow/lib/python3.8/site-packages/airflow/example_dags/example_branch_operator_decorator.py
[2023-03-28T00:06:58.915+0200] {processor.py:743} INFO - Processing file /home/humbulani/miniconda3/envs/apache-airflow/lib/python3.8/site-packages/airflow/example_dags/example_branch_operator_decorator.py for tasks to queue
[2023-03-28T00:06:58.916+0200] {logging_mixin.py:137} INFO - [2023-03-28T00:06:58.916+0200] {dagbag.py:532} INFO - Filling up the DagBag from /home/humbulani/miniconda3/envs/apache-airflow/lib/python3.8/site-packages/airflow/example_dags/example_branch_operator_decorator.py
[2023-03-28T00:06:58.946+0200] {processor.py:753} INFO - DAG(s) dict_keys(['example_branch_python_operator_decorator']) retrieved from /home/humbulani/miniconda3/envs/apache-airflow/lib/python3.8/site-packages/airflow/example_dags/example_branch_operator_decorator.py
[2023-03-28T00:06:58.965+0200] {logging_mixin.py:137} INFO - [2023-03-28T00:06:58.965+0200] {dag.py:2693} INFO - Sync 1 DAGs
[2023-03-28T00:06:58.984+0200] {logging_mixin.py:137} INFO - [2023-03-28T00:06:58.984+0200] {dag.py:3440} INFO - Setting next_dagrun for example_branch_python_operator_decorator to 2023-03-26T00:00:00+00:00, run_after=2023-03-27T00:00:00+00:00
[2023-03-28T00:06:59.067+0200] {processor.py:175} INFO - Processing /home/humbulani/miniconda3/envs/apache-airflow/lib/python3.8/site-packages/airflow/example_dags/example_branch_operator_decorator.py took 0.160 seconds
[2023-03-28T00:07:51.812+0200] {processor.py:153} INFO - Started process (PID=22869) to work on /home/humbulani/miniconda3/envs/apache-airflow/lib/python3.8/site-packages/airflow/example_dags/example_branch_operator_decorator.py
[2023-03-28T00:07:51.819+0200] {processor.py:743} INFO - Processing file /home/humbulani/miniconda3/envs/apache-airflow/lib/python3.8/site-packages/airflow/example_dags/example_branch_operator_decorator.py for tasks to queue
[2023-03-28T00:07:51.819+0200] {logging_mixin.py:137} INFO - [2023-03-28T00:07:51.819+0200] {dagbag.py:532} INFO - Filling up the DagBag from /home/humbulani/miniconda3/envs/apache-airflow/lib/python3.8/site-packages/airflow/example_dags/example_branch_operator_decorator.py
[2023-03-28T00:07:51.845+0200] {processor.py:753} INFO - DAG(s) dict_keys(['example_branch_python_operator_decorator']) retrieved from /home/humbulani/miniconda3/envs/apache-airflow/lib/python3.8/site-packages/airflow/example_dags/example_branch_operator_decorator.py
[2023-03-28T00:07:51.863+0200] {logging_mixin.py:137} INFO - [2023-03-28T00:07:51.863+0200] {dag.py:2693} INFO - Sync 1 DAGs
[2023-03-28T00:07:51.881+0200] {logging_mixin.py:137} INFO - [2023-03-28T00:07:51.881+0200] {dag.py:3440} INFO - Setting next_dagrun for example_branch_python_operator_decorator to 2023-03-26T00:00:00+00:00, run_after=2023-03-27T00:00:00+00:00
[2023-03-28T00:07:51.979+0200] {processor.py:175} INFO - Processing /home/humbulani/miniconda3/envs/apache-airflow/lib/python3.8/site-packages/airflow/example_dags/example_branch_operator_decorator.py took 0.169 seconds
[2023-03-28T00:08:45.055+0200] {processor.py:153} INFO - Started process (PID=22939) to work on /home/humbulani/miniconda3/envs/apache-airflow/lib/python3.8/site-packages/airflow/example_dags/example_branch_operator_decorator.py
[2023-03-28T00:08:45.072+0200] {processor.py:743} INFO - Processing file /home/humbulani/miniconda3/envs/apache-airflow/lib/python3.8/site-packages/airflow/example_dags/example_branch_operator_decorator.py for tasks to queue
[2023-03-28T00:08:45.073+0200] {logging_mixin.py:137} INFO - [2023-03-28T00:08:45.073+0200] {dagbag.py:532} INFO - Filling up the DagBag from /home/humbulani/miniconda3/envs/apache-airflow/lib/python3.8/site-packages/airflow/example_dags/example_branch_operator_decorator.py
[2023-03-28T00:08:45.101+0200] {processor.py:753} INFO - DAG(s) dict_keys(['example_branch_python_operator_decorator']) retrieved from /home/humbulani/miniconda3/envs/apache-airflow/lib/python3.8/site-packages/airflow/example_dags/example_branch_operator_decorator.py
[2023-03-28T00:08:45.119+0200] {logging_mixin.py:137} INFO - [2023-03-28T00:08:45.119+0200] {dag.py:2693} INFO - Sync 1 DAGs
[2023-03-28T00:08:45.216+0200] {logging_mixin.py:137} INFO - [2023-03-28T00:08:45.216+0200] {dag.py:3440} INFO - Setting next_dagrun for example_branch_python_operator_decorator to 2023-03-26T00:00:00+00:00, run_after=2023-03-27T00:00:00+00:00
[2023-03-28T00:08:45.306+0200] {processor.py:175} INFO - Processing /home/humbulani/miniconda3/envs/apache-airflow/lib/python3.8/site-packages/airflow/example_dags/example_branch_operator_decorator.py took 0.254 seconds
[2023-03-28T00:09:45.248+0200] {processor.py:153} INFO - Started process (PID=23001) to work on /home/humbulani/miniconda3/envs/apache-airflow/lib/python3.8/site-packages/airflow/example_dags/example_branch_operator_decorator.py
[2023-03-28T00:09:45.261+0200] {processor.py:743} INFO - Processing file /home/humbulani/miniconda3/envs/apache-airflow/lib/python3.8/site-packages/airflow/example_dags/example_branch_operator_decorator.py for tasks to queue
[2023-03-28T00:09:45.262+0200] {logging_mixin.py:137} INFO - [2023-03-28T00:09:45.262+0200] {dagbag.py:532} INFO - Filling up the DagBag from /home/humbulani/miniconda3/envs/apache-airflow/lib/python3.8/site-packages/airflow/example_dags/example_branch_operator_decorator.py
[2023-03-28T00:09:45.284+0200] {processor.py:753} INFO - DAG(s) dict_keys(['example_branch_python_operator_decorator']) retrieved from /home/humbulani/miniconda3/envs/apache-airflow/lib/python3.8/site-packages/airflow/example_dags/example_branch_operator_decorator.py
[2023-03-28T00:09:45.383+0200] {logging_mixin.py:137} INFO - [2023-03-28T00:09:45.383+0200] {dag.py:2693} INFO - Sync 1 DAGs
[2023-03-28T00:09:45.400+0200] {logging_mixin.py:137} INFO - [2023-03-28T00:09:45.400+0200] {dag.py:3440} INFO - Setting next_dagrun for example_branch_python_operator_decorator to 2023-03-26T00:00:00+00:00, run_after=2023-03-27T00:00:00+00:00
[2023-03-28T00:09:45.485+0200] {processor.py:175} INFO - Processing /home/humbulani/miniconda3/envs/apache-airflow/lib/python3.8/site-packages/airflow/example_dags/example_branch_operator_decorator.py took 0.240 seconds
[2023-03-28T00:10:44.929+0200] {processor.py:153} INFO - Started process (PID=23055) to work on /home/humbulani/miniconda3/envs/apache-airflow/lib/python3.8/site-packages/airflow/example_dags/example_branch_operator_decorator.py
[2023-03-28T00:10:44.948+0200] {processor.py:743} INFO - Processing file /home/humbulani/miniconda3/envs/apache-airflow/lib/python3.8/site-packages/airflow/example_dags/example_branch_operator_decorator.py for tasks to queue
[2023-03-28T00:10:44.949+0200] {logging_mixin.py:137} INFO - [2023-03-28T00:10:44.949+0200] {dagbag.py:532} INFO - Filling up the DagBag from /home/humbulani/miniconda3/envs/apache-airflow/lib/python3.8/site-packages/airflow/example_dags/example_branch_operator_decorator.py
[2023-03-28T00:10:44.972+0200] {processor.py:753} INFO - DAG(s) dict_keys(['example_branch_python_operator_decorator']) retrieved from /home/humbulani/miniconda3/envs/apache-airflow/lib/python3.8/site-packages/airflow/example_dags/example_branch_operator_decorator.py
[2023-03-28T00:10:45.067+0200] {logging_mixin.py:137} INFO - [2023-03-28T00:10:45.067+0200] {dag.py:2693} INFO - Sync 1 DAGs
[2023-03-28T00:10:45.084+0200] {logging_mixin.py:137} INFO - [2023-03-28T00:10:45.084+0200] {dag.py:3440} INFO - Setting next_dagrun for example_branch_python_operator_decorator to 2023-03-26T00:00:00+00:00, run_after=2023-03-27T00:00:00+00:00
[2023-03-28T00:10:45.155+0200] {processor.py:175} INFO - Processing /home/humbulani/miniconda3/envs/apache-airflow/lib/python3.8/site-packages/airflow/example_dags/example_branch_operator_decorator.py took 0.229 seconds
[2023-03-28T00:11:51.069+0200] {processor.py:153} INFO - Started process (PID=23110) to work on /home/humbulani/miniconda3/envs/apache-airflow/lib/python3.8/site-packages/airflow/example_dags/example_branch_operator_decorator.py
[2023-03-28T00:11:51.095+0200] {processor.py:743} INFO - Processing file /home/humbulani/miniconda3/envs/apache-airflow/lib/python3.8/site-packages/airflow/example_dags/example_branch_operator_decorator.py for tasks to queue
[2023-03-28T00:11:51.096+0200] {logging_mixin.py:137} INFO - [2023-03-28T00:11:51.096+0200] {dagbag.py:532} INFO - Filling up the DagBag from /home/humbulani/miniconda3/envs/apache-airflow/lib/python3.8/site-packages/airflow/example_dags/example_branch_operator_decorator.py
[2023-03-28T00:11:51.200+0200] {processor.py:753} INFO - DAG(s) dict_keys(['example_branch_python_operator_decorator']) retrieved from /home/humbulani/miniconda3/envs/apache-airflow/lib/python3.8/site-packages/airflow/example_dags/example_branch_operator_decorator.py
[2023-03-28T00:11:51.216+0200] {logging_mixin.py:137} INFO - [2023-03-28T00:11:51.216+0200] {dag.py:2693} INFO - Sync 1 DAGs
[2023-03-28T00:11:51.234+0200] {logging_mixin.py:137} INFO - [2023-03-28T00:11:51.234+0200] {dag.py:3440} INFO - Setting next_dagrun for example_branch_python_operator_decorator to 2023-03-26T00:00:00+00:00, run_after=2023-03-27T00:00:00+00:00
[2023-03-28T00:11:51.319+0200] {processor.py:175} INFO - Processing /home/humbulani/miniconda3/envs/apache-airflow/lib/python3.8/site-packages/airflow/example_dags/example_branch_operator_decorator.py took 0.252 seconds
[2023-03-28T00:12:41.080+0200] {processor.py:153} INFO - Started process (PID=23154) to work on /home/humbulani/miniconda3/envs/apache-airflow/lib/python3.8/site-packages/airflow/example_dags/example_branch_operator_decorator.py
[2023-03-28T00:12:41.090+0200] {processor.py:743} INFO - Processing file /home/humbulani/miniconda3/envs/apache-airflow/lib/python3.8/site-packages/airflow/example_dags/example_branch_operator_decorator.py for tasks to queue
[2023-03-28T00:12:41.090+0200] {logging_mixin.py:137} INFO - [2023-03-28T00:12:41.090+0200] {dagbag.py:532} INFO - Filling up the DagBag from /home/humbulani/miniconda3/envs/apache-airflow/lib/python3.8/site-packages/airflow/example_dags/example_branch_operator_decorator.py
[2023-03-28T00:12:41.115+0200] {processor.py:753} INFO - DAG(s) dict_keys(['example_branch_python_operator_decorator']) retrieved from /home/humbulani/miniconda3/envs/apache-airflow/lib/python3.8/site-packages/airflow/example_dags/example_branch_operator_decorator.py
[2023-03-28T00:12:41.132+0200] {logging_mixin.py:137} INFO - [2023-03-28T00:12:41.132+0200] {dag.py:2693} INFO - Sync 1 DAGs
[2023-03-28T00:12:41.152+0200] {logging_mixin.py:137} INFO - [2023-03-28T00:12:41.151+0200] {dag.py:3440} INFO - Setting next_dagrun for example_branch_python_operator_decorator to 2023-03-26T00:00:00+00:00, run_after=2023-03-27T00:00:00+00:00
[2023-03-28T00:12:41.249+0200] {processor.py:175} INFO - Processing /home/humbulani/miniconda3/envs/apache-airflow/lib/python3.8/site-packages/airflow/example_dags/example_branch_operator_decorator.py took 0.172 seconds
[2023-03-28T00:13:28.764+0200] {processor.py:153} INFO - Started process (PID=23227) to work on /home/humbulani/miniconda3/envs/apache-airflow/lib/python3.8/site-packages/airflow/example_dags/example_branch_operator_decorator.py
[2023-03-28T00:13:28.776+0200] {processor.py:743} INFO - Processing file /home/humbulani/miniconda3/envs/apache-airflow/lib/python3.8/site-packages/airflow/example_dags/example_branch_operator_decorator.py for tasks to queue
[2023-03-28T00:13:28.777+0200] {logging_mixin.py:137} INFO - [2023-03-28T00:13:28.777+0200] {dagbag.py:532} INFO - Filling up the DagBag from /home/humbulani/miniconda3/envs/apache-airflow/lib/python3.8/site-packages/airflow/example_dags/example_branch_operator_decorator.py
[2023-03-28T00:13:28.801+0200] {processor.py:753} INFO - DAG(s) dict_keys(['example_branch_python_operator_decorator']) retrieved from /home/humbulani/miniconda3/envs/apache-airflow/lib/python3.8/site-packages/airflow/example_dags/example_branch_operator_decorator.py
[2023-03-28T00:13:28.822+0200] {logging_mixin.py:137} INFO - [2023-03-28T00:13:28.821+0200] {dag.py:2693} INFO - Sync 1 DAGs
[2023-03-28T00:13:28.840+0200] {logging_mixin.py:137} INFO - [2023-03-28T00:13:28.840+0200] {dag.py:3440} INFO - Setting next_dagrun for example_branch_python_operator_decorator to 2023-03-26T00:00:00+00:00, run_after=2023-03-27T00:00:00+00:00
[2023-03-28T00:13:28.934+0200] {processor.py:175} INFO - Processing /home/humbulani/miniconda3/envs/apache-airflow/lib/python3.8/site-packages/airflow/example_dags/example_branch_operator_decorator.py took 0.173 seconds
[2023-03-28T00:14:24.677+0200] {processor.py:153} INFO - Started process (PID=23289) to work on /home/humbulani/miniconda3/envs/apache-airflow/lib/python3.8/site-packages/airflow/example_dags/example_branch_operator_decorator.py
[2023-03-28T00:14:24.686+0200] {processor.py:743} INFO - Processing file /home/humbulani/miniconda3/envs/apache-airflow/lib/python3.8/site-packages/airflow/example_dags/example_branch_operator_decorator.py for tasks to queue
[2023-03-28T00:14:24.687+0200] {logging_mixin.py:137} INFO - [2023-03-28T00:14:24.687+0200] {dagbag.py:532} INFO - Filling up the DagBag from /home/humbulani/miniconda3/envs/apache-airflow/lib/python3.8/site-packages/airflow/example_dags/example_branch_operator_decorator.py
[2023-03-28T00:14:24.714+0200] {processor.py:753} INFO - DAG(s) dict_keys(['example_branch_python_operator_decorator']) retrieved from /home/humbulani/miniconda3/envs/apache-airflow/lib/python3.8/site-packages/airflow/example_dags/example_branch_operator_decorator.py
[2023-03-28T00:14:24.731+0200] {logging_mixin.py:137} INFO - [2023-03-28T00:14:24.731+0200] {dag.py:2693} INFO - Sync 1 DAGs
[2023-03-28T00:14:24.749+0200] {logging_mixin.py:137} INFO - [2023-03-28T00:14:24.749+0200] {dag.py:3440} INFO - Setting next_dagrun for example_branch_python_operator_decorator to 2023-03-26T00:00:00+00:00, run_after=2023-03-27T00:00:00+00:00
[2023-03-28T00:14:24.845+0200] {processor.py:175} INFO - Processing /home/humbulani/miniconda3/envs/apache-airflow/lib/python3.8/site-packages/airflow/example_dags/example_branch_operator_decorator.py took 0.170 seconds
[2023-03-28T00:15:14.127+0200] {processor.py:153} INFO - Started process (PID=23340) to work on /home/humbulani/miniconda3/envs/apache-airflow/lib/python3.8/site-packages/airflow/example_dags/example_branch_operator_decorator.py
[2023-03-28T00:15:14.128+0200] {processor.py:743} INFO - Processing file /home/humbulani/miniconda3/envs/apache-airflow/lib/python3.8/site-packages/airflow/example_dags/example_branch_operator_decorator.py for tasks to queue
[2023-03-28T00:15:14.128+0200] {logging_mixin.py:137} INFO - [2023-03-28T00:15:14.128+0200] {dagbag.py:532} INFO - Filling up the DagBag from /home/humbulani/miniconda3/envs/apache-airflow/lib/python3.8/site-packages/airflow/example_dags/example_branch_operator_decorator.py
[2023-03-28T00:15:14.150+0200] {processor.py:753} INFO - DAG(s) dict_keys(['example_branch_python_operator_decorator']) retrieved from /home/humbulani/miniconda3/envs/apache-airflow/lib/python3.8/site-packages/airflow/example_dags/example_branch_operator_decorator.py
[2023-03-28T00:15:14.169+0200] {logging_mixin.py:137} INFO - [2023-03-28T00:15:14.169+0200] {dag.py:2693} INFO - Sync 1 DAGs
[2023-03-28T00:15:14.188+0200] {logging_mixin.py:137} INFO - [2023-03-28T00:15:14.188+0200] {dag.py:3440} INFO - Setting next_dagrun for example_branch_python_operator_decorator to 2023-03-26T00:00:00+00:00, run_after=2023-03-27T00:00:00+00:00
[2023-03-28T00:15:14.286+0200] {processor.py:175} INFO - Processing /home/humbulani/miniconda3/envs/apache-airflow/lib/python3.8/site-packages/airflow/example_dags/example_branch_operator_decorator.py took 0.162 seconds
[2023-03-28T00:15:59.889+0200] {processor.py:153} INFO - Started process (PID=23423) to work on /home/humbulani/miniconda3/envs/apache-airflow/lib/python3.8/site-packages/airflow/example_dags/example_branch_operator_decorator.py
[2023-03-28T00:15:59.906+0200] {processor.py:743} INFO - Processing file /home/humbulani/miniconda3/envs/apache-airflow/lib/python3.8/site-packages/airflow/example_dags/example_branch_operator_decorator.py for tasks to queue
[2023-03-28T00:15:59.907+0200] {logging_mixin.py:137} INFO - [2023-03-28T00:15:59.907+0200] {dagbag.py:532} INFO - Filling up the DagBag from /home/humbulani/miniconda3/envs/apache-airflow/lib/python3.8/site-packages/airflow/example_dags/example_branch_operator_decorator.py
[2023-03-28T00:15:59.932+0200] {processor.py:753} INFO - DAG(s) dict_keys(['example_branch_python_operator_decorator']) retrieved from /home/humbulani/miniconda3/envs/apache-airflow/lib/python3.8/site-packages/airflow/example_dags/example_branch_operator_decorator.py
[2023-03-28T00:15:59.951+0200] {logging_mixin.py:137} INFO - [2023-03-28T00:15:59.951+0200] {dag.py:2693} INFO - Sync 1 DAGs
[2023-03-28T00:15:59.973+0200] {logging_mixin.py:137} INFO - [2023-03-28T00:15:59.973+0200] {dag.py:3440} INFO - Setting next_dagrun for example_branch_python_operator_decorator to 2023-03-26T00:00:00+00:00, run_after=2023-03-27T00:00:00+00:00
[2023-03-28T00:16:00.053+0200] {processor.py:175} INFO - Processing /home/humbulani/miniconda3/envs/apache-airflow/lib/python3.8/site-packages/airflow/example_dags/example_branch_operator_decorator.py took 0.166 seconds
[2023-03-28T00:16:51.787+0200] {processor.py:153} INFO - Started process (PID=23520) to work on /home/humbulani/miniconda3/envs/apache-airflow/lib/python3.8/site-packages/airflow/example_dags/example_branch_operator_decorator.py
[2023-03-28T00:16:51.806+0200] {processor.py:743} INFO - Processing file /home/humbulani/miniconda3/envs/apache-airflow/lib/python3.8/site-packages/airflow/example_dags/example_branch_operator_decorator.py for tasks to queue
[2023-03-28T00:16:51.806+0200] {logging_mixin.py:137} INFO - [2023-03-28T00:16:51.806+0200] {dagbag.py:532} INFO - Filling up the DagBag from /home/humbulani/miniconda3/envs/apache-airflow/lib/python3.8/site-packages/airflow/example_dags/example_branch_operator_decorator.py
[2023-03-28T00:16:51.829+0200] {processor.py:753} INFO - DAG(s) dict_keys(['example_branch_python_operator_decorator']) retrieved from /home/humbulani/miniconda3/envs/apache-airflow/lib/python3.8/site-packages/airflow/example_dags/example_branch_operator_decorator.py
[2023-03-28T00:16:51.846+0200] {logging_mixin.py:137} INFO - [2023-03-28T00:16:51.846+0200] {dag.py:2693} INFO - Sync 1 DAGs
[2023-03-28T00:16:51.866+0200] {logging_mixin.py:137} INFO - [2023-03-28T00:16:51.865+0200] {dag.py:3440} INFO - Setting next_dagrun for example_branch_python_operator_decorator to 2023-03-26T00:00:00+00:00, run_after=2023-03-27T00:00:00+00:00
[2023-03-28T00:16:51.943+0200] {processor.py:175} INFO - Processing /home/humbulani/miniconda3/envs/apache-airflow/lib/python3.8/site-packages/airflow/example_dags/example_branch_operator_decorator.py took 0.159 seconds
[2023-03-28T00:17:41.232+0200] {processor.py:153} INFO - Started process (PID=23607) to work on /home/humbulani/miniconda3/envs/apache-airflow/lib/python3.8/site-packages/airflow/example_dags/example_branch_operator_decorator.py
[2023-03-28T00:17:41.246+0200] {processor.py:743} INFO - Processing file /home/humbulani/miniconda3/envs/apache-airflow/lib/python3.8/site-packages/airflow/example_dags/example_branch_operator_decorator.py for tasks to queue
[2023-03-28T00:17:41.247+0200] {logging_mixin.py:137} INFO - [2023-03-28T00:17:41.247+0200] {dagbag.py:532} INFO - Filling up the DagBag from /home/humbulani/miniconda3/envs/apache-airflow/lib/python3.8/site-packages/airflow/example_dags/example_branch_operator_decorator.py
[2023-03-28T00:17:41.276+0200] {processor.py:753} INFO - DAG(s) dict_keys(['example_branch_python_operator_decorator']) retrieved from /home/humbulani/miniconda3/envs/apache-airflow/lib/python3.8/site-packages/airflow/example_dags/example_branch_operator_decorator.py
[2023-03-28T00:17:41.295+0200] {logging_mixin.py:137} INFO - [2023-03-28T00:17:41.295+0200] {dag.py:2693} INFO - Sync 1 DAGs
[2023-03-28T00:17:41.313+0200] {logging_mixin.py:137} INFO - [2023-03-28T00:17:41.313+0200] {dag.py:3440} INFO - Setting next_dagrun for example_branch_python_operator_decorator to 2023-03-26T00:00:00+00:00, run_after=2023-03-27T00:00:00+00:00
[2023-03-28T00:17:41.394+0200] {processor.py:175} INFO - Processing /home/humbulani/miniconda3/envs/apache-airflow/lib/python3.8/site-packages/airflow/example_dags/example_branch_operator_decorator.py took 0.165 seconds
[2023-03-28T00:18:25.045+0200] {processor.py:153} INFO - Started process (PID=23652) to work on /home/humbulani/miniconda3/envs/apache-airflow/lib/python3.8/site-packages/airflow/example_dags/example_branch_operator_decorator.py
[2023-03-28T00:18:25.046+0200] {processor.py:743} INFO - Processing file /home/humbulani/miniconda3/envs/apache-airflow/lib/python3.8/site-packages/airflow/example_dags/example_branch_operator_decorator.py for tasks to queue
[2023-03-28T00:18:25.047+0200] {logging_mixin.py:137} INFO - [2023-03-28T00:18:25.047+0200] {dagbag.py:532} INFO - Filling up the DagBag from /home/humbulani/miniconda3/envs/apache-airflow/lib/python3.8/site-packages/airflow/example_dags/example_branch_operator_decorator.py
[2023-03-28T00:18:25.072+0200] {processor.py:753} INFO - DAG(s) dict_keys(['example_branch_python_operator_decorator']) retrieved from /home/humbulani/miniconda3/envs/apache-airflow/lib/python3.8/site-packages/airflow/example_dags/example_branch_operator_decorator.py
[2023-03-28T00:18:25.091+0200] {logging_mixin.py:137} INFO - [2023-03-28T00:18:25.090+0200] {dag.py:2693} INFO - Sync 1 DAGs
[2023-03-28T00:18:25.109+0200] {logging_mixin.py:137} INFO - [2023-03-28T00:18:25.109+0200] {dag.py:3440} INFO - Setting next_dagrun for example_branch_python_operator_decorator to 2023-03-26T00:00:00+00:00, run_after=2023-03-27T00:00:00+00:00
[2023-03-28T00:18:25.200+0200] {processor.py:175} INFO - Processing /home/humbulani/miniconda3/envs/apache-airflow/lib/python3.8/site-packages/airflow/example_dags/example_branch_operator_decorator.py took 0.157 seconds
[2023-03-28T00:19:12.767+0200] {processor.py:153} INFO - Started process (PID=23697) to work on /home/humbulani/miniconda3/envs/apache-airflow/lib/python3.8/site-packages/airflow/example_dags/example_branch_operator_decorator.py
[2023-03-28T00:19:12.768+0200] {processor.py:743} INFO - Processing file /home/humbulani/miniconda3/envs/apache-airflow/lib/python3.8/site-packages/airflow/example_dags/example_branch_operator_decorator.py for tasks to queue
[2023-03-28T00:19:12.769+0200] {logging_mixin.py:137} INFO - [2023-03-28T00:19:12.768+0200] {dagbag.py:532} INFO - Filling up the DagBag from /home/humbulani/miniconda3/envs/apache-airflow/lib/python3.8/site-packages/airflow/example_dags/example_branch_operator_decorator.py
[2023-03-28T00:19:12.791+0200] {processor.py:753} INFO - DAG(s) dict_keys(['example_branch_python_operator_decorator']) retrieved from /home/humbulani/miniconda3/envs/apache-airflow/lib/python3.8/site-packages/airflow/example_dags/example_branch_operator_decorator.py
[2023-03-28T00:19:12.810+0200] {logging_mixin.py:137} INFO - [2023-03-28T00:19:12.810+0200] {dag.py:2693} INFO - Sync 1 DAGs
[2023-03-28T00:19:12.829+0200] {logging_mixin.py:137} INFO - [2023-03-28T00:19:12.828+0200] {dag.py:3440} INFO - Setting next_dagrun for example_branch_python_operator_decorator to 2023-03-26T00:00:00+00:00, run_after=2023-03-27T00:00:00+00:00
[2023-03-28T00:19:12.940+0200] {processor.py:175} INFO - Processing /home/humbulani/miniconda3/envs/apache-airflow/lib/python3.8/site-packages/airflow/example_dags/example_branch_operator_decorator.py took 0.175 seconds
[2023-03-28T00:19:58.996+0200] {processor.py:153} INFO - Started process (PID=23745) to work on /home/humbulani/miniconda3/envs/apache-airflow/lib/python3.8/site-packages/airflow/example_dags/example_branch_operator_decorator.py
[2023-03-28T00:19:59.055+0200] {processor.py:743} INFO - Processing file /home/humbulani/miniconda3/envs/apache-airflow/lib/python3.8/site-packages/airflow/example_dags/example_branch_operator_decorator.py for tasks to queue
[2023-03-28T00:19:59.055+0200] {logging_mixin.py:137} INFO - [2023-03-28T00:19:59.055+0200] {dagbag.py:532} INFO - Filling up the DagBag from /home/humbulani/miniconda3/envs/apache-airflow/lib/python3.8/site-packages/airflow/example_dags/example_branch_operator_decorator.py
[2023-03-28T00:19:59.081+0200] {processor.py:753} INFO - DAG(s) dict_keys(['example_branch_python_operator_decorator']) retrieved from /home/humbulani/miniconda3/envs/apache-airflow/lib/python3.8/site-packages/airflow/example_dags/example_branch_operator_decorator.py
[2023-03-28T00:19:59.103+0200] {logging_mixin.py:137} INFO - [2023-03-28T00:19:59.103+0200] {dag.py:2693} INFO - Sync 1 DAGs
[2023-03-28T00:19:59.126+0200] {logging_mixin.py:137} INFO - [2023-03-28T00:19:59.126+0200] {dag.py:3440} INFO - Setting next_dagrun for example_branch_python_operator_decorator to 2023-03-26T00:00:00+00:00, run_after=2023-03-27T00:00:00+00:00
[2023-03-28T00:19:59.211+0200] {processor.py:175} INFO - Processing /home/humbulani/miniconda3/envs/apache-airflow/lib/python3.8/site-packages/airflow/example_dags/example_branch_operator_decorator.py took 0.218 seconds
[2023-03-28T00:20:57.928+0200] {processor.py:153} INFO - Started process (PID=23798) to work on /home/humbulani/miniconda3/envs/apache-airflow/lib/python3.8/site-packages/airflow/example_dags/example_branch_operator_decorator.py
[2023-03-28T00:20:57.931+0200] {processor.py:743} INFO - Processing file /home/humbulani/miniconda3/envs/apache-airflow/lib/python3.8/site-packages/airflow/example_dags/example_branch_operator_decorator.py for tasks to queue
[2023-03-28T00:20:57.932+0200] {logging_mixin.py:137} INFO - [2023-03-28T00:20:57.931+0200] {dagbag.py:532} INFO - Filling up the DagBag from /home/humbulani/miniconda3/envs/apache-airflow/lib/python3.8/site-packages/airflow/example_dags/example_branch_operator_decorator.py
[2023-03-28T00:20:57.956+0200] {processor.py:753} INFO - DAG(s) dict_keys(['example_branch_python_operator_decorator']) retrieved from /home/humbulani/miniconda3/envs/apache-airflow/lib/python3.8/site-packages/airflow/example_dags/example_branch_operator_decorator.py
[2023-03-28T00:20:57.974+0200] {logging_mixin.py:137} INFO - [2023-03-28T00:20:57.974+0200] {dag.py:2693} INFO - Sync 1 DAGs
[2023-03-28T00:20:57.995+0200] {logging_mixin.py:137} INFO - [2023-03-28T00:20:57.995+0200] {dag.py:3440} INFO - Setting next_dagrun for example_branch_python_operator_decorator to 2023-03-26T00:00:00+00:00, run_after=2023-03-27T00:00:00+00:00
[2023-03-28T00:20:58.086+0200] {processor.py:175} INFO - Processing /home/humbulani/miniconda3/envs/apache-airflow/lib/python3.8/site-packages/airflow/example_dags/example_branch_operator_decorator.py took 0.160 seconds
[2023-03-28T00:22:00.416+0200] {processor.py:153} INFO - Started process (PID=23868) to work on /home/humbulani/miniconda3/envs/apache-airflow/lib/python3.8/site-packages/airflow/example_dags/example_branch_operator_decorator.py
[2023-03-28T00:22:00.430+0200] {processor.py:743} INFO - Processing file /home/humbulani/miniconda3/envs/apache-airflow/lib/python3.8/site-packages/airflow/example_dags/example_branch_operator_decorator.py for tasks to queue
[2023-03-28T00:22:00.431+0200] {logging_mixin.py:137} INFO - [2023-03-28T00:22:00.431+0200] {dagbag.py:532} INFO - Filling up the DagBag from /home/humbulani/miniconda3/envs/apache-airflow/lib/python3.8/site-packages/airflow/example_dags/example_branch_operator_decorator.py
[2023-03-28T00:22:00.458+0200] {processor.py:753} INFO - DAG(s) dict_keys(['example_branch_python_operator_decorator']) retrieved from /home/humbulani/miniconda3/envs/apache-airflow/lib/python3.8/site-packages/airflow/example_dags/example_branch_operator_decorator.py
[2023-03-28T00:22:00.477+0200] {logging_mixin.py:137} INFO - [2023-03-28T00:22:00.477+0200] {dag.py:2693} INFO - Sync 1 DAGs
[2023-03-28T00:22:00.495+0200] {logging_mixin.py:137} INFO - [2023-03-28T00:22:00.495+0200] {dag.py:3440} INFO - Setting next_dagrun for example_branch_python_operator_decorator to 2023-03-26T00:00:00+00:00, run_after=2023-03-27T00:00:00+00:00
[2023-03-28T00:22:00.577+0200] {processor.py:175} INFO - Processing /home/humbulani/miniconda3/envs/apache-airflow/lib/python3.8/site-packages/airflow/example_dags/example_branch_operator_decorator.py took 0.164 seconds
