[2023-03-28T00:04:29.559+0200] {processor.py:153} INFO - Started process (PID=22573) to work on /home/humbulani/miniconda3/envs/apache-airflow/lib/python3.8/site-packages/airflow/example_dags/example_complex.py
[2023-03-28T00:04:29.560+0200] {processor.py:743} INFO - Processing file /home/humbulani/miniconda3/envs/apache-airflow/lib/python3.8/site-packages/airflow/example_dags/example_complex.py for tasks to queue
[2023-03-28T00:04:29.560+0200] {logging_mixin.py:137} INFO - [2023-03-28T00:04:29.560+0200] {dagbag.py:532} INFO - Filling up the DagBag from /home/humbulani/miniconda3/envs/apache-airflow/lib/python3.8/site-packages/airflow/example_dags/example_complex.py
[2023-03-28T00:04:29.572+0200] {logging_mixin.py:137} INFO - [2023-03-28T00:04:29.571+0200] {taskmixin.py:211} WARNING - Dependency <Task(BashOperator): create_entry_group>, delete_entry_group already registered for DAG: example_complex
[2023-03-28T00:04:29.572+0200] {logging_mixin.py:137} INFO - [2023-03-28T00:04:29.572+0200] {taskmixin.py:211} WARNING - Dependency <Task(BashOperator): delete_entry_group>, create_entry_group already registered for DAG: example_complex
[2023-03-28T00:04:29.572+0200] {logging_mixin.py:137} INFO - [2023-03-28T00:04:29.572+0200] {taskmixin.py:211} WARNING - Dependency <Task(BashOperator): create_entry_gcs>, delete_entry already registered for DAG: example_complex
[2023-03-28T00:04:29.572+0200] {logging_mixin.py:137} INFO - [2023-03-28T00:04:29.572+0200] {taskmixin.py:211} WARNING - Dependency <Task(BashOperator): delete_entry>, create_entry_gcs already registered for DAG: example_complex
[2023-03-28T00:04:29.572+0200] {logging_mixin.py:137} INFO - [2023-03-28T00:04:29.572+0200] {taskmixin.py:211} WARNING - Dependency <Task(BashOperator): create_tag>, delete_tag already registered for DAG: example_complex
[2023-03-28T00:04:29.573+0200] {logging_mixin.py:137} INFO - [2023-03-28T00:04:29.573+0200] {taskmixin.py:211} WARNING - Dependency <Task(BashOperator): delete_tag>, create_tag already registered for DAG: example_complex
[2023-03-28T00:04:29.579+0200] {processor.py:753} INFO - DAG(s) dict_keys(['example_complex']) retrieved from /home/humbulani/miniconda3/envs/apache-airflow/lib/python3.8/site-packages/airflow/example_dags/example_complex.py
[2023-03-28T00:04:29.605+0200] {logging_mixin.py:137} INFO - [2023-03-28T00:04:29.605+0200] {dag.py:2693} INFO - Sync 1 DAGs
[2023-03-28T00:04:29.623+0200] {logging_mixin.py:137} INFO - [2023-03-28T00:04:29.623+0200] {dag.py:3440} INFO - Setting next_dagrun for example_complex to None, run_after=None
[2023-03-28T00:04:29.699+0200] {processor.py:175} INFO - Processing /home/humbulani/miniconda3/envs/apache-airflow/lib/python3.8/site-packages/airflow/example_dags/example_complex.py took 0.143 seconds
[2023-03-28T00:05:29.903+0200] {processor.py:153} INFO - Started process (PID=22627) to work on /home/humbulani/miniconda3/envs/apache-airflow/lib/python3.8/site-packages/airflow/example_dags/example_complex.py
[2023-03-28T00:05:29.936+0200] {processor.py:743} INFO - Processing file /home/humbulani/miniconda3/envs/apache-airflow/lib/python3.8/site-packages/airflow/example_dags/example_complex.py for tasks to queue
[2023-03-28T00:05:29.937+0200] {logging_mixin.py:137} INFO - [2023-03-28T00:05:29.936+0200] {dagbag.py:532} INFO - Filling up the DagBag from /home/humbulani/miniconda3/envs/apache-airflow/lib/python3.8/site-packages/airflow/example_dags/example_complex.py
[2023-03-28T00:05:29.949+0200] {logging_mixin.py:137} INFO - [2023-03-28T00:05:29.949+0200] {taskmixin.py:211} WARNING - Dependency <Task(BashOperator): create_entry_group>, delete_entry_group already registered for DAG: example_complex
[2023-03-28T00:05:29.950+0200] {logging_mixin.py:137} INFO - [2023-03-28T00:05:29.949+0200] {taskmixin.py:211} WARNING - Dependency <Task(BashOperator): delete_entry_group>, create_entry_group already registered for DAG: example_complex
[2023-03-28T00:05:29.950+0200] {logging_mixin.py:137} INFO - [2023-03-28T00:05:29.950+0200] {taskmixin.py:211} WARNING - Dependency <Task(BashOperator): create_entry_gcs>, delete_entry already registered for DAG: example_complex
[2023-03-28T00:05:29.950+0200] {logging_mixin.py:137} INFO - [2023-03-28T00:05:29.950+0200] {taskmixin.py:211} WARNING - Dependency <Task(BashOperator): delete_entry>, create_entry_gcs already registered for DAG: example_complex
[2023-03-28T00:05:29.951+0200] {logging_mixin.py:137} INFO - [2023-03-28T00:05:29.950+0200] {taskmixin.py:211} WARNING - Dependency <Task(BashOperator): create_tag>, delete_tag already registered for DAG: example_complex
[2023-03-28T00:05:29.951+0200] {logging_mixin.py:137} INFO - [2023-03-28T00:05:29.951+0200] {taskmixin.py:211} WARNING - Dependency <Task(BashOperator): delete_tag>, create_tag already registered for DAG: example_complex
[2023-03-28T00:05:29.959+0200] {processor.py:753} INFO - DAG(s) dict_keys(['example_complex']) retrieved from /home/humbulani/miniconda3/envs/apache-airflow/lib/python3.8/site-packages/airflow/example_dags/example_complex.py
[2023-03-28T00:05:29.989+0200] {logging_mixin.py:137} INFO - [2023-03-28T00:05:29.988+0200] {dag.py:2693} INFO - Sync 1 DAGs
[2023-03-28T00:05:30.007+0200] {logging_mixin.py:137} INFO - [2023-03-28T00:05:30.007+0200] {dag.py:3440} INFO - Setting next_dagrun for example_complex to None, run_after=None
[2023-03-28T00:05:30.091+0200] {processor.py:175} INFO - Processing /home/humbulani/miniconda3/envs/apache-airflow/lib/python3.8/site-packages/airflow/example_dags/example_complex.py took 0.191 seconds
[2023-03-28T00:06:16.513+0200] {processor.py:153} INFO - Started process (PID=22747) to work on /home/humbulani/miniconda3/envs/apache-airflow/lib/python3.8/site-packages/airflow/example_dags/example_complex.py
[2023-03-28T00:06:16.522+0200] {processor.py:743} INFO - Processing file /home/humbulani/miniconda3/envs/apache-airflow/lib/python3.8/site-packages/airflow/example_dags/example_complex.py for tasks to queue
[2023-03-28T00:06:16.522+0200] {logging_mixin.py:137} INFO - [2023-03-28T00:06:16.522+0200] {dagbag.py:532} INFO - Filling up the DagBag from /home/humbulani/miniconda3/envs/apache-airflow/lib/python3.8/site-packages/airflow/example_dags/example_complex.py
[2023-03-28T00:06:16.532+0200] {logging_mixin.py:137} INFO - [2023-03-28T00:06:16.531+0200] {taskmixin.py:211} WARNING - Dependency <Task(BashOperator): create_entry_group>, delete_entry_group already registered for DAG: example_complex
[2023-03-28T00:06:16.532+0200] {logging_mixin.py:137} INFO - [2023-03-28T00:06:16.532+0200] {taskmixin.py:211} WARNING - Dependency <Task(BashOperator): delete_entry_group>, create_entry_group already registered for DAG: example_complex
[2023-03-28T00:06:16.532+0200] {logging_mixin.py:137} INFO - [2023-03-28T00:06:16.532+0200] {taskmixin.py:211} WARNING - Dependency <Task(BashOperator): create_entry_gcs>, delete_entry already registered for DAG: example_complex
[2023-03-28T00:06:16.532+0200] {logging_mixin.py:137} INFO - [2023-03-28T00:06:16.532+0200] {taskmixin.py:211} WARNING - Dependency <Task(BashOperator): delete_entry>, create_entry_gcs already registered for DAG: example_complex
[2023-03-28T00:06:16.532+0200] {logging_mixin.py:137} INFO - [2023-03-28T00:06:16.532+0200] {taskmixin.py:211} WARNING - Dependency <Task(BashOperator): create_tag>, delete_tag already registered for DAG: example_complex
[2023-03-28T00:06:16.533+0200] {logging_mixin.py:137} INFO - [2023-03-28T00:06:16.533+0200] {taskmixin.py:211} WARNING - Dependency <Task(BashOperator): delete_tag>, create_tag already registered for DAG: example_complex
[2023-03-28T00:06:16.539+0200] {processor.py:753} INFO - DAG(s) dict_keys(['example_complex']) retrieved from /home/humbulani/miniconda3/envs/apache-airflow/lib/python3.8/site-packages/airflow/example_dags/example_complex.py
[2023-03-28T00:06:16.564+0200] {logging_mixin.py:137} INFO - [2023-03-28T00:06:16.564+0200] {dag.py:2693} INFO - Sync 1 DAGs
[2023-03-28T00:06:16.580+0200] {logging_mixin.py:137} INFO - [2023-03-28T00:06:16.580+0200] {dag.py:3440} INFO - Setting next_dagrun for example_complex to None, run_after=None
[2023-03-28T00:06:16.673+0200] {processor.py:175} INFO - Processing /home/humbulani/miniconda3/envs/apache-airflow/lib/python3.8/site-packages/airflow/example_dags/example_complex.py took 0.162 seconds
[2023-03-28T00:07:01.487+0200] {processor.py:153} INFO - Started process (PID=22791) to work on /home/humbulani/miniconda3/envs/apache-airflow/lib/python3.8/site-packages/airflow/example_dags/example_complex.py
[2023-03-28T00:07:01.488+0200] {processor.py:743} INFO - Processing file /home/humbulani/miniconda3/envs/apache-airflow/lib/python3.8/site-packages/airflow/example_dags/example_complex.py for tasks to queue
[2023-03-28T00:07:01.488+0200] {logging_mixin.py:137} INFO - [2023-03-28T00:07:01.488+0200] {dagbag.py:532} INFO - Filling up the DagBag from /home/humbulani/miniconda3/envs/apache-airflow/lib/python3.8/site-packages/airflow/example_dags/example_complex.py
[2023-03-28T00:07:01.498+0200] {logging_mixin.py:137} INFO - [2023-03-28T00:07:01.498+0200] {taskmixin.py:211} WARNING - Dependency <Task(BashOperator): create_entry_group>, delete_entry_group already registered for DAG: example_complex
[2023-03-28T00:07:01.499+0200] {logging_mixin.py:137} INFO - [2023-03-28T00:07:01.499+0200] {taskmixin.py:211} WARNING - Dependency <Task(BashOperator): delete_entry_group>, create_entry_group already registered for DAG: example_complex
[2023-03-28T00:07:01.499+0200] {logging_mixin.py:137} INFO - [2023-03-28T00:07:01.499+0200] {taskmixin.py:211} WARNING - Dependency <Task(BashOperator): create_entry_gcs>, delete_entry already registered for DAG: example_complex
[2023-03-28T00:07:01.499+0200] {logging_mixin.py:137} INFO - [2023-03-28T00:07:01.499+0200] {taskmixin.py:211} WARNING - Dependency <Task(BashOperator): delete_entry>, create_entry_gcs already registered for DAG: example_complex
[2023-03-28T00:07:01.500+0200] {logging_mixin.py:137} INFO - [2023-03-28T00:07:01.499+0200] {taskmixin.py:211} WARNING - Dependency <Task(BashOperator): create_tag>, delete_tag already registered for DAG: example_complex
[2023-03-28T00:07:01.500+0200] {logging_mixin.py:137} INFO - [2023-03-28T00:07:01.500+0200] {taskmixin.py:211} WARNING - Dependency <Task(BashOperator): delete_tag>, create_tag already registered for DAG: example_complex
[2023-03-28T00:07:01.507+0200] {processor.py:753} INFO - DAG(s) dict_keys(['example_complex']) retrieved from /home/humbulani/miniconda3/envs/apache-airflow/lib/python3.8/site-packages/airflow/example_dags/example_complex.py
[2023-03-28T00:07:01.533+0200] {logging_mixin.py:137} INFO - [2023-03-28T00:07:01.532+0200] {dag.py:2693} INFO - Sync 1 DAGs
[2023-03-28T00:07:01.550+0200] {logging_mixin.py:137} INFO - [2023-03-28T00:07:01.550+0200] {dag.py:3440} INFO - Setting next_dagrun for example_complex to None, run_after=None
[2023-03-28T00:07:01.634+0200] {processor.py:175} INFO - Processing /home/humbulani/miniconda3/envs/apache-airflow/lib/python3.8/site-packages/airflow/example_dags/example_complex.py took 0.149 seconds
[2023-03-28T00:07:54.501+0200] {processor.py:153} INFO - Started process (PID=22879) to work on /home/humbulani/miniconda3/envs/apache-airflow/lib/python3.8/site-packages/airflow/example_dags/example_complex.py
[2023-03-28T00:07:54.519+0200] {processor.py:743} INFO - Processing file /home/humbulani/miniconda3/envs/apache-airflow/lib/python3.8/site-packages/airflow/example_dags/example_complex.py for tasks to queue
[2023-03-28T00:07:54.520+0200] {logging_mixin.py:137} INFO - [2023-03-28T00:07:54.520+0200] {dagbag.py:532} INFO - Filling up the DagBag from /home/humbulani/miniconda3/envs/apache-airflow/lib/python3.8/site-packages/airflow/example_dags/example_complex.py
[2023-03-28T00:07:54.532+0200] {logging_mixin.py:137} INFO - [2023-03-28T00:07:54.532+0200] {taskmixin.py:211} WARNING - Dependency <Task(BashOperator): create_entry_group>, delete_entry_group already registered for DAG: example_complex
[2023-03-28T00:07:54.532+0200] {logging_mixin.py:137} INFO - [2023-03-28T00:07:54.532+0200] {taskmixin.py:211} WARNING - Dependency <Task(BashOperator): delete_entry_group>, create_entry_group already registered for DAG: example_complex
[2023-03-28T00:07:54.532+0200] {logging_mixin.py:137} INFO - [2023-03-28T00:07:54.532+0200] {taskmixin.py:211} WARNING - Dependency <Task(BashOperator): create_entry_gcs>, delete_entry already registered for DAG: example_complex
[2023-03-28T00:07:54.533+0200] {logging_mixin.py:137} INFO - [2023-03-28T00:07:54.533+0200] {taskmixin.py:211} WARNING - Dependency <Task(BashOperator): delete_entry>, create_entry_gcs already registered for DAG: example_complex
[2023-03-28T00:07:54.533+0200] {logging_mixin.py:137} INFO - [2023-03-28T00:07:54.533+0200] {taskmixin.py:211} WARNING - Dependency <Task(BashOperator): create_tag>, delete_tag already registered for DAG: example_complex
[2023-03-28T00:07:54.533+0200] {logging_mixin.py:137} INFO - [2023-03-28T00:07:54.533+0200] {taskmixin.py:211} WARNING - Dependency <Task(BashOperator): delete_tag>, create_tag already registered for DAG: example_complex
[2023-03-28T00:07:54.541+0200] {processor.py:753} INFO - DAG(s) dict_keys(['example_complex']) retrieved from /home/humbulani/miniconda3/envs/apache-airflow/lib/python3.8/site-packages/airflow/example_dags/example_complex.py
[2023-03-28T00:07:54.569+0200] {logging_mixin.py:137} INFO - [2023-03-28T00:07:54.569+0200] {dag.py:2693} INFO - Sync 1 DAGs
[2023-03-28T00:07:54.586+0200] {logging_mixin.py:137} INFO - [2023-03-28T00:07:54.586+0200] {dag.py:3440} INFO - Setting next_dagrun for example_complex to None, run_after=None
[2023-03-28T00:07:54.663+0200] {processor.py:175} INFO - Processing /home/humbulani/miniconda3/envs/apache-airflow/lib/python3.8/site-packages/airflow/example_dags/example_complex.py took 0.166 seconds
[2023-03-28T00:08:47.011+0200] {processor.py:153} INFO - Started process (PID=22941) to work on /home/humbulani/miniconda3/envs/apache-airflow/lib/python3.8/site-packages/airflow/example_dags/example_complex.py
[2023-03-28T00:08:47.021+0200] {processor.py:743} INFO - Processing file /home/humbulani/miniconda3/envs/apache-airflow/lib/python3.8/site-packages/airflow/example_dags/example_complex.py for tasks to queue
[2023-03-28T00:08:47.022+0200] {logging_mixin.py:137} INFO - [2023-03-28T00:08:47.022+0200] {dagbag.py:532} INFO - Filling up the DagBag from /home/humbulani/miniconda3/envs/apache-airflow/lib/python3.8/site-packages/airflow/example_dags/example_complex.py
[2023-03-28T00:08:47.035+0200] {logging_mixin.py:137} INFO - [2023-03-28T00:08:47.034+0200] {taskmixin.py:211} WARNING - Dependency <Task(BashOperator): create_entry_group>, delete_entry_group already registered for DAG: example_complex
[2023-03-28T00:08:47.035+0200] {logging_mixin.py:137} INFO - [2023-03-28T00:08:47.035+0200] {taskmixin.py:211} WARNING - Dependency <Task(BashOperator): delete_entry_group>, create_entry_group already registered for DAG: example_complex
[2023-03-28T00:08:47.035+0200] {logging_mixin.py:137} INFO - [2023-03-28T00:08:47.035+0200] {taskmixin.py:211} WARNING - Dependency <Task(BashOperator): create_entry_gcs>, delete_entry already registered for DAG: example_complex
[2023-03-28T00:08:47.035+0200] {logging_mixin.py:137} INFO - [2023-03-28T00:08:47.035+0200] {taskmixin.py:211} WARNING - Dependency <Task(BashOperator): delete_entry>, create_entry_gcs already registered for DAG: example_complex
[2023-03-28T00:08:47.036+0200] {logging_mixin.py:137} INFO - [2023-03-28T00:08:47.036+0200] {taskmixin.py:211} WARNING - Dependency <Task(BashOperator): create_tag>, delete_tag already registered for DAG: example_complex
[2023-03-28T00:08:47.036+0200] {logging_mixin.py:137} INFO - [2023-03-28T00:08:47.036+0200] {taskmixin.py:211} WARNING - Dependency <Task(BashOperator): delete_tag>, create_tag already registered for DAG: example_complex
[2023-03-28T00:08:47.044+0200] {processor.py:753} INFO - DAG(s) dict_keys(['example_complex']) retrieved from /home/humbulani/miniconda3/envs/apache-airflow/lib/python3.8/site-packages/airflow/example_dags/example_complex.py
[2023-03-28T00:08:47.070+0200] {logging_mixin.py:137} INFO - [2023-03-28T00:08:47.070+0200] {dag.py:2693} INFO - Sync 1 DAGs
[2023-03-28T00:08:47.088+0200] {logging_mixin.py:137} INFO - [2023-03-28T00:08:47.087+0200] {dag.py:3440} INFO - Setting next_dagrun for example_complex to None, run_after=None
[2023-03-28T00:08:47.248+0200] {processor.py:175} INFO - Processing /home/humbulani/miniconda3/envs/apache-airflow/lib/python3.8/site-packages/airflow/example_dags/example_complex.py took 0.240 seconds
[2023-03-28T00:09:47.072+0200] {processor.py:153} INFO - Started process (PID=23003) to work on /home/humbulani/miniconda3/envs/apache-airflow/lib/python3.8/site-packages/airflow/example_dags/example_complex.py
[2023-03-28T00:09:47.073+0200] {processor.py:743} INFO - Processing file /home/humbulani/miniconda3/envs/apache-airflow/lib/python3.8/site-packages/airflow/example_dags/example_complex.py for tasks to queue
[2023-03-28T00:09:47.073+0200] {logging_mixin.py:137} INFO - [2023-03-28T00:09:47.073+0200] {dagbag.py:532} INFO - Filling up the DagBag from /home/humbulani/miniconda3/envs/apache-airflow/lib/python3.8/site-packages/airflow/example_dags/example_complex.py
[2023-03-28T00:09:47.083+0200] {logging_mixin.py:137} INFO - [2023-03-28T00:09:47.083+0200] {taskmixin.py:211} WARNING - Dependency <Task(BashOperator): create_entry_group>, delete_entry_group already registered for DAG: example_complex
[2023-03-28T00:09:47.083+0200] {logging_mixin.py:137} INFO - [2023-03-28T00:09:47.083+0200] {taskmixin.py:211} WARNING - Dependency <Task(BashOperator): delete_entry_group>, create_entry_group already registered for DAG: example_complex
[2023-03-28T00:09:47.083+0200] {logging_mixin.py:137} INFO - [2023-03-28T00:09:47.083+0200] {taskmixin.py:211} WARNING - Dependency <Task(BashOperator): create_entry_gcs>, delete_entry already registered for DAG: example_complex
[2023-03-28T00:09:47.083+0200] {logging_mixin.py:137} INFO - [2023-03-28T00:09:47.083+0200] {taskmixin.py:211} WARNING - Dependency <Task(BashOperator): delete_entry>, create_entry_gcs already registered for DAG: example_complex
[2023-03-28T00:09:47.084+0200] {logging_mixin.py:137} INFO - [2023-03-28T00:09:47.084+0200] {taskmixin.py:211} WARNING - Dependency <Task(BashOperator): create_tag>, delete_tag already registered for DAG: example_complex
[2023-03-28T00:09:47.084+0200] {logging_mixin.py:137} INFO - [2023-03-28T00:09:47.084+0200] {taskmixin.py:211} WARNING - Dependency <Task(BashOperator): delete_tag>, create_tag already registered for DAG: example_complex
[2023-03-28T00:09:47.091+0200] {processor.py:753} INFO - DAG(s) dict_keys(['example_complex']) retrieved from /home/humbulani/miniconda3/envs/apache-airflow/lib/python3.8/site-packages/airflow/example_dags/example_complex.py
[2023-03-28T00:09:47.116+0200] {logging_mixin.py:137} INFO - [2023-03-28T00:09:47.116+0200] {dag.py:2693} INFO - Sync 1 DAGs
[2023-03-28T00:09:47.212+0200] {logging_mixin.py:137} INFO - [2023-03-28T00:09:47.212+0200] {dag.py:3440} INFO - Setting next_dagrun for example_complex to None, run_after=None
[2023-03-28T00:09:47.294+0200] {processor.py:175} INFO - Processing /home/humbulani/miniconda3/envs/apache-airflow/lib/python3.8/site-packages/airflow/example_dags/example_complex.py took 0.224 seconds
[2023-03-28T00:10:47.632+0200] {processor.py:153} INFO - Started process (PID=23057) to work on /home/humbulani/miniconda3/envs/apache-airflow/lib/python3.8/site-packages/airflow/example_dags/example_complex.py
[2023-03-28T00:10:47.640+0200] {processor.py:743} INFO - Processing file /home/humbulani/miniconda3/envs/apache-airflow/lib/python3.8/site-packages/airflow/example_dags/example_complex.py for tasks to queue
[2023-03-28T00:10:47.641+0200] {logging_mixin.py:137} INFO - [2023-03-28T00:10:47.641+0200] {dagbag.py:532} INFO - Filling up the DagBag from /home/humbulani/miniconda3/envs/apache-airflow/lib/python3.8/site-packages/airflow/example_dags/example_complex.py
[2023-03-28T00:10:47.651+0200] {logging_mixin.py:137} INFO - [2023-03-28T00:10:47.651+0200] {taskmixin.py:211} WARNING - Dependency <Task(BashOperator): create_entry_group>, delete_entry_group already registered for DAG: example_complex
[2023-03-28T00:10:47.652+0200] {logging_mixin.py:137} INFO - [2023-03-28T00:10:47.651+0200] {taskmixin.py:211} WARNING - Dependency <Task(BashOperator): delete_entry_group>, create_entry_group already registered for DAG: example_complex
[2023-03-28T00:10:47.652+0200] {logging_mixin.py:137} INFO - [2023-03-28T00:10:47.652+0200] {taskmixin.py:211} WARNING - Dependency <Task(BashOperator): create_entry_gcs>, delete_entry already registered for DAG: example_complex
[2023-03-28T00:10:47.652+0200] {logging_mixin.py:137} INFO - [2023-03-28T00:10:47.652+0200] {taskmixin.py:211} WARNING - Dependency <Task(BashOperator): delete_entry>, create_entry_gcs already registered for DAG: example_complex
[2023-03-28T00:10:47.652+0200] {logging_mixin.py:137} INFO - [2023-03-28T00:10:47.652+0200] {taskmixin.py:211} WARNING - Dependency <Task(BashOperator): create_tag>, delete_tag already registered for DAG: example_complex
[2023-03-28T00:10:47.652+0200] {logging_mixin.py:137} INFO - [2023-03-28T00:10:47.652+0200] {taskmixin.py:211} WARNING - Dependency <Task(BashOperator): delete_tag>, create_tag already registered for DAG: example_complex
[2023-03-28T00:10:47.659+0200] {processor.py:753} INFO - DAG(s) dict_keys(['example_complex']) retrieved from /home/humbulani/miniconda3/envs/apache-airflow/lib/python3.8/site-packages/airflow/example_dags/example_complex.py
[2023-03-28T00:10:47.766+0200] {logging_mixin.py:137} INFO - [2023-03-28T00:10:47.766+0200] {dag.py:2693} INFO - Sync 1 DAGs
[2023-03-28T00:10:47.783+0200] {logging_mixin.py:137} INFO - [2023-03-28T00:10:47.782+0200] {dag.py:3440} INFO - Setting next_dagrun for example_complex to None, run_after=None
[2023-03-28T00:10:47.864+0200] {processor.py:175} INFO - Processing /home/humbulani/miniconda3/envs/apache-airflow/lib/python3.8/site-packages/airflow/example_dags/example_complex.py took 0.235 seconds
[2023-03-28T00:11:53.862+0200] {processor.py:153} INFO - Started process (PID=23112) to work on /home/humbulani/miniconda3/envs/apache-airflow/lib/python3.8/site-packages/airflow/example_dags/example_complex.py
[2023-03-28T00:11:53.879+0200] {processor.py:743} INFO - Processing file /home/humbulani/miniconda3/envs/apache-airflow/lib/python3.8/site-packages/airflow/example_dags/example_complex.py for tasks to queue
[2023-03-28T00:11:53.879+0200] {logging_mixin.py:137} INFO - [2023-03-28T00:11:53.879+0200] {dagbag.py:532} INFO - Filling up the DagBag from /home/humbulani/miniconda3/envs/apache-airflow/lib/python3.8/site-packages/airflow/example_dags/example_complex.py
[2023-03-28T00:11:53.977+0200] {logging_mixin.py:137} INFO - [2023-03-28T00:11:53.977+0200] {taskmixin.py:211} WARNING - Dependency <Task(BashOperator): create_entry_group>, delete_entry_group already registered for DAG: example_complex
[2023-03-28T00:11:53.977+0200] {logging_mixin.py:137} INFO - [2023-03-28T00:11:53.977+0200] {taskmixin.py:211} WARNING - Dependency <Task(BashOperator): delete_entry_group>, create_entry_group already registered for DAG: example_complex
[2023-03-28T00:11:53.977+0200] {logging_mixin.py:137} INFO - [2023-03-28T00:11:53.977+0200] {taskmixin.py:211} WARNING - Dependency <Task(BashOperator): create_entry_gcs>, delete_entry already registered for DAG: example_complex
[2023-03-28T00:11:53.977+0200] {logging_mixin.py:137} INFO - [2023-03-28T00:11:53.977+0200] {taskmixin.py:211} WARNING - Dependency <Task(BashOperator): delete_entry>, create_entry_gcs already registered for DAG: example_complex
[2023-03-28T00:11:53.978+0200] {logging_mixin.py:137} INFO - [2023-03-28T00:11:53.978+0200] {taskmixin.py:211} WARNING - Dependency <Task(BashOperator): create_tag>, delete_tag already registered for DAG: example_complex
[2023-03-28T00:11:53.978+0200] {logging_mixin.py:137} INFO - [2023-03-28T00:11:53.978+0200] {taskmixin.py:211} WARNING - Dependency <Task(BashOperator): delete_tag>, create_tag already registered for DAG: example_complex
[2023-03-28T00:11:53.984+0200] {processor.py:753} INFO - DAG(s) dict_keys(['example_complex']) retrieved from /home/humbulani/miniconda3/envs/apache-airflow/lib/python3.8/site-packages/airflow/example_dags/example_complex.py
[2023-03-28T00:11:54.006+0200] {logging_mixin.py:137} INFO - [2023-03-28T00:11:54.006+0200] {dag.py:2693} INFO - Sync 1 DAGs
[2023-03-28T00:11:54.022+0200] {logging_mixin.py:137} INFO - [2023-03-28T00:11:54.022+0200] {dag.py:3440} INFO - Setting next_dagrun for example_complex to None, run_after=None
[2023-03-28T00:11:54.102+0200] {processor.py:175} INFO - Processing /home/humbulani/miniconda3/envs/apache-airflow/lib/python3.8/site-packages/airflow/example_dags/example_complex.py took 0.243 seconds
[2023-03-28T00:12:56.804+0200] {processor.py:153} INFO - Started process (PID=23193) to work on /home/humbulani/miniconda3/envs/apache-airflow/lib/python3.8/site-packages/airflow/example_dags/example_complex.py
[2023-03-28T00:12:56.805+0200] {processor.py:743} INFO - Processing file /home/humbulani/miniconda3/envs/apache-airflow/lib/python3.8/site-packages/airflow/example_dags/example_complex.py for tasks to queue
[2023-03-28T00:12:56.806+0200] {logging_mixin.py:137} INFO - [2023-03-28T00:12:56.806+0200] {dagbag.py:532} INFO - Filling up the DagBag from /home/humbulani/miniconda3/envs/apache-airflow/lib/python3.8/site-packages/airflow/example_dags/example_complex.py
[2023-03-28T00:12:56.818+0200] {logging_mixin.py:137} INFO - [2023-03-28T00:12:56.818+0200] {taskmixin.py:211} WARNING - Dependency <Task(BashOperator): create_entry_group>, delete_entry_group already registered for DAG: example_complex
[2023-03-28T00:12:56.819+0200] {logging_mixin.py:137} INFO - [2023-03-28T00:12:56.818+0200] {taskmixin.py:211} WARNING - Dependency <Task(BashOperator): delete_entry_group>, create_entry_group already registered for DAG: example_complex
[2023-03-28T00:12:56.819+0200] {logging_mixin.py:137} INFO - [2023-03-28T00:12:56.819+0200] {taskmixin.py:211} WARNING - Dependency <Task(BashOperator): create_entry_gcs>, delete_entry already registered for DAG: example_complex
[2023-03-28T00:12:56.819+0200] {logging_mixin.py:137} INFO - [2023-03-28T00:12:56.819+0200] {taskmixin.py:211} WARNING - Dependency <Task(BashOperator): delete_entry>, create_entry_gcs already registered for DAG: example_complex
[2023-03-28T00:12:56.819+0200] {logging_mixin.py:137} INFO - [2023-03-28T00:12:56.819+0200] {taskmixin.py:211} WARNING - Dependency <Task(BashOperator): create_tag>, delete_tag already registered for DAG: example_complex
[2023-03-28T00:12:56.820+0200] {logging_mixin.py:137} INFO - [2023-03-28T00:12:56.819+0200] {taskmixin.py:211} WARNING - Dependency <Task(BashOperator): delete_tag>, create_tag already registered for DAG: example_complex
[2023-03-28T00:12:56.827+0200] {processor.py:753} INFO - DAG(s) dict_keys(['example_complex']) retrieved from /home/humbulani/miniconda3/envs/apache-airflow/lib/python3.8/site-packages/airflow/example_dags/example_complex.py
[2023-03-28T00:12:56.851+0200] {logging_mixin.py:137} INFO - [2023-03-28T00:12:56.851+0200] {dag.py:2693} INFO - Sync 1 DAGs
[2023-03-28T00:12:56.869+0200] {logging_mixin.py:137} INFO - [2023-03-28T00:12:56.869+0200] {dag.py:3440} INFO - Setting next_dagrun for example_complex to None, run_after=None
[2023-03-28T00:12:56.966+0200] {processor.py:175} INFO - Processing /home/humbulani/miniconda3/envs/apache-airflow/lib/python3.8/site-packages/airflow/example_dags/example_complex.py took 0.165 seconds
[2023-03-28T00:13:42.078+0200] {processor.py:153} INFO - Started process (PID=23246) to work on /home/humbulani/miniconda3/envs/apache-airflow/lib/python3.8/site-packages/airflow/example_dags/example_complex.py
[2023-03-28T00:13:42.079+0200] {processor.py:743} INFO - Processing file /home/humbulani/miniconda3/envs/apache-airflow/lib/python3.8/site-packages/airflow/example_dags/example_complex.py for tasks to queue
[2023-03-28T00:13:42.079+0200] {logging_mixin.py:137} INFO - [2023-03-28T00:13:42.079+0200] {dagbag.py:532} INFO - Filling up the DagBag from /home/humbulani/miniconda3/envs/apache-airflow/lib/python3.8/site-packages/airflow/example_dags/example_complex.py
[2023-03-28T00:13:42.089+0200] {logging_mixin.py:137} INFO - [2023-03-28T00:13:42.088+0200] {taskmixin.py:211} WARNING - Dependency <Task(BashOperator): create_entry_group>, delete_entry_group already registered for DAG: example_complex
[2023-03-28T00:13:42.089+0200] {logging_mixin.py:137} INFO - [2023-03-28T00:13:42.089+0200] {taskmixin.py:211} WARNING - Dependency <Task(BashOperator): delete_entry_group>, create_entry_group already registered for DAG: example_complex
[2023-03-28T00:13:42.089+0200] {logging_mixin.py:137} INFO - [2023-03-28T00:13:42.089+0200] {taskmixin.py:211} WARNING - Dependency <Task(BashOperator): create_entry_gcs>, delete_entry already registered for DAG: example_complex
[2023-03-28T00:13:42.089+0200] {logging_mixin.py:137} INFO - [2023-03-28T00:13:42.089+0200] {taskmixin.py:211} WARNING - Dependency <Task(BashOperator): delete_entry>, create_entry_gcs already registered for DAG: example_complex
[2023-03-28T00:13:42.089+0200] {logging_mixin.py:137} INFO - [2023-03-28T00:13:42.089+0200] {taskmixin.py:211} WARNING - Dependency <Task(BashOperator): create_tag>, delete_tag already registered for DAG: example_complex
[2023-03-28T00:13:42.090+0200] {logging_mixin.py:137} INFO - [2023-03-28T00:13:42.090+0200] {taskmixin.py:211} WARNING - Dependency <Task(BashOperator): delete_tag>, create_tag already registered for DAG: example_complex
[2023-03-28T00:13:42.096+0200] {processor.py:753} INFO - DAG(s) dict_keys(['example_complex']) retrieved from /home/humbulani/miniconda3/envs/apache-airflow/lib/python3.8/site-packages/airflow/example_dags/example_complex.py
[2023-03-28T00:13:42.120+0200] {logging_mixin.py:137} INFO - [2023-03-28T00:13:42.120+0200] {dag.py:2693} INFO - Sync 1 DAGs
[2023-03-28T00:13:42.138+0200] {logging_mixin.py:137} INFO - [2023-03-28T00:13:42.137+0200] {dag.py:3440} INFO - Setting next_dagrun for example_complex to None, run_after=None
[2023-03-28T00:13:42.225+0200] {processor.py:175} INFO - Processing /home/humbulani/miniconda3/envs/apache-airflow/lib/python3.8/site-packages/airflow/example_dags/example_complex.py took 0.149 seconds
[2023-03-28T00:14:41.009+0200] {processor.py:153} INFO - Started process (PID=23306) to work on /home/humbulani/miniconda3/envs/apache-airflow/lib/python3.8/site-packages/airflow/example_dags/example_complex.py
[2023-03-28T00:14:41.023+0200] {processor.py:743} INFO - Processing file /home/humbulani/miniconda3/envs/apache-airflow/lib/python3.8/site-packages/airflow/example_dags/example_complex.py for tasks to queue
[2023-03-28T00:14:41.023+0200] {logging_mixin.py:137} INFO - [2023-03-28T00:14:41.023+0200] {dagbag.py:532} INFO - Filling up the DagBag from /home/humbulani/miniconda3/envs/apache-airflow/lib/python3.8/site-packages/airflow/example_dags/example_complex.py
[2023-03-28T00:14:41.033+0200] {logging_mixin.py:137} INFO - [2023-03-28T00:14:41.033+0200] {taskmixin.py:211} WARNING - Dependency <Task(BashOperator): create_entry_group>, delete_entry_group already registered for DAG: example_complex
[2023-03-28T00:14:41.033+0200] {logging_mixin.py:137} INFO - [2023-03-28T00:14:41.033+0200] {taskmixin.py:211} WARNING - Dependency <Task(BashOperator): delete_entry_group>, create_entry_group already registered for DAG: example_complex
[2023-03-28T00:14:41.034+0200] {logging_mixin.py:137} INFO - [2023-03-28T00:14:41.033+0200] {taskmixin.py:211} WARNING - Dependency <Task(BashOperator): create_entry_gcs>, delete_entry already registered for DAG: example_complex
[2023-03-28T00:14:41.034+0200] {logging_mixin.py:137} INFO - [2023-03-28T00:14:41.034+0200] {taskmixin.py:211} WARNING - Dependency <Task(BashOperator): delete_entry>, create_entry_gcs already registered for DAG: example_complex
[2023-03-28T00:14:41.034+0200] {logging_mixin.py:137} INFO - [2023-03-28T00:14:41.034+0200] {taskmixin.py:211} WARNING - Dependency <Task(BashOperator): create_tag>, delete_tag already registered for DAG: example_complex
[2023-03-28T00:14:41.034+0200] {logging_mixin.py:137} INFO - [2023-03-28T00:14:41.034+0200] {taskmixin.py:211} WARNING - Dependency <Task(BashOperator): delete_tag>, create_tag already registered for DAG: example_complex
[2023-03-28T00:14:41.040+0200] {processor.py:753} INFO - DAG(s) dict_keys(['example_complex']) retrieved from /home/humbulani/miniconda3/envs/apache-airflow/lib/python3.8/site-packages/airflow/example_dags/example_complex.py
[2023-03-28T00:14:41.065+0200] {logging_mixin.py:137} INFO - [2023-03-28T00:14:41.065+0200] {dag.py:2693} INFO - Sync 1 DAGs
[2023-03-28T00:14:41.082+0200] {logging_mixin.py:137} INFO - [2023-03-28T00:14:41.082+0200] {dag.py:3440} INFO - Setting next_dagrun for example_complex to None, run_after=None
[2023-03-28T00:14:41.172+0200] {processor.py:175} INFO - Processing /home/humbulani/miniconda3/envs/apache-airflow/lib/python3.8/site-packages/airflow/example_dags/example_complex.py took 0.166 seconds
[2023-03-28T00:15:30.841+0200] {processor.py:153} INFO - Started process (PID=23380) to work on /home/humbulani/miniconda3/envs/apache-airflow/lib/python3.8/site-packages/airflow/example_dags/example_complex.py
[2023-03-28T00:15:30.851+0200] {processor.py:743} INFO - Processing file /home/humbulani/miniconda3/envs/apache-airflow/lib/python3.8/site-packages/airflow/example_dags/example_complex.py for tasks to queue
[2023-03-28T00:15:30.851+0200] {logging_mixin.py:137} INFO - [2023-03-28T00:15:30.851+0200] {dagbag.py:532} INFO - Filling up the DagBag from /home/humbulani/miniconda3/envs/apache-airflow/lib/python3.8/site-packages/airflow/example_dags/example_complex.py
[2023-03-28T00:15:30.863+0200] {logging_mixin.py:137} INFO - [2023-03-28T00:15:30.863+0200] {taskmixin.py:211} WARNING - Dependency <Task(BashOperator): create_entry_group>, delete_entry_group already registered for DAG: example_complex
[2023-03-28T00:15:30.863+0200] {logging_mixin.py:137} INFO - [2023-03-28T00:15:30.863+0200] {taskmixin.py:211} WARNING - Dependency <Task(BashOperator): delete_entry_group>, create_entry_group already registered for DAG: example_complex
[2023-03-28T00:15:30.863+0200] {logging_mixin.py:137} INFO - [2023-03-28T00:15:30.863+0200] {taskmixin.py:211} WARNING - Dependency <Task(BashOperator): create_entry_gcs>, delete_entry already registered for DAG: example_complex
[2023-03-28T00:15:30.863+0200] {logging_mixin.py:137} INFO - [2023-03-28T00:15:30.863+0200] {taskmixin.py:211} WARNING - Dependency <Task(BashOperator): delete_entry>, create_entry_gcs already registered for DAG: example_complex
[2023-03-28T00:15:30.864+0200] {logging_mixin.py:137} INFO - [2023-03-28T00:15:30.864+0200] {taskmixin.py:211} WARNING - Dependency <Task(BashOperator): create_tag>, delete_tag already registered for DAG: example_complex
[2023-03-28T00:15:30.864+0200] {logging_mixin.py:137} INFO - [2023-03-28T00:15:30.864+0200] {taskmixin.py:211} WARNING - Dependency <Task(BashOperator): delete_tag>, create_tag already registered for DAG: example_complex
[2023-03-28T00:15:30.871+0200] {processor.py:753} INFO - DAG(s) dict_keys(['example_complex']) retrieved from /home/humbulani/miniconda3/envs/apache-airflow/lib/python3.8/site-packages/airflow/example_dags/example_complex.py
[2023-03-28T00:15:30.898+0200] {logging_mixin.py:137} INFO - [2023-03-28T00:15:30.898+0200] {dag.py:2693} INFO - Sync 1 DAGs
[2023-03-28T00:15:30.917+0200] {logging_mixin.py:137} INFO - [2023-03-28T00:15:30.917+0200] {dag.py:3440} INFO - Setting next_dagrun for example_complex to None, run_after=None
[2023-03-28T00:15:31.007+0200] {processor.py:175} INFO - Processing /home/humbulani/miniconda3/envs/apache-airflow/lib/python3.8/site-packages/airflow/example_dags/example_complex.py took 0.168 seconds
[2023-03-28T00:16:15.886+0200] {processor.py:153} INFO - Started process (PID=23445) to work on /home/humbulani/miniconda3/envs/apache-airflow/lib/python3.8/site-packages/airflow/example_dags/example_complex.py
[2023-03-28T00:16:15.900+0200] {processor.py:743} INFO - Processing file /home/humbulani/miniconda3/envs/apache-airflow/lib/python3.8/site-packages/airflow/example_dags/example_complex.py for tasks to queue
[2023-03-28T00:16:15.900+0200] {logging_mixin.py:137} INFO - [2023-03-28T00:16:15.900+0200] {dagbag.py:532} INFO - Filling up the DagBag from /home/humbulani/miniconda3/envs/apache-airflow/lib/python3.8/site-packages/airflow/example_dags/example_complex.py
[2023-03-28T00:16:15.910+0200] {logging_mixin.py:137} INFO - [2023-03-28T00:16:15.910+0200] {taskmixin.py:211} WARNING - Dependency <Task(BashOperator): create_entry_group>, delete_entry_group already registered for DAG: example_complex
[2023-03-28T00:16:15.910+0200] {logging_mixin.py:137} INFO - [2023-03-28T00:16:15.910+0200] {taskmixin.py:211} WARNING - Dependency <Task(BashOperator): delete_entry_group>, create_entry_group already registered for DAG: example_complex
[2023-03-28T00:16:15.910+0200] {logging_mixin.py:137} INFO - [2023-03-28T00:16:15.910+0200] {taskmixin.py:211} WARNING - Dependency <Task(BashOperator): create_entry_gcs>, delete_entry already registered for DAG: example_complex
[2023-03-28T00:16:15.911+0200] {logging_mixin.py:137} INFO - [2023-03-28T00:16:15.910+0200] {taskmixin.py:211} WARNING - Dependency <Task(BashOperator): delete_entry>, create_entry_gcs already registered for DAG: example_complex
[2023-03-28T00:16:15.911+0200] {logging_mixin.py:137} INFO - [2023-03-28T00:16:15.911+0200] {taskmixin.py:211} WARNING - Dependency <Task(BashOperator): create_tag>, delete_tag already registered for DAG: example_complex
[2023-03-28T00:16:15.911+0200] {logging_mixin.py:137} INFO - [2023-03-28T00:16:15.911+0200] {taskmixin.py:211} WARNING - Dependency <Task(BashOperator): delete_tag>, create_tag already registered for DAG: example_complex
[2023-03-28T00:16:15.918+0200] {processor.py:753} INFO - DAG(s) dict_keys(['example_complex']) retrieved from /home/humbulani/miniconda3/envs/apache-airflow/lib/python3.8/site-packages/airflow/example_dags/example_complex.py
[2023-03-28T00:16:15.945+0200] {logging_mixin.py:137} INFO - [2023-03-28T00:16:15.945+0200] {dag.py:2693} INFO - Sync 1 DAGs
[2023-03-28T00:16:15.963+0200] {logging_mixin.py:137} INFO - [2023-03-28T00:16:15.963+0200] {dag.py:3440} INFO - Setting next_dagrun for example_complex to None, run_after=None
[2023-03-28T00:16:16.056+0200] {processor.py:175} INFO - Processing /home/humbulani/miniconda3/envs/apache-airflow/lib/python3.8/site-packages/airflow/example_dags/example_complex.py took 0.173 seconds
[2023-03-28T00:17:10.708+0200] {processor.py:153} INFO - Started process (PID=23579) to work on /home/humbulani/miniconda3/envs/apache-airflow/lib/python3.8/site-packages/airflow/example_dags/example_complex.py
[2023-03-28T00:17:10.719+0200] {processor.py:743} INFO - Processing file /home/humbulani/miniconda3/envs/apache-airflow/lib/python3.8/site-packages/airflow/example_dags/example_complex.py for tasks to queue
[2023-03-28T00:17:10.720+0200] {logging_mixin.py:137} INFO - [2023-03-28T00:17:10.720+0200] {dagbag.py:532} INFO - Filling up the DagBag from /home/humbulani/miniconda3/envs/apache-airflow/lib/python3.8/site-packages/airflow/example_dags/example_complex.py
[2023-03-28T00:17:10.730+0200] {logging_mixin.py:137} INFO - [2023-03-28T00:17:10.730+0200] {taskmixin.py:211} WARNING - Dependency <Task(BashOperator): create_entry_group>, delete_entry_group already registered for DAG: example_complex
[2023-03-28T00:17:10.730+0200] {logging_mixin.py:137} INFO - [2023-03-28T00:17:10.730+0200] {taskmixin.py:211} WARNING - Dependency <Task(BashOperator): delete_entry_group>, create_entry_group already registered for DAG: example_complex
[2023-03-28T00:17:10.730+0200] {logging_mixin.py:137} INFO - [2023-03-28T00:17:10.730+0200] {taskmixin.py:211} WARNING - Dependency <Task(BashOperator): create_entry_gcs>, delete_entry already registered for DAG: example_complex
[2023-03-28T00:17:10.730+0200] {logging_mixin.py:137} INFO - [2023-03-28T00:17:10.730+0200] {taskmixin.py:211} WARNING - Dependency <Task(BashOperator): delete_entry>, create_entry_gcs already registered for DAG: example_complex
[2023-03-28T00:17:10.731+0200] {logging_mixin.py:137} INFO - [2023-03-28T00:17:10.731+0200] {taskmixin.py:211} WARNING - Dependency <Task(BashOperator): create_tag>, delete_tag already registered for DAG: example_complex
[2023-03-28T00:17:10.731+0200] {logging_mixin.py:137} INFO - [2023-03-28T00:17:10.731+0200] {taskmixin.py:211} WARNING - Dependency <Task(BashOperator): delete_tag>, create_tag already registered for DAG: example_complex
[2023-03-28T00:17:10.737+0200] {processor.py:753} INFO - DAG(s) dict_keys(['example_complex']) retrieved from /home/humbulani/miniconda3/envs/apache-airflow/lib/python3.8/site-packages/airflow/example_dags/example_complex.py
[2023-03-28T00:17:10.761+0200] {logging_mixin.py:137} INFO - [2023-03-28T00:17:10.761+0200] {dag.py:2693} INFO - Sync 1 DAGs
[2023-03-28T00:17:10.779+0200] {logging_mixin.py:137} INFO - [2023-03-28T00:17:10.779+0200] {dag.py:3440} INFO - Setting next_dagrun for example_complex to None, run_after=None
[2023-03-28T00:17:10.865+0200] {processor.py:175} INFO - Processing /home/humbulani/miniconda3/envs/apache-airflow/lib/python3.8/site-packages/airflow/example_dags/example_complex.py took 0.159 seconds
[2023-03-28T00:17:55.760+0200] {processor.py:153} INFO - Started process (PID=23624) to work on /home/humbulani/miniconda3/envs/apache-airflow/lib/python3.8/site-packages/airflow/example_dags/example_complex.py
[2023-03-28T00:17:55.761+0200] {processor.py:743} INFO - Processing file /home/humbulani/miniconda3/envs/apache-airflow/lib/python3.8/site-packages/airflow/example_dags/example_complex.py for tasks to queue
[2023-03-28T00:17:55.762+0200] {logging_mixin.py:137} INFO - [2023-03-28T00:17:55.761+0200] {dagbag.py:532} INFO - Filling up the DagBag from /home/humbulani/miniconda3/envs/apache-airflow/lib/python3.8/site-packages/airflow/example_dags/example_complex.py
[2023-03-28T00:17:55.773+0200] {logging_mixin.py:137} INFO - [2023-03-28T00:17:55.773+0200] {taskmixin.py:211} WARNING - Dependency <Task(BashOperator): create_entry_group>, delete_entry_group already registered for DAG: example_complex
[2023-03-28T00:17:55.773+0200] {logging_mixin.py:137} INFO - [2023-03-28T00:17:55.773+0200] {taskmixin.py:211} WARNING - Dependency <Task(BashOperator): delete_entry_group>, create_entry_group already registered for DAG: example_complex
[2023-03-28T00:17:55.773+0200] {logging_mixin.py:137} INFO - [2023-03-28T00:17:55.773+0200] {taskmixin.py:211} WARNING - Dependency <Task(BashOperator): create_entry_gcs>, delete_entry already registered for DAG: example_complex
[2023-03-28T00:17:55.773+0200] {logging_mixin.py:137} INFO - [2023-03-28T00:17:55.773+0200] {taskmixin.py:211} WARNING - Dependency <Task(BashOperator): delete_entry>, create_entry_gcs already registered for DAG: example_complex
[2023-03-28T00:17:55.774+0200] {logging_mixin.py:137} INFO - [2023-03-28T00:17:55.774+0200] {taskmixin.py:211} WARNING - Dependency <Task(BashOperator): create_tag>, delete_tag already registered for DAG: example_complex
[2023-03-28T00:17:55.774+0200] {logging_mixin.py:137} INFO - [2023-03-28T00:17:55.774+0200] {taskmixin.py:211} WARNING - Dependency <Task(BashOperator): delete_tag>, create_tag already registered for DAG: example_complex
[2023-03-28T00:17:55.781+0200] {processor.py:753} INFO - DAG(s) dict_keys(['example_complex']) retrieved from /home/humbulani/miniconda3/envs/apache-airflow/lib/python3.8/site-packages/airflow/example_dags/example_complex.py
[2023-03-28T00:17:55.809+0200] {logging_mixin.py:137} INFO - [2023-03-28T00:17:55.809+0200] {dag.py:2693} INFO - Sync 1 DAGs
[2023-03-28T00:17:55.828+0200] {logging_mixin.py:137} INFO - [2023-03-28T00:17:55.828+0200] {dag.py:3440} INFO - Setting next_dagrun for example_complex to None, run_after=None
[2023-03-28T00:17:55.922+0200] {processor.py:175} INFO - Processing /home/humbulani/miniconda3/envs/apache-airflow/lib/python3.8/site-packages/airflow/example_dags/example_complex.py took 0.164 seconds
[2023-03-28T00:18:40.980+0200] {processor.py:153} INFO - Started process (PID=23667) to work on /home/humbulani/miniconda3/envs/apache-airflow/lib/python3.8/site-packages/airflow/example_dags/example_complex.py
[2023-03-28T00:18:40.981+0200] {processor.py:743} INFO - Processing file /home/humbulani/miniconda3/envs/apache-airflow/lib/python3.8/site-packages/airflow/example_dags/example_complex.py for tasks to queue
[2023-03-28T00:18:40.982+0200] {logging_mixin.py:137} INFO - [2023-03-28T00:18:40.982+0200] {dagbag.py:532} INFO - Filling up the DagBag from /home/humbulani/miniconda3/envs/apache-airflow/lib/python3.8/site-packages/airflow/example_dags/example_complex.py
[2023-03-28T00:18:40.991+0200] {logging_mixin.py:137} INFO - [2023-03-28T00:18:40.991+0200] {taskmixin.py:211} WARNING - Dependency <Task(BashOperator): create_entry_group>, delete_entry_group already registered for DAG: example_complex
[2023-03-28T00:18:40.991+0200] {logging_mixin.py:137} INFO - [2023-03-28T00:18:40.991+0200] {taskmixin.py:211} WARNING - Dependency <Task(BashOperator): delete_entry_group>, create_entry_group already registered for DAG: example_complex
[2023-03-28T00:18:40.992+0200] {logging_mixin.py:137} INFO - [2023-03-28T00:18:40.992+0200] {taskmixin.py:211} WARNING - Dependency <Task(BashOperator): create_entry_gcs>, delete_entry already registered for DAG: example_complex
[2023-03-28T00:18:40.992+0200] {logging_mixin.py:137} INFO - [2023-03-28T00:18:40.992+0200] {taskmixin.py:211} WARNING - Dependency <Task(BashOperator): delete_entry>, create_entry_gcs already registered for DAG: example_complex
[2023-03-28T00:18:40.992+0200] {logging_mixin.py:137} INFO - [2023-03-28T00:18:40.992+0200] {taskmixin.py:211} WARNING - Dependency <Task(BashOperator): create_tag>, delete_tag already registered for DAG: example_complex
[2023-03-28T00:18:40.992+0200] {logging_mixin.py:137} INFO - [2023-03-28T00:18:40.992+0200] {taskmixin.py:211} WARNING - Dependency <Task(BashOperator): delete_tag>, create_tag already registered for DAG: example_complex
[2023-03-28T00:18:40.998+0200] {processor.py:753} INFO - DAG(s) dict_keys(['example_complex']) retrieved from /home/humbulani/miniconda3/envs/apache-airflow/lib/python3.8/site-packages/airflow/example_dags/example_complex.py
[2023-03-28T00:18:41.024+0200] {logging_mixin.py:137} INFO - [2023-03-28T00:18:41.023+0200] {dag.py:2693} INFO - Sync 1 DAGs
[2023-03-28T00:18:41.040+0200] {logging_mixin.py:137} INFO - [2023-03-28T00:18:41.040+0200] {dag.py:3440} INFO - Setting next_dagrun for example_complex to None, run_after=None
[2023-03-28T00:18:41.134+0200] {processor.py:175} INFO - Processing /home/humbulani/miniconda3/envs/apache-airflow/lib/python3.8/site-packages/airflow/example_dags/example_complex.py took 0.156 seconds
[2023-03-28T00:19:28.270+0200] {processor.py:153} INFO - Started process (PID=23712) to work on /home/humbulani/miniconda3/envs/apache-airflow/lib/python3.8/site-packages/airflow/example_dags/example_complex.py
[2023-03-28T00:19:28.271+0200] {processor.py:743} INFO - Processing file /home/humbulani/miniconda3/envs/apache-airflow/lib/python3.8/site-packages/airflow/example_dags/example_complex.py for tasks to queue
[2023-03-28T00:19:28.272+0200] {logging_mixin.py:137} INFO - [2023-03-28T00:19:28.271+0200] {dagbag.py:532} INFO - Filling up the DagBag from /home/humbulani/miniconda3/envs/apache-airflow/lib/python3.8/site-packages/airflow/example_dags/example_complex.py
[2023-03-28T00:19:28.282+0200] {logging_mixin.py:137} INFO - [2023-03-28T00:19:28.281+0200] {taskmixin.py:211} WARNING - Dependency <Task(BashOperator): create_entry_group>, delete_entry_group already registered for DAG: example_complex
[2023-03-28T00:19:28.282+0200] {logging_mixin.py:137} INFO - [2023-03-28T00:19:28.282+0200] {taskmixin.py:211} WARNING - Dependency <Task(BashOperator): delete_entry_group>, create_entry_group already registered for DAG: example_complex
[2023-03-28T00:19:28.282+0200] {logging_mixin.py:137} INFO - [2023-03-28T00:19:28.282+0200] {taskmixin.py:211} WARNING - Dependency <Task(BashOperator): create_entry_gcs>, delete_entry already registered for DAG: example_complex
[2023-03-28T00:19:28.282+0200] {logging_mixin.py:137} INFO - [2023-03-28T00:19:28.282+0200] {taskmixin.py:211} WARNING - Dependency <Task(BashOperator): delete_entry>, create_entry_gcs already registered for DAG: example_complex
[2023-03-28T00:19:28.282+0200] {logging_mixin.py:137} INFO - [2023-03-28T00:19:28.282+0200] {taskmixin.py:211} WARNING - Dependency <Task(BashOperator): create_tag>, delete_tag already registered for DAG: example_complex
[2023-03-28T00:19:28.283+0200] {logging_mixin.py:137} INFO - [2023-03-28T00:19:28.282+0200] {taskmixin.py:211} WARNING - Dependency <Task(BashOperator): delete_tag>, create_tag already registered for DAG: example_complex
[2023-03-28T00:19:28.292+0200] {processor.py:753} INFO - DAG(s) dict_keys(['example_complex']) retrieved from /home/humbulani/miniconda3/envs/apache-airflow/lib/python3.8/site-packages/airflow/example_dags/example_complex.py
[2023-03-28T00:19:28.322+0200] {logging_mixin.py:137} INFO - [2023-03-28T00:19:28.322+0200] {dag.py:2693} INFO - Sync 1 DAGs
[2023-03-28T00:19:28.342+0200] {logging_mixin.py:137} INFO - [2023-03-28T00:19:28.342+0200] {dag.py:3440} INFO - Setting next_dagrun for example_complex to None, run_after=None
[2023-03-28T00:19:28.442+0200] {processor.py:175} INFO - Processing /home/humbulani/miniconda3/envs/apache-airflow/lib/python3.8/site-packages/airflow/example_dags/example_complex.py took 0.176 seconds
[2023-03-28T00:20:17.460+0200] {processor.py:153} INFO - Started process (PID=23762) to work on /home/humbulani/miniconda3/envs/apache-airflow/lib/python3.8/site-packages/airflow/example_dags/example_complex.py
[2023-03-28T00:20:17.461+0200] {processor.py:743} INFO - Processing file /home/humbulani/miniconda3/envs/apache-airflow/lib/python3.8/site-packages/airflow/example_dags/example_complex.py for tasks to queue
[2023-03-28T00:20:17.462+0200] {logging_mixin.py:137} INFO - [2023-03-28T00:20:17.462+0200] {dagbag.py:532} INFO - Filling up the DagBag from /home/humbulani/miniconda3/envs/apache-airflow/lib/python3.8/site-packages/airflow/example_dags/example_complex.py
[2023-03-28T00:20:17.475+0200] {logging_mixin.py:137} INFO - [2023-03-28T00:20:17.475+0200] {taskmixin.py:211} WARNING - Dependency <Task(BashOperator): create_entry_group>, delete_entry_group already registered for DAG: example_complex
[2023-03-28T00:20:17.475+0200] {logging_mixin.py:137} INFO - [2023-03-28T00:20:17.475+0200] {taskmixin.py:211} WARNING - Dependency <Task(BashOperator): delete_entry_group>, create_entry_group already registered for DAG: example_complex
[2023-03-28T00:20:17.475+0200] {logging_mixin.py:137} INFO - [2023-03-28T00:20:17.475+0200] {taskmixin.py:211} WARNING - Dependency <Task(BashOperator): create_entry_gcs>, delete_entry already registered for DAG: example_complex
[2023-03-28T00:20:17.476+0200] {logging_mixin.py:137} INFO - [2023-03-28T00:20:17.475+0200] {taskmixin.py:211} WARNING - Dependency <Task(BashOperator): delete_entry>, create_entry_gcs already registered for DAG: example_complex
[2023-03-28T00:20:17.476+0200] {logging_mixin.py:137} INFO - [2023-03-28T00:20:17.476+0200] {taskmixin.py:211} WARNING - Dependency <Task(BashOperator): create_tag>, delete_tag already registered for DAG: example_complex
[2023-03-28T00:20:17.476+0200] {logging_mixin.py:137} INFO - [2023-03-28T00:20:17.476+0200] {taskmixin.py:211} WARNING - Dependency <Task(BashOperator): delete_tag>, create_tag already registered for DAG: example_complex
[2023-03-28T00:20:17.483+0200] {processor.py:753} INFO - DAG(s) dict_keys(['example_complex']) retrieved from /home/humbulani/miniconda3/envs/apache-airflow/lib/python3.8/site-packages/airflow/example_dags/example_complex.py
[2023-03-28T00:20:17.508+0200] {logging_mixin.py:137} INFO - [2023-03-28T00:20:17.508+0200] {dag.py:2693} INFO - Sync 1 DAGs
[2023-03-28T00:20:17.525+0200] {logging_mixin.py:137} INFO - [2023-03-28T00:20:17.525+0200] {dag.py:3440} INFO - Setting next_dagrun for example_complex to None, run_after=None
[2023-03-28T00:20:17.613+0200] {processor.py:175} INFO - Processing /home/humbulani/miniconda3/envs/apache-airflow/lib/python3.8/site-packages/airflow/example_dags/example_complex.py took 0.156 seconds
[2023-03-28T00:21:19.392+0200] {processor.py:153} INFO - Started process (PID=23832) to work on /home/humbulani/miniconda3/envs/apache-airflow/lib/python3.8/site-packages/airflow/example_dags/example_complex.py
[2023-03-28T00:21:19.402+0200] {processor.py:743} INFO - Processing file /home/humbulani/miniconda3/envs/apache-airflow/lib/python3.8/site-packages/airflow/example_dags/example_complex.py for tasks to queue
[2023-03-28T00:21:19.403+0200] {logging_mixin.py:137} INFO - [2023-03-28T00:21:19.403+0200] {dagbag.py:532} INFO - Filling up the DagBag from /home/humbulani/miniconda3/envs/apache-airflow/lib/python3.8/site-packages/airflow/example_dags/example_complex.py
[2023-03-28T00:21:19.417+0200] {logging_mixin.py:137} INFO - [2023-03-28T00:21:19.416+0200] {taskmixin.py:211} WARNING - Dependency <Task(BashOperator): create_entry_group>, delete_entry_group already registered for DAG: example_complex
[2023-03-28T00:21:19.417+0200] {logging_mixin.py:137} INFO - [2023-03-28T00:21:19.417+0200] {taskmixin.py:211} WARNING - Dependency <Task(BashOperator): delete_entry_group>, create_entry_group already registered for DAG: example_complex
[2023-03-28T00:21:19.417+0200] {logging_mixin.py:137} INFO - [2023-03-28T00:21:19.417+0200] {taskmixin.py:211} WARNING - Dependency <Task(BashOperator): create_entry_gcs>, delete_entry already registered for DAG: example_complex
[2023-03-28T00:21:19.417+0200] {logging_mixin.py:137} INFO - [2023-03-28T00:21:19.417+0200] {taskmixin.py:211} WARNING - Dependency <Task(BashOperator): delete_entry>, create_entry_gcs already registered for DAG: example_complex
[2023-03-28T00:21:19.417+0200] {logging_mixin.py:137} INFO - [2023-03-28T00:21:19.417+0200] {taskmixin.py:211} WARNING - Dependency <Task(BashOperator): create_tag>, delete_tag already registered for DAG: example_complex
[2023-03-28T00:21:19.418+0200] {logging_mixin.py:137} INFO - [2023-03-28T00:21:19.418+0200] {taskmixin.py:211} WARNING - Dependency <Task(BashOperator): delete_tag>, create_tag already registered for DAG: example_complex
[2023-03-28T00:21:19.424+0200] {processor.py:753} INFO - DAG(s) dict_keys(['example_complex']) retrieved from /home/humbulani/miniconda3/envs/apache-airflow/lib/python3.8/site-packages/airflow/example_dags/example_complex.py
[2023-03-28T00:21:19.456+0200] {logging_mixin.py:137} INFO - [2023-03-28T00:21:19.456+0200] {dag.py:2693} INFO - Sync 1 DAGs
[2023-03-28T00:21:19.480+0200] {logging_mixin.py:137} INFO - [2023-03-28T00:21:19.480+0200] {dag.py:3440} INFO - Setting next_dagrun for example_complex to None, run_after=None
[2023-03-28T00:21:19.571+0200] {processor.py:175} INFO - Processing /home/humbulani/miniconda3/envs/apache-airflow/lib/python3.8/site-packages/airflow/example_dags/example_complex.py took 0.182 seconds
