[2023-03-28T00:04:02.187+0200] {processor.py:153} INFO - Started process (PID=22505) to work on /home/humbulani/miniconda3/envs/apache-airflow/lib/python3.8/site-packages/airflow/example_dags/example_short_circuit_operator.py
[2023-03-28T00:04:02.188+0200] {processor.py:743} INFO - Processing file /home/humbulani/miniconda3/envs/apache-airflow/lib/python3.8/site-packages/airflow/example_dags/example_short_circuit_operator.py for tasks to queue
[2023-03-28T00:04:02.188+0200] {logging_mixin.py:137} INFO - [2023-03-28T00:04:02.188+0200] {dagbag.py:532} INFO - Filling up the DagBag from /home/humbulani/miniconda3/envs/apache-airflow/lib/python3.8/site-packages/airflow/example_dags/example_short_circuit_operator.py
[2023-03-28T00:04:02.203+0200] {processor.py:753} INFO - DAG(s) dict_keys(['example_short_circuit_operator']) retrieved from /home/humbulani/miniconda3/envs/apache-airflow/lib/python3.8/site-packages/airflow/example_dags/example_short_circuit_operator.py
[2023-03-28T00:04:02.222+0200] {logging_mixin.py:137} INFO - [2023-03-28T00:04:02.222+0200] {dag.py:2693} INFO - Sync 1 DAGs
[2023-03-28T00:04:02.240+0200] {logging_mixin.py:137} INFO - [2023-03-28T00:04:02.240+0200] {dag.py:3440} INFO - Setting next_dagrun for example_short_circuit_operator to 2023-03-26T22:04:02.239839+00:00, run_after=2023-03-27T22:04:02.239839+00:00
[2023-03-28T00:04:02.324+0200] {processor.py:175} INFO - Processing /home/humbulani/miniconda3/envs/apache-airflow/lib/python3.8/site-packages/airflow/example_dags/example_short_circuit_operator.py took 0.140 seconds
[2023-03-28T00:04:52.071+0200] {processor.py:153} INFO - Started process (PID=22593) to work on /home/humbulani/miniconda3/envs/apache-airflow/lib/python3.8/site-packages/airflow/example_dags/example_short_circuit_operator.py
[2023-03-28T00:04:52.085+0200] {processor.py:743} INFO - Processing file /home/humbulani/miniconda3/envs/apache-airflow/lib/python3.8/site-packages/airflow/example_dags/example_short_circuit_operator.py for tasks to queue
[2023-03-28T00:04:52.085+0200] {logging_mixin.py:137} INFO - [2023-03-28T00:04:52.085+0200] {dagbag.py:532} INFO - Filling up the DagBag from /home/humbulani/miniconda3/envs/apache-airflow/lib/python3.8/site-packages/airflow/example_dags/example_short_circuit_operator.py
[2023-03-28T00:04:52.101+0200] {processor.py:753} INFO - DAG(s) dict_keys(['example_short_circuit_operator']) retrieved from /home/humbulani/miniconda3/envs/apache-airflow/lib/python3.8/site-packages/airflow/example_dags/example_short_circuit_operator.py
[2023-03-28T00:04:52.120+0200] {logging_mixin.py:137} INFO - [2023-03-28T00:04:52.120+0200] {dag.py:2693} INFO - Sync 1 DAGs
[2023-03-28T00:04:52.139+0200] {logging_mixin.py:137} INFO - [2023-03-28T00:04:52.139+0200] {dag.py:3440} INFO - Setting next_dagrun for example_short_circuit_operator to 2023-03-26T22:04:52.139131+00:00, run_after=2023-03-27T22:04:52.139131+00:00
[2023-03-28T00:04:52.260+0200] {processor.py:175} INFO - Processing /home/humbulani/miniconda3/envs/apache-airflow/lib/python3.8/site-packages/airflow/example_dags/example_short_circuit_operator.py took 0.192 seconds
[2023-03-28T00:05:38.927+0200] {processor.py:153} INFO - Started process (PID=22635) to work on /home/humbulani/miniconda3/envs/apache-airflow/lib/python3.8/site-packages/airflow/example_dags/example_short_circuit_operator.py
[2023-03-28T00:05:38.946+0200] {processor.py:743} INFO - Processing file /home/humbulani/miniconda3/envs/apache-airflow/lib/python3.8/site-packages/airflow/example_dags/example_short_circuit_operator.py for tasks to queue
[2023-03-28T00:05:38.947+0200] {logging_mixin.py:137} INFO - [2023-03-28T00:05:38.946+0200] {dagbag.py:532} INFO - Filling up the DagBag from /home/humbulani/miniconda3/envs/apache-airflow/lib/python3.8/site-packages/airflow/example_dags/example_short_circuit_operator.py
[2023-03-28T00:05:38.964+0200] {processor.py:753} INFO - DAG(s) dict_keys(['example_short_circuit_operator']) retrieved from /home/humbulani/miniconda3/envs/apache-airflow/lib/python3.8/site-packages/airflow/example_dags/example_short_circuit_operator.py
[2023-03-28T00:05:38.988+0200] {logging_mixin.py:137} INFO - [2023-03-28T00:05:38.988+0200] {dag.py:2693} INFO - Sync 1 DAGs
[2023-03-28T00:05:39.006+0200] {logging_mixin.py:137} INFO - [2023-03-28T00:05:39.006+0200] {dag.py:3440} INFO - Setting next_dagrun for example_short_circuit_operator to 2023-03-26T22:05:39.006582+00:00, run_after=2023-03-27T22:05:39.006582+00:00
[2023-03-28T00:05:39.095+0200] {processor.py:175} INFO - Processing /home/humbulani/miniconda3/envs/apache-airflow/lib/python3.8/site-packages/airflow/example_dags/example_short_circuit_operator.py took 0.170 seconds
[2023-03-28T00:06:25.672+0200] {processor.py:153} INFO - Started process (PID=22756) to work on /home/humbulani/miniconda3/envs/apache-airflow/lib/python3.8/site-packages/airflow/example_dags/example_short_circuit_operator.py
[2023-03-28T00:06:25.689+0200] {processor.py:743} INFO - Processing file /home/humbulani/miniconda3/envs/apache-airflow/lib/python3.8/site-packages/airflow/example_dags/example_short_circuit_operator.py for tasks to queue
[2023-03-28T00:06:25.690+0200] {logging_mixin.py:137} INFO - [2023-03-28T00:06:25.690+0200] {dagbag.py:532} INFO - Filling up the DagBag from /home/humbulani/miniconda3/envs/apache-airflow/lib/python3.8/site-packages/airflow/example_dags/example_short_circuit_operator.py
[2023-03-28T00:06:25.708+0200] {processor.py:753} INFO - DAG(s) dict_keys(['example_short_circuit_operator']) retrieved from /home/humbulani/miniconda3/envs/apache-airflow/lib/python3.8/site-packages/airflow/example_dags/example_short_circuit_operator.py
[2023-03-28T00:06:25.729+0200] {logging_mixin.py:137} INFO - [2023-03-28T00:06:25.729+0200] {dag.py:2693} INFO - Sync 1 DAGs
[2023-03-28T00:06:25.746+0200] {logging_mixin.py:137} INFO - [2023-03-28T00:06:25.746+0200] {dag.py:3440} INFO - Setting next_dagrun for example_short_circuit_operator to 2023-03-26T22:06:25.745850+00:00, run_after=2023-03-27T22:06:25.745850+00:00
[2023-03-28T00:06:25.834+0200] {processor.py:175} INFO - Processing /home/humbulani/miniconda3/envs/apache-airflow/lib/python3.8/site-packages/airflow/example_dags/example_short_circuit_operator.py took 0.165 seconds
[2023-03-28T00:07:10.795+0200] {processor.py:153} INFO - Started process (PID=22801) to work on /home/humbulani/miniconda3/envs/apache-airflow/lib/python3.8/site-packages/airflow/example_dags/example_short_circuit_operator.py
[2023-03-28T00:07:10.796+0200] {processor.py:743} INFO - Processing file /home/humbulani/miniconda3/envs/apache-airflow/lib/python3.8/site-packages/airflow/example_dags/example_short_circuit_operator.py for tasks to queue
[2023-03-28T00:07:10.797+0200] {logging_mixin.py:137} INFO - [2023-03-28T00:07:10.797+0200] {dagbag.py:532} INFO - Filling up the DagBag from /home/humbulani/miniconda3/envs/apache-airflow/lib/python3.8/site-packages/airflow/example_dags/example_short_circuit_operator.py
[2023-03-28T00:07:10.813+0200] {processor.py:753} INFO - DAG(s) dict_keys(['example_short_circuit_operator']) retrieved from /home/humbulani/miniconda3/envs/apache-airflow/lib/python3.8/site-packages/airflow/example_dags/example_short_circuit_operator.py
[2023-03-28T00:07:10.834+0200] {logging_mixin.py:137} INFO - [2023-03-28T00:07:10.834+0200] {dag.py:2693} INFO - Sync 1 DAGs
[2023-03-28T00:07:10.854+0200] {logging_mixin.py:137} INFO - [2023-03-28T00:07:10.853+0200] {dag.py:3440} INFO - Setting next_dagrun for example_short_circuit_operator to 2023-03-26T22:07:10.853733+00:00, run_after=2023-03-27T22:07:10.853733+00:00
[2023-03-28T00:07:10.936+0200] {processor.py:175} INFO - Processing /home/humbulani/miniconda3/envs/apache-airflow/lib/python3.8/site-packages/airflow/example_dags/example_short_circuit_operator.py took 0.143 seconds
[2023-03-28T00:08:04.985+0200] {processor.py:153} INFO - Started process (PID=22901) to work on /home/humbulani/miniconda3/envs/apache-airflow/lib/python3.8/site-packages/airflow/example_dags/example_short_circuit_operator.py
[2023-03-28T00:08:04.986+0200] {processor.py:743} INFO - Processing file /home/humbulani/miniconda3/envs/apache-airflow/lib/python3.8/site-packages/airflow/example_dags/example_short_circuit_operator.py for tasks to queue
[2023-03-28T00:08:04.987+0200] {logging_mixin.py:137} INFO - [2023-03-28T00:08:04.987+0200] {dagbag.py:532} INFO - Filling up the DagBag from /home/humbulani/miniconda3/envs/apache-airflow/lib/python3.8/site-packages/airflow/example_dags/example_short_circuit_operator.py
[2023-03-28T00:08:05.002+0200] {processor.py:753} INFO - DAG(s) dict_keys(['example_short_circuit_operator']) retrieved from /home/humbulani/miniconda3/envs/apache-airflow/lib/python3.8/site-packages/airflow/example_dags/example_short_circuit_operator.py
[2023-03-28T00:08:05.023+0200] {logging_mixin.py:137} INFO - [2023-03-28T00:08:05.022+0200] {dag.py:2693} INFO - Sync 1 DAGs
[2023-03-28T00:08:05.042+0200] {logging_mixin.py:137} INFO - [2023-03-28T00:08:05.042+0200] {dag.py:3440} INFO - Setting next_dagrun for example_short_circuit_operator to 2023-03-26T22:08:05.041905+00:00, run_after=2023-03-27T22:08:05.041905+00:00
[2023-03-28T00:08:05.131+0200] {processor.py:175} INFO - Processing /home/humbulani/miniconda3/envs/apache-airflow/lib/python3.8/site-packages/airflow/example_dags/example_short_circuit_operator.py took 0.148 seconds
[2023-03-28T00:08:58.488+0200] {processor.py:153} INFO - Started process (PID=22951) to work on /home/humbulani/miniconda3/envs/apache-airflow/lib/python3.8/site-packages/airflow/example_dags/example_short_circuit_operator.py
[2023-03-28T00:08:58.503+0200] {processor.py:743} INFO - Processing file /home/humbulani/miniconda3/envs/apache-airflow/lib/python3.8/site-packages/airflow/example_dags/example_short_circuit_operator.py for tasks to queue
[2023-03-28T00:08:58.504+0200] {logging_mixin.py:137} INFO - [2023-03-28T00:08:58.504+0200] {dagbag.py:532} INFO - Filling up the DagBag from /home/humbulani/miniconda3/envs/apache-airflow/lib/python3.8/site-packages/airflow/example_dags/example_short_circuit_operator.py
[2023-03-28T00:08:58.521+0200] {processor.py:753} INFO - DAG(s) dict_keys(['example_short_circuit_operator']) retrieved from /home/humbulani/miniconda3/envs/apache-airflow/lib/python3.8/site-packages/airflow/example_dags/example_short_circuit_operator.py
[2023-03-28T00:08:58.543+0200] {logging_mixin.py:137} INFO - [2023-03-28T00:08:58.543+0200] {dag.py:2693} INFO - Sync 1 DAGs
[2023-03-28T00:08:58.650+0200] {logging_mixin.py:137} INFO - [2023-03-28T00:08:58.650+0200] {dag.py:3440} INFO - Setting next_dagrun for example_short_circuit_operator to 2023-03-26T22:08:58.650224+00:00, run_after=2023-03-27T22:08:58.650224+00:00
[2023-03-28T00:08:58.732+0200] {processor.py:175} INFO - Processing /home/humbulani/miniconda3/envs/apache-airflow/lib/python3.8/site-packages/airflow/example_dags/example_short_circuit_operator.py took 0.248 seconds
[2023-03-28T00:09:41.185+0200] {processor.py:153} INFO - Started process (PID=22997) to work on /home/humbulani/miniconda3/envs/apache-airflow/lib/python3.8/site-packages/airflow/example_dags/example_short_circuit_operator.py
[2023-03-28T00:09:41.197+0200] {processor.py:743} INFO - Processing file /home/humbulani/miniconda3/envs/apache-airflow/lib/python3.8/site-packages/airflow/example_dags/example_short_circuit_operator.py for tasks to queue
[2023-03-28T00:09:41.197+0200] {logging_mixin.py:137} INFO - [2023-03-28T00:09:41.197+0200] {dagbag.py:532} INFO - Filling up the DagBag from /home/humbulani/miniconda3/envs/apache-airflow/lib/python3.8/site-packages/airflow/example_dags/example_short_circuit_operator.py
[2023-03-28T00:09:41.211+0200] {processor.py:753} INFO - DAG(s) dict_keys(['example_short_circuit_operator']) retrieved from /home/humbulani/miniconda3/envs/apache-airflow/lib/python3.8/site-packages/airflow/example_dags/example_short_circuit_operator.py
[2023-03-28T00:09:41.231+0200] {logging_mixin.py:137} INFO - [2023-03-28T00:09:41.230+0200] {dag.py:2693} INFO - Sync 1 DAGs
[2023-03-28T00:09:41.329+0200] {logging_mixin.py:137} INFO - [2023-03-28T00:09:41.328+0200] {dag.py:3440} INFO - Setting next_dagrun for example_short_circuit_operator to 2023-03-26T22:09:41.328679+00:00, run_after=2023-03-27T22:09:41.328679+00:00
[2023-03-28T00:09:41.418+0200] {processor.py:175} INFO - Processing /home/humbulani/miniconda3/envs/apache-airflow/lib/python3.8/site-packages/airflow/example_dags/example_short_circuit_operator.py took 0.235 seconds
[2023-03-28T00:10:40.501+0200] {processor.py:153} INFO - Started process (PID=23049) to work on /home/humbulani/miniconda3/envs/apache-airflow/lib/python3.8/site-packages/airflow/example_dags/example_short_circuit_operator.py
[2023-03-28T00:10:40.502+0200] {processor.py:743} INFO - Processing file /home/humbulani/miniconda3/envs/apache-airflow/lib/python3.8/site-packages/airflow/example_dags/example_short_circuit_operator.py for tasks to queue
[2023-03-28T00:10:40.502+0200] {logging_mixin.py:137} INFO - [2023-03-28T00:10:40.502+0200] {dagbag.py:532} INFO - Filling up the DagBag from /home/humbulani/miniconda3/envs/apache-airflow/lib/python3.8/site-packages/airflow/example_dags/example_short_circuit_operator.py
[2023-03-28T00:10:40.518+0200] {processor.py:753} INFO - DAG(s) dict_keys(['example_short_circuit_operator']) retrieved from /home/humbulani/miniconda3/envs/apache-airflow/lib/python3.8/site-packages/airflow/example_dags/example_short_circuit_operator.py
[2023-03-28T00:10:40.624+0200] {logging_mixin.py:137} INFO - [2023-03-28T00:10:40.624+0200] {dag.py:2693} INFO - Sync 1 DAGs
[2023-03-28T00:10:40.642+0200] {logging_mixin.py:137} INFO - [2023-03-28T00:10:40.642+0200] {dag.py:3440} INFO - Setting next_dagrun for example_short_circuit_operator to 2023-03-26T22:10:40.642295+00:00, run_after=2023-03-27T22:10:40.642295+00:00
[2023-03-28T00:10:40.739+0200] {processor.py:175} INFO - Processing /home/humbulani/miniconda3/envs/apache-airflow/lib/python3.8/site-packages/airflow/example_dags/example_short_circuit_operator.py took 0.241 seconds
[2023-03-28T00:11:23.220+0200] {processor.py:153} INFO - Started process (PID=23088) to work on /home/humbulani/miniconda3/envs/apache-airflow/lib/python3.8/site-packages/airflow/example_dags/example_short_circuit_operator.py
[2023-03-28T00:11:23.221+0200] {processor.py:743} INFO - Processing file /home/humbulani/miniconda3/envs/apache-airflow/lib/python3.8/site-packages/airflow/example_dags/example_short_circuit_operator.py for tasks to queue
[2023-03-28T00:11:23.222+0200] {logging_mixin.py:137} INFO - [2023-03-28T00:11:23.221+0200] {dagbag.py:532} INFO - Filling up the DagBag from /home/humbulani/miniconda3/envs/apache-airflow/lib/python3.8/site-packages/airflow/example_dags/example_short_circuit_operator.py
[2023-03-28T00:11:23.320+0200] {processor.py:753} INFO - DAG(s) dict_keys(['example_short_circuit_operator']) retrieved from /home/humbulani/miniconda3/envs/apache-airflow/lib/python3.8/site-packages/airflow/example_dags/example_short_circuit_operator.py
[2023-03-28T00:11:23.337+0200] {logging_mixin.py:137} INFO - [2023-03-28T00:11:23.337+0200] {dag.py:2693} INFO - Sync 1 DAGs
[2023-03-28T00:11:23.353+0200] {logging_mixin.py:137} INFO - [2023-03-28T00:11:23.353+0200] {dag.py:3440} INFO - Setting next_dagrun for example_short_circuit_operator to 2023-03-26T22:11:23.353266+00:00, run_after=2023-03-27T22:11:23.353266+00:00
[2023-03-28T00:11:23.449+0200] {processor.py:175} INFO - Processing /home/humbulani/miniconda3/envs/apache-airflow/lib/python3.8/site-packages/airflow/example_dags/example_short_circuit_operator.py took 0.232 seconds
[2023-03-28T00:12:10.091+0200] {processor.py:153} INFO - Started process (PID=23124) to work on /home/humbulani/miniconda3/envs/apache-airflow/lib/python3.8/site-packages/airflow/example_dags/example_short_circuit_operator.py
[2023-03-28T00:12:10.103+0200] {processor.py:743} INFO - Processing file /home/humbulani/miniconda3/envs/apache-airflow/lib/python3.8/site-packages/airflow/example_dags/example_short_circuit_operator.py for tasks to queue
[2023-03-28T00:12:10.103+0200] {logging_mixin.py:137} INFO - [2023-03-28T00:12:10.103+0200] {dagbag.py:532} INFO - Filling up the DagBag from /home/humbulani/miniconda3/envs/apache-airflow/lib/python3.8/site-packages/airflow/example_dags/example_short_circuit_operator.py
[2023-03-28T00:12:10.202+0200] {processor.py:753} INFO - DAG(s) dict_keys(['example_short_circuit_operator']) retrieved from /home/humbulani/miniconda3/envs/apache-airflow/lib/python3.8/site-packages/airflow/example_dags/example_short_circuit_operator.py
[2023-03-28T00:12:10.219+0200] {logging_mixin.py:137} INFO - [2023-03-28T00:12:10.219+0200] {dag.py:2693} INFO - Sync 1 DAGs
[2023-03-28T00:12:10.237+0200] {logging_mixin.py:137} INFO - [2023-03-28T00:12:10.237+0200] {dag.py:3440} INFO - Setting next_dagrun for example_short_circuit_operator to 2023-03-26T22:12:10.236911+00:00, run_after=2023-03-27T22:12:10.236911+00:00
[2023-03-28T00:12:10.313+0200] {processor.py:175} INFO - Processing /home/humbulani/miniconda3/envs/apache-airflow/lib/python3.8/site-packages/airflow/example_dags/example_short_circuit_operator.py took 0.224 seconds
[2023-03-28T00:12:53.074+0200] {processor.py:153} INFO - Started process (PID=23190) to work on /home/humbulani/miniconda3/envs/apache-airflow/lib/python3.8/site-packages/airflow/example_dags/example_short_circuit_operator.py
[2023-03-28T00:12:53.116+0200] {processor.py:743} INFO - Processing file /home/humbulani/miniconda3/envs/apache-airflow/lib/python3.8/site-packages/airflow/example_dags/example_short_circuit_operator.py for tasks to queue
[2023-03-28T00:12:53.117+0200] {logging_mixin.py:137} INFO - [2023-03-28T00:12:53.117+0200] {dagbag.py:532} INFO - Filling up the DagBag from /home/humbulani/miniconda3/envs/apache-airflow/lib/python3.8/site-packages/airflow/example_dags/example_short_circuit_operator.py
[2023-03-28T00:12:53.134+0200] {processor.py:753} INFO - DAG(s) dict_keys(['example_short_circuit_operator']) retrieved from /home/humbulani/miniconda3/envs/apache-airflow/lib/python3.8/site-packages/airflow/example_dags/example_short_circuit_operator.py
[2023-03-28T00:12:53.158+0200] {logging_mixin.py:137} INFO - [2023-03-28T00:12:53.158+0200] {dag.py:2693} INFO - Sync 1 DAGs
[2023-03-28T00:12:53.177+0200] {logging_mixin.py:137} INFO - [2023-03-28T00:12:53.176+0200] {dag.py:3440} INFO - Setting next_dagrun for example_short_circuit_operator to 2023-03-26T22:12:53.176679+00:00, run_after=2023-03-27T22:12:53.176679+00:00
[2023-03-28T00:12:53.257+0200] {processor.py:175} INFO - Processing /home/humbulani/miniconda3/envs/apache-airflow/lib/python3.8/site-packages/airflow/example_dags/example_short_circuit_operator.py took 0.186 seconds
[2023-03-28T00:13:38.978+0200] {processor.py:153} INFO - Started process (PID=23243) to work on /home/humbulani/miniconda3/envs/apache-airflow/lib/python3.8/site-packages/airflow/example_dags/example_short_circuit_operator.py
[2023-03-28T00:13:38.994+0200] {processor.py:743} INFO - Processing file /home/humbulani/miniconda3/envs/apache-airflow/lib/python3.8/site-packages/airflow/example_dags/example_short_circuit_operator.py for tasks to queue
[2023-03-28T00:13:38.995+0200] {logging_mixin.py:137} INFO - [2023-03-28T00:13:38.995+0200] {dagbag.py:532} INFO - Filling up the DagBag from /home/humbulani/miniconda3/envs/apache-airflow/lib/python3.8/site-packages/airflow/example_dags/example_short_circuit_operator.py
[2023-03-28T00:13:39.013+0200] {processor.py:753} INFO - DAG(s) dict_keys(['example_short_circuit_operator']) retrieved from /home/humbulani/miniconda3/envs/apache-airflow/lib/python3.8/site-packages/airflow/example_dags/example_short_circuit_operator.py
[2023-03-28T00:13:39.034+0200] {logging_mixin.py:137} INFO - [2023-03-28T00:13:39.034+0200] {dag.py:2693} INFO - Sync 1 DAGs
[2023-03-28T00:13:39.052+0200] {logging_mixin.py:137} INFO - [2023-03-28T00:13:39.052+0200] {dag.py:3440} INFO - Setting next_dagrun for example_short_circuit_operator to 2023-03-26T22:13:39.051849+00:00, run_after=2023-03-27T22:13:39.051849+00:00
[2023-03-28T00:13:39.144+0200] {processor.py:175} INFO - Processing /home/humbulani/miniconda3/envs/apache-airflow/lib/python3.8/site-packages/airflow/example_dags/example_short_circuit_operator.py took 0.168 seconds
[2023-03-28T00:14:22.098+0200] {processor.py:153} INFO - Started process (PID=23287) to work on /home/humbulani/miniconda3/envs/apache-airflow/lib/python3.8/site-packages/airflow/example_dags/example_short_circuit_operator.py
[2023-03-28T00:14:22.105+0200] {processor.py:743} INFO - Processing file /home/humbulani/miniconda3/envs/apache-airflow/lib/python3.8/site-packages/airflow/example_dags/example_short_circuit_operator.py for tasks to queue
[2023-03-28T00:14:22.106+0200] {logging_mixin.py:137} INFO - [2023-03-28T00:14:22.106+0200] {dagbag.py:532} INFO - Filling up the DagBag from /home/humbulani/miniconda3/envs/apache-airflow/lib/python3.8/site-packages/airflow/example_dags/example_short_circuit_operator.py
[2023-03-28T00:14:22.119+0200] {processor.py:753} INFO - DAG(s) dict_keys(['example_short_circuit_operator']) retrieved from /home/humbulani/miniconda3/envs/apache-airflow/lib/python3.8/site-packages/airflow/example_dags/example_short_circuit_operator.py
[2023-03-28T00:14:22.138+0200] {logging_mixin.py:137} INFO - [2023-03-28T00:14:22.138+0200] {dag.py:2693} INFO - Sync 1 DAGs
[2023-03-28T00:14:22.155+0200] {logging_mixin.py:137} INFO - [2023-03-28T00:14:22.154+0200] {dag.py:3440} INFO - Setting next_dagrun for example_short_circuit_operator to 2023-03-26T22:14:22.154757+00:00, run_after=2023-03-27T22:14:22.154757+00:00
[2023-03-28T00:14:22.236+0200] {processor.py:175} INFO - Processing /home/humbulani/miniconda3/envs/apache-airflow/lib/python3.8/site-packages/airflow/example_dags/example_short_circuit_operator.py took 0.140 seconds
[2023-03-28T00:15:11.651+0200] {processor.py:153} INFO - Started process (PID=23338) to work on /home/humbulani/miniconda3/envs/apache-airflow/lib/python3.8/site-packages/airflow/example_dags/example_short_circuit_operator.py
[2023-03-28T00:15:11.652+0200] {processor.py:743} INFO - Processing file /home/humbulani/miniconda3/envs/apache-airflow/lib/python3.8/site-packages/airflow/example_dags/example_short_circuit_operator.py for tasks to queue
[2023-03-28T00:15:11.653+0200] {logging_mixin.py:137} INFO - [2023-03-28T00:15:11.653+0200] {dagbag.py:532} INFO - Filling up the DagBag from /home/humbulani/miniconda3/envs/apache-airflow/lib/python3.8/site-packages/airflow/example_dags/example_short_circuit_operator.py
[2023-03-28T00:15:11.667+0200] {processor.py:753} INFO - DAG(s) dict_keys(['example_short_circuit_operator']) retrieved from /home/humbulani/miniconda3/envs/apache-airflow/lib/python3.8/site-packages/airflow/example_dags/example_short_circuit_operator.py
[2023-03-28T00:15:11.685+0200] {logging_mixin.py:137} INFO - [2023-03-28T00:15:11.685+0200] {dag.py:2693} INFO - Sync 1 DAGs
[2023-03-28T00:15:11.702+0200] {logging_mixin.py:137} INFO - [2023-03-28T00:15:11.702+0200] {dag.py:3440} INFO - Setting next_dagrun for example_short_circuit_operator to 2023-03-26T22:15:11.702481+00:00, run_after=2023-03-27T22:15:11.702481+00:00
[2023-03-28T00:15:11.794+0200] {processor.py:175} INFO - Processing /home/humbulani/miniconda3/envs/apache-airflow/lib/python3.8/site-packages/airflow/example_dags/example_short_circuit_operator.py took 0.145 seconds
[2023-03-28T00:15:57.320+0200] {processor.py:153} INFO - Started process (PID=23415) to work on /home/humbulani/miniconda3/envs/apache-airflow/lib/python3.8/site-packages/airflow/example_dags/example_short_circuit_operator.py
[2023-03-28T00:15:57.321+0200] {processor.py:743} INFO - Processing file /home/humbulani/miniconda3/envs/apache-airflow/lib/python3.8/site-packages/airflow/example_dags/example_short_circuit_operator.py for tasks to queue
[2023-03-28T00:15:57.321+0200] {logging_mixin.py:137} INFO - [2023-03-28T00:15:57.321+0200] {dagbag.py:532} INFO - Filling up the DagBag from /home/humbulani/miniconda3/envs/apache-airflow/lib/python3.8/site-packages/airflow/example_dags/example_short_circuit_operator.py
[2023-03-28T00:15:57.336+0200] {processor.py:753} INFO - DAG(s) dict_keys(['example_short_circuit_operator']) retrieved from /home/humbulani/miniconda3/envs/apache-airflow/lib/python3.8/site-packages/airflow/example_dags/example_short_circuit_operator.py
[2023-03-28T00:15:57.356+0200] {logging_mixin.py:137} INFO - [2023-03-28T00:15:57.356+0200] {dag.py:2693} INFO - Sync 1 DAGs
[2023-03-28T00:15:57.375+0200] {logging_mixin.py:137} INFO - [2023-03-28T00:15:57.375+0200] {dag.py:3440} INFO - Setting next_dagrun for example_short_circuit_operator to 2023-03-26T22:15:57.375251+00:00, run_after=2023-03-27T22:15:57.375251+00:00
[2023-03-28T00:15:57.504+0200] {processor.py:175} INFO - Processing /home/humbulani/miniconda3/envs/apache-airflow/lib/python3.8/site-packages/airflow/example_dags/example_short_circuit_operator.py took 0.186 seconds
[2023-03-28T00:16:49.047+0200] {processor.py:153} INFO - Started process (PID=23518) to work on /home/humbulani/miniconda3/envs/apache-airflow/lib/python3.8/site-packages/airflow/example_dags/example_short_circuit_operator.py
[2023-03-28T00:16:49.073+0200] {processor.py:743} INFO - Processing file /home/humbulani/miniconda3/envs/apache-airflow/lib/python3.8/site-packages/airflow/example_dags/example_short_circuit_operator.py for tasks to queue
[2023-03-28T00:16:49.074+0200] {logging_mixin.py:137} INFO - [2023-03-28T00:16:49.073+0200] {dagbag.py:532} INFO - Filling up the DagBag from /home/humbulani/miniconda3/envs/apache-airflow/lib/python3.8/site-packages/airflow/example_dags/example_short_circuit_operator.py
[2023-03-28T00:16:49.087+0200] {processor.py:753} INFO - DAG(s) dict_keys(['example_short_circuit_operator']) retrieved from /home/humbulani/miniconda3/envs/apache-airflow/lib/python3.8/site-packages/airflow/example_dags/example_short_circuit_operator.py
[2023-03-28T00:16:49.105+0200] {logging_mixin.py:137} INFO - [2023-03-28T00:16:49.105+0200] {dag.py:2693} INFO - Sync 1 DAGs
[2023-03-28T00:16:49.123+0200] {logging_mixin.py:137} INFO - [2023-03-28T00:16:49.123+0200] {dag.py:3440} INFO - Setting next_dagrun for example_short_circuit_operator to 2023-03-26T22:16:49.123228+00:00, run_after=2023-03-27T22:16:49.123228+00:00
[2023-03-28T00:16:49.246+0200] {processor.py:175} INFO - Processing /home/humbulani/miniconda3/envs/apache-airflow/lib/python3.8/site-packages/airflow/example_dags/example_short_circuit_operator.py took 0.201 seconds
[2023-03-28T00:17:38.610+0200] {processor.py:153} INFO - Started process (PID=23605) to work on /home/humbulani/miniconda3/envs/apache-airflow/lib/python3.8/site-packages/airflow/example_dags/example_short_circuit_operator.py
[2023-03-28T00:17:38.622+0200] {processor.py:743} INFO - Processing file /home/humbulani/miniconda3/envs/apache-airflow/lib/python3.8/site-packages/airflow/example_dags/example_short_circuit_operator.py for tasks to queue
[2023-03-28T00:17:38.622+0200] {logging_mixin.py:137} INFO - [2023-03-28T00:17:38.622+0200] {dagbag.py:532} INFO - Filling up the DagBag from /home/humbulani/miniconda3/envs/apache-airflow/lib/python3.8/site-packages/airflow/example_dags/example_short_circuit_operator.py
[2023-03-28T00:17:38.636+0200] {processor.py:753} INFO - DAG(s) dict_keys(['example_short_circuit_operator']) retrieved from /home/humbulani/miniconda3/envs/apache-airflow/lib/python3.8/site-packages/airflow/example_dags/example_short_circuit_operator.py
[2023-03-28T00:17:38.655+0200] {logging_mixin.py:137} INFO - [2023-03-28T00:17:38.655+0200] {dag.py:2693} INFO - Sync 1 DAGs
[2023-03-28T00:17:38.675+0200] {logging_mixin.py:137} INFO - [2023-03-28T00:17:38.674+0200] {dag.py:3440} INFO - Setting next_dagrun for example_short_circuit_operator to 2023-03-26T22:17:38.674625+00:00, run_after=2023-03-27T22:17:38.674625+00:00
[2023-03-28T00:17:38.753+0200] {processor.py:175} INFO - Processing /home/humbulani/miniconda3/envs/apache-airflow/lib/python3.8/site-packages/airflow/example_dags/example_short_circuit_operator.py took 0.145 seconds
[2023-03-28T00:18:22.540+0200] {processor.py:153} INFO - Started process (PID=23650) to work on /home/humbulani/miniconda3/envs/apache-airflow/lib/python3.8/site-packages/airflow/example_dags/example_short_circuit_operator.py
[2023-03-28T00:18:22.553+0200] {processor.py:743} INFO - Processing file /home/humbulani/miniconda3/envs/apache-airflow/lib/python3.8/site-packages/airflow/example_dags/example_short_circuit_operator.py for tasks to queue
[2023-03-28T00:18:22.554+0200] {logging_mixin.py:137} INFO - [2023-03-28T00:18:22.554+0200] {dagbag.py:532} INFO - Filling up the DagBag from /home/humbulani/miniconda3/envs/apache-airflow/lib/python3.8/site-packages/airflow/example_dags/example_short_circuit_operator.py
[2023-03-28T00:18:22.567+0200] {processor.py:753} INFO - DAG(s) dict_keys(['example_short_circuit_operator']) retrieved from /home/humbulani/miniconda3/envs/apache-airflow/lib/python3.8/site-packages/airflow/example_dags/example_short_circuit_operator.py
[2023-03-28T00:18:22.586+0200] {logging_mixin.py:137} INFO - [2023-03-28T00:18:22.586+0200] {dag.py:2693} INFO - Sync 1 DAGs
[2023-03-28T00:18:22.603+0200] {logging_mixin.py:137} INFO - [2023-03-28T00:18:22.603+0200] {dag.py:3440} INFO - Setting next_dagrun for example_short_circuit_operator to 2023-03-26T22:18:22.602889+00:00, run_after=2023-03-27T22:18:22.602889+00:00
[2023-03-28T00:18:22.692+0200] {processor.py:175} INFO - Processing /home/humbulani/miniconda3/envs/apache-airflow/lib/python3.8/site-packages/airflow/example_dags/example_short_circuit_operator.py took 0.155 seconds
[2023-03-28T00:19:10.317+0200] {processor.py:153} INFO - Started process (PID=23695) to work on /home/humbulani/miniconda3/envs/apache-airflow/lib/python3.8/site-packages/airflow/example_dags/example_short_circuit_operator.py
[2023-03-28T00:19:10.330+0200] {processor.py:743} INFO - Processing file /home/humbulani/miniconda3/envs/apache-airflow/lib/python3.8/site-packages/airflow/example_dags/example_short_circuit_operator.py for tasks to queue
[2023-03-28T00:19:10.331+0200] {logging_mixin.py:137} INFO - [2023-03-28T00:19:10.331+0200] {dagbag.py:532} INFO - Filling up the DagBag from /home/humbulani/miniconda3/envs/apache-airflow/lib/python3.8/site-packages/airflow/example_dags/example_short_circuit_operator.py
[2023-03-28T00:19:10.347+0200] {processor.py:753} INFO - DAG(s) dict_keys(['example_short_circuit_operator']) retrieved from /home/humbulani/miniconda3/envs/apache-airflow/lib/python3.8/site-packages/airflow/example_dags/example_short_circuit_operator.py
[2023-03-28T00:19:10.366+0200] {logging_mixin.py:137} INFO - [2023-03-28T00:19:10.366+0200] {dag.py:2693} INFO - Sync 1 DAGs
[2023-03-28T00:19:10.383+0200] {logging_mixin.py:137} INFO - [2023-03-28T00:19:10.383+0200] {dag.py:3440} INFO - Setting next_dagrun for example_short_circuit_operator to 2023-03-26T22:19:10.383183+00:00, run_after=2023-03-27T22:19:10.383183+00:00
[2023-03-28T00:19:10.463+0200] {processor.py:175} INFO - Processing /home/humbulani/miniconda3/envs/apache-airflow/lib/python3.8/site-packages/airflow/example_dags/example_short_circuit_operator.py took 0.148 seconds
[2023-03-28T00:19:57.244+0200] {processor.py:153} INFO - Started process (PID=23742) to work on /home/humbulani/miniconda3/envs/apache-airflow/lib/python3.8/site-packages/airflow/example_dags/example_short_circuit_operator.py
[2023-03-28T00:19:57.253+0200] {processor.py:743} INFO - Processing file /home/humbulani/miniconda3/envs/apache-airflow/lib/python3.8/site-packages/airflow/example_dags/example_short_circuit_operator.py for tasks to queue
[2023-03-28T00:19:57.255+0200] {logging_mixin.py:137} INFO - [2023-03-28T00:19:57.255+0200] {dagbag.py:532} INFO - Filling up the DagBag from /home/humbulani/miniconda3/envs/apache-airflow/lib/python3.8/site-packages/airflow/example_dags/example_short_circuit_operator.py
[2023-03-28T00:19:57.272+0200] {processor.py:753} INFO - DAG(s) dict_keys(['example_short_circuit_operator']) retrieved from /home/humbulani/miniconda3/envs/apache-airflow/lib/python3.8/site-packages/airflow/example_dags/example_short_circuit_operator.py
[2023-03-28T00:19:57.292+0200] {logging_mixin.py:137} INFO - [2023-03-28T00:19:57.292+0200] {dag.py:2693} INFO - Sync 1 DAGs
[2023-03-28T00:19:57.309+0200] {logging_mixin.py:137} INFO - [2023-03-28T00:19:57.309+0200] {dag.py:3440} INFO - Setting next_dagrun for example_short_circuit_operator to 2023-03-26T22:19:57.308986+00:00, run_after=2023-03-27T22:19:57.308986+00:00
[2023-03-28T00:19:57.422+0200] {processor.py:175} INFO - Processing /home/humbulani/miniconda3/envs/apache-airflow/lib/python3.8/site-packages/airflow/example_dags/example_short_circuit_operator.py took 0.181 seconds
[2023-03-28T00:20:48.311+0200] {processor.py:153} INFO - Started process (PID=23792) to work on /home/humbulani/miniconda3/envs/apache-airflow/lib/python3.8/site-packages/airflow/example_dags/example_short_circuit_operator.py
[2023-03-28T00:20:48.355+0200] {processor.py:743} INFO - Processing file /home/humbulani/miniconda3/envs/apache-airflow/lib/python3.8/site-packages/airflow/example_dags/example_short_circuit_operator.py for tasks to queue
[2023-03-28T00:20:48.355+0200] {logging_mixin.py:137} INFO - [2023-03-28T00:20:48.355+0200] {dagbag.py:532} INFO - Filling up the DagBag from /home/humbulani/miniconda3/envs/apache-airflow/lib/python3.8/site-packages/airflow/example_dags/example_short_circuit_operator.py
[2023-03-28T00:20:48.371+0200] {processor.py:753} INFO - DAG(s) dict_keys(['example_short_circuit_operator']) retrieved from /home/humbulani/miniconda3/envs/apache-airflow/lib/python3.8/site-packages/airflow/example_dags/example_short_circuit_operator.py
[2023-03-28T00:20:51.036+0200] {logging_mixin.py:137} INFO - [2023-03-28T00:20:51.036+0200] {dag.py:2693} INFO - Sync 1 DAGs
[2023-03-28T00:20:51.066+0200] {logging_mixin.py:137} INFO - [2023-03-28T00:20:51.066+0200] {dag.py:3440} INFO - Setting next_dagrun for example_short_circuit_operator to 2023-03-26T22:20:51.066102+00:00, run_after=2023-03-27T22:20:51.066102+00:00
[2023-03-28T00:20:51.191+0200] {processor.py:175} INFO - Processing /home/humbulani/miniconda3/envs/apache-airflow/lib/python3.8/site-packages/airflow/example_dags/example_short_circuit_operator.py took 2.886 seconds
[2023-03-28T00:21:50.620+0200] {processor.py:153} INFO - Started process (PID=23859) to work on /home/humbulani/miniconda3/envs/apache-airflow/lib/python3.8/site-packages/airflow/example_dags/example_short_circuit_operator.py
[2023-03-28T00:21:50.696+0200] {processor.py:743} INFO - Processing file /home/humbulani/miniconda3/envs/apache-airflow/lib/python3.8/site-packages/airflow/example_dags/example_short_circuit_operator.py for tasks to queue
[2023-03-28T00:21:50.696+0200] {logging_mixin.py:137} INFO - [2023-03-28T00:21:50.696+0200] {dagbag.py:532} INFO - Filling up the DagBag from /home/humbulani/miniconda3/envs/apache-airflow/lib/python3.8/site-packages/airflow/example_dags/example_short_circuit_operator.py
[2023-03-28T00:21:50.711+0200] {processor.py:753} INFO - DAG(s) dict_keys(['example_short_circuit_operator']) retrieved from /home/humbulani/miniconda3/envs/apache-airflow/lib/python3.8/site-packages/airflow/example_dags/example_short_circuit_operator.py
[2023-03-28T00:21:50.731+0200] {logging_mixin.py:137} INFO - [2023-03-28T00:21:50.731+0200] {dag.py:2693} INFO - Sync 1 DAGs
[2023-03-28T00:21:50.751+0200] {logging_mixin.py:137} INFO - [2023-03-28T00:21:50.751+0200] {dag.py:3440} INFO - Setting next_dagrun for example_short_circuit_operator to 2023-03-26T22:21:50.751494+00:00, run_after=2023-03-27T22:21:50.751494+00:00
[2023-03-28T00:21:50.843+0200] {processor.py:175} INFO - Processing /home/humbulani/miniconda3/envs/apache-airflow/lib/python3.8/site-packages/airflow/example_dags/example_short_circuit_operator.py took 0.225 seconds
