[2023-03-28T00:04:00.672+0200] {processor.py:153} INFO - Started process (PID=22503) to work on /home/humbulani/miniconda3/envs/apache-airflow/lib/python3.8/site-packages/airflow/example_dags/example_trigger_target_dag.py
[2023-03-28T00:04:00.673+0200] {processor.py:743} INFO - Processing file /home/humbulani/miniconda3/envs/apache-airflow/lib/python3.8/site-packages/airflow/example_dags/example_trigger_target_dag.py for tasks to queue
[2023-03-28T00:04:00.673+0200] {logging_mixin.py:137} INFO - [2023-03-28T00:04:00.673+0200] {dagbag.py:532} INFO - Filling up the DagBag from /home/humbulani/miniconda3/envs/apache-airflow/lib/python3.8/site-packages/airflow/example_dags/example_trigger_target_dag.py
[2023-03-28T00:04:00.693+0200] {processor.py:753} INFO - DAG(s) dict_keys(['example_trigger_target_dag']) retrieved from /home/humbulani/miniconda3/envs/apache-airflow/lib/python3.8/site-packages/airflow/example_dags/example_trigger_target_dag.py
[2023-03-28T00:04:00.710+0200] {logging_mixin.py:137} INFO - [2023-03-28T00:04:00.710+0200] {dag.py:2693} INFO - Sync 1 DAGs
[2023-03-28T00:04:00.728+0200] {logging_mixin.py:137} INFO - [2023-03-28T00:04:00.728+0200] {dag.py:3440} INFO - Setting next_dagrun for example_trigger_target_dag to None, run_after=None
[2023-03-28T00:04:00.806+0200] {processor.py:175} INFO - Processing /home/humbulani/miniconda3/envs/apache-airflow/lib/python3.8/site-packages/airflow/example_dags/example_trigger_target_dag.py took 0.136 seconds
[2023-03-28T00:04:49.493+0200] {processor.py:153} INFO - Started process (PID=22591) to work on /home/humbulani/miniconda3/envs/apache-airflow/lib/python3.8/site-packages/airflow/example_dags/example_trigger_target_dag.py
[2023-03-28T00:04:49.509+0200] {processor.py:743} INFO - Processing file /home/humbulani/miniconda3/envs/apache-airflow/lib/python3.8/site-packages/airflow/example_dags/example_trigger_target_dag.py for tasks to queue
[2023-03-28T00:04:49.510+0200] {logging_mixin.py:137} INFO - [2023-03-28T00:04:49.510+0200] {dagbag.py:532} INFO - Filling up the DagBag from /home/humbulani/miniconda3/envs/apache-airflow/lib/python3.8/site-packages/airflow/example_dags/example_trigger_target_dag.py
[2023-03-28T00:04:49.529+0200] {processor.py:753} INFO - DAG(s) dict_keys(['example_trigger_target_dag']) retrieved from /home/humbulani/miniconda3/envs/apache-airflow/lib/python3.8/site-packages/airflow/example_dags/example_trigger_target_dag.py
[2023-03-28T00:04:49.546+0200] {logging_mixin.py:137} INFO - [2023-03-28T00:04:49.546+0200] {dag.py:2693} INFO - Sync 1 DAGs
[2023-03-28T00:04:49.564+0200] {logging_mixin.py:137} INFO - [2023-03-28T00:04:49.564+0200] {dag.py:3440} INFO - Setting next_dagrun for example_trigger_target_dag to None, run_after=None
[2023-03-28T00:04:49.651+0200] {processor.py:175} INFO - Processing /home/humbulani/miniconda3/envs/apache-airflow/lib/python3.8/site-packages/airflow/example_dags/example_trigger_target_dag.py took 0.160 seconds
[2023-03-28T00:05:36.448+0200] {processor.py:153} INFO - Started process (PID=22633) to work on /home/humbulani/miniconda3/envs/apache-airflow/lib/python3.8/site-packages/airflow/example_dags/example_trigger_target_dag.py
[2023-03-28T00:05:36.454+0200] {processor.py:743} INFO - Processing file /home/humbulani/miniconda3/envs/apache-airflow/lib/python3.8/site-packages/airflow/example_dags/example_trigger_target_dag.py for tasks to queue
[2023-03-28T00:05:36.454+0200] {logging_mixin.py:137} INFO - [2023-03-28T00:05:36.454+0200] {dagbag.py:532} INFO - Filling up the DagBag from /home/humbulani/miniconda3/envs/apache-airflow/lib/python3.8/site-packages/airflow/example_dags/example_trigger_target_dag.py
[2023-03-28T00:05:36.473+0200] {processor.py:753} INFO - DAG(s) dict_keys(['example_trigger_target_dag']) retrieved from /home/humbulani/miniconda3/envs/apache-airflow/lib/python3.8/site-packages/airflow/example_dags/example_trigger_target_dag.py
[2023-03-28T00:05:36.490+0200] {logging_mixin.py:137} INFO - [2023-03-28T00:05:36.490+0200] {dag.py:2693} INFO - Sync 1 DAGs
[2023-03-28T00:05:36.507+0200] {logging_mixin.py:137} INFO - [2023-03-28T00:05:36.507+0200] {dag.py:3440} INFO - Setting next_dagrun for example_trigger_target_dag to None, run_after=None
[2023-03-28T00:05:36.570+0200] {processor.py:175} INFO - Processing /home/humbulani/miniconda3/envs/apache-airflow/lib/python3.8/site-packages/airflow/example_dags/example_trigger_target_dag.py took 0.126 seconds
[2023-03-28T00:06:23.168+0200] {processor.py:153} INFO - Started process (PID=22753) to work on /home/humbulani/miniconda3/envs/apache-airflow/lib/python3.8/site-packages/airflow/example_dags/example_trigger_target_dag.py
[2023-03-28T00:06:23.181+0200] {processor.py:743} INFO - Processing file /home/humbulani/miniconda3/envs/apache-airflow/lib/python3.8/site-packages/airflow/example_dags/example_trigger_target_dag.py for tasks to queue
[2023-03-28T00:06:23.181+0200] {logging_mixin.py:137} INFO - [2023-03-28T00:06:23.181+0200] {dagbag.py:532} INFO - Filling up the DagBag from /home/humbulani/miniconda3/envs/apache-airflow/lib/python3.8/site-packages/airflow/example_dags/example_trigger_target_dag.py
[2023-03-28T00:06:23.202+0200] {processor.py:753} INFO - DAG(s) dict_keys(['example_trigger_target_dag']) retrieved from /home/humbulani/miniconda3/envs/apache-airflow/lib/python3.8/site-packages/airflow/example_dags/example_trigger_target_dag.py
[2023-03-28T00:06:23.220+0200] {logging_mixin.py:137} INFO - [2023-03-28T00:06:23.220+0200] {dag.py:2693} INFO - Sync 1 DAGs
[2023-03-28T00:06:23.237+0200] {logging_mixin.py:137} INFO - [2023-03-28T00:06:23.237+0200] {dag.py:3440} INFO - Setting next_dagrun for example_trigger_target_dag to None, run_after=None
[2023-03-28T00:06:23.306+0200] {processor.py:175} INFO - Processing /home/humbulani/miniconda3/envs/apache-airflow/lib/python3.8/site-packages/airflow/example_dags/example_trigger_target_dag.py took 0.142 seconds
[2023-03-28T00:07:08.335+0200] {processor.py:153} INFO - Started process (PID=22798) to work on /home/humbulani/miniconda3/envs/apache-airflow/lib/python3.8/site-packages/airflow/example_dags/example_trigger_target_dag.py
[2023-03-28T00:07:08.336+0200] {processor.py:743} INFO - Processing file /home/humbulani/miniconda3/envs/apache-airflow/lib/python3.8/site-packages/airflow/example_dags/example_trigger_target_dag.py for tasks to queue
[2023-03-28T00:07:08.336+0200] {logging_mixin.py:137} INFO - [2023-03-28T00:07:08.336+0200] {dagbag.py:532} INFO - Filling up the DagBag from /home/humbulani/miniconda3/envs/apache-airflow/lib/python3.8/site-packages/airflow/example_dags/example_trigger_target_dag.py
[2023-03-28T00:07:08.356+0200] {processor.py:753} INFO - DAG(s) dict_keys(['example_trigger_target_dag']) retrieved from /home/humbulani/miniconda3/envs/apache-airflow/lib/python3.8/site-packages/airflow/example_dags/example_trigger_target_dag.py
[2023-03-28T00:07:08.372+0200] {logging_mixin.py:137} INFO - [2023-03-28T00:07:08.372+0200] {dag.py:2693} INFO - Sync 1 DAGs
[2023-03-28T00:07:08.389+0200] {logging_mixin.py:137} INFO - [2023-03-28T00:07:08.388+0200] {dag.py:3440} INFO - Setting next_dagrun for example_trigger_target_dag to None, run_after=None
[2023-03-28T00:07:08.476+0200] {processor.py:175} INFO - Processing /home/humbulani/miniconda3/envs/apache-airflow/lib/python3.8/site-packages/airflow/example_dags/example_trigger_target_dag.py took 0.143 seconds
[2023-03-28T00:08:02.327+0200] {processor.py:153} INFO - Started process (PID=22887) to work on /home/humbulani/miniconda3/envs/apache-airflow/lib/python3.8/site-packages/airflow/example_dags/example_trigger_target_dag.py
[2023-03-28T00:08:02.337+0200] {processor.py:743} INFO - Processing file /home/humbulani/miniconda3/envs/apache-airflow/lib/python3.8/site-packages/airflow/example_dags/example_trigger_target_dag.py for tasks to queue
[2023-03-28T00:08:02.337+0200] {logging_mixin.py:137} INFO - [2023-03-28T00:08:02.337+0200] {dagbag.py:532} INFO - Filling up the DagBag from /home/humbulani/miniconda3/envs/apache-airflow/lib/python3.8/site-packages/airflow/example_dags/example_trigger_target_dag.py
[2023-03-28T00:08:02.357+0200] {processor.py:753} INFO - DAG(s) dict_keys(['example_trigger_target_dag']) retrieved from /home/humbulani/miniconda3/envs/apache-airflow/lib/python3.8/site-packages/airflow/example_dags/example_trigger_target_dag.py
[2023-03-28T00:08:02.374+0200] {logging_mixin.py:137} INFO - [2023-03-28T00:08:02.374+0200] {dag.py:2693} INFO - Sync 1 DAGs
[2023-03-28T00:08:02.391+0200] {logging_mixin.py:137} INFO - [2023-03-28T00:08:02.390+0200] {dag.py:3440} INFO - Setting next_dagrun for example_trigger_target_dag to None, run_after=None
[2023-03-28T00:08:02.553+0200] {processor.py:175} INFO - Processing /home/humbulani/miniconda3/envs/apache-airflow/lib/python3.8/site-packages/airflow/example_dags/example_trigger_target_dag.py took 0.228 seconds
[2023-03-28T00:08:55.703+0200] {processor.py:153} INFO - Started process (PID=22949) to work on /home/humbulani/miniconda3/envs/apache-airflow/lib/python3.8/site-packages/airflow/example_dags/example_trigger_target_dag.py
[2023-03-28T00:08:55.711+0200] {processor.py:743} INFO - Processing file /home/humbulani/miniconda3/envs/apache-airflow/lib/python3.8/site-packages/airflow/example_dags/example_trigger_target_dag.py for tasks to queue
[2023-03-28T00:08:55.712+0200] {logging_mixin.py:137} INFO - [2023-03-28T00:08:55.711+0200] {dagbag.py:532} INFO - Filling up the DagBag from /home/humbulani/miniconda3/envs/apache-airflow/lib/python3.8/site-packages/airflow/example_dags/example_trigger_target_dag.py
[2023-03-28T00:08:55.733+0200] {processor.py:753} INFO - DAG(s) dict_keys(['example_trigger_target_dag']) retrieved from /home/humbulani/miniconda3/envs/apache-airflow/lib/python3.8/site-packages/airflow/example_dags/example_trigger_target_dag.py
[2023-03-28T00:08:55.751+0200] {logging_mixin.py:137} INFO - [2023-03-28T00:08:55.751+0200] {dag.py:2693} INFO - Sync 1 DAGs
[2023-03-28T00:08:55.854+0200] {logging_mixin.py:137} INFO - [2023-03-28T00:08:55.854+0200] {dag.py:3440} INFO - Setting next_dagrun for example_trigger_target_dag to None, run_after=None
[2023-03-28T00:08:55.933+0200] {processor.py:175} INFO - Processing /home/humbulani/miniconda3/envs/apache-airflow/lib/python3.8/site-packages/airflow/example_dags/example_trigger_target_dag.py took 0.233 seconds
[2023-03-28T00:09:38.363+0200] {processor.py:153} INFO - Started process (PID=22995) to work on /home/humbulani/miniconda3/envs/apache-airflow/lib/python3.8/site-packages/airflow/example_dags/example_trigger_target_dag.py
[2023-03-28T00:09:38.364+0200] {processor.py:743} INFO - Processing file /home/humbulani/miniconda3/envs/apache-airflow/lib/python3.8/site-packages/airflow/example_dags/example_trigger_target_dag.py for tasks to queue
[2023-03-28T00:09:38.364+0200] {logging_mixin.py:137} INFO - [2023-03-28T00:09:38.364+0200] {dagbag.py:532} INFO - Filling up the DagBag from /home/humbulani/miniconda3/envs/apache-airflow/lib/python3.8/site-packages/airflow/example_dags/example_trigger_target_dag.py
[2023-03-28T00:09:38.383+0200] {processor.py:753} INFO - DAG(s) dict_keys(['example_trigger_target_dag']) retrieved from /home/humbulani/miniconda3/envs/apache-airflow/lib/python3.8/site-packages/airflow/example_dags/example_trigger_target_dag.py
[2023-03-28T00:09:38.400+0200] {logging_mixin.py:137} INFO - [2023-03-28T00:09:38.400+0200] {dag.py:2693} INFO - Sync 1 DAGs
[2023-03-28T00:09:38.494+0200] {logging_mixin.py:137} INFO - [2023-03-28T00:09:38.494+0200] {dag.py:3440} INFO - Setting next_dagrun for example_trigger_target_dag to None, run_after=None
[2023-03-28T00:09:38.576+0200] {processor.py:175} INFO - Processing /home/humbulani/miniconda3/envs/apache-airflow/lib/python3.8/site-packages/airflow/example_dags/example_trigger_target_dag.py took 0.215 seconds
[2023-03-28T00:10:17.772+0200] {processor.py:153} INFO - Started process (PID=23030) to work on /home/humbulani/miniconda3/envs/apache-airflow/lib/python3.8/site-packages/airflow/example_dags/example_trigger_target_dag.py
[2023-03-28T00:10:17.782+0200] {processor.py:743} INFO - Processing file /home/humbulani/miniconda3/envs/apache-airflow/lib/python3.8/site-packages/airflow/example_dags/example_trigger_target_dag.py for tasks to queue
[2023-03-28T00:10:17.783+0200] {logging_mixin.py:137} INFO - [2023-03-28T00:10:17.783+0200] {dagbag.py:532} INFO - Filling up the DagBag from /home/humbulani/miniconda3/envs/apache-airflow/lib/python3.8/site-packages/airflow/example_dags/example_trigger_target_dag.py
[2023-03-28T00:10:17.805+0200] {processor.py:753} INFO - DAG(s) dict_keys(['example_trigger_target_dag']) retrieved from /home/humbulani/miniconda3/envs/apache-airflow/lib/python3.8/site-packages/airflow/example_dags/example_trigger_target_dag.py
[2023-03-28T00:10:17.909+0200] {logging_mixin.py:137} INFO - [2023-03-28T00:10:17.909+0200] {dag.py:2693} INFO - Sync 1 DAGs
[2023-03-28T00:10:17.925+0200] {logging_mixin.py:137} INFO - [2023-03-28T00:10:17.925+0200] {dag.py:3440} INFO - Setting next_dagrun for example_trigger_target_dag to None, run_after=None
[2023-03-28T00:10:18.004+0200] {processor.py:175} INFO - Processing /home/humbulani/miniconda3/envs/apache-airflow/lib/python3.8/site-packages/airflow/example_dags/example_trigger_target_dag.py took 0.235 seconds
[2023-03-28T00:10:58.835+0200] {processor.py:153} INFO - Started process (PID=23066) to work on /home/humbulani/miniconda3/envs/apache-airflow/lib/python3.8/site-packages/airflow/example_dags/example_trigger_target_dag.py
[2023-03-28T00:10:58.846+0200] {processor.py:743} INFO - Processing file /home/humbulani/miniconda3/envs/apache-airflow/lib/python3.8/site-packages/airflow/example_dags/example_trigger_target_dag.py for tasks to queue
[2023-03-28T00:10:58.847+0200] {logging_mixin.py:137} INFO - [2023-03-28T00:10:58.846+0200] {dagbag.py:532} INFO - Filling up the DagBag from /home/humbulani/miniconda3/envs/apache-airflow/lib/python3.8/site-packages/airflow/example_dags/example_trigger_target_dag.py
[2023-03-28T00:10:58.948+0200] {processor.py:753} INFO - DAG(s) dict_keys(['example_trigger_target_dag']) retrieved from /home/humbulani/miniconda3/envs/apache-airflow/lib/python3.8/site-packages/airflow/example_dags/example_trigger_target_dag.py
[2023-03-28T00:10:58.962+0200] {logging_mixin.py:137} INFO - [2023-03-28T00:10:58.962+0200] {dag.py:2693} INFO - Sync 1 DAGs
[2023-03-28T00:10:58.977+0200] {logging_mixin.py:137} INFO - [2023-03-28T00:10:58.977+0200] {dag.py:3440} INFO - Setting next_dagrun for example_trigger_target_dag to None, run_after=None
[2023-03-28T00:10:59.048+0200] {processor.py:175} INFO - Processing /home/humbulani/miniconda3/envs/apache-airflow/lib/python3.8/site-packages/airflow/example_dags/example_trigger_target_dag.py took 0.215 seconds
[2023-03-28T00:11:41.934+0200] {processor.py:153} INFO - Started process (PID=23103) to work on /home/humbulani/miniconda3/envs/apache-airflow/lib/python3.8/site-packages/airflow/example_dags/example_trigger_target_dag.py
[2023-03-28T00:11:41.940+0200] {processor.py:743} INFO - Processing file /home/humbulani/miniconda3/envs/apache-airflow/lib/python3.8/site-packages/airflow/example_dags/example_trigger_target_dag.py for tasks to queue
[2023-03-28T00:11:41.941+0200] {logging_mixin.py:137} INFO - [2023-03-28T00:11:41.941+0200] {dagbag.py:532} INFO - Filling up the DagBag from /home/humbulani/miniconda3/envs/apache-airflow/lib/python3.8/site-packages/airflow/example_dags/example_trigger_target_dag.py
[2023-03-28T00:11:42.045+0200] {processor.py:753} INFO - DAG(s) dict_keys(['example_trigger_target_dag']) retrieved from /home/humbulani/miniconda3/envs/apache-airflow/lib/python3.8/site-packages/airflow/example_dags/example_trigger_target_dag.py
[2023-03-28T00:11:42.060+0200] {logging_mixin.py:137} INFO - [2023-03-28T00:11:42.060+0200] {dag.py:2693} INFO - Sync 1 DAGs
[2023-03-28T00:11:42.076+0200] {logging_mixin.py:137} INFO - [2023-03-28T00:11:42.076+0200] {dag.py:3440} INFO - Setting next_dagrun for example_trigger_target_dag to None, run_after=None
[2023-03-28T00:11:42.151+0200] {processor.py:175} INFO - Processing /home/humbulani/miniconda3/envs/apache-airflow/lib/python3.8/site-packages/airflow/example_dags/example_trigger_target_dag.py took 0.220 seconds
[2023-03-28T00:12:29.300+0200] {processor.py:153} INFO - Started process (PID=23142) to work on /home/humbulani/miniconda3/envs/apache-airflow/lib/python3.8/site-packages/airflow/example_dags/example_trigger_target_dag.py
[2023-03-28T00:12:29.310+0200] {processor.py:743} INFO - Processing file /home/humbulani/miniconda3/envs/apache-airflow/lib/python3.8/site-packages/airflow/example_dags/example_trigger_target_dag.py for tasks to queue
[2023-03-28T00:12:29.310+0200] {logging_mixin.py:137} INFO - [2023-03-28T00:12:29.310+0200] {dagbag.py:532} INFO - Filling up the DagBag from /home/humbulani/miniconda3/envs/apache-airflow/lib/python3.8/site-packages/airflow/example_dags/example_trigger_target_dag.py
[2023-03-28T00:12:29.333+0200] {processor.py:753} INFO - DAG(s) dict_keys(['example_trigger_target_dag']) retrieved from /home/humbulani/miniconda3/envs/apache-airflow/lib/python3.8/site-packages/airflow/example_dags/example_trigger_target_dag.py
[2023-03-28T00:12:29.350+0200] {logging_mixin.py:137} INFO - [2023-03-28T00:12:29.350+0200] {dag.py:2693} INFO - Sync 1 DAGs
[2023-03-28T00:12:29.367+0200] {logging_mixin.py:137} INFO - [2023-03-28T00:12:29.367+0200] {dag.py:3440} INFO - Setting next_dagrun for example_trigger_target_dag to None, run_after=None
[2023-03-28T00:12:29.445+0200] {processor.py:175} INFO - Processing /home/humbulani/miniconda3/envs/apache-airflow/lib/python3.8/site-packages/airflow/example_dags/example_trigger_target_dag.py took 0.148 seconds
[2023-03-28T00:13:16.948+0200] {processor.py:153} INFO - Started process (PID=23215) to work on /home/humbulani/miniconda3/envs/apache-airflow/lib/python3.8/site-packages/airflow/example_dags/example_trigger_target_dag.py
[2023-03-28T00:13:16.959+0200] {processor.py:743} INFO - Processing file /home/humbulani/miniconda3/envs/apache-airflow/lib/python3.8/site-packages/airflow/example_dags/example_trigger_target_dag.py for tasks to queue
[2023-03-28T00:13:16.959+0200] {logging_mixin.py:137} INFO - [2023-03-28T00:13:16.959+0200] {dagbag.py:532} INFO - Filling up the DagBag from /home/humbulani/miniconda3/envs/apache-airflow/lib/python3.8/site-packages/airflow/example_dags/example_trigger_target_dag.py
[2023-03-28T00:13:16.979+0200] {processor.py:753} INFO - DAG(s) dict_keys(['example_trigger_target_dag']) retrieved from /home/humbulani/miniconda3/envs/apache-airflow/lib/python3.8/site-packages/airflow/example_dags/example_trigger_target_dag.py
[2023-03-28T00:13:16.995+0200] {logging_mixin.py:137} INFO - [2023-03-28T00:13:16.995+0200] {dag.py:2693} INFO - Sync 1 DAGs
[2023-03-28T00:13:17.014+0200] {logging_mixin.py:137} INFO - [2023-03-28T00:13:17.013+0200] {dag.py:3440} INFO - Setting next_dagrun for example_trigger_target_dag to None, run_after=None
[2023-03-28T00:13:17.098+0200] {processor.py:175} INFO - Processing /home/humbulani/miniconda3/envs/apache-airflow/lib/python3.8/site-packages/airflow/example_dags/example_trigger_target_dag.py took 0.153 seconds
[2023-03-28T00:14:00.128+0200] {processor.py:153} INFO - Started process (PID=23263) to work on /home/humbulani/miniconda3/envs/apache-airflow/lib/python3.8/site-packages/airflow/example_dags/example_trigger_target_dag.py
[2023-03-28T00:14:00.170+0200] {processor.py:743} INFO - Processing file /home/humbulani/miniconda3/envs/apache-airflow/lib/python3.8/site-packages/airflow/example_dags/example_trigger_target_dag.py for tasks to queue
[2023-03-28T00:14:00.171+0200] {logging_mixin.py:137} INFO - [2023-03-28T00:14:00.171+0200] {dagbag.py:532} INFO - Filling up the DagBag from /home/humbulani/miniconda3/envs/apache-airflow/lib/python3.8/site-packages/airflow/example_dags/example_trigger_target_dag.py
[2023-03-28T00:14:00.194+0200] {processor.py:753} INFO - DAG(s) dict_keys(['example_trigger_target_dag']) retrieved from /home/humbulani/miniconda3/envs/apache-airflow/lib/python3.8/site-packages/airflow/example_dags/example_trigger_target_dag.py
[2023-03-28T00:14:00.212+0200] {logging_mixin.py:137} INFO - [2023-03-28T00:14:00.212+0200] {dag.py:2693} INFO - Sync 1 DAGs
[2023-03-28T00:14:00.229+0200] {logging_mixin.py:137} INFO - [2023-03-28T00:14:00.229+0200] {dag.py:3440} INFO - Setting next_dagrun for example_trigger_target_dag to None, run_after=None
[2023-03-28T00:14:00.301+0200] {processor.py:175} INFO - Processing /home/humbulani/miniconda3/envs/apache-airflow/lib/python3.8/site-packages/airflow/example_dags/example_trigger_target_dag.py took 0.176 seconds
[2023-03-28T00:14:47.768+0200] {processor.py:153} INFO - Started process (PID=23312) to work on /home/humbulani/miniconda3/envs/apache-airflow/lib/python3.8/site-packages/airflow/example_dags/example_trigger_target_dag.py
[2023-03-28T00:14:47.769+0200] {processor.py:743} INFO - Processing file /home/humbulani/miniconda3/envs/apache-airflow/lib/python3.8/site-packages/airflow/example_dags/example_trigger_target_dag.py for tasks to queue
[2023-03-28T00:14:47.770+0200] {logging_mixin.py:137} INFO - [2023-03-28T00:14:47.769+0200] {dagbag.py:532} INFO - Filling up the DagBag from /home/humbulani/miniconda3/envs/apache-airflow/lib/python3.8/site-packages/airflow/example_dags/example_trigger_target_dag.py
[2023-03-28T00:14:47.789+0200] {processor.py:753} INFO - DAG(s) dict_keys(['example_trigger_target_dag']) retrieved from /home/humbulani/miniconda3/envs/apache-airflow/lib/python3.8/site-packages/airflow/example_dags/example_trigger_target_dag.py
[2023-03-28T00:14:47.805+0200] {logging_mixin.py:137} INFO - [2023-03-28T00:14:47.805+0200] {dag.py:2693} INFO - Sync 1 DAGs
[2023-03-28T00:14:47.822+0200] {logging_mixin.py:137} INFO - [2023-03-28T00:14:47.822+0200] {dag.py:3440} INFO - Setting next_dagrun for example_trigger_target_dag to None, run_after=None
[2023-03-28T00:14:47.907+0200] {processor.py:175} INFO - Processing /home/humbulani/miniconda3/envs/apache-airflow/lib/python3.8/site-packages/airflow/example_dags/example_trigger_target_dag.py took 0.142 seconds
[2023-03-28T00:15:35.445+0200] {processor.py:153} INFO - Started process (PID=23385) to work on /home/humbulani/miniconda3/envs/apache-airflow/lib/python3.8/site-packages/airflow/example_dags/example_trigger_target_dag.py
[2023-03-28T00:15:35.466+0200] {processor.py:743} INFO - Processing file /home/humbulani/miniconda3/envs/apache-airflow/lib/python3.8/site-packages/airflow/example_dags/example_trigger_target_dag.py for tasks to queue
[2023-03-28T00:15:35.467+0200] {logging_mixin.py:137} INFO - [2023-03-28T00:15:35.466+0200] {dagbag.py:532} INFO - Filling up the DagBag from /home/humbulani/miniconda3/envs/apache-airflow/lib/python3.8/site-packages/airflow/example_dags/example_trigger_target_dag.py
[2023-03-28T00:15:35.486+0200] {processor.py:753} INFO - DAG(s) dict_keys(['example_trigger_target_dag']) retrieved from /home/humbulani/miniconda3/envs/apache-airflow/lib/python3.8/site-packages/airflow/example_dags/example_trigger_target_dag.py
[2023-03-28T00:15:35.502+0200] {logging_mixin.py:137} INFO - [2023-03-28T00:15:35.502+0200] {dag.py:2693} INFO - Sync 1 DAGs
[2023-03-28T00:15:35.521+0200] {logging_mixin.py:137} INFO - [2023-03-28T00:15:35.521+0200] {dag.py:3440} INFO - Setting next_dagrun for example_trigger_target_dag to None, run_after=None
[2023-03-28T00:15:35.617+0200] {processor.py:175} INFO - Processing /home/humbulani/miniconda3/envs/apache-airflow/lib/python3.8/site-packages/airflow/example_dags/example_trigger_target_dag.py took 0.175 seconds
[2023-03-28T00:16:22.250+0200] {processor.py:153} INFO - Started process (PID=23451) to work on /home/humbulani/miniconda3/envs/apache-airflow/lib/python3.8/site-packages/airflow/example_dags/example_trigger_target_dag.py
[2023-03-28T00:16:22.250+0200] {processor.py:743} INFO - Processing file /home/humbulani/miniconda3/envs/apache-airflow/lib/python3.8/site-packages/airflow/example_dags/example_trigger_target_dag.py for tasks to queue
[2023-03-28T00:16:22.251+0200] {logging_mixin.py:137} INFO - [2023-03-28T00:16:22.251+0200] {dagbag.py:532} INFO - Filling up the DagBag from /home/humbulani/miniconda3/envs/apache-airflow/lib/python3.8/site-packages/airflow/example_dags/example_trigger_target_dag.py
[2023-03-28T00:16:22.272+0200] {processor.py:753} INFO - DAG(s) dict_keys(['example_trigger_target_dag']) retrieved from /home/humbulani/miniconda3/envs/apache-airflow/lib/python3.8/site-packages/airflow/example_dags/example_trigger_target_dag.py
[2023-03-28T00:16:22.290+0200] {logging_mixin.py:137} INFO - [2023-03-28T00:16:22.290+0200] {dag.py:2693} INFO - Sync 1 DAGs
[2023-03-28T00:16:22.310+0200] {logging_mixin.py:137} INFO - [2023-03-28T00:16:22.310+0200] {dag.py:3440} INFO - Setting next_dagrun for example_trigger_target_dag to None, run_after=None
[2023-03-28T00:16:22.390+0200] {processor.py:175} INFO - Processing /home/humbulani/miniconda3/envs/apache-airflow/lib/python3.8/site-packages/airflow/example_dags/example_trigger_target_dag.py took 0.143 seconds
[2023-03-28T00:16:58.136+0200] {processor.py:153} INFO - Started process (PID=23536) to work on /home/humbulani/miniconda3/envs/apache-airflow/lib/python3.8/site-packages/airflow/example_dags/example_trigger_target_dag.py
[2023-03-28T00:16:58.151+0200] {processor.py:743} INFO - Processing file /home/humbulani/miniconda3/envs/apache-airflow/lib/python3.8/site-packages/airflow/example_dags/example_trigger_target_dag.py for tasks to queue
[2023-03-28T00:16:58.152+0200] {logging_mixin.py:137} INFO - [2023-03-28T00:16:58.152+0200] {dagbag.py:532} INFO - Filling up the DagBag from /home/humbulani/miniconda3/envs/apache-airflow/lib/python3.8/site-packages/airflow/example_dags/example_trigger_target_dag.py
[2023-03-28T00:16:58.176+0200] {processor.py:753} INFO - DAG(s) dict_keys(['example_trigger_target_dag']) retrieved from /home/humbulani/miniconda3/envs/apache-airflow/lib/python3.8/site-packages/airflow/example_dags/example_trigger_target_dag.py
[2023-03-28T00:16:58.193+0200] {logging_mixin.py:137} INFO - [2023-03-28T00:16:58.193+0200] {dag.py:2693} INFO - Sync 1 DAGs
[2023-03-28T00:16:58.211+0200] {logging_mixin.py:137} INFO - [2023-03-28T00:16:58.211+0200] {dag.py:3440} INFO - Setting next_dagrun for example_trigger_target_dag to None, run_after=None
[2023-03-28T00:16:58.305+0200] {processor.py:175} INFO - Processing /home/humbulani/miniconda3/envs/apache-airflow/lib/python3.8/site-packages/airflow/example_dags/example_trigger_target_dag.py took 0.171 seconds
[2023-03-28T00:17:43.956+0200] {processor.py:153} INFO - Started process (PID=23612) to work on /home/humbulani/miniconda3/envs/apache-airflow/lib/python3.8/site-packages/airflow/example_dags/example_trigger_target_dag.py
[2023-03-28T00:17:43.957+0200] {processor.py:743} INFO - Processing file /home/humbulani/miniconda3/envs/apache-airflow/lib/python3.8/site-packages/airflow/example_dags/example_trigger_target_dag.py for tasks to queue
[2023-03-28T00:17:43.958+0200] {logging_mixin.py:137} INFO - [2023-03-28T00:17:43.957+0200] {dagbag.py:532} INFO - Filling up the DagBag from /home/humbulani/miniconda3/envs/apache-airflow/lib/python3.8/site-packages/airflow/example_dags/example_trigger_target_dag.py
[2023-03-28T00:17:43.980+0200] {processor.py:753} INFO - DAG(s) dict_keys(['example_trigger_target_dag']) retrieved from /home/humbulani/miniconda3/envs/apache-airflow/lib/python3.8/site-packages/airflow/example_dags/example_trigger_target_dag.py
[2023-03-28T00:17:43.998+0200] {logging_mixin.py:137} INFO - [2023-03-28T00:17:43.997+0200] {dag.py:2693} INFO - Sync 1 DAGs
[2023-03-28T00:17:44.014+0200] {logging_mixin.py:137} INFO - [2023-03-28T00:17:44.014+0200] {dag.py:3440} INFO - Setting next_dagrun for example_trigger_target_dag to None, run_after=None
[2023-03-28T00:17:44.093+0200] {processor.py:175} INFO - Processing /home/humbulani/miniconda3/envs/apache-airflow/lib/python3.8/site-packages/airflow/example_dags/example_trigger_target_dag.py took 0.140 seconds
[2023-03-28T00:18:27.780+0200] {processor.py:153} INFO - Started process (PID=23655) to work on /home/humbulani/miniconda3/envs/apache-airflow/lib/python3.8/site-packages/airflow/example_dags/example_trigger_target_dag.py
[2023-03-28T00:18:27.797+0200] {processor.py:743} INFO - Processing file /home/humbulani/miniconda3/envs/apache-airflow/lib/python3.8/site-packages/airflow/example_dags/example_trigger_target_dag.py for tasks to queue
[2023-03-28T00:18:27.798+0200] {logging_mixin.py:137} INFO - [2023-03-28T00:18:27.798+0200] {dagbag.py:532} INFO - Filling up the DagBag from /home/humbulani/miniconda3/envs/apache-airflow/lib/python3.8/site-packages/airflow/example_dags/example_trigger_target_dag.py
[2023-03-28T00:18:27.824+0200] {processor.py:753} INFO - DAG(s) dict_keys(['example_trigger_target_dag']) retrieved from /home/humbulani/miniconda3/envs/apache-airflow/lib/python3.8/site-packages/airflow/example_dags/example_trigger_target_dag.py
[2023-03-28T00:18:27.842+0200] {logging_mixin.py:137} INFO - [2023-03-28T00:18:27.841+0200] {dag.py:2693} INFO - Sync 1 DAGs
[2023-03-28T00:18:27.858+0200] {logging_mixin.py:137} INFO - [2023-03-28T00:18:27.858+0200] {dag.py:3440} INFO - Setting next_dagrun for example_trigger_target_dag to None, run_after=None
[2023-03-28T00:18:27.940+0200] {processor.py:175} INFO - Processing /home/humbulani/miniconda3/envs/apache-airflow/lib/python3.8/site-packages/airflow/example_dags/example_trigger_target_dag.py took 0.163 seconds
[2023-03-28T00:19:07.740+0200] {processor.py:153} INFO - Started process (PID=23693) to work on /home/humbulani/miniconda3/envs/apache-airflow/lib/python3.8/site-packages/airflow/example_dags/example_trigger_target_dag.py
[2023-03-28T00:19:07.755+0200] {processor.py:743} INFO - Processing file /home/humbulani/miniconda3/envs/apache-airflow/lib/python3.8/site-packages/airflow/example_dags/example_trigger_target_dag.py for tasks to queue
[2023-03-28T00:19:07.756+0200] {logging_mixin.py:137} INFO - [2023-03-28T00:19:07.756+0200] {dagbag.py:532} INFO - Filling up the DagBag from /home/humbulani/miniconda3/envs/apache-airflow/lib/python3.8/site-packages/airflow/example_dags/example_trigger_target_dag.py
[2023-03-28T00:19:07.783+0200] {processor.py:753} INFO - DAG(s) dict_keys(['example_trigger_target_dag']) retrieved from /home/humbulani/miniconda3/envs/apache-airflow/lib/python3.8/site-packages/airflow/example_dags/example_trigger_target_dag.py
[2023-03-28T00:19:07.800+0200] {logging_mixin.py:137} INFO - [2023-03-28T00:19:07.800+0200] {dag.py:2693} INFO - Sync 1 DAGs
[2023-03-28T00:19:07.817+0200] {logging_mixin.py:137} INFO - [2023-03-28T00:19:07.817+0200] {dag.py:3440} INFO - Setting next_dagrun for example_trigger_target_dag to None, run_after=None
[2023-03-28T00:19:07.897+0200] {processor.py:175} INFO - Processing /home/humbulani/miniconda3/envs/apache-airflow/lib/python3.8/site-packages/airflow/example_dags/example_trigger_target_dag.py took 0.160 seconds
[2023-03-28T00:19:55.100+0200] {processor.py:153} INFO - Started process (PID=23740) to work on /home/humbulani/miniconda3/envs/apache-airflow/lib/python3.8/site-packages/airflow/example_dags/example_trigger_target_dag.py
[2023-03-28T00:19:55.111+0200] {processor.py:743} INFO - Processing file /home/humbulani/miniconda3/envs/apache-airflow/lib/python3.8/site-packages/airflow/example_dags/example_trigger_target_dag.py for tasks to queue
[2023-03-28T00:19:55.112+0200] {logging_mixin.py:137} INFO - [2023-03-28T00:19:55.112+0200] {dagbag.py:532} INFO - Filling up the DagBag from /home/humbulani/miniconda3/envs/apache-airflow/lib/python3.8/site-packages/airflow/example_dags/example_trigger_target_dag.py
[2023-03-28T00:19:55.131+0200] {processor.py:753} INFO - DAG(s) dict_keys(['example_trigger_target_dag']) retrieved from /home/humbulani/miniconda3/envs/apache-airflow/lib/python3.8/site-packages/airflow/example_dags/example_trigger_target_dag.py
[2023-03-28T00:19:55.147+0200] {logging_mixin.py:137} INFO - [2023-03-28T00:19:55.147+0200] {dag.py:2693} INFO - Sync 1 DAGs
[2023-03-28T00:19:55.165+0200] {logging_mixin.py:137} INFO - [2023-03-28T00:19:55.165+0200] {dag.py:3440} INFO - Setting next_dagrun for example_trigger_target_dag to None, run_after=None
[2023-03-28T00:19:55.244+0200] {processor.py:175} INFO - Processing /home/humbulani/miniconda3/envs/apache-airflow/lib/python3.8/site-packages/airflow/example_dags/example_trigger_target_dag.py took 0.146 seconds
[2023-03-28T00:20:45.723+0200] {processor.py:153} INFO - Started process (PID=23790) to work on /home/humbulani/miniconda3/envs/apache-airflow/lib/python3.8/site-packages/airflow/example_dags/example_trigger_target_dag.py
[2023-03-28T00:20:45.724+0200] {processor.py:743} INFO - Processing file /home/humbulani/miniconda3/envs/apache-airflow/lib/python3.8/site-packages/airflow/example_dags/example_trigger_target_dag.py for tasks to queue
[2023-03-28T00:20:45.725+0200] {logging_mixin.py:137} INFO - [2023-03-28T00:20:45.725+0200] {dagbag.py:532} INFO - Filling up the DagBag from /home/humbulani/miniconda3/envs/apache-airflow/lib/python3.8/site-packages/airflow/example_dags/example_trigger_target_dag.py
[2023-03-28T00:20:45.748+0200] {processor.py:753} INFO - DAG(s) dict_keys(['example_trigger_target_dag']) retrieved from /home/humbulani/miniconda3/envs/apache-airflow/lib/python3.8/site-packages/airflow/example_dags/example_trigger_target_dag.py
[2023-03-28T00:20:45.765+0200] {logging_mixin.py:137} INFO - [2023-03-28T00:20:45.764+0200] {dag.py:2693} INFO - Sync 1 DAGs
[2023-03-28T00:20:45.782+0200] {logging_mixin.py:137} INFO - [2023-03-28T00:20:45.782+0200] {dag.py:3440} INFO - Setting next_dagrun for example_trigger_target_dag to None, run_after=None
[2023-03-28T00:20:45.877+0200] {processor.py:175} INFO - Processing /home/humbulani/miniconda3/envs/apache-airflow/lib/python3.8/site-packages/airflow/example_dags/example_trigger_target_dag.py took 0.157 seconds
[2023-03-28T00:21:28.698+0200] {processor.py:153} INFO - Started process (PID=23841) to work on /home/humbulani/miniconda3/envs/apache-airflow/lib/python3.8/site-packages/airflow/example_dags/example_trigger_target_dag.py
[2023-03-28T00:21:28.699+0200] {processor.py:743} INFO - Processing file /home/humbulani/miniconda3/envs/apache-airflow/lib/python3.8/site-packages/airflow/example_dags/example_trigger_target_dag.py for tasks to queue
[2023-03-28T00:21:28.700+0200] {logging_mixin.py:137} INFO - [2023-03-28T00:21:28.699+0200] {dagbag.py:532} INFO - Filling up the DagBag from /home/humbulani/miniconda3/envs/apache-airflow/lib/python3.8/site-packages/airflow/example_dags/example_trigger_target_dag.py
[2023-03-28T00:21:28.719+0200] {processor.py:753} INFO - DAG(s) dict_keys(['example_trigger_target_dag']) retrieved from /home/humbulani/miniconda3/envs/apache-airflow/lib/python3.8/site-packages/airflow/example_dags/example_trigger_target_dag.py
[2023-03-28T00:21:28.737+0200] {logging_mixin.py:137} INFO - [2023-03-28T00:21:28.737+0200] {dag.py:2693} INFO - Sync 1 DAGs
[2023-03-28T00:21:28.755+0200] {logging_mixin.py:137} INFO - [2023-03-28T00:21:28.755+0200] {dag.py:3440} INFO - Setting next_dagrun for example_trigger_target_dag to None, run_after=None
[2023-03-28T00:21:28.847+0200] {processor.py:175} INFO - Processing /home/humbulani/miniconda3/envs/apache-airflow/lib/python3.8/site-packages/airflow/example_dags/example_trigger_target_dag.py took 0.151 seconds
[2023-03-28T00:22:11.684+0200] {processor.py:153} INFO - Started process (PID=23878) to work on /home/humbulani/miniconda3/envs/apache-airflow/lib/python3.8/site-packages/airflow/example_dags/example_trigger_target_dag.py
[2023-03-28T00:22:11.695+0200] {processor.py:743} INFO - Processing file /home/humbulani/miniconda3/envs/apache-airflow/lib/python3.8/site-packages/airflow/example_dags/example_trigger_target_dag.py for tasks to queue
[2023-03-28T00:22:11.696+0200] {logging_mixin.py:137} INFO - [2023-03-28T00:22:11.696+0200] {dagbag.py:532} INFO - Filling up the DagBag from /home/humbulani/miniconda3/envs/apache-airflow/lib/python3.8/site-packages/airflow/example_dags/example_trigger_target_dag.py
[2023-03-28T00:22:11.717+0200] {processor.py:753} INFO - DAG(s) dict_keys(['example_trigger_target_dag']) retrieved from /home/humbulani/miniconda3/envs/apache-airflow/lib/python3.8/site-packages/airflow/example_dags/example_trigger_target_dag.py
[2023-03-28T00:22:11.736+0200] {logging_mixin.py:137} INFO - [2023-03-28T00:22:11.736+0200] {dag.py:2693} INFO - Sync 1 DAGs
[2023-03-28T00:22:11.757+0200] {logging_mixin.py:137} INFO - [2023-03-28T00:22:11.757+0200] {dag.py:3440} INFO - Setting next_dagrun for example_trigger_target_dag to None, run_after=None
[2023-03-28T00:22:11.827+0200] {processor.py:175} INFO - Processing /home/humbulani/miniconda3/envs/apache-airflow/lib/python3.8/site-packages/airflow/example_dags/example_trigger_target_dag.py took 0.145 seconds
