[2023-03-28T00:04:16.714+0200] {processor.py:153} INFO - Started process (PID=22553) to work on /home/humbulani/miniconda3/envs/apache-airflow/lib/python3.8/site-packages/airflow/example_dags/example_branch_datetime_operator.py
[2023-03-28T00:04:16.714+0200] {processor.py:743} INFO - Processing file /home/humbulani/miniconda3/envs/apache-airflow/lib/python3.8/site-packages/airflow/example_dags/example_branch_datetime_operator.py for tasks to queue
[2023-03-28T00:04:16.715+0200] {logging_mixin.py:137} INFO - [2023-03-28T00:04:16.715+0200] {dagbag.py:532} INFO - Filling up the DagBag from /home/humbulani/miniconda3/envs/apache-airflow/lib/python3.8/site-packages/airflow/example_dags/example_branch_datetime_operator.py
[2023-03-28T00:04:16.733+0200] {processor.py:753} INFO - DAG(s) dict_keys(['example_branch_datetime_operator', 'example_branch_datetime_operator_3', 'example_branch_datetime_operator_2']) retrieved from /home/humbulani/miniconda3/envs/apache-airflow/lib/python3.8/site-packages/airflow/example_dags/example_branch_datetime_operator.py
[2023-03-28T00:04:16.755+0200] {logging_mixin.py:137} INFO - [2023-03-28T00:04:16.755+0200] {dag.py:2693} INFO - Sync 3 DAGs
[2023-03-28T00:04:16.773+0200] {logging_mixin.py:137} INFO - [2023-03-28T00:04:16.773+0200] {dag.py:3440} INFO - Setting next_dagrun for example_branch_datetime_operator to 2023-03-26T00:00:00+00:00, run_after=2023-03-27T00:00:00+00:00
[2023-03-28T00:04:16.777+0200] {logging_mixin.py:137} INFO - [2023-03-28T00:04:16.777+0200] {dag.py:3440} INFO - Setting next_dagrun for example_branch_datetime_operator_2 to 2023-03-26T00:00:00+00:00, run_after=2023-03-27T00:00:00+00:00
[2023-03-28T00:04:16.780+0200] {logging_mixin.py:137} INFO - [2023-03-28T00:04:16.779+0200] {dag.py:3440} INFO - Setting next_dagrun for example_branch_datetime_operator_3 to 2023-03-26T00:00:00+00:00, run_after=2023-03-27T00:00:00+00:00
[2023-03-28T00:04:16.867+0200] {processor.py:175} INFO - Processing /home/humbulani/miniconda3/envs/apache-airflow/lib/python3.8/site-packages/airflow/example_dags/example_branch_datetime_operator.py took 0.156 seconds
[2023-03-28T00:05:07.788+0200] {processor.py:153} INFO - Started process (PID=22606) to work on /home/humbulani/miniconda3/envs/apache-airflow/lib/python3.8/site-packages/airflow/example_dags/example_branch_datetime_operator.py
[2023-03-28T00:05:07.789+0200] {processor.py:743} INFO - Processing file /home/humbulani/miniconda3/envs/apache-airflow/lib/python3.8/site-packages/airflow/example_dags/example_branch_datetime_operator.py for tasks to queue
[2023-03-28T00:05:07.790+0200] {logging_mixin.py:137} INFO - [2023-03-28T00:05:07.790+0200] {dagbag.py:532} INFO - Filling up the DagBag from /home/humbulani/miniconda3/envs/apache-airflow/lib/python3.8/site-packages/airflow/example_dags/example_branch_datetime_operator.py
[2023-03-28T00:05:07.805+0200] {processor.py:753} INFO - DAG(s) dict_keys(['example_branch_datetime_operator_3', 'example_branch_datetime_operator_2', 'example_branch_datetime_operator']) retrieved from /home/humbulani/miniconda3/envs/apache-airflow/lib/python3.8/site-packages/airflow/example_dags/example_branch_datetime_operator.py
[2023-03-28T00:05:07.826+0200] {logging_mixin.py:137} INFO - [2023-03-28T00:05:07.826+0200] {dag.py:2693} INFO - Sync 3 DAGs
[2023-03-28T00:05:07.849+0200] {logging_mixin.py:137} INFO - [2023-03-28T00:05:07.848+0200] {dag.py:3440} INFO - Setting next_dagrun for example_branch_datetime_operator to 2023-03-26T00:00:00+00:00, run_after=2023-03-27T00:00:00+00:00
[2023-03-28T00:05:07.853+0200] {logging_mixin.py:137} INFO - [2023-03-28T00:05:07.853+0200] {dag.py:3440} INFO - Setting next_dagrun for example_branch_datetime_operator_2 to 2023-03-26T00:00:00+00:00, run_after=2023-03-27T00:00:00+00:00
[2023-03-28T00:05:07.856+0200] {logging_mixin.py:137} INFO - [2023-03-28T00:05:07.856+0200] {dag.py:3440} INFO - Setting next_dagrun for example_branch_datetime_operator_3 to 2023-03-26T00:00:00+00:00, run_after=2023-03-27T00:00:00+00:00
[2023-03-28T00:05:07.960+0200] {processor.py:175} INFO - Processing /home/humbulani/miniconda3/envs/apache-airflow/lib/python3.8/site-packages/airflow/example_dags/example_branch_datetime_operator.py took 0.173 seconds
[2023-03-28T00:05:58.167+0200] {processor.py:153} INFO - Started process (PID=22723) to work on /home/humbulani/miniconda3/envs/apache-airflow/lib/python3.8/site-packages/airflow/example_dags/example_branch_datetime_operator.py
[2023-03-28T00:05:58.187+0200] {processor.py:743} INFO - Processing file /home/humbulani/miniconda3/envs/apache-airflow/lib/python3.8/site-packages/airflow/example_dags/example_branch_datetime_operator.py for tasks to queue
[2023-03-28T00:05:58.188+0200] {logging_mixin.py:137} INFO - [2023-03-28T00:05:58.187+0200] {dagbag.py:532} INFO - Filling up the DagBag from /home/humbulani/miniconda3/envs/apache-airflow/lib/python3.8/site-packages/airflow/example_dags/example_branch_datetime_operator.py
[2023-03-28T00:05:58.203+0200] {processor.py:753} INFO - DAG(s) dict_keys(['example_branch_datetime_operator_2', 'example_branch_datetime_operator_3', 'example_branch_datetime_operator']) retrieved from /home/humbulani/miniconda3/envs/apache-airflow/lib/python3.8/site-packages/airflow/example_dags/example_branch_datetime_operator.py
[2023-03-28T00:05:58.225+0200] {logging_mixin.py:137} INFO - [2023-03-28T00:05:58.225+0200] {dag.py:2693} INFO - Sync 3 DAGs
[2023-03-28T00:05:58.244+0200] {logging_mixin.py:137} INFO - [2023-03-28T00:05:58.244+0200] {dag.py:3440} INFO - Setting next_dagrun for example_branch_datetime_operator to 2023-03-26T00:00:00+00:00, run_after=2023-03-27T00:00:00+00:00
[2023-03-28T00:05:58.248+0200] {logging_mixin.py:137} INFO - [2023-03-28T00:05:58.248+0200] {dag.py:3440} INFO - Setting next_dagrun for example_branch_datetime_operator_2 to 2023-03-26T00:00:00+00:00, run_after=2023-03-27T00:00:00+00:00
[2023-03-28T00:05:58.250+0200] {logging_mixin.py:137} INFO - [2023-03-28T00:05:58.250+0200] {dag.py:3440} INFO - Setting next_dagrun for example_branch_datetime_operator_3 to 2023-03-26T00:00:00+00:00, run_after=2023-03-27T00:00:00+00:00
[2023-03-28T00:05:58.330+0200] {processor.py:175} INFO - Processing /home/humbulani/miniconda3/envs/apache-airflow/lib/python3.8/site-packages/airflow/example_dags/example_branch_datetime_operator.py took 0.164 seconds
[2023-03-28T00:06:43.915+0200] {processor.py:153} INFO - Started process (PID=22774) to work on /home/humbulani/miniconda3/envs/apache-airflow/lib/python3.8/site-packages/airflow/example_dags/example_branch_datetime_operator.py
[2023-03-28T00:06:43.923+0200] {processor.py:743} INFO - Processing file /home/humbulani/miniconda3/envs/apache-airflow/lib/python3.8/site-packages/airflow/example_dags/example_branch_datetime_operator.py for tasks to queue
[2023-03-28T00:06:43.924+0200] {logging_mixin.py:137} INFO - [2023-03-28T00:06:43.924+0200] {dagbag.py:532} INFO - Filling up the DagBag from /home/humbulani/miniconda3/envs/apache-airflow/lib/python3.8/site-packages/airflow/example_dags/example_branch_datetime_operator.py
[2023-03-28T00:06:43.939+0200] {processor.py:753} INFO - DAG(s) dict_keys(['example_branch_datetime_operator_3', 'example_branch_datetime_operator_2', 'example_branch_datetime_operator']) retrieved from /home/humbulani/miniconda3/envs/apache-airflow/lib/python3.8/site-packages/airflow/example_dags/example_branch_datetime_operator.py
[2023-03-28T00:06:43.961+0200] {logging_mixin.py:137} INFO - [2023-03-28T00:06:43.961+0200] {dag.py:2693} INFO - Sync 3 DAGs
[2023-03-28T00:06:43.980+0200] {logging_mixin.py:137} INFO - [2023-03-28T00:06:43.980+0200] {dag.py:3440} INFO - Setting next_dagrun for example_branch_datetime_operator to 2023-03-26T00:00:00+00:00, run_after=2023-03-27T00:00:00+00:00
[2023-03-28T00:06:43.984+0200] {logging_mixin.py:137} INFO - [2023-03-28T00:06:43.984+0200] {dag.py:3440} INFO - Setting next_dagrun for example_branch_datetime_operator_2 to 2023-03-26T00:00:00+00:00, run_after=2023-03-27T00:00:00+00:00
[2023-03-28T00:06:43.986+0200] {logging_mixin.py:137} INFO - [2023-03-28T00:06:43.986+0200] {dag.py:3440} INFO - Setting next_dagrun for example_branch_datetime_operator_3 to 2023-03-26T00:00:00+00:00, run_after=2023-03-27T00:00:00+00:00
[2023-03-28T00:06:44.074+0200] {processor.py:175} INFO - Processing /home/humbulani/miniconda3/envs/apache-airflow/lib/python3.8/site-packages/airflow/example_dags/example_branch_datetime_operator.py took 0.162 seconds
[2023-03-28T00:07:33.393+0200] {processor.py:153} INFO - Started process (PID=22821) to work on /home/humbulani/miniconda3/envs/apache-airflow/lib/python3.8/site-packages/airflow/example_dags/example_branch_datetime_operator.py
[2023-03-28T00:07:33.422+0200] {processor.py:743} INFO - Processing file /home/humbulani/miniconda3/envs/apache-airflow/lib/python3.8/site-packages/airflow/example_dags/example_branch_datetime_operator.py for tasks to queue
[2023-03-28T00:07:33.423+0200] {logging_mixin.py:137} INFO - [2023-03-28T00:07:33.423+0200] {dagbag.py:532} INFO - Filling up the DagBag from /home/humbulani/miniconda3/envs/apache-airflow/lib/python3.8/site-packages/airflow/example_dags/example_branch_datetime_operator.py
[2023-03-28T00:07:33.443+0200] {processor.py:753} INFO - DAG(s) dict_keys(['example_branch_datetime_operator_3', 'example_branch_datetime_operator_2', 'example_branch_datetime_operator']) retrieved from /home/humbulani/miniconda3/envs/apache-airflow/lib/python3.8/site-packages/airflow/example_dags/example_branch_datetime_operator.py
[2023-03-28T00:07:33.469+0200] {logging_mixin.py:137} INFO - [2023-03-28T00:07:33.469+0200] {dag.py:2693} INFO - Sync 3 DAGs
[2023-03-28T00:07:33.488+0200] {logging_mixin.py:137} INFO - [2023-03-28T00:07:33.488+0200] {dag.py:3440} INFO - Setting next_dagrun for example_branch_datetime_operator to 2023-03-26T00:00:00+00:00, run_after=2023-03-27T00:00:00+00:00
[2023-03-28T00:07:33.492+0200] {logging_mixin.py:137} INFO - [2023-03-28T00:07:33.492+0200] {dag.py:3440} INFO - Setting next_dagrun for example_branch_datetime_operator_2 to 2023-03-26T00:00:00+00:00, run_after=2023-03-27T00:00:00+00:00
[2023-03-28T00:07:33.494+0200] {logging_mixin.py:137} INFO - [2023-03-28T00:07:33.494+0200] {dag.py:3440} INFO - Setting next_dagrun for example_branch_datetime_operator_3 to 2023-03-26T00:00:00+00:00, run_after=2023-03-27T00:00:00+00:00
[2023-03-28T00:07:33.585+0200] {processor.py:175} INFO - Processing /home/humbulani/miniconda3/envs/apache-airflow/lib/python3.8/site-packages/airflow/example_dags/example_branch_datetime_operator.py took 0.195 seconds
[2023-03-28T00:08:25.255+0200] {processor.py:153} INFO - Started process (PID=22922) to work on /home/humbulani/miniconda3/envs/apache-airflow/lib/python3.8/site-packages/airflow/example_dags/example_branch_datetime_operator.py
[2023-03-28T00:08:25.267+0200] {processor.py:743} INFO - Processing file /home/humbulani/miniconda3/envs/apache-airflow/lib/python3.8/site-packages/airflow/example_dags/example_branch_datetime_operator.py for tasks to queue
[2023-03-28T00:08:25.268+0200] {logging_mixin.py:137} INFO - [2023-03-28T00:08:25.268+0200] {dagbag.py:532} INFO - Filling up the DagBag from /home/humbulani/miniconda3/envs/apache-airflow/lib/python3.8/site-packages/airflow/example_dags/example_branch_datetime_operator.py
[2023-03-28T00:08:25.284+0200] {processor.py:753} INFO - DAG(s) dict_keys(['example_branch_datetime_operator_3', 'example_branch_datetime_operator_2', 'example_branch_datetime_operator']) retrieved from /home/humbulani/miniconda3/envs/apache-airflow/lib/python3.8/site-packages/airflow/example_dags/example_branch_datetime_operator.py
[2023-03-28T00:08:25.306+0200] {logging_mixin.py:137} INFO - [2023-03-28T00:08:25.306+0200] {dag.py:2693} INFO - Sync 3 DAGs
[2023-03-28T00:08:25.327+0200] {logging_mixin.py:137} INFO - [2023-03-28T00:08:25.327+0200] {dag.py:3440} INFO - Setting next_dagrun for example_branch_datetime_operator to 2023-03-26T00:00:00+00:00, run_after=2023-03-27T00:00:00+00:00
[2023-03-28T00:08:25.331+0200] {logging_mixin.py:137} INFO - [2023-03-28T00:08:25.331+0200] {dag.py:3440} INFO - Setting next_dagrun for example_branch_datetime_operator_2 to 2023-03-26T00:00:00+00:00, run_after=2023-03-27T00:00:00+00:00
[2023-03-28T00:08:25.333+0200] {logging_mixin.py:137} INFO - [2023-03-28T00:08:25.333+0200] {dag.py:3440} INFO - Setting next_dagrun for example_branch_datetime_operator_3 to 2023-03-26T00:00:00+00:00, run_after=2023-03-27T00:00:00+00:00
[2023-03-28T00:08:25.423+0200] {processor.py:175} INFO - Processing /home/humbulani/miniconda3/envs/apache-airflow/lib/python3.8/site-packages/airflow/example_dags/example_branch_datetime_operator.py took 0.171 seconds
[2023-03-28T00:09:23.886+0200] {processor.py:153} INFO - Started process (PID=22982) to work on /home/humbulani/miniconda3/envs/apache-airflow/lib/python3.8/site-packages/airflow/example_dags/example_branch_datetime_operator.py
[2023-03-28T00:09:23.904+0200] {processor.py:743} INFO - Processing file /home/humbulani/miniconda3/envs/apache-airflow/lib/python3.8/site-packages/airflow/example_dags/example_branch_datetime_operator.py for tasks to queue
[2023-03-28T00:09:23.905+0200] {logging_mixin.py:137} INFO - [2023-03-28T00:09:23.905+0200] {dagbag.py:532} INFO - Filling up the DagBag from /home/humbulani/miniconda3/envs/apache-airflow/lib/python3.8/site-packages/airflow/example_dags/example_branch_datetime_operator.py
[2023-03-28T00:09:23.923+0200] {processor.py:753} INFO - DAG(s) dict_keys(['example_branch_datetime_operator_3', 'example_branch_datetime_operator', 'example_branch_datetime_operator_2']) retrieved from /home/humbulani/miniconda3/envs/apache-airflow/lib/python3.8/site-packages/airflow/example_dags/example_branch_datetime_operator.py
[2023-03-28T00:09:23.948+0200] {logging_mixin.py:137} INFO - [2023-03-28T00:09:23.948+0200] {dag.py:2693} INFO - Sync 3 DAGs
[2023-03-28T00:09:24.054+0200] {logging_mixin.py:137} INFO - [2023-03-28T00:09:24.054+0200] {dag.py:3440} INFO - Setting next_dagrun for example_branch_datetime_operator to 2023-03-26T00:00:00+00:00, run_after=2023-03-27T00:00:00+00:00
[2023-03-28T00:09:24.059+0200] {logging_mixin.py:137} INFO - [2023-03-28T00:09:24.058+0200] {dag.py:3440} INFO - Setting next_dagrun for example_branch_datetime_operator_2 to 2023-03-26T00:00:00+00:00, run_after=2023-03-27T00:00:00+00:00
[2023-03-28T00:09:24.061+0200] {logging_mixin.py:137} INFO - [2023-03-28T00:09:24.061+0200] {dag.py:3440} INFO - Setting next_dagrun for example_branch_datetime_operator_3 to 2023-03-26T00:00:00+00:00, run_after=2023-03-27T00:00:00+00:00
[2023-03-28T00:09:24.159+0200] {processor.py:175} INFO - Processing /home/humbulani/miniconda3/envs/apache-airflow/lib/python3.8/site-packages/airflow/example_dags/example_branch_datetime_operator.py took 0.275 seconds
[2023-03-28T00:10:24.463+0200] {processor.py:153} INFO - Started process (PID=23035) to work on /home/humbulani/miniconda3/envs/apache-airflow/lib/python3.8/site-packages/airflow/example_dags/example_branch_datetime_operator.py
[2023-03-28T00:10:24.464+0200] {processor.py:743} INFO - Processing file /home/humbulani/miniconda3/envs/apache-airflow/lib/python3.8/site-packages/airflow/example_dags/example_branch_datetime_operator.py for tasks to queue
[2023-03-28T00:10:24.465+0200] {logging_mixin.py:137} INFO - [2023-03-28T00:10:24.465+0200] {dagbag.py:532} INFO - Filling up the DagBag from /home/humbulani/miniconda3/envs/apache-airflow/lib/python3.8/site-packages/airflow/example_dags/example_branch_datetime_operator.py
[2023-03-28T00:10:24.483+0200] {processor.py:753} INFO - DAG(s) dict_keys(['example_branch_datetime_operator', 'example_branch_datetime_operator_3', 'example_branch_datetime_operator_2']) retrieved from /home/humbulani/miniconda3/envs/apache-airflow/lib/python3.8/site-packages/airflow/example_dags/example_branch_datetime_operator.py
[2023-03-28T00:10:24.585+0200] {logging_mixin.py:137} INFO - [2023-03-28T00:10:24.584+0200] {dag.py:2693} INFO - Sync 3 DAGs
[2023-03-28T00:10:24.601+0200] {logging_mixin.py:137} INFO - [2023-03-28T00:10:24.601+0200] {dag.py:3440} INFO - Setting next_dagrun for example_branch_datetime_operator to 2023-03-26T00:00:00+00:00, run_after=2023-03-27T00:00:00+00:00
[2023-03-28T00:10:24.605+0200] {logging_mixin.py:137} INFO - [2023-03-28T00:10:24.605+0200] {dag.py:3440} INFO - Setting next_dagrun for example_branch_datetime_operator_2 to 2023-03-26T00:00:00+00:00, run_after=2023-03-27T00:00:00+00:00
[2023-03-28T00:10:24.608+0200] {logging_mixin.py:137} INFO - [2023-03-28T00:10:24.608+0200] {dag.py:3440} INFO - Setting next_dagrun for example_branch_datetime_operator_3 to 2023-03-26T00:00:00+00:00, run_after=2023-03-27T00:00:00+00:00
[2023-03-28T00:10:24.688+0200] {processor.py:175} INFO - Processing /home/humbulani/miniconda3/envs/apache-airflow/lib/python3.8/site-packages/airflow/example_dags/example_branch_datetime_operator.py took 0.226 seconds
[2023-03-28T00:11:28.436+0200] {processor.py:153} INFO - Started process (PID=23092) to work on /home/humbulani/miniconda3/envs/apache-airflow/lib/python3.8/site-packages/airflow/example_dags/example_branch_datetime_operator.py
[2023-03-28T00:11:28.449+0200] {processor.py:743} INFO - Processing file /home/humbulani/miniconda3/envs/apache-airflow/lib/python3.8/site-packages/airflow/example_dags/example_branch_datetime_operator.py for tasks to queue
[2023-03-28T00:11:28.450+0200] {logging_mixin.py:137} INFO - [2023-03-28T00:11:28.450+0200] {dagbag.py:532} INFO - Filling up the DagBag from /home/humbulani/miniconda3/envs/apache-airflow/lib/python3.8/site-packages/airflow/example_dags/example_branch_datetime_operator.py
[2023-03-28T00:11:28.466+0200] {processor.py:753} INFO - DAG(s) dict_keys(['example_branch_datetime_operator', 'example_branch_datetime_operator_3', 'example_branch_datetime_operator_2']) retrieved from /home/humbulani/miniconda3/envs/apache-airflow/lib/python3.8/site-packages/airflow/example_dags/example_branch_datetime_operator.py
[2023-03-28T00:11:28.566+0200] {logging_mixin.py:137} INFO - [2023-03-28T00:11:28.566+0200] {dag.py:2693} INFO - Sync 3 DAGs
[2023-03-28T00:11:28.583+0200] {logging_mixin.py:137} INFO - [2023-03-28T00:11:28.583+0200] {dag.py:3440} INFO - Setting next_dagrun for example_branch_datetime_operator to 2023-03-26T00:00:00+00:00, run_after=2023-03-27T00:00:00+00:00
[2023-03-28T00:11:28.587+0200] {logging_mixin.py:137} INFO - [2023-03-28T00:11:28.587+0200] {dag.py:3440} INFO - Setting next_dagrun for example_branch_datetime_operator_2 to 2023-03-26T00:00:00+00:00, run_after=2023-03-27T00:00:00+00:00
[2023-03-28T00:11:28.589+0200] {logging_mixin.py:137} INFO - [2023-03-28T00:11:28.589+0200] {dag.py:3440} INFO - Setting next_dagrun for example_branch_datetime_operator_3 to 2023-03-26T00:00:00+00:00, run_after=2023-03-27T00:00:00+00:00
[2023-03-28T00:11:28.680+0200] {processor.py:175} INFO - Processing /home/humbulani/miniconda3/envs/apache-airflow/lib/python3.8/site-packages/airflow/example_dags/example_branch_datetime_operator.py took 0.246 seconds
[2023-03-28T00:12:34.232+0200] {processor.py:153} INFO - Started process (PID=23146) to work on /home/humbulani/miniconda3/envs/apache-airflow/lib/python3.8/site-packages/airflow/example_dags/example_branch_datetime_operator.py
[2023-03-28T00:12:34.245+0200] {processor.py:743} INFO - Processing file /home/humbulani/miniconda3/envs/apache-airflow/lib/python3.8/site-packages/airflow/example_dags/example_branch_datetime_operator.py for tasks to queue
[2023-03-28T00:12:34.246+0200] {logging_mixin.py:137} INFO - [2023-03-28T00:12:34.246+0200] {dagbag.py:532} INFO - Filling up the DagBag from /home/humbulani/miniconda3/envs/apache-airflow/lib/python3.8/site-packages/airflow/example_dags/example_branch_datetime_operator.py
[2023-03-28T00:12:34.265+0200] {processor.py:753} INFO - DAG(s) dict_keys(['example_branch_datetime_operator', 'example_branch_datetime_operator_2', 'example_branch_datetime_operator_3']) retrieved from /home/humbulani/miniconda3/envs/apache-airflow/lib/python3.8/site-packages/airflow/example_dags/example_branch_datetime_operator.py
[2023-03-28T00:12:34.288+0200] {logging_mixin.py:137} INFO - [2023-03-28T00:12:34.287+0200] {dag.py:2693} INFO - Sync 3 DAGs
[2023-03-28T00:12:34.307+0200] {logging_mixin.py:137} INFO - [2023-03-28T00:12:34.307+0200] {dag.py:3440} INFO - Setting next_dagrun for example_branch_datetime_operator to 2023-03-26T00:00:00+00:00, run_after=2023-03-27T00:00:00+00:00
[2023-03-28T00:12:34.311+0200] {logging_mixin.py:137} INFO - [2023-03-28T00:12:34.311+0200] {dag.py:3440} INFO - Setting next_dagrun for example_branch_datetime_operator_2 to 2023-03-26T00:00:00+00:00, run_after=2023-03-27T00:00:00+00:00
[2023-03-28T00:12:34.313+0200] {logging_mixin.py:137} INFO - [2023-03-28T00:12:34.313+0200] {dag.py:3440} INFO - Setting next_dagrun for example_branch_datetime_operator_3 to 2023-03-26T00:00:00+00:00, run_after=2023-03-27T00:00:00+00:00
[2023-03-28T00:12:34.398+0200] {processor.py:175} INFO - Processing /home/humbulani/miniconda3/envs/apache-airflow/lib/python3.8/site-packages/airflow/example_dags/example_branch_datetime_operator.py took 0.169 seconds
[2023-03-28T00:13:20.389+0200] {processor.py:153} INFO - Started process (PID=23219) to work on /home/humbulani/miniconda3/envs/apache-airflow/lib/python3.8/site-packages/airflow/example_dags/example_branch_datetime_operator.py
[2023-03-28T00:13:20.409+0200] {processor.py:743} INFO - Processing file /home/humbulani/miniconda3/envs/apache-airflow/lib/python3.8/site-packages/airflow/example_dags/example_branch_datetime_operator.py for tasks to queue
[2023-03-28T00:13:20.410+0200] {logging_mixin.py:137} INFO - [2023-03-28T00:13:20.410+0200] {dagbag.py:532} INFO - Filling up the DagBag from /home/humbulani/miniconda3/envs/apache-airflow/lib/python3.8/site-packages/airflow/example_dags/example_branch_datetime_operator.py
[2023-03-28T00:13:20.429+0200] {processor.py:753} INFO - DAG(s) dict_keys(['example_branch_datetime_operator_3', 'example_branch_datetime_operator', 'example_branch_datetime_operator_2']) retrieved from /home/humbulani/miniconda3/envs/apache-airflow/lib/python3.8/site-packages/airflow/example_dags/example_branch_datetime_operator.py
[2023-03-28T00:13:20.465+0200] {logging_mixin.py:137} INFO - [2023-03-28T00:13:20.465+0200] {dag.py:2693} INFO - Sync 3 DAGs
[2023-03-28T00:13:20.491+0200] {logging_mixin.py:137} INFO - [2023-03-28T00:13:20.491+0200] {dag.py:3440} INFO - Setting next_dagrun for example_branch_datetime_operator to 2023-03-26T00:00:00+00:00, run_after=2023-03-27T00:00:00+00:00
[2023-03-28T00:13:20.496+0200] {logging_mixin.py:137} INFO - [2023-03-28T00:13:20.496+0200] {dag.py:3440} INFO - Setting next_dagrun for example_branch_datetime_operator_2 to 2023-03-26T00:00:00+00:00, run_after=2023-03-27T00:00:00+00:00
[2023-03-28T00:13:20.499+0200] {logging_mixin.py:137} INFO - [2023-03-28T00:13:20.499+0200] {dag.py:3440} INFO - Setting next_dagrun for example_branch_datetime_operator_3 to 2023-03-26T00:00:00+00:00, run_after=2023-03-27T00:00:00+00:00
[2023-03-28T00:13:20.584+0200] {processor.py:175} INFO - Processing /home/humbulani/miniconda3/envs/apache-airflow/lib/python3.8/site-packages/airflow/example_dags/example_branch_datetime_operator.py took 0.197 seconds
[2023-03-28T00:14:04.603+0200] {processor.py:153} INFO - Started process (PID=23269) to work on /home/humbulani/miniconda3/envs/apache-airflow/lib/python3.8/site-packages/airflow/example_dags/example_branch_datetime_operator.py
[2023-03-28T00:14:04.621+0200] {processor.py:743} INFO - Processing file /home/humbulani/miniconda3/envs/apache-airflow/lib/python3.8/site-packages/airflow/example_dags/example_branch_datetime_operator.py for tasks to queue
[2023-03-28T00:14:04.621+0200] {logging_mixin.py:137} INFO - [2023-03-28T00:14:04.621+0200] {dagbag.py:532} INFO - Filling up the DagBag from /home/humbulani/miniconda3/envs/apache-airflow/lib/python3.8/site-packages/airflow/example_dags/example_branch_datetime_operator.py
[2023-03-28T00:14:04.638+0200] {processor.py:753} INFO - DAG(s) dict_keys(['example_branch_datetime_operator_2', 'example_branch_datetime_operator_3', 'example_branch_datetime_operator']) retrieved from /home/humbulani/miniconda3/envs/apache-airflow/lib/python3.8/site-packages/airflow/example_dags/example_branch_datetime_operator.py
[2023-03-28T00:14:04.662+0200] {logging_mixin.py:137} INFO - [2023-03-28T00:14:04.662+0200] {dag.py:2693} INFO - Sync 3 DAGs
[2023-03-28T00:14:04.680+0200] {logging_mixin.py:137} INFO - [2023-03-28T00:14:04.680+0200] {dag.py:3440} INFO - Setting next_dagrun for example_branch_datetime_operator to 2023-03-26T00:00:00+00:00, run_after=2023-03-27T00:00:00+00:00
[2023-03-28T00:14:04.684+0200] {logging_mixin.py:137} INFO - [2023-03-28T00:14:04.684+0200] {dag.py:3440} INFO - Setting next_dagrun for example_branch_datetime_operator_2 to 2023-03-26T00:00:00+00:00, run_after=2023-03-27T00:00:00+00:00
[2023-03-28T00:14:04.687+0200] {logging_mixin.py:137} INFO - [2023-03-28T00:14:04.687+0200] {dag.py:3440} INFO - Setting next_dagrun for example_branch_datetime_operator_3 to 2023-03-26T00:00:00+00:00, run_after=2023-03-27T00:00:00+00:00
[2023-03-28T00:14:04.778+0200] {processor.py:175} INFO - Processing /home/humbulani/miniconda3/envs/apache-airflow/lib/python3.8/site-packages/airflow/example_dags/example_branch_datetime_operator.py took 0.177 seconds
[2023-03-28T00:14:52.321+0200] {processor.py:153} INFO - Started process (PID=23318) to work on /home/humbulani/miniconda3/envs/apache-airflow/lib/python3.8/site-packages/airflow/example_dags/example_branch_datetime_operator.py
[2023-03-28T00:14:52.321+0200] {processor.py:743} INFO - Processing file /home/humbulani/miniconda3/envs/apache-airflow/lib/python3.8/site-packages/airflow/example_dags/example_branch_datetime_operator.py for tasks to queue
[2023-03-28T00:14:52.322+0200] {logging_mixin.py:137} INFO - [2023-03-28T00:14:52.322+0200] {dagbag.py:532} INFO - Filling up the DagBag from /home/humbulani/miniconda3/envs/apache-airflow/lib/python3.8/site-packages/airflow/example_dags/example_branch_datetime_operator.py
[2023-03-28T00:14:52.337+0200] {processor.py:753} INFO - DAG(s) dict_keys(['example_branch_datetime_operator', 'example_branch_datetime_operator_3', 'example_branch_datetime_operator_2']) retrieved from /home/humbulani/miniconda3/envs/apache-airflow/lib/python3.8/site-packages/airflow/example_dags/example_branch_datetime_operator.py
[2023-03-28T00:14:52.359+0200] {logging_mixin.py:137} INFO - [2023-03-28T00:14:52.359+0200] {dag.py:2693} INFO - Sync 3 DAGs
[2023-03-28T00:14:52.377+0200] {logging_mixin.py:137} INFO - [2023-03-28T00:14:52.377+0200] {dag.py:3440} INFO - Setting next_dagrun for example_branch_datetime_operator to 2023-03-26T00:00:00+00:00, run_after=2023-03-27T00:00:00+00:00
[2023-03-28T00:14:52.381+0200] {logging_mixin.py:137} INFO - [2023-03-28T00:14:52.381+0200] {dag.py:3440} INFO - Setting next_dagrun for example_branch_datetime_operator_2 to 2023-03-26T00:00:00+00:00, run_after=2023-03-27T00:00:00+00:00
[2023-03-28T00:14:52.383+0200] {logging_mixin.py:137} INFO - [2023-03-28T00:14:52.383+0200] {dag.py:3440} INFO - Setting next_dagrun for example_branch_datetime_operator_3 to 2023-03-26T00:00:00+00:00, run_after=2023-03-27T00:00:00+00:00
[2023-03-28T00:14:52.466+0200] {processor.py:175} INFO - Processing /home/humbulani/miniconda3/envs/apache-airflow/lib/python3.8/site-packages/airflow/example_dags/example_branch_datetime_operator.py took 0.148 seconds
[2023-03-28T00:15:39.278+0200] {processor.py:153} INFO - Started process (PID=23389) to work on /home/humbulani/miniconda3/envs/apache-airflow/lib/python3.8/site-packages/airflow/example_dags/example_branch_datetime_operator.py
[2023-03-28T00:15:39.279+0200] {processor.py:743} INFO - Processing file /home/humbulani/miniconda3/envs/apache-airflow/lib/python3.8/site-packages/airflow/example_dags/example_branch_datetime_operator.py for tasks to queue
[2023-03-28T00:15:39.280+0200] {logging_mixin.py:137} INFO - [2023-03-28T00:15:39.280+0200] {dagbag.py:532} INFO - Filling up the DagBag from /home/humbulani/miniconda3/envs/apache-airflow/lib/python3.8/site-packages/airflow/example_dags/example_branch_datetime_operator.py
[2023-03-28T00:15:39.296+0200] {processor.py:753} INFO - DAG(s) dict_keys(['example_branch_datetime_operator', 'example_branch_datetime_operator_3', 'example_branch_datetime_operator_2']) retrieved from /home/humbulani/miniconda3/envs/apache-airflow/lib/python3.8/site-packages/airflow/example_dags/example_branch_datetime_operator.py
[2023-03-28T00:15:39.318+0200] {logging_mixin.py:137} INFO - [2023-03-28T00:15:39.318+0200] {dag.py:2693} INFO - Sync 3 DAGs
[2023-03-28T00:15:39.337+0200] {logging_mixin.py:137} INFO - [2023-03-28T00:15:39.337+0200] {dag.py:3440} INFO - Setting next_dagrun for example_branch_datetime_operator to 2023-03-26T00:00:00+00:00, run_after=2023-03-27T00:00:00+00:00
[2023-03-28T00:15:39.341+0200] {logging_mixin.py:137} INFO - [2023-03-28T00:15:39.341+0200] {dag.py:3440} INFO - Setting next_dagrun for example_branch_datetime_operator_2 to 2023-03-26T00:00:00+00:00, run_after=2023-03-27T00:00:00+00:00
[2023-03-28T00:15:39.344+0200] {logging_mixin.py:137} INFO - [2023-03-28T00:15:39.344+0200] {dag.py:3440} INFO - Setting next_dagrun for example_branch_datetime_operator_3 to 2023-03-26T00:00:00+00:00, run_after=2023-03-27T00:00:00+00:00
[2023-03-28T00:15:39.423+0200] {processor.py:175} INFO - Processing /home/humbulani/miniconda3/envs/apache-airflow/lib/python3.8/site-packages/airflow/example_dags/example_branch_datetime_operator.py took 0.147 seconds
[2023-03-28T00:16:25.324+0200] {processor.py:153} INFO - Started process (PID=23455) to work on /home/humbulani/miniconda3/envs/apache-airflow/lib/python3.8/site-packages/airflow/example_dags/example_branch_datetime_operator.py
[2023-03-28T00:16:25.337+0200] {processor.py:743} INFO - Processing file /home/humbulani/miniconda3/envs/apache-airflow/lib/python3.8/site-packages/airflow/example_dags/example_branch_datetime_operator.py for tasks to queue
[2023-03-28T00:16:25.338+0200] {logging_mixin.py:137} INFO - [2023-03-28T00:16:25.338+0200] {dagbag.py:532} INFO - Filling up the DagBag from /home/humbulani/miniconda3/envs/apache-airflow/lib/python3.8/site-packages/airflow/example_dags/example_branch_datetime_operator.py
[2023-03-28T00:16:25.358+0200] {processor.py:753} INFO - DAG(s) dict_keys(['example_branch_datetime_operator', 'example_branch_datetime_operator_3', 'example_branch_datetime_operator_2']) retrieved from /home/humbulani/miniconda3/envs/apache-airflow/lib/python3.8/site-packages/airflow/example_dags/example_branch_datetime_operator.py
[2023-03-28T00:16:25.390+0200] {logging_mixin.py:137} INFO - [2023-03-28T00:16:25.389+0200] {dag.py:2693} INFO - Sync 3 DAGs
[2023-03-28T00:16:25.421+0200] {logging_mixin.py:137} INFO - [2023-03-28T00:16:25.420+0200] {dag.py:3440} INFO - Setting next_dagrun for example_branch_datetime_operator to 2023-03-26T00:00:00+00:00, run_after=2023-03-27T00:00:00+00:00
[2023-03-28T00:16:25.430+0200] {logging_mixin.py:137} INFO - [2023-03-28T00:16:25.430+0200] {dag.py:3440} INFO - Setting next_dagrun for example_branch_datetime_operator_2 to 2023-03-26T00:00:00+00:00, run_after=2023-03-27T00:00:00+00:00
[2023-03-28T00:16:25.434+0200] {logging_mixin.py:137} INFO - [2023-03-28T00:16:25.434+0200] {dag.py:3440} INFO - Setting next_dagrun for example_branch_datetime_operator_3 to 2023-03-26T00:00:00+00:00, run_after=2023-03-27T00:00:00+00:00
[2023-03-28T00:16:25.566+0200] {processor.py:175} INFO - Processing /home/humbulani/miniconda3/envs/apache-airflow/lib/python3.8/site-packages/airflow/example_dags/example_branch_datetime_operator.py took 0.245 seconds
[2023-03-28T00:17:20.806+0200] {processor.py:153} INFO - Started process (PID=23588) to work on /home/humbulani/miniconda3/envs/apache-airflow/lib/python3.8/site-packages/airflow/example_dags/example_branch_datetime_operator.py
[2023-03-28T00:17:20.820+0200] {processor.py:743} INFO - Processing file /home/humbulani/miniconda3/envs/apache-airflow/lib/python3.8/site-packages/airflow/example_dags/example_branch_datetime_operator.py for tasks to queue
[2023-03-28T00:17:20.821+0200] {logging_mixin.py:137} INFO - [2023-03-28T00:17:20.821+0200] {dagbag.py:532} INFO - Filling up the DagBag from /home/humbulani/miniconda3/envs/apache-airflow/lib/python3.8/site-packages/airflow/example_dags/example_branch_datetime_operator.py
[2023-03-28T00:17:20.840+0200] {processor.py:753} INFO - DAG(s) dict_keys(['example_branch_datetime_operator_3', 'example_branch_datetime_operator_2', 'example_branch_datetime_operator']) retrieved from /home/humbulani/miniconda3/envs/apache-airflow/lib/python3.8/site-packages/airflow/example_dags/example_branch_datetime_operator.py
[2023-03-28T00:17:20.865+0200] {logging_mixin.py:137} INFO - [2023-03-28T00:17:20.865+0200] {dag.py:2693} INFO - Sync 3 DAGs
[2023-03-28T00:17:20.887+0200] {logging_mixin.py:137} INFO - [2023-03-28T00:17:20.887+0200] {dag.py:3440} INFO - Setting next_dagrun for example_branch_datetime_operator to 2023-03-26T00:00:00+00:00, run_after=2023-03-27T00:00:00+00:00
[2023-03-28T00:17:20.892+0200] {logging_mixin.py:137} INFO - [2023-03-28T00:17:20.892+0200] {dag.py:3440} INFO - Setting next_dagrun for example_branch_datetime_operator_2 to 2023-03-26T00:00:00+00:00, run_after=2023-03-27T00:00:00+00:00
[2023-03-28T00:17:20.894+0200] {logging_mixin.py:137} INFO - [2023-03-28T00:17:20.894+0200] {dag.py:3440} INFO - Setting next_dagrun for example_branch_datetime_operator_3 to 2023-03-26T00:00:00+00:00, run_after=2023-03-27T00:00:00+00:00
[2023-03-28T00:17:20.989+0200] {processor.py:175} INFO - Processing /home/humbulani/miniconda3/envs/apache-airflow/lib/python3.8/site-packages/airflow/example_dags/example_branch_datetime_operator.py took 0.186 seconds
[2023-03-28T00:18:05.139+0200] {processor.py:153} INFO - Started process (PID=23633) to work on /home/humbulani/miniconda3/envs/apache-airflow/lib/python3.8/site-packages/airflow/example_dags/example_branch_datetime_operator.py
[2023-03-28T00:18:05.139+0200] {processor.py:743} INFO - Processing file /home/humbulani/miniconda3/envs/apache-airflow/lib/python3.8/site-packages/airflow/example_dags/example_branch_datetime_operator.py for tasks to queue
[2023-03-28T00:18:05.140+0200] {logging_mixin.py:137} INFO - [2023-03-28T00:18:05.140+0200] {dagbag.py:532} INFO - Filling up the DagBag from /home/humbulani/miniconda3/envs/apache-airflow/lib/python3.8/site-packages/airflow/example_dags/example_branch_datetime_operator.py
[2023-03-28T00:18:05.156+0200] {processor.py:753} INFO - DAG(s) dict_keys(['example_branch_datetime_operator_2', 'example_branch_datetime_operator_3', 'example_branch_datetime_operator']) retrieved from /home/humbulani/miniconda3/envs/apache-airflow/lib/python3.8/site-packages/airflow/example_dags/example_branch_datetime_operator.py
[2023-03-28T00:18:05.178+0200] {logging_mixin.py:137} INFO - [2023-03-28T00:18:05.177+0200] {dag.py:2693} INFO - Sync 3 DAGs
[2023-03-28T00:18:05.196+0200] {logging_mixin.py:137} INFO - [2023-03-28T00:18:05.196+0200] {dag.py:3440} INFO - Setting next_dagrun for example_branch_datetime_operator to 2023-03-26T00:00:00+00:00, run_after=2023-03-27T00:00:00+00:00
[2023-03-28T00:18:05.200+0200] {logging_mixin.py:137} INFO - [2023-03-28T00:18:05.200+0200] {dag.py:3440} INFO - Setting next_dagrun for example_branch_datetime_operator_2 to 2023-03-26T00:00:00+00:00, run_after=2023-03-27T00:00:00+00:00
[2023-03-28T00:18:05.202+0200] {logging_mixin.py:137} INFO - [2023-03-28T00:18:05.202+0200] {dag.py:3440} INFO - Setting next_dagrun for example_branch_datetime_operator_3 to 2023-03-26T00:00:00+00:00, run_after=2023-03-27T00:00:00+00:00
[2023-03-28T00:18:05.291+0200] {processor.py:175} INFO - Processing /home/humbulani/miniconda3/envs/apache-airflow/lib/python3.8/site-packages/airflow/example_dags/example_branch_datetime_operator.py took 0.155 seconds
[2023-03-28T00:18:48.911+0200] {processor.py:153} INFO - Started process (PID=23675) to work on /home/humbulani/miniconda3/envs/apache-airflow/lib/python3.8/site-packages/airflow/example_dags/example_branch_datetime_operator.py
[2023-03-28T00:18:48.928+0200] {processor.py:743} INFO - Processing file /home/humbulani/miniconda3/envs/apache-airflow/lib/python3.8/site-packages/airflow/example_dags/example_branch_datetime_operator.py for tasks to queue
[2023-03-28T00:18:48.929+0200] {logging_mixin.py:137} INFO - [2023-03-28T00:18:48.929+0200] {dagbag.py:532} INFO - Filling up the DagBag from /home/humbulani/miniconda3/envs/apache-airflow/lib/python3.8/site-packages/airflow/example_dags/example_branch_datetime_operator.py
[2023-03-28T00:18:48.949+0200] {processor.py:753} INFO - DAG(s) dict_keys(['example_branch_datetime_operator_3', 'example_branch_datetime_operator', 'example_branch_datetime_operator_2']) retrieved from /home/humbulani/miniconda3/envs/apache-airflow/lib/python3.8/site-packages/airflow/example_dags/example_branch_datetime_operator.py
[2023-03-28T00:18:48.974+0200] {logging_mixin.py:137} INFO - [2023-03-28T00:18:48.973+0200] {dag.py:2693} INFO - Sync 3 DAGs
[2023-03-28T00:18:48.994+0200] {logging_mixin.py:137} INFO - [2023-03-28T00:18:48.993+0200] {dag.py:3440} INFO - Setting next_dagrun for example_branch_datetime_operator to 2023-03-26T00:00:00+00:00, run_after=2023-03-27T00:00:00+00:00
[2023-03-28T00:18:48.998+0200] {logging_mixin.py:137} INFO - [2023-03-28T00:18:48.998+0200] {dag.py:3440} INFO - Setting next_dagrun for example_branch_datetime_operator_2 to 2023-03-26T00:00:00+00:00, run_after=2023-03-27T00:00:00+00:00
[2023-03-28T00:18:49.000+0200] {logging_mixin.py:137} INFO - [2023-03-28T00:18:49.000+0200] {dag.py:3440} INFO - Setting next_dagrun for example_branch_datetime_operator_3 to 2023-03-26T00:00:00+00:00, run_after=2023-03-27T00:00:00+00:00
[2023-03-28T00:18:49.085+0200] {processor.py:175} INFO - Processing /home/humbulani/miniconda3/envs/apache-airflow/lib/python3.8/site-packages/airflow/example_dags/example_branch_datetime_operator.py took 0.176 seconds
[2023-03-28T00:19:35.308+0200] {processor.py:153} INFO - Started process (PID=23719) to work on /home/humbulani/miniconda3/envs/apache-airflow/lib/python3.8/site-packages/airflow/example_dags/example_branch_datetime_operator.py
[2023-03-28T00:19:35.308+0200] {processor.py:743} INFO - Processing file /home/humbulani/miniconda3/envs/apache-airflow/lib/python3.8/site-packages/airflow/example_dags/example_branch_datetime_operator.py for tasks to queue
[2023-03-28T00:19:35.309+0200] {logging_mixin.py:137} INFO - [2023-03-28T00:19:35.309+0200] {dagbag.py:532} INFO - Filling up the DagBag from /home/humbulani/miniconda3/envs/apache-airflow/lib/python3.8/site-packages/airflow/example_dags/example_branch_datetime_operator.py
[2023-03-28T00:19:35.329+0200] {processor.py:753} INFO - DAG(s) dict_keys(['example_branch_datetime_operator', 'example_branch_datetime_operator_3', 'example_branch_datetime_operator_2']) retrieved from /home/humbulani/miniconda3/envs/apache-airflow/lib/python3.8/site-packages/airflow/example_dags/example_branch_datetime_operator.py
[2023-03-28T00:19:35.354+0200] {logging_mixin.py:137} INFO - [2023-03-28T00:19:35.353+0200] {dag.py:2693} INFO - Sync 3 DAGs
[2023-03-28T00:19:35.374+0200] {logging_mixin.py:137} INFO - [2023-03-28T00:19:35.374+0200] {dag.py:3440} INFO - Setting next_dagrun for example_branch_datetime_operator to 2023-03-26T00:00:00+00:00, run_after=2023-03-27T00:00:00+00:00
[2023-03-28T00:19:35.380+0200] {logging_mixin.py:137} INFO - [2023-03-28T00:19:35.380+0200] {dag.py:3440} INFO - Setting next_dagrun for example_branch_datetime_operator_2 to 2023-03-26T00:00:00+00:00, run_after=2023-03-27T00:00:00+00:00
[2023-03-28T00:19:35.383+0200] {logging_mixin.py:137} INFO - [2023-03-28T00:19:35.382+0200] {dag.py:3440} INFO - Setting next_dagrun for example_branch_datetime_operator_3 to 2023-03-26T00:00:00+00:00, run_after=2023-03-27T00:00:00+00:00
[2023-03-28T00:19:35.468+0200] {processor.py:175} INFO - Processing /home/humbulani/miniconda3/envs/apache-airflow/lib/python3.8/site-packages/airflow/example_dags/example_branch_datetime_operator.py took 0.163 seconds
[2023-03-28T00:20:27.643+0200] {processor.py:153} INFO - Started process (PID=23772) to work on /home/humbulani/miniconda3/envs/apache-airflow/lib/python3.8/site-packages/airflow/example_dags/example_branch_datetime_operator.py
[2023-03-28T00:20:27.644+0200] {processor.py:743} INFO - Processing file /home/humbulani/miniconda3/envs/apache-airflow/lib/python3.8/site-packages/airflow/example_dags/example_branch_datetime_operator.py for tasks to queue
[2023-03-28T00:20:27.645+0200] {logging_mixin.py:137} INFO - [2023-03-28T00:20:27.644+0200] {dagbag.py:532} INFO - Filling up the DagBag from /home/humbulani/miniconda3/envs/apache-airflow/lib/python3.8/site-packages/airflow/example_dags/example_branch_datetime_operator.py
[2023-03-28T00:20:27.663+0200] {processor.py:753} INFO - DAG(s) dict_keys(['example_branch_datetime_operator_2', 'example_branch_datetime_operator', 'example_branch_datetime_operator_3']) retrieved from /home/humbulani/miniconda3/envs/apache-airflow/lib/python3.8/site-packages/airflow/example_dags/example_branch_datetime_operator.py
[2023-03-28T00:20:27.684+0200] {logging_mixin.py:137} INFO - [2023-03-28T00:20:27.684+0200] {dag.py:2693} INFO - Sync 3 DAGs
[2023-03-28T00:20:27.705+0200] {logging_mixin.py:137} INFO - [2023-03-28T00:20:27.704+0200] {dag.py:3440} INFO - Setting next_dagrun for example_branch_datetime_operator to 2023-03-26T00:00:00+00:00, run_after=2023-03-27T00:00:00+00:00
[2023-03-28T00:20:27.708+0200] {logging_mixin.py:137} INFO - [2023-03-28T00:20:27.708+0200] {dag.py:3440} INFO - Setting next_dagrun for example_branch_datetime_operator_2 to 2023-03-26T00:00:00+00:00, run_after=2023-03-27T00:00:00+00:00
[2023-03-28T00:20:27.711+0200] {logging_mixin.py:137} INFO - [2023-03-28T00:20:27.711+0200] {dag.py:3440} INFO - Setting next_dagrun for example_branch_datetime_operator_3 to 2023-03-26T00:00:00+00:00, run_after=2023-03-27T00:00:00+00:00
[2023-03-28T00:20:27.798+0200] {processor.py:175} INFO - Processing /home/humbulani/miniconda3/envs/apache-airflow/lib/python3.8/site-packages/airflow/example_dags/example_branch_datetime_operator.py took 0.157 seconds
[2023-03-28T00:21:17.174+0200] {processor.py:153} INFO - Started process (PID=23817) to work on /home/humbulani/miniconda3/envs/apache-airflow/lib/python3.8/site-packages/airflow/example_dags/example_branch_datetime_operator.py
[2023-03-28T00:21:17.197+0200] {processor.py:743} INFO - Processing file /home/humbulani/miniconda3/envs/apache-airflow/lib/python3.8/site-packages/airflow/example_dags/example_branch_datetime_operator.py for tasks to queue
[2023-03-28T00:21:17.198+0200] {logging_mixin.py:137} INFO - [2023-03-28T00:21:17.198+0200] {dagbag.py:532} INFO - Filling up the DagBag from /home/humbulani/miniconda3/envs/apache-airflow/lib/python3.8/site-packages/airflow/example_dags/example_branch_datetime_operator.py
[2023-03-28T00:21:17.214+0200] {processor.py:753} INFO - DAG(s) dict_keys(['example_branch_datetime_operator', 'example_branch_datetime_operator_2', 'example_branch_datetime_operator_3']) retrieved from /home/humbulani/miniconda3/envs/apache-airflow/lib/python3.8/site-packages/airflow/example_dags/example_branch_datetime_operator.py
[2023-03-28T00:21:17.235+0200] {logging_mixin.py:137} INFO - [2023-03-28T00:21:17.235+0200] {dag.py:2693} INFO - Sync 3 DAGs
[2023-03-28T00:21:17.254+0200] {logging_mixin.py:137} INFO - [2023-03-28T00:21:17.254+0200] {dag.py:3440} INFO - Setting next_dagrun for example_branch_datetime_operator to 2023-03-26T00:00:00+00:00, run_after=2023-03-27T00:00:00+00:00
[2023-03-28T00:21:17.258+0200] {logging_mixin.py:137} INFO - [2023-03-28T00:21:17.258+0200] {dag.py:3440} INFO - Setting next_dagrun for example_branch_datetime_operator_2 to 2023-03-26T00:00:00+00:00, run_after=2023-03-27T00:00:00+00:00
[2023-03-28T00:21:17.261+0200] {logging_mixin.py:137} INFO - [2023-03-28T00:21:17.261+0200] {dag.py:3440} INFO - Setting next_dagrun for example_branch_datetime_operator_3 to 2023-03-26T00:00:00+00:00, run_after=2023-03-27T00:00:00+00:00
[2023-03-28T00:21:17.345+0200] {processor.py:175} INFO - Processing /home/humbulani/miniconda3/envs/apache-airflow/lib/python3.8/site-packages/airflow/example_dags/example_branch_datetime_operator.py took 0.174 seconds
