[2023-03-28T00:04:07.337+0200] {processor.py:153} INFO - Started process (PID=22509) to work on /home/humbulani/miniconda3/envs/apache-airflow/lib/python3.8/site-packages/airflow/example_dags/example_latest_only.py
[2023-03-28T00:04:07.337+0200] {processor.py:743} INFO - Processing file /home/humbulani/miniconda3/envs/apache-airflow/lib/python3.8/site-packages/airflow/example_dags/example_latest_only.py for tasks to queue
[2023-03-28T00:04:07.338+0200] {logging_mixin.py:137} INFO - [2023-03-28T00:04:07.338+0200] {dagbag.py:532} INFO - Filling up the DagBag from /home/humbulani/miniconda3/envs/apache-airflow/lib/python3.8/site-packages/airflow/example_dags/example_latest_only.py
[2023-03-28T00:04:07.349+0200] {processor.py:753} INFO - DAG(s) dict_keys(['latest_only']) retrieved from /home/humbulani/miniconda3/envs/apache-airflow/lib/python3.8/site-packages/airflow/example_dags/example_latest_only.py
[2023-03-28T00:04:07.366+0200] {logging_mixin.py:137} INFO - [2023-03-28T00:04:07.366+0200] {dag.py:2693} INFO - Sync 1 DAGs
[2023-03-28T00:04:07.383+0200] {logging_mixin.py:137} INFO - [2023-03-28T00:04:07.383+0200] {dag.py:3440} INFO - Setting next_dagrun for latest_only to 2023-03-27T18:04:07.383266+00:00, run_after=2023-03-27T22:04:07.383266+00:00
[2023-03-28T00:04:07.482+0200] {processor.py:175} INFO - Processing /home/humbulani/miniconda3/envs/apache-airflow/lib/python3.8/site-packages/airflow/example_dags/example_latest_only.py took 0.149 seconds
[2023-03-28T00:04:57.658+0200] {processor.py:153} INFO - Started process (PID=22597) to work on /home/humbulani/miniconda3/envs/apache-airflow/lib/python3.8/site-packages/airflow/example_dags/example_latest_only.py
[2023-03-28T00:04:57.659+0200] {processor.py:743} INFO - Processing file /home/humbulani/miniconda3/envs/apache-airflow/lib/python3.8/site-packages/airflow/example_dags/example_latest_only.py for tasks to queue
[2023-03-28T00:04:57.659+0200] {logging_mixin.py:137} INFO - [2023-03-28T00:04:57.659+0200] {dagbag.py:532} INFO - Filling up the DagBag from /home/humbulani/miniconda3/envs/apache-airflow/lib/python3.8/site-packages/airflow/example_dags/example_latest_only.py
[2023-03-28T00:04:57.670+0200] {processor.py:753} INFO - DAG(s) dict_keys(['latest_only']) retrieved from /home/humbulani/miniconda3/envs/apache-airflow/lib/python3.8/site-packages/airflow/example_dags/example_latest_only.py
[2023-03-28T00:04:57.686+0200] {logging_mixin.py:137} INFO - [2023-03-28T00:04:57.686+0200] {dag.py:2693} INFO - Sync 1 DAGs
[2023-03-28T00:04:57.704+0200] {logging_mixin.py:137} INFO - [2023-03-28T00:04:57.704+0200] {dag.py:3440} INFO - Setting next_dagrun for latest_only to 2023-03-27T18:04:57.704011+00:00, run_after=2023-03-27T22:04:57.704011+00:00
[2023-03-28T00:04:57.785+0200] {processor.py:175} INFO - Processing /home/humbulani/miniconda3/envs/apache-airflow/lib/python3.8/site-packages/airflow/example_dags/example_latest_only.py took 0.129 seconds
[2023-03-28T00:05:42.933+0200] {processor.py:153} INFO - Started process (PID=22658) to work on /home/humbulani/miniconda3/envs/apache-airflow/lib/python3.8/site-packages/airflow/example_dags/example_latest_only.py
[2023-03-28T00:05:42.961+0200] {processor.py:743} INFO - Processing file /home/humbulani/miniconda3/envs/apache-airflow/lib/python3.8/site-packages/airflow/example_dags/example_latest_only.py for tasks to queue
[2023-03-28T00:05:42.962+0200] {logging_mixin.py:137} INFO - [2023-03-28T00:05:42.961+0200] {dagbag.py:532} INFO - Filling up the DagBag from /home/humbulani/miniconda3/envs/apache-airflow/lib/python3.8/site-packages/airflow/example_dags/example_latest_only.py
[2023-03-28T00:05:42.976+0200] {processor.py:753} INFO - DAG(s) dict_keys(['latest_only']) retrieved from /home/humbulani/miniconda3/envs/apache-airflow/lib/python3.8/site-packages/airflow/example_dags/example_latest_only.py
[2023-03-28T00:05:42.994+0200] {logging_mixin.py:137} INFO - [2023-03-28T00:05:42.994+0200] {dag.py:2693} INFO - Sync 1 DAGs
[2023-03-28T00:05:43.015+0200] {logging_mixin.py:137} INFO - [2023-03-28T00:05:43.015+0200] {dag.py:3440} INFO - Setting next_dagrun for latest_only to 2023-03-27T18:05:43.014842+00:00, run_after=2023-03-27T22:05:43.014842+00:00
[2023-03-28T00:05:43.280+0200] {processor.py:175} INFO - Processing /home/humbulani/miniconda3/envs/apache-airflow/lib/python3.8/site-packages/airflow/example_dags/example_latest_only.py took 0.349 seconds
[2023-03-28T00:06:28.658+0200] {processor.py:153} INFO - Started process (PID=22760) to work on /home/humbulani/miniconda3/envs/apache-airflow/lib/python3.8/site-packages/airflow/example_dags/example_latest_only.py
[2023-03-28T00:06:28.715+0200] {processor.py:743} INFO - Processing file /home/humbulani/miniconda3/envs/apache-airflow/lib/python3.8/site-packages/airflow/example_dags/example_latest_only.py for tasks to queue
[2023-03-28T00:06:28.716+0200] {logging_mixin.py:137} INFO - [2023-03-28T00:06:28.716+0200] {dagbag.py:532} INFO - Filling up the DagBag from /home/humbulani/miniconda3/envs/apache-airflow/lib/python3.8/site-packages/airflow/example_dags/example_latest_only.py
[2023-03-28T00:06:28.728+0200] {processor.py:753} INFO - DAG(s) dict_keys(['latest_only']) retrieved from /home/humbulani/miniconda3/envs/apache-airflow/lib/python3.8/site-packages/airflow/example_dags/example_latest_only.py
[2023-03-28T00:06:28.744+0200] {logging_mixin.py:137} INFO - [2023-03-28T00:06:28.743+0200] {dag.py:2693} INFO - Sync 1 DAGs
[2023-03-28T00:06:28.761+0200] {logging_mixin.py:137} INFO - [2023-03-28T00:06:28.760+0200] {dag.py:3440} INFO - Setting next_dagrun for latest_only to 2023-03-27T18:06:28.760727+00:00, run_after=2023-03-27T22:06:28.760727+00:00
[2023-03-28T00:06:28.848+0200] {processor.py:175} INFO - Processing /home/humbulani/miniconda3/envs/apache-airflow/lib/python3.8/site-packages/airflow/example_dags/example_latest_only.py took 0.192 seconds
[2023-03-28T00:07:14.793+0200] {processor.py:153} INFO - Started process (PID=22805) to work on /home/humbulani/miniconda3/envs/apache-airflow/lib/python3.8/site-packages/airflow/example_dags/example_latest_only.py
[2023-03-28T00:07:14.794+0200] {processor.py:743} INFO - Processing file /home/humbulani/miniconda3/envs/apache-airflow/lib/python3.8/site-packages/airflow/example_dags/example_latest_only.py for tasks to queue
[2023-03-28T00:07:14.794+0200] {logging_mixin.py:137} INFO - [2023-03-28T00:07:14.794+0200] {dagbag.py:532} INFO - Filling up the DagBag from /home/humbulani/miniconda3/envs/apache-airflow/lib/python3.8/site-packages/airflow/example_dags/example_latest_only.py
[2023-03-28T00:07:14.806+0200] {processor.py:753} INFO - DAG(s) dict_keys(['latest_only']) retrieved from /home/humbulani/miniconda3/envs/apache-airflow/lib/python3.8/site-packages/airflow/example_dags/example_latest_only.py
[2023-03-28T00:07:14.822+0200] {logging_mixin.py:137} INFO - [2023-03-28T00:07:14.822+0200] {dag.py:2693} INFO - Sync 1 DAGs
[2023-03-28T00:07:14.839+0200] {logging_mixin.py:137} INFO - [2023-03-28T00:07:14.839+0200] {dag.py:3440} INFO - Setting next_dagrun for latest_only to 2023-03-27T18:07:14.839347+00:00, run_after=2023-03-27T22:07:14.839347+00:00
[2023-03-28T00:07:14.909+0200] {processor.py:175} INFO - Processing /home/humbulani/miniconda3/envs/apache-airflow/lib/python3.8/site-packages/airflow/example_dags/example_latest_only.py took 0.119 seconds
[2023-03-28T00:08:09.188+0200] {processor.py:153} INFO - Started process (PID=22905) to work on /home/humbulani/miniconda3/envs/apache-airflow/lib/python3.8/site-packages/airflow/example_dags/example_latest_only.py
[2023-03-28T00:08:09.189+0200] {processor.py:743} INFO - Processing file /home/humbulani/miniconda3/envs/apache-airflow/lib/python3.8/site-packages/airflow/example_dags/example_latest_only.py for tasks to queue
[2023-03-28T00:08:09.190+0200] {logging_mixin.py:137} INFO - [2023-03-28T00:08:09.189+0200] {dagbag.py:532} INFO - Filling up the DagBag from /home/humbulani/miniconda3/envs/apache-airflow/lib/python3.8/site-packages/airflow/example_dags/example_latest_only.py
[2023-03-28T00:08:09.203+0200] {processor.py:753} INFO - DAG(s) dict_keys(['latest_only']) retrieved from /home/humbulani/miniconda3/envs/apache-airflow/lib/python3.8/site-packages/airflow/example_dags/example_latest_only.py
[2023-03-28T00:08:09.219+0200] {logging_mixin.py:137} INFO - [2023-03-28T00:08:09.219+0200] {dag.py:2693} INFO - Sync 1 DAGs
[2023-03-28T00:08:09.237+0200] {logging_mixin.py:137} INFO - [2023-03-28T00:08:09.237+0200] {dag.py:3440} INFO - Setting next_dagrun for latest_only to 2023-03-27T18:08:09.236910+00:00, run_after=2023-03-27T22:08:09.236910+00:00
[2023-03-28T00:08:09.325+0200] {processor.py:175} INFO - Processing /home/humbulani/miniconda3/envs/apache-airflow/lib/python3.8/site-packages/airflow/example_dags/example_latest_only.py took 0.140 seconds
[2023-03-28T00:09:03.741+0200] {processor.py:153} INFO - Started process (PID=22963) to work on /home/humbulani/miniconda3/envs/apache-airflow/lib/python3.8/site-packages/airflow/example_dags/example_latest_only.py
[2023-03-28T00:09:03.753+0200] {processor.py:743} INFO - Processing file /home/humbulani/miniconda3/envs/apache-airflow/lib/python3.8/site-packages/airflow/example_dags/example_latest_only.py for tasks to queue
[2023-03-28T00:09:03.754+0200] {logging_mixin.py:137} INFO - [2023-03-28T00:09:03.754+0200] {dagbag.py:532} INFO - Filling up the DagBag from /home/humbulani/miniconda3/envs/apache-airflow/lib/python3.8/site-packages/airflow/example_dags/example_latest_only.py
[2023-03-28T00:09:03.765+0200] {processor.py:753} INFO - DAG(s) dict_keys(['latest_only']) retrieved from /home/humbulani/miniconda3/envs/apache-airflow/lib/python3.8/site-packages/airflow/example_dags/example_latest_only.py
[2023-03-28T00:09:03.781+0200] {logging_mixin.py:137} INFO - [2023-03-28T00:09:03.781+0200] {dag.py:2693} INFO - Sync 1 DAGs
[2023-03-28T00:09:03.879+0200] {logging_mixin.py:137} INFO - [2023-03-28T00:09:03.879+0200] {dag.py:3440} INFO - Setting next_dagrun for latest_only to 2023-03-27T18:09:03.879026+00:00, run_after=2023-03-27T22:09:03.879026+00:00
[2023-03-28T00:09:03.966+0200] {processor.py:175} INFO - Processing /home/humbulani/miniconda3/envs/apache-airflow/lib/python3.8/site-packages/airflow/example_dags/example_latest_only.py took 0.227 seconds
[2023-03-28T00:10:03.788+0200] {processor.py:153} INFO - Started process (PID=23018) to work on /home/humbulani/miniconda3/envs/apache-airflow/lib/python3.8/site-packages/airflow/example_dags/example_latest_only.py
[2023-03-28T00:10:03.789+0200] {processor.py:743} INFO - Processing file /home/humbulani/miniconda3/envs/apache-airflow/lib/python3.8/site-packages/airflow/example_dags/example_latest_only.py for tasks to queue
[2023-03-28T00:10:03.789+0200] {logging_mixin.py:137} INFO - [2023-03-28T00:10:03.789+0200] {dagbag.py:532} INFO - Filling up the DagBag from /home/humbulani/miniconda3/envs/apache-airflow/lib/python3.8/site-packages/airflow/example_dags/example_latest_only.py
[2023-03-28T00:10:03.803+0200] {processor.py:753} INFO - DAG(s) dict_keys(['latest_only']) retrieved from /home/humbulani/miniconda3/envs/apache-airflow/lib/python3.8/site-packages/airflow/example_dags/example_latest_only.py
[2023-03-28T00:10:03.820+0200] {logging_mixin.py:137} INFO - [2023-03-28T00:10:03.820+0200] {dag.py:2693} INFO - Sync 1 DAGs
[2023-03-28T00:10:03.916+0200] {logging_mixin.py:137} INFO - [2023-03-28T00:10:03.916+0200] {dag.py:3440} INFO - Setting next_dagrun for latest_only to 2023-03-27T18:10:03.916210+00:00, run_after=2023-03-27T22:10:03.916210+00:00
[2023-03-28T00:10:04.013+0200] {processor.py:175} INFO - Processing /home/humbulani/miniconda3/envs/apache-airflow/lib/python3.8/site-packages/airflow/example_dags/example_latest_only.py took 0.229 seconds
[2023-03-28T00:11:03.719+0200] {processor.py:153} INFO - Started process (PID=23070) to work on /home/humbulani/miniconda3/envs/apache-airflow/lib/python3.8/site-packages/airflow/example_dags/example_latest_only.py
[2023-03-28T00:11:03.720+0200] {processor.py:743} INFO - Processing file /home/humbulani/miniconda3/envs/apache-airflow/lib/python3.8/site-packages/airflow/example_dags/example_latest_only.py for tasks to queue
[2023-03-28T00:11:03.720+0200] {logging_mixin.py:137} INFO - [2023-03-28T00:11:03.720+0200] {dagbag.py:532} INFO - Filling up the DagBag from /home/humbulani/miniconda3/envs/apache-airflow/lib/python3.8/site-packages/airflow/example_dags/example_latest_only.py
[2023-03-28T00:11:03.732+0200] {processor.py:753} INFO - DAG(s) dict_keys(['latest_only']) retrieved from /home/humbulani/miniconda3/envs/apache-airflow/lib/python3.8/site-packages/airflow/example_dags/example_latest_only.py
[2023-03-28T00:11:03.826+0200] {logging_mixin.py:137} INFO - [2023-03-28T00:11:03.826+0200] {dag.py:2693} INFO - Sync 1 DAGs
[2023-03-28T00:11:03.841+0200] {logging_mixin.py:137} INFO - [2023-03-28T00:11:03.841+0200] {dag.py:3440} INFO - Setting next_dagrun for latest_only to 2023-03-27T18:11:03.841281+00:00, run_after=2023-03-27T22:11:03.841281+00:00
[2023-03-28T00:11:04.053+0200] {processor.py:175} INFO - Processing /home/humbulani/miniconda3/envs/apache-airflow/lib/python3.8/site-packages/airflow/example_dags/example_latest_only.py took 0.336 seconds
[2023-03-28T00:12:11.428+0200] {processor.py:153} INFO - Started process (PID=23125) to work on /home/humbulani/miniconda3/envs/apache-airflow/lib/python3.8/site-packages/airflow/example_dags/example_latest_only.py
[2023-03-28T00:12:11.449+0200] {processor.py:743} INFO - Processing file /home/humbulani/miniconda3/envs/apache-airflow/lib/python3.8/site-packages/airflow/example_dags/example_latest_only.py for tasks to queue
[2023-03-28T00:12:11.450+0200] {logging_mixin.py:137} INFO - [2023-03-28T00:12:11.450+0200] {dagbag.py:532} INFO - Filling up the DagBag from /home/humbulani/miniconda3/envs/apache-airflow/lib/python3.8/site-packages/airflow/example_dags/example_latest_only.py
[2023-03-28T00:12:11.544+0200] {processor.py:753} INFO - DAG(s) dict_keys(['latest_only']) retrieved from /home/humbulani/miniconda3/envs/apache-airflow/lib/python3.8/site-packages/airflow/example_dags/example_latest_only.py
[2023-03-28T00:12:11.558+0200] {logging_mixin.py:137} INFO - [2023-03-28T00:12:11.558+0200] {dag.py:2693} INFO - Sync 1 DAGs
[2023-03-28T00:12:11.574+0200] {logging_mixin.py:137} INFO - [2023-03-28T00:12:11.574+0200] {dag.py:3440} INFO - Setting next_dagrun for latest_only to 2023-03-27T18:12:11.573853+00:00, run_after=2023-03-27T22:12:11.573853+00:00
[2023-03-28T00:12:11.652+0200] {processor.py:175} INFO - Processing /home/humbulani/miniconda3/envs/apache-airflow/lib/python3.8/site-packages/airflow/example_dags/example_latest_only.py took 0.226 seconds
[2023-03-28T00:12:54.321+0200] {processor.py:153} INFO - Started process (PID=23191) to work on /home/humbulani/miniconda3/envs/apache-airflow/lib/python3.8/site-packages/airflow/example_dags/example_latest_only.py
[2023-03-28T00:12:54.335+0200] {processor.py:743} INFO - Processing file /home/humbulani/miniconda3/envs/apache-airflow/lib/python3.8/site-packages/airflow/example_dags/example_latest_only.py for tasks to queue
[2023-03-28T00:12:54.336+0200] {logging_mixin.py:137} INFO - [2023-03-28T00:12:54.336+0200] {dagbag.py:532} INFO - Filling up the DagBag from /home/humbulani/miniconda3/envs/apache-airflow/lib/python3.8/site-packages/airflow/example_dags/example_latest_only.py
[2023-03-28T00:12:54.351+0200] {processor.py:753} INFO - DAG(s) dict_keys(['latest_only']) retrieved from /home/humbulani/miniconda3/envs/apache-airflow/lib/python3.8/site-packages/airflow/example_dags/example_latest_only.py
[2023-03-28T00:12:54.371+0200] {logging_mixin.py:137} INFO - [2023-03-28T00:12:54.370+0200] {dag.py:2693} INFO - Sync 1 DAGs
[2023-03-28T00:12:54.389+0200] {logging_mixin.py:137} INFO - [2023-03-28T00:12:54.389+0200] {dag.py:3440} INFO - Setting next_dagrun for latest_only to 2023-03-27T18:12:54.389287+00:00, run_after=2023-03-27T22:12:54.389287+00:00
[2023-03-28T00:12:54.472+0200] {processor.py:175} INFO - Processing /home/humbulani/miniconda3/envs/apache-airflow/lib/python3.8/site-packages/airflow/example_dags/example_latest_only.py took 0.154 seconds
[2023-03-28T00:13:39.552+0200] {processor.py:153} INFO - Started process (PID=23244) to work on /home/humbulani/miniconda3/envs/apache-airflow/lib/python3.8/site-packages/airflow/example_dags/example_latest_only.py
[2023-03-28T00:13:39.563+0200] {processor.py:743} INFO - Processing file /home/humbulani/miniconda3/envs/apache-airflow/lib/python3.8/site-packages/airflow/example_dags/example_latest_only.py for tasks to queue
[2023-03-28T00:13:39.564+0200] {logging_mixin.py:137} INFO - [2023-03-28T00:13:39.564+0200] {dagbag.py:532} INFO - Filling up the DagBag from /home/humbulani/miniconda3/envs/apache-airflow/lib/python3.8/site-packages/airflow/example_dags/example_latest_only.py
[2023-03-28T00:13:39.575+0200] {processor.py:753} INFO - DAG(s) dict_keys(['latest_only']) retrieved from /home/humbulani/miniconda3/envs/apache-airflow/lib/python3.8/site-packages/airflow/example_dags/example_latest_only.py
[2023-03-28T00:13:39.591+0200] {logging_mixin.py:137} INFO - [2023-03-28T00:13:39.590+0200] {dag.py:2693} INFO - Sync 1 DAGs
[2023-03-28T00:13:39.608+0200] {logging_mixin.py:137} INFO - [2023-03-28T00:13:39.608+0200] {dag.py:3440} INFO - Setting next_dagrun for latest_only to 2023-03-27T18:13:39.608322+00:00, run_after=2023-03-27T22:13:39.608322+00:00
[2023-03-28T00:13:39.701+0200] {processor.py:175} INFO - Processing /home/humbulani/miniconda3/envs/apache-airflow/lib/python3.8/site-packages/airflow/example_dags/example_latest_only.py took 0.151 seconds
[2023-03-28T00:14:23.443+0200] {processor.py:153} INFO - Started process (PID=23288) to work on /home/humbulani/miniconda3/envs/apache-airflow/lib/python3.8/site-packages/airflow/example_dags/example_latest_only.py
[2023-03-28T00:14:23.453+0200] {processor.py:743} INFO - Processing file /home/humbulani/miniconda3/envs/apache-airflow/lib/python3.8/site-packages/airflow/example_dags/example_latest_only.py for tasks to queue
[2023-03-28T00:14:23.454+0200] {logging_mixin.py:137} INFO - [2023-03-28T00:14:23.454+0200] {dagbag.py:532} INFO - Filling up the DagBag from /home/humbulani/miniconda3/envs/apache-airflow/lib/python3.8/site-packages/airflow/example_dags/example_latest_only.py
[2023-03-28T00:14:23.466+0200] {processor.py:753} INFO - DAG(s) dict_keys(['latest_only']) retrieved from /home/humbulani/miniconda3/envs/apache-airflow/lib/python3.8/site-packages/airflow/example_dags/example_latest_only.py
[2023-03-28T00:14:23.483+0200] {logging_mixin.py:137} INFO - [2023-03-28T00:14:23.482+0200] {dag.py:2693} INFO - Sync 1 DAGs
[2023-03-28T00:14:23.501+0200] {logging_mixin.py:137} INFO - [2023-03-28T00:14:23.501+0200] {dag.py:3440} INFO - Setting next_dagrun for latest_only to 2023-03-27T18:14:23.501524+00:00, run_after=2023-03-27T22:14:23.501524+00:00
[2023-03-28T00:14:23.587+0200] {processor.py:175} INFO - Processing /home/humbulani/miniconda3/envs/apache-airflow/lib/python3.8/site-packages/airflow/example_dags/example_latest_only.py took 0.147 seconds
[2023-03-28T00:15:12.888+0200] {processor.py:153} INFO - Started process (PID=23339) to work on /home/humbulani/miniconda3/envs/apache-airflow/lib/python3.8/site-packages/airflow/example_dags/example_latest_only.py
[2023-03-28T00:15:12.903+0200] {processor.py:743} INFO - Processing file /home/humbulani/miniconda3/envs/apache-airflow/lib/python3.8/site-packages/airflow/example_dags/example_latest_only.py for tasks to queue
[2023-03-28T00:15:12.904+0200] {logging_mixin.py:137} INFO - [2023-03-28T00:15:12.904+0200] {dagbag.py:532} INFO - Filling up the DagBag from /home/humbulani/miniconda3/envs/apache-airflow/lib/python3.8/site-packages/airflow/example_dags/example_latest_only.py
[2023-03-28T00:15:12.916+0200] {processor.py:753} INFO - DAG(s) dict_keys(['latest_only']) retrieved from /home/humbulani/miniconda3/envs/apache-airflow/lib/python3.8/site-packages/airflow/example_dags/example_latest_only.py
[2023-03-28T00:15:12.931+0200] {logging_mixin.py:137} INFO - [2023-03-28T00:15:12.931+0200] {dag.py:2693} INFO - Sync 1 DAGs
[2023-03-28T00:15:12.948+0200] {logging_mixin.py:137} INFO - [2023-03-28T00:15:12.948+0200] {dag.py:3440} INFO - Setting next_dagrun for latest_only to 2023-03-27T18:15:12.948234+00:00, run_after=2023-03-27T22:15:12.948234+00:00
[2023-03-28T00:15:13.038+0200] {processor.py:175} INFO - Processing /home/humbulani/miniconda3/envs/apache-airflow/lib/python3.8/site-packages/airflow/example_dags/example_latest_only.py took 0.152 seconds
[2023-03-28T00:15:58.653+0200] {processor.py:153} INFO - Started process (PID=23416) to work on /home/humbulani/miniconda3/envs/apache-airflow/lib/python3.8/site-packages/airflow/example_dags/example_latest_only.py
[2023-03-28T00:15:58.664+0200] {processor.py:743} INFO - Processing file /home/humbulani/miniconda3/envs/apache-airflow/lib/python3.8/site-packages/airflow/example_dags/example_latest_only.py for tasks to queue
[2023-03-28T00:15:58.665+0200] {logging_mixin.py:137} INFO - [2023-03-28T00:15:58.665+0200] {dagbag.py:532} INFO - Filling up the DagBag from /home/humbulani/miniconda3/envs/apache-airflow/lib/python3.8/site-packages/airflow/example_dags/example_latest_only.py
[2023-03-28T00:15:58.677+0200] {processor.py:753} INFO - DAG(s) dict_keys(['latest_only']) retrieved from /home/humbulani/miniconda3/envs/apache-airflow/lib/python3.8/site-packages/airflow/example_dags/example_latest_only.py
[2023-03-28T00:15:58.693+0200] {logging_mixin.py:137} INFO - [2023-03-28T00:15:58.693+0200] {dag.py:2693} INFO - Sync 1 DAGs
[2023-03-28T00:15:58.710+0200] {logging_mixin.py:137} INFO - [2023-03-28T00:15:58.710+0200] {dag.py:3440} INFO - Setting next_dagrun for latest_only to 2023-03-27T18:15:58.710203+00:00, run_after=2023-03-27T22:15:58.710203+00:00
[2023-03-28T00:15:58.802+0200] {processor.py:175} INFO - Processing /home/humbulani/miniconda3/envs/apache-airflow/lib/python3.8/site-packages/airflow/example_dags/example_latest_only.py took 0.151 seconds
[2023-03-28T00:16:50.444+0200] {processor.py:153} INFO - Started process (PID=23519) to work on /home/humbulani/miniconda3/envs/apache-airflow/lib/python3.8/site-packages/airflow/example_dags/example_latest_only.py
[2023-03-28T00:16:50.456+0200] {processor.py:743} INFO - Processing file /home/humbulani/miniconda3/envs/apache-airflow/lib/python3.8/site-packages/airflow/example_dags/example_latest_only.py for tasks to queue
[2023-03-28T00:16:50.456+0200] {logging_mixin.py:137} INFO - [2023-03-28T00:16:50.456+0200] {dagbag.py:532} INFO - Filling up the DagBag from /home/humbulani/miniconda3/envs/apache-airflow/lib/python3.8/site-packages/airflow/example_dags/example_latest_only.py
[2023-03-28T00:16:50.469+0200] {processor.py:753} INFO - DAG(s) dict_keys(['latest_only']) retrieved from /home/humbulani/miniconda3/envs/apache-airflow/lib/python3.8/site-packages/airflow/example_dags/example_latest_only.py
[2023-03-28T00:16:50.485+0200] {logging_mixin.py:137} INFO - [2023-03-28T00:16:50.484+0200] {dag.py:2693} INFO - Sync 1 DAGs
[2023-03-28T00:16:50.502+0200] {logging_mixin.py:137} INFO - [2023-03-28T00:16:50.502+0200] {dag.py:3440} INFO - Setting next_dagrun for latest_only to 2023-03-27T18:16:50.502593+00:00, run_after=2023-03-27T22:16:50.502593+00:00
[2023-03-28T00:16:50.585+0200] {processor.py:175} INFO - Processing /home/humbulani/miniconda3/envs/apache-airflow/lib/python3.8/site-packages/airflow/example_dags/example_latest_only.py took 0.144 seconds
[2023-03-28T00:17:39.967+0200] {processor.py:153} INFO - Started process (PID=23606) to work on /home/humbulani/miniconda3/envs/apache-airflow/lib/python3.8/site-packages/airflow/example_dags/example_latest_only.py
[2023-03-28T00:17:39.979+0200] {processor.py:743} INFO - Processing file /home/humbulani/miniconda3/envs/apache-airflow/lib/python3.8/site-packages/airflow/example_dags/example_latest_only.py for tasks to queue
[2023-03-28T00:17:39.980+0200] {logging_mixin.py:137} INFO - [2023-03-28T00:17:39.980+0200] {dagbag.py:532} INFO - Filling up the DagBag from /home/humbulani/miniconda3/envs/apache-airflow/lib/python3.8/site-packages/airflow/example_dags/example_latest_only.py
[2023-03-28T00:17:39.992+0200] {processor.py:753} INFO - DAG(s) dict_keys(['latest_only']) retrieved from /home/humbulani/miniconda3/envs/apache-airflow/lib/python3.8/site-packages/airflow/example_dags/example_latest_only.py
[2023-03-28T00:17:40.009+0200] {logging_mixin.py:137} INFO - [2023-03-28T00:17:40.009+0200] {dag.py:2693} INFO - Sync 1 DAGs
[2023-03-28T00:17:40.027+0200] {logging_mixin.py:137} INFO - [2023-03-28T00:17:40.027+0200] {dag.py:3440} INFO - Setting next_dagrun for latest_only to 2023-03-27T18:17:40.027429+00:00, run_after=2023-03-27T22:17:40.027429+00:00
[2023-03-28T00:17:40.125+0200] {processor.py:175} INFO - Processing /home/humbulani/miniconda3/envs/apache-airflow/lib/python3.8/site-packages/airflow/example_dags/example_latest_only.py took 0.161 seconds
[2023-03-28T00:18:23.773+0200] {processor.py:153} INFO - Started process (PID=23651) to work on /home/humbulani/miniconda3/envs/apache-airflow/lib/python3.8/site-packages/airflow/example_dags/example_latest_only.py
[2023-03-28T00:18:23.784+0200] {processor.py:743} INFO - Processing file /home/humbulani/miniconda3/envs/apache-airflow/lib/python3.8/site-packages/airflow/example_dags/example_latest_only.py for tasks to queue
[2023-03-28T00:18:23.784+0200] {logging_mixin.py:137} INFO - [2023-03-28T00:18:23.784+0200] {dagbag.py:532} INFO - Filling up the DagBag from /home/humbulani/miniconda3/envs/apache-airflow/lib/python3.8/site-packages/airflow/example_dags/example_latest_only.py
[2023-03-28T00:18:23.796+0200] {processor.py:753} INFO - DAG(s) dict_keys(['latest_only']) retrieved from /home/humbulani/miniconda3/envs/apache-airflow/lib/python3.8/site-packages/airflow/example_dags/example_latest_only.py
[2023-03-28T00:18:23.812+0200] {logging_mixin.py:137} INFO - [2023-03-28T00:18:23.812+0200] {dag.py:2693} INFO - Sync 1 DAGs
[2023-03-28T00:18:23.829+0200] {logging_mixin.py:137} INFO - [2023-03-28T00:18:23.828+0200] {dag.py:3440} INFO - Setting next_dagrun for latest_only to 2023-03-27T18:18:23.828787+00:00, run_after=2023-03-27T22:18:23.828787+00:00
[2023-03-28T00:18:23.906+0200] {processor.py:175} INFO - Processing /home/humbulani/miniconda3/envs/apache-airflow/lib/python3.8/site-packages/airflow/example_dags/example_latest_only.py took 0.136 seconds
[2023-03-28T00:19:11.490+0200] {processor.py:153} INFO - Started process (PID=23696) to work on /home/humbulani/miniconda3/envs/apache-airflow/lib/python3.8/site-packages/airflow/example_dags/example_latest_only.py
[2023-03-28T00:19:11.507+0200] {processor.py:743} INFO - Processing file /home/humbulani/miniconda3/envs/apache-airflow/lib/python3.8/site-packages/airflow/example_dags/example_latest_only.py for tasks to queue
[2023-03-28T00:19:11.508+0200] {logging_mixin.py:137} INFO - [2023-03-28T00:19:11.508+0200] {dagbag.py:532} INFO - Filling up the DagBag from /home/humbulani/miniconda3/envs/apache-airflow/lib/python3.8/site-packages/airflow/example_dags/example_latest_only.py
[2023-03-28T00:19:11.523+0200] {processor.py:753} INFO - DAG(s) dict_keys(['latest_only']) retrieved from /home/humbulani/miniconda3/envs/apache-airflow/lib/python3.8/site-packages/airflow/example_dags/example_latest_only.py
[2023-03-28T00:19:11.540+0200] {logging_mixin.py:137} INFO - [2023-03-28T00:19:11.540+0200] {dag.py:2693} INFO - Sync 1 DAGs
[2023-03-28T00:19:11.557+0200] {logging_mixin.py:137} INFO - [2023-03-28T00:19:11.557+0200] {dag.py:3440} INFO - Setting next_dagrun for latest_only to 2023-03-27T18:19:11.557205+00:00, run_after=2023-03-27T22:19:11.557205+00:00
[2023-03-28T00:19:11.647+0200] {processor.py:175} INFO - Processing /home/humbulani/miniconda3/envs/apache-airflow/lib/python3.8/site-packages/airflow/example_dags/example_latest_only.py took 0.159 seconds
[2023-03-28T00:19:58.496+0200] {processor.py:153} INFO - Started process (PID=23743) to work on /home/humbulani/miniconda3/envs/apache-airflow/lib/python3.8/site-packages/airflow/example_dags/example_latest_only.py
[2023-03-28T00:19:58.513+0200] {processor.py:743} INFO - Processing file /home/humbulani/miniconda3/envs/apache-airflow/lib/python3.8/site-packages/airflow/example_dags/example_latest_only.py for tasks to queue
[2023-03-28T00:19:58.513+0200] {logging_mixin.py:137} INFO - [2023-03-28T00:19:58.513+0200] {dagbag.py:532} INFO - Filling up the DagBag from /home/humbulani/miniconda3/envs/apache-airflow/lib/python3.8/site-packages/airflow/example_dags/example_latest_only.py
[2023-03-28T00:19:58.524+0200] {processor.py:753} INFO - DAG(s) dict_keys(['latest_only']) retrieved from /home/humbulani/miniconda3/envs/apache-airflow/lib/python3.8/site-packages/airflow/example_dags/example_latest_only.py
[2023-03-28T00:19:58.540+0200] {logging_mixin.py:137} INFO - [2023-03-28T00:19:58.540+0200] {dag.py:2693} INFO - Sync 1 DAGs
[2023-03-28T00:19:58.557+0200] {logging_mixin.py:137} INFO - [2023-03-28T00:19:58.557+0200] {dag.py:3440} INFO - Setting next_dagrun for latest_only to 2023-03-27T18:19:58.557039+00:00, run_after=2023-03-27T22:19:58.557039+00:00
[2023-03-28T00:19:58.664+0200] {processor.py:175} INFO - Processing /home/humbulani/miniconda3/envs/apache-airflow/lib/python3.8/site-packages/airflow/example_dags/example_latest_only.py took 0.171 seconds
[2023-03-28T00:20:56.237+0200] {processor.py:153} INFO - Started process (PID=23796) to work on /home/humbulani/miniconda3/envs/apache-airflow/lib/python3.8/site-packages/airflow/example_dags/example_latest_only.py
[2023-03-28T00:20:56.272+0200] {processor.py:743} INFO - Processing file /home/humbulani/miniconda3/envs/apache-airflow/lib/python3.8/site-packages/airflow/example_dags/example_latest_only.py for tasks to queue
[2023-03-28T00:20:56.273+0200] {logging_mixin.py:137} INFO - [2023-03-28T00:20:56.273+0200] {dagbag.py:532} INFO - Filling up the DagBag from /home/humbulani/miniconda3/envs/apache-airflow/lib/python3.8/site-packages/airflow/example_dags/example_latest_only.py
[2023-03-28T00:20:56.288+0200] {processor.py:753} INFO - DAG(s) dict_keys(['latest_only']) retrieved from /home/humbulani/miniconda3/envs/apache-airflow/lib/python3.8/site-packages/airflow/example_dags/example_latest_only.py
[2023-03-28T00:20:56.304+0200] {logging_mixin.py:137} INFO - [2023-03-28T00:20:56.304+0200] {dag.py:2693} INFO - Sync 1 DAGs
[2023-03-28T00:20:56.323+0200] {logging_mixin.py:137} INFO - [2023-03-28T00:20:56.323+0200] {dag.py:3440} INFO - Setting next_dagrun for latest_only to 2023-03-27T18:20:56.323071+00:00, run_after=2023-03-27T22:20:56.323071+00:00
[2023-03-28T00:20:56.401+0200] {processor.py:175} INFO - Processing /home/humbulani/miniconda3/envs/apache-airflow/lib/python3.8/site-packages/airflow/example_dags/example_latest_only.py took 0.167 seconds
[2023-03-28T00:21:54.777+0200] {processor.py:153} INFO - Started process (PID=23863) to work on /home/humbulani/miniconda3/envs/apache-airflow/lib/python3.8/site-packages/airflow/example_dags/example_latest_only.py
[2023-03-28T00:21:54.788+0200] {processor.py:743} INFO - Processing file /home/humbulani/miniconda3/envs/apache-airflow/lib/python3.8/site-packages/airflow/example_dags/example_latest_only.py for tasks to queue
[2023-03-28T00:21:54.788+0200] {logging_mixin.py:137} INFO - [2023-03-28T00:21:54.788+0200] {dagbag.py:532} INFO - Filling up the DagBag from /home/humbulani/miniconda3/envs/apache-airflow/lib/python3.8/site-packages/airflow/example_dags/example_latest_only.py
[2023-03-28T00:21:54.801+0200] {processor.py:753} INFO - DAG(s) dict_keys(['latest_only']) retrieved from /home/humbulani/miniconda3/envs/apache-airflow/lib/python3.8/site-packages/airflow/example_dags/example_latest_only.py
[2023-03-28T00:21:54.818+0200] {logging_mixin.py:137} INFO - [2023-03-28T00:21:54.818+0200] {dag.py:2693} INFO - Sync 1 DAGs
[2023-03-28T00:21:54.837+0200] {logging_mixin.py:137} INFO - [2023-03-28T00:21:54.836+0200] {dag.py:3440} INFO - Setting next_dagrun for latest_only to 2023-03-27T18:21:54.836722+00:00, run_after=2023-03-27T22:21:54.836722+00:00
[2023-03-28T00:21:54.926+0200] {processor.py:175} INFO - Processing /home/humbulani/miniconda3/envs/apache-airflow/lib/python3.8/site-packages/airflow/example_dags/example_latest_only.py took 0.151 seconds
