[2023-03-28T00:04:17.947+0200] {processor.py:153} INFO - Started process (PID=22557) to work on /home/humbulani/miniconda3/envs/apache-airflow/lib/python3.8/site-packages/airflow/example_dags/example_branch_day_of_week_operator.py
[2023-03-28T00:04:17.948+0200] {processor.py:743} INFO - Processing file /home/humbulani/miniconda3/envs/apache-airflow/lib/python3.8/site-packages/airflow/example_dags/example_branch_day_of_week_operator.py for tasks to queue
[2023-03-28T00:04:17.949+0200] {logging_mixin.py:137} INFO - [2023-03-28T00:04:17.948+0200] {dagbag.py:532} INFO - Filling up the DagBag from /home/humbulani/miniconda3/envs/apache-airflow/lib/python3.8/site-packages/airflow/example_dags/example_branch_day_of_week_operator.py
[2023-03-28T00:04:17.980+0200] {processor.py:753} INFO - DAG(s) dict_keys(['example_weekday_branch_operator']) retrieved from /home/humbulani/miniconda3/envs/apache-airflow/lib/python3.8/site-packages/airflow/example_dags/example_branch_day_of_week_operator.py
[2023-03-28T00:04:17.997+0200] {logging_mixin.py:137} INFO - [2023-03-28T00:04:17.997+0200] {dag.py:2693} INFO - Sync 1 DAGs
[2023-03-28T00:04:18.015+0200] {logging_mixin.py:137} INFO - [2023-03-28T00:04:18.015+0200] {dag.py:3440} INFO - Setting next_dagrun for example_weekday_branch_operator to 2023-03-26T00:00:00+00:00, run_after=2023-03-27T00:00:00+00:00
[2023-03-28T00:04:18.108+0200] {processor.py:175} INFO - Processing /home/humbulani/miniconda3/envs/apache-airflow/lib/python3.8/site-packages/airflow/example_dags/example_branch_day_of_week_operator.py took 0.162 seconds
[2023-03-28T00:05:09.033+0200] {processor.py:153} INFO - Started process (PID=22607) to work on /home/humbulani/miniconda3/envs/apache-airflow/lib/python3.8/site-packages/airflow/example_dags/example_branch_day_of_week_operator.py
[2023-03-28T00:05:09.051+0200] {processor.py:743} INFO - Processing file /home/humbulani/miniconda3/envs/apache-airflow/lib/python3.8/site-packages/airflow/example_dags/example_branch_day_of_week_operator.py for tasks to queue
[2023-03-28T00:05:09.052+0200] {logging_mixin.py:137} INFO - [2023-03-28T00:05:09.051+0200] {dagbag.py:532} INFO - Filling up the DagBag from /home/humbulani/miniconda3/envs/apache-airflow/lib/python3.8/site-packages/airflow/example_dags/example_branch_day_of_week_operator.py
[2023-03-28T00:05:09.065+0200] {processor.py:753} INFO - DAG(s) dict_keys(['example_weekday_branch_operator']) retrieved from /home/humbulani/miniconda3/envs/apache-airflow/lib/python3.8/site-packages/airflow/example_dags/example_branch_day_of_week_operator.py
[2023-03-28T00:05:09.081+0200] {logging_mixin.py:137} INFO - [2023-03-28T00:05:09.081+0200] {dag.py:2693} INFO - Sync 1 DAGs
[2023-03-28T00:05:09.100+0200] {logging_mixin.py:137} INFO - [2023-03-28T00:05:09.100+0200] {dag.py:3440} INFO - Setting next_dagrun for example_weekday_branch_operator to 2023-03-26T00:00:00+00:00, run_after=2023-03-27T00:00:00+00:00
[2023-03-28T00:05:09.187+0200] {processor.py:175} INFO - Processing /home/humbulani/miniconda3/envs/apache-airflow/lib/python3.8/site-packages/airflow/example_dags/example_branch_day_of_week_operator.py took 0.157 seconds
[2023-03-28T00:05:59.410+0200] {processor.py:153} INFO - Started process (PID=22726) to work on /home/humbulani/miniconda3/envs/apache-airflow/lib/python3.8/site-packages/airflow/example_dags/example_branch_day_of_week_operator.py
[2023-03-28T00:05:59.421+0200] {processor.py:743} INFO - Processing file /home/humbulani/miniconda3/envs/apache-airflow/lib/python3.8/site-packages/airflow/example_dags/example_branch_day_of_week_operator.py for tasks to queue
[2023-03-28T00:05:59.421+0200] {logging_mixin.py:137} INFO - [2023-03-28T00:05:59.421+0200] {dagbag.py:532} INFO - Filling up the DagBag from /home/humbulani/miniconda3/envs/apache-airflow/lib/python3.8/site-packages/airflow/example_dags/example_branch_day_of_week_operator.py
[2023-03-28T00:05:59.439+0200] {processor.py:753} INFO - DAG(s) dict_keys(['example_weekday_branch_operator']) retrieved from /home/humbulani/miniconda3/envs/apache-airflow/lib/python3.8/site-packages/airflow/example_dags/example_branch_day_of_week_operator.py
[2023-03-28T00:05:59.456+0200] {logging_mixin.py:137} INFO - [2023-03-28T00:05:59.456+0200] {dag.py:2693} INFO - Sync 1 DAGs
[2023-03-28T00:05:59.475+0200] {logging_mixin.py:137} INFO - [2023-03-28T00:05:59.475+0200] {dag.py:3440} INFO - Setting next_dagrun for example_weekday_branch_operator to 2023-03-26T00:00:00+00:00, run_after=2023-03-27T00:00:00+00:00
[2023-03-28T00:05:59.555+0200] {processor.py:175} INFO - Processing /home/humbulani/miniconda3/envs/apache-airflow/lib/python3.8/site-packages/airflow/example_dags/example_branch_day_of_week_operator.py took 0.147 seconds
[2023-03-28T00:06:45.172+0200] {processor.py:153} INFO - Started process (PID=22775) to work on /home/humbulani/miniconda3/envs/apache-airflow/lib/python3.8/site-packages/airflow/example_dags/example_branch_day_of_week_operator.py
[2023-03-28T00:06:45.173+0200] {processor.py:743} INFO - Processing file /home/humbulani/miniconda3/envs/apache-airflow/lib/python3.8/site-packages/airflow/example_dags/example_branch_day_of_week_operator.py for tasks to queue
[2023-03-28T00:06:45.174+0200] {logging_mixin.py:137} INFO - [2023-03-28T00:06:45.174+0200] {dagbag.py:532} INFO - Filling up the DagBag from /home/humbulani/miniconda3/envs/apache-airflow/lib/python3.8/site-packages/airflow/example_dags/example_branch_day_of_week_operator.py
[2023-03-28T00:06:45.191+0200] {processor.py:753} INFO - DAG(s) dict_keys(['example_weekday_branch_operator']) retrieved from /home/humbulani/miniconda3/envs/apache-airflow/lib/python3.8/site-packages/airflow/example_dags/example_branch_day_of_week_operator.py
[2023-03-28T00:06:45.209+0200] {logging_mixin.py:137} INFO - [2023-03-28T00:06:45.209+0200] {dag.py:2693} INFO - Sync 1 DAGs
[2023-03-28T00:06:45.227+0200] {logging_mixin.py:137} INFO - [2023-03-28T00:06:45.227+0200] {dag.py:3440} INFO - Setting next_dagrun for example_weekday_branch_operator to 2023-03-26T00:00:00+00:00, run_after=2023-03-27T00:00:00+00:00
[2023-03-28T00:06:45.299+0200] {processor.py:175} INFO - Processing /home/humbulani/miniconda3/envs/apache-airflow/lib/python3.8/site-packages/airflow/example_dags/example_branch_day_of_week_operator.py took 0.130 seconds
[2023-03-28T00:07:34.643+0200] {processor.py:153} INFO - Started process (PID=22822) to work on /home/humbulani/miniconda3/envs/apache-airflow/lib/python3.8/site-packages/airflow/example_dags/example_branch_day_of_week_operator.py
[2023-03-28T00:07:34.676+0200] {processor.py:743} INFO - Processing file /home/humbulani/miniconda3/envs/apache-airflow/lib/python3.8/site-packages/airflow/example_dags/example_branch_day_of_week_operator.py for tasks to queue
[2023-03-28T00:07:34.677+0200] {logging_mixin.py:137} INFO - [2023-03-28T00:07:34.677+0200] {dagbag.py:532} INFO - Filling up the DagBag from /home/humbulani/miniconda3/envs/apache-airflow/lib/python3.8/site-packages/airflow/example_dags/example_branch_day_of_week_operator.py
[2023-03-28T00:07:34.696+0200] {processor.py:753} INFO - DAG(s) dict_keys(['example_weekday_branch_operator']) retrieved from /home/humbulani/miniconda3/envs/apache-airflow/lib/python3.8/site-packages/airflow/example_dags/example_branch_day_of_week_operator.py
[2023-03-28T00:07:34.714+0200] {logging_mixin.py:137} INFO - [2023-03-28T00:07:34.713+0200] {dag.py:2693} INFO - Sync 1 DAGs
[2023-03-28T00:07:34.732+0200] {logging_mixin.py:137} INFO - [2023-03-28T00:07:34.732+0200] {dag.py:3440} INFO - Setting next_dagrun for example_weekday_branch_operator to 2023-03-26T00:00:00+00:00, run_after=2023-03-27T00:00:00+00:00
[2023-03-28T00:07:34.818+0200] {processor.py:175} INFO - Processing /home/humbulani/miniconda3/envs/apache-airflow/lib/python3.8/site-packages/airflow/example_dags/example_branch_day_of_week_operator.py took 0.178 seconds
[2023-03-28T00:08:26.504+0200] {processor.py:153} INFO - Started process (PID=22923) to work on /home/humbulani/miniconda3/envs/apache-airflow/lib/python3.8/site-packages/airflow/example_dags/example_branch_day_of_week_operator.py
[2023-03-28T00:08:26.505+0200] {processor.py:743} INFO - Processing file /home/humbulani/miniconda3/envs/apache-airflow/lib/python3.8/site-packages/airflow/example_dags/example_branch_day_of_week_operator.py for tasks to queue
[2023-03-28T00:08:26.505+0200] {logging_mixin.py:137} INFO - [2023-03-28T00:08:26.505+0200] {dagbag.py:532} INFO - Filling up the DagBag from /home/humbulani/miniconda3/envs/apache-airflow/lib/python3.8/site-packages/airflow/example_dags/example_branch_day_of_week_operator.py
[2023-03-28T00:08:26.521+0200] {processor.py:753} INFO - DAG(s) dict_keys(['example_weekday_branch_operator']) retrieved from /home/humbulani/miniconda3/envs/apache-airflow/lib/python3.8/site-packages/airflow/example_dags/example_branch_day_of_week_operator.py
[2023-03-28T00:08:26.538+0200] {logging_mixin.py:137} INFO - [2023-03-28T00:08:26.538+0200] {dag.py:2693} INFO - Sync 1 DAGs
[2023-03-28T00:08:26.556+0200] {logging_mixin.py:137} INFO - [2023-03-28T00:08:26.556+0200] {dag.py:3440} INFO - Setting next_dagrun for example_weekday_branch_operator to 2023-03-26T00:00:00+00:00, run_after=2023-03-27T00:00:00+00:00
[2023-03-28T00:08:26.660+0200] {processor.py:175} INFO - Processing /home/humbulani/miniconda3/envs/apache-airflow/lib/python3.8/site-packages/airflow/example_dags/example_branch_day_of_week_operator.py took 0.159 seconds
[2023-03-28T00:09:25.224+0200] {processor.py:153} INFO - Started process (PID=22983) to work on /home/humbulani/miniconda3/envs/apache-airflow/lib/python3.8/site-packages/airflow/example_dags/example_branch_day_of_week_operator.py
[2023-03-28T00:09:25.238+0200] {processor.py:743} INFO - Processing file /home/humbulani/miniconda3/envs/apache-airflow/lib/python3.8/site-packages/airflow/example_dags/example_branch_day_of_week_operator.py for tasks to queue
[2023-03-28T00:09:25.239+0200] {logging_mixin.py:137} INFO - [2023-03-28T00:09:25.239+0200] {dagbag.py:532} INFO - Filling up the DagBag from /home/humbulani/miniconda3/envs/apache-airflow/lib/python3.8/site-packages/airflow/example_dags/example_branch_day_of_week_operator.py
[2023-03-28T00:09:25.254+0200] {processor.py:753} INFO - DAG(s) dict_keys(['example_weekday_branch_operator']) retrieved from /home/humbulani/miniconda3/envs/apache-airflow/lib/python3.8/site-packages/airflow/example_dags/example_branch_day_of_week_operator.py
[2023-03-28T00:09:25.275+0200] {logging_mixin.py:137} INFO - [2023-03-28T00:09:25.275+0200] {dag.py:2693} INFO - Sync 1 DAGs
[2023-03-28T00:09:25.387+0200] {logging_mixin.py:137} INFO - [2023-03-28T00:09:25.387+0200] {dag.py:3440} INFO - Setting next_dagrun for example_weekday_branch_operator to 2023-03-26T00:00:00+00:00, run_after=2023-03-27T00:00:00+00:00
[2023-03-28T00:09:25.475+0200] {processor.py:175} INFO - Processing /home/humbulani/miniconda3/envs/apache-airflow/lib/python3.8/site-packages/airflow/example_dags/example_branch_day_of_week_operator.py took 0.253 seconds
[2023-03-28T00:10:25.829+0200] {processor.py:153} INFO - Started process (PID=23036) to work on /home/humbulani/miniconda3/envs/apache-airflow/lib/python3.8/site-packages/airflow/example_dags/example_branch_day_of_week_operator.py
[2023-03-28T00:10:25.842+0200] {processor.py:743} INFO - Processing file /home/humbulani/miniconda3/envs/apache-airflow/lib/python3.8/site-packages/airflow/example_dags/example_branch_day_of_week_operator.py for tasks to queue
[2023-03-28T00:10:25.842+0200] {logging_mixin.py:137} INFO - [2023-03-28T00:10:25.842+0200] {dagbag.py:532} INFO - Filling up the DagBag from /home/humbulani/miniconda3/envs/apache-airflow/lib/python3.8/site-packages/airflow/example_dags/example_branch_day_of_week_operator.py
[2023-03-28T00:10:25.856+0200] {processor.py:753} INFO - DAG(s) dict_keys(['example_weekday_branch_operator']) retrieved from /home/humbulani/miniconda3/envs/apache-airflow/lib/python3.8/site-packages/airflow/example_dags/example_branch_day_of_week_operator.py
[2023-03-28T00:10:25.960+0200] {logging_mixin.py:137} INFO - [2023-03-28T00:10:25.960+0200] {dag.py:2693} INFO - Sync 1 DAGs
[2023-03-28T00:10:25.978+0200] {logging_mixin.py:137} INFO - [2023-03-28T00:10:25.978+0200] {dag.py:3440} INFO - Setting next_dagrun for example_weekday_branch_operator to 2023-03-26T00:00:00+00:00, run_after=2023-03-27T00:00:00+00:00
[2023-03-28T00:10:26.063+0200] {processor.py:175} INFO - Processing /home/humbulani/miniconda3/envs/apache-airflow/lib/python3.8/site-packages/airflow/example_dags/example_branch_day_of_week_operator.py took 0.235 seconds
[2023-03-28T00:11:29.780+0200] {processor.py:153} INFO - Started process (PID=23093) to work on /home/humbulani/miniconda3/envs/apache-airflow/lib/python3.8/site-packages/airflow/example_dags/example_branch_day_of_week_operator.py
[2023-03-28T00:11:29.808+0200] {processor.py:743} INFO - Processing file /home/humbulani/miniconda3/envs/apache-airflow/lib/python3.8/site-packages/airflow/example_dags/example_branch_day_of_week_operator.py for tasks to queue
[2023-03-28T00:11:29.808+0200] {logging_mixin.py:137} INFO - [2023-03-28T00:11:29.808+0200] {dagbag.py:532} INFO - Filling up the DagBag from /home/humbulani/miniconda3/envs/apache-airflow/lib/python3.8/site-packages/airflow/example_dags/example_branch_day_of_week_operator.py
[2023-03-28T00:11:29.824+0200] {processor.py:753} INFO - DAG(s) dict_keys(['example_weekday_branch_operator']) retrieved from /home/humbulani/miniconda3/envs/apache-airflow/lib/python3.8/site-packages/airflow/example_dags/example_branch_day_of_week_operator.py
[2023-03-28T00:11:29.920+0200] {logging_mixin.py:137} INFO - [2023-03-28T00:11:29.919+0200] {dag.py:2693} INFO - Sync 1 DAGs
[2023-03-28T00:11:29.936+0200] {logging_mixin.py:137} INFO - [2023-03-28T00:11:29.936+0200] {dag.py:3440} INFO - Setting next_dagrun for example_weekday_branch_operator to 2023-03-26T00:00:00+00:00, run_after=2023-03-27T00:00:00+00:00
[2023-03-28T00:11:30.025+0200] {processor.py:175} INFO - Processing /home/humbulani/miniconda3/envs/apache-airflow/lib/python3.8/site-packages/airflow/example_dags/example_branch_day_of_week_operator.py took 0.247 seconds
[2023-03-28T00:12:35.475+0200] {processor.py:153} INFO - Started process (PID=23148) to work on /home/humbulani/miniconda3/envs/apache-airflow/lib/python3.8/site-packages/airflow/example_dags/example_branch_day_of_week_operator.py
[2023-03-28T00:12:35.476+0200] {processor.py:743} INFO - Processing file /home/humbulani/miniconda3/envs/apache-airflow/lib/python3.8/site-packages/airflow/example_dags/example_branch_day_of_week_operator.py for tasks to queue
[2023-03-28T00:12:35.477+0200] {logging_mixin.py:137} INFO - [2023-03-28T00:12:35.476+0200] {dagbag.py:532} INFO - Filling up the DagBag from /home/humbulani/miniconda3/envs/apache-airflow/lib/python3.8/site-packages/airflow/example_dags/example_branch_day_of_week_operator.py
[2023-03-28T00:12:35.490+0200] {processor.py:753} INFO - DAG(s) dict_keys(['example_weekday_branch_operator']) retrieved from /home/humbulani/miniconda3/envs/apache-airflow/lib/python3.8/site-packages/airflow/example_dags/example_branch_day_of_week_operator.py
[2023-03-28T00:12:35.506+0200] {logging_mixin.py:137} INFO - [2023-03-28T00:12:35.506+0200] {dag.py:2693} INFO - Sync 1 DAGs
[2023-03-28T00:12:35.528+0200] {logging_mixin.py:137} INFO - [2023-03-28T00:12:35.528+0200] {dag.py:3440} INFO - Setting next_dagrun for example_weekday_branch_operator to 2023-03-26T00:00:00+00:00, run_after=2023-03-27T00:00:00+00:00
[2023-03-28T00:12:35.613+0200] {processor.py:175} INFO - Processing /home/humbulani/miniconda3/envs/apache-airflow/lib/python3.8/site-packages/airflow/example_dags/example_branch_day_of_week_operator.py took 0.141 seconds
[2023-03-28T00:13:21.241+0200] {processor.py:153} INFO - Started process (PID=23220) to work on /home/humbulani/miniconda3/envs/apache-airflow/lib/python3.8/site-packages/airflow/example_dags/example_branch_day_of_week_operator.py
[2023-03-28T00:13:21.256+0200] {processor.py:743} INFO - Processing file /home/humbulani/miniconda3/envs/apache-airflow/lib/python3.8/site-packages/airflow/example_dags/example_branch_day_of_week_operator.py for tasks to queue
[2023-03-28T00:13:21.257+0200] {logging_mixin.py:137} INFO - [2023-03-28T00:13:21.257+0200] {dagbag.py:532} INFO - Filling up the DagBag from /home/humbulani/miniconda3/envs/apache-airflow/lib/python3.8/site-packages/airflow/example_dags/example_branch_day_of_week_operator.py
[2023-03-28T00:13:21.271+0200] {processor.py:753} INFO - DAG(s) dict_keys(['example_weekday_branch_operator']) retrieved from /home/humbulani/miniconda3/envs/apache-airflow/lib/python3.8/site-packages/airflow/example_dags/example_branch_day_of_week_operator.py
[2023-03-28T00:13:21.288+0200] {logging_mixin.py:137} INFO - [2023-03-28T00:13:21.288+0200] {dag.py:2693} INFO - Sync 1 DAGs
[2023-03-28T00:13:21.308+0200] {logging_mixin.py:137} INFO - [2023-03-28T00:13:21.308+0200] {dag.py:3440} INFO - Setting next_dagrun for example_weekday_branch_operator to 2023-03-26T00:00:00+00:00, run_after=2023-03-27T00:00:00+00:00
[2023-03-28T00:13:21.390+0200] {processor.py:175} INFO - Processing /home/humbulani/miniconda3/envs/apache-airflow/lib/python3.8/site-packages/airflow/example_dags/example_branch_day_of_week_operator.py took 0.152 seconds
[2023-03-28T00:14:05.851+0200] {processor.py:153} INFO - Started process (PID=23270) to work on /home/humbulani/miniconda3/envs/apache-airflow/lib/python3.8/site-packages/airflow/example_dags/example_branch_day_of_week_operator.py
[2023-03-28T00:14:05.868+0200] {processor.py:743} INFO - Processing file /home/humbulani/miniconda3/envs/apache-airflow/lib/python3.8/site-packages/airflow/example_dags/example_branch_day_of_week_operator.py for tasks to queue
[2023-03-28T00:14:05.868+0200] {logging_mixin.py:137} INFO - [2023-03-28T00:14:05.868+0200] {dagbag.py:532} INFO - Filling up the DagBag from /home/humbulani/miniconda3/envs/apache-airflow/lib/python3.8/site-packages/airflow/example_dags/example_branch_day_of_week_operator.py
[2023-03-28T00:14:05.884+0200] {processor.py:753} INFO - DAG(s) dict_keys(['example_weekday_branch_operator']) retrieved from /home/humbulani/miniconda3/envs/apache-airflow/lib/python3.8/site-packages/airflow/example_dags/example_branch_day_of_week_operator.py
[2023-03-28T00:14:05.901+0200] {logging_mixin.py:137} INFO - [2023-03-28T00:14:05.901+0200] {dag.py:2693} INFO - Sync 1 DAGs
[2023-03-28T00:14:05.919+0200] {logging_mixin.py:137} INFO - [2023-03-28T00:14:05.919+0200] {dag.py:3440} INFO - Setting next_dagrun for example_weekday_branch_operator to 2023-03-26T00:00:00+00:00, run_after=2023-03-27T00:00:00+00:00
[2023-03-28T00:14:06.011+0200] {processor.py:175} INFO - Processing /home/humbulani/miniconda3/envs/apache-airflow/lib/python3.8/site-packages/airflow/example_dags/example_branch_day_of_week_operator.py took 0.163 seconds
[2023-03-28T00:14:53.561+0200] {processor.py:153} INFO - Started process (PID=23319) to work on /home/humbulani/miniconda3/envs/apache-airflow/lib/python3.8/site-packages/airflow/example_dags/example_branch_day_of_week_operator.py
[2023-03-28T00:14:53.561+0200] {processor.py:743} INFO - Processing file /home/humbulani/miniconda3/envs/apache-airflow/lib/python3.8/site-packages/airflow/example_dags/example_branch_day_of_week_operator.py for tasks to queue
[2023-03-28T00:14:53.562+0200] {logging_mixin.py:137} INFO - [2023-03-28T00:14:53.562+0200] {dagbag.py:532} INFO - Filling up the DagBag from /home/humbulani/miniconda3/envs/apache-airflow/lib/python3.8/site-packages/airflow/example_dags/example_branch_day_of_week_operator.py
[2023-03-28T00:14:53.576+0200] {processor.py:753} INFO - DAG(s) dict_keys(['example_weekday_branch_operator']) retrieved from /home/humbulani/miniconda3/envs/apache-airflow/lib/python3.8/site-packages/airflow/example_dags/example_branch_day_of_week_operator.py
[2023-03-28T00:14:53.593+0200] {logging_mixin.py:137} INFO - [2023-03-28T00:14:53.593+0200] {dag.py:2693} INFO - Sync 1 DAGs
[2023-03-28T00:14:53.611+0200] {logging_mixin.py:137} INFO - [2023-03-28T00:14:53.611+0200] {dag.py:3440} INFO - Setting next_dagrun for example_weekday_branch_operator to 2023-03-26T00:00:00+00:00, run_after=2023-03-27T00:00:00+00:00
[2023-03-28T00:14:53.701+0200] {processor.py:175} INFO - Processing /home/humbulani/miniconda3/envs/apache-airflow/lib/python3.8/site-packages/airflow/example_dags/example_branch_day_of_week_operator.py took 0.143 seconds
[2023-03-28T00:15:40.524+0200] {processor.py:153} INFO - Started process (PID=23391) to work on /home/humbulani/miniconda3/envs/apache-airflow/lib/python3.8/site-packages/airflow/example_dags/example_branch_day_of_week_operator.py
[2023-03-28T00:15:40.525+0200] {processor.py:743} INFO - Processing file /home/humbulani/miniconda3/envs/apache-airflow/lib/python3.8/site-packages/airflow/example_dags/example_branch_day_of_week_operator.py for tasks to queue
[2023-03-28T00:15:40.526+0200] {logging_mixin.py:137} INFO - [2023-03-28T00:15:40.526+0200] {dagbag.py:532} INFO - Filling up the DagBag from /home/humbulani/miniconda3/envs/apache-airflow/lib/python3.8/site-packages/airflow/example_dags/example_branch_day_of_week_operator.py
[2023-03-28T00:15:40.540+0200] {processor.py:753} INFO - DAG(s) dict_keys(['example_weekday_branch_operator']) retrieved from /home/humbulani/miniconda3/envs/apache-airflow/lib/python3.8/site-packages/airflow/example_dags/example_branch_day_of_week_operator.py
[2023-03-28T00:15:40.557+0200] {logging_mixin.py:137} INFO - [2023-03-28T00:15:40.557+0200] {dag.py:2693} INFO - Sync 1 DAGs
[2023-03-28T00:15:40.576+0200] {logging_mixin.py:137} INFO - [2023-03-28T00:15:40.576+0200] {dag.py:3440} INFO - Setting next_dagrun for example_weekday_branch_operator to 2023-03-26T00:00:00+00:00, run_after=2023-03-27T00:00:00+00:00
[2023-03-28T00:15:40.674+0200] {processor.py:175} INFO - Processing /home/humbulani/miniconda3/envs/apache-airflow/lib/python3.8/site-packages/airflow/example_dags/example_branch_day_of_week_operator.py took 0.152 seconds
[2023-03-28T00:16:29.172+0200] {processor.py:153} INFO - Started process (PID=23456) to work on /home/humbulani/miniconda3/envs/apache-airflow/lib/python3.8/site-packages/airflow/example_dags/example_branch_day_of_week_operator.py
[2023-03-28T00:16:29.185+0200] {processor.py:743} INFO - Processing file /home/humbulani/miniconda3/envs/apache-airflow/lib/python3.8/site-packages/airflow/example_dags/example_branch_day_of_week_operator.py for tasks to queue
[2023-03-28T00:16:29.186+0200] {logging_mixin.py:137} INFO - [2023-03-28T00:16:29.186+0200] {dagbag.py:532} INFO - Filling up the DagBag from /home/humbulani/miniconda3/envs/apache-airflow/lib/python3.8/site-packages/airflow/example_dags/example_branch_day_of_week_operator.py
[2023-03-28T00:16:29.200+0200] {processor.py:753} INFO - DAG(s) dict_keys(['example_weekday_branch_operator']) retrieved from /home/humbulani/miniconda3/envs/apache-airflow/lib/python3.8/site-packages/airflow/example_dags/example_branch_day_of_week_operator.py
[2023-03-28T00:16:29.216+0200] {logging_mixin.py:137} INFO - [2023-03-28T00:16:29.216+0200] {dag.py:2693} INFO - Sync 1 DAGs
[2023-03-28T00:16:29.234+0200] {logging_mixin.py:137} INFO - [2023-03-28T00:16:29.234+0200] {dag.py:3440} INFO - Setting next_dagrun for example_weekday_branch_operator to 2023-03-26T00:00:00+00:00, run_after=2023-03-27T00:00:00+00:00
[2023-03-28T00:16:29.333+0200] {processor.py:175} INFO - Processing /home/humbulani/miniconda3/envs/apache-airflow/lib/python3.8/site-packages/airflow/example_dags/example_branch_day_of_week_operator.py took 0.163 seconds
[2023-03-28T00:17:22.052+0200] {processor.py:153} INFO - Started process (PID=23589) to work on /home/humbulani/miniconda3/envs/apache-airflow/lib/python3.8/site-packages/airflow/example_dags/example_branch_day_of_week_operator.py
[2023-03-28T00:17:22.068+0200] {processor.py:743} INFO - Processing file /home/humbulani/miniconda3/envs/apache-airflow/lib/python3.8/site-packages/airflow/example_dags/example_branch_day_of_week_operator.py for tasks to queue
[2023-03-28T00:17:22.069+0200] {logging_mixin.py:137} INFO - [2023-03-28T00:17:22.069+0200] {dagbag.py:532} INFO - Filling up the DagBag from /home/humbulani/miniconda3/envs/apache-airflow/lib/python3.8/site-packages/airflow/example_dags/example_branch_day_of_week_operator.py
[2023-03-28T00:17:22.084+0200] {processor.py:753} INFO - DAG(s) dict_keys(['example_weekday_branch_operator']) retrieved from /home/humbulani/miniconda3/envs/apache-airflow/lib/python3.8/site-packages/airflow/example_dags/example_branch_day_of_week_operator.py
[2023-03-28T00:17:22.102+0200] {logging_mixin.py:137} INFO - [2023-03-28T00:17:22.102+0200] {dag.py:2693} INFO - Sync 1 DAGs
[2023-03-28T00:17:22.121+0200] {logging_mixin.py:137} INFO - [2023-03-28T00:17:22.121+0200] {dag.py:3440} INFO - Setting next_dagrun for example_weekday_branch_operator to 2023-03-26T00:00:00+00:00, run_after=2023-03-27T00:00:00+00:00
[2023-03-28T00:17:22.215+0200] {processor.py:175} INFO - Processing /home/humbulani/miniconda3/envs/apache-airflow/lib/python3.8/site-packages/airflow/example_dags/example_branch_day_of_week_operator.py took 0.166 seconds
[2023-03-28T00:18:06.012+0200] {processor.py:153} INFO - Started process (PID=23634) to work on /home/humbulani/miniconda3/envs/apache-airflow/lib/python3.8/site-packages/airflow/example_dags/example_branch_day_of_week_operator.py
[2023-03-28T00:18:06.013+0200] {processor.py:743} INFO - Processing file /home/humbulani/miniconda3/envs/apache-airflow/lib/python3.8/site-packages/airflow/example_dags/example_branch_day_of_week_operator.py for tasks to queue
[2023-03-28T00:18:06.014+0200] {logging_mixin.py:137} INFO - [2023-03-28T00:18:06.013+0200] {dagbag.py:532} INFO - Filling up the DagBag from /home/humbulani/miniconda3/envs/apache-airflow/lib/python3.8/site-packages/airflow/example_dags/example_branch_day_of_week_operator.py
[2023-03-28T00:18:06.039+0200] {processor.py:753} INFO - DAG(s) dict_keys(['example_weekday_branch_operator']) retrieved from /home/humbulani/miniconda3/envs/apache-airflow/lib/python3.8/site-packages/airflow/example_dags/example_branch_day_of_week_operator.py
[2023-03-28T00:18:06.057+0200] {logging_mixin.py:137} INFO - [2023-03-28T00:18:06.057+0200] {dag.py:2693} INFO - Sync 1 DAGs
[2023-03-28T00:18:06.076+0200] {logging_mixin.py:137} INFO - [2023-03-28T00:18:06.076+0200] {dag.py:3440} INFO - Setting next_dagrun for example_weekday_branch_operator to 2023-03-26T00:00:00+00:00, run_after=2023-03-27T00:00:00+00:00
[2023-03-28T00:18:06.182+0200] {processor.py:175} INFO - Processing /home/humbulani/miniconda3/envs/apache-airflow/lib/python3.8/site-packages/airflow/example_dags/example_branch_day_of_week_operator.py took 0.174 seconds
[2023-03-28T00:18:50.159+0200] {processor.py:153} INFO - Started process (PID=23676) to work on /home/humbulani/miniconda3/envs/apache-airflow/lib/python3.8/site-packages/airflow/example_dags/example_branch_day_of_week_operator.py
[2023-03-28T00:18:50.160+0200] {processor.py:743} INFO - Processing file /home/humbulani/miniconda3/envs/apache-airflow/lib/python3.8/site-packages/airflow/example_dags/example_branch_day_of_week_operator.py for tasks to queue
[2023-03-28T00:18:50.161+0200] {logging_mixin.py:137} INFO - [2023-03-28T00:18:50.161+0200] {dagbag.py:532} INFO - Filling up the DagBag from /home/humbulani/miniconda3/envs/apache-airflow/lib/python3.8/site-packages/airflow/example_dags/example_branch_day_of_week_operator.py
[2023-03-28T00:18:50.180+0200] {processor.py:753} INFO - DAG(s) dict_keys(['example_weekday_branch_operator']) retrieved from /home/humbulani/miniconda3/envs/apache-airflow/lib/python3.8/site-packages/airflow/example_dags/example_branch_day_of_week_operator.py
[2023-03-28T00:18:50.197+0200] {logging_mixin.py:137} INFO - [2023-03-28T00:18:50.197+0200] {dag.py:2693} INFO - Sync 1 DAGs
[2023-03-28T00:18:50.216+0200] {logging_mixin.py:137} INFO - [2023-03-28T00:18:50.216+0200] {dag.py:3440} INFO - Setting next_dagrun for example_weekday_branch_operator to 2023-03-26T00:00:00+00:00, run_after=2023-03-27T00:00:00+00:00
[2023-03-28T00:18:50.313+0200] {processor.py:175} INFO - Processing /home/humbulani/miniconda3/envs/apache-airflow/lib/python3.8/site-packages/airflow/example_dags/example_branch_day_of_week_operator.py took 0.157 seconds
[2023-03-28T00:19:36.670+0200] {processor.py:153} INFO - Started process (PID=23721) to work on /home/humbulani/miniconda3/envs/apache-airflow/lib/python3.8/site-packages/airflow/example_dags/example_branch_day_of_week_operator.py
[2023-03-28T00:19:36.685+0200] {processor.py:743} INFO - Processing file /home/humbulani/miniconda3/envs/apache-airflow/lib/python3.8/site-packages/airflow/example_dags/example_branch_day_of_week_operator.py for tasks to queue
[2023-03-28T00:19:36.686+0200] {logging_mixin.py:137} INFO - [2023-03-28T00:19:36.686+0200] {dagbag.py:532} INFO - Filling up the DagBag from /home/humbulani/miniconda3/envs/apache-airflow/lib/python3.8/site-packages/airflow/example_dags/example_branch_day_of_week_operator.py
[2023-03-28T00:19:36.701+0200] {processor.py:753} INFO - DAG(s) dict_keys(['example_weekday_branch_operator']) retrieved from /home/humbulani/miniconda3/envs/apache-airflow/lib/python3.8/site-packages/airflow/example_dags/example_branch_day_of_week_operator.py
[2023-03-28T00:19:36.720+0200] {logging_mixin.py:137} INFO - [2023-03-28T00:19:36.719+0200] {dag.py:2693} INFO - Sync 1 DAGs
[2023-03-28T00:19:36.739+0200] {logging_mixin.py:137} INFO - [2023-03-28T00:19:36.739+0200] {dag.py:3440} INFO - Setting next_dagrun for example_weekday_branch_operator to 2023-03-26T00:00:00+00:00, run_after=2023-03-27T00:00:00+00:00
[2023-03-28T00:19:36.824+0200] {processor.py:175} INFO - Processing /home/humbulani/miniconda3/envs/apache-airflow/lib/python3.8/site-packages/airflow/example_dags/example_branch_day_of_week_operator.py took 0.158 seconds
[2023-03-28T00:20:28.136+0200] {processor.py:153} INFO - Started process (PID=23773) to work on /home/humbulani/miniconda3/envs/apache-airflow/lib/python3.8/site-packages/airflow/example_dags/example_branch_day_of_week_operator.py
[2023-03-28T00:20:28.137+0200] {processor.py:743} INFO - Processing file /home/humbulani/miniconda3/envs/apache-airflow/lib/python3.8/site-packages/airflow/example_dags/example_branch_day_of_week_operator.py for tasks to queue
[2023-03-28T00:20:28.137+0200] {logging_mixin.py:137} INFO - [2023-03-28T00:20:28.137+0200] {dagbag.py:532} INFO - Filling up the DagBag from /home/humbulani/miniconda3/envs/apache-airflow/lib/python3.8/site-packages/airflow/example_dags/example_branch_day_of_week_operator.py
[2023-03-28T00:20:28.151+0200] {processor.py:753} INFO - DAG(s) dict_keys(['example_weekday_branch_operator']) retrieved from /home/humbulani/miniconda3/envs/apache-airflow/lib/python3.8/site-packages/airflow/example_dags/example_branch_day_of_week_operator.py
[2023-03-28T00:20:28.170+0200] {logging_mixin.py:137} INFO - [2023-03-28T00:20:28.170+0200] {dag.py:2693} INFO - Sync 1 DAGs
[2023-03-28T00:20:28.190+0200] {logging_mixin.py:137} INFO - [2023-03-28T00:20:28.190+0200] {dag.py:3440} INFO - Setting next_dagrun for example_weekday_branch_operator to 2023-03-26T00:00:00+00:00, run_after=2023-03-27T00:00:00+00:00
[2023-03-28T00:20:28.359+0200] {processor.py:175} INFO - Processing /home/humbulani/miniconda3/envs/apache-airflow/lib/python3.8/site-packages/airflow/example_dags/example_branch_day_of_week_operator.py took 0.226 seconds
[2023-03-28T00:21:18.051+0200] {processor.py:153} INFO - Started process (PID=23819) to work on /home/humbulani/miniconda3/envs/apache-airflow/lib/python3.8/site-packages/airflow/example_dags/example_branch_day_of_week_operator.py
[2023-03-28T00:21:18.054+0200] {processor.py:743} INFO - Processing file /home/humbulani/miniconda3/envs/apache-airflow/lib/python3.8/site-packages/airflow/example_dags/example_branch_day_of_week_operator.py for tasks to queue
[2023-03-28T00:21:18.054+0200] {logging_mixin.py:137} INFO - [2023-03-28T00:21:18.054+0200] {dagbag.py:532} INFO - Filling up the DagBag from /home/humbulani/miniconda3/envs/apache-airflow/lib/python3.8/site-packages/airflow/example_dags/example_branch_day_of_week_operator.py
[2023-03-28T00:21:18.068+0200] {processor.py:753} INFO - DAG(s) dict_keys(['example_weekday_branch_operator']) retrieved from /home/humbulani/miniconda3/envs/apache-airflow/lib/python3.8/site-packages/airflow/example_dags/example_branch_day_of_week_operator.py
[2023-03-28T00:21:18.085+0200] {logging_mixin.py:137} INFO - [2023-03-28T00:21:18.085+0200] {dag.py:2693} INFO - Sync 1 DAGs
[2023-03-28T00:21:18.104+0200] {logging_mixin.py:137} INFO - [2023-03-28T00:21:18.104+0200] {dag.py:3440} INFO - Setting next_dagrun for example_weekday_branch_operator to 2023-03-26T00:00:00+00:00, run_after=2023-03-27T00:00:00+00:00
[2023-03-28T00:21:18.179+0200] {processor.py:175} INFO - Processing /home/humbulani/miniconda3/envs/apache-airflow/lib/python3.8/site-packages/airflow/example_dags/example_branch_day_of_week_operator.py took 0.130 seconds
