[2023-03-28T00:03:51.507+0200] {processor.py:153} INFO - Started process (PID=22493) to work on /home/humbulani/miniconda3/envs/apache-airflow/lib/python3.8/site-packages/airflow/example_dags/example_task_group_decorator.py
[2023-03-28T00:03:51.508+0200] {processor.py:743} INFO - Processing file /home/humbulani/miniconda3/envs/apache-airflow/lib/python3.8/site-packages/airflow/example_dags/example_task_group_decorator.py for tasks to queue
[2023-03-28T00:03:51.508+0200] {logging_mixin.py:137} INFO - [2023-03-28T00:03:51.508+0200] {dagbag.py:532} INFO - Filling up the DagBag from /home/humbulani/miniconda3/envs/apache-airflow/lib/python3.8/site-packages/airflow/example_dags/example_task_group_decorator.py
[2023-03-28T00:03:51.538+0200] {processor.py:753} INFO - DAG(s) dict_keys(['example_task_group_decorator']) retrieved from /home/humbulani/miniconda3/envs/apache-airflow/lib/python3.8/site-packages/airflow/example_dags/example_task_group_decorator.py
[2023-03-28T00:03:51.557+0200] {logging_mixin.py:137} INFO - [2023-03-28T00:03:51.557+0200] {dag.py:2693} INFO - Sync 1 DAGs
[2023-03-28T00:03:51.575+0200] {logging_mixin.py:137} INFO - [2023-03-28T00:03:51.575+0200] {dag.py:3440} INFO - Setting next_dagrun for example_task_group_decorator to 2023-03-26T22:03:51.575238+00:00, run_after=2023-03-27T22:03:51.575238+00:00
[2023-03-28T00:03:51.665+0200] {processor.py:175} INFO - Processing /home/humbulani/miniconda3/envs/apache-airflow/lib/python3.8/site-packages/airflow/example_dags/example_task_group_decorator.py took 0.160 seconds
[2023-03-28T00:04:39.131+0200] {processor.py:153} INFO - Started process (PID=22583) to work on /home/humbulani/miniconda3/envs/apache-airflow/lib/python3.8/site-packages/airflow/example_dags/example_task_group_decorator.py
[2023-03-28T00:04:39.132+0200] {processor.py:743} INFO - Processing file /home/humbulani/miniconda3/envs/apache-airflow/lib/python3.8/site-packages/airflow/example_dags/example_task_group_decorator.py for tasks to queue
[2023-03-28T00:04:39.132+0200] {logging_mixin.py:137} INFO - [2023-03-28T00:04:39.132+0200] {dagbag.py:532} INFO - Filling up the DagBag from /home/humbulani/miniconda3/envs/apache-airflow/lib/python3.8/site-packages/airflow/example_dags/example_task_group_decorator.py
[2023-03-28T00:04:39.159+0200] {processor.py:753} INFO - DAG(s) dict_keys(['example_task_group_decorator']) retrieved from /home/humbulani/miniconda3/envs/apache-airflow/lib/python3.8/site-packages/airflow/example_dags/example_task_group_decorator.py
[2023-03-28T00:04:39.179+0200] {logging_mixin.py:137} INFO - [2023-03-28T00:04:39.179+0200] {dag.py:2693} INFO - Sync 1 DAGs
[2023-03-28T00:04:39.198+0200] {logging_mixin.py:137} INFO - [2023-03-28T00:04:39.198+0200] {dag.py:3440} INFO - Setting next_dagrun for example_task_group_decorator to 2023-03-26T22:04:39.198122+00:00, run_after=2023-03-27T22:04:39.198122+00:00
[2023-03-28T00:04:39.301+0200] {processor.py:175} INFO - Processing /home/humbulani/miniconda3/envs/apache-airflow/lib/python3.8/site-packages/airflow/example_dags/example_task_group_decorator.py took 0.172 seconds
[2023-03-28T00:05:21.809+0200] {processor.py:153} INFO - Started process (PID=22618) to work on /home/humbulani/miniconda3/envs/apache-airflow/lib/python3.8/site-packages/airflow/example_dags/example_task_group_decorator.py
[2023-03-28T00:05:21.810+0200] {processor.py:743} INFO - Processing file /home/humbulani/miniconda3/envs/apache-airflow/lib/python3.8/site-packages/airflow/example_dags/example_task_group_decorator.py for tasks to queue
[2023-03-28T00:05:21.811+0200] {logging_mixin.py:137} INFO - [2023-03-28T00:05:21.810+0200] {dagbag.py:532} INFO - Filling up the DagBag from /home/humbulani/miniconda3/envs/apache-airflow/lib/python3.8/site-packages/airflow/example_dags/example_task_group_decorator.py
[2023-03-28T00:05:21.838+0200] {processor.py:753} INFO - DAG(s) dict_keys(['example_task_group_decorator']) retrieved from /home/humbulani/miniconda3/envs/apache-airflow/lib/python3.8/site-packages/airflow/example_dags/example_task_group_decorator.py
[2023-03-28T00:05:21.861+0200] {logging_mixin.py:137} INFO - [2023-03-28T00:05:21.861+0200] {dag.py:2693} INFO - Sync 1 DAGs
[2023-03-28T00:05:21.878+0200] {logging_mixin.py:137} INFO - [2023-03-28T00:05:21.878+0200] {dag.py:3440} INFO - Setting next_dagrun for example_task_group_decorator to 2023-03-26T22:05:21.878612+00:00, run_after=2023-03-27T22:05:21.878612+00:00
[2023-03-28T00:05:21.969+0200] {processor.py:175} INFO - Processing /home/humbulani/miniconda3/envs/apache-airflow/lib/python3.8/site-packages/airflow/example_dags/example_task_group_decorator.py took 0.163 seconds
[2023-03-28T00:06:05.673+0200] {processor.py:153} INFO - Started process (PID=22736) to work on /home/humbulani/miniconda3/envs/apache-airflow/lib/python3.8/site-packages/airflow/example_dags/example_task_group_decorator.py
[2023-03-28T00:06:05.674+0200] {processor.py:743} INFO - Processing file /home/humbulani/miniconda3/envs/apache-airflow/lib/python3.8/site-packages/airflow/example_dags/example_task_group_decorator.py for tasks to queue
[2023-03-28T00:06:05.675+0200] {logging_mixin.py:137} INFO - [2023-03-28T00:06:05.674+0200] {dagbag.py:532} INFO - Filling up the DagBag from /home/humbulani/miniconda3/envs/apache-airflow/lib/python3.8/site-packages/airflow/example_dags/example_task_group_decorator.py
[2023-03-28T00:06:05.700+0200] {processor.py:753} INFO - DAG(s) dict_keys(['example_task_group_decorator']) retrieved from /home/humbulani/miniconda3/envs/apache-airflow/lib/python3.8/site-packages/airflow/example_dags/example_task_group_decorator.py
[2023-03-28T00:06:05.721+0200] {logging_mixin.py:137} INFO - [2023-03-28T00:06:05.721+0200] {dag.py:2693} INFO - Sync 1 DAGs
[2023-03-28T00:06:05.743+0200] {logging_mixin.py:137} INFO - [2023-03-28T00:06:05.743+0200] {dag.py:3440} INFO - Setting next_dagrun for example_task_group_decorator to 2023-03-26T22:06:05.743426+00:00, run_after=2023-03-27T22:06:05.743426+00:00
[2023-03-28T00:06:05.840+0200] {processor.py:175} INFO - Processing /home/humbulani/miniconda3/envs/apache-airflow/lib/python3.8/site-packages/airflow/example_dags/example_task_group_decorator.py took 0.169 seconds
[2023-03-28T00:06:49.697+0200] {processor.py:153} INFO - Started process (PID=22780) to work on /home/humbulani/miniconda3/envs/apache-airflow/lib/python3.8/site-packages/airflow/example_dags/example_task_group_decorator.py
[2023-03-28T00:06:49.732+0200] {processor.py:743} INFO - Processing file /home/humbulani/miniconda3/envs/apache-airflow/lib/python3.8/site-packages/airflow/example_dags/example_task_group_decorator.py for tasks to queue
[2023-03-28T00:06:49.733+0200] {logging_mixin.py:137} INFO - [2023-03-28T00:06:49.732+0200] {dagbag.py:532} INFO - Filling up the DagBag from /home/humbulani/miniconda3/envs/apache-airflow/lib/python3.8/site-packages/airflow/example_dags/example_task_group_decorator.py
[2023-03-28T00:06:49.759+0200] {processor.py:753} INFO - DAG(s) dict_keys(['example_task_group_decorator']) retrieved from /home/humbulani/miniconda3/envs/apache-airflow/lib/python3.8/site-packages/airflow/example_dags/example_task_group_decorator.py
[2023-03-28T00:06:49.778+0200] {logging_mixin.py:137} INFO - [2023-03-28T00:06:49.778+0200] {dag.py:2693} INFO - Sync 1 DAGs
[2023-03-28T00:06:49.796+0200] {logging_mixin.py:137} INFO - [2023-03-28T00:06:49.796+0200] {dag.py:3440} INFO - Setting next_dagrun for example_task_group_decorator to 2023-03-26T22:06:49.796254+00:00, run_after=2023-03-27T22:06:49.796254+00:00
[2023-03-28T00:06:50.029+0200] {processor.py:175} INFO - Processing /home/humbulani/miniconda3/envs/apache-airflow/lib/python3.8/site-packages/airflow/example_dags/example_task_group_decorator.py took 0.334 seconds
[2023-03-28T00:07:40.465+0200] {processor.py:153} INFO - Started process (PID=22827) to work on /home/humbulani/miniconda3/envs/apache-airflow/lib/python3.8/site-packages/airflow/example_dags/example_task_group_decorator.py
[2023-03-28T00:07:40.485+0200] {processor.py:743} INFO - Processing file /home/humbulani/miniconda3/envs/apache-airflow/lib/python3.8/site-packages/airflow/example_dags/example_task_group_decorator.py for tasks to queue
[2023-03-28T00:07:40.486+0200] {logging_mixin.py:137} INFO - [2023-03-28T00:07:40.486+0200] {dagbag.py:532} INFO - Filling up the DagBag from /home/humbulani/miniconda3/envs/apache-airflow/lib/python3.8/site-packages/airflow/example_dags/example_task_group_decorator.py
[2023-03-28T00:07:40.521+0200] {processor.py:753} INFO - DAG(s) dict_keys(['example_task_group_decorator']) retrieved from /home/humbulani/miniconda3/envs/apache-airflow/lib/python3.8/site-packages/airflow/example_dags/example_task_group_decorator.py
[2023-03-28T00:07:40.547+0200] {logging_mixin.py:137} INFO - [2023-03-28T00:07:40.547+0200] {dag.py:2693} INFO - Sync 1 DAGs
[2023-03-28T00:07:40.564+0200] {logging_mixin.py:137} INFO - [2023-03-28T00:07:40.564+0200] {dag.py:3440} INFO - Setting next_dagrun for example_task_group_decorator to 2023-03-26T22:07:40.564530+00:00, run_after=2023-03-27T22:07:40.564530+00:00
[2023-03-28T00:07:40.652+0200] {processor.py:175} INFO - Processing /home/humbulani/miniconda3/envs/apache-airflow/lib/python3.8/site-packages/airflow/example_dags/example_task_group_decorator.py took 0.189 seconds
[2023-03-28T00:08:15.065+0200] {processor.py:153} INFO - Started process (PID=22911) to work on /home/humbulani/miniconda3/envs/apache-airflow/lib/python3.8/site-packages/airflow/example_dags/example_task_group_decorator.py
[2023-03-28T00:08:15.074+0200] {processor.py:743} INFO - Processing file /home/humbulani/miniconda3/envs/apache-airflow/lib/python3.8/site-packages/airflow/example_dags/example_task_group_decorator.py for tasks to queue
[2023-03-28T00:08:15.074+0200] {logging_mixin.py:137} INFO - [2023-03-28T00:08:15.074+0200] {dagbag.py:532} INFO - Filling up the DagBag from /home/humbulani/miniconda3/envs/apache-airflow/lib/python3.8/site-packages/airflow/example_dags/example_task_group_decorator.py
[2023-03-28T00:08:15.103+0200] {processor.py:753} INFO - DAG(s) dict_keys(['example_task_group_decorator']) retrieved from /home/humbulani/miniconda3/envs/apache-airflow/lib/python3.8/site-packages/airflow/example_dags/example_task_group_decorator.py
[2023-03-28T00:08:15.126+0200] {logging_mixin.py:137} INFO - [2023-03-28T00:08:15.126+0200] {dag.py:2693} INFO - Sync 1 DAGs
[2023-03-28T00:08:15.148+0200] {logging_mixin.py:137} INFO - [2023-03-28T00:08:15.148+0200] {dag.py:3440} INFO - Setting next_dagrun for example_task_group_decorator to 2023-03-26T22:08:15.147871+00:00, run_after=2023-03-27T22:08:15.147871+00:00
[2023-03-28T00:08:15.305+0200] {processor.py:175} INFO - Processing /home/humbulani/miniconda3/envs/apache-airflow/lib/python3.8/site-packages/airflow/example_dags/example_task_group_decorator.py took 0.242 seconds
[2023-03-28T00:08:52.353+0200] {processor.py:153} INFO - Started process (PID=22946) to work on /home/humbulani/miniconda3/envs/apache-airflow/lib/python3.8/site-packages/airflow/example_dags/example_task_group_decorator.py
[2023-03-28T00:08:52.354+0200] {processor.py:743} INFO - Processing file /home/humbulani/miniconda3/envs/apache-airflow/lib/python3.8/site-packages/airflow/example_dags/example_task_group_decorator.py for tasks to queue
[2023-03-28T00:08:52.354+0200] {logging_mixin.py:137} INFO - [2023-03-28T00:08:52.354+0200] {dagbag.py:532} INFO - Filling up the DagBag from /home/humbulani/miniconda3/envs/apache-airflow/lib/python3.8/site-packages/airflow/example_dags/example_task_group_decorator.py
[2023-03-28T00:08:52.379+0200] {processor.py:753} INFO - DAG(s) dict_keys(['example_task_group_decorator']) retrieved from /home/humbulani/miniconda3/envs/apache-airflow/lib/python3.8/site-packages/airflow/example_dags/example_task_group_decorator.py
[2023-03-28T00:08:52.398+0200] {logging_mixin.py:137} INFO - [2023-03-28T00:08:52.398+0200] {dag.py:2693} INFO - Sync 1 DAGs
[2023-03-28T00:08:52.494+0200] {logging_mixin.py:137} INFO - [2023-03-28T00:08:52.494+0200] {dag.py:3440} INFO - Setting next_dagrun for example_task_group_decorator to 2023-03-26T22:08:52.494331+00:00, run_after=2023-03-27T22:08:52.494331+00:00
[2023-03-28T00:08:52.592+0200] {processor.py:175} INFO - Processing /home/humbulani/miniconda3/envs/apache-airflow/lib/python3.8/site-packages/airflow/example_dags/example_task_group_decorator.py took 0.242 seconds
[2023-03-28T00:09:33.075+0200] {processor.py:153} INFO - Started process (PID=22991) to work on /home/humbulani/miniconda3/envs/apache-airflow/lib/python3.8/site-packages/airflow/example_dags/example_task_group_decorator.py
[2023-03-28T00:09:33.076+0200] {processor.py:743} INFO - Processing file /home/humbulani/miniconda3/envs/apache-airflow/lib/python3.8/site-packages/airflow/example_dags/example_task_group_decorator.py for tasks to queue
[2023-03-28T00:09:33.076+0200] {logging_mixin.py:137} INFO - [2023-03-28T00:09:33.076+0200] {dagbag.py:532} INFO - Filling up the DagBag from /home/humbulani/miniconda3/envs/apache-airflow/lib/python3.8/site-packages/airflow/example_dags/example_task_group_decorator.py
[2023-03-28T00:09:33.101+0200] {processor.py:753} INFO - DAG(s) dict_keys(['example_task_group_decorator']) retrieved from /home/humbulani/miniconda3/envs/apache-airflow/lib/python3.8/site-packages/airflow/example_dags/example_task_group_decorator.py
[2023-03-28T00:09:33.202+0200] {logging_mixin.py:137} INFO - [2023-03-28T00:09:33.202+0200] {dag.py:2693} INFO - Sync 1 DAGs
[2023-03-28T00:09:33.217+0200] {logging_mixin.py:137} INFO - [2023-03-28T00:09:33.217+0200] {dag.py:3440} INFO - Setting next_dagrun for example_task_group_decorator to 2023-03-26T22:09:33.217567+00:00, run_after=2023-03-27T22:09:33.217567+00:00
[2023-03-28T00:09:33.301+0200] {processor.py:175} INFO - Processing /home/humbulani/miniconda3/envs/apache-airflow/lib/python3.8/site-packages/airflow/example_dags/example_task_group_decorator.py took 0.228 seconds
[2023-03-28T00:10:12.776+0200] {processor.py:153} INFO - Started process (PID=23026) to work on /home/humbulani/miniconda3/envs/apache-airflow/lib/python3.8/site-packages/airflow/example_dags/example_task_group_decorator.py
[2023-03-28T00:10:12.777+0200] {processor.py:743} INFO - Processing file /home/humbulani/miniconda3/envs/apache-airflow/lib/python3.8/site-packages/airflow/example_dags/example_task_group_decorator.py for tasks to queue
[2023-03-28T00:10:12.777+0200] {logging_mixin.py:137} INFO - [2023-03-28T00:10:12.777+0200] {dagbag.py:532} INFO - Filling up the DagBag from /home/humbulani/miniconda3/envs/apache-airflow/lib/python3.8/site-packages/airflow/example_dags/example_task_group_decorator.py
[2023-03-28T00:10:12.805+0200] {processor.py:753} INFO - DAG(s) dict_keys(['example_task_group_decorator']) retrieved from /home/humbulani/miniconda3/envs/apache-airflow/lib/python3.8/site-packages/airflow/example_dags/example_task_group_decorator.py
[2023-03-28T00:10:12.908+0200] {logging_mixin.py:137} INFO - [2023-03-28T00:10:12.908+0200] {dag.py:2693} INFO - Sync 1 DAGs
[2023-03-28T00:10:12.926+0200] {logging_mixin.py:137} INFO - [2023-03-28T00:10:12.926+0200] {dag.py:3440} INFO - Setting next_dagrun for example_task_group_decorator to 2023-03-26T22:10:12.926189+00:00, run_after=2023-03-27T22:10:12.926189+00:00
[2023-03-28T00:10:13.012+0200] {processor.py:175} INFO - Processing /home/humbulani/miniconda3/envs/apache-airflow/lib/python3.8/site-packages/airflow/example_dags/example_task_group_decorator.py took 0.239 seconds
[2023-03-28T00:10:53.553+0200] {processor.py:153} INFO - Started process (PID=23062) to work on /home/humbulani/miniconda3/envs/apache-airflow/lib/python3.8/site-packages/airflow/example_dags/example_task_group_decorator.py
[2023-03-28T00:10:53.554+0200] {processor.py:743} INFO - Processing file /home/humbulani/miniconda3/envs/apache-airflow/lib/python3.8/site-packages/airflow/example_dags/example_task_group_decorator.py for tasks to queue
[2023-03-28T00:10:53.554+0200] {logging_mixin.py:137} INFO - [2023-03-28T00:10:53.554+0200] {dagbag.py:532} INFO - Filling up the DagBag from /home/humbulani/miniconda3/envs/apache-airflow/lib/python3.8/site-packages/airflow/example_dags/example_task_group_decorator.py
[2023-03-28T00:10:53.661+0200] {processor.py:753} INFO - DAG(s) dict_keys(['example_task_group_decorator']) retrieved from /home/humbulani/miniconda3/envs/apache-airflow/lib/python3.8/site-packages/airflow/example_dags/example_task_group_decorator.py
[2023-03-28T00:10:53.679+0200] {logging_mixin.py:137} INFO - [2023-03-28T00:10:53.679+0200] {dag.py:2693} INFO - Sync 1 DAGs
[2023-03-28T00:10:53.696+0200] {logging_mixin.py:137} INFO - [2023-03-28T00:10:53.695+0200] {dag.py:3440} INFO - Setting next_dagrun for example_task_group_decorator to 2023-03-26T22:10:53.695693+00:00, run_after=2023-03-27T22:10:53.695693+00:00
[2023-03-28T00:10:53.781+0200] {processor.py:175} INFO - Processing /home/humbulani/miniconda3/envs/apache-airflow/lib/python3.8/site-packages/airflow/example_dags/example_task_group_decorator.py took 0.230 seconds
[2023-03-28T00:11:36.557+0200] {processor.py:153} INFO - Started process (PID=23099) to work on /home/humbulani/miniconda3/envs/apache-airflow/lib/python3.8/site-packages/airflow/example_dags/example_task_group_decorator.py
[2023-03-28T00:11:36.558+0200] {processor.py:743} INFO - Processing file /home/humbulani/miniconda3/envs/apache-airflow/lib/python3.8/site-packages/airflow/example_dags/example_task_group_decorator.py for tasks to queue
[2023-03-28T00:11:36.559+0200] {logging_mixin.py:137} INFO - [2023-03-28T00:11:36.559+0200] {dagbag.py:532} INFO - Filling up the DagBag from /home/humbulani/miniconda3/envs/apache-airflow/lib/python3.8/site-packages/airflow/example_dags/example_task_group_decorator.py
[2023-03-28T00:11:36.667+0200] {processor.py:753} INFO - DAG(s) dict_keys(['example_task_group_decorator']) retrieved from /home/humbulani/miniconda3/envs/apache-airflow/lib/python3.8/site-packages/airflow/example_dags/example_task_group_decorator.py
[2023-03-28T00:11:36.684+0200] {logging_mixin.py:137} INFO - [2023-03-28T00:11:36.684+0200] {dag.py:2693} INFO - Sync 1 DAGs
[2023-03-28T00:11:36.700+0200] {logging_mixin.py:137} INFO - [2023-03-28T00:11:36.699+0200] {dag.py:3440} INFO - Setting next_dagrun for example_task_group_decorator to 2023-03-26T22:11:36.699733+00:00, run_after=2023-03-27T22:11:36.699733+00:00
[2023-03-28T00:11:36.792+0200] {processor.py:175} INFO - Processing /home/humbulani/miniconda3/envs/apache-airflow/lib/python3.8/site-packages/airflow/example_dags/example_task_group_decorator.py took 0.238 seconds
[2023-03-28T00:12:25.084+0200] {processor.py:153} INFO - Started process (PID=23137) to work on /home/humbulani/miniconda3/envs/apache-airflow/lib/python3.8/site-packages/airflow/example_dags/example_task_group_decorator.py
[2023-03-28T00:12:25.085+0200] {processor.py:743} INFO - Processing file /home/humbulani/miniconda3/envs/apache-airflow/lib/python3.8/site-packages/airflow/example_dags/example_task_group_decorator.py for tasks to queue
[2023-03-28T00:12:25.085+0200] {logging_mixin.py:137} INFO - [2023-03-28T00:12:25.085+0200] {dagbag.py:532} INFO - Filling up the DagBag from /home/humbulani/miniconda3/envs/apache-airflow/lib/python3.8/site-packages/airflow/example_dags/example_task_group_decorator.py
[2023-03-28T00:12:25.109+0200] {processor.py:753} INFO - DAG(s) dict_keys(['example_task_group_decorator']) retrieved from /home/humbulani/miniconda3/envs/apache-airflow/lib/python3.8/site-packages/airflow/example_dags/example_task_group_decorator.py
[2023-03-28T00:12:25.126+0200] {logging_mixin.py:137} INFO - [2023-03-28T00:12:25.126+0200] {dag.py:2693} INFO - Sync 1 DAGs
[2023-03-28T00:12:25.142+0200] {logging_mixin.py:137} INFO - [2023-03-28T00:12:25.142+0200] {dag.py:3440} INFO - Setting next_dagrun for example_task_group_decorator to 2023-03-26T22:12:25.142325+00:00, run_after=2023-03-27T22:12:25.142325+00:00
[2023-03-28T00:12:25.237+0200] {processor.py:175} INFO - Processing /home/humbulani/miniconda3/envs/apache-airflow/lib/python3.8/site-packages/airflow/example_dags/example_task_group_decorator.py took 0.243 seconds
[2023-03-28T00:13:01.284+0200] {processor.py:153} INFO - Started process (PID=23198) to work on /home/humbulani/miniconda3/envs/apache-airflow/lib/python3.8/site-packages/airflow/example_dags/example_task_group_decorator.py
[2023-03-28T00:13:01.285+0200] {processor.py:743} INFO - Processing file /home/humbulani/miniconda3/envs/apache-airflow/lib/python3.8/site-packages/airflow/example_dags/example_task_group_decorator.py for tasks to queue
[2023-03-28T00:13:01.285+0200] {logging_mixin.py:137} INFO - [2023-03-28T00:13:01.285+0200] {dagbag.py:532} INFO - Filling up the DagBag from /home/humbulani/miniconda3/envs/apache-airflow/lib/python3.8/site-packages/airflow/example_dags/example_task_group_decorator.py
[2023-03-28T00:13:01.311+0200] {processor.py:753} INFO - DAG(s) dict_keys(['example_task_group_decorator']) retrieved from /home/humbulani/miniconda3/envs/apache-airflow/lib/python3.8/site-packages/airflow/example_dags/example_task_group_decorator.py
[2023-03-28T00:13:01.330+0200] {logging_mixin.py:137} INFO - [2023-03-28T00:13:01.330+0200] {dag.py:2693} INFO - Sync 1 DAGs
[2023-03-28T00:13:01.348+0200] {logging_mixin.py:137} INFO - [2023-03-28T00:13:01.348+0200] {dag.py:3440} INFO - Setting next_dagrun for example_task_group_decorator to 2023-03-26T22:13:01.347943+00:00, run_after=2023-03-27T22:13:01.347943+00:00
[2023-03-28T00:13:01.456+0200] {processor.py:175} INFO - Processing /home/humbulani/miniconda3/envs/apache-airflow/lib/python3.8/site-packages/airflow/example_dags/example_task_group_decorator.py took 0.174 seconds
[2023-03-28T00:13:44.888+0200] {processor.py:153} INFO - Started process (PID=23249) to work on /home/humbulani/miniconda3/envs/apache-airflow/lib/python3.8/site-packages/airflow/example_dags/example_task_group_decorator.py
[2023-03-28T00:13:44.889+0200] {processor.py:743} INFO - Processing file /home/humbulani/miniconda3/envs/apache-airflow/lib/python3.8/site-packages/airflow/example_dags/example_task_group_decorator.py for tasks to queue
[2023-03-28T00:13:44.889+0200] {logging_mixin.py:137} INFO - [2023-03-28T00:13:44.889+0200] {dagbag.py:532} INFO - Filling up the DagBag from /home/humbulani/miniconda3/envs/apache-airflow/lib/python3.8/site-packages/airflow/example_dags/example_task_group_decorator.py
[2023-03-28T00:13:44.914+0200] {processor.py:753} INFO - DAG(s) dict_keys(['example_task_group_decorator']) retrieved from /home/humbulani/miniconda3/envs/apache-airflow/lib/python3.8/site-packages/airflow/example_dags/example_task_group_decorator.py
[2023-03-28T00:13:44.934+0200] {logging_mixin.py:137} INFO - [2023-03-28T00:13:44.934+0200] {dag.py:2693} INFO - Sync 1 DAGs
[2023-03-28T00:13:44.951+0200] {logging_mixin.py:137} INFO - [2023-03-28T00:13:44.951+0200] {dag.py:3440} INFO - Setting next_dagrun for example_task_group_decorator to 2023-03-26T22:13:44.950903+00:00, run_after=2023-03-27T22:13:44.950903+00:00
[2023-03-28T00:13:45.044+0200] {processor.py:175} INFO - Processing /home/humbulani/miniconda3/envs/apache-airflow/lib/python3.8/site-packages/airflow/example_dags/example_task_group_decorator.py took 0.158 seconds
[2023-03-28T00:14:28.631+0200] {processor.py:153} INFO - Started process (PID=23292) to work on /home/humbulani/miniconda3/envs/apache-airflow/lib/python3.8/site-packages/airflow/example_dags/example_task_group_decorator.py
[2023-03-28T00:14:28.632+0200] {processor.py:743} INFO - Processing file /home/humbulani/miniconda3/envs/apache-airflow/lib/python3.8/site-packages/airflow/example_dags/example_task_group_decorator.py for tasks to queue
[2023-03-28T00:14:28.633+0200] {logging_mixin.py:137} INFO - [2023-03-28T00:14:28.633+0200] {dagbag.py:532} INFO - Filling up the DagBag from /home/humbulani/miniconda3/envs/apache-airflow/lib/python3.8/site-packages/airflow/example_dags/example_task_group_decorator.py
[2023-03-28T00:14:28.663+0200] {processor.py:753} INFO - DAG(s) dict_keys(['example_task_group_decorator']) retrieved from /home/humbulani/miniconda3/envs/apache-airflow/lib/python3.8/site-packages/airflow/example_dags/example_task_group_decorator.py
[2023-03-28T00:14:28.682+0200] {logging_mixin.py:137} INFO - [2023-03-28T00:14:28.682+0200] {dag.py:2693} INFO - Sync 1 DAGs
[2023-03-28T00:14:28.699+0200] {logging_mixin.py:137} INFO - [2023-03-28T00:14:28.699+0200] {dag.py:3440} INFO - Setting next_dagrun for example_task_group_decorator to 2023-03-26T22:14:28.699160+00:00, run_after=2023-03-27T22:14:28.699160+00:00
[2023-03-28T00:14:28.829+0200] {processor.py:175} INFO - Processing /home/humbulani/miniconda3/envs/apache-airflow/lib/python3.8/site-packages/airflow/example_dags/example_task_group_decorator.py took 0.201 seconds
[2023-03-28T00:15:04.427+0200] {processor.py:153} INFO - Started process (PID=23329) to work on /home/humbulani/miniconda3/envs/apache-airflow/lib/python3.8/site-packages/airflow/example_dags/example_task_group_decorator.py
[2023-03-28T00:15:04.438+0200] {processor.py:743} INFO - Processing file /home/humbulani/miniconda3/envs/apache-airflow/lib/python3.8/site-packages/airflow/example_dags/example_task_group_decorator.py for tasks to queue
[2023-03-28T00:15:04.438+0200] {logging_mixin.py:137} INFO - [2023-03-28T00:15:04.438+0200] {dagbag.py:532} INFO - Filling up the DagBag from /home/humbulani/miniconda3/envs/apache-airflow/lib/python3.8/site-packages/airflow/example_dags/example_task_group_decorator.py
[2023-03-28T00:15:04.464+0200] {processor.py:753} INFO - DAG(s) dict_keys(['example_task_group_decorator']) retrieved from /home/humbulani/miniconda3/envs/apache-airflow/lib/python3.8/site-packages/airflow/example_dags/example_task_group_decorator.py
[2023-03-28T00:15:04.485+0200] {logging_mixin.py:137} INFO - [2023-03-28T00:15:04.484+0200] {dag.py:2693} INFO - Sync 1 DAGs
[2023-03-28T00:15:04.502+0200] {logging_mixin.py:137} INFO - [2023-03-28T00:15:04.501+0200] {dag.py:3440} INFO - Setting next_dagrun for example_task_group_decorator to 2023-03-26T22:15:04.501699+00:00, run_after=2023-03-27T22:15:04.501699+00:00
[2023-03-28T00:15:04.603+0200] {processor.py:175} INFO - Processing /home/humbulani/miniconda3/envs/apache-airflow/lib/python3.8/site-packages/airflow/example_dags/example_task_group_decorator.py took 0.178 seconds
[2023-03-28T00:15:50.753+0200] {processor.py:153} INFO - Started process (PID=23405) to work on /home/humbulani/miniconda3/envs/apache-airflow/lib/python3.8/site-packages/airflow/example_dags/example_task_group_decorator.py
[2023-03-28T00:15:50.754+0200] {processor.py:743} INFO - Processing file /home/humbulani/miniconda3/envs/apache-airflow/lib/python3.8/site-packages/airflow/example_dags/example_task_group_decorator.py for tasks to queue
[2023-03-28T00:15:50.754+0200] {logging_mixin.py:137} INFO - [2023-03-28T00:15:50.754+0200] {dagbag.py:532} INFO - Filling up the DagBag from /home/humbulani/miniconda3/envs/apache-airflow/lib/python3.8/site-packages/airflow/example_dags/example_task_group_decorator.py
[2023-03-28T00:15:50.781+0200] {processor.py:753} INFO - DAG(s) dict_keys(['example_task_group_decorator']) retrieved from /home/humbulani/miniconda3/envs/apache-airflow/lib/python3.8/site-packages/airflow/example_dags/example_task_group_decorator.py
[2023-03-28T00:15:50.800+0200] {logging_mixin.py:137} INFO - [2023-03-28T00:15:50.800+0200] {dag.py:2693} INFO - Sync 1 DAGs
[2023-03-28T00:15:50.818+0200] {logging_mixin.py:137} INFO - [2023-03-28T00:15:50.818+0200] {dag.py:3440} INFO - Setting next_dagrun for example_task_group_decorator to 2023-03-26T22:15:50.818433+00:00, run_after=2023-03-27T22:15:50.818433+00:00
[2023-03-28T00:15:50.917+0200] {processor.py:175} INFO - Processing /home/humbulani/miniconda3/envs/apache-airflow/lib/python3.8/site-packages/airflow/example_dags/example_task_group_decorator.py took 0.167 seconds
[2023-03-28T00:16:39.817+0200] {processor.py:153} INFO - Started process (PID=23477) to work on /home/humbulani/miniconda3/envs/apache-airflow/lib/python3.8/site-packages/airflow/example_dags/example_task_group_decorator.py
[2023-03-28T00:16:39.828+0200] {processor.py:743} INFO - Processing file /home/humbulani/miniconda3/envs/apache-airflow/lib/python3.8/site-packages/airflow/example_dags/example_task_group_decorator.py for tasks to queue
[2023-03-28T00:16:39.829+0200] {logging_mixin.py:137} INFO - [2023-03-28T00:16:39.829+0200] {dagbag.py:532} INFO - Filling up the DagBag from /home/humbulani/miniconda3/envs/apache-airflow/lib/python3.8/site-packages/airflow/example_dags/example_task_group_decorator.py
[2023-03-28T00:16:39.856+0200] {processor.py:753} INFO - DAG(s) dict_keys(['example_task_group_decorator']) retrieved from /home/humbulani/miniconda3/envs/apache-airflow/lib/python3.8/site-packages/airflow/example_dags/example_task_group_decorator.py
[2023-03-28T00:16:39.878+0200] {logging_mixin.py:137} INFO - [2023-03-28T00:16:39.878+0200] {dag.py:2693} INFO - Sync 1 DAGs
[2023-03-28T00:16:39.898+0200] {logging_mixin.py:137} INFO - [2023-03-28T00:16:39.898+0200] {dag.py:3440} INFO - Setting next_dagrun for example_task_group_decorator to 2023-03-26T22:16:39.897970+00:00, run_after=2023-03-27T22:16:39.897970+00:00
[2023-03-28T00:16:39.992+0200] {processor.py:175} INFO - Processing /home/humbulani/miniconda3/envs/apache-airflow/lib/python3.8/site-packages/airflow/example_dags/example_task_group_decorator.py took 0.177 seconds
[2023-03-28T00:17:17.106+0200] {processor.py:153} INFO - Started process (PID=23585) to work on /home/humbulani/miniconda3/envs/apache-airflow/lib/python3.8/site-packages/airflow/example_dags/example_task_group_decorator.py
[2023-03-28T00:17:17.121+0200] {processor.py:743} INFO - Processing file /home/humbulani/miniconda3/envs/apache-airflow/lib/python3.8/site-packages/airflow/example_dags/example_task_group_decorator.py for tasks to queue
[2023-03-28T00:17:17.122+0200] {logging_mixin.py:137} INFO - [2023-03-28T00:17:17.121+0200] {dagbag.py:532} INFO - Filling up the DagBag from /home/humbulani/miniconda3/envs/apache-airflow/lib/python3.8/site-packages/airflow/example_dags/example_task_group_decorator.py
[2023-03-28T00:17:17.151+0200] {processor.py:753} INFO - DAG(s) dict_keys(['example_task_group_decorator']) retrieved from /home/humbulani/miniconda3/envs/apache-airflow/lib/python3.8/site-packages/airflow/example_dags/example_task_group_decorator.py
[2023-03-28T00:17:17.175+0200] {logging_mixin.py:137} INFO - [2023-03-28T00:17:17.175+0200] {dag.py:2693} INFO - Sync 1 DAGs
[2023-03-28T00:17:17.195+0200] {logging_mixin.py:137} INFO - [2023-03-28T00:17:17.195+0200] {dag.py:3440} INFO - Setting next_dagrun for example_task_group_decorator to 2023-03-26T22:17:17.194793+00:00, run_after=2023-03-27T22:17:17.194793+00:00
[2023-03-28T00:17:17.272+0200] {processor.py:175} INFO - Processing /home/humbulani/miniconda3/envs/apache-airflow/lib/python3.8/site-packages/airflow/example_dags/example_task_group_decorator.py took 0.168 seconds
[2023-03-28T00:18:02.490+0200] {processor.py:153} INFO - Started process (PID=23630) to work on /home/humbulani/miniconda3/envs/apache-airflow/lib/python3.8/site-packages/airflow/example_dags/example_task_group_decorator.py
[2023-03-28T00:18:02.491+0200] {processor.py:743} INFO - Processing file /home/humbulani/miniconda3/envs/apache-airflow/lib/python3.8/site-packages/airflow/example_dags/example_task_group_decorator.py for tasks to queue
[2023-03-28T00:18:02.491+0200] {logging_mixin.py:137} INFO - [2023-03-28T00:18:02.491+0200] {dagbag.py:532} INFO - Filling up the DagBag from /home/humbulani/miniconda3/envs/apache-airflow/lib/python3.8/site-packages/airflow/example_dags/example_task_group_decorator.py
[2023-03-28T00:18:02.517+0200] {processor.py:753} INFO - DAG(s) dict_keys(['example_task_group_decorator']) retrieved from /home/humbulani/miniconda3/envs/apache-airflow/lib/python3.8/site-packages/airflow/example_dags/example_task_group_decorator.py
[2023-03-28T00:18:02.537+0200] {logging_mixin.py:137} INFO - [2023-03-28T00:18:02.537+0200] {dag.py:2693} INFO - Sync 1 DAGs
[2023-03-28T00:18:02.554+0200] {logging_mixin.py:137} INFO - [2023-03-28T00:18:02.553+0200] {dag.py:3440} INFO - Setting next_dagrun for example_task_group_decorator to 2023-03-26T22:18:02.553735+00:00, run_after=2023-03-27T22:18:02.553735+00:00
[2023-03-28T00:18:02.666+0200] {processor.py:175} INFO - Processing /home/humbulani/miniconda3/envs/apache-airflow/lib/python3.8/site-packages/airflow/example_dags/example_task_group_decorator.py took 0.179 seconds
[2023-03-28T00:18:46.450+0200] {processor.py:153} INFO - Started process (PID=23672) to work on /home/humbulani/miniconda3/envs/apache-airflow/lib/python3.8/site-packages/airflow/example_dags/example_task_group_decorator.py
[2023-03-28T00:18:46.467+0200] {processor.py:743} INFO - Processing file /home/humbulani/miniconda3/envs/apache-airflow/lib/python3.8/site-packages/airflow/example_dags/example_task_group_decorator.py for tasks to queue
[2023-03-28T00:18:46.468+0200] {logging_mixin.py:137} INFO - [2023-03-28T00:18:46.467+0200] {dagbag.py:532} INFO - Filling up the DagBag from /home/humbulani/miniconda3/envs/apache-airflow/lib/python3.8/site-packages/airflow/example_dags/example_task_group_decorator.py
[2023-03-28T00:18:46.500+0200] {processor.py:753} INFO - DAG(s) dict_keys(['example_task_group_decorator']) retrieved from /home/humbulani/miniconda3/envs/apache-airflow/lib/python3.8/site-packages/airflow/example_dags/example_task_group_decorator.py
[2023-03-28T00:18:46.520+0200] {logging_mixin.py:137} INFO - [2023-03-28T00:18:46.520+0200] {dag.py:2693} INFO - Sync 1 DAGs
[2023-03-28T00:18:46.538+0200] {logging_mixin.py:137} INFO - [2023-03-28T00:18:46.538+0200] {dag.py:3440} INFO - Setting next_dagrun for example_task_group_decorator to 2023-03-26T22:18:46.537928+00:00, run_after=2023-03-27T22:18:46.537928+00:00
[2023-03-28T00:18:46.627+0200] {processor.py:175} INFO - Processing /home/humbulani/miniconda3/envs/apache-airflow/lib/python3.8/site-packages/airflow/example_dags/example_task_group_decorator.py took 0.180 seconds
[2023-03-28T00:19:32.647+0200] {processor.py:153} INFO - Started process (PID=23716) to work on /home/humbulani/miniconda3/envs/apache-airflow/lib/python3.8/site-packages/airflow/example_dags/example_task_group_decorator.py
[2023-03-28T00:19:32.659+0200] {processor.py:743} INFO - Processing file /home/humbulani/miniconda3/envs/apache-airflow/lib/python3.8/site-packages/airflow/example_dags/example_task_group_decorator.py for tasks to queue
[2023-03-28T00:19:32.660+0200] {logging_mixin.py:137} INFO - [2023-03-28T00:19:32.660+0200] {dagbag.py:532} INFO - Filling up the DagBag from /home/humbulani/miniconda3/envs/apache-airflow/lib/python3.8/site-packages/airflow/example_dags/example_task_group_decorator.py
[2023-03-28T00:19:32.686+0200] {processor.py:753} INFO - DAG(s) dict_keys(['example_task_group_decorator']) retrieved from /home/humbulani/miniconda3/envs/apache-airflow/lib/python3.8/site-packages/airflow/example_dags/example_task_group_decorator.py
[2023-03-28T00:19:32.706+0200] {logging_mixin.py:137} INFO - [2023-03-28T00:19:32.706+0200] {dag.py:2693} INFO - Sync 1 DAGs
[2023-03-28T00:19:32.724+0200] {logging_mixin.py:137} INFO - [2023-03-28T00:19:32.723+0200] {dag.py:3440} INFO - Setting next_dagrun for example_task_group_decorator to 2023-03-26T22:19:32.723793+00:00, run_after=2023-03-27T22:19:32.723793+00:00
[2023-03-28T00:19:32.800+0200] {processor.py:175} INFO - Processing /home/humbulani/miniconda3/envs/apache-airflow/lib/python3.8/site-packages/airflow/example_dags/example_task_group_decorator.py took 0.155 seconds
[2023-03-28T00:20:24.137+0200] {processor.py:153} INFO - Started process (PID=23769) to work on /home/humbulani/miniconda3/envs/apache-airflow/lib/python3.8/site-packages/airflow/example_dags/example_task_group_decorator.py
[2023-03-28T00:20:24.149+0200] {processor.py:743} INFO - Processing file /home/humbulani/miniconda3/envs/apache-airflow/lib/python3.8/site-packages/airflow/example_dags/example_task_group_decorator.py for tasks to queue
[2023-03-28T00:20:24.150+0200] {logging_mixin.py:137} INFO - [2023-03-28T00:20:24.150+0200] {dagbag.py:532} INFO - Filling up the DagBag from /home/humbulani/miniconda3/envs/apache-airflow/lib/python3.8/site-packages/airflow/example_dags/example_task_group_decorator.py
[2023-03-28T00:20:24.177+0200] {processor.py:753} INFO - DAG(s) dict_keys(['example_task_group_decorator']) retrieved from /home/humbulani/miniconda3/envs/apache-airflow/lib/python3.8/site-packages/airflow/example_dags/example_task_group_decorator.py
[2023-03-28T00:20:24.198+0200] {logging_mixin.py:137} INFO - [2023-03-28T00:20:24.197+0200] {dag.py:2693} INFO - Sync 1 DAGs
[2023-03-28T00:20:24.216+0200] {logging_mixin.py:137} INFO - [2023-03-28T00:20:24.216+0200] {dag.py:3440} INFO - Setting next_dagrun for example_task_group_decorator to 2023-03-26T22:20:24.216282+00:00, run_after=2023-03-27T22:20:24.216282+00:00
[2023-03-28T00:20:24.306+0200] {processor.py:175} INFO - Processing /home/humbulani/miniconda3/envs/apache-airflow/lib/python3.8/site-packages/airflow/example_dags/example_task_group_decorator.py took 0.171 seconds
[2023-03-28T00:21:06.425+0200] {processor.py:153} INFO - Started process (PID=23805) to work on /home/humbulani/miniconda3/envs/apache-airflow/lib/python3.8/site-packages/airflow/example_dags/example_task_group_decorator.py
[2023-03-28T00:21:06.464+0200] {processor.py:743} INFO - Processing file /home/humbulani/miniconda3/envs/apache-airflow/lib/python3.8/site-packages/airflow/example_dags/example_task_group_decorator.py for tasks to queue
[2023-03-28T00:21:06.465+0200] {logging_mixin.py:137} INFO - [2023-03-28T00:21:06.465+0200] {dagbag.py:532} INFO - Filling up the DagBag from /home/humbulani/miniconda3/envs/apache-airflow/lib/python3.8/site-packages/airflow/example_dags/example_task_group_decorator.py
[2023-03-28T00:21:06.494+0200] {processor.py:753} INFO - DAG(s) dict_keys(['example_task_group_decorator']) retrieved from /home/humbulani/miniconda3/envs/apache-airflow/lib/python3.8/site-packages/airflow/example_dags/example_task_group_decorator.py
[2023-03-28T00:21:06.516+0200] {logging_mixin.py:137} INFO - [2023-03-28T00:21:06.516+0200] {dag.py:2693} INFO - Sync 1 DAGs
[2023-03-28T00:21:06.534+0200] {logging_mixin.py:137} INFO - [2023-03-28T00:21:06.534+0200] {dag.py:3440} INFO - Setting next_dagrun for example_task_group_decorator to 2023-03-26T22:21:06.533879+00:00, run_after=2023-03-27T22:21:06.533879+00:00
[2023-03-28T00:21:06.637+0200] {processor.py:175} INFO - Processing /home/humbulani/miniconda3/envs/apache-airflow/lib/python3.8/site-packages/airflow/example_dags/example_task_group_decorator.py took 0.215 seconds
[2023-03-28T00:21:46.883+0200] {processor.py:153} INFO - Started process (PID=23856) to work on /home/humbulani/miniconda3/envs/apache-airflow/lib/python3.8/site-packages/airflow/example_dags/example_task_group_decorator.py
[2023-03-28T00:21:46.894+0200] {processor.py:743} INFO - Processing file /home/humbulani/miniconda3/envs/apache-airflow/lib/python3.8/site-packages/airflow/example_dags/example_task_group_decorator.py for tasks to queue
[2023-03-28T00:21:46.895+0200] {logging_mixin.py:137} INFO - [2023-03-28T00:21:46.895+0200] {dagbag.py:532} INFO - Filling up the DagBag from /home/humbulani/miniconda3/envs/apache-airflow/lib/python3.8/site-packages/airflow/example_dags/example_task_group_decorator.py
[2023-03-28T00:21:46.920+0200] {processor.py:753} INFO - DAG(s) dict_keys(['example_task_group_decorator']) retrieved from /home/humbulani/miniconda3/envs/apache-airflow/lib/python3.8/site-packages/airflow/example_dags/example_task_group_decorator.py
[2023-03-28T00:21:46.940+0200] {logging_mixin.py:137} INFO - [2023-03-28T00:21:46.940+0200] {dag.py:2693} INFO - Sync 1 DAGs
[2023-03-28T00:21:46.957+0200] {logging_mixin.py:137} INFO - [2023-03-28T00:21:46.957+0200] {dag.py:3440} INFO - Setting next_dagrun for example_task_group_decorator to 2023-03-26T22:21:46.957154+00:00, run_after=2023-03-27T22:21:46.957154+00:00
[2023-03-28T00:21:47.041+0200] {processor.py:175} INFO - Processing /home/humbulani/miniconda3/envs/apache-airflow/lib/python3.8/site-packages/airflow/example_dags/example_task_group_decorator.py took 0.160 seconds
