[2023-03-28T00:04:11.740+0200] {processor.py:153} INFO - Started process (PID=22516) to work on /home/humbulani/miniconda3/envs/apache-airflow/lib/python3.8/site-packages/airflow/example_dags/example_xcom.py
[2023-03-28T00:04:11.741+0200] {processor.py:743} INFO - Processing file /home/humbulani/miniconda3/envs/apache-airflow/lib/python3.8/site-packages/airflow/example_dags/example_xcom.py for tasks to queue
[2023-03-28T00:04:11.741+0200] {logging_mixin.py:137} INFO - [2023-03-28T00:04:11.741+0200] {dagbag.py:532} INFO - Filling up the DagBag from /home/humbulani/miniconda3/envs/apache-airflow/lib/python3.8/site-packages/airflow/example_dags/example_xcom.py
[2023-03-28T00:04:11.767+0200] {processor.py:753} INFO - DAG(s) dict_keys(['example_xcom']) retrieved from /home/humbulani/miniconda3/envs/apache-airflow/lib/python3.8/site-packages/airflow/example_dags/example_xcom.py
[2023-03-28T00:04:11.785+0200] {logging_mixin.py:137} INFO - [2023-03-28T00:04:11.785+0200] {dag.py:2693} INFO - Sync 1 DAGs
[2023-03-28T00:04:11.804+0200] {logging_mixin.py:137} INFO - [2023-03-28T00:04:11.804+0200] {dag.py:3440} INFO - Setting next_dagrun for example_xcom to 2021-01-01T00:00:00+00:00, run_after=2021-01-01T00:00:00+00:00
[2023-03-28T00:04:11.899+0200] {processor.py:175} INFO - Processing /home/humbulani/miniconda3/envs/apache-airflow/lib/python3.8/site-packages/airflow/example_dags/example_xcom.py took 0.161 seconds
[2023-03-28T00:05:02.555+0200] {processor.py:153} INFO - Started process (PID=22601) to work on /home/humbulani/miniconda3/envs/apache-airflow/lib/python3.8/site-packages/airflow/example_dags/example_xcom.py
[2023-03-28T00:05:02.567+0200] {processor.py:743} INFO - Processing file /home/humbulani/miniconda3/envs/apache-airflow/lib/python3.8/site-packages/airflow/example_dags/example_xcom.py for tasks to queue
[2023-03-28T00:05:02.567+0200] {logging_mixin.py:137} INFO - [2023-03-28T00:05:02.567+0200] {dagbag.py:532} INFO - Filling up the DagBag from /home/humbulani/miniconda3/envs/apache-airflow/lib/python3.8/site-packages/airflow/example_dags/example_xcom.py
[2023-03-28T00:05:02.588+0200] {processor.py:753} INFO - DAG(s) dict_keys(['example_xcom']) retrieved from /home/humbulani/miniconda3/envs/apache-airflow/lib/python3.8/site-packages/airflow/example_dags/example_xcom.py
[2023-03-28T00:05:02.605+0200] {logging_mixin.py:137} INFO - [2023-03-28T00:05:02.605+0200] {dag.py:2693} INFO - Sync 1 DAGs
[2023-03-28T00:05:02.623+0200] {logging_mixin.py:137} INFO - [2023-03-28T00:05:02.623+0200] {dag.py:3440} INFO - Setting next_dagrun for example_xcom to 2021-01-01T00:00:00+00:00, run_after=2021-01-01T00:00:00+00:00
[2023-03-28T00:05:02.710+0200] {processor.py:175} INFO - Processing /home/humbulani/miniconda3/envs/apache-airflow/lib/python3.8/site-packages/airflow/example_dags/example_xcom.py took 0.158 seconds
[2023-03-28T00:05:53.314+0200] {processor.py:153} INFO - Started process (PID=22704) to work on /home/humbulani/miniconda3/envs/apache-airflow/lib/python3.8/site-packages/airflow/example_dags/example_xcom.py
[2023-03-28T00:05:53.314+0200] {processor.py:743} INFO - Processing file /home/humbulani/miniconda3/envs/apache-airflow/lib/python3.8/site-packages/airflow/example_dags/example_xcom.py for tasks to queue
[2023-03-28T00:05:53.315+0200] {logging_mixin.py:137} INFO - [2023-03-28T00:05:53.315+0200] {dagbag.py:532} INFO - Filling up the DagBag from /home/humbulani/miniconda3/envs/apache-airflow/lib/python3.8/site-packages/airflow/example_dags/example_xcom.py
[2023-03-28T00:05:53.338+0200] {processor.py:753} INFO - DAG(s) dict_keys(['example_xcom']) retrieved from /home/humbulani/miniconda3/envs/apache-airflow/lib/python3.8/site-packages/airflow/example_dags/example_xcom.py
[2023-03-28T00:05:53.357+0200] {logging_mixin.py:137} INFO - [2023-03-28T00:05:53.357+0200] {dag.py:2693} INFO - Sync 1 DAGs
[2023-03-28T00:05:53.381+0200] {logging_mixin.py:137} INFO - [2023-03-28T00:05:53.380+0200] {dag.py:3440} INFO - Setting next_dagrun for example_xcom to 2021-01-01T00:00:00+00:00, run_after=2021-01-01T00:00:00+00:00
[2023-03-28T00:05:53.479+0200] {processor.py:175} INFO - Processing /home/humbulani/miniconda3/envs/apache-airflow/lib/python3.8/site-packages/airflow/example_dags/example_xcom.py took 0.168 seconds
[2023-03-28T00:06:38.930+0200] {processor.py:153} INFO - Started process (PID=22769) to work on /home/humbulani/miniconda3/envs/apache-airflow/lib/python3.8/site-packages/airflow/example_dags/example_xcom.py
[2023-03-28T00:06:38.931+0200] {processor.py:743} INFO - Processing file /home/humbulani/miniconda3/envs/apache-airflow/lib/python3.8/site-packages/airflow/example_dags/example_xcom.py for tasks to queue
[2023-03-28T00:06:38.931+0200] {logging_mixin.py:137} INFO - [2023-03-28T00:06:38.931+0200] {dagbag.py:532} INFO - Filling up the DagBag from /home/humbulani/miniconda3/envs/apache-airflow/lib/python3.8/site-packages/airflow/example_dags/example_xcom.py
[2023-03-28T00:06:38.954+0200] {processor.py:753} INFO - DAG(s) dict_keys(['example_xcom']) retrieved from /home/humbulani/miniconda3/envs/apache-airflow/lib/python3.8/site-packages/airflow/example_dags/example_xcom.py
[2023-03-28T00:06:38.972+0200] {logging_mixin.py:137} INFO - [2023-03-28T00:06:38.972+0200] {dag.py:2693} INFO - Sync 1 DAGs
[2023-03-28T00:06:38.990+0200] {logging_mixin.py:137} INFO - [2023-03-28T00:06:38.990+0200] {dag.py:3440} INFO - Setting next_dagrun for example_xcom to 2021-01-01T00:00:00+00:00, run_after=2021-01-01T00:00:00+00:00
[2023-03-28T00:06:39.065+0200] {processor.py:175} INFO - Processing /home/humbulani/miniconda3/envs/apache-airflow/lib/python3.8/site-packages/airflow/example_dags/example_xcom.py took 0.138 seconds
[2023-03-28T00:07:26.942+0200] {processor.py:153} INFO - Started process (PID=22815) to work on /home/humbulani/miniconda3/envs/apache-airflow/lib/python3.8/site-packages/airflow/example_dags/example_xcom.py
[2023-03-28T00:07:26.955+0200] {processor.py:743} INFO - Processing file /home/humbulani/miniconda3/envs/apache-airflow/lib/python3.8/site-packages/airflow/example_dags/example_xcom.py for tasks to queue
[2023-03-28T00:07:26.956+0200] {logging_mixin.py:137} INFO - [2023-03-28T00:07:26.956+0200] {dagbag.py:532} INFO - Filling up the DagBag from /home/humbulani/miniconda3/envs/apache-airflow/lib/python3.8/site-packages/airflow/example_dags/example_xcom.py
[2023-03-28T00:07:26.978+0200] {processor.py:753} INFO - DAG(s) dict_keys(['example_xcom']) retrieved from /home/humbulani/miniconda3/envs/apache-airflow/lib/python3.8/site-packages/airflow/example_dags/example_xcom.py
[2023-03-28T00:07:27.935+0200] {logging_mixin.py:137} INFO - [2023-03-28T00:07:27.935+0200] {dag.py:2693} INFO - Sync 1 DAGs
[2023-03-28T00:07:28.466+0200] {logging_mixin.py:137} INFO - [2023-03-28T00:07:28.466+0200] {dag.py:3440} INFO - Setting next_dagrun for example_xcom to 2021-01-01T00:00:00+00:00, run_after=2021-01-01T00:00:00+00:00
[2023-03-28T00:07:28.631+0200] {processor.py:175} INFO - Processing /home/humbulani/miniconda3/envs/apache-airflow/lib/python3.8/site-packages/airflow/example_dags/example_xcom.py took 1.692 seconds
[2023-03-28T00:08:18.492+0200] {processor.py:153} INFO - Started process (PID=22914) to work on /home/humbulani/miniconda3/envs/apache-airflow/lib/python3.8/site-packages/airflow/example_dags/example_xcom.py
[2023-03-28T00:08:18.508+0200] {processor.py:743} INFO - Processing file /home/humbulani/miniconda3/envs/apache-airflow/lib/python3.8/site-packages/airflow/example_dags/example_xcom.py for tasks to queue
[2023-03-28T00:08:18.509+0200] {logging_mixin.py:137} INFO - [2023-03-28T00:08:18.509+0200] {dagbag.py:532} INFO - Filling up the DagBag from /home/humbulani/miniconda3/envs/apache-airflow/lib/python3.8/site-packages/airflow/example_dags/example_xcom.py
[2023-03-28T00:08:18.536+0200] {processor.py:753} INFO - DAG(s) dict_keys(['example_xcom']) retrieved from /home/humbulani/miniconda3/envs/apache-airflow/lib/python3.8/site-packages/airflow/example_dags/example_xcom.py
[2023-03-28T00:08:18.554+0200] {logging_mixin.py:137} INFO - [2023-03-28T00:08:18.554+0200] {dag.py:2693} INFO - Sync 1 DAGs
[2023-03-28T00:08:18.572+0200] {logging_mixin.py:137} INFO - [2023-03-28T00:08:18.572+0200] {dag.py:3440} INFO - Setting next_dagrun for example_xcom to 2021-01-01T00:00:00+00:00, run_after=2021-01-01T00:00:00+00:00
[2023-03-28T00:08:18.746+0200] {processor.py:175} INFO - Processing /home/humbulani/miniconda3/envs/apache-airflow/lib/python3.8/site-packages/airflow/example_dags/example_xcom.py took 0.257 seconds
[2023-03-28T00:09:09.141+0200] {processor.py:153} INFO - Started process (PID=22967) to work on /home/humbulani/miniconda3/envs/apache-airflow/lib/python3.8/site-packages/airflow/example_dags/example_xcom.py
[2023-03-28T00:09:09.149+0200] {processor.py:743} INFO - Processing file /home/humbulani/miniconda3/envs/apache-airflow/lib/python3.8/site-packages/airflow/example_dags/example_xcom.py for tasks to queue
[2023-03-28T00:09:09.150+0200] {logging_mixin.py:137} INFO - [2023-03-28T00:09:09.150+0200] {dagbag.py:532} INFO - Filling up the DagBag from /home/humbulani/miniconda3/envs/apache-airflow/lib/python3.8/site-packages/airflow/example_dags/example_xcom.py
[2023-03-28T00:09:09.171+0200] {processor.py:753} INFO - DAG(s) dict_keys(['example_xcom']) retrieved from /home/humbulani/miniconda3/envs/apache-airflow/lib/python3.8/site-packages/airflow/example_dags/example_xcom.py
[2023-03-28T00:09:09.189+0200] {logging_mixin.py:137} INFO - [2023-03-28T00:09:09.189+0200] {dag.py:2693} INFO - Sync 1 DAGs
[2023-03-28T00:09:09.292+0200] {logging_mixin.py:137} INFO - [2023-03-28T00:09:09.292+0200] {dag.py:3440} INFO - Setting next_dagrun for example_xcom to 2021-01-01T00:00:00+00:00, run_after=2021-01-01T00:00:00+00:00
[2023-03-28T00:09:09.385+0200] {processor.py:175} INFO - Processing /home/humbulani/miniconda3/envs/apache-airflow/lib/python3.8/site-packages/airflow/example_dags/example_xcom.py took 0.247 seconds
[2023-03-28T00:10:08.425+0200] {processor.py:153} INFO - Started process (PID=23022) to work on /home/humbulani/miniconda3/envs/apache-airflow/lib/python3.8/site-packages/airflow/example_dags/example_xcom.py
[2023-03-28T00:10:08.436+0200] {processor.py:743} INFO - Processing file /home/humbulani/miniconda3/envs/apache-airflow/lib/python3.8/site-packages/airflow/example_dags/example_xcom.py for tasks to queue
[2023-03-28T00:10:08.437+0200] {logging_mixin.py:137} INFO - [2023-03-28T00:10:08.437+0200] {dagbag.py:532} INFO - Filling up the DagBag from /home/humbulani/miniconda3/envs/apache-airflow/lib/python3.8/site-packages/airflow/example_dags/example_xcom.py
[2023-03-28T00:10:08.458+0200] {processor.py:753} INFO - DAG(s) dict_keys(['example_xcom']) retrieved from /home/humbulani/miniconda3/envs/apache-airflow/lib/python3.8/site-packages/airflow/example_dags/example_xcom.py
[2023-03-28T00:10:08.555+0200] {logging_mixin.py:137} INFO - [2023-03-28T00:10:08.555+0200] {dag.py:2693} INFO - Sync 1 DAGs
[2023-03-28T00:10:08.571+0200] {logging_mixin.py:137} INFO - [2023-03-28T00:10:08.570+0200] {dag.py:3440} INFO - Setting next_dagrun for example_xcom to 2021-01-01T00:00:00+00:00, run_after=2021-01-01T00:00:00+00:00
[2023-03-28T00:10:08.653+0200] {processor.py:175} INFO - Processing /home/humbulani/miniconda3/envs/apache-airflow/lib/python3.8/site-packages/airflow/example_dags/example_xcom.py took 0.231 seconds
[2023-03-28T00:11:08.401+0200] {processor.py:153} INFO - Started process (PID=23076) to work on /home/humbulani/miniconda3/envs/apache-airflow/lib/python3.8/site-packages/airflow/example_dags/example_xcom.py
[2023-03-28T00:11:08.415+0200] {processor.py:743} INFO - Processing file /home/humbulani/miniconda3/envs/apache-airflow/lib/python3.8/site-packages/airflow/example_dags/example_xcom.py for tasks to queue
[2023-03-28T00:11:08.416+0200] {logging_mixin.py:137} INFO - [2023-03-28T00:11:08.416+0200] {dagbag.py:532} INFO - Filling up the DagBag from /home/humbulani/miniconda3/envs/apache-airflow/lib/python3.8/site-packages/airflow/example_dags/example_xcom.py
[2023-03-28T00:11:08.523+0200] {processor.py:753} INFO - DAG(s) dict_keys(['example_xcom']) retrieved from /home/humbulani/miniconda3/envs/apache-airflow/lib/python3.8/site-packages/airflow/example_dags/example_xcom.py
[2023-03-28T00:11:08.537+0200] {logging_mixin.py:137} INFO - [2023-03-28T00:11:08.537+0200] {dag.py:2693} INFO - Sync 1 DAGs
[2023-03-28T00:11:08.553+0200] {logging_mixin.py:137} INFO - [2023-03-28T00:11:08.552+0200] {dag.py:3440} INFO - Setting next_dagrun for example_xcom to 2021-01-01T00:00:00+00:00, run_after=2021-01-01T00:00:00+00:00
[2023-03-28T00:11:08.641+0200] {processor.py:175} INFO - Processing /home/humbulani/miniconda3/envs/apache-airflow/lib/python3.8/site-packages/airflow/example_dags/example_xcom.py took 0.243 seconds
[2023-03-28T00:12:16.899+0200] {processor.py:153} INFO - Started process (PID=23129) to work on /home/humbulani/miniconda3/envs/apache-airflow/lib/python3.8/site-packages/airflow/example_dags/example_xcom.py
[2023-03-28T00:12:16.900+0200] {processor.py:743} INFO - Processing file /home/humbulani/miniconda3/envs/apache-airflow/lib/python3.8/site-packages/airflow/example_dags/example_xcom.py for tasks to queue
[2023-03-28T00:12:16.901+0200] {logging_mixin.py:137} INFO - [2023-03-28T00:12:16.901+0200] {dagbag.py:532} INFO - Filling up the DagBag from /home/humbulani/miniconda3/envs/apache-airflow/lib/python3.8/site-packages/airflow/example_dags/example_xcom.py
[2023-03-28T00:12:17.004+0200] {processor.py:753} INFO - DAG(s) dict_keys(['example_xcom']) retrieved from /home/humbulani/miniconda3/envs/apache-airflow/lib/python3.8/site-packages/airflow/example_dags/example_xcom.py
[2023-03-28T00:12:17.018+0200] {logging_mixin.py:137} INFO - [2023-03-28T00:12:17.018+0200] {dag.py:2693} INFO - Sync 1 DAGs
[2023-03-28T00:12:17.034+0200] {logging_mixin.py:137} INFO - [2023-03-28T00:12:17.034+0200] {dag.py:3440} INFO - Setting next_dagrun for example_xcom to 2021-01-01T00:00:00+00:00, run_after=2021-01-01T00:00:00+00:00
[2023-03-28T00:12:17.111+0200] {processor.py:175} INFO - Processing /home/humbulani/miniconda3/envs/apache-airflow/lib/python3.8/site-packages/airflow/example_dags/example_xcom.py took 0.214 seconds
[2023-03-28T00:13:08.912+0200] {processor.py:153} INFO - Started process (PID=23205) to work on /home/humbulani/miniconda3/envs/apache-airflow/lib/python3.8/site-packages/airflow/example_dags/example_xcom.py
[2023-03-28T00:13:08.931+0200] {processor.py:743} INFO - Processing file /home/humbulani/miniconda3/envs/apache-airflow/lib/python3.8/site-packages/airflow/example_dags/example_xcom.py for tasks to queue
[2023-03-28T00:13:08.932+0200] {logging_mixin.py:137} INFO - [2023-03-28T00:13:08.931+0200] {dagbag.py:532} INFO - Filling up the DagBag from /home/humbulani/miniconda3/envs/apache-airflow/lib/python3.8/site-packages/airflow/example_dags/example_xcom.py
[2023-03-28T00:13:08.954+0200] {processor.py:753} INFO - DAG(s) dict_keys(['example_xcom']) retrieved from /home/humbulani/miniconda3/envs/apache-airflow/lib/python3.8/site-packages/airflow/example_dags/example_xcom.py
[2023-03-28T00:13:08.975+0200] {logging_mixin.py:137} INFO - [2023-03-28T00:13:08.975+0200] {dag.py:2693} INFO - Sync 1 DAGs
[2023-03-28T00:13:08.994+0200] {logging_mixin.py:137} INFO - [2023-03-28T00:13:08.994+0200] {dag.py:3440} INFO - Setting next_dagrun for example_xcom to 2021-01-01T00:00:00+00:00, run_after=2021-01-01T00:00:00+00:00
[2023-03-28T00:13:09.082+0200] {processor.py:175} INFO - Processing /home/humbulani/miniconda3/envs/apache-airflow/lib/python3.8/site-packages/airflow/example_dags/example_xcom.py took 0.172 seconds
[2023-03-28T00:13:52.817+0200] {processor.py:153} INFO - Started process (PID=23256) to work on /home/humbulani/miniconda3/envs/apache-airflow/lib/python3.8/site-packages/airflow/example_dags/example_xcom.py
[2023-03-28T00:13:52.834+0200] {processor.py:743} INFO - Processing file /home/humbulani/miniconda3/envs/apache-airflow/lib/python3.8/site-packages/airflow/example_dags/example_xcom.py for tasks to queue
[2023-03-28T00:13:52.834+0200] {logging_mixin.py:137} INFO - [2023-03-28T00:13:52.834+0200] {dagbag.py:532} INFO - Filling up the DagBag from /home/humbulani/miniconda3/envs/apache-airflow/lib/python3.8/site-packages/airflow/example_dags/example_xcom.py
[2023-03-28T00:13:52.855+0200] {processor.py:753} INFO - DAG(s) dict_keys(['example_xcom']) retrieved from /home/humbulani/miniconda3/envs/apache-airflow/lib/python3.8/site-packages/airflow/example_dags/example_xcom.py
[2023-03-28T00:13:52.873+0200] {logging_mixin.py:137} INFO - [2023-03-28T00:13:52.873+0200] {dag.py:2693} INFO - Sync 1 DAGs
[2023-03-28T00:13:52.889+0200] {logging_mixin.py:137} INFO - [2023-03-28T00:13:52.889+0200] {dag.py:3440} INFO - Setting next_dagrun for example_xcom to 2021-01-01T00:00:00+00:00, run_after=2021-01-01T00:00:00+00:00
[2023-03-28T00:13:52.984+0200] {processor.py:175} INFO - Processing /home/humbulani/miniconda3/envs/apache-airflow/lib/python3.8/site-packages/airflow/example_dags/example_xcom.py took 0.169 seconds
[2023-03-28T00:14:36.500+0200] {processor.py:153} INFO - Started process (PID=23300) to work on /home/humbulani/miniconda3/envs/apache-airflow/lib/python3.8/site-packages/airflow/example_dags/example_xcom.py
[2023-03-28T00:14:36.501+0200] {processor.py:743} INFO - Processing file /home/humbulani/miniconda3/envs/apache-airflow/lib/python3.8/site-packages/airflow/example_dags/example_xcom.py for tasks to queue
[2023-03-28T00:14:36.502+0200] {logging_mixin.py:137} INFO - [2023-03-28T00:14:36.501+0200] {dagbag.py:532} INFO - Filling up the DagBag from /home/humbulani/miniconda3/envs/apache-airflow/lib/python3.8/site-packages/airflow/example_dags/example_xcom.py
[2023-03-28T00:14:36.527+0200] {processor.py:753} INFO - DAG(s) dict_keys(['example_xcom']) retrieved from /home/humbulani/miniconda3/envs/apache-airflow/lib/python3.8/site-packages/airflow/example_dags/example_xcom.py
[2023-03-28T00:14:36.546+0200] {logging_mixin.py:137} INFO - [2023-03-28T00:14:36.545+0200] {dag.py:2693} INFO - Sync 1 DAGs
[2023-03-28T00:14:36.563+0200] {logging_mixin.py:137} INFO - [2023-03-28T00:14:36.562+0200] {dag.py:3440} INFO - Setting next_dagrun for example_xcom to 2021-01-01T00:00:00+00:00, run_after=2021-01-01T00:00:00+00:00
[2023-03-28T00:14:36.664+0200] {processor.py:175} INFO - Processing /home/humbulani/miniconda3/envs/apache-airflow/lib/python3.8/site-packages/airflow/example_dags/example_xcom.py took 0.167 seconds
[2023-03-28T00:15:25.276+0200] {processor.py:153} INFO - Started process (PID=23375) to work on /home/humbulani/miniconda3/envs/apache-airflow/lib/python3.8/site-packages/airflow/example_dags/example_xcom.py
[2023-03-28T00:15:25.277+0200] {processor.py:743} INFO - Processing file /home/humbulani/miniconda3/envs/apache-airflow/lib/python3.8/site-packages/airflow/example_dags/example_xcom.py for tasks to queue
[2023-03-28T00:15:25.278+0200] {logging_mixin.py:137} INFO - [2023-03-28T00:15:25.278+0200] {dagbag.py:532} INFO - Filling up the DagBag from /home/humbulani/miniconda3/envs/apache-airflow/lib/python3.8/site-packages/airflow/example_dags/example_xcom.py
[2023-03-28T00:15:25.301+0200] {processor.py:753} INFO - DAG(s) dict_keys(['example_xcom']) retrieved from /home/humbulani/miniconda3/envs/apache-airflow/lib/python3.8/site-packages/airflow/example_dags/example_xcom.py
[2023-03-28T00:15:25.318+0200] {logging_mixin.py:137} INFO - [2023-03-28T00:15:25.318+0200] {dag.py:2693} INFO - Sync 1 DAGs
[2023-03-28T00:15:25.334+0200] {logging_mixin.py:137} INFO - [2023-03-28T00:15:25.334+0200] {dag.py:3440} INFO - Setting next_dagrun for example_xcom to 2021-01-01T00:00:00+00:00, run_after=2021-01-01T00:00:00+00:00
[2023-03-28T00:15:25.430+0200] {processor.py:175} INFO - Processing /home/humbulani/miniconda3/envs/apache-airflow/lib/python3.8/site-packages/airflow/example_dags/example_xcom.py took 0.156 seconds
[2023-03-28T00:16:09.776+0200] {processor.py:153} INFO - Started process (PID=23436) to work on /home/humbulani/miniconda3/envs/apache-airflow/lib/python3.8/site-packages/airflow/example_dags/example_xcom.py
[2023-03-28T00:16:09.796+0200] {processor.py:743} INFO - Processing file /home/humbulani/miniconda3/envs/apache-airflow/lib/python3.8/site-packages/airflow/example_dags/example_xcom.py for tasks to queue
[2023-03-28T00:16:09.797+0200] {logging_mixin.py:137} INFO - [2023-03-28T00:16:09.797+0200] {dagbag.py:532} INFO - Filling up the DagBag from /home/humbulani/miniconda3/envs/apache-airflow/lib/python3.8/site-packages/airflow/example_dags/example_xcom.py
[2023-03-28T00:16:09.818+0200] {processor.py:753} INFO - DAG(s) dict_keys(['example_xcom']) retrieved from /home/humbulani/miniconda3/envs/apache-airflow/lib/python3.8/site-packages/airflow/example_dags/example_xcom.py
[2023-03-28T00:16:09.836+0200] {logging_mixin.py:137} INFO - [2023-03-28T00:16:09.836+0200] {dag.py:2693} INFO - Sync 1 DAGs
[2023-03-28T00:16:09.856+0200] {logging_mixin.py:137} INFO - [2023-03-28T00:16:09.856+0200] {dag.py:3440} INFO - Setting next_dagrun for example_xcom to 2021-01-01T00:00:00+00:00, run_after=2021-01-01T00:00:00+00:00
[2023-03-28T00:16:09.956+0200] {processor.py:175} INFO - Processing /home/humbulani/miniconda3/envs/apache-airflow/lib/python3.8/site-packages/airflow/example_dags/example_xcom.py took 0.183 seconds
[2023-03-28T00:17:05.719+0200] {processor.py:153} INFO - Started process (PID=23562) to work on /home/humbulani/miniconda3/envs/apache-airflow/lib/python3.8/site-packages/airflow/example_dags/example_xcom.py
[2023-03-28T00:17:05.769+0200] {processor.py:743} INFO - Processing file /home/humbulani/miniconda3/envs/apache-airflow/lib/python3.8/site-packages/airflow/example_dags/example_xcom.py for tasks to queue
[2023-03-28T00:17:05.770+0200] {logging_mixin.py:137} INFO - [2023-03-28T00:17:05.769+0200] {dagbag.py:532} INFO - Filling up the DagBag from /home/humbulani/miniconda3/envs/apache-airflow/lib/python3.8/site-packages/airflow/example_dags/example_xcom.py
[2023-03-28T00:17:05.803+0200] {processor.py:753} INFO - DAG(s) dict_keys(['example_xcom']) retrieved from /home/humbulani/miniconda3/envs/apache-airflow/lib/python3.8/site-packages/airflow/example_dags/example_xcom.py
[2023-03-28T00:17:05.822+0200] {logging_mixin.py:137} INFO - [2023-03-28T00:17:05.821+0200] {dag.py:2693} INFO - Sync 1 DAGs
[2023-03-28T00:17:05.840+0200] {logging_mixin.py:137} INFO - [2023-03-28T00:17:05.840+0200] {dag.py:3440} INFO - Setting next_dagrun for example_xcom to 2021-01-01T00:00:00+00:00, run_after=2021-01-01T00:00:00+00:00
[2023-03-28T00:17:05.937+0200] {processor.py:175} INFO - Processing /home/humbulani/miniconda3/envs/apache-airflow/lib/python3.8/site-packages/airflow/example_dags/example_xcom.py took 0.222 seconds
[2023-03-28T00:17:51.826+0200] {processor.py:153} INFO - Started process (PID=23619) to work on /home/humbulani/miniconda3/envs/apache-airflow/lib/python3.8/site-packages/airflow/example_dags/example_xcom.py
[2023-03-28T00:17:51.842+0200] {processor.py:743} INFO - Processing file /home/humbulani/miniconda3/envs/apache-airflow/lib/python3.8/site-packages/airflow/example_dags/example_xcom.py for tasks to queue
[2023-03-28T00:17:51.843+0200] {logging_mixin.py:137} INFO - [2023-03-28T00:17:51.843+0200] {dagbag.py:532} INFO - Filling up the DagBag from /home/humbulani/miniconda3/envs/apache-airflow/lib/python3.8/site-packages/airflow/example_dags/example_xcom.py
[2023-03-28T00:17:51.866+0200] {processor.py:753} INFO - DAG(s) dict_keys(['example_xcom']) retrieved from /home/humbulani/miniconda3/envs/apache-airflow/lib/python3.8/site-packages/airflow/example_dags/example_xcom.py
[2023-03-28T00:17:51.885+0200] {logging_mixin.py:137} INFO - [2023-03-28T00:17:51.885+0200] {dag.py:2693} INFO - Sync 1 DAGs
[2023-03-28T00:17:51.903+0200] {logging_mixin.py:137} INFO - [2023-03-28T00:17:51.903+0200] {dag.py:3440} INFO - Setting next_dagrun for example_xcom to 2021-01-01T00:00:00+00:00, run_after=2021-01-01T00:00:00+00:00
[2023-03-28T00:17:51.994+0200] {processor.py:175} INFO - Processing /home/humbulani/miniconda3/envs/apache-airflow/lib/python3.8/site-packages/airflow/example_dags/example_xcom.py took 0.171 seconds
[2023-03-28T00:18:35.667+0200] {processor.py:153} INFO - Started process (PID=23662) to work on /home/humbulani/miniconda3/envs/apache-airflow/lib/python3.8/site-packages/airflow/example_dags/example_xcom.py
[2023-03-28T00:18:35.682+0200] {processor.py:743} INFO - Processing file /home/humbulani/miniconda3/envs/apache-airflow/lib/python3.8/site-packages/airflow/example_dags/example_xcom.py for tasks to queue
[2023-03-28T00:18:35.682+0200] {logging_mixin.py:137} INFO - [2023-03-28T00:18:35.682+0200] {dagbag.py:532} INFO - Filling up the DagBag from /home/humbulani/miniconda3/envs/apache-airflow/lib/python3.8/site-packages/airflow/example_dags/example_xcom.py
[2023-03-28T00:18:35.703+0200] {processor.py:753} INFO - DAG(s) dict_keys(['example_xcom']) retrieved from /home/humbulani/miniconda3/envs/apache-airflow/lib/python3.8/site-packages/airflow/example_dags/example_xcom.py
[2023-03-28T00:18:35.720+0200] {logging_mixin.py:137} INFO - [2023-03-28T00:18:35.720+0200] {dag.py:2693} INFO - Sync 1 DAGs
[2023-03-28T00:18:35.737+0200] {logging_mixin.py:137} INFO - [2023-03-28T00:18:35.737+0200] {dag.py:3440} INFO - Setting next_dagrun for example_xcom to 2021-01-01T00:00:00+00:00, run_after=2021-01-01T00:00:00+00:00
[2023-03-28T00:18:35.825+0200] {processor.py:175} INFO - Processing /home/humbulani/miniconda3/envs/apache-airflow/lib/python3.8/site-packages/airflow/example_dags/example_xcom.py took 0.161 seconds
[2023-03-28T00:19:23.535+0200] {processor.py:153} INFO - Started process (PID=23707) to work on /home/humbulani/miniconda3/envs/apache-airflow/lib/python3.8/site-packages/airflow/example_dags/example_xcom.py
[2023-03-28T00:19:23.549+0200] {processor.py:743} INFO - Processing file /home/humbulani/miniconda3/envs/apache-airflow/lib/python3.8/site-packages/airflow/example_dags/example_xcom.py for tasks to queue
[2023-03-28T00:19:23.550+0200] {logging_mixin.py:137} INFO - [2023-03-28T00:19:23.550+0200] {dagbag.py:532} INFO - Filling up the DagBag from /home/humbulani/miniconda3/envs/apache-airflow/lib/python3.8/site-packages/airflow/example_dags/example_xcom.py
[2023-03-28T00:19:23.577+0200] {processor.py:753} INFO - DAG(s) dict_keys(['example_xcom']) retrieved from /home/humbulani/miniconda3/envs/apache-airflow/lib/python3.8/site-packages/airflow/example_dags/example_xcom.py
[2023-03-28T00:19:23.595+0200] {logging_mixin.py:137} INFO - [2023-03-28T00:19:23.594+0200] {dag.py:2693} INFO - Sync 1 DAGs
[2023-03-28T00:19:23.611+0200] {logging_mixin.py:137} INFO - [2023-03-28T00:19:23.611+0200] {dag.py:3440} INFO - Setting next_dagrun for example_xcom to 2021-01-01T00:00:00+00:00, run_after=2021-01-01T00:00:00+00:00
[2023-03-28T00:19:23.690+0200] {processor.py:175} INFO - Processing /home/humbulani/miniconda3/envs/apache-airflow/lib/python3.8/site-packages/airflow/example_dags/example_xcom.py took 0.157 seconds
[2023-03-28T00:20:11.818+0200] {processor.py:153} INFO - Started process (PID=23757) to work on /home/humbulani/miniconda3/envs/apache-airflow/lib/python3.8/site-packages/airflow/example_dags/example_xcom.py
[2023-03-28T00:20:11.839+0200] {processor.py:743} INFO - Processing file /home/humbulani/miniconda3/envs/apache-airflow/lib/python3.8/site-packages/airflow/example_dags/example_xcom.py for tasks to queue
[2023-03-28T00:20:11.840+0200] {logging_mixin.py:137} INFO - [2023-03-28T00:20:11.840+0200] {dagbag.py:532} INFO - Filling up the DagBag from /home/humbulani/miniconda3/envs/apache-airflow/lib/python3.8/site-packages/airflow/example_dags/example_xcom.py
[2023-03-28T00:20:11.864+0200] {processor.py:753} INFO - DAG(s) dict_keys(['example_xcom']) retrieved from /home/humbulani/miniconda3/envs/apache-airflow/lib/python3.8/site-packages/airflow/example_dags/example_xcom.py
[2023-03-28T00:20:11.885+0200] {logging_mixin.py:137} INFO - [2023-03-28T00:20:11.884+0200] {dag.py:2693} INFO - Sync 1 DAGs
[2023-03-28T00:20:11.907+0200] {logging_mixin.py:137} INFO - [2023-03-28T00:20:11.907+0200] {dag.py:3440} INFO - Setting next_dagrun for example_xcom to 2021-01-01T00:00:00+00:00, run_after=2021-01-01T00:00:00+00:00
[2023-03-28T00:20:11.990+0200] {processor.py:175} INFO - Processing /home/humbulani/miniconda3/envs/apache-airflow/lib/python3.8/site-packages/airflow/example_dags/example_xcom.py took 0.175 seconds
[2023-03-28T00:21:11.760+0200] {processor.py:153} INFO - Started process (PID=23810) to work on /home/humbulani/miniconda3/envs/apache-airflow/lib/python3.8/site-packages/airflow/example_dags/example_xcom.py
[2023-03-28T00:21:11.779+0200] {processor.py:743} INFO - Processing file /home/humbulani/miniconda3/envs/apache-airflow/lib/python3.8/site-packages/airflow/example_dags/example_xcom.py for tasks to queue
[2023-03-28T00:21:11.780+0200] {logging_mixin.py:137} INFO - [2023-03-28T00:21:11.780+0200] {dagbag.py:532} INFO - Filling up the DagBag from /home/humbulani/miniconda3/envs/apache-airflow/lib/python3.8/site-packages/airflow/example_dags/example_xcom.py
[2023-03-28T00:21:11.801+0200] {processor.py:753} INFO - DAG(s) dict_keys(['example_xcom']) retrieved from /home/humbulani/miniconda3/envs/apache-airflow/lib/python3.8/site-packages/airflow/example_dags/example_xcom.py
[2023-03-28T00:21:11.820+0200] {logging_mixin.py:137} INFO - [2023-03-28T00:21:11.820+0200] {dag.py:2693} INFO - Sync 1 DAGs
[2023-03-28T00:21:11.837+0200] {logging_mixin.py:137} INFO - [2023-03-28T00:21:11.836+0200] {dag.py:3440} INFO - Setting next_dagrun for example_xcom to 2021-01-01T00:00:00+00:00, run_after=2021-01-01T00:00:00+00:00
[2023-03-28T00:21:11.928+0200] {processor.py:175} INFO - Processing /home/humbulani/miniconda3/envs/apache-airflow/lib/python3.8/site-packages/airflow/example_dags/example_xcom.py took 0.170 seconds
[2023-03-28T00:21:59.165+0200] {processor.py:153} INFO - Started process (PID=23867) to work on /home/humbulani/miniconda3/envs/apache-airflow/lib/python3.8/site-packages/airflow/example_dags/example_xcom.py
[2023-03-28T00:21:59.181+0200] {processor.py:743} INFO - Processing file /home/humbulani/miniconda3/envs/apache-airflow/lib/python3.8/site-packages/airflow/example_dags/example_xcom.py for tasks to queue
[2023-03-28T00:21:59.182+0200] {logging_mixin.py:137} INFO - [2023-03-28T00:21:59.182+0200] {dagbag.py:532} INFO - Filling up the DagBag from /home/humbulani/miniconda3/envs/apache-airflow/lib/python3.8/site-packages/airflow/example_dags/example_xcom.py
[2023-03-28T00:21:59.208+0200] {processor.py:753} INFO - DAG(s) dict_keys(['example_xcom']) retrieved from /home/humbulani/miniconda3/envs/apache-airflow/lib/python3.8/site-packages/airflow/example_dags/example_xcom.py
[2023-03-28T00:21:59.226+0200] {logging_mixin.py:137} INFO - [2023-03-28T00:21:59.226+0200] {dag.py:2693} INFO - Sync 1 DAGs
[2023-03-28T00:21:59.243+0200] {logging_mixin.py:137} INFO - [2023-03-28T00:21:59.243+0200] {dag.py:3440} INFO - Setting next_dagrun for example_xcom to 2021-01-01T00:00:00+00:00, run_after=2021-01-01T00:00:00+00:00
[2023-03-28T00:21:59.330+0200] {processor.py:175} INFO - Processing /home/humbulani/miniconda3/envs/apache-airflow/lib/python3.8/site-packages/airflow/example_dags/example_xcom.py took 0.168 seconds
