[2023-03-28T00:04:12.105+0200] {processor.py:153} INFO - Started process (PID=22518) to work on /home/humbulani/miniconda3/envs/apache-airflow/lib/python3.8/site-packages/airflow/example_dags/example_nested_branch_dag.py
[2023-03-28T00:04:12.106+0200] {processor.py:743} INFO - Processing file /home/humbulani/miniconda3/envs/apache-airflow/lib/python3.8/site-packages/airflow/example_dags/example_nested_branch_dag.py for tasks to queue
[2023-03-28T00:04:12.106+0200] {logging_mixin.py:137} INFO - [2023-03-28T00:04:12.106+0200] {dagbag.py:532} INFO - Filling up the DagBag from /home/humbulani/miniconda3/envs/apache-airflow/lib/python3.8/site-packages/airflow/example_dags/example_nested_branch_dag.py
[2023-03-28T00:04:12.129+0200] {processor.py:753} INFO - DAG(s) dict_keys(['example_nested_branch_dag']) retrieved from /home/humbulani/miniconda3/envs/apache-airflow/lib/python3.8/site-packages/airflow/example_dags/example_nested_branch_dag.py
[2023-03-28T00:04:12.147+0200] {logging_mixin.py:137} INFO - [2023-03-28T00:04:12.146+0200] {dag.py:2693} INFO - Sync 1 DAGs
[2023-03-28T00:04:12.167+0200] {logging_mixin.py:137} INFO - [2023-03-28T00:04:12.167+0200] {dag.py:3440} INFO - Setting next_dagrun for example_nested_branch_dag to 2023-03-26T00:00:00+00:00, run_after=2023-03-27T00:00:00+00:00
[2023-03-28T00:04:12.257+0200] {processor.py:175} INFO - Processing /home/humbulani/miniconda3/envs/apache-airflow/lib/python3.8/site-packages/airflow/example_dags/example_nested_branch_dag.py took 0.154 seconds
[2023-03-28T00:05:03.789+0200] {processor.py:153} INFO - Started process (PID=22602) to work on /home/humbulani/miniconda3/envs/apache-airflow/lib/python3.8/site-packages/airflow/example_dags/example_nested_branch_dag.py
[2023-03-28T00:05:03.800+0200] {processor.py:743} INFO - Processing file /home/humbulani/miniconda3/envs/apache-airflow/lib/python3.8/site-packages/airflow/example_dags/example_nested_branch_dag.py for tasks to queue
[2023-03-28T00:05:03.801+0200] {logging_mixin.py:137} INFO - [2023-03-28T00:05:03.801+0200] {dagbag.py:532} INFO - Filling up the DagBag from /home/humbulani/miniconda3/envs/apache-airflow/lib/python3.8/site-packages/airflow/example_dags/example_nested_branch_dag.py
[2023-03-28T00:05:03.823+0200] {processor.py:753} INFO - DAG(s) dict_keys(['example_nested_branch_dag']) retrieved from /home/humbulani/miniconda3/envs/apache-airflow/lib/python3.8/site-packages/airflow/example_dags/example_nested_branch_dag.py
[2023-03-28T00:05:03.840+0200] {logging_mixin.py:137} INFO - [2023-03-28T00:05:03.840+0200] {dag.py:2693} INFO - Sync 1 DAGs
[2023-03-28T00:05:03.859+0200] {logging_mixin.py:137} INFO - [2023-03-28T00:05:03.859+0200] {dag.py:3440} INFO - Setting next_dagrun for example_nested_branch_dag to 2023-03-26T00:00:00+00:00, run_after=2023-03-27T00:00:00+00:00
[2023-03-28T00:05:03.943+0200] {processor.py:175} INFO - Processing /home/humbulani/miniconda3/envs/apache-airflow/lib/python3.8/site-packages/airflow/example_dags/example_nested_branch_dag.py took 0.157 seconds
[2023-03-28T00:05:54.552+0200] {processor.py:153} INFO - Started process (PID=22707) to work on /home/humbulani/miniconda3/envs/apache-airflow/lib/python3.8/site-packages/airflow/example_dags/example_nested_branch_dag.py
[2023-03-28T00:05:54.587+0200] {processor.py:743} INFO - Processing file /home/humbulani/miniconda3/envs/apache-airflow/lib/python3.8/site-packages/airflow/example_dags/example_nested_branch_dag.py for tasks to queue
[2023-03-28T00:05:54.588+0200] {logging_mixin.py:137} INFO - [2023-03-28T00:05:54.587+0200] {dagbag.py:532} INFO - Filling up the DagBag from /home/humbulani/miniconda3/envs/apache-airflow/lib/python3.8/site-packages/airflow/example_dags/example_nested_branch_dag.py
[2023-03-28T00:05:54.614+0200] {processor.py:753} INFO - DAG(s) dict_keys(['example_nested_branch_dag']) retrieved from /home/humbulani/miniconda3/envs/apache-airflow/lib/python3.8/site-packages/airflow/example_dags/example_nested_branch_dag.py
[2023-03-28T00:05:54.632+0200] {logging_mixin.py:137} INFO - [2023-03-28T00:05:54.632+0200] {dag.py:2693} INFO - Sync 1 DAGs
[2023-03-28T00:05:54.651+0200] {logging_mixin.py:137} INFO - [2023-03-28T00:05:54.650+0200] {dag.py:3440} INFO - Setting next_dagrun for example_nested_branch_dag to 2023-03-26T00:00:00+00:00, run_after=2023-03-27T00:00:00+00:00
[2023-03-28T00:05:54.794+0200] {processor.py:175} INFO - Processing /home/humbulani/miniconda3/envs/apache-airflow/lib/python3.8/site-packages/airflow/example_dags/example_nested_branch_dag.py took 0.244 seconds
[2023-03-28T00:06:40.216+0200] {processor.py:153} INFO - Started process (PID=22770) to work on /home/humbulani/miniconda3/envs/apache-airflow/lib/python3.8/site-packages/airflow/example_dags/example_nested_branch_dag.py
[2023-03-28T00:06:40.231+0200] {processor.py:743} INFO - Processing file /home/humbulani/miniconda3/envs/apache-airflow/lib/python3.8/site-packages/airflow/example_dags/example_nested_branch_dag.py for tasks to queue
[2023-03-28T00:06:40.232+0200] {logging_mixin.py:137} INFO - [2023-03-28T00:06:40.232+0200] {dagbag.py:532} INFO - Filling up the DagBag from /home/humbulani/miniconda3/envs/apache-airflow/lib/python3.8/site-packages/airflow/example_dags/example_nested_branch_dag.py
[2023-03-28T00:06:40.254+0200] {processor.py:753} INFO - DAG(s) dict_keys(['example_nested_branch_dag']) retrieved from /home/humbulani/miniconda3/envs/apache-airflow/lib/python3.8/site-packages/airflow/example_dags/example_nested_branch_dag.py
[2023-03-28T00:06:40.271+0200] {logging_mixin.py:137} INFO - [2023-03-28T00:06:40.271+0200] {dag.py:2693} INFO - Sync 1 DAGs
[2023-03-28T00:06:40.290+0200] {logging_mixin.py:137} INFO - [2023-03-28T00:06:40.290+0200] {dag.py:3440} INFO - Setting next_dagrun for example_nested_branch_dag to 2023-03-26T00:00:00+00:00, run_after=2023-03-27T00:00:00+00:00
[2023-03-28T00:06:40.374+0200] {processor.py:175} INFO - Processing /home/humbulani/miniconda3/envs/apache-airflow/lib/python3.8/site-packages/airflow/example_dags/example_nested_branch_dag.py took 0.160 seconds
[2023-03-28T00:07:28.887+0200] {processor.py:153} INFO - Started process (PID=22816) to work on /home/humbulani/miniconda3/envs/apache-airflow/lib/python3.8/site-packages/airflow/example_dags/example_nested_branch_dag.py
[2023-03-28T00:07:28.892+0200] {processor.py:743} INFO - Processing file /home/humbulani/miniconda3/envs/apache-airflow/lib/python3.8/site-packages/airflow/example_dags/example_nested_branch_dag.py for tasks to queue
[2023-03-28T00:07:28.893+0200] {logging_mixin.py:137} INFO - [2023-03-28T00:07:28.893+0200] {dagbag.py:532} INFO - Filling up the DagBag from /home/humbulani/miniconda3/envs/apache-airflow/lib/python3.8/site-packages/airflow/example_dags/example_nested_branch_dag.py
[2023-03-28T00:07:28.918+0200] {processor.py:753} INFO - DAG(s) dict_keys(['example_nested_branch_dag']) retrieved from /home/humbulani/miniconda3/envs/apache-airflow/lib/python3.8/site-packages/airflow/example_dags/example_nested_branch_dag.py
[2023-03-28T00:07:29.044+0200] {logging_mixin.py:137} INFO - [2023-03-28T00:07:29.044+0200] {dag.py:2693} INFO - Sync 1 DAGs
[2023-03-28T00:07:29.070+0200] {logging_mixin.py:137} INFO - [2023-03-28T00:07:29.070+0200] {dag.py:3440} INFO - Setting next_dagrun for example_nested_branch_dag to 2023-03-26T00:00:00+00:00, run_after=2023-03-27T00:00:00+00:00
[2023-03-28T00:07:29.162+0200] {processor.py:175} INFO - Processing /home/humbulani/miniconda3/envs/apache-airflow/lib/python3.8/site-packages/airflow/example_dags/example_nested_branch_dag.py took 0.277 seconds
[2023-03-28T00:08:19.932+0200] {processor.py:153} INFO - Started process (PID=22915) to work on /home/humbulani/miniconda3/envs/apache-airflow/lib/python3.8/site-packages/airflow/example_dags/example_nested_branch_dag.py
[2023-03-28T00:08:19.945+0200] {processor.py:743} INFO - Processing file /home/humbulani/miniconda3/envs/apache-airflow/lib/python3.8/site-packages/airflow/example_dags/example_nested_branch_dag.py for tasks to queue
[2023-03-28T00:08:19.946+0200] {logging_mixin.py:137} INFO - [2023-03-28T00:08:19.946+0200] {dagbag.py:532} INFO - Filling up the DagBag from /home/humbulani/miniconda3/envs/apache-airflow/lib/python3.8/site-packages/airflow/example_dags/example_nested_branch_dag.py
[2023-03-28T00:08:19.974+0200] {processor.py:753} INFO - DAG(s) dict_keys(['example_nested_branch_dag']) retrieved from /home/humbulani/miniconda3/envs/apache-airflow/lib/python3.8/site-packages/airflow/example_dags/example_nested_branch_dag.py
[2023-03-28T00:08:19.992+0200] {logging_mixin.py:137} INFO - [2023-03-28T00:08:19.992+0200] {dag.py:2693} INFO - Sync 1 DAGs
[2023-03-28T00:08:20.011+0200] {logging_mixin.py:137} INFO - [2023-03-28T00:08:20.011+0200] {dag.py:3440} INFO - Setting next_dagrun for example_nested_branch_dag to 2023-03-26T00:00:00+00:00, run_after=2023-03-27T00:00:00+00:00
[2023-03-28T00:08:20.163+0200] {processor.py:175} INFO - Processing /home/humbulani/miniconda3/envs/apache-airflow/lib/python3.8/site-packages/airflow/example_dags/example_nested_branch_dag.py took 0.234 seconds
[2023-03-28T00:09:19.855+0200] {processor.py:153} INFO - Started process (PID=22978) to work on /home/humbulani/miniconda3/envs/apache-airflow/lib/python3.8/site-packages/airflow/example_dags/example_nested_branch_dag.py
[2023-03-28T00:09:19.862+0200] {processor.py:743} INFO - Processing file /home/humbulani/miniconda3/envs/apache-airflow/lib/python3.8/site-packages/airflow/example_dags/example_nested_branch_dag.py for tasks to queue
[2023-03-28T00:09:19.863+0200] {logging_mixin.py:137} INFO - [2023-03-28T00:09:19.863+0200] {dagbag.py:532} INFO - Filling up the DagBag from /home/humbulani/miniconda3/envs/apache-airflow/lib/python3.8/site-packages/airflow/example_dags/example_nested_branch_dag.py
[2023-03-28T00:09:19.888+0200] {processor.py:753} INFO - DAG(s) dict_keys(['example_nested_branch_dag']) retrieved from /home/humbulani/miniconda3/envs/apache-airflow/lib/python3.8/site-packages/airflow/example_dags/example_nested_branch_dag.py
[2023-03-28T00:09:19.911+0200] {logging_mixin.py:137} INFO - [2023-03-28T00:09:19.911+0200] {dag.py:2693} INFO - Sync 1 DAGs
[2023-03-28T00:09:20.014+0200] {logging_mixin.py:137} INFO - [2023-03-28T00:09:20.014+0200] {dag.py:3440} INFO - Setting next_dagrun for example_nested_branch_dag to 2023-03-26T00:00:00+00:00, run_after=2023-03-27T00:00:00+00:00
[2023-03-28T00:09:20.092+0200] {processor.py:175} INFO - Processing /home/humbulani/miniconda3/envs/apache-airflow/lib/python3.8/site-packages/airflow/example_dags/example_nested_branch_dag.py took 0.239 seconds
[2023-03-28T00:10:19.119+0200] {processor.py:153} INFO - Started process (PID=23031) to work on /home/humbulani/miniconda3/envs/apache-airflow/lib/python3.8/site-packages/airflow/example_dags/example_nested_branch_dag.py
[2023-03-28T00:10:19.133+0200] {processor.py:743} INFO - Processing file /home/humbulani/miniconda3/envs/apache-airflow/lib/python3.8/site-packages/airflow/example_dags/example_nested_branch_dag.py for tasks to queue
[2023-03-28T00:10:19.133+0200] {logging_mixin.py:137} INFO - [2023-03-28T00:10:19.133+0200] {dagbag.py:532} INFO - Filling up the DagBag from /home/humbulani/miniconda3/envs/apache-airflow/lib/python3.8/site-packages/airflow/example_dags/example_nested_branch_dag.py
[2023-03-28T00:10:19.161+0200] {processor.py:753} INFO - DAG(s) dict_keys(['example_nested_branch_dag']) retrieved from /home/humbulani/miniconda3/envs/apache-airflow/lib/python3.8/site-packages/airflow/example_dags/example_nested_branch_dag.py
[2023-03-28T00:10:19.257+0200] {logging_mixin.py:137} INFO - [2023-03-28T00:10:19.257+0200] {dag.py:2693} INFO - Sync 1 DAGs
[2023-03-28T00:10:19.274+0200] {logging_mixin.py:137} INFO - [2023-03-28T00:10:19.274+0200] {dag.py:3440} INFO - Setting next_dagrun for example_nested_branch_dag to 2023-03-26T00:00:00+00:00, run_after=2023-03-27T00:00:00+00:00
[2023-03-28T00:10:19.353+0200] {processor.py:175} INFO - Processing /home/humbulani/miniconda3/envs/apache-airflow/lib/python3.8/site-packages/airflow/example_dags/example_nested_branch_dag.py took 0.237 seconds
[2023-03-28T00:11:09.715+0200] {processor.py:153} INFO - Started process (PID=23077) to work on /home/humbulani/miniconda3/envs/apache-airflow/lib/python3.8/site-packages/airflow/example_dags/example_nested_branch_dag.py
[2023-03-28T00:11:09.717+0200] {processor.py:743} INFO - Processing file /home/humbulani/miniconda3/envs/apache-airflow/lib/python3.8/site-packages/airflow/example_dags/example_nested_branch_dag.py for tasks to queue
[2023-03-28T00:11:09.717+0200] {logging_mixin.py:137} INFO - [2023-03-28T00:11:09.717+0200] {dagbag.py:532} INFO - Filling up the DagBag from /home/humbulani/miniconda3/envs/apache-airflow/lib/python3.8/site-packages/airflow/example_dags/example_nested_branch_dag.py
[2023-03-28T00:11:09.825+0200] {processor.py:753} INFO - DAG(s) dict_keys(['example_nested_branch_dag']) retrieved from /home/humbulani/miniconda3/envs/apache-airflow/lib/python3.8/site-packages/airflow/example_dags/example_nested_branch_dag.py
[2023-03-28T00:11:09.840+0200] {logging_mixin.py:137} INFO - [2023-03-28T00:11:09.840+0200] {dag.py:2693} INFO - Sync 1 DAGs
[2023-03-28T00:11:09.857+0200] {logging_mixin.py:137} INFO - [2023-03-28T00:11:09.856+0200] {dag.py:3440} INFO - Setting next_dagrun for example_nested_branch_dag to 2023-03-26T00:00:00+00:00, run_after=2023-03-27T00:00:00+00:00
[2023-03-28T00:11:09.948+0200] {processor.py:175} INFO - Processing /home/humbulani/miniconda3/envs/apache-airflow/lib/python3.8/site-packages/airflow/example_dags/example_nested_branch_dag.py took 0.236 seconds
[2023-03-28T00:12:17.655+0200] {processor.py:153} INFO - Started process (PID=23130) to work on /home/humbulani/miniconda3/envs/apache-airflow/lib/python3.8/site-packages/airflow/example_dags/example_nested_branch_dag.py
[2023-03-28T00:12:17.670+0200] {processor.py:743} INFO - Processing file /home/humbulani/miniconda3/envs/apache-airflow/lib/python3.8/site-packages/airflow/example_dags/example_nested_branch_dag.py for tasks to queue
[2023-03-28T00:12:17.670+0200] {logging_mixin.py:137} INFO - [2023-03-28T00:12:17.670+0200] {dagbag.py:532} INFO - Filling up the DagBag from /home/humbulani/miniconda3/envs/apache-airflow/lib/python3.8/site-packages/airflow/example_dags/example_nested_branch_dag.py
[2023-03-28T00:12:17.773+0200] {processor.py:753} INFO - DAG(s) dict_keys(['example_nested_branch_dag']) retrieved from /home/humbulani/miniconda3/envs/apache-airflow/lib/python3.8/site-packages/airflow/example_dags/example_nested_branch_dag.py
[2023-03-28T00:12:17.788+0200] {logging_mixin.py:137} INFO - [2023-03-28T00:12:17.787+0200] {dag.py:2693} INFO - Sync 1 DAGs
[2023-03-28T00:12:17.805+0200] {logging_mixin.py:137} INFO - [2023-03-28T00:12:17.805+0200] {dag.py:3440} INFO - Setting next_dagrun for example_nested_branch_dag to 2023-03-26T00:00:00+00:00, run_after=2023-03-27T00:00:00+00:00
[2023-03-28T00:12:17.894+0200] {processor.py:175} INFO - Processing /home/humbulani/miniconda3/envs/apache-airflow/lib/python3.8/site-packages/airflow/example_dags/example_nested_branch_dag.py took 0.241 seconds
[2023-03-28T00:13:10.151+0200] {processor.py:153} INFO - Started process (PID=23206) to work on /home/humbulani/miniconda3/envs/apache-airflow/lib/python3.8/site-packages/airflow/example_dags/example_nested_branch_dag.py
[2023-03-28T00:13:10.165+0200] {processor.py:743} INFO - Processing file /home/humbulani/miniconda3/envs/apache-airflow/lib/python3.8/site-packages/airflow/example_dags/example_nested_branch_dag.py for tasks to queue
[2023-03-28T00:13:10.165+0200] {logging_mixin.py:137} INFO - [2023-03-28T00:13:10.165+0200] {dagbag.py:532} INFO - Filling up the DagBag from /home/humbulani/miniconda3/envs/apache-airflow/lib/python3.8/site-packages/airflow/example_dags/example_nested_branch_dag.py
[2023-03-28T00:13:10.188+0200] {processor.py:753} INFO - DAG(s) dict_keys(['example_nested_branch_dag']) retrieved from /home/humbulani/miniconda3/envs/apache-airflow/lib/python3.8/site-packages/airflow/example_dags/example_nested_branch_dag.py
[2023-03-28T00:13:10.206+0200] {logging_mixin.py:137} INFO - [2023-03-28T00:13:10.206+0200] {dag.py:2693} INFO - Sync 1 DAGs
[2023-03-28T00:13:10.226+0200] {logging_mixin.py:137} INFO - [2023-03-28T00:13:10.225+0200] {dag.py:3440} INFO - Setting next_dagrun for example_nested_branch_dag to 2023-03-26T00:00:00+00:00, run_after=2023-03-27T00:00:00+00:00
[2023-03-28T00:13:10.306+0200] {processor.py:175} INFO - Processing /home/humbulani/miniconda3/envs/apache-airflow/lib/python3.8/site-packages/airflow/example_dags/example_nested_branch_dag.py took 0.158 seconds
[2023-03-28T00:13:54.064+0200] {processor.py:153} INFO - Started process (PID=23257) to work on /home/humbulani/miniconda3/envs/apache-airflow/lib/python3.8/site-packages/airflow/example_dags/example_nested_branch_dag.py
[2023-03-28T00:13:54.083+0200] {processor.py:743} INFO - Processing file /home/humbulani/miniconda3/envs/apache-airflow/lib/python3.8/site-packages/airflow/example_dags/example_nested_branch_dag.py for tasks to queue
[2023-03-28T00:13:54.084+0200] {logging_mixin.py:137} INFO - [2023-03-28T00:13:54.084+0200] {dagbag.py:532} INFO - Filling up the DagBag from /home/humbulani/miniconda3/envs/apache-airflow/lib/python3.8/site-packages/airflow/example_dags/example_nested_branch_dag.py
[2023-03-28T00:13:54.112+0200] {processor.py:753} INFO - DAG(s) dict_keys(['example_nested_branch_dag']) retrieved from /home/humbulani/miniconda3/envs/apache-airflow/lib/python3.8/site-packages/airflow/example_dags/example_nested_branch_dag.py
[2023-03-28T00:13:54.130+0200] {logging_mixin.py:137} INFO - [2023-03-28T00:13:54.130+0200] {dag.py:2693} INFO - Sync 1 DAGs
[2023-03-28T00:13:54.148+0200] {logging_mixin.py:137} INFO - [2023-03-28T00:13:54.148+0200] {dag.py:3440} INFO - Setting next_dagrun for example_nested_branch_dag to 2023-03-26T00:00:00+00:00, run_after=2023-03-27T00:00:00+00:00
[2023-03-28T00:13:54.226+0200] {processor.py:175} INFO - Processing /home/humbulani/miniconda3/envs/apache-airflow/lib/python3.8/site-packages/airflow/example_dags/example_nested_branch_dag.py took 0.164 seconds
[2023-03-28T00:14:37.084+0200] {processor.py:153} INFO - Started process (PID=23301) to work on /home/humbulani/miniconda3/envs/apache-airflow/lib/python3.8/site-packages/airflow/example_dags/example_nested_branch_dag.py
[2023-03-28T00:14:37.096+0200] {processor.py:743} INFO - Processing file /home/humbulani/miniconda3/envs/apache-airflow/lib/python3.8/site-packages/airflow/example_dags/example_nested_branch_dag.py for tasks to queue
[2023-03-28T00:14:37.097+0200] {logging_mixin.py:137} INFO - [2023-03-28T00:14:37.096+0200] {dagbag.py:532} INFO - Filling up the DagBag from /home/humbulani/miniconda3/envs/apache-airflow/lib/python3.8/site-packages/airflow/example_dags/example_nested_branch_dag.py
[2023-03-28T00:14:37.120+0200] {processor.py:753} INFO - DAG(s) dict_keys(['example_nested_branch_dag']) retrieved from /home/humbulani/miniconda3/envs/apache-airflow/lib/python3.8/site-packages/airflow/example_dags/example_nested_branch_dag.py
[2023-03-28T00:14:37.137+0200] {logging_mixin.py:137} INFO - [2023-03-28T00:14:37.137+0200] {dag.py:2693} INFO - Sync 1 DAGs
[2023-03-28T00:14:37.155+0200] {logging_mixin.py:137} INFO - [2023-03-28T00:14:37.155+0200] {dag.py:3440} INFO - Setting next_dagrun for example_nested_branch_dag to 2023-03-26T00:00:00+00:00, run_after=2023-03-27T00:00:00+00:00
[2023-03-28T00:14:37.247+0200] {processor.py:175} INFO - Processing /home/humbulani/miniconda3/envs/apache-airflow/lib/python3.8/site-packages/airflow/example_dags/example_nested_branch_dag.py took 0.165 seconds
[2023-03-28T00:15:25.768+0200] {processor.py:153} INFO - Started process (PID=23376) to work on /home/humbulani/miniconda3/envs/apache-airflow/lib/python3.8/site-packages/airflow/example_dags/example_nested_branch_dag.py
[2023-03-28T00:15:25.779+0200] {processor.py:743} INFO - Processing file /home/humbulani/miniconda3/envs/apache-airflow/lib/python3.8/site-packages/airflow/example_dags/example_nested_branch_dag.py for tasks to queue
[2023-03-28T00:15:25.780+0200] {logging_mixin.py:137} INFO - [2023-03-28T00:15:25.780+0200] {dagbag.py:532} INFO - Filling up the DagBag from /home/humbulani/miniconda3/envs/apache-airflow/lib/python3.8/site-packages/airflow/example_dags/example_nested_branch_dag.py
[2023-03-28T00:15:25.804+0200] {processor.py:753} INFO - DAG(s) dict_keys(['example_nested_branch_dag']) retrieved from /home/humbulani/miniconda3/envs/apache-airflow/lib/python3.8/site-packages/airflow/example_dags/example_nested_branch_dag.py
[2023-03-28T00:15:25.821+0200] {logging_mixin.py:137} INFO - [2023-03-28T00:15:25.821+0200] {dag.py:2693} INFO - Sync 1 DAGs
[2023-03-28T00:15:25.839+0200] {logging_mixin.py:137} INFO - [2023-03-28T00:15:25.839+0200] {dag.py:3440} INFO - Setting next_dagrun for example_nested_branch_dag to 2023-03-26T00:00:00+00:00, run_after=2023-03-27T00:00:00+00:00
[2023-03-28T00:15:25.933+0200] {processor.py:175} INFO - Processing /home/humbulani/miniconda3/envs/apache-airflow/lib/python3.8/site-packages/airflow/example_dags/example_nested_branch_dag.py took 0.168 seconds
[2023-03-28T00:16:11.013+0200] {processor.py:153} INFO - Started process (PID=23438) to work on /home/humbulani/miniconda3/envs/apache-airflow/lib/python3.8/site-packages/airflow/example_dags/example_nested_branch_dag.py
[2023-03-28T00:16:11.025+0200] {processor.py:743} INFO - Processing file /home/humbulani/miniconda3/envs/apache-airflow/lib/python3.8/site-packages/airflow/example_dags/example_nested_branch_dag.py for tasks to queue
[2023-03-28T00:16:11.025+0200] {logging_mixin.py:137} INFO - [2023-03-28T00:16:11.025+0200] {dagbag.py:532} INFO - Filling up the DagBag from /home/humbulani/miniconda3/envs/apache-airflow/lib/python3.8/site-packages/airflow/example_dags/example_nested_branch_dag.py
[2023-03-28T00:16:11.047+0200] {processor.py:753} INFO - DAG(s) dict_keys(['example_nested_branch_dag']) retrieved from /home/humbulani/miniconda3/envs/apache-airflow/lib/python3.8/site-packages/airflow/example_dags/example_nested_branch_dag.py
[2023-03-28T00:16:11.065+0200] {logging_mixin.py:137} INFO - [2023-03-28T00:16:11.065+0200] {dag.py:2693} INFO - Sync 1 DAGs
[2023-03-28T00:16:11.086+0200] {logging_mixin.py:137} INFO - [2023-03-28T00:16:11.086+0200] {dag.py:3440} INFO - Setting next_dagrun for example_nested_branch_dag to 2023-03-26T00:00:00+00:00, run_after=2023-03-27T00:00:00+00:00
[2023-03-28T00:16:11.171+0200] {processor.py:175} INFO - Processing /home/humbulani/miniconda3/envs/apache-airflow/lib/python3.8/site-packages/airflow/example_dags/example_nested_branch_dag.py took 0.160 seconds
[2023-03-28T00:17:06.342+0200] {processor.py:153} INFO - Started process (PID=23573) to work on /home/humbulani/miniconda3/envs/apache-airflow/lib/python3.8/site-packages/airflow/example_dags/example_nested_branch_dag.py
[2023-03-28T00:17:06.358+0200] {processor.py:743} INFO - Processing file /home/humbulani/miniconda3/envs/apache-airflow/lib/python3.8/site-packages/airflow/example_dags/example_nested_branch_dag.py for tasks to queue
[2023-03-28T00:17:06.359+0200] {logging_mixin.py:137} INFO - [2023-03-28T00:17:06.358+0200] {dagbag.py:532} INFO - Filling up the DagBag from /home/humbulani/miniconda3/envs/apache-airflow/lib/python3.8/site-packages/airflow/example_dags/example_nested_branch_dag.py
[2023-03-28T00:17:06.391+0200] {processor.py:753} INFO - DAG(s) dict_keys(['example_nested_branch_dag']) retrieved from /home/humbulani/miniconda3/envs/apache-airflow/lib/python3.8/site-packages/airflow/example_dags/example_nested_branch_dag.py
[2023-03-28T00:17:06.417+0200] {logging_mixin.py:137} INFO - [2023-03-28T00:17:06.417+0200] {dag.py:2693} INFO - Sync 1 DAGs
[2023-03-28T00:17:06.445+0200] {logging_mixin.py:137} INFO - [2023-03-28T00:17:06.445+0200] {dag.py:3440} INFO - Setting next_dagrun for example_nested_branch_dag to 2023-03-26T00:00:00+00:00, run_after=2023-03-27T00:00:00+00:00
[2023-03-28T00:17:06.582+0200] {processor.py:175} INFO - Processing /home/humbulani/miniconda3/envs/apache-airflow/lib/python3.8/site-packages/airflow/example_dags/example_nested_branch_dag.py took 0.243 seconds
[2023-03-28T00:17:53.062+0200] {processor.py:153} INFO - Started process (PID=23620) to work on /home/humbulani/miniconda3/envs/apache-airflow/lib/python3.8/site-packages/airflow/example_dags/example_nested_branch_dag.py
[2023-03-28T00:17:53.073+0200] {processor.py:743} INFO - Processing file /home/humbulani/miniconda3/envs/apache-airflow/lib/python3.8/site-packages/airflow/example_dags/example_nested_branch_dag.py for tasks to queue
[2023-03-28T00:17:53.074+0200] {logging_mixin.py:137} INFO - [2023-03-28T00:17:53.074+0200] {dagbag.py:532} INFO - Filling up the DagBag from /home/humbulani/miniconda3/envs/apache-airflow/lib/python3.8/site-packages/airflow/example_dags/example_nested_branch_dag.py
[2023-03-28T00:17:53.103+0200] {processor.py:753} INFO - DAG(s) dict_keys(['example_nested_branch_dag']) retrieved from /home/humbulani/miniconda3/envs/apache-airflow/lib/python3.8/site-packages/airflow/example_dags/example_nested_branch_dag.py
[2023-03-28T00:17:53.125+0200] {logging_mixin.py:137} INFO - [2023-03-28T00:17:53.125+0200] {dag.py:2693} INFO - Sync 1 DAGs
[2023-03-28T00:17:53.147+0200] {logging_mixin.py:137} INFO - [2023-03-28T00:17:53.147+0200] {dag.py:3440} INFO - Setting next_dagrun for example_nested_branch_dag to 2023-03-26T00:00:00+00:00, run_after=2023-03-27T00:00:00+00:00
[2023-03-28T00:17:53.236+0200] {processor.py:175} INFO - Processing /home/humbulani/miniconda3/envs/apache-airflow/lib/python3.8/site-packages/airflow/example_dags/example_nested_branch_dag.py took 0.176 seconds
[2023-03-28T00:18:36.765+0200] {processor.py:153} INFO - Started process (PID=23663) to work on /home/humbulani/miniconda3/envs/apache-airflow/lib/python3.8/site-packages/airflow/example_dags/example_nested_branch_dag.py
[2023-03-28T00:18:36.771+0200] {processor.py:743} INFO - Processing file /home/humbulani/miniconda3/envs/apache-airflow/lib/python3.8/site-packages/airflow/example_dags/example_nested_branch_dag.py for tasks to queue
[2023-03-28T00:18:36.772+0200] {logging_mixin.py:137} INFO - [2023-03-28T00:18:36.772+0200] {dagbag.py:532} INFO - Filling up the DagBag from /home/humbulani/miniconda3/envs/apache-airflow/lib/python3.8/site-packages/airflow/example_dags/example_nested_branch_dag.py
[2023-03-28T00:18:36.795+0200] {processor.py:753} INFO - DAG(s) dict_keys(['example_nested_branch_dag']) retrieved from /home/humbulani/miniconda3/envs/apache-airflow/lib/python3.8/site-packages/airflow/example_dags/example_nested_branch_dag.py
[2023-03-28T00:18:36.814+0200] {logging_mixin.py:137} INFO - [2023-03-28T00:18:36.813+0200] {dag.py:2693} INFO - Sync 1 DAGs
[2023-03-28T00:18:36.832+0200] {logging_mixin.py:137} INFO - [2023-03-28T00:18:36.832+0200] {dag.py:3440} INFO - Setting next_dagrun for example_nested_branch_dag to 2023-03-26T00:00:00+00:00, run_after=2023-03-27T00:00:00+00:00
[2023-03-28T00:18:36.917+0200] {processor.py:175} INFO - Processing /home/humbulani/miniconda3/envs/apache-airflow/lib/python3.8/site-packages/airflow/example_dags/example_nested_branch_dag.py took 0.154 seconds
[2023-03-28T00:19:24.769+0200] {processor.py:153} INFO - Started process (PID=23708) to work on /home/humbulani/miniconda3/envs/apache-airflow/lib/python3.8/site-packages/airflow/example_dags/example_nested_branch_dag.py
[2023-03-28T00:19:24.778+0200] {processor.py:743} INFO - Processing file /home/humbulani/miniconda3/envs/apache-airflow/lib/python3.8/site-packages/airflow/example_dags/example_nested_branch_dag.py for tasks to queue
[2023-03-28T00:19:24.779+0200] {logging_mixin.py:137} INFO - [2023-03-28T00:19:24.778+0200] {dagbag.py:532} INFO - Filling up the DagBag from /home/humbulani/miniconda3/envs/apache-airflow/lib/python3.8/site-packages/airflow/example_dags/example_nested_branch_dag.py
[2023-03-28T00:19:24.805+0200] {processor.py:753} INFO - DAG(s) dict_keys(['example_nested_branch_dag']) retrieved from /home/humbulani/miniconda3/envs/apache-airflow/lib/python3.8/site-packages/airflow/example_dags/example_nested_branch_dag.py
[2023-03-28T00:19:24.825+0200] {logging_mixin.py:137} INFO - [2023-03-28T00:19:24.825+0200] {dag.py:2693} INFO - Sync 1 DAGs
[2023-03-28T00:19:24.846+0200] {logging_mixin.py:137} INFO - [2023-03-28T00:19:24.846+0200] {dag.py:3440} INFO - Setting next_dagrun for example_nested_branch_dag to 2023-03-26T00:00:00+00:00, run_after=2023-03-27T00:00:00+00:00
[2023-03-28T00:19:24.932+0200] {processor.py:175} INFO - Processing /home/humbulani/miniconda3/envs/apache-airflow/lib/python3.8/site-packages/airflow/example_dags/example_nested_branch_dag.py took 0.166 seconds
[2023-03-28T00:20:12.174+0200] {processor.py:153} INFO - Started process (PID=23758) to work on /home/humbulani/miniconda3/envs/apache-airflow/lib/python3.8/site-packages/airflow/example_dags/example_nested_branch_dag.py
[2023-03-28T00:20:12.193+0200] {processor.py:743} INFO - Processing file /home/humbulani/miniconda3/envs/apache-airflow/lib/python3.8/site-packages/airflow/example_dags/example_nested_branch_dag.py for tasks to queue
[2023-03-28T00:20:12.194+0200] {logging_mixin.py:137} INFO - [2023-03-28T00:20:12.194+0200] {dagbag.py:532} INFO - Filling up the DagBag from /home/humbulani/miniconda3/envs/apache-airflow/lib/python3.8/site-packages/airflow/example_dags/example_nested_branch_dag.py
[2023-03-28T00:20:12.217+0200] {processor.py:753} INFO - DAG(s) dict_keys(['example_nested_branch_dag']) retrieved from /home/humbulani/miniconda3/envs/apache-airflow/lib/python3.8/site-packages/airflow/example_dags/example_nested_branch_dag.py
[2023-03-28T00:20:12.235+0200] {logging_mixin.py:137} INFO - [2023-03-28T00:20:12.234+0200] {dag.py:2693} INFO - Sync 1 DAGs
[2023-03-28T00:20:12.254+0200] {logging_mixin.py:137} INFO - [2023-03-28T00:20:12.254+0200] {dag.py:3440} INFO - Setting next_dagrun for example_nested_branch_dag to 2023-03-26T00:00:00+00:00, run_after=2023-03-27T00:00:00+00:00
[2023-03-28T00:20:12.385+0200] {processor.py:175} INFO - Processing /home/humbulani/miniconda3/envs/apache-airflow/lib/python3.8/site-packages/airflow/example_dags/example_nested_branch_dag.py took 0.213 seconds
[2023-03-28T00:21:12.622+0200] {processor.py:153} INFO - Started process (PID=23813) to work on /home/humbulani/miniconda3/envs/apache-airflow/lib/python3.8/site-packages/airflow/example_dags/example_nested_branch_dag.py
[2023-03-28T00:21:12.634+0200] {processor.py:743} INFO - Processing file /home/humbulani/miniconda3/envs/apache-airflow/lib/python3.8/site-packages/airflow/example_dags/example_nested_branch_dag.py for tasks to queue
[2023-03-28T00:21:12.635+0200] {logging_mixin.py:137} INFO - [2023-03-28T00:21:12.635+0200] {dagbag.py:532} INFO - Filling up the DagBag from /home/humbulani/miniconda3/envs/apache-airflow/lib/python3.8/site-packages/airflow/example_dags/example_nested_branch_dag.py
[2023-03-28T00:21:12.659+0200] {processor.py:753} INFO - DAG(s) dict_keys(['example_nested_branch_dag']) retrieved from /home/humbulani/miniconda3/envs/apache-airflow/lib/python3.8/site-packages/airflow/example_dags/example_nested_branch_dag.py
[2023-03-28T00:21:12.679+0200] {logging_mixin.py:137} INFO - [2023-03-28T00:21:12.679+0200] {dag.py:2693} INFO - Sync 1 DAGs
[2023-03-28T00:21:12.699+0200] {logging_mixin.py:137} INFO - [2023-03-28T00:21:12.699+0200] {dag.py:3440} INFO - Setting next_dagrun for example_nested_branch_dag to 2023-03-26T00:00:00+00:00, run_after=2023-03-27T00:00:00+00:00
[2023-03-28T00:21:12.846+0200] {processor.py:175} INFO - Processing /home/humbulani/miniconda3/envs/apache-airflow/lib/python3.8/site-packages/airflow/example_dags/example_nested_branch_dag.py took 0.226 seconds
