[2023-03-28T00:04:06.089+0200] {processor.py:153} INFO - Started process (PID=22508) to work on /home/humbulani/miniconda3/envs/apache-airflow/lib/python3.8/site-packages/airflow/example_dags/example_sensors.py
[2023-03-28T00:04:06.089+0200] {processor.py:743} INFO - Processing file /home/humbulani/miniconda3/envs/apache-airflow/lib/python3.8/site-packages/airflow/example_dags/example_sensors.py for tasks to queue
[2023-03-28T00:04:06.090+0200] {logging_mixin.py:137} INFO - [2023-03-28T00:04:06.090+0200] {dagbag.py:532} INFO - Filling up the DagBag from /home/humbulani/miniconda3/envs/apache-airflow/lib/python3.8/site-packages/airflow/example_dags/example_sensors.py
[2023-03-28T00:04:06.148+0200] {processor.py:753} INFO - DAG(s) dict_keys(['example_sensors']) retrieved from /home/humbulani/miniconda3/envs/apache-airflow/lib/python3.8/site-packages/airflow/example_dags/example_sensors.py
[2023-03-28T00:04:06.173+0200] {logging_mixin.py:137} INFO - [2023-03-28T00:04:06.173+0200] {dag.py:2693} INFO - Sync 1 DAGs
[2023-03-28T00:04:06.191+0200] {logging_mixin.py:137} INFO - [2023-03-28T00:04:06.191+0200] {dag.py:3440} INFO - Setting next_dagrun for example_sensors to None, run_after=None
[2023-03-28T00:04:06.266+0200] {processor.py:175} INFO - Processing /home/humbulani/miniconda3/envs/apache-airflow/lib/python3.8/site-packages/airflow/example_dags/example_sensors.py took 0.179 seconds
[2023-03-28T00:04:57.307+0200] {processor.py:153} INFO - Started process (PID=22596) to work on /home/humbulani/miniconda3/envs/apache-airflow/lib/python3.8/site-packages/airflow/example_dags/example_sensors.py
[2023-03-28T00:04:57.308+0200] {processor.py:743} INFO - Processing file /home/humbulani/miniconda3/envs/apache-airflow/lib/python3.8/site-packages/airflow/example_dags/example_sensors.py for tasks to queue
[2023-03-28T00:04:57.308+0200] {logging_mixin.py:137} INFO - [2023-03-28T00:04:57.308+0200] {dagbag.py:532} INFO - Filling up the DagBag from /home/humbulani/miniconda3/envs/apache-airflow/lib/python3.8/site-packages/airflow/example_dags/example_sensors.py
[2023-03-28T00:04:57.326+0200] {processor.py:753} INFO - DAG(s) dict_keys(['example_sensors']) retrieved from /home/humbulani/miniconda3/envs/apache-airflow/lib/python3.8/site-packages/airflow/example_dags/example_sensors.py
[2023-03-28T00:04:57.347+0200] {logging_mixin.py:137} INFO - [2023-03-28T00:04:57.347+0200] {dag.py:2693} INFO - Sync 1 DAGs
[2023-03-28T00:04:57.366+0200] {logging_mixin.py:137} INFO - [2023-03-28T00:04:57.365+0200] {dag.py:3440} INFO - Setting next_dagrun for example_sensors to None, run_after=None
[2023-03-28T00:04:57.443+0200] {processor.py:175} INFO - Processing /home/humbulani/miniconda3/envs/apache-airflow/lib/python3.8/site-packages/airflow/example_dags/example_sensors.py took 0.138 seconds
[2023-03-28T00:05:41.689+0200] {processor.py:153} INFO - Started process (PID=22638) to work on /home/humbulani/miniconda3/envs/apache-airflow/lib/python3.8/site-packages/airflow/example_dags/example_sensors.py
[2023-03-28T00:05:41.690+0200] {processor.py:743} INFO - Processing file /home/humbulani/miniconda3/envs/apache-airflow/lib/python3.8/site-packages/airflow/example_dags/example_sensors.py for tasks to queue
[2023-03-28T00:05:41.690+0200] {logging_mixin.py:137} INFO - [2023-03-28T00:05:41.690+0200] {dagbag.py:532} INFO - Filling up the DagBag from /home/humbulani/miniconda3/envs/apache-airflow/lib/python3.8/site-packages/airflow/example_dags/example_sensors.py
[2023-03-28T00:05:41.709+0200] {processor.py:753} INFO - DAG(s) dict_keys(['example_sensors']) retrieved from /home/humbulani/miniconda3/envs/apache-airflow/lib/python3.8/site-packages/airflow/example_dags/example_sensors.py
[2023-03-28T00:05:41.733+0200] {logging_mixin.py:137} INFO - [2023-03-28T00:05:41.733+0200] {dag.py:2693} INFO - Sync 1 DAGs
[2023-03-28T00:05:41.751+0200] {logging_mixin.py:137} INFO - [2023-03-28T00:05:41.751+0200] {dag.py:3440} INFO - Setting next_dagrun for example_sensors to None, run_after=None
[2023-03-28T00:05:41.837+0200] {processor.py:175} INFO - Processing /home/humbulani/miniconda3/envs/apache-airflow/lib/python3.8/site-packages/airflow/example_dags/example_sensors.py took 0.150 seconds
[2023-03-28T00:06:27.479+0200] {processor.py:153} INFO - Started process (PID=22759) to work on /home/humbulani/miniconda3/envs/apache-airflow/lib/python3.8/site-packages/airflow/example_dags/example_sensors.py
[2023-03-28T00:06:27.480+0200] {processor.py:743} INFO - Processing file /home/humbulani/miniconda3/envs/apache-airflow/lib/python3.8/site-packages/airflow/example_dags/example_sensors.py for tasks to queue
[2023-03-28T00:06:27.481+0200] {logging_mixin.py:137} INFO - [2023-03-28T00:06:27.481+0200] {dagbag.py:532} INFO - Filling up the DagBag from /home/humbulani/miniconda3/envs/apache-airflow/lib/python3.8/site-packages/airflow/example_dags/example_sensors.py
[2023-03-28T00:06:27.497+0200] {processor.py:753} INFO - DAG(s) dict_keys(['example_sensors']) retrieved from /home/humbulani/miniconda3/envs/apache-airflow/lib/python3.8/site-packages/airflow/example_dags/example_sensors.py
[2023-03-28T00:06:27.518+0200] {logging_mixin.py:137} INFO - [2023-03-28T00:06:27.518+0200] {dag.py:2693} INFO - Sync 1 DAGs
[2023-03-28T00:06:27.535+0200] {logging_mixin.py:137} INFO - [2023-03-28T00:06:27.535+0200] {dag.py:3440} INFO - Setting next_dagrun for example_sensors to None, run_after=None
[2023-03-28T00:06:27.625+0200] {processor.py:175} INFO - Processing /home/humbulani/miniconda3/envs/apache-airflow/lib/python3.8/site-packages/airflow/example_dags/example_sensors.py took 0.148 seconds
[2023-03-28T00:07:14.236+0200] {processor.py:153} INFO - Started process (PID=22804) to work on /home/humbulani/miniconda3/envs/apache-airflow/lib/python3.8/site-packages/airflow/example_dags/example_sensors.py
[2023-03-28T00:07:14.251+0200] {processor.py:743} INFO - Processing file /home/humbulani/miniconda3/envs/apache-airflow/lib/python3.8/site-packages/airflow/example_dags/example_sensors.py for tasks to queue
[2023-03-28T00:07:14.251+0200] {logging_mixin.py:137} INFO - [2023-03-28T00:07:14.251+0200] {dagbag.py:532} INFO - Filling up the DagBag from /home/humbulani/miniconda3/envs/apache-airflow/lib/python3.8/site-packages/airflow/example_dags/example_sensors.py
[2023-03-28T00:07:14.273+0200] {processor.py:753} INFO - DAG(s) dict_keys(['example_sensors']) retrieved from /home/humbulani/miniconda3/envs/apache-airflow/lib/python3.8/site-packages/airflow/example_dags/example_sensors.py
[2023-03-28T00:07:14.295+0200] {logging_mixin.py:137} INFO - [2023-03-28T00:07:14.295+0200] {dag.py:2693} INFO - Sync 1 DAGs
[2023-03-28T00:07:14.311+0200] {logging_mixin.py:137} INFO - [2023-03-28T00:07:14.311+0200] {dag.py:3440} INFO - Setting next_dagrun for example_sensors to None, run_after=None
[2023-03-28T00:07:14.401+0200] {processor.py:175} INFO - Processing /home/humbulani/miniconda3/envs/apache-airflow/lib/python3.8/site-packages/airflow/example_dags/example_sensors.py took 0.168 seconds
[2023-03-28T00:08:07.743+0200] {processor.py:153} INFO - Started process (PID=22904) to work on /home/humbulani/miniconda3/envs/apache-airflow/lib/python3.8/site-packages/airflow/example_dags/example_sensors.py
[2023-03-28T00:08:07.744+0200] {processor.py:743} INFO - Processing file /home/humbulani/miniconda3/envs/apache-airflow/lib/python3.8/site-packages/airflow/example_dags/example_sensors.py for tasks to queue
[2023-03-28T00:08:07.744+0200] {logging_mixin.py:137} INFO - [2023-03-28T00:08:07.744+0200] {dagbag.py:532} INFO - Filling up the DagBag from /home/humbulani/miniconda3/envs/apache-airflow/lib/python3.8/site-packages/airflow/example_dags/example_sensors.py
[2023-03-28T00:08:07.761+0200] {processor.py:753} INFO - DAG(s) dict_keys(['example_sensors']) retrieved from /home/humbulani/miniconda3/envs/apache-airflow/lib/python3.8/site-packages/airflow/example_dags/example_sensors.py
[2023-03-28T00:08:07.781+0200] {logging_mixin.py:137} INFO - [2023-03-28T00:08:07.780+0200] {dag.py:2693} INFO - Sync 1 DAGs
[2023-03-28T00:08:07.797+0200] {logging_mixin.py:137} INFO - [2023-03-28T00:08:07.797+0200] {dag.py:3440} INFO - Setting next_dagrun for example_sensors to None, run_after=None
[2023-03-28T00:08:07.958+0200] {processor.py:175} INFO - Processing /home/humbulani/miniconda3/envs/apache-airflow/lib/python3.8/site-packages/airflow/example_dags/example_sensors.py took 0.217 seconds
[2023-03-28T00:09:02.381+0200] {processor.py:153} INFO - Started process (PID=22962) to work on /home/humbulani/miniconda3/envs/apache-airflow/lib/python3.8/site-packages/airflow/example_dags/example_sensors.py
[2023-03-28T00:09:02.382+0200] {processor.py:743} INFO - Processing file /home/humbulani/miniconda3/envs/apache-airflow/lib/python3.8/site-packages/airflow/example_dags/example_sensors.py for tasks to queue
[2023-03-28T00:09:02.382+0200] {logging_mixin.py:137} INFO - [2023-03-28T00:09:02.382+0200] {dagbag.py:532} INFO - Filling up the DagBag from /home/humbulani/miniconda3/envs/apache-airflow/lib/python3.8/site-packages/airflow/example_dags/example_sensors.py
[2023-03-28T00:09:02.400+0200] {processor.py:753} INFO - DAG(s) dict_keys(['example_sensors']) retrieved from /home/humbulani/miniconda3/envs/apache-airflow/lib/python3.8/site-packages/airflow/example_dags/example_sensors.py
[2023-03-28T00:09:02.422+0200] {logging_mixin.py:137} INFO - [2023-03-28T00:09:02.422+0200] {dag.py:2693} INFO - Sync 1 DAGs
[2023-03-28T00:09:02.518+0200] {logging_mixin.py:137} INFO - [2023-03-28T00:09:02.518+0200] {dag.py:3440} INFO - Setting next_dagrun for example_sensors to None, run_after=None
[2023-03-28T00:09:02.599+0200] {processor.py:175} INFO - Processing /home/humbulani/miniconda3/envs/apache-airflow/lib/python3.8/site-packages/airflow/example_dags/example_sensors.py took 0.220 seconds
[2023-03-28T00:10:02.423+0200] {processor.py:153} INFO - Started process (PID=23017) to work on /home/humbulani/miniconda3/envs/apache-airflow/lib/python3.8/site-packages/airflow/example_dags/example_sensors.py
[2023-03-28T00:10:02.440+0200] {processor.py:743} INFO - Processing file /home/humbulani/miniconda3/envs/apache-airflow/lib/python3.8/site-packages/airflow/example_dags/example_sensors.py for tasks to queue
[2023-03-28T00:10:02.441+0200] {logging_mixin.py:137} INFO - [2023-03-28T00:10:02.441+0200] {dagbag.py:532} INFO - Filling up the DagBag from /home/humbulani/miniconda3/envs/apache-airflow/lib/python3.8/site-packages/airflow/example_dags/example_sensors.py
[2023-03-28T00:10:02.459+0200] {processor.py:753} INFO - DAG(s) dict_keys(['example_sensors']) retrieved from /home/humbulani/miniconda3/envs/apache-airflow/lib/python3.8/site-packages/airflow/example_dags/example_sensors.py
[2023-03-28T00:10:02.559+0200] {logging_mixin.py:137} INFO - [2023-03-28T00:10:02.559+0200] {dag.py:2693} INFO - Sync 1 DAGs
[2023-03-28T00:10:02.574+0200] {logging_mixin.py:137} INFO - [2023-03-28T00:10:02.574+0200] {dag.py:3440} INFO - Setting next_dagrun for example_sensors to None, run_after=None
[2023-03-28T00:10:02.654+0200] {processor.py:175} INFO - Processing /home/humbulani/miniconda3/envs/apache-airflow/lib/python3.8/site-packages/airflow/example_dags/example_sensors.py took 0.234 seconds
[2023-03-28T00:11:02.808+0200] {processor.py:153} INFO - Started process (PID=23069) to work on /home/humbulani/miniconda3/envs/apache-airflow/lib/python3.8/site-packages/airflow/example_dags/example_sensors.py
[2023-03-28T00:11:02.809+0200] {processor.py:743} INFO - Processing file /home/humbulani/miniconda3/envs/apache-airflow/lib/python3.8/site-packages/airflow/example_dags/example_sensors.py for tasks to queue
[2023-03-28T00:11:02.810+0200] {logging_mixin.py:137} INFO - [2023-03-28T00:11:02.809+0200] {dagbag.py:532} INFO - Filling up the DagBag from /home/humbulani/miniconda3/envs/apache-airflow/lib/python3.8/site-packages/airflow/example_dags/example_sensors.py
[2023-03-28T00:11:02.909+0200] {processor.py:753} INFO - DAG(s) dict_keys(['example_sensors']) retrieved from /home/humbulani/miniconda3/envs/apache-airflow/lib/python3.8/site-packages/airflow/example_dags/example_sensors.py
[2023-03-28T00:11:02.926+0200] {logging_mixin.py:137} INFO - [2023-03-28T00:11:02.926+0200] {dag.py:2693} INFO - Sync 1 DAGs
[2023-03-28T00:11:02.941+0200] {logging_mixin.py:137} INFO - [2023-03-28T00:11:02.941+0200] {dag.py:3440} INFO - Setting next_dagrun for example_sensors to None, run_after=None
[2023-03-28T00:11:03.024+0200] {processor.py:175} INFO - Processing /home/humbulani/miniconda3/envs/apache-airflow/lib/python3.8/site-packages/airflow/example_dags/example_sensors.py took 0.219 seconds
[2023-03-28T00:11:45.984+0200] {processor.py:153} INFO - Started process (PID=23106) to work on /home/humbulani/miniconda3/envs/apache-airflow/lib/python3.8/site-packages/airflow/example_dags/example_sensors.py
[2023-03-28T00:11:45.985+0200] {processor.py:743} INFO - Processing file /home/humbulani/miniconda3/envs/apache-airflow/lib/python3.8/site-packages/airflow/example_dags/example_sensors.py for tasks to queue
[2023-03-28T00:11:45.985+0200] {logging_mixin.py:137} INFO - [2023-03-28T00:11:45.985+0200] {dagbag.py:532} INFO - Filling up the DagBag from /home/humbulani/miniconda3/envs/apache-airflow/lib/python3.8/site-packages/airflow/example_dags/example_sensors.py
[2023-03-28T00:11:46.113+0200] {processor.py:753} INFO - DAG(s) dict_keys(['example_sensors']) retrieved from /home/humbulani/miniconda3/envs/apache-airflow/lib/python3.8/site-packages/airflow/example_dags/example_sensors.py
[2023-03-28T00:11:46.137+0200] {logging_mixin.py:137} INFO - [2023-03-28T00:11:46.136+0200] {dag.py:2693} INFO - Sync 1 DAGs
[2023-03-28T00:11:46.160+0200] {logging_mixin.py:137} INFO - [2023-03-28T00:11:46.159+0200] {dag.py:3440} INFO - Setting next_dagrun for example_sensors to None, run_after=None
[2023-03-28T00:11:46.251+0200] {processor.py:175} INFO - Processing /home/humbulani/miniconda3/envs/apache-airflow/lib/python3.8/site-packages/airflow/example_dags/example_sensors.py took 0.270 seconds
[2023-03-28T00:12:32.988+0200] {processor.py:153} INFO - Started process (PID=23145) to work on /home/humbulani/miniconda3/envs/apache-airflow/lib/python3.8/site-packages/airflow/example_dags/example_sensors.py
[2023-03-28T00:12:33.009+0200] {processor.py:743} INFO - Processing file /home/humbulani/miniconda3/envs/apache-airflow/lib/python3.8/site-packages/airflow/example_dags/example_sensors.py for tasks to queue
[2023-03-28T00:12:33.010+0200] {logging_mixin.py:137} INFO - [2023-03-28T00:12:33.009+0200] {dagbag.py:532} INFO - Filling up the DagBag from /home/humbulani/miniconda3/envs/apache-airflow/lib/python3.8/site-packages/airflow/example_dags/example_sensors.py
[2023-03-28T00:12:33.032+0200] {processor.py:753} INFO - DAG(s) dict_keys(['example_sensors']) retrieved from /home/humbulani/miniconda3/envs/apache-airflow/lib/python3.8/site-packages/airflow/example_dags/example_sensors.py
[2023-03-28T00:12:33.055+0200] {logging_mixin.py:137} INFO - [2023-03-28T00:12:33.055+0200] {dag.py:2693} INFO - Sync 1 DAGs
[2023-03-28T00:12:33.073+0200] {logging_mixin.py:137} INFO - [2023-03-28T00:12:33.072+0200] {dag.py:3440} INFO - Setting next_dagrun for example_sensors to None, run_after=None
[2023-03-28T00:12:33.154+0200] {processor.py:175} INFO - Processing /home/humbulani/miniconda3/envs/apache-airflow/lib/python3.8/site-packages/airflow/example_dags/example_sensors.py took 0.169 seconds
[2023-03-28T00:13:19.151+0200] {processor.py:153} INFO - Started process (PID=23218) to work on /home/humbulani/miniconda3/envs/apache-airflow/lib/python3.8/site-packages/airflow/example_dags/example_sensors.py
[2023-03-28T00:13:19.152+0200] {processor.py:743} INFO - Processing file /home/humbulani/miniconda3/envs/apache-airflow/lib/python3.8/site-packages/airflow/example_dags/example_sensors.py for tasks to queue
[2023-03-28T00:13:19.153+0200] {logging_mixin.py:137} INFO - [2023-03-28T00:13:19.153+0200] {dagbag.py:532} INFO - Filling up the DagBag from /home/humbulani/miniconda3/envs/apache-airflow/lib/python3.8/site-packages/airflow/example_dags/example_sensors.py
[2023-03-28T00:13:19.171+0200] {processor.py:753} INFO - DAG(s) dict_keys(['example_sensors']) retrieved from /home/humbulani/miniconda3/envs/apache-airflow/lib/python3.8/site-packages/airflow/example_dags/example_sensors.py
[2023-03-28T00:13:19.193+0200] {logging_mixin.py:137} INFO - [2023-03-28T00:13:19.193+0200] {dag.py:2693} INFO - Sync 1 DAGs
[2023-03-28T00:13:19.216+0200] {logging_mixin.py:137} INFO - [2023-03-28T00:13:19.216+0200] {dag.py:3440} INFO - Setting next_dagrun for example_sensors to None, run_after=None
[2023-03-28T00:13:19.307+0200] {processor.py:175} INFO - Processing /home/humbulani/miniconda3/envs/apache-airflow/lib/python3.8/site-packages/airflow/example_dags/example_sensors.py took 0.158 seconds
[2023-03-28T00:14:03.372+0200] {processor.py:153} INFO - Started process (PID=23268) to work on /home/humbulani/miniconda3/envs/apache-airflow/lib/python3.8/site-packages/airflow/example_dags/example_sensors.py
[2023-03-28T00:14:03.373+0200] {processor.py:743} INFO - Processing file /home/humbulani/miniconda3/envs/apache-airflow/lib/python3.8/site-packages/airflow/example_dags/example_sensors.py for tasks to queue
[2023-03-28T00:14:03.373+0200] {logging_mixin.py:137} INFO - [2023-03-28T00:14:03.373+0200] {dagbag.py:532} INFO - Filling up the DagBag from /home/humbulani/miniconda3/envs/apache-airflow/lib/python3.8/site-packages/airflow/example_dags/example_sensors.py
[2023-03-28T00:14:03.394+0200] {processor.py:753} INFO - DAG(s) dict_keys(['example_sensors']) retrieved from /home/humbulani/miniconda3/envs/apache-airflow/lib/python3.8/site-packages/airflow/example_dags/example_sensors.py
[2023-03-28T00:14:03.414+0200] {logging_mixin.py:137} INFO - [2023-03-28T00:14:03.414+0200] {dag.py:2693} INFO - Sync 1 DAGs
[2023-03-28T00:14:03.431+0200] {logging_mixin.py:137} INFO - [2023-03-28T00:14:03.431+0200] {dag.py:3440} INFO - Setting next_dagrun for example_sensors to None, run_after=None
[2023-03-28T00:14:03.521+0200] {processor.py:175} INFO - Processing /home/humbulani/miniconda3/envs/apache-airflow/lib/python3.8/site-packages/airflow/example_dags/example_sensors.py took 0.152 seconds
[2023-03-28T00:14:51.277+0200] {processor.py:153} INFO - Started process (PID=23317) to work on /home/humbulani/miniconda3/envs/apache-airflow/lib/python3.8/site-packages/airflow/example_dags/example_sensors.py
[2023-03-28T00:14:51.290+0200] {processor.py:743} INFO - Processing file /home/humbulani/miniconda3/envs/apache-airflow/lib/python3.8/site-packages/airflow/example_dags/example_sensors.py for tasks to queue
[2023-03-28T00:14:51.291+0200] {logging_mixin.py:137} INFO - [2023-03-28T00:14:51.291+0200] {dagbag.py:532} INFO - Filling up the DagBag from /home/humbulani/miniconda3/envs/apache-airflow/lib/python3.8/site-packages/airflow/example_dags/example_sensors.py
[2023-03-28T00:14:51.309+0200] {processor.py:753} INFO - DAG(s) dict_keys(['example_sensors']) retrieved from /home/humbulani/miniconda3/envs/apache-airflow/lib/python3.8/site-packages/airflow/example_dags/example_sensors.py
[2023-03-28T00:14:51.330+0200] {logging_mixin.py:137} INFO - [2023-03-28T00:14:51.330+0200] {dag.py:2693} INFO - Sync 1 DAGs
[2023-03-28T00:14:51.346+0200] {logging_mixin.py:137} INFO - [2023-03-28T00:14:51.346+0200] {dag.py:3440} INFO - Setting next_dagrun for example_sensors to None, run_after=None
[2023-03-28T00:14:51.425+0200] {processor.py:175} INFO - Processing /home/humbulani/miniconda3/envs/apache-airflow/lib/python3.8/site-packages/airflow/example_dags/example_sensors.py took 0.151 seconds
[2023-03-28T00:15:38.039+0200] {processor.py:153} INFO - Started process (PID=23388) to work on /home/humbulani/miniconda3/envs/apache-airflow/lib/python3.8/site-packages/airflow/example_dags/example_sensors.py
[2023-03-28T00:15:38.040+0200] {processor.py:743} INFO - Processing file /home/humbulani/miniconda3/envs/apache-airflow/lib/python3.8/site-packages/airflow/example_dags/example_sensors.py for tasks to queue
[2023-03-28T00:15:38.040+0200] {logging_mixin.py:137} INFO - [2023-03-28T00:15:38.040+0200] {dagbag.py:532} INFO - Filling up the DagBag from /home/humbulani/miniconda3/envs/apache-airflow/lib/python3.8/site-packages/airflow/example_dags/example_sensors.py
[2023-03-28T00:15:38.061+0200] {processor.py:753} INFO - DAG(s) dict_keys(['example_sensors']) retrieved from /home/humbulani/miniconda3/envs/apache-airflow/lib/python3.8/site-packages/airflow/example_dags/example_sensors.py
[2023-03-28T00:15:38.085+0200] {logging_mixin.py:137} INFO - [2023-03-28T00:15:38.085+0200] {dag.py:2693} INFO - Sync 1 DAGs
[2023-03-28T00:15:38.107+0200] {logging_mixin.py:137} INFO - [2023-03-28T00:15:38.107+0200] {dag.py:3440} INFO - Setting next_dagrun for example_sensors to None, run_after=None
[2023-03-28T00:15:38.208+0200] {processor.py:175} INFO - Processing /home/humbulani/miniconda3/envs/apache-airflow/lib/python3.8/site-packages/airflow/example_dags/example_sensors.py took 0.172 seconds
[2023-03-28T00:16:23.980+0200] {processor.py:153} INFO - Started process (PID=23454) to work on /home/humbulani/miniconda3/envs/apache-airflow/lib/python3.8/site-packages/airflow/example_dags/example_sensors.py
[2023-03-28T00:16:23.981+0200] {processor.py:743} INFO - Processing file /home/humbulani/miniconda3/envs/apache-airflow/lib/python3.8/site-packages/airflow/example_dags/example_sensors.py for tasks to queue
[2023-03-28T00:16:23.981+0200] {logging_mixin.py:137} INFO - [2023-03-28T00:16:23.981+0200] {dagbag.py:532} INFO - Filling up the DagBag from /home/humbulani/miniconda3/envs/apache-airflow/lib/python3.8/site-packages/airflow/example_dags/example_sensors.py
[2023-03-28T00:16:24.000+0200] {processor.py:753} INFO - DAG(s) dict_keys(['example_sensors']) retrieved from /home/humbulani/miniconda3/envs/apache-airflow/lib/python3.8/site-packages/airflow/example_dags/example_sensors.py
[2023-03-28T00:16:24.020+0200] {logging_mixin.py:137} INFO - [2023-03-28T00:16:24.020+0200] {dag.py:2693} INFO - Sync 1 DAGs
[2023-03-28T00:16:24.040+0200] {logging_mixin.py:137} INFO - [2023-03-28T00:16:24.039+0200] {dag.py:3440} INFO - Setting next_dagrun for example_sensors to None, run_after=None
[2023-03-28T00:16:24.125+0200] {processor.py:175} INFO - Processing /home/humbulani/miniconda3/envs/apache-airflow/lib/python3.8/site-packages/airflow/example_dags/example_sensors.py took 0.148 seconds
[2023-03-28T00:17:01.008+0200] {processor.py:153} INFO - Started process (PID=23539) to work on /home/humbulani/miniconda3/envs/apache-airflow/lib/python3.8/site-packages/airflow/example_dags/example_sensors.py
[2023-03-28T00:17:01.025+0200] {processor.py:743} INFO - Processing file /home/humbulani/miniconda3/envs/apache-airflow/lib/python3.8/site-packages/airflow/example_dags/example_sensors.py for tasks to queue
[2023-03-28T00:17:01.026+0200] {logging_mixin.py:137} INFO - [2023-03-28T00:17:01.026+0200] {dagbag.py:532} INFO - Filling up the DagBag from /home/humbulani/miniconda3/envs/apache-airflow/lib/python3.8/site-packages/airflow/example_dags/example_sensors.py
[2023-03-28T00:17:01.048+0200] {processor.py:753} INFO - DAG(s) dict_keys(['example_sensors']) retrieved from /home/humbulani/miniconda3/envs/apache-airflow/lib/python3.8/site-packages/airflow/example_dags/example_sensors.py
[2023-03-28T00:17:01.071+0200] {logging_mixin.py:137} INFO - [2023-03-28T00:17:01.071+0200] {dag.py:2693} INFO - Sync 1 DAGs
[2023-03-28T00:17:01.089+0200] {logging_mixin.py:137} INFO - [2023-03-28T00:17:01.088+0200] {dag.py:3440} INFO - Setting next_dagrun for example_sensors to None, run_after=None
[2023-03-28T00:17:01.190+0200] {processor.py:175} INFO - Processing /home/humbulani/miniconda3/envs/apache-airflow/lib/python3.8/site-packages/airflow/example_dags/example_sensors.py took 0.185 seconds
[2023-03-28T00:17:46.761+0200] {processor.py:153} INFO - Started process (PID=23615) to work on /home/humbulani/miniconda3/envs/apache-airflow/lib/python3.8/site-packages/airflow/example_dags/example_sensors.py
[2023-03-28T00:17:46.782+0200] {processor.py:743} INFO - Processing file /home/humbulani/miniconda3/envs/apache-airflow/lib/python3.8/site-packages/airflow/example_dags/example_sensors.py for tasks to queue
[2023-03-28T00:17:46.783+0200] {logging_mixin.py:137} INFO - [2023-03-28T00:17:46.783+0200] {dagbag.py:532} INFO - Filling up the DagBag from /home/humbulani/miniconda3/envs/apache-airflow/lib/python3.8/site-packages/airflow/example_dags/example_sensors.py
[2023-03-28T00:17:46.800+0200] {processor.py:753} INFO - DAG(s) dict_keys(['example_sensors']) retrieved from /home/humbulani/miniconda3/envs/apache-airflow/lib/python3.8/site-packages/airflow/example_dags/example_sensors.py
[2023-03-28T00:17:46.820+0200] {logging_mixin.py:137} INFO - [2023-03-28T00:17:46.820+0200] {dag.py:2693} INFO - Sync 1 DAGs
[2023-03-28T00:17:46.837+0200] {logging_mixin.py:137} INFO - [2023-03-28T00:17:46.837+0200] {dag.py:3440} INFO - Setting next_dagrun for example_sensors to None, run_after=None
[2023-03-28T00:17:46.918+0200] {processor.py:175} INFO - Processing /home/humbulani/miniconda3/envs/apache-airflow/lib/python3.8/site-packages/airflow/example_dags/example_sensors.py took 0.160 seconds
[2023-03-28T00:18:31.480+0200] {processor.py:153} INFO - Started process (PID=23658) to work on /home/humbulani/miniconda3/envs/apache-airflow/lib/python3.8/site-packages/airflow/example_dags/example_sensors.py
[2023-03-28T00:18:31.483+0200] {processor.py:743} INFO - Processing file /home/humbulani/miniconda3/envs/apache-airflow/lib/python3.8/site-packages/airflow/example_dags/example_sensors.py for tasks to queue
[2023-03-28T00:18:31.483+0200] {logging_mixin.py:137} INFO - [2023-03-28T00:18:31.483+0200] {dagbag.py:532} INFO - Filling up the DagBag from /home/humbulani/miniconda3/envs/apache-airflow/lib/python3.8/site-packages/airflow/example_dags/example_sensors.py
[2023-03-28T00:18:31.501+0200] {processor.py:753} INFO - DAG(s) dict_keys(['example_sensors']) retrieved from /home/humbulani/miniconda3/envs/apache-airflow/lib/python3.8/site-packages/airflow/example_dags/example_sensors.py
[2023-03-28T00:18:31.529+0200] {logging_mixin.py:137} INFO - [2023-03-28T00:18:31.529+0200] {dag.py:2693} INFO - Sync 1 DAGs
[2023-03-28T00:18:31.546+0200] {logging_mixin.py:137} INFO - [2023-03-28T00:18:31.546+0200] {dag.py:3440} INFO - Setting next_dagrun for example_sensors to None, run_after=None
[2023-03-28T00:18:31.633+0200] {processor.py:175} INFO - Processing /home/humbulani/miniconda3/envs/apache-airflow/lib/python3.8/site-packages/airflow/example_dags/example_sensors.py took 0.156 seconds
[2023-03-28T00:19:19.278+0200] {processor.py:153} INFO - Started process (PID=23703) to work on /home/humbulani/miniconda3/envs/apache-airflow/lib/python3.8/site-packages/airflow/example_dags/example_sensors.py
[2023-03-28T00:19:19.279+0200] {processor.py:743} INFO - Processing file /home/humbulani/miniconda3/envs/apache-airflow/lib/python3.8/site-packages/airflow/example_dags/example_sensors.py for tasks to queue
[2023-03-28T00:19:19.279+0200] {logging_mixin.py:137} INFO - [2023-03-28T00:19:19.279+0200] {dagbag.py:532} INFO - Filling up the DagBag from /home/humbulani/miniconda3/envs/apache-airflow/lib/python3.8/site-packages/airflow/example_dags/example_sensors.py
[2023-03-28T00:19:19.297+0200] {processor.py:753} INFO - DAG(s) dict_keys(['example_sensors']) retrieved from /home/humbulani/miniconda3/envs/apache-airflow/lib/python3.8/site-packages/airflow/example_dags/example_sensors.py
[2023-03-28T00:19:19.318+0200] {logging_mixin.py:137} INFO - [2023-03-28T00:19:19.318+0200] {dag.py:2693} INFO - Sync 1 DAGs
[2023-03-28T00:19:19.335+0200] {logging_mixin.py:137} INFO - [2023-03-28T00:19:19.335+0200] {dag.py:3440} INFO - Setting next_dagrun for example_sensors to None, run_after=None
[2023-03-28T00:19:19.433+0200] {processor.py:175} INFO - Processing /home/humbulani/miniconda3/envs/apache-airflow/lib/python3.8/site-packages/airflow/example_dags/example_sensors.py took 0.157 seconds
[2023-03-28T00:20:06.815+0200] {processor.py:153} INFO - Started process (PID=23753) to work on /home/humbulani/miniconda3/envs/apache-airflow/lib/python3.8/site-packages/airflow/example_dags/example_sensors.py
[2023-03-28T00:20:06.829+0200] {processor.py:743} INFO - Processing file /home/humbulani/miniconda3/envs/apache-airflow/lib/python3.8/site-packages/airflow/example_dags/example_sensors.py for tasks to queue
[2023-03-28T00:20:06.829+0200] {logging_mixin.py:137} INFO - [2023-03-28T00:20:06.829+0200] {dagbag.py:532} INFO - Filling up the DagBag from /home/humbulani/miniconda3/envs/apache-airflow/lib/python3.8/site-packages/airflow/example_dags/example_sensors.py
[2023-03-28T00:20:06.852+0200] {processor.py:753} INFO - DAG(s) dict_keys(['example_sensors']) retrieved from /home/humbulani/miniconda3/envs/apache-airflow/lib/python3.8/site-packages/airflow/example_dags/example_sensors.py
[2023-03-28T00:20:06.874+0200] {logging_mixin.py:137} INFO - [2023-03-28T00:20:06.874+0200] {dag.py:2693} INFO - Sync 1 DAGs
[2023-03-28T00:20:06.893+0200] {logging_mixin.py:137} INFO - [2023-03-28T00:20:06.893+0200] {dag.py:3440} INFO - Setting next_dagrun for example_sensors to None, run_after=None
[2023-03-28T00:20:06.980+0200] {processor.py:175} INFO - Processing /home/humbulani/miniconda3/envs/apache-airflow/lib/python3.8/site-packages/airflow/example_dags/example_sensors.py took 0.169 seconds
[2023-03-28T00:20:55.002+0200] {processor.py:153} INFO - Started process (PID=23795) to work on /home/humbulani/miniconda3/envs/apache-airflow/lib/python3.8/site-packages/airflow/example_dags/example_sensors.py
[2023-03-28T00:20:55.014+0200] {processor.py:743} INFO - Processing file /home/humbulani/miniconda3/envs/apache-airflow/lib/python3.8/site-packages/airflow/example_dags/example_sensors.py for tasks to queue
[2023-03-28T00:20:55.015+0200] {logging_mixin.py:137} INFO - [2023-03-28T00:20:55.014+0200] {dagbag.py:532} INFO - Filling up the DagBag from /home/humbulani/miniconda3/envs/apache-airflow/lib/python3.8/site-packages/airflow/example_dags/example_sensors.py
[2023-03-28T00:20:55.034+0200] {processor.py:753} INFO - DAG(s) dict_keys(['example_sensors']) retrieved from /home/humbulani/miniconda3/envs/apache-airflow/lib/python3.8/site-packages/airflow/example_dags/example_sensors.py
[2023-03-28T00:20:55.059+0200] {logging_mixin.py:137} INFO - [2023-03-28T00:20:55.058+0200] {dag.py:2693} INFO - Sync 1 DAGs
[2023-03-28T00:20:55.090+0200] {logging_mixin.py:137} INFO - [2023-03-28T00:20:55.090+0200] {dag.py:3440} INFO - Setting next_dagrun for example_sensors to None, run_after=None
[2023-03-28T00:20:55.168+0200] {processor.py:175} INFO - Processing /home/humbulani/miniconda3/envs/apache-airflow/lib/python3.8/site-packages/airflow/example_dags/example_sensors.py took 0.168 seconds
[2023-03-28T00:21:53.539+0200] {processor.py:153} INFO - Started process (PID=23862) to work on /home/humbulani/miniconda3/envs/apache-airflow/lib/python3.8/site-packages/airflow/example_dags/example_sensors.py
[2023-03-28T00:21:53.554+0200] {processor.py:743} INFO - Processing file /home/humbulani/miniconda3/envs/apache-airflow/lib/python3.8/site-packages/airflow/example_dags/example_sensors.py for tasks to queue
[2023-03-28T00:21:53.555+0200] {logging_mixin.py:137} INFO - [2023-03-28T00:21:53.555+0200] {dagbag.py:532} INFO - Filling up the DagBag from /home/humbulani/miniconda3/envs/apache-airflow/lib/python3.8/site-packages/airflow/example_dags/example_sensors.py
[2023-03-28T00:21:53.572+0200] {processor.py:753} INFO - DAG(s) dict_keys(['example_sensors']) retrieved from /home/humbulani/miniconda3/envs/apache-airflow/lib/python3.8/site-packages/airflow/example_dags/example_sensors.py
[2023-03-28T00:21:53.594+0200] {logging_mixin.py:137} INFO - [2023-03-28T00:21:53.594+0200] {dag.py:2693} INFO - Sync 1 DAGs
[2023-03-28T00:21:53.611+0200] {logging_mixin.py:137} INFO - [2023-03-28T00:21:53.611+0200] {dag.py:3440} INFO - Setting next_dagrun for example_sensors to None, run_after=None
[2023-03-28T00:21:53.694+0200] {processor.py:175} INFO - Processing /home/humbulani/miniconda3/envs/apache-airflow/lib/python3.8/site-packages/airflow/example_dags/example_sensors.py took 0.157 seconds
