[2023-03-28T00:04:20.501+0200] {processor.py:153} INFO - Started process (PID=22559) to work on /home/humbulani/miniconda3/envs/apache-airflow/lib/python3.8/site-packages/airflow/example_dags/example_branch_labels.py
[2023-03-28T00:04:20.501+0200] {processor.py:743} INFO - Processing file /home/humbulani/miniconda3/envs/apache-airflow/lib/python3.8/site-packages/airflow/example_dags/example_branch_labels.py for tasks to queue
[2023-03-28T00:04:20.502+0200] {logging_mixin.py:137} INFO - [2023-03-28T00:04:20.502+0200] {dagbag.py:532} INFO - Filling up the DagBag from /home/humbulani/miniconda3/envs/apache-airflow/lib/python3.8/site-packages/airflow/example_dags/example_branch_labels.py
[2023-03-28T00:04:20.514+0200] {processor.py:753} INFO - DAG(s) dict_keys(['example_branch_labels']) retrieved from /home/humbulani/miniconda3/envs/apache-airflow/lib/python3.8/site-packages/airflow/example_dags/example_branch_labels.py
[2023-03-28T00:04:20.531+0200] {logging_mixin.py:137} INFO - [2023-03-28T00:04:20.531+0200] {dag.py:2693} INFO - Sync 1 DAGs
[2023-03-28T00:04:20.549+0200] {logging_mixin.py:137} INFO - [2023-03-28T00:04:20.549+0200] {dag.py:3440} INFO - Setting next_dagrun for example_branch_labels to 2023-03-26T00:00:00+00:00, run_after=2023-03-27T00:00:00+00:00
[2023-03-28T00:04:20.644+0200] {processor.py:175} INFO - Processing /home/humbulani/miniconda3/envs/apache-airflow/lib/python3.8/site-packages/airflow/example_dags/example_branch_labels.py took 0.145 seconds
[2023-03-28T00:05:11.527+0200] {processor.py:153} INFO - Started process (PID=22609) to work on /home/humbulani/miniconda3/envs/apache-airflow/lib/python3.8/site-packages/airflow/example_dags/example_branch_labels.py
[2023-03-28T00:05:11.528+0200] {processor.py:743} INFO - Processing file /home/humbulani/miniconda3/envs/apache-airflow/lib/python3.8/site-packages/airflow/example_dags/example_branch_labels.py for tasks to queue
[2023-03-28T00:05:11.529+0200] {logging_mixin.py:137} INFO - [2023-03-28T00:05:11.529+0200] {dagbag.py:532} INFO - Filling up the DagBag from /home/humbulani/miniconda3/envs/apache-airflow/lib/python3.8/site-packages/airflow/example_dags/example_branch_labels.py
[2023-03-28T00:05:11.545+0200] {processor.py:753} INFO - DAG(s) dict_keys(['example_branch_labels']) retrieved from /home/humbulani/miniconda3/envs/apache-airflow/lib/python3.8/site-packages/airflow/example_dags/example_branch_labels.py
[2023-03-28T00:05:11.563+0200] {logging_mixin.py:137} INFO - [2023-03-28T00:05:11.563+0200] {dag.py:2693} INFO - Sync 1 DAGs
[2023-03-28T00:05:11.582+0200] {logging_mixin.py:137} INFO - [2023-03-28T00:05:11.582+0200] {dag.py:3440} INFO - Setting next_dagrun for example_branch_labels to 2023-03-26T00:00:00+00:00, run_after=2023-03-27T00:00:00+00:00
[2023-03-28T00:05:11.686+0200] {processor.py:175} INFO - Processing /home/humbulani/miniconda3/envs/apache-airflow/lib/python3.8/site-packages/airflow/example_dags/example_branch_labels.py took 0.162 seconds
[2023-03-28T00:06:01.674+0200] {processor.py:153} INFO - Started process (PID=22729) to work on /home/humbulani/miniconda3/envs/apache-airflow/lib/python3.8/site-packages/airflow/example_dags/example_branch_labels.py
[2023-03-28T00:06:01.687+0200] {processor.py:743} INFO - Processing file /home/humbulani/miniconda3/envs/apache-airflow/lib/python3.8/site-packages/airflow/example_dags/example_branch_labels.py for tasks to queue
[2023-03-28T00:06:01.688+0200] {logging_mixin.py:137} INFO - [2023-03-28T00:06:01.688+0200] {dagbag.py:532} INFO - Filling up the DagBag from /home/humbulani/miniconda3/envs/apache-airflow/lib/python3.8/site-packages/airflow/example_dags/example_branch_labels.py
[2023-03-28T00:06:01.701+0200] {processor.py:753} INFO - DAG(s) dict_keys(['example_branch_labels']) retrieved from /home/humbulani/miniconda3/envs/apache-airflow/lib/python3.8/site-packages/airflow/example_dags/example_branch_labels.py
[2023-03-28T00:06:01.718+0200] {logging_mixin.py:137} INFO - [2023-03-28T00:06:01.718+0200] {dag.py:2693} INFO - Sync 1 DAGs
[2023-03-28T00:06:01.737+0200] {logging_mixin.py:137} INFO - [2023-03-28T00:06:01.737+0200] {dag.py:3440} INFO - Setting next_dagrun for example_branch_labels to 2023-03-26T00:00:00+00:00, run_after=2023-03-27T00:00:00+00:00
[2023-03-28T00:06:01.823+0200] {processor.py:175} INFO - Processing /home/humbulani/miniconda3/envs/apache-airflow/lib/python3.8/site-packages/airflow/example_dags/example_branch_labels.py took 0.151 seconds
[2023-03-28T00:06:47.660+0200] {processor.py:153} INFO - Started process (PID=22777) to work on /home/humbulani/miniconda3/envs/apache-airflow/lib/python3.8/site-packages/airflow/example_dags/example_branch_labels.py
[2023-03-28T00:06:47.661+0200] {processor.py:743} INFO - Processing file /home/humbulani/miniconda3/envs/apache-airflow/lib/python3.8/site-packages/airflow/example_dags/example_branch_labels.py for tasks to queue
[2023-03-28T00:06:47.661+0200] {logging_mixin.py:137} INFO - [2023-03-28T00:06:47.661+0200] {dagbag.py:532} INFO - Filling up the DagBag from /home/humbulani/miniconda3/envs/apache-airflow/lib/python3.8/site-packages/airflow/example_dags/example_branch_labels.py
[2023-03-28T00:06:47.674+0200] {processor.py:753} INFO - DAG(s) dict_keys(['example_branch_labels']) retrieved from /home/humbulani/miniconda3/envs/apache-airflow/lib/python3.8/site-packages/airflow/example_dags/example_branch_labels.py
[2023-03-28T00:06:47.692+0200] {logging_mixin.py:137} INFO - [2023-03-28T00:06:47.692+0200] {dag.py:2693} INFO - Sync 1 DAGs
[2023-03-28T00:06:47.711+0200] {logging_mixin.py:137} INFO - [2023-03-28T00:06:47.711+0200] {dag.py:3440} INFO - Setting next_dagrun for example_branch_labels to 2023-03-26T00:00:00+00:00, run_after=2023-03-27T00:00:00+00:00
[2023-03-28T00:06:47.791+0200] {processor.py:175} INFO - Processing /home/humbulani/miniconda3/envs/apache-airflow/lib/python3.8/site-packages/airflow/example_dags/example_branch_labels.py took 0.133 seconds
[2023-03-28T00:07:37.189+0200] {processor.py:153} INFO - Started process (PID=22824) to work on /home/humbulani/miniconda3/envs/apache-airflow/lib/python3.8/site-packages/airflow/example_dags/example_branch_labels.py
[2023-03-28T00:07:37.206+0200] {processor.py:743} INFO - Processing file /home/humbulani/miniconda3/envs/apache-airflow/lib/python3.8/site-packages/airflow/example_dags/example_branch_labels.py for tasks to queue
[2023-03-28T00:07:37.207+0200] {logging_mixin.py:137} INFO - [2023-03-28T00:07:37.206+0200] {dagbag.py:532} INFO - Filling up the DagBag from /home/humbulani/miniconda3/envs/apache-airflow/lib/python3.8/site-packages/airflow/example_dags/example_branch_labels.py
[2023-03-28T00:07:37.221+0200] {processor.py:753} INFO - DAG(s) dict_keys(['example_branch_labels']) retrieved from /home/humbulani/miniconda3/envs/apache-airflow/lib/python3.8/site-packages/airflow/example_dags/example_branch_labels.py
[2023-03-28T00:07:37.242+0200] {logging_mixin.py:137} INFO - [2023-03-28T00:07:37.242+0200] {dag.py:2693} INFO - Sync 1 DAGs
[2023-03-28T00:07:37.266+0200] {logging_mixin.py:137} INFO - [2023-03-28T00:07:37.265+0200] {dag.py:3440} INFO - Setting next_dagrun for example_branch_labels to 2023-03-26T00:00:00+00:00, run_after=2023-03-27T00:00:00+00:00
[2023-03-28T00:07:37.345+0200] {processor.py:175} INFO - Processing /home/humbulani/miniconda3/envs/apache-airflow/lib/python3.8/site-packages/airflow/example_dags/example_branch_labels.py took 0.159 seconds
[2023-03-28T00:08:29.107+0200] {processor.py:153} INFO - Started process (PID=22925) to work on /home/humbulani/miniconda3/envs/apache-airflow/lib/python3.8/site-packages/airflow/example_dags/example_branch_labels.py
[2023-03-28T00:08:29.117+0200] {processor.py:743} INFO - Processing file /home/humbulani/miniconda3/envs/apache-airflow/lib/python3.8/site-packages/airflow/example_dags/example_branch_labels.py for tasks to queue
[2023-03-28T00:08:29.118+0200] {logging_mixin.py:137} INFO - [2023-03-28T00:08:29.118+0200] {dagbag.py:532} INFO - Filling up the DagBag from /home/humbulani/miniconda3/envs/apache-airflow/lib/python3.8/site-packages/airflow/example_dags/example_branch_labels.py
[2023-03-28T00:08:29.134+0200] {processor.py:753} INFO - DAG(s) dict_keys(['example_branch_labels']) retrieved from /home/humbulani/miniconda3/envs/apache-airflow/lib/python3.8/site-packages/airflow/example_dags/example_branch_labels.py
[2023-03-28T00:08:29.154+0200] {logging_mixin.py:137} INFO - [2023-03-28T00:08:29.154+0200] {dag.py:2693} INFO - Sync 1 DAGs
[2023-03-28T00:08:29.172+0200] {logging_mixin.py:137} INFO - [2023-03-28T00:08:29.172+0200] {dag.py:3440} INFO - Setting next_dagrun for example_branch_labels to 2023-03-26T00:00:00+00:00, run_after=2023-03-27T00:00:00+00:00
[2023-03-28T00:08:29.260+0200] {processor.py:175} INFO - Processing /home/humbulani/miniconda3/envs/apache-airflow/lib/python3.8/site-packages/airflow/example_dags/example_branch_labels.py took 0.156 seconds
[2023-03-28T00:09:27.885+0200] {processor.py:153} INFO - Started process (PID=22985) to work on /home/humbulani/miniconda3/envs/apache-airflow/lib/python3.8/site-packages/airflow/example_dags/example_branch_labels.py
[2023-03-28T00:09:27.886+0200] {processor.py:743} INFO - Processing file /home/humbulani/miniconda3/envs/apache-airflow/lib/python3.8/site-packages/airflow/example_dags/example_branch_labels.py for tasks to queue
[2023-03-28T00:09:27.887+0200] {logging_mixin.py:137} INFO - [2023-03-28T00:09:27.886+0200] {dagbag.py:532} INFO - Filling up the DagBag from /home/humbulani/miniconda3/envs/apache-airflow/lib/python3.8/site-packages/airflow/example_dags/example_branch_labels.py
[2023-03-28T00:09:27.899+0200] {processor.py:753} INFO - DAG(s) dict_keys(['example_branch_labels']) retrieved from /home/humbulani/miniconda3/envs/apache-airflow/lib/python3.8/site-packages/airflow/example_dags/example_branch_labels.py
[2023-03-28T00:09:27.918+0200] {logging_mixin.py:137} INFO - [2023-03-28T00:09:27.918+0200] {dag.py:2693} INFO - Sync 1 DAGs
[2023-03-28T00:09:28.020+0200] {logging_mixin.py:137} INFO - [2023-03-28T00:09:28.020+0200] {dag.py:3440} INFO - Setting next_dagrun for example_branch_labels to 2023-03-26T00:00:00+00:00, run_after=2023-03-27T00:00:00+00:00
[2023-03-28T00:09:28.110+0200] {processor.py:175} INFO - Processing /home/humbulani/miniconda3/envs/apache-airflow/lib/python3.8/site-packages/airflow/example_dags/example_branch_labels.py took 0.227 seconds
[2023-03-28T00:10:28.599+0200] {processor.py:153} INFO - Started process (PID=23038) to work on /home/humbulani/miniconda3/envs/apache-airflow/lib/python3.8/site-packages/airflow/example_dags/example_branch_labels.py
[2023-03-28T00:10:28.600+0200] {processor.py:743} INFO - Processing file /home/humbulani/miniconda3/envs/apache-airflow/lib/python3.8/site-packages/airflow/example_dags/example_branch_labels.py for tasks to queue
[2023-03-28T00:10:28.600+0200] {logging_mixin.py:137} INFO - [2023-03-28T00:10:28.600+0200] {dagbag.py:532} INFO - Filling up the DagBag from /home/humbulani/miniconda3/envs/apache-airflow/lib/python3.8/site-packages/airflow/example_dags/example_branch_labels.py
[2023-03-28T00:10:28.613+0200] {processor.py:753} INFO - DAG(s) dict_keys(['example_branch_labels']) retrieved from /home/humbulani/miniconda3/envs/apache-airflow/lib/python3.8/site-packages/airflow/example_dags/example_branch_labels.py
[2023-03-28T00:10:28.711+0200] {logging_mixin.py:137} INFO - [2023-03-28T00:10:28.711+0200] {dag.py:2693} INFO - Sync 1 DAGs
[2023-03-28T00:10:28.728+0200] {logging_mixin.py:137} INFO - [2023-03-28T00:10:28.728+0200] {dag.py:3440} INFO - Setting next_dagrun for example_branch_labels to 2023-03-26T00:00:00+00:00, run_after=2023-03-27T00:00:00+00:00
[2023-03-28T00:10:28.813+0200] {processor.py:175} INFO - Processing /home/humbulani/miniconda3/envs/apache-airflow/lib/python3.8/site-packages/airflow/example_dags/example_branch_labels.py took 0.217 seconds
[2023-03-28T00:11:32.560+0200] {processor.py:153} INFO - Started process (PID=23095) to work on /home/humbulani/miniconda3/envs/apache-airflow/lib/python3.8/site-packages/airflow/example_dags/example_branch_labels.py
[2023-03-28T00:11:32.561+0200] {processor.py:743} INFO - Processing file /home/humbulani/miniconda3/envs/apache-airflow/lib/python3.8/site-packages/airflow/example_dags/example_branch_labels.py for tasks to queue
[2023-03-28T00:11:32.562+0200] {logging_mixin.py:137} INFO - [2023-03-28T00:11:32.562+0200] {dagbag.py:532} INFO - Filling up the DagBag from /home/humbulani/miniconda3/envs/apache-airflow/lib/python3.8/site-packages/airflow/example_dags/example_branch_labels.py
[2023-03-28T00:11:32.576+0200] {processor.py:753} INFO - DAG(s) dict_keys(['example_branch_labels']) retrieved from /home/humbulani/miniconda3/envs/apache-airflow/lib/python3.8/site-packages/airflow/example_dags/example_branch_labels.py
[2023-03-28T00:11:32.674+0200] {logging_mixin.py:137} INFO - [2023-03-28T00:11:32.674+0200] {dag.py:2693} INFO - Sync 1 DAGs
[2023-03-28T00:11:32.690+0200] {logging_mixin.py:137} INFO - [2023-03-28T00:11:32.690+0200] {dag.py:3440} INFO - Setting next_dagrun for example_branch_labels to 2023-03-26T00:00:00+00:00, run_after=2023-03-27T00:00:00+00:00
[2023-03-28T00:11:32.777+0200] {processor.py:175} INFO - Processing /home/humbulani/miniconda3/envs/apache-airflow/lib/python3.8/site-packages/airflow/example_dags/example_branch_labels.py took 0.220 seconds
[2023-03-28T00:12:37.081+0200] {processor.py:153} INFO - Started process (PID=23150) to work on /home/humbulani/miniconda3/envs/apache-airflow/lib/python3.8/site-packages/airflow/example_dags/example_branch_labels.py
[2023-03-28T00:12:37.082+0200] {processor.py:743} INFO - Processing file /home/humbulani/miniconda3/envs/apache-airflow/lib/python3.8/site-packages/airflow/example_dags/example_branch_labels.py for tasks to queue
[2023-03-28T00:12:37.082+0200] {logging_mixin.py:137} INFO - [2023-03-28T00:12:37.082+0200] {dagbag.py:532} INFO - Filling up the DagBag from /home/humbulani/miniconda3/envs/apache-airflow/lib/python3.8/site-packages/airflow/example_dags/example_branch_labels.py
[2023-03-28T00:12:37.095+0200] {processor.py:753} INFO - DAG(s) dict_keys(['example_branch_labels']) retrieved from /home/humbulani/miniconda3/envs/apache-airflow/lib/python3.8/site-packages/airflow/example_dags/example_branch_labels.py
[2023-03-28T00:12:37.114+0200] {logging_mixin.py:137} INFO - [2023-03-28T00:12:37.114+0200] {dag.py:2693} INFO - Sync 1 DAGs
[2023-03-28T00:12:37.137+0200] {logging_mixin.py:137} INFO - [2023-03-28T00:12:37.137+0200] {dag.py:3440} INFO - Setting next_dagrun for example_branch_labels to 2023-03-26T00:00:00+00:00, run_after=2023-03-27T00:00:00+00:00
[2023-03-28T00:12:37.223+0200] {processor.py:175} INFO - Processing /home/humbulani/miniconda3/envs/apache-airflow/lib/python3.8/site-packages/airflow/example_dags/example_branch_labels.py took 0.144 seconds
[2023-03-28T00:13:23.719+0200] {processor.py:153} INFO - Started process (PID=23222) to work on /home/humbulani/miniconda3/envs/apache-airflow/lib/python3.8/site-packages/airflow/example_dags/example_branch_labels.py
[2023-03-28T00:13:23.738+0200] {processor.py:743} INFO - Processing file /home/humbulani/miniconda3/envs/apache-airflow/lib/python3.8/site-packages/airflow/example_dags/example_branch_labels.py for tasks to queue
[2023-03-28T00:13:23.739+0200] {logging_mixin.py:137} INFO - [2023-03-28T00:13:23.739+0200] {dagbag.py:532} INFO - Filling up the DagBag from /home/humbulani/miniconda3/envs/apache-airflow/lib/python3.8/site-packages/airflow/example_dags/example_branch_labels.py
[2023-03-28T00:13:23.755+0200] {processor.py:753} INFO - DAG(s) dict_keys(['example_branch_labels']) retrieved from /home/humbulani/miniconda3/envs/apache-airflow/lib/python3.8/site-packages/airflow/example_dags/example_branch_labels.py
[2023-03-28T00:13:23.776+0200] {logging_mixin.py:137} INFO - [2023-03-28T00:13:23.776+0200] {dag.py:2693} INFO - Sync 1 DAGs
[2023-03-28T00:13:23.795+0200] {logging_mixin.py:137} INFO - [2023-03-28T00:13:23.795+0200] {dag.py:3440} INFO - Setting next_dagrun for example_branch_labels to 2023-03-26T00:00:00+00:00, run_after=2023-03-27T00:00:00+00:00
[2023-03-28T00:13:23.882+0200] {processor.py:175} INFO - Processing /home/humbulani/miniconda3/envs/apache-airflow/lib/python3.8/site-packages/airflow/example_dags/example_branch_labels.py took 0.166 seconds
[2023-03-28T00:14:06.823+0200] {processor.py:153} INFO - Started process (PID=23272) to work on /home/humbulani/miniconda3/envs/apache-airflow/lib/python3.8/site-packages/airflow/example_dags/example_branch_labels.py
[2023-03-28T00:14:06.833+0200] {processor.py:743} INFO - Processing file /home/humbulani/miniconda3/envs/apache-airflow/lib/python3.8/site-packages/airflow/example_dags/example_branch_labels.py for tasks to queue
[2023-03-28T00:14:06.834+0200] {logging_mixin.py:137} INFO - [2023-03-28T00:14:06.833+0200] {dagbag.py:532} INFO - Filling up the DagBag from /home/humbulani/miniconda3/envs/apache-airflow/lib/python3.8/site-packages/airflow/example_dags/example_branch_labels.py
[2023-03-28T00:14:06.850+0200] {processor.py:753} INFO - DAG(s) dict_keys(['example_branch_labels']) retrieved from /home/humbulani/miniconda3/envs/apache-airflow/lib/python3.8/site-packages/airflow/example_dags/example_branch_labels.py
[2023-03-28T00:14:06.869+0200] {logging_mixin.py:137} INFO - [2023-03-28T00:14:06.869+0200] {dag.py:2693} INFO - Sync 1 DAGs
[2023-03-28T00:14:06.888+0200] {logging_mixin.py:137} INFO - [2023-03-28T00:14:06.888+0200] {dag.py:3440} INFO - Setting next_dagrun for example_branch_labels to 2023-03-26T00:00:00+00:00, run_after=2023-03-27T00:00:00+00:00
[2023-03-28T00:14:06.979+0200] {processor.py:175} INFO - Processing /home/humbulani/miniconda3/envs/apache-airflow/lib/python3.8/site-packages/airflow/example_dags/example_branch_labels.py took 0.159 seconds
[2023-03-28T00:14:55.267+0200] {processor.py:153} INFO - Started process (PID=23321) to work on /home/humbulani/miniconda3/envs/apache-airflow/lib/python3.8/site-packages/airflow/example_dags/example_branch_labels.py
[2023-03-28T00:14:55.277+0200] {processor.py:743} INFO - Processing file /home/humbulani/miniconda3/envs/apache-airflow/lib/python3.8/site-packages/airflow/example_dags/example_branch_labels.py for tasks to queue
[2023-03-28T00:14:55.278+0200] {logging_mixin.py:137} INFO - [2023-03-28T00:14:55.278+0200] {dagbag.py:532} INFO - Filling up the DagBag from /home/humbulani/miniconda3/envs/apache-airflow/lib/python3.8/site-packages/airflow/example_dags/example_branch_labels.py
[2023-03-28T00:14:55.290+0200] {processor.py:753} INFO - DAG(s) dict_keys(['example_branch_labels']) retrieved from /home/humbulani/miniconda3/envs/apache-airflow/lib/python3.8/site-packages/airflow/example_dags/example_branch_labels.py
[2023-03-28T00:14:55.308+0200] {logging_mixin.py:137} INFO - [2023-03-28T00:14:55.308+0200] {dag.py:2693} INFO - Sync 1 DAGs
[2023-03-28T00:14:55.327+0200] {logging_mixin.py:137} INFO - [2023-03-28T00:14:55.327+0200] {dag.py:3440} INFO - Setting next_dagrun for example_branch_labels to 2023-03-26T00:00:00+00:00, run_after=2023-03-27T00:00:00+00:00
[2023-03-28T00:14:55.410+0200] {processor.py:175} INFO - Processing /home/humbulani/miniconda3/envs/apache-airflow/lib/python3.8/site-packages/airflow/example_dags/example_branch_labels.py took 0.145 seconds
[2023-03-28T00:15:42.159+0200] {processor.py:153} INFO - Started process (PID=23393) to work on /home/humbulani/miniconda3/envs/apache-airflow/lib/python3.8/site-packages/airflow/example_dags/example_branch_labels.py
[2023-03-28T00:15:42.168+0200] {processor.py:743} INFO - Processing file /home/humbulani/miniconda3/envs/apache-airflow/lib/python3.8/site-packages/airflow/example_dags/example_branch_labels.py for tasks to queue
[2023-03-28T00:15:42.169+0200] {logging_mixin.py:137} INFO - [2023-03-28T00:15:42.169+0200] {dagbag.py:532} INFO - Filling up the DagBag from /home/humbulani/miniconda3/envs/apache-airflow/lib/python3.8/site-packages/airflow/example_dags/example_branch_labels.py
[2023-03-28T00:15:42.186+0200] {processor.py:753} INFO - DAG(s) dict_keys(['example_branch_labels']) retrieved from /home/humbulani/miniconda3/envs/apache-airflow/lib/python3.8/site-packages/airflow/example_dags/example_branch_labels.py
[2023-03-28T00:15:42.205+0200] {logging_mixin.py:137} INFO - [2023-03-28T00:15:42.205+0200] {dag.py:2693} INFO - Sync 1 DAGs
[2023-03-28T00:15:42.223+0200] {logging_mixin.py:137} INFO - [2023-03-28T00:15:42.223+0200] {dag.py:3440} INFO - Setting next_dagrun for example_branch_labels to 2023-03-26T00:00:00+00:00, run_after=2023-03-27T00:00:00+00:00
[2023-03-28T00:15:42.310+0200] {processor.py:175} INFO - Processing /home/humbulani/miniconda3/envs/apache-airflow/lib/python3.8/site-packages/airflow/example_dags/example_branch_labels.py took 0.154 seconds
[2023-03-28T00:16:31.739+0200] {processor.py:153} INFO - Started process (PID=23461) to work on /home/humbulani/miniconda3/envs/apache-airflow/lib/python3.8/site-packages/airflow/example_dags/example_branch_labels.py
[2023-03-28T00:16:31.746+0200] {processor.py:743} INFO - Processing file /home/humbulani/miniconda3/envs/apache-airflow/lib/python3.8/site-packages/airflow/example_dags/example_branch_labels.py for tasks to queue
[2023-03-28T00:16:31.747+0200] {logging_mixin.py:137} INFO - [2023-03-28T00:16:31.747+0200] {dagbag.py:532} INFO - Filling up the DagBag from /home/humbulani/miniconda3/envs/apache-airflow/lib/python3.8/site-packages/airflow/example_dags/example_branch_labels.py
[2023-03-28T00:16:31.762+0200] {processor.py:753} INFO - DAG(s) dict_keys(['example_branch_labels']) retrieved from /home/humbulani/miniconda3/envs/apache-airflow/lib/python3.8/site-packages/airflow/example_dags/example_branch_labels.py
[2023-03-28T00:16:31.779+0200] {logging_mixin.py:137} INFO - [2023-03-28T00:16:31.779+0200] {dag.py:2693} INFO - Sync 1 DAGs
[2023-03-28T00:16:31.798+0200] {logging_mixin.py:137} INFO - [2023-03-28T00:16:31.798+0200] {dag.py:3440} INFO - Setting next_dagrun for example_branch_labels to 2023-03-26T00:00:00+00:00, run_after=2023-03-27T00:00:00+00:00
[2023-03-28T00:16:31.890+0200] {processor.py:175} INFO - Processing /home/humbulani/miniconda3/envs/apache-airflow/lib/python3.8/site-packages/airflow/example_dags/example_branch_labels.py took 0.154 seconds
[2023-03-28T00:17:23.808+0200] {processor.py:153} INFO - Started process (PID=23591) to work on /home/humbulani/miniconda3/envs/apache-airflow/lib/python3.8/site-packages/airflow/example_dags/example_branch_labels.py
[2023-03-28T00:17:23.821+0200] {processor.py:743} INFO - Processing file /home/humbulani/miniconda3/envs/apache-airflow/lib/python3.8/site-packages/airflow/example_dags/example_branch_labels.py for tasks to queue
[2023-03-28T00:17:23.821+0200] {logging_mixin.py:137} INFO - [2023-03-28T00:17:23.821+0200] {dagbag.py:532} INFO - Filling up the DagBag from /home/humbulani/miniconda3/envs/apache-airflow/lib/python3.8/site-packages/airflow/example_dags/example_branch_labels.py
[2023-03-28T00:17:23.838+0200] {processor.py:753} INFO - DAG(s) dict_keys(['example_branch_labels']) retrieved from /home/humbulani/miniconda3/envs/apache-airflow/lib/python3.8/site-packages/airflow/example_dags/example_branch_labels.py
[2023-03-28T00:17:23.857+0200] {logging_mixin.py:137} INFO - [2023-03-28T00:17:23.857+0200] {dag.py:2693} INFO - Sync 1 DAGs
[2023-03-28T00:17:23.877+0200] {logging_mixin.py:137} INFO - [2023-03-28T00:17:23.877+0200] {dag.py:3440} INFO - Setting next_dagrun for example_branch_labels to 2023-03-26T00:00:00+00:00, run_after=2023-03-27T00:00:00+00:00
[2023-03-28T00:17:23.957+0200] {processor.py:175} INFO - Processing /home/humbulani/miniconda3/envs/apache-airflow/lib/python3.8/site-packages/airflow/example_dags/example_branch_labels.py took 0.152 seconds
[2023-03-28T00:18:08.588+0200] {processor.py:153} INFO - Started process (PID=23636) to work on /home/humbulani/miniconda3/envs/apache-airflow/lib/python3.8/site-packages/airflow/example_dags/example_branch_labels.py
[2023-03-28T00:18:08.588+0200] {processor.py:743} INFO - Processing file /home/humbulani/miniconda3/envs/apache-airflow/lib/python3.8/site-packages/airflow/example_dags/example_branch_labels.py for tasks to queue
[2023-03-28T00:18:08.589+0200] {logging_mixin.py:137} INFO - [2023-03-28T00:18:08.589+0200] {dagbag.py:532} INFO - Filling up the DagBag from /home/humbulani/miniconda3/envs/apache-airflow/lib/python3.8/site-packages/airflow/example_dags/example_branch_labels.py
[2023-03-28T00:18:08.602+0200] {processor.py:753} INFO - DAG(s) dict_keys(['example_branch_labels']) retrieved from /home/humbulani/miniconda3/envs/apache-airflow/lib/python3.8/site-packages/airflow/example_dags/example_branch_labels.py
[2023-03-28T00:18:08.620+0200] {logging_mixin.py:137} INFO - [2023-03-28T00:18:08.620+0200] {dag.py:2693} INFO - Sync 1 DAGs
[2023-03-28T00:18:08.638+0200] {logging_mixin.py:137} INFO - [2023-03-28T00:18:08.638+0200] {dag.py:3440} INFO - Setting next_dagrun for example_branch_labels to 2023-03-26T00:00:00+00:00, run_after=2023-03-27T00:00:00+00:00
[2023-03-28T00:18:08.738+0200] {processor.py:175} INFO - Processing /home/humbulani/miniconda3/envs/apache-airflow/lib/python3.8/site-packages/airflow/example_dags/example_branch_labels.py took 0.153 seconds
[2023-03-28T00:18:52.640+0200] {processor.py:153} INFO - Started process (PID=23678) to work on /home/humbulani/miniconda3/envs/apache-airflow/lib/python3.8/site-packages/airflow/example_dags/example_branch_labels.py
[2023-03-28T00:18:52.641+0200] {processor.py:743} INFO - Processing file /home/humbulani/miniconda3/envs/apache-airflow/lib/python3.8/site-packages/airflow/example_dags/example_branch_labels.py for tasks to queue
[2023-03-28T00:18:52.642+0200] {logging_mixin.py:137} INFO - [2023-03-28T00:18:52.642+0200] {dagbag.py:532} INFO - Filling up the DagBag from /home/humbulani/miniconda3/envs/apache-airflow/lib/python3.8/site-packages/airflow/example_dags/example_branch_labels.py
[2023-03-28T00:18:52.659+0200] {processor.py:753} INFO - DAG(s) dict_keys(['example_branch_labels']) retrieved from /home/humbulani/miniconda3/envs/apache-airflow/lib/python3.8/site-packages/airflow/example_dags/example_branch_labels.py
[2023-03-28T00:18:52.677+0200] {logging_mixin.py:137} INFO - [2023-03-28T00:18:52.677+0200] {dag.py:2693} INFO - Sync 1 DAGs
[2023-03-28T00:18:52.697+0200] {logging_mixin.py:137} INFO - [2023-03-28T00:18:52.696+0200] {dag.py:3440} INFO - Setting next_dagrun for example_branch_labels to 2023-03-26T00:00:00+00:00, run_after=2023-03-27T00:00:00+00:00
[2023-03-28T00:18:52.787+0200] {processor.py:175} INFO - Processing /home/humbulani/miniconda3/envs/apache-airflow/lib/python3.8/site-packages/airflow/example_dags/example_branch_labels.py took 0.150 seconds
[2023-03-28T00:19:38.512+0200] {processor.py:153} INFO - Started process (PID=23723) to work on /home/humbulani/miniconda3/envs/apache-airflow/lib/python3.8/site-packages/airflow/example_dags/example_branch_labels.py
[2023-03-28T00:19:38.513+0200] {processor.py:743} INFO - Processing file /home/humbulani/miniconda3/envs/apache-airflow/lib/python3.8/site-packages/airflow/example_dags/example_branch_labels.py for tasks to queue
[2023-03-28T00:19:38.513+0200] {logging_mixin.py:137} INFO - [2023-03-28T00:19:38.513+0200] {dagbag.py:532} INFO - Filling up the DagBag from /home/humbulani/miniconda3/envs/apache-airflow/lib/python3.8/site-packages/airflow/example_dags/example_branch_labels.py
[2023-03-28T00:19:38.526+0200] {processor.py:753} INFO - DAG(s) dict_keys(['example_branch_labels']) retrieved from /home/humbulani/miniconda3/envs/apache-airflow/lib/python3.8/site-packages/airflow/example_dags/example_branch_labels.py
[2023-03-28T00:19:38.543+0200] {logging_mixin.py:137} INFO - [2023-03-28T00:19:38.543+0200] {dag.py:2693} INFO - Sync 1 DAGs
[2023-03-28T00:19:38.561+0200] {logging_mixin.py:137} INFO - [2023-03-28T00:19:38.561+0200] {dag.py:3440} INFO - Setting next_dagrun for example_branch_labels to 2023-03-26T00:00:00+00:00, run_after=2023-03-27T00:00:00+00:00
[2023-03-28T00:19:38.650+0200] {processor.py:175} INFO - Processing /home/humbulani/miniconda3/envs/apache-airflow/lib/python3.8/site-packages/airflow/example_dags/example_branch_labels.py took 0.140 seconds
[2023-03-28T00:20:30.867+0200] {processor.py:153} INFO - Started process (PID=23775) to work on /home/humbulani/miniconda3/envs/apache-airflow/lib/python3.8/site-packages/airflow/example_dags/example_branch_labels.py
[2023-03-28T00:20:30.882+0200] {processor.py:743} INFO - Processing file /home/humbulani/miniconda3/envs/apache-airflow/lib/python3.8/site-packages/airflow/example_dags/example_branch_labels.py for tasks to queue
[2023-03-28T00:20:30.883+0200] {logging_mixin.py:137} INFO - [2023-03-28T00:20:30.882+0200] {dagbag.py:532} INFO - Filling up the DagBag from /home/humbulani/miniconda3/envs/apache-airflow/lib/python3.8/site-packages/airflow/example_dags/example_branch_labels.py
[2023-03-28T00:20:30.897+0200] {processor.py:753} INFO - DAG(s) dict_keys(['example_branch_labels']) retrieved from /home/humbulani/miniconda3/envs/apache-airflow/lib/python3.8/site-packages/airflow/example_dags/example_branch_labels.py
[2023-03-28T00:20:30.917+0200] {logging_mixin.py:137} INFO - [2023-03-28T00:20:30.917+0200] {dag.py:2693} INFO - Sync 1 DAGs
[2023-03-28T00:20:30.941+0200] {logging_mixin.py:137} INFO - [2023-03-28T00:20:30.940+0200] {dag.py:3440} INFO - Setting next_dagrun for example_branch_labels to 2023-03-26T00:00:00+00:00, run_after=2023-03-27T00:00:00+00:00
[2023-03-28T00:20:31.034+0200] {processor.py:175} INFO - Processing /home/humbulani/miniconda3/envs/apache-airflow/lib/python3.8/site-packages/airflow/example_dags/example_branch_labels.py took 0.170 seconds
[2023-03-28T00:21:32.010+0200] {processor.py:153} INFO - Started process (PID=23845) to work on /home/humbulani/miniconda3/envs/apache-airflow/lib/python3.8/site-packages/airflow/example_dags/example_branch_labels.py
[2023-03-28T00:21:32.023+0200] {processor.py:743} INFO - Processing file /home/humbulani/miniconda3/envs/apache-airflow/lib/python3.8/site-packages/airflow/example_dags/example_branch_labels.py for tasks to queue
[2023-03-28T00:21:32.024+0200] {logging_mixin.py:137} INFO - [2023-03-28T00:21:32.024+0200] {dagbag.py:532} INFO - Filling up the DagBag from /home/humbulani/miniconda3/envs/apache-airflow/lib/python3.8/site-packages/airflow/example_dags/example_branch_labels.py
[2023-03-28T00:21:32.037+0200] {processor.py:753} INFO - DAG(s) dict_keys(['example_branch_labels']) retrieved from /home/humbulani/miniconda3/envs/apache-airflow/lib/python3.8/site-packages/airflow/example_dags/example_branch_labels.py
[2023-03-28T00:21:32.054+0200] {logging_mixin.py:137} INFO - [2023-03-28T00:21:32.054+0200] {dag.py:2693} INFO - Sync 1 DAGs
[2023-03-28T00:21:32.073+0200] {logging_mixin.py:137} INFO - [2023-03-28T00:21:32.073+0200] {dag.py:3440} INFO - Setting next_dagrun for example_branch_labels to 2023-03-26T00:00:00+00:00, run_after=2023-03-27T00:00:00+00:00
[2023-03-28T00:21:32.148+0200] {processor.py:175} INFO - Processing /home/humbulani/miniconda3/envs/apache-airflow/lib/python3.8/site-packages/airflow/example_dags/example_branch_labels.py took 0.141 seconds
