[2023-03-28T00:04:03.507+0200] {processor.py:153} INFO - Started process (PID=22506) to work on /home/humbulani/miniconda3/envs/apache-airflow/lib/python3.8/site-packages/airflow/example_dags/example_kubernetes_executor.py
[2023-03-28T00:04:03.508+0200] {processor.py:743} INFO - Processing file /home/humbulani/miniconda3/envs/apache-airflow/lib/python3.8/site-packages/airflow/example_dags/example_kubernetes_executor.py for tasks to queue
[2023-03-28T00:04:03.508+0200] {logging_mixin.py:137} INFO - [2023-03-28T00:04:03.508+0200] {dagbag.py:532} INFO - Filling up the DagBag from /home/humbulani/miniconda3/envs/apache-airflow/lib/python3.8/site-packages/airflow/example_dags/example_kubernetes_executor.py
[2023-03-28T00:04:03.523+0200] {logging_mixin.py:137} INFO - [2023-03-28T00:04:03.522+0200] {example_kubernetes_executor.py:41} WARNING - The example_kubernetes_executor example DAG requires the kubernetes provider. Please install it with: pip install apache-airflow[cncf.kubernetes]
[2023-03-28T00:04:03.523+0200] {processor.py:755} WARNING - No viable dags retrieved from /home/humbulani/miniconda3/envs/apache-airflow/lib/python3.8/site-packages/airflow/example_dags/example_kubernetes_executor.py
[2023-03-28T00:04:03.529+0200] {processor.py:175} INFO - Processing /home/humbulani/miniconda3/envs/apache-airflow/lib/python3.8/site-packages/airflow/example_dags/example_kubernetes_executor.py took 0.024 seconds
[2023-03-28T00:04:53.395+0200] {processor.py:153} INFO - Started process (PID=22594) to work on /home/humbulani/miniconda3/envs/apache-airflow/lib/python3.8/site-packages/airflow/example_dags/example_kubernetes_executor.py
[2023-03-28T00:04:53.418+0200] {processor.py:743} INFO - Processing file /home/humbulani/miniconda3/envs/apache-airflow/lib/python3.8/site-packages/airflow/example_dags/example_kubernetes_executor.py for tasks to queue
[2023-03-28T00:04:53.419+0200] {logging_mixin.py:137} INFO - [2023-03-28T00:04:53.419+0200] {dagbag.py:532} INFO - Filling up the DagBag from /home/humbulani/miniconda3/envs/apache-airflow/lib/python3.8/site-packages/airflow/example_dags/example_kubernetes_executor.py
[2023-03-28T00:04:53.433+0200] {logging_mixin.py:137} INFO - [2023-03-28T00:04:53.433+0200] {example_kubernetes_executor.py:41} WARNING - The example_kubernetes_executor example DAG requires the kubernetes provider. Please install it with: pip install apache-airflow[cncf.kubernetes]
[2023-03-28T00:04:53.434+0200] {processor.py:755} WARNING - No viable dags retrieved from /home/humbulani/miniconda3/envs/apache-airflow/lib/python3.8/site-packages/airflow/example_dags/example_kubernetes_executor.py
[2023-03-28T00:04:54.871+0200] {processor.py:175} INFO - Processing /home/humbulani/miniconda3/envs/apache-airflow/lib/python3.8/site-packages/airflow/example_dags/example_kubernetes_executor.py took 1.481 seconds
[2023-03-28T00:05:39.205+0200] {processor.py:153} INFO - Started process (PID=22636) to work on /home/humbulani/miniconda3/envs/apache-airflow/lib/python3.8/site-packages/airflow/example_dags/example_kubernetes_executor.py
[2023-03-28T00:05:39.206+0200] {processor.py:743} INFO - Processing file /home/humbulani/miniconda3/envs/apache-airflow/lib/python3.8/site-packages/airflow/example_dags/example_kubernetes_executor.py for tasks to queue
[2023-03-28T00:05:39.206+0200] {logging_mixin.py:137} INFO - [2023-03-28T00:05:39.206+0200] {dagbag.py:532} INFO - Filling up the DagBag from /home/humbulani/miniconda3/envs/apache-airflow/lib/python3.8/site-packages/airflow/example_dags/example_kubernetes_executor.py
[2023-03-28T00:05:39.220+0200] {logging_mixin.py:137} INFO - [2023-03-28T00:05:39.220+0200] {example_kubernetes_executor.py:41} WARNING - The example_kubernetes_executor example DAG requires the kubernetes provider. Please install it with: pip install apache-airflow[cncf.kubernetes]
[2023-03-28T00:05:39.221+0200] {processor.py:755} WARNING - No viable dags retrieved from /home/humbulani/miniconda3/envs/apache-airflow/lib/python3.8/site-packages/airflow/example_dags/example_kubernetes_executor.py
[2023-03-28T00:05:39.228+0200] {processor.py:175} INFO - Processing /home/humbulani/miniconda3/envs/apache-airflow/lib/python3.8/site-packages/airflow/example_dags/example_kubernetes_executor.py took 0.026 seconds
[2023-03-28T00:06:26.911+0200] {processor.py:153} INFO - Started process (PID=22757) to work on /home/humbulani/miniconda3/envs/apache-airflow/lib/python3.8/site-packages/airflow/example_dags/example_kubernetes_executor.py
[2023-03-28T00:06:26.912+0200] {processor.py:743} INFO - Processing file /home/humbulani/miniconda3/envs/apache-airflow/lib/python3.8/site-packages/airflow/example_dags/example_kubernetes_executor.py for tasks to queue
[2023-03-28T00:06:26.912+0200] {logging_mixin.py:137} INFO - [2023-03-28T00:06:26.912+0200] {dagbag.py:532} INFO - Filling up the DagBag from /home/humbulani/miniconda3/envs/apache-airflow/lib/python3.8/site-packages/airflow/example_dags/example_kubernetes_executor.py
[2023-03-28T00:06:26.930+0200] {logging_mixin.py:137} INFO - [2023-03-28T00:06:26.929+0200] {example_kubernetes_executor.py:41} WARNING - The example_kubernetes_executor example DAG requires the kubernetes provider. Please install it with: pip install apache-airflow[cncf.kubernetes]
[2023-03-28T00:06:26.930+0200] {processor.py:755} WARNING - No viable dags retrieved from /home/humbulani/miniconda3/envs/apache-airflow/lib/python3.8/site-packages/airflow/example_dags/example_kubernetes_executor.py
[2023-03-28T00:06:26.937+0200] {processor.py:175} INFO - Processing /home/humbulani/miniconda3/envs/apache-airflow/lib/python3.8/site-packages/airflow/example_dags/example_kubernetes_executor.py took 0.029 seconds
[2023-03-28T00:07:12.031+0200] {processor.py:153} INFO - Started process (PID=22802) to work on /home/humbulani/miniconda3/envs/apache-airflow/lib/python3.8/site-packages/airflow/example_dags/example_kubernetes_executor.py
[2023-03-28T00:07:12.032+0200] {processor.py:743} INFO - Processing file /home/humbulani/miniconda3/envs/apache-airflow/lib/python3.8/site-packages/airflow/example_dags/example_kubernetes_executor.py for tasks to queue
[2023-03-28T00:07:12.032+0200] {logging_mixin.py:137} INFO - [2023-03-28T00:07:12.032+0200] {dagbag.py:532} INFO - Filling up the DagBag from /home/humbulani/miniconda3/envs/apache-airflow/lib/python3.8/site-packages/airflow/example_dags/example_kubernetes_executor.py
[2023-03-28T00:07:12.046+0200] {logging_mixin.py:137} INFO - [2023-03-28T00:07:12.046+0200] {example_kubernetes_executor.py:41} WARNING - The example_kubernetes_executor example DAG requires the kubernetes provider. Please install it with: pip install apache-airflow[cncf.kubernetes]
[2023-03-28T00:07:12.046+0200] {processor.py:755} WARNING - No viable dags retrieved from /home/humbulani/miniconda3/envs/apache-airflow/lib/python3.8/site-packages/airflow/example_dags/example_kubernetes_executor.py
[2023-03-28T00:07:12.053+0200] {processor.py:175} INFO - Processing /home/humbulani/miniconda3/envs/apache-airflow/lib/python3.8/site-packages/airflow/example_dags/example_kubernetes_executor.py took 0.024 seconds
[2023-03-28T00:08:06.230+0200] {processor.py:153} INFO - Started process (PID=22902) to work on /home/humbulani/miniconda3/envs/apache-airflow/lib/python3.8/site-packages/airflow/example_dags/example_kubernetes_executor.py
[2023-03-28T00:08:06.231+0200] {processor.py:743} INFO - Processing file /home/humbulani/miniconda3/envs/apache-airflow/lib/python3.8/site-packages/airflow/example_dags/example_kubernetes_executor.py for tasks to queue
[2023-03-28T00:08:06.232+0200] {logging_mixin.py:137} INFO - [2023-03-28T00:08:06.232+0200] {dagbag.py:532} INFO - Filling up the DagBag from /home/humbulani/miniconda3/envs/apache-airflow/lib/python3.8/site-packages/airflow/example_dags/example_kubernetes_executor.py
[2023-03-28T00:08:06.249+0200] {logging_mixin.py:137} INFO - [2023-03-28T00:08:06.249+0200] {example_kubernetes_executor.py:41} WARNING - The example_kubernetes_executor example DAG requires the kubernetes provider. Please install it with: pip install apache-airflow[cncf.kubernetes]
[2023-03-28T00:08:06.249+0200] {processor.py:755} WARNING - No viable dags retrieved from /home/humbulani/miniconda3/envs/apache-airflow/lib/python3.8/site-packages/airflow/example_dags/example_kubernetes_executor.py
[2023-03-28T00:08:06.257+0200] {processor.py:175} INFO - Processing /home/humbulani/miniconda3/envs/apache-airflow/lib/python3.8/site-packages/airflow/example_dags/example_kubernetes_executor.py took 0.029 seconds
[2023-03-28T00:08:59.831+0200] {processor.py:153} INFO - Started process (PID=22958) to work on /home/humbulani/miniconda3/envs/apache-airflow/lib/python3.8/site-packages/airflow/example_dags/example_kubernetes_executor.py
[2023-03-28T00:08:59.831+0200] {processor.py:743} INFO - Processing file /home/humbulani/miniconda3/envs/apache-airflow/lib/python3.8/site-packages/airflow/example_dags/example_kubernetes_executor.py for tasks to queue
[2023-03-28T00:08:59.832+0200] {logging_mixin.py:137} INFO - [2023-03-28T00:08:59.832+0200] {dagbag.py:532} INFO - Filling up the DagBag from /home/humbulani/miniconda3/envs/apache-airflow/lib/python3.8/site-packages/airflow/example_dags/example_kubernetes_executor.py
[2023-03-28T00:08:59.845+0200] {logging_mixin.py:137} INFO - [2023-03-28T00:08:59.845+0200] {example_kubernetes_executor.py:41} WARNING - The example_kubernetes_executor example DAG requires the kubernetes provider. Please install it with: pip install apache-airflow[cncf.kubernetes]
[2023-03-28T00:08:59.845+0200] {processor.py:755} WARNING - No viable dags retrieved from /home/humbulani/miniconda3/envs/apache-airflow/lib/python3.8/site-packages/airflow/example_dags/example_kubernetes_executor.py
[2023-03-28T00:08:59.852+0200] {processor.py:175} INFO - Processing /home/humbulani/miniconda3/envs/apache-airflow/lib/python3.8/site-packages/airflow/example_dags/example_kubernetes_executor.py took 0.024 seconds
[2023-03-28T00:10:00.386+0200] {processor.py:153} INFO - Started process (PID=23015) to work on /home/humbulani/miniconda3/envs/apache-airflow/lib/python3.8/site-packages/airflow/example_dags/example_kubernetes_executor.py
[2023-03-28T00:10:00.398+0200] {processor.py:743} INFO - Processing file /home/humbulani/miniconda3/envs/apache-airflow/lib/python3.8/site-packages/airflow/example_dags/example_kubernetes_executor.py for tasks to queue
[2023-03-28T00:10:00.399+0200] {logging_mixin.py:137} INFO - [2023-03-28T00:10:00.399+0200] {dagbag.py:532} INFO - Filling up the DagBag from /home/humbulani/miniconda3/envs/apache-airflow/lib/python3.8/site-packages/airflow/example_dags/example_kubernetes_executor.py
[2023-03-28T00:10:00.413+0200] {logging_mixin.py:137} INFO - [2023-03-28T00:10:00.413+0200] {example_kubernetes_executor.py:41} WARNING - The example_kubernetes_executor example DAG requires the kubernetes provider. Please install it with: pip install apache-airflow[cncf.kubernetes]
[2023-03-28T00:10:00.413+0200] {processor.py:755} WARNING - No viable dags retrieved from /home/humbulani/miniconda3/envs/apache-airflow/lib/python3.8/site-packages/airflow/example_dags/example_kubernetes_executor.py
[2023-03-28T00:10:00.420+0200] {processor.py:175} INFO - Processing /home/humbulani/miniconda3/envs/apache-airflow/lib/python3.8/site-packages/airflow/example_dags/example_kubernetes_executor.py took 0.037 seconds
[2023-03-28T00:11:00.277+0200] {processor.py:153} INFO - Started process (PID=23067) to work on /home/humbulani/miniconda3/envs/apache-airflow/lib/python3.8/site-packages/airflow/example_dags/example_kubernetes_executor.py
[2023-03-28T00:11:00.285+0200] {processor.py:743} INFO - Processing file /home/humbulani/miniconda3/envs/apache-airflow/lib/python3.8/site-packages/airflow/example_dags/example_kubernetes_executor.py for tasks to queue
[2023-03-28T00:11:00.286+0200] {logging_mixin.py:137} INFO - [2023-03-28T00:11:00.286+0200] {dagbag.py:532} INFO - Filling up the DagBag from /home/humbulani/miniconda3/envs/apache-airflow/lib/python3.8/site-packages/airflow/example_dags/example_kubernetes_executor.py
[2023-03-28T00:11:00.299+0200] {logging_mixin.py:137} INFO - [2023-03-28T00:11:00.299+0200] {example_kubernetes_executor.py:41} WARNING - The example_kubernetes_executor example DAG requires the kubernetes provider. Please install it with: pip install apache-airflow[cncf.kubernetes]
[2023-03-28T00:11:00.299+0200] {processor.py:755} WARNING - No viable dags retrieved from /home/humbulani/miniconda3/envs/apache-airflow/lib/python3.8/site-packages/airflow/example_dags/example_kubernetes_executor.py
[2023-03-28T00:11:00.306+0200] {processor.py:175} INFO - Processing /home/humbulani/miniconda3/envs/apache-airflow/lib/python3.8/site-packages/airflow/example_dags/example_kubernetes_executor.py took 0.032 seconds
[2023-03-28T00:11:43.376+0200] {processor.py:153} INFO - Started process (PID=23104) to work on /home/humbulani/miniconda3/envs/apache-airflow/lib/python3.8/site-packages/airflow/example_dags/example_kubernetes_executor.py
[2023-03-28T00:11:43.377+0200] {processor.py:743} INFO - Processing file /home/humbulani/miniconda3/envs/apache-airflow/lib/python3.8/site-packages/airflow/example_dags/example_kubernetes_executor.py for tasks to queue
[2023-03-28T00:11:43.377+0200] {logging_mixin.py:137} INFO - [2023-03-28T00:11:43.377+0200] {dagbag.py:532} INFO - Filling up the DagBag from /home/humbulani/miniconda3/envs/apache-airflow/lib/python3.8/site-packages/airflow/example_dags/example_kubernetes_executor.py
[2023-03-28T00:11:43.475+0200] {logging_mixin.py:137} INFO - [2023-03-28T00:11:43.474+0200] {example_kubernetes_executor.py:41} WARNING - The example_kubernetes_executor example DAG requires the kubernetes provider. Please install it with: pip install apache-airflow[cncf.kubernetes]
[2023-03-28T00:11:43.475+0200] {processor.py:755} WARNING - No viable dags retrieved from /home/humbulani/miniconda3/envs/apache-airflow/lib/python3.8/site-packages/airflow/example_dags/example_kubernetes_executor.py
[2023-03-28T00:11:43.480+0200] {processor.py:175} INFO - Processing /home/humbulani/miniconda3/envs/apache-airflow/lib/python3.8/site-packages/airflow/example_dags/example_kubernetes_executor.py took 0.107 seconds
[2023-03-28T00:12:30.470+0200] {processor.py:153} INFO - Started process (PID=23143) to work on /home/humbulani/miniconda3/envs/apache-airflow/lib/python3.8/site-packages/airflow/example_dags/example_kubernetes_executor.py
[2023-03-28T00:12:30.471+0200] {processor.py:743} INFO - Processing file /home/humbulani/miniconda3/envs/apache-airflow/lib/python3.8/site-packages/airflow/example_dags/example_kubernetes_executor.py for tasks to queue
[2023-03-28T00:12:30.471+0200] {logging_mixin.py:137} INFO - [2023-03-28T00:12:30.471+0200] {dagbag.py:532} INFO - Filling up the DagBag from /home/humbulani/miniconda3/envs/apache-airflow/lib/python3.8/site-packages/airflow/example_dags/example_kubernetes_executor.py
[2023-03-28T00:12:30.485+0200] {logging_mixin.py:137} INFO - [2023-03-28T00:12:30.485+0200] {example_kubernetes_executor.py:41} WARNING - The example_kubernetes_executor example DAG requires the kubernetes provider. Please install it with: pip install apache-airflow[cncf.kubernetes]
[2023-03-28T00:12:30.485+0200] {processor.py:755} WARNING - No viable dags retrieved from /home/humbulani/miniconda3/envs/apache-airflow/lib/python3.8/site-packages/airflow/example_dags/example_kubernetes_executor.py
[2023-03-28T00:12:30.492+0200] {processor.py:175} INFO - Processing /home/humbulani/miniconda3/envs/apache-airflow/lib/python3.8/site-packages/airflow/example_dags/example_kubernetes_executor.py took 0.024 seconds
[2023-03-28T00:13:18.186+0200] {processor.py:153} INFO - Started process (PID=23216) to work on /home/humbulani/miniconda3/envs/apache-airflow/lib/python3.8/site-packages/airflow/example_dags/example_kubernetes_executor.py
[2023-03-28T00:13:18.203+0200] {processor.py:743} INFO - Processing file /home/humbulani/miniconda3/envs/apache-airflow/lib/python3.8/site-packages/airflow/example_dags/example_kubernetes_executor.py for tasks to queue
[2023-03-28T00:13:18.204+0200] {logging_mixin.py:137} INFO - [2023-03-28T00:13:18.204+0200] {dagbag.py:532} INFO - Filling up the DagBag from /home/humbulani/miniconda3/envs/apache-airflow/lib/python3.8/site-packages/airflow/example_dags/example_kubernetes_executor.py
[2023-03-28T00:13:18.219+0200] {logging_mixin.py:137} INFO - [2023-03-28T00:13:18.218+0200] {example_kubernetes_executor.py:41} WARNING - The example_kubernetes_executor example DAG requires the kubernetes provider. Please install it with: pip install apache-airflow[cncf.kubernetes]
[2023-03-28T00:13:18.219+0200] {processor.py:755} WARNING - No viable dags retrieved from /home/humbulani/miniconda3/envs/apache-airflow/lib/python3.8/site-packages/airflow/example_dags/example_kubernetes_executor.py
[2023-03-28T00:13:18.226+0200] {processor.py:175} INFO - Processing /home/humbulani/miniconda3/envs/apache-airflow/lib/python3.8/site-packages/airflow/example_dags/example_kubernetes_executor.py took 0.043 seconds
[2023-03-28T00:14:00.877+0200] {processor.py:153} INFO - Started process (PID=23264) to work on /home/humbulani/miniconda3/envs/apache-airflow/lib/python3.8/site-packages/airflow/example_dags/example_kubernetes_executor.py
[2023-03-28T00:14:00.884+0200] {processor.py:743} INFO - Processing file /home/humbulani/miniconda3/envs/apache-airflow/lib/python3.8/site-packages/airflow/example_dags/example_kubernetes_executor.py for tasks to queue
[2023-03-28T00:14:00.884+0200] {logging_mixin.py:137} INFO - [2023-03-28T00:14:00.884+0200] {dagbag.py:532} INFO - Filling up the DagBag from /home/humbulani/miniconda3/envs/apache-airflow/lib/python3.8/site-packages/airflow/example_dags/example_kubernetes_executor.py
[2023-03-28T00:14:00.898+0200] {logging_mixin.py:137} INFO - [2023-03-28T00:14:00.898+0200] {example_kubernetes_executor.py:41} WARNING - The example_kubernetes_executor example DAG requires the kubernetes provider. Please install it with: pip install apache-airflow[cncf.kubernetes]
[2023-03-28T00:14:00.898+0200] {processor.py:755} WARNING - No viable dags retrieved from /home/humbulani/miniconda3/envs/apache-airflow/lib/python3.8/site-packages/airflow/example_dags/example_kubernetes_executor.py
[2023-03-28T00:14:00.904+0200] {processor.py:175} INFO - Processing /home/humbulani/miniconda3/envs/apache-airflow/lib/python3.8/site-packages/airflow/example_dags/example_kubernetes_executor.py took 0.030 seconds
[2023-03-28T00:14:48.666+0200] {processor.py:153} INFO - Started process (PID=23315) to work on /home/humbulani/miniconda3/envs/apache-airflow/lib/python3.8/site-packages/airflow/example_dags/example_kubernetes_executor.py
[2023-03-28T00:14:48.681+0200] {processor.py:743} INFO - Processing file /home/humbulani/miniconda3/envs/apache-airflow/lib/python3.8/site-packages/airflow/example_dags/example_kubernetes_executor.py for tasks to queue
[2023-03-28T00:14:48.682+0200] {logging_mixin.py:137} INFO - [2023-03-28T00:14:48.682+0200] {dagbag.py:532} INFO - Filling up the DagBag from /home/humbulani/miniconda3/envs/apache-airflow/lib/python3.8/site-packages/airflow/example_dags/example_kubernetes_executor.py
[2023-03-28T00:14:48.696+0200] {logging_mixin.py:137} INFO - [2023-03-28T00:14:48.696+0200] {example_kubernetes_executor.py:41} WARNING - The example_kubernetes_executor example DAG requires the kubernetes provider. Please install it with: pip install apache-airflow[cncf.kubernetes]
[2023-03-28T00:14:48.696+0200] {processor.py:755} WARNING - No viable dags retrieved from /home/humbulani/miniconda3/envs/apache-airflow/lib/python3.8/site-packages/airflow/example_dags/example_kubernetes_executor.py
[2023-03-28T00:14:48.704+0200] {processor.py:175} INFO - Processing /home/humbulani/miniconda3/envs/apache-airflow/lib/python3.8/site-packages/airflow/example_dags/example_kubernetes_executor.py took 0.042 seconds
[2023-03-28T00:15:36.444+0200] {processor.py:153} INFO - Started process (PID=23386) to work on /home/humbulani/miniconda3/envs/apache-airflow/lib/python3.8/site-packages/airflow/example_dags/example_kubernetes_executor.py
[2023-03-28T00:15:36.464+0200] {processor.py:743} INFO - Processing file /home/humbulani/miniconda3/envs/apache-airflow/lib/python3.8/site-packages/airflow/example_dags/example_kubernetes_executor.py for tasks to queue
[2023-03-28T00:15:36.465+0200] {logging_mixin.py:137} INFO - [2023-03-28T00:15:36.465+0200] {dagbag.py:532} INFO - Filling up the DagBag from /home/humbulani/miniconda3/envs/apache-airflow/lib/python3.8/site-packages/airflow/example_dags/example_kubernetes_executor.py
[2023-03-28T00:15:36.480+0200] {logging_mixin.py:137} INFO - [2023-03-28T00:15:36.480+0200] {example_kubernetes_executor.py:41} WARNING - The example_kubernetes_executor example DAG requires the kubernetes provider. Please install it with: pip install apache-airflow[cncf.kubernetes]
[2023-03-28T00:15:36.480+0200] {processor.py:755} WARNING - No viable dags retrieved from /home/humbulani/miniconda3/envs/apache-airflow/lib/python3.8/site-packages/airflow/example_dags/example_kubernetes_executor.py
[2023-03-28T00:15:36.487+0200] {processor.py:175} INFO - Processing /home/humbulani/miniconda3/envs/apache-airflow/lib/python3.8/site-packages/airflow/example_dags/example_kubernetes_executor.py took 0.046 seconds
[2023-03-28T00:16:23.485+0200] {processor.py:153} INFO - Started process (PID=23452) to work on /home/humbulani/miniconda3/envs/apache-airflow/lib/python3.8/site-packages/airflow/example_dags/example_kubernetes_executor.py
[2023-03-28T00:16:23.495+0200] {processor.py:743} INFO - Processing file /home/humbulani/miniconda3/envs/apache-airflow/lib/python3.8/site-packages/airflow/example_dags/example_kubernetes_executor.py for tasks to queue
[2023-03-28T00:16:23.495+0200] {logging_mixin.py:137} INFO - [2023-03-28T00:16:23.495+0200] {dagbag.py:532} INFO - Filling up the DagBag from /home/humbulani/miniconda3/envs/apache-airflow/lib/python3.8/site-packages/airflow/example_dags/example_kubernetes_executor.py
[2023-03-28T00:16:23.510+0200] {logging_mixin.py:137} INFO - [2023-03-28T00:16:23.510+0200] {example_kubernetes_executor.py:41} WARNING - The example_kubernetes_executor example DAG requires the kubernetes provider. Please install it with: pip install apache-airflow[cncf.kubernetes]
[2023-03-28T00:16:23.510+0200] {processor.py:755} WARNING - No viable dags retrieved from /home/humbulani/miniconda3/envs/apache-airflow/lib/python3.8/site-packages/airflow/example_dags/example_kubernetes_executor.py
[2023-03-28T00:16:23.518+0200] {processor.py:175} INFO - Processing /home/humbulani/miniconda3/envs/apache-airflow/lib/python3.8/site-packages/airflow/example_dags/example_kubernetes_executor.py took 0.036 seconds
[2023-03-28T00:16:59.371+0200] {processor.py:153} INFO - Started process (PID=23537) to work on /home/humbulani/miniconda3/envs/apache-airflow/lib/python3.8/site-packages/airflow/example_dags/example_kubernetes_executor.py
[2023-03-28T00:16:59.383+0200] {processor.py:743} INFO - Processing file /home/humbulani/miniconda3/envs/apache-airflow/lib/python3.8/site-packages/airflow/example_dags/example_kubernetes_executor.py for tasks to queue
[2023-03-28T00:16:59.384+0200] {logging_mixin.py:137} INFO - [2023-03-28T00:16:59.384+0200] {dagbag.py:532} INFO - Filling up the DagBag from /home/humbulani/miniconda3/envs/apache-airflow/lib/python3.8/site-packages/airflow/example_dags/example_kubernetes_executor.py
[2023-03-28T00:16:59.400+0200] {logging_mixin.py:137} INFO - [2023-03-28T00:16:59.400+0200] {example_kubernetes_executor.py:41} WARNING - The example_kubernetes_executor example DAG requires the kubernetes provider. Please install it with: pip install apache-airflow[cncf.kubernetes]
[2023-03-28T00:16:59.400+0200] {processor.py:755} WARNING - No viable dags retrieved from /home/humbulani/miniconda3/envs/apache-airflow/lib/python3.8/site-packages/airflow/example_dags/example_kubernetes_executor.py
[2023-03-28T00:16:59.407+0200] {processor.py:175} INFO - Processing /home/humbulani/miniconda3/envs/apache-airflow/lib/python3.8/site-packages/airflow/example_dags/example_kubernetes_executor.py took 0.039 seconds
[2023-03-28T00:17:44.955+0200] {processor.py:153} INFO - Started process (PID=23613) to work on /home/humbulani/miniconda3/envs/apache-airflow/lib/python3.8/site-packages/airflow/example_dags/example_kubernetes_executor.py
[2023-03-28T00:17:45.007+0200] {processor.py:743} INFO - Processing file /home/humbulani/miniconda3/envs/apache-airflow/lib/python3.8/site-packages/airflow/example_dags/example_kubernetes_executor.py for tasks to queue
[2023-03-28T00:17:45.008+0200] {logging_mixin.py:137} INFO - [2023-03-28T00:17:45.008+0200] {dagbag.py:532} INFO - Filling up the DagBag from /home/humbulani/miniconda3/envs/apache-airflow/lib/python3.8/site-packages/airflow/example_dags/example_kubernetes_executor.py
[2023-03-28T00:17:45.026+0200] {logging_mixin.py:137} INFO - [2023-03-28T00:17:45.026+0200] {example_kubernetes_executor.py:41} WARNING - The example_kubernetes_executor example DAG requires the kubernetes provider. Please install it with: pip install apache-airflow[cncf.kubernetes]
[2023-03-28T00:17:45.026+0200] {processor.py:755} WARNING - No viable dags retrieved from /home/humbulani/miniconda3/envs/apache-airflow/lib/python3.8/site-packages/airflow/example_dags/example_kubernetes_executor.py
[2023-03-28T00:17:45.035+0200] {processor.py:175} INFO - Processing /home/humbulani/miniconda3/envs/apache-airflow/lib/python3.8/site-packages/airflow/example_dags/example_kubernetes_executor.py took 0.083 seconds
[2023-03-28T00:18:29.027+0200] {processor.py:153} INFO - Started process (PID=23656) to work on /home/humbulani/miniconda3/envs/apache-airflow/lib/python3.8/site-packages/airflow/example_dags/example_kubernetes_executor.py
[2023-03-28T00:18:29.043+0200] {processor.py:743} INFO - Processing file /home/humbulani/miniconda3/envs/apache-airflow/lib/python3.8/site-packages/airflow/example_dags/example_kubernetes_executor.py for tasks to queue
[2023-03-28T00:18:29.043+0200] {logging_mixin.py:137} INFO - [2023-03-28T00:18:29.043+0200] {dagbag.py:532} INFO - Filling up the DagBag from /home/humbulani/miniconda3/envs/apache-airflow/lib/python3.8/site-packages/airflow/example_dags/example_kubernetes_executor.py
[2023-03-28T00:18:29.062+0200] {logging_mixin.py:137} INFO - [2023-03-28T00:18:29.061+0200] {example_kubernetes_executor.py:41} WARNING - The example_kubernetes_executor example DAG requires the kubernetes provider. Please install it with: pip install apache-airflow[cncf.kubernetes]
[2023-03-28T00:18:29.062+0200] {processor.py:755} WARNING - No viable dags retrieved from /home/humbulani/miniconda3/envs/apache-airflow/lib/python3.8/site-packages/airflow/example_dags/example_kubernetes_executor.py
[2023-03-28T00:18:29.070+0200] {processor.py:175} INFO - Processing /home/humbulani/miniconda3/envs/apache-airflow/lib/python3.8/site-packages/airflow/example_dags/example_kubernetes_executor.py took 0.046 seconds
[2023-03-28T00:19:16.898+0200] {processor.py:153} INFO - Started process (PID=23701) to work on /home/humbulani/miniconda3/envs/apache-airflow/lib/python3.8/site-packages/airflow/example_dags/example_kubernetes_executor.py
[2023-03-28T00:19:16.899+0200] {processor.py:743} INFO - Processing file /home/humbulani/miniconda3/envs/apache-airflow/lib/python3.8/site-packages/airflow/example_dags/example_kubernetes_executor.py for tasks to queue
[2023-03-28T00:19:16.899+0200] {logging_mixin.py:137} INFO - [2023-03-28T00:19:16.899+0200] {dagbag.py:532} INFO - Filling up the DagBag from /home/humbulani/miniconda3/envs/apache-airflow/lib/python3.8/site-packages/airflow/example_dags/example_kubernetes_executor.py
[2023-03-28T00:19:16.913+0200] {logging_mixin.py:137} INFO - [2023-03-28T00:19:16.913+0200] {example_kubernetes_executor.py:41} WARNING - The example_kubernetes_executor example DAG requires the kubernetes provider. Please install it with: pip install apache-airflow[cncf.kubernetes]
[2023-03-28T00:19:16.914+0200] {processor.py:755} WARNING - No viable dags retrieved from /home/humbulani/miniconda3/envs/apache-airflow/lib/python3.8/site-packages/airflow/example_dags/example_kubernetes_executor.py
[2023-03-28T00:19:16.921+0200] {processor.py:175} INFO - Processing /home/humbulani/miniconda3/envs/apache-airflow/lib/python3.8/site-packages/airflow/example_dags/example_kubernetes_executor.py took 0.025 seconds
[2023-03-28T00:20:05.213+0200] {processor.py:153} INFO - Started process (PID=23751) to work on /home/humbulani/miniconda3/envs/apache-airflow/lib/python3.8/site-packages/airflow/example_dags/example_kubernetes_executor.py
[2023-03-28T00:20:05.222+0200] {processor.py:743} INFO - Processing file /home/humbulani/miniconda3/envs/apache-airflow/lib/python3.8/site-packages/airflow/example_dags/example_kubernetes_executor.py for tasks to queue
[2023-03-28T00:20:05.223+0200] {logging_mixin.py:137} INFO - [2023-03-28T00:20:05.223+0200] {dagbag.py:532} INFO - Filling up the DagBag from /home/humbulani/miniconda3/envs/apache-airflow/lib/python3.8/site-packages/airflow/example_dags/example_kubernetes_executor.py
[2023-03-28T00:20:05.238+0200] {logging_mixin.py:137} INFO - [2023-03-28T00:20:05.238+0200] {example_kubernetes_executor.py:41} WARNING - The example_kubernetes_executor example DAG requires the kubernetes provider. Please install it with: pip install apache-airflow[cncf.kubernetes]
[2023-03-28T00:20:05.238+0200] {processor.py:755} WARNING - No viable dags retrieved from /home/humbulani/miniconda3/envs/apache-airflow/lib/python3.8/site-packages/airflow/example_dags/example_kubernetes_executor.py
[2023-03-28T00:20:05.246+0200] {processor.py:175} INFO - Processing /home/humbulani/miniconda3/envs/apache-airflow/lib/python3.8/site-packages/airflow/example_dags/example_kubernetes_executor.py took 0.035 seconds
[2023-03-28T00:20:52.613+0200] {processor.py:153} INFO - Started process (PID=23793) to work on /home/humbulani/miniconda3/envs/apache-airflow/lib/python3.8/site-packages/airflow/example_dags/example_kubernetes_executor.py
[2023-03-28T00:20:52.630+0200] {processor.py:743} INFO - Processing file /home/humbulani/miniconda3/envs/apache-airflow/lib/python3.8/site-packages/airflow/example_dags/example_kubernetes_executor.py for tasks to queue
[2023-03-28T00:20:52.631+0200] {logging_mixin.py:137} INFO - [2023-03-28T00:20:52.631+0200] {dagbag.py:532} INFO - Filling up the DagBag from /home/humbulani/miniconda3/envs/apache-airflow/lib/python3.8/site-packages/airflow/example_dags/example_kubernetes_executor.py
[2023-03-28T00:20:52.647+0200] {logging_mixin.py:137} INFO - [2023-03-28T00:20:52.647+0200] {example_kubernetes_executor.py:41} WARNING - The example_kubernetes_executor example DAG requires the kubernetes provider. Please install it with: pip install apache-airflow[cncf.kubernetes]
[2023-03-28T00:20:52.647+0200] {processor.py:755} WARNING - No viable dags retrieved from /home/humbulani/miniconda3/envs/apache-airflow/lib/python3.8/site-packages/airflow/example_dags/example_kubernetes_executor.py
[2023-03-28T00:20:52.658+0200] {processor.py:175} INFO - Processing /home/humbulani/miniconda3/envs/apache-airflow/lib/python3.8/site-packages/airflow/example_dags/example_kubernetes_executor.py took 0.047 seconds
[2023-03-28T00:21:51.968+0200] {processor.py:153} INFO - Started process (PID=23860) to work on /home/humbulani/miniconda3/envs/apache-airflow/lib/python3.8/site-packages/airflow/example_dags/example_kubernetes_executor.py
[2023-03-28T00:21:51.988+0200] {processor.py:743} INFO - Processing file /home/humbulani/miniconda3/envs/apache-airflow/lib/python3.8/site-packages/airflow/example_dags/example_kubernetes_executor.py for tasks to queue
[2023-03-28T00:21:51.988+0200] {logging_mixin.py:137} INFO - [2023-03-28T00:21:51.988+0200] {dagbag.py:532} INFO - Filling up the DagBag from /home/humbulani/miniconda3/envs/apache-airflow/lib/python3.8/site-packages/airflow/example_dags/example_kubernetes_executor.py
[2023-03-28T00:21:52.005+0200] {logging_mixin.py:137} INFO - [2023-03-28T00:21:52.004+0200] {example_kubernetes_executor.py:41} WARNING - The example_kubernetes_executor example DAG requires the kubernetes provider. Please install it with: pip install apache-airflow[cncf.kubernetes]
[2023-03-28T00:21:52.005+0200] {processor.py:755} WARNING - No viable dags retrieved from /home/humbulani/miniconda3/envs/apache-airflow/lib/python3.8/site-packages/airflow/example_dags/example_kubernetes_executor.py
[2023-03-28T00:21:52.012+0200] {processor.py:175} INFO - Processing /home/humbulani/miniconda3/envs/apache-airflow/lib/python3.8/site-packages/airflow/example_dags/example_kubernetes_executor.py took 0.047 seconds
