[2023-03-28T00:03:56.502+0200] {processor.py:153} INFO - Started process (PID=22497) to work on /home/humbulani/miniconda3/envs/apache-airflow/lib/python3.8/site-packages/airflow/example_dags/example_xcomargs.py
[2023-03-28T00:03:56.503+0200] {processor.py:743} INFO - Processing file /home/humbulani/miniconda3/envs/apache-airflow/lib/python3.8/site-packages/airflow/example_dags/example_xcomargs.py for tasks to queue
[2023-03-28T00:03:56.504+0200] {logging_mixin.py:137} INFO - [2023-03-28T00:03:56.504+0200] {dagbag.py:532} INFO - Filling up the DagBag from /home/humbulani/miniconda3/envs/apache-airflow/lib/python3.8/site-packages/airflow/example_dags/example_xcomargs.py
[2023-03-28T00:03:56.530+0200] {processor.py:753} INFO - DAG(s) dict_keys(['example_xcom_args_with_operators', 'example_xcom_args']) retrieved from /home/humbulani/miniconda3/envs/apache-airflow/lib/python3.8/site-packages/airflow/example_dags/example_xcomargs.py
[2023-03-28T00:03:56.548+0200] {logging_mixin.py:137} INFO - [2023-03-28T00:03:56.548+0200] {dag.py:2693} INFO - Sync 2 DAGs
[2023-03-28T00:03:56.565+0200] {logging_mixin.py:137} INFO - [2023-03-28T00:03:56.564+0200] {dag.py:3440} INFO - Setting next_dagrun for example_xcom_args to None, run_after=None
[2023-03-28T00:03:56.569+0200] {logging_mixin.py:137} INFO - [2023-03-28T00:03:56.569+0200] {dag.py:3440} INFO - Setting next_dagrun for example_xcom_args_with_operators to None, run_after=None
[2023-03-28T00:03:56.648+0200] {processor.py:175} INFO - Processing /home/humbulani/miniconda3/envs/apache-airflow/lib/python3.8/site-packages/airflow/example_dags/example_xcomargs.py took 0.149 seconds
[2023-03-28T00:04:43.082+0200] {processor.py:153} INFO - Started process (PID=22587) to work on /home/humbulani/miniconda3/envs/apache-airflow/lib/python3.8/site-packages/airflow/example_dags/example_xcomargs.py
[2023-03-28T00:04:43.085+0200] {processor.py:743} INFO - Processing file /home/humbulani/miniconda3/envs/apache-airflow/lib/python3.8/site-packages/airflow/example_dags/example_xcomargs.py for tasks to queue
[2023-03-28T00:04:43.086+0200] {logging_mixin.py:137} INFO - [2023-03-28T00:04:43.085+0200] {dagbag.py:532} INFO - Filling up the DagBag from /home/humbulani/miniconda3/envs/apache-airflow/lib/python3.8/site-packages/airflow/example_dags/example_xcomargs.py
[2023-03-28T00:04:43.124+0200] {processor.py:753} INFO - DAG(s) dict_keys(['example_xcom_args', 'example_xcom_args_with_operators']) retrieved from /home/humbulani/miniconda3/envs/apache-airflow/lib/python3.8/site-packages/airflow/example_dags/example_xcomargs.py
[2023-03-28T00:04:43.285+0200] {logging_mixin.py:137} INFO - [2023-03-28T00:04:43.285+0200] {dag.py:2693} INFO - Sync 2 DAGs
[2023-03-28T00:04:44.420+0200] {logging_mixin.py:137} INFO - [2023-03-28T00:04:44.420+0200] {dag.py:3440} INFO - Setting next_dagrun for example_xcom_args to None, run_after=None
[2023-03-28T00:04:44.604+0200] {logging_mixin.py:137} INFO - [2023-03-28T00:04:44.604+0200] {dag.py:3440} INFO - Setting next_dagrun for example_xcom_args_with_operators to None, run_after=None
[2023-03-28T00:04:44.984+0200] {processor.py:175} INFO - Processing /home/humbulani/miniconda3/envs/apache-airflow/lib/python3.8/site-packages/airflow/example_dags/example_xcomargs.py took 1.906 seconds
[2023-03-28T00:05:32.386+0200] {processor.py:153} INFO - Started process (PID=22629) to work on /home/humbulani/miniconda3/envs/apache-airflow/lib/python3.8/site-packages/airflow/example_dags/example_xcomargs.py
[2023-03-28T00:05:32.398+0200] {processor.py:743} INFO - Processing file /home/humbulani/miniconda3/envs/apache-airflow/lib/python3.8/site-packages/airflow/example_dags/example_xcomargs.py for tasks to queue
[2023-03-28T00:05:32.399+0200] {logging_mixin.py:137} INFO - [2023-03-28T00:05:32.399+0200] {dagbag.py:532} INFO - Filling up the DagBag from /home/humbulani/miniconda3/envs/apache-airflow/lib/python3.8/site-packages/airflow/example_dags/example_xcomargs.py
[2023-03-28T00:05:32.428+0200] {processor.py:753} INFO - DAG(s) dict_keys(['example_xcom_args_with_operators', 'example_xcom_args']) retrieved from /home/humbulani/miniconda3/envs/apache-airflow/lib/python3.8/site-packages/airflow/example_dags/example_xcomargs.py
[2023-03-28T00:05:32.449+0200] {logging_mixin.py:137} INFO - [2023-03-28T00:05:32.449+0200] {dag.py:2693} INFO - Sync 2 DAGs
[2023-03-28T00:05:32.466+0200] {logging_mixin.py:137} INFO - [2023-03-28T00:05:32.466+0200] {dag.py:3440} INFO - Setting next_dagrun for example_xcom_args to None, run_after=None
[2023-03-28T00:05:32.469+0200] {logging_mixin.py:137} INFO - [2023-03-28T00:05:32.469+0200] {dag.py:3440} INFO - Setting next_dagrun for example_xcom_args_with_operators to None, run_after=None
[2023-03-28T00:05:32.537+0200] {processor.py:175} INFO - Processing /home/humbulani/miniconda3/envs/apache-airflow/lib/python3.8/site-packages/airflow/example_dags/example_xcomargs.py took 0.154 seconds
[2023-03-28T00:06:10.624+0200] {processor.py:153} INFO - Started process (PID=22741) to work on /home/humbulani/miniconda3/envs/apache-airflow/lib/python3.8/site-packages/airflow/example_dags/example_xcomargs.py
[2023-03-28T00:06:10.625+0200] {processor.py:743} INFO - Processing file /home/humbulani/miniconda3/envs/apache-airflow/lib/python3.8/site-packages/airflow/example_dags/example_xcomargs.py for tasks to queue
[2023-03-28T00:06:10.625+0200] {logging_mixin.py:137} INFO - [2023-03-28T00:06:10.625+0200] {dagbag.py:532} INFO - Filling up the DagBag from /home/humbulani/miniconda3/envs/apache-airflow/lib/python3.8/site-packages/airflow/example_dags/example_xcomargs.py
[2023-03-28T00:06:10.647+0200] {processor.py:753} INFO - DAG(s) dict_keys(['example_xcom_args', 'example_xcom_args_with_operators']) retrieved from /home/humbulani/miniconda3/envs/apache-airflow/lib/python3.8/site-packages/airflow/example_dags/example_xcomargs.py
[2023-03-28T00:06:10.667+0200] {logging_mixin.py:137} INFO - [2023-03-28T00:06:10.667+0200] {dag.py:2693} INFO - Sync 2 DAGs
[2023-03-28T00:06:10.684+0200] {logging_mixin.py:137} INFO - [2023-03-28T00:06:10.684+0200] {dag.py:3440} INFO - Setting next_dagrun for example_xcom_args to None, run_after=None
[2023-03-28T00:06:10.687+0200] {logging_mixin.py:137} INFO - [2023-03-28T00:06:10.687+0200] {dag.py:3440} INFO - Setting next_dagrun for example_xcom_args_with_operators to None, run_after=None
[2023-03-28T00:06:10.764+0200] {processor.py:175} INFO - Processing /home/humbulani/miniconda3/envs/apache-airflow/lib/python3.8/site-packages/airflow/example_dags/example_xcomargs.py took 0.142 seconds
[2023-03-28T00:06:54.896+0200] {processor.py:153} INFO - Started process (PID=22785) to work on /home/humbulani/miniconda3/envs/apache-airflow/lib/python3.8/site-packages/airflow/example_dags/example_xcomargs.py
[2023-03-28T00:06:54.899+0200] {processor.py:743} INFO - Processing file /home/humbulani/miniconda3/envs/apache-airflow/lib/python3.8/site-packages/airflow/example_dags/example_xcomargs.py for tasks to queue
[2023-03-28T00:06:54.900+0200] {logging_mixin.py:137} INFO - [2023-03-28T00:06:54.900+0200] {dagbag.py:532} INFO - Filling up the DagBag from /home/humbulani/miniconda3/envs/apache-airflow/lib/python3.8/site-packages/airflow/example_dags/example_xcomargs.py
[2023-03-28T00:06:54.921+0200] {processor.py:753} INFO - DAG(s) dict_keys(['example_xcom_args_with_operators', 'example_xcom_args']) retrieved from /home/humbulani/miniconda3/envs/apache-airflow/lib/python3.8/site-packages/airflow/example_dags/example_xcomargs.py
[2023-03-28T00:06:54.940+0200] {logging_mixin.py:137} INFO - [2023-03-28T00:06:54.940+0200] {dag.py:2693} INFO - Sync 2 DAGs
[2023-03-28T00:06:54.957+0200] {logging_mixin.py:137} INFO - [2023-03-28T00:06:54.956+0200] {dag.py:3440} INFO - Setting next_dagrun for example_xcom_args to None, run_after=None
[2023-03-28T00:06:54.959+0200] {logging_mixin.py:137} INFO - [2023-03-28T00:06:54.959+0200] {dag.py:3440} INFO - Setting next_dagrun for example_xcom_args_with_operators to None, run_after=None
[2023-03-28T00:06:55.041+0200] {processor.py:175} INFO - Processing /home/humbulani/miniconda3/envs/apache-airflow/lib/python3.8/site-packages/airflow/example_dags/example_xcomargs.py took 0.148 seconds
[2023-03-28T00:07:44.585+0200] {processor.py:153} INFO - Started process (PID=22831) to work on /home/humbulani/miniconda3/envs/apache-airflow/lib/python3.8/site-packages/airflow/example_dags/example_xcomargs.py
[2023-03-28T00:07:44.607+0200] {processor.py:743} INFO - Processing file /home/humbulani/miniconda3/envs/apache-airflow/lib/python3.8/site-packages/airflow/example_dags/example_xcomargs.py for tasks to queue
[2023-03-28T00:07:44.607+0200] {logging_mixin.py:137} INFO - [2023-03-28T00:07:44.607+0200] {dagbag.py:532} INFO - Filling up the DagBag from /home/humbulani/miniconda3/envs/apache-airflow/lib/python3.8/site-packages/airflow/example_dags/example_xcomargs.py
[2023-03-28T00:07:44.628+0200] {processor.py:753} INFO - DAG(s) dict_keys(['example_xcom_args_with_operators', 'example_xcom_args']) retrieved from /home/humbulani/miniconda3/envs/apache-airflow/lib/python3.8/site-packages/airflow/example_dags/example_xcomargs.py
[2023-03-28T00:07:44.648+0200] {logging_mixin.py:137} INFO - [2023-03-28T00:07:44.648+0200] {dag.py:2693} INFO - Sync 2 DAGs
[2023-03-28T00:07:44.666+0200] {logging_mixin.py:137} INFO - [2023-03-28T00:07:44.665+0200] {dag.py:3440} INFO - Setting next_dagrun for example_xcom_args to None, run_after=None
[2023-03-28T00:07:44.668+0200] {logging_mixin.py:137} INFO - [2023-03-28T00:07:44.668+0200] {dag.py:3440} INFO - Setting next_dagrun for example_xcom_args_with_operators to None, run_after=None
[2023-03-28T00:07:44.819+0200] {processor.py:175} INFO - Processing /home/humbulani/miniconda3/envs/apache-airflow/lib/python3.8/site-packages/airflow/example_dags/example_xcomargs.py took 0.236 seconds
[2023-03-28T00:08:37.009+0200] {processor.py:153} INFO - Started process (PID=22932) to work on /home/humbulani/miniconda3/envs/apache-airflow/lib/python3.8/site-packages/airflow/example_dags/example_xcomargs.py
[2023-03-28T00:08:37.010+0200] {processor.py:743} INFO - Processing file /home/humbulani/miniconda3/envs/apache-airflow/lib/python3.8/site-packages/airflow/example_dags/example_xcomargs.py for tasks to queue
[2023-03-28T00:08:37.011+0200] {logging_mixin.py:137} INFO - [2023-03-28T00:08:37.010+0200] {dagbag.py:532} INFO - Filling up the DagBag from /home/humbulani/miniconda3/envs/apache-airflow/lib/python3.8/site-packages/airflow/example_dags/example_xcomargs.py
[2023-03-28T00:08:37.035+0200] {processor.py:753} INFO - DAG(s) dict_keys(['example_xcom_args_with_operators', 'example_xcom_args']) retrieved from /home/humbulani/miniconda3/envs/apache-airflow/lib/python3.8/site-packages/airflow/example_dags/example_xcomargs.py
[2023-03-28T00:08:37.056+0200] {logging_mixin.py:137} INFO - [2023-03-28T00:08:37.055+0200] {dag.py:2693} INFO - Sync 2 DAGs
[2023-03-28T00:08:37.162+0200] {logging_mixin.py:137} INFO - [2023-03-28T00:08:37.162+0200] {dag.py:3440} INFO - Setting next_dagrun for example_xcom_args to None, run_after=None
[2023-03-28T00:08:37.165+0200] {logging_mixin.py:137} INFO - [2023-03-28T00:08:37.165+0200] {dag.py:3440} INFO - Setting next_dagrun for example_xcom_args_with_operators to None, run_after=None
[2023-03-28T00:08:37.249+0200] {processor.py:175} INFO - Processing /home/humbulani/miniconda3/envs/apache-airflow/lib/python3.8/site-packages/airflow/example_dags/example_xcomargs.py took 0.244 seconds
[2023-03-28T00:09:16.375+0200] {processor.py:153} INFO - Started process (PID=22975) to work on /home/humbulani/miniconda3/envs/apache-airflow/lib/python3.8/site-packages/airflow/example_dags/example_xcomargs.py
[2023-03-28T00:09:16.387+0200] {processor.py:743} INFO - Processing file /home/humbulani/miniconda3/envs/apache-airflow/lib/python3.8/site-packages/airflow/example_dags/example_xcomargs.py for tasks to queue
[2023-03-28T00:09:16.388+0200] {logging_mixin.py:137} INFO - [2023-03-28T00:09:16.387+0200] {dagbag.py:532} INFO - Filling up the DagBag from /home/humbulani/miniconda3/envs/apache-airflow/lib/python3.8/site-packages/airflow/example_dags/example_xcomargs.py
[2023-03-28T00:09:16.409+0200] {processor.py:753} INFO - DAG(s) dict_keys(['example_xcom_args', 'example_xcom_args_with_operators']) retrieved from /home/humbulani/miniconda3/envs/apache-airflow/lib/python3.8/site-packages/airflow/example_dags/example_xcomargs.py
[2023-03-28T00:09:16.428+0200] {logging_mixin.py:137} INFO - [2023-03-28T00:09:16.428+0200] {dag.py:2693} INFO - Sync 2 DAGs
[2023-03-28T00:09:16.526+0200] {logging_mixin.py:137} INFO - [2023-03-28T00:09:16.525+0200] {dag.py:3440} INFO - Setting next_dagrun for example_xcom_args to None, run_after=None
[2023-03-28T00:09:16.528+0200] {logging_mixin.py:137} INFO - [2023-03-28T00:09:16.528+0200] {dag.py:3440} INFO - Setting next_dagrun for example_xcom_args_with_operators to None, run_after=None
[2023-03-28T00:09:16.600+0200] {processor.py:175} INFO - Processing /home/humbulani/miniconda3/envs/apache-airflow/lib/python3.8/site-packages/airflow/example_dags/example_xcomargs.py took 0.227 seconds
[2023-03-28T00:09:56.382+0200] {processor.py:153} INFO - Started process (PID=23011) to work on /home/humbulani/miniconda3/envs/apache-airflow/lib/python3.8/site-packages/airflow/example_dags/example_xcomargs.py
[2023-03-28T00:09:56.409+0200] {processor.py:743} INFO - Processing file /home/humbulani/miniconda3/envs/apache-airflow/lib/python3.8/site-packages/airflow/example_dags/example_xcomargs.py for tasks to queue
[2023-03-28T00:09:56.410+0200] {logging_mixin.py:137} INFO - [2023-03-28T00:09:56.410+0200] {dagbag.py:532} INFO - Filling up the DagBag from /home/humbulani/miniconda3/envs/apache-airflow/lib/python3.8/site-packages/airflow/example_dags/example_xcomargs.py
[2023-03-28T00:09:56.435+0200] {processor.py:753} INFO - DAG(s) dict_keys(['example_xcom_args', 'example_xcom_args_with_operators']) retrieved from /home/humbulani/miniconda3/envs/apache-airflow/lib/python3.8/site-packages/airflow/example_dags/example_xcomargs.py
[2023-03-28T00:09:56.535+0200] {logging_mixin.py:137} INFO - [2023-03-28T00:09:56.535+0200] {dag.py:2693} INFO - Sync 2 DAGs
[2023-03-28T00:09:56.550+0200] {logging_mixin.py:137} INFO - [2023-03-28T00:09:56.550+0200] {dag.py:3440} INFO - Setting next_dagrun for example_xcom_args to None, run_after=None
[2023-03-28T00:09:56.553+0200] {logging_mixin.py:137} INFO - [2023-03-28T00:09:56.552+0200] {dag.py:3440} INFO - Setting next_dagrun for example_xcom_args_with_operators to None, run_after=None
[2023-03-28T00:09:56.627+0200] {processor.py:175} INFO - Processing /home/humbulani/miniconda3/envs/apache-airflow/lib/python3.8/site-packages/airflow/example_dags/example_xcomargs.py took 0.248 seconds
[2023-03-28T00:10:35.928+0200] {processor.py:153} INFO - Started process (PID=23045) to work on /home/humbulani/miniconda3/envs/apache-airflow/lib/python3.8/site-packages/airflow/example_dags/example_xcomargs.py
[2023-03-28T00:10:35.945+0200] {processor.py:743} INFO - Processing file /home/humbulani/miniconda3/envs/apache-airflow/lib/python3.8/site-packages/airflow/example_dags/example_xcomargs.py for tasks to queue
[2023-03-28T00:10:35.946+0200] {logging_mixin.py:137} INFO - [2023-03-28T00:10:35.946+0200] {dagbag.py:532} INFO - Filling up the DagBag from /home/humbulani/miniconda3/envs/apache-airflow/lib/python3.8/site-packages/airflow/example_dags/example_xcomargs.py
[2023-03-28T00:10:35.967+0200] {processor.py:753} INFO - DAG(s) dict_keys(['example_xcom_args', 'example_xcom_args_with_operators']) retrieved from /home/humbulani/miniconda3/envs/apache-airflow/lib/python3.8/site-packages/airflow/example_dags/example_xcomargs.py
[2023-03-28T00:10:36.064+0200] {logging_mixin.py:137} INFO - [2023-03-28T00:10:36.063+0200] {dag.py:2693} INFO - Sync 2 DAGs
[2023-03-28T00:10:36.079+0200] {logging_mixin.py:137} INFO - [2023-03-28T00:10:36.079+0200] {dag.py:3440} INFO - Setting next_dagrun for example_xcom_args to None, run_after=None
[2023-03-28T00:10:36.082+0200] {logging_mixin.py:137} INFO - [2023-03-28T00:10:36.082+0200] {dag.py:3440} INFO - Setting next_dagrun for example_xcom_args_with_operators to None, run_after=None
[2023-03-28T00:10:36.163+0200] {processor.py:175} INFO - Processing /home/humbulani/miniconda3/envs/apache-airflow/lib/python3.8/site-packages/airflow/example_dags/example_xcomargs.py took 0.238 seconds
[2023-03-28T00:11:17.777+0200] {processor.py:153} INFO - Started process (PID=23084) to work on /home/humbulani/miniconda3/envs/apache-airflow/lib/python3.8/site-packages/airflow/example_dags/example_xcomargs.py
[2023-03-28T00:11:17.797+0200] {processor.py:743} INFO - Processing file /home/humbulani/miniconda3/envs/apache-airflow/lib/python3.8/site-packages/airflow/example_dags/example_xcomargs.py for tasks to queue
[2023-03-28T00:11:17.798+0200] {logging_mixin.py:137} INFO - [2023-03-28T00:11:17.798+0200] {dagbag.py:532} INFO - Filling up the DagBag from /home/humbulani/miniconda3/envs/apache-airflow/lib/python3.8/site-packages/airflow/example_dags/example_xcomargs.py
[2023-03-28T00:11:17.900+0200] {processor.py:753} INFO - DAG(s) dict_keys(['example_xcom_args_with_operators', 'example_xcom_args']) retrieved from /home/humbulani/miniconda3/envs/apache-airflow/lib/python3.8/site-packages/airflow/example_dags/example_xcomargs.py
[2023-03-28T00:11:17.916+0200] {logging_mixin.py:137} INFO - [2023-03-28T00:11:17.916+0200] {dag.py:2693} INFO - Sync 2 DAGs
[2023-03-28T00:11:17.932+0200] {logging_mixin.py:137} INFO - [2023-03-28T00:11:17.932+0200] {dag.py:3440} INFO - Setting next_dagrun for example_xcom_args to None, run_after=None
[2023-03-28T00:11:17.934+0200] {logging_mixin.py:137} INFO - [2023-03-28T00:11:17.934+0200] {dag.py:3440} INFO - Setting next_dagrun for example_xcom_args_with_operators to None, run_after=None
[2023-03-28T00:11:18.009+0200] {processor.py:175} INFO - Processing /home/humbulani/miniconda3/envs/apache-airflow/lib/python3.8/site-packages/airflow/example_dags/example_xcomargs.py took 0.234 seconds
[2023-03-28T00:12:04.762+0200] {processor.py:153} INFO - Started process (PID=23120) to work on /home/humbulani/miniconda3/envs/apache-airflow/lib/python3.8/site-packages/airflow/example_dags/example_xcomargs.py
[2023-03-28T00:12:04.767+0200] {processor.py:743} INFO - Processing file /home/humbulani/miniconda3/envs/apache-airflow/lib/python3.8/site-packages/airflow/example_dags/example_xcomargs.py for tasks to queue
[2023-03-28T00:12:04.768+0200] {logging_mixin.py:137} INFO - [2023-03-28T00:12:04.767+0200] {dagbag.py:532} INFO - Filling up the DagBag from /home/humbulani/miniconda3/envs/apache-airflow/lib/python3.8/site-packages/airflow/example_dags/example_xcomargs.py
[2023-03-28T00:12:04.869+0200] {processor.py:753} INFO - DAG(s) dict_keys(['example_xcom_args', 'example_xcom_args_with_operators']) retrieved from /home/humbulani/miniconda3/envs/apache-airflow/lib/python3.8/site-packages/airflow/example_dags/example_xcomargs.py
[2023-03-28T00:12:04.886+0200] {logging_mixin.py:137} INFO - [2023-03-28T00:12:04.885+0200] {dag.py:2693} INFO - Sync 2 DAGs
[2023-03-28T00:12:04.902+0200] {logging_mixin.py:137} INFO - [2023-03-28T00:12:04.902+0200] {dag.py:3440} INFO - Setting next_dagrun for example_xcom_args to None, run_after=None
[2023-03-28T00:12:04.905+0200] {logging_mixin.py:137} INFO - [2023-03-28T00:12:04.905+0200] {dag.py:3440} INFO - Setting next_dagrun for example_xcom_args_with_operators to None, run_after=None
[2023-03-28T00:12:04.985+0200] {processor.py:175} INFO - Processing /home/humbulani/miniconda3/envs/apache-airflow/lib/python3.8/site-packages/airflow/example_dags/example_xcomargs.py took 0.226 seconds
[2023-03-28T00:12:48.528+0200] {processor.py:153} INFO - Started process (PID=23186) to work on /home/humbulani/miniconda3/envs/apache-airflow/lib/python3.8/site-packages/airflow/example_dags/example_xcomargs.py
[2023-03-28T00:12:48.553+0200] {processor.py:743} INFO - Processing file /home/humbulani/miniconda3/envs/apache-airflow/lib/python3.8/site-packages/airflow/example_dags/example_xcomargs.py for tasks to queue
[2023-03-28T00:12:48.554+0200] {logging_mixin.py:137} INFO - [2023-03-28T00:12:48.554+0200] {dagbag.py:532} INFO - Filling up the DagBag from /home/humbulani/miniconda3/envs/apache-airflow/lib/python3.8/site-packages/airflow/example_dags/example_xcomargs.py
[2023-03-28T00:12:48.575+0200] {processor.py:753} INFO - DAG(s) dict_keys(['example_xcom_args', 'example_xcom_args_with_operators']) retrieved from /home/humbulani/miniconda3/envs/apache-airflow/lib/python3.8/site-packages/airflow/example_dags/example_xcomargs.py
[2023-03-28T00:12:48.595+0200] {logging_mixin.py:137} INFO - [2023-03-28T00:12:48.594+0200] {dag.py:2693} INFO - Sync 2 DAGs
[2023-03-28T00:12:48.613+0200] {logging_mixin.py:137} INFO - [2023-03-28T00:12:48.613+0200] {dag.py:3440} INFO - Setting next_dagrun for example_xcom_args to None, run_after=None
[2023-03-28T00:12:48.615+0200] {logging_mixin.py:137} INFO - [2023-03-28T00:12:48.615+0200] {dag.py:3440} INFO - Setting next_dagrun for example_xcom_args_with_operators to None, run_after=None
[2023-03-28T00:12:48.707+0200] {processor.py:175} INFO - Processing /home/humbulani/miniconda3/envs/apache-airflow/lib/python3.8/site-packages/airflow/example_dags/example_xcomargs.py took 0.182 seconds
[2023-03-28T00:13:34.384+0200] {processor.py:153} INFO - Started process (PID=23239) to work on /home/humbulani/miniconda3/envs/apache-airflow/lib/python3.8/site-packages/airflow/example_dags/example_xcomargs.py
[2023-03-28T00:13:34.385+0200] {processor.py:743} INFO - Processing file /home/humbulani/miniconda3/envs/apache-airflow/lib/python3.8/site-packages/airflow/example_dags/example_xcomargs.py for tasks to queue
[2023-03-28T00:13:34.385+0200] {logging_mixin.py:137} INFO - [2023-03-28T00:13:34.385+0200] {dagbag.py:532} INFO - Filling up the DagBag from /home/humbulani/miniconda3/envs/apache-airflow/lib/python3.8/site-packages/airflow/example_dags/example_xcomargs.py
[2023-03-28T00:13:34.411+0200] {processor.py:753} INFO - DAG(s) dict_keys(['example_xcom_args', 'example_xcom_args_with_operators']) retrieved from /home/humbulani/miniconda3/envs/apache-airflow/lib/python3.8/site-packages/airflow/example_dags/example_xcomargs.py
[2023-03-28T00:13:34.430+0200] {logging_mixin.py:137} INFO - [2023-03-28T00:13:34.430+0200] {dag.py:2693} INFO - Sync 2 DAGs
[2023-03-28T00:13:34.447+0200] {logging_mixin.py:137} INFO - [2023-03-28T00:13:34.447+0200] {dag.py:3440} INFO - Setting next_dagrun for example_xcom_args to None, run_after=None
[2023-03-28T00:13:34.450+0200] {logging_mixin.py:137} INFO - [2023-03-28T00:13:34.449+0200] {dag.py:3440} INFO - Setting next_dagrun for example_xcom_args_with_operators to None, run_after=None
[2023-03-28T00:13:34.524+0200] {processor.py:175} INFO - Processing /home/humbulani/miniconda3/envs/apache-airflow/lib/python3.8/site-packages/airflow/example_dags/example_xcomargs.py took 0.144 seconds
[2023-03-28T00:14:18.099+0200] {processor.py:153} INFO - Started process (PID=23283) to work on /home/humbulani/miniconda3/envs/apache-airflow/lib/python3.8/site-packages/airflow/example_dags/example_xcomargs.py
[2023-03-28T00:14:18.118+0200] {processor.py:743} INFO - Processing file /home/humbulani/miniconda3/envs/apache-airflow/lib/python3.8/site-packages/airflow/example_dags/example_xcomargs.py for tasks to queue
[2023-03-28T00:14:18.118+0200] {logging_mixin.py:137} INFO - [2023-03-28T00:14:18.118+0200] {dagbag.py:532} INFO - Filling up the DagBag from /home/humbulani/miniconda3/envs/apache-airflow/lib/python3.8/site-packages/airflow/example_dags/example_xcomargs.py
[2023-03-28T00:14:18.140+0200] {processor.py:753} INFO - DAG(s) dict_keys(['example_xcom_args', 'example_xcom_args_with_operators']) retrieved from /home/humbulani/miniconda3/envs/apache-airflow/lib/python3.8/site-packages/airflow/example_dags/example_xcomargs.py
[2023-03-28T00:14:18.159+0200] {logging_mixin.py:137} INFO - [2023-03-28T00:14:18.159+0200] {dag.py:2693} INFO - Sync 2 DAGs
[2023-03-28T00:14:18.176+0200] {logging_mixin.py:137} INFO - [2023-03-28T00:14:18.176+0200] {dag.py:3440} INFO - Setting next_dagrun for example_xcom_args to None, run_after=None
[2023-03-28T00:14:18.179+0200] {logging_mixin.py:137} INFO - [2023-03-28T00:14:18.179+0200] {dag.py:3440} INFO - Setting next_dagrun for example_xcom_args_with_operators to None, run_after=None
[2023-03-28T00:14:18.260+0200] {processor.py:175} INFO - Processing /home/humbulani/miniconda3/envs/apache-airflow/lib/python3.8/site-packages/airflow/example_dags/example_xcomargs.py took 0.164 seconds
[2023-03-28T00:15:07.561+0200] {processor.py:153} INFO - Started process (PID=23332) to work on /home/humbulani/miniconda3/envs/apache-airflow/lib/python3.8/site-packages/airflow/example_dags/example_xcomargs.py
[2023-03-28T00:15:07.562+0200] {processor.py:743} INFO - Processing file /home/humbulani/miniconda3/envs/apache-airflow/lib/python3.8/site-packages/airflow/example_dags/example_xcomargs.py for tasks to queue
[2023-03-28T00:15:07.562+0200] {logging_mixin.py:137} INFO - [2023-03-28T00:15:07.562+0200] {dagbag.py:532} INFO - Filling up the DagBag from /home/humbulani/miniconda3/envs/apache-airflow/lib/python3.8/site-packages/airflow/example_dags/example_xcomargs.py
[2023-03-28T00:15:07.584+0200] {processor.py:753} INFO - DAG(s) dict_keys(['example_xcom_args', 'example_xcom_args_with_operators']) retrieved from /home/humbulani/miniconda3/envs/apache-airflow/lib/python3.8/site-packages/airflow/example_dags/example_xcomargs.py
[2023-03-28T00:15:07.603+0200] {logging_mixin.py:137} INFO - [2023-03-28T00:15:07.603+0200] {dag.py:2693} INFO - Sync 2 DAGs
[2023-03-28T00:15:07.621+0200] {logging_mixin.py:137} INFO - [2023-03-28T00:15:07.621+0200] {dag.py:3440} INFO - Setting next_dagrun for example_xcom_args to None, run_after=None
[2023-03-28T00:15:07.623+0200] {logging_mixin.py:137} INFO - [2023-03-28T00:15:07.623+0200] {dag.py:3440} INFO - Setting next_dagrun for example_xcom_args_with_operators to None, run_after=None
[2023-03-28T00:15:07.720+0200] {processor.py:175} INFO - Processing /home/humbulani/miniconda3/envs/apache-airflow/lib/python3.8/site-packages/airflow/example_dags/example_xcomargs.py took 0.162 seconds
[2023-03-28T00:15:53.276+0200] {processor.py:153} INFO - Started process (PID=23411) to work on /home/humbulani/miniconda3/envs/apache-airflow/lib/python3.8/site-packages/airflow/example_dags/example_xcomargs.py
[2023-03-28T00:15:53.277+0200] {processor.py:743} INFO - Processing file /home/humbulani/miniconda3/envs/apache-airflow/lib/python3.8/site-packages/airflow/example_dags/example_xcomargs.py for tasks to queue
[2023-03-28T00:15:53.277+0200] {logging_mixin.py:137} INFO - [2023-03-28T00:15:53.277+0200] {dagbag.py:532} INFO - Filling up the DagBag from /home/humbulani/miniconda3/envs/apache-airflow/lib/python3.8/site-packages/airflow/example_dags/example_xcomargs.py
[2023-03-28T00:15:53.300+0200] {processor.py:753} INFO - DAG(s) dict_keys(['example_xcom_args', 'example_xcom_args_with_operators']) retrieved from /home/humbulani/miniconda3/envs/apache-airflow/lib/python3.8/site-packages/airflow/example_dags/example_xcomargs.py
[2023-03-28T00:15:53.319+0200] {logging_mixin.py:137} INFO - [2023-03-28T00:15:53.319+0200] {dag.py:2693} INFO - Sync 2 DAGs
[2023-03-28T00:15:53.337+0200] {logging_mixin.py:137} INFO - [2023-03-28T00:15:53.337+0200] {dag.py:3440} INFO - Setting next_dagrun for example_xcom_args to None, run_after=None
[2023-03-28T00:15:53.340+0200] {logging_mixin.py:137} INFO - [2023-03-28T00:15:53.340+0200] {dag.py:3440} INFO - Setting next_dagrun for example_xcom_args_with_operators to None, run_after=None
[2023-03-28T00:15:53.426+0200] {processor.py:175} INFO - Processing /home/humbulani/miniconda3/envs/apache-airflow/lib/python3.8/site-packages/airflow/example_dags/example_xcomargs.py took 0.152 seconds
[2023-03-28T00:16:44.120+0200] {processor.py:153} INFO - Started process (PID=23484) to work on /home/humbulani/miniconda3/envs/apache-airflow/lib/python3.8/site-packages/airflow/example_dags/example_xcomargs.py
[2023-03-28T00:16:44.121+0200] {processor.py:743} INFO - Processing file /home/humbulani/miniconda3/envs/apache-airflow/lib/python3.8/site-packages/airflow/example_dags/example_xcomargs.py for tasks to queue
[2023-03-28T00:16:44.122+0200] {logging_mixin.py:137} INFO - [2023-03-28T00:16:44.122+0200] {dagbag.py:532} INFO - Filling up the DagBag from /home/humbulani/miniconda3/envs/apache-airflow/lib/python3.8/site-packages/airflow/example_dags/example_xcomargs.py
[2023-03-28T00:16:44.144+0200] {processor.py:753} INFO - DAG(s) dict_keys(['example_xcom_args_with_operators', 'example_xcom_args']) retrieved from /home/humbulani/miniconda3/envs/apache-airflow/lib/python3.8/site-packages/airflow/example_dags/example_xcomargs.py
[2023-03-28T00:16:44.165+0200] {logging_mixin.py:137} INFO - [2023-03-28T00:16:44.165+0200] {dag.py:2693} INFO - Sync 2 DAGs
[2023-03-28T00:16:44.185+0200] {logging_mixin.py:137} INFO - [2023-03-28T00:16:44.184+0200] {dag.py:3440} INFO - Setting next_dagrun for example_xcom_args to None, run_after=None
[2023-03-28T00:16:44.187+0200] {logging_mixin.py:137} INFO - [2023-03-28T00:16:44.187+0200] {dag.py:3440} INFO - Setting next_dagrun for example_xcom_args_with_operators to None, run_after=None
[2023-03-28T00:16:44.267+0200] {processor.py:175} INFO - Processing /home/humbulani/miniconda3/envs/apache-airflow/lib/python3.8/site-packages/airflow/example_dags/example_xcomargs.py took 0.149 seconds
[2023-03-28T00:17:33.172+0200] {processor.py:153} INFO - Started process (PID=23600) to work on /home/humbulani/miniconda3/envs/apache-airflow/lib/python3.8/site-packages/airflow/example_dags/example_xcomargs.py
[2023-03-28T00:17:33.173+0200] {processor.py:743} INFO - Processing file /home/humbulani/miniconda3/envs/apache-airflow/lib/python3.8/site-packages/airflow/example_dags/example_xcomargs.py for tasks to queue
[2023-03-28T00:17:33.174+0200] {logging_mixin.py:137} INFO - [2023-03-28T00:17:33.174+0200] {dagbag.py:532} INFO - Filling up the DagBag from /home/humbulani/miniconda3/envs/apache-airflow/lib/python3.8/site-packages/airflow/example_dags/example_xcomargs.py
[2023-03-28T00:17:33.199+0200] {processor.py:753} INFO - DAG(s) dict_keys(['example_xcom_args_with_operators', 'example_xcom_args']) retrieved from /home/humbulani/miniconda3/envs/apache-airflow/lib/python3.8/site-packages/airflow/example_dags/example_xcomargs.py
[2023-03-28T00:17:33.219+0200] {logging_mixin.py:137} INFO - [2023-03-28T00:17:33.219+0200] {dag.py:2693} INFO - Sync 2 DAGs
[2023-03-28T00:17:33.236+0200] {logging_mixin.py:137} INFO - [2023-03-28T00:17:33.236+0200] {dag.py:3440} INFO - Setting next_dagrun for example_xcom_args to None, run_after=None
[2023-03-28T00:17:33.239+0200] {logging_mixin.py:137} INFO - [2023-03-28T00:17:33.238+0200] {dag.py:3440} INFO - Setting next_dagrun for example_xcom_args_with_operators to None, run_after=None
[2023-03-28T00:17:33.401+0200] {processor.py:175} INFO - Processing /home/humbulani/miniconda3/envs/apache-airflow/lib/python3.8/site-packages/airflow/example_dags/example_xcomargs.py took 0.232 seconds
[2023-03-28T00:18:16.265+0200] {processor.py:153} INFO - Started process (PID=23645) to work on /home/humbulani/miniconda3/envs/apache-airflow/lib/python3.8/site-packages/airflow/example_dags/example_xcomargs.py
[2023-03-28T00:18:16.266+0200] {processor.py:743} INFO - Processing file /home/humbulani/miniconda3/envs/apache-airflow/lib/python3.8/site-packages/airflow/example_dags/example_xcomargs.py for tasks to queue
[2023-03-28T00:18:16.266+0200] {logging_mixin.py:137} INFO - [2023-03-28T00:18:16.266+0200] {dagbag.py:532} INFO - Filling up the DagBag from /home/humbulani/miniconda3/envs/apache-airflow/lib/python3.8/site-packages/airflow/example_dags/example_xcomargs.py
[2023-03-28T00:18:16.291+0200] {processor.py:753} INFO - DAG(s) dict_keys(['example_xcom_args', 'example_xcom_args_with_operators']) retrieved from /home/humbulani/miniconda3/envs/apache-airflow/lib/python3.8/site-packages/airflow/example_dags/example_xcomargs.py
[2023-03-28T00:18:16.310+0200] {logging_mixin.py:137} INFO - [2023-03-28T00:18:16.310+0200] {dag.py:2693} INFO - Sync 2 DAGs
[2023-03-28T00:18:16.327+0200] {logging_mixin.py:137} INFO - [2023-03-28T00:18:16.326+0200] {dag.py:3440} INFO - Setting next_dagrun for example_xcom_args to None, run_after=None
[2023-03-28T00:18:16.329+0200] {logging_mixin.py:137} INFO - [2023-03-28T00:18:16.329+0200] {dag.py:3440} INFO - Setting next_dagrun for example_xcom_args_with_operators to None, run_after=None
[2023-03-28T00:18:16.508+0200] {processor.py:175} INFO - Processing /home/humbulani/miniconda3/envs/apache-airflow/lib/python3.8/site-packages/airflow/example_dags/example_xcomargs.py took 0.246 seconds
[2023-03-28T00:19:03.627+0200] {processor.py:153} INFO - Started process (PID=23689) to work on /home/humbulani/miniconda3/envs/apache-airflow/lib/python3.8/site-packages/airflow/example_dags/example_xcomargs.py
[2023-03-28T00:19:03.627+0200] {processor.py:743} INFO - Processing file /home/humbulani/miniconda3/envs/apache-airflow/lib/python3.8/site-packages/airflow/example_dags/example_xcomargs.py for tasks to queue
[2023-03-28T00:19:03.628+0200] {logging_mixin.py:137} INFO - [2023-03-28T00:19:03.628+0200] {dagbag.py:532} INFO - Filling up the DagBag from /home/humbulani/miniconda3/envs/apache-airflow/lib/python3.8/site-packages/airflow/example_dags/example_xcomargs.py
[2023-03-28T00:19:03.650+0200] {processor.py:753} INFO - DAG(s) dict_keys(['example_xcom_args', 'example_xcom_args_with_operators']) retrieved from /home/humbulani/miniconda3/envs/apache-airflow/lib/python3.8/site-packages/airflow/example_dags/example_xcomargs.py
[2023-03-28T00:19:03.670+0200] {logging_mixin.py:137} INFO - [2023-03-28T00:19:03.670+0200] {dag.py:2693} INFO - Sync 2 DAGs
[2023-03-28T00:19:03.687+0200] {logging_mixin.py:137} INFO - [2023-03-28T00:19:03.687+0200] {dag.py:3440} INFO - Setting next_dagrun for example_xcom_args to None, run_after=None
[2023-03-28T00:19:03.690+0200] {logging_mixin.py:137} INFO - [2023-03-28T00:19:03.690+0200] {dag.py:3440} INFO - Setting next_dagrun for example_xcom_args_with_operators to None, run_after=None
[2023-03-28T00:19:03.803+0200] {processor.py:175} INFO - Processing /home/humbulani/miniconda3/envs/apache-airflow/lib/python3.8/site-packages/airflow/example_dags/example_xcomargs.py took 0.180 seconds
[2023-03-28T00:19:50.004+0200] {processor.py:153} INFO - Started process (PID=23735) to work on /home/humbulani/miniconda3/envs/apache-airflow/lib/python3.8/site-packages/airflow/example_dags/example_xcomargs.py
[2023-03-28T00:19:50.015+0200] {processor.py:743} INFO - Processing file /home/humbulani/miniconda3/envs/apache-airflow/lib/python3.8/site-packages/airflow/example_dags/example_xcomargs.py for tasks to queue
[2023-03-28T00:19:50.016+0200] {logging_mixin.py:137} INFO - [2023-03-28T00:19:50.016+0200] {dagbag.py:532} INFO - Filling up the DagBag from /home/humbulani/miniconda3/envs/apache-airflow/lib/python3.8/site-packages/airflow/example_dags/example_xcomargs.py
[2023-03-28T00:19:50.044+0200] {processor.py:753} INFO - DAG(s) dict_keys(['example_xcom_args_with_operators', 'example_xcom_args']) retrieved from /home/humbulani/miniconda3/envs/apache-airflow/lib/python3.8/site-packages/airflow/example_dags/example_xcomargs.py
[2023-03-28T00:19:50.064+0200] {logging_mixin.py:137} INFO - [2023-03-28T00:19:50.063+0200] {dag.py:2693} INFO - Sync 2 DAGs
[2023-03-28T00:19:50.081+0200] {logging_mixin.py:137} INFO - [2023-03-28T00:19:50.081+0200] {dag.py:3440} INFO - Setting next_dagrun for example_xcom_args to None, run_after=None
[2023-03-28T00:19:50.084+0200] {logging_mixin.py:137} INFO - [2023-03-28T00:19:50.084+0200] {dag.py:3440} INFO - Setting next_dagrun for example_xcom_args_with_operators to None, run_after=None
[2023-03-28T00:19:50.178+0200] {processor.py:175} INFO - Processing /home/humbulani/miniconda3/envs/apache-airflow/lib/python3.8/site-packages/airflow/example_dags/example_xcomargs.py took 0.178 seconds
[2023-03-28T00:20:42.231+0200] {processor.py:153} INFO - Started process (PID=23785) to work on /home/humbulani/miniconda3/envs/apache-airflow/lib/python3.8/site-packages/airflow/example_dags/example_xcomargs.py
[2023-03-28T00:20:42.247+0200] {processor.py:743} INFO - Processing file /home/humbulani/miniconda3/envs/apache-airflow/lib/python3.8/site-packages/airflow/example_dags/example_xcomargs.py for tasks to queue
[2023-03-28T00:20:42.247+0200] {logging_mixin.py:137} INFO - [2023-03-28T00:20:42.247+0200] {dagbag.py:532} INFO - Filling up the DagBag from /home/humbulani/miniconda3/envs/apache-airflow/lib/python3.8/site-packages/airflow/example_dags/example_xcomargs.py
[2023-03-28T00:20:42.271+0200] {processor.py:753} INFO - DAG(s) dict_keys(['example_xcom_args_with_operators', 'example_xcom_args']) retrieved from /home/humbulani/miniconda3/envs/apache-airflow/lib/python3.8/site-packages/airflow/example_dags/example_xcomargs.py
[2023-03-28T00:20:42.292+0200] {logging_mixin.py:137} INFO - [2023-03-28T00:20:42.292+0200] {dag.py:2693} INFO - Sync 2 DAGs
[2023-03-28T00:20:42.311+0200] {logging_mixin.py:137} INFO - [2023-03-28T00:20:42.311+0200] {dag.py:3440} INFO - Setting next_dagrun for example_xcom_args to None, run_after=None
[2023-03-28T00:20:42.314+0200] {logging_mixin.py:137} INFO - [2023-03-28T00:20:42.314+0200] {dag.py:3440} INFO - Setting next_dagrun for example_xcom_args_with_operators to None, run_after=None
[2023-03-28T00:20:42.419+0200] {processor.py:175} INFO - Processing /home/humbulani/miniconda3/envs/apache-airflow/lib/python3.8/site-packages/airflow/example_dags/example_xcomargs.py took 0.190 seconds
[2023-03-28T00:21:24.716+0200] {processor.py:153} INFO - Started process (PID=23837) to work on /home/humbulani/miniconda3/envs/apache-airflow/lib/python3.8/site-packages/airflow/example_dags/example_xcomargs.py
[2023-03-28T00:21:24.732+0200] {processor.py:743} INFO - Processing file /home/humbulani/miniconda3/envs/apache-airflow/lib/python3.8/site-packages/airflow/example_dags/example_xcomargs.py for tasks to queue
[2023-03-28T00:21:24.732+0200] {logging_mixin.py:137} INFO - [2023-03-28T00:21:24.732+0200] {dagbag.py:532} INFO - Filling up the DagBag from /home/humbulani/miniconda3/envs/apache-airflow/lib/python3.8/site-packages/airflow/example_dags/example_xcomargs.py
[2023-03-28T00:21:24.760+0200] {processor.py:753} INFO - DAG(s) dict_keys(['example_xcom_args_with_operators', 'example_xcom_args']) retrieved from /home/humbulani/miniconda3/envs/apache-airflow/lib/python3.8/site-packages/airflow/example_dags/example_xcomargs.py
[2023-03-28T00:21:24.781+0200] {logging_mixin.py:137} INFO - [2023-03-28T00:21:24.780+0200] {dag.py:2693} INFO - Sync 2 DAGs
[2023-03-28T00:21:24.805+0200] {logging_mixin.py:137} INFO - [2023-03-28T00:21:24.805+0200] {dag.py:3440} INFO - Setting next_dagrun for example_xcom_args to None, run_after=None
[2023-03-28T00:21:24.808+0200] {logging_mixin.py:137} INFO - [2023-03-28T00:21:24.807+0200] {dag.py:3440} INFO - Setting next_dagrun for example_xcom_args_with_operators to None, run_after=None
[2023-03-28T00:21:24.880+0200] {processor.py:175} INFO - Processing /home/humbulani/miniconda3/envs/apache-airflow/lib/python3.8/site-packages/airflow/example_dags/example_xcomargs.py took 0.168 seconds
[2023-03-28T00:22:06.549+0200] {processor.py:153} INFO - Started process (PID=23874) to work on /home/humbulani/miniconda3/envs/apache-airflow/lib/python3.8/site-packages/airflow/example_dags/example_xcomargs.py
[2023-03-28T00:22:06.570+0200] {processor.py:743} INFO - Processing file /home/humbulani/miniconda3/envs/apache-airflow/lib/python3.8/site-packages/airflow/example_dags/example_xcomargs.py for tasks to queue
[2023-03-28T00:22:06.571+0200] {logging_mixin.py:137} INFO - [2023-03-28T00:22:06.571+0200] {dagbag.py:532} INFO - Filling up the DagBag from /home/humbulani/miniconda3/envs/apache-airflow/lib/python3.8/site-packages/airflow/example_dags/example_xcomargs.py
[2023-03-28T00:22:06.596+0200] {processor.py:753} INFO - DAG(s) dict_keys(['example_xcom_args_with_operators', 'example_xcom_args']) retrieved from /home/humbulani/miniconda3/envs/apache-airflow/lib/python3.8/site-packages/airflow/example_dags/example_xcomargs.py
[2023-03-28T00:22:06.620+0200] {logging_mixin.py:137} INFO - [2023-03-28T00:22:06.620+0200] {dag.py:2693} INFO - Sync 2 DAGs
[2023-03-28T00:22:06.640+0200] {logging_mixin.py:137} INFO - [2023-03-28T00:22:06.640+0200] {dag.py:3440} INFO - Setting next_dagrun for example_xcom_args to None, run_after=None
[2023-03-28T00:22:06.643+0200] {logging_mixin.py:137} INFO - [2023-03-28T00:22:06.643+0200] {dag.py:3440} INFO - Setting next_dagrun for example_xcom_args_with_operators to None, run_after=None
[2023-03-28T00:22:06.711+0200] {processor.py:175} INFO - Processing /home/humbulani/miniconda3/envs/apache-airflow/lib/python3.8/site-packages/airflow/example_dags/example_xcomargs.py took 0.164 seconds
