[2023-03-28T00:04:23.451+0200] {processor.py:153} INFO - Started process (PID=22570) to work on /home/humbulani/miniconda3/envs/apache-airflow/lib/python3.8/site-packages/airflow/example_dags/example_datasets.py
[2023-03-28T00:04:23.452+0200] {processor.py:743} INFO - Processing file /home/humbulani/miniconda3/envs/apache-airflow/lib/python3.8/site-packages/airflow/example_dags/example_datasets.py for tasks to queue
[2023-03-28T00:04:23.452+0200] {logging_mixin.py:137} INFO - [2023-03-28T00:04:23.452+0200] {dagbag.py:532} INFO - Filling up the DagBag from /home/humbulani/miniconda3/envs/apache-airflow/lib/python3.8/site-packages/airflow/example_dags/example_datasets.py
[2023-03-28T00:04:23.468+0200] {processor.py:753} INFO - DAG(s) dict_keys(['dataset_consumes_1_and_2', 'dataset_consumes_1', 'dataset_produces_2', 'dataset_produces_1', 'dataset_consumes_1_never_scheduled', 'dataset_consumes_unknown_never_scheduled']) retrieved from /home/humbulani/miniconda3/envs/apache-airflow/lib/python3.8/site-packages/airflow/example_dags/example_datasets.py
[2023-03-28T00:04:25.492+0200] {logging_mixin.py:137} INFO - [2023-03-28T00:04:25.492+0200] {dag.py:2693} INFO - Sync 6 DAGs
[2023-03-28T00:04:25.515+0200] {logging_mixin.py:137} INFO - [2023-03-28T00:04:25.515+0200] {dag.py:3440} INFO - Setting next_dagrun for dataset_consumes_1 to None, run_after=None
[2023-03-28T00:04:25.518+0200] {logging_mixin.py:137} INFO - [2023-03-28T00:04:25.518+0200] {dag.py:3440} INFO - Setting next_dagrun for dataset_consumes_1_and_2 to None, run_after=None
[2023-03-28T00:04:25.520+0200] {logging_mixin.py:137} INFO - [2023-03-28T00:04:25.519+0200] {dag.py:3440} INFO - Setting next_dagrun for dataset_consumes_1_never_scheduled to None, run_after=None
[2023-03-28T00:04:25.521+0200] {logging_mixin.py:137} INFO - [2023-03-28T00:04:25.521+0200] {dag.py:3440} INFO - Setting next_dagrun for dataset_consumes_unknown_never_scheduled to None, run_after=None
[2023-03-28T00:04:25.526+0200] {logging_mixin.py:137} INFO - [2023-03-28T00:04:25.526+0200] {dag.py:3440} INFO - Setting next_dagrun for dataset_produces_1 to 2023-03-26T00:00:00+00:00, run_after=2023-03-27T00:00:00+00:00
[2023-03-28T00:04:25.528+0200] {logging_mixin.py:137} INFO - [2023-03-28T00:04:25.527+0200] {dag.py:3440} INFO - Setting next_dagrun for dataset_produces_2 to None, run_after=None
[2023-03-28T00:04:25.651+0200] {processor.py:175} INFO - Processing /home/humbulani/miniconda3/envs/apache-airflow/lib/python3.8/site-packages/airflow/example_dags/example_datasets.py took 2.203 seconds
[2023-03-28T00:05:27.508+0200] {processor.py:153} INFO - Started process (PID=22624) to work on /home/humbulani/miniconda3/envs/apache-airflow/lib/python3.8/site-packages/airflow/example_dags/example_datasets.py
[2023-03-28T00:05:27.509+0200] {processor.py:743} INFO - Processing file /home/humbulani/miniconda3/envs/apache-airflow/lib/python3.8/site-packages/airflow/example_dags/example_datasets.py for tasks to queue
[2023-03-28T00:05:27.510+0200] {logging_mixin.py:137} INFO - [2023-03-28T00:05:27.510+0200] {dagbag.py:532} INFO - Filling up the DagBag from /home/humbulani/miniconda3/envs/apache-airflow/lib/python3.8/site-packages/airflow/example_dags/example_datasets.py
[2023-03-28T00:05:27.526+0200] {processor.py:753} INFO - DAG(s) dict_keys(['dataset_consumes_unknown_never_scheduled', 'dataset_consumes_1', 'dataset_consumes_1_never_scheduled', 'dataset_consumes_1_and_2', 'dataset_produces_1', 'dataset_produces_2']) retrieved from /home/humbulani/miniconda3/envs/apache-airflow/lib/python3.8/site-packages/airflow/example_dags/example_datasets.py
[2023-03-28T00:05:27.553+0200] {logging_mixin.py:137} INFO - [2023-03-28T00:05:27.553+0200] {dag.py:2693} INFO - Sync 6 DAGs
[2023-03-28T00:05:27.572+0200] {logging_mixin.py:137} INFO - [2023-03-28T00:05:27.572+0200] {dag.py:3440} INFO - Setting next_dagrun for dataset_consumes_1 to None, run_after=None
[2023-03-28T00:05:27.574+0200] {logging_mixin.py:137} INFO - [2023-03-28T00:05:27.574+0200] {dag.py:3440} INFO - Setting next_dagrun for dataset_consumes_1_and_2 to None, run_after=None
[2023-03-28T00:05:27.575+0200] {logging_mixin.py:137} INFO - [2023-03-28T00:05:27.575+0200] {dag.py:3440} INFO - Setting next_dagrun for dataset_consumes_1_never_scheduled to None, run_after=None
[2023-03-28T00:05:27.576+0200] {logging_mixin.py:137} INFO - [2023-03-28T00:05:27.576+0200] {dag.py:3440} INFO - Setting next_dagrun for dataset_consumes_unknown_never_scheduled to None, run_after=None
[2023-03-28T00:05:27.578+0200] {logging_mixin.py:137} INFO - [2023-03-28T00:05:27.578+0200] {dag.py:3440} INFO - Setting next_dagrun for dataset_produces_1 to 2023-03-26T00:00:00+00:00, run_after=2023-03-27T00:00:00+00:00
[2023-03-28T00:05:27.579+0200] {logging_mixin.py:137} INFO - [2023-03-28T00:05:27.579+0200] {dag.py:3440} INFO - Setting next_dagrun for dataset_produces_2 to None, run_after=None
[2023-03-28T00:05:27.679+0200] {processor.py:175} INFO - Processing /home/humbulani/miniconda3/envs/apache-airflow/lib/python3.8/site-packages/airflow/example_dags/example_datasets.py took 0.172 seconds
[2023-03-28T00:06:13.407+0200] {processor.py:153} INFO - Started process (PID=22744) to work on /home/humbulani/miniconda3/envs/apache-airflow/lib/python3.8/site-packages/airflow/example_dags/example_datasets.py
[2023-03-28T00:06:13.422+0200] {processor.py:743} INFO - Processing file /home/humbulani/miniconda3/envs/apache-airflow/lib/python3.8/site-packages/airflow/example_dags/example_datasets.py for tasks to queue
[2023-03-28T00:06:13.422+0200] {logging_mixin.py:137} INFO - [2023-03-28T00:06:13.422+0200] {dagbag.py:532} INFO - Filling up the DagBag from /home/humbulani/miniconda3/envs/apache-airflow/lib/python3.8/site-packages/airflow/example_dags/example_datasets.py
[2023-03-28T00:06:13.441+0200] {processor.py:753} INFO - DAG(s) dict_keys(['dataset_consumes_unknown_never_scheduled', 'dataset_consumes_1', 'dataset_consumes_1_never_scheduled', 'dataset_produces_1', 'dataset_produces_2', 'dataset_consumes_1_and_2']) retrieved from /home/humbulani/miniconda3/envs/apache-airflow/lib/python3.8/site-packages/airflow/example_dags/example_datasets.py
[2023-03-28T00:06:13.476+0200] {logging_mixin.py:137} INFO - [2023-03-28T00:06:13.476+0200] {dag.py:2693} INFO - Sync 6 DAGs
[2023-03-28T00:06:13.499+0200] {logging_mixin.py:137} INFO - [2023-03-28T00:06:13.499+0200] {dag.py:3440} INFO - Setting next_dagrun for dataset_consumes_1 to None, run_after=None
[2023-03-28T00:06:13.503+0200] {logging_mixin.py:137} INFO - [2023-03-28T00:06:13.503+0200] {dag.py:3440} INFO - Setting next_dagrun for dataset_consumes_1_and_2 to None, run_after=None
[2023-03-28T00:06:13.504+0200] {logging_mixin.py:137} INFO - [2023-03-28T00:06:13.503+0200] {dag.py:3440} INFO - Setting next_dagrun for dataset_consumes_1_never_scheduled to None, run_after=None
[2023-03-28T00:06:13.504+0200] {logging_mixin.py:137} INFO - [2023-03-28T00:06:13.504+0200] {dag.py:3440} INFO - Setting next_dagrun for dataset_consumes_unknown_never_scheduled to None, run_after=None
[2023-03-28T00:06:13.506+0200] {logging_mixin.py:137} INFO - [2023-03-28T00:06:13.506+0200] {dag.py:3440} INFO - Setting next_dagrun for dataset_produces_1 to 2023-03-26T00:00:00+00:00, run_after=2023-03-27T00:00:00+00:00
[2023-03-28T00:06:13.507+0200] {logging_mixin.py:137} INFO - [2023-03-28T00:06:13.507+0200] {dag.py:3440} INFO - Setting next_dagrun for dataset_produces_2 to None, run_after=None
[2023-03-28T00:06:13.598+0200] {processor.py:175} INFO - Processing /home/humbulani/miniconda3/envs/apache-airflow/lib/python3.8/site-packages/airflow/example_dags/example_datasets.py took 0.193 seconds
[2023-03-28T00:06:58.095+0200] {processor.py:153} INFO - Started process (PID=22788) to work on /home/humbulani/miniconda3/envs/apache-airflow/lib/python3.8/site-packages/airflow/example_dags/example_datasets.py
[2023-03-28T00:06:58.108+0200] {processor.py:743} INFO - Processing file /home/humbulani/miniconda3/envs/apache-airflow/lib/python3.8/site-packages/airflow/example_dags/example_datasets.py for tasks to queue
[2023-03-28T00:06:58.108+0200] {logging_mixin.py:137} INFO - [2023-03-28T00:06:58.108+0200] {dagbag.py:532} INFO - Filling up the DagBag from /home/humbulani/miniconda3/envs/apache-airflow/lib/python3.8/site-packages/airflow/example_dags/example_datasets.py
[2023-03-28T00:06:58.126+0200] {processor.py:753} INFO - DAG(s) dict_keys(['dataset_produces_2', 'dataset_consumes_unknown_never_scheduled', 'dataset_produces_1', 'dataset_consumes_1', 'dataset_consumes_1_never_scheduled', 'dataset_consumes_1_and_2']) retrieved from /home/humbulani/miniconda3/envs/apache-airflow/lib/python3.8/site-packages/airflow/example_dags/example_datasets.py
[2023-03-28T00:06:58.156+0200] {logging_mixin.py:137} INFO - [2023-03-28T00:06:58.156+0200] {dag.py:2693} INFO - Sync 6 DAGs
[2023-03-28T00:06:58.174+0200] {logging_mixin.py:137} INFO - [2023-03-28T00:06:58.173+0200] {dag.py:3440} INFO - Setting next_dagrun for dataset_consumes_1 to None, run_after=None
[2023-03-28T00:06:58.176+0200] {logging_mixin.py:137} INFO - [2023-03-28T00:06:58.176+0200] {dag.py:3440} INFO - Setting next_dagrun for dataset_consumes_1_and_2 to None, run_after=None
[2023-03-28T00:06:58.177+0200] {logging_mixin.py:137} INFO - [2023-03-28T00:06:58.177+0200] {dag.py:3440} INFO - Setting next_dagrun for dataset_consumes_1_never_scheduled to None, run_after=None
[2023-03-28T00:06:58.178+0200] {logging_mixin.py:137} INFO - [2023-03-28T00:06:58.178+0200] {dag.py:3440} INFO - Setting next_dagrun for dataset_consumes_unknown_never_scheduled to None, run_after=None
[2023-03-28T00:06:58.180+0200] {logging_mixin.py:137} INFO - [2023-03-28T00:06:58.180+0200] {dag.py:3440} INFO - Setting next_dagrun for dataset_produces_1 to 2023-03-26T00:00:00+00:00, run_after=2023-03-27T00:00:00+00:00
[2023-03-28T00:06:58.181+0200] {logging_mixin.py:137} INFO - [2023-03-28T00:06:58.181+0200] {dag.py:3440} INFO - Setting next_dagrun for dataset_produces_2 to None, run_after=None
[2023-03-28T00:06:58.284+0200] {processor.py:175} INFO - Processing /home/humbulani/miniconda3/envs/apache-airflow/lib/python3.8/site-packages/airflow/example_dags/example_datasets.py took 0.193 seconds
[2023-03-28T00:07:50.706+0200] {processor.py:153} INFO - Started process (PID=22868) to work on /home/humbulani/miniconda3/envs/apache-airflow/lib/python3.8/site-packages/airflow/example_dags/example_datasets.py
[2023-03-28T00:07:50.707+0200] {processor.py:743} INFO - Processing file /home/humbulani/miniconda3/envs/apache-airflow/lib/python3.8/site-packages/airflow/example_dags/example_datasets.py for tasks to queue
[2023-03-28T00:07:50.707+0200] {logging_mixin.py:137} INFO - [2023-03-28T00:07:50.707+0200] {dagbag.py:532} INFO - Filling up the DagBag from /home/humbulani/miniconda3/envs/apache-airflow/lib/python3.8/site-packages/airflow/example_dags/example_datasets.py
[2023-03-28T00:07:50.724+0200] {processor.py:753} INFO - DAG(s) dict_keys(['dataset_produces_1', 'dataset_consumes_1_and_2', 'dataset_consumes_1_never_scheduled', 'dataset_consumes_1', 'dataset_consumes_unknown_never_scheduled', 'dataset_produces_2']) retrieved from /home/humbulani/miniconda3/envs/apache-airflow/lib/python3.8/site-packages/airflow/example_dags/example_datasets.py
[2023-03-28T00:07:50.751+0200] {logging_mixin.py:137} INFO - [2023-03-28T00:07:50.751+0200] {dag.py:2693} INFO - Sync 6 DAGs
[2023-03-28T00:07:50.770+0200] {logging_mixin.py:137} INFO - [2023-03-28T00:07:50.770+0200] {dag.py:3440} INFO - Setting next_dagrun for dataset_consumes_1 to None, run_after=None
[2023-03-28T00:07:50.773+0200] {logging_mixin.py:137} INFO - [2023-03-28T00:07:50.772+0200] {dag.py:3440} INFO - Setting next_dagrun for dataset_consumes_1_and_2 to None, run_after=None
[2023-03-28T00:07:50.773+0200] {logging_mixin.py:137} INFO - [2023-03-28T00:07:50.773+0200] {dag.py:3440} INFO - Setting next_dagrun for dataset_consumes_1_never_scheduled to None, run_after=None
[2023-03-28T00:07:50.774+0200] {logging_mixin.py:137} INFO - [2023-03-28T00:07:50.774+0200] {dag.py:3440} INFO - Setting next_dagrun for dataset_consumes_unknown_never_scheduled to None, run_after=None
[2023-03-28T00:07:50.777+0200] {logging_mixin.py:137} INFO - [2023-03-28T00:07:50.776+0200] {dag.py:3440} INFO - Setting next_dagrun for dataset_produces_1 to 2023-03-26T00:00:00+00:00, run_after=2023-03-27T00:00:00+00:00
[2023-03-28T00:07:50.777+0200] {logging_mixin.py:137} INFO - [2023-03-28T00:07:50.777+0200] {dag.py:3440} INFO - Setting next_dagrun for dataset_produces_2 to None, run_after=None
[2023-03-28T00:07:50.880+0200] {processor.py:175} INFO - Processing /home/humbulani/miniconda3/envs/apache-airflow/lib/python3.8/site-packages/airflow/example_dags/example_datasets.py took 0.177 seconds
[2023-03-28T00:08:43.677+0200] {processor.py:153} INFO - Started process (PID=22938) to work on /home/humbulani/miniconda3/envs/apache-airflow/lib/python3.8/site-packages/airflow/example_dags/example_datasets.py
[2023-03-28T00:08:43.677+0200] {processor.py:743} INFO - Processing file /home/humbulani/miniconda3/envs/apache-airflow/lib/python3.8/site-packages/airflow/example_dags/example_datasets.py for tasks to queue
[2023-03-28T00:08:43.678+0200] {logging_mixin.py:137} INFO - [2023-03-28T00:08:43.678+0200] {dagbag.py:532} INFO - Filling up the DagBag from /home/humbulani/miniconda3/envs/apache-airflow/lib/python3.8/site-packages/airflow/example_dags/example_datasets.py
[2023-03-28T00:08:43.693+0200] {processor.py:753} INFO - DAG(s) dict_keys(['dataset_consumes_unknown_never_scheduled', 'dataset_consumes_1_never_scheduled', 'dataset_produces_2', 'dataset_produces_1', 'dataset_consumes_1', 'dataset_consumes_1_and_2']) retrieved from /home/humbulani/miniconda3/envs/apache-airflow/lib/python3.8/site-packages/airflow/example_dags/example_datasets.py
[2023-03-28T00:08:43.720+0200] {logging_mixin.py:137} INFO - [2023-03-28T00:08:43.720+0200] {dag.py:2693} INFO - Sync 6 DAGs
[2023-03-28T00:08:43.818+0200] {logging_mixin.py:137} INFO - [2023-03-28T00:08:43.817+0200] {dag.py:3440} INFO - Setting next_dagrun for dataset_consumes_1 to None, run_after=None
[2023-03-28T00:08:43.820+0200] {logging_mixin.py:137} INFO - [2023-03-28T00:08:43.820+0200] {dag.py:3440} INFO - Setting next_dagrun for dataset_consumes_1_and_2 to None, run_after=None
[2023-03-28T00:08:43.821+0200] {logging_mixin.py:137} INFO - [2023-03-28T00:08:43.821+0200] {dag.py:3440} INFO - Setting next_dagrun for dataset_consumes_1_never_scheduled to None, run_after=None
[2023-03-28T00:08:43.822+0200] {logging_mixin.py:137} INFO - [2023-03-28T00:08:43.822+0200] {dag.py:3440} INFO - Setting next_dagrun for dataset_consumes_unknown_never_scheduled to None, run_after=None
[2023-03-28T00:08:43.824+0200] {logging_mixin.py:137} INFO - [2023-03-28T00:08:43.824+0200] {dag.py:3440} INFO - Setting next_dagrun for dataset_produces_1 to 2023-03-26T00:00:00+00:00, run_after=2023-03-27T00:00:00+00:00
[2023-03-28T00:08:43.825+0200] {logging_mixin.py:137} INFO - [2023-03-28T00:08:43.824+0200] {dag.py:3440} INFO - Setting next_dagrun for dataset_produces_2 to None, run_after=None
[2023-03-28T00:08:43.923+0200] {processor.py:175} INFO - Processing /home/humbulani/miniconda3/envs/apache-airflow/lib/python3.8/site-packages/airflow/example_dags/example_datasets.py took 0.248 seconds
[2023-03-28T00:09:43.816+0200] {processor.py:153} INFO - Started process (PID=23000) to work on /home/humbulani/miniconda3/envs/apache-airflow/lib/python3.8/site-packages/airflow/example_dags/example_datasets.py
[2023-03-28T00:09:43.833+0200] {processor.py:743} INFO - Processing file /home/humbulani/miniconda3/envs/apache-airflow/lib/python3.8/site-packages/airflow/example_dags/example_datasets.py for tasks to queue
[2023-03-28T00:09:43.833+0200] {logging_mixin.py:137} INFO - [2023-03-28T00:09:43.833+0200] {dagbag.py:532} INFO - Filling up the DagBag from /home/humbulani/miniconda3/envs/apache-airflow/lib/python3.8/site-packages/airflow/example_dags/example_datasets.py
[2023-03-28T00:09:43.851+0200] {processor.py:753} INFO - DAG(s) dict_keys(['dataset_consumes_unknown_never_scheduled', 'dataset_consumes_1_never_scheduled', 'dataset_produces_1', 'dataset_consumes_1_and_2', 'dataset_produces_2', 'dataset_consumes_1']) retrieved from /home/humbulani/miniconda3/envs/apache-airflow/lib/python3.8/site-packages/airflow/example_dags/example_datasets.py
[2023-03-28T00:09:43.883+0200] {logging_mixin.py:137} INFO - [2023-03-28T00:09:43.883+0200] {dag.py:2693} INFO - Sync 6 DAGs
[2023-03-28T00:09:43.982+0200] {logging_mixin.py:137} INFO - [2023-03-28T00:09:43.981+0200] {dag.py:3440} INFO - Setting next_dagrun for dataset_consumes_1 to None, run_after=None
[2023-03-28T00:09:43.984+0200] {logging_mixin.py:137} INFO - [2023-03-28T00:09:43.984+0200] {dag.py:3440} INFO - Setting next_dagrun for dataset_consumes_1_and_2 to None, run_after=None
[2023-03-28T00:09:43.985+0200] {logging_mixin.py:137} INFO - [2023-03-28T00:09:43.985+0200] {dag.py:3440} INFO - Setting next_dagrun for dataset_consumes_1_never_scheduled to None, run_after=None
[2023-03-28T00:09:43.986+0200] {logging_mixin.py:137} INFO - [2023-03-28T00:09:43.986+0200] {dag.py:3440} INFO - Setting next_dagrun for dataset_consumes_unknown_never_scheduled to None, run_after=None
[2023-03-28T00:09:43.988+0200] {logging_mixin.py:137} INFO - [2023-03-28T00:09:43.988+0200] {dag.py:3440} INFO - Setting next_dagrun for dataset_produces_1 to 2023-03-26T00:00:00+00:00, run_after=2023-03-27T00:00:00+00:00
[2023-03-28T00:09:43.989+0200] {logging_mixin.py:137} INFO - [2023-03-28T00:09:43.989+0200] {dag.py:3440} INFO - Setting next_dagrun for dataset_produces_2 to None, run_after=None
[2023-03-28T00:09:44.078+0200] {processor.py:175} INFO - Processing /home/humbulani/miniconda3/envs/apache-airflow/lib/python3.8/site-packages/airflow/example_dags/example_datasets.py took 0.266 seconds
[2023-03-28T00:10:43.591+0200] {processor.py:153} INFO - Started process (PID=23054) to work on /home/humbulani/miniconda3/envs/apache-airflow/lib/python3.8/site-packages/airflow/example_dags/example_datasets.py
[2023-03-28T00:10:43.604+0200] {processor.py:743} INFO - Processing file /home/humbulani/miniconda3/envs/apache-airflow/lib/python3.8/site-packages/airflow/example_dags/example_datasets.py for tasks to queue
[2023-03-28T00:10:43.605+0200] {logging_mixin.py:137} INFO - [2023-03-28T00:10:43.604+0200] {dagbag.py:532} INFO - Filling up the DagBag from /home/humbulani/miniconda3/envs/apache-airflow/lib/python3.8/site-packages/airflow/example_dags/example_datasets.py
[2023-03-28T00:10:43.620+0200] {processor.py:753} INFO - DAG(s) dict_keys(['dataset_consumes_unknown_never_scheduled', 'dataset_produces_1', 'dataset_produces_2', 'dataset_consumes_1', 'dataset_consumes_1_and_2', 'dataset_consumes_1_never_scheduled']) retrieved from /home/humbulani/miniconda3/envs/apache-airflow/lib/python3.8/site-packages/airflow/example_dags/example_datasets.py
[2023-03-28T00:10:43.733+0200] {logging_mixin.py:137} INFO - [2023-03-28T00:10:43.733+0200] {dag.py:2693} INFO - Sync 6 DAGs
[2023-03-28T00:10:43.751+0200] {logging_mixin.py:137} INFO - [2023-03-28T00:10:43.751+0200] {dag.py:3440} INFO - Setting next_dagrun for dataset_consumes_1 to None, run_after=None
[2023-03-28T00:10:43.754+0200] {logging_mixin.py:137} INFO - [2023-03-28T00:10:43.754+0200] {dag.py:3440} INFO - Setting next_dagrun for dataset_consumes_1_and_2 to None, run_after=None
[2023-03-28T00:10:43.755+0200] {logging_mixin.py:137} INFO - [2023-03-28T00:10:43.755+0200] {dag.py:3440} INFO - Setting next_dagrun for dataset_consumes_1_never_scheduled to None, run_after=None
[2023-03-28T00:10:43.756+0200] {logging_mixin.py:137} INFO - [2023-03-28T00:10:43.756+0200] {dag.py:3440} INFO - Setting next_dagrun for dataset_consumes_unknown_never_scheduled to None, run_after=None
[2023-03-28T00:10:43.759+0200] {logging_mixin.py:137} INFO - [2023-03-28T00:10:43.759+0200] {dag.py:3440} INFO - Setting next_dagrun for dataset_produces_1 to 2023-03-26T00:00:00+00:00, run_after=2023-03-27T00:00:00+00:00
[2023-03-28T00:10:43.760+0200] {logging_mixin.py:137} INFO - [2023-03-28T00:10:43.760+0200] {dag.py:3440} INFO - Setting next_dagrun for dataset_produces_2 to None, run_after=None
[2023-03-28T00:10:43.849+0200] {processor.py:175} INFO - Processing /home/humbulani/miniconda3/envs/apache-airflow/lib/python3.8/site-packages/airflow/example_dags/example_datasets.py took 0.262 seconds
[2023-03-28T00:11:49.704+0200] {processor.py:153} INFO - Started process (PID=23109) to work on /home/humbulani/miniconda3/envs/apache-airflow/lib/python3.8/site-packages/airflow/example_dags/example_datasets.py
[2023-03-28T00:11:49.716+0200] {processor.py:743} INFO - Processing file /home/humbulani/miniconda3/envs/apache-airflow/lib/python3.8/site-packages/airflow/example_dags/example_datasets.py for tasks to queue
[2023-03-28T00:11:49.717+0200] {logging_mixin.py:137} INFO - [2023-03-28T00:11:49.717+0200] {dagbag.py:532} INFO - Filling up the DagBag from /home/humbulani/miniconda3/envs/apache-airflow/lib/python3.8/site-packages/airflow/example_dags/example_datasets.py
[2023-03-28T00:11:49.825+0200] {processor.py:753} INFO - DAG(s) dict_keys(['dataset_consumes_unknown_never_scheduled', 'dataset_produces_1', 'dataset_consumes_1', 'dataset_consumes_1_never_scheduled', 'dataset_produces_2', 'dataset_consumes_1_and_2']) retrieved from /home/humbulani/miniconda3/envs/apache-airflow/lib/python3.8/site-packages/airflow/example_dags/example_datasets.py
[2023-03-28T00:11:49.850+0200] {logging_mixin.py:137} INFO - [2023-03-28T00:11:49.850+0200] {dag.py:2693} INFO - Sync 6 DAGs
[2023-03-28T00:11:49.866+0200] {logging_mixin.py:137} INFO - [2023-03-28T00:11:49.866+0200] {dag.py:3440} INFO - Setting next_dagrun for dataset_consumes_1 to None, run_after=None
[2023-03-28T00:11:49.869+0200] {logging_mixin.py:137} INFO - [2023-03-28T00:11:49.869+0200] {dag.py:3440} INFO - Setting next_dagrun for dataset_consumes_1_and_2 to None, run_after=None
[2023-03-28T00:11:49.870+0200] {logging_mixin.py:137} INFO - [2023-03-28T00:11:49.869+0200] {dag.py:3440} INFO - Setting next_dagrun for dataset_consumes_1_never_scheduled to None, run_after=None
[2023-03-28T00:11:49.870+0200] {logging_mixin.py:137} INFO - [2023-03-28T00:11:49.870+0200] {dag.py:3440} INFO - Setting next_dagrun for dataset_consumes_unknown_never_scheduled to None, run_after=None
[2023-03-28T00:11:49.872+0200] {logging_mixin.py:137} INFO - [2023-03-28T00:11:49.872+0200] {dag.py:3440} INFO - Setting next_dagrun for dataset_produces_1 to 2023-03-26T00:00:00+00:00, run_after=2023-03-27T00:00:00+00:00
[2023-03-28T00:11:49.873+0200] {logging_mixin.py:137} INFO - [2023-03-28T00:11:49.873+0200] {dag.py:3440} INFO - Setting next_dagrun for dataset_produces_2 to None, run_after=None
[2023-03-28T00:11:49.968+0200] {processor.py:175} INFO - Processing /home/humbulani/miniconda3/envs/apache-airflow/lib/python3.8/site-packages/airflow/example_dags/example_datasets.py took 0.267 seconds
[2023-03-28T00:12:40.761+0200] {processor.py:153} INFO - Started process (PID=23153) to work on /home/humbulani/miniconda3/envs/apache-airflow/lib/python3.8/site-packages/airflow/example_dags/example_datasets.py
[2023-03-28T00:12:40.762+0200] {processor.py:743} INFO - Processing file /home/humbulani/miniconda3/envs/apache-airflow/lib/python3.8/site-packages/airflow/example_dags/example_datasets.py for tasks to queue
[2023-03-28T00:12:40.762+0200] {logging_mixin.py:137} INFO - [2023-03-28T00:12:40.762+0200] {dagbag.py:532} INFO - Filling up the DagBag from /home/humbulani/miniconda3/envs/apache-airflow/lib/python3.8/site-packages/airflow/example_dags/example_datasets.py
[2023-03-28T00:12:40.778+0200] {processor.py:753} INFO - DAG(s) dict_keys(['dataset_produces_2', 'dataset_consumes_unknown_never_scheduled', 'dataset_consumes_1', 'dataset_produces_1', 'dataset_consumes_1_and_2', 'dataset_consumes_1_never_scheduled']) retrieved from /home/humbulani/miniconda3/envs/apache-airflow/lib/python3.8/site-packages/airflow/example_dags/example_datasets.py
[2023-03-28T00:12:40.809+0200] {logging_mixin.py:137} INFO - [2023-03-28T00:12:40.809+0200] {dag.py:2693} INFO - Sync 6 DAGs
[2023-03-28T00:12:40.829+0200] {logging_mixin.py:137} INFO - [2023-03-28T00:12:40.829+0200] {dag.py:3440} INFO - Setting next_dagrun for dataset_consumes_1 to None, run_after=None
[2023-03-28T00:12:40.832+0200] {logging_mixin.py:137} INFO - [2023-03-28T00:12:40.832+0200] {dag.py:3440} INFO - Setting next_dagrun for dataset_consumes_1_and_2 to None, run_after=None
[2023-03-28T00:12:40.833+0200] {logging_mixin.py:137} INFO - [2023-03-28T00:12:40.833+0200] {dag.py:3440} INFO - Setting next_dagrun for dataset_consumes_1_never_scheduled to None, run_after=None
[2023-03-28T00:12:40.834+0200] {logging_mixin.py:137} INFO - [2023-03-28T00:12:40.834+0200] {dag.py:3440} INFO - Setting next_dagrun for dataset_consumes_unknown_never_scheduled to None, run_after=None
[2023-03-28T00:12:40.836+0200] {logging_mixin.py:137} INFO - [2023-03-28T00:12:40.836+0200] {dag.py:3440} INFO - Setting next_dagrun for dataset_produces_1 to 2023-03-26T00:00:00+00:00, run_after=2023-03-27T00:00:00+00:00
[2023-03-28T00:12:40.837+0200] {logging_mixin.py:137} INFO - [2023-03-28T00:12:40.837+0200] {dag.py:3440} INFO - Setting next_dagrun for dataset_produces_2 to None, run_after=None
[2023-03-28T00:12:40.930+0200] {processor.py:175} INFO - Processing /home/humbulani/miniconda3/envs/apache-airflow/lib/python3.8/site-packages/airflow/example_dags/example_datasets.py took 0.172 seconds
[2023-03-28T00:13:27.528+0200] {processor.py:153} INFO - Started process (PID=23226) to work on /home/humbulani/miniconda3/envs/apache-airflow/lib/python3.8/site-packages/airflow/example_dags/example_datasets.py
[2023-03-28T00:13:27.539+0200] {processor.py:743} INFO - Processing file /home/humbulani/miniconda3/envs/apache-airflow/lib/python3.8/site-packages/airflow/example_dags/example_datasets.py for tasks to queue
[2023-03-28T00:13:27.540+0200] {logging_mixin.py:137} INFO - [2023-03-28T00:13:27.540+0200] {dagbag.py:532} INFO - Filling up the DagBag from /home/humbulani/miniconda3/envs/apache-airflow/lib/python3.8/site-packages/airflow/example_dags/example_datasets.py
[2023-03-28T00:13:27.555+0200] {processor.py:753} INFO - DAG(s) dict_keys(['dataset_consumes_unknown_never_scheduled', 'dataset_produces_1', 'dataset_consumes_1_never_scheduled', 'dataset_consumes_1', 'dataset_consumes_1_and_2', 'dataset_produces_2']) retrieved from /home/humbulani/miniconda3/envs/apache-airflow/lib/python3.8/site-packages/airflow/example_dags/example_datasets.py
[2023-03-28T00:13:27.583+0200] {logging_mixin.py:137} INFO - [2023-03-28T00:13:27.583+0200] {dag.py:2693} INFO - Sync 6 DAGs
[2023-03-28T00:13:27.602+0200] {logging_mixin.py:137} INFO - [2023-03-28T00:13:27.602+0200] {dag.py:3440} INFO - Setting next_dagrun for dataset_consumes_1 to None, run_after=None
[2023-03-28T00:13:27.605+0200] {logging_mixin.py:137} INFO - [2023-03-28T00:13:27.605+0200] {dag.py:3440} INFO - Setting next_dagrun for dataset_consumes_1_and_2 to None, run_after=None
[2023-03-28T00:13:27.606+0200] {logging_mixin.py:137} INFO - [2023-03-28T00:13:27.606+0200] {dag.py:3440} INFO - Setting next_dagrun for dataset_consumes_1_never_scheduled to None, run_after=None
[2023-03-28T00:13:27.607+0200] {logging_mixin.py:137} INFO - [2023-03-28T00:13:27.607+0200] {dag.py:3440} INFO - Setting next_dagrun for dataset_consumes_unknown_never_scheduled to None, run_after=None
[2023-03-28T00:13:27.610+0200] {logging_mixin.py:137} INFO - [2023-03-28T00:13:27.610+0200] {dag.py:3440} INFO - Setting next_dagrun for dataset_produces_1 to 2023-03-26T00:00:00+00:00, run_after=2023-03-27T00:00:00+00:00
[2023-03-28T00:13:27.611+0200] {logging_mixin.py:137} INFO - [2023-03-28T00:13:27.611+0200] {dag.py:3440} INFO - Setting next_dagrun for dataset_produces_2 to None, run_after=None
[2023-03-28T00:13:27.716+0200] {processor.py:175} INFO - Processing /home/humbulani/miniconda3/envs/apache-airflow/lib/python3.8/site-packages/airflow/example_dags/example_datasets.py took 0.190 seconds
[2023-03-28T00:14:10.379+0200] {processor.py:153} INFO - Started process (PID=23275) to work on /home/humbulani/miniconda3/envs/apache-airflow/lib/python3.8/site-packages/airflow/example_dags/example_datasets.py
[2023-03-28T00:14:10.392+0200] {processor.py:743} INFO - Processing file /home/humbulani/miniconda3/envs/apache-airflow/lib/python3.8/site-packages/airflow/example_dags/example_datasets.py for tasks to queue
[2023-03-28T00:14:10.393+0200] {logging_mixin.py:137} INFO - [2023-03-28T00:14:10.393+0200] {dagbag.py:532} INFO - Filling up the DagBag from /home/humbulani/miniconda3/envs/apache-airflow/lib/python3.8/site-packages/airflow/example_dags/example_datasets.py
[2023-03-28T00:14:10.412+0200] {processor.py:753} INFO - DAG(s) dict_keys(['dataset_consumes_1_and_2', 'dataset_consumes_1_never_scheduled', 'dataset_produces_2', 'dataset_consumes_unknown_never_scheduled', 'dataset_produces_1', 'dataset_consumes_1']) retrieved from /home/humbulani/miniconda3/envs/apache-airflow/lib/python3.8/site-packages/airflow/example_dags/example_datasets.py
[2023-03-28T00:14:10.440+0200] {logging_mixin.py:137} INFO - [2023-03-28T00:14:10.440+0200] {dag.py:2693} INFO - Sync 6 DAGs
[2023-03-28T00:14:10.457+0200] {logging_mixin.py:137} INFO - [2023-03-28T00:14:10.457+0200] {dag.py:3440} INFO - Setting next_dagrun for dataset_consumes_1 to None, run_after=None
[2023-03-28T00:14:10.460+0200] {logging_mixin.py:137} INFO - [2023-03-28T00:14:10.460+0200] {dag.py:3440} INFO - Setting next_dagrun for dataset_consumes_1_and_2 to None, run_after=None
[2023-03-28T00:14:10.461+0200] {logging_mixin.py:137} INFO - [2023-03-28T00:14:10.461+0200] {dag.py:3440} INFO - Setting next_dagrun for dataset_consumes_1_never_scheduled to None, run_after=None
[2023-03-28T00:14:10.461+0200] {logging_mixin.py:137} INFO - [2023-03-28T00:14:10.461+0200] {dag.py:3440} INFO - Setting next_dagrun for dataset_consumes_unknown_never_scheduled to None, run_after=None
[2023-03-28T00:14:10.464+0200] {logging_mixin.py:137} INFO - [2023-03-28T00:14:10.464+0200] {dag.py:3440} INFO - Setting next_dagrun for dataset_produces_1 to 2023-03-26T00:00:00+00:00, run_after=2023-03-27T00:00:00+00:00
[2023-03-28T00:14:10.465+0200] {logging_mixin.py:137} INFO - [2023-03-28T00:14:10.464+0200] {dag.py:3440} INFO - Setting next_dagrun for dataset_produces_2 to None, run_after=None
[2023-03-28T00:14:10.578+0200] {processor.py:175} INFO - Processing /home/humbulani/miniconda3/envs/apache-airflow/lib/python3.8/site-packages/airflow/example_dags/example_datasets.py took 0.202 seconds
[2023-03-28T00:14:59.097+0200] {processor.py:153} INFO - Started process (PID=23324) to work on /home/humbulani/miniconda3/envs/apache-airflow/lib/python3.8/site-packages/airflow/example_dags/example_datasets.py
[2023-03-28T00:14:59.098+0200] {processor.py:743} INFO - Processing file /home/humbulani/miniconda3/envs/apache-airflow/lib/python3.8/site-packages/airflow/example_dags/example_datasets.py for tasks to queue
[2023-03-28T00:14:59.099+0200] {logging_mixin.py:137} INFO - [2023-03-28T00:14:59.098+0200] {dagbag.py:532} INFO - Filling up the DagBag from /home/humbulani/miniconda3/envs/apache-airflow/lib/python3.8/site-packages/airflow/example_dags/example_datasets.py
[2023-03-28T00:14:59.114+0200] {processor.py:753} INFO - DAG(s) dict_keys(['dataset_consumes_1_and_2', 'dataset_consumes_1_never_scheduled', 'dataset_consumes_1', 'dataset_consumes_unknown_never_scheduled', 'dataset_produces_1', 'dataset_produces_2']) retrieved from /home/humbulani/miniconda3/envs/apache-airflow/lib/python3.8/site-packages/airflow/example_dags/example_datasets.py
[2023-03-28T00:14:59.142+0200] {logging_mixin.py:137} INFO - [2023-03-28T00:14:59.142+0200] {dag.py:2693} INFO - Sync 6 DAGs
[2023-03-28T00:14:59.161+0200] {logging_mixin.py:137} INFO - [2023-03-28T00:14:59.161+0200] {dag.py:3440} INFO - Setting next_dagrun for dataset_consumes_1 to None, run_after=None
[2023-03-28T00:14:59.163+0200] {logging_mixin.py:137} INFO - [2023-03-28T00:14:59.163+0200] {dag.py:3440} INFO - Setting next_dagrun for dataset_consumes_1_and_2 to None, run_after=None
[2023-03-28T00:14:59.164+0200] {logging_mixin.py:137} INFO - [2023-03-28T00:14:59.164+0200] {dag.py:3440} INFO - Setting next_dagrun for dataset_consumes_1_never_scheduled to None, run_after=None
[2023-03-28T00:14:59.165+0200] {logging_mixin.py:137} INFO - [2023-03-28T00:14:59.165+0200] {dag.py:3440} INFO - Setting next_dagrun for dataset_consumes_unknown_never_scheduled to None, run_after=None
[2023-03-28T00:14:59.167+0200] {logging_mixin.py:137} INFO - [2023-03-28T00:14:59.167+0200] {dag.py:3440} INFO - Setting next_dagrun for dataset_produces_1 to 2023-03-26T00:00:00+00:00, run_after=2023-03-27T00:00:00+00:00
[2023-03-28T00:14:59.168+0200] {logging_mixin.py:137} INFO - [2023-03-28T00:14:59.168+0200] {dag.py:3440} INFO - Setting next_dagrun for dataset_produces_2 to None, run_after=None
[2023-03-28T00:14:59.275+0200] {processor.py:175} INFO - Processing /home/humbulani/miniconda3/envs/apache-airflow/lib/python3.8/site-packages/airflow/example_dags/example_datasets.py took 0.181 seconds
[2023-03-28T00:15:45.604+0200] {processor.py:153} INFO - Started process (PID=23396) to work on /home/humbulani/miniconda3/envs/apache-airflow/lib/python3.8/site-packages/airflow/example_dags/example_datasets.py
[2023-03-28T00:15:45.605+0200] {processor.py:743} INFO - Processing file /home/humbulani/miniconda3/envs/apache-airflow/lib/python3.8/site-packages/airflow/example_dags/example_datasets.py for tasks to queue
[2023-03-28T00:15:45.606+0200] {logging_mixin.py:137} INFO - [2023-03-28T00:15:45.605+0200] {dagbag.py:532} INFO - Filling up the DagBag from /home/humbulani/miniconda3/envs/apache-airflow/lib/python3.8/site-packages/airflow/example_dags/example_datasets.py
[2023-03-28T00:15:45.620+0200] {processor.py:753} INFO - DAG(s) dict_keys(['dataset_produces_1', 'dataset_consumes_1_never_scheduled', 'dataset_produces_2', 'dataset_consumes_1', 'dataset_consumes_unknown_never_scheduled', 'dataset_consumes_1_and_2']) retrieved from /home/humbulani/miniconda3/envs/apache-airflow/lib/python3.8/site-packages/airflow/example_dags/example_datasets.py
[2023-03-28T00:15:45.647+0200] {logging_mixin.py:137} INFO - [2023-03-28T00:15:45.647+0200] {dag.py:2693} INFO - Sync 6 DAGs
[2023-03-28T00:15:45.665+0200] {logging_mixin.py:137} INFO - [2023-03-28T00:15:45.665+0200] {dag.py:3440} INFO - Setting next_dagrun for dataset_consumes_1 to None, run_after=None
[2023-03-28T00:15:45.667+0200] {logging_mixin.py:137} INFO - [2023-03-28T00:15:45.667+0200] {dag.py:3440} INFO - Setting next_dagrun for dataset_consumes_1_and_2 to None, run_after=None
[2023-03-28T00:15:45.668+0200] {logging_mixin.py:137} INFO - [2023-03-28T00:15:45.668+0200] {dag.py:3440} INFO - Setting next_dagrun for dataset_consumes_1_never_scheduled to None, run_after=None
[2023-03-28T00:15:45.669+0200] {logging_mixin.py:137} INFO - [2023-03-28T00:15:45.669+0200] {dag.py:3440} INFO - Setting next_dagrun for dataset_consumes_unknown_never_scheduled to None, run_after=None
[2023-03-28T00:15:45.672+0200] {logging_mixin.py:137} INFO - [2023-03-28T00:15:45.672+0200] {dag.py:3440} INFO - Setting next_dagrun for dataset_produces_1 to 2023-03-26T00:00:00+00:00, run_after=2023-03-27T00:00:00+00:00
[2023-03-28T00:15:45.673+0200] {logging_mixin.py:137} INFO - [2023-03-28T00:15:45.673+0200] {dag.py:3440} INFO - Setting next_dagrun for dataset_produces_2 to None, run_after=None
[2023-03-28T00:15:45.785+0200] {processor.py:175} INFO - Processing /home/humbulani/miniconda3/envs/apache-airflow/lib/python3.8/site-packages/airflow/example_dags/example_datasets.py took 0.185 seconds
[2023-03-28T00:16:34.491+0200] {processor.py:153} INFO - Started process (PID=23464) to work on /home/humbulani/miniconda3/envs/apache-airflow/lib/python3.8/site-packages/airflow/example_dags/example_datasets.py
[2023-03-28T00:16:34.503+0200] {processor.py:743} INFO - Processing file /home/humbulani/miniconda3/envs/apache-airflow/lib/python3.8/site-packages/airflow/example_dags/example_datasets.py for tasks to queue
[2023-03-28T00:16:34.503+0200] {logging_mixin.py:137} INFO - [2023-03-28T00:16:34.503+0200] {dagbag.py:532} INFO - Filling up the DagBag from /home/humbulani/miniconda3/envs/apache-airflow/lib/python3.8/site-packages/airflow/example_dags/example_datasets.py
[2023-03-28T00:16:34.517+0200] {processor.py:753} INFO - DAG(s) dict_keys(['dataset_produces_2', 'dataset_produces_1', 'dataset_consumes_unknown_never_scheduled', 'dataset_consumes_1_never_scheduled', 'dataset_consumes_1', 'dataset_consumes_1_and_2']) retrieved from /home/humbulani/miniconda3/envs/apache-airflow/lib/python3.8/site-packages/airflow/example_dags/example_datasets.py
[2023-03-28T00:16:34.545+0200] {logging_mixin.py:137} INFO - [2023-03-28T00:16:34.545+0200] {dag.py:2693} INFO - Sync 6 DAGs
[2023-03-28T00:16:34.564+0200] {logging_mixin.py:137} INFO - [2023-03-28T00:16:34.563+0200] {dag.py:3440} INFO - Setting next_dagrun for dataset_consumes_1 to None, run_after=None
[2023-03-28T00:16:34.566+0200] {logging_mixin.py:137} INFO - [2023-03-28T00:16:34.566+0200] {dag.py:3440} INFO - Setting next_dagrun for dataset_consumes_1_and_2 to None, run_after=None
[2023-03-28T00:16:34.567+0200] {logging_mixin.py:137} INFO - [2023-03-28T00:16:34.567+0200] {dag.py:3440} INFO - Setting next_dagrun for dataset_consumes_1_never_scheduled to None, run_after=None
[2023-03-28T00:16:34.568+0200] {logging_mixin.py:137} INFO - [2023-03-28T00:16:34.568+0200] {dag.py:3440} INFO - Setting next_dagrun for dataset_consumes_unknown_never_scheduled to None, run_after=None
[2023-03-28T00:16:34.570+0200] {logging_mixin.py:137} INFO - [2023-03-28T00:16:34.570+0200] {dag.py:3440} INFO - Setting next_dagrun for dataset_produces_1 to 2023-03-26T00:00:00+00:00, run_after=2023-03-27T00:00:00+00:00
[2023-03-28T00:16:34.571+0200] {logging_mixin.py:137} INFO - [2023-03-28T00:16:34.571+0200] {dag.py:3440} INFO - Setting next_dagrun for dataset_produces_2 to None, run_after=None
[2023-03-28T00:16:34.674+0200] {processor.py:175} INFO - Processing /home/humbulani/miniconda3/envs/apache-airflow/lib/python3.8/site-packages/airflow/example_dags/example_datasets.py took 0.186 seconds
[2023-03-28T00:17:27.286+0200] {processor.py:153} INFO - Started process (PID=23594) to work on /home/humbulani/miniconda3/envs/apache-airflow/lib/python3.8/site-packages/airflow/example_dags/example_datasets.py
[2023-03-28T00:17:27.297+0200] {processor.py:743} INFO - Processing file /home/humbulani/miniconda3/envs/apache-airflow/lib/python3.8/site-packages/airflow/example_dags/example_datasets.py for tasks to queue
[2023-03-28T00:17:27.298+0200] {logging_mixin.py:137} INFO - [2023-03-28T00:17:27.298+0200] {dagbag.py:532} INFO - Filling up the DagBag from /home/humbulani/miniconda3/envs/apache-airflow/lib/python3.8/site-packages/airflow/example_dags/example_datasets.py
[2023-03-28T00:17:27.313+0200] {processor.py:753} INFO - DAG(s) dict_keys(['dataset_produces_2', 'dataset_consumes_1_and_2', 'dataset_consumes_unknown_never_scheduled', 'dataset_consumes_1', 'dataset_produces_1', 'dataset_consumes_1_never_scheduled']) retrieved from /home/humbulani/miniconda3/envs/apache-airflow/lib/python3.8/site-packages/airflow/example_dags/example_datasets.py
[2023-03-28T00:17:27.345+0200] {logging_mixin.py:137} INFO - [2023-03-28T00:17:27.344+0200] {dag.py:2693} INFO - Sync 6 DAGs
[2023-03-28T00:17:27.365+0200] {logging_mixin.py:137} INFO - [2023-03-28T00:17:27.365+0200] {dag.py:3440} INFO - Setting next_dagrun for dataset_consumes_1 to None, run_after=None
[2023-03-28T00:17:27.369+0200] {logging_mixin.py:137} INFO - [2023-03-28T00:17:27.369+0200] {dag.py:3440} INFO - Setting next_dagrun for dataset_consumes_1_and_2 to None, run_after=None
[2023-03-28T00:17:27.370+0200] {logging_mixin.py:137} INFO - [2023-03-28T00:17:27.370+0200] {dag.py:3440} INFO - Setting next_dagrun for dataset_consumes_1_never_scheduled to None, run_after=None
[2023-03-28T00:17:27.371+0200] {logging_mixin.py:137} INFO - [2023-03-28T00:17:27.370+0200] {dag.py:3440} INFO - Setting next_dagrun for dataset_consumes_unknown_never_scheduled to None, run_after=None
[2023-03-28T00:17:27.373+0200] {logging_mixin.py:137} INFO - [2023-03-28T00:17:27.373+0200] {dag.py:3440} INFO - Setting next_dagrun for dataset_produces_1 to 2023-03-26T00:00:00+00:00, run_after=2023-03-27T00:00:00+00:00
[2023-03-28T00:17:27.374+0200] {logging_mixin.py:137} INFO - [2023-03-28T00:17:27.374+0200] {dag.py:3440} INFO - Setting next_dagrun for dataset_produces_2 to None, run_after=None
[2023-03-28T00:17:27.466+0200] {processor.py:175} INFO - Processing /home/humbulani/miniconda3/envs/apache-airflow/lib/python3.8/site-packages/airflow/example_dags/example_datasets.py took 0.183 seconds
[2023-03-28T00:18:11.792+0200] {processor.py:153} INFO - Started process (PID=23640) to work on /home/humbulani/miniconda3/envs/apache-airflow/lib/python3.8/site-packages/airflow/example_dags/example_datasets.py
[2023-03-28T00:18:11.820+0200] {processor.py:743} INFO - Processing file /home/humbulani/miniconda3/envs/apache-airflow/lib/python3.8/site-packages/airflow/example_dags/example_datasets.py for tasks to queue
[2023-03-28T00:18:11.821+0200] {logging_mixin.py:137} INFO - [2023-03-28T00:18:11.821+0200] {dagbag.py:532} INFO - Filling up the DagBag from /home/humbulani/miniconda3/envs/apache-airflow/lib/python3.8/site-packages/airflow/example_dags/example_datasets.py
[2023-03-28T00:18:11.838+0200] {processor.py:753} INFO - DAG(s) dict_keys(['dataset_consumes_1_never_scheduled', 'dataset_produces_1', 'dataset_consumes_unknown_never_scheduled', 'dataset_consumes_1_and_2', 'dataset_consumes_1', 'dataset_produces_2']) retrieved from /home/humbulani/miniconda3/envs/apache-airflow/lib/python3.8/site-packages/airflow/example_dags/example_datasets.py
[2023-03-28T00:18:11.871+0200] {logging_mixin.py:137} INFO - [2023-03-28T00:18:11.871+0200] {dag.py:2693} INFO - Sync 6 DAGs
[2023-03-28T00:18:11.889+0200] {logging_mixin.py:137} INFO - [2023-03-28T00:18:11.888+0200] {dag.py:3440} INFO - Setting next_dagrun for dataset_consumes_1 to None, run_after=None
[2023-03-28T00:18:11.891+0200] {logging_mixin.py:137} INFO - [2023-03-28T00:18:11.891+0200] {dag.py:3440} INFO - Setting next_dagrun for dataset_consumes_1_and_2 to None, run_after=None
[2023-03-28T00:18:11.892+0200] {logging_mixin.py:137} INFO - [2023-03-28T00:18:11.892+0200] {dag.py:3440} INFO - Setting next_dagrun for dataset_consumes_1_never_scheduled to None, run_after=None
[2023-03-28T00:18:11.893+0200] {logging_mixin.py:137} INFO - [2023-03-28T00:18:11.893+0200] {dag.py:3440} INFO - Setting next_dagrun for dataset_consumes_unknown_never_scheduled to None, run_after=None
[2023-03-28T00:18:11.895+0200] {logging_mixin.py:137} INFO - [2023-03-28T00:18:11.895+0200] {dag.py:3440} INFO - Setting next_dagrun for dataset_produces_1 to 2023-03-26T00:00:00+00:00, run_after=2023-03-27T00:00:00+00:00
[2023-03-28T00:18:11.896+0200] {logging_mixin.py:137} INFO - [2023-03-28T00:18:11.896+0200] {dag.py:3440} INFO - Setting next_dagrun for dataset_produces_2 to None, run_after=None
[2023-03-28T00:18:12.007+0200] {processor.py:175} INFO - Processing /home/humbulani/miniconda3/envs/apache-airflow/lib/python3.8/site-packages/airflow/example_dags/example_datasets.py took 0.217 seconds
[2023-03-28T00:18:55.618+0200] {processor.py:153} INFO - Started process (PID=23681) to work on /home/humbulani/miniconda3/envs/apache-airflow/lib/python3.8/site-packages/airflow/example_dags/example_datasets.py
[2023-03-28T00:18:55.633+0200] {processor.py:743} INFO - Processing file /home/humbulani/miniconda3/envs/apache-airflow/lib/python3.8/site-packages/airflow/example_dags/example_datasets.py for tasks to queue
[2023-03-28T00:18:55.634+0200] {logging_mixin.py:137} INFO - [2023-03-28T00:18:55.633+0200] {dagbag.py:532} INFO - Filling up the DagBag from /home/humbulani/miniconda3/envs/apache-airflow/lib/python3.8/site-packages/airflow/example_dags/example_datasets.py
[2023-03-28T00:18:55.652+0200] {processor.py:753} INFO - DAG(s) dict_keys(['dataset_produces_1', 'dataset_consumes_unknown_never_scheduled', 'dataset_consumes_1_and_2', 'dataset_consumes_1', 'dataset_consumes_1_never_scheduled', 'dataset_produces_2']) retrieved from /home/humbulani/miniconda3/envs/apache-airflow/lib/python3.8/site-packages/airflow/example_dags/example_datasets.py
[2023-03-28T00:18:55.682+0200] {logging_mixin.py:137} INFO - [2023-03-28T00:18:55.681+0200] {dag.py:2693} INFO - Sync 6 DAGs
[2023-03-28T00:18:55.700+0200] {logging_mixin.py:137} INFO - [2023-03-28T00:18:55.700+0200] {dag.py:3440} INFO - Setting next_dagrun for dataset_consumes_1 to None, run_after=None
[2023-03-28T00:18:55.703+0200] {logging_mixin.py:137} INFO - [2023-03-28T00:18:55.702+0200] {dag.py:3440} INFO - Setting next_dagrun for dataset_consumes_1_and_2 to None, run_after=None
[2023-03-28T00:18:55.703+0200] {logging_mixin.py:137} INFO - [2023-03-28T00:18:55.703+0200] {dag.py:3440} INFO - Setting next_dagrun for dataset_consumes_1_never_scheduled to None, run_after=None
[2023-03-28T00:18:55.704+0200] {logging_mixin.py:137} INFO - [2023-03-28T00:18:55.704+0200] {dag.py:3440} INFO - Setting next_dagrun for dataset_consumes_unknown_never_scheduled to None, run_after=None
[2023-03-28T00:18:55.706+0200] {logging_mixin.py:137} INFO - [2023-03-28T00:18:55.706+0200] {dag.py:3440} INFO - Setting next_dagrun for dataset_produces_1 to 2023-03-26T00:00:00+00:00, run_after=2023-03-27T00:00:00+00:00
[2023-03-28T00:18:55.707+0200] {logging_mixin.py:137} INFO - [2023-03-28T00:18:55.707+0200] {dag.py:3440} INFO - Setting next_dagrun for dataset_produces_2 to None, run_after=None
[2023-03-28T00:18:55.796+0200] {processor.py:175} INFO - Processing /home/humbulani/miniconda3/envs/apache-airflow/lib/python3.8/site-packages/airflow/example_dags/example_datasets.py took 0.181 seconds
[2023-03-28T00:19:41.991+0200] {processor.py:153} INFO - Started process (PID=23726) to work on /home/humbulani/miniconda3/envs/apache-airflow/lib/python3.8/site-packages/airflow/example_dags/example_datasets.py
[2023-03-28T00:19:42.002+0200] {processor.py:743} INFO - Processing file /home/humbulani/miniconda3/envs/apache-airflow/lib/python3.8/site-packages/airflow/example_dags/example_datasets.py for tasks to queue
[2023-03-28T00:19:42.003+0200] {logging_mixin.py:137} INFO - [2023-03-28T00:19:42.003+0200] {dagbag.py:532} INFO - Filling up the DagBag from /home/humbulani/miniconda3/envs/apache-airflow/lib/python3.8/site-packages/airflow/example_dags/example_datasets.py
[2023-03-28T00:19:42.018+0200] {processor.py:753} INFO - DAG(s) dict_keys(['dataset_produces_1', 'dataset_consumes_unknown_never_scheduled', 'dataset_consumes_1_and_2', 'dataset_consumes_1_never_scheduled', 'dataset_produces_2', 'dataset_consumes_1']) retrieved from /home/humbulani/miniconda3/envs/apache-airflow/lib/python3.8/site-packages/airflow/example_dags/example_datasets.py
[2023-03-28T00:19:42.047+0200] {logging_mixin.py:137} INFO - [2023-03-28T00:19:42.047+0200] {dag.py:2693} INFO - Sync 6 DAGs
[2023-03-28T00:19:42.065+0200] {logging_mixin.py:137} INFO - [2023-03-28T00:19:42.065+0200] {dag.py:3440} INFO - Setting next_dagrun for dataset_consumes_1 to None, run_after=None
[2023-03-28T00:19:42.068+0200] {logging_mixin.py:137} INFO - [2023-03-28T00:19:42.067+0200] {dag.py:3440} INFO - Setting next_dagrun for dataset_consumes_1_and_2 to None, run_after=None
[2023-03-28T00:19:42.068+0200] {logging_mixin.py:137} INFO - [2023-03-28T00:19:42.068+0200] {dag.py:3440} INFO - Setting next_dagrun for dataset_consumes_1_never_scheduled to None, run_after=None
[2023-03-28T00:19:42.069+0200] {logging_mixin.py:137} INFO - [2023-03-28T00:19:42.069+0200] {dag.py:3440} INFO - Setting next_dagrun for dataset_consumes_unknown_never_scheduled to None, run_after=None
[2023-03-28T00:19:42.072+0200] {logging_mixin.py:137} INFO - [2023-03-28T00:19:42.072+0200] {dag.py:3440} INFO - Setting next_dagrun for dataset_produces_1 to 2023-03-26T00:00:00+00:00, run_after=2023-03-27T00:00:00+00:00
[2023-03-28T00:19:42.074+0200] {logging_mixin.py:137} INFO - [2023-03-28T00:19:42.074+0200] {dag.py:3440} INFO - Setting next_dagrun for dataset_produces_2 to None, run_after=None
[2023-03-28T00:19:42.176+0200] {processor.py:175} INFO - Processing /home/humbulani/miniconda3/envs/apache-airflow/lib/python3.8/site-packages/airflow/example_dags/example_datasets.py took 0.187 seconds
[2023-03-28T00:20:34.753+0200] {processor.py:153} INFO - Started process (PID=23778) to work on /home/humbulani/miniconda3/envs/apache-airflow/lib/python3.8/site-packages/airflow/example_dags/example_datasets.py
[2023-03-28T00:20:34.754+0200] {processor.py:743} INFO - Processing file /home/humbulani/miniconda3/envs/apache-airflow/lib/python3.8/site-packages/airflow/example_dags/example_datasets.py for tasks to queue
[2023-03-28T00:20:34.754+0200] {logging_mixin.py:137} INFO - [2023-03-28T00:20:34.754+0200] {dagbag.py:532} INFO - Filling up the DagBag from /home/humbulani/miniconda3/envs/apache-airflow/lib/python3.8/site-packages/airflow/example_dags/example_datasets.py
[2023-03-28T00:20:34.768+0200] {processor.py:753} INFO - DAG(s) dict_keys(['dataset_consumes_1_and_2', 'dataset_consumes_1', 'dataset_produces_1', 'dataset_produces_2', 'dataset_consumes_1_never_scheduled', 'dataset_consumes_unknown_never_scheduled']) retrieved from /home/humbulani/miniconda3/envs/apache-airflow/lib/python3.8/site-packages/airflow/example_dags/example_datasets.py
[2023-03-28T00:20:34.797+0200] {logging_mixin.py:137} INFO - [2023-03-28T00:20:34.796+0200] {dag.py:2693} INFO - Sync 6 DAGs
[2023-03-28T00:20:34.815+0200] {logging_mixin.py:137} INFO - [2023-03-28T00:20:34.815+0200] {dag.py:3440} INFO - Setting next_dagrun for dataset_consumes_1 to None, run_after=None
[2023-03-28T00:20:34.818+0200] {logging_mixin.py:137} INFO - [2023-03-28T00:20:34.818+0200] {dag.py:3440} INFO - Setting next_dagrun for dataset_consumes_1_and_2 to None, run_after=None
[2023-03-28T00:20:34.819+0200] {logging_mixin.py:137} INFO - [2023-03-28T00:20:34.818+0200] {dag.py:3440} INFO - Setting next_dagrun for dataset_consumes_1_never_scheduled to None, run_after=None
[2023-03-28T00:20:34.819+0200] {logging_mixin.py:137} INFO - [2023-03-28T00:20:34.819+0200] {dag.py:3440} INFO - Setting next_dagrun for dataset_consumes_unknown_never_scheduled to None, run_after=None
[2023-03-28T00:20:34.822+0200] {logging_mixin.py:137} INFO - [2023-03-28T00:20:34.822+0200] {dag.py:3440} INFO - Setting next_dagrun for dataset_produces_1 to 2023-03-26T00:00:00+00:00, run_after=2023-03-27T00:00:00+00:00
[2023-03-28T00:20:34.823+0200] {logging_mixin.py:137} INFO - [2023-03-28T00:20:34.823+0200] {dag.py:3440} INFO - Setting next_dagrun for dataset_produces_2 to None, run_after=None
[2023-03-28T00:20:34.916+0200] {processor.py:175} INFO - Processing /home/humbulani/miniconda3/envs/apache-airflow/lib/python3.8/site-packages/airflow/example_dags/example_datasets.py took 0.165 seconds
[2023-03-28T00:21:38.977+0200] {processor.py:153} INFO - Started process (PID=23848) to work on /home/humbulani/miniconda3/envs/apache-airflow/lib/python3.8/site-packages/airflow/example_dags/example_datasets.py
[2023-03-28T00:21:38.991+0200] {processor.py:743} INFO - Processing file /home/humbulani/miniconda3/envs/apache-airflow/lib/python3.8/site-packages/airflow/example_dags/example_datasets.py for tasks to queue
[2023-03-28T00:21:38.992+0200] {logging_mixin.py:137} INFO - [2023-03-28T00:21:38.991+0200] {dagbag.py:532} INFO - Filling up the DagBag from /home/humbulani/miniconda3/envs/apache-airflow/lib/python3.8/site-packages/airflow/example_dags/example_datasets.py
[2023-03-28T00:21:39.006+0200] {processor.py:753} INFO - DAG(s) dict_keys(['dataset_produces_1', 'dataset_consumes_1', 'dataset_consumes_1_and_2', 'dataset_consumes_1_never_scheduled', 'dataset_produces_2', 'dataset_consumes_unknown_never_scheduled']) retrieved from /home/humbulani/miniconda3/envs/apache-airflow/lib/python3.8/site-packages/airflow/example_dags/example_datasets.py
[2023-03-28T00:21:39.039+0200] {logging_mixin.py:137} INFO - [2023-03-28T00:21:39.038+0200] {dag.py:2693} INFO - Sync 6 DAGs
[2023-03-28T00:21:39.060+0200] {logging_mixin.py:137} INFO - [2023-03-28T00:21:39.059+0200] {dag.py:3440} INFO - Setting next_dagrun for dataset_consumes_1 to None, run_after=None
[2023-03-28T00:21:39.062+0200] {logging_mixin.py:137} INFO - [2023-03-28T00:21:39.062+0200] {dag.py:3440} INFO - Setting next_dagrun for dataset_consumes_1_and_2 to None, run_after=None
[2023-03-28T00:21:39.063+0200] {logging_mixin.py:137} INFO - [2023-03-28T00:21:39.063+0200] {dag.py:3440} INFO - Setting next_dagrun for dataset_consumes_1_never_scheduled to None, run_after=None
[2023-03-28T00:21:39.064+0200] {logging_mixin.py:137} INFO - [2023-03-28T00:21:39.064+0200] {dag.py:3440} INFO - Setting next_dagrun for dataset_consumes_unknown_never_scheduled to None, run_after=None
[2023-03-28T00:21:39.066+0200] {logging_mixin.py:137} INFO - [2023-03-28T00:21:39.066+0200] {dag.py:3440} INFO - Setting next_dagrun for dataset_produces_1 to 2023-03-26T00:00:00+00:00, run_after=2023-03-27T00:00:00+00:00
[2023-03-28T00:21:39.067+0200] {logging_mixin.py:137} INFO - [2023-03-28T00:21:39.067+0200] {dag.py:3440} INFO - Setting next_dagrun for dataset_produces_2 to None, run_after=None
[2023-03-28T00:21:39.166+0200] {processor.py:175} INFO - Processing /home/humbulani/miniconda3/envs/apache-airflow/lib/python3.8/site-packages/airflow/example_dags/example_datasets.py took 0.191 seconds
