[2023-03-28T00:03:52.870+0200] {processor.py:153} INFO - Started process (PID=22494) to work on /home/humbulani/miniconda3/envs/apache-airflow/lib/python3.8/site-packages/airflow/example_dags/example_sla_dag.py
[2023-03-28T00:03:52.871+0200] {processor.py:743} INFO - Processing file /home/humbulani/miniconda3/envs/apache-airflow/lib/python3.8/site-packages/airflow/example_dags/example_sla_dag.py for tasks to queue
[2023-03-28T00:03:52.871+0200] {logging_mixin.py:137} INFO - [2023-03-28T00:03:52.871+0200] {dagbag.py:532} INFO - Filling up the DagBag from /home/humbulani/miniconda3/envs/apache-airflow/lib/python3.8/site-packages/airflow/example_dags/example_sla_dag.py
[2023-03-28T00:03:52.920+0200] {processor.py:753} INFO - DAG(s) dict_keys(['example_sla_dag']) retrieved from /home/humbulani/miniconda3/envs/apache-airflow/lib/python3.8/site-packages/airflow/example_dags/example_sla_dag.py
[2023-03-28T00:03:52.937+0200] {logging_mixin.py:137} INFO - [2023-03-28T00:03:52.937+0200] {dag.py:2693} INFO - Sync 1 DAGs
[2023-03-28T00:03:52.957+0200] {logging_mixin.py:137} INFO - [2023-03-28T00:03:52.957+0200] {dag.py:3440} INFO - Setting next_dagrun for example_sla_dag to 2023-03-27T22:00:00+00:00, run_after=2023-03-27T22:02:00+00:00
[2023-03-28T00:03:53.047+0200] {processor.py:175} INFO - Processing /home/humbulani/miniconda3/envs/apache-airflow/lib/python3.8/site-packages/airflow/example_dags/example_sla_dag.py took 0.179 seconds
[2023-03-28T00:04:40.366+0200] {processor.py:153} INFO - Started process (PID=22584) to work on /home/humbulani/miniconda3/envs/apache-airflow/lib/python3.8/site-packages/airflow/example_dags/example_sla_dag.py
[2023-03-28T00:04:40.386+0200] {processor.py:743} INFO - Processing file /home/humbulani/miniconda3/envs/apache-airflow/lib/python3.8/site-packages/airflow/example_dags/example_sla_dag.py for tasks to queue
[2023-03-28T00:04:40.387+0200] {logging_mixin.py:137} INFO - [2023-03-28T00:04:40.387+0200] {dagbag.py:532} INFO - Filling up the DagBag from /home/humbulani/miniconda3/envs/apache-airflow/lib/python3.8/site-packages/airflow/example_dags/example_sla_dag.py
[2023-03-28T00:04:40.409+0200] {processor.py:753} INFO - DAG(s) dict_keys(['example_sla_dag']) retrieved from /home/humbulani/miniconda3/envs/apache-airflow/lib/python3.8/site-packages/airflow/example_dags/example_sla_dag.py
[2023-03-28T00:04:40.426+0200] {logging_mixin.py:137} INFO - [2023-03-28T00:04:40.426+0200] {dag.py:2693} INFO - Sync 1 DAGs
[2023-03-28T00:04:40.449+0200] {logging_mixin.py:137} INFO - [2023-03-28T00:04:40.448+0200] {dag.py:3440} INFO - Setting next_dagrun for example_sla_dag to 2023-03-27T22:02:00+00:00, run_after=2023-03-27T22:04:00+00:00
[2023-03-28T00:04:40.526+0200] {processor.py:175} INFO - Processing /home/humbulani/miniconda3/envs/apache-airflow/lib/python3.8/site-packages/airflow/example_dags/example_sla_dag.py took 0.162 seconds
[2023-03-28T00:05:23.050+0200] {processor.py:153} INFO - Started process (PID=22619) to work on /home/humbulani/miniconda3/envs/apache-airflow/lib/python3.8/site-packages/airflow/example_dags/example_sla_dag.py
[2023-03-28T00:05:23.050+0200] {processor.py:743} INFO - Processing file /home/humbulani/miniconda3/envs/apache-airflow/lib/python3.8/site-packages/airflow/example_dags/example_sla_dag.py for tasks to queue
[2023-03-28T00:05:23.051+0200] {logging_mixin.py:137} INFO - [2023-03-28T00:05:23.051+0200] {dagbag.py:532} INFO - Filling up the DagBag from /home/humbulani/miniconda3/envs/apache-airflow/lib/python3.8/site-packages/airflow/example_dags/example_sla_dag.py
[2023-03-28T00:05:23.072+0200] {processor.py:753} INFO - DAG(s) dict_keys(['example_sla_dag']) retrieved from /home/humbulani/miniconda3/envs/apache-airflow/lib/python3.8/site-packages/airflow/example_dags/example_sla_dag.py
[2023-03-28T00:05:23.088+0200] {logging_mixin.py:137} INFO - [2023-03-28T00:05:23.088+0200] {dag.py:2693} INFO - Sync 1 DAGs
[2023-03-28T00:05:23.108+0200] {logging_mixin.py:137} INFO - [2023-03-28T00:05:23.108+0200] {dag.py:3440} INFO - Setting next_dagrun for example_sla_dag to 2023-03-27T22:02:00+00:00, run_after=2023-03-27T22:04:00+00:00
[2023-03-28T00:05:23.177+0200] {processor.py:175} INFO - Processing /home/humbulani/miniconda3/envs/apache-airflow/lib/python3.8/site-packages/airflow/example_dags/example_sla_dag.py took 0.130 seconds
[2023-03-28T00:06:06.992+0200] {processor.py:153} INFO - Started process (PID=22737) to work on /home/humbulani/miniconda3/envs/apache-airflow/lib/python3.8/site-packages/airflow/example_dags/example_sla_dag.py
[2023-03-28T00:06:07.013+0200] {processor.py:743} INFO - Processing file /home/humbulani/miniconda3/envs/apache-airflow/lib/python3.8/site-packages/airflow/example_dags/example_sla_dag.py for tasks to queue
[2023-03-28T00:06:07.014+0200] {logging_mixin.py:137} INFO - [2023-03-28T00:06:07.013+0200] {dagbag.py:532} INFO - Filling up the DagBag from /home/humbulani/miniconda3/envs/apache-airflow/lib/python3.8/site-packages/airflow/example_dags/example_sla_dag.py
[2023-03-28T00:06:07.035+0200] {processor.py:753} INFO - DAG(s) dict_keys(['example_sla_dag']) retrieved from /home/humbulani/miniconda3/envs/apache-airflow/lib/python3.8/site-packages/airflow/example_dags/example_sla_dag.py
[2023-03-28T00:06:07.052+0200] {logging_mixin.py:137} INFO - [2023-03-28T00:06:07.052+0200] {dag.py:2693} INFO - Sync 1 DAGs
[2023-03-28T00:06:07.072+0200] {logging_mixin.py:137} INFO - [2023-03-28T00:06:07.072+0200] {dag.py:3440} INFO - Setting next_dagrun for example_sla_dag to 2023-03-27T22:04:00+00:00, run_after=2023-03-27T22:06:00+00:00
[2023-03-28T00:06:07.155+0200] {processor.py:175} INFO - Processing /home/humbulani/miniconda3/envs/apache-airflow/lib/python3.8/site-packages/airflow/example_dags/example_sla_dag.py took 0.165 seconds
[2023-03-28T00:06:51.136+0200] {processor.py:153} INFO - Started process (PID=22781) to work on /home/humbulani/miniconda3/envs/apache-airflow/lib/python3.8/site-packages/airflow/example_dags/example_sla_dag.py
[2023-03-28T00:06:51.149+0200] {processor.py:743} INFO - Processing file /home/humbulani/miniconda3/envs/apache-airflow/lib/python3.8/site-packages/airflow/example_dags/example_sla_dag.py for tasks to queue
[2023-03-28T00:06:51.149+0200] {logging_mixin.py:137} INFO - [2023-03-28T00:06:51.149+0200] {dagbag.py:532} INFO - Filling up the DagBag from /home/humbulani/miniconda3/envs/apache-airflow/lib/python3.8/site-packages/airflow/example_dags/example_sla_dag.py
[2023-03-28T00:06:51.170+0200] {processor.py:753} INFO - DAG(s) dict_keys(['example_sla_dag']) retrieved from /home/humbulani/miniconda3/envs/apache-airflow/lib/python3.8/site-packages/airflow/example_dags/example_sla_dag.py
[2023-03-28T00:06:51.186+0200] {logging_mixin.py:137} INFO - [2023-03-28T00:06:51.186+0200] {dag.py:2693} INFO - Sync 1 DAGs
[2023-03-28T00:06:51.206+0200] {logging_mixin.py:137} INFO - [2023-03-28T00:06:51.205+0200] {dag.py:3440} INFO - Setting next_dagrun for example_sla_dag to 2023-03-27T22:04:00+00:00, run_after=2023-03-27T22:06:00+00:00
[2023-03-28T00:06:51.285+0200] {processor.py:175} INFO - Processing /home/humbulani/miniconda3/envs/apache-airflow/lib/python3.8/site-packages/airflow/example_dags/example_sla_dag.py took 0.151 seconds
[2023-03-28T00:07:41.188+0200] {processor.py:153} INFO - Started process (PID=22828) to work on /home/humbulani/miniconda3/envs/apache-airflow/lib/python3.8/site-packages/airflow/example_dags/example_sla_dag.py
[2023-03-28T00:07:41.188+0200] {processor.py:743} INFO - Processing file /home/humbulani/miniconda3/envs/apache-airflow/lib/python3.8/site-packages/airflow/example_dags/example_sla_dag.py for tasks to queue
[2023-03-28T00:07:41.189+0200] {logging_mixin.py:137} INFO - [2023-03-28T00:07:41.189+0200] {dagbag.py:532} INFO - Filling up the DagBag from /home/humbulani/miniconda3/envs/apache-airflow/lib/python3.8/site-packages/airflow/example_dags/example_sla_dag.py
[2023-03-28T00:07:41.211+0200] {processor.py:753} INFO - DAG(s) dict_keys(['example_sla_dag']) retrieved from /home/humbulani/miniconda3/envs/apache-airflow/lib/python3.8/site-packages/airflow/example_dags/example_sla_dag.py
[2023-03-28T00:07:41.229+0200] {logging_mixin.py:137} INFO - [2023-03-28T00:07:41.228+0200] {dag.py:2693} INFO - Sync 1 DAGs
[2023-03-28T00:07:41.250+0200] {logging_mixin.py:137} INFO - [2023-03-28T00:07:41.250+0200] {dag.py:3440} INFO - Setting next_dagrun for example_sla_dag to 2023-03-27T22:04:00+00:00, run_after=2023-03-27T22:06:00+00:00
[2023-03-28T00:07:41.323+0200] {processor.py:175} INFO - Processing /home/humbulani/miniconda3/envs/apache-airflow/lib/python3.8/site-packages/airflow/example_dags/example_sla_dag.py took 0.137 seconds
[2023-03-28T00:08:16.411+0200] {processor.py:153} INFO - Started process (PID=22912) to work on /home/humbulani/miniconda3/envs/apache-airflow/lib/python3.8/site-packages/airflow/example_dags/example_sla_dag.py
[2023-03-28T00:08:16.412+0200] {processor.py:743} INFO - Processing file /home/humbulani/miniconda3/envs/apache-airflow/lib/python3.8/site-packages/airflow/example_dags/example_sla_dag.py for tasks to queue
[2023-03-28T00:08:16.412+0200] {logging_mixin.py:137} INFO - [2023-03-28T00:08:16.412+0200] {dagbag.py:532} INFO - Filling up the DagBag from /home/humbulani/miniconda3/envs/apache-airflow/lib/python3.8/site-packages/airflow/example_dags/example_sla_dag.py
[2023-03-28T00:08:16.432+0200] {processor.py:753} INFO - DAG(s) dict_keys(['example_sla_dag']) retrieved from /home/humbulani/miniconda3/envs/apache-airflow/lib/python3.8/site-packages/airflow/example_dags/example_sla_dag.py
[2023-03-28T00:08:16.448+0200] {logging_mixin.py:137} INFO - [2023-03-28T00:08:16.448+0200] {dag.py:2693} INFO - Sync 1 DAGs
[2023-03-28T00:08:16.469+0200] {logging_mixin.py:137} INFO - [2023-03-28T00:08:16.469+0200] {dag.py:3440} INFO - Setting next_dagrun for example_sla_dag to 2023-03-27T22:06:00+00:00, run_after=2023-03-27T22:08:00+00:00
[2023-03-28T00:08:16.638+0200] {processor.py:175} INFO - Processing /home/humbulani/miniconda3/envs/apache-airflow/lib/python3.8/site-packages/airflow/example_dags/example_sla_dag.py took 0.229 seconds
[2023-03-28T00:08:53.689+0200] {processor.py:153} INFO - Started process (PID=22947) to work on /home/humbulani/miniconda3/envs/apache-airflow/lib/python3.8/site-packages/airflow/example_dags/example_sla_dag.py
[2023-03-28T00:08:53.701+0200] {processor.py:743} INFO - Processing file /home/humbulani/miniconda3/envs/apache-airflow/lib/python3.8/site-packages/airflow/example_dags/example_sla_dag.py for tasks to queue
[2023-03-28T00:08:53.702+0200] {logging_mixin.py:137} INFO - [2023-03-28T00:08:53.702+0200] {dagbag.py:532} INFO - Filling up the DagBag from /home/humbulani/miniconda3/envs/apache-airflow/lib/python3.8/site-packages/airflow/example_dags/example_sla_dag.py
[2023-03-28T00:08:53.725+0200] {processor.py:753} INFO - DAG(s) dict_keys(['example_sla_dag']) retrieved from /home/humbulani/miniconda3/envs/apache-airflow/lib/python3.8/site-packages/airflow/example_dags/example_sla_dag.py
[2023-03-28T00:08:53.740+0200] {logging_mixin.py:137} INFO - [2023-03-28T00:08:53.740+0200] {dag.py:2693} INFO - Sync 1 DAGs
[2023-03-28T00:08:53.840+0200] {logging_mixin.py:137} INFO - [2023-03-28T00:08:53.840+0200] {dag.py:3440} INFO - Setting next_dagrun for example_sla_dag to 2023-03-27T22:06:00+00:00, run_after=2023-03-27T22:08:00+00:00
[2023-03-28T00:08:53.915+0200] {processor.py:175} INFO - Processing /home/humbulani/miniconda3/envs/apache-airflow/lib/python3.8/site-packages/airflow/example_dags/example_sla_dag.py took 0.229 seconds
[2023-03-28T00:09:34.496+0200] {processor.py:153} INFO - Started process (PID=22992) to work on /home/humbulani/miniconda3/envs/apache-airflow/lib/python3.8/site-packages/airflow/example_dags/example_sla_dag.py
[2023-03-28T00:09:34.512+0200] {processor.py:743} INFO - Processing file /home/humbulani/miniconda3/envs/apache-airflow/lib/python3.8/site-packages/airflow/example_dags/example_sla_dag.py for tasks to queue
[2023-03-28T00:09:34.513+0200] {logging_mixin.py:137} INFO - [2023-03-28T00:09:34.513+0200] {dagbag.py:532} INFO - Filling up the DagBag from /home/humbulani/miniconda3/envs/apache-airflow/lib/python3.8/site-packages/airflow/example_dags/example_sla_dag.py
[2023-03-28T00:09:34.535+0200] {processor.py:753} INFO - DAG(s) dict_keys(['example_sla_dag']) retrieved from /home/humbulani/miniconda3/envs/apache-airflow/lib/python3.8/site-packages/airflow/example_dags/example_sla_dag.py
[2023-03-28T00:09:34.553+0200] {logging_mixin.py:137} INFO - [2023-03-28T00:09:34.552+0200] {dag.py:2693} INFO - Sync 1 DAGs
[2023-03-28T00:09:34.653+0200] {logging_mixin.py:137} INFO - [2023-03-28T00:09:34.652+0200] {dag.py:3440} INFO - Setting next_dagrun for example_sla_dag to 2023-03-27T22:06:00+00:00, run_after=2023-03-27T22:08:00+00:00
[2023-03-28T00:09:34.726+0200] {processor.py:175} INFO - Processing /home/humbulani/miniconda3/envs/apache-airflow/lib/python3.8/site-packages/airflow/example_dags/example_sla_dag.py took 0.232 seconds
[2023-03-28T00:10:14.114+0200] {processor.py:153} INFO - Started process (PID=23027) to work on /home/humbulani/miniconda3/envs/apache-airflow/lib/python3.8/site-packages/airflow/example_dags/example_sla_dag.py
[2023-03-28T00:10:14.179+0200] {processor.py:743} INFO - Processing file /home/humbulani/miniconda3/envs/apache-airflow/lib/python3.8/site-packages/airflow/example_dags/example_sla_dag.py for tasks to queue
[2023-03-28T00:10:14.179+0200] {logging_mixin.py:137} INFO - [2023-03-28T00:10:14.179+0200] {dagbag.py:532} INFO - Filling up the DagBag from /home/humbulani/miniconda3/envs/apache-airflow/lib/python3.8/site-packages/airflow/example_dags/example_sla_dag.py
[2023-03-28T00:10:14.206+0200] {processor.py:753} INFO - DAG(s) dict_keys(['example_sla_dag']) retrieved from /home/humbulani/miniconda3/envs/apache-airflow/lib/python3.8/site-packages/airflow/example_dags/example_sla_dag.py
[2023-03-28T00:10:14.307+0200] {logging_mixin.py:137} INFO - [2023-03-28T00:10:14.307+0200] {dag.py:2693} INFO - Sync 1 DAGs
[2023-03-28T00:10:14.327+0200] {logging_mixin.py:137} INFO - [2023-03-28T00:10:14.327+0200] {dag.py:3440} INFO - Setting next_dagrun for example_sla_dag to 2023-03-27T22:08:00+00:00, run_after=2023-03-27T22:10:00+00:00
[2023-03-28T00:10:14.414+0200] {processor.py:175} INFO - Processing /home/humbulani/miniconda3/envs/apache-airflow/lib/python3.8/site-packages/airflow/example_dags/example_sla_dag.py took 0.302 seconds
[2023-03-28T00:10:54.972+0200] {processor.py:153} INFO - Started process (PID=23063) to work on /home/humbulani/miniconda3/envs/apache-airflow/lib/python3.8/site-packages/airflow/example_dags/example_sla_dag.py
[2023-03-28T00:10:54.972+0200] {processor.py:743} INFO - Processing file /home/humbulani/miniconda3/envs/apache-airflow/lib/python3.8/site-packages/airflow/example_dags/example_sla_dag.py for tasks to queue
[2023-03-28T00:10:54.973+0200] {logging_mixin.py:137} INFO - [2023-03-28T00:10:54.973+0200] {dagbag.py:532} INFO - Filling up the DagBag from /home/humbulani/miniconda3/envs/apache-airflow/lib/python3.8/site-packages/airflow/example_dags/example_sla_dag.py
[2023-03-28T00:10:55.081+0200] {processor.py:753} INFO - DAG(s) dict_keys(['example_sla_dag']) retrieved from /home/humbulani/miniconda3/envs/apache-airflow/lib/python3.8/site-packages/airflow/example_dags/example_sla_dag.py
[2023-03-28T00:10:55.096+0200] {logging_mixin.py:137} INFO - [2023-03-28T00:10:55.096+0200] {dag.py:2693} INFO - Sync 1 DAGs
[2023-03-28T00:10:55.116+0200] {logging_mixin.py:137} INFO - [2023-03-28T00:10:55.115+0200] {dag.py:3440} INFO - Setting next_dagrun for example_sla_dag to 2023-03-27T22:08:00+00:00, run_after=2023-03-27T22:10:00+00:00
[2023-03-28T00:10:55.190+0200] {processor.py:175} INFO - Processing /home/humbulani/miniconda3/envs/apache-airflow/lib/python3.8/site-packages/airflow/example_dags/example_sla_dag.py took 0.220 seconds
[2023-03-28T00:11:38.004+0200] {processor.py:153} INFO - Started process (PID=23100) to work on /home/humbulani/miniconda3/envs/apache-airflow/lib/python3.8/site-packages/airflow/example_dags/example_sla_dag.py
[2023-03-28T00:11:38.005+0200] {processor.py:743} INFO - Processing file /home/humbulani/miniconda3/envs/apache-airflow/lib/python3.8/site-packages/airflow/example_dags/example_sla_dag.py for tasks to queue
[2023-03-28T00:11:38.005+0200] {logging_mixin.py:137} INFO - [2023-03-28T00:11:38.005+0200] {dagbag.py:532} INFO - Filling up the DagBag from /home/humbulani/miniconda3/envs/apache-airflow/lib/python3.8/site-packages/airflow/example_dags/example_sla_dag.py
[2023-03-28T00:11:38.111+0200] {processor.py:753} INFO - DAG(s) dict_keys(['example_sla_dag']) retrieved from /home/humbulani/miniconda3/envs/apache-airflow/lib/python3.8/site-packages/airflow/example_dags/example_sla_dag.py
[2023-03-28T00:11:38.126+0200] {logging_mixin.py:137} INFO - [2023-03-28T00:11:38.126+0200] {dag.py:2693} INFO - Sync 1 DAGs
[2023-03-28T00:11:38.146+0200] {logging_mixin.py:137} INFO - [2023-03-28T00:11:38.146+0200] {dag.py:3440} INFO - Setting next_dagrun for example_sla_dag to 2023-03-27T22:08:00+00:00, run_after=2023-03-27T22:10:00+00:00
[2023-03-28T00:11:38.217+0200] {processor.py:175} INFO - Processing /home/humbulani/miniconda3/envs/apache-airflow/lib/python3.8/site-packages/airflow/example_dags/example_sla_dag.py took 0.217 seconds
[2023-03-28T00:12:26.554+0200] {processor.py:153} INFO - Started process (PID=23138) to work on /home/humbulani/miniconda3/envs/apache-airflow/lib/python3.8/site-packages/airflow/example_dags/example_sla_dag.py
[2023-03-28T00:12:26.572+0200] {processor.py:743} INFO - Processing file /home/humbulani/miniconda3/envs/apache-airflow/lib/python3.8/site-packages/airflow/example_dags/example_sla_dag.py for tasks to queue
[2023-03-28T00:12:26.572+0200] {logging_mixin.py:137} INFO - [2023-03-28T00:12:26.572+0200] {dagbag.py:532} INFO - Filling up the DagBag from /home/humbulani/miniconda3/envs/apache-airflow/lib/python3.8/site-packages/airflow/example_dags/example_sla_dag.py
[2023-03-28T00:12:26.593+0200] {processor.py:753} INFO - DAG(s) dict_keys(['example_sla_dag']) retrieved from /home/humbulani/miniconda3/envs/apache-airflow/lib/python3.8/site-packages/airflow/example_dags/example_sla_dag.py
[2023-03-28T00:12:26.610+0200] {logging_mixin.py:137} INFO - [2023-03-28T00:12:26.610+0200] {dag.py:2693} INFO - Sync 1 DAGs
[2023-03-28T00:12:26.632+0200] {logging_mixin.py:137} INFO - [2023-03-28T00:12:26.632+0200] {dag.py:3440} INFO - Setting next_dagrun for example_sla_dag to 2023-03-27T22:10:00+00:00, run_after=2023-03-27T22:12:00+00:00
[2023-03-28T00:12:26.712+0200] {processor.py:175} INFO - Processing /home/humbulani/miniconda3/envs/apache-airflow/lib/python3.8/site-packages/airflow/example_dags/example_sla_dag.py took 0.160 seconds
[2023-03-28T00:13:02.403+0200] {processor.py:153} INFO - Started process (PID=23199) to work on /home/humbulani/miniconda3/envs/apache-airflow/lib/python3.8/site-packages/airflow/example_dags/example_sla_dag.py
[2023-03-28T00:13:02.404+0200] {processor.py:743} INFO - Processing file /home/humbulani/miniconda3/envs/apache-airflow/lib/python3.8/site-packages/airflow/example_dags/example_sla_dag.py for tasks to queue
[2023-03-28T00:13:02.405+0200] {logging_mixin.py:137} INFO - [2023-03-28T00:13:02.405+0200] {dagbag.py:532} INFO - Filling up the DagBag from /home/humbulani/miniconda3/envs/apache-airflow/lib/python3.8/site-packages/airflow/example_dags/example_sla_dag.py
[2023-03-28T00:13:02.430+0200] {processor.py:753} INFO - DAG(s) dict_keys(['example_sla_dag']) retrieved from /home/humbulani/miniconda3/envs/apache-airflow/lib/python3.8/site-packages/airflow/example_dags/example_sla_dag.py
[2023-03-28T00:13:02.446+0200] {logging_mixin.py:137} INFO - [2023-03-28T00:13:02.446+0200] {dag.py:2693} INFO - Sync 1 DAGs
[2023-03-28T00:13:02.467+0200] {logging_mixin.py:137} INFO - [2023-03-28T00:13:02.467+0200] {dag.py:3440} INFO - Setting next_dagrun for example_sla_dag to 2023-03-27T22:10:00+00:00, run_after=2023-03-27T22:12:00+00:00
[2023-03-28T00:13:02.547+0200] {processor.py:175} INFO - Processing /home/humbulani/miniconda3/envs/apache-airflow/lib/python3.8/site-packages/airflow/example_dags/example_sla_dag.py took 0.147 seconds
[2023-03-28T00:13:46.236+0200] {processor.py:153} INFO - Started process (PID=23250) to work on /home/humbulani/miniconda3/envs/apache-airflow/lib/python3.8/site-packages/airflow/example_dags/example_sla_dag.py
[2023-03-28T00:13:46.237+0200] {processor.py:743} INFO - Processing file /home/humbulani/miniconda3/envs/apache-airflow/lib/python3.8/site-packages/airflow/example_dags/example_sla_dag.py for tasks to queue
[2023-03-28T00:13:46.237+0200] {logging_mixin.py:137} INFO - [2023-03-28T00:13:46.237+0200] {dagbag.py:532} INFO - Filling up the DagBag from /home/humbulani/miniconda3/envs/apache-airflow/lib/python3.8/site-packages/airflow/example_dags/example_sla_dag.py
[2023-03-28T00:13:46.262+0200] {processor.py:753} INFO - DAG(s) dict_keys(['example_sla_dag']) retrieved from /home/humbulani/miniconda3/envs/apache-airflow/lib/python3.8/site-packages/airflow/example_dags/example_sla_dag.py
[2023-03-28T00:13:46.279+0200] {logging_mixin.py:137} INFO - [2023-03-28T00:13:46.279+0200] {dag.py:2693} INFO - Sync 1 DAGs
[2023-03-28T00:13:46.299+0200] {logging_mixin.py:137} INFO - [2023-03-28T00:13:46.299+0200] {dag.py:3440} INFO - Setting next_dagrun for example_sla_dag to 2023-03-27T22:10:00+00:00, run_after=2023-03-27T22:12:00+00:00
[2023-03-28T00:13:46.375+0200] {processor.py:175} INFO - Processing /home/humbulani/miniconda3/envs/apache-airflow/lib/python3.8/site-packages/airflow/example_dags/example_sla_dag.py took 0.143 seconds
[2023-03-28T00:14:30.016+0200] {processor.py:153} INFO - Started process (PID=23294) to work on /home/humbulani/miniconda3/envs/apache-airflow/lib/python3.8/site-packages/airflow/example_dags/example_sla_dag.py
[2023-03-28T00:14:30.029+0200] {processor.py:743} INFO - Processing file /home/humbulani/miniconda3/envs/apache-airflow/lib/python3.8/site-packages/airflow/example_dags/example_sla_dag.py for tasks to queue
[2023-03-28T00:14:30.030+0200] {logging_mixin.py:137} INFO - [2023-03-28T00:14:30.030+0200] {dagbag.py:532} INFO - Filling up the DagBag from /home/humbulani/miniconda3/envs/apache-airflow/lib/python3.8/site-packages/airflow/example_dags/example_sla_dag.py
[2023-03-28T00:14:30.058+0200] {processor.py:753} INFO - DAG(s) dict_keys(['example_sla_dag']) retrieved from /home/humbulani/miniconda3/envs/apache-airflow/lib/python3.8/site-packages/airflow/example_dags/example_sla_dag.py
[2023-03-28T00:14:30.074+0200] {logging_mixin.py:137} INFO - [2023-03-28T00:14:30.074+0200] {dag.py:2693} INFO - Sync 1 DAGs
[2023-03-28T00:14:30.094+0200] {logging_mixin.py:137} INFO - [2023-03-28T00:14:30.094+0200] {dag.py:3440} INFO - Setting next_dagrun for example_sla_dag to 2023-03-27T22:12:00+00:00, run_after=2023-03-27T22:14:00+00:00
[2023-03-28T00:14:30.187+0200] {processor.py:175} INFO - Processing /home/humbulani/miniconda3/envs/apache-airflow/lib/python3.8/site-packages/airflow/example_dags/example_sla_dag.py took 0.174 seconds
[2023-03-28T00:15:05.761+0200] {processor.py:153} INFO - Started process (PID=23330) to work on /home/humbulani/miniconda3/envs/apache-airflow/lib/python3.8/site-packages/airflow/example_dags/example_sla_dag.py
[2023-03-28T00:15:05.777+0200] {processor.py:743} INFO - Processing file /home/humbulani/miniconda3/envs/apache-airflow/lib/python3.8/site-packages/airflow/example_dags/example_sla_dag.py for tasks to queue
[2023-03-28T00:15:05.778+0200] {logging_mixin.py:137} INFO - [2023-03-28T00:15:05.778+0200] {dagbag.py:532} INFO - Filling up the DagBag from /home/humbulani/miniconda3/envs/apache-airflow/lib/python3.8/site-packages/airflow/example_dags/example_sla_dag.py
[2023-03-28T00:15:05.805+0200] {processor.py:753} INFO - DAG(s) dict_keys(['example_sla_dag']) retrieved from /home/humbulani/miniconda3/envs/apache-airflow/lib/python3.8/site-packages/airflow/example_dags/example_sla_dag.py
[2023-03-28T00:15:05.822+0200] {logging_mixin.py:137} INFO - [2023-03-28T00:15:05.821+0200] {dag.py:2693} INFO - Sync 1 DAGs
[2023-03-28T00:15:05.841+0200] {logging_mixin.py:137} INFO - [2023-03-28T00:15:05.841+0200] {dag.py:3440} INFO - Setting next_dagrun for example_sla_dag to 2023-03-27T22:12:00+00:00, run_after=2023-03-27T22:14:00+00:00
[2023-03-28T00:15:05.921+0200] {processor.py:175} INFO - Processing /home/humbulani/miniconda3/envs/apache-airflow/lib/python3.8/site-packages/airflow/example_dags/example_sla_dag.py took 0.162 seconds
[2023-03-28T00:15:51.997+0200] {processor.py:153} INFO - Started process (PID=23406) to work on /home/humbulani/miniconda3/envs/apache-airflow/lib/python3.8/site-packages/airflow/example_dags/example_sla_dag.py
[2023-03-28T00:15:51.998+0200] {processor.py:743} INFO - Processing file /home/humbulani/miniconda3/envs/apache-airflow/lib/python3.8/site-packages/airflow/example_dags/example_sla_dag.py for tasks to queue
[2023-03-28T00:15:51.999+0200] {logging_mixin.py:137} INFO - [2023-03-28T00:15:51.998+0200] {dagbag.py:532} INFO - Filling up the DagBag from /home/humbulani/miniconda3/envs/apache-airflow/lib/python3.8/site-packages/airflow/example_dags/example_sla_dag.py
[2023-03-28T00:15:52.023+0200] {processor.py:753} INFO - DAG(s) dict_keys(['example_sla_dag']) retrieved from /home/humbulani/miniconda3/envs/apache-airflow/lib/python3.8/site-packages/airflow/example_dags/example_sla_dag.py
[2023-03-28T00:15:52.039+0200] {logging_mixin.py:137} INFO - [2023-03-28T00:15:52.039+0200] {dag.py:2693} INFO - Sync 1 DAGs
[2023-03-28T00:15:52.060+0200] {logging_mixin.py:137} INFO - [2023-03-28T00:15:52.060+0200] {dag.py:3440} INFO - Setting next_dagrun for example_sla_dag to 2023-03-27T22:12:00+00:00, run_after=2023-03-27T22:14:00+00:00
[2023-03-28T00:15:52.142+0200] {processor.py:175} INFO - Processing /home/humbulani/miniconda3/envs/apache-airflow/lib/python3.8/site-packages/airflow/example_dags/example_sla_dag.py took 0.149 seconds
[2023-03-28T00:16:41.151+0200] {processor.py:153} INFO - Started process (PID=23479) to work on /home/humbulani/miniconda3/envs/apache-airflow/lib/python3.8/site-packages/airflow/example_dags/example_sla_dag.py
[2023-03-28T00:16:41.162+0200] {processor.py:743} INFO - Processing file /home/humbulani/miniconda3/envs/apache-airflow/lib/python3.8/site-packages/airflow/example_dags/example_sla_dag.py for tasks to queue
[2023-03-28T00:16:41.163+0200] {logging_mixin.py:137} INFO - [2023-03-28T00:16:41.163+0200] {dagbag.py:532} INFO - Filling up the DagBag from /home/humbulani/miniconda3/envs/apache-airflow/lib/python3.8/site-packages/airflow/example_dags/example_sla_dag.py
[2023-03-28T00:16:41.186+0200] {processor.py:753} INFO - DAG(s) dict_keys(['example_sla_dag']) retrieved from /home/humbulani/miniconda3/envs/apache-airflow/lib/python3.8/site-packages/airflow/example_dags/example_sla_dag.py
[2023-03-28T00:16:41.203+0200] {logging_mixin.py:137} INFO - [2023-03-28T00:16:41.203+0200] {dag.py:2693} INFO - Sync 1 DAGs
[2023-03-28T00:16:41.225+0200] {logging_mixin.py:137} INFO - [2023-03-28T00:16:41.225+0200] {dag.py:3440} INFO - Setting next_dagrun for example_sla_dag to 2023-03-27T22:14:00+00:00, run_after=2023-03-27T22:16:00+00:00
[2023-03-28T00:16:41.327+0200] {processor.py:175} INFO - Processing /home/humbulani/miniconda3/envs/apache-airflow/lib/python3.8/site-packages/airflow/example_dags/example_sla_dag.py took 0.179 seconds
[2023-03-28T00:17:18.433+0200] {processor.py:153} INFO - Started process (PID=23586) to work on /home/humbulani/miniconda3/envs/apache-airflow/lib/python3.8/site-packages/airflow/example_dags/example_sla_dag.py
[2023-03-28T00:17:18.443+0200] {processor.py:743} INFO - Processing file /home/humbulani/miniconda3/envs/apache-airflow/lib/python3.8/site-packages/airflow/example_dags/example_sla_dag.py for tasks to queue
[2023-03-28T00:17:18.443+0200] {logging_mixin.py:137} INFO - [2023-03-28T00:17:18.443+0200] {dagbag.py:532} INFO - Filling up the DagBag from /home/humbulani/miniconda3/envs/apache-airflow/lib/python3.8/site-packages/airflow/example_dags/example_sla_dag.py
[2023-03-28T00:17:18.466+0200] {processor.py:753} INFO - DAG(s) dict_keys(['example_sla_dag']) retrieved from /home/humbulani/miniconda3/envs/apache-airflow/lib/python3.8/site-packages/airflow/example_dags/example_sla_dag.py
[2023-03-28T00:17:18.485+0200] {logging_mixin.py:137} INFO - [2023-03-28T00:17:18.485+0200] {dag.py:2693} INFO - Sync 1 DAGs
[2023-03-28T00:17:18.509+0200] {logging_mixin.py:137} INFO - [2023-03-28T00:17:18.509+0200] {dag.py:3440} INFO - Setting next_dagrun for example_sla_dag to 2023-03-27T22:14:00+00:00, run_after=2023-03-27T22:16:00+00:00
[2023-03-28T00:17:18.583+0200] {processor.py:175} INFO - Processing /home/humbulani/miniconda3/envs/apache-airflow/lib/python3.8/site-packages/airflow/example_dags/example_sla_dag.py took 0.153 seconds
[2023-03-28T00:18:03.732+0200] {processor.py:153} INFO - Started process (PID=23631) to work on /home/humbulani/miniconda3/envs/apache-airflow/lib/python3.8/site-packages/airflow/example_dags/example_sla_dag.py
[2023-03-28T00:18:03.746+0200] {processor.py:743} INFO - Processing file /home/humbulani/miniconda3/envs/apache-airflow/lib/python3.8/site-packages/airflow/example_dags/example_sla_dag.py for tasks to queue
[2023-03-28T00:18:03.747+0200] {logging_mixin.py:137} INFO - [2023-03-28T00:18:03.747+0200] {dagbag.py:532} INFO - Filling up the DagBag from /home/humbulani/miniconda3/envs/apache-airflow/lib/python3.8/site-packages/airflow/example_dags/example_sla_dag.py
[2023-03-28T00:18:03.769+0200] {processor.py:753} INFO - DAG(s) dict_keys(['example_sla_dag']) retrieved from /home/humbulani/miniconda3/envs/apache-airflow/lib/python3.8/site-packages/airflow/example_dags/example_sla_dag.py
[2023-03-28T00:18:03.787+0200] {logging_mixin.py:137} INFO - [2023-03-28T00:18:03.787+0200] {dag.py:2693} INFO - Sync 1 DAGs
[2023-03-28T00:18:03.807+0200] {logging_mixin.py:137} INFO - [2023-03-28T00:18:03.807+0200] {dag.py:3440} INFO - Setting next_dagrun for example_sla_dag to 2023-03-27T22:16:00+00:00, run_after=2023-03-27T22:18:00+00:00
[2023-03-28T00:18:03.887+0200] {processor.py:175} INFO - Processing /home/humbulani/miniconda3/envs/apache-airflow/lib/python3.8/site-packages/airflow/example_dags/example_sla_dag.py took 0.157 seconds
[2023-03-28T00:18:47.048+0200] {processor.py:153} INFO - Started process (PID=23673) to work on /home/humbulani/miniconda3/envs/apache-airflow/lib/python3.8/site-packages/airflow/example_dags/example_sla_dag.py
[2023-03-28T00:18:47.050+0200] {processor.py:743} INFO - Processing file /home/humbulani/miniconda3/envs/apache-airflow/lib/python3.8/site-packages/airflow/example_dags/example_sla_dag.py for tasks to queue
[2023-03-28T00:18:47.050+0200] {logging_mixin.py:137} INFO - [2023-03-28T00:18:47.050+0200] {dagbag.py:532} INFO - Filling up the DagBag from /home/humbulani/miniconda3/envs/apache-airflow/lib/python3.8/site-packages/airflow/example_dags/example_sla_dag.py
[2023-03-28T00:18:47.075+0200] {processor.py:753} INFO - DAG(s) dict_keys(['example_sla_dag']) retrieved from /home/humbulani/miniconda3/envs/apache-airflow/lib/python3.8/site-packages/airflow/example_dags/example_sla_dag.py
[2023-03-28T00:18:47.091+0200] {logging_mixin.py:137} INFO - [2023-03-28T00:18:47.091+0200] {dag.py:2693} INFO - Sync 1 DAGs
[2023-03-28T00:18:47.111+0200] {logging_mixin.py:137} INFO - [2023-03-28T00:18:47.111+0200] {dag.py:3440} INFO - Setting next_dagrun for example_sla_dag to 2023-03-27T22:16:00+00:00, run_after=2023-03-27T22:18:00+00:00
[2023-03-28T00:18:47.185+0200] {processor.py:175} INFO - Processing /home/humbulani/miniconda3/envs/apache-airflow/lib/python3.8/site-packages/airflow/example_dags/example_sla_dag.py took 0.139 seconds
[2023-03-28T00:19:33.912+0200] {processor.py:153} INFO - Started process (PID=23717) to work on /home/humbulani/miniconda3/envs/apache-airflow/lib/python3.8/site-packages/airflow/example_dags/example_sla_dag.py
[2023-03-28T00:19:33.917+0200] {processor.py:743} INFO - Processing file /home/humbulani/miniconda3/envs/apache-airflow/lib/python3.8/site-packages/airflow/example_dags/example_sla_dag.py for tasks to queue
[2023-03-28T00:19:33.918+0200] {logging_mixin.py:137} INFO - [2023-03-28T00:19:33.917+0200] {dagbag.py:532} INFO - Filling up the DagBag from /home/humbulani/miniconda3/envs/apache-airflow/lib/python3.8/site-packages/airflow/example_dags/example_sla_dag.py
[2023-03-28T00:19:33.940+0200] {processor.py:753} INFO - DAG(s) dict_keys(['example_sla_dag']) retrieved from /home/humbulani/miniconda3/envs/apache-airflow/lib/python3.8/site-packages/airflow/example_dags/example_sla_dag.py
[2023-03-28T00:19:33.957+0200] {logging_mixin.py:137} INFO - [2023-03-28T00:19:33.956+0200] {dag.py:2693} INFO - Sync 1 DAGs
[2023-03-28T00:19:33.978+0200] {logging_mixin.py:137} INFO - [2023-03-28T00:19:33.978+0200] {dag.py:3440} INFO - Setting next_dagrun for example_sla_dag to 2023-03-27T22:16:00+00:00, run_after=2023-03-27T22:18:00+00:00
[2023-03-28T00:19:34.058+0200] {processor.py:175} INFO - Processing /home/humbulani/miniconda3/envs/apache-airflow/lib/python3.8/site-packages/airflow/example_dags/example_sla_dag.py took 0.149 seconds
[2023-03-28T00:20:25.373+0200] {processor.py:153} INFO - Started process (PID=23770) to work on /home/humbulani/miniconda3/envs/apache-airflow/lib/python3.8/site-packages/airflow/example_dags/example_sla_dag.py
[2023-03-28T00:20:25.389+0200] {processor.py:743} INFO - Processing file /home/humbulani/miniconda3/envs/apache-airflow/lib/python3.8/site-packages/airflow/example_dags/example_sla_dag.py for tasks to queue
[2023-03-28T00:20:25.390+0200] {logging_mixin.py:137} INFO - [2023-03-28T00:20:25.390+0200] {dagbag.py:532} INFO - Filling up the DagBag from /home/humbulani/miniconda3/envs/apache-airflow/lib/python3.8/site-packages/airflow/example_dags/example_sla_dag.py
[2023-03-28T00:20:25.412+0200] {processor.py:753} INFO - DAG(s) dict_keys(['example_sla_dag']) retrieved from /home/humbulani/miniconda3/envs/apache-airflow/lib/python3.8/site-packages/airflow/example_dags/example_sla_dag.py
[2023-03-28T00:20:25.430+0200] {logging_mixin.py:137} INFO - [2023-03-28T00:20:25.430+0200] {dag.py:2693} INFO - Sync 1 DAGs
[2023-03-28T00:20:25.454+0200] {logging_mixin.py:137} INFO - [2023-03-28T00:20:25.454+0200] {dag.py:3440} INFO - Setting next_dagrun for example_sla_dag to 2023-03-27T22:18:00+00:00, run_after=2023-03-27T22:20:00+00:00
[2023-03-28T00:20:25.531+0200] {processor.py:175} INFO - Processing /home/humbulani/miniconda3/envs/apache-airflow/lib/python3.8/site-packages/airflow/example_dags/example_sla_dag.py took 0.161 seconds
[2023-03-28T00:21:07.277+0200] {processor.py:153} INFO - Started process (PID=23806) to work on /home/humbulani/miniconda3/envs/apache-airflow/lib/python3.8/site-packages/airflow/example_dags/example_sla_dag.py
[2023-03-28T00:21:07.294+0200] {processor.py:743} INFO - Processing file /home/humbulani/miniconda3/envs/apache-airflow/lib/python3.8/site-packages/airflow/example_dags/example_sla_dag.py for tasks to queue
[2023-03-28T00:21:07.295+0200] {logging_mixin.py:137} INFO - [2023-03-28T00:21:07.295+0200] {dagbag.py:532} INFO - Filling up the DagBag from /home/humbulani/miniconda3/envs/apache-airflow/lib/python3.8/site-packages/airflow/example_dags/example_sla_dag.py
[2023-03-28T00:21:07.316+0200] {processor.py:753} INFO - DAG(s) dict_keys(['example_sla_dag']) retrieved from /home/humbulani/miniconda3/envs/apache-airflow/lib/python3.8/site-packages/airflow/example_dags/example_sla_dag.py
[2023-03-28T00:21:07.333+0200] {logging_mixin.py:137} INFO - [2023-03-28T00:21:07.332+0200] {dag.py:2693} INFO - Sync 1 DAGs
[2023-03-28T00:21:07.352+0200] {logging_mixin.py:137} INFO - [2023-03-28T00:21:07.352+0200] {dag.py:3440} INFO - Setting next_dagrun for example_sla_dag to 2023-03-27T22:18:00+00:00, run_after=2023-03-27T22:20:00+00:00
[2023-03-28T00:21:07.419+0200] {processor.py:175} INFO - Processing /home/humbulani/miniconda3/envs/apache-airflow/lib/python3.8/site-packages/airflow/example_dags/example_sla_dag.py took 0.145 seconds
[2023-03-28T00:21:48.211+0200] {processor.py:153} INFO - Started process (PID=23857) to work on /home/humbulani/miniconda3/envs/apache-airflow/lib/python3.8/site-packages/airflow/example_dags/example_sla_dag.py
[2023-03-28T00:21:48.224+0200] {processor.py:743} INFO - Processing file /home/humbulani/miniconda3/envs/apache-airflow/lib/python3.8/site-packages/airflow/example_dags/example_sla_dag.py for tasks to queue
[2023-03-28T00:21:48.225+0200] {logging_mixin.py:137} INFO - [2023-03-28T00:21:48.225+0200] {dagbag.py:532} INFO - Filling up the DagBag from /home/humbulani/miniconda3/envs/apache-airflow/lib/python3.8/site-packages/airflow/example_dags/example_sla_dag.py
[2023-03-28T00:21:48.245+0200] {processor.py:753} INFO - DAG(s) dict_keys(['example_sla_dag']) retrieved from /home/humbulani/miniconda3/envs/apache-airflow/lib/python3.8/site-packages/airflow/example_dags/example_sla_dag.py
[2023-03-28T00:21:48.261+0200] {logging_mixin.py:137} INFO - [2023-03-28T00:21:48.261+0200] {dag.py:2693} INFO - Sync 1 DAGs
[2023-03-28T00:21:48.281+0200] {logging_mixin.py:137} INFO - [2023-03-28T00:21:48.281+0200] {dag.py:3440} INFO - Setting next_dagrun for example_sla_dag to 2023-03-27T22:18:00+00:00, run_after=2023-03-27T22:20:00+00:00
[2023-03-28T00:21:48.351+0200] {processor.py:175} INFO - Processing /home/humbulani/miniconda3/envs/apache-airflow/lib/python3.8/site-packages/airflow/example_dags/example_sla_dag.py took 0.143 seconds
