[2023-03-28T00:04:08.656+0200] {processor.py:153} INFO - Started process (PID=22510) to work on /home/humbulani/miniconda3/envs/apache-airflow/lib/python3.8/site-packages/airflow/example_dags/example_python_operator.py
[2023-03-28T00:04:08.657+0200] {processor.py:743} INFO - Processing file /home/humbulani/miniconda3/envs/apache-airflow/lib/python3.8/site-packages/airflow/example_dags/example_python_operator.py for tasks to queue
[2023-03-28T00:04:08.657+0200] {logging_mixin.py:137} INFO - [2023-03-28T00:04:08.657+0200] {dagbag.py:532} INFO - Filling up the DagBag from /home/humbulani/miniconda3/envs/apache-airflow/lib/python3.8/site-packages/airflow/example_dags/example_python_operator.py
[2023-03-28T00:04:08.674+0200] {logging_mixin.py:137} INFO - [2023-03-28T00:04:08.674+0200] {taskmixin.py:211} WARNING - Dependency <Task(_PythonDecoratedOperator): print_the_context>, log_sql_query already registered for DAG: example_python_operator
[2023-03-28T00:04:08.674+0200] {logging_mixin.py:137} INFO - [2023-03-28T00:04:08.674+0200] {taskmixin.py:211} WARNING - Dependency <Task(_PythonDecoratedOperator): log_sql_query>, print_the_context already registered for DAG: example_python_operator
[2023-03-28T00:04:08.675+0200] {logging_mixin.py:137} INFO - [2023-03-28T00:04:08.675+0200] {taskmixin.py:211} WARNING - Dependency <Task(_PythonDecoratedOperator): print_the_context>, log_sql_query already registered for DAG: example_python_operator
[2023-03-28T00:04:08.675+0200] {logging_mixin.py:137} INFO - [2023-03-28T00:04:08.675+0200] {taskmixin.py:211} WARNING - Dependency <Task(_PythonDecoratedOperator): log_sql_query>, print_the_context already registered for DAG: example_python_operator
[2023-03-28T00:04:08.676+0200] {logging_mixin.py:137} INFO - [2023-03-28T00:04:08.676+0200] {taskmixin.py:211} WARNING - Dependency <Task(_PythonDecoratedOperator): print_the_context>, log_sql_query already registered for DAG: example_python_operator
[2023-03-28T00:04:08.676+0200] {logging_mixin.py:137} INFO - [2023-03-28T00:04:08.676+0200] {taskmixin.py:211} WARNING - Dependency <Task(_PythonDecoratedOperator): log_sql_query>, print_the_context already registered for DAG: example_python_operator
[2023-03-28T00:04:08.676+0200] {logging_mixin.py:137} INFO - [2023-03-28T00:04:08.676+0200] {taskmixin.py:211} WARNING - Dependency <Task(_PythonDecoratedOperator): print_the_context>, log_sql_query already registered for DAG: example_python_operator
[2023-03-28T00:04:08.677+0200] {logging_mixin.py:137} INFO - [2023-03-28T00:04:08.676+0200] {taskmixin.py:211} WARNING - Dependency <Task(_PythonDecoratedOperator): log_sql_query>, print_the_context already registered for DAG: example_python_operator
[2023-03-28T00:04:08.677+0200] {logging_mixin.py:137} INFO - [2023-03-28T00:04:08.677+0200] {example_python_operator.py:90} WARNING - The virtalenv_python example task requires virtualenv, please install it.
[2023-03-28T00:04:08.681+0200] {processor.py:753} INFO - DAG(s) dict_keys(['example_python_operator']) retrieved from /home/humbulani/miniconda3/envs/apache-airflow/lib/python3.8/site-packages/airflow/example_dags/example_python_operator.py
[2023-03-28T00:04:08.699+0200] {logging_mixin.py:137} INFO - [2023-03-28T00:04:08.699+0200] {dag.py:2693} INFO - Sync 1 DAGs
[2023-03-28T00:04:08.718+0200] {logging_mixin.py:137} INFO - [2023-03-28T00:04:08.717+0200] {dag.py:3440} INFO - Setting next_dagrun for example_python_operator to None, run_after=None
[2023-03-28T00:04:08.806+0200] {processor.py:175} INFO - Processing /home/humbulani/miniconda3/envs/apache-airflow/lib/python3.8/site-packages/airflow/example_dags/example_python_operator.py took 0.153 seconds
[2023-03-28T00:04:58.920+0200] {processor.py:153} INFO - Started process (PID=22598) to work on /home/humbulani/miniconda3/envs/apache-airflow/lib/python3.8/site-packages/airflow/example_dags/example_python_operator.py
[2023-03-28T00:04:58.942+0200] {processor.py:743} INFO - Processing file /home/humbulani/miniconda3/envs/apache-airflow/lib/python3.8/site-packages/airflow/example_dags/example_python_operator.py for tasks to queue
[2023-03-28T00:04:58.942+0200] {logging_mixin.py:137} INFO - [2023-03-28T00:04:58.942+0200] {dagbag.py:532} INFO - Filling up the DagBag from /home/humbulani/miniconda3/envs/apache-airflow/lib/python3.8/site-packages/airflow/example_dags/example_python_operator.py
[2023-03-28T00:04:58.962+0200] {logging_mixin.py:137} INFO - [2023-03-28T00:04:58.962+0200] {taskmixin.py:211} WARNING - Dependency <Task(_PythonDecoratedOperator): print_the_context>, log_sql_query already registered for DAG: example_python_operator
[2023-03-28T00:04:58.962+0200] {logging_mixin.py:137} INFO - [2023-03-28T00:04:58.962+0200] {taskmixin.py:211} WARNING - Dependency <Task(_PythonDecoratedOperator): log_sql_query>, print_the_context already registered for DAG: example_python_operator
[2023-03-28T00:04:58.963+0200] {logging_mixin.py:137} INFO - [2023-03-28T00:04:58.963+0200] {taskmixin.py:211} WARNING - Dependency <Task(_PythonDecoratedOperator): print_the_context>, log_sql_query already registered for DAG: example_python_operator
[2023-03-28T00:04:58.963+0200] {logging_mixin.py:137} INFO - [2023-03-28T00:04:58.963+0200] {taskmixin.py:211} WARNING - Dependency <Task(_PythonDecoratedOperator): log_sql_query>, print_the_context already registered for DAG: example_python_operator
[2023-03-28T00:04:58.964+0200] {logging_mixin.py:137} INFO - [2023-03-28T00:04:58.964+0200] {taskmixin.py:211} WARNING - Dependency <Task(_PythonDecoratedOperator): print_the_context>, log_sql_query already registered for DAG: example_python_operator
[2023-03-28T00:04:58.964+0200] {logging_mixin.py:137} INFO - [2023-03-28T00:04:58.964+0200] {taskmixin.py:211} WARNING - Dependency <Task(_PythonDecoratedOperator): log_sql_query>, print_the_context already registered for DAG: example_python_operator
[2023-03-28T00:04:58.965+0200] {logging_mixin.py:137} INFO - [2023-03-28T00:04:58.965+0200] {taskmixin.py:211} WARNING - Dependency <Task(_PythonDecoratedOperator): print_the_context>, log_sql_query already registered for DAG: example_python_operator
[2023-03-28T00:04:58.965+0200] {logging_mixin.py:137} INFO - [2023-03-28T00:04:58.965+0200] {taskmixin.py:211} WARNING - Dependency <Task(_PythonDecoratedOperator): log_sql_query>, print_the_context already registered for DAG: example_python_operator
[2023-03-28T00:04:58.966+0200] {logging_mixin.py:137} INFO - [2023-03-28T00:04:58.966+0200] {example_python_operator.py:90} WARNING - The virtalenv_python example task requires virtualenv, please install it.
[2023-03-28T00:04:58.971+0200] {processor.py:753} INFO - DAG(s) dict_keys(['example_python_operator']) retrieved from /home/humbulani/miniconda3/envs/apache-airflow/lib/python3.8/site-packages/airflow/example_dags/example_python_operator.py
[2023-03-28T00:04:58.990+0200] {logging_mixin.py:137} INFO - [2023-03-28T00:04:58.990+0200] {dag.py:2693} INFO - Sync 1 DAGs
[2023-03-28T00:04:59.008+0200] {logging_mixin.py:137} INFO - [2023-03-28T00:04:59.008+0200] {dag.py:3440} INFO - Setting next_dagrun for example_python_operator to None, run_after=None
[2023-03-28T00:04:59.077+0200] {processor.py:175} INFO - Processing /home/humbulani/miniconda3/envs/apache-airflow/lib/python3.8/site-packages/airflow/example_dags/example_python_operator.py took 0.160 seconds
[2023-03-28T00:05:44.390+0200] {processor.py:153} INFO - Started process (PID=22669) to work on /home/humbulani/miniconda3/envs/apache-airflow/lib/python3.8/site-packages/airflow/example_dags/example_python_operator.py
[2023-03-28T00:05:44.406+0200] {processor.py:743} INFO - Processing file /home/humbulani/miniconda3/envs/apache-airflow/lib/python3.8/site-packages/airflow/example_dags/example_python_operator.py for tasks to queue
[2023-03-28T00:05:44.406+0200] {logging_mixin.py:137} INFO - [2023-03-28T00:05:44.406+0200] {dagbag.py:532} INFO - Filling up the DagBag from /home/humbulani/miniconda3/envs/apache-airflow/lib/python3.8/site-packages/airflow/example_dags/example_python_operator.py
[2023-03-28T00:05:44.422+0200] {logging_mixin.py:137} INFO - [2023-03-28T00:05:44.422+0200] {taskmixin.py:211} WARNING - Dependency <Task(_PythonDecoratedOperator): print_the_context>, log_sql_query already registered for DAG: example_python_operator
[2023-03-28T00:05:44.423+0200] {logging_mixin.py:137} INFO - [2023-03-28T00:05:44.423+0200] {taskmixin.py:211} WARNING - Dependency <Task(_PythonDecoratedOperator): log_sql_query>, print_the_context already registered for DAG: example_python_operator
[2023-03-28T00:05:44.423+0200] {logging_mixin.py:137} INFO - [2023-03-28T00:05:44.423+0200] {taskmixin.py:211} WARNING - Dependency <Task(_PythonDecoratedOperator): print_the_context>, log_sql_query already registered for DAG: example_python_operator
[2023-03-28T00:05:44.424+0200] {logging_mixin.py:137} INFO - [2023-03-28T00:05:44.424+0200] {taskmixin.py:211} WARNING - Dependency <Task(_PythonDecoratedOperator): log_sql_query>, print_the_context already registered for DAG: example_python_operator
[2023-03-28T00:05:44.424+0200] {logging_mixin.py:137} INFO - [2023-03-28T00:05:44.424+0200] {taskmixin.py:211} WARNING - Dependency <Task(_PythonDecoratedOperator): print_the_context>, log_sql_query already registered for DAG: example_python_operator
[2023-03-28T00:05:44.425+0200] {logging_mixin.py:137} INFO - [2023-03-28T00:05:44.425+0200] {taskmixin.py:211} WARNING - Dependency <Task(_PythonDecoratedOperator): log_sql_query>, print_the_context already registered for DAG: example_python_operator
[2023-03-28T00:05:44.425+0200] {logging_mixin.py:137} INFO - [2023-03-28T00:05:44.425+0200] {taskmixin.py:211} WARNING - Dependency <Task(_PythonDecoratedOperator): print_the_context>, log_sql_query already registered for DAG: example_python_operator
[2023-03-28T00:05:44.426+0200] {logging_mixin.py:137} INFO - [2023-03-28T00:05:44.426+0200] {taskmixin.py:211} WARNING - Dependency <Task(_PythonDecoratedOperator): log_sql_query>, print_the_context already registered for DAG: example_python_operator
[2023-03-28T00:05:44.426+0200] {logging_mixin.py:137} INFO - [2023-03-28T00:05:44.426+0200] {example_python_operator.py:90} WARNING - The virtalenv_python example task requires virtualenv, please install it.
[2023-03-28T00:05:44.432+0200] {processor.py:753} INFO - DAG(s) dict_keys(['example_python_operator']) retrieved from /home/humbulani/miniconda3/envs/apache-airflow/lib/python3.8/site-packages/airflow/example_dags/example_python_operator.py
[2023-03-28T00:05:44.450+0200] {logging_mixin.py:137} INFO - [2023-03-28T00:05:44.450+0200] {dag.py:2693} INFO - Sync 1 DAGs
[2023-03-28T00:05:44.467+0200] {logging_mixin.py:137} INFO - [2023-03-28T00:05:44.467+0200] {dag.py:3440} INFO - Setting next_dagrun for example_python_operator to None, run_after=None
[2023-03-28T00:05:44.546+0200] {processor.py:175} INFO - Processing /home/humbulani/miniconda3/envs/apache-airflow/lib/python3.8/site-packages/airflow/example_dags/example_python_operator.py took 0.158 seconds
[2023-03-28T00:06:29.895+0200] {processor.py:153} INFO - Started process (PID=22761) to work on /home/humbulani/miniconda3/envs/apache-airflow/lib/python3.8/site-packages/airflow/example_dags/example_python_operator.py
[2023-03-28T00:06:29.912+0200] {processor.py:743} INFO - Processing file /home/humbulani/miniconda3/envs/apache-airflow/lib/python3.8/site-packages/airflow/example_dags/example_python_operator.py for tasks to queue
[2023-03-28T00:06:29.913+0200] {logging_mixin.py:137} INFO - [2023-03-28T00:06:29.913+0200] {dagbag.py:532} INFO - Filling up the DagBag from /home/humbulani/miniconda3/envs/apache-airflow/lib/python3.8/site-packages/airflow/example_dags/example_python_operator.py
[2023-03-28T00:06:29.928+0200] {logging_mixin.py:137} INFO - [2023-03-28T00:06:29.928+0200] {taskmixin.py:211} WARNING - Dependency <Task(_PythonDecoratedOperator): print_the_context>, log_sql_query already registered for DAG: example_python_operator
[2023-03-28T00:06:29.929+0200] {logging_mixin.py:137} INFO - [2023-03-28T00:06:29.929+0200] {taskmixin.py:211} WARNING - Dependency <Task(_PythonDecoratedOperator): log_sql_query>, print_the_context already registered for DAG: example_python_operator
[2023-03-28T00:06:29.929+0200] {logging_mixin.py:137} INFO - [2023-03-28T00:06:29.929+0200] {taskmixin.py:211} WARNING - Dependency <Task(_PythonDecoratedOperator): print_the_context>, log_sql_query already registered for DAG: example_python_operator
[2023-03-28T00:06:29.929+0200] {logging_mixin.py:137} INFO - [2023-03-28T00:06:29.929+0200] {taskmixin.py:211} WARNING - Dependency <Task(_PythonDecoratedOperator): log_sql_query>, print_the_context already registered for DAG: example_python_operator
[2023-03-28T00:06:29.930+0200] {logging_mixin.py:137} INFO - [2023-03-28T00:06:29.930+0200] {taskmixin.py:211} WARNING - Dependency <Task(_PythonDecoratedOperator): print_the_context>, log_sql_query already registered for DAG: example_python_operator
[2023-03-28T00:06:29.930+0200] {logging_mixin.py:137} INFO - [2023-03-28T00:06:29.930+0200] {taskmixin.py:211} WARNING - Dependency <Task(_PythonDecoratedOperator): log_sql_query>, print_the_context already registered for DAG: example_python_operator
[2023-03-28T00:06:29.931+0200] {logging_mixin.py:137} INFO - [2023-03-28T00:06:29.931+0200] {taskmixin.py:211} WARNING - Dependency <Task(_PythonDecoratedOperator): print_the_context>, log_sql_query already registered for DAG: example_python_operator
[2023-03-28T00:06:29.931+0200] {logging_mixin.py:137} INFO - [2023-03-28T00:06:29.931+0200] {taskmixin.py:211} WARNING - Dependency <Task(_PythonDecoratedOperator): log_sql_query>, print_the_context already registered for DAG: example_python_operator
[2023-03-28T00:06:29.931+0200] {logging_mixin.py:137} INFO - [2023-03-28T00:06:29.931+0200] {example_python_operator.py:90} WARNING - The virtalenv_python example task requires virtualenv, please install it.
[2023-03-28T00:06:29.936+0200] {processor.py:753} INFO - DAG(s) dict_keys(['example_python_operator']) retrieved from /home/humbulani/miniconda3/envs/apache-airflow/lib/python3.8/site-packages/airflow/example_dags/example_python_operator.py
[2023-03-28T00:06:29.954+0200] {logging_mixin.py:137} INFO - [2023-03-28T00:06:29.954+0200] {dag.py:2693} INFO - Sync 1 DAGs
[2023-03-28T00:06:29.971+0200] {logging_mixin.py:137} INFO - [2023-03-28T00:06:29.971+0200] {dag.py:3440} INFO - Setting next_dagrun for example_python_operator to None, run_after=None
[2023-03-28T00:06:30.048+0200] {processor.py:175} INFO - Processing /home/humbulani/miniconda3/envs/apache-airflow/lib/python3.8/site-packages/airflow/example_dags/example_python_operator.py took 0.155 seconds
[2023-03-28T00:07:16.162+0200] {processor.py:153} INFO - Started process (PID=22806) to work on /home/humbulani/miniconda3/envs/apache-airflow/lib/python3.8/site-packages/airflow/example_dags/example_python_operator.py
[2023-03-28T00:07:16.174+0200] {processor.py:743} INFO - Processing file /home/humbulani/miniconda3/envs/apache-airflow/lib/python3.8/site-packages/airflow/example_dags/example_python_operator.py for tasks to queue
[2023-03-28T00:07:16.175+0200] {logging_mixin.py:137} INFO - [2023-03-28T00:07:16.175+0200] {dagbag.py:532} INFO - Filling up the DagBag from /home/humbulani/miniconda3/envs/apache-airflow/lib/python3.8/site-packages/airflow/example_dags/example_python_operator.py
[2023-03-28T00:07:16.191+0200] {logging_mixin.py:137} INFO - [2023-03-28T00:07:16.191+0200] {taskmixin.py:211} WARNING - Dependency <Task(_PythonDecoratedOperator): print_the_context>, log_sql_query already registered for DAG: example_python_operator
[2023-03-28T00:07:16.191+0200] {logging_mixin.py:137} INFO - [2023-03-28T00:07:16.191+0200] {taskmixin.py:211} WARNING - Dependency <Task(_PythonDecoratedOperator): log_sql_query>, print_the_context already registered for DAG: example_python_operator
[2023-03-28T00:07:16.192+0200] {logging_mixin.py:137} INFO - [2023-03-28T00:07:16.191+0200] {taskmixin.py:211} WARNING - Dependency <Task(_PythonDecoratedOperator): print_the_context>, log_sql_query already registered for DAG: example_python_operator
[2023-03-28T00:07:16.192+0200] {logging_mixin.py:137} INFO - [2023-03-28T00:07:16.192+0200] {taskmixin.py:211} WARNING - Dependency <Task(_PythonDecoratedOperator): log_sql_query>, print_the_context already registered for DAG: example_python_operator
[2023-03-28T00:07:16.192+0200] {logging_mixin.py:137} INFO - [2023-03-28T00:07:16.192+0200] {taskmixin.py:211} WARNING - Dependency <Task(_PythonDecoratedOperator): print_the_context>, log_sql_query already registered for DAG: example_python_operator
[2023-03-28T00:07:16.193+0200] {logging_mixin.py:137} INFO - [2023-03-28T00:07:16.192+0200] {taskmixin.py:211} WARNING - Dependency <Task(_PythonDecoratedOperator): log_sql_query>, print_the_context already registered for DAG: example_python_operator
[2023-03-28T00:07:16.193+0200] {logging_mixin.py:137} INFO - [2023-03-28T00:07:16.193+0200] {taskmixin.py:211} WARNING - Dependency <Task(_PythonDecoratedOperator): print_the_context>, log_sql_query already registered for DAG: example_python_operator
[2023-03-28T00:07:16.193+0200] {logging_mixin.py:137} INFO - [2023-03-28T00:07:16.193+0200] {taskmixin.py:211} WARNING - Dependency <Task(_PythonDecoratedOperator): log_sql_query>, print_the_context already registered for DAG: example_python_operator
[2023-03-28T00:07:16.194+0200] {logging_mixin.py:137} INFO - [2023-03-28T00:07:16.194+0200] {example_python_operator.py:90} WARNING - The virtalenv_python example task requires virtualenv, please install it.
[2023-03-28T00:07:16.198+0200] {processor.py:753} INFO - DAG(s) dict_keys(['example_python_operator']) retrieved from /home/humbulani/miniconda3/envs/apache-airflow/lib/python3.8/site-packages/airflow/example_dags/example_python_operator.py
[2023-03-28T00:07:16.216+0200] {logging_mixin.py:137} INFO - [2023-03-28T00:07:16.216+0200] {dag.py:2693} INFO - Sync 1 DAGs
[2023-03-28T00:07:16.233+0200] {logging_mixin.py:137} INFO - [2023-03-28T00:07:16.233+0200] {dag.py:3440} INFO - Setting next_dagrun for example_python_operator to None, run_after=None
[2023-03-28T00:07:16.302+0200] {processor.py:175} INFO - Processing /home/humbulani/miniconda3/envs/apache-airflow/lib/python3.8/site-packages/airflow/example_dags/example_python_operator.py took 0.142 seconds
[2023-03-28T00:08:09.840+0200] {processor.py:153} INFO - Started process (PID=22906) to work on /home/humbulani/miniconda3/envs/apache-airflow/lib/python3.8/site-packages/airflow/example_dags/example_python_operator.py
[2023-03-28T00:08:09.848+0200] {processor.py:743} INFO - Processing file /home/humbulani/miniconda3/envs/apache-airflow/lib/python3.8/site-packages/airflow/example_dags/example_python_operator.py for tasks to queue
[2023-03-28T00:08:09.849+0200] {logging_mixin.py:137} INFO - [2023-03-28T00:08:09.848+0200] {dagbag.py:532} INFO - Filling up the DagBag from /home/humbulani/miniconda3/envs/apache-airflow/lib/python3.8/site-packages/airflow/example_dags/example_python_operator.py
[2023-03-28T00:08:09.867+0200] {logging_mixin.py:137} INFO - [2023-03-28T00:08:09.867+0200] {taskmixin.py:211} WARNING - Dependency <Task(_PythonDecoratedOperator): print_the_context>, log_sql_query already registered for DAG: example_python_operator
[2023-03-28T00:08:09.867+0200] {logging_mixin.py:137} INFO - [2023-03-28T00:08:09.867+0200] {taskmixin.py:211} WARNING - Dependency <Task(_PythonDecoratedOperator): log_sql_query>, print_the_context already registered for DAG: example_python_operator
[2023-03-28T00:08:09.868+0200] {logging_mixin.py:137} INFO - [2023-03-28T00:08:09.867+0200] {taskmixin.py:211} WARNING - Dependency <Task(_PythonDecoratedOperator): print_the_context>, log_sql_query already registered for DAG: example_python_operator
[2023-03-28T00:08:09.868+0200] {logging_mixin.py:137} INFO - [2023-03-28T00:08:09.868+0200] {taskmixin.py:211} WARNING - Dependency <Task(_PythonDecoratedOperator): log_sql_query>, print_the_context already registered for DAG: example_python_operator
[2023-03-28T00:08:09.868+0200] {logging_mixin.py:137} INFO - [2023-03-28T00:08:09.868+0200] {taskmixin.py:211} WARNING - Dependency <Task(_PythonDecoratedOperator): print_the_context>, log_sql_query already registered for DAG: example_python_operator
[2023-03-28T00:08:09.868+0200] {logging_mixin.py:137} INFO - [2023-03-28T00:08:09.868+0200] {taskmixin.py:211} WARNING - Dependency <Task(_PythonDecoratedOperator): log_sql_query>, print_the_context already registered for DAG: example_python_operator
[2023-03-28T00:08:09.869+0200] {logging_mixin.py:137} INFO - [2023-03-28T00:08:09.869+0200] {taskmixin.py:211} WARNING - Dependency <Task(_PythonDecoratedOperator): print_the_context>, log_sql_query already registered for DAG: example_python_operator
[2023-03-28T00:08:09.869+0200] {logging_mixin.py:137} INFO - [2023-03-28T00:08:09.869+0200] {taskmixin.py:211} WARNING - Dependency <Task(_PythonDecoratedOperator): log_sql_query>, print_the_context already registered for DAG: example_python_operator
[2023-03-28T00:08:09.870+0200] {logging_mixin.py:137} INFO - [2023-03-28T00:08:09.869+0200] {example_python_operator.py:90} WARNING - The virtalenv_python example task requires virtualenv, please install it.
[2023-03-28T00:08:09.874+0200] {processor.py:753} INFO - DAG(s) dict_keys(['example_python_operator']) retrieved from /home/humbulani/miniconda3/envs/apache-airflow/lib/python3.8/site-packages/airflow/example_dags/example_python_operator.py
[2023-03-28T00:08:09.891+0200] {logging_mixin.py:137} INFO - [2023-03-28T00:08:09.891+0200] {dag.py:2693} INFO - Sync 1 DAGs
[2023-03-28T00:08:09.907+0200] {logging_mixin.py:137} INFO - [2023-03-28T00:08:09.907+0200] {dag.py:3440} INFO - Setting next_dagrun for example_python_operator to None, run_after=None
[2023-03-28T00:08:10.077+0200] {processor.py:175} INFO - Processing /home/humbulani/miniconda3/envs/apache-airflow/lib/python3.8/site-packages/airflow/example_dags/example_python_operator.py took 0.240 seconds
[2023-03-28T00:09:05.087+0200] {processor.py:153} INFO - Started process (PID=22964) to work on /home/humbulani/miniconda3/envs/apache-airflow/lib/python3.8/site-packages/airflow/example_dags/example_python_operator.py
[2023-03-28T00:09:05.088+0200] {processor.py:743} INFO - Processing file /home/humbulani/miniconda3/envs/apache-airflow/lib/python3.8/site-packages/airflow/example_dags/example_python_operator.py for tasks to queue
[2023-03-28T00:09:05.088+0200] {logging_mixin.py:137} INFO - [2023-03-28T00:09:05.088+0200] {dagbag.py:532} INFO - Filling up the DagBag from /home/humbulani/miniconda3/envs/apache-airflow/lib/python3.8/site-packages/airflow/example_dags/example_python_operator.py
[2023-03-28T00:09:05.104+0200] {logging_mixin.py:137} INFO - [2023-03-28T00:09:05.104+0200] {taskmixin.py:211} WARNING - Dependency <Task(_PythonDecoratedOperator): print_the_context>, log_sql_query already registered for DAG: example_python_operator
[2023-03-28T00:09:05.104+0200] {logging_mixin.py:137} INFO - [2023-03-28T00:09:05.104+0200] {taskmixin.py:211} WARNING - Dependency <Task(_PythonDecoratedOperator): log_sql_query>, print_the_context already registered for DAG: example_python_operator
[2023-03-28T00:09:05.105+0200] {logging_mixin.py:137} INFO - [2023-03-28T00:09:05.105+0200] {taskmixin.py:211} WARNING - Dependency <Task(_PythonDecoratedOperator): print_the_context>, log_sql_query already registered for DAG: example_python_operator
[2023-03-28T00:09:05.105+0200] {logging_mixin.py:137} INFO - [2023-03-28T00:09:05.105+0200] {taskmixin.py:211} WARNING - Dependency <Task(_PythonDecoratedOperator): log_sql_query>, print_the_context already registered for DAG: example_python_operator
[2023-03-28T00:09:05.106+0200] {logging_mixin.py:137} INFO - [2023-03-28T00:09:05.105+0200] {taskmixin.py:211} WARNING - Dependency <Task(_PythonDecoratedOperator): print_the_context>, log_sql_query already registered for DAG: example_python_operator
[2023-03-28T00:09:05.106+0200] {logging_mixin.py:137} INFO - [2023-03-28T00:09:05.106+0200] {taskmixin.py:211} WARNING - Dependency <Task(_PythonDecoratedOperator): log_sql_query>, print_the_context already registered for DAG: example_python_operator
[2023-03-28T00:09:05.106+0200] {logging_mixin.py:137} INFO - [2023-03-28T00:09:05.106+0200] {taskmixin.py:211} WARNING - Dependency <Task(_PythonDecoratedOperator): print_the_context>, log_sql_query already registered for DAG: example_python_operator
[2023-03-28T00:09:05.106+0200] {logging_mixin.py:137} INFO - [2023-03-28T00:09:05.106+0200] {taskmixin.py:211} WARNING - Dependency <Task(_PythonDecoratedOperator): log_sql_query>, print_the_context already registered for DAG: example_python_operator
[2023-03-28T00:09:05.107+0200] {logging_mixin.py:137} INFO - [2023-03-28T00:09:05.107+0200] {example_python_operator.py:90} WARNING - The virtalenv_python example task requires virtualenv, please install it.
[2023-03-28T00:09:05.111+0200] {processor.py:753} INFO - DAG(s) dict_keys(['example_python_operator']) retrieved from /home/humbulani/miniconda3/envs/apache-airflow/lib/python3.8/site-packages/airflow/example_dags/example_python_operator.py
[2023-03-28T00:09:05.130+0200] {logging_mixin.py:137} INFO - [2023-03-28T00:09:05.130+0200] {dag.py:2693} INFO - Sync 1 DAGs
[2023-03-28T00:09:05.236+0200] {logging_mixin.py:137} INFO - [2023-03-28T00:09:05.236+0200] {dag.py:3440} INFO - Setting next_dagrun for example_python_operator to None, run_after=None
[2023-03-28T00:09:05.316+0200] {processor.py:175} INFO - Processing /home/humbulani/miniconda3/envs/apache-airflow/lib/python3.8/site-packages/airflow/example_dags/example_python_operator.py took 0.231 seconds
[2023-03-28T00:10:05.148+0200] {processor.py:153} INFO - Started process (PID=23019) to work on /home/humbulani/miniconda3/envs/apache-airflow/lib/python3.8/site-packages/airflow/example_dags/example_python_operator.py
[2023-03-28T00:10:05.166+0200] {processor.py:743} INFO - Processing file /home/humbulani/miniconda3/envs/apache-airflow/lib/python3.8/site-packages/airflow/example_dags/example_python_operator.py for tasks to queue
[2023-03-28T00:10:05.167+0200] {logging_mixin.py:137} INFO - [2023-03-28T00:10:05.167+0200] {dagbag.py:532} INFO - Filling up the DagBag from /home/humbulani/miniconda3/envs/apache-airflow/lib/python3.8/site-packages/airflow/example_dags/example_python_operator.py
[2023-03-28T00:10:05.187+0200] {logging_mixin.py:137} INFO - [2023-03-28T00:10:05.186+0200] {taskmixin.py:211} WARNING - Dependency <Task(_PythonDecoratedOperator): print_the_context>, log_sql_query already registered for DAG: example_python_operator
[2023-03-28T00:10:05.187+0200] {logging_mixin.py:137} INFO - [2023-03-28T00:10:05.187+0200] {taskmixin.py:211} WARNING - Dependency <Task(_PythonDecoratedOperator): log_sql_query>, print_the_context already registered for DAG: example_python_operator
[2023-03-28T00:10:05.188+0200] {logging_mixin.py:137} INFO - [2023-03-28T00:10:05.188+0200] {taskmixin.py:211} WARNING - Dependency <Task(_PythonDecoratedOperator): print_the_context>, log_sql_query already registered for DAG: example_python_operator
[2023-03-28T00:10:05.188+0200] {logging_mixin.py:137} INFO - [2023-03-28T00:10:05.188+0200] {taskmixin.py:211} WARNING - Dependency <Task(_PythonDecoratedOperator): log_sql_query>, print_the_context already registered for DAG: example_python_operator
[2023-03-28T00:10:05.189+0200] {logging_mixin.py:137} INFO - [2023-03-28T00:10:05.189+0200] {taskmixin.py:211} WARNING - Dependency <Task(_PythonDecoratedOperator): print_the_context>, log_sql_query already registered for DAG: example_python_operator
[2023-03-28T00:10:05.189+0200] {logging_mixin.py:137} INFO - [2023-03-28T00:10:05.189+0200] {taskmixin.py:211} WARNING - Dependency <Task(_PythonDecoratedOperator): log_sql_query>, print_the_context already registered for DAG: example_python_operator
[2023-03-28T00:10:05.190+0200] {logging_mixin.py:137} INFO - [2023-03-28T00:10:05.190+0200] {taskmixin.py:211} WARNING - Dependency <Task(_PythonDecoratedOperator): print_the_context>, log_sql_query already registered for DAG: example_python_operator
[2023-03-28T00:10:05.190+0200] {logging_mixin.py:137} INFO - [2023-03-28T00:10:05.190+0200] {taskmixin.py:211} WARNING - Dependency <Task(_PythonDecoratedOperator): log_sql_query>, print_the_context already registered for DAG: example_python_operator
[2023-03-28T00:10:05.190+0200] {logging_mixin.py:137} INFO - [2023-03-28T00:10:05.190+0200] {example_python_operator.py:90} WARNING - The virtalenv_python example task requires virtualenv, please install it.
[2023-03-28T00:10:05.196+0200] {processor.py:753} INFO - DAG(s) dict_keys(['example_python_operator']) retrieved from /home/humbulani/miniconda3/envs/apache-airflow/lib/python3.8/site-packages/airflow/example_dags/example_python_operator.py
[2023-03-28T00:10:05.294+0200] {logging_mixin.py:137} INFO - [2023-03-28T00:10:05.294+0200] {dag.py:2693} INFO - Sync 1 DAGs
[2023-03-28T00:10:05.310+0200] {logging_mixin.py:137} INFO - [2023-03-28T00:10:05.309+0200] {dag.py:3440} INFO - Setting next_dagrun for example_python_operator to None, run_after=None
[2023-03-28T00:10:05.398+0200] {processor.py:175} INFO - Processing /home/humbulani/miniconda3/envs/apache-airflow/lib/python3.8/site-packages/airflow/example_dags/example_python_operator.py took 0.253 seconds
[2023-03-28T00:11:04.276+0200] {processor.py:153} INFO - Started process (PID=23073) to work on /home/humbulani/miniconda3/envs/apache-airflow/lib/python3.8/site-packages/airflow/example_dags/example_python_operator.py
[2023-03-28T00:11:04.291+0200] {processor.py:743} INFO - Processing file /home/humbulani/miniconda3/envs/apache-airflow/lib/python3.8/site-packages/airflow/example_dags/example_python_operator.py for tasks to queue
[2023-03-28T00:11:04.291+0200] {logging_mixin.py:137} INFO - [2023-03-28T00:11:04.291+0200] {dagbag.py:532} INFO - Filling up the DagBag from /home/humbulani/miniconda3/envs/apache-airflow/lib/python3.8/site-packages/airflow/example_dags/example_python_operator.py
[2023-03-28T00:11:04.307+0200] {logging_mixin.py:137} INFO - [2023-03-28T00:11:04.307+0200] {taskmixin.py:211} WARNING - Dependency <Task(_PythonDecoratedOperator): print_the_context>, log_sql_query already registered for DAG: example_python_operator
[2023-03-28T00:11:04.307+0200] {logging_mixin.py:137} INFO - [2023-03-28T00:11:04.307+0200] {taskmixin.py:211} WARNING - Dependency <Task(_PythonDecoratedOperator): log_sql_query>, print_the_context already registered for DAG: example_python_operator
[2023-03-28T00:11:04.308+0200] {logging_mixin.py:137} INFO - [2023-03-28T00:11:04.308+0200] {taskmixin.py:211} WARNING - Dependency <Task(_PythonDecoratedOperator): print_the_context>, log_sql_query already registered for DAG: example_python_operator
[2023-03-28T00:11:04.308+0200] {logging_mixin.py:137} INFO - [2023-03-28T00:11:04.308+0200] {taskmixin.py:211} WARNING - Dependency <Task(_PythonDecoratedOperator): log_sql_query>, print_the_context already registered for DAG: example_python_operator
[2023-03-28T00:11:04.308+0200] {logging_mixin.py:137} INFO - [2023-03-28T00:11:04.308+0200] {taskmixin.py:211} WARNING - Dependency <Task(_PythonDecoratedOperator): print_the_context>, log_sql_query already registered for DAG: example_python_operator
[2023-03-28T00:11:04.309+0200] {logging_mixin.py:137} INFO - [2023-03-28T00:11:04.308+0200] {taskmixin.py:211} WARNING - Dependency <Task(_PythonDecoratedOperator): log_sql_query>, print_the_context already registered for DAG: example_python_operator
[2023-03-28T00:11:04.309+0200] {logging_mixin.py:137} INFO - [2023-03-28T00:11:04.309+0200] {taskmixin.py:211} WARNING - Dependency <Task(_PythonDecoratedOperator): print_the_context>, log_sql_query already registered for DAG: example_python_operator
[2023-03-28T00:11:04.309+0200] {logging_mixin.py:137} INFO - [2023-03-28T00:11:04.309+0200] {taskmixin.py:211} WARNING - Dependency <Task(_PythonDecoratedOperator): log_sql_query>, print_the_context already registered for DAG: example_python_operator
[2023-03-28T00:11:04.310+0200] {logging_mixin.py:137} INFO - [2023-03-28T00:11:04.310+0200] {example_python_operator.py:90} WARNING - The virtalenv_python example task requires virtualenv, please install it.
[2023-03-28T00:11:04.396+0200] {processor.py:753} INFO - DAG(s) dict_keys(['example_python_operator']) retrieved from /home/humbulani/miniconda3/envs/apache-airflow/lib/python3.8/site-packages/airflow/example_dags/example_python_operator.py
[2023-03-28T00:11:04.410+0200] {logging_mixin.py:137} INFO - [2023-03-28T00:11:04.410+0200] {dag.py:2693} INFO - Sync 1 DAGs
[2023-03-28T00:11:04.425+0200] {logging_mixin.py:137} INFO - [2023-03-28T00:11:04.425+0200] {dag.py:3440} INFO - Setting next_dagrun for example_python_operator to None, run_after=None
[2023-03-28T00:11:04.507+0200] {processor.py:175} INFO - Processing /home/humbulani/miniconda3/envs/apache-airflow/lib/python3.8/site-packages/airflow/example_dags/example_python_operator.py took 0.232 seconds
[2023-03-28T00:12:12.800+0200] {processor.py:153} INFO - Started process (PID=23126) to work on /home/humbulani/miniconda3/envs/apache-airflow/lib/python3.8/site-packages/airflow/example_dags/example_python_operator.py
[2023-03-28T00:12:12.811+0200] {processor.py:743} INFO - Processing file /home/humbulani/miniconda3/envs/apache-airflow/lib/python3.8/site-packages/airflow/example_dags/example_python_operator.py for tasks to queue
[2023-03-28T00:12:12.811+0200] {logging_mixin.py:137} INFO - [2023-03-28T00:12:12.811+0200] {dagbag.py:532} INFO - Filling up the DagBag from /home/humbulani/miniconda3/envs/apache-airflow/lib/python3.8/site-packages/airflow/example_dags/example_python_operator.py
[2023-03-28T00:12:12.914+0200] {logging_mixin.py:137} INFO - [2023-03-28T00:12:12.914+0200] {taskmixin.py:211} WARNING - Dependency <Task(_PythonDecoratedOperator): print_the_context>, log_sql_query already registered for DAG: example_python_operator
[2023-03-28T00:12:12.914+0200] {logging_mixin.py:137} INFO - [2023-03-28T00:12:12.914+0200] {taskmixin.py:211} WARNING - Dependency <Task(_PythonDecoratedOperator): log_sql_query>, print_the_context already registered for DAG: example_python_operator
[2023-03-28T00:12:12.915+0200] {logging_mixin.py:137} INFO - [2023-03-28T00:12:12.915+0200] {taskmixin.py:211} WARNING - Dependency <Task(_PythonDecoratedOperator): print_the_context>, log_sql_query already registered for DAG: example_python_operator
[2023-03-28T00:12:12.915+0200] {logging_mixin.py:137} INFO - [2023-03-28T00:12:12.915+0200] {taskmixin.py:211} WARNING - Dependency <Task(_PythonDecoratedOperator): log_sql_query>, print_the_context already registered for DAG: example_python_operator
[2023-03-28T00:12:12.916+0200] {logging_mixin.py:137} INFO - [2023-03-28T00:12:12.916+0200] {taskmixin.py:211} WARNING - Dependency <Task(_PythonDecoratedOperator): print_the_context>, log_sql_query already registered for DAG: example_python_operator
[2023-03-28T00:12:12.916+0200] {logging_mixin.py:137} INFO - [2023-03-28T00:12:12.916+0200] {taskmixin.py:211} WARNING - Dependency <Task(_PythonDecoratedOperator): log_sql_query>, print_the_context already registered for DAG: example_python_operator
[2023-03-28T00:12:12.916+0200] {logging_mixin.py:137} INFO - [2023-03-28T00:12:12.916+0200] {taskmixin.py:211} WARNING - Dependency <Task(_PythonDecoratedOperator): print_the_context>, log_sql_query already registered for DAG: example_python_operator
[2023-03-28T00:12:12.917+0200] {logging_mixin.py:137} INFO - [2023-03-28T00:12:12.917+0200] {taskmixin.py:211} WARNING - Dependency <Task(_PythonDecoratedOperator): log_sql_query>, print_the_context already registered for DAG: example_python_operator
[2023-03-28T00:12:12.917+0200] {logging_mixin.py:137} INFO - [2023-03-28T00:12:12.917+0200] {example_python_operator.py:90} WARNING - The virtalenv_python example task requires virtualenv, please install it.
[2023-03-28T00:12:12.921+0200] {processor.py:753} INFO - DAG(s) dict_keys(['example_python_operator']) retrieved from /home/humbulani/miniconda3/envs/apache-airflow/lib/python3.8/site-packages/airflow/example_dags/example_python_operator.py
[2023-03-28T00:12:12.936+0200] {logging_mixin.py:137} INFO - [2023-03-28T00:12:12.936+0200] {dag.py:2693} INFO - Sync 1 DAGs
[2023-03-28T00:12:12.952+0200] {logging_mixin.py:137} INFO - [2023-03-28T00:12:12.952+0200] {dag.py:3440} INFO - Setting next_dagrun for example_python_operator to None, run_after=None
[2023-03-28T00:12:13.029+0200] {processor.py:175} INFO - Processing /home/humbulani/miniconda3/envs/apache-airflow/lib/python3.8/site-packages/airflow/example_dags/example_python_operator.py took 0.232 seconds
[2023-03-28T00:13:06.002+0200] {processor.py:153} INFO - Started process (PID=23202) to work on /home/humbulani/miniconda3/envs/apache-airflow/lib/python3.8/site-packages/airflow/example_dags/example_python_operator.py
[2023-03-28T00:13:06.003+0200] {processor.py:743} INFO - Processing file /home/humbulani/miniconda3/envs/apache-airflow/lib/python3.8/site-packages/airflow/example_dags/example_python_operator.py for tasks to queue
[2023-03-28T00:13:06.003+0200] {logging_mixin.py:137} INFO - [2023-03-28T00:13:06.003+0200] {dagbag.py:532} INFO - Filling up the DagBag from /home/humbulani/miniconda3/envs/apache-airflow/lib/python3.8/site-packages/airflow/example_dags/example_python_operator.py
[2023-03-28T00:13:06.018+0200] {logging_mixin.py:137} INFO - [2023-03-28T00:13:06.018+0200] {taskmixin.py:211} WARNING - Dependency <Task(_PythonDecoratedOperator): print_the_context>, log_sql_query already registered for DAG: example_python_operator
[2023-03-28T00:13:06.019+0200] {logging_mixin.py:137} INFO - [2023-03-28T00:13:06.018+0200] {taskmixin.py:211} WARNING - Dependency <Task(_PythonDecoratedOperator): log_sql_query>, print_the_context already registered for DAG: example_python_operator
[2023-03-28T00:13:06.019+0200] {logging_mixin.py:137} INFO - [2023-03-28T00:13:06.019+0200] {taskmixin.py:211} WARNING - Dependency <Task(_PythonDecoratedOperator): print_the_context>, log_sql_query already registered for DAG: example_python_operator
[2023-03-28T00:13:06.019+0200] {logging_mixin.py:137} INFO - [2023-03-28T00:13:06.019+0200] {taskmixin.py:211} WARNING - Dependency <Task(_PythonDecoratedOperator): log_sql_query>, print_the_context already registered for DAG: example_python_operator
[2023-03-28T00:13:06.020+0200] {logging_mixin.py:137} INFO - [2023-03-28T00:13:06.020+0200] {taskmixin.py:211} WARNING - Dependency <Task(_PythonDecoratedOperator): print_the_context>, log_sql_query already registered for DAG: example_python_operator
[2023-03-28T00:13:06.020+0200] {logging_mixin.py:137} INFO - [2023-03-28T00:13:06.020+0200] {taskmixin.py:211} WARNING - Dependency <Task(_PythonDecoratedOperator): log_sql_query>, print_the_context already registered for DAG: example_python_operator
[2023-03-28T00:13:06.021+0200] {logging_mixin.py:137} INFO - [2023-03-28T00:13:06.021+0200] {taskmixin.py:211} WARNING - Dependency <Task(_PythonDecoratedOperator): print_the_context>, log_sql_query already registered for DAG: example_python_operator
[2023-03-28T00:13:06.021+0200] {logging_mixin.py:137} INFO - [2023-03-28T00:13:06.021+0200] {taskmixin.py:211} WARNING - Dependency <Task(_PythonDecoratedOperator): log_sql_query>, print_the_context already registered for DAG: example_python_operator
[2023-03-28T00:13:06.021+0200] {logging_mixin.py:137} INFO - [2023-03-28T00:13:06.021+0200] {example_python_operator.py:90} WARNING - The virtalenv_python example task requires virtualenv, please install it.
[2023-03-28T00:13:06.025+0200] {processor.py:753} INFO - DAG(s) dict_keys(['example_python_operator']) retrieved from /home/humbulani/miniconda3/envs/apache-airflow/lib/python3.8/site-packages/airflow/example_dags/example_python_operator.py
[2023-03-28T00:13:06.042+0200] {logging_mixin.py:137} INFO - [2023-03-28T00:13:06.042+0200] {dag.py:2693} INFO - Sync 1 DAGs
[2023-03-28T00:13:06.060+0200] {logging_mixin.py:137} INFO - [2023-03-28T00:13:06.059+0200] {dag.py:3440} INFO - Setting next_dagrun for example_python_operator to None, run_after=None
[2023-03-28T00:13:06.143+0200] {processor.py:175} INFO - Processing /home/humbulani/miniconda3/envs/apache-airflow/lib/python3.8/site-packages/airflow/example_dags/example_python_operator.py took 0.143 seconds
[2023-03-28T00:13:49.886+0200] {processor.py:153} INFO - Started process (PID=23253) to work on /home/humbulani/miniconda3/envs/apache-airflow/lib/python3.8/site-packages/airflow/example_dags/example_python_operator.py
[2023-03-28T00:13:49.900+0200] {processor.py:743} INFO - Processing file /home/humbulani/miniconda3/envs/apache-airflow/lib/python3.8/site-packages/airflow/example_dags/example_python_operator.py for tasks to queue
[2023-03-28T00:13:49.900+0200] {logging_mixin.py:137} INFO - [2023-03-28T00:13:49.900+0200] {dagbag.py:532} INFO - Filling up the DagBag from /home/humbulani/miniconda3/envs/apache-airflow/lib/python3.8/site-packages/airflow/example_dags/example_python_operator.py
[2023-03-28T00:13:49.918+0200] {logging_mixin.py:137} INFO - [2023-03-28T00:13:49.918+0200] {taskmixin.py:211} WARNING - Dependency <Task(_PythonDecoratedOperator): print_the_context>, log_sql_query already registered for DAG: example_python_operator
[2023-03-28T00:13:49.919+0200] {logging_mixin.py:137} INFO - [2023-03-28T00:13:49.919+0200] {taskmixin.py:211} WARNING - Dependency <Task(_PythonDecoratedOperator): log_sql_query>, print_the_context already registered for DAG: example_python_operator
[2023-03-28T00:13:49.919+0200] {logging_mixin.py:137} INFO - [2023-03-28T00:13:49.919+0200] {taskmixin.py:211} WARNING - Dependency <Task(_PythonDecoratedOperator): print_the_context>, log_sql_query already registered for DAG: example_python_operator
[2023-03-28T00:13:49.920+0200] {logging_mixin.py:137} INFO - [2023-03-28T00:13:49.920+0200] {taskmixin.py:211} WARNING - Dependency <Task(_PythonDecoratedOperator): log_sql_query>, print_the_context already registered for DAG: example_python_operator
[2023-03-28T00:13:49.921+0200] {logging_mixin.py:137} INFO - [2023-03-28T00:13:49.920+0200] {taskmixin.py:211} WARNING - Dependency <Task(_PythonDecoratedOperator): print_the_context>, log_sql_query already registered for DAG: example_python_operator
[2023-03-28T00:13:49.921+0200] {logging_mixin.py:137} INFO - [2023-03-28T00:13:49.921+0200] {taskmixin.py:211} WARNING - Dependency <Task(_PythonDecoratedOperator): log_sql_query>, print_the_context already registered for DAG: example_python_operator
[2023-03-28T00:13:49.921+0200] {logging_mixin.py:137} INFO - [2023-03-28T00:13:49.921+0200] {taskmixin.py:211} WARNING - Dependency <Task(_PythonDecoratedOperator): print_the_context>, log_sql_query already registered for DAG: example_python_operator
[2023-03-28T00:13:49.922+0200] {logging_mixin.py:137} INFO - [2023-03-28T00:13:49.922+0200] {taskmixin.py:211} WARNING - Dependency <Task(_PythonDecoratedOperator): log_sql_query>, print_the_context already registered for DAG: example_python_operator
[2023-03-28T00:13:49.922+0200] {logging_mixin.py:137} INFO - [2023-03-28T00:13:49.922+0200] {example_python_operator.py:90} WARNING - The virtalenv_python example task requires virtualenv, please install it.
[2023-03-28T00:13:49.927+0200] {processor.py:753} INFO - DAG(s) dict_keys(['example_python_operator']) retrieved from /home/humbulani/miniconda3/envs/apache-airflow/lib/python3.8/site-packages/airflow/example_dags/example_python_operator.py
[2023-03-28T00:13:49.945+0200] {logging_mixin.py:137} INFO - [2023-03-28T00:13:49.945+0200] {dag.py:2693} INFO - Sync 1 DAGs
[2023-03-28T00:13:49.962+0200] {logging_mixin.py:137} INFO - [2023-03-28T00:13:49.961+0200] {dag.py:3440} INFO - Setting next_dagrun for example_python_operator to None, run_after=None
[2023-03-28T00:13:50.061+0200] {processor.py:175} INFO - Processing /home/humbulani/miniconda3/envs/apache-airflow/lib/python3.8/site-packages/airflow/example_dags/example_python_operator.py took 0.177 seconds
[2023-03-28T00:14:32.627+0200] {processor.py:153} INFO - Started process (PID=23297) to work on /home/humbulani/miniconda3/envs/apache-airflow/lib/python3.8/site-packages/airflow/example_dags/example_python_operator.py
[2023-03-28T00:14:32.638+0200] {processor.py:743} INFO - Processing file /home/humbulani/miniconda3/envs/apache-airflow/lib/python3.8/site-packages/airflow/example_dags/example_python_operator.py for tasks to queue
[2023-03-28T00:14:32.639+0200] {logging_mixin.py:137} INFO - [2023-03-28T00:14:32.639+0200] {dagbag.py:532} INFO - Filling up the DagBag from /home/humbulani/miniconda3/envs/apache-airflow/lib/python3.8/site-packages/airflow/example_dags/example_python_operator.py
[2023-03-28T00:14:32.659+0200] {logging_mixin.py:137} INFO - [2023-03-28T00:14:32.659+0200] {taskmixin.py:211} WARNING - Dependency <Task(_PythonDecoratedOperator): print_the_context>, log_sql_query already registered for DAG: example_python_operator
[2023-03-28T00:14:32.659+0200] {logging_mixin.py:137} INFO - [2023-03-28T00:14:32.659+0200] {taskmixin.py:211} WARNING - Dependency <Task(_PythonDecoratedOperator): log_sql_query>, print_the_context already registered for DAG: example_python_operator
[2023-03-28T00:14:32.660+0200] {logging_mixin.py:137} INFO - [2023-03-28T00:14:32.660+0200] {taskmixin.py:211} WARNING - Dependency <Task(_PythonDecoratedOperator): print_the_context>, log_sql_query already registered for DAG: example_python_operator
[2023-03-28T00:14:32.660+0200] {logging_mixin.py:137} INFO - [2023-03-28T00:14:32.660+0200] {taskmixin.py:211} WARNING - Dependency <Task(_PythonDecoratedOperator): log_sql_query>, print_the_context already registered for DAG: example_python_operator
[2023-03-28T00:14:32.661+0200] {logging_mixin.py:137} INFO - [2023-03-28T00:14:32.661+0200] {taskmixin.py:211} WARNING - Dependency <Task(_PythonDecoratedOperator): print_the_context>, log_sql_query already registered for DAG: example_python_operator
[2023-03-28T00:14:32.661+0200] {logging_mixin.py:137} INFO - [2023-03-28T00:14:32.661+0200] {taskmixin.py:211} WARNING - Dependency <Task(_PythonDecoratedOperator): log_sql_query>, print_the_context already registered for DAG: example_python_operator
[2023-03-28T00:14:32.662+0200] {logging_mixin.py:137} INFO - [2023-03-28T00:14:32.662+0200] {taskmixin.py:211} WARNING - Dependency <Task(_PythonDecoratedOperator): print_the_context>, log_sql_query already registered for DAG: example_python_operator
[2023-03-28T00:14:32.662+0200] {logging_mixin.py:137} INFO - [2023-03-28T00:14:32.662+0200] {taskmixin.py:211} WARNING - Dependency <Task(_PythonDecoratedOperator): log_sql_query>, print_the_context already registered for DAG: example_python_operator
[2023-03-28T00:14:32.662+0200] {logging_mixin.py:137} INFO - [2023-03-28T00:14:32.662+0200] {example_python_operator.py:90} WARNING - The virtalenv_python example task requires virtualenv, please install it.
[2023-03-28T00:14:32.667+0200] {processor.py:753} INFO - DAG(s) dict_keys(['example_python_operator']) retrieved from /home/humbulani/miniconda3/envs/apache-airflow/lib/python3.8/site-packages/airflow/example_dags/example_python_operator.py
[2023-03-28T00:14:32.684+0200] {logging_mixin.py:137} INFO - [2023-03-28T00:14:32.684+0200] {dag.py:2693} INFO - Sync 1 DAGs
[2023-03-28T00:14:32.701+0200] {logging_mixin.py:137} INFO - [2023-03-28T00:14:32.701+0200] {dag.py:3440} INFO - Setting next_dagrun for example_python_operator to None, run_after=None
[2023-03-28T00:14:32.781+0200] {processor.py:175} INFO - Processing /home/humbulani/miniconda3/envs/apache-airflow/lib/python3.8/site-packages/airflow/example_dags/example_python_operator.py took 0.157 seconds
[2023-03-28T00:15:21.759+0200] {processor.py:153} INFO - Started process (PID=23357) to work on /home/humbulani/miniconda3/envs/apache-airflow/lib/python3.8/site-packages/airflow/example_dags/example_python_operator.py
[2023-03-28T00:15:21.774+0200] {processor.py:743} INFO - Processing file /home/humbulani/miniconda3/envs/apache-airflow/lib/python3.8/site-packages/airflow/example_dags/example_python_operator.py for tasks to queue
[2023-03-28T00:15:21.775+0200] {logging_mixin.py:137} INFO - [2023-03-28T00:15:21.775+0200] {dagbag.py:532} INFO - Filling up the DagBag from /home/humbulani/miniconda3/envs/apache-airflow/lib/python3.8/site-packages/airflow/example_dags/example_python_operator.py
[2023-03-28T00:15:21.795+0200] {logging_mixin.py:137} INFO - [2023-03-28T00:15:21.795+0200] {taskmixin.py:211} WARNING - Dependency <Task(_PythonDecoratedOperator): print_the_context>, log_sql_query already registered for DAG: example_python_operator
[2023-03-28T00:15:21.795+0200] {logging_mixin.py:137} INFO - [2023-03-28T00:15:21.795+0200] {taskmixin.py:211} WARNING - Dependency <Task(_PythonDecoratedOperator): log_sql_query>, print_the_context already registered for DAG: example_python_operator
[2023-03-28T00:15:21.796+0200] {logging_mixin.py:137} INFO - [2023-03-28T00:15:21.796+0200] {taskmixin.py:211} WARNING - Dependency <Task(_PythonDecoratedOperator): print_the_context>, log_sql_query already registered for DAG: example_python_operator
[2023-03-28T00:15:21.797+0200] {logging_mixin.py:137} INFO - [2023-03-28T00:15:21.796+0200] {taskmixin.py:211} WARNING - Dependency <Task(_PythonDecoratedOperator): log_sql_query>, print_the_context already registered for DAG: example_python_operator
[2023-03-28T00:15:21.798+0200] {logging_mixin.py:137} INFO - [2023-03-28T00:15:21.797+0200] {taskmixin.py:211} WARNING - Dependency <Task(_PythonDecoratedOperator): print_the_context>, log_sql_query already registered for DAG: example_python_operator
[2023-03-28T00:15:21.798+0200] {logging_mixin.py:137} INFO - [2023-03-28T00:15:21.798+0200] {taskmixin.py:211} WARNING - Dependency <Task(_PythonDecoratedOperator): log_sql_query>, print_the_context already registered for DAG: example_python_operator
[2023-03-28T00:15:21.799+0200] {logging_mixin.py:137} INFO - [2023-03-28T00:15:21.799+0200] {taskmixin.py:211} WARNING - Dependency <Task(_PythonDecoratedOperator): print_the_context>, log_sql_query already registered for DAG: example_python_operator
[2023-03-28T00:15:21.799+0200] {logging_mixin.py:137} INFO - [2023-03-28T00:15:21.799+0200] {taskmixin.py:211} WARNING - Dependency <Task(_PythonDecoratedOperator): log_sql_query>, print_the_context already registered for DAG: example_python_operator
[2023-03-28T00:15:21.799+0200] {logging_mixin.py:137} INFO - [2023-03-28T00:15:21.799+0200] {example_python_operator.py:90} WARNING - The virtalenv_python example task requires virtualenv, please install it.
[2023-03-28T00:15:21.804+0200] {processor.py:753} INFO - DAG(s) dict_keys(['example_python_operator']) retrieved from /home/humbulani/miniconda3/envs/apache-airflow/lib/python3.8/site-packages/airflow/example_dags/example_python_operator.py
[2023-03-28T00:15:21.830+0200] {logging_mixin.py:137} INFO - [2023-03-28T00:15:21.830+0200] {dag.py:2693} INFO - Sync 1 DAGs
[2023-03-28T00:15:21.852+0200] {logging_mixin.py:137} INFO - [2023-03-28T00:15:21.852+0200] {dag.py:3440} INFO - Setting next_dagrun for example_python_operator to None, run_after=None
[2023-03-28T00:15:21.936+0200] {processor.py:175} INFO - Processing /home/humbulani/miniconda3/envs/apache-airflow/lib/python3.8/site-packages/airflow/example_dags/example_python_operator.py took 0.180 seconds
[2023-03-28T00:16:06.566+0200] {processor.py:153} INFO - Started process (PID=23433) to work on /home/humbulani/miniconda3/envs/apache-airflow/lib/python3.8/site-packages/airflow/example_dags/example_python_operator.py
[2023-03-28T00:16:06.582+0200] {processor.py:743} INFO - Processing file /home/humbulani/miniconda3/envs/apache-airflow/lib/python3.8/site-packages/airflow/example_dags/example_python_operator.py for tasks to queue
[2023-03-28T00:16:06.583+0200] {logging_mixin.py:137} INFO - [2023-03-28T00:16:06.583+0200] {dagbag.py:532} INFO - Filling up the DagBag from /home/humbulani/miniconda3/envs/apache-airflow/lib/python3.8/site-packages/airflow/example_dags/example_python_operator.py
[2023-03-28T00:16:06.598+0200] {logging_mixin.py:137} INFO - [2023-03-28T00:16:06.598+0200] {taskmixin.py:211} WARNING - Dependency <Task(_PythonDecoratedOperator): print_the_context>, log_sql_query already registered for DAG: example_python_operator
[2023-03-28T00:16:06.599+0200] {logging_mixin.py:137} INFO - [2023-03-28T00:16:06.598+0200] {taskmixin.py:211} WARNING - Dependency <Task(_PythonDecoratedOperator): log_sql_query>, print_the_context already registered for DAG: example_python_operator
[2023-03-28T00:16:06.599+0200] {logging_mixin.py:137} INFO - [2023-03-28T00:16:06.599+0200] {taskmixin.py:211} WARNING - Dependency <Task(_PythonDecoratedOperator): print_the_context>, log_sql_query already registered for DAG: example_python_operator
[2023-03-28T00:16:06.599+0200] {logging_mixin.py:137} INFO - [2023-03-28T00:16:06.599+0200] {taskmixin.py:211} WARNING - Dependency <Task(_PythonDecoratedOperator): log_sql_query>, print_the_context already registered for DAG: example_python_operator
[2023-03-28T00:16:06.600+0200] {logging_mixin.py:137} INFO - [2023-03-28T00:16:06.600+0200] {taskmixin.py:211} WARNING - Dependency <Task(_PythonDecoratedOperator): print_the_context>, log_sql_query already registered for DAG: example_python_operator
[2023-03-28T00:16:06.600+0200] {logging_mixin.py:137} INFO - [2023-03-28T00:16:06.600+0200] {taskmixin.py:211} WARNING - Dependency <Task(_PythonDecoratedOperator): log_sql_query>, print_the_context already registered for DAG: example_python_operator
[2023-03-28T00:16:06.601+0200] {logging_mixin.py:137} INFO - [2023-03-28T00:16:06.601+0200] {taskmixin.py:211} WARNING - Dependency <Task(_PythonDecoratedOperator): print_the_context>, log_sql_query already registered for DAG: example_python_operator
[2023-03-28T00:16:06.601+0200] {logging_mixin.py:137} INFO - [2023-03-28T00:16:06.601+0200] {taskmixin.py:211} WARNING - Dependency <Task(_PythonDecoratedOperator): log_sql_query>, print_the_context already registered for DAG: example_python_operator
[2023-03-28T00:16:06.601+0200] {logging_mixin.py:137} INFO - [2023-03-28T00:16:06.601+0200] {example_python_operator.py:90} WARNING - The virtalenv_python example task requires virtualenv, please install it.
[2023-03-28T00:16:06.606+0200] {processor.py:753} INFO - DAG(s) dict_keys(['example_python_operator']) retrieved from /home/humbulani/miniconda3/envs/apache-airflow/lib/python3.8/site-packages/airflow/example_dags/example_python_operator.py
[2023-03-28T00:16:06.624+0200] {logging_mixin.py:137} INFO - [2023-03-28T00:16:06.624+0200] {dag.py:2693} INFO - Sync 1 DAGs
[2023-03-28T00:16:06.642+0200] {logging_mixin.py:137} INFO - [2023-03-28T00:16:06.642+0200] {dag.py:3440} INFO - Setting next_dagrun for example_python_operator to None, run_after=None
[2023-03-28T00:16:06.720+0200] {processor.py:175} INFO - Processing /home/humbulani/miniconda3/envs/apache-airflow/lib/python3.8/site-packages/airflow/example_dags/example_python_operator.py took 0.155 seconds
[2023-03-28T00:17:02.338+0200] {processor.py:153} INFO - Started process (PID=23543) to work on /home/humbulani/miniconda3/envs/apache-airflow/lib/python3.8/site-packages/airflow/example_dags/example_python_operator.py
[2023-03-28T00:17:02.339+0200] {processor.py:743} INFO - Processing file /home/humbulani/miniconda3/envs/apache-airflow/lib/python3.8/site-packages/airflow/example_dags/example_python_operator.py for tasks to queue
[2023-03-28T00:17:02.339+0200] {logging_mixin.py:137} INFO - [2023-03-28T00:17:02.339+0200] {dagbag.py:532} INFO - Filling up the DagBag from /home/humbulani/miniconda3/envs/apache-airflow/lib/python3.8/site-packages/airflow/example_dags/example_python_operator.py
[2023-03-28T00:17:02.354+0200] {logging_mixin.py:137} INFO - [2023-03-28T00:17:02.354+0200] {taskmixin.py:211} WARNING - Dependency <Task(_PythonDecoratedOperator): print_the_context>, log_sql_query already registered for DAG: example_python_operator
[2023-03-28T00:17:02.355+0200] {logging_mixin.py:137} INFO - [2023-03-28T00:17:02.354+0200] {taskmixin.py:211} WARNING - Dependency <Task(_PythonDecoratedOperator): log_sql_query>, print_the_context already registered for DAG: example_python_operator
[2023-03-28T00:17:02.355+0200] {logging_mixin.py:137} INFO - [2023-03-28T00:17:02.355+0200] {taskmixin.py:211} WARNING - Dependency <Task(_PythonDecoratedOperator): print_the_context>, log_sql_query already registered for DAG: example_python_operator
[2023-03-28T00:17:02.355+0200] {logging_mixin.py:137} INFO - [2023-03-28T00:17:02.355+0200] {taskmixin.py:211} WARNING - Dependency <Task(_PythonDecoratedOperator): log_sql_query>, print_the_context already registered for DAG: example_python_operator
[2023-03-28T00:17:02.356+0200] {logging_mixin.py:137} INFO - [2023-03-28T00:17:02.356+0200] {taskmixin.py:211} WARNING - Dependency <Task(_PythonDecoratedOperator): print_the_context>, log_sql_query already registered for DAG: example_python_operator
[2023-03-28T00:17:02.356+0200] {logging_mixin.py:137} INFO - [2023-03-28T00:17:02.356+0200] {taskmixin.py:211} WARNING - Dependency <Task(_PythonDecoratedOperator): log_sql_query>, print_the_context already registered for DAG: example_python_operator
[2023-03-28T00:17:02.357+0200] {logging_mixin.py:137} INFO - [2023-03-28T00:17:02.357+0200] {taskmixin.py:211} WARNING - Dependency <Task(_PythonDecoratedOperator): print_the_context>, log_sql_query already registered for DAG: example_python_operator
[2023-03-28T00:17:02.357+0200] {logging_mixin.py:137} INFO - [2023-03-28T00:17:02.357+0200] {taskmixin.py:211} WARNING - Dependency <Task(_PythonDecoratedOperator): log_sql_query>, print_the_context already registered for DAG: example_python_operator
[2023-03-28T00:17:02.357+0200] {logging_mixin.py:137} INFO - [2023-03-28T00:17:02.357+0200] {example_python_operator.py:90} WARNING - The virtalenv_python example task requires virtualenv, please install it.
[2023-03-28T00:17:02.361+0200] {processor.py:753} INFO - DAG(s) dict_keys(['example_python_operator']) retrieved from /home/humbulani/miniconda3/envs/apache-airflow/lib/python3.8/site-packages/airflow/example_dags/example_python_operator.py
[2023-03-28T00:17:02.378+0200] {logging_mixin.py:137} INFO - [2023-03-28T00:17:02.378+0200] {dag.py:2693} INFO - Sync 1 DAGs
[2023-03-28T00:17:02.400+0200] {logging_mixin.py:137} INFO - [2023-03-28T00:17:02.400+0200] {dag.py:3440} INFO - Setting next_dagrun for example_python_operator to None, run_after=None
[2023-03-28T00:17:02.495+0200] {processor.py:175} INFO - Processing /home/humbulani/miniconda3/envs/apache-airflow/lib/python3.8/site-packages/airflow/example_dags/example_python_operator.py took 0.160 seconds
[2023-03-28T00:17:47.995+0200] {processor.py:153} INFO - Started process (PID=23616) to work on /home/humbulani/miniconda3/envs/apache-airflow/lib/python3.8/site-packages/airflow/example_dags/example_python_operator.py
[2023-03-28T00:17:48.009+0200] {processor.py:743} INFO - Processing file /home/humbulani/miniconda3/envs/apache-airflow/lib/python3.8/site-packages/airflow/example_dags/example_python_operator.py for tasks to queue
[2023-03-28T00:17:48.010+0200] {logging_mixin.py:137} INFO - [2023-03-28T00:17:48.010+0200] {dagbag.py:532} INFO - Filling up the DagBag from /home/humbulani/miniconda3/envs/apache-airflow/lib/python3.8/site-packages/airflow/example_dags/example_python_operator.py
[2023-03-28T00:17:48.027+0200] {logging_mixin.py:137} INFO - [2023-03-28T00:17:48.027+0200] {taskmixin.py:211} WARNING - Dependency <Task(_PythonDecoratedOperator): print_the_context>, log_sql_query already registered for DAG: example_python_operator
[2023-03-28T00:17:48.027+0200] {logging_mixin.py:137} INFO - [2023-03-28T00:17:48.027+0200] {taskmixin.py:211} WARNING - Dependency <Task(_PythonDecoratedOperator): log_sql_query>, print_the_context already registered for DAG: example_python_operator
[2023-03-28T00:17:48.028+0200] {logging_mixin.py:137} INFO - [2023-03-28T00:17:48.028+0200] {taskmixin.py:211} WARNING - Dependency <Task(_PythonDecoratedOperator): print_the_context>, log_sql_query already registered for DAG: example_python_operator
[2023-03-28T00:17:48.028+0200] {logging_mixin.py:137} INFO - [2023-03-28T00:17:48.028+0200] {taskmixin.py:211} WARNING - Dependency <Task(_PythonDecoratedOperator): log_sql_query>, print_the_context already registered for DAG: example_python_operator
[2023-03-28T00:17:48.029+0200] {logging_mixin.py:137} INFO - [2023-03-28T00:17:48.029+0200] {taskmixin.py:211} WARNING - Dependency <Task(_PythonDecoratedOperator): print_the_context>, log_sql_query already registered for DAG: example_python_operator
[2023-03-28T00:17:48.029+0200] {logging_mixin.py:137} INFO - [2023-03-28T00:17:48.029+0200] {taskmixin.py:211} WARNING - Dependency <Task(_PythonDecoratedOperator): log_sql_query>, print_the_context already registered for DAG: example_python_operator
[2023-03-28T00:17:48.029+0200] {logging_mixin.py:137} INFO - [2023-03-28T00:17:48.029+0200] {taskmixin.py:211} WARNING - Dependency <Task(_PythonDecoratedOperator): print_the_context>, log_sql_query already registered for DAG: example_python_operator
[2023-03-28T00:17:48.030+0200] {logging_mixin.py:137} INFO - [2023-03-28T00:17:48.029+0200] {taskmixin.py:211} WARNING - Dependency <Task(_PythonDecoratedOperator): log_sql_query>, print_the_context already registered for DAG: example_python_operator
[2023-03-28T00:17:48.030+0200] {logging_mixin.py:137} INFO - [2023-03-28T00:17:48.030+0200] {example_python_operator.py:90} WARNING - The virtalenv_python example task requires virtualenv, please install it.
[2023-03-28T00:17:48.035+0200] {processor.py:753} INFO - DAG(s) dict_keys(['example_python_operator']) retrieved from /home/humbulani/miniconda3/envs/apache-airflow/lib/python3.8/site-packages/airflow/example_dags/example_python_operator.py
[2023-03-28T00:17:48.056+0200] {logging_mixin.py:137} INFO - [2023-03-28T00:17:48.056+0200] {dag.py:2693} INFO - Sync 1 DAGs
[2023-03-28T00:17:48.074+0200] {logging_mixin.py:137} INFO - [2023-03-28T00:17:48.074+0200] {dag.py:3440} INFO - Setting next_dagrun for example_python_operator to None, run_after=None
[2023-03-28T00:17:48.171+0200] {processor.py:175} INFO - Processing /home/humbulani/miniconda3/envs/apache-airflow/lib/python3.8/site-packages/airflow/example_dags/example_python_operator.py took 0.178 seconds
[2023-03-28T00:18:31.766+0200] {processor.py:153} INFO - Started process (PID=23659) to work on /home/humbulani/miniconda3/envs/apache-airflow/lib/python3.8/site-packages/airflow/example_dags/example_python_operator.py
[2023-03-28T00:18:31.767+0200] {processor.py:743} INFO - Processing file /home/humbulani/miniconda3/envs/apache-airflow/lib/python3.8/site-packages/airflow/example_dags/example_python_operator.py for tasks to queue
[2023-03-28T00:18:31.768+0200] {logging_mixin.py:137} INFO - [2023-03-28T00:18:31.767+0200] {dagbag.py:532} INFO - Filling up the DagBag from /home/humbulani/miniconda3/envs/apache-airflow/lib/python3.8/site-packages/airflow/example_dags/example_python_operator.py
[2023-03-28T00:18:31.783+0200] {logging_mixin.py:137} INFO - [2023-03-28T00:18:31.783+0200] {taskmixin.py:211} WARNING - Dependency <Task(_PythonDecoratedOperator): print_the_context>, log_sql_query already registered for DAG: example_python_operator
[2023-03-28T00:18:31.783+0200] {logging_mixin.py:137} INFO - [2023-03-28T00:18:31.783+0200] {taskmixin.py:211} WARNING - Dependency <Task(_PythonDecoratedOperator): log_sql_query>, print_the_context already registered for DAG: example_python_operator
[2023-03-28T00:18:31.784+0200] {logging_mixin.py:137} INFO - [2023-03-28T00:18:31.784+0200] {taskmixin.py:211} WARNING - Dependency <Task(_PythonDecoratedOperator): print_the_context>, log_sql_query already registered for DAG: example_python_operator
[2023-03-28T00:18:31.784+0200] {logging_mixin.py:137} INFO - [2023-03-28T00:18:31.784+0200] {taskmixin.py:211} WARNING - Dependency <Task(_PythonDecoratedOperator): log_sql_query>, print_the_context already registered for DAG: example_python_operator
[2023-03-28T00:18:31.785+0200] {logging_mixin.py:137} INFO - [2023-03-28T00:18:31.784+0200] {taskmixin.py:211} WARNING - Dependency <Task(_PythonDecoratedOperator): print_the_context>, log_sql_query already registered for DAG: example_python_operator
[2023-03-28T00:18:31.785+0200] {logging_mixin.py:137} INFO - [2023-03-28T00:18:31.785+0200] {taskmixin.py:211} WARNING - Dependency <Task(_PythonDecoratedOperator): log_sql_query>, print_the_context already registered for DAG: example_python_operator
[2023-03-28T00:18:31.785+0200] {logging_mixin.py:137} INFO - [2023-03-28T00:18:31.785+0200] {taskmixin.py:211} WARNING - Dependency <Task(_PythonDecoratedOperator): print_the_context>, log_sql_query already registered for DAG: example_python_operator
[2023-03-28T00:18:31.785+0200] {logging_mixin.py:137} INFO - [2023-03-28T00:18:31.785+0200] {taskmixin.py:211} WARNING - Dependency <Task(_PythonDecoratedOperator): log_sql_query>, print_the_context already registered for DAG: example_python_operator
[2023-03-28T00:18:31.786+0200] {logging_mixin.py:137} INFO - [2023-03-28T00:18:31.786+0200] {example_python_operator.py:90} WARNING - The virtalenv_python example task requires virtualenv, please install it.
[2023-03-28T00:18:31.791+0200] {processor.py:753} INFO - DAG(s) dict_keys(['example_python_operator']) retrieved from /home/humbulani/miniconda3/envs/apache-airflow/lib/python3.8/site-packages/airflow/example_dags/example_python_operator.py
[2023-03-28T00:18:31.809+0200] {logging_mixin.py:137} INFO - [2023-03-28T00:18:31.809+0200] {dag.py:2693} INFO - Sync 1 DAGs
[2023-03-28T00:18:31.826+0200] {logging_mixin.py:137} INFO - [2023-03-28T00:18:31.826+0200] {dag.py:3440} INFO - Setting next_dagrun for example_python_operator to None, run_after=None
[2023-03-28T00:18:31.899+0200] {processor.py:175} INFO - Processing /home/humbulani/miniconda3/envs/apache-airflow/lib/python3.8/site-packages/airflow/example_dags/example_python_operator.py took 0.136 seconds
[2023-03-28T00:19:19.660+0200] {processor.py:153} INFO - Started process (PID=23704) to work on /home/humbulani/miniconda3/envs/apache-airflow/lib/python3.8/site-packages/airflow/example_dags/example_python_operator.py
[2023-03-28T00:19:19.670+0200] {processor.py:743} INFO - Processing file /home/humbulani/miniconda3/envs/apache-airflow/lib/python3.8/site-packages/airflow/example_dags/example_python_operator.py for tasks to queue
[2023-03-28T00:19:19.671+0200] {logging_mixin.py:137} INFO - [2023-03-28T00:19:19.671+0200] {dagbag.py:532} INFO - Filling up the DagBag from /home/humbulani/miniconda3/envs/apache-airflow/lib/python3.8/site-packages/airflow/example_dags/example_python_operator.py
[2023-03-28T00:19:19.687+0200] {logging_mixin.py:137} INFO - [2023-03-28T00:19:19.686+0200] {taskmixin.py:211} WARNING - Dependency <Task(_PythonDecoratedOperator): print_the_context>, log_sql_query already registered for DAG: example_python_operator
[2023-03-28T00:19:19.687+0200] {logging_mixin.py:137} INFO - [2023-03-28T00:19:19.687+0200] {taskmixin.py:211} WARNING - Dependency <Task(_PythonDecoratedOperator): log_sql_query>, print_the_context already registered for DAG: example_python_operator
[2023-03-28T00:19:19.687+0200] {logging_mixin.py:137} INFO - [2023-03-28T00:19:19.687+0200] {taskmixin.py:211} WARNING - Dependency <Task(_PythonDecoratedOperator): print_the_context>, log_sql_query already registered for DAG: example_python_operator
[2023-03-28T00:19:19.688+0200] {logging_mixin.py:137} INFO - [2023-03-28T00:19:19.688+0200] {taskmixin.py:211} WARNING - Dependency <Task(_PythonDecoratedOperator): log_sql_query>, print_the_context already registered for DAG: example_python_operator
[2023-03-28T00:19:19.688+0200] {logging_mixin.py:137} INFO - [2023-03-28T00:19:19.688+0200] {taskmixin.py:211} WARNING - Dependency <Task(_PythonDecoratedOperator): print_the_context>, log_sql_query already registered for DAG: example_python_operator
[2023-03-28T00:19:19.688+0200] {logging_mixin.py:137} INFO - [2023-03-28T00:19:19.688+0200] {taskmixin.py:211} WARNING - Dependency <Task(_PythonDecoratedOperator): log_sql_query>, print_the_context already registered for DAG: example_python_operator
[2023-03-28T00:19:19.689+0200] {logging_mixin.py:137} INFO - [2023-03-28T00:19:19.689+0200] {taskmixin.py:211} WARNING - Dependency <Task(_PythonDecoratedOperator): print_the_context>, log_sql_query already registered for DAG: example_python_operator
[2023-03-28T00:19:19.689+0200] {logging_mixin.py:137} INFO - [2023-03-28T00:19:19.689+0200] {taskmixin.py:211} WARNING - Dependency <Task(_PythonDecoratedOperator): log_sql_query>, print_the_context already registered for DAG: example_python_operator
[2023-03-28T00:19:19.689+0200] {logging_mixin.py:137} INFO - [2023-03-28T00:19:19.689+0200] {example_python_operator.py:90} WARNING - The virtalenv_python example task requires virtualenv, please install it.
[2023-03-28T00:19:19.694+0200] {processor.py:753} INFO - DAG(s) dict_keys(['example_python_operator']) retrieved from /home/humbulani/miniconda3/envs/apache-airflow/lib/python3.8/site-packages/airflow/example_dags/example_python_operator.py
[2023-03-28T00:19:19.712+0200] {logging_mixin.py:137} INFO - [2023-03-28T00:19:19.712+0200] {dag.py:2693} INFO - Sync 1 DAGs
[2023-03-28T00:19:19.729+0200] {logging_mixin.py:137} INFO - [2023-03-28T00:19:19.729+0200] {dag.py:3440} INFO - Setting next_dagrun for example_python_operator to None, run_after=None
[2023-03-28T00:19:19.797+0200] {processor.py:175} INFO - Processing /home/humbulani/miniconda3/envs/apache-airflow/lib/python3.8/site-packages/airflow/example_dags/example_python_operator.py took 0.140 seconds
[2023-03-28T00:20:08.174+0200] {processor.py:153} INFO - Started process (PID=23754) to work on /home/humbulani/miniconda3/envs/apache-airflow/lib/python3.8/site-packages/airflow/example_dags/example_python_operator.py
[2023-03-28T00:20:08.185+0200] {processor.py:743} INFO - Processing file /home/humbulani/miniconda3/envs/apache-airflow/lib/python3.8/site-packages/airflow/example_dags/example_python_operator.py for tasks to queue
[2023-03-28T00:20:08.186+0200] {logging_mixin.py:137} INFO - [2023-03-28T00:20:08.186+0200] {dagbag.py:532} INFO - Filling up the DagBag from /home/humbulani/miniconda3/envs/apache-airflow/lib/python3.8/site-packages/airflow/example_dags/example_python_operator.py
[2023-03-28T00:20:08.203+0200] {logging_mixin.py:137} INFO - [2023-03-28T00:20:08.203+0200] {taskmixin.py:211} WARNING - Dependency <Task(_PythonDecoratedOperator): print_the_context>, log_sql_query already registered for DAG: example_python_operator
[2023-03-28T00:20:08.203+0200] {logging_mixin.py:137} INFO - [2023-03-28T00:20:08.203+0200] {taskmixin.py:211} WARNING - Dependency <Task(_PythonDecoratedOperator): log_sql_query>, print_the_context already registered for DAG: example_python_operator
[2023-03-28T00:20:08.204+0200] {logging_mixin.py:137} INFO - [2023-03-28T00:20:08.204+0200] {taskmixin.py:211} WARNING - Dependency <Task(_PythonDecoratedOperator): print_the_context>, log_sql_query already registered for DAG: example_python_operator
[2023-03-28T00:20:08.204+0200] {logging_mixin.py:137} INFO - [2023-03-28T00:20:08.204+0200] {taskmixin.py:211} WARNING - Dependency <Task(_PythonDecoratedOperator): log_sql_query>, print_the_context already registered for DAG: example_python_operator
[2023-03-28T00:20:08.205+0200] {logging_mixin.py:137} INFO - [2023-03-28T00:20:08.205+0200] {taskmixin.py:211} WARNING - Dependency <Task(_PythonDecoratedOperator): print_the_context>, log_sql_query already registered for DAG: example_python_operator
[2023-03-28T00:20:08.205+0200] {logging_mixin.py:137} INFO - [2023-03-28T00:20:08.205+0200] {taskmixin.py:211} WARNING - Dependency <Task(_PythonDecoratedOperator): log_sql_query>, print_the_context already registered for DAG: example_python_operator
[2023-03-28T00:20:08.206+0200] {logging_mixin.py:137} INFO - [2023-03-28T00:20:08.206+0200] {taskmixin.py:211} WARNING - Dependency <Task(_PythonDecoratedOperator): print_the_context>, log_sql_query already registered for DAG: example_python_operator
[2023-03-28T00:20:08.206+0200] {logging_mixin.py:137} INFO - [2023-03-28T00:20:08.206+0200] {taskmixin.py:211} WARNING - Dependency <Task(_PythonDecoratedOperator): log_sql_query>, print_the_context already registered for DAG: example_python_operator
[2023-03-28T00:20:08.206+0200] {logging_mixin.py:137} INFO - [2023-03-28T00:20:08.206+0200] {example_python_operator.py:90} WARNING - The virtalenv_python example task requires virtualenv, please install it.
[2023-03-28T00:20:08.213+0200] {processor.py:753} INFO - DAG(s) dict_keys(['example_python_operator']) retrieved from /home/humbulani/miniconda3/envs/apache-airflow/lib/python3.8/site-packages/airflow/example_dags/example_python_operator.py
[2023-03-28T00:20:08.232+0200] {logging_mixin.py:137} INFO - [2023-03-28T00:20:08.232+0200] {dag.py:2693} INFO - Sync 1 DAGs
[2023-03-28T00:20:08.252+0200] {logging_mixin.py:137} INFO - [2023-03-28T00:20:08.252+0200] {dag.py:3440} INFO - Setting next_dagrun for example_python_operator to None, run_after=None
[2023-03-28T00:20:08.337+0200] {processor.py:175} INFO - Processing /home/humbulani/miniconda3/envs/apache-airflow/lib/python3.8/site-packages/airflow/example_dags/example_python_operator.py took 0.166 seconds
[2023-03-28T00:20:56.605+0200] {processor.py:153} INFO - Started process (PID=23797) to work on /home/humbulani/miniconda3/envs/apache-airflow/lib/python3.8/site-packages/airflow/example_dags/example_python_operator.py
[2023-03-28T00:20:56.616+0200] {processor.py:743} INFO - Processing file /home/humbulani/miniconda3/envs/apache-airflow/lib/python3.8/site-packages/airflow/example_dags/example_python_operator.py for tasks to queue
[2023-03-28T00:20:56.617+0200] {logging_mixin.py:137} INFO - [2023-03-28T00:20:56.617+0200] {dagbag.py:532} INFO - Filling up the DagBag from /home/humbulani/miniconda3/envs/apache-airflow/lib/python3.8/site-packages/airflow/example_dags/example_python_operator.py
[2023-03-28T00:20:56.634+0200] {logging_mixin.py:137} INFO - [2023-03-28T00:20:56.634+0200] {taskmixin.py:211} WARNING - Dependency <Task(_PythonDecoratedOperator): print_the_context>, log_sql_query already registered for DAG: example_python_operator
[2023-03-28T00:20:56.634+0200] {logging_mixin.py:137} INFO - [2023-03-28T00:20:56.634+0200] {taskmixin.py:211} WARNING - Dependency <Task(_PythonDecoratedOperator): log_sql_query>, print_the_context already registered for DAG: example_python_operator
[2023-03-28T00:20:56.635+0200] {logging_mixin.py:137} INFO - [2023-03-28T00:20:56.634+0200] {taskmixin.py:211} WARNING - Dependency <Task(_PythonDecoratedOperator): print_the_context>, log_sql_query already registered for DAG: example_python_operator
[2023-03-28T00:20:56.635+0200] {logging_mixin.py:137} INFO - [2023-03-28T00:20:56.635+0200] {taskmixin.py:211} WARNING - Dependency <Task(_PythonDecoratedOperator): log_sql_query>, print_the_context already registered for DAG: example_python_operator
[2023-03-28T00:20:56.635+0200] {logging_mixin.py:137} INFO - [2023-03-28T00:20:56.635+0200] {taskmixin.py:211} WARNING - Dependency <Task(_PythonDecoratedOperator): print_the_context>, log_sql_query already registered for DAG: example_python_operator
[2023-03-28T00:20:56.636+0200] {logging_mixin.py:137} INFO - [2023-03-28T00:20:56.635+0200] {taskmixin.py:211} WARNING - Dependency <Task(_PythonDecoratedOperator): log_sql_query>, print_the_context already registered for DAG: example_python_operator
[2023-03-28T00:20:56.636+0200] {logging_mixin.py:137} INFO - [2023-03-28T00:20:56.636+0200] {taskmixin.py:211} WARNING - Dependency <Task(_PythonDecoratedOperator): print_the_context>, log_sql_query already registered for DAG: example_python_operator
[2023-03-28T00:20:56.636+0200] {logging_mixin.py:137} INFO - [2023-03-28T00:20:56.636+0200] {taskmixin.py:211} WARNING - Dependency <Task(_PythonDecoratedOperator): log_sql_query>, print_the_context already registered for DAG: example_python_operator
[2023-03-28T00:20:56.637+0200] {logging_mixin.py:137} INFO - [2023-03-28T00:20:56.637+0200] {example_python_operator.py:90} WARNING - The virtalenv_python example task requires virtualenv, please install it.
[2023-03-28T00:20:56.641+0200] {processor.py:753} INFO - DAG(s) dict_keys(['example_python_operator']) retrieved from /home/humbulani/miniconda3/envs/apache-airflow/lib/python3.8/site-packages/airflow/example_dags/example_python_operator.py
[2023-03-28T00:20:56.658+0200] {logging_mixin.py:137} INFO - [2023-03-28T00:20:56.658+0200] {dag.py:2693} INFO - Sync 1 DAGs
[2023-03-28T00:20:56.676+0200] {logging_mixin.py:137} INFO - [2023-03-28T00:20:56.676+0200] {dag.py:3440} INFO - Setting next_dagrun for example_python_operator to None, run_after=None
[2023-03-28T00:20:56.760+0200] {processor.py:175} INFO - Processing /home/humbulani/miniconda3/envs/apache-airflow/lib/python3.8/site-packages/airflow/example_dags/example_python_operator.py took 0.158 seconds
[2023-03-28T00:21:56.013+0200] {processor.py:153} INFO - Started process (PID=23864) to work on /home/humbulani/miniconda3/envs/apache-airflow/lib/python3.8/site-packages/airflow/example_dags/example_python_operator.py
[2023-03-28T00:21:56.069+0200] {processor.py:743} INFO - Processing file /home/humbulani/miniconda3/envs/apache-airflow/lib/python3.8/site-packages/airflow/example_dags/example_python_operator.py for tasks to queue
[2023-03-28T00:21:56.070+0200] {logging_mixin.py:137} INFO - [2023-03-28T00:21:56.069+0200] {dagbag.py:532} INFO - Filling up the DagBag from /home/humbulani/miniconda3/envs/apache-airflow/lib/python3.8/site-packages/airflow/example_dags/example_python_operator.py
[2023-03-28T00:21:56.086+0200] {logging_mixin.py:137} INFO - [2023-03-28T00:21:56.086+0200] {taskmixin.py:211} WARNING - Dependency <Task(_PythonDecoratedOperator): print_the_context>, log_sql_query already registered for DAG: example_python_operator
[2023-03-28T00:21:56.086+0200] {logging_mixin.py:137} INFO - [2023-03-28T00:21:56.086+0200] {taskmixin.py:211} WARNING - Dependency <Task(_PythonDecoratedOperator): log_sql_query>, print_the_context already registered for DAG: example_python_operator
[2023-03-28T00:21:56.087+0200] {logging_mixin.py:137} INFO - [2023-03-28T00:21:56.087+0200] {taskmixin.py:211} WARNING - Dependency <Task(_PythonDecoratedOperator): print_the_context>, log_sql_query already registered for DAG: example_python_operator
[2023-03-28T00:21:56.087+0200] {logging_mixin.py:137} INFO - [2023-03-28T00:21:56.087+0200] {taskmixin.py:211} WARNING - Dependency <Task(_PythonDecoratedOperator): log_sql_query>, print_the_context already registered for DAG: example_python_operator
[2023-03-28T00:21:56.088+0200] {logging_mixin.py:137} INFO - [2023-03-28T00:21:56.087+0200] {taskmixin.py:211} WARNING - Dependency <Task(_PythonDecoratedOperator): print_the_context>, log_sql_query already registered for DAG: example_python_operator
[2023-03-28T00:21:56.088+0200] {logging_mixin.py:137} INFO - [2023-03-28T00:21:56.088+0200] {taskmixin.py:211} WARNING - Dependency <Task(_PythonDecoratedOperator): log_sql_query>, print_the_context already registered for DAG: example_python_operator
[2023-03-28T00:21:56.088+0200] {logging_mixin.py:137} INFO - [2023-03-28T00:21:56.088+0200] {taskmixin.py:211} WARNING - Dependency <Task(_PythonDecoratedOperator): print_the_context>, log_sql_query already registered for DAG: example_python_operator
[2023-03-28T00:21:56.089+0200] {logging_mixin.py:137} INFO - [2023-03-28T00:21:56.088+0200] {taskmixin.py:211} WARNING - Dependency <Task(_PythonDecoratedOperator): log_sql_query>, print_the_context already registered for DAG: example_python_operator
[2023-03-28T00:21:56.089+0200] {logging_mixin.py:137} INFO - [2023-03-28T00:21:56.089+0200] {example_python_operator.py:90} WARNING - The virtalenv_python example task requires virtualenv, please install it.
[2023-03-28T00:21:56.093+0200] {processor.py:753} INFO - DAG(s) dict_keys(['example_python_operator']) retrieved from /home/humbulani/miniconda3/envs/apache-airflow/lib/python3.8/site-packages/airflow/example_dags/example_python_operator.py
[2023-03-28T00:21:56.112+0200] {logging_mixin.py:137} INFO - [2023-03-28T00:21:56.112+0200] {dag.py:2693} INFO - Sync 1 DAGs
[2023-03-28T00:21:56.130+0200] {logging_mixin.py:137} INFO - [2023-03-28T00:21:56.129+0200] {dag.py:3440} INFO - Setting next_dagrun for example_python_operator to None, run_after=None
[2023-03-28T00:21:56.218+0200] {processor.py:175} INFO - Processing /home/humbulani/miniconda3/envs/apache-airflow/lib/python3.8/site-packages/airflow/example_dags/example_python_operator.py took 0.207 seconds
