[2023-03-28T00:03:50.175+0200] {processor.py:153} INFO - Started process (PID=22492) to work on /home/humbulani/miniconda3/envs/apache-airflow/lib/python3.8/site-packages/airflow/example_dags/example_params_ui_tutorial.py
[2023-03-28T00:03:50.175+0200] {processor.py:743} INFO - Processing file /home/humbulani/miniconda3/envs/apache-airflow/lib/python3.8/site-packages/airflow/example_dags/example_params_ui_tutorial.py for tasks to queue
[2023-03-28T00:03:50.176+0200] {logging_mixin.py:137} INFO - [2023-03-28T00:03:50.176+0200] {dagbag.py:532} INFO - Filling up the DagBag from /home/humbulani/miniconda3/envs/apache-airflow/lib/python3.8/site-packages/airflow/example_dags/example_params_ui_tutorial.py
[2023-03-28T00:03:50.237+0200] {processor.py:753} INFO - DAG(s) dict_keys(['example_params_ui_tutorial']) retrieved from /home/humbulani/miniconda3/envs/apache-airflow/lib/python3.8/site-packages/airflow/example_dags/example_params_ui_tutorial.py
[2023-03-28T00:03:50.315+0200] {logging_mixin.py:137} INFO - [2023-03-28T00:03:50.315+0200] {dag.py:2693} INFO - Sync 1 DAGs
[2023-03-28T00:03:50.331+0200] {logging_mixin.py:137} INFO - [2023-03-28T00:03:50.330+0200] {dag.py:3440} INFO - Setting next_dagrun for example_params_ui_tutorial to None, run_after=None
[2023-03-28T00:03:50.423+0200] {processor.py:175} INFO - Processing /home/humbulani/miniconda3/envs/apache-airflow/lib/python3.8/site-packages/airflow/example_dags/example_params_ui_tutorial.py took 0.252 seconds
[2023-03-28T00:04:37.795+0200] {processor.py:153} INFO - Started process (PID=22582) to work on /home/humbulani/miniconda3/envs/apache-airflow/lib/python3.8/site-packages/airflow/example_dags/example_params_ui_tutorial.py
[2023-03-28T00:04:37.845+0200] {processor.py:743} INFO - Processing file /home/humbulani/miniconda3/envs/apache-airflow/lib/python3.8/site-packages/airflow/example_dags/example_params_ui_tutorial.py for tasks to queue
[2023-03-28T00:04:37.845+0200] {logging_mixin.py:137} INFO - [2023-03-28T00:04:37.845+0200] {dagbag.py:532} INFO - Filling up the DagBag from /home/humbulani/miniconda3/envs/apache-airflow/lib/python3.8/site-packages/airflow/example_dags/example_params_ui_tutorial.py
[2023-03-28T00:04:37.895+0200] {processor.py:753} INFO - DAG(s) dict_keys(['example_params_ui_tutorial']) retrieved from /home/humbulani/miniconda3/envs/apache-airflow/lib/python3.8/site-packages/airflow/example_dags/example_params_ui_tutorial.py
[2023-03-28T00:04:37.952+0200] {logging_mixin.py:137} INFO - [2023-03-28T00:04:37.952+0200] {dag.py:2693} INFO - Sync 1 DAGs
[2023-03-28T00:04:37.971+0200] {logging_mixin.py:137} INFO - [2023-03-28T00:04:37.971+0200] {dag.py:3440} INFO - Setting next_dagrun for example_params_ui_tutorial to None, run_after=None
[2023-03-28T00:04:38.041+0200] {processor.py:175} INFO - Processing /home/humbulani/miniconda3/envs/apache-airflow/lib/python3.8/site-packages/airflow/example_dags/example_params_ui_tutorial.py took 0.249 seconds
[2023-03-28T00:05:20.474+0200] {processor.py:153} INFO - Started process (PID=22617) to work on /home/humbulani/miniconda3/envs/apache-airflow/lib/python3.8/site-packages/airflow/example_dags/example_params_ui_tutorial.py
[2023-03-28T00:05:20.489+0200] {processor.py:743} INFO - Processing file /home/humbulani/miniconda3/envs/apache-airflow/lib/python3.8/site-packages/airflow/example_dags/example_params_ui_tutorial.py for tasks to queue
[2023-03-28T00:05:20.489+0200] {logging_mixin.py:137} INFO - [2023-03-28T00:05:20.489+0200] {dagbag.py:532} INFO - Filling up the DagBag from /home/humbulani/miniconda3/envs/apache-airflow/lib/python3.8/site-packages/airflow/example_dags/example_params_ui_tutorial.py
[2023-03-28T00:05:20.535+0200] {processor.py:753} INFO - DAG(s) dict_keys(['example_params_ui_tutorial']) retrieved from /home/humbulani/miniconda3/envs/apache-airflow/lib/python3.8/site-packages/airflow/example_dags/example_params_ui_tutorial.py
[2023-03-28T00:05:20.590+0200] {logging_mixin.py:137} INFO - [2023-03-28T00:05:20.589+0200] {dag.py:2693} INFO - Sync 1 DAGs
[2023-03-28T00:05:20.607+0200] {logging_mixin.py:137} INFO - [2023-03-28T00:05:20.606+0200] {dag.py:3440} INFO - Setting next_dagrun for example_params_ui_tutorial to None, run_after=None
[2023-03-28T00:05:20.686+0200] {processor.py:175} INFO - Processing /home/humbulani/miniconda3/envs/apache-airflow/lib/python3.8/site-packages/airflow/example_dags/example_params_ui_tutorial.py took 0.214 seconds
[2023-03-28T00:06:05.268+0200] {processor.py:153} INFO - Started process (PID=22735) to work on /home/humbulani/miniconda3/envs/apache-airflow/lib/python3.8/site-packages/airflow/example_dags/example_params_ui_tutorial.py
[2023-03-28T00:06:05.279+0200] {processor.py:743} INFO - Processing file /home/humbulani/miniconda3/envs/apache-airflow/lib/python3.8/site-packages/airflow/example_dags/example_params_ui_tutorial.py for tasks to queue
[2023-03-28T00:06:05.280+0200] {logging_mixin.py:137} INFO - [2023-03-28T00:06:05.280+0200] {dagbag.py:532} INFO - Filling up the DagBag from /home/humbulani/miniconda3/envs/apache-airflow/lib/python3.8/site-packages/airflow/example_dags/example_params_ui_tutorial.py
[2023-03-28T00:06:05.327+0200] {processor.py:753} INFO - DAG(s) dict_keys(['example_params_ui_tutorial']) retrieved from /home/humbulani/miniconda3/envs/apache-airflow/lib/python3.8/site-packages/airflow/example_dags/example_params_ui_tutorial.py
[2023-03-28T00:06:05.379+0200] {logging_mixin.py:137} INFO - [2023-03-28T00:06:05.379+0200] {dag.py:2693} INFO - Sync 1 DAGs
[2023-03-28T00:06:05.396+0200] {logging_mixin.py:137} INFO - [2023-03-28T00:06:05.396+0200] {dag.py:3440} INFO - Setting next_dagrun for example_params_ui_tutorial to None, run_after=None
[2023-03-28T00:06:05.473+0200] {processor.py:175} INFO - Processing /home/humbulani/miniconda3/envs/apache-airflow/lib/python3.8/site-packages/airflow/example_dags/example_params_ui_tutorial.py took 0.208 seconds
[2023-03-28T00:06:48.269+0200] {processor.py:153} INFO - Started process (PID=22779) to work on /home/humbulani/miniconda3/envs/apache-airflow/lib/python3.8/site-packages/airflow/example_dags/example_params_ui_tutorial.py
[2023-03-28T00:06:48.282+0200] {processor.py:743} INFO - Processing file /home/humbulani/miniconda3/envs/apache-airflow/lib/python3.8/site-packages/airflow/example_dags/example_params_ui_tutorial.py for tasks to queue
[2023-03-28T00:06:48.282+0200] {logging_mixin.py:137} INFO - [2023-03-28T00:06:48.282+0200] {dagbag.py:532} INFO - Filling up the DagBag from /home/humbulani/miniconda3/envs/apache-airflow/lib/python3.8/site-packages/airflow/example_dags/example_params_ui_tutorial.py
[2023-03-28T00:06:48.334+0200] {processor.py:753} INFO - DAG(s) dict_keys(['example_params_ui_tutorial']) retrieved from /home/humbulani/miniconda3/envs/apache-airflow/lib/python3.8/site-packages/airflow/example_dags/example_params_ui_tutorial.py
[2023-03-28T00:06:48.386+0200] {logging_mixin.py:137} INFO - [2023-03-28T00:06:48.385+0200] {dag.py:2693} INFO - Sync 1 DAGs
[2023-03-28T00:06:48.402+0200] {logging_mixin.py:137} INFO - [2023-03-28T00:06:48.402+0200] {dag.py:3440} INFO - Setting next_dagrun for example_params_ui_tutorial to None, run_after=None
[2023-03-28T00:06:48.557+0200] {processor.py:175} INFO - Processing /home/humbulani/miniconda3/envs/apache-airflow/lib/python3.8/site-packages/airflow/example_dags/example_params_ui_tutorial.py took 0.291 seconds
[2023-03-28T00:07:25.229+0200] {processor.py:153} INFO - Started process (PID=22814) to work on /home/humbulani/miniconda3/envs/apache-airflow/lib/python3.8/site-packages/airflow/example_dags/example_params_ui_tutorial.py
[2023-03-28T00:07:25.230+0200] {processor.py:743} INFO - Processing file /home/humbulani/miniconda3/envs/apache-airflow/lib/python3.8/site-packages/airflow/example_dags/example_params_ui_tutorial.py for tasks to queue
[2023-03-28T00:07:25.230+0200] {logging_mixin.py:137} INFO - [2023-03-28T00:07:25.230+0200] {dagbag.py:532} INFO - Filling up the DagBag from /home/humbulani/miniconda3/envs/apache-airflow/lib/python3.8/site-packages/airflow/example_dags/example_params_ui_tutorial.py
[2023-03-28T00:07:25.275+0200] {processor.py:753} INFO - DAG(s) dict_keys(['example_params_ui_tutorial']) retrieved from /home/humbulani/miniconda3/envs/apache-airflow/lib/python3.8/site-packages/airflow/example_dags/example_params_ui_tutorial.py
[2023-03-28T00:07:25.328+0200] {logging_mixin.py:137} INFO - [2023-03-28T00:07:25.328+0200] {dag.py:2693} INFO - Sync 1 DAGs
[2023-03-28T00:07:25.427+0200] {logging_mixin.py:137} INFO - [2023-03-28T00:07:25.426+0200] {dag.py:3440} INFO - Setting next_dagrun for example_params_ui_tutorial to None, run_after=None
[2023-03-28T00:07:25.510+0200] {processor.py:175} INFO - Processing /home/humbulani/miniconda3/envs/apache-airflow/lib/python3.8/site-packages/airflow/example_dags/example_params_ui_tutorial.py took 0.283 seconds
[2023-03-28T00:08:01.066+0200] {processor.py:153} INFO - Started process (PID=22886) to work on /home/humbulani/miniconda3/envs/apache-airflow/lib/python3.8/site-packages/airflow/example_dags/example_params_ui_tutorial.py
[2023-03-28T00:08:01.074+0200] {processor.py:743} INFO - Processing file /home/humbulani/miniconda3/envs/apache-airflow/lib/python3.8/site-packages/airflow/example_dags/example_params_ui_tutorial.py for tasks to queue
[2023-03-28T00:08:01.075+0200] {logging_mixin.py:137} INFO - [2023-03-28T00:08:01.074+0200] {dagbag.py:532} INFO - Filling up the DagBag from /home/humbulani/miniconda3/envs/apache-airflow/lib/python3.8/site-packages/airflow/example_dags/example_params_ui_tutorial.py
[2023-03-28T00:08:01.120+0200] {processor.py:753} INFO - DAG(s) dict_keys(['example_params_ui_tutorial']) retrieved from /home/humbulani/miniconda3/envs/apache-airflow/lib/python3.8/site-packages/airflow/example_dags/example_params_ui_tutorial.py
[2023-03-28T00:08:01.171+0200] {logging_mixin.py:137} INFO - [2023-03-28T00:08:01.171+0200] {dag.py:2693} INFO - Sync 1 DAGs
[2023-03-28T00:08:01.268+0200] {logging_mixin.py:137} INFO - [2023-03-28T00:08:01.268+0200] {dag.py:3440} INFO - Setting next_dagrun for example_params_ui_tutorial to None, run_after=None
[2023-03-28T00:08:01.345+0200] {processor.py:175} INFO - Processing /home/humbulani/miniconda3/envs/apache-airflow/lib/python3.8/site-packages/airflow/example_dags/example_params_ui_tutorial.py took 0.281 seconds
[2023-03-28T00:08:51.016+0200] {processor.py:153} INFO - Started process (PID=22945) to work on /home/humbulani/miniconda3/envs/apache-airflow/lib/python3.8/site-packages/airflow/example_dags/example_params_ui_tutorial.py
[2023-03-28T00:08:51.017+0200] {processor.py:743} INFO - Processing file /home/humbulani/miniconda3/envs/apache-airflow/lib/python3.8/site-packages/airflow/example_dags/example_params_ui_tutorial.py for tasks to queue
[2023-03-28T00:08:51.018+0200] {logging_mixin.py:137} INFO - [2023-03-28T00:08:51.018+0200] {dagbag.py:532} INFO - Filling up the DagBag from /home/humbulani/miniconda3/envs/apache-airflow/lib/python3.8/site-packages/airflow/example_dags/example_params_ui_tutorial.py
[2023-03-28T00:08:51.067+0200] {processor.py:753} INFO - DAG(s) dict_keys(['example_params_ui_tutorial']) retrieved from /home/humbulani/miniconda3/envs/apache-airflow/lib/python3.8/site-packages/airflow/example_dags/example_params_ui_tutorial.py
[2023-03-28T00:08:51.199+0200] {logging_mixin.py:137} INFO - [2023-03-28T00:08:51.199+0200] {dag.py:2693} INFO - Sync 1 DAGs
[2023-03-28T00:08:51.214+0200] {logging_mixin.py:137} INFO - [2023-03-28T00:08:51.214+0200] {dag.py:3440} INFO - Setting next_dagrun for example_params_ui_tutorial to None, run_after=None
[2023-03-28T00:08:51.290+0200] {processor.py:175} INFO - Processing /home/humbulani/miniconda3/envs/apache-airflow/lib/python3.8/site-packages/airflow/example_dags/example_params_ui_tutorial.py took 0.277 seconds
[2023-03-28T00:09:31.736+0200] {processor.py:153} INFO - Started process (PID=22988) to work on /home/humbulani/miniconda3/envs/apache-airflow/lib/python3.8/site-packages/airflow/example_dags/example_params_ui_tutorial.py
[2023-03-28T00:09:31.746+0200] {processor.py:743} INFO - Processing file /home/humbulani/miniconda3/envs/apache-airflow/lib/python3.8/site-packages/airflow/example_dags/example_params_ui_tutorial.py for tasks to queue
[2023-03-28T00:09:31.747+0200] {logging_mixin.py:137} INFO - [2023-03-28T00:09:31.747+0200] {dagbag.py:532} INFO - Filling up the DagBag from /home/humbulani/miniconda3/envs/apache-airflow/lib/python3.8/site-packages/airflow/example_dags/example_params_ui_tutorial.py
[2023-03-28T00:09:31.791+0200] {processor.py:753} INFO - DAG(s) dict_keys(['example_params_ui_tutorial']) retrieved from /home/humbulani/miniconda3/envs/apache-airflow/lib/python3.8/site-packages/airflow/example_dags/example_params_ui_tutorial.py
[2023-03-28T00:09:31.921+0200] {logging_mixin.py:137} INFO - [2023-03-28T00:09:31.921+0200] {dag.py:2693} INFO - Sync 1 DAGs
[2023-03-28T00:09:31.936+0200] {logging_mixin.py:137} INFO - [2023-03-28T00:09:31.936+0200] {dag.py:3440} INFO - Setting next_dagrun for example_params_ui_tutorial to None, run_after=None
[2023-03-28T00:09:32.017+0200] {processor.py:175} INFO - Processing /home/humbulani/miniconda3/envs/apache-airflow/lib/python3.8/site-packages/airflow/example_dags/example_params_ui_tutorial.py took 0.284 seconds
[2023-03-28T00:10:12.313+0200] {processor.py:153} INFO - Started process (PID=23025) to work on /home/humbulani/miniconda3/envs/apache-airflow/lib/python3.8/site-packages/airflow/example_dags/example_params_ui_tutorial.py
[2023-03-28T00:10:12.328+0200] {processor.py:743} INFO - Processing file /home/humbulani/miniconda3/envs/apache-airflow/lib/python3.8/site-packages/airflow/example_dags/example_params_ui_tutorial.py for tasks to queue
[2023-03-28T00:10:12.329+0200] {logging_mixin.py:137} INFO - [2023-03-28T00:10:12.329+0200] {dagbag.py:532} INFO - Filling up the DagBag from /home/humbulani/miniconda3/envs/apache-airflow/lib/python3.8/site-packages/airflow/example_dags/example_params_ui_tutorial.py
[2023-03-28T00:10:12.456+0200] {processor.py:753} INFO - DAG(s) dict_keys(['example_params_ui_tutorial']) retrieved from /home/humbulani/miniconda3/envs/apache-airflow/lib/python3.8/site-packages/airflow/example_dags/example_params_ui_tutorial.py
[2023-03-28T00:10:12.506+0200] {logging_mixin.py:137} INFO - [2023-03-28T00:10:12.505+0200] {dag.py:2693} INFO - Sync 1 DAGs
[2023-03-28T00:10:12.521+0200] {logging_mixin.py:137} INFO - [2023-03-28T00:10:12.521+0200] {dag.py:3440} INFO - Setting next_dagrun for example_params_ui_tutorial to None, run_after=None
[2023-03-28T00:10:12.605+0200] {processor.py:175} INFO - Processing /home/humbulani/miniconda3/envs/apache-airflow/lib/python3.8/site-packages/airflow/example_dags/example_params_ui_tutorial.py took 0.294 seconds
[2023-03-28T00:10:52.211+0200] {processor.py:153} INFO - Started process (PID=23061) to work on /home/humbulani/miniconda3/envs/apache-airflow/lib/python3.8/site-packages/airflow/example_dags/example_params_ui_tutorial.py
[2023-03-28T00:10:52.223+0200] {processor.py:743} INFO - Processing file /home/humbulani/miniconda3/envs/apache-airflow/lib/python3.8/site-packages/airflow/example_dags/example_params_ui_tutorial.py for tasks to queue
[2023-03-28T00:10:52.223+0200] {logging_mixin.py:137} INFO - [2023-03-28T00:10:52.223+0200] {dagbag.py:532} INFO - Filling up the DagBag from /home/humbulani/miniconda3/envs/apache-airflow/lib/python3.8/site-packages/airflow/example_dags/example_params_ui_tutorial.py
[2023-03-28T00:10:52.354+0200] {processor.py:753} INFO - DAG(s) dict_keys(['example_params_ui_tutorial']) retrieved from /home/humbulani/miniconda3/envs/apache-airflow/lib/python3.8/site-packages/airflow/example_dags/example_params_ui_tutorial.py
[2023-03-28T00:10:52.407+0200] {logging_mixin.py:137} INFO - [2023-03-28T00:10:52.407+0200] {dag.py:2693} INFO - Sync 1 DAGs
[2023-03-28T00:10:52.425+0200] {logging_mixin.py:137} INFO - [2023-03-28T00:10:52.425+0200] {dag.py:3440} INFO - Setting next_dagrun for example_params_ui_tutorial to None, run_after=None
[2023-03-28T00:10:52.497+0200] {processor.py:175} INFO - Processing /home/humbulani/miniconda3/envs/apache-airflow/lib/python3.8/site-packages/airflow/example_dags/example_params_ui_tutorial.py took 0.289 seconds
[2023-03-28T00:11:35.717+0200] {processor.py:153} INFO - Started process (PID=23098) to work on /home/humbulani/miniconda3/envs/apache-airflow/lib/python3.8/site-packages/airflow/example_dags/example_params_ui_tutorial.py
[2023-03-28T00:11:35.725+0200] {processor.py:743} INFO - Processing file /home/humbulani/miniconda3/envs/apache-airflow/lib/python3.8/site-packages/airflow/example_dags/example_params_ui_tutorial.py for tasks to queue
[2023-03-28T00:11:35.726+0200] {logging_mixin.py:137} INFO - [2023-03-28T00:11:35.726+0200] {dagbag.py:532} INFO - Filling up the DagBag from /home/humbulani/miniconda3/envs/apache-airflow/lib/python3.8/site-packages/airflow/example_dags/example_params_ui_tutorial.py
[2023-03-28T00:11:35.858+0200] {processor.py:753} INFO - DAG(s) dict_keys(['example_params_ui_tutorial']) retrieved from /home/humbulani/miniconda3/envs/apache-airflow/lib/python3.8/site-packages/airflow/example_dags/example_params_ui_tutorial.py
[2023-03-28T00:11:35.912+0200] {logging_mixin.py:137} INFO - [2023-03-28T00:11:35.912+0200] {dag.py:2693} INFO - Sync 1 DAGs
[2023-03-28T00:11:35.928+0200] {logging_mixin.py:137} INFO - [2023-03-28T00:11:35.928+0200] {dag.py:3440} INFO - Setting next_dagrun for example_params_ui_tutorial to None, run_after=None
[2023-03-28T00:11:36.008+0200] {processor.py:175} INFO - Processing /home/humbulani/miniconda3/envs/apache-airflow/lib/python3.8/site-packages/airflow/example_dags/example_params_ui_tutorial.py took 0.295 seconds
[2023-03-28T00:12:24.139+0200] {processor.py:153} INFO - Started process (PID=23136) to work on /home/humbulani/miniconda3/envs/apache-airflow/lib/python3.8/site-packages/airflow/example_dags/example_params_ui_tutorial.py
[2023-03-28T00:12:24.147+0200] {processor.py:743} INFO - Processing file /home/humbulani/miniconda3/envs/apache-airflow/lib/python3.8/site-packages/airflow/example_dags/example_params_ui_tutorial.py for tasks to queue
[2023-03-28T00:12:24.236+0200] {logging_mixin.py:137} INFO - [2023-03-28T00:12:24.236+0200] {dagbag.py:532} INFO - Filling up the DagBag from /home/humbulani/miniconda3/envs/apache-airflow/lib/python3.8/site-packages/airflow/example_dags/example_params_ui_tutorial.py
[2023-03-28T00:12:24.277+0200] {processor.py:753} INFO - DAG(s) dict_keys(['example_params_ui_tutorial']) retrieved from /home/humbulani/miniconda3/envs/apache-airflow/lib/python3.8/site-packages/airflow/example_dags/example_params_ui_tutorial.py
[2023-03-28T00:12:24.329+0200] {logging_mixin.py:137} INFO - [2023-03-28T00:12:24.329+0200] {dag.py:2693} INFO - Sync 1 DAGs
[2023-03-28T00:12:24.344+0200] {logging_mixin.py:137} INFO - [2023-03-28T00:12:24.344+0200] {dag.py:3440} INFO - Setting next_dagrun for example_params_ui_tutorial to None, run_after=None
[2023-03-28T00:12:24.420+0200] {processor.py:175} INFO - Processing /home/humbulani/miniconda3/envs/apache-airflow/lib/python3.8/site-packages/airflow/example_dags/example_params_ui_tutorial.py took 0.284 seconds
[2023-03-28T00:12:59.912+0200] {processor.py:153} INFO - Started process (PID=23197) to work on /home/humbulani/miniconda3/envs/apache-airflow/lib/python3.8/site-packages/airflow/example_dags/example_params_ui_tutorial.py
[2023-03-28T00:12:59.924+0200] {processor.py:743} INFO - Processing file /home/humbulani/miniconda3/envs/apache-airflow/lib/python3.8/site-packages/airflow/example_dags/example_params_ui_tutorial.py for tasks to queue
[2023-03-28T00:12:59.925+0200] {logging_mixin.py:137} INFO - [2023-03-28T00:12:59.924+0200] {dagbag.py:532} INFO - Filling up the DagBag from /home/humbulani/miniconda3/envs/apache-airflow/lib/python3.8/site-packages/airflow/example_dags/example_params_ui_tutorial.py
[2023-03-28T00:12:59.971+0200] {processor.py:753} INFO - DAG(s) dict_keys(['example_params_ui_tutorial']) retrieved from /home/humbulani/miniconda3/envs/apache-airflow/lib/python3.8/site-packages/airflow/example_dags/example_params_ui_tutorial.py
[2023-03-28T00:13:00.025+0200] {logging_mixin.py:137} INFO - [2023-03-28T00:13:00.024+0200] {dag.py:2693} INFO - Sync 1 DAGs
[2023-03-28T00:13:00.041+0200] {logging_mixin.py:137} INFO - [2023-03-28T00:13:00.041+0200] {dag.py:3440} INFO - Setting next_dagrun for example_params_ui_tutorial to None, run_after=None
[2023-03-28T00:13:00.122+0200] {processor.py:175} INFO - Processing /home/humbulani/miniconda3/envs/apache-airflow/lib/python3.8/site-packages/airflow/example_dags/example_params_ui_tutorial.py took 0.213 seconds
[2023-03-28T00:13:43.784+0200] {processor.py:153} INFO - Started process (PID=23248) to work on /home/humbulani/miniconda3/envs/apache-airflow/lib/python3.8/site-packages/airflow/example_dags/example_params_ui_tutorial.py
[2023-03-28T00:13:43.785+0200] {processor.py:743} INFO - Processing file /home/humbulani/miniconda3/envs/apache-airflow/lib/python3.8/site-packages/airflow/example_dags/example_params_ui_tutorial.py for tasks to queue
[2023-03-28T00:13:43.785+0200] {logging_mixin.py:137} INFO - [2023-03-28T00:13:43.785+0200] {dagbag.py:532} INFO - Filling up the DagBag from /home/humbulani/miniconda3/envs/apache-airflow/lib/python3.8/site-packages/airflow/example_dags/example_params_ui_tutorial.py
[2023-03-28T00:13:43.833+0200] {processor.py:753} INFO - DAG(s) dict_keys(['example_params_ui_tutorial']) retrieved from /home/humbulani/miniconda3/envs/apache-airflow/lib/python3.8/site-packages/airflow/example_dags/example_params_ui_tutorial.py
[2023-03-28T00:13:43.885+0200] {logging_mixin.py:137} INFO - [2023-03-28T00:13:43.885+0200] {dag.py:2693} INFO - Sync 1 DAGs
[2023-03-28T00:13:43.902+0200] {logging_mixin.py:137} INFO - [2023-03-28T00:13:43.902+0200] {dag.py:3440} INFO - Setting next_dagrun for example_params_ui_tutorial to None, run_after=None
[2023-03-28T00:13:44.135+0200] {processor.py:175} INFO - Processing /home/humbulani/miniconda3/envs/apache-airflow/lib/python3.8/site-packages/airflow/example_dags/example_params_ui_tutorial.py took 0.353 seconds
[2023-03-28T00:14:27.178+0200] {processor.py:153} INFO - Started process (PID=23291) to work on /home/humbulani/miniconda3/envs/apache-airflow/lib/python3.8/site-packages/airflow/example_dags/example_params_ui_tutorial.py
[2023-03-28T00:14:27.186+0200] {processor.py:743} INFO - Processing file /home/humbulani/miniconda3/envs/apache-airflow/lib/python3.8/site-packages/airflow/example_dags/example_params_ui_tutorial.py for tasks to queue
[2023-03-28T00:14:27.186+0200] {logging_mixin.py:137} INFO - [2023-03-28T00:14:27.186+0200] {dagbag.py:532} INFO - Filling up the DagBag from /home/humbulani/miniconda3/envs/apache-airflow/lib/python3.8/site-packages/airflow/example_dags/example_params_ui_tutorial.py
[2023-03-28T00:14:27.238+0200] {processor.py:753} INFO - DAG(s) dict_keys(['example_params_ui_tutorial']) retrieved from /home/humbulani/miniconda3/envs/apache-airflow/lib/python3.8/site-packages/airflow/example_dags/example_params_ui_tutorial.py
[2023-03-28T00:14:27.290+0200] {logging_mixin.py:137} INFO - [2023-03-28T00:14:27.290+0200] {dag.py:2693} INFO - Sync 1 DAGs
[2023-03-28T00:14:27.307+0200] {logging_mixin.py:137} INFO - [2023-03-28T00:14:27.307+0200] {dag.py:3440} INFO - Setting next_dagrun for example_params_ui_tutorial to None, run_after=None
[2023-03-28T00:14:27.386+0200] {processor.py:175} INFO - Processing /home/humbulani/miniconda3/envs/apache-airflow/lib/python3.8/site-packages/airflow/example_dags/example_params_ui_tutorial.py took 0.212 seconds
[2023-03-28T00:15:03.835+0200] {processor.py:153} INFO - Started process (PID=23328) to work on /home/humbulani/miniconda3/envs/apache-airflow/lib/python3.8/site-packages/airflow/example_dags/example_params_ui_tutorial.py
[2023-03-28T00:15:03.850+0200] {processor.py:743} INFO - Processing file /home/humbulani/miniconda3/envs/apache-airflow/lib/python3.8/site-packages/airflow/example_dags/example_params_ui_tutorial.py for tasks to queue
[2023-03-28T00:15:03.851+0200] {logging_mixin.py:137} INFO - [2023-03-28T00:15:03.851+0200] {dagbag.py:532} INFO - Filling up the DagBag from /home/humbulani/miniconda3/envs/apache-airflow/lib/python3.8/site-packages/airflow/example_dags/example_params_ui_tutorial.py
[2023-03-28T00:15:03.899+0200] {processor.py:753} INFO - DAG(s) dict_keys(['example_params_ui_tutorial']) retrieved from /home/humbulani/miniconda3/envs/apache-airflow/lib/python3.8/site-packages/airflow/example_dags/example_params_ui_tutorial.py
[2023-03-28T00:15:03.950+0200] {logging_mixin.py:137} INFO - [2023-03-28T00:15:03.950+0200] {dag.py:2693} INFO - Sync 1 DAGs
[2023-03-28T00:15:03.967+0200] {logging_mixin.py:137} INFO - [2023-03-28T00:15:03.967+0200] {dag.py:3440} INFO - Setting next_dagrun for example_params_ui_tutorial to None, run_after=None
[2023-03-28T00:15:04.044+0200] {processor.py:175} INFO - Processing /home/humbulani/miniconda3/envs/apache-airflow/lib/python3.8/site-packages/airflow/example_dags/example_params_ui_tutorial.py took 0.212 seconds
[2023-03-28T00:15:49.415+0200] {processor.py:153} INFO - Started process (PID=23400) to work on /home/humbulani/miniconda3/envs/apache-airflow/lib/python3.8/site-packages/airflow/example_dags/example_params_ui_tutorial.py
[2023-03-28T00:15:49.429+0200] {processor.py:743} INFO - Processing file /home/humbulani/miniconda3/envs/apache-airflow/lib/python3.8/site-packages/airflow/example_dags/example_params_ui_tutorial.py for tasks to queue
[2023-03-28T00:15:49.430+0200] {logging_mixin.py:137} INFO - [2023-03-28T00:15:49.429+0200] {dagbag.py:532} INFO - Filling up the DagBag from /home/humbulani/miniconda3/envs/apache-airflow/lib/python3.8/site-packages/airflow/example_dags/example_params_ui_tutorial.py
[2023-03-28T00:15:49.481+0200] {processor.py:753} INFO - DAG(s) dict_keys(['example_params_ui_tutorial']) retrieved from /home/humbulani/miniconda3/envs/apache-airflow/lib/python3.8/site-packages/airflow/example_dags/example_params_ui_tutorial.py
[2023-03-28T00:15:49.537+0200] {logging_mixin.py:137} INFO - [2023-03-28T00:15:49.536+0200] {dag.py:2693} INFO - Sync 1 DAGs
[2023-03-28T00:15:49.554+0200] {logging_mixin.py:137} INFO - [2023-03-28T00:15:49.553+0200] {dag.py:3440} INFO - Setting next_dagrun for example_params_ui_tutorial to None, run_after=None
[2023-03-28T00:15:49.634+0200] {processor.py:175} INFO - Processing /home/humbulani/miniconda3/envs/apache-airflow/lib/python3.8/site-packages/airflow/example_dags/example_params_ui_tutorial.py took 0.221 seconds
[2023-03-28T00:16:38.883+0200] {processor.py:153} INFO - Started process (PID=23474) to work on /home/humbulani/miniconda3/envs/apache-airflow/lib/python3.8/site-packages/airflow/example_dags/example_params_ui_tutorial.py
[2023-03-28T00:16:38.895+0200] {processor.py:743} INFO - Processing file /home/humbulani/miniconda3/envs/apache-airflow/lib/python3.8/site-packages/airflow/example_dags/example_params_ui_tutorial.py for tasks to queue
[2023-03-28T00:16:38.895+0200] {logging_mixin.py:137} INFO - [2023-03-28T00:16:38.895+0200] {dagbag.py:532} INFO - Filling up the DagBag from /home/humbulani/miniconda3/envs/apache-airflow/lib/python3.8/site-packages/airflow/example_dags/example_params_ui_tutorial.py
[2023-03-28T00:16:38.940+0200] {processor.py:753} INFO - DAG(s) dict_keys(['example_params_ui_tutorial']) retrieved from /home/humbulani/miniconda3/envs/apache-airflow/lib/python3.8/site-packages/airflow/example_dags/example_params_ui_tutorial.py
[2023-03-28T00:16:38.993+0200] {logging_mixin.py:137} INFO - [2023-03-28T00:16:38.993+0200] {dag.py:2693} INFO - Sync 1 DAGs
[2023-03-28T00:16:39.010+0200] {logging_mixin.py:137} INFO - [2023-03-28T00:16:39.009+0200] {dag.py:3440} INFO - Setting next_dagrun for example_params_ui_tutorial to None, run_after=None
[2023-03-28T00:16:39.085+0200] {processor.py:175} INFO - Processing /home/humbulani/miniconda3/envs/apache-airflow/lib/python3.8/site-packages/airflow/example_dags/example_params_ui_tutorial.py took 0.204 seconds
[2023-03-28T00:17:15.881+0200] {processor.py:153} INFO - Started process (PID=23584) to work on /home/humbulani/miniconda3/envs/apache-airflow/lib/python3.8/site-packages/airflow/example_dags/example_params_ui_tutorial.py
[2023-03-28T00:17:15.917+0200] {processor.py:743} INFO - Processing file /home/humbulani/miniconda3/envs/apache-airflow/lib/python3.8/site-packages/airflow/example_dags/example_params_ui_tutorial.py for tasks to queue
[2023-03-28T00:17:15.918+0200] {logging_mixin.py:137} INFO - [2023-03-28T00:17:15.918+0200] {dagbag.py:532} INFO - Filling up the DagBag from /home/humbulani/miniconda3/envs/apache-airflow/lib/python3.8/site-packages/airflow/example_dags/example_params_ui_tutorial.py
[2023-03-28T00:17:15.971+0200] {processor.py:753} INFO - DAG(s) dict_keys(['example_params_ui_tutorial']) retrieved from /home/humbulani/miniconda3/envs/apache-airflow/lib/python3.8/site-packages/airflow/example_dags/example_params_ui_tutorial.py
[2023-03-28T00:17:16.033+0200] {logging_mixin.py:137} INFO - [2023-03-28T00:17:16.033+0200] {dag.py:2693} INFO - Sync 1 DAGs
[2023-03-28T00:17:16.053+0200] {logging_mixin.py:137} INFO - [2023-03-28T00:17:16.053+0200] {dag.py:3440} INFO - Setting next_dagrun for example_params_ui_tutorial to None, run_after=None
[2023-03-28T00:17:16.123+0200] {processor.py:175} INFO - Processing /home/humbulani/miniconda3/envs/apache-airflow/lib/python3.8/site-packages/airflow/example_dags/example_params_ui_tutorial.py took 0.245 seconds
[2023-03-28T00:18:01.153+0200] {processor.py:153} INFO - Started process (PID=23629) to work on /home/humbulani/miniconda3/envs/apache-airflow/lib/python3.8/site-packages/airflow/example_dags/example_params_ui_tutorial.py
[2023-03-28T00:18:01.188+0200] {processor.py:743} INFO - Processing file /home/humbulani/miniconda3/envs/apache-airflow/lib/python3.8/site-packages/airflow/example_dags/example_params_ui_tutorial.py for tasks to queue
[2023-03-28T00:18:01.188+0200] {logging_mixin.py:137} INFO - [2023-03-28T00:18:01.188+0200] {dagbag.py:532} INFO - Filling up the DagBag from /home/humbulani/miniconda3/envs/apache-airflow/lib/python3.8/site-packages/airflow/example_dags/example_params_ui_tutorial.py
[2023-03-28T00:18:01.236+0200] {processor.py:753} INFO - DAG(s) dict_keys(['example_params_ui_tutorial']) retrieved from /home/humbulani/miniconda3/envs/apache-airflow/lib/python3.8/site-packages/airflow/example_dags/example_params_ui_tutorial.py
[2023-03-28T00:18:01.290+0200] {logging_mixin.py:137} INFO - [2023-03-28T00:18:01.290+0200] {dag.py:2693} INFO - Sync 1 DAGs
[2023-03-28T00:18:01.309+0200] {logging_mixin.py:137} INFO - [2023-03-28T00:18:01.309+0200] {dag.py:3440} INFO - Setting next_dagrun for example_params_ui_tutorial to None, run_after=None
[2023-03-28T00:18:01.397+0200] {processor.py:175} INFO - Processing /home/humbulani/miniconda3/envs/apache-airflow/lib/python3.8/site-packages/airflow/example_dags/example_params_ui_tutorial.py took 0.247 seconds
[2023-03-28T00:18:45.099+0200] {processor.py:153} INFO - Started process (PID=23671) to work on /home/humbulani/miniconda3/envs/apache-airflow/lib/python3.8/site-packages/airflow/example_dags/example_params_ui_tutorial.py
[2023-03-28T00:18:45.110+0200] {processor.py:743} INFO - Processing file /home/humbulani/miniconda3/envs/apache-airflow/lib/python3.8/site-packages/airflow/example_dags/example_params_ui_tutorial.py for tasks to queue
[2023-03-28T00:18:45.111+0200] {logging_mixin.py:137} INFO - [2023-03-28T00:18:45.111+0200] {dagbag.py:532} INFO - Filling up the DagBag from /home/humbulani/miniconda3/envs/apache-airflow/lib/python3.8/site-packages/airflow/example_dags/example_params_ui_tutorial.py
[2023-03-28T00:18:45.163+0200] {processor.py:753} INFO - DAG(s) dict_keys(['example_params_ui_tutorial']) retrieved from /home/humbulani/miniconda3/envs/apache-airflow/lib/python3.8/site-packages/airflow/example_dags/example_params_ui_tutorial.py
[2023-03-28T00:18:45.214+0200] {logging_mixin.py:137} INFO - [2023-03-28T00:18:45.213+0200] {dag.py:2693} INFO - Sync 1 DAGs
[2023-03-28T00:18:45.232+0200] {logging_mixin.py:137} INFO - [2023-03-28T00:18:45.232+0200] {dag.py:3440} INFO - Setting next_dagrun for example_params_ui_tutorial to None, run_after=None
[2023-03-28T00:18:45.309+0200] {processor.py:175} INFO - Processing /home/humbulani/miniconda3/envs/apache-airflow/lib/python3.8/site-packages/airflow/example_dags/example_params_ui_tutorial.py took 0.214 seconds
[2023-03-28T00:19:31.308+0200] {processor.py:153} INFO - Started process (PID=23715) to work on /home/humbulani/miniconda3/envs/apache-airflow/lib/python3.8/site-packages/airflow/example_dags/example_params_ui_tutorial.py
[2023-03-28T00:19:31.325+0200] {processor.py:743} INFO - Processing file /home/humbulani/miniconda3/envs/apache-airflow/lib/python3.8/site-packages/airflow/example_dags/example_params_ui_tutorial.py for tasks to queue
[2023-03-28T00:19:31.326+0200] {logging_mixin.py:137} INFO - [2023-03-28T00:19:31.325+0200] {dagbag.py:532} INFO - Filling up the DagBag from /home/humbulani/miniconda3/envs/apache-airflow/lib/python3.8/site-packages/airflow/example_dags/example_params_ui_tutorial.py
[2023-03-28T00:19:31.378+0200] {processor.py:753} INFO - DAG(s) dict_keys(['example_params_ui_tutorial']) retrieved from /home/humbulani/miniconda3/envs/apache-airflow/lib/python3.8/site-packages/airflow/example_dags/example_params_ui_tutorial.py
[2023-03-28T00:19:31.439+0200] {logging_mixin.py:137} INFO - [2023-03-28T00:19:31.438+0200] {dag.py:2693} INFO - Sync 1 DAGs
[2023-03-28T00:19:31.459+0200] {logging_mixin.py:137} INFO - [2023-03-28T00:19:31.459+0200] {dag.py:3440} INFO - Setting next_dagrun for example_params_ui_tutorial to None, run_after=None
[2023-03-28T00:19:31.541+0200] {processor.py:175} INFO - Processing /home/humbulani/miniconda3/envs/apache-airflow/lib/python3.8/site-packages/airflow/example_dags/example_params_ui_tutorial.py took 0.234 seconds
[2023-03-28T00:20:22.794+0200] {processor.py:153} INFO - Started process (PID=23768) to work on /home/humbulani/miniconda3/envs/apache-airflow/lib/python3.8/site-packages/airflow/example_dags/example_params_ui_tutorial.py
[2023-03-28T00:20:22.801+0200] {processor.py:743} INFO - Processing file /home/humbulani/miniconda3/envs/apache-airflow/lib/python3.8/site-packages/airflow/example_dags/example_params_ui_tutorial.py for tasks to queue
[2023-03-28T00:20:22.802+0200] {logging_mixin.py:137} INFO - [2023-03-28T00:20:22.801+0200] {dagbag.py:532} INFO - Filling up the DagBag from /home/humbulani/miniconda3/envs/apache-airflow/lib/python3.8/site-packages/airflow/example_dags/example_params_ui_tutorial.py
[2023-03-28T00:20:22.847+0200] {processor.py:753} INFO - DAG(s) dict_keys(['example_params_ui_tutorial']) retrieved from /home/humbulani/miniconda3/envs/apache-airflow/lib/python3.8/site-packages/airflow/example_dags/example_params_ui_tutorial.py
[2023-03-28T00:20:22.900+0200] {logging_mixin.py:137} INFO - [2023-03-28T00:20:22.900+0200] {dag.py:2693} INFO - Sync 1 DAGs
[2023-03-28T00:20:22.917+0200] {logging_mixin.py:137} INFO - [2023-03-28T00:20:22.917+0200] {dag.py:3440} INFO - Setting next_dagrun for example_params_ui_tutorial to None, run_after=None
[2023-03-28T00:20:22.989+0200] {processor.py:175} INFO - Processing /home/humbulani/miniconda3/envs/apache-airflow/lib/python3.8/site-packages/airflow/example_dags/example_params_ui_tutorial.py took 0.197 seconds
[2023-03-28T00:21:03.285+0200] {processor.py:153} INFO - Started process (PID=23804) to work on /home/humbulani/miniconda3/envs/apache-airflow/lib/python3.8/site-packages/airflow/example_dags/example_params_ui_tutorial.py
[2023-03-28T00:21:03.314+0200] {processor.py:743} INFO - Processing file /home/humbulani/miniconda3/envs/apache-airflow/lib/python3.8/site-packages/airflow/example_dags/example_params_ui_tutorial.py for tasks to queue
[2023-03-28T00:21:03.315+0200] {logging_mixin.py:137} INFO - [2023-03-28T00:21:03.315+0200] {dagbag.py:532} INFO - Filling up the DagBag from /home/humbulani/miniconda3/envs/apache-airflow/lib/python3.8/site-packages/airflow/example_dags/example_params_ui_tutorial.py
[2023-03-28T00:21:03.362+0200] {processor.py:753} INFO - DAG(s) dict_keys(['example_params_ui_tutorial']) retrieved from /home/humbulani/miniconda3/envs/apache-airflow/lib/python3.8/site-packages/airflow/example_dags/example_params_ui_tutorial.py
[2023-03-28T00:21:05.179+0200] {logging_mixin.py:137} INFO - [2023-03-28T00:21:05.179+0200] {dag.py:2693} INFO - Sync 1 DAGs
[2023-03-28T00:21:05.200+0200] {logging_mixin.py:137} INFO - [2023-03-28T00:21:05.200+0200] {dag.py:3440} INFO - Setting next_dagrun for example_params_ui_tutorial to None, run_after=None
[2023-03-28T00:21:05.287+0200] {processor.py:175} INFO - Processing /home/humbulani/miniconda3/envs/apache-airflow/lib/python3.8/site-packages/airflow/example_dags/example_params_ui_tutorial.py took 2.005 seconds
[2023-03-28T00:21:45.963+0200] {processor.py:153} INFO - Started process (PID=23855) to work on /home/humbulani/miniconda3/envs/apache-airflow/lib/python3.8/site-packages/airflow/example_dags/example_params_ui_tutorial.py
[2023-03-28T00:21:45.964+0200] {processor.py:743} INFO - Processing file /home/humbulani/miniconda3/envs/apache-airflow/lib/python3.8/site-packages/airflow/example_dags/example_params_ui_tutorial.py for tasks to queue
[2023-03-28T00:21:45.965+0200] {logging_mixin.py:137} INFO - [2023-03-28T00:21:45.965+0200] {dagbag.py:532} INFO - Filling up the DagBag from /home/humbulani/miniconda3/envs/apache-airflow/lib/python3.8/site-packages/airflow/example_dags/example_params_ui_tutorial.py
[2023-03-28T00:21:46.015+0200] {processor.py:753} INFO - DAG(s) dict_keys(['example_params_ui_tutorial']) retrieved from /home/humbulani/miniconda3/envs/apache-airflow/lib/python3.8/site-packages/airflow/example_dags/example_params_ui_tutorial.py
[2023-03-28T00:21:46.071+0200] {logging_mixin.py:137} INFO - [2023-03-28T00:21:46.070+0200] {dag.py:2693} INFO - Sync 1 DAGs
[2023-03-28T00:21:46.088+0200] {logging_mixin.py:137} INFO - [2023-03-28T00:21:46.088+0200] {dag.py:3440} INFO - Setting next_dagrun for example_params_ui_tutorial to None, run_after=None
[2023-03-28T00:21:46.167+0200] {processor.py:175} INFO - Processing /home/humbulani/miniconda3/envs/apache-airflow/lib/python3.8/site-packages/airflow/example_dags/example_params_ui_tutorial.py took 0.206 seconds
