[2023-03-28T00:04:11.146+0200] {processor.py:153} INFO - Started process (PID=22514) to work on /home/humbulani/miniconda3/envs/apache-airflow/lib/python3.8/site-packages/airflow/example_dags/example_subdag_operator.py
[2023-03-28T00:04:11.147+0200] {processor.py:743} INFO - Processing file /home/humbulani/miniconda3/envs/apache-airflow/lib/python3.8/site-packages/airflow/example_dags/example_subdag_operator.py for tasks to queue
[2023-03-28T00:04:11.148+0200] {logging_mixin.py:137} INFO - [2023-03-28T00:04:11.148+0200] {dagbag.py:532} INFO - Filling up the DagBag from /home/humbulani/miniconda3/envs/apache-airflow/lib/python3.8/site-packages/airflow/example_dags/example_subdag_operator.py
[2023-03-28T00:04:11.172+0200] {processor.py:753} INFO - DAG(s) dict_keys(['example_subdag_operator.section-1', 'example_subdag_operator.section-2', 'example_subdag_operator']) retrieved from /home/humbulani/miniconda3/envs/apache-airflow/lib/python3.8/site-packages/airflow/example_dags/example_subdag_operator.py
[2023-03-28T00:04:11.189+0200] {logging_mixin.py:137} INFO - [2023-03-28T00:04:11.189+0200] {dag.py:2693} INFO - Sync 3 DAGs
[2023-03-28T00:04:11.207+0200] {logging_mixin.py:137} INFO - [2023-03-28T00:04:11.207+0200] {dag.py:3440} INFO - Setting next_dagrun for example_subdag_operator to 2022-01-01T00:00:00+00:00, run_after=2022-01-01T00:00:00+00:00
[2023-03-28T00:04:11.210+0200] {logging_mixin.py:137} INFO - [2023-03-28T00:04:11.210+0200] {dag.py:3440} INFO - Setting next_dagrun for example_subdag_operator.section-1 to None, run_after=None
[2023-03-28T00:04:11.211+0200] {logging_mixin.py:137} INFO - [2023-03-28T00:04:11.211+0200] {dag.py:3440} INFO - Setting next_dagrun for example_subdag_operator.section-2 to None, run_after=None
[2023-03-28T00:04:11.216+0200] {logging_mixin.py:137} INFO - [2023-03-28T00:04:11.216+0200] {dag.py:2693} INFO - Sync 2 DAGs
[2023-03-28T00:04:11.222+0200] {logging_mixin.py:137} INFO - [2023-03-28T00:04:11.221+0200] {dag.py:3440} INFO - Setting next_dagrun for example_subdag_operator.section-1 to None, run_after=None
[2023-03-28T00:04:11.222+0200] {logging_mixin.py:137} INFO - [2023-03-28T00:04:11.222+0200] {dag.py:3440} INFO - Setting next_dagrun for example_subdag_operator.section-2 to None, run_after=None
[2023-03-28T00:04:11.306+0200] {processor.py:175} INFO - Processing /home/humbulani/miniconda3/envs/apache-airflow/lib/python3.8/site-packages/airflow/example_dags/example_subdag_operator.py took 0.162 seconds
[2023-03-28T00:05:01.419+0200] {processor.py:153} INFO - Started process (PID=22600) to work on /home/humbulani/miniconda3/envs/apache-airflow/lib/python3.8/site-packages/airflow/example_dags/example_subdag_operator.py
[2023-03-28T00:05:01.434+0200] {processor.py:743} INFO - Processing file /home/humbulani/miniconda3/envs/apache-airflow/lib/python3.8/site-packages/airflow/example_dags/example_subdag_operator.py for tasks to queue
[2023-03-28T00:05:01.434+0200] {logging_mixin.py:137} INFO - [2023-03-28T00:05:01.434+0200] {dagbag.py:532} INFO - Filling up the DagBag from /home/humbulani/miniconda3/envs/apache-airflow/lib/python3.8/site-packages/airflow/example_dags/example_subdag_operator.py
[2023-03-28T00:05:01.457+0200] {processor.py:753} INFO - DAG(s) dict_keys(['example_subdag_operator.section-1', 'example_subdag_operator.section-2', 'example_subdag_operator']) retrieved from /home/humbulani/miniconda3/envs/apache-airflow/lib/python3.8/site-packages/airflow/example_dags/example_subdag_operator.py
[2023-03-28T00:05:01.474+0200] {logging_mixin.py:137} INFO - [2023-03-28T00:05:01.474+0200] {dag.py:2693} INFO - Sync 3 DAGs
[2023-03-28T00:05:01.492+0200] {logging_mixin.py:137} INFO - [2023-03-28T00:05:01.492+0200] {dag.py:3440} INFO - Setting next_dagrun for example_subdag_operator to 2022-01-01T00:00:00+00:00, run_after=2022-01-01T00:00:00+00:00
[2023-03-28T00:05:01.497+0200] {logging_mixin.py:137} INFO - [2023-03-28T00:05:01.497+0200] {dag.py:3440} INFO - Setting next_dagrun for example_subdag_operator.section-1 to None, run_after=None
[2023-03-28T00:05:01.498+0200] {logging_mixin.py:137} INFO - [2023-03-28T00:05:01.498+0200] {dag.py:3440} INFO - Setting next_dagrun for example_subdag_operator.section-2 to None, run_after=None
[2023-03-28T00:05:01.506+0200] {logging_mixin.py:137} INFO - [2023-03-28T00:05:01.505+0200] {dag.py:2693} INFO - Sync 2 DAGs
[2023-03-28T00:05:01.509+0200] {logging_mixin.py:137} INFO - [2023-03-28T00:05:01.509+0200] {dag.py:3440} INFO - Setting next_dagrun for example_subdag_operator.section-1 to None, run_after=None
[2023-03-28T00:05:01.510+0200] {logging_mixin.py:137} INFO - [2023-03-28T00:05:01.510+0200] {dag.py:3440} INFO - Setting next_dagrun for example_subdag_operator.section-2 to None, run_after=None
[2023-03-28T00:05:01.576+0200] {processor.py:175} INFO - Processing /home/humbulani/miniconda3/envs/apache-airflow/lib/python3.8/site-packages/airflow/example_dags/example_subdag_operator.py took 0.159 seconds
[2023-03-28T00:05:46.683+0200] {processor.py:153} INFO - Started process (PID=22679) to work on /home/humbulani/miniconda3/envs/apache-airflow/lib/python3.8/site-packages/airflow/example_dags/example_subdag_operator.py
[2023-03-28T00:05:46.689+0200] {processor.py:743} INFO - Processing file /home/humbulani/miniconda3/envs/apache-airflow/lib/python3.8/site-packages/airflow/example_dags/example_subdag_operator.py for tasks to queue
[2023-03-28T00:05:46.690+0200] {logging_mixin.py:137} INFO - [2023-03-28T00:05:46.690+0200] {dagbag.py:532} INFO - Filling up the DagBag from /home/humbulani/miniconda3/envs/apache-airflow/lib/python3.8/site-packages/airflow/example_dags/example_subdag_operator.py
[2023-03-28T00:05:46.726+0200] {processor.py:753} INFO - DAG(s) dict_keys(['example_subdag_operator.section-1', 'example_subdag_operator.section-2', 'example_subdag_operator']) retrieved from /home/humbulani/miniconda3/envs/apache-airflow/lib/python3.8/site-packages/airflow/example_dags/example_subdag_operator.py
[2023-03-28T00:05:46.759+0200] {logging_mixin.py:137} INFO - [2023-03-28T00:05:46.759+0200] {dag.py:2693} INFO - Sync 3 DAGs
[2023-03-28T00:05:46.782+0200] {logging_mixin.py:137} INFO - [2023-03-28T00:05:46.782+0200] {dag.py:3440} INFO - Setting next_dagrun for example_subdag_operator to 2022-01-01T00:00:00+00:00, run_after=2022-01-01T00:00:00+00:00
[2023-03-28T00:05:46.786+0200] {logging_mixin.py:137} INFO - [2023-03-28T00:05:46.786+0200] {dag.py:3440} INFO - Setting next_dagrun for example_subdag_operator.section-1 to None, run_after=None
[2023-03-28T00:05:46.787+0200] {logging_mixin.py:137} INFO - [2023-03-28T00:05:46.787+0200] {dag.py:3440} INFO - Setting next_dagrun for example_subdag_operator.section-2 to None, run_after=None
[2023-03-28T00:05:46.793+0200] {logging_mixin.py:137} INFO - [2023-03-28T00:05:46.793+0200] {dag.py:2693} INFO - Sync 2 DAGs
[2023-03-28T00:05:46.797+0200] {logging_mixin.py:137} INFO - [2023-03-28T00:05:46.797+0200] {dag.py:3440} INFO - Setting next_dagrun for example_subdag_operator.section-1 to None, run_after=None
[2023-03-28T00:05:46.797+0200] {logging_mixin.py:137} INFO - [2023-03-28T00:05:46.797+0200] {dag.py:3440} INFO - Setting next_dagrun for example_subdag_operator.section-2 to None, run_after=None
[2023-03-28T00:05:46.862+0200] {processor.py:175} INFO - Processing /home/humbulani/miniconda3/envs/apache-airflow/lib/python3.8/site-packages/airflow/example_dags/example_subdag_operator.py took 0.182 seconds
[2023-03-28T00:06:32.404+0200] {processor.py:153} INFO - Started process (PID=22763) to work on /home/humbulani/miniconda3/envs/apache-airflow/lib/python3.8/site-packages/airflow/example_dags/example_subdag_operator.py
[2023-03-28T00:06:32.417+0200] {processor.py:743} INFO - Processing file /home/humbulani/miniconda3/envs/apache-airflow/lib/python3.8/site-packages/airflow/example_dags/example_subdag_operator.py for tasks to queue
[2023-03-28T00:06:32.418+0200] {logging_mixin.py:137} INFO - [2023-03-28T00:06:32.418+0200] {dagbag.py:532} INFO - Filling up the DagBag from /home/humbulani/miniconda3/envs/apache-airflow/lib/python3.8/site-packages/airflow/example_dags/example_subdag_operator.py
[2023-03-28T00:06:32.446+0200] {processor.py:753} INFO - DAG(s) dict_keys(['example_subdag_operator.section-1', 'example_subdag_operator.section-2', 'example_subdag_operator']) retrieved from /home/humbulani/miniconda3/envs/apache-airflow/lib/python3.8/site-packages/airflow/example_dags/example_subdag_operator.py
[2023-03-28T00:06:32.463+0200] {logging_mixin.py:137} INFO - [2023-03-28T00:06:32.463+0200] {dag.py:2693} INFO - Sync 3 DAGs
[2023-03-28T00:06:32.480+0200] {logging_mixin.py:137} INFO - [2023-03-28T00:06:32.480+0200] {dag.py:3440} INFO - Setting next_dagrun for example_subdag_operator to 2022-01-01T00:00:00+00:00, run_after=2022-01-01T00:00:00+00:00
[2023-03-28T00:06:32.483+0200] {logging_mixin.py:137} INFO - [2023-03-28T00:06:32.483+0200] {dag.py:3440} INFO - Setting next_dagrun for example_subdag_operator.section-1 to None, run_after=None
[2023-03-28T00:06:32.484+0200] {logging_mixin.py:137} INFO - [2023-03-28T00:06:32.483+0200] {dag.py:3440} INFO - Setting next_dagrun for example_subdag_operator.section-2 to None, run_after=None
[2023-03-28T00:06:32.489+0200] {logging_mixin.py:137} INFO - [2023-03-28T00:06:32.489+0200] {dag.py:2693} INFO - Sync 2 DAGs
[2023-03-28T00:06:32.493+0200] {logging_mixin.py:137} INFO - [2023-03-28T00:06:32.492+0200] {dag.py:3440} INFO - Setting next_dagrun for example_subdag_operator.section-1 to None, run_after=None
[2023-03-28T00:06:32.493+0200] {logging_mixin.py:137} INFO - [2023-03-28T00:06:32.493+0200] {dag.py:3440} INFO - Setting next_dagrun for example_subdag_operator.section-2 to None, run_after=None
[2023-03-28T00:06:32.573+0200] {processor.py:175} INFO - Processing /home/humbulani/miniconda3/envs/apache-airflow/lib/python3.8/site-packages/airflow/example_dags/example_subdag_operator.py took 0.172 seconds
[2023-03-28T00:07:18.572+0200] {processor.py:153} INFO - Started process (PID=22808) to work on /home/humbulani/miniconda3/envs/apache-airflow/lib/python3.8/site-packages/airflow/example_dags/example_subdag_operator.py
[2023-03-28T00:07:18.587+0200] {processor.py:743} INFO - Processing file /home/humbulani/miniconda3/envs/apache-airflow/lib/python3.8/site-packages/airflow/example_dags/example_subdag_operator.py for tasks to queue
[2023-03-28T00:07:18.588+0200] {logging_mixin.py:137} INFO - [2023-03-28T00:07:18.588+0200] {dagbag.py:532} INFO - Filling up the DagBag from /home/humbulani/miniconda3/envs/apache-airflow/lib/python3.8/site-packages/airflow/example_dags/example_subdag_operator.py
[2023-03-28T00:07:18.611+0200] {processor.py:753} INFO - DAG(s) dict_keys(['example_subdag_operator.section-1', 'example_subdag_operator.section-2', 'example_subdag_operator']) retrieved from /home/humbulani/miniconda3/envs/apache-airflow/lib/python3.8/site-packages/airflow/example_dags/example_subdag_operator.py
[2023-03-28T00:07:18.628+0200] {logging_mixin.py:137} INFO - [2023-03-28T00:07:18.628+0200] {dag.py:2693} INFO - Sync 3 DAGs
[2023-03-28T00:07:18.646+0200] {logging_mixin.py:137} INFO - [2023-03-28T00:07:18.646+0200] {dag.py:3440} INFO - Setting next_dagrun for example_subdag_operator to 2022-01-01T00:00:00+00:00, run_after=2022-01-01T00:00:00+00:00
[2023-03-28T00:07:18.649+0200] {logging_mixin.py:137} INFO - [2023-03-28T00:07:18.648+0200] {dag.py:3440} INFO - Setting next_dagrun for example_subdag_operator.section-1 to None, run_after=None
[2023-03-28T00:07:18.649+0200] {logging_mixin.py:137} INFO - [2023-03-28T00:07:18.649+0200] {dag.py:3440} INFO - Setting next_dagrun for example_subdag_operator.section-2 to None, run_after=None
[2023-03-28T00:07:18.655+0200] {logging_mixin.py:137} INFO - [2023-03-28T00:07:18.655+0200] {dag.py:2693} INFO - Sync 2 DAGs
[2023-03-28T00:07:18.659+0200] {logging_mixin.py:137} INFO - [2023-03-28T00:07:18.658+0200] {dag.py:3440} INFO - Setting next_dagrun for example_subdag_operator.section-1 to None, run_after=None
[2023-03-28T00:07:18.659+0200] {logging_mixin.py:137} INFO - [2023-03-28T00:07:18.659+0200] {dag.py:3440} INFO - Setting next_dagrun for example_subdag_operator.section-2 to None, run_after=None
[2023-03-28T00:07:18.735+0200] {processor.py:175} INFO - Processing /home/humbulani/miniconda3/envs/apache-airflow/lib/python3.8/site-packages/airflow/example_dags/example_subdag_operator.py took 0.165 seconds
[2023-03-28T00:08:12.513+0200] {processor.py:153} INFO - Started process (PID=22908) to work on /home/humbulani/miniconda3/envs/apache-airflow/lib/python3.8/site-packages/airflow/example_dags/example_subdag_operator.py
[2023-03-28T00:08:12.514+0200] {processor.py:743} INFO - Processing file /home/humbulani/miniconda3/envs/apache-airflow/lib/python3.8/site-packages/airflow/example_dags/example_subdag_operator.py for tasks to queue
[2023-03-28T00:08:12.515+0200] {logging_mixin.py:137} INFO - [2023-03-28T00:08:12.515+0200] {dagbag.py:532} INFO - Filling up the DagBag from /home/humbulani/miniconda3/envs/apache-airflow/lib/python3.8/site-packages/airflow/example_dags/example_subdag_operator.py
[2023-03-28T00:08:12.537+0200] {processor.py:753} INFO - DAG(s) dict_keys(['example_subdag_operator.section-1', 'example_subdag_operator.section-2', 'example_subdag_operator']) retrieved from /home/humbulani/miniconda3/envs/apache-airflow/lib/python3.8/site-packages/airflow/example_dags/example_subdag_operator.py
[2023-03-28T00:08:12.553+0200] {logging_mixin.py:137} INFO - [2023-03-28T00:08:12.553+0200] {dag.py:2693} INFO - Sync 3 DAGs
[2023-03-28T00:08:12.570+0200] {logging_mixin.py:137} INFO - [2023-03-28T00:08:12.570+0200] {dag.py:3440} INFO - Setting next_dagrun for example_subdag_operator to 2022-01-01T00:00:00+00:00, run_after=2022-01-01T00:00:00+00:00
[2023-03-28T00:08:12.573+0200] {logging_mixin.py:137} INFO - [2023-03-28T00:08:12.573+0200] {dag.py:3440} INFO - Setting next_dagrun for example_subdag_operator.section-1 to None, run_after=None
[2023-03-28T00:08:12.573+0200] {logging_mixin.py:137} INFO - [2023-03-28T00:08:12.573+0200] {dag.py:3440} INFO - Setting next_dagrun for example_subdag_operator.section-2 to None, run_after=None
[2023-03-28T00:08:12.579+0200] {logging_mixin.py:137} INFO - [2023-03-28T00:08:12.578+0200] {dag.py:2693} INFO - Sync 2 DAGs
[2023-03-28T00:08:12.584+0200] {logging_mixin.py:137} INFO - [2023-03-28T00:08:12.583+0200] {dag.py:3440} INFO - Setting next_dagrun for example_subdag_operator.section-1 to None, run_after=None
[2023-03-28T00:08:12.584+0200] {logging_mixin.py:137} INFO - [2023-03-28T00:08:12.584+0200] {dag.py:3440} INFO - Setting next_dagrun for example_subdag_operator.section-2 to None, run_after=None
[2023-03-28T00:08:12.662+0200] {processor.py:175} INFO - Processing /home/humbulani/miniconda3/envs/apache-airflow/lib/python3.8/site-packages/airflow/example_dags/example_subdag_operator.py took 0.151 seconds
[2023-03-28T00:09:07.804+0200] {processor.py:153} INFO - Started process (PID=22966) to work on /home/humbulani/miniconda3/envs/apache-airflow/lib/python3.8/site-packages/airflow/example_dags/example_subdag_operator.py
[2023-03-28T00:09:07.818+0200] {processor.py:743} INFO - Processing file /home/humbulani/miniconda3/envs/apache-airflow/lib/python3.8/site-packages/airflow/example_dags/example_subdag_operator.py for tasks to queue
[2023-03-28T00:09:07.819+0200] {logging_mixin.py:137} INFO - [2023-03-28T00:09:07.819+0200] {dagbag.py:532} INFO - Filling up the DagBag from /home/humbulani/miniconda3/envs/apache-airflow/lib/python3.8/site-packages/airflow/example_dags/example_subdag_operator.py
[2023-03-28T00:09:07.842+0200] {processor.py:753} INFO - DAG(s) dict_keys(['example_subdag_operator.section-1', 'example_subdag_operator.section-2', 'example_subdag_operator']) retrieved from /home/humbulani/miniconda3/envs/apache-airflow/lib/python3.8/site-packages/airflow/example_dags/example_subdag_operator.py
[2023-03-28T00:09:07.860+0200] {logging_mixin.py:137} INFO - [2023-03-28T00:09:07.860+0200] {dag.py:2693} INFO - Sync 3 DAGs
[2023-03-28T00:09:07.964+0200] {logging_mixin.py:137} INFO - [2023-03-28T00:09:07.964+0200] {dag.py:3440} INFO - Setting next_dagrun for example_subdag_operator to 2022-01-01T00:00:00+00:00, run_after=2022-01-01T00:00:00+00:00
[2023-03-28T00:09:07.967+0200] {logging_mixin.py:137} INFO - [2023-03-28T00:09:07.967+0200] {dag.py:3440} INFO - Setting next_dagrun for example_subdag_operator.section-1 to None, run_after=None
[2023-03-28T00:09:07.968+0200] {logging_mixin.py:137} INFO - [2023-03-28T00:09:07.968+0200] {dag.py:3440} INFO - Setting next_dagrun for example_subdag_operator.section-2 to None, run_after=None
[2023-03-28T00:09:07.972+0200] {logging_mixin.py:137} INFO - [2023-03-28T00:09:07.972+0200] {dag.py:2693} INFO - Sync 2 DAGs
[2023-03-28T00:09:07.977+0200] {logging_mixin.py:137} INFO - [2023-03-28T00:09:07.977+0200] {dag.py:3440} INFO - Setting next_dagrun for example_subdag_operator.section-1 to None, run_after=None
[2023-03-28T00:09:07.977+0200] {logging_mixin.py:137} INFO - [2023-03-28T00:09:07.977+0200] {dag.py:3440} INFO - Setting next_dagrun for example_subdag_operator.section-2 to None, run_after=None
[2023-03-28T00:09:08.040+0200] {processor.py:175} INFO - Processing /home/humbulani/miniconda3/envs/apache-airflow/lib/python3.8/site-packages/airflow/example_dags/example_subdag_operator.py took 0.238 seconds
[2023-03-28T00:10:07.092+0200] {processor.py:153} INFO - Started process (PID=23021) to work on /home/humbulani/miniconda3/envs/apache-airflow/lib/python3.8/site-packages/airflow/example_dags/example_subdag_operator.py
[2023-03-28T00:10:07.093+0200] {processor.py:743} INFO - Processing file /home/humbulani/miniconda3/envs/apache-airflow/lib/python3.8/site-packages/airflow/example_dags/example_subdag_operator.py for tasks to queue
[2023-03-28T00:10:07.094+0200] {logging_mixin.py:137} INFO - [2023-03-28T00:10:07.094+0200] {dagbag.py:532} INFO - Filling up the DagBag from /home/humbulani/miniconda3/envs/apache-airflow/lib/python3.8/site-packages/airflow/example_dags/example_subdag_operator.py
[2023-03-28T00:10:07.119+0200] {processor.py:753} INFO - DAG(s) dict_keys(['example_subdag_operator.section-1', 'example_subdag_operator.section-2', 'example_subdag_operator']) retrieved from /home/humbulani/miniconda3/envs/apache-airflow/lib/python3.8/site-packages/airflow/example_dags/example_subdag_operator.py
[2023-03-28T00:10:07.217+0200] {logging_mixin.py:137} INFO - [2023-03-28T00:10:07.217+0200] {dag.py:2693} INFO - Sync 3 DAGs
[2023-03-28T00:10:07.235+0200] {logging_mixin.py:137} INFO - [2023-03-28T00:10:07.235+0200] {dag.py:3440} INFO - Setting next_dagrun for example_subdag_operator to 2022-01-01T00:00:00+00:00, run_after=2022-01-01T00:00:00+00:00
[2023-03-28T00:10:07.238+0200] {logging_mixin.py:137} INFO - [2023-03-28T00:10:07.238+0200] {dag.py:3440} INFO - Setting next_dagrun for example_subdag_operator.section-1 to None, run_after=None
[2023-03-28T00:10:07.239+0200] {logging_mixin.py:137} INFO - [2023-03-28T00:10:07.239+0200] {dag.py:3440} INFO - Setting next_dagrun for example_subdag_operator.section-2 to None, run_after=None
[2023-03-28T00:10:07.244+0200] {logging_mixin.py:137} INFO - [2023-03-28T00:10:07.244+0200] {dag.py:2693} INFO - Sync 2 DAGs
[2023-03-28T00:10:07.248+0200] {logging_mixin.py:137} INFO - [2023-03-28T00:10:07.248+0200] {dag.py:3440} INFO - Setting next_dagrun for example_subdag_operator.section-1 to None, run_after=None
[2023-03-28T00:10:07.248+0200] {logging_mixin.py:137} INFO - [2023-03-28T00:10:07.248+0200] {dag.py:3440} INFO - Setting next_dagrun for example_subdag_operator.section-2 to None, run_after=None
[2023-03-28T00:10:07.337+0200] {processor.py:175} INFO - Processing /home/humbulani/miniconda3/envs/apache-airflow/lib/python3.8/site-packages/airflow/example_dags/example_subdag_operator.py took 0.247 seconds
[2023-03-28T00:11:07.068+0200] {processor.py:153} INFO - Started process (PID=23075) to work on /home/humbulani/miniconda3/envs/apache-airflow/lib/python3.8/site-packages/airflow/example_dags/example_subdag_operator.py
[2023-03-28T00:11:07.079+0200] {processor.py:743} INFO - Processing file /home/humbulani/miniconda3/envs/apache-airflow/lib/python3.8/site-packages/airflow/example_dags/example_subdag_operator.py for tasks to queue
[2023-03-28T00:11:07.079+0200] {logging_mixin.py:137} INFO - [2023-03-28T00:11:07.079+0200] {dagbag.py:532} INFO - Filling up the DagBag from /home/humbulani/miniconda3/envs/apache-airflow/lib/python3.8/site-packages/airflow/example_dags/example_subdag_operator.py
[2023-03-28T00:11:07.107+0200] {processor.py:753} INFO - DAG(s) dict_keys(['example_subdag_operator.section-1', 'example_subdag_operator.section-2', 'example_subdag_operator']) retrieved from /home/humbulani/miniconda3/envs/apache-airflow/lib/python3.8/site-packages/airflow/example_dags/example_subdag_operator.py
[2023-03-28T00:11:07.204+0200] {logging_mixin.py:137} INFO - [2023-03-28T00:11:07.204+0200] {dag.py:2693} INFO - Sync 3 DAGs
[2023-03-28T00:11:07.220+0200] {logging_mixin.py:137} INFO - [2023-03-28T00:11:07.219+0200] {dag.py:3440} INFO - Setting next_dagrun for example_subdag_operator to 2022-01-01T00:00:00+00:00, run_after=2022-01-01T00:00:00+00:00
[2023-03-28T00:11:07.222+0200] {logging_mixin.py:137} INFO - [2023-03-28T00:11:07.222+0200] {dag.py:3440} INFO - Setting next_dagrun for example_subdag_operator.section-1 to None, run_after=None
[2023-03-28T00:11:07.223+0200] {logging_mixin.py:137} INFO - [2023-03-28T00:11:07.223+0200] {dag.py:3440} INFO - Setting next_dagrun for example_subdag_operator.section-2 to None, run_after=None
[2023-03-28T00:11:07.227+0200] {logging_mixin.py:137} INFO - [2023-03-28T00:11:07.227+0200] {dag.py:2693} INFO - Sync 2 DAGs
[2023-03-28T00:11:07.231+0200] {logging_mixin.py:137} INFO - [2023-03-28T00:11:07.231+0200] {dag.py:3440} INFO - Setting next_dagrun for example_subdag_operator.section-1 to None, run_after=None
[2023-03-28T00:11:07.231+0200] {logging_mixin.py:137} INFO - [2023-03-28T00:11:07.231+0200] {dag.py:3440} INFO - Setting next_dagrun for example_subdag_operator.section-2 to None, run_after=None
[2023-03-28T00:11:07.308+0200] {processor.py:175} INFO - Processing /home/humbulani/miniconda3/envs/apache-airflow/lib/python3.8/site-packages/airflow/example_dags/example_subdag_operator.py took 0.243 seconds
[2023-03-28T00:12:15.554+0200] {processor.py:153} INFO - Started process (PID=23128) to work on /home/humbulani/miniconda3/envs/apache-airflow/lib/python3.8/site-packages/airflow/example_dags/example_subdag_operator.py
[2023-03-28T00:12:15.555+0200] {processor.py:743} INFO - Processing file /home/humbulani/miniconda3/envs/apache-airflow/lib/python3.8/site-packages/airflow/example_dags/example_subdag_operator.py for tasks to queue
[2023-03-28T00:12:15.555+0200] {logging_mixin.py:137} INFO - [2023-03-28T00:12:15.555+0200] {dagbag.py:532} INFO - Filling up the DagBag from /home/humbulani/miniconda3/envs/apache-airflow/lib/python3.8/site-packages/airflow/example_dags/example_subdag_operator.py
[2023-03-28T00:12:15.656+0200] {processor.py:753} INFO - DAG(s) dict_keys(['example_subdag_operator.section-1', 'example_subdag_operator.section-2', 'example_subdag_operator']) retrieved from /home/humbulani/miniconda3/envs/apache-airflow/lib/python3.8/site-packages/airflow/example_dags/example_subdag_operator.py
[2023-03-28T00:12:15.671+0200] {logging_mixin.py:137} INFO - [2023-03-28T00:12:15.671+0200] {dag.py:2693} INFO - Sync 3 DAGs
[2023-03-28T00:12:15.687+0200] {logging_mixin.py:137} INFO - [2023-03-28T00:12:15.687+0200] {dag.py:3440} INFO - Setting next_dagrun for example_subdag_operator to 2022-01-01T00:00:00+00:00, run_after=2022-01-01T00:00:00+00:00
[2023-03-28T00:12:15.691+0200] {logging_mixin.py:137} INFO - [2023-03-28T00:12:15.691+0200] {dag.py:3440} INFO - Setting next_dagrun for example_subdag_operator.section-1 to None, run_after=None
[2023-03-28T00:12:15.692+0200] {logging_mixin.py:137} INFO - [2023-03-28T00:12:15.692+0200] {dag.py:3440} INFO - Setting next_dagrun for example_subdag_operator.section-2 to None, run_after=None
[2023-03-28T00:12:15.697+0200] {logging_mixin.py:137} INFO - [2023-03-28T00:12:15.697+0200] {dag.py:2693} INFO - Sync 2 DAGs
[2023-03-28T00:12:15.701+0200] {logging_mixin.py:137} INFO - [2023-03-28T00:12:15.700+0200] {dag.py:3440} INFO - Setting next_dagrun for example_subdag_operator.section-1 to None, run_after=None
[2023-03-28T00:12:15.701+0200] {logging_mixin.py:137} INFO - [2023-03-28T00:12:15.701+0200] {dag.py:3440} INFO - Setting next_dagrun for example_subdag_operator.section-2 to None, run_after=None
[2023-03-28T00:12:15.769+0200] {processor.py:175} INFO - Processing /home/humbulani/miniconda3/envs/apache-airflow/lib/python3.8/site-packages/airflow/example_dags/example_subdag_operator.py took 0.217 seconds
[2023-03-28T00:13:07.723+0200] {processor.py:153} INFO - Started process (PID=23204) to work on /home/humbulani/miniconda3/envs/apache-airflow/lib/python3.8/site-packages/airflow/example_dags/example_subdag_operator.py
[2023-03-28T00:13:07.724+0200] {processor.py:743} INFO - Processing file /home/humbulani/miniconda3/envs/apache-airflow/lib/python3.8/site-packages/airflow/example_dags/example_subdag_operator.py for tasks to queue
[2023-03-28T00:13:07.725+0200] {logging_mixin.py:137} INFO - [2023-03-28T00:13:07.725+0200] {dagbag.py:532} INFO - Filling up the DagBag from /home/humbulani/miniconda3/envs/apache-airflow/lib/python3.8/site-packages/airflow/example_dags/example_subdag_operator.py
[2023-03-28T00:13:07.748+0200] {processor.py:753} INFO - DAG(s) dict_keys(['example_subdag_operator.section-1', 'example_subdag_operator.section-2', 'example_subdag_operator']) retrieved from /home/humbulani/miniconda3/envs/apache-airflow/lib/python3.8/site-packages/airflow/example_dags/example_subdag_operator.py
[2023-03-28T00:13:07.765+0200] {logging_mixin.py:137} INFO - [2023-03-28T00:13:07.765+0200] {dag.py:2693} INFO - Sync 3 DAGs
[2023-03-28T00:13:07.784+0200] {logging_mixin.py:137} INFO - [2023-03-28T00:13:07.784+0200] {dag.py:3440} INFO - Setting next_dagrun for example_subdag_operator to 2022-01-01T00:00:00+00:00, run_after=2022-01-01T00:00:00+00:00
[2023-03-28T00:13:07.787+0200] {logging_mixin.py:137} INFO - [2023-03-28T00:13:07.787+0200] {dag.py:3440} INFO - Setting next_dagrun for example_subdag_operator.section-1 to None, run_after=None
[2023-03-28T00:13:07.788+0200] {logging_mixin.py:137} INFO - [2023-03-28T00:13:07.787+0200] {dag.py:3440} INFO - Setting next_dagrun for example_subdag_operator.section-2 to None, run_after=None
[2023-03-28T00:13:07.793+0200] {logging_mixin.py:137} INFO - [2023-03-28T00:13:07.793+0200] {dag.py:2693} INFO - Sync 2 DAGs
[2023-03-28T00:13:07.797+0200] {logging_mixin.py:137} INFO - [2023-03-28T00:13:07.797+0200] {dag.py:3440} INFO - Setting next_dagrun for example_subdag_operator.section-1 to None, run_after=None
[2023-03-28T00:13:07.797+0200] {logging_mixin.py:137} INFO - [2023-03-28T00:13:07.797+0200] {dag.py:3440} INFO - Setting next_dagrun for example_subdag_operator.section-2 to None, run_after=None
[2023-03-28T00:13:07.873+0200] {processor.py:175} INFO - Processing /home/humbulani/miniconda3/envs/apache-airflow/lib/python3.8/site-packages/airflow/example_dags/example_subdag_operator.py took 0.151 seconds
[2023-03-28T00:13:51.577+0200] {processor.py:153} INFO - Started process (PID=23255) to work on /home/humbulani/miniconda3/envs/apache-airflow/lib/python3.8/site-packages/airflow/example_dags/example_subdag_operator.py
[2023-03-28T00:13:51.595+0200] {processor.py:743} INFO - Processing file /home/humbulani/miniconda3/envs/apache-airflow/lib/python3.8/site-packages/airflow/example_dags/example_subdag_operator.py for tasks to queue
[2023-03-28T00:13:51.595+0200] {logging_mixin.py:137} INFO - [2023-03-28T00:13:51.595+0200] {dagbag.py:532} INFO - Filling up the DagBag from /home/humbulani/miniconda3/envs/apache-airflow/lib/python3.8/site-packages/airflow/example_dags/example_subdag_operator.py
[2023-03-28T00:13:51.617+0200] {processor.py:753} INFO - DAG(s) dict_keys(['example_subdag_operator.section-1', 'example_subdag_operator.section-2', 'example_subdag_operator']) retrieved from /home/humbulani/miniconda3/envs/apache-airflow/lib/python3.8/site-packages/airflow/example_dags/example_subdag_operator.py
[2023-03-28T00:13:51.634+0200] {logging_mixin.py:137} INFO - [2023-03-28T00:13:51.634+0200] {dag.py:2693} INFO - Sync 3 DAGs
[2023-03-28T00:13:51.651+0200] {logging_mixin.py:137} INFO - [2023-03-28T00:13:51.651+0200] {dag.py:3440} INFO - Setting next_dagrun for example_subdag_operator to 2022-01-01T00:00:00+00:00, run_after=2022-01-01T00:00:00+00:00
[2023-03-28T00:13:51.654+0200] {logging_mixin.py:137} INFO - [2023-03-28T00:13:51.653+0200] {dag.py:3440} INFO - Setting next_dagrun for example_subdag_operator.section-1 to None, run_after=None
[2023-03-28T00:13:51.654+0200] {logging_mixin.py:137} INFO - [2023-03-28T00:13:51.654+0200] {dag.py:3440} INFO - Setting next_dagrun for example_subdag_operator.section-2 to None, run_after=None
[2023-03-28T00:13:51.659+0200] {logging_mixin.py:137} INFO - [2023-03-28T00:13:51.659+0200] {dag.py:2693} INFO - Sync 2 DAGs
[2023-03-28T00:13:51.663+0200] {logging_mixin.py:137} INFO - [2023-03-28T00:13:51.663+0200] {dag.py:3440} INFO - Setting next_dagrun for example_subdag_operator.section-1 to None, run_after=None
[2023-03-28T00:13:51.663+0200] {logging_mixin.py:137} INFO - [2023-03-28T00:13:51.663+0200] {dag.py:3440} INFO - Setting next_dagrun for example_subdag_operator.section-2 to None, run_after=None
[2023-03-28T00:13:51.725+0200] {processor.py:175} INFO - Processing /home/humbulani/miniconda3/envs/apache-airflow/lib/python3.8/site-packages/airflow/example_dags/example_subdag_operator.py took 0.150 seconds
[2023-03-28T00:14:35.241+0200] {processor.py:153} INFO - Started process (PID=23299) to work on /home/humbulani/miniconda3/envs/apache-airflow/lib/python3.8/site-packages/airflow/example_dags/example_subdag_operator.py
[2023-03-28T00:14:35.242+0200] {processor.py:743} INFO - Processing file /home/humbulani/miniconda3/envs/apache-airflow/lib/python3.8/site-packages/airflow/example_dags/example_subdag_operator.py for tasks to queue
[2023-03-28T00:14:35.242+0200] {logging_mixin.py:137} INFO - [2023-03-28T00:14:35.242+0200] {dagbag.py:532} INFO - Filling up the DagBag from /home/humbulani/miniconda3/envs/apache-airflow/lib/python3.8/site-packages/airflow/example_dags/example_subdag_operator.py
[2023-03-28T00:14:35.268+0200] {processor.py:753} INFO - DAG(s) dict_keys(['example_subdag_operator.section-1', 'example_subdag_operator.section-2', 'example_subdag_operator']) retrieved from /home/humbulani/miniconda3/envs/apache-airflow/lib/python3.8/site-packages/airflow/example_dags/example_subdag_operator.py
[2023-03-28T00:14:35.285+0200] {logging_mixin.py:137} INFO - [2023-03-28T00:14:35.285+0200] {dag.py:2693} INFO - Sync 3 DAGs
[2023-03-28T00:14:35.302+0200] {logging_mixin.py:137} INFO - [2023-03-28T00:14:35.301+0200] {dag.py:3440} INFO - Setting next_dagrun for example_subdag_operator to 2022-01-01T00:00:00+00:00, run_after=2022-01-01T00:00:00+00:00
[2023-03-28T00:14:35.304+0200] {logging_mixin.py:137} INFO - [2023-03-28T00:14:35.304+0200] {dag.py:3440} INFO - Setting next_dagrun for example_subdag_operator.section-1 to None, run_after=None
[2023-03-28T00:14:35.305+0200] {logging_mixin.py:137} INFO - [2023-03-28T00:14:35.305+0200] {dag.py:3440} INFO - Setting next_dagrun for example_subdag_operator.section-2 to None, run_after=None
[2023-03-28T00:14:35.310+0200] {logging_mixin.py:137} INFO - [2023-03-28T00:14:35.310+0200] {dag.py:2693} INFO - Sync 2 DAGs
[2023-03-28T00:14:35.314+0200] {logging_mixin.py:137} INFO - [2023-03-28T00:14:35.313+0200] {dag.py:3440} INFO - Setting next_dagrun for example_subdag_operator.section-1 to None, run_after=None
[2023-03-28T00:14:35.314+0200] {logging_mixin.py:137} INFO - [2023-03-28T00:14:35.314+0200] {dag.py:3440} INFO - Setting next_dagrun for example_subdag_operator.section-2 to None, run_after=None
[2023-03-28T00:14:35.387+0200] {processor.py:175} INFO - Processing /home/humbulani/miniconda3/envs/apache-airflow/lib/python3.8/site-packages/airflow/example_dags/example_subdag_operator.py took 0.150 seconds
[2023-03-28T00:15:24.039+0200] {processor.py:153} INFO - Started process (PID=23374) to work on /home/humbulani/miniconda3/envs/apache-airflow/lib/python3.8/site-packages/airflow/example_dags/example_subdag_operator.py
[2023-03-28T00:15:24.055+0200] {processor.py:743} INFO - Processing file /home/humbulani/miniconda3/envs/apache-airflow/lib/python3.8/site-packages/airflow/example_dags/example_subdag_operator.py for tasks to queue
[2023-03-28T00:15:24.056+0200] {logging_mixin.py:137} INFO - [2023-03-28T00:15:24.056+0200] {dagbag.py:532} INFO - Filling up the DagBag from /home/humbulani/miniconda3/envs/apache-airflow/lib/python3.8/site-packages/airflow/example_dags/example_subdag_operator.py
[2023-03-28T00:15:24.078+0200] {processor.py:753} INFO - DAG(s) dict_keys(['example_subdag_operator.section-1', 'example_subdag_operator.section-2', 'example_subdag_operator']) retrieved from /home/humbulani/miniconda3/envs/apache-airflow/lib/python3.8/site-packages/airflow/example_dags/example_subdag_operator.py
[2023-03-28T00:15:24.095+0200] {logging_mixin.py:137} INFO - [2023-03-28T00:15:24.095+0200] {dag.py:2693} INFO - Sync 3 DAGs
[2023-03-28T00:15:24.112+0200] {logging_mixin.py:137} INFO - [2023-03-28T00:15:24.111+0200] {dag.py:3440} INFO - Setting next_dagrun for example_subdag_operator to 2022-01-01T00:00:00+00:00, run_after=2022-01-01T00:00:00+00:00
[2023-03-28T00:15:24.114+0200] {logging_mixin.py:137} INFO - [2023-03-28T00:15:24.114+0200] {dag.py:3440} INFO - Setting next_dagrun for example_subdag_operator.section-1 to None, run_after=None
[2023-03-28T00:15:24.115+0200] {logging_mixin.py:137} INFO - [2023-03-28T00:15:24.115+0200] {dag.py:3440} INFO - Setting next_dagrun for example_subdag_operator.section-2 to None, run_after=None
[2023-03-28T00:15:24.120+0200] {logging_mixin.py:137} INFO - [2023-03-28T00:15:24.120+0200] {dag.py:2693} INFO - Sync 2 DAGs
[2023-03-28T00:15:24.124+0200] {logging_mixin.py:137} INFO - [2023-03-28T00:15:24.124+0200] {dag.py:3440} INFO - Setting next_dagrun for example_subdag_operator.section-1 to None, run_after=None
[2023-03-28T00:15:24.124+0200] {logging_mixin.py:137} INFO - [2023-03-28T00:15:24.124+0200] {dag.py:3440} INFO - Setting next_dagrun for example_subdag_operator.section-2 to None, run_after=None
[2023-03-28T00:15:24.196+0200] {processor.py:175} INFO - Processing /home/humbulani/miniconda3/envs/apache-airflow/lib/python3.8/site-packages/airflow/example_dags/example_subdag_operator.py took 0.159 seconds
[2023-03-28T00:16:08.524+0200] {processor.py:153} INFO - Started process (PID=23435) to work on /home/humbulani/miniconda3/envs/apache-airflow/lib/python3.8/site-packages/airflow/example_dags/example_subdag_operator.py
[2023-03-28T00:16:08.525+0200] {processor.py:743} INFO - Processing file /home/humbulani/miniconda3/envs/apache-airflow/lib/python3.8/site-packages/airflow/example_dags/example_subdag_operator.py for tasks to queue
[2023-03-28T00:16:08.525+0200] {logging_mixin.py:137} INFO - [2023-03-28T00:16:08.525+0200] {dagbag.py:532} INFO - Filling up the DagBag from /home/humbulani/miniconda3/envs/apache-airflow/lib/python3.8/site-packages/airflow/example_dags/example_subdag_operator.py
[2023-03-28T00:16:08.549+0200] {processor.py:753} INFO - DAG(s) dict_keys(['example_subdag_operator.section-1', 'example_subdag_operator.section-2', 'example_subdag_operator']) retrieved from /home/humbulani/miniconda3/envs/apache-airflow/lib/python3.8/site-packages/airflow/example_dags/example_subdag_operator.py
[2023-03-28T00:16:08.566+0200] {logging_mixin.py:137} INFO - [2023-03-28T00:16:08.566+0200] {dag.py:2693} INFO - Sync 3 DAGs
[2023-03-28T00:16:08.584+0200] {logging_mixin.py:137} INFO - [2023-03-28T00:16:08.583+0200] {dag.py:3440} INFO - Setting next_dagrun for example_subdag_operator to 2022-01-01T00:00:00+00:00, run_after=2022-01-01T00:00:00+00:00
[2023-03-28T00:16:08.588+0200] {logging_mixin.py:137} INFO - [2023-03-28T00:16:08.588+0200] {dag.py:3440} INFO - Setting next_dagrun for example_subdag_operator.section-1 to None, run_after=None
[2023-03-28T00:16:08.589+0200] {logging_mixin.py:137} INFO - [2023-03-28T00:16:08.589+0200] {dag.py:3440} INFO - Setting next_dagrun for example_subdag_operator.section-2 to None, run_after=None
[2023-03-28T00:16:08.594+0200] {logging_mixin.py:137} INFO - [2023-03-28T00:16:08.594+0200] {dag.py:2693} INFO - Sync 2 DAGs
[2023-03-28T00:16:08.598+0200] {logging_mixin.py:137} INFO - [2023-03-28T00:16:08.598+0200] {dag.py:3440} INFO - Setting next_dagrun for example_subdag_operator.section-1 to None, run_after=None
[2023-03-28T00:16:08.598+0200] {logging_mixin.py:137} INFO - [2023-03-28T00:16:08.598+0200] {dag.py:3440} INFO - Setting next_dagrun for example_subdag_operator.section-2 to None, run_after=None
[2023-03-28T00:16:08.696+0200] {processor.py:175} INFO - Processing /home/humbulani/miniconda3/envs/apache-airflow/lib/python3.8/site-packages/airflow/example_dags/example_subdag_operator.py took 0.174 seconds
[2023-03-28T00:17:04.472+0200] {processor.py:153} INFO - Started process (PID=23553) to work on /home/humbulani/miniconda3/envs/apache-airflow/lib/python3.8/site-packages/airflow/example_dags/example_subdag_operator.py
[2023-03-28T00:17:04.477+0200] {processor.py:743} INFO - Processing file /home/humbulani/miniconda3/envs/apache-airflow/lib/python3.8/site-packages/airflow/example_dags/example_subdag_operator.py for tasks to queue
[2023-03-28T00:17:04.477+0200] {logging_mixin.py:137} INFO - [2023-03-28T00:17:04.477+0200] {dagbag.py:532} INFO - Filling up the DagBag from /home/humbulani/miniconda3/envs/apache-airflow/lib/python3.8/site-packages/airflow/example_dags/example_subdag_operator.py
[2023-03-28T00:17:04.501+0200] {processor.py:753} INFO - DAG(s) dict_keys(['example_subdag_operator.section-1', 'example_subdag_operator.section-2', 'example_subdag_operator']) retrieved from /home/humbulani/miniconda3/envs/apache-airflow/lib/python3.8/site-packages/airflow/example_dags/example_subdag_operator.py
[2023-03-28T00:17:04.521+0200] {logging_mixin.py:137} INFO - [2023-03-28T00:17:04.521+0200] {dag.py:2693} INFO - Sync 3 DAGs
[2023-03-28T00:17:04.541+0200] {logging_mixin.py:137} INFO - [2023-03-28T00:17:04.540+0200] {dag.py:3440} INFO - Setting next_dagrun for example_subdag_operator to 2022-01-01T00:00:00+00:00, run_after=2022-01-01T00:00:00+00:00
[2023-03-28T00:17:04.543+0200] {logging_mixin.py:137} INFO - [2023-03-28T00:17:04.543+0200] {dag.py:3440} INFO - Setting next_dagrun for example_subdag_operator.section-1 to None, run_after=None
[2023-03-28T00:17:04.544+0200] {logging_mixin.py:137} INFO - [2023-03-28T00:17:04.544+0200] {dag.py:3440} INFO - Setting next_dagrun for example_subdag_operator.section-2 to None, run_after=None
[2023-03-28T00:17:04.550+0200] {logging_mixin.py:137} INFO - [2023-03-28T00:17:04.549+0200] {dag.py:2693} INFO - Sync 2 DAGs
[2023-03-28T00:17:04.554+0200] {logging_mixin.py:137} INFO - [2023-03-28T00:17:04.554+0200] {dag.py:3440} INFO - Setting next_dagrun for example_subdag_operator.section-1 to None, run_after=None
[2023-03-28T00:17:04.555+0200] {logging_mixin.py:137} INFO - [2023-03-28T00:17:04.555+0200] {dag.py:3440} INFO - Setting next_dagrun for example_subdag_operator.section-2 to None, run_after=None
[2023-03-28T00:17:04.638+0200] {processor.py:175} INFO - Processing /home/humbulani/miniconda3/envs/apache-airflow/lib/python3.8/site-packages/airflow/example_dags/example_subdag_operator.py took 0.168 seconds
[2023-03-28T00:17:50.580+0200] {processor.py:153} INFO - Started process (PID=23618) to work on /home/humbulani/miniconda3/envs/apache-airflow/lib/python3.8/site-packages/airflow/example_dags/example_subdag_operator.py
[2023-03-28T00:17:50.592+0200] {processor.py:743} INFO - Processing file /home/humbulani/miniconda3/envs/apache-airflow/lib/python3.8/site-packages/airflow/example_dags/example_subdag_operator.py for tasks to queue
[2023-03-28T00:17:50.593+0200] {logging_mixin.py:137} INFO - [2023-03-28T00:17:50.592+0200] {dagbag.py:532} INFO - Filling up the DagBag from /home/humbulani/miniconda3/envs/apache-airflow/lib/python3.8/site-packages/airflow/example_dags/example_subdag_operator.py
[2023-03-28T00:17:50.619+0200] {processor.py:753} INFO - DAG(s) dict_keys(['example_subdag_operator.section-1', 'example_subdag_operator.section-2', 'example_subdag_operator']) retrieved from /home/humbulani/miniconda3/envs/apache-airflow/lib/python3.8/site-packages/airflow/example_dags/example_subdag_operator.py
[2023-03-28T00:17:50.636+0200] {logging_mixin.py:137} INFO - [2023-03-28T00:17:50.636+0200] {dag.py:2693} INFO - Sync 3 DAGs
[2023-03-28T00:17:50.653+0200] {logging_mixin.py:137} INFO - [2023-03-28T00:17:50.653+0200] {dag.py:3440} INFO - Setting next_dagrun for example_subdag_operator to 2022-01-01T00:00:00+00:00, run_after=2022-01-01T00:00:00+00:00
[2023-03-28T00:17:50.656+0200] {logging_mixin.py:137} INFO - [2023-03-28T00:17:50.656+0200] {dag.py:3440} INFO - Setting next_dagrun for example_subdag_operator.section-1 to None, run_after=None
[2023-03-28T00:17:50.657+0200] {logging_mixin.py:137} INFO - [2023-03-28T00:17:50.657+0200] {dag.py:3440} INFO - Setting next_dagrun for example_subdag_operator.section-2 to None, run_after=None
[2023-03-28T00:17:50.662+0200] {logging_mixin.py:137} INFO - [2023-03-28T00:17:50.662+0200] {dag.py:2693} INFO - Sync 2 DAGs
[2023-03-28T00:17:50.666+0200] {logging_mixin.py:137} INFO - [2023-03-28T00:17:50.665+0200] {dag.py:3440} INFO - Setting next_dagrun for example_subdag_operator.section-1 to None, run_after=None
[2023-03-28T00:17:50.666+0200] {logging_mixin.py:137} INFO - [2023-03-28T00:17:50.666+0200] {dag.py:3440} INFO - Setting next_dagrun for example_subdag_operator.section-2 to None, run_after=None
[2023-03-28T00:17:50.755+0200] {processor.py:175} INFO - Processing /home/humbulani/miniconda3/envs/apache-airflow/lib/python3.8/site-packages/airflow/example_dags/example_subdag_operator.py took 0.177 seconds
[2023-03-28T00:18:34.421+0200] {processor.py:153} INFO - Started process (PID=23661) to work on /home/humbulani/miniconda3/envs/apache-airflow/lib/python3.8/site-packages/airflow/example_dags/example_subdag_operator.py
[2023-03-28T00:18:34.433+0200] {processor.py:743} INFO - Processing file /home/humbulani/miniconda3/envs/apache-airflow/lib/python3.8/site-packages/airflow/example_dags/example_subdag_operator.py for tasks to queue
[2023-03-28T00:18:34.434+0200] {logging_mixin.py:137} INFO - [2023-03-28T00:18:34.434+0200] {dagbag.py:532} INFO - Filling up the DagBag from /home/humbulani/miniconda3/envs/apache-airflow/lib/python3.8/site-packages/airflow/example_dags/example_subdag_operator.py
[2023-03-28T00:18:34.456+0200] {processor.py:753} INFO - DAG(s) dict_keys(['example_subdag_operator.section-1', 'example_subdag_operator.section-2', 'example_subdag_operator']) retrieved from /home/humbulani/miniconda3/envs/apache-airflow/lib/python3.8/site-packages/airflow/example_dags/example_subdag_operator.py
[2023-03-28T00:18:34.474+0200] {logging_mixin.py:137} INFO - [2023-03-28T00:18:34.474+0200] {dag.py:2693} INFO - Sync 3 DAGs
[2023-03-28T00:18:34.491+0200] {logging_mixin.py:137} INFO - [2023-03-28T00:18:34.491+0200] {dag.py:3440} INFO - Setting next_dagrun for example_subdag_operator to 2022-01-01T00:00:00+00:00, run_after=2022-01-01T00:00:00+00:00
[2023-03-28T00:18:34.494+0200] {logging_mixin.py:137} INFO - [2023-03-28T00:18:34.494+0200] {dag.py:3440} INFO - Setting next_dagrun for example_subdag_operator.section-1 to None, run_after=None
[2023-03-28T00:18:34.495+0200] {logging_mixin.py:137} INFO - [2023-03-28T00:18:34.495+0200] {dag.py:3440} INFO - Setting next_dagrun for example_subdag_operator.section-2 to None, run_after=None
[2023-03-28T00:18:34.500+0200] {logging_mixin.py:137} INFO - [2023-03-28T00:18:34.500+0200] {dag.py:2693} INFO - Sync 2 DAGs
[2023-03-28T00:18:34.504+0200] {logging_mixin.py:137} INFO - [2023-03-28T00:18:34.504+0200] {dag.py:3440} INFO - Setting next_dagrun for example_subdag_operator.section-1 to None, run_after=None
[2023-03-28T00:18:34.504+0200] {logging_mixin.py:137} INFO - [2023-03-28T00:18:34.504+0200] {dag.py:3440} INFO - Setting next_dagrun for example_subdag_operator.section-2 to None, run_after=None
[2023-03-28T00:18:34.574+0200] {processor.py:175} INFO - Processing /home/humbulani/miniconda3/envs/apache-airflow/lib/python3.8/site-packages/airflow/example_dags/example_subdag_operator.py took 0.155 seconds
[2023-03-28T00:19:22.290+0200] {processor.py:153} INFO - Started process (PID=23706) to work on /home/humbulani/miniconda3/envs/apache-airflow/lib/python3.8/site-packages/airflow/example_dags/example_subdag_operator.py
[2023-03-28T00:19:22.306+0200] {processor.py:743} INFO - Processing file /home/humbulani/miniconda3/envs/apache-airflow/lib/python3.8/site-packages/airflow/example_dags/example_subdag_operator.py for tasks to queue
[2023-03-28T00:19:22.307+0200] {logging_mixin.py:137} INFO - [2023-03-28T00:19:22.307+0200] {dagbag.py:532} INFO - Filling up the DagBag from /home/humbulani/miniconda3/envs/apache-airflow/lib/python3.8/site-packages/airflow/example_dags/example_subdag_operator.py
[2023-03-28T00:19:22.334+0200] {processor.py:753} INFO - DAG(s) dict_keys(['example_subdag_operator.section-1', 'example_subdag_operator.section-2', 'example_subdag_operator']) retrieved from /home/humbulani/miniconda3/envs/apache-airflow/lib/python3.8/site-packages/airflow/example_dags/example_subdag_operator.py
[2023-03-28T00:19:22.351+0200] {logging_mixin.py:137} INFO - [2023-03-28T00:19:22.351+0200] {dag.py:2693} INFO - Sync 3 DAGs
[2023-03-28T00:19:22.369+0200] {logging_mixin.py:137} INFO - [2023-03-28T00:19:22.368+0200] {dag.py:3440} INFO - Setting next_dagrun for example_subdag_operator to 2022-01-01T00:00:00+00:00, run_after=2022-01-01T00:00:00+00:00
[2023-03-28T00:19:22.371+0200] {logging_mixin.py:137} INFO - [2023-03-28T00:19:22.371+0200] {dag.py:3440} INFO - Setting next_dagrun for example_subdag_operator.section-1 to None, run_after=None
[2023-03-28T00:19:22.372+0200] {logging_mixin.py:137} INFO - [2023-03-28T00:19:22.372+0200] {dag.py:3440} INFO - Setting next_dagrun for example_subdag_operator.section-2 to None, run_after=None
[2023-03-28T00:19:22.378+0200] {logging_mixin.py:137} INFO - [2023-03-28T00:19:22.377+0200] {dag.py:2693} INFO - Sync 2 DAGs
[2023-03-28T00:19:22.382+0200] {logging_mixin.py:137} INFO - [2023-03-28T00:19:22.382+0200] {dag.py:3440} INFO - Setting next_dagrun for example_subdag_operator.section-1 to None, run_after=None
[2023-03-28T00:19:22.382+0200] {logging_mixin.py:137} INFO - [2023-03-28T00:19:22.382+0200] {dag.py:3440} INFO - Setting next_dagrun for example_subdag_operator.section-2 to None, run_after=None
[2023-03-28T00:19:22.455+0200] {processor.py:175} INFO - Processing /home/humbulani/miniconda3/envs/apache-airflow/lib/python3.8/site-packages/airflow/example_dags/example_subdag_operator.py took 0.168 seconds
[2023-03-28T00:20:10.583+0200] {processor.py:153} INFO - Started process (PID=23756) to work on /home/humbulani/miniconda3/envs/apache-airflow/lib/python3.8/site-packages/airflow/example_dags/example_subdag_operator.py
[2023-03-28T00:20:10.595+0200] {processor.py:743} INFO - Processing file /home/humbulani/miniconda3/envs/apache-airflow/lib/python3.8/site-packages/airflow/example_dags/example_subdag_operator.py for tasks to queue
[2023-03-28T00:20:10.596+0200] {logging_mixin.py:137} INFO - [2023-03-28T00:20:10.596+0200] {dagbag.py:532} INFO - Filling up the DagBag from /home/humbulani/miniconda3/envs/apache-airflow/lib/python3.8/site-packages/airflow/example_dags/example_subdag_operator.py
[2023-03-28T00:20:10.618+0200] {processor.py:753} INFO - DAG(s) dict_keys(['example_subdag_operator.section-1', 'example_subdag_operator.section-2', 'example_subdag_operator']) retrieved from /home/humbulani/miniconda3/envs/apache-airflow/lib/python3.8/site-packages/airflow/example_dags/example_subdag_operator.py
[2023-03-28T00:20:10.636+0200] {logging_mixin.py:137} INFO - [2023-03-28T00:20:10.636+0200] {dag.py:2693} INFO - Sync 3 DAGs
[2023-03-28T00:20:10.655+0200] {logging_mixin.py:137} INFO - [2023-03-28T00:20:10.655+0200] {dag.py:3440} INFO - Setting next_dagrun for example_subdag_operator to 2022-01-01T00:00:00+00:00, run_after=2022-01-01T00:00:00+00:00
[2023-03-28T00:20:10.658+0200] {logging_mixin.py:137} INFO - [2023-03-28T00:20:10.658+0200] {dag.py:3440} INFO - Setting next_dagrun for example_subdag_operator.section-1 to None, run_after=None
[2023-03-28T00:20:10.659+0200] {logging_mixin.py:137} INFO - [2023-03-28T00:20:10.659+0200] {dag.py:3440} INFO - Setting next_dagrun for example_subdag_operator.section-2 to None, run_after=None
[2023-03-28T00:20:10.664+0200] {logging_mixin.py:137} INFO - [2023-03-28T00:20:10.664+0200] {dag.py:2693} INFO - Sync 2 DAGs
[2023-03-28T00:20:10.668+0200] {logging_mixin.py:137} INFO - [2023-03-28T00:20:10.668+0200] {dag.py:3440} INFO - Setting next_dagrun for example_subdag_operator.section-1 to None, run_after=None
[2023-03-28T00:20:10.668+0200] {logging_mixin.py:137} INFO - [2023-03-28T00:20:10.668+0200] {dag.py:3440} INFO - Setting next_dagrun for example_subdag_operator.section-2 to None, run_after=None
[2023-03-28T00:20:10.737+0200] {processor.py:175} INFO - Processing /home/humbulani/miniconda3/envs/apache-airflow/lib/python3.8/site-packages/airflow/example_dags/example_subdag_operator.py took 0.157 seconds
[2023-03-28T00:21:11.004+0200] {processor.py:153} INFO - Started process (PID=23809) to work on /home/humbulani/miniconda3/envs/apache-airflow/lib/python3.8/site-packages/airflow/example_dags/example_subdag_operator.py
[2023-03-28T00:21:11.008+0200] {processor.py:743} INFO - Processing file /home/humbulani/miniconda3/envs/apache-airflow/lib/python3.8/site-packages/airflow/example_dags/example_subdag_operator.py for tasks to queue
[2023-03-28T00:21:11.008+0200] {logging_mixin.py:137} INFO - [2023-03-28T00:21:11.008+0200] {dagbag.py:532} INFO - Filling up the DagBag from /home/humbulani/miniconda3/envs/apache-airflow/lib/python3.8/site-packages/airflow/example_dags/example_subdag_operator.py
[2023-03-28T00:21:11.036+0200] {processor.py:753} INFO - DAG(s) dict_keys(['example_subdag_operator.section-1', 'example_subdag_operator.section-2', 'example_subdag_operator']) retrieved from /home/humbulani/miniconda3/envs/apache-airflow/lib/python3.8/site-packages/airflow/example_dags/example_subdag_operator.py
[2023-03-28T00:21:11.056+0200] {logging_mixin.py:137} INFO - [2023-03-28T00:21:11.056+0200] {dag.py:2693} INFO - Sync 3 DAGs
[2023-03-28T00:21:11.078+0200] {logging_mixin.py:137} INFO - [2023-03-28T00:21:11.078+0200] {dag.py:3440} INFO - Setting next_dagrun for example_subdag_operator to 2022-01-01T00:00:00+00:00, run_after=2022-01-01T00:00:00+00:00
[2023-03-28T00:21:11.081+0200] {logging_mixin.py:137} INFO - [2023-03-28T00:21:11.081+0200] {dag.py:3440} INFO - Setting next_dagrun for example_subdag_operator.section-1 to None, run_after=None
[2023-03-28T00:21:11.083+0200] {logging_mixin.py:137} INFO - [2023-03-28T00:21:11.083+0200] {dag.py:3440} INFO - Setting next_dagrun for example_subdag_operator.section-2 to None, run_after=None
[2023-03-28T00:21:11.089+0200] {logging_mixin.py:137} INFO - [2023-03-28T00:21:11.089+0200] {dag.py:2693} INFO - Sync 2 DAGs
[2023-03-28T00:21:11.093+0200] {logging_mixin.py:137} INFO - [2023-03-28T00:21:11.093+0200] {dag.py:3440} INFO - Setting next_dagrun for example_subdag_operator.section-1 to None, run_after=None
[2023-03-28T00:21:11.093+0200] {logging_mixin.py:137} INFO - [2023-03-28T00:21:11.093+0200] {dag.py:3440} INFO - Setting next_dagrun for example_subdag_operator.section-2 to None, run_after=None
[2023-03-28T00:21:11.178+0200] {processor.py:175} INFO - Processing /home/humbulani/miniconda3/envs/apache-airflow/lib/python3.8/site-packages/airflow/example_dags/example_subdag_operator.py took 0.176 seconds
[2023-03-28T00:21:58.708+0200] {processor.py:153} INFO - Started process (PID=23866) to work on /home/humbulani/miniconda3/envs/apache-airflow/lib/python3.8/site-packages/airflow/example_dags/example_subdag_operator.py
[2023-03-28T00:21:58.722+0200] {processor.py:743} INFO - Processing file /home/humbulani/miniconda3/envs/apache-airflow/lib/python3.8/site-packages/airflow/example_dags/example_subdag_operator.py for tasks to queue
[2023-03-28T00:21:58.722+0200] {logging_mixin.py:137} INFO - [2023-03-28T00:21:58.722+0200] {dagbag.py:532} INFO - Filling up the DagBag from /home/humbulani/miniconda3/envs/apache-airflow/lib/python3.8/site-packages/airflow/example_dags/example_subdag_operator.py
[2023-03-28T00:21:58.747+0200] {processor.py:753} INFO - DAG(s) dict_keys(['example_subdag_operator.section-1', 'example_subdag_operator.section-2', 'example_subdag_operator']) retrieved from /home/humbulani/miniconda3/envs/apache-airflow/lib/python3.8/site-packages/airflow/example_dags/example_subdag_operator.py
[2023-03-28T00:21:58.765+0200] {logging_mixin.py:137} INFO - [2023-03-28T00:21:58.765+0200] {dag.py:2693} INFO - Sync 3 DAGs
[2023-03-28T00:21:58.783+0200] {logging_mixin.py:137} INFO - [2023-03-28T00:21:58.783+0200] {dag.py:3440} INFO - Setting next_dagrun for example_subdag_operator to 2022-01-01T00:00:00+00:00, run_after=2022-01-01T00:00:00+00:00
[2023-03-28T00:21:58.785+0200] {logging_mixin.py:137} INFO - [2023-03-28T00:21:58.785+0200] {dag.py:3440} INFO - Setting next_dagrun for example_subdag_operator.section-1 to None, run_after=None
[2023-03-28T00:21:58.786+0200] {logging_mixin.py:137} INFO - [2023-03-28T00:21:58.786+0200] {dag.py:3440} INFO - Setting next_dagrun for example_subdag_operator.section-2 to None, run_after=None
[2023-03-28T00:21:58.791+0200] {logging_mixin.py:137} INFO - [2023-03-28T00:21:58.791+0200] {dag.py:2693} INFO - Sync 2 DAGs
[2023-03-28T00:21:58.795+0200] {logging_mixin.py:137} INFO - [2023-03-28T00:21:58.795+0200] {dag.py:3440} INFO - Setting next_dagrun for example_subdag_operator.section-1 to None, run_after=None
[2023-03-28T00:21:58.795+0200] {logging_mixin.py:137} INFO - [2023-03-28T00:21:58.795+0200] {dag.py:3440} INFO - Setting next_dagrun for example_subdag_operator.section-2 to None, run_after=None
[2023-03-28T00:21:58.866+0200] {processor.py:175} INFO - Processing /home/humbulani/miniconda3/envs/apache-airflow/lib/python3.8/site-packages/airflow/example_dags/example_subdag_operator.py took 0.160 seconds
