[2023-03-28T00:04:14.122+0200] {processor.py:153} INFO - Started process (PID=22520) to work on /home/humbulani/miniconda3/envs/apache-airflow/lib/python3.8/site-packages/airflow/example_dags/example_skip_dag.py
[2023-03-28T00:04:14.122+0200] {processor.py:743} INFO - Processing file /home/humbulani/miniconda3/envs/apache-airflow/lib/python3.8/site-packages/airflow/example_dags/example_skip_dag.py for tasks to queue
[2023-03-28T00:04:14.123+0200] {logging_mixin.py:137} INFO - [2023-03-28T00:04:14.123+0200] {dagbag.py:532} INFO - Filling up the DagBag from /home/humbulani/miniconda3/envs/apache-airflow/lib/python3.8/site-packages/airflow/example_dags/example_skip_dag.py
[2023-03-28T00:04:14.146+0200] {processor.py:753} INFO - DAG(s) dict_keys(['example_skip_dag']) retrieved from /home/humbulani/miniconda3/envs/apache-airflow/lib/python3.8/site-packages/airflow/example_dags/example_skip_dag.py
[2023-03-28T00:04:14.176+0200] {logging_mixin.py:137} INFO - [2023-03-28T00:04:14.176+0200] {dag.py:2693} INFO - Sync 1 DAGs
[2023-03-28T00:04:14.205+0200] {logging_mixin.py:137} INFO - [2023-03-28T00:04:14.204+0200] {dag.py:3440} INFO - Setting next_dagrun for example_skip_dag to 2023-03-26T22:04:14.204616+00:00, run_after=2023-03-27T22:04:14.204616+00:00
[2023-03-28T00:04:14.310+0200] {processor.py:175} INFO - Processing /home/humbulani/miniconda3/envs/apache-airflow/lib/python3.8/site-packages/airflow/example_dags/example_skip_dag.py took 0.192 seconds
[2023-03-28T00:05:05.844+0200] {processor.py:153} INFO - Started process (PID=22604) to work on /home/humbulani/miniconda3/envs/apache-airflow/lib/python3.8/site-packages/airflow/example_dags/example_skip_dag.py
[2023-03-28T00:05:05.859+0200] {processor.py:743} INFO - Processing file /home/humbulani/miniconda3/envs/apache-airflow/lib/python3.8/site-packages/airflow/example_dags/example_skip_dag.py for tasks to queue
[2023-03-28T00:05:05.860+0200] {logging_mixin.py:137} INFO - [2023-03-28T00:05:05.860+0200] {dagbag.py:532} INFO - Filling up the DagBag from /home/humbulani/miniconda3/envs/apache-airflow/lib/python3.8/site-packages/airflow/example_dags/example_skip_dag.py
[2023-03-28T00:05:05.871+0200] {processor.py:753} INFO - DAG(s) dict_keys(['example_skip_dag']) retrieved from /home/humbulani/miniconda3/envs/apache-airflow/lib/python3.8/site-packages/airflow/example_dags/example_skip_dag.py
[2023-03-28T00:05:05.889+0200] {logging_mixin.py:137} INFO - [2023-03-28T00:05:05.888+0200] {dag.py:2693} INFO - Sync 1 DAGs
[2023-03-28T00:05:05.908+0200] {logging_mixin.py:137} INFO - [2023-03-28T00:05:05.908+0200] {dag.py:3440} INFO - Setting next_dagrun for example_skip_dag to 2023-03-26T22:05:05.908040+00:00, run_after=2023-03-27T22:05:05.908040+00:00
[2023-03-28T00:05:06.003+0200] {processor.py:175} INFO - Processing /home/humbulani/miniconda3/envs/apache-airflow/lib/python3.8/site-packages/airflow/example_dags/example_skip_dag.py took 0.161 seconds
[2023-03-28T00:05:56.353+0200] {processor.py:153} INFO - Started process (PID=22720) to work on /home/humbulani/miniconda3/envs/apache-airflow/lib/python3.8/site-packages/airflow/example_dags/example_skip_dag.py
[2023-03-28T00:05:56.362+0200] {processor.py:743} INFO - Processing file /home/humbulani/miniconda3/envs/apache-airflow/lib/python3.8/site-packages/airflow/example_dags/example_skip_dag.py for tasks to queue
[2023-03-28T00:05:56.363+0200] {logging_mixin.py:137} INFO - [2023-03-28T00:05:56.363+0200] {dagbag.py:532} INFO - Filling up the DagBag from /home/humbulani/miniconda3/envs/apache-airflow/lib/python3.8/site-packages/airflow/example_dags/example_skip_dag.py
[2023-03-28T00:05:56.374+0200] {processor.py:753} INFO - DAG(s) dict_keys(['example_skip_dag']) retrieved from /home/humbulani/miniconda3/envs/apache-airflow/lib/python3.8/site-packages/airflow/example_dags/example_skip_dag.py
[2023-03-28T00:05:56.391+0200] {logging_mixin.py:137} INFO - [2023-03-28T00:05:56.391+0200] {dag.py:2693} INFO - Sync 1 DAGs
[2023-03-28T00:05:56.409+0200] {logging_mixin.py:137} INFO - [2023-03-28T00:05:56.408+0200] {dag.py:3440} INFO - Setting next_dagrun for example_skip_dag to 2023-03-26T22:05:56.408747+00:00, run_after=2023-03-27T22:05:56.408747+00:00
[2023-03-28T00:05:56.488+0200] {processor.py:175} INFO - Processing /home/humbulani/miniconda3/envs/apache-airflow/lib/python3.8/site-packages/airflow/example_dags/example_skip_dag.py took 0.139 seconds
[2023-03-28T00:06:41.931+0200] {processor.py:153} INFO - Started process (PID=22772) to work on /home/humbulani/miniconda3/envs/apache-airflow/lib/python3.8/site-packages/airflow/example_dags/example_skip_dag.py
[2023-03-28T00:06:41.932+0200] {processor.py:743} INFO - Processing file /home/humbulani/miniconda3/envs/apache-airflow/lib/python3.8/site-packages/airflow/example_dags/example_skip_dag.py for tasks to queue
[2023-03-28T00:06:41.933+0200] {logging_mixin.py:137} INFO - [2023-03-28T00:06:41.933+0200] {dagbag.py:532} INFO - Filling up the DagBag from /home/humbulani/miniconda3/envs/apache-airflow/lib/python3.8/site-packages/airflow/example_dags/example_skip_dag.py
[2023-03-28T00:06:41.948+0200] {processor.py:753} INFO - DAG(s) dict_keys(['example_skip_dag']) retrieved from /home/humbulani/miniconda3/envs/apache-airflow/lib/python3.8/site-packages/airflow/example_dags/example_skip_dag.py
[2023-03-28T00:06:41.966+0200] {logging_mixin.py:137} INFO - [2023-03-28T00:06:41.966+0200] {dag.py:2693} INFO - Sync 1 DAGs
[2023-03-28T00:06:41.984+0200] {logging_mixin.py:137} INFO - [2023-03-28T00:06:41.984+0200] {dag.py:3440} INFO - Setting next_dagrun for example_skip_dag to 2023-03-26T22:06:41.983956+00:00, run_after=2023-03-27T22:06:41.983956+00:00
[2023-03-28T00:06:42.066+0200] {processor.py:175} INFO - Processing /home/humbulani/miniconda3/envs/apache-airflow/lib/python3.8/site-packages/airflow/example_dags/example_skip_dag.py took 0.138 seconds
[2023-03-28T00:07:30.732+0200] {processor.py:153} INFO - Started process (PID=22818) to work on /home/humbulani/miniconda3/envs/apache-airflow/lib/python3.8/site-packages/airflow/example_dags/example_skip_dag.py
[2023-03-28T00:07:30.759+0200] {processor.py:743} INFO - Processing file /home/humbulani/miniconda3/envs/apache-airflow/lib/python3.8/site-packages/airflow/example_dags/example_skip_dag.py for tasks to queue
[2023-03-28T00:07:30.760+0200] {logging_mixin.py:137} INFO - [2023-03-28T00:07:30.760+0200] {dagbag.py:532} INFO - Filling up the DagBag from /home/humbulani/miniconda3/envs/apache-airflow/lib/python3.8/site-packages/airflow/example_dags/example_skip_dag.py
[2023-03-28T00:07:30.772+0200] {processor.py:753} INFO - DAG(s) dict_keys(['example_skip_dag']) retrieved from /home/humbulani/miniconda3/envs/apache-airflow/lib/python3.8/site-packages/airflow/example_dags/example_skip_dag.py
[2023-03-28T00:07:30.789+0200] {logging_mixin.py:137} INFO - [2023-03-28T00:07:30.789+0200] {dag.py:2693} INFO - Sync 1 DAGs
[2023-03-28T00:07:30.807+0200] {logging_mixin.py:137} INFO - [2023-03-28T00:07:30.807+0200] {dag.py:3440} INFO - Setting next_dagrun for example_skip_dag to 2023-03-26T22:07:30.806903+00:00, run_after=2023-03-27T22:07:30.806903+00:00
[2023-03-28T00:07:30.905+0200] {processor.py:175} INFO - Processing /home/humbulani/miniconda3/envs/apache-airflow/lib/python3.8/site-packages/airflow/example_dags/example_skip_dag.py took 0.175 seconds
[2023-03-28T00:08:22.652+0200] {processor.py:153} INFO - Started process (PID=22920) to work on /home/humbulani/miniconda3/envs/apache-airflow/lib/python3.8/site-packages/airflow/example_dags/example_skip_dag.py
[2023-03-28T00:08:22.662+0200] {processor.py:743} INFO - Processing file /home/humbulani/miniconda3/envs/apache-airflow/lib/python3.8/site-packages/airflow/example_dags/example_skip_dag.py for tasks to queue
[2023-03-28T00:08:22.663+0200] {logging_mixin.py:137} INFO - [2023-03-28T00:08:22.663+0200] {dagbag.py:532} INFO - Filling up the DagBag from /home/humbulani/miniconda3/envs/apache-airflow/lib/python3.8/site-packages/airflow/example_dags/example_skip_dag.py
[2023-03-28T00:08:22.674+0200] {processor.py:753} INFO - DAG(s) dict_keys(['example_skip_dag']) retrieved from /home/humbulani/miniconda3/envs/apache-airflow/lib/python3.8/site-packages/airflow/example_dags/example_skip_dag.py
[2023-03-28T00:08:22.691+0200] {logging_mixin.py:137} INFO - [2023-03-28T00:08:22.691+0200] {dag.py:2693} INFO - Sync 1 DAGs
[2023-03-28T00:08:22.708+0200] {logging_mixin.py:137} INFO - [2023-03-28T00:08:22.708+0200] {dag.py:3440} INFO - Setting next_dagrun for example_skip_dag to 2023-03-26T22:08:22.708088+00:00, run_after=2023-03-27T22:08:22.708088+00:00
[2023-03-28T00:08:22.806+0200] {processor.py:175} INFO - Processing /home/humbulani/miniconda3/envs/apache-airflow/lib/python3.8/site-packages/airflow/example_dags/example_skip_dag.py took 0.157 seconds
[2023-03-28T00:09:21.564+0200] {processor.py:153} INFO - Started process (PID=22980) to work on /home/humbulani/miniconda3/envs/apache-airflow/lib/python3.8/site-packages/airflow/example_dags/example_skip_dag.py
[2023-03-28T00:09:21.565+0200] {processor.py:743} INFO - Processing file /home/humbulani/miniconda3/envs/apache-airflow/lib/python3.8/site-packages/airflow/example_dags/example_skip_dag.py for tasks to queue
[2023-03-28T00:09:21.565+0200] {logging_mixin.py:137} INFO - [2023-03-28T00:09:21.565+0200] {dagbag.py:532} INFO - Filling up the DagBag from /home/humbulani/miniconda3/envs/apache-airflow/lib/python3.8/site-packages/airflow/example_dags/example_skip_dag.py
[2023-03-28T00:09:21.580+0200] {processor.py:753} INFO - DAG(s) dict_keys(['example_skip_dag']) retrieved from /home/humbulani/miniconda3/envs/apache-airflow/lib/python3.8/site-packages/airflow/example_dags/example_skip_dag.py
[2023-03-28T00:09:21.598+0200] {logging_mixin.py:137} INFO - [2023-03-28T00:09:21.597+0200] {dag.py:2693} INFO - Sync 1 DAGs
[2023-03-28T00:09:21.694+0200] {logging_mixin.py:137} INFO - [2023-03-28T00:09:21.694+0200] {dag.py:3440} INFO - Setting next_dagrun for example_skip_dag to 2023-03-26T22:09:21.694396+00:00, run_after=2023-03-27T22:09:21.694396+00:00
[2023-03-28T00:09:21.792+0200] {processor.py:175} INFO - Processing /home/humbulani/miniconda3/envs/apache-airflow/lib/python3.8/site-packages/airflow/example_dags/example_skip_dag.py took 0.232 seconds
[2023-03-28T00:10:21.781+0200] {processor.py:153} INFO - Started process (PID=23033) to work on /home/humbulani/miniconda3/envs/apache-airflow/lib/python3.8/site-packages/airflow/example_dags/example_skip_dag.py
[2023-03-28T00:10:21.791+0200] {processor.py:743} INFO - Processing file /home/humbulani/miniconda3/envs/apache-airflow/lib/python3.8/site-packages/airflow/example_dags/example_skip_dag.py for tasks to queue
[2023-03-28T00:10:21.792+0200] {logging_mixin.py:137} INFO - [2023-03-28T00:10:21.792+0200] {dagbag.py:532} INFO - Filling up the DagBag from /home/humbulani/miniconda3/envs/apache-airflow/lib/python3.8/site-packages/airflow/example_dags/example_skip_dag.py
[2023-03-28T00:10:21.804+0200] {processor.py:753} INFO - DAG(s) dict_keys(['example_skip_dag']) retrieved from /home/humbulani/miniconda3/envs/apache-airflow/lib/python3.8/site-packages/airflow/example_dags/example_skip_dag.py
[2023-03-28T00:10:21.821+0200] {logging_mixin.py:137} INFO - [2023-03-28T00:10:21.821+0200] {dag.py:2693} INFO - Sync 1 DAGs
[2023-03-28T00:10:21.922+0200] {logging_mixin.py:137} INFO - [2023-03-28T00:10:21.922+0200] {dag.py:3440} INFO - Setting next_dagrun for example_skip_dag to 2023-03-26T22:10:21.922242+00:00, run_after=2023-03-27T22:10:21.922242+00:00
[2023-03-28T00:10:22.012+0200] {processor.py:175} INFO - Processing /home/humbulani/miniconda3/envs/apache-airflow/lib/python3.8/site-packages/airflow/example_dags/example_skip_dag.py took 0.234 seconds
[2023-03-28T00:11:25.687+0200] {processor.py:153} INFO - Started process (PID=23090) to work on /home/humbulani/miniconda3/envs/apache-airflow/lib/python3.8/site-packages/airflow/example_dags/example_skip_dag.py
[2023-03-28T00:11:25.695+0200] {processor.py:743} INFO - Processing file /home/humbulani/miniconda3/envs/apache-airflow/lib/python3.8/site-packages/airflow/example_dags/example_skip_dag.py for tasks to queue
[2023-03-28T00:11:25.696+0200] {logging_mixin.py:137} INFO - [2023-03-28T00:11:25.696+0200] {dagbag.py:532} INFO - Filling up the DagBag from /home/humbulani/miniconda3/envs/apache-airflow/lib/python3.8/site-packages/airflow/example_dags/example_skip_dag.py
[2023-03-28T00:11:25.793+0200] {processor.py:753} INFO - DAG(s) dict_keys(['example_skip_dag']) retrieved from /home/humbulani/miniconda3/envs/apache-airflow/lib/python3.8/site-packages/airflow/example_dags/example_skip_dag.py
[2023-03-28T00:11:25.807+0200] {logging_mixin.py:137} INFO - [2023-03-28T00:11:25.807+0200] {dag.py:2693} INFO - Sync 1 DAGs
[2023-03-28T00:11:25.823+0200] {logging_mixin.py:137} INFO - [2023-03-28T00:11:25.823+0200] {dag.py:3440} INFO - Setting next_dagrun for example_skip_dag to 2023-03-26T22:11:25.823010+00:00, run_after=2023-03-27T22:11:25.823010+00:00
[2023-03-28T00:11:25.926+0200] {processor.py:175} INFO - Processing /home/humbulani/miniconda3/envs/apache-airflow/lib/python3.8/site-packages/airflow/example_dags/example_skip_dag.py took 0.241 seconds
[2023-03-28T00:12:19.568+0200] {processor.py:153} INFO - Started process (PID=23132) to work on /home/humbulani/miniconda3/envs/apache-airflow/lib/python3.8/site-packages/airflow/example_dags/example_skip_dag.py
[2023-03-28T00:12:19.569+0200] {processor.py:743} INFO - Processing file /home/humbulani/miniconda3/envs/apache-airflow/lib/python3.8/site-packages/airflow/example_dags/example_skip_dag.py for tasks to queue
[2023-03-28T00:12:19.569+0200] {logging_mixin.py:137} INFO - [2023-03-28T00:12:19.569+0200] {dagbag.py:532} INFO - Filling up the DagBag from /home/humbulani/miniconda3/envs/apache-airflow/lib/python3.8/site-packages/airflow/example_dags/example_skip_dag.py
[2023-03-28T00:12:19.669+0200] {processor.py:753} INFO - DAG(s) dict_keys(['example_skip_dag']) retrieved from /home/humbulani/miniconda3/envs/apache-airflow/lib/python3.8/site-packages/airflow/example_dags/example_skip_dag.py
[2023-03-28T00:12:19.683+0200] {logging_mixin.py:137} INFO - [2023-03-28T00:12:19.682+0200] {dag.py:2693} INFO - Sync 1 DAGs
[2023-03-28T00:12:19.698+0200] {logging_mixin.py:137} INFO - [2023-03-28T00:12:19.698+0200] {dag.py:3440} INFO - Setting next_dagrun for example_skip_dag to 2023-03-26T22:12:19.698444+00:00, run_after=2023-03-27T22:12:19.698444+00:00
[2023-03-28T00:12:19.786+0200] {processor.py:175} INFO - Processing /home/humbulani/miniconda3/envs/apache-airflow/lib/python3.8/site-packages/airflow/example_dags/example_skip_dag.py took 0.221 seconds
[2023-03-28T00:13:12.721+0200] {processor.py:153} INFO - Started process (PID=23208) to work on /home/humbulani/miniconda3/envs/apache-airflow/lib/python3.8/site-packages/airflow/example_dags/example_skip_dag.py
[2023-03-28T00:13:12.722+0200] {processor.py:743} INFO - Processing file /home/humbulani/miniconda3/envs/apache-airflow/lib/python3.8/site-packages/airflow/example_dags/example_skip_dag.py for tasks to queue
[2023-03-28T00:13:12.723+0200] {logging_mixin.py:137} INFO - [2023-03-28T00:13:12.723+0200] {dagbag.py:532} INFO - Filling up the DagBag from /home/humbulani/miniconda3/envs/apache-airflow/lib/python3.8/site-packages/airflow/example_dags/example_skip_dag.py
[2023-03-28T00:13:12.735+0200] {processor.py:753} INFO - DAG(s) dict_keys(['example_skip_dag']) retrieved from /home/humbulani/miniconda3/envs/apache-airflow/lib/python3.8/site-packages/airflow/example_dags/example_skip_dag.py
[2023-03-28T00:13:12.753+0200] {logging_mixin.py:137} INFO - [2023-03-28T00:13:12.752+0200] {dag.py:2693} INFO - Sync 1 DAGs
[2023-03-28T00:13:12.771+0200] {logging_mixin.py:137} INFO - [2023-03-28T00:13:12.770+0200] {dag.py:3440} INFO - Setting next_dagrun for example_skip_dag to 2023-03-26T22:13:12.770749+00:00, run_after=2023-03-27T22:13:12.770749+00:00
[2023-03-28T00:13:12.873+0200] {processor.py:175} INFO - Processing /home/humbulani/miniconda3/envs/apache-airflow/lib/python3.8/site-packages/airflow/example_dags/example_skip_dag.py took 0.154 seconds
[2023-03-28T00:13:55.568+0200] {processor.py:153} INFO - Started process (PID=23259) to work on /home/humbulani/miniconda3/envs/apache-airflow/lib/python3.8/site-packages/airflow/example_dags/example_skip_dag.py
[2023-03-28T00:13:55.582+0200] {processor.py:743} INFO - Processing file /home/humbulani/miniconda3/envs/apache-airflow/lib/python3.8/site-packages/airflow/example_dags/example_skip_dag.py for tasks to queue
[2023-03-28T00:13:55.583+0200] {logging_mixin.py:137} INFO - [2023-03-28T00:13:55.582+0200] {dagbag.py:532} INFO - Filling up the DagBag from /home/humbulani/miniconda3/envs/apache-airflow/lib/python3.8/site-packages/airflow/example_dags/example_skip_dag.py
[2023-03-28T00:13:55.597+0200] {processor.py:753} INFO - DAG(s) dict_keys(['example_skip_dag']) retrieved from /home/humbulani/miniconda3/envs/apache-airflow/lib/python3.8/site-packages/airflow/example_dags/example_skip_dag.py
[2023-03-28T00:13:55.616+0200] {logging_mixin.py:137} INFO - [2023-03-28T00:13:55.616+0200] {dag.py:2693} INFO - Sync 1 DAGs
[2023-03-28T00:13:55.634+0200] {logging_mixin.py:137} INFO - [2023-03-28T00:13:55.634+0200] {dag.py:3440} INFO - Setting next_dagrun for example_skip_dag to 2023-03-26T22:13:55.634127+00:00, run_after=2023-03-27T22:13:55.634127+00:00
[2023-03-28T00:13:55.719+0200] {processor.py:175} INFO - Processing /home/humbulani/miniconda3/envs/apache-airflow/lib/python3.8/site-packages/airflow/example_dags/example_skip_dag.py took 0.154 seconds
[2023-03-28T00:14:39.316+0200] {processor.py:153} INFO - Started process (PID=23304) to work on /home/humbulani/miniconda3/envs/apache-airflow/lib/python3.8/site-packages/airflow/example_dags/example_skip_dag.py
[2023-03-28T00:14:39.340+0200] {processor.py:743} INFO - Processing file /home/humbulani/miniconda3/envs/apache-airflow/lib/python3.8/site-packages/airflow/example_dags/example_skip_dag.py for tasks to queue
[2023-03-28T00:14:39.341+0200] {logging_mixin.py:137} INFO - [2023-03-28T00:14:39.341+0200] {dagbag.py:532} INFO - Filling up the DagBag from /home/humbulani/miniconda3/envs/apache-airflow/lib/python3.8/site-packages/airflow/example_dags/example_skip_dag.py
[2023-03-28T00:14:39.356+0200] {processor.py:753} INFO - DAG(s) dict_keys(['example_skip_dag']) retrieved from /home/humbulani/miniconda3/envs/apache-airflow/lib/python3.8/site-packages/airflow/example_dags/example_skip_dag.py
[2023-03-28T00:14:39.378+0200] {logging_mixin.py:137} INFO - [2023-03-28T00:14:39.378+0200] {dag.py:2693} INFO - Sync 1 DAGs
[2023-03-28T00:14:39.395+0200] {logging_mixin.py:137} INFO - [2023-03-28T00:14:39.395+0200] {dag.py:3440} INFO - Setting next_dagrun for example_skip_dag to 2023-03-26T22:14:39.395019+00:00, run_after=2023-03-27T22:14:39.395019+00:00
[2023-03-28T00:14:39.497+0200] {processor.py:175} INFO - Processing /home/humbulani/miniconda3/envs/apache-airflow/lib/python3.8/site-packages/airflow/example_dags/example_skip_dag.py took 0.184 seconds
[2023-03-28T00:15:28.375+0200] {processor.py:153} INFO - Started process (PID=23378) to work on /home/humbulani/miniconda3/envs/apache-airflow/lib/python3.8/site-packages/airflow/example_dags/example_skip_dag.py
[2023-03-28T00:15:28.390+0200] {processor.py:743} INFO - Processing file /home/humbulani/miniconda3/envs/apache-airflow/lib/python3.8/site-packages/airflow/example_dags/example_skip_dag.py for tasks to queue
[2023-03-28T00:15:28.390+0200] {logging_mixin.py:137} INFO - [2023-03-28T00:15:28.390+0200] {dagbag.py:532} INFO - Filling up the DagBag from /home/humbulani/miniconda3/envs/apache-airflow/lib/python3.8/site-packages/airflow/example_dags/example_skip_dag.py
[2023-03-28T00:15:28.403+0200] {processor.py:753} INFO - DAG(s) dict_keys(['example_skip_dag']) retrieved from /home/humbulani/miniconda3/envs/apache-airflow/lib/python3.8/site-packages/airflow/example_dags/example_skip_dag.py
[2023-03-28T00:15:28.419+0200] {logging_mixin.py:137} INFO - [2023-03-28T00:15:28.419+0200] {dag.py:2693} INFO - Sync 1 DAGs
[2023-03-28T00:15:28.436+0200] {logging_mixin.py:137} INFO - [2023-03-28T00:15:28.436+0200] {dag.py:3440} INFO - Setting next_dagrun for example_skip_dag to 2023-03-26T22:15:28.436529+00:00, run_after=2023-03-27T22:15:28.436529+00:00
[2023-03-28T00:15:28.539+0200] {processor.py:175} INFO - Processing /home/humbulani/miniconda3/envs/apache-airflow/lib/python3.8/site-packages/airflow/example_dags/example_skip_dag.py took 0.167 seconds
[2023-03-28T00:16:13.197+0200] {processor.py:153} INFO - Started process (PID=23443) to work on /home/humbulani/miniconda3/envs/apache-airflow/lib/python3.8/site-packages/airflow/example_dags/example_skip_dag.py
[2023-03-28T00:16:13.240+0200] {processor.py:743} INFO - Processing file /home/humbulani/miniconda3/envs/apache-airflow/lib/python3.8/site-packages/airflow/example_dags/example_skip_dag.py for tasks to queue
[2023-03-28T00:16:13.241+0200] {logging_mixin.py:137} INFO - [2023-03-28T00:16:13.241+0200] {dagbag.py:532} INFO - Filling up the DagBag from /home/humbulani/miniconda3/envs/apache-airflow/lib/python3.8/site-packages/airflow/example_dags/example_skip_dag.py
[2023-03-28T00:16:13.255+0200] {processor.py:753} INFO - DAG(s) dict_keys(['example_skip_dag']) retrieved from /home/humbulani/miniconda3/envs/apache-airflow/lib/python3.8/site-packages/airflow/example_dags/example_skip_dag.py
[2023-03-28T00:16:13.276+0200] {logging_mixin.py:137} INFO - [2023-03-28T00:16:13.276+0200] {dag.py:2693} INFO - Sync 1 DAGs
[2023-03-28T00:16:13.296+0200] {logging_mixin.py:137} INFO - [2023-03-28T00:16:13.296+0200] {dag.py:3440} INFO - Setting next_dagrun for example_skip_dag to 2023-03-26T22:16:13.296316+00:00, run_after=2023-03-27T22:16:13.296316+00:00
[2023-03-28T00:16:13.396+0200] {processor.py:175} INFO - Processing /home/humbulani/miniconda3/envs/apache-airflow/lib/python3.8/site-packages/airflow/example_dags/example_skip_dag.py took 0.202 seconds
[2023-03-28T00:17:09.113+0200] {processor.py:153} INFO - Started process (PID=23575) to work on /home/humbulani/miniconda3/envs/apache-airflow/lib/python3.8/site-packages/airflow/example_dags/example_skip_dag.py
[2023-03-28T00:17:09.124+0200] {processor.py:743} INFO - Processing file /home/humbulani/miniconda3/envs/apache-airflow/lib/python3.8/site-packages/airflow/example_dags/example_skip_dag.py for tasks to queue
[2023-03-28T00:17:09.125+0200] {logging_mixin.py:137} INFO - [2023-03-28T00:17:09.125+0200] {dagbag.py:532} INFO - Filling up the DagBag from /home/humbulani/miniconda3/envs/apache-airflow/lib/python3.8/site-packages/airflow/example_dags/example_skip_dag.py
[2023-03-28T00:17:09.138+0200] {processor.py:753} INFO - DAG(s) dict_keys(['example_skip_dag']) retrieved from /home/humbulani/miniconda3/envs/apache-airflow/lib/python3.8/site-packages/airflow/example_dags/example_skip_dag.py
[2023-03-28T00:17:09.156+0200] {logging_mixin.py:137} INFO - [2023-03-28T00:17:09.156+0200] {dag.py:2693} INFO - Sync 1 DAGs
[2023-03-28T00:17:09.178+0200] {logging_mixin.py:137} INFO - [2023-03-28T00:17:09.178+0200] {dag.py:3440} INFO - Setting next_dagrun for example_skip_dag to 2023-03-26T22:17:09.178090+00:00, run_after=2023-03-27T22:17:09.178090+00:00
[2023-03-28T00:17:09.273+0200] {processor.py:175} INFO - Processing /home/humbulani/miniconda3/envs/apache-airflow/lib/python3.8/site-packages/airflow/example_dags/example_skip_dag.py took 0.162 seconds
[2023-03-28T00:17:54.577+0200] {processor.py:153} INFO - Started process (PID=23622) to work on /home/humbulani/miniconda3/envs/apache-airflow/lib/python3.8/site-packages/airflow/example_dags/example_skip_dag.py
[2023-03-28T00:17:54.589+0200] {processor.py:743} INFO - Processing file /home/humbulani/miniconda3/envs/apache-airflow/lib/python3.8/site-packages/airflow/example_dags/example_skip_dag.py for tasks to queue
[2023-03-28T00:17:54.589+0200] {logging_mixin.py:137} INFO - [2023-03-28T00:17:54.589+0200] {dagbag.py:532} INFO - Filling up the DagBag from /home/humbulani/miniconda3/envs/apache-airflow/lib/python3.8/site-packages/airflow/example_dags/example_skip_dag.py
[2023-03-28T00:17:54.601+0200] {processor.py:753} INFO - DAG(s) dict_keys(['example_skip_dag']) retrieved from /home/humbulani/miniconda3/envs/apache-airflow/lib/python3.8/site-packages/airflow/example_dags/example_skip_dag.py
[2023-03-28T00:17:54.618+0200] {logging_mixin.py:137} INFO - [2023-03-28T00:17:54.618+0200] {dag.py:2693} INFO - Sync 1 DAGs
[2023-03-28T00:17:54.636+0200] {logging_mixin.py:137} INFO - [2023-03-28T00:17:54.636+0200] {dag.py:3440} INFO - Setting next_dagrun for example_skip_dag to 2023-03-26T22:17:54.636249+00:00, run_after=2023-03-27T22:17:54.636249+00:00
[2023-03-28T00:17:54.736+0200] {processor.py:175} INFO - Processing /home/humbulani/miniconda3/envs/apache-airflow/lib/python3.8/site-packages/airflow/example_dags/example_skip_dag.py took 0.161 seconds
[2023-03-28T00:18:38.496+0200] {processor.py:153} INFO - Started process (PID=23665) to work on /home/humbulani/miniconda3/envs/apache-airflow/lib/python3.8/site-packages/airflow/example_dags/example_skip_dag.py
[2023-03-28T00:18:38.513+0200] {processor.py:743} INFO - Processing file /home/humbulani/miniconda3/envs/apache-airflow/lib/python3.8/site-packages/airflow/example_dags/example_skip_dag.py for tasks to queue
[2023-03-28T00:18:38.514+0200] {logging_mixin.py:137} INFO - [2023-03-28T00:18:38.514+0200] {dagbag.py:532} INFO - Filling up the DagBag from /home/humbulani/miniconda3/envs/apache-airflow/lib/python3.8/site-packages/airflow/example_dags/example_skip_dag.py
[2023-03-28T00:18:38.530+0200] {processor.py:753} INFO - DAG(s) dict_keys(['example_skip_dag']) retrieved from /home/humbulani/miniconda3/envs/apache-airflow/lib/python3.8/site-packages/airflow/example_dags/example_skip_dag.py
[2023-03-28T00:18:38.551+0200] {logging_mixin.py:137} INFO - [2023-03-28T00:18:38.551+0200] {dag.py:2693} INFO - Sync 1 DAGs
[2023-03-28T00:18:38.568+0200] {logging_mixin.py:137} INFO - [2023-03-28T00:18:38.567+0200] {dag.py:3440} INFO - Setting next_dagrun for example_skip_dag to 2023-03-26T22:18:38.567670+00:00, run_after=2023-03-27T22:18:38.567670+00:00
[2023-03-28T00:18:38.662+0200] {processor.py:175} INFO - Processing /home/humbulani/miniconda3/envs/apache-airflow/lib/python3.8/site-packages/airflow/example_dags/example_skip_dag.py took 0.169 seconds
[2023-03-28T00:19:26.767+0200] {processor.py:153} INFO - Started process (PID=23710) to work on /home/humbulani/miniconda3/envs/apache-airflow/lib/python3.8/site-packages/airflow/example_dags/example_skip_dag.py
[2023-03-28T00:19:26.778+0200] {processor.py:743} INFO - Processing file /home/humbulani/miniconda3/envs/apache-airflow/lib/python3.8/site-packages/airflow/example_dags/example_skip_dag.py for tasks to queue
[2023-03-28T00:19:26.779+0200] {logging_mixin.py:137} INFO - [2023-03-28T00:19:26.779+0200] {dagbag.py:532} INFO - Filling up the DagBag from /home/humbulani/miniconda3/envs/apache-airflow/lib/python3.8/site-packages/airflow/example_dags/example_skip_dag.py
[2023-03-28T00:19:26.792+0200] {processor.py:753} INFO - DAG(s) dict_keys(['example_skip_dag']) retrieved from /home/humbulani/miniconda3/envs/apache-airflow/lib/python3.8/site-packages/airflow/example_dags/example_skip_dag.py
[2023-03-28T00:19:26.810+0200] {logging_mixin.py:137} INFO - [2023-03-28T00:19:26.810+0200] {dag.py:2693} INFO - Sync 1 DAGs
[2023-03-28T00:19:26.828+0200] {logging_mixin.py:137} INFO - [2023-03-28T00:19:26.828+0200] {dag.py:3440} INFO - Setting next_dagrun for example_skip_dag to 2023-03-26T22:19:26.828595+00:00, run_after=2023-03-27T22:19:26.828595+00:00
[2023-03-28T00:19:26.940+0200] {processor.py:175} INFO - Processing /home/humbulani/miniconda3/envs/apache-airflow/lib/python3.8/site-packages/airflow/example_dags/example_skip_dag.py took 0.176 seconds
[2023-03-28T00:20:14.880+0200] {processor.py:153} INFO - Started process (PID=23760) to work on /home/humbulani/miniconda3/envs/apache-airflow/lib/python3.8/site-packages/airflow/example_dags/example_skip_dag.py
[2023-03-28T00:20:14.926+0200] {processor.py:743} INFO - Processing file /home/humbulani/miniconda3/envs/apache-airflow/lib/python3.8/site-packages/airflow/example_dags/example_skip_dag.py for tasks to queue
[2023-03-28T00:20:14.927+0200] {logging_mixin.py:137} INFO - [2023-03-28T00:20:14.927+0200] {dagbag.py:532} INFO - Filling up the DagBag from /home/humbulani/miniconda3/envs/apache-airflow/lib/python3.8/site-packages/airflow/example_dags/example_skip_dag.py
[2023-03-28T00:20:14.945+0200] {processor.py:753} INFO - DAG(s) dict_keys(['example_skip_dag']) retrieved from /home/humbulani/miniconda3/envs/apache-airflow/lib/python3.8/site-packages/airflow/example_dags/example_skip_dag.py
[2023-03-28T00:20:14.967+0200] {logging_mixin.py:137} INFO - [2023-03-28T00:20:14.967+0200] {dag.py:2693} INFO - Sync 1 DAGs
[2023-03-28T00:20:14.993+0200] {logging_mixin.py:137} INFO - [2023-03-28T00:20:14.993+0200] {dag.py:3440} INFO - Setting next_dagrun for example_skip_dag to 2023-03-26T22:20:14.993292+00:00, run_after=2023-03-27T22:20:14.993292+00:00
[2023-03-28T00:20:15.089+0200] {processor.py:175} INFO - Processing /home/humbulani/miniconda3/envs/apache-airflow/lib/python3.8/site-packages/airflow/example_dags/example_skip_dag.py took 0.212 seconds
[2023-03-28T00:21:14.701+0200] {processor.py:153} INFO - Started process (PID=23815) to work on /home/humbulani/miniconda3/envs/apache-airflow/lib/python3.8/site-packages/airflow/example_dags/example_skip_dag.py
[2023-03-28T00:21:14.717+0200] {processor.py:743} INFO - Processing file /home/humbulani/miniconda3/envs/apache-airflow/lib/python3.8/site-packages/airflow/example_dags/example_skip_dag.py for tasks to queue
[2023-03-28T00:21:14.717+0200] {logging_mixin.py:137} INFO - [2023-03-28T00:21:14.717+0200] {dagbag.py:532} INFO - Filling up the DagBag from /home/humbulani/miniconda3/envs/apache-airflow/lib/python3.8/site-packages/airflow/example_dags/example_skip_dag.py
[2023-03-28T00:21:14.733+0200] {processor.py:753} INFO - DAG(s) dict_keys(['example_skip_dag']) retrieved from /home/humbulani/miniconda3/envs/apache-airflow/lib/python3.8/site-packages/airflow/example_dags/example_skip_dag.py
[2023-03-28T00:21:14.752+0200] {logging_mixin.py:137} INFO - [2023-03-28T00:21:14.752+0200] {dag.py:2693} INFO - Sync 1 DAGs
[2023-03-28T00:21:14.770+0200] {logging_mixin.py:137} INFO - [2023-03-28T00:21:14.770+0200] {dag.py:3440} INFO - Setting next_dagrun for example_skip_dag to 2023-03-26T22:21:14.770595+00:00, run_after=2023-03-27T22:21:14.770595+00:00
[2023-03-28T00:21:14.863+0200] {processor.py:175} INFO - Processing /home/humbulani/miniconda3/envs/apache-airflow/lib/python3.8/site-packages/airflow/example_dags/example_skip_dag.py took 0.164 seconds
