[2023-03-28T00:03:58.184+0200] {processor.py:153} INFO - Started process (PID=22501) to work on /home/humbulani/miniconda3/envs/apache-airflow/lib/python3.8/site-packages/airflow/example_dags/example_external_task_marker_dag.py
[2023-03-28T00:03:58.185+0200] {processor.py:743} INFO - Processing file /home/humbulani/miniconda3/envs/apache-airflow/lib/python3.8/site-packages/airflow/example_dags/example_external_task_marker_dag.py for tasks to queue
[2023-03-28T00:03:58.186+0200] {logging_mixin.py:137} INFO - [2023-03-28T00:03:58.185+0200] {dagbag.py:532} INFO - Filling up the DagBag from /home/humbulani/miniconda3/envs/apache-airflow/lib/python3.8/site-packages/airflow/example_dags/example_external_task_marker_dag.py
[2023-03-28T00:03:58.199+0200] {processor.py:753} INFO - DAG(s) dict_keys(['example_external_task_marker_child', 'example_external_task_marker_parent']) retrieved from /home/humbulani/miniconda3/envs/apache-airflow/lib/python3.8/site-packages/airflow/example_dags/example_external_task_marker_dag.py
[2023-03-28T00:03:58.216+0200] {logging_mixin.py:137} INFO - [2023-03-28T00:03:58.216+0200] {dag.py:2693} INFO - Sync 2 DAGs
[2023-03-28T00:03:58.233+0200] {logging_mixin.py:137} INFO - [2023-03-28T00:03:58.233+0200] {dag.py:3440} INFO - Setting next_dagrun for example_external_task_marker_child to None, run_after=None
[2023-03-28T00:03:58.236+0200] {logging_mixin.py:137} INFO - [2023-03-28T00:03:58.236+0200] {dag.py:3440} INFO - Setting next_dagrun for example_external_task_marker_parent to None, run_after=None
[2023-03-28T00:03:58.307+0200] {processor.py:175} INFO - Processing /home/humbulani/miniconda3/envs/apache-airflow/lib/python3.8/site-packages/airflow/example_dags/example_external_task_marker_dag.py took 0.126 seconds
[2023-03-28T00:04:46.828+0200] {processor.py:153} INFO - Started process (PID=22589) to work on /home/humbulani/miniconda3/envs/apache-airflow/lib/python3.8/site-packages/airflow/example_dags/example_external_task_marker_dag.py
[2023-03-28T00:04:46.888+0200] {processor.py:743} INFO - Processing file /home/humbulani/miniconda3/envs/apache-airflow/lib/python3.8/site-packages/airflow/example_dags/example_external_task_marker_dag.py for tasks to queue
[2023-03-28T00:04:46.888+0200] {logging_mixin.py:137} INFO - [2023-03-28T00:04:46.888+0200] {dagbag.py:532} INFO - Filling up the DagBag from /home/humbulani/miniconda3/envs/apache-airflow/lib/python3.8/site-packages/airflow/example_dags/example_external_task_marker_dag.py
[2023-03-28T00:04:46.903+0200] {processor.py:753} INFO - DAG(s) dict_keys(['example_external_task_marker_child', 'example_external_task_marker_parent']) retrieved from /home/humbulani/miniconda3/envs/apache-airflow/lib/python3.8/site-packages/airflow/example_dags/example_external_task_marker_dag.py
[2023-03-28T00:04:46.926+0200] {logging_mixin.py:137} INFO - [2023-03-28T00:04:46.926+0200] {dag.py:2693} INFO - Sync 2 DAGs
[2023-03-28T00:04:46.946+0200] {logging_mixin.py:137} INFO - [2023-03-28T00:04:46.946+0200] {dag.py:3440} INFO - Setting next_dagrun for example_external_task_marker_child to None, run_after=None
[2023-03-28T00:04:46.950+0200] {logging_mixin.py:137} INFO - [2023-03-28T00:04:46.950+0200] {dag.py:3440} INFO - Setting next_dagrun for example_external_task_marker_parent to None, run_after=None
[2023-03-28T00:04:47.027+0200] {processor.py:175} INFO - Processing /home/humbulani/miniconda3/envs/apache-airflow/lib/python3.8/site-packages/airflow/example_dags/example_external_task_marker_dag.py took 0.201 seconds
[2023-03-28T00:05:33.887+0200] {processor.py:153} INFO - Started process (PID=22631) to work on /home/humbulani/miniconda3/envs/apache-airflow/lib/python3.8/site-packages/airflow/example_dags/example_external_task_marker_dag.py
[2023-03-28T00:05:33.888+0200] {processor.py:743} INFO - Processing file /home/humbulani/miniconda3/envs/apache-airflow/lib/python3.8/site-packages/airflow/example_dags/example_external_task_marker_dag.py for tasks to queue
[2023-03-28T00:05:33.888+0200] {logging_mixin.py:137} INFO - [2023-03-28T00:05:33.888+0200] {dagbag.py:532} INFO - Filling up the DagBag from /home/humbulani/miniconda3/envs/apache-airflow/lib/python3.8/site-packages/airflow/example_dags/example_external_task_marker_dag.py
[2023-03-28T00:05:33.900+0200] {processor.py:753} INFO - DAG(s) dict_keys(['example_external_task_marker_parent', 'example_external_task_marker_child']) retrieved from /home/humbulani/miniconda3/envs/apache-airflow/lib/python3.8/site-packages/airflow/example_dags/example_external_task_marker_dag.py
[2023-03-28T00:05:33.918+0200] {logging_mixin.py:137} INFO - [2023-03-28T00:05:33.918+0200] {dag.py:2693} INFO - Sync 2 DAGs
[2023-03-28T00:05:33.937+0200] {logging_mixin.py:137} INFO - [2023-03-28T00:05:33.936+0200] {dag.py:3440} INFO - Setting next_dagrun for example_external_task_marker_child to None, run_after=None
[2023-03-28T00:05:33.939+0200] {logging_mixin.py:137} INFO - [2023-03-28T00:05:33.939+0200] {dag.py:3440} INFO - Setting next_dagrun for example_external_task_marker_parent to None, run_after=None
[2023-03-28T00:05:34.003+0200] {processor.py:175} INFO - Processing /home/humbulani/miniconda3/envs/apache-airflow/lib/python3.8/site-packages/airflow/example_dags/example_external_task_marker_dag.py took 0.118 seconds
[2023-03-28T00:06:20.964+0200] {processor.py:153} INFO - Started process (PID=22751) to work on /home/humbulani/miniconda3/envs/apache-airflow/lib/python3.8/site-packages/airflow/example_dags/example_external_task_marker_dag.py
[2023-03-28T00:06:20.965+0200] {processor.py:743} INFO - Processing file /home/humbulani/miniconda3/envs/apache-airflow/lib/python3.8/site-packages/airflow/example_dags/example_external_task_marker_dag.py for tasks to queue
[2023-03-28T00:06:20.966+0200] {logging_mixin.py:137} INFO - [2023-03-28T00:06:20.966+0200] {dagbag.py:532} INFO - Filling up the DagBag from /home/humbulani/miniconda3/envs/apache-airflow/lib/python3.8/site-packages/airflow/example_dags/example_external_task_marker_dag.py
[2023-03-28T00:06:20.980+0200] {processor.py:753} INFO - DAG(s) dict_keys(['example_external_task_marker_parent', 'example_external_task_marker_child']) retrieved from /home/humbulani/miniconda3/envs/apache-airflow/lib/python3.8/site-packages/airflow/example_dags/example_external_task_marker_dag.py
[2023-03-28T00:06:20.999+0200] {logging_mixin.py:137} INFO - [2023-03-28T00:06:20.998+0200] {dag.py:2693} INFO - Sync 2 DAGs
[2023-03-28T00:06:21.015+0200] {logging_mixin.py:137} INFO - [2023-03-28T00:06:21.015+0200] {dag.py:3440} INFO - Setting next_dagrun for example_external_task_marker_child to None, run_after=None
[2023-03-28T00:06:21.018+0200] {logging_mixin.py:137} INFO - [2023-03-28T00:06:21.018+0200] {dag.py:3440} INFO - Setting next_dagrun for example_external_task_marker_parent to None, run_after=None
[2023-03-28T00:06:21.089+0200] {processor.py:175} INFO - Processing /home/humbulani/miniconda3/envs/apache-airflow/lib/python3.8/site-packages/airflow/example_dags/example_external_task_marker_dag.py took 0.128 seconds
[2023-03-28T00:07:06.703+0200] {processor.py:153} INFO - Started process (PID=22796) to work on /home/humbulani/miniconda3/envs/apache-airflow/lib/python3.8/site-packages/airflow/example_dags/example_external_task_marker_dag.py
[2023-03-28T00:07:06.704+0200] {processor.py:743} INFO - Processing file /home/humbulani/miniconda3/envs/apache-airflow/lib/python3.8/site-packages/airflow/example_dags/example_external_task_marker_dag.py for tasks to queue
[2023-03-28T00:07:06.704+0200] {logging_mixin.py:137} INFO - [2023-03-28T00:07:06.704+0200] {dagbag.py:532} INFO - Filling up the DagBag from /home/humbulani/miniconda3/envs/apache-airflow/lib/python3.8/site-packages/airflow/example_dags/example_external_task_marker_dag.py
[2023-03-28T00:07:06.716+0200] {processor.py:753} INFO - DAG(s) dict_keys(['example_external_task_marker_parent', 'example_external_task_marker_child']) retrieved from /home/humbulani/miniconda3/envs/apache-airflow/lib/python3.8/site-packages/airflow/example_dags/example_external_task_marker_dag.py
[2023-03-28T00:07:06.737+0200] {logging_mixin.py:137} INFO - [2023-03-28T00:07:06.736+0200] {dag.py:2693} INFO - Sync 2 DAGs
[2023-03-28T00:07:06.755+0200] {logging_mixin.py:137} INFO - [2023-03-28T00:07:06.754+0200] {dag.py:3440} INFO - Setting next_dagrun for example_external_task_marker_child to None, run_after=None
[2023-03-28T00:07:06.757+0200] {logging_mixin.py:137} INFO - [2023-03-28T00:07:06.757+0200] {dag.py:3440} INFO - Setting next_dagrun for example_external_task_marker_parent to None, run_after=None
[2023-03-28T00:07:06.826+0200] {processor.py:175} INFO - Processing /home/humbulani/miniconda3/envs/apache-airflow/lib/python3.8/site-packages/airflow/example_dags/example_external_task_marker_dag.py took 0.125 seconds
[2023-03-28T00:07:46.506+0200] {processor.py:153} INFO - Started process (PID=22854) to work on /home/humbulani/miniconda3/envs/apache-airflow/lib/python3.8/site-packages/airflow/example_dags/example_external_task_marker_dag.py
[2023-03-28T00:07:46.506+0200] {processor.py:743} INFO - Processing file /home/humbulani/miniconda3/envs/apache-airflow/lib/python3.8/site-packages/airflow/example_dags/example_external_task_marker_dag.py for tasks to queue
[2023-03-28T00:07:46.507+0200] {logging_mixin.py:137} INFO - [2023-03-28T00:07:46.507+0200] {dagbag.py:532} INFO - Filling up the DagBag from /home/humbulani/miniconda3/envs/apache-airflow/lib/python3.8/site-packages/airflow/example_dags/example_external_task_marker_dag.py
[2023-03-28T00:07:46.523+0200] {processor.py:753} INFO - DAG(s) dict_keys(['example_external_task_marker_child', 'example_external_task_marker_parent']) retrieved from /home/humbulani/miniconda3/envs/apache-airflow/lib/python3.8/site-packages/airflow/example_dags/example_external_task_marker_dag.py
[2023-03-28T00:07:46.543+0200] {logging_mixin.py:137} INFO - [2023-03-28T00:07:46.543+0200] {dag.py:2693} INFO - Sync 2 DAGs
[2023-03-28T00:07:46.563+0200] {logging_mixin.py:137} INFO - [2023-03-28T00:07:46.563+0200] {dag.py:3440} INFO - Setting next_dagrun for example_external_task_marker_child to None, run_after=None
[2023-03-28T00:07:46.566+0200] {logging_mixin.py:137} INFO - [2023-03-28T00:07:46.566+0200] {dag.py:3440} INFO - Setting next_dagrun for example_external_task_marker_parent to None, run_after=None
[2023-03-28T00:07:46.670+0200] {processor.py:175} INFO - Processing /home/humbulani/miniconda3/envs/apache-airflow/lib/python3.8/site-packages/airflow/example_dags/example_external_task_marker_dag.py took 0.166 seconds
[2023-03-28T00:08:39.656+0200] {processor.py:153} INFO - Started process (PID=22934) to work on /home/humbulani/miniconda3/envs/apache-airflow/lib/python3.8/site-packages/airflow/example_dags/example_external_task_marker_dag.py
[2023-03-28T00:08:39.657+0200] {processor.py:743} INFO - Processing file /home/humbulani/miniconda3/envs/apache-airflow/lib/python3.8/site-packages/airflow/example_dags/example_external_task_marker_dag.py for tasks to queue
[2023-03-28T00:08:39.658+0200] {logging_mixin.py:137} INFO - [2023-03-28T00:08:39.658+0200] {dagbag.py:532} INFO - Filling up the DagBag from /home/humbulani/miniconda3/envs/apache-airflow/lib/python3.8/site-packages/airflow/example_dags/example_external_task_marker_dag.py
[2023-03-28T00:08:39.670+0200] {processor.py:753} INFO - DAG(s) dict_keys(['example_external_task_marker_parent', 'example_external_task_marker_child']) retrieved from /home/humbulani/miniconda3/envs/apache-airflow/lib/python3.8/site-packages/airflow/example_dags/example_external_task_marker_dag.py
[2023-03-28T00:08:39.688+0200] {logging_mixin.py:137} INFO - [2023-03-28T00:08:39.688+0200] {dag.py:2693} INFO - Sync 2 DAGs
[2023-03-28T00:08:39.704+0200] {logging_mixin.py:137} INFO - [2023-03-28T00:08:39.704+0200] {dag.py:3440} INFO - Setting next_dagrun for example_external_task_marker_child to None, run_after=None
[2023-03-28T00:08:39.707+0200] {logging_mixin.py:137} INFO - [2023-03-28T00:08:39.707+0200] {dag.py:3440} INFO - Setting next_dagrun for example_external_task_marker_parent to None, run_after=None
[2023-03-28T00:08:39.867+0200] {processor.py:175} INFO - Processing /home/humbulani/miniconda3/envs/apache-airflow/lib/python3.8/site-packages/airflow/example_dags/example_external_task_marker_dag.py took 0.213 seconds
[2023-03-28T00:09:18.466+0200] {processor.py:153} INFO - Started process (PID=22977) to work on /home/humbulani/miniconda3/envs/apache-airflow/lib/python3.8/site-packages/airflow/example_dags/example_external_task_marker_dag.py
[2023-03-28T00:09:18.485+0200] {processor.py:743} INFO - Processing file /home/humbulani/miniconda3/envs/apache-airflow/lib/python3.8/site-packages/airflow/example_dags/example_external_task_marker_dag.py for tasks to queue
[2023-03-28T00:09:18.485+0200] {logging_mixin.py:137} INFO - [2023-03-28T00:09:18.485+0200] {dagbag.py:532} INFO - Filling up the DagBag from /home/humbulani/miniconda3/envs/apache-airflow/lib/python3.8/site-packages/airflow/example_dags/example_external_task_marker_dag.py
[2023-03-28T00:09:18.500+0200] {processor.py:753} INFO - DAG(s) dict_keys(['example_external_task_marker_child', 'example_external_task_marker_parent']) retrieved from /home/humbulani/miniconda3/envs/apache-airflow/lib/python3.8/site-packages/airflow/example_dags/example_external_task_marker_dag.py
[2023-03-28T00:09:18.522+0200] {logging_mixin.py:137} INFO - [2023-03-28T00:09:18.522+0200] {dag.py:2693} INFO - Sync 2 DAGs
[2023-03-28T00:09:18.619+0200] {logging_mixin.py:137} INFO - [2023-03-28T00:09:18.619+0200] {dag.py:3440} INFO - Setting next_dagrun for example_external_task_marker_child to None, run_after=None
[2023-03-28T00:09:18.622+0200] {logging_mixin.py:137} INFO - [2023-03-28T00:09:18.622+0200] {dag.py:3440} INFO - Setting next_dagrun for example_external_task_marker_parent to None, run_after=None
[2023-03-28T00:09:18.693+0200] {processor.py:175} INFO - Processing /home/humbulani/miniconda3/envs/apache-airflow/lib/python3.8/site-packages/airflow/example_dags/example_external_task_marker_dag.py took 0.230 seconds
[2023-03-28T00:09:59.074+0200] {processor.py:153} INFO - Started process (PID=23014) to work on /home/humbulani/miniconda3/envs/apache-airflow/lib/python3.8/site-packages/airflow/example_dags/example_external_task_marker_dag.py
[2023-03-28T00:09:59.087+0200] {processor.py:743} INFO - Processing file /home/humbulani/miniconda3/envs/apache-airflow/lib/python3.8/site-packages/airflow/example_dags/example_external_task_marker_dag.py for tasks to queue
[2023-03-28T00:09:59.088+0200] {logging_mixin.py:137} INFO - [2023-03-28T00:09:59.088+0200] {dagbag.py:532} INFO - Filling up the DagBag from /home/humbulani/miniconda3/envs/apache-airflow/lib/python3.8/site-packages/airflow/example_dags/example_external_task_marker_dag.py
[2023-03-28T00:09:59.103+0200] {processor.py:753} INFO - DAG(s) dict_keys(['example_external_task_marker_parent', 'example_external_task_marker_child']) retrieved from /home/humbulani/miniconda3/envs/apache-airflow/lib/python3.8/site-packages/airflow/example_dags/example_external_task_marker_dag.py
[2023-03-28T00:09:59.122+0200] {logging_mixin.py:137} INFO - [2023-03-28T00:09:59.122+0200] {dag.py:2693} INFO - Sync 2 DAGs
[2023-03-28T00:09:59.216+0200] {logging_mixin.py:137} INFO - [2023-03-28T00:09:59.216+0200] {dag.py:3440} INFO - Setting next_dagrun for example_external_task_marker_child to None, run_after=None
[2023-03-28T00:09:59.219+0200] {logging_mixin.py:137} INFO - [2023-03-28T00:09:59.219+0200] {dag.py:3440} INFO - Setting next_dagrun for example_external_task_marker_parent to None, run_after=None
[2023-03-28T00:09:59.294+0200] {processor.py:175} INFO - Processing /home/humbulani/miniconda3/envs/apache-airflow/lib/python3.8/site-packages/airflow/example_dags/example_external_task_marker_dag.py took 0.223 seconds
[2023-03-28T00:10:37.742+0200] {processor.py:153} INFO - Started process (PID=23047) to work on /home/humbulani/miniconda3/envs/apache-airflow/lib/python3.8/site-packages/airflow/example_dags/example_external_task_marker_dag.py
[2023-03-28T00:10:37.756+0200] {processor.py:743} INFO - Processing file /home/humbulani/miniconda3/envs/apache-airflow/lib/python3.8/site-packages/airflow/example_dags/example_external_task_marker_dag.py for tasks to queue
[2023-03-28T00:10:37.757+0200] {logging_mixin.py:137} INFO - [2023-03-28T00:10:37.757+0200] {dagbag.py:532} INFO - Filling up the DagBag from /home/humbulani/miniconda3/envs/apache-airflow/lib/python3.8/site-packages/airflow/example_dags/example_external_task_marker_dag.py
[2023-03-28T00:10:37.771+0200] {processor.py:753} INFO - DAG(s) dict_keys(['example_external_task_marker_child', 'example_external_task_marker_parent']) retrieved from /home/humbulani/miniconda3/envs/apache-airflow/lib/python3.8/site-packages/airflow/example_dags/example_external_task_marker_dag.py
[2023-03-28T00:10:37.875+0200] {logging_mixin.py:137} INFO - [2023-03-28T00:10:37.875+0200] {dag.py:2693} INFO - Sync 2 DAGs
[2023-03-28T00:10:37.893+0200] {logging_mixin.py:137} INFO - [2023-03-28T00:10:37.893+0200] {dag.py:3440} INFO - Setting next_dagrun for example_external_task_marker_child to None, run_after=None
[2023-03-28T00:10:37.895+0200] {logging_mixin.py:137} INFO - [2023-03-28T00:10:37.895+0200] {dag.py:3440} INFO - Setting next_dagrun for example_external_task_marker_parent to None, run_after=None
[2023-03-28T00:10:37.972+0200] {processor.py:175} INFO - Processing /home/humbulani/miniconda3/envs/apache-airflow/lib/python3.8/site-packages/airflow/example_dags/example_external_task_marker_dag.py took 0.232 seconds
[2023-03-28T00:11:20.434+0200] {processor.py:153} INFO - Started process (PID=23086) to work on /home/humbulani/miniconda3/envs/apache-airflow/lib/python3.8/site-packages/airflow/example_dags/example_external_task_marker_dag.py
[2023-03-28T00:11:20.448+0200] {processor.py:743} INFO - Processing file /home/humbulani/miniconda3/envs/apache-airflow/lib/python3.8/site-packages/airflow/example_dags/example_external_task_marker_dag.py for tasks to queue
[2023-03-28T00:11:20.448+0200] {logging_mixin.py:137} INFO - [2023-03-28T00:11:20.448+0200] {dagbag.py:532} INFO - Filling up the DagBag from /home/humbulani/miniconda3/envs/apache-airflow/lib/python3.8/site-packages/airflow/example_dags/example_external_task_marker_dag.py
[2023-03-28T00:11:20.460+0200] {processor.py:753} INFO - DAG(s) dict_keys(['example_external_task_marker_parent', 'example_external_task_marker_child']) retrieved from /home/humbulani/miniconda3/envs/apache-airflow/lib/python3.8/site-packages/airflow/example_dags/example_external_task_marker_dag.py
[2023-03-28T00:11:20.556+0200] {logging_mixin.py:137} INFO - [2023-03-28T00:11:20.556+0200] {dag.py:2693} INFO - Sync 2 DAGs
[2023-03-28T00:11:20.571+0200] {logging_mixin.py:137} INFO - [2023-03-28T00:11:20.571+0200] {dag.py:3440} INFO - Setting next_dagrun for example_external_task_marker_child to None, run_after=None
[2023-03-28T00:11:20.574+0200] {logging_mixin.py:137} INFO - [2023-03-28T00:11:20.574+0200] {dag.py:3440} INFO - Setting next_dagrun for example_external_task_marker_parent to None, run_after=None
[2023-03-28T00:11:20.641+0200] {processor.py:175} INFO - Processing /home/humbulani/miniconda3/envs/apache-airflow/lib/python3.8/site-packages/airflow/example_dags/example_external_task_marker_dag.py took 0.209 seconds
[2023-03-28T00:12:07.307+0200] {processor.py:153} INFO - Started process (PID=23122) to work on /home/humbulani/miniconda3/envs/apache-airflow/lib/python3.8/site-packages/airflow/example_dags/example_external_task_marker_dag.py
[2023-03-28T00:12:07.326+0200] {processor.py:743} INFO - Processing file /home/humbulani/miniconda3/envs/apache-airflow/lib/python3.8/site-packages/airflow/example_dags/example_external_task_marker_dag.py for tasks to queue
[2023-03-28T00:12:07.326+0200] {logging_mixin.py:137} INFO - [2023-03-28T00:12:07.326+0200] {dagbag.py:532} INFO - Filling up the DagBag from /home/humbulani/miniconda3/envs/apache-airflow/lib/python3.8/site-packages/airflow/example_dags/example_external_task_marker_dag.py
[2023-03-28T00:12:07.424+0200] {processor.py:753} INFO - DAG(s) dict_keys(['example_external_task_marker_parent', 'example_external_task_marker_child']) retrieved from /home/humbulani/miniconda3/envs/apache-airflow/lib/python3.8/site-packages/airflow/example_dags/example_external_task_marker_dag.py
[2023-03-28T00:12:07.439+0200] {logging_mixin.py:137} INFO - [2023-03-28T00:12:07.439+0200] {dag.py:2693} INFO - Sync 2 DAGs
[2023-03-28T00:12:07.454+0200] {logging_mixin.py:137} INFO - [2023-03-28T00:12:07.454+0200] {dag.py:3440} INFO - Setting next_dagrun for example_external_task_marker_child to None, run_after=None
[2023-03-28T00:12:07.457+0200] {logging_mixin.py:137} INFO - [2023-03-28T00:12:07.457+0200] {dag.py:3440} INFO - Setting next_dagrun for example_external_task_marker_parent to None, run_after=None
[2023-03-28T00:12:07.579+0200] {processor.py:175} INFO - Processing /home/humbulani/miniconda3/envs/apache-airflow/lib/python3.8/site-packages/airflow/example_dags/example_external_task_marker_dag.py took 0.274 seconds
[2023-03-28T00:12:50.724+0200] {processor.py:153} INFO - Started process (PID=23188) to work on /home/humbulani/miniconda3/envs/apache-airflow/lib/python3.8/site-packages/airflow/example_dags/example_external_task_marker_dag.py
[2023-03-28T00:12:50.741+0200] {processor.py:743} INFO - Processing file /home/humbulani/miniconda3/envs/apache-airflow/lib/python3.8/site-packages/airflow/example_dags/example_external_task_marker_dag.py for tasks to queue
[2023-03-28T00:12:50.742+0200] {logging_mixin.py:137} INFO - [2023-03-28T00:12:50.742+0200] {dagbag.py:532} INFO - Filling up the DagBag from /home/humbulani/miniconda3/envs/apache-airflow/lib/python3.8/site-packages/airflow/example_dags/example_external_task_marker_dag.py
[2023-03-28T00:12:50.757+0200] {processor.py:753} INFO - DAG(s) dict_keys(['example_external_task_marker_parent', 'example_external_task_marker_child']) retrieved from /home/humbulani/miniconda3/envs/apache-airflow/lib/python3.8/site-packages/airflow/example_dags/example_external_task_marker_dag.py
[2023-03-28T00:12:50.778+0200] {logging_mixin.py:137} INFO - [2023-03-28T00:12:50.778+0200] {dag.py:2693} INFO - Sync 2 DAGs
[2023-03-28T00:12:50.796+0200] {logging_mixin.py:137} INFO - [2023-03-28T00:12:50.795+0200] {dag.py:3440} INFO - Setting next_dagrun for example_external_task_marker_child to None, run_after=None
[2023-03-28T00:12:50.798+0200] {logging_mixin.py:137} INFO - [2023-03-28T00:12:50.798+0200] {dag.py:3440} INFO - Setting next_dagrun for example_external_task_marker_parent to None, run_after=None
[2023-03-28T00:12:50.873+0200] {processor.py:175} INFO - Processing /home/humbulani/miniconda3/envs/apache-airflow/lib/python3.8/site-packages/airflow/example_dags/example_external_task_marker_dag.py took 0.153 seconds
[2023-03-28T00:13:36.488+0200] {processor.py:153} INFO - Started process (PID=23241) to work on /home/humbulani/miniconda3/envs/apache-airflow/lib/python3.8/site-packages/airflow/example_dags/example_external_task_marker_dag.py
[2023-03-28T00:13:36.502+0200] {processor.py:743} INFO - Processing file /home/humbulani/miniconda3/envs/apache-airflow/lib/python3.8/site-packages/airflow/example_dags/example_external_task_marker_dag.py for tasks to queue
[2023-03-28T00:13:36.503+0200] {logging_mixin.py:137} INFO - [2023-03-28T00:13:36.503+0200] {dagbag.py:532} INFO - Filling up the DagBag from /home/humbulani/miniconda3/envs/apache-airflow/lib/python3.8/site-packages/airflow/example_dags/example_external_task_marker_dag.py
[2023-03-28T00:13:36.517+0200] {processor.py:753} INFO - DAG(s) dict_keys(['example_external_task_marker_child', 'example_external_task_marker_parent']) retrieved from /home/humbulani/miniconda3/envs/apache-airflow/lib/python3.8/site-packages/airflow/example_dags/example_external_task_marker_dag.py
[2023-03-28T00:13:36.536+0200] {logging_mixin.py:137} INFO - [2023-03-28T00:13:36.536+0200] {dag.py:2693} INFO - Sync 2 DAGs
[2023-03-28T00:13:36.554+0200] {logging_mixin.py:137} INFO - [2023-03-28T00:13:36.554+0200] {dag.py:3440} INFO - Setting next_dagrun for example_external_task_marker_child to None, run_after=None
[2023-03-28T00:13:36.557+0200] {logging_mixin.py:137} INFO - [2023-03-28T00:13:36.556+0200] {dag.py:3440} INFO - Setting next_dagrun for example_external_task_marker_parent to None, run_after=None
[2023-03-28T00:13:36.642+0200] {processor.py:175} INFO - Processing /home/humbulani/miniconda3/envs/apache-airflow/lib/python3.8/site-packages/airflow/example_dags/example_external_task_marker_dag.py took 0.158 seconds
[2023-03-28T00:14:20.585+0200] {processor.py:153} INFO - Started process (PID=23285) to work on /home/humbulani/miniconda3/envs/apache-airflow/lib/python3.8/site-packages/airflow/example_dags/example_external_task_marker_dag.py
[2023-03-28T00:14:20.603+0200] {processor.py:743} INFO - Processing file /home/humbulani/miniconda3/envs/apache-airflow/lib/python3.8/site-packages/airflow/example_dags/example_external_task_marker_dag.py for tasks to queue
[2023-03-28T00:14:20.603+0200] {logging_mixin.py:137} INFO - [2023-03-28T00:14:20.603+0200] {dagbag.py:532} INFO - Filling up the DagBag from /home/humbulani/miniconda3/envs/apache-airflow/lib/python3.8/site-packages/airflow/example_dags/example_external_task_marker_dag.py
[2023-03-28T00:14:20.615+0200] {processor.py:753} INFO - DAG(s) dict_keys(['example_external_task_marker_child', 'example_external_task_marker_parent']) retrieved from /home/humbulani/miniconda3/envs/apache-airflow/lib/python3.8/site-packages/airflow/example_dags/example_external_task_marker_dag.py
[2023-03-28T00:14:20.633+0200] {logging_mixin.py:137} INFO - [2023-03-28T00:14:20.633+0200] {dag.py:2693} INFO - Sync 2 DAGs
[2023-03-28T00:14:20.650+0200] {logging_mixin.py:137} INFO - [2023-03-28T00:14:20.649+0200] {dag.py:3440} INFO - Setting next_dagrun for example_external_task_marker_child to None, run_after=None
[2023-03-28T00:14:20.652+0200] {logging_mixin.py:137} INFO - [2023-03-28T00:14:20.652+0200] {dag.py:3440} INFO - Setting next_dagrun for example_external_task_marker_parent to None, run_after=None
[2023-03-28T00:14:20.737+0200] {processor.py:175} INFO - Processing /home/humbulani/miniconda3/envs/apache-airflow/lib/python3.8/site-packages/airflow/example_dags/example_external_task_marker_dag.py took 0.155 seconds
[2023-03-28T00:15:09.764+0200] {processor.py:153} INFO - Started process (PID=23334) to work on /home/humbulani/miniconda3/envs/apache-airflow/lib/python3.8/site-packages/airflow/example_dags/example_external_task_marker_dag.py
[2023-03-28T00:15:09.778+0200] {processor.py:743} INFO - Processing file /home/humbulani/miniconda3/envs/apache-airflow/lib/python3.8/site-packages/airflow/example_dags/example_external_task_marker_dag.py for tasks to queue
[2023-03-28T00:15:09.778+0200] {logging_mixin.py:137} INFO - [2023-03-28T00:15:09.778+0200] {dagbag.py:532} INFO - Filling up the DagBag from /home/humbulani/miniconda3/envs/apache-airflow/lib/python3.8/site-packages/airflow/example_dags/example_external_task_marker_dag.py
[2023-03-28T00:15:09.790+0200] {processor.py:753} INFO - DAG(s) dict_keys(['example_external_task_marker_parent', 'example_external_task_marker_child']) retrieved from /home/humbulani/miniconda3/envs/apache-airflow/lib/python3.8/site-packages/airflow/example_dags/example_external_task_marker_dag.py
[2023-03-28T00:15:09.808+0200] {logging_mixin.py:137} INFO - [2023-03-28T00:15:09.808+0200] {dag.py:2693} INFO - Sync 2 DAGs
[2023-03-28T00:15:09.825+0200] {logging_mixin.py:137} INFO - [2023-03-28T00:15:09.825+0200] {dag.py:3440} INFO - Setting next_dagrun for example_external_task_marker_child to None, run_after=None
[2023-03-28T00:15:09.827+0200] {logging_mixin.py:137} INFO - [2023-03-28T00:15:09.827+0200] {dag.py:3440} INFO - Setting next_dagrun for example_external_task_marker_parent to None, run_after=None
[2023-03-28T00:15:09.896+0200] {processor.py:175} INFO - Processing /home/humbulani/miniconda3/envs/apache-airflow/lib/python3.8/site-packages/airflow/example_dags/example_external_task_marker_dag.py took 0.134 seconds
[2023-03-28T00:15:55.747+0200] {processor.py:153} INFO - Started process (PID=23413) to work on /home/humbulani/miniconda3/envs/apache-airflow/lib/python3.8/site-packages/airflow/example_dags/example_external_task_marker_dag.py
[2023-03-28T00:15:55.768+0200] {processor.py:743} INFO - Processing file /home/humbulani/miniconda3/envs/apache-airflow/lib/python3.8/site-packages/airflow/example_dags/example_external_task_marker_dag.py for tasks to queue
[2023-03-28T00:15:55.769+0200] {logging_mixin.py:137} INFO - [2023-03-28T00:15:55.769+0200] {dagbag.py:532} INFO - Filling up the DagBag from /home/humbulani/miniconda3/envs/apache-airflow/lib/python3.8/site-packages/airflow/example_dags/example_external_task_marker_dag.py
[2023-03-28T00:15:55.781+0200] {processor.py:753} INFO - DAG(s) dict_keys(['example_external_task_marker_parent', 'example_external_task_marker_child']) retrieved from /home/humbulani/miniconda3/envs/apache-airflow/lib/python3.8/site-packages/airflow/example_dags/example_external_task_marker_dag.py
[2023-03-28T00:15:55.800+0200] {logging_mixin.py:137} INFO - [2023-03-28T00:15:55.800+0200] {dag.py:2693} INFO - Sync 2 DAGs
[2023-03-28T00:15:55.818+0200] {logging_mixin.py:137} INFO - [2023-03-28T00:15:55.818+0200] {dag.py:3440} INFO - Setting next_dagrun for example_external_task_marker_child to None, run_after=None
[2023-03-28T00:15:55.821+0200] {logging_mixin.py:137} INFO - [2023-03-28T00:15:55.820+0200] {dag.py:3440} INFO - Setting next_dagrun for example_external_task_marker_parent to None, run_after=None
[2023-03-28T00:15:55.903+0200] {processor.py:175} INFO - Processing /home/humbulani/miniconda3/envs/apache-airflow/lib/python3.8/site-packages/airflow/example_dags/example_external_task_marker_dag.py took 0.158 seconds
[2023-03-28T00:16:45.135+0200] {processor.py:153} INFO - Started process (PID=23487) to work on /home/humbulani/miniconda3/envs/apache-airflow/lib/python3.8/site-packages/airflow/example_dags/example_external_task_marker_dag.py
[2023-03-28T00:16:45.147+0200] {processor.py:743} INFO - Processing file /home/humbulani/miniconda3/envs/apache-airflow/lib/python3.8/site-packages/airflow/example_dags/example_external_task_marker_dag.py for tasks to queue
[2023-03-28T00:16:45.148+0200] {logging_mixin.py:137} INFO - [2023-03-28T00:16:45.148+0200] {dagbag.py:532} INFO - Filling up the DagBag from /home/humbulani/miniconda3/envs/apache-airflow/lib/python3.8/site-packages/airflow/example_dags/example_external_task_marker_dag.py
[2023-03-28T00:16:45.163+0200] {processor.py:753} INFO - DAG(s) dict_keys(['example_external_task_marker_child', 'example_external_task_marker_parent']) retrieved from /home/humbulani/miniconda3/envs/apache-airflow/lib/python3.8/site-packages/airflow/example_dags/example_external_task_marker_dag.py
[2023-03-28T00:16:45.182+0200] {logging_mixin.py:137} INFO - [2023-03-28T00:16:45.182+0200] {dag.py:2693} INFO - Sync 2 DAGs
[2023-03-28T00:16:45.200+0200] {logging_mixin.py:137} INFO - [2023-03-28T00:16:45.200+0200] {dag.py:3440} INFO - Setting next_dagrun for example_external_task_marker_child to None, run_after=None
[2023-03-28T00:16:45.203+0200] {logging_mixin.py:137} INFO - [2023-03-28T00:16:45.203+0200] {dag.py:3440} INFO - Setting next_dagrun for example_external_task_marker_parent to None, run_after=None
[2023-03-28T00:16:45.278+0200] {processor.py:175} INFO - Processing /home/humbulani/miniconda3/envs/apache-airflow/lib/python3.8/site-packages/airflow/example_dags/example_external_task_marker_dag.py took 0.146 seconds
[2023-03-28T00:17:35.064+0200] {processor.py:153} INFO - Started process (PID=23602) to work on /home/humbulani/miniconda3/envs/apache-airflow/lib/python3.8/site-packages/airflow/example_dags/example_external_task_marker_dag.py
[2023-03-28T00:17:35.080+0200] {processor.py:743} INFO - Processing file /home/humbulani/miniconda3/envs/apache-airflow/lib/python3.8/site-packages/airflow/example_dags/example_external_task_marker_dag.py for tasks to queue
[2023-03-28T00:17:35.080+0200] {logging_mixin.py:137} INFO - [2023-03-28T00:17:35.080+0200] {dagbag.py:532} INFO - Filling up the DagBag from /home/humbulani/miniconda3/envs/apache-airflow/lib/python3.8/site-packages/airflow/example_dags/example_external_task_marker_dag.py
[2023-03-28T00:17:35.092+0200] {processor.py:753} INFO - DAG(s) dict_keys(['example_external_task_marker_parent', 'example_external_task_marker_child']) retrieved from /home/humbulani/miniconda3/envs/apache-airflow/lib/python3.8/site-packages/airflow/example_dags/example_external_task_marker_dag.py
[2023-03-28T00:17:35.112+0200] {logging_mixin.py:137} INFO - [2023-03-28T00:17:35.111+0200] {dag.py:2693} INFO - Sync 2 DAGs
[2023-03-28T00:17:35.129+0200] {logging_mixin.py:137} INFO - [2023-03-28T00:17:35.129+0200] {dag.py:3440} INFO - Setting next_dagrun for example_external_task_marker_child to None, run_after=None
[2023-03-28T00:17:35.131+0200] {logging_mixin.py:137} INFO - [2023-03-28T00:17:35.131+0200] {dag.py:3440} INFO - Setting next_dagrun for example_external_task_marker_parent to None, run_after=None
[2023-03-28T00:17:35.210+0200] {processor.py:175} INFO - Processing /home/humbulani/miniconda3/envs/apache-airflow/lib/python3.8/site-packages/airflow/example_dags/example_external_task_marker_dag.py took 0.149 seconds
[2023-03-28T00:18:18.863+0200] {processor.py:153} INFO - Started process (PID=23647) to work on /home/humbulani/miniconda3/envs/apache-airflow/lib/python3.8/site-packages/airflow/example_dags/example_external_task_marker_dag.py
[2023-03-28T00:18:18.874+0200] {processor.py:743} INFO - Processing file /home/humbulani/miniconda3/envs/apache-airflow/lib/python3.8/site-packages/airflow/example_dags/example_external_task_marker_dag.py for tasks to queue
[2023-03-28T00:18:18.875+0200] {logging_mixin.py:137} INFO - [2023-03-28T00:18:18.875+0200] {dagbag.py:532} INFO - Filling up the DagBag from /home/humbulani/miniconda3/envs/apache-airflow/lib/python3.8/site-packages/airflow/example_dags/example_external_task_marker_dag.py
[2023-03-28T00:18:18.887+0200] {processor.py:753} INFO - DAG(s) dict_keys(['example_external_task_marker_parent', 'example_external_task_marker_child']) retrieved from /home/humbulani/miniconda3/envs/apache-airflow/lib/python3.8/site-packages/airflow/example_dags/example_external_task_marker_dag.py
[2023-03-28T00:18:18.908+0200] {logging_mixin.py:137} INFO - [2023-03-28T00:18:18.907+0200] {dag.py:2693} INFO - Sync 2 DAGs
[2023-03-28T00:18:18.924+0200] {logging_mixin.py:137} INFO - [2023-03-28T00:18:18.924+0200] {dag.py:3440} INFO - Setting next_dagrun for example_external_task_marker_child to None, run_after=None
[2023-03-28T00:18:18.927+0200] {logging_mixin.py:137} INFO - [2023-03-28T00:18:18.927+0200] {dag.py:3440} INFO - Setting next_dagrun for example_external_task_marker_parent to None, run_after=None
[2023-03-28T00:18:19.008+0200] {processor.py:175} INFO - Processing /home/humbulani/miniconda3/envs/apache-airflow/lib/python3.8/site-packages/airflow/example_dags/example_external_task_marker_dag.py took 0.147 seconds
[2023-03-28T00:19:06.221+0200] {processor.py:153} INFO - Started process (PID=23691) to work on /home/humbulani/miniconda3/envs/apache-airflow/lib/python3.8/site-packages/airflow/example_dags/example_external_task_marker_dag.py
[2023-03-28T00:19:06.222+0200] {processor.py:743} INFO - Processing file /home/humbulani/miniconda3/envs/apache-airflow/lib/python3.8/site-packages/airflow/example_dags/example_external_task_marker_dag.py for tasks to queue
[2023-03-28T00:19:06.222+0200] {logging_mixin.py:137} INFO - [2023-03-28T00:19:06.222+0200] {dagbag.py:532} INFO - Filling up the DagBag from /home/humbulani/miniconda3/envs/apache-airflow/lib/python3.8/site-packages/airflow/example_dags/example_external_task_marker_dag.py
[2023-03-28T00:19:06.237+0200] {processor.py:753} INFO - DAG(s) dict_keys(['example_external_task_marker_child', 'example_external_task_marker_parent']) retrieved from /home/humbulani/miniconda3/envs/apache-airflow/lib/python3.8/site-packages/airflow/example_dags/example_external_task_marker_dag.py
[2023-03-28T00:19:06.256+0200] {logging_mixin.py:137} INFO - [2023-03-28T00:19:06.255+0200] {dag.py:2693} INFO - Sync 2 DAGs
[2023-03-28T00:19:06.273+0200] {logging_mixin.py:137} INFO - [2023-03-28T00:19:06.272+0200] {dag.py:3440} INFO - Setting next_dagrun for example_external_task_marker_child to None, run_after=None
[2023-03-28T00:19:06.275+0200] {logging_mixin.py:137} INFO - [2023-03-28T00:19:06.275+0200] {dag.py:3440} INFO - Setting next_dagrun for example_external_task_marker_parent to None, run_after=None
[2023-03-28T00:19:06.356+0200] {processor.py:175} INFO - Processing /home/humbulani/miniconda3/envs/apache-airflow/lib/python3.8/site-packages/airflow/example_dags/example_external_task_marker_dag.py took 0.139 seconds
[2023-03-28T00:19:52.591+0200] {processor.py:153} INFO - Started process (PID=23738) to work on /home/humbulani/miniconda3/envs/apache-airflow/lib/python3.8/site-packages/airflow/example_dags/example_external_task_marker_dag.py
[2023-03-28T00:19:52.592+0200] {processor.py:743} INFO - Processing file /home/humbulani/miniconda3/envs/apache-airflow/lib/python3.8/site-packages/airflow/example_dags/example_external_task_marker_dag.py for tasks to queue
[2023-03-28T00:19:52.592+0200] {logging_mixin.py:137} INFO - [2023-03-28T00:19:52.592+0200] {dagbag.py:532} INFO - Filling up the DagBag from /home/humbulani/miniconda3/envs/apache-airflow/lib/python3.8/site-packages/airflow/example_dags/example_external_task_marker_dag.py
[2023-03-28T00:19:52.606+0200] {processor.py:753} INFO - DAG(s) dict_keys(['example_external_task_marker_parent', 'example_external_task_marker_child']) retrieved from /home/humbulani/miniconda3/envs/apache-airflow/lib/python3.8/site-packages/airflow/example_dags/example_external_task_marker_dag.py
[2023-03-28T00:19:52.626+0200] {logging_mixin.py:137} INFO - [2023-03-28T00:19:52.626+0200] {dag.py:2693} INFO - Sync 2 DAGs
[2023-03-28T00:19:52.644+0200] {logging_mixin.py:137} INFO - [2023-03-28T00:19:52.644+0200] {dag.py:3440} INFO - Setting next_dagrun for example_external_task_marker_child to None, run_after=None
[2023-03-28T00:19:52.647+0200] {logging_mixin.py:137} INFO - [2023-03-28T00:19:52.647+0200] {dag.py:3440} INFO - Setting next_dagrun for example_external_task_marker_parent to None, run_after=None
[2023-03-28T00:19:52.728+0200] {processor.py:175} INFO - Processing /home/humbulani/miniconda3/envs/apache-airflow/lib/python3.8/site-packages/airflow/example_dags/example_external_task_marker_dag.py took 0.139 seconds
[2023-03-28T00:20:44.086+0200] {processor.py:153} INFO - Started process (PID=23788) to work on /home/humbulani/miniconda3/envs/apache-airflow/lib/python3.8/site-packages/airflow/example_dags/example_external_task_marker_dag.py
[2023-03-28T00:20:44.103+0200] {processor.py:743} INFO - Processing file /home/humbulani/miniconda3/envs/apache-airflow/lib/python3.8/site-packages/airflow/example_dags/example_external_task_marker_dag.py for tasks to queue
[2023-03-28T00:20:44.104+0200] {logging_mixin.py:137} INFO - [2023-03-28T00:20:44.104+0200] {dagbag.py:532} INFO - Filling up the DagBag from /home/humbulani/miniconda3/envs/apache-airflow/lib/python3.8/site-packages/airflow/example_dags/example_external_task_marker_dag.py
[2023-03-28T00:20:44.117+0200] {processor.py:753} INFO - DAG(s) dict_keys(['example_external_task_marker_parent', 'example_external_task_marker_child']) retrieved from /home/humbulani/miniconda3/envs/apache-airflow/lib/python3.8/site-packages/airflow/example_dags/example_external_task_marker_dag.py
[2023-03-28T00:20:44.138+0200] {logging_mixin.py:137} INFO - [2023-03-28T00:20:44.137+0200] {dag.py:2693} INFO - Sync 2 DAGs
[2023-03-28T00:20:44.159+0200] {logging_mixin.py:137} INFO - [2023-03-28T00:20:44.158+0200] {dag.py:3440} INFO - Setting next_dagrun for example_external_task_marker_child to None, run_after=None
[2023-03-28T00:20:44.161+0200] {logging_mixin.py:137} INFO - [2023-03-28T00:20:44.161+0200] {dag.py:3440} INFO - Setting next_dagrun for example_external_task_marker_parent to None, run_after=None
[2023-03-28T00:20:44.252+0200] {processor.py:175} INFO - Processing /home/humbulani/miniconda3/envs/apache-airflow/lib/python3.8/site-packages/airflow/example_dags/example_external_task_marker_dag.py took 0.169 seconds
[2023-03-28T00:21:27.185+0200] {processor.py:153} INFO - Started process (PID=23839) to work on /home/humbulani/miniconda3/envs/apache-airflow/lib/python3.8/site-packages/airflow/example_dags/example_external_task_marker_dag.py
[2023-03-28T00:21:27.208+0200] {processor.py:743} INFO - Processing file /home/humbulani/miniconda3/envs/apache-airflow/lib/python3.8/site-packages/airflow/example_dags/example_external_task_marker_dag.py for tasks to queue
[2023-03-28T00:21:27.209+0200] {logging_mixin.py:137} INFO - [2023-03-28T00:21:27.209+0200] {dagbag.py:532} INFO - Filling up the DagBag from /home/humbulani/miniconda3/envs/apache-airflow/lib/python3.8/site-packages/airflow/example_dags/example_external_task_marker_dag.py
[2023-03-28T00:21:27.222+0200] {processor.py:753} INFO - DAG(s) dict_keys(['example_external_task_marker_parent', 'example_external_task_marker_child']) retrieved from /home/humbulani/miniconda3/envs/apache-airflow/lib/python3.8/site-packages/airflow/example_dags/example_external_task_marker_dag.py
[2023-03-28T00:21:27.242+0200] {logging_mixin.py:137} INFO - [2023-03-28T00:21:27.242+0200] {dag.py:2693} INFO - Sync 2 DAGs
[2023-03-28T00:21:27.262+0200] {logging_mixin.py:137} INFO - [2023-03-28T00:21:27.262+0200] {dag.py:3440} INFO - Setting next_dagrun for example_external_task_marker_child to None, run_after=None
[2023-03-28T00:21:27.265+0200] {logging_mixin.py:137} INFO - [2023-03-28T00:21:27.265+0200] {dag.py:3440} INFO - Setting next_dagrun for example_external_task_marker_parent to None, run_after=None
[2023-03-28T00:21:27.348+0200] {processor.py:175} INFO - Processing /home/humbulani/miniconda3/envs/apache-airflow/lib/python3.8/site-packages/airflow/example_dags/example_external_task_marker_dag.py took 0.165 seconds
[2023-03-28T00:22:09.212+0200] {processor.py:153} INFO - Started process (PID=23876) to work on /home/humbulani/miniconda3/envs/apache-airflow/lib/python3.8/site-packages/airflow/example_dags/example_external_task_marker_dag.py
[2023-03-28T00:22:09.220+0200] {processor.py:743} INFO - Processing file /home/humbulani/miniconda3/envs/apache-airflow/lib/python3.8/site-packages/airflow/example_dags/example_external_task_marker_dag.py for tasks to queue
[2023-03-28T00:22:09.221+0200] {logging_mixin.py:137} INFO - [2023-03-28T00:22:09.221+0200] {dagbag.py:532} INFO - Filling up the DagBag from /home/humbulani/miniconda3/envs/apache-airflow/lib/python3.8/site-packages/airflow/example_dags/example_external_task_marker_dag.py
[2023-03-28T00:22:09.232+0200] {processor.py:753} INFO - DAG(s) dict_keys(['example_external_task_marker_child', 'example_external_task_marker_parent']) retrieved from /home/humbulani/miniconda3/envs/apache-airflow/lib/python3.8/site-packages/airflow/example_dags/example_external_task_marker_dag.py
[2023-03-28T00:22:09.251+0200] {logging_mixin.py:137} INFO - [2023-03-28T00:22:09.251+0200] {dag.py:2693} INFO - Sync 2 DAGs
[2023-03-28T00:22:09.268+0200] {logging_mixin.py:137} INFO - [2023-03-28T00:22:09.268+0200] {dag.py:3440} INFO - Setting next_dagrun for example_external_task_marker_child to None, run_after=None
[2023-03-28T00:22:09.271+0200] {logging_mixin.py:137} INFO - [2023-03-28T00:22:09.271+0200] {dag.py:3440} INFO - Setting next_dagrun for example_external_task_marker_parent to None, run_after=None
[2023-03-28T00:22:09.361+0200] {processor.py:175} INFO - Processing /home/humbulani/miniconda3/envs/apache-airflow/lib/python3.8/site-packages/airflow/example_dags/example_external_task_marker_dag.py took 0.152 seconds
