[2023-03-28T00:04:04.656+0200] {processor.py:153} INFO - Started process (PID=22507) to work on /home/humbulani/miniconda3/envs/apache-airflow/lib/python3.8/site-packages/airflow/example_dags/example_time_delta_sensor_async.py
[2023-03-28T00:04:04.656+0200] {processor.py:743} INFO - Processing file /home/humbulani/miniconda3/envs/apache-airflow/lib/python3.8/site-packages/airflow/example_dags/example_time_delta_sensor_async.py for tasks to queue
[2023-03-28T00:04:04.657+0200] {logging_mixin.py:137} INFO - [2023-03-28T00:04:04.657+0200] {dagbag.py:532} INFO - Filling up the DagBag from /home/humbulani/miniconda3/envs/apache-airflow/lib/python3.8/site-packages/airflow/example_dags/example_time_delta_sensor_async.py
[2023-03-28T00:04:04.745+0200] {processor.py:753} INFO - DAG(s) dict_keys(['example_time_delta_sensor_async']) retrieved from /home/humbulani/miniconda3/envs/apache-airflow/lib/python3.8/site-packages/airflow/example_dags/example_time_delta_sensor_async.py
[2023-03-28T00:04:04.761+0200] {logging_mixin.py:137} INFO - [2023-03-28T00:04:04.761+0200] {dag.py:2693} INFO - Sync 1 DAGs
[2023-03-28T00:04:04.778+0200] {logging_mixin.py:137} INFO - [2023-03-28T00:04:04.778+0200] {dag.py:3440} INFO - Setting next_dagrun for example_time_delta_sensor_async to None, run_after=None
[2023-03-28T00:04:04.978+0200] {processor.py:175} INFO - Processing /home/humbulani/miniconda3/envs/apache-airflow/lib/python3.8/site-packages/airflow/example_dags/example_time_delta_sensor_async.py took 0.326 seconds
[2023-03-28T00:04:56.845+0200] {processor.py:153} INFO - Started process (PID=22595) to work on /home/humbulani/miniconda3/envs/apache-airflow/lib/python3.8/site-packages/airflow/example_dags/example_time_delta_sensor_async.py
[2023-03-28T00:04:56.875+0200] {processor.py:743} INFO - Processing file /home/humbulani/miniconda3/envs/apache-airflow/lib/python3.8/site-packages/airflow/example_dags/example_time_delta_sensor_async.py for tasks to queue
[2023-03-28T00:04:56.876+0200] {logging_mixin.py:137} INFO - [2023-03-28T00:04:56.875+0200] {dagbag.py:532} INFO - Filling up the DagBag from /home/humbulani/miniconda3/envs/apache-airflow/lib/python3.8/site-packages/airflow/example_dags/example_time_delta_sensor_async.py
[2023-03-28T00:04:56.886+0200] {processor.py:753} INFO - DAG(s) dict_keys(['example_time_delta_sensor_async']) retrieved from /home/humbulani/miniconda3/envs/apache-airflow/lib/python3.8/site-packages/airflow/example_dags/example_time_delta_sensor_async.py
[2023-03-28T00:04:56.903+0200] {logging_mixin.py:137} INFO - [2023-03-28T00:04:56.902+0200] {dag.py:2693} INFO - Sync 1 DAGs
[2023-03-28T00:04:56.920+0200] {logging_mixin.py:137} INFO - [2023-03-28T00:04:56.920+0200] {dag.py:3440} INFO - Setting next_dagrun for example_time_delta_sensor_async to None, run_after=None
[2023-03-28T00:04:57.018+0200] {processor.py:175} INFO - Processing /home/humbulani/miniconda3/envs/apache-airflow/lib/python3.8/site-packages/airflow/example_dags/example_time_delta_sensor_async.py took 0.176 seconds
[2023-03-28T00:05:40.457+0200] {processor.py:153} INFO - Started process (PID=22637) to work on /home/humbulani/miniconda3/envs/apache-airflow/lib/python3.8/site-packages/airflow/example_dags/example_time_delta_sensor_async.py
[2023-03-28T00:05:40.477+0200] {processor.py:743} INFO - Processing file /home/humbulani/miniconda3/envs/apache-airflow/lib/python3.8/site-packages/airflow/example_dags/example_time_delta_sensor_async.py for tasks to queue
[2023-03-28T00:05:40.478+0200] {logging_mixin.py:137} INFO - [2023-03-28T00:05:40.478+0200] {dagbag.py:532} INFO - Filling up the DagBag from /home/humbulani/miniconda3/envs/apache-airflow/lib/python3.8/site-packages/airflow/example_dags/example_time_delta_sensor_async.py
[2023-03-28T00:05:40.492+0200] {processor.py:753} INFO - DAG(s) dict_keys(['example_time_delta_sensor_async']) retrieved from /home/humbulani/miniconda3/envs/apache-airflow/lib/python3.8/site-packages/airflow/example_dags/example_time_delta_sensor_async.py
[2023-03-28T00:05:40.514+0200] {logging_mixin.py:137} INFO - [2023-03-28T00:05:40.514+0200] {dag.py:2693} INFO - Sync 1 DAGs
[2023-03-28T00:05:40.532+0200] {logging_mixin.py:137} INFO - [2023-03-28T00:05:40.532+0200] {dag.py:3440} INFO - Setting next_dagrun for example_time_delta_sensor_async to None, run_after=None
[2023-03-28T00:05:40.603+0200] {processor.py:175} INFO - Processing /home/humbulani/miniconda3/envs/apache-airflow/lib/python3.8/site-packages/airflow/example_dags/example_time_delta_sensor_async.py took 0.148 seconds
[2023-03-28T00:06:27.164+0200] {processor.py:153} INFO - Started process (PID=22758) to work on /home/humbulani/miniconda3/envs/apache-airflow/lib/python3.8/site-packages/airflow/example_dags/example_time_delta_sensor_async.py
[2023-03-28T00:06:27.165+0200] {processor.py:743} INFO - Processing file /home/humbulani/miniconda3/envs/apache-airflow/lib/python3.8/site-packages/airflow/example_dags/example_time_delta_sensor_async.py for tasks to queue
[2023-03-28T00:06:27.165+0200] {logging_mixin.py:137} INFO - [2023-03-28T00:06:27.165+0200] {dagbag.py:532} INFO - Filling up the DagBag from /home/humbulani/miniconda3/envs/apache-airflow/lib/python3.8/site-packages/airflow/example_dags/example_time_delta_sensor_async.py
[2023-03-28T00:06:27.179+0200] {processor.py:753} INFO - DAG(s) dict_keys(['example_time_delta_sensor_async']) retrieved from /home/humbulani/miniconda3/envs/apache-airflow/lib/python3.8/site-packages/airflow/example_dags/example_time_delta_sensor_async.py
[2023-03-28T00:06:27.196+0200] {logging_mixin.py:137} INFO - [2023-03-28T00:06:27.196+0200] {dag.py:2693} INFO - Sync 1 DAGs
[2023-03-28T00:06:27.213+0200] {logging_mixin.py:137} INFO - [2023-03-28T00:06:27.213+0200] {dag.py:3440} INFO - Setting next_dagrun for example_time_delta_sensor_async to None, run_after=None
[2023-03-28T00:06:27.290+0200] {processor.py:175} INFO - Processing /home/humbulani/miniconda3/envs/apache-airflow/lib/python3.8/site-packages/airflow/example_dags/example_time_delta_sensor_async.py took 0.129 seconds
[2023-03-28T00:07:13.196+0200] {processor.py:153} INFO - Started process (PID=22803) to work on /home/humbulani/miniconda3/envs/apache-airflow/lib/python3.8/site-packages/airflow/example_dags/example_time_delta_sensor_async.py
[2023-03-28T00:07:13.197+0200] {processor.py:743} INFO - Processing file /home/humbulani/miniconda3/envs/apache-airflow/lib/python3.8/site-packages/airflow/example_dags/example_time_delta_sensor_async.py for tasks to queue
[2023-03-28T00:07:13.198+0200] {logging_mixin.py:137} INFO - [2023-03-28T00:07:13.198+0200] {dagbag.py:532} INFO - Filling up the DagBag from /home/humbulani/miniconda3/envs/apache-airflow/lib/python3.8/site-packages/airflow/example_dags/example_time_delta_sensor_async.py
[2023-03-28T00:07:13.211+0200] {processor.py:753} INFO - DAG(s) dict_keys(['example_time_delta_sensor_async']) retrieved from /home/humbulani/miniconda3/envs/apache-airflow/lib/python3.8/site-packages/airflow/example_dags/example_time_delta_sensor_async.py
[2023-03-28T00:07:13.228+0200] {logging_mixin.py:137} INFO - [2023-03-28T00:07:13.227+0200] {dag.py:2693} INFO - Sync 1 DAGs
[2023-03-28T00:07:13.244+0200] {logging_mixin.py:137} INFO - [2023-03-28T00:07:13.244+0200] {dag.py:3440} INFO - Setting next_dagrun for example_time_delta_sensor_async to None, run_after=None
[2023-03-28T00:07:13.326+0200] {processor.py:175} INFO - Processing /home/humbulani/miniconda3/envs/apache-airflow/lib/python3.8/site-packages/airflow/example_dags/example_time_delta_sensor_async.py took 0.133 seconds
[2023-03-28T00:08:07.366+0200] {processor.py:153} INFO - Started process (PID=22903) to work on /home/humbulani/miniconda3/envs/apache-airflow/lib/python3.8/site-packages/airflow/example_dags/example_time_delta_sensor_async.py
[2023-03-28T00:08:07.367+0200] {processor.py:743} INFO - Processing file /home/humbulani/miniconda3/envs/apache-airflow/lib/python3.8/site-packages/airflow/example_dags/example_time_delta_sensor_async.py for tasks to queue
[2023-03-28T00:08:07.368+0200] {logging_mixin.py:137} INFO - [2023-03-28T00:08:07.367+0200] {dagbag.py:532} INFO - Filling up the DagBag from /home/humbulani/miniconda3/envs/apache-airflow/lib/python3.8/site-packages/airflow/example_dags/example_time_delta_sensor_async.py
[2023-03-28T00:08:07.379+0200] {processor.py:753} INFO - DAG(s) dict_keys(['example_time_delta_sensor_async']) retrieved from /home/humbulani/miniconda3/envs/apache-airflow/lib/python3.8/site-packages/airflow/example_dags/example_time_delta_sensor_async.py
[2023-03-28T00:08:07.395+0200] {logging_mixin.py:137} INFO - [2023-03-28T00:08:07.395+0200] {dag.py:2693} INFO - Sync 1 DAGs
[2023-03-28T00:08:07.412+0200] {logging_mixin.py:137} INFO - [2023-03-28T00:08:07.412+0200] {dag.py:3440} INFO - Setting next_dagrun for example_time_delta_sensor_async to None, run_after=None
[2023-03-28T00:08:07.487+0200] {processor.py:175} INFO - Processing /home/humbulani/miniconda3/envs/apache-airflow/lib/python3.8/site-packages/airflow/example_dags/example_time_delta_sensor_async.py took 0.124 seconds
[2023-03-28T00:09:00.964+0200] {processor.py:153} INFO - Started process (PID=22959) to work on /home/humbulani/miniconda3/envs/apache-airflow/lib/python3.8/site-packages/airflow/example_dags/example_time_delta_sensor_async.py
[2023-03-28T00:09:00.965+0200] {processor.py:743} INFO - Processing file /home/humbulani/miniconda3/envs/apache-airflow/lib/python3.8/site-packages/airflow/example_dags/example_time_delta_sensor_async.py for tasks to queue
[2023-03-28T00:09:00.966+0200] {logging_mixin.py:137} INFO - [2023-03-28T00:09:00.966+0200] {dagbag.py:532} INFO - Filling up the DagBag from /home/humbulani/miniconda3/envs/apache-airflow/lib/python3.8/site-packages/airflow/example_dags/example_time_delta_sensor_async.py
[2023-03-28T00:09:00.977+0200] {processor.py:753} INFO - DAG(s) dict_keys(['example_time_delta_sensor_async']) retrieved from /home/humbulani/miniconda3/envs/apache-airflow/lib/python3.8/site-packages/airflow/example_dags/example_time_delta_sensor_async.py
[2023-03-28T00:09:00.994+0200] {logging_mixin.py:137} INFO - [2023-03-28T00:09:00.994+0200] {dag.py:2693} INFO - Sync 1 DAGs
[2023-03-28T00:09:01.014+0200] {logging_mixin.py:137} INFO - [2023-03-28T00:09:01.014+0200] {dag.py:3440} INFO - Setting next_dagrun for example_time_delta_sensor_async to None, run_after=None
[2023-03-28T00:09:01.183+0200] {processor.py:175} INFO - Processing /home/humbulani/miniconda3/envs/apache-airflow/lib/python3.8/site-packages/airflow/example_dags/example_time_delta_sensor_async.py took 0.221 seconds
[2023-03-28T00:10:01.664+0200] {processor.py:153} INFO - Started process (PID=23016) to work on /home/humbulani/miniconda3/envs/apache-airflow/lib/python3.8/site-packages/airflow/example_dags/example_time_delta_sensor_async.py
[2023-03-28T00:10:01.682+0200] {processor.py:743} INFO - Processing file /home/humbulani/miniconda3/envs/apache-airflow/lib/python3.8/site-packages/airflow/example_dags/example_time_delta_sensor_async.py for tasks to queue
[2023-03-28T00:10:01.682+0200] {logging_mixin.py:137} INFO - [2023-03-28T00:10:01.682+0200] {dagbag.py:532} INFO - Filling up the DagBag from /home/humbulani/miniconda3/envs/apache-airflow/lib/python3.8/site-packages/airflow/example_dags/example_time_delta_sensor_async.py
[2023-03-28T00:10:01.693+0200] {processor.py:753} INFO - DAG(s) dict_keys(['example_time_delta_sensor_async']) retrieved from /home/humbulani/miniconda3/envs/apache-airflow/lib/python3.8/site-packages/airflow/example_dags/example_time_delta_sensor_async.py
[2023-03-28T00:10:01.709+0200] {logging_mixin.py:137} INFO - [2023-03-28T00:10:01.709+0200] {dag.py:2693} INFO - Sync 1 DAGs
[2023-03-28T00:10:01.804+0200] {logging_mixin.py:137} INFO - [2023-03-28T00:10:01.804+0200] {dag.py:3440} INFO - Setting next_dagrun for example_time_delta_sensor_async to None, run_after=None
[2023-03-28T00:10:01.878+0200] {processor.py:175} INFO - Processing /home/humbulani/miniconda3/envs/apache-airflow/lib/python3.8/site-packages/airflow/example_dags/example_time_delta_sensor_async.py took 0.216 seconds
[2023-03-28T00:11:01.463+0200] {processor.py:153} INFO - Started process (PID=23068) to work on /home/humbulani/miniconda3/envs/apache-airflow/lib/python3.8/site-packages/airflow/example_dags/example_time_delta_sensor_async.py
[2023-03-28T00:11:01.464+0200] {processor.py:743} INFO - Processing file /home/humbulani/miniconda3/envs/apache-airflow/lib/python3.8/site-packages/airflow/example_dags/example_time_delta_sensor_async.py for tasks to queue
[2023-03-28T00:11:01.465+0200] {logging_mixin.py:137} INFO - [2023-03-28T00:11:01.465+0200] {dagbag.py:532} INFO - Filling up the DagBag from /home/humbulani/miniconda3/envs/apache-airflow/lib/python3.8/site-packages/airflow/example_dags/example_time_delta_sensor_async.py
[2023-03-28T00:11:01.478+0200] {processor.py:753} INFO - DAG(s) dict_keys(['example_time_delta_sensor_async']) retrieved from /home/humbulani/miniconda3/envs/apache-airflow/lib/python3.8/site-packages/airflow/example_dags/example_time_delta_sensor_async.py
[2023-03-28T00:11:01.574+0200] {logging_mixin.py:137} INFO - [2023-03-28T00:11:01.574+0200] {dag.py:2693} INFO - Sync 1 DAGs
[2023-03-28T00:11:01.589+0200] {logging_mixin.py:137} INFO - [2023-03-28T00:11:01.589+0200] {dag.py:3440} INFO - Setting next_dagrun for example_time_delta_sensor_async to None, run_after=None
[2023-03-28T00:11:01.656+0200] {processor.py:175} INFO - Processing /home/humbulani/miniconda3/envs/apache-airflow/lib/python3.8/site-packages/airflow/example_dags/example_time_delta_sensor_async.py took 0.196 seconds
[2023-03-28T00:11:44.646+0200] {processor.py:153} INFO - Started process (PID=23105) to work on /home/humbulani/miniconda3/envs/apache-airflow/lib/python3.8/site-packages/airflow/example_dags/example_time_delta_sensor_async.py
[2023-03-28T00:11:44.647+0200] {processor.py:743} INFO - Processing file /home/humbulani/miniconda3/envs/apache-airflow/lib/python3.8/site-packages/airflow/example_dags/example_time_delta_sensor_async.py for tasks to queue
[2023-03-28T00:11:44.647+0200] {logging_mixin.py:137} INFO - [2023-03-28T00:11:44.647+0200] {dagbag.py:532} INFO - Filling up the DagBag from /home/humbulani/miniconda3/envs/apache-airflow/lib/python3.8/site-packages/airflow/example_dags/example_time_delta_sensor_async.py
[2023-03-28T00:11:44.745+0200] {processor.py:753} INFO - DAG(s) dict_keys(['example_time_delta_sensor_async']) retrieved from /home/humbulani/miniconda3/envs/apache-airflow/lib/python3.8/site-packages/airflow/example_dags/example_time_delta_sensor_async.py
[2023-03-28T00:11:44.760+0200] {logging_mixin.py:137} INFO - [2023-03-28T00:11:44.760+0200] {dag.py:2693} INFO - Sync 1 DAGs
[2023-03-28T00:11:44.779+0200] {logging_mixin.py:137} INFO - [2023-03-28T00:11:44.778+0200] {dag.py:3440} INFO - Setting next_dagrun for example_time_delta_sensor_async to None, run_after=None
[2023-03-28T00:11:44.861+0200] {processor.py:175} INFO - Processing /home/humbulani/miniconda3/envs/apache-airflow/lib/python3.8/site-packages/airflow/example_dags/example_time_delta_sensor_async.py took 0.217 seconds
[2023-03-28T00:12:31.738+0200] {processor.py:153} INFO - Started process (PID=23144) to work on /home/humbulani/miniconda3/envs/apache-airflow/lib/python3.8/site-packages/airflow/example_dags/example_time_delta_sensor_async.py
[2023-03-28T00:12:31.750+0200] {processor.py:743} INFO - Processing file /home/humbulani/miniconda3/envs/apache-airflow/lib/python3.8/site-packages/airflow/example_dags/example_time_delta_sensor_async.py for tasks to queue
[2023-03-28T00:12:31.751+0200] {logging_mixin.py:137} INFO - [2023-03-28T00:12:31.751+0200] {dagbag.py:532} INFO - Filling up the DagBag from /home/humbulani/miniconda3/envs/apache-airflow/lib/python3.8/site-packages/airflow/example_dags/example_time_delta_sensor_async.py
[2023-03-28T00:12:31.763+0200] {processor.py:753} INFO - DAG(s) dict_keys(['example_time_delta_sensor_async']) retrieved from /home/humbulani/miniconda3/envs/apache-airflow/lib/python3.8/site-packages/airflow/example_dags/example_time_delta_sensor_async.py
[2023-03-28T00:12:31.779+0200] {logging_mixin.py:137} INFO - [2023-03-28T00:12:31.778+0200] {dag.py:2693} INFO - Sync 1 DAGs
[2023-03-28T00:12:31.795+0200] {logging_mixin.py:137} INFO - [2023-03-28T00:12:31.795+0200] {dag.py:3440} INFO - Setting next_dagrun for example_time_delta_sensor_async to None, run_after=None
[2023-03-28T00:12:31.879+0200] {processor.py:175} INFO - Processing /home/humbulani/miniconda3/envs/apache-airflow/lib/python3.8/site-packages/airflow/example_dags/example_time_delta_sensor_async.py took 0.143 seconds
[2023-03-28T00:13:18.575+0200] {processor.py:153} INFO - Started process (PID=23217) to work on /home/humbulani/miniconda3/envs/apache-airflow/lib/python3.8/site-packages/airflow/example_dags/example_time_delta_sensor_async.py
[2023-03-28T00:13:18.584+0200] {processor.py:743} INFO - Processing file /home/humbulani/miniconda3/envs/apache-airflow/lib/python3.8/site-packages/airflow/example_dags/example_time_delta_sensor_async.py for tasks to queue
[2023-03-28T00:13:18.585+0200] {logging_mixin.py:137} INFO - [2023-03-28T00:13:18.585+0200] {dagbag.py:532} INFO - Filling up the DagBag from /home/humbulani/miniconda3/envs/apache-airflow/lib/python3.8/site-packages/airflow/example_dags/example_time_delta_sensor_async.py
[2023-03-28T00:13:18.596+0200] {processor.py:753} INFO - DAG(s) dict_keys(['example_time_delta_sensor_async']) retrieved from /home/humbulani/miniconda3/envs/apache-airflow/lib/python3.8/site-packages/airflow/example_dags/example_time_delta_sensor_async.py
[2023-03-28T00:13:18.612+0200] {logging_mixin.py:137} INFO - [2023-03-28T00:13:18.612+0200] {dag.py:2693} INFO - Sync 1 DAGs
[2023-03-28T00:13:18.629+0200] {logging_mixin.py:137} INFO - [2023-03-28T00:13:18.629+0200] {dag.py:3440} INFO - Setting next_dagrun for example_time_delta_sensor_async to None, run_after=None
[2023-03-28T00:13:18.717+0200] {processor.py:175} INFO - Processing /home/humbulani/miniconda3/envs/apache-airflow/lib/python3.8/site-packages/airflow/example_dags/example_time_delta_sensor_async.py took 0.144 seconds
[2023-03-28T00:14:02.127+0200] {processor.py:153} INFO - Started process (PID=23265) to work on /home/humbulani/miniconda3/envs/apache-airflow/lib/python3.8/site-packages/airflow/example_dags/example_time_delta_sensor_async.py
[2023-03-28T00:14:02.128+0200] {processor.py:743} INFO - Processing file /home/humbulani/miniconda3/envs/apache-airflow/lib/python3.8/site-packages/airflow/example_dags/example_time_delta_sensor_async.py for tasks to queue
[2023-03-28T00:14:02.129+0200] {logging_mixin.py:137} INFO - [2023-03-28T00:14:02.129+0200] {dagbag.py:532} INFO - Filling up the DagBag from /home/humbulani/miniconda3/envs/apache-airflow/lib/python3.8/site-packages/airflow/example_dags/example_time_delta_sensor_async.py
[2023-03-28T00:14:02.142+0200] {processor.py:753} INFO - DAG(s) dict_keys(['example_time_delta_sensor_async']) retrieved from /home/humbulani/miniconda3/envs/apache-airflow/lib/python3.8/site-packages/airflow/example_dags/example_time_delta_sensor_async.py
[2023-03-28T00:14:02.159+0200] {logging_mixin.py:137} INFO - [2023-03-28T00:14:02.159+0200] {dag.py:2693} INFO - Sync 1 DAGs
[2023-03-28T00:14:02.176+0200] {logging_mixin.py:137} INFO - [2023-03-28T00:14:02.176+0200] {dag.py:3440} INFO - Setting next_dagrun for example_time_delta_sensor_async to None, run_after=None
[2023-03-28T00:14:02.261+0200] {processor.py:175} INFO - Processing /home/humbulani/miniconda3/envs/apache-airflow/lib/python3.8/site-packages/airflow/example_dags/example_time_delta_sensor_async.py took 0.137 seconds
[2023-03-28T00:14:49.917+0200] {processor.py:153} INFO - Started process (PID=23316) to work on /home/humbulani/miniconda3/envs/apache-airflow/lib/python3.8/site-packages/airflow/example_dags/example_time_delta_sensor_async.py
[2023-03-28T00:14:49.935+0200] {processor.py:743} INFO - Processing file /home/humbulani/miniconda3/envs/apache-airflow/lib/python3.8/site-packages/airflow/example_dags/example_time_delta_sensor_async.py for tasks to queue
[2023-03-28T00:14:49.935+0200] {logging_mixin.py:137} INFO - [2023-03-28T00:14:49.935+0200] {dagbag.py:532} INFO - Filling up the DagBag from /home/humbulani/miniconda3/envs/apache-airflow/lib/python3.8/site-packages/airflow/example_dags/example_time_delta_sensor_async.py
[2023-03-28T00:14:49.946+0200] {processor.py:753} INFO - DAG(s) dict_keys(['example_time_delta_sensor_async']) retrieved from /home/humbulani/miniconda3/envs/apache-airflow/lib/python3.8/site-packages/airflow/example_dags/example_time_delta_sensor_async.py
[2023-03-28T00:14:49.962+0200] {logging_mixin.py:137} INFO - [2023-03-28T00:14:49.962+0200] {dag.py:2693} INFO - Sync 1 DAGs
[2023-03-28T00:14:49.978+0200] {logging_mixin.py:137} INFO - [2023-03-28T00:14:49.978+0200] {dag.py:3440} INFO - Setting next_dagrun for example_time_delta_sensor_async to None, run_after=None
[2023-03-28T00:14:50.141+0200] {processor.py:175} INFO - Processing /home/humbulani/miniconda3/envs/apache-airflow/lib/python3.8/site-packages/airflow/example_dags/example_time_delta_sensor_async.py took 0.226 seconds
[2023-03-28T00:15:37.659+0200] {processor.py:153} INFO - Started process (PID=23387) to work on /home/humbulani/miniconda3/envs/apache-airflow/lib/python3.8/site-packages/airflow/example_dags/example_time_delta_sensor_async.py
[2023-03-28T00:15:37.669+0200] {processor.py:743} INFO - Processing file /home/humbulani/miniconda3/envs/apache-airflow/lib/python3.8/site-packages/airflow/example_dags/example_time_delta_sensor_async.py for tasks to queue
[2023-03-28T00:15:37.669+0200] {logging_mixin.py:137} INFO - [2023-03-28T00:15:37.669+0200] {dagbag.py:532} INFO - Filling up the DagBag from /home/humbulani/miniconda3/envs/apache-airflow/lib/python3.8/site-packages/airflow/example_dags/example_time_delta_sensor_async.py
[2023-03-28T00:15:37.681+0200] {processor.py:753} INFO - DAG(s) dict_keys(['example_time_delta_sensor_async']) retrieved from /home/humbulani/miniconda3/envs/apache-airflow/lib/python3.8/site-packages/airflow/example_dags/example_time_delta_sensor_async.py
[2023-03-28T00:15:37.699+0200] {logging_mixin.py:137} INFO - [2023-03-28T00:15:37.699+0200] {dag.py:2693} INFO - Sync 1 DAGs
[2023-03-28T00:15:37.724+0200] {logging_mixin.py:137} INFO - [2023-03-28T00:15:37.724+0200] {dag.py:3440} INFO - Setting next_dagrun for example_time_delta_sensor_async to None, run_after=None
[2023-03-28T00:15:37.807+0200] {processor.py:175} INFO - Processing /home/humbulani/miniconda3/envs/apache-airflow/lib/python3.8/site-packages/airflow/example_dags/example_time_delta_sensor_async.py took 0.151 seconds
[2023-03-28T00:16:23.641+0200] {processor.py:153} INFO - Started process (PID=23453) to work on /home/humbulani/miniconda3/envs/apache-airflow/lib/python3.8/site-packages/airflow/example_dags/example_time_delta_sensor_async.py
[2023-03-28T00:16:23.651+0200] {processor.py:743} INFO - Processing file /home/humbulani/miniconda3/envs/apache-airflow/lib/python3.8/site-packages/airflow/example_dags/example_time_delta_sensor_async.py for tasks to queue
[2023-03-28T00:16:23.651+0200] {logging_mixin.py:137} INFO - [2023-03-28T00:16:23.651+0200] {dagbag.py:532} INFO - Filling up the DagBag from /home/humbulani/miniconda3/envs/apache-airflow/lib/python3.8/site-packages/airflow/example_dags/example_time_delta_sensor_async.py
[2023-03-28T00:16:23.662+0200] {processor.py:753} INFO - DAG(s) dict_keys(['example_time_delta_sensor_async']) retrieved from /home/humbulani/miniconda3/envs/apache-airflow/lib/python3.8/site-packages/airflow/example_dags/example_time_delta_sensor_async.py
[2023-03-28T00:16:23.679+0200] {logging_mixin.py:137} INFO - [2023-03-28T00:16:23.679+0200] {dag.py:2693} INFO - Sync 1 DAGs
[2023-03-28T00:16:23.696+0200] {logging_mixin.py:137} INFO - [2023-03-28T00:16:23.696+0200] {dag.py:3440} INFO - Setting next_dagrun for example_time_delta_sensor_async to None, run_after=None
[2023-03-28T00:16:23.773+0200] {processor.py:175} INFO - Processing /home/humbulani/miniconda3/envs/apache-airflow/lib/python3.8/site-packages/airflow/example_dags/example_time_delta_sensor_async.py took 0.135 seconds
[2023-03-28T00:17:00.506+0200] {processor.py:153} INFO - Started process (PID=23538) to work on /home/humbulani/miniconda3/envs/apache-airflow/lib/python3.8/site-packages/airflow/example_dags/example_time_delta_sensor_async.py
[2023-03-28T00:17:00.523+0200] {processor.py:743} INFO - Processing file /home/humbulani/miniconda3/envs/apache-airflow/lib/python3.8/site-packages/airflow/example_dags/example_time_delta_sensor_async.py for tasks to queue
[2023-03-28T00:17:00.524+0200] {logging_mixin.py:137} INFO - [2023-03-28T00:17:00.524+0200] {dagbag.py:532} INFO - Filling up the DagBag from /home/humbulani/miniconda3/envs/apache-airflow/lib/python3.8/site-packages/airflow/example_dags/example_time_delta_sensor_async.py
[2023-03-28T00:17:00.534+0200] {processor.py:753} INFO - DAG(s) dict_keys(['example_time_delta_sensor_async']) retrieved from /home/humbulani/miniconda3/envs/apache-airflow/lib/python3.8/site-packages/airflow/example_dags/example_time_delta_sensor_async.py
[2023-03-28T00:17:00.550+0200] {logging_mixin.py:137} INFO - [2023-03-28T00:17:00.550+0200] {dag.py:2693} INFO - Sync 1 DAGs
[2023-03-28T00:17:00.567+0200] {logging_mixin.py:137} INFO - [2023-03-28T00:17:00.567+0200] {dag.py:3440} INFO - Setting next_dagrun for example_time_delta_sensor_async to None, run_after=None
[2023-03-28T00:17:00.661+0200] {processor.py:175} INFO - Processing /home/humbulani/miniconda3/envs/apache-airflow/lib/python3.8/site-packages/airflow/example_dags/example_time_delta_sensor_async.py took 0.158 seconds
[2023-03-28T00:17:45.318+0200] {processor.py:153} INFO - Started process (PID=23614) to work on /home/humbulani/miniconda3/envs/apache-airflow/lib/python3.8/site-packages/airflow/example_dags/example_time_delta_sensor_async.py
[2023-03-28T00:17:45.319+0200] {processor.py:743} INFO - Processing file /home/humbulani/miniconda3/envs/apache-airflow/lib/python3.8/site-packages/airflow/example_dags/example_time_delta_sensor_async.py for tasks to queue
[2023-03-28T00:17:45.319+0200] {logging_mixin.py:137} INFO - [2023-03-28T00:17:45.319+0200] {dagbag.py:532} INFO - Filling up the DagBag from /home/humbulani/miniconda3/envs/apache-airflow/lib/python3.8/site-packages/airflow/example_dags/example_time_delta_sensor_async.py
[2023-03-28T00:17:45.329+0200] {processor.py:753} INFO - DAG(s) dict_keys(['example_time_delta_sensor_async']) retrieved from /home/humbulani/miniconda3/envs/apache-airflow/lib/python3.8/site-packages/airflow/example_dags/example_time_delta_sensor_async.py
[2023-03-28T00:17:45.346+0200] {logging_mixin.py:137} INFO - [2023-03-28T00:17:45.346+0200] {dag.py:2693} INFO - Sync 1 DAGs
[2023-03-28T00:17:45.364+0200] {logging_mixin.py:137} INFO - [2023-03-28T00:17:45.364+0200] {dag.py:3440} INFO - Setting next_dagrun for example_time_delta_sensor_async to None, run_after=None
[2023-03-28T00:17:45.634+0200] {processor.py:175} INFO - Processing /home/humbulani/miniconda3/envs/apache-airflow/lib/python3.8/site-packages/airflow/example_dags/example_time_delta_sensor_async.py took 0.318 seconds
[2023-03-28T00:18:30.196+0200] {processor.py:153} INFO - Started process (PID=23657) to work on /home/humbulani/miniconda3/envs/apache-airflow/lib/python3.8/site-packages/airflow/example_dags/example_time_delta_sensor_async.py
[2023-03-28T00:18:30.207+0200] {processor.py:743} INFO - Processing file /home/humbulani/miniconda3/envs/apache-airflow/lib/python3.8/site-packages/airflow/example_dags/example_time_delta_sensor_async.py for tasks to queue
[2023-03-28T00:18:30.208+0200] {logging_mixin.py:137} INFO - [2023-03-28T00:18:30.208+0200] {dagbag.py:532} INFO - Filling up the DagBag from /home/humbulani/miniconda3/envs/apache-airflow/lib/python3.8/site-packages/airflow/example_dags/example_time_delta_sensor_async.py
[2023-03-28T00:18:30.222+0200] {processor.py:753} INFO - DAG(s) dict_keys(['example_time_delta_sensor_async']) retrieved from /home/humbulani/miniconda3/envs/apache-airflow/lib/python3.8/site-packages/airflow/example_dags/example_time_delta_sensor_async.py
[2023-03-28T00:18:30.241+0200] {logging_mixin.py:137} INFO - [2023-03-28T00:18:30.241+0200] {dag.py:2693} INFO - Sync 1 DAGs
[2023-03-28T00:18:30.258+0200] {logging_mixin.py:137} INFO - [2023-03-28T00:18:30.257+0200] {dag.py:3440} INFO - Setting next_dagrun for example_time_delta_sensor_async to None, run_after=None
[2023-03-28T00:18:30.336+0200] {processor.py:175} INFO - Processing /home/humbulani/miniconda3/envs/apache-airflow/lib/python3.8/site-packages/airflow/example_dags/example_time_delta_sensor_async.py took 0.143 seconds
[2023-03-28T00:19:18.024+0200] {processor.py:153} INFO - Started process (PID=23702) to work on /home/humbulani/miniconda3/envs/apache-airflow/lib/python3.8/site-packages/airflow/example_dags/example_time_delta_sensor_async.py
[2023-03-28T00:19:18.025+0200] {processor.py:743} INFO - Processing file /home/humbulani/miniconda3/envs/apache-airflow/lib/python3.8/site-packages/airflow/example_dags/example_time_delta_sensor_async.py for tasks to queue
[2023-03-28T00:19:18.026+0200] {logging_mixin.py:137} INFO - [2023-03-28T00:19:18.026+0200] {dagbag.py:532} INFO - Filling up the DagBag from /home/humbulani/miniconda3/envs/apache-airflow/lib/python3.8/site-packages/airflow/example_dags/example_time_delta_sensor_async.py
[2023-03-28T00:19:18.039+0200] {processor.py:753} INFO - DAG(s) dict_keys(['example_time_delta_sensor_async']) retrieved from /home/humbulani/miniconda3/envs/apache-airflow/lib/python3.8/site-packages/airflow/example_dags/example_time_delta_sensor_async.py
[2023-03-28T00:19:18.056+0200] {logging_mixin.py:137} INFO - [2023-03-28T00:19:18.056+0200] {dag.py:2693} INFO - Sync 1 DAGs
[2023-03-28T00:19:18.073+0200] {logging_mixin.py:137} INFO - [2023-03-28T00:19:18.072+0200] {dag.py:3440} INFO - Setting next_dagrun for example_time_delta_sensor_async to None, run_after=None
[2023-03-28T00:19:18.139+0200] {processor.py:175} INFO - Processing /home/humbulani/miniconda3/envs/apache-airflow/lib/python3.8/site-packages/airflow/example_dags/example_time_delta_sensor_async.py took 0.118 seconds
[2023-03-28T00:20:06.347+0200] {processor.py:153} INFO - Started process (PID=23752) to work on /home/humbulani/miniconda3/envs/apache-airflow/lib/python3.8/site-packages/airflow/example_dags/example_time_delta_sensor_async.py
[2023-03-28T00:20:06.348+0200] {processor.py:743} INFO - Processing file /home/humbulani/miniconda3/envs/apache-airflow/lib/python3.8/site-packages/airflow/example_dags/example_time_delta_sensor_async.py for tasks to queue
[2023-03-28T00:20:06.349+0200] {logging_mixin.py:137} INFO - [2023-03-28T00:20:06.349+0200] {dagbag.py:532} INFO - Filling up the DagBag from /home/humbulani/miniconda3/envs/apache-airflow/lib/python3.8/site-packages/airflow/example_dags/example_time_delta_sensor_async.py
[2023-03-28T00:20:06.360+0200] {processor.py:753} INFO - DAG(s) dict_keys(['example_time_delta_sensor_async']) retrieved from /home/humbulani/miniconda3/envs/apache-airflow/lib/python3.8/site-packages/airflow/example_dags/example_time_delta_sensor_async.py
[2023-03-28T00:20:06.381+0200] {logging_mixin.py:137} INFO - [2023-03-28T00:20:06.380+0200] {dag.py:2693} INFO - Sync 1 DAGs
[2023-03-28T00:20:06.401+0200] {logging_mixin.py:137} INFO - [2023-03-28T00:20:06.401+0200] {dag.py:3440} INFO - Setting next_dagrun for example_time_delta_sensor_async to None, run_after=None
[2023-03-28T00:20:06.481+0200] {processor.py:175} INFO - Processing /home/humbulani/miniconda3/envs/apache-airflow/lib/python3.8/site-packages/airflow/example_dags/example_time_delta_sensor_async.py took 0.136 seconds
[2023-03-28T00:20:53.762+0200] {processor.py:153} INFO - Started process (PID=23794) to work on /home/humbulani/miniconda3/envs/apache-airflow/lib/python3.8/site-packages/airflow/example_dags/example_time_delta_sensor_async.py
[2023-03-28T00:20:53.810+0200] {processor.py:743} INFO - Processing file /home/humbulani/miniconda3/envs/apache-airflow/lib/python3.8/site-packages/airflow/example_dags/example_time_delta_sensor_async.py for tasks to queue
[2023-03-28T00:20:53.811+0200] {logging_mixin.py:137} INFO - [2023-03-28T00:20:53.811+0200] {dagbag.py:532} INFO - Filling up the DagBag from /home/humbulani/miniconda3/envs/apache-airflow/lib/python3.8/site-packages/airflow/example_dags/example_time_delta_sensor_async.py
[2023-03-28T00:20:53.822+0200] {processor.py:753} INFO - DAG(s) dict_keys(['example_time_delta_sensor_async']) retrieved from /home/humbulani/miniconda3/envs/apache-airflow/lib/python3.8/site-packages/airflow/example_dags/example_time_delta_sensor_async.py
[2023-03-28T00:20:53.839+0200] {logging_mixin.py:137} INFO - [2023-03-28T00:20:53.839+0200] {dag.py:2693} INFO - Sync 1 DAGs
[2023-03-28T00:20:53.857+0200] {logging_mixin.py:137} INFO - [2023-03-28T00:20:53.857+0200] {dag.py:3440} INFO - Setting next_dagrun for example_time_delta_sensor_async to None, run_after=None
[2023-03-28T00:20:53.936+0200] {processor.py:175} INFO - Processing /home/humbulani/miniconda3/envs/apache-airflow/lib/python3.8/site-packages/airflow/example_dags/example_time_delta_sensor_async.py took 0.176 seconds
[2023-03-28T00:21:52.211+0200] {processor.py:153} INFO - Started process (PID=23861) to work on /home/humbulani/miniconda3/envs/apache-airflow/lib/python3.8/site-packages/airflow/example_dags/example_time_delta_sensor_async.py
[2023-03-28T00:21:52.222+0200] {processor.py:743} INFO - Processing file /home/humbulani/miniconda3/envs/apache-airflow/lib/python3.8/site-packages/airflow/example_dags/example_time_delta_sensor_async.py for tasks to queue
[2023-03-28T00:21:52.223+0200] {logging_mixin.py:137} INFO - [2023-03-28T00:21:52.223+0200] {dagbag.py:532} INFO - Filling up the DagBag from /home/humbulani/miniconda3/envs/apache-airflow/lib/python3.8/site-packages/airflow/example_dags/example_time_delta_sensor_async.py
[2023-03-28T00:21:52.239+0200] {processor.py:753} INFO - DAG(s) dict_keys(['example_time_delta_sensor_async']) retrieved from /home/humbulani/miniconda3/envs/apache-airflow/lib/python3.8/site-packages/airflow/example_dags/example_time_delta_sensor_async.py
[2023-03-28T00:21:52.257+0200] {logging_mixin.py:137} INFO - [2023-03-28T00:21:52.257+0200] {dag.py:2693} INFO - Sync 1 DAGs
[2023-03-28T00:21:52.275+0200] {logging_mixin.py:137} INFO - [2023-03-28T00:21:52.275+0200] {dag.py:3440} INFO - Setting next_dagrun for example_time_delta_sensor_async to None, run_after=None
[2023-03-28T00:21:52.359+0200] {processor.py:175} INFO - Processing /home/humbulani/miniconda3/envs/apache-airflow/lib/python3.8/site-packages/airflow/example_dags/example_time_delta_sensor_async.py took 0.151 seconds
