[2023-03-28T00:04:21.736+0200] {processor.py:153} INFO - Started process (PID=22560) to work on /home/humbulani/miniconda3/envs/apache-airflow/lib/python3.8/site-packages/airflow/example_dags/example_dag_decorator.py
[2023-03-28T00:04:21.736+0200] {processor.py:743} INFO - Processing file /home/humbulani/miniconda3/envs/apache-airflow/lib/python3.8/site-packages/airflow/example_dags/example_dag_decorator.py for tasks to queue
[2023-03-28T00:04:21.737+0200] {logging_mixin.py:137} INFO - [2023-03-28T00:04:21.737+0200] {dagbag.py:532} INFO - Filling up the DagBag from /home/humbulani/miniconda3/envs/apache-airflow/lib/python3.8/site-packages/airflow/example_dags/example_dag_decorator.py
[2023-03-28T00:04:21.755+0200] {logging_mixin.py:137} INFO - [2023-03-28T00:04:21.755+0200] {taskmixin.py:211} WARNING - Dependency <Task(_PythonDecoratedOperator): prepare_email>, send_email already registered for DAG: example_dag_decorator
[2023-03-28T00:04:21.756+0200] {logging_mixin.py:137} INFO - [2023-03-28T00:04:21.756+0200] {taskmixin.py:211} WARNING - Dependency <Task(EmailOperator): send_email>, prepare_email already registered for DAG: example_dag_decorator
[2023-03-28T00:04:21.766+0200] {processor.py:753} INFO - DAG(s) dict_keys(['example_dag_decorator']) retrieved from /home/humbulani/miniconda3/envs/apache-airflow/lib/python3.8/site-packages/airflow/example_dags/example_dag_decorator.py
[2023-03-28T00:04:21.810+0200] {logging_mixin.py:137} INFO - [2023-03-28T00:04:21.810+0200] {dag.py:2693} INFO - Sync 1 DAGs
[2023-03-28T00:04:21.826+0200] {logging_mixin.py:137} INFO - [2023-03-28T00:04:21.826+0200] {dag.py:3440} INFO - Setting next_dagrun for example_dag_decorator to None, run_after=None
[2023-03-28T00:04:21.913+0200] {processor.py:175} INFO - Processing /home/humbulani/miniconda3/envs/apache-airflow/lib/python3.8/site-packages/airflow/example_dags/example_dag_decorator.py took 0.180 seconds
[2023-03-28T00:05:25.812+0200] {processor.py:153} INFO - Started process (PID=22622) to work on /home/humbulani/miniconda3/envs/apache-airflow/lib/python3.8/site-packages/airflow/example_dags/example_dag_decorator.py
[2023-03-28T00:05:25.827+0200] {processor.py:743} INFO - Processing file /home/humbulani/miniconda3/envs/apache-airflow/lib/python3.8/site-packages/airflow/example_dags/example_dag_decorator.py for tasks to queue
[2023-03-28T00:05:25.828+0200] {logging_mixin.py:137} INFO - [2023-03-28T00:05:25.827+0200] {dagbag.py:532} INFO - Filling up the DagBag from /home/humbulani/miniconda3/envs/apache-airflow/lib/python3.8/site-packages/airflow/example_dags/example_dag_decorator.py
[2023-03-28T00:05:25.843+0200] {logging_mixin.py:137} INFO - [2023-03-28T00:05:25.843+0200] {taskmixin.py:211} WARNING - Dependency <Task(_PythonDecoratedOperator): prepare_email>, send_email already registered for DAG: example_dag_decorator
[2023-03-28T00:05:25.843+0200] {logging_mixin.py:137} INFO - [2023-03-28T00:05:25.843+0200] {taskmixin.py:211} WARNING - Dependency <Task(EmailOperator): send_email>, prepare_email already registered for DAG: example_dag_decorator
[2023-03-28T00:05:25.854+0200] {processor.py:753} INFO - DAG(s) dict_keys(['example_dag_decorator']) retrieved from /home/humbulani/miniconda3/envs/apache-airflow/lib/python3.8/site-packages/airflow/example_dags/example_dag_decorator.py
[2023-03-28T00:05:25.904+0200] {logging_mixin.py:137} INFO - [2023-03-28T00:05:25.903+0200] {dag.py:2693} INFO - Sync 1 DAGs
[2023-03-28T00:05:25.922+0200] {logging_mixin.py:137} INFO - [2023-03-28T00:05:25.922+0200] {dag.py:3440} INFO - Setting next_dagrun for example_dag_decorator to None, run_after=None
[2023-03-28T00:05:26.003+0200] {processor.py:175} INFO - Processing /home/humbulani/miniconda3/envs/apache-airflow/lib/python3.8/site-packages/airflow/example_dags/example_dag_decorator.py took 0.193 seconds
[2023-03-28T00:06:10.991+0200] {processor.py:153} INFO - Started process (PID=22742) to work on /home/humbulani/miniconda3/envs/apache-airflow/lib/python3.8/site-packages/airflow/example_dags/example_dag_decorator.py
[2023-03-28T00:06:11.005+0200] {processor.py:743} INFO - Processing file /home/humbulani/miniconda3/envs/apache-airflow/lib/python3.8/site-packages/airflow/example_dags/example_dag_decorator.py for tasks to queue
[2023-03-28T00:06:11.005+0200] {logging_mixin.py:137} INFO - [2023-03-28T00:06:11.005+0200] {dagbag.py:532} INFO - Filling up the DagBag from /home/humbulani/miniconda3/envs/apache-airflow/lib/python3.8/site-packages/airflow/example_dags/example_dag_decorator.py
[2023-03-28T00:06:11.021+0200] {logging_mixin.py:137} INFO - [2023-03-28T00:06:11.021+0200] {taskmixin.py:211} WARNING - Dependency <Task(_PythonDecoratedOperator): prepare_email>, send_email already registered for DAG: example_dag_decorator
[2023-03-28T00:06:11.021+0200] {logging_mixin.py:137} INFO - [2023-03-28T00:06:11.021+0200] {taskmixin.py:211} WARNING - Dependency <Task(EmailOperator): send_email>, prepare_email already registered for DAG: example_dag_decorator
[2023-03-28T00:06:11.032+0200] {processor.py:753} INFO - DAG(s) dict_keys(['example_dag_decorator']) retrieved from /home/humbulani/miniconda3/envs/apache-airflow/lib/python3.8/site-packages/airflow/example_dags/example_dag_decorator.py
[2023-03-28T00:06:11.077+0200] {logging_mixin.py:137} INFO - [2023-03-28T00:06:11.077+0200] {dag.py:2693} INFO - Sync 1 DAGs
[2023-03-28T00:06:11.093+0200] {logging_mixin.py:137} INFO - [2023-03-28T00:06:11.093+0200] {dag.py:3440} INFO - Setting next_dagrun for example_dag_decorator to None, run_after=None
[2023-03-28T00:06:11.255+0200] {processor.py:175} INFO - Processing /home/humbulani/miniconda3/envs/apache-airflow/lib/python3.8/site-packages/airflow/example_dags/example_dag_decorator.py took 0.267 seconds
[2023-03-28T00:06:56.131+0200] {processor.py:153} INFO - Started process (PID=22786) to work on /home/humbulani/miniconda3/envs/apache-airflow/lib/python3.8/site-packages/airflow/example_dags/example_dag_decorator.py
[2023-03-28T00:06:56.187+0200] {processor.py:743} INFO - Processing file /home/humbulani/miniconda3/envs/apache-airflow/lib/python3.8/site-packages/airflow/example_dags/example_dag_decorator.py for tasks to queue
[2023-03-28T00:06:56.188+0200] {logging_mixin.py:137} INFO - [2023-03-28T00:06:56.188+0200] {dagbag.py:532} INFO - Filling up the DagBag from /home/humbulani/miniconda3/envs/apache-airflow/lib/python3.8/site-packages/airflow/example_dags/example_dag_decorator.py
[2023-03-28T00:06:56.205+0200] {logging_mixin.py:137} INFO - [2023-03-28T00:06:56.205+0200] {taskmixin.py:211} WARNING - Dependency <Task(_PythonDecoratedOperator): prepare_email>, send_email already registered for DAG: example_dag_decorator
[2023-03-28T00:06:56.205+0200] {logging_mixin.py:137} INFO - [2023-03-28T00:06:56.205+0200] {taskmixin.py:211} WARNING - Dependency <Task(EmailOperator): send_email>, prepare_email already registered for DAG: example_dag_decorator
[2023-03-28T00:06:56.217+0200] {processor.py:753} INFO - DAG(s) dict_keys(['example_dag_decorator']) retrieved from /home/humbulani/miniconda3/envs/apache-airflow/lib/python3.8/site-packages/airflow/example_dags/example_dag_decorator.py
[2023-03-28T00:06:56.265+0200] {logging_mixin.py:137} INFO - [2023-03-28T00:06:56.265+0200] {dag.py:2693} INFO - Sync 1 DAGs
[2023-03-28T00:06:56.367+0200] {logging_mixin.py:137} INFO - [2023-03-28T00:06:56.367+0200] {dag.py:3440} INFO - Setting next_dagrun for example_dag_decorator to None, run_after=None
[2023-03-28T00:06:56.442+0200] {processor.py:175} INFO - Processing /home/humbulani/miniconda3/envs/apache-airflow/lib/python3.8/site-packages/airflow/example_dags/example_dag_decorator.py took 0.314 seconds
[2023-03-28T00:07:49.051+0200] {processor.py:153} INFO - Started process (PID=22861) to work on /home/humbulani/miniconda3/envs/apache-airflow/lib/python3.8/site-packages/airflow/example_dags/example_dag_decorator.py
[2023-03-28T00:07:49.057+0200] {processor.py:743} INFO - Processing file /home/humbulani/miniconda3/envs/apache-airflow/lib/python3.8/site-packages/airflow/example_dags/example_dag_decorator.py for tasks to queue
[2023-03-28T00:07:49.058+0200] {logging_mixin.py:137} INFO - [2023-03-28T00:07:49.058+0200] {dagbag.py:532} INFO - Filling up the DagBag from /home/humbulani/miniconda3/envs/apache-airflow/lib/python3.8/site-packages/airflow/example_dags/example_dag_decorator.py
[2023-03-28T00:07:49.074+0200] {logging_mixin.py:137} INFO - [2023-03-28T00:07:49.074+0200] {taskmixin.py:211} WARNING - Dependency <Task(_PythonDecoratedOperator): prepare_email>, send_email already registered for DAG: example_dag_decorator
[2023-03-28T00:07:49.074+0200] {logging_mixin.py:137} INFO - [2023-03-28T00:07:49.074+0200] {taskmixin.py:211} WARNING - Dependency <Task(EmailOperator): send_email>, prepare_email already registered for DAG: example_dag_decorator
[2023-03-28T00:07:49.084+0200] {processor.py:753} INFO - DAG(s) dict_keys(['example_dag_decorator']) retrieved from /home/humbulani/miniconda3/envs/apache-airflow/lib/python3.8/site-packages/airflow/example_dags/example_dag_decorator.py
[2023-03-28T00:07:49.131+0200] {logging_mixin.py:137} INFO - [2023-03-28T00:07:49.131+0200] {dag.py:2693} INFO - Sync 1 DAGs
[2023-03-28T00:07:49.225+0200] {logging_mixin.py:137} INFO - [2023-03-28T00:07:49.225+0200] {dag.py:3440} INFO - Setting next_dagrun for example_dag_decorator to None, run_after=None
[2023-03-28T00:07:49.312+0200] {processor.py:175} INFO - Processing /home/humbulani/miniconda3/envs/apache-airflow/lib/python3.8/site-packages/airflow/example_dags/example_dag_decorator.py took 0.264 seconds
[2023-03-28T00:08:41.704+0200] {processor.py:153} INFO - Started process (PID=22936) to work on /home/humbulani/miniconda3/envs/apache-airflow/lib/python3.8/site-packages/airflow/example_dags/example_dag_decorator.py
[2023-03-28T00:08:41.705+0200] {processor.py:743} INFO - Processing file /home/humbulani/miniconda3/envs/apache-airflow/lib/python3.8/site-packages/airflow/example_dags/example_dag_decorator.py for tasks to queue
[2023-03-28T00:08:41.706+0200] {logging_mixin.py:137} INFO - [2023-03-28T00:08:41.706+0200] {dagbag.py:532} INFO - Filling up the DagBag from /home/humbulani/miniconda3/envs/apache-airflow/lib/python3.8/site-packages/airflow/example_dags/example_dag_decorator.py
[2023-03-28T00:08:41.721+0200] {logging_mixin.py:137} INFO - [2023-03-28T00:08:41.721+0200] {taskmixin.py:211} WARNING - Dependency <Task(_PythonDecoratedOperator): prepare_email>, send_email already registered for DAG: example_dag_decorator
[2023-03-28T00:08:41.721+0200] {logging_mixin.py:137} INFO - [2023-03-28T00:08:41.721+0200] {taskmixin.py:211} WARNING - Dependency <Task(EmailOperator): send_email>, prepare_email already registered for DAG: example_dag_decorator
[2023-03-28T00:08:41.731+0200] {processor.py:753} INFO - DAG(s) dict_keys(['example_dag_decorator']) retrieved from /home/humbulani/miniconda3/envs/apache-airflow/lib/python3.8/site-packages/airflow/example_dags/example_dag_decorator.py
[2023-03-28T00:08:41.854+0200] {logging_mixin.py:137} INFO - [2023-03-28T00:08:41.854+0200] {dag.py:2693} INFO - Sync 1 DAGs
[2023-03-28T00:08:41.869+0200] {logging_mixin.py:137} INFO - [2023-03-28T00:08:41.869+0200] {dag.py:3440} INFO - Setting next_dagrun for example_dag_decorator to None, run_after=None
[2023-03-28T00:08:41.948+0200] {processor.py:175} INFO - Processing /home/humbulani/miniconda3/envs/apache-airflow/lib/python3.8/site-packages/airflow/example_dags/example_dag_decorator.py took 0.245 seconds
[2023-03-28T00:09:42.079+0200] {processor.py:153} INFO - Started process (PID=22998) to work on /home/humbulani/miniconda3/envs/apache-airflow/lib/python3.8/site-packages/airflow/example_dags/example_dag_decorator.py
[2023-03-28T00:09:42.091+0200] {processor.py:743} INFO - Processing file /home/humbulani/miniconda3/envs/apache-airflow/lib/python3.8/site-packages/airflow/example_dags/example_dag_decorator.py for tasks to queue
[2023-03-28T00:09:42.091+0200] {logging_mixin.py:137} INFO - [2023-03-28T00:09:42.091+0200] {dagbag.py:532} INFO - Filling up the DagBag from /home/humbulani/miniconda3/envs/apache-airflow/lib/python3.8/site-packages/airflow/example_dags/example_dag_decorator.py
[2023-03-28T00:09:42.107+0200] {logging_mixin.py:137} INFO - [2023-03-28T00:09:42.107+0200] {taskmixin.py:211} WARNING - Dependency <Task(_PythonDecoratedOperator): prepare_email>, send_email already registered for DAG: example_dag_decorator
[2023-03-28T00:09:42.107+0200] {logging_mixin.py:137} INFO - [2023-03-28T00:09:42.107+0200] {taskmixin.py:211} WARNING - Dependency <Task(EmailOperator): send_email>, prepare_email already registered for DAG: example_dag_decorator
[2023-03-28T00:09:42.117+0200] {processor.py:753} INFO - DAG(s) dict_keys(['example_dag_decorator']) retrieved from /home/humbulani/miniconda3/envs/apache-airflow/lib/python3.8/site-packages/airflow/example_dags/example_dag_decorator.py
[2023-03-28T00:09:42.239+0200] {logging_mixin.py:137} INFO - [2023-03-28T00:09:42.239+0200] {dag.py:2693} INFO - Sync 1 DAGs
[2023-03-28T00:09:42.254+0200] {logging_mixin.py:137} INFO - [2023-03-28T00:09:42.254+0200] {dag.py:3440} INFO - Setting next_dagrun for example_dag_decorator to None, run_after=None
[2023-03-28T00:09:42.343+0200] {processor.py:175} INFO - Processing /home/humbulani/miniconda3/envs/apache-airflow/lib/python3.8/site-packages/airflow/example_dags/example_dag_decorator.py took 0.267 seconds
[2023-03-28T00:10:41.838+0200] {processor.py:153} INFO - Started process (PID=23050) to work on /home/humbulani/miniconda3/envs/apache-airflow/lib/python3.8/site-packages/airflow/example_dags/example_dag_decorator.py
[2023-03-28T00:10:41.855+0200] {processor.py:743} INFO - Processing file /home/humbulani/miniconda3/envs/apache-airflow/lib/python3.8/site-packages/airflow/example_dags/example_dag_decorator.py for tasks to queue
[2023-03-28T00:10:41.856+0200] {logging_mixin.py:137} INFO - [2023-03-28T00:10:41.856+0200] {dagbag.py:532} INFO - Filling up the DagBag from /home/humbulani/miniconda3/envs/apache-airflow/lib/python3.8/site-packages/airflow/example_dags/example_dag_decorator.py
[2023-03-28T00:10:41.872+0200] {logging_mixin.py:137} INFO - [2023-03-28T00:10:41.871+0200] {taskmixin.py:211} WARNING - Dependency <Task(_PythonDecoratedOperator): prepare_email>, send_email already registered for DAG: example_dag_decorator
[2023-03-28T00:10:41.872+0200] {logging_mixin.py:137} INFO - [2023-03-28T00:10:41.872+0200] {taskmixin.py:211} WARNING - Dependency <Task(EmailOperator): send_email>, prepare_email already registered for DAG: example_dag_decorator
[2023-03-28T00:10:41.969+0200] {processor.py:753} INFO - DAG(s) dict_keys(['example_dag_decorator']) retrieved from /home/humbulani/miniconda3/envs/apache-airflow/lib/python3.8/site-packages/airflow/example_dags/example_dag_decorator.py
[2023-03-28T00:10:42.010+0200] {logging_mixin.py:137} INFO - [2023-03-28T00:10:42.010+0200] {dag.py:2693} INFO - Sync 1 DAGs
[2023-03-28T00:10:42.027+0200] {logging_mixin.py:137} INFO - [2023-03-28T00:10:42.027+0200] {dag.py:3440} INFO - Setting next_dagrun for example_dag_decorator to None, run_after=None
[2023-03-28T00:10:42.113+0200] {processor.py:175} INFO - Processing /home/humbulani/miniconda3/envs/apache-airflow/lib/python3.8/site-packages/airflow/example_dags/example_dag_decorator.py took 0.278 seconds
[2023-03-28T00:11:47.324+0200] {processor.py:153} INFO - Started process (PID=23107) to work on /home/humbulani/miniconda3/envs/apache-airflow/lib/python3.8/site-packages/airflow/example_dags/example_dag_decorator.py
[2023-03-28T00:11:47.324+0200] {processor.py:743} INFO - Processing file /home/humbulani/miniconda3/envs/apache-airflow/lib/python3.8/site-packages/airflow/example_dags/example_dag_decorator.py for tasks to queue
[2023-03-28T00:11:47.325+0200] {logging_mixin.py:137} INFO - [2023-03-28T00:11:47.325+0200] {dagbag.py:532} INFO - Filling up the DagBag from /home/humbulani/miniconda3/envs/apache-airflow/lib/python3.8/site-packages/airflow/example_dags/example_dag_decorator.py
[2023-03-28T00:11:47.423+0200] {logging_mixin.py:137} INFO - [2023-03-28T00:11:47.422+0200] {taskmixin.py:211} WARNING - Dependency <Task(_PythonDecoratedOperator): prepare_email>, send_email already registered for DAG: example_dag_decorator
[2023-03-28T00:11:47.423+0200] {logging_mixin.py:137} INFO - [2023-03-28T00:11:47.423+0200] {taskmixin.py:211} WARNING - Dependency <Task(EmailOperator): send_email>, prepare_email already registered for DAG: example_dag_decorator
[2023-03-28T00:11:47.431+0200] {processor.py:753} INFO - DAG(s) dict_keys(['example_dag_decorator']) retrieved from /home/humbulani/miniconda3/envs/apache-airflow/lib/python3.8/site-packages/airflow/example_dags/example_dag_decorator.py
[2023-03-28T00:11:47.474+0200] {logging_mixin.py:137} INFO - [2023-03-28T00:11:47.474+0200] {dag.py:2693} INFO - Sync 1 DAGs
[2023-03-28T00:11:47.489+0200] {logging_mixin.py:137} INFO - [2023-03-28T00:11:47.489+0200] {dag.py:3440} INFO - Setting next_dagrun for example_dag_decorator to None, run_after=None
[2023-03-28T00:11:47.586+0200] {processor.py:175} INFO - Processing /home/humbulani/miniconda3/envs/apache-airflow/lib/python3.8/site-packages/airflow/example_dags/example_dag_decorator.py took 0.265 seconds
[2023-03-28T00:12:38.287+0200] {processor.py:153} INFO - Started process (PID=23151) to work on /home/humbulani/miniconda3/envs/apache-airflow/lib/python3.8/site-packages/airflow/example_dags/example_dag_decorator.py
[2023-03-28T00:12:38.288+0200] {processor.py:743} INFO - Processing file /home/humbulani/miniconda3/envs/apache-airflow/lib/python3.8/site-packages/airflow/example_dags/example_dag_decorator.py for tasks to queue
[2023-03-28T00:12:38.288+0200] {logging_mixin.py:137} INFO - [2023-03-28T00:12:38.288+0200] {dagbag.py:532} INFO - Filling up the DagBag from /home/humbulani/miniconda3/envs/apache-airflow/lib/python3.8/site-packages/airflow/example_dags/example_dag_decorator.py
[2023-03-28T00:12:38.304+0200] {logging_mixin.py:137} INFO - [2023-03-28T00:12:38.304+0200] {taskmixin.py:211} WARNING - Dependency <Task(_PythonDecoratedOperator): prepare_email>, send_email already registered for DAG: example_dag_decorator
[2023-03-28T00:12:38.305+0200] {logging_mixin.py:137} INFO - [2023-03-28T00:12:38.304+0200] {taskmixin.py:211} WARNING - Dependency <Task(EmailOperator): send_email>, prepare_email already registered for DAG: example_dag_decorator
[2023-03-28T00:12:38.315+0200] {processor.py:753} INFO - DAG(s) dict_keys(['example_dag_decorator']) retrieved from /home/humbulani/miniconda3/envs/apache-airflow/lib/python3.8/site-packages/airflow/example_dags/example_dag_decorator.py
[2023-03-28T00:12:38.363+0200] {logging_mixin.py:137} INFO - [2023-03-28T00:12:38.362+0200] {dag.py:2693} INFO - Sync 1 DAGs
[2023-03-28T00:12:38.379+0200] {logging_mixin.py:137} INFO - [2023-03-28T00:12:38.379+0200] {dag.py:3440} INFO - Setting next_dagrun for example_dag_decorator to None, run_after=None
[2023-03-28T00:12:38.463+0200] {processor.py:175} INFO - Processing /home/humbulani/miniconda3/envs/apache-airflow/lib/python3.8/site-packages/airflow/example_dags/example_dag_decorator.py took 0.178 seconds
[2023-03-28T00:13:25.059+0200] {processor.py:153} INFO - Started process (PID=23223) to work on /home/humbulani/miniconda3/envs/apache-airflow/lib/python3.8/site-packages/airflow/example_dags/example_dag_decorator.py
[2023-03-28T00:13:25.072+0200] {processor.py:743} INFO - Processing file /home/humbulani/miniconda3/envs/apache-airflow/lib/python3.8/site-packages/airflow/example_dags/example_dag_decorator.py for tasks to queue
[2023-03-28T00:13:25.073+0200] {logging_mixin.py:137} INFO - [2023-03-28T00:13:25.073+0200] {dagbag.py:532} INFO - Filling up the DagBag from /home/humbulani/miniconda3/envs/apache-airflow/lib/python3.8/site-packages/airflow/example_dags/example_dag_decorator.py
[2023-03-28T00:13:25.088+0200] {logging_mixin.py:137} INFO - [2023-03-28T00:13:25.088+0200] {taskmixin.py:211} WARNING - Dependency <Task(_PythonDecoratedOperator): prepare_email>, send_email already registered for DAG: example_dag_decorator
[2023-03-28T00:13:25.088+0200] {logging_mixin.py:137} INFO - [2023-03-28T00:13:25.088+0200] {taskmixin.py:211} WARNING - Dependency <Task(EmailOperator): send_email>, prepare_email already registered for DAG: example_dag_decorator
[2023-03-28T00:13:25.098+0200] {processor.py:753} INFO - DAG(s) dict_keys(['example_dag_decorator']) retrieved from /home/humbulani/miniconda3/envs/apache-airflow/lib/python3.8/site-packages/airflow/example_dags/example_dag_decorator.py
[2023-03-28T00:13:25.142+0200] {logging_mixin.py:137} INFO - [2023-03-28T00:13:25.142+0200] {dag.py:2693} INFO - Sync 1 DAGs
[2023-03-28T00:13:25.158+0200] {logging_mixin.py:137} INFO - [2023-03-28T00:13:25.157+0200] {dag.py:3440} INFO - Setting next_dagrun for example_dag_decorator to None, run_after=None
[2023-03-28T00:13:25.240+0200] {processor.py:175} INFO - Processing /home/humbulani/miniconda3/envs/apache-airflow/lib/python3.8/site-packages/airflow/example_dags/example_dag_decorator.py took 0.184 seconds
[2023-03-28T00:14:08.057+0200] {processor.py:153} INFO - Started process (PID=23273) to work on /home/humbulani/miniconda3/envs/apache-airflow/lib/python3.8/site-packages/airflow/example_dags/example_dag_decorator.py
[2023-03-28T00:14:08.068+0200] {processor.py:743} INFO - Processing file /home/humbulani/miniconda3/envs/apache-airflow/lib/python3.8/site-packages/airflow/example_dags/example_dag_decorator.py for tasks to queue
[2023-03-28T00:14:08.069+0200] {logging_mixin.py:137} INFO - [2023-03-28T00:14:08.069+0200] {dagbag.py:532} INFO - Filling up the DagBag from /home/humbulani/miniconda3/envs/apache-airflow/lib/python3.8/site-packages/airflow/example_dags/example_dag_decorator.py
[2023-03-28T00:14:08.084+0200] {logging_mixin.py:137} INFO - [2023-03-28T00:14:08.084+0200] {taskmixin.py:211} WARNING - Dependency <Task(_PythonDecoratedOperator): prepare_email>, send_email already registered for DAG: example_dag_decorator
[2023-03-28T00:14:08.084+0200] {logging_mixin.py:137} INFO - [2023-03-28T00:14:08.084+0200] {taskmixin.py:211} WARNING - Dependency <Task(EmailOperator): send_email>, prepare_email already registered for DAG: example_dag_decorator
[2023-03-28T00:14:08.095+0200] {processor.py:753} INFO - DAG(s) dict_keys(['example_dag_decorator']) retrieved from /home/humbulani/miniconda3/envs/apache-airflow/lib/python3.8/site-packages/airflow/example_dags/example_dag_decorator.py
[2023-03-28T00:14:08.139+0200] {logging_mixin.py:137} INFO - [2023-03-28T00:14:08.138+0200] {dag.py:2693} INFO - Sync 1 DAGs
[2023-03-28T00:14:08.156+0200] {logging_mixin.py:137} INFO - [2023-03-28T00:14:08.156+0200] {dag.py:3440} INFO - Setting next_dagrun for example_dag_decorator to None, run_after=None
[2023-03-28T00:14:08.260+0200] {processor.py:175} INFO - Processing /home/humbulani/miniconda3/envs/apache-airflow/lib/python3.8/site-packages/airflow/example_dags/example_dag_decorator.py took 0.205 seconds
[2023-03-28T00:14:56.513+0200] {processor.py:153} INFO - Started process (PID=23322) to work on /home/humbulani/miniconda3/envs/apache-airflow/lib/python3.8/site-packages/airflow/example_dags/example_dag_decorator.py
[2023-03-28T00:14:56.525+0200] {processor.py:743} INFO - Processing file /home/humbulani/miniconda3/envs/apache-airflow/lib/python3.8/site-packages/airflow/example_dags/example_dag_decorator.py for tasks to queue
[2023-03-28T00:14:56.526+0200] {logging_mixin.py:137} INFO - [2023-03-28T00:14:56.526+0200] {dagbag.py:532} INFO - Filling up the DagBag from /home/humbulani/miniconda3/envs/apache-airflow/lib/python3.8/site-packages/airflow/example_dags/example_dag_decorator.py
[2023-03-28T00:14:56.541+0200] {logging_mixin.py:137} INFO - [2023-03-28T00:14:56.541+0200] {taskmixin.py:211} WARNING - Dependency <Task(_PythonDecoratedOperator): prepare_email>, send_email already registered for DAG: example_dag_decorator
[2023-03-28T00:14:56.542+0200] {logging_mixin.py:137} INFO - [2023-03-28T00:14:56.542+0200] {taskmixin.py:211} WARNING - Dependency <Task(EmailOperator): send_email>, prepare_email already registered for DAG: example_dag_decorator
[2023-03-28T00:14:56.553+0200] {processor.py:753} INFO - DAG(s) dict_keys(['example_dag_decorator']) retrieved from /home/humbulani/miniconda3/envs/apache-airflow/lib/python3.8/site-packages/airflow/example_dags/example_dag_decorator.py
[2023-03-28T00:14:56.599+0200] {logging_mixin.py:137} INFO - [2023-03-28T00:14:56.599+0200] {dag.py:2693} INFO - Sync 1 DAGs
[2023-03-28T00:14:56.616+0200] {logging_mixin.py:137} INFO - [2023-03-28T00:14:56.616+0200] {dag.py:3440} INFO - Setting next_dagrun for example_dag_decorator to None, run_after=None
[2023-03-28T00:14:56.716+0200] {processor.py:175} INFO - Processing /home/humbulani/miniconda3/envs/apache-airflow/lib/python3.8/site-packages/airflow/example_dags/example_dag_decorator.py took 0.207 seconds
[2023-03-28T00:15:43.404+0200] {processor.py:153} INFO - Started process (PID=23394) to work on /home/humbulani/miniconda3/envs/apache-airflow/lib/python3.8/site-packages/airflow/example_dags/example_dag_decorator.py
[2023-03-28T00:15:43.420+0200] {processor.py:743} INFO - Processing file /home/humbulani/miniconda3/envs/apache-airflow/lib/python3.8/site-packages/airflow/example_dags/example_dag_decorator.py for tasks to queue
[2023-03-28T00:15:43.420+0200] {logging_mixin.py:137} INFO - [2023-03-28T00:15:43.420+0200] {dagbag.py:532} INFO - Filling up the DagBag from /home/humbulani/miniconda3/envs/apache-airflow/lib/python3.8/site-packages/airflow/example_dags/example_dag_decorator.py
[2023-03-28T00:15:43.436+0200] {logging_mixin.py:137} INFO - [2023-03-28T00:15:43.435+0200] {taskmixin.py:211} WARNING - Dependency <Task(_PythonDecoratedOperator): prepare_email>, send_email already registered for DAG: example_dag_decorator
[2023-03-28T00:15:43.436+0200] {logging_mixin.py:137} INFO - [2023-03-28T00:15:43.436+0200] {taskmixin.py:211} WARNING - Dependency <Task(EmailOperator): send_email>, prepare_email already registered for DAG: example_dag_decorator
[2023-03-28T00:15:43.448+0200] {processor.py:753} INFO - DAG(s) dict_keys(['example_dag_decorator']) retrieved from /home/humbulani/miniconda3/envs/apache-airflow/lib/python3.8/site-packages/airflow/example_dags/example_dag_decorator.py
[2023-03-28T00:15:43.493+0200] {logging_mixin.py:137} INFO - [2023-03-28T00:15:43.493+0200] {dag.py:2693} INFO - Sync 1 DAGs
[2023-03-28T00:15:43.509+0200] {logging_mixin.py:137} INFO - [2023-03-28T00:15:43.509+0200] {dag.py:3440} INFO - Setting next_dagrun for example_dag_decorator to None, run_after=None
[2023-03-28T00:15:43.599+0200] {processor.py:175} INFO - Processing /home/humbulani/miniconda3/envs/apache-airflow/lib/python3.8/site-packages/airflow/example_dags/example_dag_decorator.py took 0.199 seconds
[2023-03-28T00:16:32.973+0200] {processor.py:153} INFO - Started process (PID=23462) to work on /home/humbulani/miniconda3/envs/apache-airflow/lib/python3.8/site-packages/airflow/example_dags/example_dag_decorator.py
[2023-03-28T00:16:32.986+0200] {processor.py:743} INFO - Processing file /home/humbulani/miniconda3/envs/apache-airflow/lib/python3.8/site-packages/airflow/example_dags/example_dag_decorator.py for tasks to queue
[2023-03-28T00:16:32.987+0200] {logging_mixin.py:137} INFO - [2023-03-28T00:16:32.987+0200] {dagbag.py:532} INFO - Filling up the DagBag from /home/humbulani/miniconda3/envs/apache-airflow/lib/python3.8/site-packages/airflow/example_dags/example_dag_decorator.py
[2023-03-28T00:16:33.002+0200] {logging_mixin.py:137} INFO - [2023-03-28T00:16:33.002+0200] {taskmixin.py:211} WARNING - Dependency <Task(_PythonDecoratedOperator): prepare_email>, send_email already registered for DAG: example_dag_decorator
[2023-03-28T00:16:33.002+0200] {logging_mixin.py:137} INFO - [2023-03-28T00:16:33.002+0200] {taskmixin.py:211} WARNING - Dependency <Task(EmailOperator): send_email>, prepare_email already registered for DAG: example_dag_decorator
[2023-03-28T00:16:33.013+0200] {processor.py:753} INFO - DAG(s) dict_keys(['example_dag_decorator']) retrieved from /home/humbulani/miniconda3/envs/apache-airflow/lib/python3.8/site-packages/airflow/example_dags/example_dag_decorator.py
[2023-03-28T00:16:33.058+0200] {logging_mixin.py:137} INFO - [2023-03-28T00:16:33.057+0200] {dag.py:2693} INFO - Sync 1 DAGs
[2023-03-28T00:16:33.073+0200] {logging_mixin.py:137} INFO - [2023-03-28T00:16:33.073+0200] {dag.py:3440} INFO - Setting next_dagrun for example_dag_decorator to None, run_after=None
[2023-03-28T00:16:33.166+0200] {processor.py:175} INFO - Processing /home/humbulani/miniconda3/envs/apache-airflow/lib/python3.8/site-packages/airflow/example_dags/example_dag_decorator.py took 0.196 seconds
[2023-03-28T00:17:24.708+0200] {processor.py:153} INFO - Started process (PID=23592) to work on /home/humbulani/miniconda3/envs/apache-airflow/lib/python3.8/site-packages/airflow/example_dags/example_dag_decorator.py
[2023-03-28T00:17:24.722+0200] {processor.py:743} INFO - Processing file /home/humbulani/miniconda3/envs/apache-airflow/lib/python3.8/site-packages/airflow/example_dags/example_dag_decorator.py for tasks to queue
[2023-03-28T00:17:24.722+0200] {logging_mixin.py:137} INFO - [2023-03-28T00:17:24.722+0200] {dagbag.py:532} INFO - Filling up the DagBag from /home/humbulani/miniconda3/envs/apache-airflow/lib/python3.8/site-packages/airflow/example_dags/example_dag_decorator.py
[2023-03-28T00:17:24.739+0200] {logging_mixin.py:137} INFO - [2023-03-28T00:17:24.738+0200] {taskmixin.py:211} WARNING - Dependency <Task(_PythonDecoratedOperator): prepare_email>, send_email already registered for DAG: example_dag_decorator
[2023-03-28T00:17:24.739+0200] {logging_mixin.py:137} INFO - [2023-03-28T00:17:24.739+0200] {taskmixin.py:211} WARNING - Dependency <Task(EmailOperator): send_email>, prepare_email already registered for DAG: example_dag_decorator
[2023-03-28T00:17:24.750+0200] {processor.py:753} INFO - DAG(s) dict_keys(['example_dag_decorator']) retrieved from /home/humbulani/miniconda3/envs/apache-airflow/lib/python3.8/site-packages/airflow/example_dags/example_dag_decorator.py
[2023-03-28T00:17:24.798+0200] {logging_mixin.py:137} INFO - [2023-03-28T00:17:24.798+0200] {dag.py:2693} INFO - Sync 1 DAGs
[2023-03-28T00:17:24.816+0200] {logging_mixin.py:137} INFO - [2023-03-28T00:17:24.815+0200] {dag.py:3440} INFO - Setting next_dagrun for example_dag_decorator to None, run_after=None
[2023-03-28T00:17:24.906+0200] {processor.py:175} INFO - Processing /home/humbulani/miniconda3/envs/apache-airflow/lib/python3.8/site-packages/airflow/example_dags/example_dag_decorator.py took 0.201 seconds
[2023-03-28T00:18:09.835+0200] {processor.py:153} INFO - Started process (PID=23638) to work on /home/humbulani/miniconda3/envs/apache-airflow/lib/python3.8/site-packages/airflow/example_dags/example_dag_decorator.py
[2023-03-28T00:18:09.845+0200] {processor.py:743} INFO - Processing file /home/humbulani/miniconda3/envs/apache-airflow/lib/python3.8/site-packages/airflow/example_dags/example_dag_decorator.py for tasks to queue
[2023-03-28T00:18:09.846+0200] {logging_mixin.py:137} INFO - [2023-03-28T00:18:09.845+0200] {dagbag.py:532} INFO - Filling up the DagBag from /home/humbulani/miniconda3/envs/apache-airflow/lib/python3.8/site-packages/airflow/example_dags/example_dag_decorator.py
[2023-03-28T00:18:09.866+0200] {logging_mixin.py:137} INFO - [2023-03-28T00:18:09.865+0200] {taskmixin.py:211} WARNING - Dependency <Task(_PythonDecoratedOperator): prepare_email>, send_email already registered for DAG: example_dag_decorator
[2023-03-28T00:18:09.866+0200] {logging_mixin.py:137} INFO - [2023-03-28T00:18:09.866+0200] {taskmixin.py:211} WARNING - Dependency <Task(EmailOperator): send_email>, prepare_email already registered for DAG: example_dag_decorator
[2023-03-28T00:18:09.878+0200] {processor.py:753} INFO - DAG(s) dict_keys(['example_dag_decorator']) retrieved from /home/humbulani/miniconda3/envs/apache-airflow/lib/python3.8/site-packages/airflow/example_dags/example_dag_decorator.py
[2023-03-28T00:18:09.922+0200] {logging_mixin.py:137} INFO - [2023-03-28T00:18:09.922+0200] {dag.py:2693} INFO - Sync 1 DAGs
[2023-03-28T00:18:09.940+0200] {logging_mixin.py:137} INFO - [2023-03-28T00:18:09.940+0200] {dag.py:3440} INFO - Setting next_dagrun for example_dag_decorator to None, run_after=None
[2023-03-28T00:18:10.029+0200] {processor.py:175} INFO - Processing /home/humbulani/miniconda3/envs/apache-airflow/lib/python3.8/site-packages/airflow/example_dags/example_dag_decorator.py took 0.197 seconds
[2023-03-28T00:18:52.915+0200] {processor.py:153} INFO - Started process (PID=23679) to work on /home/humbulani/miniconda3/envs/apache-airflow/lib/python3.8/site-packages/airflow/example_dags/example_dag_decorator.py
[2023-03-28T00:18:52.926+0200] {processor.py:743} INFO - Processing file /home/humbulani/miniconda3/envs/apache-airflow/lib/python3.8/site-packages/airflow/example_dags/example_dag_decorator.py for tasks to queue
[2023-03-28T00:18:52.927+0200] {logging_mixin.py:137} INFO - [2023-03-28T00:18:52.926+0200] {dagbag.py:532} INFO - Filling up the DagBag from /home/humbulani/miniconda3/envs/apache-airflow/lib/python3.8/site-packages/airflow/example_dags/example_dag_decorator.py
[2023-03-28T00:18:52.948+0200] {logging_mixin.py:137} INFO - [2023-03-28T00:18:52.948+0200] {taskmixin.py:211} WARNING - Dependency <Task(_PythonDecoratedOperator): prepare_email>, send_email already registered for DAG: example_dag_decorator
[2023-03-28T00:18:52.948+0200] {logging_mixin.py:137} INFO - [2023-03-28T00:18:52.948+0200] {taskmixin.py:211} WARNING - Dependency <Task(EmailOperator): send_email>, prepare_email already registered for DAG: example_dag_decorator
[2023-03-28T00:18:52.960+0200] {processor.py:753} INFO - DAG(s) dict_keys(['example_dag_decorator']) retrieved from /home/humbulani/miniconda3/envs/apache-airflow/lib/python3.8/site-packages/airflow/example_dags/example_dag_decorator.py
[2023-03-28T00:18:53.014+0200] {logging_mixin.py:137} INFO - [2023-03-28T00:18:53.013+0200] {dag.py:2693} INFO - Sync 1 DAGs
[2023-03-28T00:18:53.031+0200] {logging_mixin.py:137} INFO - [2023-03-28T00:18:53.031+0200] {dag.py:3440} INFO - Setting next_dagrun for example_dag_decorator to None, run_after=None
[2023-03-28T00:18:53.129+0200] {processor.py:175} INFO - Processing /home/humbulani/miniconda3/envs/apache-airflow/lib/python3.8/site-packages/airflow/example_dags/example_dag_decorator.py took 0.217 seconds
[2023-03-28T00:19:39.755+0200] {processor.py:153} INFO - Started process (PID=23724) to work on /home/humbulani/miniconda3/envs/apache-airflow/lib/python3.8/site-packages/airflow/example_dags/example_dag_decorator.py
[2023-03-28T00:19:39.769+0200] {processor.py:743} INFO - Processing file /home/humbulani/miniconda3/envs/apache-airflow/lib/python3.8/site-packages/airflow/example_dags/example_dag_decorator.py for tasks to queue
[2023-03-28T00:19:39.769+0200] {logging_mixin.py:137} INFO - [2023-03-28T00:19:39.769+0200] {dagbag.py:532} INFO - Filling up the DagBag from /home/humbulani/miniconda3/envs/apache-airflow/lib/python3.8/site-packages/airflow/example_dags/example_dag_decorator.py
[2023-03-28T00:19:39.787+0200] {logging_mixin.py:137} INFO - [2023-03-28T00:19:39.787+0200] {taskmixin.py:211} WARNING - Dependency <Task(_PythonDecoratedOperator): prepare_email>, send_email already registered for DAG: example_dag_decorator
[2023-03-28T00:19:39.787+0200] {logging_mixin.py:137} INFO - [2023-03-28T00:19:39.787+0200] {taskmixin.py:211} WARNING - Dependency <Task(EmailOperator): send_email>, prepare_email already registered for DAG: example_dag_decorator
[2023-03-28T00:19:39.799+0200] {processor.py:753} INFO - DAG(s) dict_keys(['example_dag_decorator']) retrieved from /home/humbulani/miniconda3/envs/apache-airflow/lib/python3.8/site-packages/airflow/example_dags/example_dag_decorator.py
[2023-03-28T00:19:39.845+0200] {logging_mixin.py:137} INFO - [2023-03-28T00:19:39.845+0200] {dag.py:2693} INFO - Sync 1 DAGs
[2023-03-28T00:19:39.861+0200] {logging_mixin.py:137} INFO - [2023-03-28T00:19:39.861+0200] {dag.py:3440} INFO - Setting next_dagrun for example_dag_decorator to None, run_after=None
[2023-03-28T00:19:39.952+0200] {processor.py:175} INFO - Processing /home/humbulani/miniconda3/envs/apache-airflow/lib/python3.8/site-packages/airflow/example_dags/example_dag_decorator.py took 0.199 seconds
[2023-03-28T00:20:32.100+0200] {processor.py:153} INFO - Started process (PID=23776) to work on /home/humbulani/miniconda3/envs/apache-airflow/lib/python3.8/site-packages/airflow/example_dags/example_dag_decorator.py
[2023-03-28T00:20:32.109+0200] {processor.py:743} INFO - Processing file /home/humbulani/miniconda3/envs/apache-airflow/lib/python3.8/site-packages/airflow/example_dags/example_dag_decorator.py for tasks to queue
[2023-03-28T00:20:32.110+0200] {logging_mixin.py:137} INFO - [2023-03-28T00:20:32.110+0200] {dagbag.py:532} INFO - Filling up the DagBag from /home/humbulani/miniconda3/envs/apache-airflow/lib/python3.8/site-packages/airflow/example_dags/example_dag_decorator.py
[2023-03-28T00:20:32.127+0200] {logging_mixin.py:137} INFO - [2023-03-28T00:20:32.127+0200] {taskmixin.py:211} WARNING - Dependency <Task(_PythonDecoratedOperator): prepare_email>, send_email already registered for DAG: example_dag_decorator
[2023-03-28T00:20:32.127+0200] {logging_mixin.py:137} INFO - [2023-03-28T00:20:32.127+0200] {taskmixin.py:211} WARNING - Dependency <Task(EmailOperator): send_email>, prepare_email already registered for DAG: example_dag_decorator
[2023-03-28T00:20:32.138+0200] {processor.py:753} INFO - DAG(s) dict_keys(['example_dag_decorator']) retrieved from /home/humbulani/miniconda3/envs/apache-airflow/lib/python3.8/site-packages/airflow/example_dags/example_dag_decorator.py
[2023-03-28T00:20:32.192+0200] {logging_mixin.py:137} INFO - [2023-03-28T00:20:32.192+0200] {dag.py:2693} INFO - Sync 1 DAGs
[2023-03-28T00:20:32.210+0200] {logging_mixin.py:137} INFO - [2023-03-28T00:20:32.210+0200] {dag.py:3440} INFO - Setting next_dagrun for example_dag_decorator to None, run_after=None
[2023-03-28T00:20:32.307+0200] {processor.py:175} INFO - Processing /home/humbulani/miniconda3/envs/apache-airflow/lib/python3.8/site-packages/airflow/example_dags/example_dag_decorator.py took 0.209 seconds
[2023-03-28T00:21:33.353+0200] {processor.py:153} INFO - Started process (PID=23846) to work on /home/humbulani/miniconda3/envs/apache-airflow/lib/python3.8/site-packages/airflow/example_dags/example_dag_decorator.py
[2023-03-28T00:21:33.401+0200] {processor.py:743} INFO - Processing file /home/humbulani/miniconda3/envs/apache-airflow/lib/python3.8/site-packages/airflow/example_dags/example_dag_decorator.py for tasks to queue
[2023-03-28T00:21:33.402+0200] {logging_mixin.py:137} INFO - [2023-03-28T00:21:33.402+0200] {dagbag.py:532} INFO - Filling up the DagBag from /home/humbulani/miniconda3/envs/apache-airflow/lib/python3.8/site-packages/airflow/example_dags/example_dag_decorator.py
[2023-03-28T00:21:33.417+0200] {logging_mixin.py:137} INFO - [2023-03-28T00:21:33.417+0200] {taskmixin.py:211} WARNING - Dependency <Task(_PythonDecoratedOperator): prepare_email>, send_email already registered for DAG: example_dag_decorator
[2023-03-28T00:21:33.418+0200] {logging_mixin.py:137} INFO - [2023-03-28T00:21:33.418+0200] {taskmixin.py:211} WARNING - Dependency <Task(EmailOperator): send_email>, prepare_email already registered for DAG: example_dag_decorator
[2023-03-28T00:21:33.428+0200] {processor.py:753} INFO - DAG(s) dict_keys(['example_dag_decorator']) retrieved from /home/humbulani/miniconda3/envs/apache-airflow/lib/python3.8/site-packages/airflow/example_dags/example_dag_decorator.py
[2023-03-28T00:21:36.251+0200] {logging_mixin.py:137} INFO - [2023-03-28T00:21:36.251+0200] {dag.py:2693} INFO - Sync 1 DAGs
[2023-03-28T00:21:36.270+0200] {logging_mixin.py:137} INFO - [2023-03-28T00:21:36.270+0200] {dag.py:3440} INFO - Setting next_dagrun for example_dag_decorator to None, run_after=None
[2023-03-28T00:21:36.391+0200] {processor.py:175} INFO - Processing /home/humbulani/miniconda3/envs/apache-airflow/lib/python3.8/site-packages/airflow/example_dags/example_dag_decorator.py took 3.041 seconds
