[2023-03-28T00:03:56.864+0200] {processor.py:153} INFO - Started process (PID=22498) to work on /home/humbulani/miniconda3/envs/apache-airflow/lib/python3.8/site-packages/airflow/example_dags/example_short_circuit_decorator.py
[2023-03-28T00:03:56.865+0200] {processor.py:743} INFO - Processing file /home/humbulani/miniconda3/envs/apache-airflow/lib/python3.8/site-packages/airflow/example_dags/example_short_circuit_decorator.py for tasks to queue
[2023-03-28T00:03:56.865+0200] {logging_mixin.py:137} INFO - [2023-03-28T00:03:56.865+0200] {dagbag.py:532} INFO - Filling up the DagBag from /home/humbulani/miniconda3/envs/apache-airflow/lib/python3.8/site-packages/airflow/example_dags/example_short_circuit_decorator.py
[2023-03-28T00:03:56.887+0200] {processor.py:753} INFO - DAG(s) dict_keys(['example_short_circuit_decorator']) retrieved from /home/humbulani/miniconda3/envs/apache-airflow/lib/python3.8/site-packages/airflow/example_dags/example_short_circuit_decorator.py
[2023-03-28T00:03:56.906+0200] {logging_mixin.py:137} INFO - [2023-03-28T00:03:56.906+0200] {dag.py:2693} INFO - Sync 1 DAGs
[2023-03-28T00:03:56.923+0200] {logging_mixin.py:137} INFO - [2023-03-28T00:03:56.923+0200] {dag.py:3440} INFO - Setting next_dagrun for example_short_circuit_decorator to 2023-03-26T22:03:56.923081+00:00, run_after=2023-03-27T22:03:56.923081+00:00
[2023-03-28T00:03:57.022+0200] {processor.py:175} INFO - Processing /home/humbulani/miniconda3/envs/apache-airflow/lib/python3.8/site-packages/airflow/example_dags/example_short_circuit_decorator.py took 0.163 seconds
[2023-03-28T00:04:46.123+0200] {processor.py:153} INFO - Started process (PID=22588) to work on /home/humbulani/miniconda3/envs/apache-airflow/lib/python3.8/site-packages/airflow/example_dags/example_short_circuit_decorator.py
[2023-03-28T00:04:46.124+0200] {processor.py:743} INFO - Processing file /home/humbulani/miniconda3/envs/apache-airflow/lib/python3.8/site-packages/airflow/example_dags/example_short_circuit_decorator.py for tasks to queue
[2023-03-28T00:04:46.125+0200] {logging_mixin.py:137} INFO - [2023-03-28T00:04:46.125+0200] {dagbag.py:532} INFO - Filling up the DagBag from /home/humbulani/miniconda3/envs/apache-airflow/lib/python3.8/site-packages/airflow/example_dags/example_short_circuit_decorator.py
[2023-03-28T00:04:46.148+0200] {processor.py:753} INFO - DAG(s) dict_keys(['example_short_circuit_decorator']) retrieved from /home/humbulani/miniconda3/envs/apache-airflow/lib/python3.8/site-packages/airflow/example_dags/example_short_circuit_decorator.py
[2023-03-28T00:04:46.169+0200] {logging_mixin.py:137} INFO - [2023-03-28T00:04:46.168+0200] {dag.py:2693} INFO - Sync 1 DAGs
[2023-03-28T00:04:46.189+0200] {logging_mixin.py:137} INFO - [2023-03-28T00:04:46.189+0200] {dag.py:3440} INFO - Setting next_dagrun for example_short_circuit_decorator to 2023-03-26T22:04:46.189028+00:00, run_after=2023-03-27T22:04:46.189028+00:00
[2023-03-28T00:04:46.267+0200] {processor.py:175} INFO - Processing /home/humbulani/miniconda3/envs/apache-airflow/lib/python3.8/site-packages/airflow/example_dags/example_short_circuit_decorator.py took 0.146 seconds
[2023-03-28T00:05:33.636+0200] {processor.py:153} INFO - Started process (PID=22630) to work on /home/humbulani/miniconda3/envs/apache-airflow/lib/python3.8/site-packages/airflow/example_dags/example_short_circuit_decorator.py
[2023-03-28T00:05:33.649+0200] {processor.py:743} INFO - Processing file /home/humbulani/miniconda3/envs/apache-airflow/lib/python3.8/site-packages/airflow/example_dags/example_short_circuit_decorator.py for tasks to queue
[2023-03-28T00:05:33.649+0200] {logging_mixin.py:137} INFO - [2023-03-28T00:05:33.649+0200] {dagbag.py:532} INFO - Filling up the DagBag from /home/humbulani/miniconda3/envs/apache-airflow/lib/python3.8/site-packages/airflow/example_dags/example_short_circuit_decorator.py
[2023-03-28T00:05:33.671+0200] {processor.py:753} INFO - DAG(s) dict_keys(['example_short_circuit_decorator']) retrieved from /home/humbulani/miniconda3/envs/apache-airflow/lib/python3.8/site-packages/airflow/example_dags/example_short_circuit_decorator.py
[2023-03-28T00:05:33.690+0200] {logging_mixin.py:137} INFO - [2023-03-28T00:05:33.689+0200] {dag.py:2693} INFO - Sync 1 DAGs
[2023-03-28T00:05:33.706+0200] {logging_mixin.py:137} INFO - [2023-03-28T00:05:33.706+0200] {dag.py:3440} INFO - Setting next_dagrun for example_short_circuit_decorator to 2023-03-26T22:05:33.706551+00:00, run_after=2023-03-27T22:05:33.706551+00:00
[2023-03-28T00:05:33.778+0200] {processor.py:175} INFO - Processing /home/humbulani/miniconda3/envs/apache-airflow/lib/python3.8/site-packages/airflow/example_dags/example_short_circuit_decorator.py took 0.145 seconds
[2023-03-28T00:06:19.717+0200] {processor.py:153} INFO - Started process (PID=22750) to work on /home/humbulani/miniconda3/envs/apache-airflow/lib/python3.8/site-packages/airflow/example_dags/example_short_circuit_decorator.py
[2023-03-28T00:06:19.772+0200] {processor.py:743} INFO - Processing file /home/humbulani/miniconda3/envs/apache-airflow/lib/python3.8/site-packages/airflow/example_dags/example_short_circuit_decorator.py for tasks to queue
[2023-03-28T00:06:19.773+0200] {logging_mixin.py:137} INFO - [2023-03-28T00:06:19.773+0200] {dagbag.py:532} INFO - Filling up the DagBag from /home/humbulani/miniconda3/envs/apache-airflow/lib/python3.8/site-packages/airflow/example_dags/example_short_circuit_decorator.py
[2023-03-28T00:06:19.795+0200] {processor.py:753} INFO - DAG(s) dict_keys(['example_short_circuit_decorator']) retrieved from /home/humbulani/miniconda3/envs/apache-airflow/lib/python3.8/site-packages/airflow/example_dags/example_short_circuit_decorator.py
[2023-03-28T00:06:19.813+0200] {logging_mixin.py:137} INFO - [2023-03-28T00:06:19.813+0200] {dag.py:2693} INFO - Sync 1 DAGs
[2023-03-28T00:06:19.830+0200] {logging_mixin.py:137} INFO - [2023-03-28T00:06:19.830+0200] {dag.py:3440} INFO - Setting next_dagrun for example_short_circuit_decorator to 2023-03-26T22:06:19.830250+00:00, run_after=2023-03-27T22:06:19.830250+00:00
[2023-03-28T00:06:19.906+0200] {processor.py:175} INFO - Processing /home/humbulani/miniconda3/envs/apache-airflow/lib/python3.8/site-packages/airflow/example_dags/example_short_circuit_decorator.py took 0.192 seconds
[2023-03-28T00:07:05.450+0200] {processor.py:153} INFO - Started process (PID=22795) to work on /home/humbulani/miniconda3/envs/apache-airflow/lib/python3.8/site-packages/airflow/example_dags/example_short_circuit_decorator.py
[2023-03-28T00:07:05.458+0200] {processor.py:743} INFO - Processing file /home/humbulani/miniconda3/envs/apache-airflow/lib/python3.8/site-packages/airflow/example_dags/example_short_circuit_decorator.py for tasks to queue
[2023-03-28T00:07:05.459+0200] {logging_mixin.py:137} INFO - [2023-03-28T00:07:05.459+0200] {dagbag.py:532} INFO - Filling up the DagBag from /home/humbulani/miniconda3/envs/apache-airflow/lib/python3.8/site-packages/airflow/example_dags/example_short_circuit_decorator.py
[2023-03-28T00:07:05.485+0200] {processor.py:753} INFO - DAG(s) dict_keys(['example_short_circuit_decorator']) retrieved from /home/humbulani/miniconda3/envs/apache-airflow/lib/python3.8/site-packages/airflow/example_dags/example_short_circuit_decorator.py
[2023-03-28T00:07:05.503+0200] {logging_mixin.py:137} INFO - [2023-03-28T00:07:05.503+0200] {dag.py:2693} INFO - Sync 1 DAGs
[2023-03-28T00:07:05.521+0200] {logging_mixin.py:137} INFO - [2023-03-28T00:07:05.520+0200] {dag.py:3440} INFO - Setting next_dagrun for example_short_circuit_decorator to 2023-03-26T22:07:05.520724+00:00, run_after=2023-03-27T22:07:05.520724+00:00
[2023-03-28T00:07:05.600+0200] {processor.py:175} INFO - Processing /home/humbulani/miniconda3/envs/apache-airflow/lib/python3.8/site-packages/airflow/example_dags/example_short_circuit_decorator.py took 0.153 seconds
[2023-03-28T00:07:45.939+0200] {processor.py:153} INFO - Started process (PID=22832) to work on /home/humbulani/miniconda3/envs/apache-airflow/lib/python3.8/site-packages/airflow/example_dags/example_short_circuit_decorator.py
[2023-03-28T00:07:45.961+0200] {processor.py:743} INFO - Processing file /home/humbulani/miniconda3/envs/apache-airflow/lib/python3.8/site-packages/airflow/example_dags/example_short_circuit_decorator.py for tasks to queue
[2023-03-28T00:07:45.961+0200] {logging_mixin.py:137} INFO - [2023-03-28T00:07:45.961+0200] {dagbag.py:532} INFO - Filling up the DagBag from /home/humbulani/miniconda3/envs/apache-airflow/lib/python3.8/site-packages/airflow/example_dags/example_short_circuit_decorator.py
[2023-03-28T00:07:45.988+0200] {processor.py:753} INFO - DAG(s) dict_keys(['example_short_circuit_decorator']) retrieved from /home/humbulani/miniconda3/envs/apache-airflow/lib/python3.8/site-packages/airflow/example_dags/example_short_circuit_decorator.py
[2023-03-28T00:07:46.006+0200] {logging_mixin.py:137} INFO - [2023-03-28T00:07:46.006+0200] {dag.py:2693} INFO - Sync 1 DAGs
[2023-03-28T00:07:46.024+0200] {logging_mixin.py:137} INFO - [2023-03-28T00:07:46.024+0200] {dag.py:3440} INFO - Setting next_dagrun for example_short_circuit_decorator to 2023-03-26T22:07:46.023992+00:00, run_after=2023-03-27T22:07:46.023992+00:00
[2023-03-28T00:07:46.129+0200] {processor.py:175} INFO - Processing /home/humbulani/miniconda3/envs/apache-airflow/lib/python3.8/site-packages/airflow/example_dags/example_short_circuit_decorator.py took 0.193 seconds
[2023-03-28T00:08:38.343+0200] {processor.py:153} INFO - Started process (PID=22933) to work on /home/humbulani/miniconda3/envs/apache-airflow/lib/python3.8/site-packages/airflow/example_dags/example_short_circuit_decorator.py
[2023-03-28T00:08:38.344+0200] {processor.py:743} INFO - Processing file /home/humbulani/miniconda3/envs/apache-airflow/lib/python3.8/site-packages/airflow/example_dags/example_short_circuit_decorator.py for tasks to queue
[2023-03-28T00:08:38.345+0200] {logging_mixin.py:137} INFO - [2023-03-28T00:08:38.345+0200] {dagbag.py:532} INFO - Filling up the DagBag from /home/humbulani/miniconda3/envs/apache-airflow/lib/python3.8/site-packages/airflow/example_dags/example_short_circuit_decorator.py
[2023-03-28T00:08:38.366+0200] {processor.py:753} INFO - DAG(s) dict_keys(['example_short_circuit_decorator']) retrieved from /home/humbulani/miniconda3/envs/apache-airflow/lib/python3.8/site-packages/airflow/example_dags/example_short_circuit_decorator.py
[2023-03-28T00:08:38.384+0200] {logging_mixin.py:137} INFO - [2023-03-28T00:08:38.384+0200] {dag.py:2693} INFO - Sync 1 DAGs
[2023-03-28T00:08:38.481+0200] {logging_mixin.py:137} INFO - [2023-03-28T00:08:38.481+0200] {dag.py:3440} INFO - Setting next_dagrun for example_short_circuit_decorator to 2023-03-26T22:08:38.481445+00:00, run_after=2023-03-27T22:08:38.481445+00:00
[2023-03-28T00:08:38.564+0200] {processor.py:175} INFO - Processing /home/humbulani/miniconda3/envs/apache-airflow/lib/python3.8/site-packages/airflow/example_dags/example_short_circuit_decorator.py took 0.223 seconds
[2023-03-28T00:09:17.040+0200] {processor.py:153} INFO - Started process (PID=22976) to work on /home/humbulani/miniconda3/envs/apache-airflow/lib/python3.8/site-packages/airflow/example_dags/example_short_circuit_decorator.py
[2023-03-28T00:09:17.053+0200] {processor.py:743} INFO - Processing file /home/humbulani/miniconda3/envs/apache-airflow/lib/python3.8/site-packages/airflow/example_dags/example_short_circuit_decorator.py for tasks to queue
[2023-03-28T00:09:17.054+0200] {logging_mixin.py:137} INFO - [2023-03-28T00:09:17.054+0200] {dagbag.py:532} INFO - Filling up the DagBag from /home/humbulani/miniconda3/envs/apache-airflow/lib/python3.8/site-packages/airflow/example_dags/example_short_circuit_decorator.py
[2023-03-28T00:09:17.077+0200] {processor.py:753} INFO - DAG(s) dict_keys(['example_short_circuit_decorator']) retrieved from /home/humbulani/miniconda3/envs/apache-airflow/lib/python3.8/site-packages/airflow/example_dags/example_short_circuit_decorator.py
[2023-03-28T00:09:17.096+0200] {logging_mixin.py:137} INFO - [2023-03-28T00:09:17.096+0200] {dag.py:2693} INFO - Sync 1 DAGs
[2023-03-28T00:09:17.191+0200] {logging_mixin.py:137} INFO - [2023-03-28T00:09:17.191+0200] {dag.py:3440} INFO - Setting next_dagrun for example_short_circuit_decorator to 2023-03-26T22:09:17.190977+00:00, run_after=2023-03-27T22:09:17.190977+00:00
[2023-03-28T00:09:17.275+0200] {processor.py:175} INFO - Processing /home/humbulani/miniconda3/envs/apache-airflow/lib/python3.8/site-packages/airflow/example_dags/example_short_circuit_decorator.py took 0.238 seconds
[2023-03-28T00:09:57.733+0200] {processor.py:153} INFO - Started process (PID=23012) to work on /home/humbulani/miniconda3/envs/apache-airflow/lib/python3.8/site-packages/airflow/example_dags/example_short_circuit_decorator.py
[2023-03-28T00:09:57.776+0200] {processor.py:743} INFO - Processing file /home/humbulani/miniconda3/envs/apache-airflow/lib/python3.8/site-packages/airflow/example_dags/example_short_circuit_decorator.py for tasks to queue
[2023-03-28T00:09:57.777+0200] {logging_mixin.py:137} INFO - [2023-03-28T00:09:57.777+0200] {dagbag.py:532} INFO - Filling up the DagBag from /home/humbulani/miniconda3/envs/apache-airflow/lib/python3.8/site-packages/airflow/example_dags/example_short_circuit_decorator.py
[2023-03-28T00:09:57.799+0200] {processor.py:753} INFO - DAG(s) dict_keys(['example_short_circuit_decorator']) retrieved from /home/humbulani/miniconda3/envs/apache-airflow/lib/python3.8/site-packages/airflow/example_dags/example_short_circuit_decorator.py
[2023-03-28T00:09:57.898+0200] {logging_mixin.py:137} INFO - [2023-03-28T00:09:57.897+0200] {dag.py:2693} INFO - Sync 1 DAGs
[2023-03-28T00:09:57.914+0200] {logging_mixin.py:137} INFO - [2023-03-28T00:09:57.914+0200] {dag.py:3440} INFO - Setting next_dagrun for example_short_circuit_decorator to 2023-03-26T22:09:57.913852+00:00, run_after=2023-03-27T22:09:57.913852+00:00
[2023-03-28T00:09:57.986+0200] {processor.py:175} INFO - Processing /home/humbulani/miniconda3/envs/apache-airflow/lib/python3.8/site-packages/airflow/example_dags/example_short_circuit_decorator.py took 0.256 seconds
[2023-03-28T00:10:37.277+0200] {processor.py:153} INFO - Started process (PID=23046) to work on /home/humbulani/miniconda3/envs/apache-airflow/lib/python3.8/site-packages/airflow/example_dags/example_short_circuit_decorator.py
[2023-03-28T00:10:37.287+0200] {processor.py:743} INFO - Processing file /home/humbulani/miniconda3/envs/apache-airflow/lib/python3.8/site-packages/airflow/example_dags/example_short_circuit_decorator.py for tasks to queue
[2023-03-28T00:10:37.287+0200] {logging_mixin.py:137} INFO - [2023-03-28T00:10:37.287+0200] {dagbag.py:532} INFO - Filling up the DagBag from /home/humbulani/miniconda3/envs/apache-airflow/lib/python3.8/site-packages/airflow/example_dags/example_short_circuit_decorator.py
[2023-03-28T00:10:37.312+0200] {processor.py:753} INFO - DAG(s) dict_keys(['example_short_circuit_decorator']) retrieved from /home/humbulani/miniconda3/envs/apache-airflow/lib/python3.8/site-packages/airflow/example_dags/example_short_circuit_decorator.py
[2023-03-28T00:10:37.412+0200] {logging_mixin.py:137} INFO - [2023-03-28T00:10:37.412+0200] {dag.py:2693} INFO - Sync 1 DAGs
[2023-03-28T00:10:37.429+0200] {logging_mixin.py:137} INFO - [2023-03-28T00:10:37.429+0200] {dag.py:3440} INFO - Setting next_dagrun for example_short_circuit_decorator to 2023-03-26T22:10:37.428842+00:00, run_after=2023-03-27T22:10:37.428842+00:00
[2023-03-28T00:10:37.514+0200] {processor.py:175} INFO - Processing /home/humbulani/miniconda3/envs/apache-airflow/lib/python3.8/site-packages/airflow/example_dags/example_short_circuit_decorator.py took 0.240 seconds
[2023-03-28T00:11:19.124+0200] {processor.py:153} INFO - Started process (PID=23085) to work on /home/humbulani/miniconda3/envs/apache-airflow/lib/python3.8/site-packages/airflow/example_dags/example_short_circuit_decorator.py
[2023-03-28T00:11:19.131+0200] {processor.py:743} INFO - Processing file /home/humbulani/miniconda3/envs/apache-airflow/lib/python3.8/site-packages/airflow/example_dags/example_short_circuit_decorator.py for tasks to queue
[2023-03-28T00:11:19.132+0200] {logging_mixin.py:137} INFO - [2023-03-28T00:11:19.132+0200] {dagbag.py:532} INFO - Filling up the DagBag from /home/humbulani/miniconda3/envs/apache-airflow/lib/python3.8/site-packages/airflow/example_dags/example_short_circuit_decorator.py
[2023-03-28T00:11:19.239+0200] {processor.py:753} INFO - DAG(s) dict_keys(['example_short_circuit_decorator']) retrieved from /home/humbulani/miniconda3/envs/apache-airflow/lib/python3.8/site-packages/airflow/example_dags/example_short_circuit_decorator.py
[2023-03-28T00:11:19.254+0200] {logging_mixin.py:137} INFO - [2023-03-28T00:11:19.254+0200] {dag.py:2693} INFO - Sync 1 DAGs
[2023-03-28T00:11:19.270+0200] {logging_mixin.py:137} INFO - [2023-03-28T00:11:19.270+0200] {dag.py:3440} INFO - Setting next_dagrun for example_short_circuit_decorator to 2023-03-26T22:11:19.269860+00:00, run_after=2023-03-27T22:11:19.269860+00:00
[2023-03-28T00:11:19.367+0200] {processor.py:175} INFO - Processing /home/humbulani/miniconda3/envs/apache-airflow/lib/python3.8/site-packages/airflow/example_dags/example_short_circuit_decorator.py took 0.246 seconds
[2023-03-28T00:12:06.100+0200] {processor.py:153} INFO - Started process (PID=23121) to work on /home/humbulani/miniconda3/envs/apache-airflow/lib/python3.8/site-packages/airflow/example_dags/example_short_circuit_decorator.py
[2023-03-28T00:12:06.116+0200] {processor.py:743} INFO - Processing file /home/humbulani/miniconda3/envs/apache-airflow/lib/python3.8/site-packages/airflow/example_dags/example_short_circuit_decorator.py for tasks to queue
[2023-03-28T00:12:06.117+0200] {logging_mixin.py:137} INFO - [2023-03-28T00:12:06.117+0200] {dagbag.py:532} INFO - Filling up the DagBag from /home/humbulani/miniconda3/envs/apache-airflow/lib/python3.8/site-packages/airflow/example_dags/example_short_circuit_decorator.py
[2023-03-28T00:12:06.221+0200] {processor.py:753} INFO - DAG(s) dict_keys(['example_short_circuit_decorator']) retrieved from /home/humbulani/miniconda3/envs/apache-airflow/lib/python3.8/site-packages/airflow/example_dags/example_short_circuit_decorator.py
[2023-03-28T00:12:06.237+0200] {logging_mixin.py:137} INFO - [2023-03-28T00:12:06.237+0200] {dag.py:2693} INFO - Sync 1 DAGs
[2023-03-28T00:12:06.255+0200] {logging_mixin.py:137} INFO - [2023-03-28T00:12:06.255+0200] {dag.py:3440} INFO - Setting next_dagrun for example_short_circuit_decorator to 2023-03-26T22:12:06.254872+00:00, run_after=2023-03-27T22:12:06.254872+00:00
[2023-03-28T00:12:06.328+0200] {processor.py:175} INFO - Processing /home/humbulani/miniconda3/envs/apache-airflow/lib/python3.8/site-packages/airflow/example_dags/example_short_circuit_decorator.py took 0.230 seconds
[2023-03-28T00:12:49.772+0200] {processor.py:153} INFO - Started process (PID=23187) to work on /home/humbulani/miniconda3/envs/apache-airflow/lib/python3.8/site-packages/airflow/example_dags/example_short_circuit_decorator.py
[2023-03-28T00:12:49.785+0200] {processor.py:743} INFO - Processing file /home/humbulani/miniconda3/envs/apache-airflow/lib/python3.8/site-packages/airflow/example_dags/example_short_circuit_decorator.py for tasks to queue
[2023-03-28T00:12:49.786+0200] {logging_mixin.py:137} INFO - [2023-03-28T00:12:49.786+0200] {dagbag.py:532} INFO - Filling up the DagBag from /home/humbulani/miniconda3/envs/apache-airflow/lib/python3.8/site-packages/airflow/example_dags/example_short_circuit_decorator.py
[2023-03-28T00:12:49.809+0200] {processor.py:753} INFO - DAG(s) dict_keys(['example_short_circuit_decorator']) retrieved from /home/humbulani/miniconda3/envs/apache-airflow/lib/python3.8/site-packages/airflow/example_dags/example_short_circuit_decorator.py
[2023-03-28T00:12:49.827+0200] {logging_mixin.py:137} INFO - [2023-03-28T00:12:49.827+0200] {dag.py:2693} INFO - Sync 1 DAGs
[2023-03-28T00:12:49.844+0200] {logging_mixin.py:137} INFO - [2023-03-28T00:12:49.844+0200] {dag.py:3440} INFO - Setting next_dagrun for example_short_circuit_decorator to 2023-03-26T22:12:49.844401+00:00, run_after=2023-03-27T22:12:49.844401+00:00
[2023-03-28T00:12:49.930+0200] {processor.py:175} INFO - Processing /home/humbulani/miniconda3/envs/apache-airflow/lib/python3.8/site-packages/airflow/example_dags/example_short_circuit_decorator.py took 0.161 seconds
[2023-03-28T00:13:35.716+0200] {processor.py:153} INFO - Started process (PID=23240) to work on /home/humbulani/miniconda3/envs/apache-airflow/lib/python3.8/site-packages/airflow/example_dags/example_short_circuit_decorator.py
[2023-03-28T00:13:35.738+0200] {processor.py:743} INFO - Processing file /home/humbulani/miniconda3/envs/apache-airflow/lib/python3.8/site-packages/airflow/example_dags/example_short_circuit_decorator.py for tasks to queue
[2023-03-28T00:13:35.739+0200] {logging_mixin.py:137} INFO - [2023-03-28T00:13:35.739+0200] {dagbag.py:532} INFO - Filling up the DagBag from /home/humbulani/miniconda3/envs/apache-airflow/lib/python3.8/site-packages/airflow/example_dags/example_short_circuit_decorator.py
[2023-03-28T00:13:35.766+0200] {processor.py:753} INFO - DAG(s) dict_keys(['example_short_circuit_decorator']) retrieved from /home/humbulani/miniconda3/envs/apache-airflow/lib/python3.8/site-packages/airflow/example_dags/example_short_circuit_decorator.py
[2023-03-28T00:13:35.786+0200] {logging_mixin.py:137} INFO - [2023-03-28T00:13:35.786+0200] {dag.py:2693} INFO - Sync 1 DAGs
[2023-03-28T00:13:35.803+0200] {logging_mixin.py:137} INFO - [2023-03-28T00:13:35.803+0200] {dag.py:3440} INFO - Setting next_dagrun for example_short_circuit_decorator to 2023-03-26T22:13:35.803142+00:00, run_after=2023-03-27T22:13:35.803142+00:00
[2023-03-28T00:13:35.909+0200] {processor.py:175} INFO - Processing /home/humbulani/miniconda3/envs/apache-airflow/lib/python3.8/site-packages/airflow/example_dags/example_short_circuit_decorator.py took 0.197 seconds
[2023-03-28T00:14:19.352+0200] {processor.py:153} INFO - Started process (PID=23284) to work on /home/humbulani/miniconda3/envs/apache-airflow/lib/python3.8/site-packages/airflow/example_dags/example_short_circuit_decorator.py
[2023-03-28T00:14:19.361+0200] {processor.py:743} INFO - Processing file /home/humbulani/miniconda3/envs/apache-airflow/lib/python3.8/site-packages/airflow/example_dags/example_short_circuit_decorator.py for tasks to queue
[2023-03-28T00:14:19.362+0200] {logging_mixin.py:137} INFO - [2023-03-28T00:14:19.362+0200] {dagbag.py:532} INFO - Filling up the DagBag from /home/humbulani/miniconda3/envs/apache-airflow/lib/python3.8/site-packages/airflow/example_dags/example_short_circuit_decorator.py
[2023-03-28T00:14:19.388+0200] {processor.py:753} INFO - DAG(s) dict_keys(['example_short_circuit_decorator']) retrieved from /home/humbulani/miniconda3/envs/apache-airflow/lib/python3.8/site-packages/airflow/example_dags/example_short_circuit_decorator.py
[2023-03-28T00:14:19.406+0200] {logging_mixin.py:137} INFO - [2023-03-28T00:14:19.406+0200] {dag.py:2693} INFO - Sync 1 DAGs
[2023-03-28T00:14:19.423+0200] {logging_mixin.py:137} INFO - [2023-03-28T00:14:19.423+0200] {dag.py:3440} INFO - Setting next_dagrun for example_short_circuit_decorator to 2023-03-26T22:14:19.423032+00:00, run_after=2023-03-27T22:14:19.423032+00:00
[2023-03-28T00:14:19.536+0200] {processor.py:175} INFO - Processing /home/humbulani/miniconda3/envs/apache-airflow/lib/python3.8/site-packages/airflow/example_dags/example_short_circuit_decorator.py took 0.187 seconds
[2023-03-28T00:15:08.814+0200] {processor.py:153} INFO - Started process (PID=23333) to work on /home/humbulani/miniconda3/envs/apache-airflow/lib/python3.8/site-packages/airflow/example_dags/example_short_circuit_decorator.py
[2023-03-28T00:15:08.827+0200] {processor.py:743} INFO - Processing file /home/humbulani/miniconda3/envs/apache-airflow/lib/python3.8/site-packages/airflow/example_dags/example_short_circuit_decorator.py for tasks to queue
[2023-03-28T00:15:08.828+0200] {logging_mixin.py:137} INFO - [2023-03-28T00:15:08.828+0200] {dagbag.py:532} INFO - Filling up the DagBag from /home/humbulani/miniconda3/envs/apache-airflow/lib/python3.8/site-packages/airflow/example_dags/example_short_circuit_decorator.py
[2023-03-28T00:15:08.857+0200] {processor.py:753} INFO - DAG(s) dict_keys(['example_short_circuit_decorator']) retrieved from /home/humbulani/miniconda3/envs/apache-airflow/lib/python3.8/site-packages/airflow/example_dags/example_short_circuit_decorator.py
[2023-03-28T00:15:08.877+0200] {logging_mixin.py:137} INFO - [2023-03-28T00:15:08.877+0200] {dag.py:2693} INFO - Sync 1 DAGs
[2023-03-28T00:15:08.894+0200] {logging_mixin.py:137} INFO - [2023-03-28T00:15:08.894+0200] {dag.py:3440} INFO - Setting next_dagrun for example_short_circuit_decorator to 2023-03-26T22:15:08.894097+00:00, run_after=2023-03-27T22:15:08.894097+00:00
[2023-03-28T00:15:08.970+0200] {processor.py:175} INFO - Processing /home/humbulani/miniconda3/envs/apache-airflow/lib/python3.8/site-packages/airflow/example_dags/example_short_circuit_decorator.py took 0.159 seconds
[2023-03-28T00:15:54.514+0200] {processor.py:153} INFO - Started process (PID=23412) to work on /home/humbulani/miniconda3/envs/apache-airflow/lib/python3.8/site-packages/airflow/example_dags/example_short_circuit_decorator.py
[2023-03-28T00:15:54.530+0200] {processor.py:743} INFO - Processing file /home/humbulani/miniconda3/envs/apache-airflow/lib/python3.8/site-packages/airflow/example_dags/example_short_circuit_decorator.py for tasks to queue
[2023-03-28T00:15:54.531+0200] {logging_mixin.py:137} INFO - [2023-03-28T00:15:54.530+0200] {dagbag.py:532} INFO - Filling up the DagBag from /home/humbulani/miniconda3/envs/apache-airflow/lib/python3.8/site-packages/airflow/example_dags/example_short_circuit_decorator.py
[2023-03-28T00:15:54.553+0200] {processor.py:753} INFO - DAG(s) dict_keys(['example_short_circuit_decorator']) retrieved from /home/humbulani/miniconda3/envs/apache-airflow/lib/python3.8/site-packages/airflow/example_dags/example_short_circuit_decorator.py
[2023-03-28T00:15:54.572+0200] {logging_mixin.py:137} INFO - [2023-03-28T00:15:54.572+0200] {dag.py:2693} INFO - Sync 1 DAGs
[2023-03-28T00:15:54.591+0200] {logging_mixin.py:137} INFO - [2023-03-28T00:15:54.591+0200] {dag.py:3440} INFO - Setting next_dagrun for example_short_circuit_decorator to 2023-03-26T22:15:54.590831+00:00, run_after=2023-03-27T22:15:54.590831+00:00
[2023-03-28T00:15:54.676+0200] {processor.py:175} INFO - Processing /home/humbulani/miniconda3/envs/apache-airflow/lib/python3.8/site-packages/airflow/example_dags/example_short_circuit_decorator.py took 0.165 seconds
[2023-03-28T00:16:44.600+0200] {processor.py:153} INFO - Started process (PID=23486) to work on /home/humbulani/miniconda3/envs/apache-airflow/lib/python3.8/site-packages/airflow/example_dags/example_short_circuit_decorator.py
[2023-03-28T00:16:44.601+0200] {processor.py:743} INFO - Processing file /home/humbulani/miniconda3/envs/apache-airflow/lib/python3.8/site-packages/airflow/example_dags/example_short_circuit_decorator.py for tasks to queue
[2023-03-28T00:16:44.601+0200] {logging_mixin.py:137} INFO - [2023-03-28T00:16:44.601+0200] {dagbag.py:532} INFO - Filling up the DagBag from /home/humbulani/miniconda3/envs/apache-airflow/lib/python3.8/site-packages/airflow/example_dags/example_short_circuit_decorator.py
[2023-03-28T00:16:44.631+0200] {processor.py:753} INFO - DAG(s) dict_keys(['example_short_circuit_decorator']) retrieved from /home/humbulani/miniconda3/envs/apache-airflow/lib/python3.8/site-packages/airflow/example_dags/example_short_circuit_decorator.py
[2023-03-28T00:16:44.659+0200] {logging_mixin.py:137} INFO - [2023-03-28T00:16:44.659+0200] {dag.py:2693} INFO - Sync 1 DAGs
[2023-03-28T00:16:44.688+0200] {logging_mixin.py:137} INFO - [2023-03-28T00:16:44.687+0200] {dag.py:3440} INFO - Setting next_dagrun for example_short_circuit_decorator to 2023-03-26T22:16:44.687525+00:00, run_after=2023-03-27T22:16:44.687525+00:00
[2023-03-28T00:16:44.828+0200] {processor.py:175} INFO - Processing /home/humbulani/miniconda3/envs/apache-airflow/lib/python3.8/site-packages/airflow/example_dags/example_short_circuit_decorator.py took 0.230 seconds
[2023-03-28T00:17:34.612+0200] {processor.py:153} INFO - Started process (PID=23601) to work on /home/humbulani/miniconda3/envs/apache-airflow/lib/python3.8/site-packages/airflow/example_dags/example_short_circuit_decorator.py
[2023-03-28T00:17:34.628+0200] {processor.py:743} INFO - Processing file /home/humbulani/miniconda3/envs/apache-airflow/lib/python3.8/site-packages/airflow/example_dags/example_short_circuit_decorator.py for tasks to queue
[2023-03-28T00:17:34.629+0200] {logging_mixin.py:137} INFO - [2023-03-28T00:17:34.629+0200] {dagbag.py:532} INFO - Filling up the DagBag from /home/humbulani/miniconda3/envs/apache-airflow/lib/python3.8/site-packages/airflow/example_dags/example_short_circuit_decorator.py
[2023-03-28T00:17:34.656+0200] {processor.py:753} INFO - DAG(s) dict_keys(['example_short_circuit_decorator']) retrieved from /home/humbulani/miniconda3/envs/apache-airflow/lib/python3.8/site-packages/airflow/example_dags/example_short_circuit_decorator.py
[2023-03-28T00:17:34.676+0200] {logging_mixin.py:137} INFO - [2023-03-28T00:17:34.676+0200] {dag.py:2693} INFO - Sync 1 DAGs
[2023-03-28T00:17:34.693+0200] {logging_mixin.py:137} INFO - [2023-03-28T00:17:34.693+0200] {dag.py:3440} INFO - Setting next_dagrun for example_short_circuit_decorator to 2023-03-26T22:17:34.693139+00:00, run_after=2023-03-27T22:17:34.693139+00:00
[2023-03-28T00:17:34.775+0200] {processor.py:175} INFO - Processing /home/humbulani/miniconda3/envs/apache-airflow/lib/python3.8/site-packages/airflow/example_dags/example_short_circuit_decorator.py took 0.165 seconds
[2023-03-28T00:18:17.616+0200] {processor.py:153} INFO - Started process (PID=23646) to work on /home/humbulani/miniconda3/envs/apache-airflow/lib/python3.8/site-packages/airflow/example_dags/example_short_circuit_decorator.py
[2023-03-28T00:18:17.649+0200] {processor.py:743} INFO - Processing file /home/humbulani/miniconda3/envs/apache-airflow/lib/python3.8/site-packages/airflow/example_dags/example_short_circuit_decorator.py for tasks to queue
[2023-03-28T00:18:17.650+0200] {logging_mixin.py:137} INFO - [2023-03-28T00:18:17.650+0200] {dagbag.py:532} INFO - Filling up the DagBag from /home/humbulani/miniconda3/envs/apache-airflow/lib/python3.8/site-packages/airflow/example_dags/example_short_circuit_decorator.py
[2023-03-28T00:18:17.679+0200] {processor.py:753} INFO - DAG(s) dict_keys(['example_short_circuit_decorator']) retrieved from /home/humbulani/miniconda3/envs/apache-airflow/lib/python3.8/site-packages/airflow/example_dags/example_short_circuit_decorator.py
[2023-03-28T00:18:17.698+0200] {logging_mixin.py:137} INFO - [2023-03-28T00:18:17.698+0200] {dag.py:2693} INFO - Sync 1 DAGs
[2023-03-28T00:18:17.716+0200] {logging_mixin.py:137} INFO - [2023-03-28T00:18:17.716+0200] {dag.py:3440} INFO - Setting next_dagrun for example_short_circuit_decorator to 2023-03-26T22:18:17.716017+00:00, run_after=2023-03-27T22:18:17.716017+00:00
[2023-03-28T00:18:17.806+0200] {processor.py:175} INFO - Processing /home/humbulani/miniconda3/envs/apache-airflow/lib/python3.8/site-packages/airflow/example_dags/example_short_circuit_decorator.py took 0.193 seconds
[2023-03-28T00:19:04.974+0200] {processor.py:153} INFO - Started process (PID=23690) to work on /home/humbulani/miniconda3/envs/apache-airflow/lib/python3.8/site-packages/airflow/example_dags/example_short_circuit_decorator.py
[2023-03-28T00:19:04.989+0200] {processor.py:743} INFO - Processing file /home/humbulani/miniconda3/envs/apache-airflow/lib/python3.8/site-packages/airflow/example_dags/example_short_circuit_decorator.py for tasks to queue
[2023-03-28T00:19:04.990+0200] {logging_mixin.py:137} INFO - [2023-03-28T00:19:04.990+0200] {dagbag.py:532} INFO - Filling up the DagBag from /home/humbulani/miniconda3/envs/apache-airflow/lib/python3.8/site-packages/airflow/example_dags/example_short_circuit_decorator.py
[2023-03-28T00:19:05.019+0200] {processor.py:753} INFO - DAG(s) dict_keys(['example_short_circuit_decorator']) retrieved from /home/humbulani/miniconda3/envs/apache-airflow/lib/python3.8/site-packages/airflow/example_dags/example_short_circuit_decorator.py
[2023-03-28T00:19:05.039+0200] {logging_mixin.py:137} INFO - [2023-03-28T00:19:05.038+0200] {dag.py:2693} INFO - Sync 1 DAGs
[2023-03-28T00:19:05.057+0200] {logging_mixin.py:137} INFO - [2023-03-28T00:19:05.057+0200] {dag.py:3440} INFO - Setting next_dagrun for example_short_circuit_decorator to 2023-03-26T22:19:05.056983+00:00, run_after=2023-03-27T22:19:05.056983+00:00
[2023-03-28T00:19:05.149+0200] {processor.py:175} INFO - Processing /home/humbulani/miniconda3/envs/apache-airflow/lib/python3.8/site-packages/airflow/example_dags/example_short_circuit_decorator.py took 0.178 seconds
[2023-03-28T00:19:51.247+0200] {processor.py:153} INFO - Started process (PID=23736) to work on /home/humbulani/miniconda3/envs/apache-airflow/lib/python3.8/site-packages/airflow/example_dags/example_short_circuit_decorator.py
[2023-03-28T00:19:51.263+0200] {processor.py:743} INFO - Processing file /home/humbulani/miniconda3/envs/apache-airflow/lib/python3.8/site-packages/airflow/example_dags/example_short_circuit_decorator.py for tasks to queue
[2023-03-28T00:19:51.264+0200] {logging_mixin.py:137} INFO - [2023-03-28T00:19:51.264+0200] {dagbag.py:532} INFO - Filling up the DagBag from /home/humbulani/miniconda3/envs/apache-airflow/lib/python3.8/site-packages/airflow/example_dags/example_short_circuit_decorator.py
[2023-03-28T00:19:51.288+0200] {processor.py:753} INFO - DAG(s) dict_keys(['example_short_circuit_decorator']) retrieved from /home/humbulani/miniconda3/envs/apache-airflow/lib/python3.8/site-packages/airflow/example_dags/example_short_circuit_decorator.py
[2023-03-28T00:19:51.309+0200] {logging_mixin.py:137} INFO - [2023-03-28T00:19:51.309+0200] {dag.py:2693} INFO - Sync 1 DAGs
[2023-03-28T00:19:51.329+0200] {logging_mixin.py:137} INFO - [2023-03-28T00:19:51.329+0200] {dag.py:3440} INFO - Setting next_dagrun for example_short_circuit_decorator to 2023-03-26T22:19:51.329382+00:00, run_after=2023-03-27T22:19:51.329382+00:00
[2023-03-28T00:19:51.412+0200] {processor.py:175} INFO - Processing /home/humbulani/miniconda3/envs/apache-airflow/lib/python3.8/site-packages/airflow/example_dags/example_short_circuit_decorator.py took 0.168 seconds
[2023-03-28T00:20:42.885+0200] {processor.py:153} INFO - Started process (PID=23787) to work on /home/humbulani/miniconda3/envs/apache-airflow/lib/python3.8/site-packages/airflow/example_dags/example_short_circuit_decorator.py
[2023-03-28T00:20:42.886+0200] {processor.py:743} INFO - Processing file /home/humbulani/miniconda3/envs/apache-airflow/lib/python3.8/site-packages/airflow/example_dags/example_short_circuit_decorator.py for tasks to queue
[2023-03-28T00:20:42.887+0200] {logging_mixin.py:137} INFO - [2023-03-28T00:20:42.886+0200] {dagbag.py:532} INFO - Filling up the DagBag from /home/humbulani/miniconda3/envs/apache-airflow/lib/python3.8/site-packages/airflow/example_dags/example_short_circuit_decorator.py
[2023-03-28T00:20:42.924+0200] {processor.py:753} INFO - DAG(s) dict_keys(['example_short_circuit_decorator']) retrieved from /home/humbulani/miniconda3/envs/apache-airflow/lib/python3.8/site-packages/airflow/example_dags/example_short_circuit_decorator.py
[2023-03-28T00:20:42.953+0200] {logging_mixin.py:137} INFO - [2023-03-28T00:20:42.953+0200] {dag.py:2693} INFO - Sync 1 DAGs
[2023-03-28T00:20:42.982+0200] {logging_mixin.py:137} INFO - [2023-03-28T00:20:42.982+0200] {dag.py:3440} INFO - Setting next_dagrun for example_short_circuit_decorator to 2023-03-26T22:20:42.981996+00:00, run_after=2023-03-27T22:20:42.981996+00:00
[2023-03-28T00:20:43.083+0200] {processor.py:175} INFO - Processing /home/humbulani/miniconda3/envs/apache-airflow/lib/python3.8/site-packages/airflow/example_dags/example_short_circuit_decorator.py took 0.201 seconds
[2023-03-28T00:21:25.951+0200] {processor.py:153} INFO - Started process (PID=23838) to work on /home/humbulani/miniconda3/envs/apache-airflow/lib/python3.8/site-packages/airflow/example_dags/example_short_circuit_decorator.py
[2023-03-28T00:21:25.967+0200] {processor.py:743} INFO - Processing file /home/humbulani/miniconda3/envs/apache-airflow/lib/python3.8/site-packages/airflow/example_dags/example_short_circuit_decorator.py for tasks to queue
[2023-03-28T00:21:25.967+0200] {logging_mixin.py:137} INFO - [2023-03-28T00:21:25.967+0200] {dagbag.py:532} INFO - Filling up the DagBag from /home/humbulani/miniconda3/envs/apache-airflow/lib/python3.8/site-packages/airflow/example_dags/example_short_circuit_decorator.py
[2023-03-28T00:21:25.992+0200] {processor.py:753} INFO - DAG(s) dict_keys(['example_short_circuit_decorator']) retrieved from /home/humbulani/miniconda3/envs/apache-airflow/lib/python3.8/site-packages/airflow/example_dags/example_short_circuit_decorator.py
[2023-03-28T00:21:26.011+0200] {logging_mixin.py:137} INFO - [2023-03-28T00:21:26.011+0200] {dag.py:2693} INFO - Sync 1 DAGs
[2023-03-28T00:21:26.029+0200] {logging_mixin.py:137} INFO - [2023-03-28T00:21:26.029+0200] {dag.py:3440} INFO - Setting next_dagrun for example_short_circuit_decorator to 2023-03-26T22:21:26.029294+00:00, run_after=2023-03-27T22:21:26.029294+00:00
[2023-03-28T00:21:26.122+0200] {processor.py:175} INFO - Processing /home/humbulani/miniconda3/envs/apache-airflow/lib/python3.8/site-packages/airflow/example_dags/example_short_circuit_decorator.py took 0.174 seconds
[2023-03-28T00:22:07.785+0200] {processor.py:153} INFO - Started process (PID=23875) to work on /home/humbulani/miniconda3/envs/apache-airflow/lib/python3.8/site-packages/airflow/example_dags/example_short_circuit_decorator.py
[2023-03-28T00:22:07.799+0200] {processor.py:743} INFO - Processing file /home/humbulani/miniconda3/envs/apache-airflow/lib/python3.8/site-packages/airflow/example_dags/example_short_circuit_decorator.py for tasks to queue
[2023-03-28T00:22:07.800+0200] {logging_mixin.py:137} INFO - [2023-03-28T00:22:07.800+0200] {dagbag.py:532} INFO - Filling up the DagBag from /home/humbulani/miniconda3/envs/apache-airflow/lib/python3.8/site-packages/airflow/example_dags/example_short_circuit_decorator.py
[2023-03-28T00:22:07.824+0200] {processor.py:753} INFO - DAG(s) dict_keys(['example_short_circuit_decorator']) retrieved from /home/humbulani/miniconda3/envs/apache-airflow/lib/python3.8/site-packages/airflow/example_dags/example_short_circuit_decorator.py
[2023-03-28T00:22:07.844+0200] {logging_mixin.py:137} INFO - [2023-03-28T00:22:07.844+0200] {dag.py:2693} INFO - Sync 1 DAGs
[2023-03-28T00:22:07.862+0200] {logging_mixin.py:137} INFO - [2023-03-28T00:22:07.862+0200] {dag.py:3440} INFO - Setting next_dagrun for example_short_circuit_decorator to 2023-03-26T22:22:07.862267+00:00, run_after=2023-03-27T22:22:07.862267+00:00
[2023-03-28T00:22:07.985+0200] {processor.py:175} INFO - Processing /home/humbulani/miniconda3/envs/apache-airflow/lib/python3.8/site-packages/airflow/example_dags/example_short_circuit_decorator.py took 0.203 seconds
