[2023-03-28T00:04:01.867+0200] {processor.py:153} INFO - Started process (PID=22504) to work on /home/humbulani/miniconda3/envs/apache-airflow/lib/python3.8/site-packages/airflow/example_dags/example_task_group.py
[2023-03-28T00:04:01.868+0200] {processor.py:743} INFO - Processing file /home/humbulani/miniconda3/envs/apache-airflow/lib/python3.8/site-packages/airflow/example_dags/example_task_group.py for tasks to queue
[2023-03-28T00:04:01.868+0200] {logging_mixin.py:137} INFO - [2023-03-28T00:04:01.868+0200] {dagbag.py:532} INFO - Filling up the DagBag from /home/humbulani/miniconda3/envs/apache-airflow/lib/python3.8/site-packages/airflow/example_dags/example_task_group.py
[2023-03-28T00:04:01.882+0200] {processor.py:753} INFO - DAG(s) dict_keys(['example_task_group']) retrieved from /home/humbulani/miniconda3/envs/apache-airflow/lib/python3.8/site-packages/airflow/example_dags/example_task_group.py
[2023-03-28T00:04:01.900+0200] {logging_mixin.py:137} INFO - [2023-03-28T00:04:01.899+0200] {dag.py:2693} INFO - Sync 1 DAGs
[2023-03-28T00:04:01.917+0200] {logging_mixin.py:137} INFO - [2023-03-28T00:04:01.917+0200] {dag.py:3440} INFO - Setting next_dagrun for example_task_group to 2023-03-26T22:04:01.917268+00:00, run_after=2023-03-27T22:04:01.917268+00:00
[2023-03-28T00:04:02.008+0200] {processor.py:175} INFO - Processing /home/humbulani/miniconda3/envs/apache-airflow/lib/python3.8/site-packages/airflow/example_dags/example_task_group.py took 0.143 seconds
[2023-03-28T00:04:50.731+0200] {processor.py:153} INFO - Started process (PID=22592) to work on /home/humbulani/miniconda3/envs/apache-airflow/lib/python3.8/site-packages/airflow/example_dags/example_task_group.py
[2023-03-28T00:04:50.793+0200] {processor.py:743} INFO - Processing file /home/humbulani/miniconda3/envs/apache-airflow/lib/python3.8/site-packages/airflow/example_dags/example_task_group.py for tasks to queue
[2023-03-28T00:04:50.793+0200] {logging_mixin.py:137} INFO - [2023-03-28T00:04:50.793+0200] {dagbag.py:532} INFO - Filling up the DagBag from /home/humbulani/miniconda3/envs/apache-airflow/lib/python3.8/site-packages/airflow/example_dags/example_task_group.py
[2023-03-28T00:04:50.808+0200] {processor.py:753} INFO - DAG(s) dict_keys(['example_task_group']) retrieved from /home/humbulani/miniconda3/envs/apache-airflow/lib/python3.8/site-packages/airflow/example_dags/example_task_group.py
[2023-03-28T00:04:50.829+0200] {logging_mixin.py:137} INFO - [2023-03-28T00:04:50.829+0200] {dag.py:2693} INFO - Sync 1 DAGs
[2023-03-28T00:04:50.849+0200] {logging_mixin.py:137} INFO - [2023-03-28T00:04:50.849+0200] {dag.py:3440} INFO - Setting next_dagrun for example_task_group to 2023-03-26T22:04:50.849511+00:00, run_after=2023-03-27T22:04:50.849511+00:00
[2023-03-28T00:04:50.952+0200] {processor.py:175} INFO - Processing /home/humbulani/miniconda3/envs/apache-airflow/lib/python3.8/site-packages/airflow/example_dags/example_task_group.py took 0.224 seconds
[2023-03-28T00:05:37.685+0200] {processor.py:153} INFO - Started process (PID=22634) to work on /home/humbulani/miniconda3/envs/apache-airflow/lib/python3.8/site-packages/airflow/example_dags/example_task_group.py
[2023-03-28T00:05:37.685+0200] {processor.py:743} INFO - Processing file /home/humbulani/miniconda3/envs/apache-airflow/lib/python3.8/site-packages/airflow/example_dags/example_task_group.py for tasks to queue
[2023-03-28T00:05:37.686+0200] {logging_mixin.py:137} INFO - [2023-03-28T00:05:37.686+0200] {dagbag.py:532} INFO - Filling up the DagBag from /home/humbulani/miniconda3/envs/apache-airflow/lib/python3.8/site-packages/airflow/example_dags/example_task_group.py
[2023-03-28T00:05:37.699+0200] {processor.py:753} INFO - DAG(s) dict_keys(['example_task_group']) retrieved from /home/humbulani/miniconda3/envs/apache-airflow/lib/python3.8/site-packages/airflow/example_dags/example_task_group.py
[2023-03-28T00:05:37.718+0200] {logging_mixin.py:137} INFO - [2023-03-28T00:05:37.717+0200] {dag.py:2693} INFO - Sync 1 DAGs
[2023-03-28T00:05:37.748+0200] {logging_mixin.py:137} INFO - [2023-03-28T00:05:37.748+0200] {dag.py:3440} INFO - Setting next_dagrun for example_task_group to 2023-03-26T22:05:37.747954+00:00, run_after=2023-03-27T22:05:37.747954+00:00
[2023-03-28T00:05:37.846+0200] {processor.py:175} INFO - Processing /home/humbulani/miniconda3/envs/apache-airflow/lib/python3.8/site-packages/airflow/example_dags/example_task_group.py took 0.163 seconds
[2023-03-28T00:06:24.411+0200] {processor.py:153} INFO - Started process (PID=22755) to work on /home/humbulani/miniconda3/envs/apache-airflow/lib/python3.8/site-packages/airflow/example_dags/example_task_group.py
[2023-03-28T00:06:24.412+0200] {processor.py:743} INFO - Processing file /home/humbulani/miniconda3/envs/apache-airflow/lib/python3.8/site-packages/airflow/example_dags/example_task_group.py for tasks to queue
[2023-03-28T00:06:24.413+0200] {logging_mixin.py:137} INFO - [2023-03-28T00:06:24.413+0200] {dagbag.py:532} INFO - Filling up the DagBag from /home/humbulani/miniconda3/envs/apache-airflow/lib/python3.8/site-packages/airflow/example_dags/example_task_group.py
[2023-03-28T00:06:24.430+0200] {processor.py:753} INFO - DAG(s) dict_keys(['example_task_group']) retrieved from /home/humbulani/miniconda3/envs/apache-airflow/lib/python3.8/site-packages/airflow/example_dags/example_task_group.py
[2023-03-28T00:06:24.448+0200] {logging_mixin.py:137} INFO - [2023-03-28T00:06:24.448+0200] {dag.py:2693} INFO - Sync 1 DAGs
[2023-03-28T00:06:24.465+0200] {logging_mixin.py:137} INFO - [2023-03-28T00:06:24.465+0200] {dag.py:3440} INFO - Setting next_dagrun for example_task_group to 2023-03-26T22:06:24.465066+00:00, run_after=2023-03-27T22:06:24.465066+00:00
[2023-03-28T00:06:24.559+0200] {processor.py:175} INFO - Processing /home/humbulani/miniconda3/envs/apache-airflow/lib/python3.8/site-packages/airflow/example_dags/example_task_group.py took 0.150 seconds
[2023-03-28T00:07:09.460+0200] {processor.py:153} INFO - Started process (PID=22799) to work on /home/humbulani/miniconda3/envs/apache-airflow/lib/python3.8/site-packages/airflow/example_dags/example_task_group.py
[2023-03-28T00:07:09.467+0200] {processor.py:743} INFO - Processing file /home/humbulani/miniconda3/envs/apache-airflow/lib/python3.8/site-packages/airflow/example_dags/example_task_group.py for tasks to queue
[2023-03-28T00:07:09.467+0200] {logging_mixin.py:137} INFO - [2023-03-28T00:07:09.467+0200] {dagbag.py:532} INFO - Filling up the DagBag from /home/humbulani/miniconda3/envs/apache-airflow/lib/python3.8/site-packages/airflow/example_dags/example_task_group.py
[2023-03-28T00:07:09.481+0200] {processor.py:753} INFO - DAG(s) dict_keys(['example_task_group']) retrieved from /home/humbulani/miniconda3/envs/apache-airflow/lib/python3.8/site-packages/airflow/example_dags/example_task_group.py
[2023-03-28T00:07:09.499+0200] {logging_mixin.py:137} INFO - [2023-03-28T00:07:09.499+0200] {dag.py:2693} INFO - Sync 1 DAGs
[2023-03-28T00:07:09.516+0200] {logging_mixin.py:137} INFO - [2023-03-28T00:07:09.516+0200] {dag.py:3440} INFO - Setting next_dagrun for example_task_group to 2023-03-26T22:07:09.515810+00:00, run_after=2023-03-27T22:07:09.515810+00:00
[2023-03-28T00:07:09.592+0200] {processor.py:175} INFO - Processing /home/humbulani/miniconda3/envs/apache-airflow/lib/python3.8/site-packages/airflow/example_dags/example_task_group.py took 0.136 seconds
[2023-03-28T00:08:03.750+0200] {processor.py:153} INFO - Started process (PID=22900) to work on /home/humbulani/miniconda3/envs/apache-airflow/lib/python3.8/site-packages/airflow/example_dags/example_task_group.py
[2023-03-28T00:08:03.770+0200] {processor.py:743} INFO - Processing file /home/humbulani/miniconda3/envs/apache-airflow/lib/python3.8/site-packages/airflow/example_dags/example_task_group.py for tasks to queue
[2023-03-28T00:08:03.771+0200] {logging_mixin.py:137} INFO - [2023-03-28T00:08:03.771+0200] {dagbag.py:532} INFO - Filling up the DagBag from /home/humbulani/miniconda3/envs/apache-airflow/lib/python3.8/site-packages/airflow/example_dags/example_task_group.py
[2023-03-28T00:08:03.788+0200] {processor.py:753} INFO - DAG(s) dict_keys(['example_task_group']) retrieved from /home/humbulani/miniconda3/envs/apache-airflow/lib/python3.8/site-packages/airflow/example_dags/example_task_group.py
[2023-03-28T00:08:03.807+0200] {logging_mixin.py:137} INFO - [2023-03-28T00:08:03.807+0200] {dag.py:2693} INFO - Sync 1 DAGs
[2023-03-28T00:08:03.826+0200] {logging_mixin.py:137} INFO - [2023-03-28T00:08:03.825+0200] {dag.py:3440} INFO - Setting next_dagrun for example_task_group to 2023-03-26T22:08:03.825696+00:00, run_after=2023-03-27T22:08:03.825696+00:00
[2023-03-28T00:08:03.904+0200] {processor.py:175} INFO - Processing /home/humbulani/miniconda3/envs/apache-airflow/lib/python3.8/site-packages/airflow/example_dags/example_task_group.py took 0.156 seconds
[2023-03-28T00:08:57.133+0200] {processor.py:153} INFO - Started process (PID=22950) to work on /home/humbulani/miniconda3/envs/apache-airflow/lib/python3.8/site-packages/airflow/example_dags/example_task_group.py
[2023-03-28T00:08:57.144+0200] {processor.py:743} INFO - Processing file /home/humbulani/miniconda3/envs/apache-airflow/lib/python3.8/site-packages/airflow/example_dags/example_task_group.py for tasks to queue
[2023-03-28T00:08:57.145+0200] {logging_mixin.py:137} INFO - [2023-03-28T00:08:57.145+0200] {dagbag.py:532} INFO - Filling up the DagBag from /home/humbulani/miniconda3/envs/apache-airflow/lib/python3.8/site-packages/airflow/example_dags/example_task_group.py
[2023-03-28T00:08:57.158+0200] {processor.py:753} INFO - DAG(s) dict_keys(['example_task_group']) retrieved from /home/humbulani/miniconda3/envs/apache-airflow/lib/python3.8/site-packages/airflow/example_dags/example_task_group.py
[2023-03-28T00:08:57.175+0200] {logging_mixin.py:137} INFO - [2023-03-28T00:08:57.175+0200] {dag.py:2693} INFO - Sync 1 DAGs
[2023-03-28T00:08:57.271+0200] {logging_mixin.py:137} INFO - [2023-03-28T00:08:57.271+0200] {dag.py:3440} INFO - Setting next_dagrun for example_task_group to 2023-03-26T22:08:57.271290+00:00, run_after=2023-03-27T22:08:57.271290+00:00
[2023-03-28T00:08:57.350+0200] {processor.py:175} INFO - Processing /home/humbulani/miniconda3/envs/apache-airflow/lib/python3.8/site-packages/airflow/example_dags/example_task_group.py took 0.219 seconds
[2023-03-28T00:09:39.813+0200] {processor.py:153} INFO - Started process (PID=22996) to work on /home/humbulani/miniconda3/envs/apache-airflow/lib/python3.8/site-packages/airflow/example_dags/example_task_group.py
[2023-03-28T00:09:39.822+0200] {processor.py:743} INFO - Processing file /home/humbulani/miniconda3/envs/apache-airflow/lib/python3.8/site-packages/airflow/example_dags/example_task_group.py for tasks to queue
[2023-03-28T00:09:39.823+0200] {logging_mixin.py:137} INFO - [2023-03-28T00:09:39.822+0200] {dagbag.py:532} INFO - Filling up the DagBag from /home/humbulani/miniconda3/envs/apache-airflow/lib/python3.8/site-packages/airflow/example_dags/example_task_group.py
[2023-03-28T00:09:39.840+0200] {processor.py:753} INFO - DAG(s) dict_keys(['example_task_group']) retrieved from /home/humbulani/miniconda3/envs/apache-airflow/lib/python3.8/site-packages/airflow/example_dags/example_task_group.py
[2023-03-28T00:09:39.859+0200] {logging_mixin.py:137} INFO - [2023-03-28T00:09:39.858+0200] {dag.py:2693} INFO - Sync 1 DAGs
[2023-03-28T00:09:39.953+0200] {logging_mixin.py:137} INFO - [2023-03-28T00:09:39.953+0200] {dag.py:3440} INFO - Setting next_dagrun for example_task_group to 2023-03-26T22:09:39.953493+00:00, run_after=2023-03-27T22:09:39.953493+00:00
[2023-03-28T00:09:40.026+0200] {processor.py:175} INFO - Processing /home/humbulani/miniconda3/envs/apache-airflow/lib/python3.8/site-packages/airflow/example_dags/example_task_group.py took 0.216 seconds
[2023-03-28T00:10:39.165+0200] {processor.py:153} INFO - Started process (PID=23048) to work on /home/humbulani/miniconda3/envs/apache-airflow/lib/python3.8/site-packages/airflow/example_dags/example_task_group.py
[2023-03-28T00:10:39.175+0200] {processor.py:743} INFO - Processing file /home/humbulani/miniconda3/envs/apache-airflow/lib/python3.8/site-packages/airflow/example_dags/example_task_group.py for tasks to queue
[2023-03-28T00:10:39.176+0200] {logging_mixin.py:137} INFO - [2023-03-28T00:10:39.176+0200] {dagbag.py:532} INFO - Filling up the DagBag from /home/humbulani/miniconda3/envs/apache-airflow/lib/python3.8/site-packages/airflow/example_dags/example_task_group.py
[2023-03-28T00:10:39.190+0200] {processor.py:753} INFO - DAG(s) dict_keys(['example_task_group']) retrieved from /home/humbulani/miniconda3/envs/apache-airflow/lib/python3.8/site-packages/airflow/example_dags/example_task_group.py
[2023-03-28T00:10:39.286+0200] {logging_mixin.py:137} INFO - [2023-03-28T00:10:39.286+0200] {dag.py:2693} INFO - Sync 1 DAGs
[2023-03-28T00:10:39.302+0200] {logging_mixin.py:137} INFO - [2023-03-28T00:10:39.302+0200] {dag.py:3440} INFO - Setting next_dagrun for example_task_group to 2023-03-26T22:10:39.302413+00:00, run_after=2023-03-27T22:10:39.302413+00:00
[2023-03-28T00:10:39.397+0200] {processor.py:175} INFO - Processing /home/humbulani/miniconda3/envs/apache-airflow/lib/python3.8/site-packages/airflow/example_dags/example_task_group.py took 0.234 seconds
[2023-03-28T00:11:21.876+0200] {processor.py:153} INFO - Started process (PID=23087) to work on /home/humbulani/miniconda3/envs/apache-airflow/lib/python3.8/site-packages/airflow/example_dags/example_task_group.py
[2023-03-28T00:11:21.877+0200] {processor.py:743} INFO - Processing file /home/humbulani/miniconda3/envs/apache-airflow/lib/python3.8/site-packages/airflow/example_dags/example_task_group.py for tasks to queue
[2023-03-28T00:11:21.877+0200] {logging_mixin.py:137} INFO - [2023-03-28T00:11:21.877+0200] {dagbag.py:532} INFO - Filling up the DagBag from /home/humbulani/miniconda3/envs/apache-airflow/lib/python3.8/site-packages/airflow/example_dags/example_task_group.py
[2023-03-28T00:11:21.975+0200] {processor.py:753} INFO - DAG(s) dict_keys(['example_task_group']) retrieved from /home/humbulani/miniconda3/envs/apache-airflow/lib/python3.8/site-packages/airflow/example_dags/example_task_group.py
[2023-03-28T00:11:21.989+0200] {logging_mixin.py:137} INFO - [2023-03-28T00:11:21.989+0200] {dag.py:2693} INFO - Sync 1 DAGs
[2023-03-28T00:11:22.005+0200] {logging_mixin.py:137} INFO - [2023-03-28T00:11:22.005+0200] {dag.py:3440} INFO - Setting next_dagrun for example_task_group to 2023-03-26T22:11:22.004886+00:00, run_after=2023-03-27T22:11:22.004886+00:00
[2023-03-28T00:11:22.083+0200] {processor.py:175} INFO - Processing /home/humbulani/miniconda3/envs/apache-airflow/lib/python3.8/site-packages/airflow/example_dags/example_task_group.py took 0.210 seconds
[2023-03-28T00:12:08.645+0200] {processor.py:153} INFO - Started process (PID=23123) to work on /home/humbulani/miniconda3/envs/apache-airflow/lib/python3.8/site-packages/airflow/example_dags/example_task_group.py
[2023-03-28T00:12:08.646+0200] {processor.py:743} INFO - Processing file /home/humbulani/miniconda3/envs/apache-airflow/lib/python3.8/site-packages/airflow/example_dags/example_task_group.py for tasks to queue
[2023-03-28T00:12:08.646+0200] {logging_mixin.py:137} INFO - [2023-03-28T00:12:08.646+0200] {dagbag.py:532} INFO - Filling up the DagBag from /home/humbulani/miniconda3/envs/apache-airflow/lib/python3.8/site-packages/airflow/example_dags/example_task_group.py
[2023-03-28T00:12:08.743+0200] {processor.py:753} INFO - DAG(s) dict_keys(['example_task_group']) retrieved from /home/humbulani/miniconda3/envs/apache-airflow/lib/python3.8/site-packages/airflow/example_dags/example_task_group.py
[2023-03-28T00:12:08.759+0200] {logging_mixin.py:137} INFO - [2023-03-28T00:12:08.758+0200] {dag.py:2693} INFO - Sync 1 DAGs
[2023-03-28T00:12:08.776+0200] {logging_mixin.py:137} INFO - [2023-03-28T00:12:08.775+0200] {dag.py:3440} INFO - Setting next_dagrun for example_task_group to 2023-03-26T22:12:08.775740+00:00, run_after=2023-03-27T22:12:08.775740+00:00
[2023-03-28T00:12:08.852+0200] {processor.py:175} INFO - Processing /home/humbulani/miniconda3/envs/apache-airflow/lib/python3.8/site-packages/airflow/example_dags/example_task_group.py took 0.210 seconds
[2023-03-28T00:12:51.662+0200] {processor.py:153} INFO - Started process (PID=23189) to work on /home/humbulani/miniconda3/envs/apache-airflow/lib/python3.8/site-packages/airflow/example_dags/example_task_group.py
[2023-03-28T00:12:51.678+0200] {processor.py:743} INFO - Processing file /home/humbulani/miniconda3/envs/apache-airflow/lib/python3.8/site-packages/airflow/example_dags/example_task_group.py for tasks to queue
[2023-03-28T00:12:51.679+0200] {logging_mixin.py:137} INFO - [2023-03-28T00:12:51.679+0200] {dagbag.py:532} INFO - Filling up the DagBag from /home/humbulani/miniconda3/envs/apache-airflow/lib/python3.8/site-packages/airflow/example_dags/example_task_group.py
[2023-03-28T00:12:51.694+0200] {processor.py:753} INFO - DAG(s) dict_keys(['example_task_group']) retrieved from /home/humbulani/miniconda3/envs/apache-airflow/lib/python3.8/site-packages/airflow/example_dags/example_task_group.py
[2023-03-28T00:12:51.712+0200] {logging_mixin.py:137} INFO - [2023-03-28T00:12:51.712+0200] {dag.py:2693} INFO - Sync 1 DAGs
[2023-03-28T00:12:51.730+0200] {logging_mixin.py:137} INFO - [2023-03-28T00:12:51.730+0200] {dag.py:3440} INFO - Setting next_dagrun for example_task_group to 2023-03-26T22:12:51.730235+00:00, run_after=2023-03-27T22:12:51.730235+00:00
[2023-03-28T00:12:51.940+0200] {processor.py:175} INFO - Processing /home/humbulani/miniconda3/envs/apache-airflow/lib/python3.8/site-packages/airflow/example_dags/example_task_group.py took 0.280 seconds
[2023-03-28T00:13:37.740+0200] {processor.py:153} INFO - Started process (PID=23242) to work on /home/humbulani/miniconda3/envs/apache-airflow/lib/python3.8/site-packages/airflow/example_dags/example_task_group.py
[2023-03-28T00:13:37.765+0200] {processor.py:743} INFO - Processing file /home/humbulani/miniconda3/envs/apache-airflow/lib/python3.8/site-packages/airflow/example_dags/example_task_group.py for tasks to queue
[2023-03-28T00:13:37.766+0200] {logging_mixin.py:137} INFO - [2023-03-28T00:13:37.766+0200] {dagbag.py:532} INFO - Filling up the DagBag from /home/humbulani/miniconda3/envs/apache-airflow/lib/python3.8/site-packages/airflow/example_dags/example_task_group.py
[2023-03-28T00:13:37.779+0200] {processor.py:753} INFO - DAG(s) dict_keys(['example_task_group']) retrieved from /home/humbulani/miniconda3/envs/apache-airflow/lib/python3.8/site-packages/airflow/example_dags/example_task_group.py
[2023-03-28T00:13:37.800+0200] {logging_mixin.py:137} INFO - [2023-03-28T00:13:37.800+0200] {dag.py:2693} INFO - Sync 1 DAGs
[2023-03-28T00:13:37.818+0200] {logging_mixin.py:137} INFO - [2023-03-28T00:13:37.817+0200] {dag.py:3440} INFO - Setting next_dagrun for example_task_group to 2023-03-26T22:13:37.817686+00:00, run_after=2023-03-27T22:13:37.817686+00:00
[2023-03-28T00:13:37.919+0200] {processor.py:175} INFO - Processing /home/humbulani/miniconda3/envs/apache-airflow/lib/python3.8/site-packages/airflow/example_dags/example_task_group.py took 0.182 seconds
[2023-03-28T00:14:21.836+0200] {processor.py:153} INFO - Started process (PID=23286) to work on /home/humbulani/miniconda3/envs/apache-airflow/lib/python3.8/site-packages/airflow/example_dags/example_task_group.py
[2023-03-28T00:14:21.837+0200] {processor.py:743} INFO - Processing file /home/humbulani/miniconda3/envs/apache-airflow/lib/python3.8/site-packages/airflow/example_dags/example_task_group.py for tasks to queue
[2023-03-28T00:14:21.838+0200] {logging_mixin.py:137} INFO - [2023-03-28T00:14:21.837+0200] {dagbag.py:532} INFO - Filling up the DagBag from /home/humbulani/miniconda3/envs/apache-airflow/lib/python3.8/site-packages/airflow/example_dags/example_task_group.py
[2023-03-28T00:14:21.852+0200] {processor.py:753} INFO - DAG(s) dict_keys(['example_task_group']) retrieved from /home/humbulani/miniconda3/envs/apache-airflow/lib/python3.8/site-packages/airflow/example_dags/example_task_group.py
[2023-03-28T00:14:21.869+0200] {logging_mixin.py:137} INFO - [2023-03-28T00:14:21.869+0200] {dag.py:2693} INFO - Sync 1 DAGs
[2023-03-28T00:14:21.887+0200] {logging_mixin.py:137} INFO - [2023-03-28T00:14:21.887+0200] {dag.py:3440} INFO - Setting next_dagrun for example_task_group to 2023-03-26T22:14:21.886982+00:00, run_after=2023-03-27T22:14:21.886982+00:00
[2023-03-28T00:14:21.969+0200] {processor.py:175} INFO - Processing /home/humbulani/miniconda3/envs/apache-airflow/lib/python3.8/site-packages/airflow/example_dags/example_task_group.py took 0.136 seconds
[2023-03-28T00:15:11.088+0200] {processor.py:153} INFO - Started process (PID=23337) to work on /home/humbulani/miniconda3/envs/apache-airflow/lib/python3.8/site-packages/airflow/example_dags/example_task_group.py
[2023-03-28T00:15:11.117+0200] {processor.py:743} INFO - Processing file /home/humbulani/miniconda3/envs/apache-airflow/lib/python3.8/site-packages/airflow/example_dags/example_task_group.py for tasks to queue
[2023-03-28T00:15:11.118+0200] {logging_mixin.py:137} INFO - [2023-03-28T00:15:11.118+0200] {dagbag.py:532} INFO - Filling up the DagBag from /home/humbulani/miniconda3/envs/apache-airflow/lib/python3.8/site-packages/airflow/example_dags/example_task_group.py
[2023-03-28T00:15:11.136+0200] {processor.py:753} INFO - DAG(s) dict_keys(['example_task_group']) retrieved from /home/humbulani/miniconda3/envs/apache-airflow/lib/python3.8/site-packages/airflow/example_dags/example_task_group.py
[2023-03-28T00:15:11.158+0200] {logging_mixin.py:137} INFO - [2023-03-28T00:15:11.158+0200] {dag.py:2693} INFO - Sync 1 DAGs
[2023-03-28T00:15:11.175+0200] {logging_mixin.py:137} INFO - [2023-03-28T00:15:11.175+0200] {dag.py:3440} INFO - Setting next_dagrun for example_task_group to 2023-03-26T22:15:11.175381+00:00, run_after=2023-03-27T22:15:11.175381+00:00
[2023-03-28T00:15:11.281+0200] {processor.py:175} INFO - Processing /home/humbulani/miniconda3/envs/apache-airflow/lib/python3.8/site-packages/airflow/example_dags/example_task_group.py took 0.195 seconds
[2023-03-28T00:15:56.986+0200] {processor.py:153} INFO - Started process (PID=23414) to work on /home/humbulani/miniconda3/envs/apache-airflow/lib/python3.8/site-packages/airflow/example_dags/example_task_group.py
[2023-03-28T00:15:57.000+0200] {processor.py:743} INFO - Processing file /home/humbulani/miniconda3/envs/apache-airflow/lib/python3.8/site-packages/airflow/example_dags/example_task_group.py for tasks to queue
[2023-03-28T00:15:57.001+0200] {logging_mixin.py:137} INFO - [2023-03-28T00:15:57.000+0200] {dagbag.py:532} INFO - Filling up the DagBag from /home/humbulani/miniconda3/envs/apache-airflow/lib/python3.8/site-packages/airflow/example_dags/example_task_group.py
[2023-03-28T00:15:57.017+0200] {processor.py:753} INFO - DAG(s) dict_keys(['example_task_group']) retrieved from /home/humbulani/miniconda3/envs/apache-airflow/lib/python3.8/site-packages/airflow/example_dags/example_task_group.py
[2023-03-28T00:15:57.037+0200] {logging_mixin.py:137} INFO - [2023-03-28T00:15:57.037+0200] {dag.py:2693} INFO - Sync 1 DAGs
[2023-03-28T00:15:57.056+0200] {logging_mixin.py:137} INFO - [2023-03-28T00:15:57.056+0200] {dag.py:3440} INFO - Setting next_dagrun for example_task_group to 2023-03-26T22:15:57.056235+00:00, run_after=2023-03-27T22:15:57.056235+00:00
[2023-03-28T00:15:57.154+0200] {processor.py:175} INFO - Processing /home/humbulani/miniconda3/envs/apache-airflow/lib/python3.8/site-packages/airflow/example_dags/example_task_group.py took 0.170 seconds
[2023-03-28T00:16:47.811+0200] {processor.py:153} INFO - Started process (PID=23517) to work on /home/humbulani/miniconda3/envs/apache-airflow/lib/python3.8/site-packages/airflow/example_dags/example_task_group.py
[2023-03-28T00:16:47.824+0200] {processor.py:743} INFO - Processing file /home/humbulani/miniconda3/envs/apache-airflow/lib/python3.8/site-packages/airflow/example_dags/example_task_group.py for tasks to queue
[2023-03-28T00:16:47.825+0200] {logging_mixin.py:137} INFO - [2023-03-28T00:16:47.825+0200] {dagbag.py:532} INFO - Filling up the DagBag from /home/humbulani/miniconda3/envs/apache-airflow/lib/python3.8/site-packages/airflow/example_dags/example_task_group.py
[2023-03-28T00:16:47.840+0200] {processor.py:753} INFO - DAG(s) dict_keys(['example_task_group']) retrieved from /home/humbulani/miniconda3/envs/apache-airflow/lib/python3.8/site-packages/airflow/example_dags/example_task_group.py
[2023-03-28T00:16:47.859+0200] {logging_mixin.py:137} INFO - [2023-03-28T00:16:47.859+0200] {dag.py:2693} INFO - Sync 1 DAGs
[2023-03-28T00:16:47.879+0200] {logging_mixin.py:137} INFO - [2023-03-28T00:16:47.879+0200] {dag.py:3440} INFO - Setting next_dagrun for example_task_group to 2023-03-26T22:16:47.878949+00:00, run_after=2023-03-27T22:16:47.878949+00:00
[2023-03-28T00:16:47.961+0200] {processor.py:175} INFO - Processing /home/humbulani/miniconda3/envs/apache-airflow/lib/python3.8/site-packages/airflow/example_dags/example_task_group.py took 0.152 seconds
[2023-03-28T00:17:37.560+0200] {processor.py:153} INFO - Started process (PID=23604) to work on /home/humbulani/miniconda3/envs/apache-airflow/lib/python3.8/site-packages/airflow/example_dags/example_task_group.py
[2023-03-28T00:17:37.607+0200] {processor.py:743} INFO - Processing file /home/humbulani/miniconda3/envs/apache-airflow/lib/python3.8/site-packages/airflow/example_dags/example_task_group.py for tasks to queue
[2023-03-28T00:17:37.608+0200] {logging_mixin.py:137} INFO - [2023-03-28T00:17:37.608+0200] {dagbag.py:532} INFO - Filling up the DagBag from /home/humbulani/miniconda3/envs/apache-airflow/lib/python3.8/site-packages/airflow/example_dags/example_task_group.py
[2023-03-28T00:17:37.625+0200] {processor.py:753} INFO - DAG(s) dict_keys(['example_task_group']) retrieved from /home/humbulani/miniconda3/envs/apache-airflow/lib/python3.8/site-packages/airflow/example_dags/example_task_group.py
[2023-03-28T00:17:37.647+0200] {logging_mixin.py:137} INFO - [2023-03-28T00:17:37.647+0200] {dag.py:2693} INFO - Sync 1 DAGs
[2023-03-28T00:17:37.668+0200] {logging_mixin.py:137} INFO - [2023-03-28T00:17:37.667+0200] {dag.py:3440} INFO - Setting next_dagrun for example_task_group to 2023-03-26T22:17:37.667697+00:00, run_after=2023-03-27T22:17:37.667697+00:00
[2023-03-28T00:17:37.750+0200] {processor.py:175} INFO - Processing /home/humbulani/miniconda3/envs/apache-airflow/lib/python3.8/site-packages/airflow/example_dags/example_task_group.py took 0.193 seconds
[2023-03-28T00:18:21.191+0200] {processor.py:153} INFO - Started process (PID=23649) to work on /home/humbulani/miniconda3/envs/apache-airflow/lib/python3.8/site-packages/airflow/example_dags/example_task_group.py
[2023-03-28T00:18:21.205+0200] {processor.py:743} INFO - Processing file /home/humbulani/miniconda3/envs/apache-airflow/lib/python3.8/site-packages/airflow/example_dags/example_task_group.py for tasks to queue
[2023-03-28T00:18:21.206+0200] {logging_mixin.py:137} INFO - [2023-03-28T00:18:21.206+0200] {dagbag.py:532} INFO - Filling up the DagBag from /home/humbulani/miniconda3/envs/apache-airflow/lib/python3.8/site-packages/airflow/example_dags/example_task_group.py
[2023-03-28T00:18:21.219+0200] {processor.py:753} INFO - DAG(s) dict_keys(['example_task_group']) retrieved from /home/humbulani/miniconda3/envs/apache-airflow/lib/python3.8/site-packages/airflow/example_dags/example_task_group.py
[2023-03-28T00:18:21.238+0200] {logging_mixin.py:137} INFO - [2023-03-28T00:18:21.237+0200] {dag.py:2693} INFO - Sync 1 DAGs
[2023-03-28T00:18:21.255+0200] {logging_mixin.py:137} INFO - [2023-03-28T00:18:21.254+0200] {dag.py:3440} INFO - Setting next_dagrun for example_task_group to 2023-03-26T22:18:21.254701+00:00, run_after=2023-03-27T22:18:21.254701+00:00
[2023-03-28T00:18:21.357+0200] {processor.py:175} INFO - Processing /home/humbulani/miniconda3/envs/apache-airflow/lib/python3.8/site-packages/airflow/example_dags/example_task_group.py took 0.169 seconds
[2023-03-28T00:19:08.971+0200] {processor.py:153} INFO - Started process (PID=23694) to work on /home/humbulani/miniconda3/envs/apache-airflow/lib/python3.8/site-packages/airflow/example_dags/example_task_group.py
[2023-03-28T00:19:08.987+0200] {processor.py:743} INFO - Processing file /home/humbulani/miniconda3/envs/apache-airflow/lib/python3.8/site-packages/airflow/example_dags/example_task_group.py for tasks to queue
[2023-03-28T00:19:08.987+0200] {logging_mixin.py:137} INFO - [2023-03-28T00:19:08.987+0200] {dagbag.py:532} INFO - Filling up the DagBag from /home/humbulani/miniconda3/envs/apache-airflow/lib/python3.8/site-packages/airflow/example_dags/example_task_group.py
[2023-03-28T00:19:09.005+0200] {processor.py:753} INFO - DAG(s) dict_keys(['example_task_group']) retrieved from /home/humbulani/miniconda3/envs/apache-airflow/lib/python3.8/site-packages/airflow/example_dags/example_task_group.py
[2023-03-28T00:19:09.025+0200] {logging_mixin.py:137} INFO - [2023-03-28T00:19:09.025+0200] {dag.py:2693} INFO - Sync 1 DAGs
[2023-03-28T00:19:09.042+0200] {logging_mixin.py:137} INFO - [2023-03-28T00:19:09.042+0200] {dag.py:3440} INFO - Setting next_dagrun for example_task_group to 2023-03-26T22:19:09.042179+00:00, run_after=2023-03-27T22:19:09.042179+00:00
[2023-03-28T00:19:09.129+0200] {processor.py:175} INFO - Processing /home/humbulani/miniconda3/envs/apache-airflow/lib/python3.8/site-packages/airflow/example_dags/example_task_group.py took 0.161 seconds
[2023-03-28T00:19:56.356+0200] {processor.py:153} INFO - Started process (PID=23741) to work on /home/humbulani/miniconda3/envs/apache-airflow/lib/python3.8/site-packages/airflow/example_dags/example_task_group.py
[2023-03-28T00:19:56.368+0200] {processor.py:743} INFO - Processing file /home/humbulani/miniconda3/envs/apache-airflow/lib/python3.8/site-packages/airflow/example_dags/example_task_group.py for tasks to queue
[2023-03-28T00:19:56.368+0200] {logging_mixin.py:137} INFO - [2023-03-28T00:19:56.368+0200] {dagbag.py:532} INFO - Filling up the DagBag from /home/humbulani/miniconda3/envs/apache-airflow/lib/python3.8/site-packages/airflow/example_dags/example_task_group.py
[2023-03-28T00:19:56.386+0200] {processor.py:753} INFO - DAG(s) dict_keys(['example_task_group']) retrieved from /home/humbulani/miniconda3/envs/apache-airflow/lib/python3.8/site-packages/airflow/example_dags/example_task_group.py
[2023-03-28T00:19:56.406+0200] {logging_mixin.py:137} INFO - [2023-03-28T00:19:56.406+0200] {dag.py:2693} INFO - Sync 1 DAGs
[2023-03-28T00:19:56.423+0200] {logging_mixin.py:137} INFO - [2023-03-28T00:19:56.423+0200] {dag.py:3440} INFO - Setting next_dagrun for example_task_group to 2023-03-26T22:19:56.423059+00:00, run_after=2023-03-27T22:19:56.423059+00:00
[2023-03-28T00:19:56.529+0200] {processor.py:175} INFO - Processing /home/humbulani/miniconda3/envs/apache-airflow/lib/python3.8/site-packages/airflow/example_dags/example_task_group.py took 0.176 seconds
[2023-03-28T00:20:46.965+0200] {processor.py:153} INFO - Started process (PID=23791) to work on /home/humbulani/miniconda3/envs/apache-airflow/lib/python3.8/site-packages/airflow/example_dags/example_task_group.py
[2023-03-28T00:20:46.991+0200] {processor.py:743} INFO - Processing file /home/humbulani/miniconda3/envs/apache-airflow/lib/python3.8/site-packages/airflow/example_dags/example_task_group.py for tasks to queue
[2023-03-28T00:20:46.991+0200] {logging_mixin.py:137} INFO - [2023-03-28T00:20:46.991+0200] {dagbag.py:532} INFO - Filling up the DagBag from /home/humbulani/miniconda3/envs/apache-airflow/lib/python3.8/site-packages/airflow/example_dags/example_task_group.py
[2023-03-28T00:20:47.009+0200] {processor.py:753} INFO - DAG(s) dict_keys(['example_task_group']) retrieved from /home/humbulani/miniconda3/envs/apache-airflow/lib/python3.8/site-packages/airflow/example_dags/example_task_group.py
[2023-03-28T00:20:47.032+0200] {logging_mixin.py:137} INFO - [2023-03-28T00:20:47.032+0200] {dag.py:2693} INFO - Sync 1 DAGs
[2023-03-28T00:20:47.050+0200] {logging_mixin.py:137} INFO - [2023-03-28T00:20:47.050+0200] {dag.py:3440} INFO - Setting next_dagrun for example_task_group to 2023-03-26T22:20:47.050091+00:00, run_after=2023-03-27T22:20:47.050091+00:00
[2023-03-28T00:20:47.168+0200] {processor.py:175} INFO - Processing /home/humbulani/miniconda3/envs/apache-airflow/lib/python3.8/site-packages/airflow/example_dags/example_task_group.py took 0.205 seconds
[2023-03-28T00:21:30.017+0200] {processor.py:153} INFO - Started process (PID=23843) to work on /home/humbulani/miniconda3/envs/apache-airflow/lib/python3.8/site-packages/airflow/example_dags/example_task_group.py
[2023-03-28T00:21:30.063+0200] {processor.py:743} INFO - Processing file /home/humbulani/miniconda3/envs/apache-airflow/lib/python3.8/site-packages/airflow/example_dags/example_task_group.py for tasks to queue
[2023-03-28T00:21:30.063+0200] {logging_mixin.py:137} INFO - [2023-03-28T00:21:30.063+0200] {dagbag.py:532} INFO - Filling up the DagBag from /home/humbulani/miniconda3/envs/apache-airflow/lib/python3.8/site-packages/airflow/example_dags/example_task_group.py
[2023-03-28T00:21:30.080+0200] {processor.py:753} INFO - DAG(s) dict_keys(['example_task_group']) retrieved from /home/humbulani/miniconda3/envs/apache-airflow/lib/python3.8/site-packages/airflow/example_dags/example_task_group.py
[2023-03-28T00:21:30.098+0200] {logging_mixin.py:137} INFO - [2023-03-28T00:21:30.098+0200] {dag.py:2693} INFO - Sync 1 DAGs
[2023-03-28T00:21:30.118+0200] {logging_mixin.py:137} INFO - [2023-03-28T00:21:30.118+0200] {dag.py:3440} INFO - Setting next_dagrun for example_task_group to 2023-03-26T22:21:30.118015+00:00, run_after=2023-03-27T22:21:30.118015+00:00
[2023-03-28T00:21:30.206+0200] {processor.py:175} INFO - Processing /home/humbulani/miniconda3/envs/apache-airflow/lib/python3.8/site-packages/airflow/example_dags/example_task_group.py took 0.192 seconds
[2023-03-28T00:22:12.674+0200] {processor.py:153} INFO - Started process (PID=23879) to work on /home/humbulani/miniconda3/envs/apache-airflow/lib/python3.8/site-packages/airflow/example_dags/example_task_group.py
[2023-03-28T00:22:12.686+0200] {processor.py:743} INFO - Processing file /home/humbulani/miniconda3/envs/apache-airflow/lib/python3.8/site-packages/airflow/example_dags/example_task_group.py for tasks to queue
[2023-03-28T00:22:12.687+0200] {logging_mixin.py:137} INFO - [2023-03-28T00:22:12.687+0200] {dagbag.py:532} INFO - Filling up the DagBag from /home/humbulani/miniconda3/envs/apache-airflow/lib/python3.8/site-packages/airflow/example_dags/example_task_group.py
[2023-03-28T00:22:12.703+0200] {processor.py:753} INFO - DAG(s) dict_keys(['example_task_group']) retrieved from /home/humbulani/miniconda3/envs/apache-airflow/lib/python3.8/site-packages/airflow/example_dags/example_task_group.py
[2023-03-28T00:22:12.723+0200] {logging_mixin.py:137} INFO - [2023-03-28T00:22:12.722+0200] {dag.py:2693} INFO - Sync 1 DAGs
[2023-03-28T00:22:12.743+0200] {logging_mixin.py:137} INFO - [2023-03-28T00:22:12.743+0200] {dag.py:3440} INFO - Setting next_dagrun for example_task_group to 2023-03-26T22:22:12.742938+00:00, run_after=2023-03-27T22:22:12.742938+00:00
[2023-03-28T00:22:12.862+0200] {processor.py:175} INFO - Processing /home/humbulani/miniconda3/envs/apache-airflow/lib/python3.8/site-packages/airflow/example_dags/example_task_group.py took 0.190 seconds
