[2023-03-28T00:04:09.903+0200] {processor.py:153} INFO - Started process (PID=22511) to work on /home/humbulani/miniconda3/envs/apache-airflow/lib/python3.8/site-packages/airflow/example_dags/example_sensor_decorator.py
[2023-03-28T00:04:09.904+0200] {processor.py:743} INFO - Processing file /home/humbulani/miniconda3/envs/apache-airflow/lib/python3.8/site-packages/airflow/example_dags/example_sensor_decorator.py for tasks to queue
[2023-03-28T00:04:09.905+0200] {logging_mixin.py:137} INFO - [2023-03-28T00:04:09.905+0200] {dagbag.py:532} INFO - Filling up the DagBag from /home/humbulani/miniconda3/envs/apache-airflow/lib/python3.8/site-packages/airflow/example_dags/example_sensor_decorator.py
[2023-03-28T00:04:09.927+0200] {processor.py:753} INFO - DAG(s) dict_keys(['example_sensor_decorator']) retrieved from /home/humbulani/miniconda3/envs/apache-airflow/lib/python3.8/site-packages/airflow/example_dags/example_sensor_decorator.py
[2023-03-28T00:04:09.942+0200] {logging_mixin.py:137} INFO - [2023-03-28T00:04:09.942+0200] {dag.py:2693} INFO - Sync 1 DAGs
[2023-03-28T00:04:09.962+0200] {logging_mixin.py:137} INFO - [2023-03-28T00:04:09.962+0200] {dag.py:3440} INFO - Setting next_dagrun for example_sensor_decorator to None, run_after=None
[2023-03-28T00:04:10.075+0200] {processor.py:175} INFO - Processing /home/humbulani/miniconda3/envs/apache-airflow/lib/python3.8/site-packages/airflow/example_dags/example_sensor_decorator.py took 0.174 seconds
[2023-03-28T00:05:00.165+0200] {processor.py:153} INFO - Started process (PID=22599) to work on /home/humbulani/miniconda3/envs/apache-airflow/lib/python3.8/site-packages/airflow/example_dags/example_sensor_decorator.py
[2023-03-28T00:05:00.217+0200] {processor.py:743} INFO - Processing file /home/humbulani/miniconda3/envs/apache-airflow/lib/python3.8/site-packages/airflow/example_dags/example_sensor_decorator.py for tasks to queue
[2023-03-28T00:05:00.218+0200] {logging_mixin.py:137} INFO - [2023-03-28T00:05:00.217+0200] {dagbag.py:532} INFO - Filling up the DagBag from /home/humbulani/miniconda3/envs/apache-airflow/lib/python3.8/site-packages/airflow/example_dags/example_sensor_decorator.py
[2023-03-28T00:05:00.237+0200] {processor.py:753} INFO - DAG(s) dict_keys(['example_sensor_decorator']) retrieved from /home/humbulani/miniconda3/envs/apache-airflow/lib/python3.8/site-packages/airflow/example_dags/example_sensor_decorator.py
[2023-03-28T00:05:00.255+0200] {logging_mixin.py:137} INFO - [2023-03-28T00:05:00.255+0200] {dag.py:2693} INFO - Sync 1 DAGs
[2023-03-28T00:05:00.274+0200] {logging_mixin.py:137} INFO - [2023-03-28T00:05:00.274+0200] {dag.py:3440} INFO - Setting next_dagrun for example_sensor_decorator to None, run_after=None
[2023-03-28T00:05:00.356+0200] {processor.py:175} INFO - Processing /home/humbulani/miniconda3/envs/apache-airflow/lib/python3.8/site-packages/airflow/example_dags/example_sensor_decorator.py took 0.194 seconds
[2023-03-28T00:05:45.703+0200] {processor.py:153} INFO - Started process (PID=22670) to work on /home/humbulani/miniconda3/envs/apache-airflow/lib/python3.8/site-packages/airflow/example_dags/example_sensor_decorator.py
[2023-03-28T00:05:45.720+0200] {processor.py:743} INFO - Processing file /home/humbulani/miniconda3/envs/apache-airflow/lib/python3.8/site-packages/airflow/example_dags/example_sensor_decorator.py for tasks to queue
[2023-03-28T00:05:45.720+0200] {logging_mixin.py:137} INFO - [2023-03-28T00:05:45.720+0200] {dagbag.py:532} INFO - Filling up the DagBag from /home/humbulani/miniconda3/envs/apache-airflow/lib/python3.8/site-packages/airflow/example_dags/example_sensor_decorator.py
[2023-03-28T00:05:45.750+0200] {processor.py:753} INFO - DAG(s) dict_keys(['example_sensor_decorator']) retrieved from /home/humbulani/miniconda3/envs/apache-airflow/lib/python3.8/site-packages/airflow/example_dags/example_sensor_decorator.py
[2023-03-28T00:05:45.773+0200] {logging_mixin.py:137} INFO - [2023-03-28T00:05:45.773+0200] {dag.py:2693} INFO - Sync 1 DAGs
[2023-03-28T00:05:45.791+0200] {logging_mixin.py:137} INFO - [2023-03-28T00:05:45.791+0200] {dag.py:3440} INFO - Setting next_dagrun for example_sensor_decorator to None, run_after=None
[2023-03-28T00:05:45.872+0200] {processor.py:175} INFO - Processing /home/humbulani/miniconda3/envs/apache-airflow/lib/python3.8/site-packages/airflow/example_dags/example_sensor_decorator.py took 0.172 seconds
[2023-03-28T00:06:31.144+0200] {processor.py:153} INFO - Started process (PID=22762) to work on /home/humbulani/miniconda3/envs/apache-airflow/lib/python3.8/site-packages/airflow/example_dags/example_sensor_decorator.py
[2023-03-28T00:06:31.162+0200] {processor.py:743} INFO - Processing file /home/humbulani/miniconda3/envs/apache-airflow/lib/python3.8/site-packages/airflow/example_dags/example_sensor_decorator.py for tasks to queue
[2023-03-28T00:06:31.163+0200] {logging_mixin.py:137} INFO - [2023-03-28T00:06:31.163+0200] {dagbag.py:532} INFO - Filling up the DagBag from /home/humbulani/miniconda3/envs/apache-airflow/lib/python3.8/site-packages/airflow/example_dags/example_sensor_decorator.py
[2023-03-28T00:06:31.185+0200] {processor.py:753} INFO - DAG(s) dict_keys(['example_sensor_decorator']) retrieved from /home/humbulani/miniconda3/envs/apache-airflow/lib/python3.8/site-packages/airflow/example_dags/example_sensor_decorator.py
[2023-03-28T00:06:31.201+0200] {logging_mixin.py:137} INFO - [2023-03-28T00:06:31.201+0200] {dag.py:2693} INFO - Sync 1 DAGs
[2023-03-28T00:06:31.218+0200] {logging_mixin.py:137} INFO - [2023-03-28T00:06:31.218+0200] {dag.py:3440} INFO - Setting next_dagrun for example_sensor_decorator to None, run_after=None
[2023-03-28T00:06:31.298+0200] {processor.py:175} INFO - Processing /home/humbulani/miniconda3/envs/apache-airflow/lib/python3.8/site-packages/airflow/example_dags/example_sensor_decorator.py took 0.157 seconds
[2023-03-28T00:07:17.408+0200] {processor.py:153} INFO - Started process (PID=22807) to work on /home/humbulani/miniconda3/envs/apache-airflow/lib/python3.8/site-packages/airflow/example_dags/example_sensor_decorator.py
[2023-03-28T00:07:17.424+0200] {processor.py:743} INFO - Processing file /home/humbulani/miniconda3/envs/apache-airflow/lib/python3.8/site-packages/airflow/example_dags/example_sensor_decorator.py for tasks to queue
[2023-03-28T00:07:17.424+0200] {logging_mixin.py:137} INFO - [2023-03-28T00:07:17.424+0200] {dagbag.py:532} INFO - Filling up the DagBag from /home/humbulani/miniconda3/envs/apache-airflow/lib/python3.8/site-packages/airflow/example_dags/example_sensor_decorator.py
[2023-03-28T00:07:17.450+0200] {processor.py:753} INFO - DAG(s) dict_keys(['example_sensor_decorator']) retrieved from /home/humbulani/miniconda3/envs/apache-airflow/lib/python3.8/site-packages/airflow/example_dags/example_sensor_decorator.py
[2023-03-28T00:07:17.467+0200] {logging_mixin.py:137} INFO - [2023-03-28T00:07:17.467+0200] {dag.py:2693} INFO - Sync 1 DAGs
[2023-03-28T00:07:17.484+0200] {logging_mixin.py:137} INFO - [2023-03-28T00:07:17.484+0200] {dag.py:3440} INFO - Setting next_dagrun for example_sensor_decorator to None, run_after=None
[2023-03-28T00:07:17.568+0200] {processor.py:175} INFO - Processing /home/humbulani/miniconda3/envs/apache-airflow/lib/python3.8/site-packages/airflow/example_dags/example_sensor_decorator.py took 0.163 seconds
[2023-03-28T00:08:11.176+0200] {processor.py:153} INFO - Started process (PID=22907) to work on /home/humbulani/miniconda3/envs/apache-airflow/lib/python3.8/site-packages/airflow/example_dags/example_sensor_decorator.py
[2023-03-28T00:08:11.194+0200] {processor.py:743} INFO - Processing file /home/humbulani/miniconda3/envs/apache-airflow/lib/python3.8/site-packages/airflow/example_dags/example_sensor_decorator.py for tasks to queue
[2023-03-28T00:08:11.194+0200] {logging_mixin.py:137} INFO - [2023-03-28T00:08:11.194+0200] {dagbag.py:532} INFO - Filling up the DagBag from /home/humbulani/miniconda3/envs/apache-airflow/lib/python3.8/site-packages/airflow/example_dags/example_sensor_decorator.py
[2023-03-28T00:08:11.217+0200] {processor.py:753} INFO - DAG(s) dict_keys(['example_sensor_decorator']) retrieved from /home/humbulani/miniconda3/envs/apache-airflow/lib/python3.8/site-packages/airflow/example_dags/example_sensor_decorator.py
[2023-03-28T00:08:11.234+0200] {logging_mixin.py:137} INFO - [2023-03-28T00:08:11.234+0200] {dag.py:2693} INFO - Sync 1 DAGs
[2023-03-28T00:08:11.253+0200] {logging_mixin.py:137} INFO - [2023-03-28T00:08:11.253+0200] {dag.py:3440} INFO - Setting next_dagrun for example_sensor_decorator to None, run_after=None
[2023-03-28T00:08:11.412+0200] {processor.py:175} INFO - Processing /home/humbulani/miniconda3/envs/apache-airflow/lib/python3.8/site-packages/airflow/example_dags/example_sensor_decorator.py took 0.238 seconds
[2023-03-28T00:09:06.378+0200] {processor.py:153} INFO - Started process (PID=22965) to work on /home/humbulani/miniconda3/envs/apache-airflow/lib/python3.8/site-packages/airflow/example_dags/example_sensor_decorator.py
[2023-03-28T00:09:06.379+0200] {processor.py:743} INFO - Processing file /home/humbulani/miniconda3/envs/apache-airflow/lib/python3.8/site-packages/airflow/example_dags/example_sensor_decorator.py for tasks to queue
[2023-03-28T00:09:06.380+0200] {logging_mixin.py:137} INFO - [2023-03-28T00:09:06.379+0200] {dagbag.py:532} INFO - Filling up the DagBag from /home/humbulani/miniconda3/envs/apache-airflow/lib/python3.8/site-packages/airflow/example_dags/example_sensor_decorator.py
[2023-03-28T00:09:06.401+0200] {processor.py:753} INFO - DAG(s) dict_keys(['example_sensor_decorator']) retrieved from /home/humbulani/miniconda3/envs/apache-airflow/lib/python3.8/site-packages/airflow/example_dags/example_sensor_decorator.py
[2023-03-28T00:09:06.417+0200] {logging_mixin.py:137} INFO - [2023-03-28T00:09:06.417+0200] {dag.py:2693} INFO - Sync 1 DAGs
[2023-03-28T00:09:06.518+0200] {logging_mixin.py:137} INFO - [2023-03-28T00:09:06.518+0200] {dag.py:3440} INFO - Setting next_dagrun for example_sensor_decorator to None, run_after=None
[2023-03-28T00:09:06.612+0200] {processor.py:175} INFO - Processing /home/humbulani/miniconda3/envs/apache-airflow/lib/python3.8/site-packages/airflow/example_dags/example_sensor_decorator.py took 0.236 seconds
[2023-03-28T00:10:05.670+0200] {processor.py:153} INFO - Started process (PID=23020) to work on /home/humbulani/miniconda3/envs/apache-airflow/lib/python3.8/site-packages/airflow/example_dags/example_sensor_decorator.py
[2023-03-28T00:10:05.670+0200] {processor.py:743} INFO - Processing file /home/humbulani/miniconda3/envs/apache-airflow/lib/python3.8/site-packages/airflow/example_dags/example_sensor_decorator.py for tasks to queue
[2023-03-28T00:10:05.671+0200] {logging_mixin.py:137} INFO - [2023-03-28T00:10:05.671+0200] {dagbag.py:532} INFO - Filling up the DagBag from /home/humbulani/miniconda3/envs/apache-airflow/lib/python3.8/site-packages/airflow/example_dags/example_sensor_decorator.py
[2023-03-28T00:10:05.690+0200] {processor.py:753} INFO - DAG(s) dict_keys(['example_sensor_decorator']) retrieved from /home/humbulani/miniconda3/envs/apache-airflow/lib/python3.8/site-packages/airflow/example_dags/example_sensor_decorator.py
[2023-03-28T00:10:05.785+0200] {logging_mixin.py:137} INFO - [2023-03-28T00:10:05.785+0200] {dag.py:2693} INFO - Sync 1 DAGs
[2023-03-28T00:10:05.801+0200] {logging_mixin.py:137} INFO - [2023-03-28T00:10:05.801+0200] {dag.py:3440} INFO - Setting next_dagrun for example_sensor_decorator to None, run_after=None
[2023-03-28T00:10:05.886+0200] {processor.py:175} INFO - Processing /home/humbulani/miniconda3/envs/apache-airflow/lib/python3.8/site-packages/airflow/example_dags/example_sensor_decorator.py took 0.219 seconds
[2023-03-28T00:11:05.705+0200] {processor.py:153} INFO - Started process (PID=23074) to work on /home/humbulani/miniconda3/envs/apache-airflow/lib/python3.8/site-packages/airflow/example_dags/example_sensor_decorator.py
[2023-03-28T00:11:05.719+0200] {processor.py:743} INFO - Processing file /home/humbulani/miniconda3/envs/apache-airflow/lib/python3.8/site-packages/airflow/example_dags/example_sensor_decorator.py for tasks to queue
[2023-03-28T00:11:05.720+0200] {logging_mixin.py:137} INFO - [2023-03-28T00:11:05.720+0200] {dagbag.py:532} INFO - Filling up the DagBag from /home/humbulani/miniconda3/envs/apache-airflow/lib/python3.8/site-packages/airflow/example_dags/example_sensor_decorator.py
[2023-03-28T00:11:05.824+0200] {processor.py:753} INFO - DAG(s) dict_keys(['example_sensor_decorator']) retrieved from /home/humbulani/miniconda3/envs/apache-airflow/lib/python3.8/site-packages/airflow/example_dags/example_sensor_decorator.py
[2023-03-28T00:11:05.837+0200] {logging_mixin.py:137} INFO - [2023-03-28T00:11:05.836+0200] {dag.py:2693} INFO - Sync 1 DAGs
[2023-03-28T00:11:05.852+0200] {logging_mixin.py:137} INFO - [2023-03-28T00:11:05.852+0200] {dag.py:3440} INFO - Setting next_dagrun for example_sensor_decorator to None, run_after=None
[2023-03-28T00:11:05.948+0200] {processor.py:175} INFO - Processing /home/humbulani/miniconda3/envs/apache-airflow/lib/python3.8/site-packages/airflow/example_dags/example_sensor_decorator.py took 0.247 seconds
[2023-03-28T00:12:14.104+0200] {processor.py:153} INFO - Started process (PID=23127) to work on /home/humbulani/miniconda3/envs/apache-airflow/lib/python3.8/site-packages/airflow/example_dags/example_sensor_decorator.py
[2023-03-28T00:12:14.119+0200] {processor.py:743} INFO - Processing file /home/humbulani/miniconda3/envs/apache-airflow/lib/python3.8/site-packages/airflow/example_dags/example_sensor_decorator.py for tasks to queue
[2023-03-28T00:12:14.120+0200] {logging_mixin.py:137} INFO - [2023-03-28T00:12:14.120+0200] {dagbag.py:532} INFO - Filling up the DagBag from /home/humbulani/miniconda3/envs/apache-airflow/lib/python3.8/site-packages/airflow/example_dags/example_sensor_decorator.py
[2023-03-28T00:12:14.225+0200] {processor.py:753} INFO - DAG(s) dict_keys(['example_sensor_decorator']) retrieved from /home/humbulani/miniconda3/envs/apache-airflow/lib/python3.8/site-packages/airflow/example_dags/example_sensor_decorator.py
[2023-03-28T00:12:14.237+0200] {logging_mixin.py:137} INFO - [2023-03-28T00:12:14.237+0200] {dag.py:2693} INFO - Sync 1 DAGs
[2023-03-28T00:12:14.253+0200] {logging_mixin.py:137} INFO - [2023-03-28T00:12:14.253+0200] {dag.py:3440} INFO - Setting next_dagrun for example_sensor_decorator to None, run_after=None
[2023-03-28T00:12:14.321+0200] {processor.py:175} INFO - Processing /home/humbulani/miniconda3/envs/apache-airflow/lib/python3.8/site-packages/airflow/example_dags/example_sensor_decorator.py took 0.219 seconds
[2023-03-28T00:13:07.240+0200] {processor.py:153} INFO - Started process (PID=23203) to work on /home/humbulani/miniconda3/envs/apache-airflow/lib/python3.8/site-packages/airflow/example_dags/example_sensor_decorator.py
[2023-03-28T00:13:07.241+0200] {processor.py:743} INFO - Processing file /home/humbulani/miniconda3/envs/apache-airflow/lib/python3.8/site-packages/airflow/example_dags/example_sensor_decorator.py for tasks to queue
[2023-03-28T00:13:07.241+0200] {logging_mixin.py:137} INFO - [2023-03-28T00:13:07.241+0200] {dagbag.py:532} INFO - Filling up the DagBag from /home/humbulani/miniconda3/envs/apache-airflow/lib/python3.8/site-packages/airflow/example_dags/example_sensor_decorator.py
[2023-03-28T00:13:07.262+0200] {processor.py:753} INFO - DAG(s) dict_keys(['example_sensor_decorator']) retrieved from /home/humbulani/miniconda3/envs/apache-airflow/lib/python3.8/site-packages/airflow/example_dags/example_sensor_decorator.py
[2023-03-28T00:13:07.279+0200] {logging_mixin.py:137} INFO - [2023-03-28T00:13:07.279+0200] {dag.py:2693} INFO - Sync 1 DAGs
[2023-03-28T00:13:07.299+0200] {logging_mixin.py:137} INFO - [2023-03-28T00:13:07.298+0200] {dag.py:3440} INFO - Setting next_dagrun for example_sensor_decorator to None, run_after=None
[2023-03-28T00:13:07.382+0200] {processor.py:175} INFO - Processing /home/humbulani/miniconda3/envs/apache-airflow/lib/python3.8/site-packages/airflow/example_dags/example_sensor_decorator.py took 0.144 seconds
[2023-03-28T00:13:50.231+0200] {processor.py:153} INFO - Started process (PID=23254) to work on /home/humbulani/miniconda3/envs/apache-airflow/lib/python3.8/site-packages/airflow/example_dags/example_sensor_decorator.py
[2023-03-28T00:13:50.242+0200] {processor.py:743} INFO - Processing file /home/humbulani/miniconda3/envs/apache-airflow/lib/python3.8/site-packages/airflow/example_dags/example_sensor_decorator.py for tasks to queue
[2023-03-28T00:13:50.243+0200] {logging_mixin.py:137} INFO - [2023-03-28T00:13:50.242+0200] {dagbag.py:532} INFO - Filling up the DagBag from /home/humbulani/miniconda3/envs/apache-airflow/lib/python3.8/site-packages/airflow/example_dags/example_sensor_decorator.py
[2023-03-28T00:13:50.266+0200] {processor.py:753} INFO - DAG(s) dict_keys(['example_sensor_decorator']) retrieved from /home/humbulani/miniconda3/envs/apache-airflow/lib/python3.8/site-packages/airflow/example_dags/example_sensor_decorator.py
[2023-03-28T00:13:50.281+0200] {logging_mixin.py:137} INFO - [2023-03-28T00:13:50.281+0200] {dag.py:2693} INFO - Sync 1 DAGs
[2023-03-28T00:13:50.298+0200] {logging_mixin.py:137} INFO - [2023-03-28T00:13:50.298+0200] {dag.py:3440} INFO - Setting next_dagrun for example_sensor_decorator to None, run_after=None
[2023-03-28T00:13:50.397+0200] {processor.py:175} INFO - Processing /home/humbulani/miniconda3/envs/apache-airflow/lib/python3.8/site-packages/airflow/example_dags/example_sensor_decorator.py took 0.169 seconds
[2023-03-28T00:14:33.996+0200] {processor.py:153} INFO - Started process (PID=23298) to work on /home/humbulani/miniconda3/envs/apache-airflow/lib/python3.8/site-packages/airflow/example_dags/example_sensor_decorator.py
[2023-03-28T00:14:34.013+0200] {processor.py:743} INFO - Processing file /home/humbulani/miniconda3/envs/apache-airflow/lib/python3.8/site-packages/airflow/example_dags/example_sensor_decorator.py for tasks to queue
[2023-03-28T00:14:34.014+0200] {logging_mixin.py:137} INFO - [2023-03-28T00:14:34.014+0200] {dagbag.py:532} INFO - Filling up the DagBag from /home/humbulani/miniconda3/envs/apache-airflow/lib/python3.8/site-packages/airflow/example_dags/example_sensor_decorator.py
[2023-03-28T00:14:34.040+0200] {processor.py:753} INFO - DAG(s) dict_keys(['example_sensor_decorator']) retrieved from /home/humbulani/miniconda3/envs/apache-airflow/lib/python3.8/site-packages/airflow/example_dags/example_sensor_decorator.py
[2023-03-28T00:14:34.057+0200] {logging_mixin.py:137} INFO - [2023-03-28T00:14:34.057+0200] {dag.py:2693} INFO - Sync 1 DAGs
[2023-03-28T00:14:34.073+0200] {logging_mixin.py:137} INFO - [2023-03-28T00:14:34.073+0200] {dag.py:3440} INFO - Setting next_dagrun for example_sensor_decorator to None, run_after=None
[2023-03-28T00:14:34.155+0200] {processor.py:175} INFO - Processing /home/humbulani/miniconda3/envs/apache-airflow/lib/python3.8/site-packages/airflow/example_dags/example_sensor_decorator.py took 0.161 seconds
[2023-03-28T00:15:22.797+0200] {processor.py:153} INFO - Started process (PID=23373) to work on /home/humbulani/miniconda3/envs/apache-airflow/lib/python3.8/site-packages/airflow/example_dags/example_sensor_decorator.py
[2023-03-28T00:15:22.813+0200] {processor.py:743} INFO - Processing file /home/humbulani/miniconda3/envs/apache-airflow/lib/python3.8/site-packages/airflow/example_dags/example_sensor_decorator.py for tasks to queue
[2023-03-28T00:15:22.814+0200] {logging_mixin.py:137} INFO - [2023-03-28T00:15:22.814+0200] {dagbag.py:532} INFO - Filling up the DagBag from /home/humbulani/miniconda3/envs/apache-airflow/lib/python3.8/site-packages/airflow/example_dags/example_sensor_decorator.py
[2023-03-28T00:15:22.835+0200] {processor.py:753} INFO - DAG(s) dict_keys(['example_sensor_decorator']) retrieved from /home/humbulani/miniconda3/envs/apache-airflow/lib/python3.8/site-packages/airflow/example_dags/example_sensor_decorator.py
[2023-03-28T00:15:22.852+0200] {logging_mixin.py:137} INFO - [2023-03-28T00:15:22.851+0200] {dag.py:2693} INFO - Sync 1 DAGs
[2023-03-28T00:15:22.870+0200] {logging_mixin.py:137} INFO - [2023-03-28T00:15:22.870+0200] {dag.py:3440} INFO - Setting next_dagrun for example_sensor_decorator to None, run_after=None
[2023-03-28T00:15:22.973+0200] {processor.py:175} INFO - Processing /home/humbulani/miniconda3/envs/apache-airflow/lib/python3.8/site-packages/airflow/example_dags/example_sensor_decorator.py took 0.178 seconds
[2023-03-28T00:16:07.812+0200] {processor.py:153} INFO - Started process (PID=23434) to work on /home/humbulani/miniconda3/envs/apache-airflow/lib/python3.8/site-packages/airflow/example_dags/example_sensor_decorator.py
[2023-03-28T00:16:07.824+0200] {processor.py:743} INFO - Processing file /home/humbulani/miniconda3/envs/apache-airflow/lib/python3.8/site-packages/airflow/example_dags/example_sensor_decorator.py for tasks to queue
[2023-03-28T00:16:07.825+0200] {logging_mixin.py:137} INFO - [2023-03-28T00:16:07.825+0200] {dagbag.py:532} INFO - Filling up the DagBag from /home/humbulani/miniconda3/envs/apache-airflow/lib/python3.8/site-packages/airflow/example_dags/example_sensor_decorator.py
[2023-03-28T00:16:07.845+0200] {processor.py:753} INFO - DAG(s) dict_keys(['example_sensor_decorator']) retrieved from /home/humbulani/miniconda3/envs/apache-airflow/lib/python3.8/site-packages/airflow/example_dags/example_sensor_decorator.py
[2023-03-28T00:16:07.860+0200] {logging_mixin.py:137} INFO - [2023-03-28T00:16:07.860+0200] {dag.py:2693} INFO - Sync 1 DAGs
[2023-03-28T00:16:07.878+0200] {logging_mixin.py:137} INFO - [2023-03-28T00:16:07.878+0200] {dag.py:3440} INFO - Setting next_dagrun for example_sensor_decorator to None, run_after=None
[2023-03-28T00:16:07.953+0200] {processor.py:175} INFO - Processing /home/humbulani/miniconda3/envs/apache-airflow/lib/python3.8/site-packages/airflow/example_dags/example_sensor_decorator.py took 0.144 seconds
[2023-03-28T00:17:03.575+0200] {processor.py:153} INFO - Started process (PID=23552) to work on /home/humbulani/miniconda3/envs/apache-airflow/lib/python3.8/site-packages/airflow/example_dags/example_sensor_decorator.py
[2023-03-28T00:17:03.591+0200] {processor.py:743} INFO - Processing file /home/humbulani/miniconda3/envs/apache-airflow/lib/python3.8/site-packages/airflow/example_dags/example_sensor_decorator.py for tasks to queue
[2023-03-28T00:17:03.592+0200] {logging_mixin.py:137} INFO - [2023-03-28T00:17:03.591+0200] {dagbag.py:532} INFO - Filling up the DagBag from /home/humbulani/miniconda3/envs/apache-airflow/lib/python3.8/site-packages/airflow/example_dags/example_sensor_decorator.py
[2023-03-28T00:17:03.614+0200] {processor.py:753} INFO - DAG(s) dict_keys(['example_sensor_decorator']) retrieved from /home/humbulani/miniconda3/envs/apache-airflow/lib/python3.8/site-packages/airflow/example_dags/example_sensor_decorator.py
[2023-03-28T00:17:03.635+0200] {logging_mixin.py:137} INFO - [2023-03-28T00:17:03.635+0200] {dag.py:2693} INFO - Sync 1 DAGs
[2023-03-28T00:17:03.655+0200] {logging_mixin.py:137} INFO - [2023-03-28T00:17:03.655+0200] {dag.py:3440} INFO - Setting next_dagrun for example_sensor_decorator to None, run_after=None
[2023-03-28T00:17:03.756+0200] {processor.py:175} INFO - Processing /home/humbulani/miniconda3/envs/apache-airflow/lib/python3.8/site-packages/airflow/example_dags/example_sensor_decorator.py took 0.183 seconds
[2023-03-28T00:17:49.234+0200] {processor.py:153} INFO - Started process (PID=23617) to work on /home/humbulani/miniconda3/envs/apache-airflow/lib/python3.8/site-packages/airflow/example_dags/example_sensor_decorator.py
[2023-03-28T00:17:49.248+0200] {processor.py:743} INFO - Processing file /home/humbulani/miniconda3/envs/apache-airflow/lib/python3.8/site-packages/airflow/example_dags/example_sensor_decorator.py for tasks to queue
[2023-03-28T00:17:49.248+0200] {logging_mixin.py:137} INFO - [2023-03-28T00:17:49.248+0200] {dagbag.py:532} INFO - Filling up the DagBag from /home/humbulani/miniconda3/envs/apache-airflow/lib/python3.8/site-packages/airflow/example_dags/example_sensor_decorator.py
[2023-03-28T00:17:49.270+0200] {processor.py:753} INFO - DAG(s) dict_keys(['example_sensor_decorator']) retrieved from /home/humbulani/miniconda3/envs/apache-airflow/lib/python3.8/site-packages/airflow/example_dags/example_sensor_decorator.py
[2023-03-28T00:17:49.289+0200] {logging_mixin.py:137} INFO - [2023-03-28T00:17:49.289+0200] {dag.py:2693} INFO - Sync 1 DAGs
[2023-03-28T00:17:49.309+0200] {logging_mixin.py:137} INFO - [2023-03-28T00:17:49.308+0200] {dag.py:3440} INFO - Setting next_dagrun for example_sensor_decorator to None, run_after=None
[2023-03-28T00:17:49.385+0200] {processor.py:175} INFO - Processing /home/humbulani/miniconda3/envs/apache-airflow/lib/python3.8/site-packages/airflow/example_dags/example_sensor_decorator.py took 0.153 seconds
[2023-03-28T00:18:33.165+0200] {processor.py:153} INFO - Started process (PID=23660) to work on /home/humbulani/miniconda3/envs/apache-airflow/lib/python3.8/site-packages/airflow/example_dags/example_sensor_decorator.py
[2023-03-28T00:18:33.178+0200] {processor.py:743} INFO - Processing file /home/humbulani/miniconda3/envs/apache-airflow/lib/python3.8/site-packages/airflow/example_dags/example_sensor_decorator.py for tasks to queue
[2023-03-28T00:18:33.178+0200] {logging_mixin.py:137} INFO - [2023-03-28T00:18:33.178+0200] {dagbag.py:532} INFO - Filling up the DagBag from /home/humbulani/miniconda3/envs/apache-airflow/lib/python3.8/site-packages/airflow/example_dags/example_sensor_decorator.py
[2023-03-28T00:18:33.203+0200] {processor.py:753} INFO - DAG(s) dict_keys(['example_sensor_decorator']) retrieved from /home/humbulani/miniconda3/envs/apache-airflow/lib/python3.8/site-packages/airflow/example_dags/example_sensor_decorator.py
[2023-03-28T00:18:33.219+0200] {logging_mixin.py:137} INFO - [2023-03-28T00:18:33.218+0200] {dag.py:2693} INFO - Sync 1 DAGs
[2023-03-28T00:18:33.236+0200] {logging_mixin.py:137} INFO - [2023-03-28T00:18:33.236+0200] {dag.py:3440} INFO - Setting next_dagrun for example_sensor_decorator to None, run_after=None
[2023-03-28T00:18:33.327+0200] {processor.py:175} INFO - Processing /home/humbulani/miniconda3/envs/apache-airflow/lib/python3.8/site-packages/airflow/example_dags/example_sensor_decorator.py took 0.165 seconds
[2023-03-28T00:19:21.016+0200] {processor.py:153} INFO - Started process (PID=23705) to work on /home/humbulani/miniconda3/envs/apache-airflow/lib/python3.8/site-packages/airflow/example_dags/example_sensor_decorator.py
[2023-03-28T00:19:21.026+0200] {processor.py:743} INFO - Processing file /home/humbulani/miniconda3/envs/apache-airflow/lib/python3.8/site-packages/airflow/example_dags/example_sensor_decorator.py for tasks to queue
[2023-03-28T00:19:21.027+0200] {logging_mixin.py:137} INFO - [2023-03-28T00:19:21.026+0200] {dagbag.py:532} INFO - Filling up the DagBag from /home/humbulani/miniconda3/envs/apache-airflow/lib/python3.8/site-packages/airflow/example_dags/example_sensor_decorator.py
[2023-03-28T00:19:21.052+0200] {processor.py:753} INFO - DAG(s) dict_keys(['example_sensor_decorator']) retrieved from /home/humbulani/miniconda3/envs/apache-airflow/lib/python3.8/site-packages/airflow/example_dags/example_sensor_decorator.py
[2023-03-28T00:19:21.068+0200] {logging_mixin.py:137} INFO - [2023-03-28T00:19:21.067+0200] {dag.py:2693} INFO - Sync 1 DAGs
[2023-03-28T00:19:21.084+0200] {logging_mixin.py:137} INFO - [2023-03-28T00:19:21.084+0200] {dag.py:3440} INFO - Setting next_dagrun for example_sensor_decorator to None, run_after=None
[2023-03-28T00:19:21.174+0200] {processor.py:175} INFO - Processing /home/humbulani/miniconda3/envs/apache-airflow/lib/python3.8/site-packages/airflow/example_dags/example_sensor_decorator.py took 0.162 seconds
[2023-03-28T00:20:09.336+0200] {processor.py:153} INFO - Started process (PID=23755) to work on /home/humbulani/miniconda3/envs/apache-airflow/lib/python3.8/site-packages/airflow/example_dags/example_sensor_decorator.py
[2023-03-28T00:20:09.357+0200] {processor.py:743} INFO - Processing file /home/humbulani/miniconda3/envs/apache-airflow/lib/python3.8/site-packages/airflow/example_dags/example_sensor_decorator.py for tasks to queue
[2023-03-28T00:20:09.358+0200] {logging_mixin.py:137} INFO - [2023-03-28T00:20:09.358+0200] {dagbag.py:532} INFO - Filling up the DagBag from /home/humbulani/miniconda3/envs/apache-airflow/lib/python3.8/site-packages/airflow/example_dags/example_sensor_decorator.py
[2023-03-28T00:20:09.383+0200] {processor.py:753} INFO - DAG(s) dict_keys(['example_sensor_decorator']) retrieved from /home/humbulani/miniconda3/envs/apache-airflow/lib/python3.8/site-packages/airflow/example_dags/example_sensor_decorator.py
[2023-03-28T00:20:09.400+0200] {logging_mixin.py:137} INFO - [2023-03-28T00:20:09.400+0200] {dag.py:2693} INFO - Sync 1 DAGs
[2023-03-28T00:20:09.418+0200] {logging_mixin.py:137} INFO - [2023-03-28T00:20:09.418+0200] {dag.py:3440} INFO - Setting next_dagrun for example_sensor_decorator to None, run_after=None
[2023-03-28T00:20:09.496+0200] {processor.py:175} INFO - Processing /home/humbulani/miniconda3/envs/apache-airflow/lib/python3.8/site-packages/airflow/example_dags/example_sensor_decorator.py took 0.163 seconds
[2023-03-28T00:21:09.769+0200] {processor.py:153} INFO - Started process (PID=23808) to work on /home/humbulani/miniconda3/envs/apache-airflow/lib/python3.8/site-packages/airflow/example_dags/example_sensor_decorator.py
[2023-03-28T00:21:09.816+0200] {processor.py:743} INFO - Processing file /home/humbulani/miniconda3/envs/apache-airflow/lib/python3.8/site-packages/airflow/example_dags/example_sensor_decorator.py for tasks to queue
[2023-03-28T00:21:09.817+0200] {logging_mixin.py:137} INFO - [2023-03-28T00:21:09.817+0200] {dagbag.py:532} INFO - Filling up the DagBag from /home/humbulani/miniconda3/envs/apache-airflow/lib/python3.8/site-packages/airflow/example_dags/example_sensor_decorator.py
[2023-03-28T00:21:09.842+0200] {processor.py:753} INFO - DAG(s) dict_keys(['example_sensor_decorator']) retrieved from /home/humbulani/miniconda3/envs/apache-airflow/lib/python3.8/site-packages/airflow/example_dags/example_sensor_decorator.py
[2023-03-28T00:21:09.862+0200] {logging_mixin.py:137} INFO - [2023-03-28T00:21:09.862+0200] {dag.py:2693} INFO - Sync 1 DAGs
[2023-03-28T00:21:09.881+0200] {logging_mixin.py:137} INFO - [2023-03-28T00:21:09.881+0200] {dag.py:3440} INFO - Setting next_dagrun for example_sensor_decorator to None, run_after=None
[2023-03-28T00:21:09.953+0200] {processor.py:175} INFO - Processing /home/humbulani/miniconda3/envs/apache-airflow/lib/python3.8/site-packages/airflow/example_dags/example_sensor_decorator.py took 0.186 seconds
[2023-03-28T00:21:57.360+0200] {processor.py:153} INFO - Started process (PID=23865) to work on /home/humbulani/miniconda3/envs/apache-airflow/lib/python3.8/site-packages/airflow/example_dags/example_sensor_decorator.py
[2023-03-28T00:21:57.372+0200] {processor.py:743} INFO - Processing file /home/humbulani/miniconda3/envs/apache-airflow/lib/python3.8/site-packages/airflow/example_dags/example_sensor_decorator.py for tasks to queue
[2023-03-28T00:21:57.372+0200] {logging_mixin.py:137} INFO - [2023-03-28T00:21:57.372+0200] {dagbag.py:532} INFO - Filling up the DagBag from /home/humbulani/miniconda3/envs/apache-airflow/lib/python3.8/site-packages/airflow/example_dags/example_sensor_decorator.py
[2023-03-28T00:21:57.398+0200] {processor.py:753} INFO - DAG(s) dict_keys(['example_sensor_decorator']) retrieved from /home/humbulani/miniconda3/envs/apache-airflow/lib/python3.8/site-packages/airflow/example_dags/example_sensor_decorator.py
[2023-03-28T00:21:57.415+0200] {logging_mixin.py:137} INFO - [2023-03-28T00:21:57.415+0200] {dag.py:2693} INFO - Sync 1 DAGs
[2023-03-28T00:21:57.432+0200] {logging_mixin.py:137} INFO - [2023-03-28T00:21:57.432+0200] {dag.py:3440} INFO - Setting next_dagrun for example_sensor_decorator to None, run_after=None
[2023-03-28T00:21:57.509+0200] {processor.py:175} INFO - Processing /home/humbulani/miniconda3/envs/apache-airflow/lib/python3.8/site-packages/airflow/example_dags/example_sensor_decorator.py took 0.152 seconds
