[2023-03-28T00:04:15.362+0200] {processor.py:153} INFO - Started process (PID=22521) to work on /home/humbulani/miniconda3/envs/apache-airflow/lib/python3.8/site-packages/airflow/example_dags/example_trigger_controller_dag.py
[2023-03-28T00:04:15.363+0200] {processor.py:743} INFO - Processing file /home/humbulani/miniconda3/envs/apache-airflow/lib/python3.8/site-packages/airflow/example_dags/example_trigger_controller_dag.py for tasks to queue
[2023-03-28T00:04:15.363+0200] {logging_mixin.py:137} INFO - [2023-03-28T00:04:15.363+0200] {dagbag.py:532} INFO - Filling up the DagBag from /home/humbulani/miniconda3/envs/apache-airflow/lib/python3.8/site-packages/airflow/example_dags/example_trigger_controller_dag.py
[2023-03-28T00:04:15.373+0200] {processor.py:753} INFO - DAG(s) dict_keys(['example_trigger_controller_dag']) retrieved from /home/humbulani/miniconda3/envs/apache-airflow/lib/python3.8/site-packages/airflow/example_dags/example_trigger_controller_dag.py
[2023-03-28T00:04:15.389+0200] {logging_mixin.py:137} INFO - [2023-03-28T00:04:15.389+0200] {dag.py:2693} INFO - Sync 1 DAGs
[2023-03-28T00:04:15.411+0200] {logging_mixin.py:137} INFO - [2023-03-28T00:04:15.411+0200] {dag.py:3440} INFO - Setting next_dagrun for example_trigger_controller_dag to 2021-01-01T00:00:00+00:00, run_after=2021-01-01T00:00:00+00:00
[2023-03-28T00:04:15.559+0200] {processor.py:175} INFO - Processing /home/humbulani/miniconda3/envs/apache-airflow/lib/python3.8/site-packages/airflow/example_dags/example_trigger_controller_dag.py took 0.199 seconds
[2023-03-28T00:05:07.108+0200] {processor.py:153} INFO - Started process (PID=22605) to work on /home/humbulani/miniconda3/envs/apache-airflow/lib/python3.8/site-packages/airflow/example_dags/example_trigger_controller_dag.py
[2023-03-28T00:05:07.134+0200] {processor.py:743} INFO - Processing file /home/humbulani/miniconda3/envs/apache-airflow/lib/python3.8/site-packages/airflow/example_dags/example_trigger_controller_dag.py for tasks to queue
[2023-03-28T00:05:07.135+0200] {logging_mixin.py:137} INFO - [2023-03-28T00:05:07.135+0200] {dagbag.py:532} INFO - Filling up the DagBag from /home/humbulani/miniconda3/envs/apache-airflow/lib/python3.8/site-packages/airflow/example_dags/example_trigger_controller_dag.py
[2023-03-28T00:05:07.147+0200] {processor.py:753} INFO - DAG(s) dict_keys(['example_trigger_controller_dag']) retrieved from /home/humbulani/miniconda3/envs/apache-airflow/lib/python3.8/site-packages/airflow/example_dags/example_trigger_controller_dag.py
[2023-03-28T00:05:07.168+0200] {logging_mixin.py:137} INFO - [2023-03-28T00:05:07.167+0200] {dag.py:2693} INFO - Sync 1 DAGs
[2023-03-28T00:05:07.187+0200] {logging_mixin.py:137} INFO - [2023-03-28T00:05:07.187+0200] {dag.py:3440} INFO - Setting next_dagrun for example_trigger_controller_dag to 2021-01-01T00:00:00+00:00, run_after=2021-01-01T00:00:00+00:00
[2023-03-28T00:05:07.269+0200] {processor.py:175} INFO - Processing /home/humbulani/miniconda3/envs/apache-airflow/lib/python3.8/site-packages/airflow/example_dags/example_trigger_controller_dag.py took 0.164 seconds
[2023-03-28T00:05:56.924+0200] {processor.py:153} INFO - Started process (PID=22721) to work on /home/humbulani/miniconda3/envs/apache-airflow/lib/python3.8/site-packages/airflow/example_dags/example_trigger_controller_dag.py
[2023-03-28T00:05:56.927+0200] {processor.py:743} INFO - Processing file /home/humbulani/miniconda3/envs/apache-airflow/lib/python3.8/site-packages/airflow/example_dags/example_trigger_controller_dag.py for tasks to queue
[2023-03-28T00:05:56.928+0200] {logging_mixin.py:137} INFO - [2023-03-28T00:05:56.928+0200] {dagbag.py:532} INFO - Filling up the DagBag from /home/humbulani/miniconda3/envs/apache-airflow/lib/python3.8/site-packages/airflow/example_dags/example_trigger_controller_dag.py
[2023-03-28T00:05:56.940+0200] {processor.py:753} INFO - DAG(s) dict_keys(['example_trigger_controller_dag']) retrieved from /home/humbulani/miniconda3/envs/apache-airflow/lib/python3.8/site-packages/airflow/example_dags/example_trigger_controller_dag.py
[2023-03-28T00:05:56.958+0200] {logging_mixin.py:137} INFO - [2023-03-28T00:05:56.958+0200] {dag.py:2693} INFO - Sync 1 DAGs
[2023-03-28T00:05:56.978+0200] {logging_mixin.py:137} INFO - [2023-03-28T00:05:56.978+0200] {dag.py:3440} INFO - Setting next_dagrun for example_trigger_controller_dag to 2021-01-01T00:00:00+00:00, run_after=2021-01-01T00:00:00+00:00
[2023-03-28T00:05:57.088+0200] {processor.py:175} INFO - Processing /home/humbulani/miniconda3/envs/apache-airflow/lib/python3.8/site-packages/airflow/example_dags/example_trigger_controller_dag.py took 0.167 seconds
[2023-03-28T00:06:42.927+0200] {processor.py:153} INFO - Started process (PID=22773) to work on /home/humbulani/miniconda3/envs/apache-airflow/lib/python3.8/site-packages/airflow/example_dags/example_trigger_controller_dag.py
[2023-03-28T00:06:42.928+0200] {processor.py:743} INFO - Processing file /home/humbulani/miniconda3/envs/apache-airflow/lib/python3.8/site-packages/airflow/example_dags/example_trigger_controller_dag.py for tasks to queue
[2023-03-28T00:06:42.929+0200] {logging_mixin.py:137} INFO - [2023-03-28T00:06:42.928+0200] {dagbag.py:532} INFO - Filling up the DagBag from /home/humbulani/miniconda3/envs/apache-airflow/lib/python3.8/site-packages/airflow/example_dags/example_trigger_controller_dag.py
[2023-03-28T00:06:42.941+0200] {processor.py:753} INFO - DAG(s) dict_keys(['example_trigger_controller_dag']) retrieved from /home/humbulani/miniconda3/envs/apache-airflow/lib/python3.8/site-packages/airflow/example_dags/example_trigger_controller_dag.py
[2023-03-28T00:06:42.957+0200] {logging_mixin.py:137} INFO - [2023-03-28T00:06:42.957+0200] {dag.py:2693} INFO - Sync 1 DAGs
[2023-03-28T00:06:42.974+0200] {logging_mixin.py:137} INFO - [2023-03-28T00:06:42.974+0200] {dag.py:3440} INFO - Setting next_dagrun for example_trigger_controller_dag to 2021-01-01T00:00:00+00:00, run_after=2021-01-01T00:00:00+00:00
[2023-03-28T00:06:43.067+0200] {processor.py:175} INFO - Processing /home/humbulani/miniconda3/envs/apache-airflow/lib/python3.8/site-packages/airflow/example_dags/example_trigger_controller_dag.py took 0.143 seconds
[2023-03-28T00:07:32.060+0200] {processor.py:153} INFO - Started process (PID=22819) to work on /home/humbulani/miniconda3/envs/apache-airflow/lib/python3.8/site-packages/airflow/example_dags/example_trigger_controller_dag.py
[2023-03-28T00:07:32.109+0200] {processor.py:743} INFO - Processing file /home/humbulani/miniconda3/envs/apache-airflow/lib/python3.8/site-packages/airflow/example_dags/example_trigger_controller_dag.py for tasks to queue
[2023-03-28T00:07:32.110+0200] {logging_mixin.py:137} INFO - [2023-03-28T00:07:32.110+0200] {dagbag.py:532} INFO - Filling up the DagBag from /home/humbulani/miniconda3/envs/apache-airflow/lib/python3.8/site-packages/airflow/example_dags/example_trigger_controller_dag.py
[2023-03-28T00:07:32.119+0200] {processor.py:753} INFO - DAG(s) dict_keys(['example_trigger_controller_dag']) retrieved from /home/humbulani/miniconda3/envs/apache-airflow/lib/python3.8/site-packages/airflow/example_dags/example_trigger_controller_dag.py
[2023-03-28T00:07:32.135+0200] {logging_mixin.py:137} INFO - [2023-03-28T00:07:32.135+0200] {dag.py:2693} INFO - Sync 1 DAGs
[2023-03-28T00:07:32.152+0200] {logging_mixin.py:137} INFO - [2023-03-28T00:07:32.151+0200] {dag.py:3440} INFO - Setting next_dagrun for example_trigger_controller_dag to 2021-01-01T00:00:00+00:00, run_after=2021-01-01T00:00:00+00:00
[2023-03-28T00:07:32.258+0200] {processor.py:175} INFO - Processing /home/humbulani/miniconda3/envs/apache-airflow/lib/python3.8/site-packages/airflow/example_dags/example_trigger_controller_dag.py took 0.200 seconds
[2023-03-28T00:08:23.893+0200] {processor.py:153} INFO - Started process (PID=22921) to work on /home/humbulani/miniconda3/envs/apache-airflow/lib/python3.8/site-packages/airflow/example_dags/example_trigger_controller_dag.py
[2023-03-28T00:08:23.904+0200] {processor.py:743} INFO - Processing file /home/humbulani/miniconda3/envs/apache-airflow/lib/python3.8/site-packages/airflow/example_dags/example_trigger_controller_dag.py for tasks to queue
[2023-03-28T00:08:23.905+0200] {logging_mixin.py:137} INFO - [2023-03-28T00:08:23.905+0200] {dagbag.py:532} INFO - Filling up the DagBag from /home/humbulani/miniconda3/envs/apache-airflow/lib/python3.8/site-packages/airflow/example_dags/example_trigger_controller_dag.py
[2023-03-28T00:08:23.917+0200] {processor.py:753} INFO - DAG(s) dict_keys(['example_trigger_controller_dag']) retrieved from /home/humbulani/miniconda3/envs/apache-airflow/lib/python3.8/site-packages/airflow/example_dags/example_trigger_controller_dag.py
[2023-03-28T00:08:23.936+0200] {logging_mixin.py:137} INFO - [2023-03-28T00:08:23.935+0200] {dag.py:2693} INFO - Sync 1 DAGs
[2023-03-28T00:08:23.953+0200] {logging_mixin.py:137} INFO - [2023-03-28T00:08:23.953+0200] {dag.py:3440} INFO - Setting next_dagrun for example_trigger_controller_dag to 2021-01-01T00:00:00+00:00, run_after=2021-01-01T00:00:00+00:00
[2023-03-28T00:08:24.030+0200] {processor.py:175} INFO - Processing /home/humbulani/miniconda3/envs/apache-airflow/lib/python3.8/site-packages/airflow/example_dags/example_trigger_controller_dag.py took 0.139 seconds
[2023-03-28T00:09:22.457+0200] {processor.py:153} INFO - Started process (PID=22981) to work on /home/humbulani/miniconda3/envs/apache-airflow/lib/python3.8/site-packages/airflow/example_dags/example_trigger_controller_dag.py
[2023-03-28T00:09:22.458+0200] {processor.py:743} INFO - Processing file /home/humbulani/miniconda3/envs/apache-airflow/lib/python3.8/site-packages/airflow/example_dags/example_trigger_controller_dag.py for tasks to queue
[2023-03-28T00:09:22.458+0200] {logging_mixin.py:137} INFO - [2023-03-28T00:09:22.458+0200] {dagbag.py:532} INFO - Filling up the DagBag from /home/humbulani/miniconda3/envs/apache-airflow/lib/python3.8/site-packages/airflow/example_dags/example_trigger_controller_dag.py
[2023-03-28T00:09:22.469+0200] {processor.py:753} INFO - DAG(s) dict_keys(['example_trigger_controller_dag']) retrieved from /home/humbulani/miniconda3/envs/apache-airflow/lib/python3.8/site-packages/airflow/example_dags/example_trigger_controller_dag.py
[2023-03-28T00:09:22.486+0200] {logging_mixin.py:137} INFO - [2023-03-28T00:09:22.486+0200] {dag.py:2693} INFO - Sync 1 DAGs
[2023-03-28T00:09:22.586+0200] {logging_mixin.py:137} INFO - [2023-03-28T00:09:22.586+0200] {dag.py:3440} INFO - Setting next_dagrun for example_trigger_controller_dag to 2021-01-01T00:00:00+00:00, run_after=2021-01-01T00:00:00+00:00
[2023-03-28T00:09:22.675+0200] {processor.py:175} INFO - Processing /home/humbulani/miniconda3/envs/apache-airflow/lib/python3.8/site-packages/airflow/example_dags/example_trigger_controller_dag.py took 0.221 seconds
[2023-03-28T00:10:23.115+0200] {processor.py:153} INFO - Started process (PID=23034) to work on /home/humbulani/miniconda3/envs/apache-airflow/lib/python3.8/site-packages/airflow/example_dags/example_trigger_controller_dag.py
[2023-03-28T00:10:23.115+0200] {processor.py:743} INFO - Processing file /home/humbulani/miniconda3/envs/apache-airflow/lib/python3.8/site-packages/airflow/example_dags/example_trigger_controller_dag.py for tasks to queue
[2023-03-28T00:10:23.116+0200] {logging_mixin.py:137} INFO - [2023-03-28T00:10:23.116+0200] {dagbag.py:532} INFO - Filling up the DagBag from /home/humbulani/miniconda3/envs/apache-airflow/lib/python3.8/site-packages/airflow/example_dags/example_trigger_controller_dag.py
[2023-03-28T00:10:23.128+0200] {processor.py:753} INFO - DAG(s) dict_keys(['example_trigger_controller_dag']) retrieved from /home/humbulani/miniconda3/envs/apache-airflow/lib/python3.8/site-packages/airflow/example_dags/example_trigger_controller_dag.py
[2023-03-28T00:10:23.147+0200] {logging_mixin.py:137} INFO - [2023-03-28T00:10:23.147+0200] {dag.py:2693} INFO - Sync 1 DAGs
[2023-03-28T00:10:23.249+0200] {logging_mixin.py:137} INFO - [2023-03-28T00:10:23.249+0200] {dag.py:3440} INFO - Setting next_dagrun for example_trigger_controller_dag to 2021-01-01T00:00:00+00:00, run_after=2021-01-01T00:00:00+00:00
[2023-03-28T00:10:23.330+0200] {processor.py:175} INFO - Processing /home/humbulani/miniconda3/envs/apache-airflow/lib/python3.8/site-packages/airflow/example_dags/example_trigger_controller_dag.py took 0.218 seconds
[2023-03-28T00:11:27.101+0200] {processor.py:153} INFO - Started process (PID=23091) to work on /home/humbulani/miniconda3/envs/apache-airflow/lib/python3.8/site-packages/airflow/example_dags/example_trigger_controller_dag.py
[2023-03-28T00:11:27.116+0200] {processor.py:743} INFO - Processing file /home/humbulani/miniconda3/envs/apache-airflow/lib/python3.8/site-packages/airflow/example_dags/example_trigger_controller_dag.py for tasks to queue
[2023-03-28T00:11:27.117+0200] {logging_mixin.py:137} INFO - [2023-03-28T00:11:27.117+0200] {dagbag.py:532} INFO - Filling up the DagBag from /home/humbulani/miniconda3/envs/apache-airflow/lib/python3.8/site-packages/airflow/example_dags/example_trigger_controller_dag.py
[2023-03-28T00:11:27.126+0200] {processor.py:753} INFO - DAG(s) dict_keys(['example_trigger_controller_dag']) retrieved from /home/humbulani/miniconda3/envs/apache-airflow/lib/python3.8/site-packages/airflow/example_dags/example_trigger_controller_dag.py
[2023-03-28T00:11:27.224+0200] {logging_mixin.py:137} INFO - [2023-03-28T00:11:27.224+0200] {dag.py:2693} INFO - Sync 1 DAGs
[2023-03-28T00:11:27.241+0200] {logging_mixin.py:137} INFO - [2023-03-28T00:11:27.240+0200] {dag.py:3440} INFO - Setting next_dagrun for example_trigger_controller_dag to 2021-01-01T00:00:00+00:00, run_after=2021-01-01T00:00:00+00:00
[2023-03-28T00:11:27.342+0200] {processor.py:175} INFO - Processing /home/humbulani/miniconda3/envs/apache-airflow/lib/python3.8/site-packages/airflow/example_dags/example_trigger_controller_dag.py took 0.244 seconds
[2023-03-28T00:12:20.098+0200] {processor.py:153} INFO - Started process (PID=23133) to work on /home/humbulani/miniconda3/envs/apache-airflow/lib/python3.8/site-packages/airflow/example_dags/example_trigger_controller_dag.py
[2023-03-28T00:12:20.111+0200] {processor.py:743} INFO - Processing file /home/humbulani/miniconda3/envs/apache-airflow/lib/python3.8/site-packages/airflow/example_dags/example_trigger_controller_dag.py for tasks to queue
[2023-03-28T00:12:20.111+0200] {logging_mixin.py:137} INFO - [2023-03-28T00:12:20.111+0200] {dagbag.py:532} INFO - Filling up the DagBag from /home/humbulani/miniconda3/envs/apache-airflow/lib/python3.8/site-packages/airflow/example_dags/example_trigger_controller_dag.py
[2023-03-28T00:12:20.205+0200] {processor.py:753} INFO - DAG(s) dict_keys(['example_trigger_controller_dag']) retrieved from /home/humbulani/miniconda3/envs/apache-airflow/lib/python3.8/site-packages/airflow/example_dags/example_trigger_controller_dag.py
[2023-03-28T00:12:20.218+0200] {logging_mixin.py:137} INFO - [2023-03-28T00:12:20.217+0200] {dag.py:2693} INFO - Sync 1 DAGs
[2023-03-28T00:12:20.233+0200] {logging_mixin.py:137} INFO - [2023-03-28T00:12:20.233+0200] {dag.py:3440} INFO - Setting next_dagrun for example_trigger_controller_dag to 2021-01-01T00:00:00+00:00, run_after=2021-01-01T00:00:00+00:00
[2023-03-28T00:12:20.478+0200] {processor.py:175} INFO - Processing /home/humbulani/miniconda3/envs/apache-airflow/lib/python3.8/site-packages/airflow/example_dags/example_trigger_controller_dag.py took 0.382 seconds
[2023-03-28T00:13:13.048+0200] {processor.py:153} INFO - Started process (PID=23212) to work on /home/humbulani/miniconda3/envs/apache-airflow/lib/python3.8/site-packages/airflow/example_dags/example_trigger_controller_dag.py
[2023-03-28T00:13:13.081+0200] {processor.py:743} INFO - Processing file /home/humbulani/miniconda3/envs/apache-airflow/lib/python3.8/site-packages/airflow/example_dags/example_trigger_controller_dag.py for tasks to queue
[2023-03-28T00:13:13.081+0200] {logging_mixin.py:137} INFO - [2023-03-28T00:13:13.081+0200] {dagbag.py:532} INFO - Filling up the DagBag from /home/humbulani/miniconda3/envs/apache-airflow/lib/python3.8/site-packages/airflow/example_dags/example_trigger_controller_dag.py
[2023-03-28T00:13:13.091+0200] {processor.py:753} INFO - DAG(s) dict_keys(['example_trigger_controller_dag']) retrieved from /home/humbulani/miniconda3/envs/apache-airflow/lib/python3.8/site-packages/airflow/example_dags/example_trigger_controller_dag.py
[2023-03-28T00:13:13.109+0200] {logging_mixin.py:137} INFO - [2023-03-28T00:13:13.109+0200] {dag.py:2693} INFO - Sync 1 DAGs
[2023-03-28T00:13:13.129+0200] {logging_mixin.py:137} INFO - [2023-03-28T00:13:13.129+0200] {dag.py:3440} INFO - Setting next_dagrun for example_trigger_controller_dag to 2021-01-01T00:00:00+00:00, run_after=2021-01-01T00:00:00+00:00
[2023-03-28T00:13:13.417+0200] {processor.py:175} INFO - Processing /home/humbulani/miniconda3/envs/apache-airflow/lib/python3.8/site-packages/airflow/example_dags/example_trigger_controller_dag.py took 0.371 seconds
[2023-03-28T00:13:56.880+0200] {processor.py:153} INFO - Started process (PID=23260) to work on /home/humbulani/miniconda3/envs/apache-airflow/lib/python3.8/site-packages/airflow/example_dags/example_trigger_controller_dag.py
[2023-03-28T00:13:56.889+0200] {processor.py:743} INFO - Processing file /home/humbulani/miniconda3/envs/apache-airflow/lib/python3.8/site-packages/airflow/example_dags/example_trigger_controller_dag.py for tasks to queue
[2023-03-28T00:13:56.890+0200] {logging_mixin.py:137} INFO - [2023-03-28T00:13:56.890+0200] {dagbag.py:532} INFO - Filling up the DagBag from /home/humbulani/miniconda3/envs/apache-airflow/lib/python3.8/site-packages/airflow/example_dags/example_trigger_controller_dag.py
[2023-03-28T00:13:56.902+0200] {processor.py:753} INFO - DAG(s) dict_keys(['example_trigger_controller_dag']) retrieved from /home/humbulani/miniconda3/envs/apache-airflow/lib/python3.8/site-packages/airflow/example_dags/example_trigger_controller_dag.py
[2023-03-28T00:13:56.921+0200] {logging_mixin.py:137} INFO - [2023-03-28T00:13:56.920+0200] {dag.py:2693} INFO - Sync 1 DAGs
[2023-03-28T00:13:56.938+0200] {logging_mixin.py:137} INFO - [2023-03-28T00:13:56.938+0200] {dag.py:3440} INFO - Setting next_dagrun for example_trigger_controller_dag to 2021-01-01T00:00:00+00:00, run_after=2021-01-01T00:00:00+00:00
[2023-03-28T00:13:57.034+0200] {processor.py:175} INFO - Processing /home/humbulani/miniconda3/envs/apache-airflow/lib/python3.8/site-packages/airflow/example_dags/example_trigger_controller_dag.py took 0.157 seconds
[2023-03-28T00:14:40.550+0200] {processor.py:153} INFO - Started process (PID=23305) to work on /home/humbulani/miniconda3/envs/apache-airflow/lib/python3.8/site-packages/airflow/example_dags/example_trigger_controller_dag.py
[2023-03-28T00:14:40.560+0200] {processor.py:743} INFO - Processing file /home/humbulani/miniconda3/envs/apache-airflow/lib/python3.8/site-packages/airflow/example_dags/example_trigger_controller_dag.py for tasks to queue
[2023-03-28T00:14:40.561+0200] {logging_mixin.py:137} INFO - [2023-03-28T00:14:40.561+0200] {dagbag.py:532} INFO - Filling up the DagBag from /home/humbulani/miniconda3/envs/apache-airflow/lib/python3.8/site-packages/airflow/example_dags/example_trigger_controller_dag.py
[2023-03-28T00:14:40.570+0200] {processor.py:753} INFO - DAG(s) dict_keys(['example_trigger_controller_dag']) retrieved from /home/humbulani/miniconda3/envs/apache-airflow/lib/python3.8/site-packages/airflow/example_dags/example_trigger_controller_dag.py
[2023-03-28T00:14:40.587+0200] {logging_mixin.py:137} INFO - [2023-03-28T00:14:40.586+0200] {dag.py:2693} INFO - Sync 1 DAGs
[2023-03-28T00:14:40.603+0200] {logging_mixin.py:137} INFO - [2023-03-28T00:14:40.603+0200] {dag.py:3440} INFO - Setting next_dagrun for example_trigger_controller_dag to 2021-01-01T00:00:00+00:00, run_after=2021-01-01T00:00:00+00:00
[2023-03-28T00:14:40.699+0200] {processor.py:175} INFO - Processing /home/humbulani/miniconda3/envs/apache-airflow/lib/python3.8/site-packages/airflow/example_dags/example_trigger_controller_dag.py took 0.151 seconds
[2023-03-28T00:15:29.606+0200] {processor.py:153} INFO - Started process (PID=23379) to work on /home/humbulani/miniconda3/envs/apache-airflow/lib/python3.8/site-packages/airflow/example_dags/example_trigger_controller_dag.py
[2023-03-28T00:15:29.618+0200] {processor.py:743} INFO - Processing file /home/humbulani/miniconda3/envs/apache-airflow/lib/python3.8/site-packages/airflow/example_dags/example_trigger_controller_dag.py for tasks to queue
[2023-03-28T00:15:29.619+0200] {logging_mixin.py:137} INFO - [2023-03-28T00:15:29.619+0200] {dagbag.py:532} INFO - Filling up the DagBag from /home/humbulani/miniconda3/envs/apache-airflow/lib/python3.8/site-packages/airflow/example_dags/example_trigger_controller_dag.py
[2023-03-28T00:15:29.629+0200] {processor.py:753} INFO - DAG(s) dict_keys(['example_trigger_controller_dag']) retrieved from /home/humbulani/miniconda3/envs/apache-airflow/lib/python3.8/site-packages/airflow/example_dags/example_trigger_controller_dag.py
[2023-03-28T00:15:29.645+0200] {logging_mixin.py:137} INFO - [2023-03-28T00:15:29.645+0200] {dag.py:2693} INFO - Sync 1 DAGs
[2023-03-28T00:15:29.663+0200] {logging_mixin.py:137} INFO - [2023-03-28T00:15:29.662+0200] {dag.py:3440} INFO - Setting next_dagrun for example_trigger_controller_dag to 2021-01-01T00:00:00+00:00, run_after=2021-01-01T00:00:00+00:00
[2023-03-28T00:15:29.759+0200] {processor.py:175} INFO - Processing /home/humbulani/miniconda3/envs/apache-airflow/lib/python3.8/site-packages/airflow/example_dags/example_trigger_controller_dag.py took 0.155 seconds
[2023-03-28T00:16:14.647+0200] {processor.py:153} INFO - Started process (PID=23444) to work on /home/humbulani/miniconda3/envs/apache-airflow/lib/python3.8/site-packages/airflow/example_dags/example_trigger_controller_dag.py
[2023-03-28T00:16:14.657+0200] {processor.py:743} INFO - Processing file /home/humbulani/miniconda3/envs/apache-airflow/lib/python3.8/site-packages/airflow/example_dags/example_trigger_controller_dag.py for tasks to queue
[2023-03-28T00:16:14.658+0200] {logging_mixin.py:137} INFO - [2023-03-28T00:16:14.658+0200] {dagbag.py:532} INFO - Filling up the DagBag from /home/humbulani/miniconda3/envs/apache-airflow/lib/python3.8/site-packages/airflow/example_dags/example_trigger_controller_dag.py
[2023-03-28T00:16:14.668+0200] {processor.py:753} INFO - DAG(s) dict_keys(['example_trigger_controller_dag']) retrieved from /home/humbulani/miniconda3/envs/apache-airflow/lib/python3.8/site-packages/airflow/example_dags/example_trigger_controller_dag.py
[2023-03-28T00:16:14.686+0200] {logging_mixin.py:137} INFO - [2023-03-28T00:16:14.685+0200] {dag.py:2693} INFO - Sync 1 DAGs
[2023-03-28T00:16:14.705+0200] {logging_mixin.py:137} INFO - [2023-03-28T00:16:14.705+0200] {dag.py:3440} INFO - Setting next_dagrun for example_trigger_controller_dag to 2021-01-01T00:00:00+00:00, run_after=2021-01-01T00:00:00+00:00
[2023-03-28T00:16:14.796+0200] {processor.py:175} INFO - Processing /home/humbulani/miniconda3/envs/apache-airflow/lib/python3.8/site-packages/airflow/example_dags/example_trigger_controller_dag.py took 0.151 seconds
[2023-03-28T00:17:09.471+0200] {processor.py:153} INFO - Started process (PID=23576) to work on /home/humbulani/miniconda3/envs/apache-airflow/lib/python3.8/site-packages/airflow/example_dags/example_trigger_controller_dag.py
[2023-03-28T00:17:09.472+0200] {processor.py:743} INFO - Processing file /home/humbulani/miniconda3/envs/apache-airflow/lib/python3.8/site-packages/airflow/example_dags/example_trigger_controller_dag.py for tasks to queue
[2023-03-28T00:17:09.472+0200] {logging_mixin.py:137} INFO - [2023-03-28T00:17:09.472+0200] {dagbag.py:532} INFO - Filling up the DagBag from /home/humbulani/miniconda3/envs/apache-airflow/lib/python3.8/site-packages/airflow/example_dags/example_trigger_controller_dag.py
[2023-03-28T00:17:09.483+0200] {processor.py:753} INFO - DAG(s) dict_keys(['example_trigger_controller_dag']) retrieved from /home/humbulani/miniconda3/envs/apache-airflow/lib/python3.8/site-packages/airflow/example_dags/example_trigger_controller_dag.py
[2023-03-28T00:17:09.502+0200] {logging_mixin.py:137} INFO - [2023-03-28T00:17:09.501+0200] {dag.py:2693} INFO - Sync 1 DAGs
[2023-03-28T00:17:09.524+0200] {logging_mixin.py:137} INFO - [2023-03-28T00:17:09.524+0200] {dag.py:3440} INFO - Setting next_dagrun for example_trigger_controller_dag to 2021-01-01T00:00:00+00:00, run_after=2021-01-01T00:00:00+00:00
[2023-03-28T00:17:09.614+0200] {processor.py:175} INFO - Processing /home/humbulani/miniconda3/envs/apache-airflow/lib/python3.8/site-packages/airflow/example_dags/example_trigger_controller_dag.py took 0.146 seconds
[2023-03-28T00:17:55.219+0200] {processor.py:153} INFO - Started process (PID=23623) to work on /home/humbulani/miniconda3/envs/apache-airflow/lib/python3.8/site-packages/airflow/example_dags/example_trigger_controller_dag.py
[2023-03-28T00:17:55.220+0200] {processor.py:743} INFO - Processing file /home/humbulani/miniconda3/envs/apache-airflow/lib/python3.8/site-packages/airflow/example_dags/example_trigger_controller_dag.py for tasks to queue
[2023-03-28T00:17:55.221+0200] {logging_mixin.py:137} INFO - [2023-03-28T00:17:55.221+0200] {dagbag.py:532} INFO - Filling up the DagBag from /home/humbulani/miniconda3/envs/apache-airflow/lib/python3.8/site-packages/airflow/example_dags/example_trigger_controller_dag.py
[2023-03-28T00:17:55.232+0200] {processor.py:753} INFO - DAG(s) dict_keys(['example_trigger_controller_dag']) retrieved from /home/humbulani/miniconda3/envs/apache-airflow/lib/python3.8/site-packages/airflow/example_dags/example_trigger_controller_dag.py
[2023-03-28T00:17:55.251+0200] {logging_mixin.py:137} INFO - [2023-03-28T00:17:55.251+0200] {dag.py:2693} INFO - Sync 1 DAGs
[2023-03-28T00:17:55.271+0200] {logging_mixin.py:137} INFO - [2023-03-28T00:17:55.271+0200] {dag.py:3440} INFO - Setting next_dagrun for example_trigger_controller_dag to 2021-01-01T00:00:00+00:00, run_after=2021-01-01T00:00:00+00:00
[2023-03-28T00:17:55.369+0200] {processor.py:175} INFO - Processing /home/humbulani/miniconda3/envs/apache-airflow/lib/python3.8/site-packages/airflow/example_dags/example_trigger_controller_dag.py took 0.152 seconds
[2023-03-28T00:18:39.733+0200] {processor.py:153} INFO - Started process (PID=23666) to work on /home/humbulani/miniconda3/envs/apache-airflow/lib/python3.8/site-packages/airflow/example_dags/example_trigger_controller_dag.py
[2023-03-28T00:18:39.743+0200] {processor.py:743} INFO - Processing file /home/humbulani/miniconda3/envs/apache-airflow/lib/python3.8/site-packages/airflow/example_dags/example_trigger_controller_dag.py for tasks to queue
[2023-03-28T00:18:39.744+0200] {logging_mixin.py:137} INFO - [2023-03-28T00:18:39.744+0200] {dagbag.py:532} INFO - Filling up the DagBag from /home/humbulani/miniconda3/envs/apache-airflow/lib/python3.8/site-packages/airflow/example_dags/example_trigger_controller_dag.py
[2023-03-28T00:18:39.756+0200] {processor.py:753} INFO - DAG(s) dict_keys(['example_trigger_controller_dag']) retrieved from /home/humbulani/miniconda3/envs/apache-airflow/lib/python3.8/site-packages/airflow/example_dags/example_trigger_controller_dag.py
[2023-03-28T00:18:39.776+0200] {logging_mixin.py:137} INFO - [2023-03-28T00:18:39.776+0200] {dag.py:2693} INFO - Sync 1 DAGs
[2023-03-28T00:18:39.792+0200] {logging_mixin.py:137} INFO - [2023-03-28T00:18:39.792+0200] {dag.py:3440} INFO - Setting next_dagrun for example_trigger_controller_dag to 2021-01-01T00:00:00+00:00, run_after=2021-01-01T00:00:00+00:00
[2023-03-28T00:18:39.877+0200] {processor.py:175} INFO - Processing /home/humbulani/miniconda3/envs/apache-airflow/lib/python3.8/site-packages/airflow/example_dags/example_trigger_controller_dag.py took 0.147 seconds
[2023-03-28T00:19:28.020+0200] {processor.py:153} INFO - Started process (PID=23711) to work on /home/humbulani/miniconda3/envs/apache-airflow/lib/python3.8/site-packages/airflow/example_dags/example_trigger_controller_dag.py
[2023-03-28T00:19:28.024+0200] {processor.py:743} INFO - Processing file /home/humbulani/miniconda3/envs/apache-airflow/lib/python3.8/site-packages/airflow/example_dags/example_trigger_controller_dag.py for tasks to queue
[2023-03-28T00:19:28.025+0200] {logging_mixin.py:137} INFO - [2023-03-28T00:19:28.025+0200] {dagbag.py:532} INFO - Filling up the DagBag from /home/humbulani/miniconda3/envs/apache-airflow/lib/python3.8/site-packages/airflow/example_dags/example_trigger_controller_dag.py
[2023-03-28T00:19:28.038+0200] {processor.py:753} INFO - DAG(s) dict_keys(['example_trigger_controller_dag']) retrieved from /home/humbulani/miniconda3/envs/apache-airflow/lib/python3.8/site-packages/airflow/example_dags/example_trigger_controller_dag.py
[2023-03-28T00:19:28.057+0200] {logging_mixin.py:137} INFO - [2023-03-28T00:19:28.057+0200] {dag.py:2693} INFO - Sync 1 DAGs
[2023-03-28T00:19:28.075+0200] {logging_mixin.py:137} INFO - [2023-03-28T00:19:28.074+0200] {dag.py:3440} INFO - Setting next_dagrun for example_trigger_controller_dag to 2021-01-01T00:00:00+00:00, run_after=2021-01-01T00:00:00+00:00
[2023-03-28T00:19:28.158+0200] {processor.py:175} INFO - Processing /home/humbulani/miniconda3/envs/apache-airflow/lib/python3.8/site-packages/airflow/example_dags/example_trigger_controller_dag.py took 0.141 seconds
[2023-03-28T00:20:16.215+0200] {processor.py:153} INFO - Started process (PID=23761) to work on /home/humbulani/miniconda3/envs/apache-airflow/lib/python3.8/site-packages/airflow/example_dags/example_trigger_controller_dag.py
[2023-03-28T00:20:16.227+0200] {processor.py:743} INFO - Processing file /home/humbulani/miniconda3/envs/apache-airflow/lib/python3.8/site-packages/airflow/example_dags/example_trigger_controller_dag.py for tasks to queue
[2023-03-28T00:20:16.228+0200] {logging_mixin.py:137} INFO - [2023-03-28T00:20:16.228+0200] {dagbag.py:532} INFO - Filling up the DagBag from /home/humbulani/miniconda3/envs/apache-airflow/lib/python3.8/site-packages/airflow/example_dags/example_trigger_controller_dag.py
[2023-03-28T00:20:16.239+0200] {processor.py:753} INFO - DAG(s) dict_keys(['example_trigger_controller_dag']) retrieved from /home/humbulani/miniconda3/envs/apache-airflow/lib/python3.8/site-packages/airflow/example_dags/example_trigger_controller_dag.py
[2023-03-28T00:20:16.257+0200] {logging_mixin.py:137} INFO - [2023-03-28T00:20:16.257+0200] {dag.py:2693} INFO - Sync 1 DAGs
[2023-03-28T00:20:16.276+0200] {logging_mixin.py:137} INFO - [2023-03-28T00:20:16.276+0200] {dag.py:3440} INFO - Setting next_dagrun for example_trigger_controller_dag to 2021-01-01T00:00:00+00:00, run_after=2021-01-01T00:00:00+00:00
[2023-03-28T00:20:16.356+0200] {processor.py:175} INFO - Processing /home/humbulani/miniconda3/envs/apache-airflow/lib/python3.8/site-packages/airflow/example_dags/example_trigger_controller_dag.py took 0.143 seconds
[2023-03-28T00:21:15.937+0200] {processor.py:153} INFO - Started process (PID=23816) to work on /home/humbulani/miniconda3/envs/apache-airflow/lib/python3.8/site-packages/airflow/example_dags/example_trigger_controller_dag.py
[2023-03-28T00:21:15.951+0200] {processor.py:743} INFO - Processing file /home/humbulani/miniconda3/envs/apache-airflow/lib/python3.8/site-packages/airflow/example_dags/example_trigger_controller_dag.py for tasks to queue
[2023-03-28T00:21:15.952+0200] {logging_mixin.py:137} INFO - [2023-03-28T00:21:15.952+0200] {dagbag.py:532} INFO - Filling up the DagBag from /home/humbulani/miniconda3/envs/apache-airflow/lib/python3.8/site-packages/airflow/example_dags/example_trigger_controller_dag.py
[2023-03-28T00:21:15.962+0200] {processor.py:753} INFO - DAG(s) dict_keys(['example_trigger_controller_dag']) retrieved from /home/humbulani/miniconda3/envs/apache-airflow/lib/python3.8/site-packages/airflow/example_dags/example_trigger_controller_dag.py
[2023-03-28T00:21:15.978+0200] {logging_mixin.py:137} INFO - [2023-03-28T00:21:15.978+0200] {dag.py:2693} INFO - Sync 1 DAGs
[2023-03-28T00:21:15.996+0200] {logging_mixin.py:137} INFO - [2023-03-28T00:21:15.996+0200] {dag.py:3440} INFO - Setting next_dagrun for example_trigger_controller_dag to 2021-01-01T00:00:00+00:00, run_after=2021-01-01T00:00:00+00:00
[2023-03-28T00:21:16.104+0200] {processor.py:175} INFO - Processing /home/humbulani/miniconda3/envs/apache-airflow/lib/python3.8/site-packages/airflow/example_dags/example_trigger_controller_dag.py took 0.169 seconds
