[2023-03-28T00:04:22.346+0200] {processor.py:153} INFO - Started process (PID=22569) to work on /home/humbulani/miniconda3/envs/apache-airflow/lib/python3.8/site-packages/airflow/example_dags/example_bash_operator.py
[2023-03-28T00:04:22.347+0200] {processor.py:743} INFO - Processing file /home/humbulani/miniconda3/envs/apache-airflow/lib/python3.8/site-packages/airflow/example_dags/example_bash_operator.py for tasks to queue
[2023-03-28T00:04:22.347+0200] {logging_mixin.py:137} INFO - [2023-03-28T00:04:22.347+0200] {dagbag.py:532} INFO - Filling up the DagBag from /home/humbulani/miniconda3/envs/apache-airflow/lib/python3.8/site-packages/airflow/example_dags/example_bash_operator.py
[2023-03-28T00:04:22.368+0200] {processor.py:753} INFO - DAG(s) dict_keys(['example_bash_operator']) retrieved from /home/humbulani/miniconda3/envs/apache-airflow/lib/python3.8/site-packages/airflow/example_dags/example_bash_operator.py
[2023-03-28T00:04:22.400+0200] {logging_mixin.py:137} INFO - [2023-03-28T00:04:22.400+0200] {dag.py:2693} INFO - Sync 1 DAGs
[2023-03-28T00:04:22.504+0200] {logging_mixin.py:137} INFO - [2023-03-28T00:04:22.504+0200] {dag.py:3440} INFO - Setting next_dagrun for example_bash_operator to 2023-03-26T00:00:00+00:00, run_after=2023-03-27T00:00:00+00:00
[2023-03-28T00:04:22.733+0200] {processor.py:175} INFO - Processing /home/humbulani/miniconda3/envs/apache-airflow/lib/python3.8/site-packages/airflow/example_dags/example_bash_operator.py took 0.389 seconds
[2023-03-28T00:05:26.271+0200] {processor.py:153} INFO - Started process (PID=22623) to work on /home/humbulani/miniconda3/envs/apache-airflow/lib/python3.8/site-packages/airflow/example_dags/example_bash_operator.py
[2023-03-28T00:05:26.272+0200] {processor.py:743} INFO - Processing file /home/humbulani/miniconda3/envs/apache-airflow/lib/python3.8/site-packages/airflow/example_dags/example_bash_operator.py for tasks to queue
[2023-03-28T00:05:26.272+0200] {logging_mixin.py:137} INFO - [2023-03-28T00:05:26.272+0200] {dagbag.py:532} INFO - Filling up the DagBag from /home/humbulani/miniconda3/envs/apache-airflow/lib/python3.8/site-packages/airflow/example_dags/example_bash_operator.py
[2023-03-28T00:05:26.291+0200] {processor.py:753} INFO - DAG(s) dict_keys(['example_bash_operator']) retrieved from /home/humbulani/miniconda3/envs/apache-airflow/lib/python3.8/site-packages/airflow/example_dags/example_bash_operator.py
[2023-03-28T00:05:26.319+0200] {logging_mixin.py:137} INFO - [2023-03-28T00:05:26.319+0200] {dag.py:2693} INFO - Sync 1 DAGs
[2023-03-28T00:05:26.338+0200] {logging_mixin.py:137} INFO - [2023-03-28T00:05:26.338+0200] {dag.py:3440} INFO - Setting next_dagrun for example_bash_operator to 2023-03-26T00:00:00+00:00, run_after=2023-03-27T00:00:00+00:00
[2023-03-28T00:05:26.428+0200] {processor.py:175} INFO - Processing /home/humbulani/miniconda3/envs/apache-airflow/lib/python3.8/site-packages/airflow/example_dags/example_bash_operator.py took 0.159 seconds
[2023-03-28T00:06:12.512+0200] {processor.py:153} INFO - Started process (PID=22743) to work on /home/humbulani/miniconda3/envs/apache-airflow/lib/python3.8/site-packages/airflow/example_dags/example_bash_operator.py
[2023-03-28T00:06:12.521+0200] {processor.py:743} INFO - Processing file /home/humbulani/miniconda3/envs/apache-airflow/lib/python3.8/site-packages/airflow/example_dags/example_bash_operator.py for tasks to queue
[2023-03-28T00:06:12.522+0200] {logging_mixin.py:137} INFO - [2023-03-28T00:06:12.522+0200] {dagbag.py:532} INFO - Filling up the DagBag from /home/humbulani/miniconda3/envs/apache-airflow/lib/python3.8/site-packages/airflow/example_dags/example_bash_operator.py
[2023-03-28T00:06:12.541+0200] {processor.py:753} INFO - DAG(s) dict_keys(['example_bash_operator']) retrieved from /home/humbulani/miniconda3/envs/apache-airflow/lib/python3.8/site-packages/airflow/example_dags/example_bash_operator.py
[2023-03-28T00:06:12.569+0200] {logging_mixin.py:137} INFO - [2023-03-28T00:06:12.569+0200] {dag.py:2693} INFO - Sync 1 DAGs
[2023-03-28T00:06:12.587+0200] {logging_mixin.py:137} INFO - [2023-03-28T00:06:12.587+0200] {dag.py:3440} INFO - Setting next_dagrun for example_bash_operator to 2023-03-26T00:00:00+00:00, run_after=2023-03-27T00:00:00+00:00
[2023-03-28T00:06:12.736+0200] {processor.py:175} INFO - Processing /home/humbulani/miniconda3/envs/apache-airflow/lib/python3.8/site-packages/airflow/example_dags/example_bash_operator.py took 0.226 seconds
[2023-03-28T00:06:57.566+0200] {processor.py:153} INFO - Started process (PID=22787) to work on /home/humbulani/miniconda3/envs/apache-airflow/lib/python3.8/site-packages/airflow/example_dags/example_bash_operator.py
[2023-03-28T00:06:57.567+0200] {processor.py:743} INFO - Processing file /home/humbulani/miniconda3/envs/apache-airflow/lib/python3.8/site-packages/airflow/example_dags/example_bash_operator.py for tasks to queue
[2023-03-28T00:06:57.567+0200] {logging_mixin.py:137} INFO - [2023-03-28T00:06:57.567+0200] {dagbag.py:532} INFO - Filling up the DagBag from /home/humbulani/miniconda3/envs/apache-airflow/lib/python3.8/site-packages/airflow/example_dags/example_bash_operator.py
[2023-03-28T00:06:57.586+0200] {processor.py:753} INFO - DAG(s) dict_keys(['example_bash_operator']) retrieved from /home/humbulani/miniconda3/envs/apache-airflow/lib/python3.8/site-packages/airflow/example_dags/example_bash_operator.py
[2023-03-28T00:06:57.614+0200] {logging_mixin.py:137} INFO - [2023-03-28T00:06:57.614+0200] {dag.py:2693} INFO - Sync 1 DAGs
[2023-03-28T00:06:57.632+0200] {logging_mixin.py:137} INFO - [2023-03-28T00:06:57.632+0200] {dag.py:3440} INFO - Setting next_dagrun for example_bash_operator to 2023-03-26T00:00:00+00:00, run_after=2023-03-27T00:00:00+00:00
[2023-03-28T00:06:57.709+0200] {processor.py:175} INFO - Processing /home/humbulani/miniconda3/envs/apache-airflow/lib/python3.8/site-packages/airflow/example_dags/example_bash_operator.py took 0.145 seconds
[2023-03-28T00:07:49.454+0200] {processor.py:153} INFO - Started process (PID=22862) to work on /home/humbulani/miniconda3/envs/apache-airflow/lib/python3.8/site-packages/airflow/example_dags/example_bash_operator.py
[2023-03-28T00:07:49.455+0200] {processor.py:743} INFO - Processing file /home/humbulani/miniconda3/envs/apache-airflow/lib/python3.8/site-packages/airflow/example_dags/example_bash_operator.py for tasks to queue
[2023-03-28T00:07:49.455+0200] {logging_mixin.py:137} INFO - [2023-03-28T00:07:49.455+0200] {dagbag.py:532} INFO - Filling up the DagBag from /home/humbulani/miniconda3/envs/apache-airflow/lib/python3.8/site-packages/airflow/example_dags/example_bash_operator.py
[2023-03-28T00:07:49.476+0200] {processor.py:753} INFO - DAG(s) dict_keys(['example_bash_operator']) retrieved from /home/humbulani/miniconda3/envs/apache-airflow/lib/python3.8/site-packages/airflow/example_dags/example_bash_operator.py
[2023-03-28T00:07:49.505+0200] {logging_mixin.py:137} INFO - [2023-03-28T00:07:49.504+0200] {dag.py:2693} INFO - Sync 1 DAGs
[2023-03-28T00:07:49.524+0200] {logging_mixin.py:137} INFO - [2023-03-28T00:07:49.523+0200] {dag.py:3440} INFO - Setting next_dagrun for example_bash_operator to 2023-03-26T00:00:00+00:00, run_after=2023-03-27T00:00:00+00:00
[2023-03-28T00:07:49.596+0200] {processor.py:175} INFO - Processing /home/humbulani/miniconda3/envs/apache-airflow/lib/python3.8/site-packages/airflow/example_dags/example_bash_operator.py took 0.144 seconds
[2023-03-28T00:08:42.332+0200] {processor.py:153} INFO - Started process (PID=22937) to work on /home/humbulani/miniconda3/envs/apache-airflow/lib/python3.8/site-packages/airflow/example_dags/example_bash_operator.py
[2023-03-28T00:08:42.344+0200] {processor.py:743} INFO - Processing file /home/humbulani/miniconda3/envs/apache-airflow/lib/python3.8/site-packages/airflow/example_dags/example_bash_operator.py for tasks to queue
[2023-03-28T00:08:42.345+0200] {logging_mixin.py:137} INFO - [2023-03-28T00:08:42.344+0200] {dagbag.py:532} INFO - Filling up the DagBag from /home/humbulani/miniconda3/envs/apache-airflow/lib/python3.8/site-packages/airflow/example_dags/example_bash_operator.py
[2023-03-28T00:08:42.364+0200] {processor.py:753} INFO - DAG(s) dict_keys(['example_bash_operator']) retrieved from /home/humbulani/miniconda3/envs/apache-airflow/lib/python3.8/site-packages/airflow/example_dags/example_bash_operator.py
[2023-03-28T00:08:42.391+0200] {logging_mixin.py:137} INFO - [2023-03-28T00:08:42.391+0200] {dag.py:2693} INFO - Sync 1 DAGs
[2023-03-28T00:08:42.489+0200] {logging_mixin.py:137} INFO - [2023-03-28T00:08:42.489+0200] {dag.py:3440} INFO - Setting next_dagrun for example_bash_operator to 2023-03-26T00:00:00+00:00, run_after=2023-03-27T00:00:00+00:00
[2023-03-28T00:08:42.573+0200] {processor.py:175} INFO - Processing /home/humbulani/miniconda3/envs/apache-airflow/lib/python3.8/site-packages/airflow/example_dags/example_bash_operator.py took 0.243 seconds
[2023-03-28T00:09:42.687+0200] {processor.py:153} INFO - Started process (PID=22999) to work on /home/humbulani/miniconda3/envs/apache-airflow/lib/python3.8/site-packages/airflow/example_dags/example_bash_operator.py
[2023-03-28T00:09:42.694+0200] {processor.py:743} INFO - Processing file /home/humbulani/miniconda3/envs/apache-airflow/lib/python3.8/site-packages/airflow/example_dags/example_bash_operator.py for tasks to queue
[2023-03-28T00:09:42.695+0200] {logging_mixin.py:137} INFO - [2023-03-28T00:09:42.695+0200] {dagbag.py:532} INFO - Filling up the DagBag from /home/humbulani/miniconda3/envs/apache-airflow/lib/python3.8/site-packages/airflow/example_dags/example_bash_operator.py
[2023-03-28T00:09:42.714+0200] {processor.py:753} INFO - DAG(s) dict_keys(['example_bash_operator']) retrieved from /home/humbulani/miniconda3/envs/apache-airflow/lib/python3.8/site-packages/airflow/example_dags/example_bash_operator.py
[2023-03-28T00:09:42.744+0200] {logging_mixin.py:137} INFO - [2023-03-28T00:09:42.743+0200] {dag.py:2693} INFO - Sync 1 DAGs
[2023-03-28T00:09:42.840+0200] {logging_mixin.py:137} INFO - [2023-03-28T00:09:42.840+0200] {dag.py:3440} INFO - Setting next_dagrun for example_bash_operator to 2023-03-26T00:00:00+00:00, run_after=2023-03-27T00:00:00+00:00
[2023-03-28T00:09:42.918+0200] {processor.py:175} INFO - Processing /home/humbulani/miniconda3/envs/apache-airflow/lib/python3.8/site-packages/airflow/example_dags/example_bash_operator.py took 0.234 seconds
[2023-03-28T00:10:43.035+0200] {processor.py:153} INFO - Started process (PID=23051) to work on /home/humbulani/miniconda3/envs/apache-airflow/lib/python3.8/site-packages/airflow/example_dags/example_bash_operator.py
[2023-03-28T00:10:43.048+0200] {processor.py:743} INFO - Processing file /home/humbulani/miniconda3/envs/apache-airflow/lib/python3.8/site-packages/airflow/example_dags/example_bash_operator.py for tasks to queue
[2023-03-28T00:10:43.049+0200] {logging_mixin.py:137} INFO - [2023-03-28T00:10:43.049+0200] {dagbag.py:532} INFO - Filling up the DagBag from /home/humbulani/miniconda3/envs/apache-airflow/lib/python3.8/site-packages/airflow/example_dags/example_bash_operator.py
[2023-03-28T00:10:43.071+0200] {processor.py:753} INFO - DAG(s) dict_keys(['example_bash_operator']) retrieved from /home/humbulani/miniconda3/envs/apache-airflow/lib/python3.8/site-packages/airflow/example_dags/example_bash_operator.py
[2023-03-28T00:10:43.179+0200] {logging_mixin.py:137} INFO - [2023-03-28T00:10:43.179+0200] {dag.py:2693} INFO - Sync 1 DAGs
[2023-03-28T00:10:43.196+0200] {logging_mixin.py:137} INFO - [2023-03-28T00:10:43.196+0200] {dag.py:3440} INFO - Setting next_dagrun for example_bash_operator to 2023-03-26T00:00:00+00:00, run_after=2023-03-27T00:00:00+00:00
[2023-03-28T00:10:43.272+0200] {processor.py:175} INFO - Processing /home/humbulani/miniconda3/envs/apache-airflow/lib/python3.8/site-packages/airflow/example_dags/example_bash_operator.py took 0.240 seconds
[2023-03-28T00:11:48.767+0200] {processor.py:153} INFO - Started process (PID=23108) to work on /home/humbulani/miniconda3/envs/apache-airflow/lib/python3.8/site-packages/airflow/example_dags/example_bash_operator.py
[2023-03-28T00:11:48.777+0200] {processor.py:743} INFO - Processing file /home/humbulani/miniconda3/envs/apache-airflow/lib/python3.8/site-packages/airflow/example_dags/example_bash_operator.py for tasks to queue
[2023-03-28T00:11:48.778+0200] {logging_mixin.py:137} INFO - [2023-03-28T00:11:48.778+0200] {dagbag.py:532} INFO - Filling up the DagBag from /home/humbulani/miniconda3/envs/apache-airflow/lib/python3.8/site-packages/airflow/example_dags/example_bash_operator.py
[2023-03-28T00:11:48.884+0200] {processor.py:753} INFO - DAG(s) dict_keys(['example_bash_operator']) retrieved from /home/humbulani/miniconda3/envs/apache-airflow/lib/python3.8/site-packages/airflow/example_dags/example_bash_operator.py
[2023-03-28T00:11:48.910+0200] {logging_mixin.py:137} INFO - [2023-03-28T00:11:48.910+0200] {dag.py:2693} INFO - Sync 1 DAGs
[2023-03-28T00:11:48.927+0200] {logging_mixin.py:137} INFO - [2023-03-28T00:11:48.927+0200] {dag.py:3440} INFO - Setting next_dagrun for example_bash_operator to 2023-03-26T00:00:00+00:00, run_after=2023-03-27T00:00:00+00:00
[2023-03-28T00:11:49.011+0200] {processor.py:175} INFO - Processing /home/humbulani/miniconda3/envs/apache-airflow/lib/python3.8/site-packages/airflow/example_dags/example_bash_operator.py took 0.247 seconds
[2023-03-28T00:12:39.525+0200] {processor.py:153} INFO - Started process (PID=23152) to work on /home/humbulani/miniconda3/envs/apache-airflow/lib/python3.8/site-packages/airflow/example_dags/example_bash_operator.py
[2023-03-28T00:12:39.526+0200] {processor.py:743} INFO - Processing file /home/humbulani/miniconda3/envs/apache-airflow/lib/python3.8/site-packages/airflow/example_dags/example_bash_operator.py for tasks to queue
[2023-03-28T00:12:39.526+0200] {logging_mixin.py:137} INFO - [2023-03-28T00:12:39.526+0200] {dagbag.py:532} INFO - Filling up the DagBag from /home/humbulani/miniconda3/envs/apache-airflow/lib/python3.8/site-packages/airflow/example_dags/example_bash_operator.py
[2023-03-28T00:12:39.548+0200] {processor.py:753} INFO - DAG(s) dict_keys(['example_bash_operator']) retrieved from /home/humbulani/miniconda3/envs/apache-airflow/lib/python3.8/site-packages/airflow/example_dags/example_bash_operator.py
[2023-03-28T00:12:39.577+0200] {logging_mixin.py:137} INFO - [2023-03-28T00:12:39.577+0200] {dag.py:2693} INFO - Sync 1 DAGs
[2023-03-28T00:12:39.597+0200] {logging_mixin.py:137} INFO - [2023-03-28T00:12:39.597+0200] {dag.py:3440} INFO - Setting next_dagrun for example_bash_operator to 2023-03-26T00:00:00+00:00, run_after=2023-03-27T00:00:00+00:00
[2023-03-28T00:12:39.680+0200] {processor.py:175} INFO - Processing /home/humbulani/miniconda3/envs/apache-airflow/lib/python3.8/site-packages/airflow/example_dags/example_bash_operator.py took 0.158 seconds
[2023-03-28T00:13:26.291+0200] {processor.py:153} INFO - Started process (PID=23224) to work on /home/humbulani/miniconda3/envs/apache-airflow/lib/python3.8/site-packages/airflow/example_dags/example_bash_operator.py
[2023-03-28T00:13:26.292+0200] {processor.py:743} INFO - Processing file /home/humbulani/miniconda3/envs/apache-airflow/lib/python3.8/site-packages/airflow/example_dags/example_bash_operator.py for tasks to queue
[2023-03-28T00:13:26.292+0200] {logging_mixin.py:137} INFO - [2023-03-28T00:13:26.292+0200] {dagbag.py:532} INFO - Filling up the DagBag from /home/humbulani/miniconda3/envs/apache-airflow/lib/python3.8/site-packages/airflow/example_dags/example_bash_operator.py
[2023-03-28T00:13:26.311+0200] {processor.py:753} INFO - DAG(s) dict_keys(['example_bash_operator']) retrieved from /home/humbulani/miniconda3/envs/apache-airflow/lib/python3.8/site-packages/airflow/example_dags/example_bash_operator.py
[2023-03-28T00:13:26.339+0200] {logging_mixin.py:137} INFO - [2023-03-28T00:13:26.339+0200] {dag.py:2693} INFO - Sync 1 DAGs
[2023-03-28T00:13:26.358+0200] {logging_mixin.py:137} INFO - [2023-03-28T00:13:26.358+0200] {dag.py:3440} INFO - Setting next_dagrun for example_bash_operator to 2023-03-26T00:00:00+00:00, run_after=2023-03-27T00:00:00+00:00
[2023-03-28T00:13:26.441+0200] {processor.py:175} INFO - Processing /home/humbulani/miniconda3/envs/apache-airflow/lib/python3.8/site-packages/airflow/example_dags/example_bash_operator.py took 0.152 seconds
[2023-03-28T00:14:09.423+0200] {processor.py:153} INFO - Started process (PID=23274) to work on /home/humbulani/miniconda3/envs/apache-airflow/lib/python3.8/site-packages/airflow/example_dags/example_bash_operator.py
[2023-03-28T00:14:09.434+0200] {processor.py:743} INFO - Processing file /home/humbulani/miniconda3/envs/apache-airflow/lib/python3.8/site-packages/airflow/example_dags/example_bash_operator.py for tasks to queue
[2023-03-28T00:14:09.434+0200] {logging_mixin.py:137} INFO - [2023-03-28T00:14:09.434+0200] {dagbag.py:532} INFO - Filling up the DagBag from /home/humbulani/miniconda3/envs/apache-airflow/lib/python3.8/site-packages/airflow/example_dags/example_bash_operator.py
[2023-03-28T00:14:09.459+0200] {processor.py:753} INFO - DAG(s) dict_keys(['example_bash_operator']) retrieved from /home/humbulani/miniconda3/envs/apache-airflow/lib/python3.8/site-packages/airflow/example_dags/example_bash_operator.py
[2023-03-28T00:14:09.488+0200] {logging_mixin.py:137} INFO - [2023-03-28T00:14:09.487+0200] {dag.py:2693} INFO - Sync 1 DAGs
[2023-03-28T00:14:09.506+0200] {logging_mixin.py:137} INFO - [2023-03-28T00:14:09.505+0200] {dag.py:3440} INFO - Setting next_dagrun for example_bash_operator to 2023-03-26T00:00:00+00:00, run_after=2023-03-27T00:00:00+00:00
[2023-03-28T00:14:09.585+0200] {processor.py:175} INFO - Processing /home/humbulani/miniconda3/envs/apache-airflow/lib/python3.8/site-packages/airflow/example_dags/example_bash_operator.py took 0.165 seconds
[2023-03-28T00:14:57.864+0200] {processor.py:153} INFO - Started process (PID=23323) to work on /home/humbulani/miniconda3/envs/apache-airflow/lib/python3.8/site-packages/airflow/example_dags/example_bash_operator.py
[2023-03-28T00:14:57.865+0200] {processor.py:743} INFO - Processing file /home/humbulani/miniconda3/envs/apache-airflow/lib/python3.8/site-packages/airflow/example_dags/example_bash_operator.py for tasks to queue
[2023-03-28T00:14:57.865+0200] {logging_mixin.py:137} INFO - [2023-03-28T00:14:57.865+0200] {dagbag.py:532} INFO - Filling up the DagBag from /home/humbulani/miniconda3/envs/apache-airflow/lib/python3.8/site-packages/airflow/example_dags/example_bash_operator.py
[2023-03-28T00:14:57.885+0200] {processor.py:753} INFO - DAG(s) dict_keys(['example_bash_operator']) retrieved from /home/humbulani/miniconda3/envs/apache-airflow/lib/python3.8/site-packages/airflow/example_dags/example_bash_operator.py
[2023-03-28T00:14:57.913+0200] {logging_mixin.py:137} INFO - [2023-03-28T00:14:57.913+0200] {dag.py:2693} INFO - Sync 1 DAGs
[2023-03-28T00:14:57.932+0200] {logging_mixin.py:137} INFO - [2023-03-28T00:14:57.932+0200] {dag.py:3440} INFO - Setting next_dagrun for example_bash_operator to 2023-03-26T00:00:00+00:00, run_after=2023-03-27T00:00:00+00:00
[2023-03-28T00:14:58.033+0200] {processor.py:175} INFO - Processing /home/humbulani/miniconda3/envs/apache-airflow/lib/python3.8/site-packages/airflow/example_dags/example_bash_operator.py took 0.172 seconds
[2023-03-28T00:15:44.363+0200] {processor.py:153} INFO - Started process (PID=23395) to work on /home/humbulani/miniconda3/envs/apache-airflow/lib/python3.8/site-packages/airflow/example_dags/example_bash_operator.py
[2023-03-28T00:15:44.377+0200] {processor.py:743} INFO - Processing file /home/humbulani/miniconda3/envs/apache-airflow/lib/python3.8/site-packages/airflow/example_dags/example_bash_operator.py for tasks to queue
[2023-03-28T00:15:44.378+0200] {logging_mixin.py:137} INFO - [2023-03-28T00:15:44.377+0200] {dagbag.py:532} INFO - Filling up the DagBag from /home/humbulani/miniconda3/envs/apache-airflow/lib/python3.8/site-packages/airflow/example_dags/example_bash_operator.py
[2023-03-28T00:15:44.397+0200] {processor.py:753} INFO - DAG(s) dict_keys(['example_bash_operator']) retrieved from /home/humbulani/miniconda3/envs/apache-airflow/lib/python3.8/site-packages/airflow/example_dags/example_bash_operator.py
[2023-03-28T00:15:44.425+0200] {logging_mixin.py:137} INFO - [2023-03-28T00:15:44.425+0200] {dag.py:2693} INFO - Sync 1 DAGs
[2023-03-28T00:15:44.443+0200] {logging_mixin.py:137} INFO - [2023-03-28T00:15:44.443+0200] {dag.py:3440} INFO - Setting next_dagrun for example_bash_operator to 2023-03-26T00:00:00+00:00, run_after=2023-03-27T00:00:00+00:00
[2023-03-28T00:15:44.526+0200] {processor.py:175} INFO - Processing /home/humbulani/miniconda3/envs/apache-airflow/lib/python3.8/site-packages/airflow/example_dags/example_bash_operator.py took 0.165 seconds
[2023-03-28T00:16:33.879+0200] {processor.py:153} INFO - Started process (PID=23463) to work on /home/humbulani/miniconda3/envs/apache-airflow/lib/python3.8/site-packages/airflow/example_dags/example_bash_operator.py
[2023-03-28T00:16:33.886+0200] {processor.py:743} INFO - Processing file /home/humbulani/miniconda3/envs/apache-airflow/lib/python3.8/site-packages/airflow/example_dags/example_bash_operator.py for tasks to queue
[2023-03-28T00:16:33.886+0200] {logging_mixin.py:137} INFO - [2023-03-28T00:16:33.886+0200] {dagbag.py:532} INFO - Filling up the DagBag from /home/humbulani/miniconda3/envs/apache-airflow/lib/python3.8/site-packages/airflow/example_dags/example_bash_operator.py
[2023-03-28T00:16:33.905+0200] {processor.py:753} INFO - DAG(s) dict_keys(['example_bash_operator']) retrieved from /home/humbulani/miniconda3/envs/apache-airflow/lib/python3.8/site-packages/airflow/example_dags/example_bash_operator.py
[2023-03-28T00:16:33.932+0200] {logging_mixin.py:137} INFO - [2023-03-28T00:16:33.932+0200] {dag.py:2693} INFO - Sync 1 DAGs
[2023-03-28T00:16:33.951+0200] {logging_mixin.py:137} INFO - [2023-03-28T00:16:33.951+0200] {dag.py:3440} INFO - Setting next_dagrun for example_bash_operator to 2023-03-26T00:00:00+00:00, run_after=2023-03-27T00:00:00+00:00
[2023-03-28T00:16:34.041+0200] {processor.py:175} INFO - Processing /home/humbulani/miniconda3/envs/apache-airflow/lib/python3.8/site-packages/airflow/example_dags/example_bash_operator.py took 0.164 seconds
[2023-03-28T00:17:26.050+0200] {processor.py:153} INFO - Started process (PID=23593) to work on /home/humbulani/miniconda3/envs/apache-airflow/lib/python3.8/site-packages/airflow/example_dags/example_bash_operator.py
[2023-03-28T00:17:26.060+0200] {processor.py:743} INFO - Processing file /home/humbulani/miniconda3/envs/apache-airflow/lib/python3.8/site-packages/airflow/example_dags/example_bash_operator.py for tasks to queue
[2023-03-28T00:17:26.061+0200] {logging_mixin.py:137} INFO - [2023-03-28T00:17:26.061+0200] {dagbag.py:532} INFO - Filling up the DagBag from /home/humbulani/miniconda3/envs/apache-airflow/lib/python3.8/site-packages/airflow/example_dags/example_bash_operator.py
[2023-03-28T00:17:26.081+0200] {processor.py:753} INFO - DAG(s) dict_keys(['example_bash_operator']) retrieved from /home/humbulani/miniconda3/envs/apache-airflow/lib/python3.8/site-packages/airflow/example_dags/example_bash_operator.py
[2023-03-28T00:17:26.111+0200] {logging_mixin.py:137} INFO - [2023-03-28T00:17:26.111+0200] {dag.py:2693} INFO - Sync 1 DAGs
[2023-03-28T00:17:26.131+0200] {logging_mixin.py:137} INFO - [2023-03-28T00:17:26.131+0200] {dag.py:3440} INFO - Setting next_dagrun for example_bash_operator to 2023-03-26T00:00:00+00:00, run_after=2023-03-27T00:00:00+00:00
[2023-03-28T00:17:26.217+0200] {processor.py:175} INFO - Processing /home/humbulani/miniconda3/envs/apache-airflow/lib/python3.8/site-packages/airflow/example_dags/example_bash_operator.py took 0.169 seconds
[2023-03-28T00:18:10.472+0200] {processor.py:153} INFO - Started process (PID=23639) to work on /home/humbulani/miniconda3/envs/apache-airflow/lib/python3.8/site-packages/airflow/example_dags/example_bash_operator.py
[2023-03-28T00:18:10.483+0200] {processor.py:743} INFO - Processing file /home/humbulani/miniconda3/envs/apache-airflow/lib/python3.8/site-packages/airflow/example_dags/example_bash_operator.py for tasks to queue
[2023-03-28T00:18:10.484+0200] {logging_mixin.py:137} INFO - [2023-03-28T00:18:10.484+0200] {dagbag.py:532} INFO - Filling up the DagBag from /home/humbulani/miniconda3/envs/apache-airflow/lib/python3.8/site-packages/airflow/example_dags/example_bash_operator.py
[2023-03-28T00:18:10.503+0200] {processor.py:753} INFO - DAG(s) dict_keys(['example_bash_operator']) retrieved from /home/humbulani/miniconda3/envs/apache-airflow/lib/python3.8/site-packages/airflow/example_dags/example_bash_operator.py
[2023-03-28T00:18:10.531+0200] {logging_mixin.py:137} INFO - [2023-03-28T00:18:10.531+0200] {dag.py:2693} INFO - Sync 1 DAGs
[2023-03-28T00:18:10.549+0200] {logging_mixin.py:137} INFO - [2023-03-28T00:18:10.549+0200] {dag.py:3440} INFO - Setting next_dagrun for example_bash_operator to 2023-03-26T00:00:00+00:00, run_after=2023-03-27T00:00:00+00:00
[2023-03-28T00:18:10.630+0200] {processor.py:175} INFO - Processing /home/humbulani/miniconda3/envs/apache-airflow/lib/python3.8/site-packages/airflow/example_dags/example_bash_operator.py took 0.161 seconds
[2023-03-28T00:18:54.380+0200] {processor.py:153} INFO - Started process (PID=23680) to work on /home/humbulani/miniconda3/envs/apache-airflow/lib/python3.8/site-packages/airflow/example_dags/example_bash_operator.py
[2023-03-28T00:18:54.394+0200] {processor.py:743} INFO - Processing file /home/humbulani/miniconda3/envs/apache-airflow/lib/python3.8/site-packages/airflow/example_dags/example_bash_operator.py for tasks to queue
[2023-03-28T00:18:54.395+0200] {logging_mixin.py:137} INFO - [2023-03-28T00:18:54.395+0200] {dagbag.py:532} INFO - Filling up the DagBag from /home/humbulani/miniconda3/envs/apache-airflow/lib/python3.8/site-packages/airflow/example_dags/example_bash_operator.py
[2023-03-28T00:18:54.417+0200] {processor.py:753} INFO - DAG(s) dict_keys(['example_bash_operator']) retrieved from /home/humbulani/miniconda3/envs/apache-airflow/lib/python3.8/site-packages/airflow/example_dags/example_bash_operator.py
[2023-03-28T00:18:54.444+0200] {logging_mixin.py:137} INFO - [2023-03-28T00:18:54.444+0200] {dag.py:2693} INFO - Sync 1 DAGs
[2023-03-28T00:18:54.463+0200] {logging_mixin.py:137} INFO - [2023-03-28T00:18:54.462+0200] {dag.py:3440} INFO - Setting next_dagrun for example_bash_operator to 2023-03-26T00:00:00+00:00, run_after=2023-03-27T00:00:00+00:00
[2023-03-28T00:18:54.552+0200] {processor.py:175} INFO - Processing /home/humbulani/miniconda3/envs/apache-airflow/lib/python3.8/site-packages/airflow/example_dags/example_bash_operator.py took 0.176 seconds
[2023-03-28T00:19:40.668+0200] {processor.py:153} INFO - Started process (PID=23725) to work on /home/humbulani/miniconda3/envs/apache-airflow/lib/python3.8/site-packages/airflow/example_dags/example_bash_operator.py
[2023-03-28T00:19:40.684+0200] {processor.py:743} INFO - Processing file /home/humbulani/miniconda3/envs/apache-airflow/lib/python3.8/site-packages/airflow/example_dags/example_bash_operator.py for tasks to queue
[2023-03-28T00:19:40.684+0200] {logging_mixin.py:137} INFO - [2023-03-28T00:19:40.684+0200] {dagbag.py:532} INFO - Filling up the DagBag from /home/humbulani/miniconda3/envs/apache-airflow/lib/python3.8/site-packages/airflow/example_dags/example_bash_operator.py
[2023-03-28T00:19:40.704+0200] {processor.py:753} INFO - DAG(s) dict_keys(['example_bash_operator']) retrieved from /home/humbulani/miniconda3/envs/apache-airflow/lib/python3.8/site-packages/airflow/example_dags/example_bash_operator.py
[2023-03-28T00:19:40.731+0200] {logging_mixin.py:137} INFO - [2023-03-28T00:19:40.731+0200] {dag.py:2693} INFO - Sync 1 DAGs
[2023-03-28T00:19:40.751+0200] {logging_mixin.py:137} INFO - [2023-03-28T00:19:40.751+0200] {dag.py:3440} INFO - Setting next_dagrun for example_bash_operator to 2023-03-26T00:00:00+00:00, run_after=2023-03-27T00:00:00+00:00
[2023-03-28T00:19:40.826+0200] {processor.py:175} INFO - Processing /home/humbulani/miniconda3/envs/apache-airflow/lib/python3.8/site-packages/airflow/example_dags/example_bash_operator.py took 0.160 seconds
[2023-03-28T00:20:33.435+0200] {processor.py:153} INFO - Started process (PID=23777) to work on /home/humbulani/miniconda3/envs/apache-airflow/lib/python3.8/site-packages/airflow/example_dags/example_bash_operator.py
[2023-03-28T00:20:33.449+0200] {processor.py:743} INFO - Processing file /home/humbulani/miniconda3/envs/apache-airflow/lib/python3.8/site-packages/airflow/example_dags/example_bash_operator.py for tasks to queue
[2023-03-28T00:20:33.450+0200] {logging_mixin.py:137} INFO - [2023-03-28T00:20:33.449+0200] {dagbag.py:532} INFO - Filling up the DagBag from /home/humbulani/miniconda3/envs/apache-airflow/lib/python3.8/site-packages/airflow/example_dags/example_bash_operator.py
[2023-03-28T00:20:33.474+0200] {processor.py:753} INFO - DAG(s) dict_keys(['example_bash_operator']) retrieved from /home/humbulani/miniconda3/envs/apache-airflow/lib/python3.8/site-packages/airflow/example_dags/example_bash_operator.py
[2023-03-28T00:20:33.503+0200] {logging_mixin.py:137} INFO - [2023-03-28T00:20:33.502+0200] {dag.py:2693} INFO - Sync 1 DAGs
[2023-03-28T00:20:33.522+0200] {logging_mixin.py:137} INFO - [2023-03-28T00:20:33.522+0200] {dag.py:3440} INFO - Setting next_dagrun for example_bash_operator to 2023-03-26T00:00:00+00:00, run_after=2023-03-27T00:00:00+00:00
[2023-03-28T00:20:33.607+0200] {processor.py:175} INFO - Processing /home/humbulani/miniconda3/envs/apache-airflow/lib/python3.8/site-packages/airflow/example_dags/example_bash_operator.py took 0.174 seconds
[2023-03-28T00:21:37.630+0200] {processor.py:153} INFO - Started process (PID=23847) to work on /home/humbulani/miniconda3/envs/apache-airflow/lib/python3.8/site-packages/airflow/example_dags/example_bash_operator.py
[2023-03-28T00:21:37.641+0200] {processor.py:743} INFO - Processing file /home/humbulani/miniconda3/envs/apache-airflow/lib/python3.8/site-packages/airflow/example_dags/example_bash_operator.py for tasks to queue
[2023-03-28T00:21:37.642+0200] {logging_mixin.py:137} INFO - [2023-03-28T00:21:37.641+0200] {dagbag.py:532} INFO - Filling up the DagBag from /home/humbulani/miniconda3/envs/apache-airflow/lib/python3.8/site-packages/airflow/example_dags/example_bash_operator.py
[2023-03-28T00:21:37.669+0200] {processor.py:753} INFO - DAG(s) dict_keys(['example_bash_operator']) retrieved from /home/humbulani/miniconda3/envs/apache-airflow/lib/python3.8/site-packages/airflow/example_dags/example_bash_operator.py
[2023-03-28T00:21:37.709+0200] {logging_mixin.py:137} INFO - [2023-03-28T00:21:37.709+0200] {dag.py:2693} INFO - Sync 1 DAGs
[2023-03-28T00:21:37.738+0200] {logging_mixin.py:137} INFO - [2023-03-28T00:21:37.738+0200] {dag.py:3440} INFO - Setting next_dagrun for example_bash_operator to 2023-03-26T00:00:00+00:00, run_after=2023-03-27T00:00:00+00:00
[2023-03-28T00:21:37.842+0200] {processor.py:175} INFO - Processing /home/humbulani/miniconda3/envs/apache-airflow/lib/python3.8/site-packages/airflow/example_dags/example_bash_operator.py took 0.214 seconds
