[2023-03-28T00:03:44.301+0200] {processor.py:153} INFO - Started process (PID=22487) to work on /home/humbulani/miniconda3/envs/apache-airflow/lib/python3.8/site-packages/airflow/example_dags/tutorial_taskflow_api.py
[2023-03-28T00:03:44.301+0200] {processor.py:743} INFO - Processing file /home/humbulani/miniconda3/envs/apache-airflow/lib/python3.8/site-packages/airflow/example_dags/tutorial_taskflow_api.py for tasks to queue
[2023-03-28T00:03:44.302+0200] {logging_mixin.py:137} INFO - [2023-03-28T00:03:44.302+0200] {dagbag.py:532} INFO - Filling up the DagBag from /home/humbulani/miniconda3/envs/apache-airflow/lib/python3.8/site-packages/airflow/example_dags/tutorial_taskflow_api.py
[2023-03-28T00:03:44.325+0200] {processor.py:753} INFO - DAG(s) dict_keys(['tutorial_taskflow_api']) retrieved from /home/humbulani/miniconda3/envs/apache-airflow/lib/python3.8/site-packages/airflow/example_dags/tutorial_taskflow_api.py
[2023-03-28T00:03:44.342+0200] {logging_mixin.py:137} INFO - [2023-03-28T00:03:44.342+0200] {dag.py:2693} INFO - Sync 1 DAGs
[2023-03-28T00:03:44.361+0200] {logging_mixin.py:137} INFO - [2023-03-28T00:03:44.361+0200] {dag.py:3440} INFO - Setting next_dagrun for tutorial_taskflow_api to None, run_after=None
[2023-03-28T00:03:44.440+0200] {processor.py:175} INFO - Processing /home/humbulani/miniconda3/envs/apache-airflow/lib/python3.8/site-packages/airflow/example_dags/tutorial_taskflow_api.py took 0.141 seconds
[2023-03-28T00:04:32.838+0200] {processor.py:153} INFO - Started process (PID=22577) to work on /home/humbulani/miniconda3/envs/apache-airflow/lib/python3.8/site-packages/airflow/example_dags/tutorial_taskflow_api.py
[2023-03-28T00:04:32.838+0200] {processor.py:743} INFO - Processing file /home/humbulani/miniconda3/envs/apache-airflow/lib/python3.8/site-packages/airflow/example_dags/tutorial_taskflow_api.py for tasks to queue
[2023-03-28T00:04:32.839+0200] {logging_mixin.py:137} INFO - [2023-03-28T00:04:32.839+0200] {dagbag.py:532} INFO - Filling up the DagBag from /home/humbulani/miniconda3/envs/apache-airflow/lib/python3.8/site-packages/airflow/example_dags/tutorial_taskflow_api.py
[2023-03-28T00:04:32.859+0200] {processor.py:753} INFO - DAG(s) dict_keys(['tutorial_taskflow_api']) retrieved from /home/humbulani/miniconda3/envs/apache-airflow/lib/python3.8/site-packages/airflow/example_dags/tutorial_taskflow_api.py
[2023-03-28T00:04:32.877+0200] {logging_mixin.py:137} INFO - [2023-03-28T00:04:32.877+0200] {dag.py:2693} INFO - Sync 1 DAGs
[2023-03-28T00:04:32.896+0200] {logging_mixin.py:137} INFO - [2023-03-28T00:04:32.896+0200] {dag.py:3440} INFO - Setting next_dagrun for tutorial_taskflow_api to None, run_after=None
[2023-03-28T00:04:32.968+0200] {processor.py:175} INFO - Processing /home/humbulani/miniconda3/envs/apache-airflow/lib/python3.8/site-packages/airflow/example_dags/tutorial_taskflow_api.py took 0.133 seconds
[2023-03-28T00:05:15.246+0200] {processor.py:153} INFO - Started process (PID=22612) to work on /home/humbulani/miniconda3/envs/apache-airflow/lib/python3.8/site-packages/airflow/example_dags/tutorial_taskflow_api.py
[2023-03-28T00:05:15.246+0200] {processor.py:743} INFO - Processing file /home/humbulani/miniconda3/envs/apache-airflow/lib/python3.8/site-packages/airflow/example_dags/tutorial_taskflow_api.py for tasks to queue
[2023-03-28T00:05:15.247+0200] {logging_mixin.py:137} INFO - [2023-03-28T00:05:15.247+0200] {dagbag.py:532} INFO - Filling up the DagBag from /home/humbulani/miniconda3/envs/apache-airflow/lib/python3.8/site-packages/airflow/example_dags/tutorial_taskflow_api.py
[2023-03-28T00:05:15.266+0200] {processor.py:753} INFO - DAG(s) dict_keys(['tutorial_taskflow_api']) retrieved from /home/humbulani/miniconda3/envs/apache-airflow/lib/python3.8/site-packages/airflow/example_dags/tutorial_taskflow_api.py
[2023-03-28T00:05:15.282+0200] {logging_mixin.py:137} INFO - [2023-03-28T00:05:15.282+0200] {dag.py:2693} INFO - Sync 1 DAGs
[2023-03-28T00:05:15.300+0200] {logging_mixin.py:137} INFO - [2023-03-28T00:05:15.300+0200] {dag.py:3440} INFO - Setting next_dagrun for tutorial_taskflow_api to None, run_after=None
[2023-03-28T00:05:15.369+0200] {processor.py:175} INFO - Processing /home/humbulani/miniconda3/envs/apache-airflow/lib/python3.8/site-packages/airflow/example_dags/tutorial_taskflow_api.py took 0.125 seconds
[2023-03-28T00:05:49.703+0200] {processor.py:153} INFO - Started process (PID=22690) to work on /home/humbulani/miniconda3/envs/apache-airflow/lib/python3.8/site-packages/airflow/example_dags/tutorial_taskflow_api.py
[2023-03-28T00:05:49.704+0200] {processor.py:743} INFO - Processing file /home/humbulani/miniconda3/envs/apache-airflow/lib/python3.8/site-packages/airflow/example_dags/tutorial_taskflow_api.py for tasks to queue
[2023-03-28T00:05:49.705+0200] {logging_mixin.py:137} INFO - [2023-03-28T00:05:49.705+0200] {dagbag.py:532} INFO - Filling up the DagBag from /home/humbulani/miniconda3/envs/apache-airflow/lib/python3.8/site-packages/airflow/example_dags/tutorial_taskflow_api.py
[2023-03-28T00:05:49.724+0200] {processor.py:753} INFO - DAG(s) dict_keys(['tutorial_taskflow_api']) retrieved from /home/humbulani/miniconda3/envs/apache-airflow/lib/python3.8/site-packages/airflow/example_dags/tutorial_taskflow_api.py
[2023-03-28T00:05:49.741+0200] {logging_mixin.py:137} INFO - [2023-03-28T00:05:49.741+0200] {dag.py:2693} INFO - Sync 1 DAGs
[2023-03-28T00:05:49.759+0200] {logging_mixin.py:137} INFO - [2023-03-28T00:05:49.759+0200] {dag.py:3440} INFO - Setting next_dagrun for tutorial_taskflow_api to None, run_after=None
[2023-03-28T00:05:49.830+0200] {processor.py:175} INFO - Processing /home/humbulani/miniconda3/envs/apache-airflow/lib/python3.8/site-packages/airflow/example_dags/tutorial_taskflow_api.py took 0.129 seconds
[2023-03-28T00:06:34.881+0200] {processor.py:153} INFO - Started process (PID=22765) to work on /home/humbulani/miniconda3/envs/apache-airflow/lib/python3.8/site-packages/airflow/example_dags/tutorial_taskflow_api.py
[2023-03-28T00:06:34.882+0200] {processor.py:743} INFO - Processing file /home/humbulani/miniconda3/envs/apache-airflow/lib/python3.8/site-packages/airflow/example_dags/tutorial_taskflow_api.py for tasks to queue
[2023-03-28T00:06:34.882+0200] {logging_mixin.py:137} INFO - [2023-03-28T00:06:34.882+0200] {dagbag.py:532} INFO - Filling up the DagBag from /home/humbulani/miniconda3/envs/apache-airflow/lib/python3.8/site-packages/airflow/example_dags/tutorial_taskflow_api.py
[2023-03-28T00:06:34.903+0200] {processor.py:753} INFO - DAG(s) dict_keys(['tutorial_taskflow_api']) retrieved from /home/humbulani/miniconda3/envs/apache-airflow/lib/python3.8/site-packages/airflow/example_dags/tutorial_taskflow_api.py
[2023-03-28T00:06:34.920+0200] {logging_mixin.py:137} INFO - [2023-03-28T00:06:34.919+0200] {dag.py:2693} INFO - Sync 1 DAGs
[2023-03-28T00:06:34.936+0200] {logging_mixin.py:137} INFO - [2023-03-28T00:06:34.936+0200] {dag.py:3440} INFO - Setting next_dagrun for tutorial_taskflow_api to None, run_after=None
[2023-03-28T00:06:35.017+0200] {processor.py:175} INFO - Processing /home/humbulani/miniconda3/envs/apache-airflow/lib/python3.8/site-packages/airflow/example_dags/tutorial_taskflow_api.py took 0.141 seconds
[2023-03-28T00:07:19.808+0200] {processor.py:153} INFO - Started process (PID=22809) to work on /home/humbulani/miniconda3/envs/apache-airflow/lib/python3.8/site-packages/airflow/example_dags/tutorial_taskflow_api.py
[2023-03-28T00:07:19.825+0200] {processor.py:743} INFO - Processing file /home/humbulani/miniconda3/envs/apache-airflow/lib/python3.8/site-packages/airflow/example_dags/tutorial_taskflow_api.py for tasks to queue
[2023-03-28T00:07:19.826+0200] {logging_mixin.py:137} INFO - [2023-03-28T00:07:19.826+0200] {dagbag.py:532} INFO - Filling up the DagBag from /home/humbulani/miniconda3/envs/apache-airflow/lib/python3.8/site-packages/airflow/example_dags/tutorial_taskflow_api.py
[2023-03-28T00:07:19.846+0200] {processor.py:753} INFO - DAG(s) dict_keys(['tutorial_taskflow_api']) retrieved from /home/humbulani/miniconda3/envs/apache-airflow/lib/python3.8/site-packages/airflow/example_dags/tutorial_taskflow_api.py
[2023-03-28T00:07:19.865+0200] {logging_mixin.py:137} INFO - [2023-03-28T00:07:19.865+0200] {dag.py:2693} INFO - Sync 1 DAGs
[2023-03-28T00:07:19.883+0200] {logging_mixin.py:137} INFO - [2023-03-28T00:07:19.883+0200] {dag.py:3440} INFO - Setting next_dagrun for tutorial_taskflow_api to None, run_after=None
[2023-03-28T00:07:19.952+0200] {processor.py:175} INFO - Processing /home/humbulani/miniconda3/envs/apache-airflow/lib/python3.8/site-packages/airflow/example_dags/tutorial_taskflow_api.py took 0.146 seconds
[2023-03-28T00:07:56.990+0200] {processor.py:153} INFO - Started process (PID=22881) to work on /home/humbulani/miniconda3/envs/apache-airflow/lib/python3.8/site-packages/airflow/example_dags/tutorial_taskflow_api.py
[2023-03-28T00:07:56.991+0200] {processor.py:743} INFO - Processing file /home/humbulani/miniconda3/envs/apache-airflow/lib/python3.8/site-packages/airflow/example_dags/tutorial_taskflow_api.py for tasks to queue
[2023-03-28T00:07:56.991+0200] {logging_mixin.py:137} INFO - [2023-03-28T00:07:56.991+0200] {dagbag.py:532} INFO - Filling up the DagBag from /home/humbulani/miniconda3/envs/apache-airflow/lib/python3.8/site-packages/airflow/example_dags/tutorial_taskflow_api.py
[2023-03-28T00:07:57.010+0200] {processor.py:753} INFO - DAG(s) dict_keys(['tutorial_taskflow_api']) retrieved from /home/humbulani/miniconda3/envs/apache-airflow/lib/python3.8/site-packages/airflow/example_dags/tutorial_taskflow_api.py
[2023-03-28T00:07:57.027+0200] {logging_mixin.py:137} INFO - [2023-03-28T00:07:57.027+0200] {dag.py:2693} INFO - Sync 1 DAGs
[2023-03-28T00:07:57.043+0200] {logging_mixin.py:137} INFO - [2023-03-28T00:07:57.043+0200] {dag.py:3440} INFO - Setting next_dagrun for tutorial_taskflow_api to None, run_after=None
[2023-03-28T00:07:57.120+0200] {processor.py:175} INFO - Processing /home/humbulani/miniconda3/envs/apache-airflow/lib/python3.8/site-packages/airflow/example_dags/tutorial_taskflow_api.py took 0.133 seconds
[2023-03-28T00:08:30.268+0200] {processor.py:153} INFO - Started process (PID=22926) to work on /home/humbulani/miniconda3/envs/apache-airflow/lib/python3.8/site-packages/airflow/example_dags/tutorial_taskflow_api.py
[2023-03-28T00:08:30.274+0200] {processor.py:743} INFO - Processing file /home/humbulani/miniconda3/envs/apache-airflow/lib/python3.8/site-packages/airflow/example_dags/tutorial_taskflow_api.py for tasks to queue
[2023-03-28T00:08:30.275+0200] {logging_mixin.py:137} INFO - [2023-03-28T00:08:30.275+0200] {dagbag.py:532} INFO - Filling up the DagBag from /home/humbulani/miniconda3/envs/apache-airflow/lib/python3.8/site-packages/airflow/example_dags/tutorial_taskflow_api.py
[2023-03-28T00:08:30.296+0200] {processor.py:753} INFO - DAG(s) dict_keys(['tutorial_taskflow_api']) retrieved from /home/humbulani/miniconda3/envs/apache-airflow/lib/python3.8/site-packages/airflow/example_dags/tutorial_taskflow_api.py
[2023-03-28T00:08:30.314+0200] {logging_mixin.py:137} INFO - [2023-03-28T00:08:30.314+0200] {dag.py:2693} INFO - Sync 1 DAGs
[2023-03-28T00:08:30.335+0200] {logging_mixin.py:137} INFO - [2023-03-28T00:08:30.334+0200] {dag.py:3440} INFO - Setting next_dagrun for tutorial_taskflow_api to None, run_after=None
[2023-03-28T00:08:30.498+0200] {processor.py:175} INFO - Processing /home/humbulani/miniconda3/envs/apache-airflow/lib/python3.8/site-packages/airflow/example_dags/tutorial_taskflow_api.py took 0.232 seconds
[2023-03-28T00:09:10.479+0200] {processor.py:153} INFO - Started process (PID=22968) to work on /home/humbulani/miniconda3/envs/apache-airflow/lib/python3.8/site-packages/airflow/example_dags/tutorial_taskflow_api.py
[2023-03-28T00:09:10.479+0200] {processor.py:743} INFO - Processing file /home/humbulani/miniconda3/envs/apache-airflow/lib/python3.8/site-packages/airflow/example_dags/tutorial_taskflow_api.py for tasks to queue
[2023-03-28T00:09:10.480+0200] {logging_mixin.py:137} INFO - [2023-03-28T00:09:10.480+0200] {dagbag.py:532} INFO - Filling up the DagBag from /home/humbulani/miniconda3/envs/apache-airflow/lib/python3.8/site-packages/airflow/example_dags/tutorial_taskflow_api.py
[2023-03-28T00:09:10.499+0200] {processor.py:753} INFO - DAG(s) dict_keys(['tutorial_taskflow_api']) retrieved from /home/humbulani/miniconda3/envs/apache-airflow/lib/python3.8/site-packages/airflow/example_dags/tutorial_taskflow_api.py
[2023-03-28T00:09:10.516+0200] {logging_mixin.py:137} INFO - [2023-03-28T00:09:10.516+0200] {dag.py:2693} INFO - Sync 1 DAGs
[2023-03-28T00:09:10.616+0200] {logging_mixin.py:137} INFO - [2023-03-28T00:09:10.616+0200] {dag.py:3440} INFO - Setting next_dagrun for tutorial_taskflow_api to None, run_after=None
[2023-03-28T00:09:10.700+0200] {processor.py:175} INFO - Processing /home/humbulani/miniconda3/envs/apache-airflow/lib/python3.8/site-packages/airflow/example_dags/tutorial_taskflow_api.py took 0.223 seconds
[2023-03-28T00:09:49.237+0200] {processor.py:153} INFO - Started process (PID=23005) to work on /home/humbulani/miniconda3/envs/apache-airflow/lib/python3.8/site-packages/airflow/example_dags/tutorial_taskflow_api.py
[2023-03-28T00:09:49.256+0200] {processor.py:743} INFO - Processing file /home/humbulani/miniconda3/envs/apache-airflow/lib/python3.8/site-packages/airflow/example_dags/tutorial_taskflow_api.py for tasks to queue
[2023-03-28T00:09:49.257+0200] {logging_mixin.py:137} INFO - [2023-03-28T00:09:49.257+0200] {dagbag.py:532} INFO - Filling up the DagBag from /home/humbulani/miniconda3/envs/apache-airflow/lib/python3.8/site-packages/airflow/example_dags/tutorial_taskflow_api.py
[2023-03-28T00:09:49.277+0200] {processor.py:753} INFO - DAG(s) dict_keys(['tutorial_taskflow_api']) retrieved from /home/humbulani/miniconda3/envs/apache-airflow/lib/python3.8/site-packages/airflow/example_dags/tutorial_taskflow_api.py
[2023-03-28T00:09:49.376+0200] {logging_mixin.py:137} INFO - [2023-03-28T00:09:49.375+0200] {dag.py:2693} INFO - Sync 1 DAGs
[2023-03-28T00:09:49.391+0200] {logging_mixin.py:137} INFO - [2023-03-28T00:09:49.391+0200] {dag.py:3440} INFO - Setting next_dagrun for tutorial_taskflow_api to None, run_after=None
[2023-03-28T00:09:49.460+0200] {processor.py:175} INFO - Processing /home/humbulani/miniconda3/envs/apache-airflow/lib/python3.8/site-packages/airflow/example_dags/tutorial_taskflow_api.py took 0.226 seconds
[2023-03-28T00:10:29.938+0200] {processor.py:153} INFO - Started process (PID=23039) to work on /home/humbulani/miniconda3/envs/apache-airflow/lib/python3.8/site-packages/airflow/example_dags/tutorial_taskflow_api.py
[2023-03-28T00:10:29.950+0200] {processor.py:743} INFO - Processing file /home/humbulani/miniconda3/envs/apache-airflow/lib/python3.8/site-packages/airflow/example_dags/tutorial_taskflow_api.py for tasks to queue
[2023-03-28T00:10:29.951+0200] {logging_mixin.py:137} INFO - [2023-03-28T00:10:29.951+0200] {dagbag.py:532} INFO - Filling up the DagBag from /home/humbulani/miniconda3/envs/apache-airflow/lib/python3.8/site-packages/airflow/example_dags/tutorial_taskflow_api.py
[2023-03-28T00:10:29.970+0200] {processor.py:753} INFO - DAG(s) dict_keys(['tutorial_taskflow_api']) retrieved from /home/humbulani/miniconda3/envs/apache-airflow/lib/python3.8/site-packages/airflow/example_dags/tutorial_taskflow_api.py
[2023-03-28T00:10:30.069+0200] {logging_mixin.py:137} INFO - [2023-03-28T00:10:30.069+0200] {dag.py:2693} INFO - Sync 1 DAGs
[2023-03-28T00:10:30.084+0200] {logging_mixin.py:137} INFO - [2023-03-28T00:10:30.084+0200] {dag.py:3440} INFO - Setting next_dagrun for tutorial_taskflow_api to None, run_after=None
[2023-03-28T00:10:30.154+0200] {processor.py:175} INFO - Processing /home/humbulani/miniconda3/envs/apache-airflow/lib/python3.8/site-packages/airflow/example_dags/tutorial_taskflow_api.py took 0.219 seconds
[2023-03-28T00:11:11.194+0200] {processor.py:153} INFO - Started process (PID=23078) to work on /home/humbulani/miniconda3/envs/apache-airflow/lib/python3.8/site-packages/airflow/example_dags/tutorial_taskflow_api.py
[2023-03-28T00:11:11.211+0200] {processor.py:743} INFO - Processing file /home/humbulani/miniconda3/envs/apache-airflow/lib/python3.8/site-packages/airflow/example_dags/tutorial_taskflow_api.py for tasks to queue
[2023-03-28T00:11:11.212+0200] {logging_mixin.py:137} INFO - [2023-03-28T00:11:11.212+0200] {dagbag.py:532} INFO - Filling up the DagBag from /home/humbulani/miniconda3/envs/apache-airflow/lib/python3.8/site-packages/airflow/example_dags/tutorial_taskflow_api.py
[2023-03-28T00:11:11.324+0200] {processor.py:753} INFO - DAG(s) dict_keys(['tutorial_taskflow_api']) retrieved from /home/humbulani/miniconda3/envs/apache-airflow/lib/python3.8/site-packages/airflow/example_dags/tutorial_taskflow_api.py
[2023-03-28T00:11:11.339+0200] {logging_mixin.py:137} INFO - [2023-03-28T00:11:11.339+0200] {dag.py:2693} INFO - Sync 1 DAGs
[2023-03-28T00:11:11.355+0200] {logging_mixin.py:137} INFO - [2023-03-28T00:11:11.355+0200] {dag.py:3440} INFO - Setting next_dagrun for tutorial_taskflow_api to None, run_after=None
[2023-03-28T00:11:11.432+0200] {processor.py:175} INFO - Processing /home/humbulani/miniconda3/envs/apache-airflow/lib/python3.8/site-packages/airflow/example_dags/tutorial_taskflow_api.py took 0.241 seconds
[2023-03-28T00:11:57.860+0200] {processor.py:153} INFO - Started process (PID=23114) to work on /home/humbulani/miniconda3/envs/apache-airflow/lib/python3.8/site-packages/airflow/example_dags/tutorial_taskflow_api.py
[2023-03-28T00:11:57.877+0200] {processor.py:743} INFO - Processing file /home/humbulani/miniconda3/envs/apache-airflow/lib/python3.8/site-packages/airflow/example_dags/tutorial_taskflow_api.py for tasks to queue
[2023-03-28T00:11:57.877+0200] {logging_mixin.py:137} INFO - [2023-03-28T00:11:57.877+0200] {dagbag.py:532} INFO - Filling up the DagBag from /home/humbulani/miniconda3/envs/apache-airflow/lib/python3.8/site-packages/airflow/example_dags/tutorial_taskflow_api.py
[2023-03-28T00:11:57.978+0200] {processor.py:753} INFO - DAG(s) dict_keys(['tutorial_taskflow_api']) retrieved from /home/humbulani/miniconda3/envs/apache-airflow/lib/python3.8/site-packages/airflow/example_dags/tutorial_taskflow_api.py
[2023-03-28T00:11:57.992+0200] {logging_mixin.py:137} INFO - [2023-03-28T00:11:57.992+0200] {dag.py:2693} INFO - Sync 1 DAGs
[2023-03-28T00:11:58.007+0200] {logging_mixin.py:137} INFO - [2023-03-28T00:11:58.007+0200] {dag.py:3440} INFO - Setting next_dagrun for tutorial_taskflow_api to None, run_after=None
[2023-03-28T00:11:58.076+0200] {processor.py:175} INFO - Processing /home/humbulani/miniconda3/envs/apache-airflow/lib/python3.8/site-packages/airflow/example_dags/tutorial_taskflow_api.py took 0.218 seconds
[2023-03-28T00:12:42.400+0200] {processor.py:153} INFO - Started process (PID=23163) to work on /home/humbulani/miniconda3/envs/apache-airflow/lib/python3.8/site-packages/airflow/example_dags/tutorial_taskflow_api.py
[2023-03-28T00:12:42.413+0200] {processor.py:743} INFO - Processing file /home/humbulani/miniconda3/envs/apache-airflow/lib/python3.8/site-packages/airflow/example_dags/tutorial_taskflow_api.py for tasks to queue
[2023-03-28T00:12:42.414+0200] {logging_mixin.py:137} INFO - [2023-03-28T00:12:42.413+0200] {dagbag.py:532} INFO - Filling up the DagBag from /home/humbulani/miniconda3/envs/apache-airflow/lib/python3.8/site-packages/airflow/example_dags/tutorial_taskflow_api.py
[2023-03-28T00:12:42.438+0200] {processor.py:753} INFO - DAG(s) dict_keys(['tutorial_taskflow_api']) retrieved from /home/humbulani/miniconda3/envs/apache-airflow/lib/python3.8/site-packages/airflow/example_dags/tutorial_taskflow_api.py
[2023-03-28T00:12:42.461+0200] {logging_mixin.py:137} INFO - [2023-03-28T00:12:42.460+0200] {dag.py:2693} INFO - Sync 1 DAGs
[2023-03-28T00:12:42.486+0200] {logging_mixin.py:137} INFO - [2023-03-28T00:12:42.486+0200] {dag.py:3440} INFO - Setting next_dagrun for tutorial_taskflow_api to None, run_after=None
[2023-03-28T00:12:42.583+0200] {processor.py:175} INFO - Processing /home/humbulani/miniconda3/envs/apache-airflow/lib/python3.8/site-packages/airflow/example_dags/tutorial_taskflow_api.py took 0.186 seconds
[2023-03-28T00:13:14.574+0200] {processor.py:153} INFO - Started process (PID=23213) to work on /home/humbulani/miniconda3/envs/apache-airflow/lib/python3.8/site-packages/airflow/example_dags/tutorial_taskflow_api.py
[2023-03-28T00:13:14.590+0200] {processor.py:743} INFO - Processing file /home/humbulani/miniconda3/envs/apache-airflow/lib/python3.8/site-packages/airflow/example_dags/tutorial_taskflow_api.py for tasks to queue
[2023-03-28T00:13:14.591+0200] {logging_mixin.py:137} INFO - [2023-03-28T00:13:14.591+0200] {dagbag.py:532} INFO - Filling up the DagBag from /home/humbulani/miniconda3/envs/apache-airflow/lib/python3.8/site-packages/airflow/example_dags/tutorial_taskflow_api.py
[2023-03-28T00:13:14.613+0200] {processor.py:753} INFO - DAG(s) dict_keys(['tutorial_taskflow_api']) retrieved from /home/humbulani/miniconda3/envs/apache-airflow/lib/python3.8/site-packages/airflow/example_dags/tutorial_taskflow_api.py
[2023-03-28T00:13:14.632+0200] {logging_mixin.py:137} INFO - [2023-03-28T00:13:14.631+0200] {dag.py:2693} INFO - Sync 1 DAGs
[2023-03-28T00:13:14.650+0200] {logging_mixin.py:137} INFO - [2023-03-28T00:13:14.650+0200] {dag.py:3440} INFO - Setting next_dagrun for tutorial_taskflow_api to None, run_after=None
[2023-03-28T00:13:14.724+0200] {processor.py:175} INFO - Processing /home/humbulani/miniconda3/envs/apache-airflow/lib/python3.8/site-packages/airflow/example_dags/tutorial_taskflow_api.py took 0.152 seconds
[2023-03-28T00:13:58.127+0200] {processor.py:153} INFO - Started process (PID=23261) to work on /home/humbulani/miniconda3/envs/apache-airflow/lib/python3.8/site-packages/airflow/example_dags/tutorial_taskflow_api.py
[2023-03-28T00:13:58.139+0200] {processor.py:743} INFO - Processing file /home/humbulani/miniconda3/envs/apache-airflow/lib/python3.8/site-packages/airflow/example_dags/tutorial_taskflow_api.py for tasks to queue
[2023-03-28T00:13:58.140+0200] {logging_mixin.py:137} INFO - [2023-03-28T00:13:58.140+0200] {dagbag.py:532} INFO - Filling up the DagBag from /home/humbulani/miniconda3/envs/apache-airflow/lib/python3.8/site-packages/airflow/example_dags/tutorial_taskflow_api.py
[2023-03-28T00:13:58.165+0200] {processor.py:753} INFO - DAG(s) dict_keys(['tutorial_taskflow_api']) retrieved from /home/humbulani/miniconda3/envs/apache-airflow/lib/python3.8/site-packages/airflow/example_dags/tutorial_taskflow_api.py
[2023-03-28T00:13:58.184+0200] {logging_mixin.py:137} INFO - [2023-03-28T00:13:58.184+0200] {dag.py:2693} INFO - Sync 1 DAGs
[2023-03-28T00:13:58.201+0200] {logging_mixin.py:137} INFO - [2023-03-28T00:13:58.201+0200] {dag.py:3440} INFO - Setting next_dagrun for tutorial_taskflow_api to None, run_after=None
[2023-03-28T00:13:58.293+0200] {processor.py:175} INFO - Processing /home/humbulani/miniconda3/envs/apache-airflow/lib/python3.8/site-packages/airflow/example_dags/tutorial_taskflow_api.py took 0.169 seconds
[2023-03-28T00:14:45.379+0200] {processor.py:153} INFO - Started process (PID=23310) to work on /home/humbulani/miniconda3/envs/apache-airflow/lib/python3.8/site-packages/airflow/example_dags/tutorial_taskflow_api.py
[2023-03-28T00:14:45.394+0200] {processor.py:743} INFO - Processing file /home/humbulani/miniconda3/envs/apache-airflow/lib/python3.8/site-packages/airflow/example_dags/tutorial_taskflow_api.py for tasks to queue
[2023-03-28T00:14:45.395+0200] {logging_mixin.py:137} INFO - [2023-03-28T00:14:45.395+0200] {dagbag.py:532} INFO - Filling up the DagBag from /home/humbulani/miniconda3/envs/apache-airflow/lib/python3.8/site-packages/airflow/example_dags/tutorial_taskflow_api.py
[2023-03-28T00:14:45.414+0200] {processor.py:753} INFO - DAG(s) dict_keys(['tutorial_taskflow_api']) retrieved from /home/humbulani/miniconda3/envs/apache-airflow/lib/python3.8/site-packages/airflow/example_dags/tutorial_taskflow_api.py
[2023-03-28T00:14:45.431+0200] {logging_mixin.py:137} INFO - [2023-03-28T00:14:45.431+0200] {dag.py:2693} INFO - Sync 1 DAGs
[2023-03-28T00:14:45.449+0200] {logging_mixin.py:137} INFO - [2023-03-28T00:14:45.448+0200] {dag.py:3440} INFO - Setting next_dagrun for tutorial_taskflow_api to None, run_after=None
[2023-03-28T00:14:45.550+0200] {processor.py:175} INFO - Processing /home/humbulani/miniconda3/envs/apache-airflow/lib/python3.8/site-packages/airflow/example_dags/tutorial_taskflow_api.py took 0.173 seconds
[2023-03-28T00:15:18.831+0200] {processor.py:153} INFO - Started process (PID=23344) to work on /home/humbulani/miniconda3/envs/apache-airflow/lib/python3.8/site-packages/airflow/example_dags/tutorial_taskflow_api.py
[2023-03-28T00:15:18.832+0200] {processor.py:743} INFO - Processing file /home/humbulani/miniconda3/envs/apache-airflow/lib/python3.8/site-packages/airflow/example_dags/tutorial_taskflow_api.py for tasks to queue
[2023-03-28T00:15:18.832+0200] {logging_mixin.py:137} INFO - [2023-03-28T00:15:18.832+0200] {dagbag.py:532} INFO - Filling up the DagBag from /home/humbulani/miniconda3/envs/apache-airflow/lib/python3.8/site-packages/airflow/example_dags/tutorial_taskflow_api.py
[2023-03-28T00:15:18.851+0200] {processor.py:753} INFO - DAG(s) dict_keys(['tutorial_taskflow_api']) retrieved from /home/humbulani/miniconda3/envs/apache-airflow/lib/python3.8/site-packages/airflow/example_dags/tutorial_taskflow_api.py
[2023-03-28T00:15:18.867+0200] {logging_mixin.py:137} INFO - [2023-03-28T00:15:18.867+0200] {dag.py:2693} INFO - Sync 1 DAGs
[2023-03-28T00:15:18.884+0200] {logging_mixin.py:137} INFO - [2023-03-28T00:15:18.884+0200] {dag.py:3440} INFO - Setting next_dagrun for tutorial_taskflow_api to None, run_after=None
[2023-03-28T00:15:18.972+0200] {processor.py:175} INFO - Processing /home/humbulani/miniconda3/envs/apache-airflow/lib/python3.8/site-packages/airflow/example_dags/tutorial_taskflow_api.py took 0.143 seconds
[2023-03-28T00:16:02.653+0200] {processor.py:153} INFO - Started process (PID=23429) to work on /home/humbulani/miniconda3/envs/apache-airflow/lib/python3.8/site-packages/airflow/example_dags/tutorial_taskflow_api.py
[2023-03-28T00:16:02.654+0200] {processor.py:743} INFO - Processing file /home/humbulani/miniconda3/envs/apache-airflow/lib/python3.8/site-packages/airflow/example_dags/tutorial_taskflow_api.py for tasks to queue
[2023-03-28T00:16:02.655+0200] {logging_mixin.py:137} INFO - [2023-03-28T00:16:02.655+0200] {dagbag.py:532} INFO - Filling up the DagBag from /home/humbulani/miniconda3/envs/apache-airflow/lib/python3.8/site-packages/airflow/example_dags/tutorial_taskflow_api.py
[2023-03-28T00:16:02.675+0200] {processor.py:753} INFO - DAG(s) dict_keys(['tutorial_taskflow_api']) retrieved from /home/humbulani/miniconda3/envs/apache-airflow/lib/python3.8/site-packages/airflow/example_dags/tutorial_taskflow_api.py
[2023-03-28T00:16:02.693+0200] {logging_mixin.py:137} INFO - [2023-03-28T00:16:02.693+0200] {dag.py:2693} INFO - Sync 1 DAGs
[2023-03-28T00:16:02.714+0200] {logging_mixin.py:137} INFO - [2023-03-28T00:16:02.714+0200] {dag.py:3440} INFO - Setting next_dagrun for tutorial_taskflow_api to None, run_after=None
[2023-03-28T00:16:02.795+0200] {processor.py:175} INFO - Processing /home/humbulani/miniconda3/envs/apache-airflow/lib/python3.8/site-packages/airflow/example_dags/tutorial_taskflow_api.py took 0.144 seconds
[2023-03-28T00:16:36.958+0200] {processor.py:153} INFO - Started process (PID=23466) to work on /home/humbulani/miniconda3/envs/apache-airflow/lib/python3.8/site-packages/airflow/example_dags/tutorial_taskflow_api.py
[2023-03-28T00:16:36.959+0200] {processor.py:743} INFO - Processing file /home/humbulani/miniconda3/envs/apache-airflow/lib/python3.8/site-packages/airflow/example_dags/tutorial_taskflow_api.py for tasks to queue
[2023-03-28T00:16:36.959+0200] {logging_mixin.py:137} INFO - [2023-03-28T00:16:36.959+0200] {dagbag.py:532} INFO - Filling up the DagBag from /home/humbulani/miniconda3/envs/apache-airflow/lib/python3.8/site-packages/airflow/example_dags/tutorial_taskflow_api.py
[2023-03-28T00:16:36.978+0200] {processor.py:753} INFO - DAG(s) dict_keys(['tutorial_taskflow_api']) retrieved from /home/humbulani/miniconda3/envs/apache-airflow/lib/python3.8/site-packages/airflow/example_dags/tutorial_taskflow_api.py
[2023-03-28T00:16:36.995+0200] {logging_mixin.py:137} INFO - [2023-03-28T00:16:36.995+0200] {dag.py:2693} INFO - Sync 1 DAGs
[2023-03-28T00:16:37.013+0200] {logging_mixin.py:137} INFO - [2023-03-28T00:16:37.013+0200] {dag.py:3440} INFO - Setting next_dagrun for tutorial_taskflow_api to None, run_after=None
[2023-03-28T00:16:37.099+0200] {processor.py:175} INFO - Processing /home/humbulani/miniconda3/envs/apache-airflow/lib/python3.8/site-packages/airflow/example_dags/tutorial_taskflow_api.py took 0.144 seconds
[2023-03-28T00:17:14.244+0200] {processor.py:153} INFO - Started process (PID=23582) to work on /home/humbulani/miniconda3/envs/apache-airflow/lib/python3.8/site-packages/airflow/example_dags/tutorial_taskflow_api.py
[2023-03-28T00:17:14.254+0200] {processor.py:743} INFO - Processing file /home/humbulani/miniconda3/envs/apache-airflow/lib/python3.8/site-packages/airflow/example_dags/tutorial_taskflow_api.py for tasks to queue
[2023-03-28T00:17:14.254+0200] {logging_mixin.py:137} INFO - [2023-03-28T00:17:14.254+0200] {dagbag.py:532} INFO - Filling up the DagBag from /home/humbulani/miniconda3/envs/apache-airflow/lib/python3.8/site-packages/airflow/example_dags/tutorial_taskflow_api.py
[2023-03-28T00:17:14.277+0200] {processor.py:753} INFO - DAG(s) dict_keys(['tutorial_taskflow_api']) retrieved from /home/humbulani/miniconda3/envs/apache-airflow/lib/python3.8/site-packages/airflow/example_dags/tutorial_taskflow_api.py
[2023-03-28T00:17:14.297+0200] {logging_mixin.py:137} INFO - [2023-03-28T00:17:14.297+0200] {dag.py:2693} INFO - Sync 1 DAGs
[2023-03-28T00:17:14.318+0200] {logging_mixin.py:137} INFO - [2023-03-28T00:17:14.318+0200] {dag.py:3440} INFO - Setting next_dagrun for tutorial_taskflow_api to None, run_after=None
[2023-03-28T00:17:14.392+0200] {processor.py:175} INFO - Processing /home/humbulani/miniconda3/envs/apache-airflow/lib/python3.8/site-packages/airflow/example_dags/tutorial_taskflow_api.py took 0.151 seconds
[2023-03-28T00:17:59.492+0200] {processor.py:153} INFO - Started process (PID=23627) to work on /home/humbulani/miniconda3/envs/apache-airflow/lib/python3.8/site-packages/airflow/example_dags/tutorial_taskflow_api.py
[2023-03-28T00:17:59.493+0200] {processor.py:743} INFO - Processing file /home/humbulani/miniconda3/envs/apache-airflow/lib/python3.8/site-packages/airflow/example_dags/tutorial_taskflow_api.py for tasks to queue
[2023-03-28T00:17:59.494+0200] {logging_mixin.py:137} INFO - [2023-03-28T00:17:59.494+0200] {dagbag.py:532} INFO - Filling up the DagBag from /home/humbulani/miniconda3/envs/apache-airflow/lib/python3.8/site-packages/airflow/example_dags/tutorial_taskflow_api.py
[2023-03-28T00:17:59.513+0200] {processor.py:753} INFO - DAG(s) dict_keys(['tutorial_taskflow_api']) retrieved from /home/humbulani/miniconda3/envs/apache-airflow/lib/python3.8/site-packages/airflow/example_dags/tutorial_taskflow_api.py
[2023-03-28T00:17:59.529+0200] {logging_mixin.py:137} INFO - [2023-03-28T00:17:59.529+0200] {dag.py:2693} INFO - Sync 1 DAGs
[2023-03-28T00:17:59.546+0200] {logging_mixin.py:137} INFO - [2023-03-28T00:17:59.546+0200] {dag.py:3440} INFO - Setting next_dagrun for tutorial_taskflow_api to None, run_after=None
[2023-03-28T00:17:59.647+0200] {processor.py:175} INFO - Processing /home/humbulani/miniconda3/envs/apache-airflow/lib/python3.8/site-packages/airflow/example_dags/tutorial_taskflow_api.py took 0.157 seconds
[2023-03-28T00:18:43.672+0200] {processor.py:153} INFO - Started process (PID=23669) to work on /home/humbulani/miniconda3/envs/apache-airflow/lib/python3.8/site-packages/airflow/example_dags/tutorial_taskflow_api.py
[2023-03-28T00:18:43.683+0200] {processor.py:743} INFO - Processing file /home/humbulani/miniconda3/envs/apache-airflow/lib/python3.8/site-packages/airflow/example_dags/tutorial_taskflow_api.py for tasks to queue
[2023-03-28T00:18:43.684+0200] {logging_mixin.py:137} INFO - [2023-03-28T00:18:43.683+0200] {dagbag.py:532} INFO - Filling up the DagBag from /home/humbulani/miniconda3/envs/apache-airflow/lib/python3.8/site-packages/airflow/example_dags/tutorial_taskflow_api.py
[2023-03-28T00:18:43.703+0200] {processor.py:753} INFO - DAG(s) dict_keys(['tutorial_taskflow_api']) retrieved from /home/humbulani/miniconda3/envs/apache-airflow/lib/python3.8/site-packages/airflow/example_dags/tutorial_taskflow_api.py
[2023-03-28T00:18:43.720+0200] {logging_mixin.py:137} INFO - [2023-03-28T00:18:43.720+0200] {dag.py:2693} INFO - Sync 1 DAGs
[2023-03-28T00:18:43.737+0200] {logging_mixin.py:137} INFO - [2023-03-28T00:18:43.736+0200] {dag.py:3440} INFO - Setting next_dagrun for tutorial_taskflow_api to None, run_after=None
[2023-03-28T00:18:43.809+0200] {processor.py:175} INFO - Processing /home/humbulani/miniconda3/envs/apache-airflow/lib/python3.8/site-packages/airflow/example_dags/tutorial_taskflow_api.py took 0.139 seconds
[2023-03-28T00:19:15.664+0200] {processor.py:153} INFO - Started process (PID=23700) to work on /home/humbulani/miniconda3/envs/apache-airflow/lib/python3.8/site-packages/airflow/example_dags/tutorial_taskflow_api.py
[2023-03-28T00:19:15.664+0200] {processor.py:743} INFO - Processing file /home/humbulani/miniconda3/envs/apache-airflow/lib/python3.8/site-packages/airflow/example_dags/tutorial_taskflow_api.py for tasks to queue
[2023-03-28T00:19:15.665+0200] {logging_mixin.py:137} INFO - [2023-03-28T00:19:15.665+0200] {dagbag.py:532} INFO - Filling up the DagBag from /home/humbulani/miniconda3/envs/apache-airflow/lib/python3.8/site-packages/airflow/example_dags/tutorial_taskflow_api.py
[2023-03-28T00:19:15.684+0200] {processor.py:753} INFO - DAG(s) dict_keys(['tutorial_taskflow_api']) retrieved from /home/humbulani/miniconda3/envs/apache-airflow/lib/python3.8/site-packages/airflow/example_dags/tutorial_taskflow_api.py
[2023-03-28T00:19:15.700+0200] {logging_mixin.py:137} INFO - [2023-03-28T00:19:15.700+0200] {dag.py:2693} INFO - Sync 1 DAGs
[2023-03-28T00:19:15.717+0200] {logging_mixin.py:137} INFO - [2023-03-28T00:19:15.717+0200] {dag.py:3440} INFO - Setting next_dagrun for tutorial_taskflow_api to None, run_after=None
[2023-03-28T00:19:15.790+0200] {processor.py:175} INFO - Processing /home/humbulani/miniconda3/envs/apache-airflow/lib/python3.8/site-packages/airflow/example_dags/tutorial_taskflow_api.py took 0.128 seconds
[2023-03-28T00:20:02.805+0200] {processor.py:153} INFO - Started process (PID=23749) to work on /home/humbulani/miniconda3/envs/apache-airflow/lib/python3.8/site-packages/airflow/example_dags/tutorial_taskflow_api.py
[2023-03-28T00:20:02.821+0200] {processor.py:743} INFO - Processing file /home/humbulani/miniconda3/envs/apache-airflow/lib/python3.8/site-packages/airflow/example_dags/tutorial_taskflow_api.py for tasks to queue
[2023-03-28T00:20:02.822+0200] {logging_mixin.py:137} INFO - [2023-03-28T00:20:02.822+0200] {dagbag.py:532} INFO - Filling up the DagBag from /home/humbulani/miniconda3/envs/apache-airflow/lib/python3.8/site-packages/airflow/example_dags/tutorial_taskflow_api.py
[2023-03-28T00:20:02.847+0200] {processor.py:753} INFO - DAG(s) dict_keys(['tutorial_taskflow_api']) retrieved from /home/humbulani/miniconda3/envs/apache-airflow/lib/python3.8/site-packages/airflow/example_dags/tutorial_taskflow_api.py
[2023-03-28T00:20:02.864+0200] {logging_mixin.py:137} INFO - [2023-03-28T00:20:02.864+0200] {dag.py:2693} INFO - Sync 1 DAGs
[2023-03-28T00:20:02.883+0200] {logging_mixin.py:137} INFO - [2023-03-28T00:20:02.883+0200] {dag.py:3440} INFO - Setting next_dagrun for tutorial_taskflow_api to None, run_after=None
[2023-03-28T00:20:02.961+0200] {processor.py:175} INFO - Processing /home/humbulani/miniconda3/envs/apache-airflow/lib/python3.8/site-packages/airflow/example_dags/tutorial_taskflow_api.py took 0.159 seconds
[2023-03-28T00:20:38.756+0200] {processor.py:153} INFO - Started process (PID=23782) to work on /home/humbulani/miniconda3/envs/apache-airflow/lib/python3.8/site-packages/airflow/example_dags/tutorial_taskflow_api.py
[2023-03-28T00:20:38.757+0200] {processor.py:743} INFO - Processing file /home/humbulani/miniconda3/envs/apache-airflow/lib/python3.8/site-packages/airflow/example_dags/tutorial_taskflow_api.py for tasks to queue
[2023-03-28T00:20:38.757+0200] {logging_mixin.py:137} INFO - [2023-03-28T00:20:38.757+0200] {dagbag.py:532} INFO - Filling up the DagBag from /home/humbulani/miniconda3/envs/apache-airflow/lib/python3.8/site-packages/airflow/example_dags/tutorial_taskflow_api.py
[2023-03-28T00:20:38.776+0200] {processor.py:753} INFO - DAG(s) dict_keys(['tutorial_taskflow_api']) retrieved from /home/humbulani/miniconda3/envs/apache-airflow/lib/python3.8/site-packages/airflow/example_dags/tutorial_taskflow_api.py
[2023-03-28T00:20:38.792+0200] {logging_mixin.py:137} INFO - [2023-03-28T00:20:38.792+0200] {dag.py:2693} INFO - Sync 1 DAGs
[2023-03-28T00:20:38.810+0200] {logging_mixin.py:137} INFO - [2023-03-28T00:20:38.810+0200] {dag.py:3440} INFO - Setting next_dagrun for tutorial_taskflow_api to None, run_after=None
[2023-03-28T00:20:38.883+0200] {processor.py:175} INFO - Processing /home/humbulani/miniconda3/envs/apache-airflow/lib/python3.8/site-packages/airflow/example_dags/tutorial_taskflow_api.py took 0.129 seconds
[2023-03-28T00:21:21.772+0200] {processor.py:153} INFO - Started process (PID=23834) to work on /home/humbulani/miniconda3/envs/apache-airflow/lib/python3.8/site-packages/airflow/example_dags/tutorial_taskflow_api.py
[2023-03-28T00:21:21.801+0200] {processor.py:743} INFO - Processing file /home/humbulani/miniconda3/envs/apache-airflow/lib/python3.8/site-packages/airflow/example_dags/tutorial_taskflow_api.py for tasks to queue
[2023-03-28T00:21:21.802+0200] {logging_mixin.py:137} INFO - [2023-03-28T00:21:21.801+0200] {dagbag.py:532} INFO - Filling up the DagBag from /home/humbulani/miniconda3/envs/apache-airflow/lib/python3.8/site-packages/airflow/example_dags/tutorial_taskflow_api.py
[2023-03-28T00:21:21.826+0200] {processor.py:753} INFO - DAG(s) dict_keys(['tutorial_taskflow_api']) retrieved from /home/humbulani/miniconda3/envs/apache-airflow/lib/python3.8/site-packages/airflow/example_dags/tutorial_taskflow_api.py
[2023-03-28T00:21:21.848+0200] {logging_mixin.py:137} INFO - [2023-03-28T00:21:21.848+0200] {dag.py:2693} INFO - Sync 1 DAGs
[2023-03-28T00:21:21.865+0200] {logging_mixin.py:137} INFO - [2023-03-28T00:21:21.865+0200] {dag.py:3440} INFO - Setting next_dagrun for tutorial_taskflow_api to None, run_after=None
[2023-03-28T00:21:21.957+0200] {processor.py:175} INFO - Processing /home/humbulani/miniconda3/envs/apache-airflow/lib/python3.8/site-packages/airflow/example_dags/tutorial_taskflow_api.py took 0.188 seconds
[2023-03-28T00:22:02.712+0200] {processor.py:153} INFO - Started process (PID=23871) to work on /home/humbulani/miniconda3/envs/apache-airflow/lib/python3.8/site-packages/airflow/example_dags/tutorial_taskflow_api.py
[2023-03-28T00:22:02.722+0200] {processor.py:743} INFO - Processing file /home/humbulani/miniconda3/envs/apache-airflow/lib/python3.8/site-packages/airflow/example_dags/tutorial_taskflow_api.py for tasks to queue
[2023-03-28T00:22:02.723+0200] {logging_mixin.py:137} INFO - [2023-03-28T00:22:02.723+0200] {dagbag.py:532} INFO - Filling up the DagBag from /home/humbulani/miniconda3/envs/apache-airflow/lib/python3.8/site-packages/airflow/example_dags/tutorial_taskflow_api.py
[2023-03-28T00:22:02.749+0200] {processor.py:753} INFO - DAG(s) dict_keys(['tutorial_taskflow_api']) retrieved from /home/humbulani/miniconda3/envs/apache-airflow/lib/python3.8/site-packages/airflow/example_dags/tutorial_taskflow_api.py
[2023-03-28T00:22:02.766+0200] {logging_mixin.py:137} INFO - [2023-03-28T00:22:02.766+0200] {dag.py:2693} INFO - Sync 1 DAGs
[2023-03-28T00:22:02.783+0200] {logging_mixin.py:137} INFO - [2023-03-28T00:22:02.783+0200] {dag.py:3440} INFO - Setting next_dagrun for tutorial_taskflow_api to None, run_after=None
[2023-03-28T00:22:02.853+0200] {processor.py:175} INFO - Processing /home/humbulani/miniconda3/envs/apache-airflow/lib/python3.8/site-packages/airflow/example_dags/tutorial_taskflow_api.py took 0.144 seconds
