[2023-03-28T00:03:55.267+0200] {processor.py:153} INFO - Started process (PID=22496) to work on /home/humbulani/miniconda3/envs/apache-airflow/lib/python3.8/site-packages/airflow/example_dags/tutorial.py
[2023-03-28T00:03:55.268+0200] {processor.py:743} INFO - Processing file /home/humbulani/miniconda3/envs/apache-airflow/lib/python3.8/site-packages/airflow/example_dags/tutorial.py for tasks to queue
[2023-03-28T00:03:55.268+0200] {logging_mixin.py:137} INFO - [2023-03-28T00:03:55.268+0200] {dagbag.py:532} INFO - Filling up the DagBag from /home/humbulani/miniconda3/envs/apache-airflow/lib/python3.8/site-packages/airflow/example_dags/tutorial.py
[2023-03-28T00:03:55.307+0200] {processor.py:753} INFO - DAG(s) dict_keys(['tutorial']) retrieved from /home/humbulani/miniconda3/envs/apache-airflow/lib/python3.8/site-packages/airflow/example_dags/tutorial.py
[2023-03-28T00:03:55.330+0200] {logging_mixin.py:137} INFO - [2023-03-28T00:03:55.330+0200] {dag.py:2693} INFO - Sync 1 DAGs
[2023-03-28T00:03:55.348+0200] {logging_mixin.py:137} INFO - [2023-03-28T00:03:55.348+0200] {dag.py:3440} INFO - Setting next_dagrun for tutorial to 2023-03-26T22:03:55.348174+00:00, run_after=2023-03-27T22:03:55.348174+00:00
[2023-03-28T00:03:55.439+0200] {processor.py:175} INFO - Processing /home/humbulani/miniconda3/envs/apache-airflow/lib/python3.8/site-packages/airflow/example_dags/tutorial.py took 0.174 seconds
[2023-03-28T00:04:42.324+0200] {processor.py:153} INFO - Started process (PID=22586) to work on /home/humbulani/miniconda3/envs/apache-airflow/lib/python3.8/site-packages/airflow/example_dags/tutorial.py
[2023-03-28T00:04:42.387+0200] {processor.py:743} INFO - Processing file /home/humbulani/miniconda3/envs/apache-airflow/lib/python3.8/site-packages/airflow/example_dags/tutorial.py for tasks to queue
[2023-03-28T00:04:42.388+0200] {logging_mixin.py:137} INFO - [2023-03-28T00:04:42.388+0200] {dagbag.py:532} INFO - Filling up the DagBag from /home/humbulani/miniconda3/envs/apache-airflow/lib/python3.8/site-packages/airflow/example_dags/tutorial.py
[2023-03-28T00:04:42.403+0200] {processor.py:753} INFO - DAG(s) dict_keys(['tutorial']) retrieved from /home/humbulani/miniconda3/envs/apache-airflow/lib/python3.8/site-packages/airflow/example_dags/tutorial.py
[2023-03-28T00:04:42.419+0200] {logging_mixin.py:137} INFO - [2023-03-28T00:04:42.419+0200] {dag.py:2693} INFO - Sync 1 DAGs
[2023-03-28T00:04:42.437+0200] {logging_mixin.py:137} INFO - [2023-03-28T00:04:42.436+0200] {dag.py:3440} INFO - Setting next_dagrun for tutorial to 2023-03-26T22:04:42.436799+00:00, run_after=2023-03-27T22:04:42.436799+00:00
[2023-03-28T00:04:42.514+0200] {processor.py:175} INFO - Processing /home/humbulani/miniconda3/envs/apache-airflow/lib/python3.8/site-packages/airflow/example_dags/tutorial.py took 0.192 seconds
[2023-03-28T00:05:24.579+0200] {processor.py:153} INFO - Started process (PID=22621) to work on /home/humbulani/miniconda3/envs/apache-airflow/lib/python3.8/site-packages/airflow/example_dags/tutorial.py
[2023-03-28T00:05:24.598+0200] {processor.py:743} INFO - Processing file /home/humbulani/miniconda3/envs/apache-airflow/lib/python3.8/site-packages/airflow/example_dags/tutorial.py for tasks to queue
[2023-03-28T00:05:24.599+0200] {logging_mixin.py:137} INFO - [2023-03-28T00:05:24.599+0200] {dagbag.py:532} INFO - Filling up the DagBag from /home/humbulani/miniconda3/envs/apache-airflow/lib/python3.8/site-packages/airflow/example_dags/tutorial.py
[2023-03-28T00:05:24.614+0200] {processor.py:753} INFO - DAG(s) dict_keys(['tutorial']) retrieved from /home/humbulani/miniconda3/envs/apache-airflow/lib/python3.8/site-packages/airflow/example_dags/tutorial.py
[2023-03-28T00:05:24.636+0200] {logging_mixin.py:137} INFO - [2023-03-28T00:05:24.636+0200] {dag.py:2693} INFO - Sync 1 DAGs
[2023-03-28T00:05:24.655+0200] {logging_mixin.py:137} INFO - [2023-03-28T00:05:24.655+0200] {dag.py:3440} INFO - Setting next_dagrun for tutorial to 2023-03-26T22:05:24.655279+00:00, run_after=2023-03-27T22:05:24.655279+00:00
[2023-03-28T00:05:24.736+0200] {processor.py:175} INFO - Processing /home/humbulani/miniconda3/envs/apache-airflow/lib/python3.8/site-packages/airflow/example_dags/tutorial.py took 0.160 seconds
[2023-03-28T00:06:09.388+0200] {processor.py:153} INFO - Started process (PID=22740) to work on /home/humbulani/miniconda3/envs/apache-airflow/lib/python3.8/site-packages/airflow/example_dags/tutorial.py
[2023-03-28T00:06:09.389+0200] {processor.py:743} INFO - Processing file /home/humbulani/miniconda3/envs/apache-airflow/lib/python3.8/site-packages/airflow/example_dags/tutorial.py for tasks to queue
[2023-03-28T00:06:09.390+0200] {logging_mixin.py:137} INFO - [2023-03-28T00:06:09.390+0200] {dagbag.py:532} INFO - Filling up the DagBag from /home/humbulani/miniconda3/envs/apache-airflow/lib/python3.8/site-packages/airflow/example_dags/tutorial.py
[2023-03-28T00:06:09.405+0200] {processor.py:753} INFO - DAG(s) dict_keys(['tutorial']) retrieved from /home/humbulani/miniconda3/envs/apache-airflow/lib/python3.8/site-packages/airflow/example_dags/tutorial.py
[2023-03-28T00:06:09.424+0200] {logging_mixin.py:137} INFO - [2023-03-28T00:06:09.424+0200] {dag.py:2693} INFO - Sync 1 DAGs
[2023-03-28T00:06:09.444+0200] {logging_mixin.py:137} INFO - [2023-03-28T00:06:09.444+0200] {dag.py:3440} INFO - Setting next_dagrun for tutorial to 2023-03-26T22:06:09.444271+00:00, run_after=2023-03-27T22:06:09.444271+00:00
[2023-03-28T00:06:09.531+0200] {processor.py:175} INFO - Processing /home/humbulani/miniconda3/envs/apache-airflow/lib/python3.8/site-packages/airflow/example_dags/tutorial.py took 0.146 seconds
[2023-03-28T00:06:53.569+0200] {processor.py:153} INFO - Started process (PID=22783) to work on /home/humbulani/miniconda3/envs/apache-airflow/lib/python3.8/site-packages/airflow/example_dags/tutorial.py
[2023-03-28T00:06:53.582+0200] {processor.py:743} INFO - Processing file /home/humbulani/miniconda3/envs/apache-airflow/lib/python3.8/site-packages/airflow/example_dags/tutorial.py for tasks to queue
[2023-03-28T00:06:53.583+0200] {logging_mixin.py:137} INFO - [2023-03-28T00:06:53.583+0200] {dagbag.py:532} INFO - Filling up the DagBag from /home/humbulani/miniconda3/envs/apache-airflow/lib/python3.8/site-packages/airflow/example_dags/tutorial.py
[2023-03-28T00:06:53.598+0200] {processor.py:753} INFO - DAG(s) dict_keys(['tutorial']) retrieved from /home/humbulani/miniconda3/envs/apache-airflow/lib/python3.8/site-packages/airflow/example_dags/tutorial.py
[2023-03-28T00:06:53.618+0200] {logging_mixin.py:137} INFO - [2023-03-28T00:06:53.618+0200] {dag.py:2693} INFO - Sync 1 DAGs
[2023-03-28T00:06:53.636+0200] {logging_mixin.py:137} INFO - [2023-03-28T00:06:53.636+0200] {dag.py:3440} INFO - Setting next_dagrun for tutorial to 2023-03-26T22:06:53.635835+00:00, run_after=2023-03-27T22:06:53.635835+00:00
[2023-03-28T00:06:53.726+0200] {processor.py:175} INFO - Processing /home/humbulani/miniconda3/envs/apache-airflow/lib/python3.8/site-packages/airflow/example_dags/tutorial.py took 0.161 seconds
[2023-03-28T00:07:43.333+0200] {processor.py:153} INFO - Started process (PID=22830) to work on /home/humbulani/miniconda3/envs/apache-airflow/lib/python3.8/site-packages/airflow/example_dags/tutorial.py
[2023-03-28T00:07:43.360+0200] {processor.py:743} INFO - Processing file /home/humbulani/miniconda3/envs/apache-airflow/lib/python3.8/site-packages/airflow/example_dags/tutorial.py for tasks to queue
[2023-03-28T00:07:43.361+0200] {logging_mixin.py:137} INFO - [2023-03-28T00:07:43.361+0200] {dagbag.py:532} INFO - Filling up the DagBag from /home/humbulani/miniconda3/envs/apache-airflow/lib/python3.8/site-packages/airflow/example_dags/tutorial.py
[2023-03-28T00:07:43.373+0200] {processor.py:753} INFO - DAG(s) dict_keys(['tutorial']) retrieved from /home/humbulani/miniconda3/envs/apache-airflow/lib/python3.8/site-packages/airflow/example_dags/tutorial.py
[2023-03-28T00:07:43.391+0200] {logging_mixin.py:137} INFO - [2023-03-28T00:07:43.391+0200] {dag.py:2693} INFO - Sync 1 DAGs
[2023-03-28T00:07:43.409+0200] {logging_mixin.py:137} INFO - [2023-03-28T00:07:43.409+0200] {dag.py:3440} INFO - Setting next_dagrun for tutorial to 2023-03-26T22:07:43.409324+00:00, run_after=2023-03-27T22:07:43.409324+00:00
[2023-03-28T00:07:43.512+0200] {processor.py:175} INFO - Processing /home/humbulani/miniconda3/envs/apache-airflow/lib/python3.8/site-packages/airflow/example_dags/tutorial.py took 0.182 seconds
[2023-03-28T00:08:35.657+0200] {processor.py:153} INFO - Started process (PID=22931) to work on /home/humbulani/miniconda3/envs/apache-airflow/lib/python3.8/site-packages/airflow/example_dags/tutorial.py
[2023-03-28T00:08:35.667+0200] {processor.py:743} INFO - Processing file /home/humbulani/miniconda3/envs/apache-airflow/lib/python3.8/site-packages/airflow/example_dags/tutorial.py for tasks to queue
[2023-03-28T00:08:35.668+0200] {logging_mixin.py:137} INFO - [2023-03-28T00:08:35.668+0200] {dagbag.py:532} INFO - Filling up the DagBag from /home/humbulani/miniconda3/envs/apache-airflow/lib/python3.8/site-packages/airflow/example_dags/tutorial.py
[2023-03-28T00:08:35.681+0200] {processor.py:753} INFO - DAG(s) dict_keys(['tutorial']) retrieved from /home/humbulani/miniconda3/envs/apache-airflow/lib/python3.8/site-packages/airflow/example_dags/tutorial.py
[2023-03-28T00:08:35.698+0200] {logging_mixin.py:137} INFO - [2023-03-28T00:08:35.698+0200] {dag.py:2693} INFO - Sync 1 DAGs
[2023-03-28T00:08:35.717+0200] {logging_mixin.py:137} INFO - [2023-03-28T00:08:35.717+0200] {dag.py:3440} INFO - Setting next_dagrun for tutorial to 2023-03-26T22:08:35.716886+00:00, run_after=2023-03-27T22:08:35.716886+00:00
[2023-03-28T00:08:35.897+0200] {processor.py:175} INFO - Processing /home/humbulani/miniconda3/envs/apache-airflow/lib/python3.8/site-packages/airflow/example_dags/tutorial.py took 0.242 seconds
[2023-03-28T00:09:15.384+0200] {processor.py:153} INFO - Started process (PID=22974) to work on /home/humbulani/miniconda3/envs/apache-airflow/lib/python3.8/site-packages/airflow/example_dags/tutorial.py
[2023-03-28T00:09:15.385+0200] {processor.py:743} INFO - Processing file /home/humbulani/miniconda3/envs/apache-airflow/lib/python3.8/site-packages/airflow/example_dags/tutorial.py for tasks to queue
[2023-03-28T00:09:15.385+0200] {logging_mixin.py:137} INFO - [2023-03-28T00:09:15.385+0200] {dagbag.py:532} INFO - Filling up the DagBag from /home/humbulani/miniconda3/envs/apache-airflow/lib/python3.8/site-packages/airflow/example_dags/tutorial.py
[2023-03-28T00:09:15.400+0200] {processor.py:753} INFO - DAG(s) dict_keys(['tutorial']) retrieved from /home/humbulani/miniconda3/envs/apache-airflow/lib/python3.8/site-packages/airflow/example_dags/tutorial.py
[2023-03-28T00:09:15.416+0200] {logging_mixin.py:137} INFO - [2023-03-28T00:09:15.416+0200] {dag.py:2693} INFO - Sync 1 DAGs
[2023-03-28T00:09:15.512+0200] {logging_mixin.py:137} INFO - [2023-03-28T00:09:15.512+0200] {dag.py:3440} INFO - Setting next_dagrun for tutorial to 2023-03-26T22:09:15.512045+00:00, run_after=2023-03-27T22:09:15.512045+00:00
[2023-03-28T00:09:15.591+0200] {processor.py:175} INFO - Processing /home/humbulani/miniconda3/envs/apache-airflow/lib/python3.8/site-packages/airflow/example_dags/tutorial.py took 0.211 seconds
[2023-03-28T00:09:54.687+0200] {processor.py:153} INFO - Started process (PID=23010) to work on /home/humbulani/miniconda3/envs/apache-airflow/lib/python3.8/site-packages/airflow/example_dags/tutorial.py
[2023-03-28T00:09:54.705+0200] {processor.py:743} INFO - Processing file /home/humbulani/miniconda3/envs/apache-airflow/lib/python3.8/site-packages/airflow/example_dags/tutorial.py for tasks to queue
[2023-03-28T00:09:54.706+0200] {logging_mixin.py:137} INFO - [2023-03-28T00:09:54.706+0200] {dagbag.py:532} INFO - Filling up the DagBag from /home/humbulani/miniconda3/envs/apache-airflow/lib/python3.8/site-packages/airflow/example_dags/tutorial.py
[2023-03-28T00:09:54.718+0200] {processor.py:753} INFO - DAG(s) dict_keys(['tutorial']) retrieved from /home/humbulani/miniconda3/envs/apache-airflow/lib/python3.8/site-packages/airflow/example_dags/tutorial.py
[2023-03-28T00:09:54.734+0200] {logging_mixin.py:137} INFO - [2023-03-28T00:09:54.734+0200] {dag.py:2693} INFO - Sync 1 DAGs
[2023-03-28T00:09:54.829+0200] {logging_mixin.py:137} INFO - [2023-03-28T00:09:54.829+0200] {dag.py:3440} INFO - Setting next_dagrun for tutorial to 2023-03-26T22:09:54.829466+00:00, run_after=2023-03-27T22:09:54.829466+00:00
[2023-03-28T00:09:54.920+0200] {processor.py:175} INFO - Processing /home/humbulani/miniconda3/envs/apache-airflow/lib/python3.8/site-packages/airflow/example_dags/tutorial.py took 0.236 seconds
[2023-03-28T00:10:34.591+0200] {processor.py:153} INFO - Started process (PID=23044) to work on /home/humbulani/miniconda3/envs/apache-airflow/lib/python3.8/site-packages/airflow/example_dags/tutorial.py
[2023-03-28T00:10:34.603+0200] {processor.py:743} INFO - Processing file /home/humbulani/miniconda3/envs/apache-airflow/lib/python3.8/site-packages/airflow/example_dags/tutorial.py for tasks to queue
[2023-03-28T00:10:34.604+0200] {logging_mixin.py:137} INFO - [2023-03-28T00:10:34.604+0200] {dagbag.py:532} INFO - Filling up the DagBag from /home/humbulani/miniconda3/envs/apache-airflow/lib/python3.8/site-packages/airflow/example_dags/tutorial.py
[2023-03-28T00:10:34.617+0200] {processor.py:753} INFO - DAG(s) dict_keys(['tutorial']) retrieved from /home/humbulani/miniconda3/envs/apache-airflow/lib/python3.8/site-packages/airflow/example_dags/tutorial.py
[2023-03-28T00:10:34.719+0200] {logging_mixin.py:137} INFO - [2023-03-28T00:10:34.719+0200] {dag.py:2693} INFO - Sync 1 DAGs
[2023-03-28T00:10:34.737+0200] {logging_mixin.py:137} INFO - [2023-03-28T00:10:34.737+0200] {dag.py:3440} INFO - Setting next_dagrun for tutorial to 2023-03-26T22:10:34.737393+00:00, run_after=2023-03-27T22:10:34.737393+00:00
[2023-03-28T00:10:34.831+0200] {processor.py:175} INFO - Processing /home/humbulani/miniconda3/envs/apache-airflow/lib/python3.8/site-packages/airflow/example_dags/tutorial.py took 0.242 seconds
[2023-03-28T00:11:16.436+0200] {processor.py:153} INFO - Started process (PID=23083) to work on /home/humbulani/miniconda3/envs/apache-airflow/lib/python3.8/site-packages/airflow/example_dags/tutorial.py
[2023-03-28T00:11:16.456+0200] {processor.py:743} INFO - Processing file /home/humbulani/miniconda3/envs/apache-airflow/lib/python3.8/site-packages/airflow/example_dags/tutorial.py for tasks to queue
[2023-03-28T00:11:16.457+0200] {logging_mixin.py:137} INFO - [2023-03-28T00:11:16.457+0200] {dagbag.py:532} INFO - Filling up the DagBag from /home/humbulani/miniconda3/envs/apache-airflow/lib/python3.8/site-packages/airflow/example_dags/tutorial.py
[2023-03-28T00:11:16.469+0200] {processor.py:753} INFO - DAG(s) dict_keys(['tutorial']) retrieved from /home/humbulani/miniconda3/envs/apache-airflow/lib/python3.8/site-packages/airflow/example_dags/tutorial.py
[2023-03-28T00:11:16.563+0200] {logging_mixin.py:137} INFO - [2023-03-28T00:11:16.563+0200] {dag.py:2693} INFO - Sync 1 DAGs
[2023-03-28T00:11:16.579+0200] {logging_mixin.py:137} INFO - [2023-03-28T00:11:16.578+0200] {dag.py:3440} INFO - Setting next_dagrun for tutorial to 2023-03-26T22:11:16.578811+00:00, run_after=2023-03-27T22:11:16.578811+00:00
[2023-03-28T00:11:16.666+0200] {processor.py:175} INFO - Processing /home/humbulani/miniconda3/envs/apache-airflow/lib/python3.8/site-packages/airflow/example_dags/tutorial.py took 0.233 seconds
[2023-03-28T00:12:03.338+0200] {processor.py:153} INFO - Started process (PID=23119) to work on /home/humbulani/miniconda3/envs/apache-airflow/lib/python3.8/site-packages/airflow/example_dags/tutorial.py
[2023-03-28T00:12:03.339+0200] {processor.py:743} INFO - Processing file /home/humbulani/miniconda3/envs/apache-airflow/lib/python3.8/site-packages/airflow/example_dags/tutorial.py for tasks to queue
[2023-03-28T00:12:03.340+0200] {logging_mixin.py:137} INFO - [2023-03-28T00:12:03.340+0200] {dagbag.py:532} INFO - Filling up the DagBag from /home/humbulani/miniconda3/envs/apache-airflow/lib/python3.8/site-packages/airflow/example_dags/tutorial.py
[2023-03-28T00:12:03.438+0200] {processor.py:753} INFO - DAG(s) dict_keys(['tutorial']) retrieved from /home/humbulani/miniconda3/envs/apache-airflow/lib/python3.8/site-packages/airflow/example_dags/tutorial.py
[2023-03-28T00:12:03.455+0200] {logging_mixin.py:137} INFO - [2023-03-28T00:12:03.455+0200] {dag.py:2693} INFO - Sync 1 DAGs
[2023-03-28T00:12:03.471+0200] {logging_mixin.py:137} INFO - [2023-03-28T00:12:03.471+0200] {dag.py:3440} INFO - Setting next_dagrun for tutorial to 2023-03-26T22:12:03.471419+00:00, run_after=2023-03-27T22:12:03.471419+00:00
[2023-03-28T00:12:03.544+0200] {processor.py:175} INFO - Processing /home/humbulani/miniconda3/envs/apache-airflow/lib/python3.8/site-packages/airflow/example_dags/tutorial.py took 0.208 seconds
[2023-03-28T00:12:47.664+0200] {processor.py:153} INFO - Started process (PID=23185) to work on /home/humbulani/miniconda3/envs/apache-airflow/lib/python3.8/site-packages/airflow/example_dags/tutorial.py
[2023-03-28T00:12:47.674+0200] {processor.py:743} INFO - Processing file /home/humbulani/miniconda3/envs/apache-airflow/lib/python3.8/site-packages/airflow/example_dags/tutorial.py for tasks to queue
[2023-03-28T00:12:47.675+0200] {logging_mixin.py:137} INFO - [2023-03-28T00:12:47.675+0200] {dagbag.py:532} INFO - Filling up the DagBag from /home/humbulani/miniconda3/envs/apache-airflow/lib/python3.8/site-packages/airflow/example_dags/tutorial.py
[2023-03-28T00:12:47.687+0200] {processor.py:753} INFO - DAG(s) dict_keys(['tutorial']) retrieved from /home/humbulani/miniconda3/envs/apache-airflow/lib/python3.8/site-packages/airflow/example_dags/tutorial.py
[2023-03-28T00:12:47.702+0200] {logging_mixin.py:137} INFO - [2023-03-28T00:12:47.702+0200] {dag.py:2693} INFO - Sync 1 DAGs
[2023-03-28T00:12:47.720+0200] {logging_mixin.py:137} INFO - [2023-03-28T00:12:47.720+0200] {dag.py:3440} INFO - Setting next_dagrun for tutorial to 2023-03-26T22:12:47.720348+00:00, run_after=2023-03-27T22:12:47.720348+00:00
[2023-03-28T00:12:47.805+0200] {processor.py:175} INFO - Processing /home/humbulani/miniconda3/envs/apache-airflow/lib/python3.8/site-packages/airflow/example_dags/tutorial.py took 0.143 seconds
[2023-03-28T00:13:34.059+0200] {processor.py:153} INFO - Started process (PID=23238) to work on /home/humbulani/miniconda3/envs/apache-airflow/lib/python3.8/site-packages/airflow/example_dags/tutorial.py
[2023-03-28T00:13:34.069+0200] {processor.py:743} INFO - Processing file /home/humbulani/miniconda3/envs/apache-airflow/lib/python3.8/site-packages/airflow/example_dags/tutorial.py for tasks to queue
[2023-03-28T00:13:34.069+0200] {logging_mixin.py:137} INFO - [2023-03-28T00:13:34.069+0200] {dagbag.py:532} INFO - Filling up the DagBag from /home/humbulani/miniconda3/envs/apache-airflow/lib/python3.8/site-packages/airflow/example_dags/tutorial.py
[2023-03-28T00:13:34.081+0200] {processor.py:753} INFO - DAG(s) dict_keys(['tutorial']) retrieved from /home/humbulani/miniconda3/envs/apache-airflow/lib/python3.8/site-packages/airflow/example_dags/tutorial.py
[2023-03-28T00:13:34.098+0200] {logging_mixin.py:137} INFO - [2023-03-28T00:13:34.098+0200] {dag.py:2693} INFO - Sync 1 DAGs
[2023-03-28T00:13:34.116+0200] {logging_mixin.py:137} INFO - [2023-03-28T00:13:34.116+0200] {dag.py:3440} INFO - Setting next_dagrun for tutorial to 2023-03-26T22:13:34.115911+00:00, run_after=2023-03-27T22:13:34.115911+00:00
[2023-03-28T00:13:34.228+0200] {processor.py:175} INFO - Processing /home/humbulani/miniconda3/envs/apache-airflow/lib/python3.8/site-packages/airflow/example_dags/tutorial.py took 0.172 seconds
[2023-03-28T00:14:16.772+0200] {processor.py:153} INFO - Started process (PID=23281) to work on /home/humbulani/miniconda3/envs/apache-airflow/lib/python3.8/site-packages/airflow/example_dags/tutorial.py
[2023-03-28T00:14:16.780+0200] {processor.py:743} INFO - Processing file /home/humbulani/miniconda3/envs/apache-airflow/lib/python3.8/site-packages/airflow/example_dags/tutorial.py for tasks to queue
[2023-03-28T00:14:16.780+0200] {logging_mixin.py:137} INFO - [2023-03-28T00:14:16.780+0200] {dagbag.py:532} INFO - Filling up the DagBag from /home/humbulani/miniconda3/envs/apache-airflow/lib/python3.8/site-packages/airflow/example_dags/tutorial.py
[2023-03-28T00:14:16.793+0200] {processor.py:753} INFO - DAG(s) dict_keys(['tutorial']) retrieved from /home/humbulani/miniconda3/envs/apache-airflow/lib/python3.8/site-packages/airflow/example_dags/tutorial.py
[2023-03-28T00:14:16.810+0200] {logging_mixin.py:137} INFO - [2023-03-28T00:14:16.810+0200] {dag.py:2693} INFO - Sync 1 DAGs
[2023-03-28T00:14:16.827+0200] {logging_mixin.py:137} INFO - [2023-03-28T00:14:16.826+0200] {dag.py:3440} INFO - Setting next_dagrun for tutorial to 2023-03-26T22:14:16.826794+00:00, run_after=2023-03-27T22:14:16.826794+00:00
[2023-03-28T00:14:16.929+0200] {processor.py:175} INFO - Processing /home/humbulani/miniconda3/envs/apache-airflow/lib/python3.8/site-packages/airflow/example_dags/tutorial.py took 0.160 seconds
[2023-03-28T00:15:07.047+0200] {processor.py:153} INFO - Started process (PID=23331) to work on /home/humbulani/miniconda3/envs/apache-airflow/lib/python3.8/site-packages/airflow/example_dags/tutorial.py
[2023-03-28T00:15:07.062+0200] {processor.py:743} INFO - Processing file /home/humbulani/miniconda3/envs/apache-airflow/lib/python3.8/site-packages/airflow/example_dags/tutorial.py for tasks to queue
[2023-03-28T00:15:07.063+0200] {logging_mixin.py:137} INFO - [2023-03-28T00:15:07.063+0200] {dagbag.py:532} INFO - Filling up the DagBag from /home/humbulani/miniconda3/envs/apache-airflow/lib/python3.8/site-packages/airflow/example_dags/tutorial.py
[2023-03-28T00:15:07.076+0200] {processor.py:753} INFO - DAG(s) dict_keys(['tutorial']) retrieved from /home/humbulani/miniconda3/envs/apache-airflow/lib/python3.8/site-packages/airflow/example_dags/tutorial.py
[2023-03-28T00:15:07.092+0200] {logging_mixin.py:137} INFO - [2023-03-28T00:15:07.092+0200] {dag.py:2693} INFO - Sync 1 DAGs
[2023-03-28T00:15:07.110+0200] {logging_mixin.py:137} INFO - [2023-03-28T00:15:07.110+0200] {dag.py:3440} INFO - Setting next_dagrun for tutorial to 2023-03-26T22:15:07.110082+00:00, run_after=2023-03-27T22:15:07.110082+00:00
[2023-03-28T00:15:07.193+0200] {processor.py:175} INFO - Processing /home/humbulani/miniconda3/envs/apache-airflow/lib/python3.8/site-packages/airflow/example_dags/tutorial.py took 0.149 seconds
[2023-03-28T00:15:52.409+0200] {processor.py:153} INFO - Started process (PID=23410) to work on /home/humbulani/miniconda3/envs/apache-airflow/lib/python3.8/site-packages/airflow/example_dags/tutorial.py
[2023-03-28T00:15:52.419+0200] {processor.py:743} INFO - Processing file /home/humbulani/miniconda3/envs/apache-airflow/lib/python3.8/site-packages/airflow/example_dags/tutorial.py for tasks to queue
[2023-03-28T00:15:52.420+0200] {logging_mixin.py:137} INFO - [2023-03-28T00:15:52.420+0200] {dagbag.py:532} INFO - Filling up the DagBag from /home/humbulani/miniconda3/envs/apache-airflow/lib/python3.8/site-packages/airflow/example_dags/tutorial.py
[2023-03-28T00:15:52.431+0200] {processor.py:753} INFO - DAG(s) dict_keys(['tutorial']) retrieved from /home/humbulani/miniconda3/envs/apache-airflow/lib/python3.8/site-packages/airflow/example_dags/tutorial.py
[2023-03-28T00:15:52.447+0200] {logging_mixin.py:137} INFO - [2023-03-28T00:15:52.447+0200] {dag.py:2693} INFO - Sync 1 DAGs
[2023-03-28T00:15:52.465+0200] {logging_mixin.py:137} INFO - [2023-03-28T00:15:52.465+0200] {dag.py:3440} INFO - Setting next_dagrun for tutorial to 2023-03-26T22:15:52.465378+00:00, run_after=2023-03-27T22:15:52.465378+00:00
[2023-03-28T00:15:52.913+0200] {processor.py:175} INFO - Processing /home/humbulani/miniconda3/envs/apache-airflow/lib/python3.8/site-packages/airflow/example_dags/tutorial.py took 0.508 seconds
[2023-03-28T00:16:43.521+0200] {processor.py:153} INFO - Started process (PID=23482) to work on /home/humbulani/miniconda3/envs/apache-airflow/lib/python3.8/site-packages/airflow/example_dags/tutorial.py
[2023-03-28T00:16:43.527+0200] {processor.py:743} INFO - Processing file /home/humbulani/miniconda3/envs/apache-airflow/lib/python3.8/site-packages/airflow/example_dags/tutorial.py for tasks to queue
[2023-03-28T00:16:43.528+0200] {logging_mixin.py:137} INFO - [2023-03-28T00:16:43.528+0200] {dagbag.py:532} INFO - Filling up the DagBag from /home/humbulani/miniconda3/envs/apache-airflow/lib/python3.8/site-packages/airflow/example_dags/tutorial.py
[2023-03-28T00:16:43.540+0200] {processor.py:753} INFO - DAG(s) dict_keys(['tutorial']) retrieved from /home/humbulani/miniconda3/envs/apache-airflow/lib/python3.8/site-packages/airflow/example_dags/tutorial.py
[2023-03-28T00:16:43.557+0200] {logging_mixin.py:137} INFO - [2023-03-28T00:16:43.557+0200] {dag.py:2693} INFO - Sync 1 DAGs
[2023-03-28T00:16:43.577+0200] {logging_mixin.py:137} INFO - [2023-03-28T00:16:43.577+0200] {dag.py:3440} INFO - Setting next_dagrun for tutorial to 2023-03-26T22:16:43.577023+00:00, run_after=2023-03-27T22:16:43.577023+00:00
[2023-03-28T00:16:43.668+0200] {processor.py:175} INFO - Processing /home/humbulani/miniconda3/envs/apache-airflow/lib/python3.8/site-packages/airflow/example_dags/tutorial.py took 0.149 seconds
[2023-03-28T00:17:32.567+0200] {processor.py:153} INFO - Started process (PID=23599) to work on /home/humbulani/miniconda3/envs/apache-airflow/lib/python3.8/site-packages/airflow/example_dags/tutorial.py
[2023-03-28T00:17:32.582+0200] {processor.py:743} INFO - Processing file /home/humbulani/miniconda3/envs/apache-airflow/lib/python3.8/site-packages/airflow/example_dags/tutorial.py for tasks to queue
[2023-03-28T00:17:32.582+0200] {logging_mixin.py:137} INFO - [2023-03-28T00:17:32.582+0200] {dagbag.py:532} INFO - Filling up the DagBag from /home/humbulani/miniconda3/envs/apache-airflow/lib/python3.8/site-packages/airflow/example_dags/tutorial.py
[2023-03-28T00:17:32.595+0200] {processor.py:753} INFO - DAG(s) dict_keys(['tutorial']) retrieved from /home/humbulani/miniconda3/envs/apache-airflow/lib/python3.8/site-packages/airflow/example_dags/tutorial.py
[2023-03-28T00:17:32.612+0200] {logging_mixin.py:137} INFO - [2023-03-28T00:17:32.612+0200] {dag.py:2693} INFO - Sync 1 DAGs
[2023-03-28T00:17:32.632+0200] {logging_mixin.py:137} INFO - [2023-03-28T00:17:32.631+0200] {dag.py:3440} INFO - Setting next_dagrun for tutorial to 2023-03-26T22:17:32.631507+00:00, run_after=2023-03-27T22:17:32.631507+00:00
[2023-03-28T00:17:32.718+0200] {processor.py:175} INFO - Processing /home/humbulani/miniconda3/envs/apache-airflow/lib/python3.8/site-packages/airflow/example_dags/tutorial.py took 0.153 seconds
[2023-03-28T00:18:15.803+0200] {processor.py:153} INFO - Started process (PID=23644) to work on /home/humbulani/miniconda3/envs/apache-airflow/lib/python3.8/site-packages/airflow/example_dags/tutorial.py
[2023-03-28T00:18:15.813+0200] {processor.py:743} INFO - Processing file /home/humbulani/miniconda3/envs/apache-airflow/lib/python3.8/site-packages/airflow/example_dags/tutorial.py for tasks to queue
[2023-03-28T00:18:15.813+0200] {logging_mixin.py:137} INFO - [2023-03-28T00:18:15.813+0200] {dagbag.py:532} INFO - Filling up the DagBag from /home/humbulani/miniconda3/envs/apache-airflow/lib/python3.8/site-packages/airflow/example_dags/tutorial.py
[2023-03-28T00:18:15.829+0200] {processor.py:753} INFO - DAG(s) dict_keys(['tutorial']) retrieved from /home/humbulani/miniconda3/envs/apache-airflow/lib/python3.8/site-packages/airflow/example_dags/tutorial.py
[2023-03-28T00:18:15.848+0200] {logging_mixin.py:137} INFO - [2023-03-28T00:18:15.847+0200] {dag.py:2693} INFO - Sync 1 DAGs
[2023-03-28T00:18:15.864+0200] {logging_mixin.py:137} INFO - [2023-03-28T00:18:15.864+0200] {dag.py:3440} INFO - Setting next_dagrun for tutorial to 2023-03-26T22:18:15.864344+00:00, run_after=2023-03-27T22:18:15.864344+00:00
[2023-03-28T00:18:15.958+0200] {processor.py:175} INFO - Processing /home/humbulani/miniconda3/envs/apache-airflow/lib/python3.8/site-packages/airflow/example_dags/tutorial.py took 0.157 seconds
[2023-03-28T00:19:03.084+0200] {processor.py:153} INFO - Started process (PID=23688) to work on /home/humbulani/miniconda3/envs/apache-airflow/lib/python3.8/site-packages/airflow/example_dags/tutorial.py
[2023-03-28T00:19:03.094+0200] {processor.py:743} INFO - Processing file /home/humbulani/miniconda3/envs/apache-airflow/lib/python3.8/site-packages/airflow/example_dags/tutorial.py for tasks to queue
[2023-03-28T00:19:03.095+0200] {logging_mixin.py:137} INFO - [2023-03-28T00:19:03.095+0200] {dagbag.py:532} INFO - Filling up the DagBag from /home/humbulani/miniconda3/envs/apache-airflow/lib/python3.8/site-packages/airflow/example_dags/tutorial.py
[2023-03-28T00:19:03.107+0200] {processor.py:753} INFO - DAG(s) dict_keys(['tutorial']) retrieved from /home/humbulani/miniconda3/envs/apache-airflow/lib/python3.8/site-packages/airflow/example_dags/tutorial.py
[2023-03-28T00:19:03.123+0200] {logging_mixin.py:137} INFO - [2023-03-28T00:19:03.122+0200] {dag.py:2693} INFO - Sync 1 DAGs
[2023-03-28T00:19:03.139+0200] {logging_mixin.py:137} INFO - [2023-03-28T00:19:03.139+0200] {dag.py:3440} INFO - Setting next_dagrun for tutorial to 2023-03-26T22:19:03.139431+00:00, run_after=2023-03-27T22:19:03.139431+00:00
[2023-03-28T00:19:03.228+0200] {processor.py:175} INFO - Processing /home/humbulani/miniconda3/envs/apache-airflow/lib/python3.8/site-packages/airflow/example_dags/tutorial.py took 0.147 seconds
[2023-03-28T00:19:48.754+0200] {processor.py:153} INFO - Started process (PID=23734) to work on /home/humbulani/miniconda3/envs/apache-airflow/lib/python3.8/site-packages/airflow/example_dags/tutorial.py
[2023-03-28T00:19:48.763+0200] {processor.py:743} INFO - Processing file /home/humbulani/miniconda3/envs/apache-airflow/lib/python3.8/site-packages/airflow/example_dags/tutorial.py for tasks to queue
[2023-03-28T00:19:48.763+0200] {logging_mixin.py:137} INFO - [2023-03-28T00:19:48.763+0200] {dagbag.py:532} INFO - Filling up the DagBag from /home/humbulani/miniconda3/envs/apache-airflow/lib/python3.8/site-packages/airflow/example_dags/tutorial.py
[2023-03-28T00:19:48.776+0200] {processor.py:753} INFO - DAG(s) dict_keys(['tutorial']) retrieved from /home/humbulani/miniconda3/envs/apache-airflow/lib/python3.8/site-packages/airflow/example_dags/tutorial.py
[2023-03-28T00:19:48.793+0200] {logging_mixin.py:137} INFO - [2023-03-28T00:19:48.793+0200] {dag.py:2693} INFO - Sync 1 DAGs
[2023-03-28T00:19:48.811+0200] {logging_mixin.py:137} INFO - [2023-03-28T00:19:48.810+0200] {dag.py:3440} INFO - Setting next_dagrun for tutorial to 2023-03-26T22:19:48.810682+00:00, run_after=2023-03-27T22:19:48.810682+00:00
[2023-03-28T00:19:48.919+0200] {processor.py:175} INFO - Processing /home/humbulani/miniconda3/envs/apache-airflow/lib/python3.8/site-packages/airflow/example_dags/tutorial.py took 0.168 seconds
[2023-03-28T00:20:40.999+0200] {processor.py:153} INFO - Started process (PID=23784) to work on /home/humbulani/miniconda3/envs/apache-airflow/lib/python3.8/site-packages/airflow/example_dags/tutorial.py
[2023-03-28T00:20:41.003+0200] {processor.py:743} INFO - Processing file /home/humbulani/miniconda3/envs/apache-airflow/lib/python3.8/site-packages/airflow/example_dags/tutorial.py for tasks to queue
[2023-03-28T00:20:41.003+0200] {logging_mixin.py:137} INFO - [2023-03-28T00:20:41.003+0200] {dagbag.py:532} INFO - Filling up the DagBag from /home/humbulani/miniconda3/envs/apache-airflow/lib/python3.8/site-packages/airflow/example_dags/tutorial.py
[2023-03-28T00:20:41.019+0200] {processor.py:753} INFO - DAG(s) dict_keys(['tutorial']) retrieved from /home/humbulani/miniconda3/envs/apache-airflow/lib/python3.8/site-packages/airflow/example_dags/tutorial.py
[2023-03-28T00:20:41.036+0200] {logging_mixin.py:137} INFO - [2023-03-28T00:20:41.036+0200] {dag.py:2693} INFO - Sync 1 DAGs
[2023-03-28T00:20:41.054+0200] {logging_mixin.py:137} INFO - [2023-03-28T00:20:41.054+0200] {dag.py:3440} INFO - Setting next_dagrun for tutorial to 2023-03-26T22:20:41.054110+00:00, run_after=2023-03-27T22:20:41.054110+00:00
[2023-03-28T00:20:41.141+0200] {processor.py:175} INFO - Processing /home/humbulani/miniconda3/envs/apache-airflow/lib/python3.8/site-packages/airflow/example_dags/tutorial.py took 0.146 seconds
[2023-03-28T00:21:23.388+0200] {processor.py:153} INFO - Started process (PID=23836) to work on /home/humbulani/miniconda3/envs/apache-airflow/lib/python3.8/site-packages/airflow/example_dags/tutorial.py
[2023-03-28T00:21:23.399+0200] {processor.py:743} INFO - Processing file /home/humbulani/miniconda3/envs/apache-airflow/lib/python3.8/site-packages/airflow/example_dags/tutorial.py for tasks to queue
[2023-03-28T00:21:23.400+0200] {logging_mixin.py:137} INFO - [2023-03-28T00:21:23.400+0200] {dagbag.py:532} INFO - Filling up the DagBag from /home/humbulani/miniconda3/envs/apache-airflow/lib/python3.8/site-packages/airflow/example_dags/tutorial.py
[2023-03-28T00:21:23.413+0200] {processor.py:753} INFO - DAG(s) dict_keys(['tutorial']) retrieved from /home/humbulani/miniconda3/envs/apache-airflow/lib/python3.8/site-packages/airflow/example_dags/tutorial.py
[2023-03-28T00:21:23.431+0200] {logging_mixin.py:137} INFO - [2023-03-28T00:21:23.431+0200] {dag.py:2693} INFO - Sync 1 DAGs
[2023-03-28T00:21:23.450+0200] {logging_mixin.py:137} INFO - [2023-03-28T00:21:23.450+0200] {dag.py:3440} INFO - Setting next_dagrun for tutorial to 2023-03-26T22:21:23.449924+00:00, run_after=2023-03-27T22:21:23.449924+00:00
[2023-03-28T00:21:23.580+0200] {processor.py:175} INFO - Processing /home/humbulani/miniconda3/envs/apache-airflow/lib/python3.8/site-packages/airflow/example_dags/tutorial.py took 0.195 seconds
[2023-03-28T00:22:05.209+0200] {processor.py:153} INFO - Started process (PID=23873) to work on /home/humbulani/miniconda3/envs/apache-airflow/lib/python3.8/site-packages/airflow/example_dags/tutorial.py
[2023-03-28T00:22:05.265+0200] {processor.py:743} INFO - Processing file /home/humbulani/miniconda3/envs/apache-airflow/lib/python3.8/site-packages/airflow/example_dags/tutorial.py for tasks to queue
[2023-03-28T00:22:05.266+0200] {logging_mixin.py:137} INFO - [2023-03-28T00:22:05.266+0200] {dagbag.py:532} INFO - Filling up the DagBag from /home/humbulani/miniconda3/envs/apache-airflow/lib/python3.8/site-packages/airflow/example_dags/tutorial.py
[2023-03-28T00:22:05.282+0200] {processor.py:753} INFO - DAG(s) dict_keys(['tutorial']) retrieved from /home/humbulani/miniconda3/envs/apache-airflow/lib/python3.8/site-packages/airflow/example_dags/tutorial.py
[2023-03-28T00:22:05.302+0200] {logging_mixin.py:137} INFO - [2023-03-28T00:22:05.302+0200] {dag.py:2693} INFO - Sync 1 DAGs
[2023-03-28T00:22:05.319+0200] {logging_mixin.py:137} INFO - [2023-03-28T00:22:05.319+0200] {dag.py:3440} INFO - Setting next_dagrun for tutorial to 2023-03-26T22:22:05.319344+00:00, run_after=2023-03-27T22:22:05.319344+00:00
[2023-03-28T00:22:05.407+0200] {processor.py:175} INFO - Processing /home/humbulani/miniconda3/envs/apache-airflow/lib/python3.8/site-packages/airflow/example_dags/tutorial.py took 0.200 seconds
