[2023-03-28T00:56:54.911+0200] {taskinstance.py:1084} INFO - Dependencies all met for dep_context=non-requeueable deps ti=<TaskInstance: mysql_dag.insert_data manual__2023-03-27T22:56:49.667397+00:00 [queued]>
[2023-03-28T00:56:54.922+0200] {taskinstance.py:1084} INFO - Dependencies all met for dep_context=requeueable deps ti=<TaskInstance: mysql_dag.insert_data manual__2023-03-27T22:56:49.667397+00:00 [queued]>
[2023-03-28T00:56:54.922+0200] {taskinstance.py:1282} INFO - 
--------------------------------------------------------------------------------
[2023-03-28T00:56:54.922+0200] {taskinstance.py:1283} INFO - Starting attempt 1 of 1
[2023-03-28T00:56:54.922+0200] {taskinstance.py:1284} INFO - 
--------------------------------------------------------------------------------
[2023-03-28T00:56:55.001+0200] {taskinstance.py:1303} INFO - Executing <Task(PythonOperator): insert_data> on 2023-03-27 22:56:49.667397+00:00
[2023-03-28T00:56:55.006+0200] {standard_task_runner.py:55} INFO - Started process 25966 to run task
[2023-03-28T00:56:55.009+0200] {standard_task_runner.py:82} INFO - Running: ['airflow', 'tasks', 'run', 'mysql_dag', 'insert_data', 'manual__2023-03-27T22:56:49.667397+00:00', '--job-id', '6', '--raw', '--subdir', 'DAGS_FOLDER/new2_dag.py', '--cfg-path', '/tmp/tmp68gt3za9']
[2023-03-28T00:56:55.011+0200] {standard_task_runner.py:83} INFO - Job 6: Subtask insert_data
[2023-03-28T00:56:55.195+0200] {task_command.py:388} INFO - Running <TaskInstance: mysql_dag.insert_data manual__2023-03-27T22:56:49.667397+00:00 [running]> on host namenode
[2023-03-28T00:56:55.639+0200] {taskinstance.py:1509} INFO - Exporting the following env vars:
AIRFLOW_CTX_DAG_OWNER=airflow
AIRFLOW_CTX_DAG_ID=mysql_dag
AIRFLOW_CTX_TASK_ID=insert_data
AIRFLOW_CTX_EXECUTION_DATE=2023-03-27T22:56:49.667397+00:00
AIRFLOW_CTX_TRY_NUMBER=1
AIRFLOW_CTX_DAG_RUN_ID=manual__2023-03-27T22:56:49.667397+00:00
[2023-03-28T00:57:56.931+0200] {python.py:177} INFO - Done. Returned value was: None
[2023-03-28T00:57:56.945+0200] {taskinstance.py:1321} INFO - Marking task as SUCCESS. dag_id=mysql_dag, task_id=insert_data, execution_date=20230327T225649, start_date=20230327T225654, end_date=20230327T225756
[2023-03-28T00:57:57.091+0200] {local_task_job.py:212} INFO - Task exited with return code 0
[2023-03-28T00:57:57.117+0200] {taskinstance.py:2585} INFO - 1 downstream tasks scheduled from follow-on schedule check
