[2023-03-29T22:34:54.808+0200] {taskinstance.py:1084} INFO - Dependencies all met for dep_context=non-requeueable deps ti=<TaskInstance: ssh.SSHOperator manual__2023-03-29T20:34:52.170254+00:00 [queued]>
[2023-03-29T22:34:54.825+0200] {taskinstance.py:1084} INFO - Dependencies all met for dep_context=requeueable deps ti=<TaskInstance: ssh.SSHOperator manual__2023-03-29T20:34:52.170254+00:00 [queued]>
[2023-03-29T22:34:54.825+0200] {taskinstance.py:1282} INFO - 
--------------------------------------------------------------------------------
[2023-03-29T22:34:54.825+0200] {taskinstance.py:1283} INFO - Starting attempt 1 of 1
[2023-03-29T22:34:54.826+0200] {taskinstance.py:1284} INFO - 
--------------------------------------------------------------------------------
[2023-03-29T22:34:54.922+0200] {taskinstance.py:1303} INFO - Executing <Task(SSHOperator): SSHOperator> on 2023-03-29 20:34:52.170254+00:00
[2023-03-29T22:34:54.927+0200] {standard_task_runner.py:55} INFO - Started process 24560 to run task
[2023-03-29T22:34:54.930+0200] {standard_task_runner.py:82} INFO - Running: ['airflow', 'tasks', 'run', 'ssh', 'SSHOperator', 'manual__2023-03-29T20:34:52.170254+00:00', '--job-id', '10', '--raw', '--subdir', 'DAGS_FOLDER/ssh_dag.py', '--cfg-path', '/tmp/tmpjwbnme0a']
[2023-03-29T22:34:54.932+0200] {standard_task_runner.py:83} INFO - Job 10: Subtask SSHOperator
[2023-03-29T22:34:55.184+0200] {task_command.py:388} INFO - Running <TaskInstance: ssh.SSHOperator manual__2023-03-29T20:34:52.170254+00:00 [running]> on host namenode
[2023-03-29T22:34:55.756+0200] {taskinstance.py:1509} INFO - Exporting the following env vars:
AIRFLOW_CTX_DAG_OWNER=airflow
AIRFLOW_CTX_DAG_ID=ssh
AIRFLOW_CTX_TASK_ID=SSHOperator
AIRFLOW_CTX_EXECUTION_DATE=2023-03-29T20:34:52.170254+00:00
AIRFLOW_CTX_TRY_NUMBER=1
AIRFLOW_CTX_DAG_RUN_ID=manual__2023-03-29T20:34:52.170254+00:00
[2023-03-29T22:34:55.757+0200] {ssh.py:135} INFO - Creating ssh_client
[2023-03-29T22:34:55.802+0200] {ssh.py:112} INFO - ssh_hook is not provided or invalid. Trying ssh_conn_id to create SSHHook.
[2023-03-29T22:34:55.827+0200] {base.py:73} INFO - Using connection ID 'ssh_connection' for task execution.
[2023-03-29T22:34:55.833+0200] {ssh.py:299} WARNING - No Host Key Verification. This won't protect against Man-In-The-Middle attacks
[2023-03-29T22:34:55.850+0200] {transport.py:1873} INFO - Connected (version 2.0, client OpenSSH_8.9p1)
[2023-03-29T22:34:55.927+0200] {transport.py:1873} INFO - Authentication (publickey) successful!
[2023-03-29T22:34:55.928+0200] {ssh.py:476} INFO - Running command: echo "Text from SSH Operator"
[2023-03-29T22:34:56.042+0200] {ssh.py:516} INFO - Text from SSH Operator
[2023-03-29T22:34:56.668+0200] {taskinstance.py:1321} INFO - Marking task as SUCCESS. dag_id=ssh, task_id=SSHOperator, execution_date=20230329T203452, start_date=20230329T203454, end_date=20230329T203456
[2023-03-29T22:34:56.927+0200] {local_task_job.py:212} INFO - Task exited with return code 0
[2023-03-29T22:34:56.953+0200] {taskinstance.py:2585} INFO - 0 downstream tasks scheduled from follow-on schedule check
