[2023-03-28T00:03:46.687+0200] {processor.py:153} INFO - Started process (PID=22489) to work on /home/humbulani/miniconda3/envs/apache-airflow/lib/python3.8/site-packages/airflow/example_dags/plugins/event_listener.py
[2023-03-28T00:03:46.688+0200] {processor.py:743} INFO - Processing file /home/humbulani/miniconda3/envs/apache-airflow/lib/python3.8/site-packages/airflow/example_dags/plugins/event_listener.py for tasks to queue
[2023-03-28T00:03:46.688+0200] {logging_mixin.py:137} INFO - [2023-03-28T00:03:46.688+0200] {dagbag.py:532} INFO - Filling up the DagBag from /home/humbulani/miniconda3/envs/apache-airflow/lib/python3.8/site-packages/airflow/example_dags/plugins/event_listener.py
[2023-03-28T00:03:46.689+0200] {processor.py:755} WARNING - No viable dags retrieved from /home/humbulani/miniconda3/envs/apache-airflow/lib/python3.8/site-packages/airflow/example_dags/plugins/event_listener.py
[2023-03-28T00:03:46.699+0200] {processor.py:175} INFO - Processing /home/humbulani/miniconda3/envs/apache-airflow/lib/python3.8/site-packages/airflow/example_dags/plugins/event_listener.py took 0.014 seconds
[2023-03-28T00:04:35.221+0200] {processor.py:153} INFO - Started process (PID=22579) to work on /home/humbulani/miniconda3/envs/apache-airflow/lib/python3.8/site-packages/airflow/example_dags/plugins/event_listener.py
[2023-03-28T00:04:35.239+0200] {processor.py:743} INFO - Processing file /home/humbulani/miniconda3/envs/apache-airflow/lib/python3.8/site-packages/airflow/example_dags/plugins/event_listener.py for tasks to queue
[2023-03-28T00:04:35.240+0200] {logging_mixin.py:137} INFO - [2023-03-28T00:04:35.240+0200] {dagbag.py:532} INFO - Filling up the DagBag from /home/humbulani/miniconda3/envs/apache-airflow/lib/python3.8/site-packages/airflow/example_dags/plugins/event_listener.py
[2023-03-28T00:04:35.241+0200] {processor.py:755} WARNING - No viable dags retrieved from /home/humbulani/miniconda3/envs/apache-airflow/lib/python3.8/site-packages/airflow/example_dags/plugins/event_listener.py
[2023-03-28T00:04:35.250+0200] {processor.py:175} INFO - Processing /home/humbulani/miniconda3/envs/apache-airflow/lib/python3.8/site-packages/airflow/example_dags/plugins/event_listener.py took 0.032 seconds
[2023-03-28T00:05:17.271+0200] {processor.py:153} INFO - Started process (PID=22614) to work on /home/humbulani/miniconda3/envs/apache-airflow/lib/python3.8/site-packages/airflow/example_dags/plugins/event_listener.py
[2023-03-28T00:05:17.272+0200] {processor.py:743} INFO - Processing file /home/humbulani/miniconda3/envs/apache-airflow/lib/python3.8/site-packages/airflow/example_dags/plugins/event_listener.py for tasks to queue
[2023-03-28T00:05:17.273+0200] {logging_mixin.py:137} INFO - [2023-03-28T00:05:17.273+0200] {dagbag.py:532} INFO - Filling up the DagBag from /home/humbulani/miniconda3/envs/apache-airflow/lib/python3.8/site-packages/airflow/example_dags/plugins/event_listener.py
[2023-03-28T00:05:17.274+0200] {processor.py:755} WARNING - No viable dags retrieved from /home/humbulani/miniconda3/envs/apache-airflow/lib/python3.8/site-packages/airflow/example_dags/plugins/event_listener.py
[2023-03-28T00:05:17.281+0200] {processor.py:175} INFO - Processing /home/humbulani/miniconda3/envs/apache-airflow/lib/python3.8/site-packages/airflow/example_dags/plugins/event_listener.py took 0.012 seconds
[2023-03-28T00:05:52.169+0200] {processor.py:153} INFO - Started process (PID=22693) to work on /home/humbulani/miniconda3/envs/apache-airflow/lib/python3.8/site-packages/airflow/example_dags/plugins/event_listener.py
[2023-03-28T00:05:52.170+0200] {processor.py:743} INFO - Processing file /home/humbulani/miniconda3/envs/apache-airflow/lib/python3.8/site-packages/airflow/example_dags/plugins/event_listener.py for tasks to queue
[2023-03-28T00:05:52.170+0200] {logging_mixin.py:137} INFO - [2023-03-28T00:05:52.170+0200] {dagbag.py:532} INFO - Filling up the DagBag from /home/humbulani/miniconda3/envs/apache-airflow/lib/python3.8/site-packages/airflow/example_dags/plugins/event_listener.py
[2023-03-28T00:05:52.172+0200] {processor.py:755} WARNING - No viable dags retrieved from /home/humbulani/miniconda3/envs/apache-airflow/lib/python3.8/site-packages/airflow/example_dags/plugins/event_listener.py
[2023-03-28T00:05:52.180+0200] {processor.py:175} INFO - Processing /home/humbulani/miniconda3/envs/apache-airflow/lib/python3.8/site-packages/airflow/example_dags/plugins/event_listener.py took 0.013 seconds
[2023-03-28T00:06:37.288+0200] {processor.py:153} INFO - Started process (PID=22767) to work on /home/humbulani/miniconda3/envs/apache-airflow/lib/python3.8/site-packages/airflow/example_dags/plugins/event_listener.py
[2023-03-28T00:06:37.289+0200] {processor.py:743} INFO - Processing file /home/humbulani/miniconda3/envs/apache-airflow/lib/python3.8/site-packages/airflow/example_dags/plugins/event_listener.py for tasks to queue
[2023-03-28T00:06:37.290+0200] {logging_mixin.py:137} INFO - [2023-03-28T00:06:37.290+0200] {dagbag.py:532} INFO - Filling up the DagBag from /home/humbulani/miniconda3/envs/apache-airflow/lib/python3.8/site-packages/airflow/example_dags/plugins/event_listener.py
[2023-03-28T00:06:37.291+0200] {processor.py:755} WARNING - No viable dags retrieved from /home/humbulani/miniconda3/envs/apache-airflow/lib/python3.8/site-packages/airflow/example_dags/plugins/event_listener.py
[2023-03-28T00:06:37.299+0200] {processor.py:175} INFO - Processing /home/humbulani/miniconda3/envs/apache-airflow/lib/python3.8/site-packages/airflow/example_dags/plugins/event_listener.py took 0.014 seconds
[2023-03-28T00:07:21.369+0200] {processor.py:153} INFO - Started process (PID=22811) to work on /home/humbulani/miniconda3/envs/apache-airflow/lib/python3.8/site-packages/airflow/example_dags/plugins/event_listener.py
[2023-03-28T00:07:21.370+0200] {processor.py:743} INFO - Processing file /home/humbulani/miniconda3/envs/apache-airflow/lib/python3.8/site-packages/airflow/example_dags/plugins/event_listener.py for tasks to queue
[2023-03-28T00:07:21.370+0200] {logging_mixin.py:137} INFO - [2023-03-28T00:07:21.370+0200] {dagbag.py:532} INFO - Filling up the DagBag from /home/humbulani/miniconda3/envs/apache-airflow/lib/python3.8/site-packages/airflow/example_dags/plugins/event_listener.py
[2023-03-28T00:07:21.372+0200] {processor.py:755} WARNING - No viable dags retrieved from /home/humbulani/miniconda3/envs/apache-airflow/lib/python3.8/site-packages/airflow/example_dags/plugins/event_listener.py
[2023-03-28T00:07:21.379+0200] {processor.py:175} INFO - Processing /home/humbulani/miniconda3/envs/apache-airflow/lib/python3.8/site-packages/airflow/example_dags/plugins/event_listener.py took 0.012 seconds
[2023-03-28T00:07:59.504+0200] {processor.py:153} INFO - Started process (PID=22883) to work on /home/humbulani/miniconda3/envs/apache-airflow/lib/python3.8/site-packages/airflow/example_dags/plugins/event_listener.py
[2023-03-28T00:07:59.505+0200] {processor.py:743} INFO - Processing file /home/humbulani/miniconda3/envs/apache-airflow/lib/python3.8/site-packages/airflow/example_dags/plugins/event_listener.py for tasks to queue
[2023-03-28T00:07:59.505+0200] {logging_mixin.py:137} INFO - [2023-03-28T00:07:59.505+0200] {dagbag.py:532} INFO - Filling up the DagBag from /home/humbulani/miniconda3/envs/apache-airflow/lib/python3.8/site-packages/airflow/example_dags/plugins/event_listener.py
[2023-03-28T00:07:59.507+0200] {processor.py:755} WARNING - No viable dags retrieved from /home/humbulani/miniconda3/envs/apache-airflow/lib/python3.8/site-packages/airflow/example_dags/plugins/event_listener.py
[2023-03-28T00:07:59.515+0200] {processor.py:175} INFO - Processing /home/humbulani/miniconda3/envs/apache-airflow/lib/python3.8/site-packages/airflow/example_dags/plugins/event_listener.py took 0.014 seconds
[2023-03-28T00:08:32.785+0200] {processor.py:153} INFO - Started process (PID=22928) to work on /home/humbulani/miniconda3/envs/apache-airflow/lib/python3.8/site-packages/airflow/example_dags/plugins/event_listener.py
[2023-03-28T00:08:32.809+0200] {processor.py:743} INFO - Processing file /home/humbulani/miniconda3/envs/apache-airflow/lib/python3.8/site-packages/airflow/example_dags/plugins/event_listener.py for tasks to queue
[2023-03-28T00:08:32.810+0200] {logging_mixin.py:137} INFO - [2023-03-28T00:08:32.809+0200] {dagbag.py:532} INFO - Filling up the DagBag from /home/humbulani/miniconda3/envs/apache-airflow/lib/python3.8/site-packages/airflow/example_dags/plugins/event_listener.py
[2023-03-28T00:08:32.811+0200] {processor.py:755} WARNING - No viable dags retrieved from /home/humbulani/miniconda3/envs/apache-airflow/lib/python3.8/site-packages/airflow/example_dags/plugins/event_listener.py
[2023-03-28T00:08:32.819+0200] {processor.py:175} INFO - Processing /home/humbulani/miniconda3/envs/apache-airflow/lib/python3.8/site-packages/airflow/example_dags/plugins/event_listener.py took 0.036 seconds
[2023-03-28T00:09:11.803+0200] {processor.py:153} INFO - Started process (PID=22970) to work on /home/humbulani/miniconda3/envs/apache-airflow/lib/python3.8/site-packages/airflow/example_dags/plugins/event_listener.py
[2023-03-28T00:09:11.804+0200] {processor.py:743} INFO - Processing file /home/humbulani/miniconda3/envs/apache-airflow/lib/python3.8/site-packages/airflow/example_dags/plugins/event_listener.py for tasks to queue
[2023-03-28T00:09:11.804+0200] {logging_mixin.py:137} INFO - [2023-03-28T00:09:11.804+0200] {dagbag.py:532} INFO - Filling up the DagBag from /home/humbulani/miniconda3/envs/apache-airflow/lib/python3.8/site-packages/airflow/example_dags/plugins/event_listener.py
[2023-03-28T00:09:11.805+0200] {processor.py:755} WARNING - No viable dags retrieved from /home/humbulani/miniconda3/envs/apache-airflow/lib/python3.8/site-packages/airflow/example_dags/plugins/event_listener.py
[2023-03-28T00:09:11.813+0200] {processor.py:175} INFO - Processing /home/humbulani/miniconda3/envs/apache-airflow/lib/python3.8/site-packages/airflow/example_dags/plugins/event_listener.py took 0.012 seconds
[2023-03-28T00:09:51.868+0200] {processor.py:153} INFO - Started process (PID=23007) to work on /home/humbulani/miniconda3/envs/apache-airflow/lib/python3.8/site-packages/airflow/example_dags/plugins/event_listener.py
[2023-03-28T00:09:51.878+0200] {processor.py:743} INFO - Processing file /home/humbulani/miniconda3/envs/apache-airflow/lib/python3.8/site-packages/airflow/example_dags/plugins/event_listener.py for tasks to queue
[2023-03-28T00:09:51.879+0200] {logging_mixin.py:137} INFO - [2023-03-28T00:09:51.879+0200] {dagbag.py:532} INFO - Filling up the DagBag from /home/humbulani/miniconda3/envs/apache-airflow/lib/python3.8/site-packages/airflow/example_dags/plugins/event_listener.py
[2023-03-28T00:09:51.880+0200] {processor.py:755} WARNING - No viable dags retrieved from /home/humbulani/miniconda3/envs/apache-airflow/lib/python3.8/site-packages/airflow/example_dags/plugins/event_listener.py
[2023-03-28T00:09:51.889+0200] {processor.py:175} INFO - Processing /home/humbulani/miniconda3/envs/apache-airflow/lib/python3.8/site-packages/airflow/example_dags/plugins/event_listener.py took 0.024 seconds
[2023-03-28T00:10:32.479+0200] {processor.py:153} INFO - Started process (PID=23041) to work on /home/humbulani/miniconda3/envs/apache-airflow/lib/python3.8/site-packages/airflow/example_dags/plugins/event_listener.py
[2023-03-28T00:10:32.489+0200] {processor.py:743} INFO - Processing file /home/humbulani/miniconda3/envs/apache-airflow/lib/python3.8/site-packages/airflow/example_dags/plugins/event_listener.py for tasks to queue
[2023-03-28T00:10:32.490+0200] {logging_mixin.py:137} INFO - [2023-03-28T00:10:32.490+0200] {dagbag.py:532} INFO - Filling up the DagBag from /home/humbulani/miniconda3/envs/apache-airflow/lib/python3.8/site-packages/airflow/example_dags/plugins/event_listener.py
[2023-03-28T00:10:32.491+0200] {processor.py:755} WARNING - No viable dags retrieved from /home/humbulani/miniconda3/envs/apache-airflow/lib/python3.8/site-packages/airflow/example_dags/plugins/event_listener.py
[2023-03-28T00:10:32.500+0200] {processor.py:175} INFO - Processing /home/humbulani/miniconda3/envs/apache-airflow/lib/python3.8/site-packages/airflow/example_dags/plugins/event_listener.py took 0.024 seconds
[2023-03-28T00:11:13.755+0200] {processor.py:153} INFO - Started process (PID=23080) to work on /home/humbulani/miniconda3/envs/apache-airflow/lib/python3.8/site-packages/airflow/example_dags/plugins/event_listener.py
[2023-03-28T00:11:13.792+0200] {processor.py:743} INFO - Processing file /home/humbulani/miniconda3/envs/apache-airflow/lib/python3.8/site-packages/airflow/example_dags/plugins/event_listener.py for tasks to queue
[2023-03-28T00:11:13.792+0200] {logging_mixin.py:137} INFO - [2023-03-28T00:11:13.792+0200] {dagbag.py:532} INFO - Filling up the DagBag from /home/humbulani/miniconda3/envs/apache-airflow/lib/python3.8/site-packages/airflow/example_dags/plugins/event_listener.py
[2023-03-28T00:11:13.793+0200] {processor.py:755} WARNING - No viable dags retrieved from /home/humbulani/miniconda3/envs/apache-airflow/lib/python3.8/site-packages/airflow/example_dags/plugins/event_listener.py
[2023-03-28T00:11:13.801+0200] {processor.py:175} INFO - Processing /home/humbulani/miniconda3/envs/apache-airflow/lib/python3.8/site-packages/airflow/example_dags/plugins/event_listener.py took 0.048 seconds
[2023-03-28T00:12:00.490+0200] {processor.py:153} INFO - Started process (PID=23116) to work on /home/humbulani/miniconda3/envs/apache-airflow/lib/python3.8/site-packages/airflow/example_dags/plugins/event_listener.py
[2023-03-28T00:12:00.510+0200] {processor.py:743} INFO - Processing file /home/humbulani/miniconda3/envs/apache-airflow/lib/python3.8/site-packages/airflow/example_dags/plugins/event_listener.py for tasks to queue
[2023-03-28T00:12:00.511+0200] {logging_mixin.py:137} INFO - [2023-03-28T00:12:00.511+0200] {dagbag.py:532} INFO - Filling up the DagBag from /home/humbulani/miniconda3/envs/apache-airflow/lib/python3.8/site-packages/airflow/example_dags/plugins/event_listener.py
[2023-03-28T00:12:00.514+0200] {processor.py:755} WARNING - No viable dags retrieved from /home/humbulani/miniconda3/envs/apache-airflow/lib/python3.8/site-packages/airflow/example_dags/plugins/event_listener.py
[2023-03-28T00:12:00.521+0200] {processor.py:175} INFO - Processing /home/humbulani/miniconda3/envs/apache-airflow/lib/python3.8/site-packages/airflow/example_dags/plugins/event_listener.py took 0.032 seconds
[2023-03-28T00:12:44.784+0200] {processor.py:153} INFO - Started process (PID=23182) to work on /home/humbulani/miniconda3/envs/apache-airflow/lib/python3.8/site-packages/airflow/example_dags/plugins/event_listener.py
[2023-03-28T00:12:44.805+0200] {processor.py:743} INFO - Processing file /home/humbulani/miniconda3/envs/apache-airflow/lib/python3.8/site-packages/airflow/example_dags/plugins/event_listener.py for tasks to queue
[2023-03-28T00:12:44.805+0200] {logging_mixin.py:137} INFO - [2023-03-28T00:12:44.805+0200] {dagbag.py:532} INFO - Filling up the DagBag from /home/humbulani/miniconda3/envs/apache-airflow/lib/python3.8/site-packages/airflow/example_dags/plugins/event_listener.py
[2023-03-28T00:12:44.807+0200] {processor.py:755} WARNING - No viable dags retrieved from /home/humbulani/miniconda3/envs/apache-airflow/lib/python3.8/site-packages/airflow/example_dags/plugins/event_listener.py
[2023-03-28T00:12:44.814+0200] {processor.py:175} INFO - Processing /home/humbulani/miniconda3/envs/apache-airflow/lib/python3.8/site-packages/airflow/example_dags/plugins/event_listener.py took 0.032 seconds
[2023-03-28T00:13:30.553+0200] {processor.py:153} INFO - Started process (PID=23234) to work on /home/humbulani/miniconda3/envs/apache-airflow/lib/python3.8/site-packages/airflow/example_dags/plugins/event_listener.py
[2023-03-28T00:13:30.574+0200] {processor.py:743} INFO - Processing file /home/humbulani/miniconda3/envs/apache-airflow/lib/python3.8/site-packages/airflow/example_dags/plugins/event_listener.py for tasks to queue
[2023-03-28T00:13:30.575+0200] {logging_mixin.py:137} INFO - [2023-03-28T00:13:30.575+0200] {dagbag.py:532} INFO - Filling up the DagBag from /home/humbulani/miniconda3/envs/apache-airflow/lib/python3.8/site-packages/airflow/example_dags/plugins/event_listener.py
[2023-03-28T00:13:30.576+0200] {processor.py:755} WARNING - No viable dags retrieved from /home/humbulani/miniconda3/envs/apache-airflow/lib/python3.8/site-packages/airflow/example_dags/plugins/event_listener.py
[2023-03-28T00:13:30.583+0200] {processor.py:175} INFO - Processing /home/humbulani/miniconda3/envs/apache-airflow/lib/python3.8/site-packages/airflow/example_dags/plugins/event_listener.py took 0.033 seconds
[2023-03-28T00:14:13.919+0200] {processor.py:153} INFO - Started process (PID=23278) to work on /home/humbulani/miniconda3/envs/apache-airflow/lib/python3.8/site-packages/airflow/example_dags/plugins/event_listener.py
[2023-03-28T00:14:13.920+0200] {processor.py:743} INFO - Processing file /home/humbulani/miniconda3/envs/apache-airflow/lib/python3.8/site-packages/airflow/example_dags/plugins/event_listener.py for tasks to queue
[2023-03-28T00:14:13.920+0200] {logging_mixin.py:137} INFO - [2023-03-28T00:14:13.920+0200] {dagbag.py:532} INFO - Filling up the DagBag from /home/humbulani/miniconda3/envs/apache-airflow/lib/python3.8/site-packages/airflow/example_dags/plugins/event_listener.py
[2023-03-28T00:14:13.923+0200] {processor.py:755} WARNING - No viable dags retrieved from /home/humbulani/miniconda3/envs/apache-airflow/lib/python3.8/site-packages/airflow/example_dags/plugins/event_listener.py
[2023-03-28T00:14:13.931+0200] {processor.py:175} INFO - Processing /home/humbulani/miniconda3/envs/apache-airflow/lib/python3.8/site-packages/airflow/example_dags/plugins/event_listener.py took 0.015 seconds
[2023-03-28T00:15:00.422+0200] {processor.py:153} INFO - Started process (PID=23325) to work on /home/humbulani/miniconda3/envs/apache-airflow/lib/python3.8/site-packages/airflow/example_dags/plugins/event_listener.py
[2023-03-28T00:15:00.434+0200] {processor.py:743} INFO - Processing file /home/humbulani/miniconda3/envs/apache-airflow/lib/python3.8/site-packages/airflow/example_dags/plugins/event_listener.py for tasks to queue
[2023-03-28T00:15:00.435+0200] {logging_mixin.py:137} INFO - [2023-03-28T00:15:00.435+0200] {dagbag.py:532} INFO - Filling up the DagBag from /home/humbulani/miniconda3/envs/apache-airflow/lib/python3.8/site-packages/airflow/example_dags/plugins/event_listener.py
[2023-03-28T00:15:00.436+0200] {processor.py:755} WARNING - No viable dags retrieved from /home/humbulani/miniconda3/envs/apache-airflow/lib/python3.8/site-packages/airflow/example_dags/plugins/event_listener.py
[2023-03-28T00:15:00.444+0200] {processor.py:175} INFO - Processing /home/humbulani/miniconda3/envs/apache-airflow/lib/python3.8/site-packages/airflow/example_dags/plugins/event_listener.py took 0.025 seconds
[2023-03-28T00:15:33.149+0200] {processor.py:153} INFO - Started process (PID=23383) to work on /home/humbulani/miniconda3/envs/apache-airflow/lib/python3.8/site-packages/airflow/example_dags/plugins/event_listener.py
[2023-03-28T00:15:33.165+0200] {processor.py:743} INFO - Processing file /home/humbulani/miniconda3/envs/apache-airflow/lib/python3.8/site-packages/airflow/example_dags/plugins/event_listener.py for tasks to queue
[2023-03-28T00:15:33.165+0200] {logging_mixin.py:137} INFO - [2023-03-28T00:15:33.165+0200] {dagbag.py:532} INFO - Filling up the DagBag from /home/humbulani/miniconda3/envs/apache-airflow/lib/python3.8/site-packages/airflow/example_dags/plugins/event_listener.py
[2023-03-28T00:15:33.167+0200] {processor.py:755} WARNING - No viable dags retrieved from /home/humbulani/miniconda3/envs/apache-airflow/lib/python3.8/site-packages/airflow/example_dags/plugins/event_listener.py
[2023-03-28T00:15:33.175+0200] {processor.py:175} INFO - Processing /home/humbulani/miniconda3/envs/apache-airflow/lib/python3.8/site-packages/airflow/example_dags/plugins/event_listener.py took 0.030 seconds
[2023-03-28T00:16:18.648+0200] {processor.py:153} INFO - Started process (PID=23448) to work on /home/humbulani/miniconda3/envs/apache-airflow/lib/python3.8/site-packages/airflow/example_dags/plugins/event_listener.py
[2023-03-28T00:16:18.664+0200] {processor.py:743} INFO - Processing file /home/humbulani/miniconda3/envs/apache-airflow/lib/python3.8/site-packages/airflow/example_dags/plugins/event_listener.py for tasks to queue
[2023-03-28T00:16:18.665+0200] {logging_mixin.py:137} INFO - [2023-03-28T00:16:18.664+0200] {dagbag.py:532} INFO - Filling up the DagBag from /home/humbulani/miniconda3/envs/apache-airflow/lib/python3.8/site-packages/airflow/example_dags/plugins/event_listener.py
[2023-03-28T00:16:18.666+0200] {processor.py:755} WARNING - No viable dags retrieved from /home/humbulani/miniconda3/envs/apache-airflow/lib/python3.8/site-packages/airflow/example_dags/plugins/event_listener.py
[2023-03-28T00:16:18.674+0200] {processor.py:175} INFO - Processing /home/humbulani/miniconda3/envs/apache-airflow/lib/python3.8/site-packages/airflow/example_dags/plugins/event_listener.py took 0.028 seconds
[2023-03-28T00:16:55.476+0200] {processor.py:153} INFO - Started process (PID=23533) to work on /home/humbulani/miniconda3/envs/apache-airflow/lib/python3.8/site-packages/airflow/example_dags/plugins/event_listener.py
[2023-03-28T00:16:55.501+0200] {processor.py:743} INFO - Processing file /home/humbulani/miniconda3/envs/apache-airflow/lib/python3.8/site-packages/airflow/example_dags/plugins/event_listener.py for tasks to queue
[2023-03-28T00:16:55.502+0200] {logging_mixin.py:137} INFO - [2023-03-28T00:16:55.502+0200] {dagbag.py:532} INFO - Filling up the DagBag from /home/humbulani/miniconda3/envs/apache-airflow/lib/python3.8/site-packages/airflow/example_dags/plugins/event_listener.py
[2023-03-28T00:16:55.504+0200] {processor.py:755} WARNING - No viable dags retrieved from /home/humbulani/miniconda3/envs/apache-airflow/lib/python3.8/site-packages/airflow/example_dags/plugins/event_listener.py
[2023-03-28T00:16:55.514+0200] {processor.py:175} INFO - Processing /home/humbulani/miniconda3/envs/apache-airflow/lib/python3.8/site-packages/airflow/example_dags/plugins/event_listener.py took 0.040 seconds
[2023-03-28T00:17:29.160+0200] {processor.py:153} INFO - Started process (PID=23596) to work on /home/humbulani/miniconda3/envs/apache-airflow/lib/python3.8/site-packages/airflow/example_dags/plugins/event_listener.py
[2023-03-28T00:17:29.161+0200] {processor.py:743} INFO - Processing file /home/humbulani/miniconda3/envs/apache-airflow/lib/python3.8/site-packages/airflow/example_dags/plugins/event_listener.py for tasks to queue
[2023-03-28T00:17:29.161+0200] {logging_mixin.py:137} INFO - [2023-03-28T00:17:29.161+0200] {dagbag.py:532} INFO - Filling up the DagBag from /home/humbulani/miniconda3/envs/apache-airflow/lib/python3.8/site-packages/airflow/example_dags/plugins/event_listener.py
[2023-03-28T00:17:29.163+0200] {processor.py:755} WARNING - No viable dags retrieved from /home/humbulani/miniconda3/envs/apache-airflow/lib/python3.8/site-packages/airflow/example_dags/plugins/event_listener.py
[2023-03-28T00:17:29.171+0200] {processor.py:175} INFO - Processing /home/humbulani/miniconda3/envs/apache-airflow/lib/python3.8/site-packages/airflow/example_dags/plugins/event_listener.py took 0.013 seconds
[2023-03-28T00:18:13.127+0200] {processor.py:153} INFO - Started process (PID=23641) to work on /home/humbulani/miniconda3/envs/apache-airflow/lib/python3.8/site-packages/airflow/example_dags/plugins/event_listener.py
[2023-03-28T00:18:13.137+0200] {processor.py:743} INFO - Processing file /home/humbulani/miniconda3/envs/apache-airflow/lib/python3.8/site-packages/airflow/example_dags/plugins/event_listener.py for tasks to queue
[2023-03-28T00:18:13.137+0200] {logging_mixin.py:137} INFO - [2023-03-28T00:18:13.137+0200] {dagbag.py:532} INFO - Filling up the DagBag from /home/humbulani/miniconda3/envs/apache-airflow/lib/python3.8/site-packages/airflow/example_dags/plugins/event_listener.py
[2023-03-28T00:18:13.139+0200] {processor.py:755} WARNING - No viable dags retrieved from /home/humbulani/miniconda3/envs/apache-airflow/lib/python3.8/site-packages/airflow/example_dags/plugins/event_listener.py
[2023-03-28T00:18:13.147+0200] {processor.py:175} INFO - Processing /home/humbulani/miniconda3/envs/apache-airflow/lib/python3.8/site-packages/airflow/example_dags/plugins/event_listener.py took 0.022 seconds
[2023-03-28T00:18:59.627+0200] {processor.py:153} INFO - Started process (PID=23685) to work on /home/humbulani/miniconda3/envs/apache-airflow/lib/python3.8/site-packages/airflow/example_dags/plugins/event_listener.py
[2023-03-28T00:18:59.635+0200] {processor.py:743} INFO - Processing file /home/humbulani/miniconda3/envs/apache-airflow/lib/python3.8/site-packages/airflow/example_dags/plugins/event_listener.py for tasks to queue
[2023-03-28T00:18:59.635+0200] {logging_mixin.py:137} INFO - [2023-03-28T00:18:59.635+0200] {dagbag.py:532} INFO - Filling up the DagBag from /home/humbulani/miniconda3/envs/apache-airflow/lib/python3.8/site-packages/airflow/example_dags/plugins/event_listener.py
[2023-03-28T00:18:59.637+0200] {processor.py:755} WARNING - No viable dags retrieved from /home/humbulani/miniconda3/envs/apache-airflow/lib/python3.8/site-packages/airflow/example_dags/plugins/event_listener.py
[2023-03-28T00:18:59.646+0200] {processor.py:175} INFO - Processing /home/humbulani/miniconda3/envs/apache-airflow/lib/python3.8/site-packages/airflow/example_dags/plugins/event_listener.py took 0.021 seconds
[2023-03-28T00:19:46.004+0200] {processor.py:153} INFO - Started process (PID=23731) to work on /home/humbulani/miniconda3/envs/apache-airflow/lib/python3.8/site-packages/airflow/example_dags/plugins/event_listener.py
[2023-03-28T00:19:46.019+0200] {processor.py:743} INFO - Processing file /home/humbulani/miniconda3/envs/apache-airflow/lib/python3.8/site-packages/airflow/example_dags/plugins/event_listener.py for tasks to queue
[2023-03-28T00:19:46.020+0200] {logging_mixin.py:137} INFO - [2023-03-28T00:19:46.020+0200] {dagbag.py:532} INFO - Filling up the DagBag from /home/humbulani/miniconda3/envs/apache-airflow/lib/python3.8/site-packages/airflow/example_dags/plugins/event_listener.py
[2023-03-28T00:19:46.022+0200] {processor.py:755} WARNING - No viable dags retrieved from /home/humbulani/miniconda3/envs/apache-airflow/lib/python3.8/site-packages/airflow/example_dags/plugins/event_listener.py
[2023-03-28T00:19:46.031+0200] {processor.py:175} INFO - Processing /home/humbulani/miniconda3/envs/apache-airflow/lib/python3.8/site-packages/airflow/example_dags/plugins/event_listener.py took 0.030 seconds
[2023-03-28T00:20:19.584+0200] {processor.py:153} INFO - Started process (PID=23764) to work on /home/humbulani/miniconda3/envs/apache-airflow/lib/python3.8/site-packages/airflow/example_dags/plugins/event_listener.py
[2023-03-28T00:20:19.599+0200] {processor.py:743} INFO - Processing file /home/humbulani/miniconda3/envs/apache-airflow/lib/python3.8/site-packages/airflow/example_dags/plugins/event_listener.py for tasks to queue
[2023-03-28T00:20:19.599+0200] {logging_mixin.py:137} INFO - [2023-03-28T00:20:19.599+0200] {dagbag.py:532} INFO - Filling up the DagBag from /home/humbulani/miniconda3/envs/apache-airflow/lib/python3.8/site-packages/airflow/example_dags/plugins/event_listener.py
[2023-03-28T00:20:19.601+0200] {processor.py:755} WARNING - No viable dags retrieved from /home/humbulani/miniconda3/envs/apache-airflow/lib/python3.8/site-packages/airflow/example_dags/plugins/event_listener.py
[2023-03-28T00:20:19.609+0200] {processor.py:175} INFO - Processing /home/humbulani/miniconda3/envs/apache-airflow/lib/python3.8/site-packages/airflow/example_dags/plugins/event_listener.py took 0.029 seconds
[2023-03-28T00:21:00.704+0200] {processor.py:153} INFO - Started process (PID=23801) to work on /home/humbulani/miniconda3/envs/apache-airflow/lib/python3.8/site-packages/airflow/example_dags/plugins/event_listener.py
[2023-03-28T00:21:00.745+0200] {processor.py:743} INFO - Processing file /home/humbulani/miniconda3/envs/apache-airflow/lib/python3.8/site-packages/airflow/example_dags/plugins/event_listener.py for tasks to queue
[2023-03-28T00:21:00.746+0200] {logging_mixin.py:137} INFO - [2023-03-28T00:21:00.746+0200] {dagbag.py:532} INFO - Filling up the DagBag from /home/humbulani/miniconda3/envs/apache-airflow/lib/python3.8/site-packages/airflow/example_dags/plugins/event_listener.py
[2023-03-28T00:21:00.747+0200] {processor.py:755} WARNING - No viable dags retrieved from /home/humbulani/miniconda3/envs/apache-airflow/lib/python3.8/site-packages/airflow/example_dags/plugins/event_listener.py
[2023-03-28T00:21:00.754+0200] {processor.py:175} INFO - Processing /home/humbulani/miniconda3/envs/apache-airflow/lib/python3.8/site-packages/airflow/example_dags/plugins/event_listener.py took 0.054 seconds
[2023-03-28T00:21:43.502+0200] {processor.py:153} INFO - Started process (PID=23852) to work on /home/humbulani/miniconda3/envs/apache-airflow/lib/python3.8/site-packages/airflow/example_dags/plugins/event_listener.py
[2023-03-28T00:21:43.513+0200] {processor.py:743} INFO - Processing file /home/humbulani/miniconda3/envs/apache-airflow/lib/python3.8/site-packages/airflow/example_dags/plugins/event_listener.py for tasks to queue
[2023-03-28T00:21:43.513+0200] {logging_mixin.py:137} INFO - [2023-03-28T00:21:43.513+0200] {dagbag.py:532} INFO - Filling up the DagBag from /home/humbulani/miniconda3/envs/apache-airflow/lib/python3.8/site-packages/airflow/example_dags/plugins/event_listener.py
[2023-03-28T00:21:43.515+0200] {processor.py:755} WARNING - No viable dags retrieved from /home/humbulani/miniconda3/envs/apache-airflow/lib/python3.8/site-packages/airflow/example_dags/plugins/event_listener.py
[2023-03-28T00:21:43.523+0200] {processor.py:175} INFO - Processing /home/humbulani/miniconda3/envs/apache-airflow/lib/python3.8/site-packages/airflow/example_dags/plugins/event_listener.py took 0.023 seconds
