[2023-03-28T00:03:48.997+0200] {processor.py:153} INFO - Started process (PID=22491) to work on /home/humbulani/miniconda3/envs/apache-airflow/lib/python3.8/site-packages/airflow/example_dags/plugins/listener_plugin.py
[2023-03-28T00:03:48.997+0200] {processor.py:743} INFO - Processing file /home/humbulani/miniconda3/envs/apache-airflow/lib/python3.8/site-packages/airflow/example_dags/plugins/listener_plugin.py for tasks to queue
[2023-03-28T00:03:48.998+0200] {logging_mixin.py:137} INFO - [2023-03-28T00:03:48.998+0200] {dagbag.py:532} INFO - Filling up the DagBag from /home/humbulani/miniconda3/envs/apache-airflow/lib/python3.8/site-packages/airflow/example_dags/plugins/listener_plugin.py
[2023-03-28T00:03:49.000+0200] {processor.py:755} WARNING - No viable dags retrieved from /home/humbulani/miniconda3/envs/apache-airflow/lib/python3.8/site-packages/airflow/example_dags/plugins/listener_plugin.py
[2023-03-28T00:03:49.009+0200] {processor.py:175} INFO - Processing /home/humbulani/miniconda3/envs/apache-airflow/lib/python3.8/site-packages/airflow/example_dags/plugins/listener_plugin.py took 0.015 seconds
[2023-03-28T00:04:36.561+0200] {processor.py:153} INFO - Started process (PID=22581) to work on /home/humbulani/miniconda3/envs/apache-airflow/lib/python3.8/site-packages/airflow/example_dags/plugins/listener_plugin.py
[2023-03-28T00:04:36.566+0200] {processor.py:743} INFO - Processing file /home/humbulani/miniconda3/envs/apache-airflow/lib/python3.8/site-packages/airflow/example_dags/plugins/listener_plugin.py for tasks to queue
[2023-03-28T00:04:36.567+0200] {logging_mixin.py:137} INFO - [2023-03-28T00:04:36.567+0200] {dagbag.py:532} INFO - Filling up the DagBag from /home/humbulani/miniconda3/envs/apache-airflow/lib/python3.8/site-packages/airflow/example_dags/plugins/listener_plugin.py
[2023-03-28T00:04:36.569+0200] {processor.py:755} WARNING - No viable dags retrieved from /home/humbulani/miniconda3/envs/apache-airflow/lib/python3.8/site-packages/airflow/example_dags/plugins/listener_plugin.py
[2023-03-28T00:04:36.578+0200] {processor.py:175} INFO - Processing /home/humbulani/miniconda3/envs/apache-airflow/lib/python3.8/site-packages/airflow/example_dags/plugins/listener_plugin.py took 0.020 seconds
[2023-03-28T00:05:19.338+0200] {processor.py:153} INFO - Started process (PID=22616) to work on /home/humbulani/miniconda3/envs/apache-airflow/lib/python3.8/site-packages/airflow/example_dags/plugins/listener_plugin.py
[2023-03-28T00:05:19.338+0200] {processor.py:743} INFO - Processing file /home/humbulani/miniconda3/envs/apache-airflow/lib/python3.8/site-packages/airflow/example_dags/plugins/listener_plugin.py for tasks to queue
[2023-03-28T00:05:19.339+0200] {logging_mixin.py:137} INFO - [2023-03-28T00:05:19.339+0200] {dagbag.py:532} INFO - Filling up the DagBag from /home/humbulani/miniconda3/envs/apache-airflow/lib/python3.8/site-packages/airflow/example_dags/plugins/listener_plugin.py
[2023-03-28T00:05:19.342+0200] {processor.py:755} WARNING - No viable dags retrieved from /home/humbulani/miniconda3/envs/apache-airflow/lib/python3.8/site-packages/airflow/example_dags/plugins/listener_plugin.py
[2023-03-28T00:05:19.349+0200] {processor.py:175} INFO - Processing /home/humbulani/miniconda3/envs/apache-airflow/lib/python3.8/site-packages/airflow/example_dags/plugins/listener_plugin.py took 0.014 seconds
[2023-03-28T00:06:04.089+0200] {processor.py:153} INFO - Started process (PID=22734) to work on /home/humbulani/miniconda3/envs/apache-airflow/lib/python3.8/site-packages/airflow/example_dags/plugins/listener_plugin.py
[2023-03-28T00:06:04.093+0200] {processor.py:743} INFO - Processing file /home/humbulani/miniconda3/envs/apache-airflow/lib/python3.8/site-packages/airflow/example_dags/plugins/listener_plugin.py for tasks to queue
[2023-03-28T00:06:04.093+0200] {logging_mixin.py:137} INFO - [2023-03-28T00:06:04.093+0200] {dagbag.py:532} INFO - Filling up the DagBag from /home/humbulani/miniconda3/envs/apache-airflow/lib/python3.8/site-packages/airflow/example_dags/plugins/listener_plugin.py
[2023-03-28T00:06:04.095+0200] {processor.py:755} WARNING - No viable dags retrieved from /home/humbulani/miniconda3/envs/apache-airflow/lib/python3.8/site-packages/airflow/example_dags/plugins/listener_plugin.py
[2023-03-28T00:06:04.102+0200] {processor.py:175} INFO - Processing /home/humbulani/miniconda3/envs/apache-airflow/lib/python3.8/site-packages/airflow/example_dags/plugins/listener_plugin.py took 0.016 seconds
[2023-03-28T00:06:47.930+0200] {processor.py:153} INFO - Started process (PID=22778) to work on /home/humbulani/miniconda3/envs/apache-airflow/lib/python3.8/site-packages/airflow/example_dags/plugins/listener_plugin.py
[2023-03-28T00:06:47.931+0200] {processor.py:743} INFO - Processing file /home/humbulani/miniconda3/envs/apache-airflow/lib/python3.8/site-packages/airflow/example_dags/plugins/listener_plugin.py for tasks to queue
[2023-03-28T00:06:47.932+0200] {logging_mixin.py:137} INFO - [2023-03-28T00:06:47.931+0200] {dagbag.py:532} INFO - Filling up the DagBag from /home/humbulani/miniconda3/envs/apache-airflow/lib/python3.8/site-packages/airflow/example_dags/plugins/listener_plugin.py
[2023-03-28T00:06:47.933+0200] {processor.py:755} WARNING - No viable dags retrieved from /home/humbulani/miniconda3/envs/apache-airflow/lib/python3.8/site-packages/airflow/example_dags/plugins/listener_plugin.py
[2023-03-28T00:06:47.942+0200] {processor.py:175} INFO - Processing /home/humbulani/miniconda3/envs/apache-airflow/lib/python3.8/site-packages/airflow/example_dags/plugins/listener_plugin.py took 0.014 seconds
[2023-03-28T00:07:24.089+0200] {processor.py:153} INFO - Started process (PID=22813) to work on /home/humbulani/miniconda3/envs/apache-airflow/lib/python3.8/site-packages/airflow/example_dags/plugins/listener_plugin.py
[2023-03-28T00:07:24.119+0200] {processor.py:743} INFO - Processing file /home/humbulani/miniconda3/envs/apache-airflow/lib/python3.8/site-packages/airflow/example_dags/plugins/listener_plugin.py for tasks to queue
[2023-03-28T00:07:24.119+0200] {logging_mixin.py:137} INFO - [2023-03-28T00:07:24.119+0200] {dagbag.py:532} INFO - Filling up the DagBag from /home/humbulani/miniconda3/envs/apache-airflow/lib/python3.8/site-packages/airflow/example_dags/plugins/listener_plugin.py
[2023-03-28T00:07:24.121+0200] {processor.py:755} WARNING - No viable dags retrieved from /home/humbulani/miniconda3/envs/apache-airflow/lib/python3.8/site-packages/airflow/example_dags/plugins/listener_plugin.py
[2023-03-28T00:07:24.182+0200] {processor.py:175} INFO - Processing /home/humbulani/miniconda3/envs/apache-airflow/lib/python3.8/site-packages/airflow/example_dags/plugins/listener_plugin.py took 0.096 seconds
[2023-03-28T00:07:59.931+0200] {processor.py:153} INFO - Started process (PID=22885) to work on /home/humbulani/miniconda3/envs/apache-airflow/lib/python3.8/site-packages/airflow/example_dags/plugins/listener_plugin.py
[2023-03-28T00:07:59.932+0200] {processor.py:743} INFO - Processing file /home/humbulani/miniconda3/envs/apache-airflow/lib/python3.8/site-packages/airflow/example_dags/plugins/listener_plugin.py for tasks to queue
[2023-03-28T00:07:59.932+0200] {logging_mixin.py:137} INFO - [2023-03-28T00:07:59.932+0200] {dagbag.py:532} INFO - Filling up the DagBag from /home/humbulani/miniconda3/envs/apache-airflow/lib/python3.8/site-packages/airflow/example_dags/plugins/listener_plugin.py
[2023-03-28T00:07:59.934+0200] {processor.py:755} WARNING - No viable dags retrieved from /home/humbulani/miniconda3/envs/apache-airflow/lib/python3.8/site-packages/airflow/example_dags/plugins/listener_plugin.py
[2023-03-28T00:07:59.943+0200] {processor.py:175} INFO - Processing /home/humbulani/miniconda3/envs/apache-airflow/lib/python3.8/site-packages/airflow/example_dags/plugins/listener_plugin.py took 0.016 seconds
[2023-03-28T00:08:34.427+0200] {processor.py:153} INFO - Started process (PID=22930) to work on /home/humbulani/miniconda3/envs/apache-airflow/lib/python3.8/site-packages/airflow/example_dags/plugins/listener_plugin.py
[2023-03-28T00:08:34.428+0200] {processor.py:743} INFO - Processing file /home/humbulani/miniconda3/envs/apache-airflow/lib/python3.8/site-packages/airflow/example_dags/plugins/listener_plugin.py for tasks to queue
[2023-03-28T00:08:34.429+0200] {logging_mixin.py:137} INFO - [2023-03-28T00:08:34.429+0200] {dagbag.py:532} INFO - Filling up the DagBag from /home/humbulani/miniconda3/envs/apache-airflow/lib/python3.8/site-packages/airflow/example_dags/plugins/listener_plugin.py
[2023-03-28T00:08:34.432+0200] {processor.py:755} WARNING - No viable dags retrieved from /home/humbulani/miniconda3/envs/apache-airflow/lib/python3.8/site-packages/airflow/example_dags/plugins/listener_plugin.py
[2023-03-28T00:08:34.439+0200] {processor.py:175} INFO - Processing /home/humbulani/miniconda3/envs/apache-airflow/lib/python3.8/site-packages/airflow/example_dags/plugins/listener_plugin.py took 0.015 seconds
[2023-03-28T00:09:14.229+0200] {processor.py:153} INFO - Started process (PID=22973) to work on /home/humbulani/miniconda3/envs/apache-airflow/lib/python3.8/site-packages/airflow/example_dags/plugins/listener_plugin.py
[2023-03-28T00:09:14.230+0200] {processor.py:743} INFO - Processing file /home/humbulani/miniconda3/envs/apache-airflow/lib/python3.8/site-packages/airflow/example_dags/plugins/listener_plugin.py for tasks to queue
[2023-03-28T00:09:14.230+0200] {logging_mixin.py:137} INFO - [2023-03-28T00:09:14.230+0200] {dagbag.py:532} INFO - Filling up the DagBag from /home/humbulani/miniconda3/envs/apache-airflow/lib/python3.8/site-packages/airflow/example_dags/plugins/listener_plugin.py
[2023-03-28T00:09:14.232+0200] {processor.py:755} WARNING - No viable dags retrieved from /home/humbulani/miniconda3/envs/apache-airflow/lib/python3.8/site-packages/airflow/example_dags/plugins/listener_plugin.py
[2023-03-28T00:09:14.241+0200] {processor.py:175} INFO - Processing /home/humbulani/miniconda3/envs/apache-airflow/lib/python3.8/site-packages/airflow/example_dags/plugins/listener_plugin.py took 0.016 seconds
[2023-03-28T00:09:53.605+0200] {processor.py:153} INFO - Started process (PID=23009) to work on /home/humbulani/miniconda3/envs/apache-airflow/lib/python3.8/site-packages/airflow/example_dags/plugins/listener_plugin.py
[2023-03-28T00:09:53.606+0200] {processor.py:743} INFO - Processing file /home/humbulani/miniconda3/envs/apache-airflow/lib/python3.8/site-packages/airflow/example_dags/plugins/listener_plugin.py for tasks to queue
[2023-03-28T00:09:53.606+0200] {logging_mixin.py:137} INFO - [2023-03-28T00:09:53.606+0200] {dagbag.py:532} INFO - Filling up the DagBag from /home/humbulani/miniconda3/envs/apache-airflow/lib/python3.8/site-packages/airflow/example_dags/plugins/listener_plugin.py
[2023-03-28T00:09:53.608+0200] {processor.py:755} WARNING - No viable dags retrieved from /home/humbulani/miniconda3/envs/apache-airflow/lib/python3.8/site-packages/airflow/example_dags/plugins/listener_plugin.py
[2023-03-28T00:09:53.618+0200] {processor.py:175} INFO - Processing /home/humbulani/miniconda3/envs/apache-airflow/lib/python3.8/site-packages/airflow/example_dags/plugins/listener_plugin.py took 0.016 seconds
[2023-03-28T00:10:33.453+0200] {processor.py:153} INFO - Started process (PID=23043) to work on /home/humbulani/miniconda3/envs/apache-airflow/lib/python3.8/site-packages/airflow/example_dags/plugins/listener_plugin.py
[2023-03-28T00:10:33.454+0200] {processor.py:743} INFO - Processing file /home/humbulani/miniconda3/envs/apache-airflow/lib/python3.8/site-packages/airflow/example_dags/plugins/listener_plugin.py for tasks to queue
[2023-03-28T00:10:33.455+0200] {logging_mixin.py:137} INFO - [2023-03-28T00:10:33.455+0200] {dagbag.py:532} INFO - Filling up the DagBag from /home/humbulani/miniconda3/envs/apache-airflow/lib/python3.8/site-packages/airflow/example_dags/plugins/listener_plugin.py
[2023-03-28T00:10:33.456+0200] {processor.py:755} WARNING - No viable dags retrieved from /home/humbulani/miniconda3/envs/apache-airflow/lib/python3.8/site-packages/airflow/example_dags/plugins/listener_plugin.py
[2023-03-28T00:10:33.464+0200] {processor.py:175} INFO - Processing /home/humbulani/miniconda3/envs/apache-airflow/lib/python3.8/site-packages/airflow/example_dags/plugins/listener_plugin.py took 0.013 seconds
[2023-03-28T00:11:15.197+0200] {processor.py:153} INFO - Started process (PID=23082) to work on /home/humbulani/miniconda3/envs/apache-airflow/lib/python3.8/site-packages/airflow/example_dags/plugins/listener_plugin.py
[2023-03-28T00:11:15.231+0200] {processor.py:743} INFO - Processing file /home/humbulani/miniconda3/envs/apache-airflow/lib/python3.8/site-packages/airflow/example_dags/plugins/listener_plugin.py for tasks to queue
[2023-03-28T00:11:15.231+0200] {logging_mixin.py:137} INFO - [2023-03-28T00:11:15.231+0200] {dagbag.py:532} INFO - Filling up the DagBag from /home/humbulani/miniconda3/envs/apache-airflow/lib/python3.8/site-packages/airflow/example_dags/plugins/listener_plugin.py
[2023-03-28T00:11:15.234+0200] {processor.py:755} WARNING - No viable dags retrieved from /home/humbulani/miniconda3/envs/apache-airflow/lib/python3.8/site-packages/airflow/example_dags/plugins/listener_plugin.py
[2023-03-28T00:11:15.242+0200] {processor.py:175} INFO - Processing /home/humbulani/miniconda3/envs/apache-airflow/lib/python3.8/site-packages/airflow/example_dags/plugins/listener_plugin.py took 0.048 seconds
[2023-03-28T00:12:02.764+0200] {processor.py:153} INFO - Started process (PID=23118) to work on /home/humbulani/miniconda3/envs/apache-airflow/lib/python3.8/site-packages/airflow/example_dags/plugins/listener_plugin.py
[2023-03-28T00:12:02.775+0200] {processor.py:743} INFO - Processing file /home/humbulani/miniconda3/envs/apache-airflow/lib/python3.8/site-packages/airflow/example_dags/plugins/listener_plugin.py for tasks to queue
[2023-03-28T00:12:02.776+0200] {logging_mixin.py:137} INFO - [2023-03-28T00:12:02.776+0200] {dagbag.py:532} INFO - Filling up the DagBag from /home/humbulani/miniconda3/envs/apache-airflow/lib/python3.8/site-packages/airflow/example_dags/plugins/listener_plugin.py
[2023-03-28T00:12:02.778+0200] {processor.py:755} WARNING - No viable dags retrieved from /home/humbulani/miniconda3/envs/apache-airflow/lib/python3.8/site-packages/airflow/example_dags/plugins/listener_plugin.py
[2023-03-28T00:12:02.785+0200] {processor.py:175} INFO - Processing /home/humbulani/miniconda3/envs/apache-airflow/lib/python3.8/site-packages/airflow/example_dags/plugins/listener_plugin.py took 0.024 seconds
[2023-03-28T00:12:46.411+0200] {processor.py:153} INFO - Started process (PID=23184) to work on /home/humbulani/miniconda3/envs/apache-airflow/lib/python3.8/site-packages/airflow/example_dags/plugins/listener_plugin.py
[2023-03-28T00:12:46.420+0200] {processor.py:743} INFO - Processing file /home/humbulani/miniconda3/envs/apache-airflow/lib/python3.8/site-packages/airflow/example_dags/plugins/listener_plugin.py for tasks to queue
[2023-03-28T00:12:46.420+0200] {logging_mixin.py:137} INFO - [2023-03-28T00:12:46.420+0200] {dagbag.py:532} INFO - Filling up the DagBag from /home/humbulani/miniconda3/envs/apache-airflow/lib/python3.8/site-packages/airflow/example_dags/plugins/listener_plugin.py
[2023-03-28T00:12:46.423+0200] {processor.py:755} WARNING - No viable dags retrieved from /home/humbulani/miniconda3/envs/apache-airflow/lib/python3.8/site-packages/airflow/example_dags/plugins/listener_plugin.py
[2023-03-28T00:12:46.432+0200] {processor.py:175} INFO - Processing /home/humbulani/miniconda3/envs/apache-airflow/lib/python3.8/site-packages/airflow/example_dags/plugins/listener_plugin.py took 0.023 seconds
[2023-03-28T00:13:32.875+0200] {processor.py:153} INFO - Started process (PID=23237) to work on /home/humbulani/miniconda3/envs/apache-airflow/lib/python3.8/site-packages/airflow/example_dags/plugins/listener_plugin.py
[2023-03-28T00:13:32.889+0200] {processor.py:743} INFO - Processing file /home/humbulani/miniconda3/envs/apache-airflow/lib/python3.8/site-packages/airflow/example_dags/plugins/listener_plugin.py for tasks to queue
[2023-03-28T00:13:32.890+0200] {logging_mixin.py:137} INFO - [2023-03-28T00:13:32.890+0200] {dagbag.py:532} INFO - Filling up the DagBag from /home/humbulani/miniconda3/envs/apache-airflow/lib/python3.8/site-packages/airflow/example_dags/plugins/listener_plugin.py
[2023-03-28T00:13:32.892+0200] {processor.py:755} WARNING - No viable dags retrieved from /home/humbulani/miniconda3/envs/apache-airflow/lib/python3.8/site-packages/airflow/example_dags/plugins/listener_plugin.py
[2023-03-28T00:13:32.900+0200] {processor.py:175} INFO - Processing /home/humbulani/miniconda3/envs/apache-airflow/lib/python3.8/site-packages/airflow/example_dags/plugins/listener_plugin.py took 0.028 seconds
[2023-03-28T00:14:16.231+0200] {processor.py:153} INFO - Started process (PID=23280) to work on /home/humbulani/miniconda3/envs/apache-airflow/lib/python3.8/site-packages/airflow/example_dags/plugins/listener_plugin.py
[2023-03-28T00:14:16.232+0200] {processor.py:743} INFO - Processing file /home/humbulani/miniconda3/envs/apache-airflow/lib/python3.8/site-packages/airflow/example_dags/plugins/listener_plugin.py for tasks to queue
[2023-03-28T00:14:16.233+0200] {logging_mixin.py:137} INFO - [2023-03-28T00:14:16.233+0200] {dagbag.py:532} INFO - Filling up the DagBag from /home/humbulani/miniconda3/envs/apache-airflow/lib/python3.8/site-packages/airflow/example_dags/plugins/listener_plugin.py
[2023-03-28T00:14:16.234+0200] {processor.py:755} WARNING - No viable dags retrieved from /home/humbulani/miniconda3/envs/apache-airflow/lib/python3.8/site-packages/airflow/example_dags/plugins/listener_plugin.py
[2023-03-28T00:14:16.241+0200] {processor.py:175} INFO - Processing /home/humbulani/miniconda3/envs/apache-airflow/lib/python3.8/site-packages/airflow/example_dags/plugins/listener_plugin.py took 0.012 seconds
[2023-03-28T00:15:02.663+0200] {processor.py:153} INFO - Started process (PID=23327) to work on /home/humbulani/miniconda3/envs/apache-airflow/lib/python3.8/site-packages/airflow/example_dags/plugins/listener_plugin.py
[2023-03-28T00:15:02.664+0200] {processor.py:743} INFO - Processing file /home/humbulani/miniconda3/envs/apache-airflow/lib/python3.8/site-packages/airflow/example_dags/plugins/listener_plugin.py for tasks to queue
[2023-03-28T00:15:02.664+0200] {logging_mixin.py:137} INFO - [2023-03-28T00:15:02.664+0200] {dagbag.py:532} INFO - Filling up the DagBag from /home/humbulani/miniconda3/envs/apache-airflow/lib/python3.8/site-packages/airflow/example_dags/plugins/listener_plugin.py
[2023-03-28T00:15:02.666+0200] {processor.py:755} WARNING - No viable dags retrieved from /home/humbulani/miniconda3/envs/apache-airflow/lib/python3.8/site-packages/airflow/example_dags/plugins/listener_plugin.py
[2023-03-28T00:15:02.673+0200] {processor.py:175} INFO - Processing /home/humbulani/miniconda3/envs/apache-airflow/lib/python3.8/site-packages/airflow/example_dags/plugins/listener_plugin.py took 0.013 seconds
[2023-03-28T00:15:48.224+0200] {processor.py:153} INFO - Started process (PID=23398) to work on /home/humbulani/miniconda3/envs/apache-airflow/lib/python3.8/site-packages/airflow/example_dags/plugins/listener_plugin.py
[2023-03-28T00:15:48.242+0200] {processor.py:743} INFO - Processing file /home/humbulani/miniconda3/envs/apache-airflow/lib/python3.8/site-packages/airflow/example_dags/plugins/listener_plugin.py for tasks to queue
[2023-03-28T00:15:48.243+0200] {logging_mixin.py:137} INFO - [2023-03-28T00:15:48.243+0200] {dagbag.py:532} INFO - Filling up the DagBag from /home/humbulani/miniconda3/envs/apache-airflow/lib/python3.8/site-packages/airflow/example_dags/plugins/listener_plugin.py
[2023-03-28T00:15:48.245+0200] {processor.py:755} WARNING - No viable dags retrieved from /home/humbulani/miniconda3/envs/apache-airflow/lib/python3.8/site-packages/airflow/example_dags/plugins/listener_plugin.py
[2023-03-28T00:15:48.255+0200] {processor.py:175} INFO - Processing /home/humbulani/miniconda3/envs/apache-airflow/lib/python3.8/site-packages/airflow/example_dags/plugins/listener_plugin.py took 0.034 seconds
[2023-03-28T00:16:21.106+0200] {processor.py:153} INFO - Started process (PID=23450) to work on /home/humbulani/miniconda3/envs/apache-airflow/lib/python3.8/site-packages/airflow/example_dags/plugins/listener_plugin.py
[2023-03-28T00:16:21.114+0200] {processor.py:743} INFO - Processing file /home/humbulani/miniconda3/envs/apache-airflow/lib/python3.8/site-packages/airflow/example_dags/plugins/listener_plugin.py for tasks to queue
[2023-03-28T00:16:21.115+0200] {logging_mixin.py:137} INFO - [2023-03-28T00:16:21.115+0200] {dagbag.py:532} INFO - Filling up the DagBag from /home/humbulani/miniconda3/envs/apache-airflow/lib/python3.8/site-packages/airflow/example_dags/plugins/listener_plugin.py
[2023-03-28T00:16:21.117+0200] {processor.py:755} WARNING - No viable dags retrieved from /home/humbulani/miniconda3/envs/apache-airflow/lib/python3.8/site-packages/airflow/example_dags/plugins/listener_plugin.py
[2023-03-28T00:16:21.126+0200] {processor.py:175} INFO - Processing /home/humbulani/miniconda3/envs/apache-airflow/lib/python3.8/site-packages/airflow/example_dags/plugins/listener_plugin.py took 0.023 seconds
[2023-03-28T00:16:57.003+0200] {processor.py:153} INFO - Started process (PID=23535) to work on /home/humbulani/miniconda3/envs/apache-airflow/lib/python3.8/site-packages/airflow/example_dags/plugins/listener_plugin.py
[2023-03-28T00:16:57.018+0200] {processor.py:743} INFO - Processing file /home/humbulani/miniconda3/envs/apache-airflow/lib/python3.8/site-packages/airflow/example_dags/plugins/listener_plugin.py for tasks to queue
[2023-03-28T00:16:57.018+0200] {logging_mixin.py:137} INFO - [2023-03-28T00:16:57.018+0200] {dagbag.py:532} INFO - Filling up the DagBag from /home/humbulani/miniconda3/envs/apache-airflow/lib/python3.8/site-packages/airflow/example_dags/plugins/listener_plugin.py
[2023-03-28T00:16:57.020+0200] {processor.py:755} WARNING - No viable dags retrieved from /home/humbulani/miniconda3/envs/apache-airflow/lib/python3.8/site-packages/airflow/example_dags/plugins/listener_plugin.py
[2023-03-28T00:16:57.029+0200] {processor.py:175} INFO - Processing /home/humbulani/miniconda3/envs/apache-airflow/lib/python3.8/site-packages/airflow/example_dags/plugins/listener_plugin.py took 0.029 seconds
[2023-03-28T00:17:31.432+0200] {processor.py:153} INFO - Started process (PID=23598) to work on /home/humbulani/miniconda3/envs/apache-airflow/lib/python3.8/site-packages/airflow/example_dags/plugins/listener_plugin.py
[2023-03-28T00:17:31.433+0200] {processor.py:743} INFO - Processing file /home/humbulani/miniconda3/envs/apache-airflow/lib/python3.8/site-packages/airflow/example_dags/plugins/listener_plugin.py for tasks to queue
[2023-03-28T00:17:31.433+0200] {logging_mixin.py:137} INFO - [2023-03-28T00:17:31.433+0200] {dagbag.py:532} INFO - Filling up the DagBag from /home/humbulani/miniconda3/envs/apache-airflow/lib/python3.8/site-packages/airflow/example_dags/plugins/listener_plugin.py
[2023-03-28T00:17:31.435+0200] {processor.py:755} WARNING - No viable dags retrieved from /home/humbulani/miniconda3/envs/apache-airflow/lib/python3.8/site-packages/airflow/example_dags/plugins/listener_plugin.py
[2023-03-28T00:17:31.443+0200] {processor.py:175} INFO - Processing /home/humbulani/miniconda3/envs/apache-airflow/lib/python3.8/site-packages/airflow/example_dags/plugins/listener_plugin.py took 0.013 seconds
[2023-03-28T00:18:15.439+0200] {processor.py:153} INFO - Started process (PID=23643) to work on /home/humbulani/miniconda3/envs/apache-airflow/lib/python3.8/site-packages/airflow/example_dags/plugins/listener_plugin.py
[2023-03-28T00:18:15.440+0200] {processor.py:743} INFO - Processing file /home/humbulani/miniconda3/envs/apache-airflow/lib/python3.8/site-packages/airflow/example_dags/plugins/listener_plugin.py for tasks to queue
[2023-03-28T00:18:15.441+0200] {logging_mixin.py:137} INFO - [2023-03-28T00:18:15.441+0200] {dagbag.py:532} INFO - Filling up the DagBag from /home/humbulani/miniconda3/envs/apache-airflow/lib/python3.8/site-packages/airflow/example_dags/plugins/listener_plugin.py
[2023-03-28T00:18:15.443+0200] {processor.py:755} WARNING - No viable dags retrieved from /home/humbulani/miniconda3/envs/apache-airflow/lib/python3.8/site-packages/airflow/example_dags/plugins/listener_plugin.py
[2023-03-28T00:18:15.452+0200] {processor.py:175} INFO - Processing /home/humbulani/miniconda3/envs/apache-airflow/lib/python3.8/site-packages/airflow/example_dags/plugins/listener_plugin.py took 0.016 seconds
[2023-03-28T00:19:01.940+0200] {processor.py:153} INFO - Started process (PID=23687) to work on /home/humbulani/miniconda3/envs/apache-airflow/lib/python3.8/site-packages/airflow/example_dags/plugins/listener_plugin.py
[2023-03-28T00:19:01.950+0200] {processor.py:743} INFO - Processing file /home/humbulani/miniconda3/envs/apache-airflow/lib/python3.8/site-packages/airflow/example_dags/plugins/listener_plugin.py for tasks to queue
[2023-03-28T00:19:01.951+0200] {logging_mixin.py:137} INFO - [2023-03-28T00:19:01.951+0200] {dagbag.py:532} INFO - Filling up the DagBag from /home/humbulani/miniconda3/envs/apache-airflow/lib/python3.8/site-packages/airflow/example_dags/plugins/listener_plugin.py
[2023-03-28T00:19:01.953+0200] {processor.py:755} WARNING - No viable dags retrieved from /home/humbulani/miniconda3/envs/apache-airflow/lib/python3.8/site-packages/airflow/example_dags/plugins/listener_plugin.py
[2023-03-28T00:19:01.960+0200] {processor.py:175} INFO - Processing /home/humbulani/miniconda3/envs/apache-airflow/lib/python3.8/site-packages/airflow/example_dags/plugins/listener_plugin.py took 0.023 seconds
[2023-03-28T00:19:48.396+0200] {processor.py:153} INFO - Started process (PID=23733) to work on /home/humbulani/miniconda3/envs/apache-airflow/lib/python3.8/site-packages/airflow/example_dags/plugins/listener_plugin.py
[2023-03-28T00:19:48.398+0200] {processor.py:743} INFO - Processing file /home/humbulani/miniconda3/envs/apache-airflow/lib/python3.8/site-packages/airflow/example_dags/plugins/listener_plugin.py for tasks to queue
[2023-03-28T00:19:48.399+0200] {logging_mixin.py:137} INFO - [2023-03-28T00:19:48.399+0200] {dagbag.py:532} INFO - Filling up the DagBag from /home/humbulani/miniconda3/envs/apache-airflow/lib/python3.8/site-packages/airflow/example_dags/plugins/listener_plugin.py
[2023-03-28T00:19:48.401+0200] {processor.py:755} WARNING - No viable dags retrieved from /home/humbulani/miniconda3/envs/apache-airflow/lib/python3.8/site-packages/airflow/example_dags/plugins/listener_plugin.py
[2023-03-28T00:19:48.408+0200] {processor.py:175} INFO - Processing /home/humbulani/miniconda3/envs/apache-airflow/lib/python3.8/site-packages/airflow/example_dags/plugins/listener_plugin.py took 0.015 seconds
[2023-03-28T00:20:21.863+0200] {processor.py:153} INFO - Started process (PID=23767) to work on /home/humbulani/miniconda3/envs/apache-airflow/lib/python3.8/site-packages/airflow/example_dags/plugins/listener_plugin.py
[2023-03-28T00:20:21.878+0200] {processor.py:743} INFO - Processing file /home/humbulani/miniconda3/envs/apache-airflow/lib/python3.8/site-packages/airflow/example_dags/plugins/listener_plugin.py for tasks to queue
[2023-03-28T00:20:21.878+0200] {logging_mixin.py:137} INFO - [2023-03-28T00:20:21.878+0200] {dagbag.py:532} INFO - Filling up the DagBag from /home/humbulani/miniconda3/envs/apache-airflow/lib/python3.8/site-packages/airflow/example_dags/plugins/listener_plugin.py
[2023-03-28T00:20:21.881+0200] {processor.py:755} WARNING - No viable dags retrieved from /home/humbulani/miniconda3/envs/apache-airflow/lib/python3.8/site-packages/airflow/example_dags/plugins/listener_plugin.py
[2023-03-28T00:20:21.889+0200] {processor.py:175} INFO - Processing /home/humbulani/miniconda3/envs/apache-airflow/lib/python3.8/site-packages/airflow/example_dags/plugins/listener_plugin.py took 0.028 seconds
[2023-03-28T00:21:01.928+0200] {processor.py:153} INFO - Started process (PID=23803) to work on /home/humbulani/miniconda3/envs/apache-airflow/lib/python3.8/site-packages/airflow/example_dags/plugins/listener_plugin.py
[2023-03-28T00:21:01.932+0200] {processor.py:743} INFO - Processing file /home/humbulani/miniconda3/envs/apache-airflow/lib/python3.8/site-packages/airflow/example_dags/plugins/listener_plugin.py for tasks to queue
[2023-03-28T00:21:01.933+0200] {logging_mixin.py:137} INFO - [2023-03-28T00:21:01.933+0200] {dagbag.py:532} INFO - Filling up the DagBag from /home/humbulani/miniconda3/envs/apache-airflow/lib/python3.8/site-packages/airflow/example_dags/plugins/listener_plugin.py
[2023-03-28T00:21:01.935+0200] {processor.py:755} WARNING - No viable dags retrieved from /home/humbulani/miniconda3/envs/apache-airflow/lib/python3.8/site-packages/airflow/example_dags/plugins/listener_plugin.py
[2023-03-28T00:21:01.942+0200] {processor.py:175} INFO - Processing /home/humbulani/miniconda3/envs/apache-airflow/lib/python3.8/site-packages/airflow/example_dags/plugins/listener_plugin.py took 0.017 seconds
[2023-03-28T00:21:45.168+0200] {processor.py:153} INFO - Started process (PID=23854) to work on /home/humbulani/miniconda3/envs/apache-airflow/lib/python3.8/site-packages/airflow/example_dags/plugins/listener_plugin.py
[2023-03-28T00:21:45.213+0200] {processor.py:743} INFO - Processing file /home/humbulani/miniconda3/envs/apache-airflow/lib/python3.8/site-packages/airflow/example_dags/plugins/listener_plugin.py for tasks to queue
[2023-03-28T00:21:45.214+0200] {logging_mixin.py:137} INFO - [2023-03-28T00:21:45.214+0200] {dagbag.py:532} INFO - Filling up the DagBag from /home/humbulani/miniconda3/envs/apache-airflow/lib/python3.8/site-packages/airflow/example_dags/plugins/listener_plugin.py
[2023-03-28T00:21:45.216+0200] {processor.py:755} WARNING - No viable dags retrieved from /home/humbulani/miniconda3/envs/apache-airflow/lib/python3.8/site-packages/airflow/example_dags/plugins/listener_plugin.py
[2023-03-28T00:21:45.225+0200] {processor.py:175} INFO - Processing /home/humbulani/miniconda3/envs/apache-airflow/lib/python3.8/site-packages/airflow/example_dags/plugins/listener_plugin.py took 0.060 seconds
