[2023-03-28T00:03:47.824+0200] {processor.py:153} INFO - Started process (PID=22490) to work on /home/humbulani/miniconda3/envs/apache-airflow/lib/python3.8/site-packages/airflow/example_dags/plugins/workday.py
[2023-03-28T00:03:47.825+0200] {processor.py:743} INFO - Processing file /home/humbulani/miniconda3/envs/apache-airflow/lib/python3.8/site-packages/airflow/example_dags/plugins/workday.py for tasks to queue
[2023-03-28T00:03:47.826+0200] {logging_mixin.py:137} INFO - [2023-03-28T00:03:47.826+0200] {dagbag.py:532} INFO - Filling up the DagBag from /home/humbulani/miniconda3/envs/apache-airflow/lib/python3.8/site-packages/airflow/example_dags/plugins/workday.py
[2023-03-28T00:03:47.827+0200] {processor.py:755} WARNING - No viable dags retrieved from /home/humbulani/miniconda3/envs/apache-airflow/lib/python3.8/site-packages/airflow/example_dags/plugins/workday.py
[2023-03-28T00:03:47.838+0200] {processor.py:175} INFO - Processing /home/humbulani/miniconda3/envs/apache-airflow/lib/python3.8/site-packages/airflow/example_dags/plugins/workday.py took 0.017 seconds
[2023-03-28T00:04:36.371+0200] {processor.py:153} INFO - Started process (PID=22580) to work on /home/humbulani/miniconda3/envs/apache-airflow/lib/python3.8/site-packages/airflow/example_dags/plugins/workday.py
[2023-03-28T00:04:36.389+0200] {processor.py:743} INFO - Processing file /home/humbulani/miniconda3/envs/apache-airflow/lib/python3.8/site-packages/airflow/example_dags/plugins/workday.py for tasks to queue
[2023-03-28T00:04:36.390+0200] {logging_mixin.py:137} INFO - [2023-03-28T00:04:36.390+0200] {dagbag.py:532} INFO - Filling up the DagBag from /home/humbulani/miniconda3/envs/apache-airflow/lib/python3.8/site-packages/airflow/example_dags/plugins/workday.py
[2023-03-28T00:04:36.391+0200] {processor.py:755} WARNING - No viable dags retrieved from /home/humbulani/miniconda3/envs/apache-airflow/lib/python3.8/site-packages/airflow/example_dags/plugins/workday.py
[2023-03-28T00:04:36.399+0200] {processor.py:175} INFO - Processing /home/humbulani/miniconda3/envs/apache-airflow/lib/python3.8/site-packages/airflow/example_dags/plugins/workday.py took 0.031 seconds
[2023-03-28T00:05:18.089+0200] {processor.py:153} INFO - Started process (PID=22615) to work on /home/humbulani/miniconda3/envs/apache-airflow/lib/python3.8/site-packages/airflow/example_dags/plugins/workday.py
[2023-03-28T00:05:18.089+0200] {processor.py:743} INFO - Processing file /home/humbulani/miniconda3/envs/apache-airflow/lib/python3.8/site-packages/airflow/example_dags/plugins/workday.py for tasks to queue
[2023-03-28T00:05:18.090+0200] {logging_mixin.py:137} INFO - [2023-03-28T00:05:18.090+0200] {dagbag.py:532} INFO - Filling up the DagBag from /home/humbulani/miniconda3/envs/apache-airflow/lib/python3.8/site-packages/airflow/example_dags/plugins/workday.py
[2023-03-28T00:05:18.091+0200] {processor.py:755} WARNING - No viable dags retrieved from /home/humbulani/miniconda3/envs/apache-airflow/lib/python3.8/site-packages/airflow/example_dags/plugins/workday.py
[2023-03-28T00:05:18.098+0200] {processor.py:175} INFO - Processing /home/humbulani/miniconda3/envs/apache-airflow/lib/python3.8/site-packages/airflow/example_dags/plugins/workday.py took 0.013 seconds
[2023-03-28T00:06:02.922+0200] {processor.py:153} INFO - Started process (PID=22730) to work on /home/humbulani/miniconda3/envs/apache-airflow/lib/python3.8/site-packages/airflow/example_dags/plugins/workday.py
[2023-03-28T00:06:02.936+0200] {processor.py:743} INFO - Processing file /home/humbulani/miniconda3/envs/apache-airflow/lib/python3.8/site-packages/airflow/example_dags/plugins/workday.py for tasks to queue
[2023-03-28T00:06:02.937+0200] {logging_mixin.py:137} INFO - [2023-03-28T00:06:02.937+0200] {dagbag.py:532} INFO - Filling up the DagBag from /home/humbulani/miniconda3/envs/apache-airflow/lib/python3.8/site-packages/airflow/example_dags/plugins/workday.py
[2023-03-28T00:06:02.938+0200] {processor.py:755} WARNING - No viable dags retrieved from /home/humbulani/miniconda3/envs/apache-airflow/lib/python3.8/site-packages/airflow/example_dags/plugins/workday.py
[2023-03-28T00:06:02.949+0200] {processor.py:175} INFO - Processing /home/humbulani/miniconda3/envs/apache-airflow/lib/python3.8/site-packages/airflow/example_dags/plugins/workday.py took 0.030 seconds
[2023-03-28T00:06:37.707+0200] {processor.py:153} INFO - Started process (PID=22768) to work on /home/humbulani/miniconda3/envs/apache-airflow/lib/python3.8/site-packages/airflow/example_dags/plugins/workday.py
[2023-03-28T00:06:37.719+0200] {processor.py:743} INFO - Processing file /home/humbulani/miniconda3/envs/apache-airflow/lib/python3.8/site-packages/airflow/example_dags/plugins/workday.py for tasks to queue
[2023-03-28T00:06:37.720+0200] {logging_mixin.py:137} INFO - [2023-03-28T00:06:37.719+0200] {dagbag.py:532} INFO - Filling up the DagBag from /home/humbulani/miniconda3/envs/apache-airflow/lib/python3.8/site-packages/airflow/example_dags/plugins/workday.py
[2023-03-28T00:06:37.721+0200] {processor.py:755} WARNING - No viable dags retrieved from /home/humbulani/miniconda3/envs/apache-airflow/lib/python3.8/site-packages/airflow/example_dags/plugins/workday.py
[2023-03-28T00:06:37.730+0200] {processor.py:175} INFO - Processing /home/humbulani/miniconda3/envs/apache-airflow/lib/python3.8/site-packages/airflow/example_dags/plugins/workday.py took 0.025 seconds
[2023-03-28T00:07:22.560+0200] {processor.py:153} INFO - Started process (PID=22812) to work on /home/humbulani/miniconda3/envs/apache-airflow/lib/python3.8/site-packages/airflow/example_dags/plugins/workday.py
[2023-03-28T00:07:22.593+0200] {processor.py:743} INFO - Processing file /home/humbulani/miniconda3/envs/apache-airflow/lib/python3.8/site-packages/airflow/example_dags/plugins/workday.py for tasks to queue
[2023-03-28T00:07:22.593+0200] {logging_mixin.py:137} INFO - [2023-03-28T00:07:22.593+0200] {dagbag.py:532} INFO - Filling up the DagBag from /home/humbulani/miniconda3/envs/apache-airflow/lib/python3.8/site-packages/airflow/example_dags/plugins/workday.py
[2023-03-28T00:07:22.595+0200] {processor.py:755} WARNING - No viable dags retrieved from /home/humbulani/miniconda3/envs/apache-airflow/lib/python3.8/site-packages/airflow/example_dags/plugins/workday.py
[2023-03-28T00:07:22.659+0200] {processor.py:175} INFO - Processing /home/humbulani/miniconda3/envs/apache-airflow/lib/python3.8/site-packages/airflow/example_dags/plugins/workday.py took 0.101 seconds
[2023-03-28T00:07:59.703+0200] {processor.py:153} INFO - Started process (PID=22884) to work on /home/humbulani/miniconda3/envs/apache-airflow/lib/python3.8/site-packages/airflow/example_dags/plugins/workday.py
[2023-03-28T00:07:59.704+0200] {processor.py:743} INFO - Processing file /home/humbulani/miniconda3/envs/apache-airflow/lib/python3.8/site-packages/airflow/example_dags/plugins/workday.py for tasks to queue
[2023-03-28T00:07:59.704+0200] {logging_mixin.py:137} INFO - [2023-03-28T00:07:59.704+0200] {dagbag.py:532} INFO - Filling up the DagBag from /home/humbulani/miniconda3/envs/apache-airflow/lib/python3.8/site-packages/airflow/example_dags/plugins/workday.py
[2023-03-28T00:07:59.706+0200] {processor.py:755} WARNING - No viable dags retrieved from /home/humbulani/miniconda3/envs/apache-airflow/lib/python3.8/site-packages/airflow/example_dags/plugins/workday.py
[2023-03-28T00:07:59.713+0200] {processor.py:175} INFO - Processing /home/humbulani/miniconda3/envs/apache-airflow/lib/python3.8/site-packages/airflow/example_dags/plugins/workday.py took 0.013 seconds
[2023-03-28T00:08:33.925+0200] {processor.py:153} INFO - Started process (PID=22929) to work on /home/humbulani/miniconda3/envs/apache-airflow/lib/python3.8/site-packages/airflow/example_dags/plugins/workday.py
[2023-03-28T00:08:33.943+0200] {processor.py:743} INFO - Processing file /home/humbulani/miniconda3/envs/apache-airflow/lib/python3.8/site-packages/airflow/example_dags/plugins/workday.py for tasks to queue
[2023-03-28T00:08:33.943+0200] {logging_mixin.py:137} INFO - [2023-03-28T00:08:33.943+0200] {dagbag.py:532} INFO - Filling up the DagBag from /home/humbulani/miniconda3/envs/apache-airflow/lib/python3.8/site-packages/airflow/example_dags/plugins/workday.py
[2023-03-28T00:08:33.945+0200] {processor.py:755} WARNING - No viable dags retrieved from /home/humbulani/miniconda3/envs/apache-airflow/lib/python3.8/site-packages/airflow/example_dags/plugins/workday.py
[2023-03-28T00:08:33.953+0200] {processor.py:175} INFO - Processing /home/humbulani/miniconda3/envs/apache-airflow/lib/python3.8/site-packages/airflow/example_dags/plugins/workday.py took 0.030 seconds
[2023-03-28T00:09:13.043+0200] {processor.py:153} INFO - Started process (PID=22971) to work on /home/humbulani/miniconda3/envs/apache-airflow/lib/python3.8/site-packages/airflow/example_dags/plugins/workday.py
[2023-03-28T00:09:13.044+0200] {processor.py:743} INFO - Processing file /home/humbulani/miniconda3/envs/apache-airflow/lib/python3.8/site-packages/airflow/example_dags/plugins/workday.py for tasks to queue
[2023-03-28T00:09:13.045+0200] {logging_mixin.py:137} INFO - [2023-03-28T00:09:13.045+0200] {dagbag.py:532} INFO - Filling up the DagBag from /home/humbulani/miniconda3/envs/apache-airflow/lib/python3.8/site-packages/airflow/example_dags/plugins/workday.py
[2023-03-28T00:09:13.046+0200] {processor.py:755} WARNING - No viable dags retrieved from /home/humbulani/miniconda3/envs/apache-airflow/lib/python3.8/site-packages/airflow/example_dags/plugins/workday.py
[2023-03-28T00:09:13.055+0200] {processor.py:175} INFO - Processing /home/humbulani/miniconda3/envs/apache-airflow/lib/python3.8/site-packages/airflow/example_dags/plugins/workday.py took 0.015 seconds
[2023-03-28T00:09:52.414+0200] {processor.py:153} INFO - Started process (PID=23008) to work on /home/humbulani/miniconda3/envs/apache-airflow/lib/python3.8/site-packages/airflow/example_dags/plugins/workday.py
[2023-03-28T00:09:52.415+0200] {processor.py:743} INFO - Processing file /home/humbulani/miniconda3/envs/apache-airflow/lib/python3.8/site-packages/airflow/example_dags/plugins/workday.py for tasks to queue
[2023-03-28T00:09:52.416+0200] {logging_mixin.py:137} INFO - [2023-03-28T00:09:52.416+0200] {dagbag.py:532} INFO - Filling up the DagBag from /home/humbulani/miniconda3/envs/apache-airflow/lib/python3.8/site-packages/airflow/example_dags/plugins/workday.py
[2023-03-28T00:09:52.417+0200] {processor.py:755} WARNING - No viable dags retrieved from /home/humbulani/miniconda3/envs/apache-airflow/lib/python3.8/site-packages/airflow/example_dags/plugins/workday.py
[2023-03-28T00:09:52.426+0200] {processor.py:175} INFO - Processing /home/humbulani/miniconda3/envs/apache-airflow/lib/python3.8/site-packages/airflow/example_dags/plugins/workday.py took 0.015 seconds
[2023-03-28T00:10:33.113+0200] {processor.py:153} INFO - Started process (PID=23042) to work on /home/humbulani/miniconda3/envs/apache-airflow/lib/python3.8/site-packages/airflow/example_dags/plugins/workday.py
[2023-03-28T00:10:33.114+0200] {processor.py:743} INFO - Processing file /home/humbulani/miniconda3/envs/apache-airflow/lib/python3.8/site-packages/airflow/example_dags/plugins/workday.py for tasks to queue
[2023-03-28T00:10:33.115+0200] {logging_mixin.py:137} INFO - [2023-03-28T00:10:33.115+0200] {dagbag.py:532} INFO - Filling up the DagBag from /home/humbulani/miniconda3/envs/apache-airflow/lib/python3.8/site-packages/airflow/example_dags/plugins/workday.py
[2023-03-28T00:10:33.117+0200] {processor.py:755} WARNING - No viable dags retrieved from /home/humbulani/miniconda3/envs/apache-airflow/lib/python3.8/site-packages/airflow/example_dags/plugins/workday.py
[2023-03-28T00:10:33.124+0200] {processor.py:175} INFO - Processing /home/humbulani/miniconda3/envs/apache-airflow/lib/python3.8/site-packages/airflow/example_dags/plugins/workday.py took 0.014 seconds
[2023-03-28T00:11:14.183+0200] {processor.py:153} INFO - Started process (PID=23081) to work on /home/humbulani/miniconda3/envs/apache-airflow/lib/python3.8/site-packages/airflow/example_dags/plugins/workday.py
[2023-03-28T00:11:14.184+0200] {processor.py:743} INFO - Processing file /home/humbulani/miniconda3/envs/apache-airflow/lib/python3.8/site-packages/airflow/example_dags/plugins/workday.py for tasks to queue
[2023-03-28T00:11:14.185+0200] {logging_mixin.py:137} INFO - [2023-03-28T00:11:14.185+0200] {dagbag.py:532} INFO - Filling up the DagBag from /home/humbulani/miniconda3/envs/apache-airflow/lib/python3.8/site-packages/airflow/example_dags/plugins/workday.py
[2023-03-28T00:11:14.186+0200] {processor.py:755} WARNING - No viable dags retrieved from /home/humbulani/miniconda3/envs/apache-airflow/lib/python3.8/site-packages/airflow/example_dags/plugins/workday.py
[2023-03-28T00:11:14.193+0200] {processor.py:175} INFO - Processing /home/humbulani/miniconda3/envs/apache-airflow/lib/python3.8/site-packages/airflow/example_dags/plugins/workday.py took 0.013 seconds
[2023-03-28T00:12:01.625+0200] {processor.py:153} INFO - Started process (PID=23117) to work on /home/humbulani/miniconda3/envs/apache-airflow/lib/python3.8/site-packages/airflow/example_dags/plugins/workday.py
[2023-03-28T00:12:01.644+0200] {processor.py:743} INFO - Processing file /home/humbulani/miniconda3/envs/apache-airflow/lib/python3.8/site-packages/airflow/example_dags/plugins/workday.py for tasks to queue
[2023-03-28T00:12:01.645+0200] {logging_mixin.py:137} INFO - [2023-03-28T00:12:01.644+0200] {dagbag.py:532} INFO - Filling up the DagBag from /home/humbulani/miniconda3/envs/apache-airflow/lib/python3.8/site-packages/airflow/example_dags/plugins/workday.py
[2023-03-28T00:12:01.646+0200] {processor.py:755} WARNING - No viable dags retrieved from /home/humbulani/miniconda3/envs/apache-airflow/lib/python3.8/site-packages/airflow/example_dags/plugins/workday.py
[2023-03-28T00:12:01.652+0200] {processor.py:175} INFO - Processing /home/humbulani/miniconda3/envs/apache-airflow/lib/python3.8/site-packages/airflow/example_dags/plugins/workday.py took 0.030 seconds
[2023-03-28T00:12:45.932+0200] {processor.py:153} INFO - Started process (PID=23183) to work on /home/humbulani/miniconda3/envs/apache-airflow/lib/python3.8/site-packages/airflow/example_dags/plugins/workday.py
[2023-03-28T00:12:45.947+0200] {processor.py:743} INFO - Processing file /home/humbulani/miniconda3/envs/apache-airflow/lib/python3.8/site-packages/airflow/example_dags/plugins/workday.py for tasks to queue
[2023-03-28T00:12:45.947+0200] {logging_mixin.py:137} INFO - [2023-03-28T00:12:45.947+0200] {dagbag.py:532} INFO - Filling up the DagBag from /home/humbulani/miniconda3/envs/apache-airflow/lib/python3.8/site-packages/airflow/example_dags/plugins/workday.py
[2023-03-28T00:12:45.949+0200] {processor.py:755} WARNING - No viable dags retrieved from /home/humbulani/miniconda3/envs/apache-airflow/lib/python3.8/site-packages/airflow/example_dags/plugins/workday.py
[2023-03-28T00:12:45.958+0200] {processor.py:175} INFO - Processing /home/humbulani/miniconda3/envs/apache-airflow/lib/python3.8/site-packages/airflow/example_dags/plugins/workday.py took 0.029 seconds
[2023-03-28T00:13:31.708+0200] {processor.py:153} INFO - Started process (PID=23235) to work on /home/humbulani/miniconda3/envs/apache-airflow/lib/python3.8/site-packages/airflow/example_dags/plugins/workday.py
[2023-03-28T00:13:31.724+0200] {processor.py:743} INFO - Processing file /home/humbulani/miniconda3/envs/apache-airflow/lib/python3.8/site-packages/airflow/example_dags/plugins/workday.py for tasks to queue
[2023-03-28T00:13:31.725+0200] {logging_mixin.py:137} INFO - [2023-03-28T00:13:31.725+0200] {dagbag.py:532} INFO - Filling up the DagBag from /home/humbulani/miniconda3/envs/apache-airflow/lib/python3.8/site-packages/airflow/example_dags/plugins/workday.py
[2023-03-28T00:13:31.727+0200] {processor.py:755} WARNING - No viable dags retrieved from /home/humbulani/miniconda3/envs/apache-airflow/lib/python3.8/site-packages/airflow/example_dags/plugins/workday.py
[2023-03-28T00:13:31.736+0200] {processor.py:175} INFO - Processing /home/humbulani/miniconda3/envs/apache-airflow/lib/python3.8/site-packages/airflow/example_dags/plugins/workday.py took 0.030 seconds
[2023-03-28T00:14:15.058+0200] {processor.py:153} INFO - Started process (PID=23279) to work on /home/humbulani/miniconda3/envs/apache-airflow/lib/python3.8/site-packages/airflow/example_dags/plugins/workday.py
[2023-03-28T00:14:15.069+0200] {processor.py:743} INFO - Processing file /home/humbulani/miniconda3/envs/apache-airflow/lib/python3.8/site-packages/airflow/example_dags/plugins/workday.py for tasks to queue
[2023-03-28T00:14:15.069+0200] {logging_mixin.py:137} INFO - [2023-03-28T00:14:15.069+0200] {dagbag.py:532} INFO - Filling up the DagBag from /home/humbulani/miniconda3/envs/apache-airflow/lib/python3.8/site-packages/airflow/example_dags/plugins/workday.py
[2023-03-28T00:14:15.071+0200] {processor.py:755} WARNING - No viable dags retrieved from /home/humbulani/miniconda3/envs/apache-airflow/lib/python3.8/site-packages/airflow/example_dags/plugins/workday.py
[2023-03-28T00:14:15.079+0200] {processor.py:175} INFO - Processing /home/humbulani/miniconda3/envs/apache-airflow/lib/python3.8/site-packages/airflow/example_dags/plugins/workday.py took 0.024 seconds
[2023-03-28T00:15:01.517+0200] {processor.py:153} INFO - Started process (PID=23326) to work on /home/humbulani/miniconda3/envs/apache-airflow/lib/python3.8/site-packages/airflow/example_dags/plugins/workday.py
[2023-03-28T00:15:01.528+0200] {processor.py:743} INFO - Processing file /home/humbulani/miniconda3/envs/apache-airflow/lib/python3.8/site-packages/airflow/example_dags/plugins/workday.py for tasks to queue
[2023-03-28T00:15:01.528+0200] {logging_mixin.py:137} INFO - [2023-03-28T00:15:01.528+0200] {dagbag.py:532} INFO - Filling up the DagBag from /home/humbulani/miniconda3/envs/apache-airflow/lib/python3.8/site-packages/airflow/example_dags/plugins/workday.py
[2023-03-28T00:15:01.530+0200] {processor.py:755} WARNING - No viable dags retrieved from /home/humbulani/miniconda3/envs/apache-airflow/lib/python3.8/site-packages/airflow/example_dags/plugins/workday.py
[2023-03-28T00:15:01.537+0200] {processor.py:175} INFO - Processing /home/humbulani/miniconda3/envs/apache-airflow/lib/python3.8/site-packages/airflow/example_dags/plugins/workday.py took 0.022 seconds
[2023-03-28T00:15:34.312+0200] {processor.py:153} INFO - Started process (PID=23384) to work on /home/humbulani/miniconda3/envs/apache-airflow/lib/python3.8/site-packages/airflow/example_dags/plugins/workday.py
[2023-03-28T00:15:34.325+0200] {processor.py:743} INFO - Processing file /home/humbulani/miniconda3/envs/apache-airflow/lib/python3.8/site-packages/airflow/example_dags/plugins/workday.py for tasks to queue
[2023-03-28T00:15:34.326+0200] {logging_mixin.py:137} INFO - [2023-03-28T00:15:34.325+0200] {dagbag.py:532} INFO - Filling up the DagBag from /home/humbulani/miniconda3/envs/apache-airflow/lib/python3.8/site-packages/airflow/example_dags/plugins/workday.py
[2023-03-28T00:15:34.327+0200] {processor.py:755} WARNING - No viable dags retrieved from /home/humbulani/miniconda3/envs/apache-airflow/lib/python3.8/site-packages/airflow/example_dags/plugins/workday.py
[2023-03-28T00:15:34.336+0200] {processor.py:175} INFO - Processing /home/humbulani/miniconda3/envs/apache-airflow/lib/python3.8/site-packages/airflow/example_dags/plugins/workday.py took 0.027 seconds
[2023-03-28T00:16:19.967+0200] {processor.py:153} INFO - Started process (PID=23449) to work on /home/humbulani/miniconda3/envs/apache-airflow/lib/python3.8/site-packages/airflow/example_dags/plugins/workday.py
[2023-03-28T00:16:19.982+0200] {processor.py:743} INFO - Processing file /home/humbulani/miniconda3/envs/apache-airflow/lib/python3.8/site-packages/airflow/example_dags/plugins/workday.py for tasks to queue
[2023-03-28T00:16:19.983+0200] {logging_mixin.py:137} INFO - [2023-03-28T00:16:19.983+0200] {dagbag.py:532} INFO - Filling up the DagBag from /home/humbulani/miniconda3/envs/apache-airflow/lib/python3.8/site-packages/airflow/example_dags/plugins/workday.py
[2023-03-28T00:16:19.984+0200] {processor.py:755} WARNING - No viable dags retrieved from /home/humbulani/miniconda3/envs/apache-airflow/lib/python3.8/site-packages/airflow/example_dags/plugins/workday.py
[2023-03-28T00:16:19.993+0200] {processor.py:175} INFO - Processing /home/humbulani/miniconda3/envs/apache-airflow/lib/python3.8/site-packages/airflow/example_dags/plugins/workday.py took 0.028 seconds
[2023-03-28T00:16:55.770+0200] {processor.py:153} INFO - Started process (PID=23534) to work on /home/humbulani/miniconda3/envs/apache-airflow/lib/python3.8/site-packages/airflow/example_dags/plugins/workday.py
[2023-03-28T00:16:55.771+0200] {processor.py:743} INFO - Processing file /home/humbulani/miniconda3/envs/apache-airflow/lib/python3.8/site-packages/airflow/example_dags/plugins/workday.py for tasks to queue
[2023-03-28T00:16:55.771+0200] {logging_mixin.py:137} INFO - [2023-03-28T00:16:55.771+0200] {dagbag.py:532} INFO - Filling up the DagBag from /home/humbulani/miniconda3/envs/apache-airflow/lib/python3.8/site-packages/airflow/example_dags/plugins/workday.py
[2023-03-28T00:16:55.773+0200] {processor.py:755} WARNING - No viable dags retrieved from /home/humbulani/miniconda3/envs/apache-airflow/lib/python3.8/site-packages/airflow/example_dags/plugins/workday.py
[2023-03-28T00:16:55.779+0200] {processor.py:175} INFO - Processing /home/humbulani/miniconda3/envs/apache-airflow/lib/python3.8/site-packages/airflow/example_dags/plugins/workday.py took 0.012 seconds
[2023-03-28T00:17:30.296+0200] {processor.py:153} INFO - Started process (PID=23597) to work on /home/humbulani/miniconda3/envs/apache-airflow/lib/python3.8/site-packages/airflow/example_dags/plugins/workday.py
[2023-03-28T00:17:30.297+0200] {processor.py:743} INFO - Processing file /home/humbulani/miniconda3/envs/apache-airflow/lib/python3.8/site-packages/airflow/example_dags/plugins/workday.py for tasks to queue
[2023-03-28T00:17:30.297+0200] {logging_mixin.py:137} INFO - [2023-03-28T00:17:30.297+0200] {dagbag.py:532} INFO - Filling up the DagBag from /home/humbulani/miniconda3/envs/apache-airflow/lib/python3.8/site-packages/airflow/example_dags/plugins/workday.py
[2023-03-28T00:17:30.299+0200] {processor.py:755} WARNING - No viable dags retrieved from /home/humbulani/miniconda3/envs/apache-airflow/lib/python3.8/site-packages/airflow/example_dags/plugins/workday.py
[2023-03-28T00:17:30.307+0200] {processor.py:175} INFO - Processing /home/humbulani/miniconda3/envs/apache-airflow/lib/python3.8/site-packages/airflow/example_dags/plugins/workday.py took 0.013 seconds
[2023-03-28T00:18:14.276+0200] {processor.py:153} INFO - Started process (PID=23642) to work on /home/humbulani/miniconda3/envs/apache-airflow/lib/python3.8/site-packages/airflow/example_dags/plugins/workday.py
[2023-03-28T00:18:14.277+0200] {processor.py:743} INFO - Processing file /home/humbulani/miniconda3/envs/apache-airflow/lib/python3.8/site-packages/airflow/example_dags/plugins/workday.py for tasks to queue
[2023-03-28T00:18:14.278+0200] {logging_mixin.py:137} INFO - [2023-03-28T00:18:14.278+0200] {dagbag.py:532} INFO - Filling up the DagBag from /home/humbulani/miniconda3/envs/apache-airflow/lib/python3.8/site-packages/airflow/example_dags/plugins/workday.py
[2023-03-28T00:18:14.280+0200] {processor.py:755} WARNING - No viable dags retrieved from /home/humbulani/miniconda3/envs/apache-airflow/lib/python3.8/site-packages/airflow/example_dags/plugins/workday.py
[2023-03-28T00:18:14.287+0200] {processor.py:175} INFO - Processing /home/humbulani/miniconda3/envs/apache-airflow/lib/python3.8/site-packages/airflow/example_dags/plugins/workday.py took 0.014 seconds
[2023-03-28T00:19:00.776+0200] {processor.py:153} INFO - Started process (PID=23686) to work on /home/humbulani/miniconda3/envs/apache-airflow/lib/python3.8/site-packages/airflow/example_dags/plugins/workday.py
[2023-03-28T00:19:00.793+0200] {processor.py:743} INFO - Processing file /home/humbulani/miniconda3/envs/apache-airflow/lib/python3.8/site-packages/airflow/example_dags/plugins/workday.py for tasks to queue
[2023-03-28T00:19:00.794+0200] {logging_mixin.py:137} INFO - [2023-03-28T00:19:00.794+0200] {dagbag.py:532} INFO - Filling up the DagBag from /home/humbulani/miniconda3/envs/apache-airflow/lib/python3.8/site-packages/airflow/example_dags/plugins/workday.py
[2023-03-28T00:19:00.796+0200] {processor.py:755} WARNING - No viable dags retrieved from /home/humbulani/miniconda3/envs/apache-airflow/lib/python3.8/site-packages/airflow/example_dags/plugins/workday.py
[2023-03-28T00:19:00.805+0200] {processor.py:175} INFO - Processing /home/humbulani/miniconda3/envs/apache-airflow/lib/python3.8/site-packages/airflow/example_dags/plugins/workday.py took 0.031 seconds
[2023-03-28T00:19:47.245+0200] {processor.py:153} INFO - Started process (PID=23732) to work on /home/humbulani/miniconda3/envs/apache-airflow/lib/python3.8/site-packages/airflow/example_dags/plugins/workday.py
[2023-03-28T00:19:47.261+0200] {processor.py:743} INFO - Processing file /home/humbulani/miniconda3/envs/apache-airflow/lib/python3.8/site-packages/airflow/example_dags/plugins/workday.py for tasks to queue
[2023-03-28T00:19:47.262+0200] {logging_mixin.py:137} INFO - [2023-03-28T00:19:47.262+0200] {dagbag.py:532} INFO - Filling up the DagBag from /home/humbulani/miniconda3/envs/apache-airflow/lib/python3.8/site-packages/airflow/example_dags/plugins/workday.py
[2023-03-28T00:19:47.263+0200] {processor.py:755} WARNING - No viable dags retrieved from /home/humbulani/miniconda3/envs/apache-airflow/lib/python3.8/site-packages/airflow/example_dags/plugins/workday.py
[2023-03-28T00:19:47.271+0200] {processor.py:175} INFO - Processing /home/humbulani/miniconda3/envs/apache-airflow/lib/python3.8/site-packages/airflow/example_dags/plugins/workday.py took 0.028 seconds
[2023-03-28T00:20:20.728+0200] {processor.py:153} INFO - Started process (PID=23765) to work on /home/humbulani/miniconda3/envs/apache-airflow/lib/python3.8/site-packages/airflow/example_dags/plugins/workday.py
[2023-03-28T00:20:20.729+0200] {processor.py:743} INFO - Processing file /home/humbulani/miniconda3/envs/apache-airflow/lib/python3.8/site-packages/airflow/example_dags/plugins/workday.py for tasks to queue
[2023-03-28T00:20:20.730+0200] {logging_mixin.py:137} INFO - [2023-03-28T00:20:20.730+0200] {dagbag.py:532} INFO - Filling up the DagBag from /home/humbulani/miniconda3/envs/apache-airflow/lib/python3.8/site-packages/airflow/example_dags/plugins/workday.py
[2023-03-28T00:20:20.731+0200] {processor.py:755} WARNING - No viable dags retrieved from /home/humbulani/miniconda3/envs/apache-airflow/lib/python3.8/site-packages/airflow/example_dags/plugins/workday.py
[2023-03-28T00:20:20.740+0200] {processor.py:175} INFO - Processing /home/humbulani/miniconda3/envs/apache-airflow/lib/python3.8/site-packages/airflow/example_dags/plugins/workday.py took 0.014 seconds
[2023-03-28T00:21:01.624+0200] {processor.py:153} INFO - Started process (PID=23802) to work on /home/humbulani/miniconda3/envs/apache-airflow/lib/python3.8/site-packages/airflow/example_dags/plugins/workday.py
[2023-03-28T00:21:01.637+0200] {processor.py:743} INFO - Processing file /home/humbulani/miniconda3/envs/apache-airflow/lib/python3.8/site-packages/airflow/example_dags/plugins/workday.py for tasks to queue
[2023-03-28T00:21:01.638+0200] {logging_mixin.py:137} INFO - [2023-03-28T00:21:01.638+0200] {dagbag.py:532} INFO - Filling up the DagBag from /home/humbulani/miniconda3/envs/apache-airflow/lib/python3.8/site-packages/airflow/example_dags/plugins/workday.py
[2023-03-28T00:21:01.640+0200] {processor.py:755} WARNING - No viable dags retrieved from /home/humbulani/miniconda3/envs/apache-airflow/lib/python3.8/site-packages/airflow/example_dags/plugins/workday.py
[2023-03-28T00:21:01.649+0200] {processor.py:175} INFO - Processing /home/humbulani/miniconda3/envs/apache-airflow/lib/python3.8/site-packages/airflow/example_dags/plugins/workday.py took 0.028 seconds
[2023-03-28T00:21:44.016+0200] {processor.py:153} INFO - Started process (PID=23853) to work on /home/humbulani/miniconda3/envs/apache-airflow/lib/python3.8/site-packages/airflow/example_dags/plugins/workday.py
[2023-03-28T00:21:44.059+0200] {processor.py:743} INFO - Processing file /home/humbulani/miniconda3/envs/apache-airflow/lib/python3.8/site-packages/airflow/example_dags/plugins/workday.py for tasks to queue
[2023-03-28T00:21:44.059+0200] {logging_mixin.py:137} INFO - [2023-03-28T00:21:44.059+0200] {dagbag.py:532} INFO - Filling up the DagBag from /home/humbulani/miniconda3/envs/apache-airflow/lib/python3.8/site-packages/airflow/example_dags/plugins/workday.py
[2023-03-28T00:21:44.061+0200] {processor.py:755} WARNING - No viable dags retrieved from /home/humbulani/miniconda3/envs/apache-airflow/lib/python3.8/site-packages/airflow/example_dags/plugins/workday.py
[2023-03-28T00:21:44.069+0200] {processor.py:175} INFO - Processing /home/humbulani/miniconda3/envs/apache-airflow/lib/python3.8/site-packages/airflow/example_dags/plugins/workday.py took 0.056 seconds
