[2023-03-28T00:03:45.536+0200] {processor.py:153} INFO - Started process (PID=22488) to work on /home/humbulani/miniconda3/envs/apache-airflow/lib/python3.8/site-packages/airflow/example_dags/subdags/subdag.py
[2023-03-28T00:03:45.537+0200] {processor.py:743} INFO - Processing file /home/humbulani/miniconda3/envs/apache-airflow/lib/python3.8/site-packages/airflow/example_dags/subdags/subdag.py for tasks to queue
[2023-03-28T00:03:45.537+0200] {logging_mixin.py:137} INFO - [2023-03-28T00:03:45.537+0200] {dagbag.py:532} INFO - Filling up the DagBag from /home/humbulani/miniconda3/envs/apache-airflow/lib/python3.8/site-packages/airflow/example_dags/subdags/subdag.py
[2023-03-28T00:03:45.540+0200] {processor.py:755} WARNING - No viable dags retrieved from /home/humbulani/miniconda3/envs/apache-airflow/lib/python3.8/site-packages/airflow/example_dags/subdags/subdag.py
[2023-03-28T00:03:45.549+0200] {processor.py:175} INFO - Processing /home/humbulani/miniconda3/envs/apache-airflow/lib/python3.8/site-packages/airflow/example_dags/subdags/subdag.py took 0.015 seconds
[2023-03-28T00:04:34.087+0200] {processor.py:153} INFO - Started process (PID=22578) to work on /home/humbulani/miniconda3/envs/apache-airflow/lib/python3.8/site-packages/airflow/example_dags/subdags/subdag.py
[2023-03-28T00:04:34.097+0200] {processor.py:743} INFO - Processing file /home/humbulani/miniconda3/envs/apache-airflow/lib/python3.8/site-packages/airflow/example_dags/subdags/subdag.py for tasks to queue
[2023-03-28T00:04:34.098+0200] {logging_mixin.py:137} INFO - [2023-03-28T00:04:34.098+0200] {dagbag.py:532} INFO - Filling up the DagBag from /home/humbulani/miniconda3/envs/apache-airflow/lib/python3.8/site-packages/airflow/example_dags/subdags/subdag.py
[2023-03-28T00:04:34.101+0200] {processor.py:755} WARNING - No viable dags retrieved from /home/humbulani/miniconda3/envs/apache-airflow/lib/python3.8/site-packages/airflow/example_dags/subdags/subdag.py
[2023-03-28T00:04:34.108+0200] {processor.py:175} INFO - Processing /home/humbulani/miniconda3/envs/apache-airflow/lib/python3.8/site-packages/airflow/example_dags/subdags/subdag.py took 0.024 seconds
[2023-03-28T00:05:16.108+0200] {processor.py:153} INFO - Started process (PID=22613) to work on /home/humbulani/miniconda3/envs/apache-airflow/lib/python3.8/site-packages/airflow/example_dags/subdags/subdag.py
[2023-03-28T00:05:16.109+0200] {processor.py:743} INFO - Processing file /home/humbulani/miniconda3/envs/apache-airflow/lib/python3.8/site-packages/airflow/example_dags/subdags/subdag.py for tasks to queue
[2023-03-28T00:05:16.109+0200] {logging_mixin.py:137} INFO - [2023-03-28T00:05:16.109+0200] {dagbag.py:532} INFO - Filling up the DagBag from /home/humbulani/miniconda3/envs/apache-airflow/lib/python3.8/site-packages/airflow/example_dags/subdags/subdag.py
[2023-03-28T00:05:16.112+0200] {processor.py:755} WARNING - No viable dags retrieved from /home/humbulani/miniconda3/envs/apache-airflow/lib/python3.8/site-packages/airflow/example_dags/subdags/subdag.py
[2023-03-28T00:05:16.119+0200] {processor.py:175} INFO - Processing /home/humbulani/miniconda3/envs/apache-airflow/lib/python3.8/site-packages/airflow/example_dags/subdags/subdag.py took 0.013 seconds
[2023-03-28T00:05:51.024+0200] {processor.py:153} INFO - Started process (PID=22692) to work on /home/humbulani/miniconda3/envs/apache-airflow/lib/python3.8/site-packages/airflow/example_dags/subdags/subdag.py
[2023-03-28T00:05:51.093+0200] {processor.py:743} INFO - Processing file /home/humbulani/miniconda3/envs/apache-airflow/lib/python3.8/site-packages/airflow/example_dags/subdags/subdag.py for tasks to queue
[2023-03-28T00:05:51.094+0200] {logging_mixin.py:137} INFO - [2023-03-28T00:05:51.094+0200] {dagbag.py:532} INFO - Filling up the DagBag from /home/humbulani/miniconda3/envs/apache-airflow/lib/python3.8/site-packages/airflow/example_dags/subdags/subdag.py
[2023-03-28T00:05:51.097+0200] {processor.py:755} WARNING - No viable dags retrieved from /home/humbulani/miniconda3/envs/apache-airflow/lib/python3.8/site-packages/airflow/example_dags/subdags/subdag.py
[2023-03-28T00:05:51.108+0200] {processor.py:175} INFO - Processing /home/humbulani/miniconda3/envs/apache-airflow/lib/python3.8/site-packages/airflow/example_dags/subdags/subdag.py took 0.087 seconds
[2023-03-28T00:06:36.117+0200] {processor.py:153} INFO - Started process (PID=22766) to work on /home/humbulani/miniconda3/envs/apache-airflow/lib/python3.8/site-packages/airflow/example_dags/subdags/subdag.py
[2023-03-28T00:06:36.117+0200] {processor.py:743} INFO - Processing file /home/humbulani/miniconda3/envs/apache-airflow/lib/python3.8/site-packages/airflow/example_dags/subdags/subdag.py for tasks to queue
[2023-03-28T00:06:36.118+0200] {logging_mixin.py:137} INFO - [2023-03-28T00:06:36.118+0200] {dagbag.py:532} INFO - Filling up the DagBag from /home/humbulani/miniconda3/envs/apache-airflow/lib/python3.8/site-packages/airflow/example_dags/subdags/subdag.py
[2023-03-28T00:06:36.120+0200] {processor.py:755} WARNING - No viable dags retrieved from /home/humbulani/miniconda3/envs/apache-airflow/lib/python3.8/site-packages/airflow/example_dags/subdags/subdag.py
[2023-03-28T00:06:36.128+0200] {processor.py:175} INFO - Processing /home/humbulani/miniconda3/envs/apache-airflow/lib/python3.8/site-packages/airflow/example_dags/subdags/subdag.py took 0.013 seconds
[2023-03-28T00:07:20.153+0200] {processor.py:153} INFO - Started process (PID=22810) to work on /home/humbulani/miniconda3/envs/apache-airflow/lib/python3.8/site-packages/airflow/example_dags/subdags/subdag.py
[2023-03-28T00:07:20.154+0200] {processor.py:743} INFO - Processing file /home/humbulani/miniconda3/envs/apache-airflow/lib/python3.8/site-packages/airflow/example_dags/subdags/subdag.py for tasks to queue
[2023-03-28T00:07:20.154+0200] {logging_mixin.py:137} INFO - [2023-03-28T00:07:20.154+0200] {dagbag.py:532} INFO - Filling up the DagBag from /home/humbulani/miniconda3/envs/apache-airflow/lib/python3.8/site-packages/airflow/example_dags/subdags/subdag.py
[2023-03-28T00:07:20.157+0200] {processor.py:755} WARNING - No viable dags retrieved from /home/humbulani/miniconda3/envs/apache-airflow/lib/python3.8/site-packages/airflow/example_dags/subdags/subdag.py
[2023-03-28T00:07:20.164+0200] {processor.py:175} INFO - Processing /home/humbulani/miniconda3/envs/apache-airflow/lib/python3.8/site-packages/airflow/example_dags/subdags/subdag.py took 0.013 seconds
[2023-03-28T00:07:58.332+0200] {processor.py:153} INFO - Started process (PID=22882) to work on /home/humbulani/miniconda3/envs/apache-airflow/lib/python3.8/site-packages/airflow/example_dags/subdags/subdag.py
[2023-03-28T00:07:58.340+0200] {processor.py:743} INFO - Processing file /home/humbulani/miniconda3/envs/apache-airflow/lib/python3.8/site-packages/airflow/example_dags/subdags/subdag.py for tasks to queue
[2023-03-28T00:07:58.341+0200] {logging_mixin.py:137} INFO - [2023-03-28T00:07:58.341+0200] {dagbag.py:532} INFO - Filling up the DagBag from /home/humbulani/miniconda3/envs/apache-airflow/lib/python3.8/site-packages/airflow/example_dags/subdags/subdag.py
[2023-03-28T00:07:58.343+0200] {processor.py:755} WARNING - No viable dags retrieved from /home/humbulani/miniconda3/envs/apache-airflow/lib/python3.8/site-packages/airflow/example_dags/subdags/subdag.py
[2023-03-28T00:07:58.351+0200] {processor.py:175} INFO - Processing /home/humbulani/miniconda3/envs/apache-airflow/lib/python3.8/site-packages/airflow/example_dags/subdags/subdag.py took 0.021 seconds
[2023-03-28T00:08:31.624+0200] {processor.py:153} INFO - Started process (PID=22927) to work on /home/humbulani/miniconda3/envs/apache-airflow/lib/python3.8/site-packages/airflow/example_dags/subdags/subdag.py
[2023-03-28T00:08:31.625+0200] {processor.py:743} INFO - Processing file /home/humbulani/miniconda3/envs/apache-airflow/lib/python3.8/site-packages/airflow/example_dags/subdags/subdag.py for tasks to queue
[2023-03-28T00:08:31.626+0200] {logging_mixin.py:137} INFO - [2023-03-28T00:08:31.626+0200] {dagbag.py:532} INFO - Filling up the DagBag from /home/humbulani/miniconda3/envs/apache-airflow/lib/python3.8/site-packages/airflow/example_dags/subdags/subdag.py
[2023-03-28T00:08:31.630+0200] {processor.py:755} WARNING - No viable dags retrieved from /home/humbulani/miniconda3/envs/apache-airflow/lib/python3.8/site-packages/airflow/example_dags/subdags/subdag.py
[2023-03-28T00:08:31.637+0200] {processor.py:175} INFO - Processing /home/humbulani/miniconda3/envs/apache-airflow/lib/python3.8/site-packages/airflow/example_dags/subdags/subdag.py took 0.015 seconds
[2023-03-28T00:09:11.398+0200] {processor.py:153} INFO - Started process (PID=22969) to work on /home/humbulani/miniconda3/envs/apache-airflow/lib/python3.8/site-packages/airflow/example_dags/subdags/subdag.py
[2023-03-28T00:09:11.399+0200] {processor.py:743} INFO - Processing file /home/humbulani/miniconda3/envs/apache-airflow/lib/python3.8/site-packages/airflow/example_dags/subdags/subdag.py for tasks to queue
[2023-03-28T00:09:11.399+0200] {logging_mixin.py:137} INFO - [2023-03-28T00:09:11.399+0200] {dagbag.py:532} INFO - Filling up the DagBag from /home/humbulani/miniconda3/envs/apache-airflow/lib/python3.8/site-packages/airflow/example_dags/subdags/subdag.py
[2023-03-28T00:09:11.402+0200] {processor.py:755} WARNING - No viable dags retrieved from /home/humbulani/miniconda3/envs/apache-airflow/lib/python3.8/site-packages/airflow/example_dags/subdags/subdag.py
[2023-03-28T00:09:11.411+0200] {processor.py:175} INFO - Processing /home/humbulani/miniconda3/envs/apache-airflow/lib/python3.8/site-packages/airflow/example_dags/subdags/subdag.py took 0.017 seconds
[2023-03-28T00:09:50.681+0200] {processor.py:153} INFO - Started process (PID=23006) to work on /home/humbulani/miniconda3/envs/apache-airflow/lib/python3.8/site-packages/airflow/example_dags/subdags/subdag.py
[2023-03-28T00:09:50.689+0200] {processor.py:743} INFO - Processing file /home/humbulani/miniconda3/envs/apache-airflow/lib/python3.8/site-packages/airflow/example_dags/subdags/subdag.py for tasks to queue
[2023-03-28T00:09:50.690+0200] {logging_mixin.py:137} INFO - [2023-03-28T00:09:50.690+0200] {dagbag.py:532} INFO - Filling up the DagBag from /home/humbulani/miniconda3/envs/apache-airflow/lib/python3.8/site-packages/airflow/example_dags/subdags/subdag.py
[2023-03-28T00:09:50.692+0200] {processor.py:755} WARNING - No viable dags retrieved from /home/humbulani/miniconda3/envs/apache-airflow/lib/python3.8/site-packages/airflow/example_dags/subdags/subdag.py
[2023-03-28T00:09:50.699+0200] {processor.py:175} INFO - Processing /home/humbulani/miniconda3/envs/apache-airflow/lib/python3.8/site-packages/airflow/example_dags/subdags/subdag.py took 0.020 seconds
[2023-03-28T00:10:31.316+0200] {processor.py:153} INFO - Started process (PID=23040) to work on /home/humbulani/miniconda3/envs/apache-airflow/lib/python3.8/site-packages/airflow/example_dags/subdags/subdag.py
[2023-03-28T00:10:31.317+0200] {processor.py:743} INFO - Processing file /home/humbulani/miniconda3/envs/apache-airflow/lib/python3.8/site-packages/airflow/example_dags/subdags/subdag.py for tasks to queue
[2023-03-28T00:10:31.319+0200] {logging_mixin.py:137} INFO - [2023-03-28T00:10:31.318+0200] {dagbag.py:532} INFO - Filling up the DagBag from /home/humbulani/miniconda3/envs/apache-airflow/lib/python3.8/site-packages/airflow/example_dags/subdags/subdag.py
[2023-03-28T00:10:31.323+0200] {processor.py:755} WARNING - No viable dags retrieved from /home/humbulani/miniconda3/envs/apache-airflow/lib/python3.8/site-packages/airflow/example_dags/subdags/subdag.py
[2023-03-28T00:10:31.330+0200] {processor.py:175} INFO - Processing /home/humbulani/miniconda3/envs/apache-airflow/lib/python3.8/site-packages/airflow/example_dags/subdags/subdag.py took 0.017 seconds
[2023-03-28T00:11:12.576+0200] {processor.py:153} INFO - Started process (PID=23079) to work on /home/humbulani/miniconda3/envs/apache-airflow/lib/python3.8/site-packages/airflow/example_dags/subdags/subdag.py
[2023-03-28T00:11:12.586+0200] {processor.py:743} INFO - Processing file /home/humbulani/miniconda3/envs/apache-airflow/lib/python3.8/site-packages/airflow/example_dags/subdags/subdag.py for tasks to queue
[2023-03-28T00:11:12.587+0200] {logging_mixin.py:137} INFO - [2023-03-28T00:11:12.586+0200] {dagbag.py:532} INFO - Filling up the DagBag from /home/humbulani/miniconda3/envs/apache-airflow/lib/python3.8/site-packages/airflow/example_dags/subdags/subdag.py
[2023-03-28T00:11:12.589+0200] {processor.py:755} WARNING - No viable dags retrieved from /home/humbulani/miniconda3/envs/apache-airflow/lib/python3.8/site-packages/airflow/example_dags/subdags/subdag.py
[2023-03-28T00:11:12.596+0200] {processor.py:175} INFO - Processing /home/humbulani/miniconda3/envs/apache-airflow/lib/python3.8/site-packages/airflow/example_dags/subdags/subdag.py took 0.024 seconds
[2023-03-28T00:11:59.355+0200] {processor.py:153} INFO - Started process (PID=23115) to work on /home/humbulani/miniconda3/envs/apache-airflow/lib/python3.8/site-packages/airflow/example_dags/subdags/subdag.py
[2023-03-28T00:11:59.368+0200] {processor.py:743} INFO - Processing file /home/humbulani/miniconda3/envs/apache-airflow/lib/python3.8/site-packages/airflow/example_dags/subdags/subdag.py for tasks to queue
[2023-03-28T00:11:59.369+0200] {logging_mixin.py:137} INFO - [2023-03-28T00:11:59.369+0200] {dagbag.py:532} INFO - Filling up the DagBag from /home/humbulani/miniconda3/envs/apache-airflow/lib/python3.8/site-packages/airflow/example_dags/subdags/subdag.py
[2023-03-28T00:11:59.373+0200] {processor.py:755} WARNING - No viable dags retrieved from /home/humbulani/miniconda3/envs/apache-airflow/lib/python3.8/site-packages/airflow/example_dags/subdags/subdag.py
[2023-03-28T00:11:59.382+0200] {processor.py:175} INFO - Processing /home/humbulani/miniconda3/envs/apache-airflow/lib/python3.8/site-packages/airflow/example_dags/subdags/subdag.py took 0.029 seconds
[2023-03-28T00:12:43.644+0200] {processor.py:153} INFO - Started process (PID=23181) to work on /home/humbulani/miniconda3/envs/apache-airflow/lib/python3.8/site-packages/airflow/example_dags/subdags/subdag.py
[2023-03-28T00:12:43.663+0200] {processor.py:743} INFO - Processing file /home/humbulani/miniconda3/envs/apache-airflow/lib/python3.8/site-packages/airflow/example_dags/subdags/subdag.py for tasks to queue
[2023-03-28T00:12:43.664+0200] {logging_mixin.py:137} INFO - [2023-03-28T00:12:43.664+0200] {dagbag.py:532} INFO - Filling up the DagBag from /home/humbulani/miniconda3/envs/apache-airflow/lib/python3.8/site-packages/airflow/example_dags/subdags/subdag.py
[2023-03-28T00:12:43.667+0200] {processor.py:755} WARNING - No viable dags retrieved from /home/humbulani/miniconda3/envs/apache-airflow/lib/python3.8/site-packages/airflow/example_dags/subdags/subdag.py
[2023-03-28T00:12:43.674+0200] {processor.py:175} INFO - Processing /home/humbulani/miniconda3/envs/apache-airflow/lib/python3.8/site-packages/airflow/example_dags/subdags/subdag.py took 0.033 seconds
[2023-03-28T00:13:15.812+0200] {processor.py:153} INFO - Started process (PID=23214) to work on /home/humbulani/miniconda3/envs/apache-airflow/lib/python3.8/site-packages/airflow/example_dags/subdags/subdag.py
[2023-03-28T00:13:15.832+0200] {processor.py:743} INFO - Processing file /home/humbulani/miniconda3/envs/apache-airflow/lib/python3.8/site-packages/airflow/example_dags/subdags/subdag.py for tasks to queue
[2023-03-28T00:13:15.832+0200] {logging_mixin.py:137} INFO - [2023-03-28T00:13:15.832+0200] {dagbag.py:532} INFO - Filling up the DagBag from /home/humbulani/miniconda3/envs/apache-airflow/lib/python3.8/site-packages/airflow/example_dags/subdags/subdag.py
[2023-03-28T00:13:15.836+0200] {processor.py:755} WARNING - No viable dags retrieved from /home/humbulani/miniconda3/envs/apache-airflow/lib/python3.8/site-packages/airflow/example_dags/subdags/subdag.py
[2023-03-28T00:13:15.843+0200] {processor.py:175} INFO - Processing /home/humbulani/miniconda3/envs/apache-airflow/lib/python3.8/site-packages/airflow/example_dags/subdags/subdag.py took 0.033 seconds
[2023-03-28T00:13:59.361+0200] {processor.py:153} INFO - Started process (PID=23262) to work on /home/humbulani/miniconda3/envs/apache-airflow/lib/python3.8/site-packages/airflow/example_dags/subdags/subdag.py
[2023-03-28T00:13:59.384+0200] {processor.py:743} INFO - Processing file /home/humbulani/miniconda3/envs/apache-airflow/lib/python3.8/site-packages/airflow/example_dags/subdags/subdag.py for tasks to queue
[2023-03-28T00:13:59.385+0200] {logging_mixin.py:137} INFO - [2023-03-28T00:13:59.385+0200] {dagbag.py:532} INFO - Filling up the DagBag from /home/humbulani/miniconda3/envs/apache-airflow/lib/python3.8/site-packages/airflow/example_dags/subdags/subdag.py
[2023-03-28T00:13:59.388+0200] {processor.py:755} WARNING - No viable dags retrieved from /home/humbulani/miniconda3/envs/apache-airflow/lib/python3.8/site-packages/airflow/example_dags/subdags/subdag.py
[2023-03-28T00:13:59.395+0200] {processor.py:175} INFO - Processing /home/humbulani/miniconda3/envs/apache-airflow/lib/python3.8/site-packages/airflow/example_dags/subdags/subdag.py took 0.036 seconds
[2023-03-28T00:14:46.623+0200] {processor.py:153} INFO - Started process (PID=23311) to work on /home/humbulani/miniconda3/envs/apache-airflow/lib/python3.8/site-packages/airflow/example_dags/subdags/subdag.py
[2023-03-28T00:14:46.641+0200] {processor.py:743} INFO - Processing file /home/humbulani/miniconda3/envs/apache-airflow/lib/python3.8/site-packages/airflow/example_dags/subdags/subdag.py for tasks to queue
[2023-03-28T00:14:46.642+0200] {logging_mixin.py:137} INFO - [2023-03-28T00:14:46.642+0200] {dagbag.py:532} INFO - Filling up the DagBag from /home/humbulani/miniconda3/envs/apache-airflow/lib/python3.8/site-packages/airflow/example_dags/subdags/subdag.py
[2023-03-28T00:14:46.645+0200] {processor.py:755} WARNING - No viable dags retrieved from /home/humbulani/miniconda3/envs/apache-airflow/lib/python3.8/site-packages/airflow/example_dags/subdags/subdag.py
[2023-03-28T00:14:46.651+0200] {processor.py:175} INFO - Processing /home/humbulani/miniconda3/envs/apache-airflow/lib/python3.8/site-packages/airflow/example_dags/subdags/subdag.py took 0.031 seconds
[2023-03-28T00:15:32.003+0200] {processor.py:153} INFO - Started process (PID=23382) to work on /home/humbulani/miniconda3/envs/apache-airflow/lib/python3.8/site-packages/airflow/example_dags/subdags/subdag.py
[2023-03-28T00:15:32.057+0200] {processor.py:743} INFO - Processing file /home/humbulani/miniconda3/envs/apache-airflow/lib/python3.8/site-packages/airflow/example_dags/subdags/subdag.py for tasks to queue
[2023-03-28T00:15:32.058+0200] {logging_mixin.py:137} INFO - [2023-03-28T00:15:32.058+0200] {dagbag.py:532} INFO - Filling up the DagBag from /home/humbulani/miniconda3/envs/apache-airflow/lib/python3.8/site-packages/airflow/example_dags/subdags/subdag.py
[2023-03-28T00:15:32.062+0200] {processor.py:755} WARNING - No viable dags retrieved from /home/humbulani/miniconda3/envs/apache-airflow/lib/python3.8/site-packages/airflow/example_dags/subdags/subdag.py
[2023-03-28T00:15:32.071+0200] {processor.py:175} INFO - Processing /home/humbulani/miniconda3/envs/apache-airflow/lib/python3.8/site-packages/airflow/example_dags/subdags/subdag.py took 0.070 seconds
[2023-03-28T00:16:03.057+0200] {processor.py:153} INFO - Started process (PID=23430) to work on /home/humbulani/miniconda3/envs/apache-airflow/lib/python3.8/site-packages/airflow/example_dags/subdags/subdag.py
[2023-03-28T00:16:03.057+0200] {processor.py:743} INFO - Processing file /home/humbulani/miniconda3/envs/apache-airflow/lib/python3.8/site-packages/airflow/example_dags/subdags/subdag.py for tasks to queue
[2023-03-28T00:16:03.058+0200] {logging_mixin.py:137} INFO - [2023-03-28T00:16:03.058+0200] {dagbag.py:532} INFO - Filling up the DagBag from /home/humbulani/miniconda3/envs/apache-airflow/lib/python3.8/site-packages/airflow/example_dags/subdags/subdag.py
[2023-03-28T00:16:03.061+0200] {processor.py:755} WARNING - No viable dags retrieved from /home/humbulani/miniconda3/envs/apache-airflow/lib/python3.8/site-packages/airflow/example_dags/subdags/subdag.py
[2023-03-28T00:16:03.068+0200] {processor.py:175} INFO - Processing /home/humbulani/miniconda3/envs/apache-airflow/lib/python3.8/site-packages/airflow/example_dags/subdags/subdag.py took 0.013 seconds
[2023-03-28T00:16:38.196+0200] {processor.py:153} INFO - Started process (PID=23473) to work on /home/humbulani/miniconda3/envs/apache-airflow/lib/python3.8/site-packages/airflow/example_dags/subdags/subdag.py
[2023-03-28T00:16:38.226+0200] {processor.py:743} INFO - Processing file /home/humbulani/miniconda3/envs/apache-airflow/lib/python3.8/site-packages/airflow/example_dags/subdags/subdag.py for tasks to queue
[2023-03-28T00:16:38.227+0200] {logging_mixin.py:137} INFO - [2023-03-28T00:16:38.226+0200] {dagbag.py:532} INFO - Filling up the DagBag from /home/humbulani/miniconda3/envs/apache-airflow/lib/python3.8/site-packages/airflow/example_dags/subdags/subdag.py
[2023-03-28T00:16:38.229+0200] {processor.py:755} WARNING - No viable dags retrieved from /home/humbulani/miniconda3/envs/apache-airflow/lib/python3.8/site-packages/airflow/example_dags/subdags/subdag.py
[2023-03-28T00:16:38.237+0200] {processor.py:175} INFO - Processing /home/humbulani/miniconda3/envs/apache-airflow/lib/python3.8/site-packages/airflow/example_dags/subdags/subdag.py took 0.044 seconds
[2023-03-28T00:17:14.720+0200] {processor.py:153} INFO - Started process (PID=23583) to work on /home/humbulani/miniconda3/envs/apache-airflow/lib/python3.8/site-packages/airflow/example_dags/subdags/subdag.py
[2023-03-28T00:17:14.732+0200] {processor.py:743} INFO - Processing file /home/humbulani/miniconda3/envs/apache-airflow/lib/python3.8/site-packages/airflow/example_dags/subdags/subdag.py for tasks to queue
[2023-03-28T00:17:14.733+0200] {logging_mixin.py:137} INFO - [2023-03-28T00:17:14.733+0200] {dagbag.py:532} INFO - Filling up the DagBag from /home/humbulani/miniconda3/envs/apache-airflow/lib/python3.8/site-packages/airflow/example_dags/subdags/subdag.py
[2023-03-28T00:17:14.737+0200] {processor.py:755} WARNING - No viable dags retrieved from /home/humbulani/miniconda3/envs/apache-airflow/lib/python3.8/site-packages/airflow/example_dags/subdags/subdag.py
[2023-03-28T00:17:14.746+0200] {processor.py:175} INFO - Processing /home/humbulani/miniconda3/envs/apache-airflow/lib/python3.8/site-packages/airflow/example_dags/subdags/subdag.py took 0.028 seconds
[2023-03-28T00:17:59.913+0200] {processor.py:153} INFO - Started process (PID=23628) to work on /home/humbulani/miniconda3/envs/apache-airflow/lib/python3.8/site-packages/airflow/example_dags/subdags/subdag.py
[2023-03-28T00:17:59.914+0200] {processor.py:743} INFO - Processing file /home/humbulani/miniconda3/envs/apache-airflow/lib/python3.8/site-packages/airflow/example_dags/subdags/subdag.py for tasks to queue
[2023-03-28T00:17:59.914+0200] {logging_mixin.py:137} INFO - [2023-03-28T00:17:59.914+0200] {dagbag.py:532} INFO - Filling up the DagBag from /home/humbulani/miniconda3/envs/apache-airflow/lib/python3.8/site-packages/airflow/example_dags/subdags/subdag.py
[2023-03-28T00:17:59.918+0200] {processor.py:755} WARNING - No viable dags retrieved from /home/humbulani/miniconda3/envs/apache-airflow/lib/python3.8/site-packages/airflow/example_dags/subdags/subdag.py
[2023-03-28T00:17:59.926+0200] {processor.py:175} INFO - Processing /home/humbulani/miniconda3/envs/apache-airflow/lib/python3.8/site-packages/airflow/example_dags/subdags/subdag.py took 0.017 seconds
[2023-03-28T00:18:44.908+0200] {processor.py:153} INFO - Started process (PID=23670) to work on /home/humbulani/miniconda3/envs/apache-airflow/lib/python3.8/site-packages/airflow/example_dags/subdags/subdag.py
[2023-03-28T00:18:44.909+0200] {processor.py:743} INFO - Processing file /home/humbulani/miniconda3/envs/apache-airflow/lib/python3.8/site-packages/airflow/example_dags/subdags/subdag.py for tasks to queue
[2023-03-28T00:18:44.910+0200] {logging_mixin.py:137} INFO - [2023-03-28T00:18:44.910+0200] {dagbag.py:532} INFO - Filling up the DagBag from /home/humbulani/miniconda3/envs/apache-airflow/lib/python3.8/site-packages/airflow/example_dags/subdags/subdag.py
[2023-03-28T00:18:44.913+0200] {processor.py:755} WARNING - No viable dags retrieved from /home/humbulani/miniconda3/envs/apache-airflow/lib/python3.8/site-packages/airflow/example_dags/subdags/subdag.py
[2023-03-28T00:18:44.922+0200] {processor.py:175} INFO - Processing /home/humbulani/miniconda3/envs/apache-airflow/lib/python3.8/site-packages/airflow/example_dags/subdags/subdag.py took 0.017 seconds
[2023-03-28T00:19:30.100+0200] {processor.py:153} INFO - Started process (PID=23714) to work on /home/humbulani/miniconda3/envs/apache-airflow/lib/python3.8/site-packages/airflow/example_dags/subdags/subdag.py
[2023-03-28T00:19:30.117+0200] {processor.py:743} INFO - Processing file /home/humbulani/miniconda3/envs/apache-airflow/lib/python3.8/site-packages/airflow/example_dags/subdags/subdag.py for tasks to queue
[2023-03-28T00:19:30.118+0200] {logging_mixin.py:137} INFO - [2023-03-28T00:19:30.118+0200] {dagbag.py:532} INFO - Filling up the DagBag from /home/humbulani/miniconda3/envs/apache-airflow/lib/python3.8/site-packages/airflow/example_dags/subdags/subdag.py
[2023-03-28T00:19:30.121+0200] {processor.py:755} WARNING - No viable dags retrieved from /home/humbulani/miniconda3/envs/apache-airflow/lib/python3.8/site-packages/airflow/example_dags/subdags/subdag.py
[2023-03-28T00:19:30.128+0200] {processor.py:175} INFO - Processing /home/humbulani/miniconda3/envs/apache-airflow/lib/python3.8/site-packages/airflow/example_dags/subdags/subdag.py took 0.030 seconds
[2023-03-28T00:20:04.077+0200] {processor.py:153} INFO - Started process (PID=23750) to work on /home/humbulani/miniconda3/envs/apache-airflow/lib/python3.8/site-packages/airflow/example_dags/subdags/subdag.py
[2023-03-28T00:20:04.078+0200] {processor.py:743} INFO - Processing file /home/humbulani/miniconda3/envs/apache-airflow/lib/python3.8/site-packages/airflow/example_dags/subdags/subdag.py for tasks to queue
[2023-03-28T00:20:04.079+0200] {logging_mixin.py:137} INFO - [2023-03-28T00:20:04.079+0200] {dagbag.py:532} INFO - Filling up the DagBag from /home/humbulani/miniconda3/envs/apache-airflow/lib/python3.8/site-packages/airflow/example_dags/subdags/subdag.py
[2023-03-28T00:20:04.082+0200] {processor.py:755} WARNING - No viable dags retrieved from /home/humbulani/miniconda3/envs/apache-airflow/lib/python3.8/site-packages/airflow/example_dags/subdags/subdag.py
[2023-03-28T00:20:04.091+0200] {processor.py:175} INFO - Processing /home/humbulani/miniconda3/envs/apache-airflow/lib/python3.8/site-packages/airflow/example_dags/subdags/subdag.py took 0.016 seconds
[2023-03-28T00:20:39.857+0200] {processor.py:153} INFO - Started process (PID=23783) to work on /home/humbulani/miniconda3/envs/apache-airflow/lib/python3.8/site-packages/airflow/example_dags/subdags/subdag.py
[2023-03-28T00:20:39.868+0200] {processor.py:743} INFO - Processing file /home/humbulani/miniconda3/envs/apache-airflow/lib/python3.8/site-packages/airflow/example_dags/subdags/subdag.py for tasks to queue
[2023-03-28T00:20:39.868+0200] {logging_mixin.py:137} INFO - [2023-03-28T00:20:39.868+0200] {dagbag.py:532} INFO - Filling up the DagBag from /home/humbulani/miniconda3/envs/apache-airflow/lib/python3.8/site-packages/airflow/example_dags/subdags/subdag.py
[2023-03-28T00:20:39.871+0200] {processor.py:755} WARNING - No viable dags retrieved from /home/humbulani/miniconda3/envs/apache-airflow/lib/python3.8/site-packages/airflow/example_dags/subdags/subdag.py
[2023-03-28T00:20:39.878+0200] {processor.py:175} INFO - Processing /home/humbulani/miniconda3/envs/apache-airflow/lib/python3.8/site-packages/airflow/example_dags/subdags/subdag.py took 0.025 seconds
[2023-03-28T00:21:23.017+0200] {processor.py:153} INFO - Started process (PID=23835) to work on /home/humbulani/miniconda3/envs/apache-airflow/lib/python3.8/site-packages/airflow/example_dags/subdags/subdag.py
[2023-03-28T00:21:23.031+0200] {processor.py:743} INFO - Processing file /home/humbulani/miniconda3/envs/apache-airflow/lib/python3.8/site-packages/airflow/example_dags/subdags/subdag.py for tasks to queue
[2023-03-28T00:21:23.032+0200] {logging_mixin.py:137} INFO - [2023-03-28T00:21:23.032+0200] {dagbag.py:532} INFO - Filling up the DagBag from /home/humbulani/miniconda3/envs/apache-airflow/lib/python3.8/site-packages/airflow/example_dags/subdags/subdag.py
[2023-03-28T00:21:23.037+0200] {processor.py:755} WARNING - No viable dags retrieved from /home/humbulani/miniconda3/envs/apache-airflow/lib/python3.8/site-packages/airflow/example_dags/subdags/subdag.py
[2023-03-28T00:21:23.045+0200] {processor.py:175} INFO - Processing /home/humbulani/miniconda3/envs/apache-airflow/lib/python3.8/site-packages/airflow/example_dags/subdags/subdag.py took 0.032 seconds
[2023-03-28T00:22:04.063+0200] {processor.py:153} INFO - Started process (PID=23872) to work on /home/humbulani/miniconda3/envs/apache-airflow/lib/python3.8/site-packages/airflow/example_dags/subdags/subdag.py
[2023-03-28T00:22:04.064+0200] {processor.py:743} INFO - Processing file /home/humbulani/miniconda3/envs/apache-airflow/lib/python3.8/site-packages/airflow/example_dags/subdags/subdag.py for tasks to queue
[2023-03-28T00:22:04.065+0200] {logging_mixin.py:137} INFO - [2023-03-28T00:22:04.064+0200] {dagbag.py:532} INFO - Filling up the DagBag from /home/humbulani/miniconda3/envs/apache-airflow/lib/python3.8/site-packages/airflow/example_dags/subdags/subdag.py
[2023-03-28T00:22:04.068+0200] {processor.py:755} WARNING - No viable dags retrieved from /home/humbulani/miniconda3/envs/apache-airflow/lib/python3.8/site-packages/airflow/example_dags/subdags/subdag.py
[2023-03-28T00:22:04.075+0200] {processor.py:175} INFO - Processing /home/humbulani/miniconda3/envs/apache-airflow/lib/python3.8/site-packages/airflow/example_dags/subdags/subdag.py took 0.015 seconds
