[2023-03-26T21:39:38.458+0200] {processor.py:153} INFO - Started process (PID=16653) to work on /home/humbulani/miniconda3/envs/apache-airflow/lib/python3.8/site-packages/airflow/example_dags/example_xcom.py
[2023-03-26T21:39:38.459+0200] {processor.py:743} INFO - Processing file /home/humbulani/miniconda3/envs/apache-airflow/lib/python3.8/site-packages/airflow/example_dags/example_xcom.py for tasks to queue
[2023-03-26T21:39:38.459+0200] {logging_mixin.py:137} INFO - [2023-03-26T21:39:38.459+0200] {dagbag.py:532} INFO - Filling up the DagBag from /home/humbulani/miniconda3/envs/apache-airflow/lib/python3.8/site-packages/airflow/example_dags/example_xcom.py
[2023-03-26T21:39:38.480+0200] {processor.py:753} INFO - DAG(s) dict_keys(['example_xcom']) retrieved from /home/humbulani/miniconda3/envs/apache-airflow/lib/python3.8/site-packages/airflow/example_dags/example_xcom.py
[2023-03-26T21:39:38.733+0200] {logging_mixin.py:137} INFO - [2023-03-26T21:39:38.733+0200] {manager.py:504} INFO - Created Permission View: can edit on DAG:example_xcom
[2023-03-26T21:39:38.808+0200] {logging_mixin.py:137} INFO - [2023-03-26T21:39:38.808+0200] {manager.py:504} INFO - Created Permission View: can read on DAG:example_xcom
[2023-03-26T21:39:38.882+0200] {logging_mixin.py:137} INFO - [2023-03-26T21:39:38.882+0200] {manager.py:504} INFO - Created Permission View: can delete on DAG:example_xcom
[2023-03-26T21:39:38.882+0200] {logging_mixin.py:137} INFO - [2023-03-26T21:39:38.882+0200] {dag.py:2693} INFO - Sync 1 DAGs
[2023-03-26T21:39:38.892+0200] {logging_mixin.py:137} INFO - [2023-03-26T21:39:38.891+0200] {dag.py:2714} INFO - Creating ORM DAG for example_xcom
[2023-03-26T21:39:38.900+0200] {logging_mixin.py:137} INFO - [2023-03-26T21:39:38.900+0200] {dag.py:3440} INFO - Setting next_dagrun for example_xcom to 2021-01-01T00:00:00+00:00, run_after=2021-01-01T00:00:00+00:00
[2023-03-26T21:39:39.098+0200] {processor.py:175} INFO - Processing /home/humbulani/miniconda3/envs/apache-airflow/lib/python3.8/site-packages/airflow/example_dags/example_xcom.py took 0.642 seconds
[2023-03-26T21:40:37.929+0200] {processor.py:153} INFO - Started process (PID=16753) to work on /home/humbulani/miniconda3/envs/apache-airflow/lib/python3.8/site-packages/airflow/example_dags/example_xcom.py
[2023-03-26T21:40:37.997+0200] {processor.py:743} INFO - Processing file /home/humbulani/miniconda3/envs/apache-airflow/lib/python3.8/site-packages/airflow/example_dags/example_xcom.py for tasks to queue
[2023-03-26T21:40:37.998+0200] {logging_mixin.py:137} INFO - [2023-03-26T21:40:37.997+0200] {dagbag.py:532} INFO - Filling up the DagBag from /home/humbulani/miniconda3/envs/apache-airflow/lib/python3.8/site-packages/airflow/example_dags/example_xcom.py
[2023-03-26T21:40:38.019+0200] {processor.py:753} INFO - DAG(s) dict_keys(['example_xcom']) retrieved from /home/humbulani/miniconda3/envs/apache-airflow/lib/python3.8/site-packages/airflow/example_dags/example_xcom.py
[2023-03-26T21:40:38.036+0200] {logging_mixin.py:137} INFO - [2023-03-26T21:40:38.036+0200] {dag.py:2693} INFO - Sync 1 DAGs
[2023-03-26T21:40:38.055+0200] {logging_mixin.py:137} INFO - [2023-03-26T21:40:38.054+0200] {dag.py:3440} INFO - Setting next_dagrun for example_xcom to 2021-01-01T00:00:00+00:00, run_after=2021-01-01T00:00:00+00:00
[2023-03-26T21:40:38.124+0200] {processor.py:175} INFO - Processing /home/humbulani/miniconda3/envs/apache-airflow/lib/python3.8/site-packages/airflow/example_dags/example_xcom.py took 0.198 seconds
[2023-03-26T21:48:08.288+0200] {processor.py:153} INFO - Started process (PID=16877) to work on /home/humbulani/miniconda3/envs/apache-airflow/lib/python3.8/site-packages/airflow/example_dags/example_xcom.py
[2023-03-26T21:48:08.297+0200] {processor.py:743} INFO - Processing file /home/humbulani/miniconda3/envs/apache-airflow/lib/python3.8/site-packages/airflow/example_dags/example_xcom.py for tasks to queue
[2023-03-26T21:48:08.298+0200] {logging_mixin.py:137} INFO - [2023-03-26T21:48:08.297+0200] {dagbag.py:532} INFO - Filling up the DagBag from /home/humbulani/miniconda3/envs/apache-airflow/lib/python3.8/site-packages/airflow/example_dags/example_xcom.py
[2023-03-26T21:48:08.320+0200] {processor.py:753} INFO - DAG(s) dict_keys(['example_xcom']) retrieved from /home/humbulani/miniconda3/envs/apache-airflow/lib/python3.8/site-packages/airflow/example_dags/example_xcom.py
[2023-03-26T21:48:08.341+0200] {logging_mixin.py:137} INFO - [2023-03-26T21:48:08.341+0200] {dag.py:2693} INFO - Sync 1 DAGs
[2023-03-26T21:48:08.362+0200] {logging_mixin.py:137} INFO - [2023-03-26T21:48:08.361+0200] {dag.py:3440} INFO - Setting next_dagrun for example_xcom to 2021-01-01T00:00:00+00:00, run_after=2021-01-01T00:00:00+00:00
[2023-03-26T21:48:08.442+0200] {processor.py:175} INFO - Processing /home/humbulani/miniconda3/envs/apache-airflow/lib/python3.8/site-packages/airflow/example_dags/example_xcom.py took 0.156 seconds
[2023-03-26T21:48:57.580+0200] {processor.py:153} INFO - Started process (PID=16928) to work on /home/humbulani/miniconda3/envs/apache-airflow/lib/python3.8/site-packages/airflow/example_dags/example_xcom.py
[2023-03-26T21:48:57.581+0200] {processor.py:743} INFO - Processing file /home/humbulani/miniconda3/envs/apache-airflow/lib/python3.8/site-packages/airflow/example_dags/example_xcom.py for tasks to queue
[2023-03-26T21:48:57.582+0200] {logging_mixin.py:137} INFO - [2023-03-26T21:48:57.581+0200] {dagbag.py:532} INFO - Filling up the DagBag from /home/humbulani/miniconda3/envs/apache-airflow/lib/python3.8/site-packages/airflow/example_dags/example_xcom.py
[2023-03-26T21:48:57.602+0200] {processor.py:753} INFO - DAG(s) dict_keys(['example_xcom']) retrieved from /home/humbulani/miniconda3/envs/apache-airflow/lib/python3.8/site-packages/airflow/example_dags/example_xcom.py
[2023-03-26T21:48:57.619+0200] {logging_mixin.py:137} INFO - [2023-03-26T21:48:57.619+0200] {dag.py:2693} INFO - Sync 1 DAGs
[2023-03-26T21:48:57.637+0200] {logging_mixin.py:137} INFO - [2023-03-26T21:48:57.637+0200] {dag.py:3440} INFO - Setting next_dagrun for example_xcom to 2021-01-01T00:00:00+00:00, run_after=2021-01-01T00:00:00+00:00
[2023-03-26T21:48:57.745+0200] {processor.py:175} INFO - Processing /home/humbulani/miniconda3/envs/apache-airflow/lib/python3.8/site-packages/airflow/example_dags/example_xcom.py took 0.167 seconds
[2023-03-26T21:49:46.795+0200] {processor.py:153} INFO - Started process (PID=16970) to work on /home/humbulani/miniconda3/envs/apache-airflow/lib/python3.8/site-packages/airflow/example_dags/example_xcom.py
[2023-03-26T21:49:46.829+0200] {processor.py:743} INFO - Processing file /home/humbulani/miniconda3/envs/apache-airflow/lib/python3.8/site-packages/airflow/example_dags/example_xcom.py for tasks to queue
[2023-03-26T21:49:46.830+0200] {logging_mixin.py:137} INFO - [2023-03-26T21:49:46.829+0200] {dagbag.py:532} INFO - Filling up the DagBag from /home/humbulani/miniconda3/envs/apache-airflow/lib/python3.8/site-packages/airflow/example_dags/example_xcom.py
[2023-03-26T21:49:46.851+0200] {processor.py:753} INFO - DAG(s) dict_keys(['example_xcom']) retrieved from /home/humbulani/miniconda3/envs/apache-airflow/lib/python3.8/site-packages/airflow/example_dags/example_xcom.py
[2023-03-26T21:49:46.869+0200] {logging_mixin.py:137} INFO - [2023-03-26T21:49:46.869+0200] {dag.py:2693} INFO - Sync 1 DAGs
[2023-03-26T21:49:46.887+0200] {logging_mixin.py:137} INFO - [2023-03-26T21:49:46.886+0200] {dag.py:3440} INFO - Setting next_dagrun for example_xcom to 2021-01-01T00:00:00+00:00, run_after=2021-01-01T00:00:00+00:00
[2023-03-26T21:49:46.965+0200] {processor.py:175} INFO - Processing /home/humbulani/miniconda3/envs/apache-airflow/lib/python3.8/site-packages/airflow/example_dags/example_xcom.py took 0.173 seconds
[2023-03-26T21:50:31.251+0200] {processor.py:153} INFO - Started process (PID=17015) to work on /home/humbulani/miniconda3/envs/apache-airflow/lib/python3.8/site-packages/airflow/example_dags/example_xcom.py
[2023-03-26T21:50:31.265+0200] {processor.py:743} INFO - Processing file /home/humbulani/miniconda3/envs/apache-airflow/lib/python3.8/site-packages/airflow/example_dags/example_xcom.py for tasks to queue
[2023-03-26T21:50:31.265+0200] {logging_mixin.py:137} INFO - [2023-03-26T21:50:31.265+0200] {dagbag.py:532} INFO - Filling up the DagBag from /home/humbulani/miniconda3/envs/apache-airflow/lib/python3.8/site-packages/airflow/example_dags/example_xcom.py
[2023-03-26T21:50:31.286+0200] {processor.py:753} INFO - DAG(s) dict_keys(['example_xcom']) retrieved from /home/humbulani/miniconda3/envs/apache-airflow/lib/python3.8/site-packages/airflow/example_dags/example_xcom.py
[2023-03-26T21:50:31.303+0200] {logging_mixin.py:137} INFO - [2023-03-26T21:50:31.303+0200] {dag.py:2693} INFO - Sync 1 DAGs
[2023-03-26T21:50:31.320+0200] {logging_mixin.py:137} INFO - [2023-03-26T21:50:31.320+0200] {dag.py:3440} INFO - Setting next_dagrun for example_xcom to 2021-01-01T00:00:00+00:00, run_after=2021-01-01T00:00:00+00:00
[2023-03-26T21:50:31.399+0200] {processor.py:175} INFO - Processing /home/humbulani/miniconda3/envs/apache-airflow/lib/python3.8/site-packages/airflow/example_dags/example_xcom.py took 0.150 seconds
[2023-03-26T21:51:16.720+0200] {processor.py:153} INFO - Started process (PID=17131) to work on /home/humbulani/miniconda3/envs/apache-airflow/lib/python3.8/site-packages/airflow/example_dags/example_xcom.py
[2023-03-26T21:51:16.736+0200] {processor.py:743} INFO - Processing file /home/humbulani/miniconda3/envs/apache-airflow/lib/python3.8/site-packages/airflow/example_dags/example_xcom.py for tasks to queue
[2023-03-26T21:51:16.737+0200] {logging_mixin.py:137} INFO - [2023-03-26T21:51:16.737+0200] {dagbag.py:532} INFO - Filling up the DagBag from /home/humbulani/miniconda3/envs/apache-airflow/lib/python3.8/site-packages/airflow/example_dags/example_xcom.py
[2023-03-26T21:51:16.765+0200] {processor.py:753} INFO - DAG(s) dict_keys(['example_xcom']) retrieved from /home/humbulani/miniconda3/envs/apache-airflow/lib/python3.8/site-packages/airflow/example_dags/example_xcom.py
[2023-03-26T21:51:16.783+0200] {logging_mixin.py:137} INFO - [2023-03-26T21:51:16.783+0200] {dag.py:2693} INFO - Sync 1 DAGs
[2023-03-26T21:51:16.799+0200] {logging_mixin.py:137} INFO - [2023-03-26T21:51:16.799+0200] {dag.py:3440} INFO - Setting next_dagrun for example_xcom to 2021-01-01T00:00:00+00:00, run_after=2021-01-01T00:00:00+00:00
[2023-03-26T21:51:16.897+0200] {processor.py:175} INFO - Processing /home/humbulani/miniconda3/envs/apache-airflow/lib/python3.8/site-packages/airflow/example_dags/example_xcom.py took 0.180 seconds
[2023-03-26T21:52:02.641+0200] {processor.py:153} INFO - Started process (PID=17174) to work on /home/humbulani/miniconda3/envs/apache-airflow/lib/python3.8/site-packages/airflow/example_dags/example_xcom.py
[2023-03-26T21:52:02.642+0200] {processor.py:743} INFO - Processing file /home/humbulani/miniconda3/envs/apache-airflow/lib/python3.8/site-packages/airflow/example_dags/example_xcom.py for tasks to queue
[2023-03-26T21:52:02.642+0200] {logging_mixin.py:137} INFO - [2023-03-26T21:52:02.642+0200] {dagbag.py:532} INFO - Filling up the DagBag from /home/humbulani/miniconda3/envs/apache-airflow/lib/python3.8/site-packages/airflow/example_dags/example_xcom.py
[2023-03-26T21:52:02.662+0200] {processor.py:753} INFO - DAG(s) dict_keys(['example_xcom']) retrieved from /home/humbulani/miniconda3/envs/apache-airflow/lib/python3.8/site-packages/airflow/example_dags/example_xcom.py
[2023-03-26T21:52:02.679+0200] {logging_mixin.py:137} INFO - [2023-03-26T21:52:02.679+0200] {dag.py:2693} INFO - Sync 1 DAGs
[2023-03-26T21:52:02.697+0200] {logging_mixin.py:137} INFO - [2023-03-26T21:52:02.697+0200] {dag.py:3440} INFO - Setting next_dagrun for example_xcom to 2021-01-01T00:00:00+00:00, run_after=2021-01-01T00:00:00+00:00
[2023-03-26T21:52:02.871+0200] {processor.py:175} INFO - Processing /home/humbulani/miniconda3/envs/apache-airflow/lib/python3.8/site-packages/airflow/example_dags/example_xcom.py took 0.232 seconds
[2023-03-26T21:52:50.239+0200] {processor.py:153} INFO - Started process (PID=17219) to work on /home/humbulani/miniconda3/envs/apache-airflow/lib/python3.8/site-packages/airflow/example_dags/example_xcom.py
[2023-03-26T21:52:50.242+0200] {processor.py:743} INFO - Processing file /home/humbulani/miniconda3/envs/apache-airflow/lib/python3.8/site-packages/airflow/example_dags/example_xcom.py for tasks to queue
[2023-03-26T21:52:50.243+0200] {logging_mixin.py:137} INFO - [2023-03-26T21:52:50.243+0200] {dagbag.py:532} INFO - Filling up the DagBag from /home/humbulani/miniconda3/envs/apache-airflow/lib/python3.8/site-packages/airflow/example_dags/example_xcom.py
[2023-03-26T21:52:50.264+0200] {processor.py:753} INFO - DAG(s) dict_keys(['example_xcom']) retrieved from /home/humbulani/miniconda3/envs/apache-airflow/lib/python3.8/site-packages/airflow/example_dags/example_xcom.py
[2023-03-26T21:52:50.281+0200] {logging_mixin.py:137} INFO - [2023-03-26T21:52:50.281+0200] {dag.py:2693} INFO - Sync 1 DAGs
[2023-03-26T21:52:50.378+0200] {logging_mixin.py:137} INFO - [2023-03-26T21:52:50.378+0200] {dag.py:3440} INFO - Setting next_dagrun for example_xcom to 2021-01-01T00:00:00+00:00, run_after=2021-01-01T00:00:00+00:00
[2023-03-26T21:52:50.449+0200] {processor.py:175} INFO - Processing /home/humbulani/miniconda3/envs/apache-airflow/lib/python3.8/site-packages/airflow/example_dags/example_xcom.py took 0.213 seconds
[2023-03-26T21:53:40.817+0200] {processor.py:153} INFO - Started process (PID=17272) to work on /home/humbulani/miniconda3/envs/apache-airflow/lib/python3.8/site-packages/airflow/example_dags/example_xcom.py
[2023-03-26T21:53:40.836+0200] {processor.py:743} INFO - Processing file /home/humbulani/miniconda3/envs/apache-airflow/lib/python3.8/site-packages/airflow/example_dags/example_xcom.py for tasks to queue
[2023-03-26T21:53:40.836+0200] {logging_mixin.py:137} INFO - [2023-03-26T21:53:40.836+0200] {dagbag.py:532} INFO - Filling up the DagBag from /home/humbulani/miniconda3/envs/apache-airflow/lib/python3.8/site-packages/airflow/example_dags/example_xcom.py
[2023-03-26T21:53:40.857+0200] {processor.py:753} INFO - DAG(s) dict_keys(['example_xcom']) retrieved from /home/humbulani/miniconda3/envs/apache-airflow/lib/python3.8/site-packages/airflow/example_dags/example_xcom.py
[2023-03-26T21:53:40.954+0200] {logging_mixin.py:137} INFO - [2023-03-26T21:53:40.954+0200] {dag.py:2693} INFO - Sync 1 DAGs
[2023-03-26T21:53:40.970+0200] {logging_mixin.py:137} INFO - [2023-03-26T21:53:40.970+0200] {dag.py:3440} INFO - Setting next_dagrun for example_xcom to 2021-01-01T00:00:00+00:00, run_after=2021-01-01T00:00:00+00:00
[2023-03-26T21:53:41.044+0200] {processor.py:175} INFO - Processing /home/humbulani/miniconda3/envs/apache-airflow/lib/python3.8/site-packages/airflow/example_dags/example_xcom.py took 0.228 seconds
[2023-03-26T21:54:31.037+0200] {processor.py:153} INFO - Started process (PID=17319) to work on /home/humbulani/miniconda3/envs/apache-airflow/lib/python3.8/site-packages/airflow/example_dags/example_xcom.py
[2023-03-26T21:54:31.038+0200] {processor.py:743} INFO - Processing file /home/humbulani/miniconda3/envs/apache-airflow/lib/python3.8/site-packages/airflow/example_dags/example_xcom.py for tasks to queue
[2023-03-26T21:54:31.038+0200] {logging_mixin.py:137} INFO - [2023-03-26T21:54:31.038+0200] {dagbag.py:532} INFO - Filling up the DagBag from /home/humbulani/miniconda3/envs/apache-airflow/lib/python3.8/site-packages/airflow/example_dags/example_xcom.py
[2023-03-26T21:54:31.059+0200] {processor.py:753} INFO - DAG(s) dict_keys(['example_xcom']) retrieved from /home/humbulani/miniconda3/envs/apache-airflow/lib/python3.8/site-packages/airflow/example_dags/example_xcom.py
[2023-03-26T21:54:31.155+0200] {logging_mixin.py:137} INFO - [2023-03-26T21:54:31.155+0200] {dag.py:2693} INFO - Sync 1 DAGs
[2023-03-26T21:54:31.170+0200] {logging_mixin.py:137} INFO - [2023-03-26T21:54:31.170+0200] {dag.py:3440} INFO - Setting next_dagrun for example_xcom to 2021-01-01T00:00:00+00:00, run_after=2021-01-01T00:00:00+00:00
[2023-03-26T21:54:31.272+0200] {processor.py:175} INFO - Processing /home/humbulani/miniconda3/envs/apache-airflow/lib/python3.8/site-packages/airflow/example_dags/example_xcom.py took 0.237 seconds
[2023-03-26T21:55:19.016+0200] {processor.py:153} INFO - Started process (PID=17363) to work on /home/humbulani/miniconda3/envs/apache-airflow/lib/python3.8/site-packages/airflow/example_dags/example_xcom.py
[2023-03-26T21:55:19.025+0200] {processor.py:743} INFO - Processing file /home/humbulani/miniconda3/envs/apache-airflow/lib/python3.8/site-packages/airflow/example_dags/example_xcom.py for tasks to queue
[2023-03-26T21:55:19.026+0200] {logging_mixin.py:137} INFO - [2023-03-26T21:55:19.026+0200] {dagbag.py:532} INFO - Filling up the DagBag from /home/humbulani/miniconda3/envs/apache-airflow/lib/python3.8/site-packages/airflow/example_dags/example_xcom.py
[2023-03-26T21:55:19.128+0200] {processor.py:753} INFO - DAG(s) dict_keys(['example_xcom']) retrieved from /home/humbulani/miniconda3/envs/apache-airflow/lib/python3.8/site-packages/airflow/example_dags/example_xcom.py
[2023-03-26T21:55:19.142+0200] {logging_mixin.py:137} INFO - [2023-03-26T21:55:19.142+0200] {dag.py:2693} INFO - Sync 1 DAGs
[2023-03-26T21:55:19.157+0200] {logging_mixin.py:137} INFO - [2023-03-26T21:55:19.157+0200] {dag.py:3440} INFO - Setting next_dagrun for example_xcom to 2021-01-01T00:00:00+00:00, run_after=2021-01-01T00:00:00+00:00
[2023-03-26T21:55:19.243+0200] {processor.py:175} INFO - Processing /home/humbulani/miniconda3/envs/apache-airflow/lib/python3.8/site-packages/airflow/example_dags/example_xcom.py took 0.229 seconds
[2023-03-26T21:56:09.505+0200] {processor.py:153} INFO - Started process (PID=17465) to work on /home/humbulani/miniconda3/envs/apache-airflow/lib/python3.8/site-packages/airflow/example_dags/example_xcom.py
[2023-03-26T21:56:09.520+0200] {processor.py:743} INFO - Processing file /home/humbulani/miniconda3/envs/apache-airflow/lib/python3.8/site-packages/airflow/example_dags/example_xcom.py for tasks to queue
[2023-03-26T21:56:09.521+0200] {logging_mixin.py:137} INFO - [2023-03-26T21:56:09.521+0200] {dagbag.py:532} INFO - Filling up the DagBag from /home/humbulani/miniconda3/envs/apache-airflow/lib/python3.8/site-packages/airflow/example_dags/example_xcom.py
[2023-03-26T21:56:09.632+0200] {processor.py:753} INFO - DAG(s) dict_keys(['example_xcom']) retrieved from /home/humbulani/miniconda3/envs/apache-airflow/lib/python3.8/site-packages/airflow/example_dags/example_xcom.py
[2023-03-26T21:56:09.647+0200] {logging_mixin.py:137} INFO - [2023-03-26T21:56:09.647+0200] {dag.py:2693} INFO - Sync 1 DAGs
[2023-03-26T21:56:09.663+0200] {logging_mixin.py:137} INFO - [2023-03-26T21:56:09.663+0200] {dag.py:3440} INFO - Setting next_dagrun for example_xcom to 2021-01-01T00:00:00+00:00, run_after=2021-01-01T00:00:00+00:00
[2023-03-26T21:56:09.738+0200] {processor.py:175} INFO - Processing /home/humbulani/miniconda3/envs/apache-airflow/lib/python3.8/site-packages/airflow/example_dags/example_xcom.py took 0.236 seconds
[2023-03-26T21:56:54.571+0200] {processor.py:153} INFO - Started process (PID=17507) to work on /home/humbulani/miniconda3/envs/apache-airflow/lib/python3.8/site-packages/airflow/example_dags/example_xcom.py
[2023-03-26T21:56:54.573+0200] {processor.py:743} INFO - Processing file /home/humbulani/miniconda3/envs/apache-airflow/lib/python3.8/site-packages/airflow/example_dags/example_xcom.py for tasks to queue
[2023-03-26T21:56:54.573+0200] {logging_mixin.py:137} INFO - [2023-03-26T21:56:54.573+0200] {dagbag.py:532} INFO - Filling up the DagBag from /home/humbulani/miniconda3/envs/apache-airflow/lib/python3.8/site-packages/airflow/example_dags/example_xcom.py
[2023-03-26T21:56:54.597+0200] {processor.py:753} INFO - DAG(s) dict_keys(['example_xcom']) retrieved from /home/humbulani/miniconda3/envs/apache-airflow/lib/python3.8/site-packages/airflow/example_dags/example_xcom.py
[2023-03-26T21:56:54.615+0200] {logging_mixin.py:137} INFO - [2023-03-26T21:56:54.614+0200] {dag.py:2693} INFO - Sync 1 DAGs
[2023-03-26T21:56:54.632+0200] {logging_mixin.py:137} INFO - [2023-03-26T21:56:54.632+0200] {dag.py:3440} INFO - Setting next_dagrun for example_xcom to 2021-01-01T00:00:00+00:00, run_after=2021-01-01T00:00:00+00:00
[2023-03-26T21:56:54.740+0200] {processor.py:175} INFO - Processing /home/humbulani/miniconda3/envs/apache-airflow/lib/python3.8/site-packages/airflow/example_dags/example_xcom.py took 0.171 seconds
[2023-03-26T21:57:36.574+0200] {processor.py:153} INFO - Started process (PID=17618) to work on /home/humbulani/miniconda3/envs/apache-airflow/lib/python3.8/site-packages/airflow/example_dags/example_xcom.py
[2023-03-26T21:57:36.583+0200] {processor.py:743} INFO - Processing file /home/humbulani/miniconda3/envs/apache-airflow/lib/python3.8/site-packages/airflow/example_dags/example_xcom.py for tasks to queue
[2023-03-26T21:57:36.584+0200] {logging_mixin.py:137} INFO - [2023-03-26T21:57:36.584+0200] {dagbag.py:532} INFO - Filling up the DagBag from /home/humbulani/miniconda3/envs/apache-airflow/lib/python3.8/site-packages/airflow/example_dags/example_xcom.py
[2023-03-26T21:57:36.606+0200] {processor.py:753} INFO - DAG(s) dict_keys(['example_xcom']) retrieved from /home/humbulani/miniconda3/envs/apache-airflow/lib/python3.8/site-packages/airflow/example_dags/example_xcom.py
[2023-03-26T21:57:36.625+0200] {logging_mixin.py:137} INFO - [2023-03-26T21:57:36.625+0200] {dag.py:2693} INFO - Sync 1 DAGs
[2023-03-26T21:57:36.642+0200] {logging_mixin.py:137} INFO - [2023-03-26T21:57:36.642+0200] {dag.py:3440} INFO - Setting next_dagrun for example_xcom to 2021-01-01T00:00:00+00:00, run_after=2021-01-01T00:00:00+00:00
[2023-03-26T21:57:36.718+0200] {processor.py:175} INFO - Processing /home/humbulani/miniconda3/envs/apache-airflow/lib/python3.8/site-packages/airflow/example_dags/example_xcom.py took 0.147 seconds
[2023-03-26T21:58:24.677+0200] {processor.py:153} INFO - Started process (PID=17860) to work on /home/humbulani/miniconda3/envs/apache-airflow/lib/python3.8/site-packages/airflow/example_dags/example_xcom.py
[2023-03-26T21:58:24.712+0200] {processor.py:743} INFO - Processing file /home/humbulani/miniconda3/envs/apache-airflow/lib/python3.8/site-packages/airflow/example_dags/example_xcom.py for tasks to queue
[2023-03-26T21:58:24.712+0200] {logging_mixin.py:137} INFO - [2023-03-26T21:58:24.712+0200] {dagbag.py:532} INFO - Filling up the DagBag from /home/humbulani/miniconda3/envs/apache-airflow/lib/python3.8/site-packages/airflow/example_dags/example_xcom.py
[2023-03-26T21:58:24.734+0200] {processor.py:753} INFO - DAG(s) dict_keys(['example_xcom']) retrieved from /home/humbulani/miniconda3/envs/apache-airflow/lib/python3.8/site-packages/airflow/example_dags/example_xcom.py
[2023-03-26T21:58:24.751+0200] {logging_mixin.py:137} INFO - [2023-03-26T21:58:24.750+0200] {dag.py:2693} INFO - Sync 1 DAGs
[2023-03-26T21:58:24.767+0200] {logging_mixin.py:137} INFO - [2023-03-26T21:58:24.767+0200] {dag.py:3440} INFO - Setting next_dagrun for example_xcom to 2021-01-01T00:00:00+00:00, run_after=2021-01-01T00:00:00+00:00
[2023-03-26T21:58:24.858+0200] {processor.py:175} INFO - Processing /home/humbulani/miniconda3/envs/apache-airflow/lib/python3.8/site-packages/airflow/example_dags/example_xcom.py took 0.183 seconds
[2023-03-26T21:59:11.902+0200] {processor.py:153} INFO - Started process (PID=17963) to work on /home/humbulani/miniconda3/envs/apache-airflow/lib/python3.8/site-packages/airflow/example_dags/example_xcom.py
[2023-03-26T21:59:11.915+0200] {processor.py:743} INFO - Processing file /home/humbulani/miniconda3/envs/apache-airflow/lib/python3.8/site-packages/airflow/example_dags/example_xcom.py for tasks to queue
[2023-03-26T21:59:11.916+0200] {logging_mixin.py:137} INFO - [2023-03-26T21:59:11.916+0200] {dagbag.py:532} INFO - Filling up the DagBag from /home/humbulani/miniconda3/envs/apache-airflow/lib/python3.8/site-packages/airflow/example_dags/example_xcom.py
[2023-03-26T21:59:11.943+0200] {processor.py:753} INFO - DAG(s) dict_keys(['example_xcom']) retrieved from /home/humbulani/miniconda3/envs/apache-airflow/lib/python3.8/site-packages/airflow/example_dags/example_xcom.py
[2023-03-26T21:59:11.961+0200] {logging_mixin.py:137} INFO - [2023-03-26T21:59:11.961+0200] {dag.py:2693} INFO - Sync 1 DAGs
[2023-03-26T21:59:11.978+0200] {logging_mixin.py:137} INFO - [2023-03-26T21:59:11.977+0200] {dag.py:3440} INFO - Setting next_dagrun for example_xcom to 2021-01-01T00:00:00+00:00, run_after=2021-01-01T00:00:00+00:00
[2023-03-26T21:59:12.058+0200] {processor.py:175} INFO - Processing /home/humbulani/miniconda3/envs/apache-airflow/lib/python3.8/site-packages/airflow/example_dags/example_xcom.py took 0.159 seconds
[2023-03-26T21:59:59.084+0200] {processor.py:153} INFO - Started process (PID=18137) to work on /home/humbulani/miniconda3/envs/apache-airflow/lib/python3.8/site-packages/airflow/example_dags/example_xcom.py
[2023-03-26T21:59:59.096+0200] {processor.py:743} INFO - Processing file /home/humbulani/miniconda3/envs/apache-airflow/lib/python3.8/site-packages/airflow/example_dags/example_xcom.py for tasks to queue
[2023-03-26T21:59:59.097+0200] {logging_mixin.py:137} INFO - [2023-03-26T21:59:59.097+0200] {dagbag.py:532} INFO - Filling up the DagBag from /home/humbulani/miniconda3/envs/apache-airflow/lib/python3.8/site-packages/airflow/example_dags/example_xcom.py
[2023-03-26T21:59:59.124+0200] {processor.py:753} INFO - DAG(s) dict_keys(['example_xcom']) retrieved from /home/humbulani/miniconda3/envs/apache-airflow/lib/python3.8/site-packages/airflow/example_dags/example_xcom.py
[2023-03-26T21:59:59.142+0200] {logging_mixin.py:137} INFO - [2023-03-26T21:59:59.142+0200] {dag.py:2693} INFO - Sync 1 DAGs
[2023-03-26T21:59:59.159+0200] {logging_mixin.py:137} INFO - [2023-03-26T21:59:59.159+0200] {dag.py:3440} INFO - Setting next_dagrun for example_xcom to 2021-01-01T00:00:00+00:00, run_after=2021-01-01T00:00:00+00:00
[2023-03-26T21:59:59.257+0200] {processor.py:175} INFO - Processing /home/humbulani/miniconda3/envs/apache-airflow/lib/python3.8/site-packages/airflow/example_dags/example_xcom.py took 0.176 seconds
[2023-03-26T22:00:46.117+0200] {processor.py:153} INFO - Started process (PID=18219) to work on /home/humbulani/miniconda3/envs/apache-airflow/lib/python3.8/site-packages/airflow/example_dags/example_xcom.py
[2023-03-26T22:00:46.133+0200] {processor.py:743} INFO - Processing file /home/humbulani/miniconda3/envs/apache-airflow/lib/python3.8/site-packages/airflow/example_dags/example_xcom.py for tasks to queue
[2023-03-26T22:00:46.133+0200] {logging_mixin.py:137} INFO - [2023-03-26T22:00:46.133+0200] {dagbag.py:532} INFO - Filling up the DagBag from /home/humbulani/miniconda3/envs/apache-airflow/lib/python3.8/site-packages/airflow/example_dags/example_xcom.py
[2023-03-26T22:00:46.157+0200] {processor.py:753} INFO - DAG(s) dict_keys(['example_xcom']) retrieved from /home/humbulani/miniconda3/envs/apache-airflow/lib/python3.8/site-packages/airflow/example_dags/example_xcom.py
[2023-03-26T22:00:46.175+0200] {logging_mixin.py:137} INFO - [2023-03-26T22:00:46.175+0200] {dag.py:2693} INFO - Sync 1 DAGs
[2023-03-26T22:00:46.193+0200] {logging_mixin.py:137} INFO - [2023-03-26T22:00:46.193+0200] {dag.py:3440} INFO - Setting next_dagrun for example_xcom to 2021-01-01T00:00:00+00:00, run_after=2021-01-01T00:00:00+00:00
[2023-03-26T22:00:46.289+0200] {processor.py:175} INFO - Processing /home/humbulani/miniconda3/envs/apache-airflow/lib/python3.8/site-packages/airflow/example_dags/example_xcom.py took 0.175 seconds
[2023-03-26T22:01:31.182+0200] {processor.py:153} INFO - Started process (PID=18281) to work on /home/humbulani/miniconda3/envs/apache-airflow/lib/python3.8/site-packages/airflow/example_dags/example_xcom.py
[2023-03-26T22:01:31.236+0200] {processor.py:743} INFO - Processing file /home/humbulani/miniconda3/envs/apache-airflow/lib/python3.8/site-packages/airflow/example_dags/example_xcom.py for tasks to queue
[2023-03-26T22:01:31.237+0200] {logging_mixin.py:137} INFO - [2023-03-26T22:01:31.236+0200] {dagbag.py:532} INFO - Filling up the DagBag from /home/humbulani/miniconda3/envs/apache-airflow/lib/python3.8/site-packages/airflow/example_dags/example_xcom.py
[2023-03-26T22:01:31.257+0200] {processor.py:753} INFO - DAG(s) dict_keys(['example_xcom']) retrieved from /home/humbulani/miniconda3/envs/apache-airflow/lib/python3.8/site-packages/airflow/example_dags/example_xcom.py
[2023-03-26T22:01:31.275+0200] {logging_mixin.py:137} INFO - [2023-03-26T22:01:31.275+0200] {dag.py:2693} INFO - Sync 1 DAGs
[2023-03-26T22:01:31.291+0200] {logging_mixin.py:137} INFO - [2023-03-26T22:01:31.291+0200] {dag.py:3440} INFO - Setting next_dagrun for example_xcom to 2021-01-01T00:00:00+00:00, run_after=2021-01-01T00:00:00+00:00
[2023-03-26T22:01:31.385+0200] {processor.py:175} INFO - Processing /home/humbulani/miniconda3/envs/apache-airflow/lib/python3.8/site-packages/airflow/example_dags/example_xcom.py took 0.205 seconds
[2023-03-26T22:02:20.231+0200] {processor.py:153} INFO - Started process (PID=18528) to work on /home/humbulani/miniconda3/envs/apache-airflow/lib/python3.8/site-packages/airflow/example_dags/example_xcom.py
[2023-03-26T22:02:20.232+0200] {processor.py:743} INFO - Processing file /home/humbulani/miniconda3/envs/apache-airflow/lib/python3.8/site-packages/airflow/example_dags/example_xcom.py for tasks to queue
[2023-03-26T22:02:20.233+0200] {logging_mixin.py:137} INFO - [2023-03-26T22:02:20.233+0200] {dagbag.py:532} INFO - Filling up the DagBag from /home/humbulani/miniconda3/envs/apache-airflow/lib/python3.8/site-packages/airflow/example_dags/example_xcom.py
[2023-03-26T22:02:20.254+0200] {processor.py:753} INFO - DAG(s) dict_keys(['example_xcom']) retrieved from /home/humbulani/miniconda3/envs/apache-airflow/lib/python3.8/site-packages/airflow/example_dags/example_xcom.py
[2023-03-26T22:02:20.271+0200] {logging_mixin.py:137} INFO - [2023-03-26T22:02:20.271+0200] {dag.py:2693} INFO - Sync 1 DAGs
[2023-03-26T22:02:20.287+0200] {logging_mixin.py:137} INFO - [2023-03-26T22:02:20.287+0200] {dag.py:3440} INFO - Setting next_dagrun for example_xcom to 2021-01-01T00:00:00+00:00, run_after=2021-01-01T00:00:00+00:00
[2023-03-26T22:02:20.453+0200] {processor.py:175} INFO - Processing /home/humbulani/miniconda3/envs/apache-airflow/lib/python3.8/site-packages/airflow/example_dags/example_xcom.py took 0.224 seconds
[2023-03-26T22:03:05.500+0200] {processor.py:153} INFO - Started process (PID=18583) to work on /home/humbulani/miniconda3/envs/apache-airflow/lib/python3.8/site-packages/airflow/example_dags/example_xcom.py
[2023-03-26T22:03:05.501+0200] {processor.py:743} INFO - Processing file /home/humbulani/miniconda3/envs/apache-airflow/lib/python3.8/site-packages/airflow/example_dags/example_xcom.py for tasks to queue
[2023-03-26T22:03:05.502+0200] {logging_mixin.py:137} INFO - [2023-03-26T22:03:05.502+0200] {dagbag.py:532} INFO - Filling up the DagBag from /home/humbulani/miniconda3/envs/apache-airflow/lib/python3.8/site-packages/airflow/example_dags/example_xcom.py
[2023-03-26T22:03:05.527+0200] {processor.py:753} INFO - DAG(s) dict_keys(['example_xcom']) retrieved from /home/humbulani/miniconda3/envs/apache-airflow/lib/python3.8/site-packages/airflow/example_dags/example_xcom.py
[2023-03-26T22:03:05.544+0200] {logging_mixin.py:137} INFO - [2023-03-26T22:03:05.544+0200] {dag.py:2693} INFO - Sync 1 DAGs
[2023-03-26T22:03:05.561+0200] {logging_mixin.py:137} INFO - [2023-03-26T22:03:05.561+0200] {dag.py:3440} INFO - Setting next_dagrun for example_xcom to 2021-01-01T00:00:00+00:00, run_after=2021-01-01T00:00:00+00:00
[2023-03-26T22:03:05.633+0200] {processor.py:175} INFO - Processing /home/humbulani/miniconda3/envs/apache-airflow/lib/python3.8/site-packages/airflow/example_dags/example_xcom.py took 0.136 seconds
[2023-03-26T22:03:51.532+0200] {processor.py:153} INFO - Started process (PID=18655) to work on /home/humbulani/miniconda3/envs/apache-airflow/lib/python3.8/site-packages/airflow/example_dags/example_xcom.py
[2023-03-26T22:03:51.543+0200] {processor.py:743} INFO - Processing file /home/humbulani/miniconda3/envs/apache-airflow/lib/python3.8/site-packages/airflow/example_dags/example_xcom.py for tasks to queue
[2023-03-26T22:03:51.544+0200] {logging_mixin.py:137} INFO - [2023-03-26T22:03:51.544+0200] {dagbag.py:532} INFO - Filling up the DagBag from /home/humbulani/miniconda3/envs/apache-airflow/lib/python3.8/site-packages/airflow/example_dags/example_xcom.py
[2023-03-26T22:03:51.568+0200] {processor.py:753} INFO - DAG(s) dict_keys(['example_xcom']) retrieved from /home/humbulani/miniconda3/envs/apache-airflow/lib/python3.8/site-packages/airflow/example_dags/example_xcom.py
[2023-03-26T22:03:51.586+0200] {logging_mixin.py:137} INFO - [2023-03-26T22:03:51.586+0200] {dag.py:2693} INFO - Sync 1 DAGs
[2023-03-26T22:03:51.608+0200] {logging_mixin.py:137} INFO - [2023-03-26T22:03:51.608+0200] {dag.py:3440} INFO - Setting next_dagrun for example_xcom to 2021-01-01T00:00:00+00:00, run_after=2021-01-01T00:00:00+00:00
[2023-03-26T22:03:51.704+0200] {processor.py:175} INFO - Processing /home/humbulani/miniconda3/envs/apache-airflow/lib/python3.8/site-packages/airflow/example_dags/example_xcom.py took 0.174 seconds
[2023-03-26T22:04:36.441+0200] {processor.py:153} INFO - Started process (PID=18707) to work on /home/humbulani/miniconda3/envs/apache-airflow/lib/python3.8/site-packages/airflow/example_dags/example_xcom.py
[2023-03-26T22:04:36.449+0200] {processor.py:743} INFO - Processing file /home/humbulani/miniconda3/envs/apache-airflow/lib/python3.8/site-packages/airflow/example_dags/example_xcom.py for tasks to queue
[2023-03-26T22:04:36.449+0200] {logging_mixin.py:137} INFO - [2023-03-26T22:04:36.449+0200] {dagbag.py:532} INFO - Filling up the DagBag from /home/humbulani/miniconda3/envs/apache-airflow/lib/python3.8/site-packages/airflow/example_dags/example_xcom.py
[2023-03-26T22:04:36.471+0200] {processor.py:753} INFO - DAG(s) dict_keys(['example_xcom']) retrieved from /home/humbulani/miniconda3/envs/apache-airflow/lib/python3.8/site-packages/airflow/example_dags/example_xcom.py
[2023-03-26T22:04:36.489+0200] {logging_mixin.py:137} INFO - [2023-03-26T22:04:36.488+0200] {dag.py:2693} INFO - Sync 1 DAGs
[2023-03-26T22:04:36.506+0200] {logging_mixin.py:137} INFO - [2023-03-26T22:04:36.506+0200] {dag.py:3440} INFO - Setting next_dagrun for example_xcom to 2021-01-01T00:00:00+00:00, run_after=2021-01-01T00:00:00+00:00
[2023-03-26T22:04:36.581+0200] {processor.py:175} INFO - Processing /home/humbulani/miniconda3/envs/apache-airflow/lib/python3.8/site-packages/airflow/example_dags/example_xcom.py took 0.142 seconds
[2023-03-26T22:05:21.481+0200] {processor.py:153} INFO - Started process (PID=18759) to work on /home/humbulani/miniconda3/envs/apache-airflow/lib/python3.8/site-packages/airflow/example_dags/example_xcom.py
[2023-03-26T22:05:21.494+0200] {processor.py:743} INFO - Processing file /home/humbulani/miniconda3/envs/apache-airflow/lib/python3.8/site-packages/airflow/example_dags/example_xcom.py for tasks to queue
[2023-03-26T22:05:21.494+0200] {logging_mixin.py:137} INFO - [2023-03-26T22:05:21.494+0200] {dagbag.py:532} INFO - Filling up the DagBag from /home/humbulani/miniconda3/envs/apache-airflow/lib/python3.8/site-packages/airflow/example_dags/example_xcom.py
[2023-03-26T22:05:21.516+0200] {processor.py:753} INFO - DAG(s) dict_keys(['example_xcom']) retrieved from /home/humbulani/miniconda3/envs/apache-airflow/lib/python3.8/site-packages/airflow/example_dags/example_xcom.py
[2023-03-26T22:05:21.535+0200] {logging_mixin.py:137} INFO - [2023-03-26T22:05:21.535+0200] {dag.py:2693} INFO - Sync 1 DAGs
[2023-03-26T22:05:21.553+0200] {logging_mixin.py:137} INFO - [2023-03-26T22:05:21.553+0200] {dag.py:3440} INFO - Setting next_dagrun for example_xcom to 2021-01-01T00:00:00+00:00, run_after=2021-01-01T00:00:00+00:00
[2023-03-26T22:05:21.638+0200] {processor.py:175} INFO - Processing /home/humbulani/miniconda3/envs/apache-airflow/lib/python3.8/site-packages/airflow/example_dags/example_xcom.py took 0.160 seconds
[2023-03-26T22:06:05.216+0200] {processor.py:153} INFO - Started process (PID=18810) to work on /home/humbulani/miniconda3/envs/apache-airflow/lib/python3.8/site-packages/airflow/example_dags/example_xcom.py
[2023-03-26T22:06:05.231+0200] {processor.py:743} INFO - Processing file /home/humbulani/miniconda3/envs/apache-airflow/lib/python3.8/site-packages/airflow/example_dags/example_xcom.py for tasks to queue
[2023-03-26T22:06:05.231+0200] {logging_mixin.py:137} INFO - [2023-03-26T22:06:05.231+0200] {dagbag.py:532} INFO - Filling up the DagBag from /home/humbulani/miniconda3/envs/apache-airflow/lib/python3.8/site-packages/airflow/example_dags/example_xcom.py
[2023-03-26T22:06:05.253+0200] {processor.py:753} INFO - DAG(s) dict_keys(['example_xcom']) retrieved from /home/humbulani/miniconda3/envs/apache-airflow/lib/python3.8/site-packages/airflow/example_dags/example_xcom.py
[2023-03-26T22:06:05.270+0200] {logging_mixin.py:137} INFO - [2023-03-26T22:06:05.270+0200] {dag.py:2693} INFO - Sync 1 DAGs
[2023-03-26T22:06:05.287+0200] {logging_mixin.py:137} INFO - [2023-03-26T22:06:05.287+0200] {dag.py:3440} INFO - Setting next_dagrun for example_xcom to 2021-01-01T00:00:00+00:00, run_after=2021-01-01T00:00:00+00:00
[2023-03-26T22:06:05.372+0200] {processor.py:175} INFO - Processing /home/humbulani/miniconda3/envs/apache-airflow/lib/python3.8/site-packages/airflow/example_dags/example_xcom.py took 0.158 seconds
[2023-03-26T22:06:53.352+0200] {processor.py:153} INFO - Started process (PID=18883) to work on /home/humbulani/miniconda3/envs/apache-airflow/lib/python3.8/site-packages/airflow/example_dags/example_xcom.py
[2023-03-26T22:06:53.358+0200] {processor.py:743} INFO - Processing file /home/humbulani/miniconda3/envs/apache-airflow/lib/python3.8/site-packages/airflow/example_dags/example_xcom.py for tasks to queue
[2023-03-26T22:06:53.359+0200] {logging_mixin.py:137} INFO - [2023-03-26T22:06:53.359+0200] {dagbag.py:532} INFO - Filling up the DagBag from /home/humbulani/miniconda3/envs/apache-airflow/lib/python3.8/site-packages/airflow/example_dags/example_xcom.py
[2023-03-26T22:06:53.385+0200] {processor.py:753} INFO - DAG(s) dict_keys(['example_xcom']) retrieved from /home/humbulani/miniconda3/envs/apache-airflow/lib/python3.8/site-packages/airflow/example_dags/example_xcom.py
[2023-03-26T22:06:53.402+0200] {logging_mixin.py:137} INFO - [2023-03-26T22:06:53.402+0200] {dag.py:2693} INFO - Sync 1 DAGs
[2023-03-26T22:06:53.419+0200] {logging_mixin.py:137} INFO - [2023-03-26T22:06:53.419+0200] {dag.py:3440} INFO - Setting next_dagrun for example_xcom to 2021-01-01T00:00:00+00:00, run_after=2021-01-01T00:00:00+00:00
[2023-03-26T22:06:53.495+0200] {processor.py:175} INFO - Processing /home/humbulani/miniconda3/envs/apache-airflow/lib/python3.8/site-packages/airflow/example_dags/example_xcom.py took 0.146 seconds
[2023-03-26T22:07:39.487+0200] {processor.py:153} INFO - Started process (PID=18998) to work on /home/humbulani/miniconda3/envs/apache-airflow/lib/python3.8/site-packages/airflow/example_dags/example_xcom.py
[2023-03-26T22:07:39.497+0200] {processor.py:743} INFO - Processing file /home/humbulani/miniconda3/envs/apache-airflow/lib/python3.8/site-packages/airflow/example_dags/example_xcom.py for tasks to queue
[2023-03-26T22:07:39.498+0200] {logging_mixin.py:137} INFO - [2023-03-26T22:07:39.498+0200] {dagbag.py:532} INFO - Filling up the DagBag from /home/humbulani/miniconda3/envs/apache-airflow/lib/python3.8/site-packages/airflow/example_dags/example_xcom.py
[2023-03-26T22:07:39.519+0200] {processor.py:753} INFO - DAG(s) dict_keys(['example_xcom']) retrieved from /home/humbulani/miniconda3/envs/apache-airflow/lib/python3.8/site-packages/airflow/example_dags/example_xcom.py
[2023-03-26T22:07:39.537+0200] {logging_mixin.py:137} INFO - [2023-03-26T22:07:39.537+0200] {dag.py:2693} INFO - Sync 1 DAGs
[2023-03-26T22:07:39.556+0200] {logging_mixin.py:137} INFO - [2023-03-26T22:07:39.556+0200] {dag.py:3440} INFO - Setting next_dagrun for example_xcom to 2021-01-01T00:00:00+00:00, run_after=2021-01-01T00:00:00+00:00
[2023-03-26T22:07:39.642+0200] {processor.py:175} INFO - Processing /home/humbulani/miniconda3/envs/apache-airflow/lib/python3.8/site-packages/airflow/example_dags/example_xcom.py took 0.158 seconds
[2023-03-26T22:08:22.899+0200] {processor.py:153} INFO - Started process (PID=19047) to work on /home/humbulani/miniconda3/envs/apache-airflow/lib/python3.8/site-packages/airflow/example_dags/example_xcom.py
[2023-03-26T22:08:22.911+0200] {processor.py:743} INFO - Processing file /home/humbulani/miniconda3/envs/apache-airflow/lib/python3.8/site-packages/airflow/example_dags/example_xcom.py for tasks to queue
[2023-03-26T22:08:22.912+0200] {logging_mixin.py:137} INFO - [2023-03-26T22:08:22.911+0200] {dagbag.py:532} INFO - Filling up the DagBag from /home/humbulani/miniconda3/envs/apache-airflow/lib/python3.8/site-packages/airflow/example_dags/example_xcom.py
[2023-03-26T22:08:22.939+0200] {processor.py:753} INFO - DAG(s) dict_keys(['example_xcom']) retrieved from /home/humbulani/miniconda3/envs/apache-airflow/lib/python3.8/site-packages/airflow/example_dags/example_xcom.py
[2023-03-26T22:08:22.958+0200] {logging_mixin.py:137} INFO - [2023-03-26T22:08:22.958+0200] {dag.py:2693} INFO - Sync 1 DAGs
[2023-03-26T22:08:22.976+0200] {logging_mixin.py:137} INFO - [2023-03-26T22:08:22.976+0200] {dag.py:3440} INFO - Setting next_dagrun for example_xcom to 2021-01-01T00:00:00+00:00, run_after=2021-01-01T00:00:00+00:00
[2023-03-26T22:08:23.064+0200] {processor.py:175} INFO - Processing /home/humbulani/miniconda3/envs/apache-airflow/lib/python3.8/site-packages/airflow/example_dags/example_xcom.py took 0.167 seconds
[2023-03-26T22:09:11.067+0200] {processor.py:153} INFO - Started process (PID=19129) to work on /home/humbulani/miniconda3/envs/apache-airflow/lib/python3.8/site-packages/airflow/example_dags/example_xcom.py
[2023-03-26T22:09:11.101+0200] {processor.py:743} INFO - Processing file /home/humbulani/miniconda3/envs/apache-airflow/lib/python3.8/site-packages/airflow/example_dags/example_xcom.py for tasks to queue
[2023-03-26T22:09:11.102+0200] {logging_mixin.py:137} INFO - [2023-03-26T22:09:11.102+0200] {dagbag.py:532} INFO - Filling up the DagBag from /home/humbulani/miniconda3/envs/apache-airflow/lib/python3.8/site-packages/airflow/example_dags/example_xcom.py
[2023-03-26T22:09:11.127+0200] {processor.py:753} INFO - DAG(s) dict_keys(['example_xcom']) retrieved from /home/humbulani/miniconda3/envs/apache-airflow/lib/python3.8/site-packages/airflow/example_dags/example_xcom.py
[2023-03-26T22:09:12.078+0200] {logging_mixin.py:137} INFO - [2023-03-26T22:09:12.078+0200] {dag.py:2693} INFO - Sync 1 DAGs
[2023-03-26T22:09:12.097+0200] {logging_mixin.py:137} INFO - [2023-03-26T22:09:12.097+0200] {dag.py:3440} INFO - Setting next_dagrun for example_xcom to 2021-01-01T00:00:00+00:00, run_after=2021-01-01T00:00:00+00:00
[2023-03-26T22:09:12.187+0200] {processor.py:175} INFO - Processing /home/humbulani/miniconda3/envs/apache-airflow/lib/python3.8/site-packages/airflow/example_dags/example_xcom.py took 1.122 seconds
[2023-03-26T22:09:58.598+0200] {processor.py:153} INFO - Started process (PID=19172) to work on /home/humbulani/miniconda3/envs/apache-airflow/lib/python3.8/site-packages/airflow/example_dags/example_xcom.py
[2023-03-26T22:09:58.598+0200] {processor.py:743} INFO - Processing file /home/humbulani/miniconda3/envs/apache-airflow/lib/python3.8/site-packages/airflow/example_dags/example_xcom.py for tasks to queue
[2023-03-26T22:09:58.599+0200] {logging_mixin.py:137} INFO - [2023-03-26T22:09:58.599+0200] {dagbag.py:532} INFO - Filling up the DagBag from /home/humbulani/miniconda3/envs/apache-airflow/lib/python3.8/site-packages/airflow/example_dags/example_xcom.py
[2023-03-26T22:09:58.621+0200] {processor.py:753} INFO - DAG(s) dict_keys(['example_xcom']) retrieved from /home/humbulani/miniconda3/envs/apache-airflow/lib/python3.8/site-packages/airflow/example_dags/example_xcom.py
[2023-03-26T22:09:58.640+0200] {logging_mixin.py:137} INFO - [2023-03-26T22:09:58.640+0200] {dag.py:2693} INFO - Sync 1 DAGs
[2023-03-26T22:09:58.658+0200] {logging_mixin.py:137} INFO - [2023-03-26T22:09:58.658+0200] {dag.py:3440} INFO - Setting next_dagrun for example_xcom to 2021-01-01T00:00:00+00:00, run_after=2021-01-01T00:00:00+00:00
[2023-03-26T22:09:58.734+0200] {processor.py:175} INFO - Processing /home/humbulani/miniconda3/envs/apache-airflow/lib/python3.8/site-packages/airflow/example_dags/example_xcom.py took 0.139 seconds
[2023-03-26T22:10:42.354+0200] {processor.py:153} INFO - Started process (PID=19302) to work on /home/humbulani/miniconda3/envs/apache-airflow/lib/python3.8/site-packages/airflow/example_dags/example_xcom.py
[2023-03-26T22:10:42.370+0200] {processor.py:743} INFO - Processing file /home/humbulani/miniconda3/envs/apache-airflow/lib/python3.8/site-packages/airflow/example_dags/example_xcom.py for tasks to queue
[2023-03-26T22:10:42.371+0200] {logging_mixin.py:137} INFO - [2023-03-26T22:10:42.370+0200] {dagbag.py:532} INFO - Filling up the DagBag from /home/humbulani/miniconda3/envs/apache-airflow/lib/python3.8/site-packages/airflow/example_dags/example_xcom.py
[2023-03-26T22:10:42.392+0200] {processor.py:753} INFO - DAG(s) dict_keys(['example_xcom']) retrieved from /home/humbulani/miniconda3/envs/apache-airflow/lib/python3.8/site-packages/airflow/example_dags/example_xcom.py
[2023-03-26T22:10:42.409+0200] {logging_mixin.py:137} INFO - [2023-03-26T22:10:42.409+0200] {dag.py:2693} INFO - Sync 1 DAGs
[2023-03-26T22:10:42.427+0200] {logging_mixin.py:137} INFO - [2023-03-26T22:10:42.427+0200] {dag.py:3440} INFO - Setting next_dagrun for example_xcom to 2021-01-01T00:00:00+00:00, run_after=2021-01-01T00:00:00+00:00
[2023-03-26T22:10:42.514+0200] {processor.py:175} INFO - Processing /home/humbulani/miniconda3/envs/apache-airflow/lib/python3.8/site-packages/airflow/example_dags/example_xcom.py took 0.162 seconds
[2023-03-26T22:11:29.791+0200] {processor.py:153} INFO - Started process (PID=19345) to work on /home/humbulani/miniconda3/envs/apache-airflow/lib/python3.8/site-packages/airflow/example_dags/example_xcom.py
[2023-03-26T22:11:29.808+0200] {processor.py:743} INFO - Processing file /home/humbulani/miniconda3/envs/apache-airflow/lib/python3.8/site-packages/airflow/example_dags/example_xcom.py for tasks to queue
[2023-03-26T22:11:29.808+0200] {logging_mixin.py:137} INFO - [2023-03-26T22:11:29.808+0200] {dagbag.py:532} INFO - Filling up the DagBag from /home/humbulani/miniconda3/envs/apache-airflow/lib/python3.8/site-packages/airflow/example_dags/example_xcom.py
[2023-03-26T22:11:29.829+0200] {processor.py:753} INFO - DAG(s) dict_keys(['example_xcom']) retrieved from /home/humbulani/miniconda3/envs/apache-airflow/lib/python3.8/site-packages/airflow/example_dags/example_xcom.py
[2023-03-26T22:11:29.846+0200] {logging_mixin.py:137} INFO - [2023-03-26T22:11:29.846+0200] {dag.py:2693} INFO - Sync 1 DAGs
[2023-03-26T22:11:29.862+0200] {logging_mixin.py:137} INFO - [2023-03-26T22:11:29.862+0200] {dag.py:3440} INFO - Setting next_dagrun for example_xcom to 2021-01-01T00:00:00+00:00, run_after=2021-01-01T00:00:00+00:00
[2023-03-26T22:11:29.944+0200] {processor.py:175} INFO - Processing /home/humbulani/miniconda3/envs/apache-airflow/lib/python3.8/site-packages/airflow/example_dags/example_xcom.py took 0.156 seconds
[2023-03-26T22:12:13.303+0200] {processor.py:153} INFO - Started process (PID=19390) to work on /home/humbulani/miniconda3/envs/apache-airflow/lib/python3.8/site-packages/airflow/example_dags/example_xcom.py
[2023-03-26T22:12:13.304+0200] {processor.py:743} INFO - Processing file /home/humbulani/miniconda3/envs/apache-airflow/lib/python3.8/site-packages/airflow/example_dags/example_xcom.py for tasks to queue
[2023-03-26T22:12:13.304+0200] {logging_mixin.py:137} INFO - [2023-03-26T22:12:13.304+0200] {dagbag.py:532} INFO - Filling up the DagBag from /home/humbulani/miniconda3/envs/apache-airflow/lib/python3.8/site-packages/airflow/example_dags/example_xcom.py
[2023-03-26T22:12:13.329+0200] {processor.py:753} INFO - DAG(s) dict_keys(['example_xcom']) retrieved from /home/humbulani/miniconda3/envs/apache-airflow/lib/python3.8/site-packages/airflow/example_dags/example_xcom.py
[2023-03-26T22:12:13.346+0200] {logging_mixin.py:137} INFO - [2023-03-26T22:12:13.346+0200] {dag.py:2693} INFO - Sync 1 DAGs
[2023-03-26T22:12:13.365+0200] {logging_mixin.py:137} INFO - [2023-03-26T22:12:13.364+0200] {dag.py:3440} INFO - Setting next_dagrun for example_xcom to 2021-01-01T00:00:00+00:00, run_after=2021-01-01T00:00:00+00:00
[2023-03-26T22:12:13.441+0200] {processor.py:175} INFO - Processing /home/humbulani/miniconda3/envs/apache-airflow/lib/python3.8/site-packages/airflow/example_dags/example_xcom.py took 0.141 seconds
[2023-03-26T22:12:59.659+0200] {processor.py:153} INFO - Started process (PID=19499) to work on /home/humbulani/miniconda3/envs/apache-airflow/lib/python3.8/site-packages/airflow/example_dags/example_xcom.py
[2023-03-26T22:12:59.676+0200] {processor.py:743} INFO - Processing file /home/humbulani/miniconda3/envs/apache-airflow/lib/python3.8/site-packages/airflow/example_dags/example_xcom.py for tasks to queue
[2023-03-26T22:12:59.676+0200] {logging_mixin.py:137} INFO - [2023-03-26T22:12:59.676+0200] {dagbag.py:532} INFO - Filling up the DagBag from /home/humbulani/miniconda3/envs/apache-airflow/lib/python3.8/site-packages/airflow/example_dags/example_xcom.py
[2023-03-26T22:12:59.696+0200] {processor.py:753} INFO - DAG(s) dict_keys(['example_xcom']) retrieved from /home/humbulani/miniconda3/envs/apache-airflow/lib/python3.8/site-packages/airflow/example_dags/example_xcom.py
[2023-03-26T22:12:59.714+0200] {logging_mixin.py:137} INFO - [2023-03-26T22:12:59.714+0200] {dag.py:2693} INFO - Sync 1 DAGs
[2023-03-26T22:12:59.731+0200] {logging_mixin.py:137} INFO - [2023-03-26T22:12:59.731+0200] {dag.py:3440} INFO - Setting next_dagrun for example_xcom to 2021-01-01T00:00:00+00:00, run_after=2021-01-01T00:00:00+00:00
[2023-03-26T22:12:59.813+0200] {processor.py:175} INFO - Processing /home/humbulani/miniconda3/envs/apache-airflow/lib/python3.8/site-packages/airflow/example_dags/example_xcom.py took 0.156 seconds
[2023-03-26T22:13:47.266+0200] {processor.py:153} INFO - Started process (PID=19541) to work on /home/humbulani/miniconda3/envs/apache-airflow/lib/python3.8/site-packages/airflow/example_dags/example_xcom.py
[2023-03-26T22:13:47.273+0200] {processor.py:743} INFO - Processing file /home/humbulani/miniconda3/envs/apache-airflow/lib/python3.8/site-packages/airflow/example_dags/example_xcom.py for tasks to queue
[2023-03-26T22:13:47.274+0200] {logging_mixin.py:137} INFO - [2023-03-26T22:13:47.274+0200] {dagbag.py:532} INFO - Filling up the DagBag from /home/humbulani/miniconda3/envs/apache-airflow/lib/python3.8/site-packages/airflow/example_dags/example_xcom.py
[2023-03-26T22:13:47.295+0200] {processor.py:753} INFO - DAG(s) dict_keys(['example_xcom']) retrieved from /home/humbulani/miniconda3/envs/apache-airflow/lib/python3.8/site-packages/airflow/example_dags/example_xcom.py
[2023-03-26T22:13:47.314+0200] {logging_mixin.py:137} INFO - [2023-03-26T22:13:47.314+0200] {dag.py:2693} INFO - Sync 1 DAGs
[2023-03-26T22:13:47.331+0200] {logging_mixin.py:137} INFO - [2023-03-26T22:13:47.331+0200] {dag.py:3440} INFO - Setting next_dagrun for example_xcom to 2021-01-01T00:00:00+00:00, run_after=2021-01-01T00:00:00+00:00
[2023-03-26T22:13:47.408+0200] {processor.py:175} INFO - Processing /home/humbulani/miniconda3/envs/apache-airflow/lib/python3.8/site-packages/airflow/example_dags/example_xcom.py took 0.145 seconds
[2023-03-26T22:14:34.456+0200] {processor.py:153} INFO - Started process (PID=19586) to work on /home/humbulani/miniconda3/envs/apache-airflow/lib/python3.8/site-packages/airflow/example_dags/example_xcom.py
[2023-03-26T22:14:34.461+0200] {processor.py:743} INFO - Processing file /home/humbulani/miniconda3/envs/apache-airflow/lib/python3.8/site-packages/airflow/example_dags/example_xcom.py for tasks to queue
[2023-03-26T22:14:34.462+0200] {logging_mixin.py:137} INFO - [2023-03-26T22:14:34.462+0200] {dagbag.py:532} INFO - Filling up the DagBag from /home/humbulani/miniconda3/envs/apache-airflow/lib/python3.8/site-packages/airflow/example_dags/example_xcom.py
[2023-03-26T22:14:34.483+0200] {processor.py:753} INFO - DAG(s) dict_keys(['example_xcom']) retrieved from /home/humbulani/miniconda3/envs/apache-airflow/lib/python3.8/site-packages/airflow/example_dags/example_xcom.py
[2023-03-26T22:14:34.500+0200] {logging_mixin.py:137} INFO - [2023-03-26T22:14:34.500+0200] {dag.py:2693} INFO - Sync 1 DAGs
[2023-03-26T22:14:34.517+0200] {logging_mixin.py:137} INFO - [2023-03-26T22:14:34.517+0200] {dag.py:3440} INFO - Setting next_dagrun for example_xcom to 2021-01-01T00:00:00+00:00, run_after=2021-01-01T00:00:00+00:00
[2023-03-26T22:14:34.604+0200] {processor.py:175} INFO - Processing /home/humbulani/miniconda3/envs/apache-airflow/lib/python3.8/site-packages/airflow/example_dags/example_xcom.py took 0.151 seconds
[2023-03-26T22:15:21.886+0200] {processor.py:153} INFO - Started process (PID=19696) to work on /home/humbulani/miniconda3/envs/apache-airflow/lib/python3.8/site-packages/airflow/example_dags/example_xcom.py
[2023-03-26T22:15:21.899+0200] {processor.py:743} INFO - Processing file /home/humbulani/miniconda3/envs/apache-airflow/lib/python3.8/site-packages/airflow/example_dags/example_xcom.py for tasks to queue
[2023-03-26T22:15:21.900+0200] {logging_mixin.py:137} INFO - [2023-03-26T22:15:21.900+0200] {dagbag.py:532} INFO - Filling up the DagBag from /home/humbulani/miniconda3/envs/apache-airflow/lib/python3.8/site-packages/airflow/example_dags/example_xcom.py
[2023-03-26T22:15:21.926+0200] {processor.py:753} INFO - DAG(s) dict_keys(['example_xcom']) retrieved from /home/humbulani/miniconda3/envs/apache-airflow/lib/python3.8/site-packages/airflow/example_dags/example_xcom.py
[2023-03-26T22:15:21.943+0200] {logging_mixin.py:137} INFO - [2023-03-26T22:15:21.943+0200] {dag.py:2693} INFO - Sync 1 DAGs
[2023-03-26T22:15:21.960+0200] {logging_mixin.py:137} INFO - [2023-03-26T22:15:21.960+0200] {dag.py:3440} INFO - Setting next_dagrun for example_xcom to 2021-01-01T00:00:00+00:00, run_after=2021-01-01T00:00:00+00:00
[2023-03-26T22:15:22.037+0200] {processor.py:175} INFO - Processing /home/humbulani/miniconda3/envs/apache-airflow/lib/python3.8/site-packages/airflow/example_dags/example_xcom.py took 0.153 seconds
[2023-03-26T22:16:08.105+0200] {processor.py:153} INFO - Started process (PID=19748) to work on /home/humbulani/miniconda3/envs/apache-airflow/lib/python3.8/site-packages/airflow/example_dags/example_xcom.py
[2023-03-26T22:16:08.120+0200] {processor.py:743} INFO - Processing file /home/humbulani/miniconda3/envs/apache-airflow/lib/python3.8/site-packages/airflow/example_dags/example_xcom.py for tasks to queue
[2023-03-26T22:16:08.122+0200] {logging_mixin.py:137} INFO - [2023-03-26T22:16:08.122+0200] {dagbag.py:532} INFO - Filling up the DagBag from /home/humbulani/miniconda3/envs/apache-airflow/lib/python3.8/site-packages/airflow/example_dags/example_xcom.py
[2023-03-26T22:16:08.142+0200] {processor.py:753} INFO - DAG(s) dict_keys(['example_xcom']) retrieved from /home/humbulani/miniconda3/envs/apache-airflow/lib/python3.8/site-packages/airflow/example_dags/example_xcom.py
[2023-03-26T22:16:08.166+0200] {logging_mixin.py:137} INFO - [2023-03-26T22:16:08.166+0200] {dag.py:2693} INFO - Sync 1 DAGs
[2023-03-26T22:16:08.186+0200] {logging_mixin.py:137} INFO - [2023-03-26T22:16:08.185+0200] {dag.py:3440} INFO - Setting next_dagrun for example_xcom to 2021-01-01T00:00:00+00:00, run_after=2021-01-01T00:00:00+00:00
[2023-03-26T22:16:08.272+0200] {processor.py:175} INFO - Processing /home/humbulani/miniconda3/envs/apache-airflow/lib/python3.8/site-packages/airflow/example_dags/example_xcom.py took 0.171 seconds
[2023-03-26T22:17:00.407+0200] {processor.py:153} INFO - Started process (PID=19851) to work on /home/humbulani/miniconda3/envs/apache-airflow/lib/python3.8/site-packages/airflow/example_dags/example_xcom.py
[2023-03-26T22:17:00.417+0200] {processor.py:743} INFO - Processing file /home/humbulani/miniconda3/envs/apache-airflow/lib/python3.8/site-packages/airflow/example_dags/example_xcom.py for tasks to queue
[2023-03-26T22:17:00.418+0200] {logging_mixin.py:137} INFO - [2023-03-26T22:17:00.418+0200] {dagbag.py:532} INFO - Filling up the DagBag from /home/humbulani/miniconda3/envs/apache-airflow/lib/python3.8/site-packages/airflow/example_dags/example_xcom.py
[2023-03-26T22:17:00.439+0200] {processor.py:753} INFO - DAG(s) dict_keys(['example_xcom']) retrieved from /home/humbulani/miniconda3/envs/apache-airflow/lib/python3.8/site-packages/airflow/example_dags/example_xcom.py
[2023-03-26T22:17:00.456+0200] {logging_mixin.py:137} INFO - [2023-03-26T22:17:00.455+0200] {dag.py:2693} INFO - Sync 1 DAGs
[2023-03-26T22:17:00.473+0200] {logging_mixin.py:137} INFO - [2023-03-26T22:17:00.473+0200] {dag.py:3440} INFO - Setting next_dagrun for example_xcom to 2021-01-01T00:00:00+00:00, run_after=2021-01-01T00:00:00+00:00
[2023-03-26T22:17:00.561+0200] {processor.py:175} INFO - Processing /home/humbulani/miniconda3/envs/apache-airflow/lib/python3.8/site-packages/airflow/example_dags/example_xcom.py took 0.156 seconds
[2023-03-26T22:17:44.200+0200] {processor.py:153} INFO - Started process (PID=19901) to work on /home/humbulani/miniconda3/envs/apache-airflow/lib/python3.8/site-packages/airflow/example_dags/example_xcom.py
[2023-03-26T22:17:44.206+0200] {processor.py:743} INFO - Processing file /home/humbulani/miniconda3/envs/apache-airflow/lib/python3.8/site-packages/airflow/example_dags/example_xcom.py for tasks to queue
[2023-03-26T22:17:44.206+0200] {logging_mixin.py:137} INFO - [2023-03-26T22:17:44.206+0200] {dagbag.py:532} INFO - Filling up the DagBag from /home/humbulani/miniconda3/envs/apache-airflow/lib/python3.8/site-packages/airflow/example_dags/example_xcom.py
[2023-03-26T22:17:44.230+0200] {processor.py:753} INFO - DAG(s) dict_keys(['example_xcom']) retrieved from /home/humbulani/miniconda3/envs/apache-airflow/lib/python3.8/site-packages/airflow/example_dags/example_xcom.py
[2023-03-26T22:17:44.248+0200] {logging_mixin.py:137} INFO - [2023-03-26T22:17:44.248+0200] {dag.py:2693} INFO - Sync 1 DAGs
[2023-03-26T22:17:44.266+0200] {logging_mixin.py:137} INFO - [2023-03-26T22:17:44.266+0200] {dag.py:3440} INFO - Setting next_dagrun for example_xcom to 2021-01-01T00:00:00+00:00, run_after=2021-01-01T00:00:00+00:00
[2023-03-26T22:17:44.348+0200] {processor.py:175} INFO - Processing /home/humbulani/miniconda3/envs/apache-airflow/lib/python3.8/site-packages/airflow/example_dags/example_xcom.py took 0.151 seconds
[2023-03-26T22:18:28.266+0200] {processor.py:153} INFO - Started process (PID=20009) to work on /home/humbulani/miniconda3/envs/apache-airflow/lib/python3.8/site-packages/airflow/example_dags/example_xcom.py
[2023-03-26T22:18:28.285+0200] {processor.py:743} INFO - Processing file /home/humbulani/miniconda3/envs/apache-airflow/lib/python3.8/site-packages/airflow/example_dags/example_xcom.py for tasks to queue
[2023-03-26T22:18:28.286+0200] {logging_mixin.py:137} INFO - [2023-03-26T22:18:28.285+0200] {dagbag.py:532} INFO - Filling up the DagBag from /home/humbulani/miniconda3/envs/apache-airflow/lib/python3.8/site-packages/airflow/example_dags/example_xcom.py
[2023-03-26T22:18:28.313+0200] {processor.py:753} INFO - DAG(s) dict_keys(['example_xcom']) retrieved from /home/humbulani/miniconda3/envs/apache-airflow/lib/python3.8/site-packages/airflow/example_dags/example_xcom.py
[2023-03-26T22:18:28.331+0200] {logging_mixin.py:137} INFO - [2023-03-26T22:18:28.331+0200] {dag.py:2693} INFO - Sync 1 DAGs
[2023-03-26T22:18:28.347+0200] {logging_mixin.py:137} INFO - [2023-03-26T22:18:28.347+0200] {dag.py:3440} INFO - Setting next_dagrun for example_xcom to 2021-01-01T00:00:00+00:00, run_after=2021-01-01T00:00:00+00:00
[2023-03-26T22:18:28.429+0200] {processor.py:175} INFO - Processing /home/humbulani/miniconda3/envs/apache-airflow/lib/python3.8/site-packages/airflow/example_dags/example_xcom.py took 0.165 seconds
[2023-03-26T22:19:12.265+0200] {processor.py:153} INFO - Started process (PID=20061) to work on /home/humbulani/miniconda3/envs/apache-airflow/lib/python3.8/site-packages/airflow/example_dags/example_xcom.py
[2023-03-26T22:19:12.272+0200] {processor.py:743} INFO - Processing file /home/humbulani/miniconda3/envs/apache-airflow/lib/python3.8/site-packages/airflow/example_dags/example_xcom.py for tasks to queue
[2023-03-26T22:19:12.273+0200] {logging_mixin.py:137} INFO - [2023-03-26T22:19:12.273+0200] {dagbag.py:532} INFO - Filling up the DagBag from /home/humbulani/miniconda3/envs/apache-airflow/lib/python3.8/site-packages/airflow/example_dags/example_xcom.py
[2023-03-26T22:19:12.294+0200] {processor.py:753} INFO - DAG(s) dict_keys(['example_xcom']) retrieved from /home/humbulani/miniconda3/envs/apache-airflow/lib/python3.8/site-packages/airflow/example_dags/example_xcom.py
[2023-03-26T22:19:12.311+0200] {logging_mixin.py:137} INFO - [2023-03-26T22:19:12.311+0200] {dag.py:2693} INFO - Sync 1 DAGs
[2023-03-26T22:19:12.327+0200] {logging_mixin.py:137} INFO - [2023-03-26T22:19:12.327+0200] {dag.py:3440} INFO - Setting next_dagrun for example_xcom to 2021-01-01T00:00:00+00:00, run_after=2021-01-01T00:00:00+00:00
[2023-03-26T22:19:12.407+0200] {processor.py:175} INFO - Processing /home/humbulani/miniconda3/envs/apache-airflow/lib/python3.8/site-packages/airflow/example_dags/example_xcom.py took 0.144 seconds
[2023-03-26T22:19:57.988+0200] {processor.py:153} INFO - Started process (PID=20164) to work on /home/humbulani/miniconda3/envs/apache-airflow/lib/python3.8/site-packages/airflow/example_dags/example_xcom.py
[2023-03-26T22:19:57.998+0200] {processor.py:743} INFO - Processing file /home/humbulani/miniconda3/envs/apache-airflow/lib/python3.8/site-packages/airflow/example_dags/example_xcom.py for tasks to queue
[2023-03-26T22:19:57.999+0200] {logging_mixin.py:137} INFO - [2023-03-26T22:19:57.999+0200] {dagbag.py:532} INFO - Filling up the DagBag from /home/humbulani/miniconda3/envs/apache-airflow/lib/python3.8/site-packages/airflow/example_dags/example_xcom.py
[2023-03-26T22:19:58.019+0200] {processor.py:753} INFO - DAG(s) dict_keys(['example_xcom']) retrieved from /home/humbulani/miniconda3/envs/apache-airflow/lib/python3.8/site-packages/airflow/example_dags/example_xcom.py
[2023-03-26T22:19:58.036+0200] {logging_mixin.py:137} INFO - [2023-03-26T22:19:58.036+0200] {dag.py:2693} INFO - Sync 1 DAGs
[2023-03-26T22:19:58.054+0200] {logging_mixin.py:137} INFO - [2023-03-26T22:19:58.054+0200] {dag.py:3440} INFO - Setting next_dagrun for example_xcom to 2021-01-01T00:00:00+00:00, run_after=2021-01-01T00:00:00+00:00
[2023-03-26T22:19:58.128+0200] {processor.py:175} INFO - Processing /home/humbulani/miniconda3/envs/apache-airflow/lib/python3.8/site-packages/airflow/example_dags/example_xcom.py took 0.142 seconds
[2023-03-26T22:20:42.570+0200] {processor.py:153} INFO - Started process (PID=20252) to work on /home/humbulani/miniconda3/envs/apache-airflow/lib/python3.8/site-packages/airflow/example_dags/example_xcom.py
[2023-03-26T22:20:42.577+0200] {processor.py:743} INFO - Processing file /home/humbulani/miniconda3/envs/apache-airflow/lib/python3.8/site-packages/airflow/example_dags/example_xcom.py for tasks to queue
[2023-03-26T22:20:42.578+0200] {logging_mixin.py:137} INFO - [2023-03-26T22:20:42.578+0200] {dagbag.py:532} INFO - Filling up the DagBag from /home/humbulani/miniconda3/envs/apache-airflow/lib/python3.8/site-packages/airflow/example_dags/example_xcom.py
[2023-03-26T22:20:42.599+0200] {processor.py:753} INFO - DAG(s) dict_keys(['example_xcom']) retrieved from /home/humbulani/miniconda3/envs/apache-airflow/lib/python3.8/site-packages/airflow/example_dags/example_xcom.py
[2023-03-26T22:20:42.621+0200] {logging_mixin.py:137} INFO - [2023-03-26T22:20:42.621+0200] {dag.py:2693} INFO - Sync 1 DAGs
[2023-03-26T22:20:42.642+0200] {logging_mixin.py:137} INFO - [2023-03-26T22:20:42.641+0200] {dag.py:3440} INFO - Setting next_dagrun for example_xcom to 2021-01-01T00:00:00+00:00, run_after=2021-01-01T00:00:00+00:00
[2023-03-26T22:20:42.716+0200] {processor.py:175} INFO - Processing /home/humbulani/miniconda3/envs/apache-airflow/lib/python3.8/site-packages/airflow/example_dags/example_xcom.py took 0.148 seconds
[2023-03-26T22:21:28.556+0200] {processor.py:153} INFO - Started process (PID=20298) to work on /home/humbulani/miniconda3/envs/apache-airflow/lib/python3.8/site-packages/airflow/example_dags/example_xcom.py
[2023-03-26T22:21:28.565+0200] {processor.py:743} INFO - Processing file /home/humbulani/miniconda3/envs/apache-airflow/lib/python3.8/site-packages/airflow/example_dags/example_xcom.py for tasks to queue
[2023-03-26T22:21:28.566+0200] {logging_mixin.py:137} INFO - [2023-03-26T22:21:28.565+0200] {dagbag.py:532} INFO - Filling up the DagBag from /home/humbulani/miniconda3/envs/apache-airflow/lib/python3.8/site-packages/airflow/example_dags/example_xcom.py
[2023-03-26T22:21:28.592+0200] {processor.py:753} INFO - DAG(s) dict_keys(['example_xcom']) retrieved from /home/humbulani/miniconda3/envs/apache-airflow/lib/python3.8/site-packages/airflow/example_dags/example_xcom.py
[2023-03-26T22:21:28.610+0200] {logging_mixin.py:137} INFO - [2023-03-26T22:21:28.610+0200] {dag.py:2693} INFO - Sync 1 DAGs
[2023-03-26T22:21:28.626+0200] {logging_mixin.py:137} INFO - [2023-03-26T22:21:28.626+0200] {dag.py:3440} INFO - Setting next_dagrun for example_xcom to 2021-01-01T00:00:00+00:00, run_after=2021-01-01T00:00:00+00:00
[2023-03-26T22:21:28.703+0200] {processor.py:175} INFO - Processing /home/humbulani/miniconda3/envs/apache-airflow/lib/python3.8/site-packages/airflow/example_dags/example_xcom.py took 0.150 seconds
[2023-03-26T22:22:12.717+0200] {processor.py:153} INFO - Started process (PID=20343) to work on /home/humbulani/miniconda3/envs/apache-airflow/lib/python3.8/site-packages/airflow/example_dags/example_xcom.py
[2023-03-26T22:22:12.750+0200] {processor.py:743} INFO - Processing file /home/humbulani/miniconda3/envs/apache-airflow/lib/python3.8/site-packages/airflow/example_dags/example_xcom.py for tasks to queue
[2023-03-26T22:22:12.750+0200] {logging_mixin.py:137} INFO - [2023-03-26T22:22:12.750+0200] {dagbag.py:532} INFO - Filling up the DagBag from /home/humbulani/miniconda3/envs/apache-airflow/lib/python3.8/site-packages/airflow/example_dags/example_xcom.py
[2023-03-26T22:22:12.772+0200] {processor.py:753} INFO - DAG(s) dict_keys(['example_xcom']) retrieved from /home/humbulani/miniconda3/envs/apache-airflow/lib/python3.8/site-packages/airflow/example_dags/example_xcom.py
[2023-03-26T22:22:12.789+0200] {logging_mixin.py:137} INFO - [2023-03-26T22:22:12.789+0200] {dag.py:2693} INFO - Sync 1 DAGs
[2023-03-26T22:22:12.806+0200] {logging_mixin.py:137} INFO - [2023-03-26T22:22:12.806+0200] {dag.py:3440} INFO - Setting next_dagrun for example_xcom to 2021-01-01T00:00:00+00:00, run_after=2021-01-01T00:00:00+00:00
[2023-03-26T22:22:12.882+0200] {processor.py:175} INFO - Processing /home/humbulani/miniconda3/envs/apache-airflow/lib/python3.8/site-packages/airflow/example_dags/example_xcom.py took 0.168 seconds
[2023-03-26T22:22:59.497+0200] {processor.py:153} INFO - Started process (PID=20385) to work on /home/humbulani/miniconda3/envs/apache-airflow/lib/python3.8/site-packages/airflow/example_dags/example_xcom.py
[2023-03-26T22:22:59.512+0200] {processor.py:743} INFO - Processing file /home/humbulani/miniconda3/envs/apache-airflow/lib/python3.8/site-packages/airflow/example_dags/example_xcom.py for tasks to queue
[2023-03-26T22:22:59.513+0200] {logging_mixin.py:137} INFO - [2023-03-26T22:22:59.513+0200] {dagbag.py:532} INFO - Filling up the DagBag from /home/humbulani/miniconda3/envs/apache-airflow/lib/python3.8/site-packages/airflow/example_dags/example_xcom.py
[2023-03-26T22:22:59.539+0200] {processor.py:753} INFO - DAG(s) dict_keys(['example_xcom']) retrieved from /home/humbulani/miniconda3/envs/apache-airflow/lib/python3.8/site-packages/airflow/example_dags/example_xcom.py
[2023-03-26T22:22:59.556+0200] {logging_mixin.py:137} INFO - [2023-03-26T22:22:59.556+0200] {dag.py:2693} INFO - Sync 1 DAGs
[2023-03-26T22:22:59.573+0200] {logging_mixin.py:137} INFO - [2023-03-26T22:22:59.572+0200] {dag.py:3440} INFO - Setting next_dagrun for example_xcom to 2021-01-01T00:00:00+00:00, run_after=2021-01-01T00:00:00+00:00
[2023-03-26T22:22:59.662+0200] {processor.py:175} INFO - Processing /home/humbulani/miniconda3/envs/apache-airflow/lib/python3.8/site-packages/airflow/example_dags/example_xcom.py took 0.168 seconds
