[2023-03-26T21:40:00.267+0200] {processor.py:153} INFO - Started process (PID=16667) to work on /home/humbulani/miniconda3/envs/apache-airflow/lib/python3.8/site-packages/airflow/example_dags/example_branch_operator_decorator.py
[2023-03-26T21:40:00.268+0200] {processor.py:743} INFO - Processing file /home/humbulani/miniconda3/envs/apache-airflow/lib/python3.8/site-packages/airflow/example_dags/example_branch_operator_decorator.py for tasks to queue
[2023-03-26T21:40:00.269+0200] {logging_mixin.py:137} INFO - [2023-03-26T21:40:00.269+0200] {dagbag.py:532} INFO - Filling up the DagBag from /home/humbulani/miniconda3/envs/apache-airflow/lib/python3.8/site-packages/airflow/example_dags/example_branch_operator_decorator.py
[2023-03-26T21:40:00.293+0200] {processor.py:753} INFO - DAG(s) dict_keys(['example_branch_python_operator_decorator']) retrieved from /home/humbulani/miniconda3/envs/apache-airflow/lib/python3.8/site-packages/airflow/example_dags/example_branch_operator_decorator.py
[2023-03-26T21:40:00.516+0200] {logging_mixin.py:137} INFO - [2023-03-26T21:40:00.516+0200] {manager.py:504} INFO - Created Permission View: can edit on DAG:example_branch_python_operator_decorator
[2023-03-26T21:40:00.574+0200] {logging_mixin.py:137} INFO - [2023-03-26T21:40:00.574+0200] {manager.py:504} INFO - Created Permission View: can read on DAG:example_branch_python_operator_decorator
[2023-03-26T21:40:00.634+0200] {logging_mixin.py:137} INFO - [2023-03-26T21:40:00.633+0200] {manager.py:504} INFO - Created Permission View: can delete on DAG:example_branch_python_operator_decorator
[2023-03-26T21:40:00.634+0200] {logging_mixin.py:137} INFO - [2023-03-26T21:40:00.634+0200] {dag.py:2693} INFO - Sync 1 DAGs
[2023-03-26T21:40:00.657+0200] {logging_mixin.py:137} INFO - [2023-03-26T21:40:00.657+0200] {dag.py:2714} INFO - Creating ORM DAG for example_branch_python_operator_decorator
[2023-03-26T21:40:00.756+0200] {logging_mixin.py:137} INFO - [2023-03-26T21:40:00.756+0200] {dag.py:3440} INFO - Setting next_dagrun for example_branch_python_operator_decorator to 2023-03-25T00:00:00+00:00, run_after=2023-03-26T00:00:00+00:00
[2023-03-26T21:40:00.860+0200] {processor.py:175} INFO - Processing /home/humbulani/miniconda3/envs/apache-airflow/lib/python3.8/site-packages/airflow/example_dags/example_branch_operator_decorator.py took 0.595 seconds
[2023-03-26T21:40:52.001+0200] {processor.py:153} INFO - Started process (PID=16765) to work on /home/humbulani/miniconda3/envs/apache-airflow/lib/python3.8/site-packages/airflow/example_dags/example_branch_operator_decorator.py
[2023-03-26T21:40:52.034+0200] {processor.py:743} INFO - Processing file /home/humbulani/miniconda3/envs/apache-airflow/lib/python3.8/site-packages/airflow/example_dags/example_branch_operator_decorator.py for tasks to queue
[2023-03-26T21:40:52.034+0200] {logging_mixin.py:137} INFO - [2023-03-26T21:40:52.034+0200] {dagbag.py:532} INFO - Filling up the DagBag from /home/humbulani/miniconda3/envs/apache-airflow/lib/python3.8/site-packages/airflow/example_dags/example_branch_operator_decorator.py
[2023-03-26T21:40:52.060+0200] {processor.py:753} INFO - DAG(s) dict_keys(['example_branch_python_operator_decorator']) retrieved from /home/humbulani/miniconda3/envs/apache-airflow/lib/python3.8/site-packages/airflow/example_dags/example_branch_operator_decorator.py
[2023-03-26T21:40:52.080+0200] {logging_mixin.py:137} INFO - [2023-03-26T21:40:52.079+0200] {dag.py:2693} INFO - Sync 1 DAGs
[2023-03-26T21:40:52.100+0200] {logging_mixin.py:137} INFO - [2023-03-26T21:40:52.100+0200] {dag.py:3440} INFO - Setting next_dagrun for example_branch_python_operator_decorator to 2023-03-25T00:00:00+00:00, run_after=2023-03-26T00:00:00+00:00
[2023-03-26T21:40:52.176+0200] {processor.py:175} INFO - Processing /home/humbulani/miniconda3/envs/apache-airflow/lib/python3.8/site-packages/airflow/example_dags/example_branch_operator_decorator.py took 0.177 seconds
[2023-03-26T21:48:24.012+0200] {processor.py:153} INFO - Started process (PID=16898) to work on /home/humbulani/miniconda3/envs/apache-airflow/lib/python3.8/site-packages/airflow/example_dags/example_branch_operator_decorator.py
[2023-03-26T21:48:24.026+0200] {processor.py:743} INFO - Processing file /home/humbulani/miniconda3/envs/apache-airflow/lib/python3.8/site-packages/airflow/example_dags/example_branch_operator_decorator.py for tasks to queue
[2023-03-26T21:48:24.027+0200] {logging_mixin.py:137} INFO - [2023-03-26T21:48:24.026+0200] {dagbag.py:532} INFO - Filling up the DagBag from /home/humbulani/miniconda3/envs/apache-airflow/lib/python3.8/site-packages/airflow/example_dags/example_branch_operator_decorator.py
[2023-03-26T21:48:24.052+0200] {processor.py:753} INFO - DAG(s) dict_keys(['example_branch_python_operator_decorator']) retrieved from /home/humbulani/miniconda3/envs/apache-airflow/lib/python3.8/site-packages/airflow/example_dags/example_branch_operator_decorator.py
[2023-03-26T21:48:24.071+0200] {logging_mixin.py:137} INFO - [2023-03-26T21:48:24.070+0200] {dag.py:2693} INFO - Sync 1 DAGs
[2023-03-26T21:48:24.090+0200] {logging_mixin.py:137} INFO - [2023-03-26T21:48:24.090+0200] {dag.py:3440} INFO - Setting next_dagrun for example_branch_python_operator_decorator to 2023-03-25T00:00:00+00:00, run_after=2023-03-26T00:00:00+00:00
[2023-03-26T21:48:24.167+0200] {processor.py:175} INFO - Processing /home/humbulani/miniconda3/envs/apache-airflow/lib/python3.8/site-packages/airflow/example_dags/example_branch_operator_decorator.py took 0.158 seconds
[2023-03-26T21:49:13.106+0200] {processor.py:153} INFO - Started process (PID=16940) to work on /home/humbulani/miniconda3/envs/apache-airflow/lib/python3.8/site-packages/airflow/example_dags/example_branch_operator_decorator.py
[2023-03-26T21:49:13.112+0200] {processor.py:743} INFO - Processing file /home/humbulani/miniconda3/envs/apache-airflow/lib/python3.8/site-packages/airflow/example_dags/example_branch_operator_decorator.py for tasks to queue
[2023-03-26T21:49:13.113+0200] {logging_mixin.py:137} INFO - [2023-03-26T21:49:13.113+0200] {dagbag.py:532} INFO - Filling up the DagBag from /home/humbulani/miniconda3/envs/apache-airflow/lib/python3.8/site-packages/airflow/example_dags/example_branch_operator_decorator.py
[2023-03-26T21:49:13.135+0200] {processor.py:753} INFO - DAG(s) dict_keys(['example_branch_python_operator_decorator']) retrieved from /home/humbulani/miniconda3/envs/apache-airflow/lib/python3.8/site-packages/airflow/example_dags/example_branch_operator_decorator.py
[2023-03-26T21:49:13.153+0200] {logging_mixin.py:137} INFO - [2023-03-26T21:49:13.152+0200] {dag.py:2693} INFO - Sync 1 DAGs
[2023-03-26T21:49:13.172+0200] {logging_mixin.py:137} INFO - [2023-03-26T21:49:13.172+0200] {dag.py:3440} INFO - Setting next_dagrun for example_branch_python_operator_decorator to 2023-03-25T00:00:00+00:00, run_after=2023-03-26T00:00:00+00:00
[2023-03-26T21:49:13.244+0200] {processor.py:175} INFO - Processing /home/humbulani/miniconda3/envs/apache-airflow/lib/python3.8/site-packages/airflow/example_dags/example_branch_operator_decorator.py took 0.140 seconds
[2023-03-26T21:49:59.720+0200] {processor.py:153} INFO - Started process (PID=16984) to work on /home/humbulani/miniconda3/envs/apache-airflow/lib/python3.8/site-packages/airflow/example_dags/example_branch_operator_decorator.py
[2023-03-26T21:49:59.732+0200] {processor.py:743} INFO - Processing file /home/humbulani/miniconda3/envs/apache-airflow/lib/python3.8/site-packages/airflow/example_dags/example_branch_operator_decorator.py for tasks to queue
[2023-03-26T21:49:59.732+0200] {logging_mixin.py:137} INFO - [2023-03-26T21:49:59.732+0200] {dagbag.py:532} INFO - Filling up the DagBag from /home/humbulani/miniconda3/envs/apache-airflow/lib/python3.8/site-packages/airflow/example_dags/example_branch_operator_decorator.py
[2023-03-26T21:49:59.757+0200] {processor.py:753} INFO - DAG(s) dict_keys(['example_branch_python_operator_decorator']) retrieved from /home/humbulani/miniconda3/envs/apache-airflow/lib/python3.8/site-packages/airflow/example_dags/example_branch_operator_decorator.py
[2023-03-26T21:49:59.775+0200] {logging_mixin.py:137} INFO - [2023-03-26T21:49:59.775+0200] {dag.py:2693} INFO - Sync 1 DAGs
[2023-03-26T21:49:59.793+0200] {logging_mixin.py:137} INFO - [2023-03-26T21:49:59.793+0200] {dag.py:3440} INFO - Setting next_dagrun for example_branch_python_operator_decorator to 2023-03-25T00:00:00+00:00, run_after=2023-03-26T00:00:00+00:00
[2023-03-26T21:49:59.872+0200] {processor.py:175} INFO - Processing /home/humbulani/miniconda3/envs/apache-airflow/lib/python3.8/site-packages/airflow/example_dags/example_branch_operator_decorator.py took 0.155 seconds
[2023-03-26T21:50:44.842+0200] {processor.py:153} INFO - Started process (PID=17027) to work on /home/humbulani/miniconda3/envs/apache-airflow/lib/python3.8/site-packages/airflow/example_dags/example_branch_operator_decorator.py
[2023-03-26T21:50:44.856+0200] {processor.py:743} INFO - Processing file /home/humbulani/miniconda3/envs/apache-airflow/lib/python3.8/site-packages/airflow/example_dags/example_branch_operator_decorator.py for tasks to queue
[2023-03-26T21:50:44.857+0200] {logging_mixin.py:137} INFO - [2023-03-26T21:50:44.857+0200] {dagbag.py:532} INFO - Filling up the DagBag from /home/humbulani/miniconda3/envs/apache-airflow/lib/python3.8/site-packages/airflow/example_dags/example_branch_operator_decorator.py
[2023-03-26T21:50:44.886+0200] {processor.py:753} INFO - DAG(s) dict_keys(['example_branch_python_operator_decorator']) retrieved from /home/humbulani/miniconda3/envs/apache-airflow/lib/python3.8/site-packages/airflow/example_dags/example_branch_operator_decorator.py
[2023-03-26T21:50:44.904+0200] {logging_mixin.py:137} INFO - [2023-03-26T21:50:44.904+0200] {dag.py:2693} INFO - Sync 1 DAGs
[2023-03-26T21:50:44.922+0200] {logging_mixin.py:137} INFO - [2023-03-26T21:50:44.922+0200] {dag.py:3440} INFO - Setting next_dagrun for example_branch_python_operator_decorator to 2023-03-25T00:00:00+00:00, run_after=2023-03-26T00:00:00+00:00
[2023-03-26T21:50:44.993+0200] {processor.py:175} INFO - Processing /home/humbulani/miniconda3/envs/apache-airflow/lib/python3.8/site-packages/airflow/example_dags/example_branch_operator_decorator.py took 0.154 seconds
[2023-03-26T21:51:29.578+0200] {processor.py:153} INFO - Started process (PID=17143) to work on /home/humbulani/miniconda3/envs/apache-airflow/lib/python3.8/site-packages/airflow/example_dags/example_branch_operator_decorator.py
[2023-03-26T21:51:29.609+0200] {processor.py:743} INFO - Processing file /home/humbulani/miniconda3/envs/apache-airflow/lib/python3.8/site-packages/airflow/example_dags/example_branch_operator_decorator.py for tasks to queue
[2023-03-26T21:51:29.610+0200] {logging_mixin.py:137} INFO - [2023-03-26T21:51:29.610+0200] {dagbag.py:532} INFO - Filling up the DagBag from /home/humbulani/miniconda3/envs/apache-airflow/lib/python3.8/site-packages/airflow/example_dags/example_branch_operator_decorator.py
[2023-03-26T21:51:29.634+0200] {processor.py:753} INFO - DAG(s) dict_keys(['example_branch_python_operator_decorator']) retrieved from /home/humbulani/miniconda3/envs/apache-airflow/lib/python3.8/site-packages/airflow/example_dags/example_branch_operator_decorator.py
[2023-03-26T21:51:29.652+0200] {logging_mixin.py:137} INFO - [2023-03-26T21:51:29.651+0200] {dag.py:2693} INFO - Sync 1 DAGs
[2023-03-26T21:51:29.670+0200] {logging_mixin.py:137} INFO - [2023-03-26T21:51:29.670+0200] {dag.py:3440} INFO - Setting next_dagrun for example_branch_python_operator_decorator to 2023-03-25T00:00:00+00:00, run_after=2023-03-26T00:00:00+00:00
[2023-03-26T21:51:29.744+0200] {processor.py:175} INFO - Processing /home/humbulani/miniconda3/envs/apache-airflow/lib/python3.8/site-packages/airflow/example_dags/example_branch_operator_decorator.py took 0.169 seconds
[2023-03-26T21:52:16.751+0200] {processor.py:153} INFO - Started process (PID=17187) to work on /home/humbulani/miniconda3/envs/apache-airflow/lib/python3.8/site-packages/airflow/example_dags/example_branch_operator_decorator.py
[2023-03-26T21:52:16.752+0200] {processor.py:743} INFO - Processing file /home/humbulani/miniconda3/envs/apache-airflow/lib/python3.8/site-packages/airflow/example_dags/example_branch_operator_decorator.py for tasks to queue
[2023-03-26T21:52:16.753+0200] {logging_mixin.py:137} INFO - [2023-03-26T21:52:16.753+0200] {dagbag.py:532} INFO - Filling up the DagBag from /home/humbulani/miniconda3/envs/apache-airflow/lib/python3.8/site-packages/airflow/example_dags/example_branch_operator_decorator.py
[2023-03-26T21:52:16.780+0200] {processor.py:753} INFO - DAG(s) dict_keys(['example_branch_python_operator_decorator']) retrieved from /home/humbulani/miniconda3/envs/apache-airflow/lib/python3.8/site-packages/airflow/example_dags/example_branch_operator_decorator.py
[2023-03-26T21:52:16.798+0200] {logging_mixin.py:137} INFO - [2023-03-26T21:52:16.798+0200] {dag.py:2693} INFO - Sync 1 DAGs
[2023-03-26T21:52:16.817+0200] {logging_mixin.py:137} INFO - [2023-03-26T21:52:16.817+0200] {dag.py:3440} INFO - Setting next_dagrun for example_branch_python_operator_decorator to 2023-03-25T00:00:00+00:00, run_after=2023-03-26T00:00:00+00:00
[2023-03-26T21:52:16.997+0200] {processor.py:175} INFO - Processing /home/humbulani/miniconda3/envs/apache-airflow/lib/python3.8/site-packages/airflow/example_dags/example_branch_operator_decorator.py took 0.249 seconds
[2023-03-26T21:53:06.499+0200] {processor.py:153} INFO - Started process (PID=17236) to work on /home/humbulani/miniconda3/envs/apache-airflow/lib/python3.8/site-packages/airflow/example_dags/example_branch_operator_decorator.py
[2023-03-26T21:53:06.500+0200] {processor.py:743} INFO - Processing file /home/humbulani/miniconda3/envs/apache-airflow/lib/python3.8/site-packages/airflow/example_dags/example_branch_operator_decorator.py for tasks to queue
[2023-03-26T21:53:06.501+0200] {logging_mixin.py:137} INFO - [2023-03-26T21:53:06.501+0200] {dagbag.py:532} INFO - Filling up the DagBag from /home/humbulani/miniconda3/envs/apache-airflow/lib/python3.8/site-packages/airflow/example_dags/example_branch_operator_decorator.py
[2023-03-26T21:53:06.527+0200] {processor.py:753} INFO - DAG(s) dict_keys(['example_branch_python_operator_decorator']) retrieved from /home/humbulani/miniconda3/envs/apache-airflow/lib/python3.8/site-packages/airflow/example_dags/example_branch_operator_decorator.py
[2023-03-26T21:53:06.545+0200] {logging_mixin.py:137} INFO - [2023-03-26T21:53:06.545+0200] {dag.py:2693} INFO - Sync 1 DAGs
[2023-03-26T21:53:06.642+0200] {logging_mixin.py:137} INFO - [2023-03-26T21:53:06.642+0200] {dag.py:3440} INFO - Setting next_dagrun for example_branch_python_operator_decorator to 2023-03-25T00:00:00+00:00, run_after=2023-03-26T00:00:00+00:00
[2023-03-26T21:53:06.742+0200] {processor.py:175} INFO - Processing /home/humbulani/miniconda3/envs/apache-airflow/lib/python3.8/site-packages/airflow/example_dags/example_branch_operator_decorator.py took 0.246 seconds
[2023-03-26T21:53:56.496+0200] {processor.py:153} INFO - Started process (PID=17286) to work on /home/humbulani/miniconda3/envs/apache-airflow/lib/python3.8/site-packages/airflow/example_dags/example_branch_operator_decorator.py
[2023-03-26T21:53:56.553+0200] {processor.py:743} INFO - Processing file /home/humbulani/miniconda3/envs/apache-airflow/lib/python3.8/site-packages/airflow/example_dags/example_branch_operator_decorator.py for tasks to queue
[2023-03-26T21:53:56.553+0200] {logging_mixin.py:137} INFO - [2023-03-26T21:53:56.553+0200] {dagbag.py:532} INFO - Filling up the DagBag from /home/humbulani/miniconda3/envs/apache-airflow/lib/python3.8/site-packages/airflow/example_dags/example_branch_operator_decorator.py
[2023-03-26T21:53:56.582+0200] {processor.py:753} INFO - DAG(s) dict_keys(['example_branch_python_operator_decorator']) retrieved from /home/humbulani/miniconda3/envs/apache-airflow/lib/python3.8/site-packages/airflow/example_dags/example_branch_operator_decorator.py
[2023-03-26T21:53:56.686+0200] {logging_mixin.py:137} INFO - [2023-03-26T21:53:56.686+0200] {dag.py:2693} INFO - Sync 1 DAGs
[2023-03-26T21:53:56.703+0200] {logging_mixin.py:137} INFO - [2023-03-26T21:53:56.702+0200] {dag.py:3440} INFO - Setting next_dagrun for example_branch_python_operator_decorator to 2023-03-25T00:00:00+00:00, run_after=2023-03-26T00:00:00+00:00
[2023-03-26T21:53:56.780+0200] {processor.py:175} INFO - Processing /home/humbulani/miniconda3/envs/apache-airflow/lib/python3.8/site-packages/airflow/example_dags/example_branch_operator_decorator.py took 0.287 seconds
[2023-03-26T21:54:44.777+0200] {processor.py:153} INFO - Started process (PID=17331) to work on /home/humbulani/miniconda3/envs/apache-airflow/lib/python3.8/site-packages/airflow/example_dags/example_branch_operator_decorator.py
[2023-03-26T21:54:44.778+0200] {processor.py:743} INFO - Processing file /home/humbulani/miniconda3/envs/apache-airflow/lib/python3.8/site-packages/airflow/example_dags/example_branch_operator_decorator.py for tasks to queue
[2023-03-26T21:54:44.778+0200] {logging_mixin.py:137} INFO - [2023-03-26T21:54:44.778+0200] {dagbag.py:532} INFO - Filling up the DagBag from /home/humbulani/miniconda3/envs/apache-airflow/lib/python3.8/site-packages/airflow/example_dags/example_branch_operator_decorator.py
[2023-03-26T21:54:44.801+0200] {processor.py:753} INFO - DAG(s) dict_keys(['example_branch_python_operator_decorator']) retrieved from /home/humbulani/miniconda3/envs/apache-airflow/lib/python3.8/site-packages/airflow/example_dags/example_branch_operator_decorator.py
[2023-03-26T21:54:44.897+0200] {logging_mixin.py:137} INFO - [2023-03-26T21:54:44.897+0200] {dag.py:2693} INFO - Sync 1 DAGs
[2023-03-26T21:54:44.914+0200] {logging_mixin.py:137} INFO - [2023-03-26T21:54:44.914+0200] {dag.py:3440} INFO - Setting next_dagrun for example_branch_python_operator_decorator to 2023-03-25T00:00:00+00:00, run_after=2023-03-26T00:00:00+00:00
[2023-03-26T21:54:45.025+0200] {processor.py:175} INFO - Processing /home/humbulani/miniconda3/envs/apache-airflow/lib/python3.8/site-packages/airflow/example_dags/example_branch_operator_decorator.py took 0.250 seconds
[2023-03-26T21:55:34.188+0200] {processor.py:153} INFO - Started process (PID=17375) to work on /home/humbulani/miniconda3/envs/apache-airflow/lib/python3.8/site-packages/airflow/example_dags/example_branch_operator_decorator.py
[2023-03-26T21:55:34.189+0200] {processor.py:743} INFO - Processing file /home/humbulani/miniconda3/envs/apache-airflow/lib/python3.8/site-packages/airflow/example_dags/example_branch_operator_decorator.py for tasks to queue
[2023-03-26T21:55:34.190+0200] {logging_mixin.py:137} INFO - [2023-03-26T21:55:34.190+0200] {dagbag.py:532} INFO - Filling up the DagBag from /home/humbulani/miniconda3/envs/apache-airflow/lib/python3.8/site-packages/airflow/example_dags/example_branch_operator_decorator.py
[2023-03-26T21:55:34.297+0200] {processor.py:753} INFO - DAG(s) dict_keys(['example_branch_python_operator_decorator']) retrieved from /home/humbulani/miniconda3/envs/apache-airflow/lib/python3.8/site-packages/airflow/example_dags/example_branch_operator_decorator.py
[2023-03-26T21:55:34.312+0200] {logging_mixin.py:137} INFO - [2023-03-26T21:55:34.312+0200] {dag.py:2693} INFO - Sync 1 DAGs
[2023-03-26T21:55:34.329+0200] {logging_mixin.py:137} INFO - [2023-03-26T21:55:34.329+0200] {dag.py:3440} INFO - Setting next_dagrun for example_branch_python_operator_decorator to 2023-03-25T00:00:00+00:00, run_after=2023-03-26T00:00:00+00:00
[2023-03-26T21:55:34.409+0200] {processor.py:175} INFO - Processing /home/humbulani/miniconda3/envs/apache-airflow/lib/python3.8/site-packages/airflow/example_dags/example_branch_operator_decorator.py took 0.225 seconds
[2023-03-26T21:56:24.079+0200] {processor.py:153} INFO - Started process (PID=17477) to work on /home/humbulani/miniconda3/envs/apache-airflow/lib/python3.8/site-packages/airflow/example_dags/example_branch_operator_decorator.py
[2023-03-26T21:56:24.108+0200] {processor.py:743} INFO - Processing file /home/humbulani/miniconda3/envs/apache-airflow/lib/python3.8/site-packages/airflow/example_dags/example_branch_operator_decorator.py for tasks to queue
[2023-03-26T21:56:24.109+0200] {logging_mixin.py:137} INFO - [2023-03-26T21:56:24.109+0200] {dagbag.py:532} INFO - Filling up the DagBag from /home/humbulani/miniconda3/envs/apache-airflow/lib/python3.8/site-packages/airflow/example_dags/example_branch_operator_decorator.py
[2023-03-26T21:56:24.139+0200] {processor.py:753} INFO - DAG(s) dict_keys(['example_branch_python_operator_decorator']) retrieved from /home/humbulani/miniconda3/envs/apache-airflow/lib/python3.8/site-packages/airflow/example_dags/example_branch_operator_decorator.py
[2023-03-26T21:56:24.159+0200] {logging_mixin.py:137} INFO - [2023-03-26T21:56:24.159+0200] {dag.py:2693} INFO - Sync 1 DAGs
[2023-03-26T21:56:24.178+0200] {logging_mixin.py:137} INFO - [2023-03-26T21:56:24.178+0200] {dag.py:3440} INFO - Setting next_dagrun for example_branch_python_operator_decorator to 2023-03-25T00:00:00+00:00, run_after=2023-03-26T00:00:00+00:00
[2023-03-26T21:56:24.263+0200] {processor.py:175} INFO - Processing /home/humbulani/miniconda3/envs/apache-airflow/lib/python3.8/site-packages/airflow/example_dags/example_branch_operator_decorator.py took 0.187 seconds
[2023-03-26T21:57:06.094+0200] {processor.py:153} INFO - Started process (PID=17529) to work on /home/humbulani/miniconda3/envs/apache-airflow/lib/python3.8/site-packages/airflow/example_dags/example_branch_operator_decorator.py
[2023-03-26T21:57:06.099+0200] {processor.py:743} INFO - Processing file /home/humbulani/miniconda3/envs/apache-airflow/lib/python3.8/site-packages/airflow/example_dags/example_branch_operator_decorator.py for tasks to queue
[2023-03-26T21:57:06.100+0200] {logging_mixin.py:137} INFO - [2023-03-26T21:57:06.100+0200] {dagbag.py:532} INFO - Filling up the DagBag from /home/humbulani/miniconda3/envs/apache-airflow/lib/python3.8/site-packages/airflow/example_dags/example_branch_operator_decorator.py
[2023-03-26T21:57:06.123+0200] {processor.py:753} INFO - DAG(s) dict_keys(['example_branch_python_operator_decorator']) retrieved from /home/humbulani/miniconda3/envs/apache-airflow/lib/python3.8/site-packages/airflow/example_dags/example_branch_operator_decorator.py
[2023-03-26T21:57:06.141+0200] {logging_mixin.py:137} INFO - [2023-03-26T21:57:06.141+0200] {dag.py:2693} INFO - Sync 1 DAGs
[2023-03-26T21:57:06.160+0200] {logging_mixin.py:137} INFO - [2023-03-26T21:57:06.160+0200] {dag.py:3440} INFO - Setting next_dagrun for example_branch_python_operator_decorator to 2023-03-25T00:00:00+00:00, run_after=2023-03-26T00:00:00+00:00
[2023-03-26T21:57:06.233+0200] {processor.py:175} INFO - Processing /home/humbulani/miniconda3/envs/apache-airflow/lib/python3.8/site-packages/airflow/example_dags/example_branch_operator_decorator.py took 0.142 seconds
[2023-03-26T21:57:50.271+0200] {processor.py:153} INFO - Started process (PID=17643) to work on /home/humbulani/miniconda3/envs/apache-airflow/lib/python3.8/site-packages/airflow/example_dags/example_branch_operator_decorator.py
[2023-03-26T21:57:50.286+0200] {processor.py:743} INFO - Processing file /home/humbulani/miniconda3/envs/apache-airflow/lib/python3.8/site-packages/airflow/example_dags/example_branch_operator_decorator.py for tasks to queue
[2023-03-26T21:57:50.287+0200] {logging_mixin.py:137} INFO - [2023-03-26T21:57:50.286+0200] {dagbag.py:532} INFO - Filling up the DagBag from /home/humbulani/miniconda3/envs/apache-airflow/lib/python3.8/site-packages/airflow/example_dags/example_branch_operator_decorator.py
[2023-03-26T21:57:50.309+0200] {processor.py:753} INFO - DAG(s) dict_keys(['example_branch_python_operator_decorator']) retrieved from /home/humbulani/miniconda3/envs/apache-airflow/lib/python3.8/site-packages/airflow/example_dags/example_branch_operator_decorator.py
[2023-03-26T21:57:50.330+0200] {logging_mixin.py:137} INFO - [2023-03-26T21:57:50.330+0200] {dag.py:2693} INFO - Sync 1 DAGs
[2023-03-26T21:57:50.350+0200] {logging_mixin.py:137} INFO - [2023-03-26T21:57:50.350+0200] {dag.py:3440} INFO - Setting next_dagrun for example_branch_python_operator_decorator to 2023-03-25T00:00:00+00:00, run_after=2023-03-26T00:00:00+00:00
[2023-03-26T21:57:50.427+0200] {processor.py:175} INFO - Processing /home/humbulani/miniconda3/envs/apache-airflow/lib/python3.8/site-packages/airflow/example_dags/example_branch_operator_decorator.py took 0.159 seconds
[2023-03-26T21:58:37.911+0200] {processor.py:153} INFO - Started process (PID=17873) to work on /home/humbulani/miniconda3/envs/apache-airflow/lib/python3.8/site-packages/airflow/example_dags/example_branch_operator_decorator.py
[2023-03-26T21:58:37.914+0200] {processor.py:743} INFO - Processing file /home/humbulani/miniconda3/envs/apache-airflow/lib/python3.8/site-packages/airflow/example_dags/example_branch_operator_decorator.py for tasks to queue
[2023-03-26T21:58:37.915+0200] {logging_mixin.py:137} INFO - [2023-03-26T21:58:37.915+0200] {dagbag.py:532} INFO - Filling up the DagBag from /home/humbulani/miniconda3/envs/apache-airflow/lib/python3.8/site-packages/airflow/example_dags/example_branch_operator_decorator.py
[2023-03-26T21:58:37.940+0200] {processor.py:753} INFO - DAG(s) dict_keys(['example_branch_python_operator_decorator']) retrieved from /home/humbulani/miniconda3/envs/apache-airflow/lib/python3.8/site-packages/airflow/example_dags/example_branch_operator_decorator.py
[2023-03-26T21:58:37.959+0200] {logging_mixin.py:137} INFO - [2023-03-26T21:58:37.959+0200] {dag.py:2693} INFO - Sync 1 DAGs
[2023-03-26T21:58:37.984+0200] {logging_mixin.py:137} INFO - [2023-03-26T21:58:37.984+0200] {dag.py:3440} INFO - Setting next_dagrun for example_branch_python_operator_decorator to 2023-03-25T00:00:00+00:00, run_after=2023-03-26T00:00:00+00:00
[2023-03-26T21:58:38.106+0200] {processor.py:175} INFO - Processing /home/humbulani/miniconda3/envs/apache-airflow/lib/python3.8/site-packages/airflow/example_dags/example_branch_operator_decorator.py took 0.198 seconds
[2023-03-26T21:59:25.420+0200] {processor.py:153} INFO - Started process (PID=18042) to work on /home/humbulani/miniconda3/envs/apache-airflow/lib/python3.8/site-packages/airflow/example_dags/example_branch_operator_decorator.py
[2023-03-26T21:59:25.445+0200] {processor.py:743} INFO - Processing file /home/humbulani/miniconda3/envs/apache-airflow/lib/python3.8/site-packages/airflow/example_dags/example_branch_operator_decorator.py for tasks to queue
[2023-03-26T21:59:25.445+0200] {logging_mixin.py:137} INFO - [2023-03-26T21:59:25.445+0200] {dagbag.py:532} INFO - Filling up the DagBag from /home/humbulani/miniconda3/envs/apache-airflow/lib/python3.8/site-packages/airflow/example_dags/example_branch_operator_decorator.py
[2023-03-26T21:59:25.468+0200] {processor.py:753} INFO - DAG(s) dict_keys(['example_branch_python_operator_decorator']) retrieved from /home/humbulani/miniconda3/envs/apache-airflow/lib/python3.8/site-packages/airflow/example_dags/example_branch_operator_decorator.py
[2023-03-26T21:59:25.486+0200] {logging_mixin.py:137} INFO - [2023-03-26T21:59:25.486+0200] {dag.py:2693} INFO - Sync 1 DAGs
[2023-03-26T21:59:25.504+0200] {logging_mixin.py:137} INFO - [2023-03-26T21:59:25.504+0200] {dag.py:3440} INFO - Setting next_dagrun for example_branch_python_operator_decorator to 2023-03-25T00:00:00+00:00, run_after=2023-03-26T00:00:00+00:00
[2023-03-26T21:59:25.682+0200] {processor.py:175} INFO - Processing /home/humbulani/miniconda3/envs/apache-airflow/lib/python3.8/site-packages/airflow/example_dags/example_branch_operator_decorator.py took 0.265 seconds
[2023-03-26T22:00:13.016+0200] {processor.py:153} INFO - Started process (PID=18153) to work on /home/humbulani/miniconda3/envs/apache-airflow/lib/python3.8/site-packages/airflow/example_dags/example_branch_operator_decorator.py
[2023-03-26T22:00:13.017+0200] {processor.py:743} INFO - Processing file /home/humbulani/miniconda3/envs/apache-airflow/lib/python3.8/site-packages/airflow/example_dags/example_branch_operator_decorator.py for tasks to queue
[2023-03-26T22:00:13.017+0200] {logging_mixin.py:137} INFO - [2023-03-26T22:00:13.017+0200] {dagbag.py:532} INFO - Filling up the DagBag from /home/humbulani/miniconda3/envs/apache-airflow/lib/python3.8/site-packages/airflow/example_dags/example_branch_operator_decorator.py
[2023-03-26T22:00:13.043+0200] {processor.py:753} INFO - DAG(s) dict_keys(['example_branch_python_operator_decorator']) retrieved from /home/humbulani/miniconda3/envs/apache-airflow/lib/python3.8/site-packages/airflow/example_dags/example_branch_operator_decorator.py
[2023-03-26T22:00:13.063+0200] {logging_mixin.py:137} INFO - [2023-03-26T22:00:13.063+0200] {dag.py:2693} INFO - Sync 1 DAGs
[2023-03-26T22:00:13.085+0200] {logging_mixin.py:137} INFO - [2023-03-26T22:00:13.084+0200] {dag.py:3440} INFO - Setting next_dagrun for example_branch_python_operator_decorator to 2023-03-25T00:00:00+00:00, run_after=2023-03-26T00:00:00+00:00
[2023-03-26T22:00:13.181+0200] {processor.py:175} INFO - Processing /home/humbulani/miniconda3/envs/apache-airflow/lib/python3.8/site-packages/airflow/example_dags/example_branch_operator_decorator.py took 0.167 seconds
[2023-03-26T22:00:59.413+0200] {processor.py:153} INFO - Started process (PID=18240) to work on /home/humbulani/miniconda3/envs/apache-airflow/lib/python3.8/site-packages/airflow/example_dags/example_branch_operator_decorator.py
[2023-03-26T22:00:59.431+0200] {processor.py:743} INFO - Processing file /home/humbulani/miniconda3/envs/apache-airflow/lib/python3.8/site-packages/airflow/example_dags/example_branch_operator_decorator.py for tasks to queue
[2023-03-26T22:00:59.431+0200] {logging_mixin.py:137} INFO - [2023-03-26T22:00:59.431+0200] {dagbag.py:532} INFO - Filling up the DagBag from /home/humbulani/miniconda3/envs/apache-airflow/lib/python3.8/site-packages/airflow/example_dags/example_branch_operator_decorator.py
[2023-03-26T22:00:59.458+0200] {processor.py:753} INFO - DAG(s) dict_keys(['example_branch_python_operator_decorator']) retrieved from /home/humbulani/miniconda3/envs/apache-airflow/lib/python3.8/site-packages/airflow/example_dags/example_branch_operator_decorator.py
[2023-03-26T22:00:59.478+0200] {logging_mixin.py:137} INFO - [2023-03-26T22:00:59.478+0200] {dag.py:2693} INFO - Sync 1 DAGs
[2023-03-26T22:00:59.499+0200] {logging_mixin.py:137} INFO - [2023-03-26T22:00:59.499+0200] {dag.py:3440} INFO - Setting next_dagrun for example_branch_python_operator_decorator to 2023-03-25T00:00:00+00:00, run_after=2023-03-26T00:00:00+00:00
[2023-03-26T22:00:59.583+0200] {processor.py:175} INFO - Processing /home/humbulani/miniconda3/envs/apache-airflow/lib/python3.8/site-packages/airflow/example_dags/example_branch_operator_decorator.py took 0.172 seconds
[2023-03-26T22:01:46.013+0200] {processor.py:153} INFO - Started process (PID=18496) to work on /home/humbulani/miniconda3/envs/apache-airflow/lib/python3.8/site-packages/airflow/example_dags/example_branch_operator_decorator.py
[2023-03-26T22:01:46.025+0200] {processor.py:743} INFO - Processing file /home/humbulani/miniconda3/envs/apache-airflow/lib/python3.8/site-packages/airflow/example_dags/example_branch_operator_decorator.py for tasks to queue
[2023-03-26T22:01:46.026+0200] {logging_mixin.py:137} INFO - [2023-03-26T22:01:46.026+0200] {dagbag.py:532} INFO - Filling up the DagBag from /home/humbulani/miniconda3/envs/apache-airflow/lib/python3.8/site-packages/airflow/example_dags/example_branch_operator_decorator.py
[2023-03-26T22:01:46.048+0200] {processor.py:753} INFO - DAG(s) dict_keys(['example_branch_python_operator_decorator']) retrieved from /home/humbulani/miniconda3/envs/apache-airflow/lib/python3.8/site-packages/airflow/example_dags/example_branch_operator_decorator.py
[2023-03-26T22:01:46.067+0200] {logging_mixin.py:137} INFO - [2023-03-26T22:01:46.067+0200] {dag.py:2693} INFO - Sync 1 DAGs
[2023-03-26T22:01:46.086+0200] {logging_mixin.py:137} INFO - [2023-03-26T22:01:46.086+0200] {dag.py:3440} INFO - Setting next_dagrun for example_branch_python_operator_decorator to 2023-03-25T00:00:00+00:00, run_after=2023-03-26T00:00:00+00:00
[2023-03-26T22:01:46.169+0200] {processor.py:175} INFO - Processing /home/humbulani/miniconda3/envs/apache-airflow/lib/python3.8/site-packages/airflow/example_dags/example_branch_operator_decorator.py took 0.159 seconds
[2023-03-26T22:02:33.591+0200] {processor.py:153} INFO - Started process (PID=18542) to work on /home/humbulani/miniconda3/envs/apache-airflow/lib/python3.8/site-packages/airflow/example_dags/example_branch_operator_decorator.py
[2023-03-26T22:02:33.629+0200] {processor.py:743} INFO - Processing file /home/humbulani/miniconda3/envs/apache-airflow/lib/python3.8/site-packages/airflow/example_dags/example_branch_operator_decorator.py for tasks to queue
[2023-03-26T22:02:33.630+0200] {logging_mixin.py:137} INFO - [2023-03-26T22:02:33.630+0200] {dagbag.py:532} INFO - Filling up the DagBag from /home/humbulani/miniconda3/envs/apache-airflow/lib/python3.8/site-packages/airflow/example_dags/example_branch_operator_decorator.py
[2023-03-26T22:02:33.654+0200] {processor.py:753} INFO - DAG(s) dict_keys(['example_branch_python_operator_decorator']) retrieved from /home/humbulani/miniconda3/envs/apache-airflow/lib/python3.8/site-packages/airflow/example_dags/example_branch_operator_decorator.py
[2023-03-26T22:02:33.671+0200] {logging_mixin.py:137} INFO - [2023-03-26T22:02:33.671+0200] {dag.py:2693} INFO - Sync 1 DAGs
[2023-03-26T22:02:33.690+0200] {logging_mixin.py:137} INFO - [2023-03-26T22:02:33.690+0200] {dag.py:3440} INFO - Setting next_dagrun for example_branch_python_operator_decorator to 2023-03-25T00:00:00+00:00, run_after=2023-03-26T00:00:00+00:00
[2023-03-26T22:02:33.774+0200] {processor.py:175} INFO - Processing /home/humbulani/miniconda3/envs/apache-airflow/lib/python3.8/site-packages/airflow/example_dags/example_branch_operator_decorator.py took 0.186 seconds
[2023-03-26T22:03:18.562+0200] {processor.py:153} INFO - Started process (PID=18595) to work on /home/humbulani/miniconda3/envs/apache-airflow/lib/python3.8/site-packages/airflow/example_dags/example_branch_operator_decorator.py
[2023-03-26T22:03:18.563+0200] {processor.py:743} INFO - Processing file /home/humbulani/miniconda3/envs/apache-airflow/lib/python3.8/site-packages/airflow/example_dags/example_branch_operator_decorator.py for tasks to queue
[2023-03-26T22:03:18.563+0200] {logging_mixin.py:137} INFO - [2023-03-26T22:03:18.563+0200] {dagbag.py:532} INFO - Filling up the DagBag from /home/humbulani/miniconda3/envs/apache-airflow/lib/python3.8/site-packages/airflow/example_dags/example_branch_operator_decorator.py
[2023-03-26T22:03:18.587+0200] {processor.py:753} INFO - DAG(s) dict_keys(['example_branch_python_operator_decorator']) retrieved from /home/humbulani/miniconda3/envs/apache-airflow/lib/python3.8/site-packages/airflow/example_dags/example_branch_operator_decorator.py
[2023-03-26T22:03:18.605+0200] {logging_mixin.py:137} INFO - [2023-03-26T22:03:18.605+0200] {dag.py:2693} INFO - Sync 1 DAGs
[2023-03-26T22:03:18.625+0200] {logging_mixin.py:137} INFO - [2023-03-26T22:03:18.624+0200] {dag.py:3440} INFO - Setting next_dagrun for example_branch_python_operator_decorator to 2023-03-25T00:00:00+00:00, run_after=2023-03-26T00:00:00+00:00
[2023-03-26T22:03:18.701+0200] {processor.py:175} INFO - Processing /home/humbulani/miniconda3/envs/apache-airflow/lib/python3.8/site-packages/airflow/example_dags/example_branch_operator_decorator.py took 0.141 seconds
[2023-03-26T22:04:04.531+0200] {processor.py:153} INFO - Started process (PID=18667) to work on /home/humbulani/miniconda3/envs/apache-airflow/lib/python3.8/site-packages/airflow/example_dags/example_branch_operator_decorator.py
[2023-03-26T22:04:04.532+0200] {processor.py:743} INFO - Processing file /home/humbulani/miniconda3/envs/apache-airflow/lib/python3.8/site-packages/airflow/example_dags/example_branch_operator_decorator.py for tasks to queue
[2023-03-26T22:04:04.532+0200] {logging_mixin.py:137} INFO - [2023-03-26T22:04:04.532+0200] {dagbag.py:532} INFO - Filling up the DagBag from /home/humbulani/miniconda3/envs/apache-airflow/lib/python3.8/site-packages/airflow/example_dags/example_branch_operator_decorator.py
[2023-03-26T22:04:04.556+0200] {processor.py:753} INFO - DAG(s) dict_keys(['example_branch_python_operator_decorator']) retrieved from /home/humbulani/miniconda3/envs/apache-airflow/lib/python3.8/site-packages/airflow/example_dags/example_branch_operator_decorator.py
[2023-03-26T22:04:04.575+0200] {logging_mixin.py:137} INFO - [2023-03-26T22:04:04.574+0200] {dag.py:2693} INFO - Sync 1 DAGs
[2023-03-26T22:04:04.595+0200] {logging_mixin.py:137} INFO - [2023-03-26T22:04:04.595+0200] {dag.py:3440} INFO - Setting next_dagrun for example_branch_python_operator_decorator to 2023-03-25T00:00:00+00:00, run_after=2023-03-26T00:00:00+00:00
[2023-03-26T22:04:04.679+0200] {processor.py:175} INFO - Processing /home/humbulani/miniconda3/envs/apache-airflow/lib/python3.8/site-packages/airflow/example_dags/example_branch_operator_decorator.py took 0.150 seconds
[2023-03-26T22:04:48.652+0200] {processor.py:153} INFO - Started process (PID=18722) to work on /home/humbulani/miniconda3/envs/apache-airflow/lib/python3.8/site-packages/airflow/example_dags/example_branch_operator_decorator.py
[2023-03-26T22:04:48.655+0200] {processor.py:743} INFO - Processing file /home/humbulani/miniconda3/envs/apache-airflow/lib/python3.8/site-packages/airflow/example_dags/example_branch_operator_decorator.py for tasks to queue
[2023-03-26T22:04:48.656+0200] {logging_mixin.py:137} INFO - [2023-03-26T22:04:48.655+0200] {dagbag.py:532} INFO - Filling up the DagBag from /home/humbulani/miniconda3/envs/apache-airflow/lib/python3.8/site-packages/airflow/example_dags/example_branch_operator_decorator.py
[2023-03-26T22:04:48.679+0200] {processor.py:753} INFO - DAG(s) dict_keys(['example_branch_python_operator_decorator']) retrieved from /home/humbulani/miniconda3/envs/apache-airflow/lib/python3.8/site-packages/airflow/example_dags/example_branch_operator_decorator.py
[2023-03-26T22:04:48.697+0200] {logging_mixin.py:137} INFO - [2023-03-26T22:04:48.697+0200] {dag.py:2693} INFO - Sync 1 DAGs
[2023-03-26T22:04:48.716+0200] {logging_mixin.py:137} INFO - [2023-03-26T22:04:48.716+0200] {dag.py:3440} INFO - Setting next_dagrun for example_branch_python_operator_decorator to 2023-03-25T00:00:00+00:00, run_after=2023-03-26T00:00:00+00:00
[2023-03-26T22:04:48.807+0200] {processor.py:175} INFO - Processing /home/humbulani/miniconda3/envs/apache-airflow/lib/python3.8/site-packages/airflow/example_dags/example_branch_operator_decorator.py took 0.159 seconds
[2023-03-26T22:05:34.688+0200] {processor.py:153} INFO - Started process (PID=18775) to work on /home/humbulani/miniconda3/envs/apache-airflow/lib/python3.8/site-packages/airflow/example_dags/example_branch_operator_decorator.py
[2023-03-26T22:05:34.689+0200] {processor.py:743} INFO - Processing file /home/humbulani/miniconda3/envs/apache-airflow/lib/python3.8/site-packages/airflow/example_dags/example_branch_operator_decorator.py for tasks to queue
[2023-03-26T22:05:34.690+0200] {logging_mixin.py:137} INFO - [2023-03-26T22:05:34.690+0200] {dagbag.py:532} INFO - Filling up the DagBag from /home/humbulani/miniconda3/envs/apache-airflow/lib/python3.8/site-packages/airflow/example_dags/example_branch_operator_decorator.py
[2023-03-26T22:05:34.716+0200] {processor.py:753} INFO - DAG(s) dict_keys(['example_branch_python_operator_decorator']) retrieved from /home/humbulani/miniconda3/envs/apache-airflow/lib/python3.8/site-packages/airflow/example_dags/example_branch_operator_decorator.py
[2023-03-26T22:05:34.735+0200] {logging_mixin.py:137} INFO - [2023-03-26T22:05:34.735+0200] {dag.py:2693} INFO - Sync 1 DAGs
[2023-03-26T22:05:34.754+0200] {logging_mixin.py:137} INFO - [2023-03-26T22:05:34.754+0200] {dag.py:3440} INFO - Setting next_dagrun for example_branch_python_operator_decorator to 2023-03-25T00:00:00+00:00, run_after=2023-03-26T00:00:00+00:00
[2023-03-26T22:05:34.864+0200] {processor.py:175} INFO - Processing /home/humbulani/miniconda3/envs/apache-airflow/lib/python3.8/site-packages/airflow/example_dags/example_branch_operator_decorator.py took 0.179 seconds
[2023-03-26T22:06:18.516+0200] {processor.py:153} INFO - Started process (PID=18822) to work on /home/humbulani/miniconda3/envs/apache-airflow/lib/python3.8/site-packages/airflow/example_dags/example_branch_operator_decorator.py
[2023-03-26T22:06:18.534+0200] {processor.py:743} INFO - Processing file /home/humbulani/miniconda3/envs/apache-airflow/lib/python3.8/site-packages/airflow/example_dags/example_branch_operator_decorator.py for tasks to queue
[2023-03-26T22:06:18.535+0200] {logging_mixin.py:137} INFO - [2023-03-26T22:06:18.534+0200] {dagbag.py:532} INFO - Filling up the DagBag from /home/humbulani/miniconda3/envs/apache-airflow/lib/python3.8/site-packages/airflow/example_dags/example_branch_operator_decorator.py
[2023-03-26T22:06:18.564+0200] {processor.py:753} INFO - DAG(s) dict_keys(['example_branch_python_operator_decorator']) retrieved from /home/humbulani/miniconda3/envs/apache-airflow/lib/python3.8/site-packages/airflow/example_dags/example_branch_operator_decorator.py
[2023-03-26T22:06:18.582+0200] {logging_mixin.py:137} INFO - [2023-03-26T22:06:18.582+0200] {dag.py:2693} INFO - Sync 1 DAGs
[2023-03-26T22:06:18.603+0200] {logging_mixin.py:137} INFO - [2023-03-26T22:06:18.603+0200] {dag.py:3440} INFO - Setting next_dagrun for example_branch_python_operator_decorator to 2023-03-25T00:00:00+00:00, run_after=2023-03-26T00:00:00+00:00
[2023-03-26T22:06:18.691+0200] {processor.py:175} INFO - Processing /home/humbulani/miniconda3/envs/apache-airflow/lib/python3.8/site-packages/airflow/example_dags/example_branch_operator_decorator.py took 0.177 seconds
[2023-03-26T22:07:06.781+0200] {processor.py:153} INFO - Started process (PID=18947) to work on /home/humbulani/miniconda3/envs/apache-airflow/lib/python3.8/site-packages/airflow/example_dags/example_branch_operator_decorator.py
[2023-03-26T22:07:06.786+0200] {processor.py:743} INFO - Processing file /home/humbulani/miniconda3/envs/apache-airflow/lib/python3.8/site-packages/airflow/example_dags/example_branch_operator_decorator.py for tasks to queue
[2023-03-26T22:07:06.787+0200] {logging_mixin.py:137} INFO - [2023-03-26T22:07:06.787+0200] {dagbag.py:532} INFO - Filling up the DagBag from /home/humbulani/miniconda3/envs/apache-airflow/lib/python3.8/site-packages/airflow/example_dags/example_branch_operator_decorator.py
[2023-03-26T22:07:06.810+0200] {processor.py:753} INFO - DAG(s) dict_keys(['example_branch_python_operator_decorator']) retrieved from /home/humbulani/miniconda3/envs/apache-airflow/lib/python3.8/site-packages/airflow/example_dags/example_branch_operator_decorator.py
[2023-03-26T22:07:06.828+0200] {logging_mixin.py:137} INFO - [2023-03-26T22:07:06.828+0200] {dag.py:2693} INFO - Sync 1 DAGs
[2023-03-26T22:07:06.846+0200] {logging_mixin.py:137} INFO - [2023-03-26T22:07:06.846+0200] {dag.py:3440} INFO - Setting next_dagrun for example_branch_python_operator_decorator to 2023-03-25T00:00:00+00:00, run_after=2023-03-26T00:00:00+00:00
[2023-03-26T22:07:06.923+0200] {processor.py:175} INFO - Processing /home/humbulani/miniconda3/envs/apache-airflow/lib/python3.8/site-packages/airflow/example_dags/example_branch_operator_decorator.py took 0.144 seconds
[2023-03-26T22:07:52.220+0200] {processor.py:153} INFO - Started process (PID=19011) to work on /home/humbulani/miniconda3/envs/apache-airflow/lib/python3.8/site-packages/airflow/example_dags/example_branch_operator_decorator.py
[2023-03-26T22:07:52.233+0200] {processor.py:743} INFO - Processing file /home/humbulani/miniconda3/envs/apache-airflow/lib/python3.8/site-packages/airflow/example_dags/example_branch_operator_decorator.py for tasks to queue
[2023-03-26T22:07:52.234+0200] {logging_mixin.py:137} INFO - [2023-03-26T22:07:52.234+0200] {dagbag.py:532} INFO - Filling up the DagBag from /home/humbulani/miniconda3/envs/apache-airflow/lib/python3.8/site-packages/airflow/example_dags/example_branch_operator_decorator.py
[2023-03-26T22:07:52.259+0200] {processor.py:753} INFO - DAG(s) dict_keys(['example_branch_python_operator_decorator']) retrieved from /home/humbulani/miniconda3/envs/apache-airflow/lib/python3.8/site-packages/airflow/example_dags/example_branch_operator_decorator.py
[2023-03-26T22:07:52.280+0200] {logging_mixin.py:137} INFO - [2023-03-26T22:07:52.280+0200] {dag.py:2693} INFO - Sync 1 DAGs
[2023-03-26T22:07:52.299+0200] {logging_mixin.py:137} INFO - [2023-03-26T22:07:52.299+0200] {dag.py:3440} INFO - Setting next_dagrun for example_branch_python_operator_decorator to 2023-03-25T00:00:00+00:00, run_after=2023-03-26T00:00:00+00:00
[2023-03-26T22:07:52.377+0200] {processor.py:175} INFO - Processing /home/humbulani/miniconda3/envs/apache-airflow/lib/python3.8/site-packages/airflow/example_dags/example_branch_operator_decorator.py took 0.159 seconds
[2023-03-26T22:08:35.502+0200] {processor.py:153} INFO - Started process (PID=19059) to work on /home/humbulani/miniconda3/envs/apache-airflow/lib/python3.8/site-packages/airflow/example_dags/example_branch_operator_decorator.py
[2023-03-26T22:08:35.521+0200] {processor.py:743} INFO - Processing file /home/humbulani/miniconda3/envs/apache-airflow/lib/python3.8/site-packages/airflow/example_dags/example_branch_operator_decorator.py for tasks to queue
[2023-03-26T22:08:35.522+0200] {logging_mixin.py:137} INFO - [2023-03-26T22:08:35.521+0200] {dagbag.py:532} INFO - Filling up the DagBag from /home/humbulani/miniconda3/envs/apache-airflow/lib/python3.8/site-packages/airflow/example_dags/example_branch_operator_decorator.py
[2023-03-26T22:08:35.552+0200] {processor.py:753} INFO - DAG(s) dict_keys(['example_branch_python_operator_decorator']) retrieved from /home/humbulani/miniconda3/envs/apache-airflow/lib/python3.8/site-packages/airflow/example_dags/example_branch_operator_decorator.py
[2023-03-26T22:08:35.571+0200] {logging_mixin.py:137} INFO - [2023-03-26T22:08:35.571+0200] {dag.py:2693} INFO - Sync 1 DAGs
[2023-03-26T22:08:35.590+0200] {logging_mixin.py:137} INFO - [2023-03-26T22:08:35.590+0200] {dag.py:3440} INFO - Setting next_dagrun for example_branch_python_operator_decorator to 2023-03-25T00:00:00+00:00, run_after=2023-03-26T00:00:00+00:00
[2023-03-26T22:08:35.665+0200] {processor.py:175} INFO - Processing /home/humbulani/miniconda3/envs/apache-airflow/lib/python3.8/site-packages/airflow/example_dags/example_branch_operator_decorator.py took 0.167 seconds
[2023-03-26T22:09:24.473+0200] {processor.py:153} INFO - Started process (PID=19142) to work on /home/humbulani/miniconda3/envs/apache-airflow/lib/python3.8/site-packages/airflow/example_dags/example_branch_operator_decorator.py
[2023-03-26T22:09:24.485+0200] {processor.py:743} INFO - Processing file /home/humbulani/miniconda3/envs/apache-airflow/lib/python3.8/site-packages/airflow/example_dags/example_branch_operator_decorator.py for tasks to queue
[2023-03-26T22:09:24.486+0200] {logging_mixin.py:137} INFO - [2023-03-26T22:09:24.485+0200] {dagbag.py:532} INFO - Filling up the DagBag from /home/humbulani/miniconda3/envs/apache-airflow/lib/python3.8/site-packages/airflow/example_dags/example_branch_operator_decorator.py
[2023-03-26T22:09:24.508+0200] {processor.py:753} INFO - DAG(s) dict_keys(['example_branch_python_operator_decorator']) retrieved from /home/humbulani/miniconda3/envs/apache-airflow/lib/python3.8/site-packages/airflow/example_dags/example_branch_operator_decorator.py
[2023-03-26T22:09:24.527+0200] {logging_mixin.py:137} INFO - [2023-03-26T22:09:24.527+0200] {dag.py:2693} INFO - Sync 1 DAGs
[2023-03-26T22:09:24.545+0200] {logging_mixin.py:137} INFO - [2023-03-26T22:09:24.545+0200] {dag.py:3440} INFO - Setting next_dagrun for example_branch_python_operator_decorator to 2023-03-25T00:00:00+00:00, run_after=2023-03-26T00:00:00+00:00
[2023-03-26T22:09:24.621+0200] {processor.py:175} INFO - Processing /home/humbulani/miniconda3/envs/apache-airflow/lib/python3.8/site-packages/airflow/example_dags/example_branch_operator_decorator.py took 0.151 seconds
[2023-03-26T22:10:10.648+0200] {processor.py:153} INFO - Started process (PID=19186) to work on /home/humbulani/miniconda3/envs/apache-airflow/lib/python3.8/site-packages/airflow/example_dags/example_branch_operator_decorator.py
[2023-03-26T22:10:10.657+0200] {processor.py:743} INFO - Processing file /home/humbulani/miniconda3/envs/apache-airflow/lib/python3.8/site-packages/airflow/example_dags/example_branch_operator_decorator.py for tasks to queue
[2023-03-26T22:10:10.658+0200] {logging_mixin.py:137} INFO - [2023-03-26T22:10:10.657+0200] {dagbag.py:532} INFO - Filling up the DagBag from /home/humbulani/miniconda3/envs/apache-airflow/lib/python3.8/site-packages/airflow/example_dags/example_branch_operator_decorator.py
[2023-03-26T22:10:10.681+0200] {processor.py:753} INFO - DAG(s) dict_keys(['example_branch_python_operator_decorator']) retrieved from /home/humbulani/miniconda3/envs/apache-airflow/lib/python3.8/site-packages/airflow/example_dags/example_branch_operator_decorator.py
[2023-03-26T22:10:10.700+0200] {logging_mixin.py:137} INFO - [2023-03-26T22:10:10.700+0200] {dag.py:2693} INFO - Sync 1 DAGs
[2023-03-26T22:10:10.719+0200] {logging_mixin.py:137} INFO - [2023-03-26T22:10:10.719+0200] {dag.py:3440} INFO - Setting next_dagrun for example_branch_python_operator_decorator to 2023-03-25T00:00:00+00:00, run_after=2023-03-26T00:00:00+00:00
[2023-03-26T22:10:10.794+0200] {processor.py:175} INFO - Processing /home/humbulani/miniconda3/envs/apache-airflow/lib/python3.8/site-packages/airflow/example_dags/example_branch_operator_decorator.py took 0.148 seconds
[2023-03-26T22:10:54.268+0200] {processor.py:153} INFO - Started process (PID=19314) to work on /home/humbulani/miniconda3/envs/apache-airflow/lib/python3.8/site-packages/airflow/example_dags/example_branch_operator_decorator.py
[2023-03-26T22:10:54.284+0200] {processor.py:743} INFO - Processing file /home/humbulani/miniconda3/envs/apache-airflow/lib/python3.8/site-packages/airflow/example_dags/example_branch_operator_decorator.py for tasks to queue
[2023-03-26T22:10:54.284+0200] {logging_mixin.py:137} INFO - [2023-03-26T22:10:54.284+0200] {dagbag.py:532} INFO - Filling up the DagBag from /home/humbulani/miniconda3/envs/apache-airflow/lib/python3.8/site-packages/airflow/example_dags/example_branch_operator_decorator.py
[2023-03-26T22:10:54.314+0200] {processor.py:753} INFO - DAG(s) dict_keys(['example_branch_python_operator_decorator']) retrieved from /home/humbulani/miniconda3/envs/apache-airflow/lib/python3.8/site-packages/airflow/example_dags/example_branch_operator_decorator.py
[2023-03-26T22:10:54.332+0200] {logging_mixin.py:137} INFO - [2023-03-26T22:10:54.332+0200] {dag.py:2693} INFO - Sync 1 DAGs
[2023-03-26T22:10:54.351+0200] {logging_mixin.py:137} INFO - [2023-03-26T22:10:54.351+0200] {dag.py:3440} INFO - Setting next_dagrun for example_branch_python_operator_decorator to 2023-03-25T00:00:00+00:00, run_after=2023-03-26T00:00:00+00:00
[2023-03-26T22:10:54.432+0200] {processor.py:175} INFO - Processing /home/humbulani/miniconda3/envs/apache-airflow/lib/python3.8/site-packages/airflow/example_dags/example_branch_operator_decorator.py took 0.167 seconds
[2023-03-26T22:11:41.682+0200] {processor.py:153} INFO - Started process (PID=19357) to work on /home/humbulani/miniconda3/envs/apache-airflow/lib/python3.8/site-packages/airflow/example_dags/example_branch_operator_decorator.py
[2023-03-26T22:11:41.683+0200] {processor.py:743} INFO - Processing file /home/humbulani/miniconda3/envs/apache-airflow/lib/python3.8/site-packages/airflow/example_dags/example_branch_operator_decorator.py for tasks to queue
[2023-03-26T22:11:41.684+0200] {logging_mixin.py:137} INFO - [2023-03-26T22:11:41.684+0200] {dagbag.py:532} INFO - Filling up the DagBag from /home/humbulani/miniconda3/envs/apache-airflow/lib/python3.8/site-packages/airflow/example_dags/example_branch_operator_decorator.py
[2023-03-26T22:11:41.707+0200] {processor.py:753} INFO - DAG(s) dict_keys(['example_branch_python_operator_decorator']) retrieved from /home/humbulani/miniconda3/envs/apache-airflow/lib/python3.8/site-packages/airflow/example_dags/example_branch_operator_decorator.py
[2023-03-26T22:11:41.726+0200] {logging_mixin.py:137} INFO - [2023-03-26T22:11:41.726+0200] {dag.py:2693} INFO - Sync 1 DAGs
[2023-03-26T22:11:41.746+0200] {logging_mixin.py:137} INFO - [2023-03-26T22:11:41.746+0200] {dag.py:3440} INFO - Setting next_dagrun for example_branch_python_operator_decorator to 2023-03-25T00:00:00+00:00, run_after=2023-03-26T00:00:00+00:00
[2023-03-26T22:11:41.828+0200] {processor.py:175} INFO - Processing /home/humbulani/miniconda3/envs/apache-airflow/lib/python3.8/site-packages/airflow/example_dags/example_branch_operator_decorator.py took 0.148 seconds
[2023-03-26T22:12:26.495+0200] {processor.py:153} INFO - Started process (PID=19402) to work on /home/humbulani/miniconda3/envs/apache-airflow/lib/python3.8/site-packages/airflow/example_dags/example_branch_operator_decorator.py
[2023-03-26T22:12:26.497+0200] {processor.py:743} INFO - Processing file /home/humbulani/miniconda3/envs/apache-airflow/lib/python3.8/site-packages/airflow/example_dags/example_branch_operator_decorator.py for tasks to queue
[2023-03-26T22:12:26.498+0200] {logging_mixin.py:137} INFO - [2023-03-26T22:12:26.498+0200] {dagbag.py:532} INFO - Filling up the DagBag from /home/humbulani/miniconda3/envs/apache-airflow/lib/python3.8/site-packages/airflow/example_dags/example_branch_operator_decorator.py
[2023-03-26T22:12:26.523+0200] {processor.py:753} INFO - DAG(s) dict_keys(['example_branch_python_operator_decorator']) retrieved from /home/humbulani/miniconda3/envs/apache-airflow/lib/python3.8/site-packages/airflow/example_dags/example_branch_operator_decorator.py
[2023-03-26T22:12:26.541+0200] {logging_mixin.py:137} INFO - [2023-03-26T22:12:26.541+0200] {dag.py:2693} INFO - Sync 1 DAGs
[2023-03-26T22:12:26.560+0200] {logging_mixin.py:137} INFO - [2023-03-26T22:12:26.560+0200] {dag.py:3440} INFO - Setting next_dagrun for example_branch_python_operator_decorator to 2023-03-25T00:00:00+00:00, run_after=2023-03-26T00:00:00+00:00
[2023-03-26T22:12:26.642+0200] {processor.py:175} INFO - Processing /home/humbulani/miniconda3/envs/apache-airflow/lib/python3.8/site-packages/airflow/example_dags/example_branch_operator_decorator.py took 0.149 seconds
[2023-03-26T22:13:11.792+0200] {processor.py:153} INFO - Started process (PID=19511) to work on /home/humbulani/miniconda3/envs/apache-airflow/lib/python3.8/site-packages/airflow/example_dags/example_branch_operator_decorator.py
[2023-03-26T22:13:11.803+0200] {processor.py:743} INFO - Processing file /home/humbulani/miniconda3/envs/apache-airflow/lib/python3.8/site-packages/airflow/example_dags/example_branch_operator_decorator.py for tasks to queue
[2023-03-26T22:13:11.803+0200] {logging_mixin.py:137} INFO - [2023-03-26T22:13:11.803+0200] {dagbag.py:532} INFO - Filling up the DagBag from /home/humbulani/miniconda3/envs/apache-airflow/lib/python3.8/site-packages/airflow/example_dags/example_branch_operator_decorator.py
[2023-03-26T22:13:11.833+0200] {processor.py:753} INFO - DAG(s) dict_keys(['example_branch_python_operator_decorator']) retrieved from /home/humbulani/miniconda3/envs/apache-airflow/lib/python3.8/site-packages/airflow/example_dags/example_branch_operator_decorator.py
[2023-03-26T22:13:11.851+0200] {logging_mixin.py:137} INFO - [2023-03-26T22:13:11.851+0200] {dag.py:2693} INFO - Sync 1 DAGs
[2023-03-26T22:13:11.869+0200] {logging_mixin.py:137} INFO - [2023-03-26T22:13:11.869+0200] {dag.py:3440} INFO - Setting next_dagrun for example_branch_python_operator_decorator to 2023-03-25T00:00:00+00:00, run_after=2023-03-26T00:00:00+00:00
[2023-03-26T22:13:11.939+0200] {processor.py:175} INFO - Processing /home/humbulani/miniconda3/envs/apache-airflow/lib/python3.8/site-packages/airflow/example_dags/example_branch_operator_decorator.py took 0.150 seconds
[2023-03-26T22:13:59.410+0200] {processor.py:153} INFO - Started process (PID=19556) to work on /home/humbulani/miniconda3/envs/apache-airflow/lib/python3.8/site-packages/airflow/example_dags/example_branch_operator_decorator.py
[2023-03-26T22:13:59.416+0200] {processor.py:743} INFO - Processing file /home/humbulani/miniconda3/envs/apache-airflow/lib/python3.8/site-packages/airflow/example_dags/example_branch_operator_decorator.py for tasks to queue
[2023-03-26T22:13:59.417+0200] {logging_mixin.py:137} INFO - [2023-03-26T22:13:59.417+0200] {dagbag.py:532} INFO - Filling up the DagBag from /home/humbulani/miniconda3/envs/apache-airflow/lib/python3.8/site-packages/airflow/example_dags/example_branch_operator_decorator.py
[2023-03-26T22:13:59.440+0200] {processor.py:753} INFO - DAG(s) dict_keys(['example_branch_python_operator_decorator']) retrieved from /home/humbulani/miniconda3/envs/apache-airflow/lib/python3.8/site-packages/airflow/example_dags/example_branch_operator_decorator.py
[2023-03-26T22:13:59.460+0200] {logging_mixin.py:137} INFO - [2023-03-26T22:13:59.460+0200] {dag.py:2693} INFO - Sync 1 DAGs
[2023-03-26T22:13:59.480+0200] {logging_mixin.py:137} INFO - [2023-03-26T22:13:59.480+0200] {dag.py:3440} INFO - Setting next_dagrun for example_branch_python_operator_decorator to 2023-03-25T00:00:00+00:00, run_after=2023-03-26T00:00:00+00:00
[2023-03-26T22:13:59.551+0200] {processor.py:175} INFO - Processing /home/humbulani/miniconda3/envs/apache-airflow/lib/python3.8/site-packages/airflow/example_dags/example_branch_operator_decorator.py took 0.143 seconds
[2023-03-26T22:14:47.475+0200] {processor.py:153} INFO - Started process (PID=19598) to work on /home/humbulani/miniconda3/envs/apache-airflow/lib/python3.8/site-packages/airflow/example_dags/example_branch_operator_decorator.py
[2023-03-26T22:14:47.476+0200] {processor.py:743} INFO - Processing file /home/humbulani/miniconda3/envs/apache-airflow/lib/python3.8/site-packages/airflow/example_dags/example_branch_operator_decorator.py for tasks to queue
[2023-03-26T22:14:47.476+0200] {logging_mixin.py:137} INFO - [2023-03-26T22:14:47.476+0200] {dagbag.py:532} INFO - Filling up the DagBag from /home/humbulani/miniconda3/envs/apache-airflow/lib/python3.8/site-packages/airflow/example_dags/example_branch_operator_decorator.py
[2023-03-26T22:14:47.502+0200] {processor.py:753} INFO - DAG(s) dict_keys(['example_branch_python_operator_decorator']) retrieved from /home/humbulani/miniconda3/envs/apache-airflow/lib/python3.8/site-packages/airflow/example_dags/example_branch_operator_decorator.py
[2023-03-26T22:14:47.521+0200] {logging_mixin.py:137} INFO - [2023-03-26T22:14:47.521+0200] {dag.py:2693} INFO - Sync 1 DAGs
[2023-03-26T22:14:47.542+0200] {logging_mixin.py:137} INFO - [2023-03-26T22:14:47.542+0200] {dag.py:3440} INFO - Setting next_dagrun for example_branch_python_operator_decorator to 2023-03-25T00:00:00+00:00, run_after=2023-03-26T00:00:00+00:00
[2023-03-26T22:14:47.650+0200] {processor.py:175} INFO - Processing /home/humbulani/miniconda3/envs/apache-airflow/lib/python3.8/site-packages/airflow/example_dags/example_branch_operator_decorator.py took 0.177 seconds
[2023-03-26T22:15:35.279+0200] {processor.py:153} INFO - Started process (PID=19708) to work on /home/humbulani/miniconda3/envs/apache-airflow/lib/python3.8/site-packages/airflow/example_dags/example_branch_operator_decorator.py
[2023-03-26T22:15:35.283+0200] {processor.py:743} INFO - Processing file /home/humbulani/miniconda3/envs/apache-airflow/lib/python3.8/site-packages/airflow/example_dags/example_branch_operator_decorator.py for tasks to queue
[2023-03-26T22:15:35.283+0200] {logging_mixin.py:137} INFO - [2023-03-26T22:15:35.283+0200] {dagbag.py:532} INFO - Filling up the DagBag from /home/humbulani/miniconda3/envs/apache-airflow/lib/python3.8/site-packages/airflow/example_dags/example_branch_operator_decorator.py
[2023-03-26T22:15:35.307+0200] {processor.py:753} INFO - DAG(s) dict_keys(['example_branch_python_operator_decorator']) retrieved from /home/humbulani/miniconda3/envs/apache-airflow/lib/python3.8/site-packages/airflow/example_dags/example_branch_operator_decorator.py
[2023-03-26T22:15:35.326+0200] {logging_mixin.py:137} INFO - [2023-03-26T22:15:35.326+0200] {dag.py:2693} INFO - Sync 1 DAGs
[2023-03-26T22:15:35.346+0200] {logging_mixin.py:137} INFO - [2023-03-26T22:15:35.346+0200] {dag.py:3440} INFO - Setting next_dagrun for example_branch_python_operator_decorator to 2023-03-25T00:00:00+00:00, run_after=2023-03-26T00:00:00+00:00
[2023-03-26T22:15:35.428+0200] {processor.py:175} INFO - Processing /home/humbulani/miniconda3/envs/apache-airflow/lib/python3.8/site-packages/airflow/example_dags/example_branch_operator_decorator.py took 0.151 seconds
[2023-03-26T22:16:22.263+0200] {processor.py:153} INFO - Started process (PID=19819) to work on /home/humbulani/miniconda3/envs/apache-airflow/lib/python3.8/site-packages/airflow/example_dags/example_branch_operator_decorator.py
[2023-03-26T22:16:22.271+0200] {processor.py:743} INFO - Processing file /home/humbulani/miniconda3/envs/apache-airflow/lib/python3.8/site-packages/airflow/example_dags/example_branch_operator_decorator.py for tasks to queue
[2023-03-26T22:16:22.272+0200] {logging_mixin.py:137} INFO - [2023-03-26T22:16:22.271+0200] {dagbag.py:532} INFO - Filling up the DagBag from /home/humbulani/miniconda3/envs/apache-airflow/lib/python3.8/site-packages/airflow/example_dags/example_branch_operator_decorator.py
[2023-03-26T22:16:22.296+0200] {processor.py:753} INFO - DAG(s) dict_keys(['example_branch_python_operator_decorator']) retrieved from /home/humbulani/miniconda3/envs/apache-airflow/lib/python3.8/site-packages/airflow/example_dags/example_branch_operator_decorator.py
[2023-03-26T22:16:22.315+0200] {logging_mixin.py:137} INFO - [2023-03-26T22:16:22.315+0200] {dag.py:2693} INFO - Sync 1 DAGs
[2023-03-26T22:16:22.415+0200] {logging_mixin.py:137} INFO - [2023-03-26T22:16:22.415+0200] {dag.py:3440} INFO - Setting next_dagrun for example_branch_python_operator_decorator to 2023-03-25T00:00:00+00:00, run_after=2023-03-26T00:00:00+00:00
[2023-03-26T22:16:22.499+0200] {processor.py:175} INFO - Processing /home/humbulani/miniconda3/envs/apache-airflow/lib/python3.8/site-packages/airflow/example_dags/example_branch_operator_decorator.py took 0.238 seconds
[2023-03-26T22:17:13.736+0200] {processor.py:153} INFO - Started process (PID=19866) to work on /home/humbulani/miniconda3/envs/apache-airflow/lib/python3.8/site-packages/airflow/example_dags/example_branch_operator_decorator.py
[2023-03-26T22:17:13.744+0200] {processor.py:743} INFO - Processing file /home/humbulani/miniconda3/envs/apache-airflow/lib/python3.8/site-packages/airflow/example_dags/example_branch_operator_decorator.py for tasks to queue
[2023-03-26T22:17:13.745+0200] {logging_mixin.py:137} INFO - [2023-03-26T22:17:13.745+0200] {dagbag.py:532} INFO - Filling up the DagBag from /home/humbulani/miniconda3/envs/apache-airflow/lib/python3.8/site-packages/airflow/example_dags/example_branch_operator_decorator.py
[2023-03-26T22:17:13.772+0200] {processor.py:753} INFO - DAG(s) dict_keys(['example_branch_python_operator_decorator']) retrieved from /home/humbulani/miniconda3/envs/apache-airflow/lib/python3.8/site-packages/airflow/example_dags/example_branch_operator_decorator.py
[2023-03-26T22:17:13.790+0200] {logging_mixin.py:137} INFO - [2023-03-26T22:17:13.790+0200] {dag.py:2693} INFO - Sync 1 DAGs
[2023-03-26T22:17:13.809+0200] {logging_mixin.py:137} INFO - [2023-03-26T22:17:13.809+0200] {dag.py:3440} INFO - Setting next_dagrun for example_branch_python_operator_decorator to 2023-03-25T00:00:00+00:00, run_after=2023-03-26T00:00:00+00:00
[2023-03-26T22:17:13.887+0200] {processor.py:175} INFO - Processing /home/humbulani/miniconda3/envs/apache-airflow/lib/python3.8/site-packages/airflow/example_dags/example_branch_operator_decorator.py took 0.154 seconds
[2023-03-26T22:17:56.073+0200] {processor.py:153} INFO - Started process (PID=19913) to work on /home/humbulani/miniconda3/envs/apache-airflow/lib/python3.8/site-packages/airflow/example_dags/example_branch_operator_decorator.py
[2023-03-26T22:17:56.090+0200] {processor.py:743} INFO - Processing file /home/humbulani/miniconda3/envs/apache-airflow/lib/python3.8/site-packages/airflow/example_dags/example_branch_operator_decorator.py for tasks to queue
[2023-03-26T22:17:56.090+0200] {logging_mixin.py:137} INFO - [2023-03-26T22:17:56.090+0200] {dagbag.py:532} INFO - Filling up the DagBag from /home/humbulani/miniconda3/envs/apache-airflow/lib/python3.8/site-packages/airflow/example_dags/example_branch_operator_decorator.py
[2023-03-26T22:17:56.114+0200] {processor.py:753} INFO - DAG(s) dict_keys(['example_branch_python_operator_decorator']) retrieved from /home/humbulani/miniconda3/envs/apache-airflow/lib/python3.8/site-packages/airflow/example_dags/example_branch_operator_decorator.py
[2023-03-26T22:17:56.133+0200] {logging_mixin.py:137} INFO - [2023-03-26T22:17:56.133+0200] {dag.py:2693} INFO - Sync 1 DAGs
[2023-03-26T22:17:56.151+0200] {logging_mixin.py:137} INFO - [2023-03-26T22:17:56.151+0200] {dag.py:3440} INFO - Setting next_dagrun for example_branch_python_operator_decorator to 2023-03-25T00:00:00+00:00, run_after=2023-03-26T00:00:00+00:00
[2023-03-26T22:17:56.294+0200] {processor.py:175} INFO - Processing /home/humbulani/miniconda3/envs/apache-airflow/lib/python3.8/site-packages/airflow/example_dags/example_branch_operator_decorator.py took 0.223 seconds
[2023-03-26T22:18:41.347+0200] {processor.py:153} INFO - Started process (PID=20024) to work on /home/humbulani/miniconda3/envs/apache-airflow/lib/python3.8/site-packages/airflow/example_dags/example_branch_operator_decorator.py
[2023-03-26T22:18:41.359+0200] {processor.py:743} INFO - Processing file /home/humbulani/miniconda3/envs/apache-airflow/lib/python3.8/site-packages/airflow/example_dags/example_branch_operator_decorator.py for tasks to queue
[2023-03-26T22:18:41.359+0200] {logging_mixin.py:137} INFO - [2023-03-26T22:18:41.359+0200] {dagbag.py:532} INFO - Filling up the DagBag from /home/humbulani/miniconda3/envs/apache-airflow/lib/python3.8/site-packages/airflow/example_dags/example_branch_operator_decorator.py
[2023-03-26T22:18:41.383+0200] {processor.py:753} INFO - DAG(s) dict_keys(['example_branch_python_operator_decorator']) retrieved from /home/humbulani/miniconda3/envs/apache-airflow/lib/python3.8/site-packages/airflow/example_dags/example_branch_operator_decorator.py
[2023-03-26T22:18:41.401+0200] {logging_mixin.py:137} INFO - [2023-03-26T22:18:41.401+0200] {dag.py:2693} INFO - Sync 1 DAGs
[2023-03-26T22:18:41.419+0200] {logging_mixin.py:137} INFO - [2023-03-26T22:18:41.419+0200] {dag.py:3440} INFO - Setting next_dagrun for example_branch_python_operator_decorator to 2023-03-25T00:00:00+00:00, run_after=2023-03-26T00:00:00+00:00
[2023-03-26T22:18:41.539+0200] {processor.py:175} INFO - Processing /home/humbulani/miniconda3/envs/apache-airflow/lib/python3.8/site-packages/airflow/example_dags/example_branch_operator_decorator.py took 0.195 seconds
[2023-03-26T22:19:26.632+0200] {processor.py:153} INFO - Started process (PID=20132) to work on /home/humbulani/miniconda3/envs/apache-airflow/lib/python3.8/site-packages/airflow/example_dags/example_branch_operator_decorator.py
[2023-03-26T22:19:26.647+0200] {processor.py:743} INFO - Processing file /home/humbulani/miniconda3/envs/apache-airflow/lib/python3.8/site-packages/airflow/example_dags/example_branch_operator_decorator.py for tasks to queue
[2023-03-26T22:19:26.647+0200] {logging_mixin.py:137} INFO - [2023-03-26T22:19:26.647+0200] {dagbag.py:532} INFO - Filling up the DagBag from /home/humbulani/miniconda3/envs/apache-airflow/lib/python3.8/site-packages/airflow/example_dags/example_branch_operator_decorator.py
[2023-03-26T22:19:26.670+0200] {processor.py:753} INFO - DAG(s) dict_keys(['example_branch_python_operator_decorator']) retrieved from /home/humbulani/miniconda3/envs/apache-airflow/lib/python3.8/site-packages/airflow/example_dags/example_branch_operator_decorator.py
[2023-03-26T22:19:26.688+0200] {logging_mixin.py:137} INFO - [2023-03-26T22:19:26.688+0200] {dag.py:2693} INFO - Sync 1 DAGs
[2023-03-26T22:19:26.706+0200] {logging_mixin.py:137} INFO - [2023-03-26T22:19:26.706+0200] {dag.py:3440} INFO - Setting next_dagrun for example_branch_python_operator_decorator to 2023-03-25T00:00:00+00:00, run_after=2023-03-26T00:00:00+00:00
[2023-03-26T22:19:26.791+0200] {processor.py:175} INFO - Processing /home/humbulani/miniconda3/envs/apache-airflow/lib/python3.8/site-packages/airflow/example_dags/example_branch_operator_decorator.py took 0.163 seconds
[2023-03-26T22:20:10.756+0200] {processor.py:153} INFO - Started process (PID=20178) to work on /home/humbulani/miniconda3/envs/apache-airflow/lib/python3.8/site-packages/airflow/example_dags/example_branch_operator_decorator.py
[2023-03-26T22:20:10.793+0200] {processor.py:743} INFO - Processing file /home/humbulani/miniconda3/envs/apache-airflow/lib/python3.8/site-packages/airflow/example_dags/example_branch_operator_decorator.py for tasks to queue
[2023-03-26T22:20:10.793+0200] {logging_mixin.py:137} INFO - [2023-03-26T22:20:10.793+0200] {dagbag.py:532} INFO - Filling up the DagBag from /home/humbulani/miniconda3/envs/apache-airflow/lib/python3.8/site-packages/airflow/example_dags/example_branch_operator_decorator.py
[2023-03-26T22:20:10.816+0200] {processor.py:753} INFO - DAG(s) dict_keys(['example_branch_python_operator_decorator']) retrieved from /home/humbulani/miniconda3/envs/apache-airflow/lib/python3.8/site-packages/airflow/example_dags/example_branch_operator_decorator.py
[2023-03-26T22:20:10.834+0200] {logging_mixin.py:137} INFO - [2023-03-26T22:20:10.834+0200] {dag.py:2693} INFO - Sync 1 DAGs
[2023-03-26T22:20:10.854+0200] {logging_mixin.py:137} INFO - [2023-03-26T22:20:10.854+0200] {dag.py:3440} INFO - Setting next_dagrun for example_branch_python_operator_decorator to 2023-03-25T00:00:00+00:00, run_after=2023-03-26T00:00:00+00:00
[2023-03-26T22:20:10.929+0200] {processor.py:175} INFO - Processing /home/humbulani/miniconda3/envs/apache-airflow/lib/python3.8/site-packages/airflow/example_dags/example_branch_operator_decorator.py took 0.175 seconds
[2023-03-26T22:20:55.769+0200] {processor.py:153} INFO - Started process (PID=20265) to work on /home/humbulani/miniconda3/envs/apache-airflow/lib/python3.8/site-packages/airflow/example_dags/example_branch_operator_decorator.py
[2023-03-26T22:20:55.786+0200] {processor.py:743} INFO - Processing file /home/humbulani/miniconda3/envs/apache-airflow/lib/python3.8/site-packages/airflow/example_dags/example_branch_operator_decorator.py for tasks to queue
[2023-03-26T22:20:55.787+0200] {logging_mixin.py:137} INFO - [2023-03-26T22:20:55.787+0200] {dagbag.py:532} INFO - Filling up the DagBag from /home/humbulani/miniconda3/envs/apache-airflow/lib/python3.8/site-packages/airflow/example_dags/example_branch_operator_decorator.py
[2023-03-26T22:20:55.813+0200] {processor.py:753} INFO - DAG(s) dict_keys(['example_branch_python_operator_decorator']) retrieved from /home/humbulani/miniconda3/envs/apache-airflow/lib/python3.8/site-packages/airflow/example_dags/example_branch_operator_decorator.py
[2023-03-26T22:20:55.840+0200] {logging_mixin.py:137} INFO - [2023-03-26T22:20:55.840+0200] {dag.py:2693} INFO - Sync 1 DAGs
[2023-03-26T22:20:55.866+0200] {logging_mixin.py:137} INFO - [2023-03-26T22:20:55.866+0200] {dag.py:3440} INFO - Setting next_dagrun for example_branch_python_operator_decorator to 2023-03-25T00:00:00+00:00, run_after=2023-03-26T00:00:00+00:00
[2023-03-26T22:20:55.945+0200] {processor.py:175} INFO - Processing /home/humbulani/miniconda3/envs/apache-airflow/lib/python3.8/site-packages/airflow/example_dags/example_branch_operator_decorator.py took 0.178 seconds
[2023-03-26T22:21:41.682+0200] {processor.py:153} INFO - Started process (PID=20311) to work on /home/humbulani/miniconda3/envs/apache-airflow/lib/python3.8/site-packages/airflow/example_dags/example_branch_operator_decorator.py
[2023-03-26T22:21:41.699+0200] {processor.py:743} INFO - Processing file /home/humbulani/miniconda3/envs/apache-airflow/lib/python3.8/site-packages/airflow/example_dags/example_branch_operator_decorator.py for tasks to queue
[2023-03-26T22:21:41.699+0200] {logging_mixin.py:137} INFO - [2023-03-26T22:21:41.699+0200] {dagbag.py:532} INFO - Filling up the DagBag from /home/humbulani/miniconda3/envs/apache-airflow/lib/python3.8/site-packages/airflow/example_dags/example_branch_operator_decorator.py
[2023-03-26T22:21:41.723+0200] {processor.py:753} INFO - DAG(s) dict_keys(['example_branch_python_operator_decorator']) retrieved from /home/humbulani/miniconda3/envs/apache-airflow/lib/python3.8/site-packages/airflow/example_dags/example_branch_operator_decorator.py
[2023-03-26T22:21:41.744+0200] {logging_mixin.py:137} INFO - [2023-03-26T22:21:41.744+0200] {dag.py:2693} INFO - Sync 1 DAGs
[2023-03-26T22:21:41.763+0200] {logging_mixin.py:137} INFO - [2023-03-26T22:21:41.763+0200] {dag.py:3440} INFO - Setting next_dagrun for example_branch_python_operator_decorator to 2023-03-25T00:00:00+00:00, run_after=2023-03-26T00:00:00+00:00
[2023-03-26T22:21:41.846+0200] {processor.py:175} INFO - Processing /home/humbulani/miniconda3/envs/apache-airflow/lib/python3.8/site-packages/airflow/example_dags/example_branch_operator_decorator.py took 0.167 seconds
[2023-03-26T22:22:26.702+0200] {processor.py:153} INFO - Started process (PID=20355) to work on /home/humbulani/miniconda3/envs/apache-airflow/lib/python3.8/site-packages/airflow/example_dags/example_branch_operator_decorator.py
[2023-03-26T22:22:26.711+0200] {processor.py:743} INFO - Processing file /home/humbulani/miniconda3/envs/apache-airflow/lib/python3.8/site-packages/airflow/example_dags/example_branch_operator_decorator.py for tasks to queue
[2023-03-26T22:22:26.712+0200] {logging_mixin.py:137} INFO - [2023-03-26T22:22:26.712+0200] {dagbag.py:532} INFO - Filling up the DagBag from /home/humbulani/miniconda3/envs/apache-airflow/lib/python3.8/site-packages/airflow/example_dags/example_branch_operator_decorator.py
[2023-03-26T22:22:26.740+0200] {processor.py:753} INFO - DAG(s) dict_keys(['example_branch_python_operator_decorator']) retrieved from /home/humbulani/miniconda3/envs/apache-airflow/lib/python3.8/site-packages/airflow/example_dags/example_branch_operator_decorator.py
[2023-03-26T22:22:26.758+0200] {logging_mixin.py:137} INFO - [2023-03-26T22:22:26.758+0200] {dag.py:2693} INFO - Sync 1 DAGs
[2023-03-26T22:22:26.776+0200] {logging_mixin.py:137} INFO - [2023-03-26T22:22:26.776+0200] {dag.py:3440} INFO - Setting next_dagrun for example_branch_python_operator_decorator to 2023-03-25T00:00:00+00:00, run_after=2023-03-26T00:00:00+00:00
[2023-03-26T22:22:26.850+0200] {processor.py:175} INFO - Processing /home/humbulani/miniconda3/envs/apache-airflow/lib/python3.8/site-packages/airflow/example_dags/example_branch_operator_decorator.py took 0.151 seconds
[2023-03-26T22:23:13.819+0200] {processor.py:153} INFO - Started process (PID=20398) to work on /home/humbulani/miniconda3/envs/apache-airflow/lib/python3.8/site-packages/airflow/example_dags/example_branch_operator_decorator.py
[2023-03-26T22:23:13.848+0200] {processor.py:743} INFO - Processing file /home/humbulani/miniconda3/envs/apache-airflow/lib/python3.8/site-packages/airflow/example_dags/example_branch_operator_decorator.py for tasks to queue
[2023-03-26T22:23:13.849+0200] {logging_mixin.py:137} INFO - [2023-03-26T22:23:13.849+0200] {dagbag.py:532} INFO - Filling up the DagBag from /home/humbulani/miniconda3/envs/apache-airflow/lib/python3.8/site-packages/airflow/example_dags/example_branch_operator_decorator.py
[2023-03-26T22:23:13.872+0200] {processor.py:753} INFO - DAG(s) dict_keys(['example_branch_python_operator_decorator']) retrieved from /home/humbulani/miniconda3/envs/apache-airflow/lib/python3.8/site-packages/airflow/example_dags/example_branch_operator_decorator.py
[2023-03-26T22:23:13.890+0200] {logging_mixin.py:137} INFO - [2023-03-26T22:23:13.890+0200] {dag.py:2693} INFO - Sync 1 DAGs
[2023-03-26T22:23:13.908+0200] {logging_mixin.py:137} INFO - [2023-03-26T22:23:13.908+0200] {dag.py:3440} INFO - Setting next_dagrun for example_branch_python_operator_decorator to 2023-03-25T00:00:00+00:00, run_after=2023-03-26T00:00:00+00:00
[2023-03-26T22:23:13.996+0200] {processor.py:175} INFO - Processing /home/humbulani/miniconda3/envs/apache-airflow/lib/python3.8/site-packages/airflow/example_dags/example_branch_operator_decorator.py took 0.179 seconds
