[2023-03-26T21:39:43.644+0200] {processor.py:153} INFO - Started process (PID=16656) to work on /home/humbulani/miniconda3/envs/apache-airflow/lib/python3.8/site-packages/airflow/example_dags/example_skip_dag.py
[2023-03-26T21:39:43.645+0200] {processor.py:743} INFO - Processing file /home/humbulani/miniconda3/envs/apache-airflow/lib/python3.8/site-packages/airflow/example_dags/example_skip_dag.py for tasks to queue
[2023-03-26T21:39:43.646+0200] {logging_mixin.py:137} INFO - [2023-03-26T21:39:43.646+0200] {dagbag.py:532} INFO - Filling up the DagBag from /home/humbulani/miniconda3/envs/apache-airflow/lib/python3.8/site-packages/airflow/example_dags/example_skip_dag.py
[2023-03-26T21:39:43.659+0200] {processor.py:753} INFO - DAG(s) dict_keys(['example_skip_dag']) retrieved from /home/humbulani/miniconda3/envs/apache-airflow/lib/python3.8/site-packages/airflow/example_dags/example_skip_dag.py
[2023-03-26T21:39:43.891+0200] {logging_mixin.py:137} INFO - [2023-03-26T21:39:43.890+0200] {manager.py:504} INFO - Created Permission View: can edit on DAG:example_skip_dag
[2023-03-26T21:39:43.958+0200] {logging_mixin.py:137} INFO - [2023-03-26T21:39:43.958+0200] {manager.py:504} INFO - Created Permission View: can read on DAG:example_skip_dag
[2023-03-26T21:39:44.025+0200] {logging_mixin.py:137} INFO - [2023-03-26T21:39:44.024+0200] {manager.py:504} INFO - Created Permission View: can delete on DAG:example_skip_dag
[2023-03-26T21:39:44.025+0200] {logging_mixin.py:137} INFO - [2023-03-26T21:39:44.025+0200] {dag.py:2693} INFO - Sync 1 DAGs
[2023-03-26T21:39:44.034+0200] {logging_mixin.py:137} INFO - [2023-03-26T21:39:44.034+0200] {dag.py:2714} INFO - Creating ORM DAG for example_skip_dag
[2023-03-26T21:39:44.042+0200] {logging_mixin.py:137} INFO - [2023-03-26T21:39:44.042+0200] {dag.py:3440} INFO - Setting next_dagrun for example_skip_dag to 2023-03-25T19:39:44.041967+00:00, run_after=2023-03-26T19:39:44.041967+00:00
[2023-03-26T21:39:44.161+0200] {processor.py:175} INFO - Processing /home/humbulani/miniconda3/envs/apache-airflow/lib/python3.8/site-packages/airflow/example_dags/example_skip_dag.py took 0.519 seconds
[2023-03-26T21:40:41.181+0200] {processor.py:153} INFO - Started process (PID=16756) to work on /home/humbulani/miniconda3/envs/apache-airflow/lib/python3.8/site-packages/airflow/example_dags/example_skip_dag.py
[2023-03-26T21:40:41.186+0200] {processor.py:743} INFO - Processing file /home/humbulani/miniconda3/envs/apache-airflow/lib/python3.8/site-packages/airflow/example_dags/example_skip_dag.py for tasks to queue
[2023-03-26T21:40:41.186+0200] {logging_mixin.py:137} INFO - [2023-03-26T21:40:41.186+0200] {dagbag.py:532} INFO - Filling up the DagBag from /home/humbulani/miniconda3/envs/apache-airflow/lib/python3.8/site-packages/airflow/example_dags/example_skip_dag.py
[2023-03-26T21:40:41.198+0200] {processor.py:753} INFO - DAG(s) dict_keys(['example_skip_dag']) retrieved from /home/humbulani/miniconda3/envs/apache-airflow/lib/python3.8/site-packages/airflow/example_dags/example_skip_dag.py
[2023-03-26T21:40:41.216+0200] {logging_mixin.py:137} INFO - [2023-03-26T21:40:41.216+0200] {dag.py:2693} INFO - Sync 1 DAGs
[2023-03-26T21:40:41.236+0200] {logging_mixin.py:137} INFO - [2023-03-26T21:40:41.236+0200] {dag.py:3440} INFO - Setting next_dagrun for example_skip_dag to 2023-03-25T19:40:41.236355+00:00, run_after=2023-03-26T19:40:41.236355+00:00
[2023-03-26T21:40:41.327+0200] {processor.py:175} INFO - Processing /home/humbulani/miniconda3/envs/apache-airflow/lib/python3.8/site-packages/airflow/example_dags/example_skip_dag.py took 0.148 seconds
[2023-03-26T21:48:10.408+0200] {processor.py:153} INFO - Started process (PID=16880) to work on /home/humbulani/miniconda3/envs/apache-airflow/lib/python3.8/site-packages/airflow/example_dags/example_skip_dag.py
[2023-03-26T21:48:10.409+0200] {processor.py:743} INFO - Processing file /home/humbulani/miniconda3/envs/apache-airflow/lib/python3.8/site-packages/airflow/example_dags/example_skip_dag.py for tasks to queue
[2023-03-26T21:48:10.410+0200] {logging_mixin.py:137} INFO - [2023-03-26T21:48:10.409+0200] {dagbag.py:532} INFO - Filling up the DagBag from /home/humbulani/miniconda3/envs/apache-airflow/lib/python3.8/site-packages/airflow/example_dags/example_skip_dag.py
[2023-03-26T21:48:10.424+0200] {processor.py:753} INFO - DAG(s) dict_keys(['example_skip_dag']) retrieved from /home/humbulani/miniconda3/envs/apache-airflow/lib/python3.8/site-packages/airflow/example_dags/example_skip_dag.py
[2023-03-26T21:48:10.441+0200] {logging_mixin.py:137} INFO - [2023-03-26T21:48:10.440+0200] {dag.py:2693} INFO - Sync 1 DAGs
[2023-03-26T21:48:10.457+0200] {logging_mixin.py:137} INFO - [2023-03-26T21:48:10.457+0200] {dag.py:3440} INFO - Setting next_dagrun for example_skip_dag to 2023-03-25T19:48:10.457602+00:00, run_after=2023-03-26T19:48:10.457602+00:00
[2023-03-26T21:48:10.534+0200] {processor.py:175} INFO - Processing /home/humbulani/miniconda3/envs/apache-airflow/lib/python3.8/site-packages/airflow/example_dags/example_skip_dag.py took 0.129 seconds
[2023-03-26T21:49:01.178+0200] {processor.py:153} INFO - Started process (PID=16931) to work on /home/humbulani/miniconda3/envs/apache-airflow/lib/python3.8/site-packages/airflow/example_dags/example_skip_dag.py
[2023-03-26T21:49:01.179+0200] {processor.py:743} INFO - Processing file /home/humbulani/miniconda3/envs/apache-airflow/lib/python3.8/site-packages/airflow/example_dags/example_skip_dag.py for tasks to queue
[2023-03-26T21:49:01.179+0200] {logging_mixin.py:137} INFO - [2023-03-26T21:49:01.179+0200] {dagbag.py:532} INFO - Filling up the DagBag from /home/humbulani/miniconda3/envs/apache-airflow/lib/python3.8/site-packages/airflow/example_dags/example_skip_dag.py
[2023-03-26T21:49:01.191+0200] {processor.py:753} INFO - DAG(s) dict_keys(['example_skip_dag']) retrieved from /home/humbulani/miniconda3/envs/apache-airflow/lib/python3.8/site-packages/airflow/example_dags/example_skip_dag.py
[2023-03-26T21:49:01.207+0200] {logging_mixin.py:137} INFO - [2023-03-26T21:49:01.207+0200] {dag.py:2693} INFO - Sync 1 DAGs
[2023-03-26T21:49:01.225+0200] {logging_mixin.py:137} INFO - [2023-03-26T21:49:01.225+0200] {dag.py:3440} INFO - Setting next_dagrun for example_skip_dag to 2023-03-25T19:49:01.225307+00:00, run_after=2023-03-26T19:49:01.225307+00:00
[2023-03-26T21:49:01.337+0200] {processor.py:175} INFO - Processing /home/humbulani/miniconda3/envs/apache-airflow/lib/python3.8/site-packages/airflow/example_dags/example_skip_dag.py took 0.162 seconds
[2023-03-26T21:49:49.547+0200] {processor.py:153} INFO - Started process (PID=16975) to work on /home/humbulani/miniconda3/envs/apache-airflow/lib/python3.8/site-packages/airflow/example_dags/example_skip_dag.py
[2023-03-26T21:49:49.548+0200] {processor.py:743} INFO - Processing file /home/humbulani/miniconda3/envs/apache-airflow/lib/python3.8/site-packages/airflow/example_dags/example_skip_dag.py for tasks to queue
[2023-03-26T21:49:49.548+0200] {logging_mixin.py:137} INFO - [2023-03-26T21:49:49.548+0200] {dagbag.py:532} INFO - Filling up the DagBag from /home/humbulani/miniconda3/envs/apache-airflow/lib/python3.8/site-packages/airflow/example_dags/example_skip_dag.py
[2023-03-26T21:49:49.560+0200] {processor.py:753} INFO - DAG(s) dict_keys(['example_skip_dag']) retrieved from /home/humbulani/miniconda3/envs/apache-airflow/lib/python3.8/site-packages/airflow/example_dags/example_skip_dag.py
[2023-03-26T21:49:49.576+0200] {logging_mixin.py:137} INFO - [2023-03-26T21:49:49.576+0200] {dag.py:2693} INFO - Sync 1 DAGs
[2023-03-26T21:49:49.593+0200] {logging_mixin.py:137} INFO - [2023-03-26T21:49:49.593+0200] {dag.py:3440} INFO - Setting next_dagrun for example_skip_dag to 2023-03-25T19:49:49.593590+00:00, run_after=2023-03-26T19:49:49.593590+00:00
[2023-03-26T21:49:49.680+0200] {processor.py:175} INFO - Processing /home/humbulani/miniconda3/envs/apache-airflow/lib/python3.8/site-packages/airflow/example_dags/example_skip_dag.py took 0.135 seconds
[2023-03-26T21:50:34.591+0200] {processor.py:153} INFO - Started process (PID=17018) to work on /home/humbulani/miniconda3/envs/apache-airflow/lib/python3.8/site-packages/airflow/example_dags/example_skip_dag.py
[2023-03-26T21:50:34.623+0200] {processor.py:743} INFO - Processing file /home/humbulani/miniconda3/envs/apache-airflow/lib/python3.8/site-packages/airflow/example_dags/example_skip_dag.py for tasks to queue
[2023-03-26T21:50:34.624+0200] {logging_mixin.py:137} INFO - [2023-03-26T21:50:34.624+0200] {dagbag.py:532} INFO - Filling up the DagBag from /home/humbulani/miniconda3/envs/apache-airflow/lib/python3.8/site-packages/airflow/example_dags/example_skip_dag.py
[2023-03-26T21:50:34.635+0200] {processor.py:753} INFO - DAG(s) dict_keys(['example_skip_dag']) retrieved from /home/humbulani/miniconda3/envs/apache-airflow/lib/python3.8/site-packages/airflow/example_dags/example_skip_dag.py
[2023-03-26T21:50:34.653+0200] {logging_mixin.py:137} INFO - [2023-03-26T21:50:34.653+0200] {dag.py:2693} INFO - Sync 1 DAGs
[2023-03-26T21:50:34.671+0200] {logging_mixin.py:137} INFO - [2023-03-26T21:50:34.671+0200] {dag.py:3440} INFO - Setting next_dagrun for example_skip_dag to 2023-03-25T19:50:34.671039+00:00, run_after=2023-03-26T19:50:34.671039+00:00
[2023-03-26T21:50:34.742+0200] {processor.py:175} INFO - Processing /home/humbulani/miniconda3/envs/apache-airflow/lib/python3.8/site-packages/airflow/example_dags/example_skip_dag.py took 0.153 seconds
[2023-03-26T21:51:19.912+0200] {processor.py:153} INFO - Started process (PID=17134) to work on /home/humbulani/miniconda3/envs/apache-airflow/lib/python3.8/site-packages/airflow/example_dags/example_skip_dag.py
[2023-03-26T21:51:19.913+0200] {processor.py:743} INFO - Processing file /home/humbulani/miniconda3/envs/apache-airflow/lib/python3.8/site-packages/airflow/example_dags/example_skip_dag.py for tasks to queue
[2023-03-26T21:51:19.913+0200] {logging_mixin.py:137} INFO - [2023-03-26T21:51:19.913+0200] {dagbag.py:532} INFO - Filling up the DagBag from /home/humbulani/miniconda3/envs/apache-airflow/lib/python3.8/site-packages/airflow/example_dags/example_skip_dag.py
[2023-03-26T21:51:19.928+0200] {processor.py:753} INFO - DAG(s) dict_keys(['example_skip_dag']) retrieved from /home/humbulani/miniconda3/envs/apache-airflow/lib/python3.8/site-packages/airflow/example_dags/example_skip_dag.py
[2023-03-26T21:51:19.945+0200] {logging_mixin.py:137} INFO - [2023-03-26T21:51:19.945+0200] {dag.py:2693} INFO - Sync 1 DAGs
[2023-03-26T21:51:19.962+0200] {logging_mixin.py:137} INFO - [2023-03-26T21:51:19.962+0200] {dag.py:3440} INFO - Setting next_dagrun for example_skip_dag to 2023-03-25T19:51:19.962341+00:00, run_after=2023-03-26T19:51:19.962341+00:00
[2023-03-26T21:51:20.110+0200] {processor.py:175} INFO - Processing /home/humbulani/miniconda3/envs/apache-airflow/lib/python3.8/site-packages/airflow/example_dags/example_skip_dag.py took 0.201 seconds
[2023-03-26T21:52:06.800+0200] {processor.py:153} INFO - Started process (PID=17177) to work on /home/humbulani/miniconda3/envs/apache-airflow/lib/python3.8/site-packages/airflow/example_dags/example_skip_dag.py
[2023-03-26T21:52:06.801+0200] {processor.py:743} INFO - Processing file /home/humbulani/miniconda3/envs/apache-airflow/lib/python3.8/site-packages/airflow/example_dags/example_skip_dag.py for tasks to queue
[2023-03-26T21:52:06.801+0200] {logging_mixin.py:137} INFO - [2023-03-26T21:52:06.801+0200] {dagbag.py:532} INFO - Filling up the DagBag from /home/humbulani/miniconda3/envs/apache-airflow/lib/python3.8/site-packages/airflow/example_dags/example_skip_dag.py
[2023-03-26T21:52:06.813+0200] {processor.py:753} INFO - DAG(s) dict_keys(['example_skip_dag']) retrieved from /home/humbulani/miniconda3/envs/apache-airflow/lib/python3.8/site-packages/airflow/example_dags/example_skip_dag.py
[2023-03-26T21:52:06.829+0200] {logging_mixin.py:137} INFO - [2023-03-26T21:52:06.829+0200] {dag.py:2693} INFO - Sync 1 DAGs
[2023-03-26T21:52:06.846+0200] {logging_mixin.py:137} INFO - [2023-03-26T21:52:06.846+0200] {dag.py:3440} INFO - Setting next_dagrun for example_skip_dag to 2023-03-25T19:52:06.846559+00:00, run_after=2023-03-26T19:52:06.846559+00:00
[2023-03-26T21:52:06.946+0200] {processor.py:175} INFO - Processing /home/humbulani/miniconda3/envs/apache-airflow/lib/python3.8/site-packages/airflow/example_dags/example_skip_dag.py took 0.149 seconds
[2023-03-26T21:52:54.376+0200] {processor.py:153} INFO - Started process (PID=17223) to work on /home/humbulani/miniconda3/envs/apache-airflow/lib/python3.8/site-packages/airflow/example_dags/example_skip_dag.py
[2023-03-26T21:52:54.390+0200] {processor.py:743} INFO - Processing file /home/humbulani/miniconda3/envs/apache-airflow/lib/python3.8/site-packages/airflow/example_dags/example_skip_dag.py for tasks to queue
[2023-03-26T21:52:54.391+0200] {logging_mixin.py:137} INFO - [2023-03-26T21:52:54.391+0200] {dagbag.py:532} INFO - Filling up the DagBag from /home/humbulani/miniconda3/envs/apache-airflow/lib/python3.8/site-packages/airflow/example_dags/example_skip_dag.py
[2023-03-26T21:52:54.406+0200] {processor.py:753} INFO - DAG(s) dict_keys(['example_skip_dag']) retrieved from /home/humbulani/miniconda3/envs/apache-airflow/lib/python3.8/site-packages/airflow/example_dags/example_skip_dag.py
[2023-03-26T21:52:54.427+0200] {logging_mixin.py:137} INFO - [2023-03-26T21:52:54.426+0200] {dag.py:2693} INFO - Sync 1 DAGs
[2023-03-26T21:52:54.444+0200] {logging_mixin.py:137} INFO - [2023-03-26T21:52:54.444+0200] {dag.py:3440} INFO - Setting next_dagrun for example_skip_dag to 2023-03-25T19:52:54.444508+00:00, run_after=2023-03-26T19:52:54.444508+00:00
[2023-03-26T21:52:54.627+0200] {processor.py:175} INFO - Processing /home/humbulani/miniconda3/envs/apache-airflow/lib/python3.8/site-packages/airflow/example_dags/example_skip_dag.py took 0.254 seconds
[2023-03-26T21:53:44.146+0200] {processor.py:153} INFO - Started process (PID=17275) to work on /home/humbulani/miniconda3/envs/apache-airflow/lib/python3.8/site-packages/airflow/example_dags/example_skip_dag.py
[2023-03-26T21:53:44.147+0200] {processor.py:743} INFO - Processing file /home/humbulani/miniconda3/envs/apache-airflow/lib/python3.8/site-packages/airflow/example_dags/example_skip_dag.py for tasks to queue
[2023-03-26T21:53:44.147+0200] {logging_mixin.py:137} INFO - [2023-03-26T21:53:44.147+0200] {dagbag.py:532} INFO - Filling up the DagBag from /home/humbulani/miniconda3/envs/apache-airflow/lib/python3.8/site-packages/airflow/example_dags/example_skip_dag.py
[2023-03-26T21:53:44.159+0200] {processor.py:753} INFO - DAG(s) dict_keys(['example_skip_dag']) retrieved from /home/humbulani/miniconda3/envs/apache-airflow/lib/python3.8/site-packages/airflow/example_dags/example_skip_dag.py
[2023-03-26T21:53:44.176+0200] {logging_mixin.py:137} INFO - [2023-03-26T21:53:44.176+0200] {dag.py:2693} INFO - Sync 1 DAGs
[2023-03-26T21:53:44.274+0200] {logging_mixin.py:137} INFO - [2023-03-26T21:53:44.274+0200] {dag.py:3440} INFO - Setting next_dagrun for example_skip_dag to 2023-03-25T19:53:44.274069+00:00, run_after=2023-03-26T19:53:44.274069+00:00
[2023-03-26T21:53:44.385+0200] {processor.py:175} INFO - Processing /home/humbulani/miniconda3/envs/apache-airflow/lib/python3.8/site-packages/airflow/example_dags/example_skip_dag.py took 0.241 seconds
[2023-03-26T21:54:34.327+0200] {processor.py:153} INFO - Started process (PID=17322) to work on /home/humbulani/miniconda3/envs/apache-airflow/lib/python3.8/site-packages/airflow/example_dags/example_skip_dag.py
[2023-03-26T21:54:34.363+0200] {processor.py:743} INFO - Processing file /home/humbulani/miniconda3/envs/apache-airflow/lib/python3.8/site-packages/airflow/example_dags/example_skip_dag.py for tasks to queue
[2023-03-26T21:54:34.364+0200] {logging_mixin.py:137} INFO - [2023-03-26T21:54:34.364+0200] {dagbag.py:532} INFO - Filling up the DagBag from /home/humbulani/miniconda3/envs/apache-airflow/lib/python3.8/site-packages/airflow/example_dags/example_skip_dag.py
[2023-03-26T21:54:34.379+0200] {processor.py:753} INFO - DAG(s) dict_keys(['example_skip_dag']) retrieved from /home/humbulani/miniconda3/envs/apache-airflow/lib/python3.8/site-packages/airflow/example_dags/example_skip_dag.py
[2023-03-26T21:54:34.482+0200] {logging_mixin.py:137} INFO - [2023-03-26T21:54:34.482+0200] {dag.py:2693} INFO - Sync 1 DAGs
[2023-03-26T21:54:34.497+0200] {logging_mixin.py:137} INFO - [2023-03-26T21:54:34.497+0200] {dag.py:3440} INFO - Setting next_dagrun for example_skip_dag to 2023-03-25T19:54:34.497247+00:00, run_after=2023-03-26T19:54:34.497247+00:00
[2023-03-26T21:54:34.582+0200] {processor.py:175} INFO - Processing /home/humbulani/miniconda3/envs/apache-airflow/lib/python3.8/site-packages/airflow/example_dags/example_skip_dag.py took 0.257 seconds
[2023-03-26T21:55:22.420+0200] {processor.py:153} INFO - Started process (PID=17366) to work on /home/humbulani/miniconda3/envs/apache-airflow/lib/python3.8/site-packages/airflow/example_dags/example_skip_dag.py
[2023-03-26T21:55:22.437+0200] {processor.py:743} INFO - Processing file /home/humbulani/miniconda3/envs/apache-airflow/lib/python3.8/site-packages/airflow/example_dags/example_skip_dag.py for tasks to queue
[2023-03-26T21:55:22.438+0200] {logging_mixin.py:137} INFO - [2023-03-26T21:55:22.438+0200] {dagbag.py:532} INFO - Filling up the DagBag from /home/humbulani/miniconda3/envs/apache-airflow/lib/python3.8/site-packages/airflow/example_dags/example_skip_dag.py
[2023-03-26T21:55:22.453+0200] {processor.py:753} INFO - DAG(s) dict_keys(['example_skip_dag']) retrieved from /home/humbulani/miniconda3/envs/apache-airflow/lib/python3.8/site-packages/airflow/example_dags/example_skip_dag.py
[2023-03-26T21:55:22.553+0200] {logging_mixin.py:137} INFO - [2023-03-26T21:55:22.552+0200] {dag.py:2693} INFO - Sync 1 DAGs
[2023-03-26T21:55:22.568+0200] {logging_mixin.py:137} INFO - [2023-03-26T21:55:22.567+0200] {dag.py:3440} INFO - Setting next_dagrun for example_skip_dag to 2023-03-25T19:55:22.567790+00:00, run_after=2023-03-26T19:55:22.567790+00:00
[2023-03-26T21:55:22.642+0200] {processor.py:175} INFO - Processing /home/humbulani/miniconda3/envs/apache-airflow/lib/python3.8/site-packages/airflow/example_dags/example_skip_dag.py took 0.225 seconds
[2023-03-26T21:56:13.604+0200] {processor.py:153} INFO - Started process (PID=17468) to work on /home/humbulani/miniconda3/envs/apache-airflow/lib/python3.8/site-packages/airflow/example_dags/example_skip_dag.py
[2023-03-26T21:56:13.616+0200] {processor.py:743} INFO - Processing file /home/humbulani/miniconda3/envs/apache-airflow/lib/python3.8/site-packages/airflow/example_dags/example_skip_dag.py for tasks to queue
[2023-03-26T21:56:13.616+0200] {logging_mixin.py:137} INFO - [2023-03-26T21:56:13.616+0200] {dagbag.py:532} INFO - Filling up the DagBag from /home/humbulani/miniconda3/envs/apache-airflow/lib/python3.8/site-packages/airflow/example_dags/example_skip_dag.py
[2023-03-26T21:56:13.715+0200] {processor.py:753} INFO - DAG(s) dict_keys(['example_skip_dag']) retrieved from /home/humbulani/miniconda3/envs/apache-airflow/lib/python3.8/site-packages/airflow/example_dags/example_skip_dag.py
[2023-03-26T21:56:13.729+0200] {logging_mixin.py:137} INFO - [2023-03-26T21:56:13.729+0200] {dag.py:2693} INFO - Sync 1 DAGs
[2023-03-26T21:56:13.745+0200] {logging_mixin.py:137} INFO - [2023-03-26T21:56:13.745+0200] {dag.py:3440} INFO - Setting next_dagrun for example_skip_dag to 2023-03-25T19:56:13.745424+00:00, run_after=2023-03-26T19:56:13.745424+00:00
[2023-03-26T21:56:13.829+0200] {processor.py:175} INFO - Processing /home/humbulani/miniconda3/envs/apache-airflow/lib/python3.8/site-packages/airflow/example_dags/example_skip_dag.py took 0.229 seconds
[2023-03-26T21:56:57.317+0200] {processor.py:153} INFO - Started process (PID=17510) to work on /home/humbulani/miniconda3/envs/apache-airflow/lib/python3.8/site-packages/airflow/example_dags/example_skip_dag.py
[2023-03-26T21:56:57.327+0200] {processor.py:743} INFO - Processing file /home/humbulani/miniconda3/envs/apache-airflow/lib/python3.8/site-packages/airflow/example_dags/example_skip_dag.py for tasks to queue
[2023-03-26T21:56:57.328+0200] {logging_mixin.py:137} INFO - [2023-03-26T21:56:57.327+0200] {dagbag.py:532} INFO - Filling up the DagBag from /home/humbulani/miniconda3/envs/apache-airflow/lib/python3.8/site-packages/airflow/example_dags/example_skip_dag.py
[2023-03-26T21:56:57.339+0200] {processor.py:753} INFO - DAG(s) dict_keys(['example_skip_dag']) retrieved from /home/humbulani/miniconda3/envs/apache-airflow/lib/python3.8/site-packages/airflow/example_dags/example_skip_dag.py
[2023-03-26T21:56:57.356+0200] {logging_mixin.py:137} INFO - [2023-03-26T21:56:57.356+0200] {dag.py:2693} INFO - Sync 1 DAGs
[2023-03-26T21:56:57.375+0200] {logging_mixin.py:137} INFO - [2023-03-26T21:56:57.375+0200] {dag.py:3440} INFO - Setting next_dagrun for example_skip_dag to 2023-03-25T19:56:57.375053+00:00, run_after=2023-03-26T19:56:57.375053+00:00
[2023-03-26T21:56:57.507+0200] {processor.py:175} INFO - Processing /home/humbulani/miniconda3/envs/apache-airflow/lib/python3.8/site-packages/airflow/example_dags/example_skip_dag.py took 0.193 seconds
[2023-03-26T21:57:39.826+0200] {processor.py:153} INFO - Started process (PID=17621) to work on /home/humbulani/miniconda3/envs/apache-airflow/lib/python3.8/site-packages/airflow/example_dags/example_skip_dag.py
[2023-03-26T21:57:39.833+0200] {processor.py:743} INFO - Processing file /home/humbulani/miniconda3/envs/apache-airflow/lib/python3.8/site-packages/airflow/example_dags/example_skip_dag.py for tasks to queue
[2023-03-26T21:57:39.834+0200] {logging_mixin.py:137} INFO - [2023-03-26T21:57:39.834+0200] {dagbag.py:532} INFO - Filling up the DagBag from /home/humbulani/miniconda3/envs/apache-airflow/lib/python3.8/site-packages/airflow/example_dags/example_skip_dag.py
[2023-03-26T21:57:39.847+0200] {processor.py:753} INFO - DAG(s) dict_keys(['example_skip_dag']) retrieved from /home/humbulani/miniconda3/envs/apache-airflow/lib/python3.8/site-packages/airflow/example_dags/example_skip_dag.py
[2023-03-26T21:57:39.866+0200] {logging_mixin.py:137} INFO - [2023-03-26T21:57:39.866+0200] {dag.py:2693} INFO - Sync 1 DAGs
[2023-03-26T21:57:39.886+0200] {logging_mixin.py:137} INFO - [2023-03-26T21:57:39.886+0200] {dag.py:3440} INFO - Setting next_dagrun for example_skip_dag to 2023-03-25T19:57:39.885844+00:00, run_after=2023-03-26T19:57:39.885844+00:00
[2023-03-26T21:57:39.986+0200] {processor.py:175} INFO - Processing /home/humbulani/miniconda3/envs/apache-airflow/lib/python3.8/site-packages/airflow/example_dags/example_skip_dag.py took 0.164 seconds
[2023-03-26T21:58:27.444+0200] {processor.py:153} INFO - Started process (PID=17863) to work on /home/humbulani/miniconda3/envs/apache-airflow/lib/python3.8/site-packages/airflow/example_dags/example_skip_dag.py
[2023-03-26T21:58:27.454+0200] {processor.py:743} INFO - Processing file /home/humbulani/miniconda3/envs/apache-airflow/lib/python3.8/site-packages/airflow/example_dags/example_skip_dag.py for tasks to queue
[2023-03-26T21:58:27.454+0200] {logging_mixin.py:137} INFO - [2023-03-26T21:58:27.454+0200] {dagbag.py:532} INFO - Filling up the DagBag from /home/humbulani/miniconda3/envs/apache-airflow/lib/python3.8/site-packages/airflow/example_dags/example_skip_dag.py
[2023-03-26T21:58:27.466+0200] {processor.py:753} INFO - DAG(s) dict_keys(['example_skip_dag']) retrieved from /home/humbulani/miniconda3/envs/apache-airflow/lib/python3.8/site-packages/airflow/example_dags/example_skip_dag.py
[2023-03-26T21:58:27.483+0200] {logging_mixin.py:137} INFO - [2023-03-26T21:58:27.483+0200] {dag.py:2693} INFO - Sync 1 DAGs
[2023-03-26T21:58:27.501+0200] {logging_mixin.py:137} INFO - [2023-03-26T21:58:27.501+0200] {dag.py:3440} INFO - Setting next_dagrun for example_skip_dag to 2023-03-25T19:58:27.501058+00:00, run_after=2023-03-26T19:58:27.501058+00:00
[2023-03-26T21:58:27.591+0200] {processor.py:175} INFO - Processing /home/humbulani/miniconda3/envs/apache-airflow/lib/python3.8/site-packages/airflow/example_dags/example_skip_dag.py took 0.149 seconds
[2023-03-26T21:59:14.651+0200] {processor.py:153} INFO - Started process (PID=17966) to work on /home/humbulani/miniconda3/envs/apache-airflow/lib/python3.8/site-packages/airflow/example_dags/example_skip_dag.py
[2023-03-26T21:59:14.651+0200] {processor.py:743} INFO - Processing file /home/humbulani/miniconda3/envs/apache-airflow/lib/python3.8/site-packages/airflow/example_dags/example_skip_dag.py for tasks to queue
[2023-03-26T21:59:14.652+0200] {logging_mixin.py:137} INFO - [2023-03-26T21:59:14.652+0200] {dagbag.py:532} INFO - Filling up the DagBag from /home/humbulani/miniconda3/envs/apache-airflow/lib/python3.8/site-packages/airflow/example_dags/example_skip_dag.py
[2023-03-26T21:59:14.664+0200] {processor.py:753} INFO - DAG(s) dict_keys(['example_skip_dag']) retrieved from /home/humbulani/miniconda3/envs/apache-airflow/lib/python3.8/site-packages/airflow/example_dags/example_skip_dag.py
[2023-03-26T21:59:14.681+0200] {logging_mixin.py:137} INFO - [2023-03-26T21:59:14.681+0200] {dag.py:2693} INFO - Sync 1 DAGs
[2023-03-26T21:59:14.699+0200] {logging_mixin.py:137} INFO - [2023-03-26T21:59:14.699+0200] {dag.py:3440} INFO - Setting next_dagrun for example_skip_dag to 2023-03-25T19:59:14.699217+00:00, run_after=2023-03-26T19:59:14.699217+00:00
[2023-03-26T21:59:14.784+0200] {processor.py:175} INFO - Processing /home/humbulani/miniconda3/envs/apache-airflow/lib/python3.8/site-packages/airflow/example_dags/example_skip_dag.py took 0.135 seconds
[2023-03-26T22:00:02.401+0200] {processor.py:153} INFO - Started process (PID=18140) to work on /home/humbulani/miniconda3/envs/apache-airflow/lib/python3.8/site-packages/airflow/example_dags/example_skip_dag.py
[2023-03-26T22:00:02.413+0200] {processor.py:743} INFO - Processing file /home/humbulani/miniconda3/envs/apache-airflow/lib/python3.8/site-packages/airflow/example_dags/example_skip_dag.py for tasks to queue
[2023-03-26T22:00:02.414+0200] {logging_mixin.py:137} INFO - [2023-03-26T22:00:02.414+0200] {dagbag.py:532} INFO - Filling up the DagBag from /home/humbulani/miniconda3/envs/apache-airflow/lib/python3.8/site-packages/airflow/example_dags/example_skip_dag.py
[2023-03-26T22:00:02.426+0200] {processor.py:753} INFO - DAG(s) dict_keys(['example_skip_dag']) retrieved from /home/humbulani/miniconda3/envs/apache-airflow/lib/python3.8/site-packages/airflow/example_dags/example_skip_dag.py
[2023-03-26T22:00:02.443+0200] {logging_mixin.py:137} INFO - [2023-03-26T22:00:02.443+0200] {dag.py:2693} INFO - Sync 1 DAGs
[2023-03-26T22:00:02.462+0200] {logging_mixin.py:137} INFO - [2023-03-26T22:00:02.462+0200] {dag.py:3440} INFO - Setting next_dagrun for example_skip_dag to 2023-03-25T20:00:02.461867+00:00, run_after=2023-03-26T20:00:02.461867+00:00
[2023-03-26T22:00:02.545+0200] {processor.py:175} INFO - Processing /home/humbulani/miniconda3/envs/apache-airflow/lib/python3.8/site-packages/airflow/example_dags/example_skip_dag.py took 0.147 seconds
[2023-03-26T22:00:49.838+0200] {processor.py:153} INFO - Started process (PID=18222) to work on /home/humbulani/miniconda3/envs/apache-airflow/lib/python3.8/site-packages/airflow/example_dags/example_skip_dag.py
[2023-03-26T22:00:49.850+0200] {processor.py:743} INFO - Processing file /home/humbulani/miniconda3/envs/apache-airflow/lib/python3.8/site-packages/airflow/example_dags/example_skip_dag.py for tasks to queue
[2023-03-26T22:00:49.851+0200] {logging_mixin.py:137} INFO - [2023-03-26T22:00:49.851+0200] {dagbag.py:532} INFO - Filling up the DagBag from /home/humbulani/miniconda3/envs/apache-airflow/lib/python3.8/site-packages/airflow/example_dags/example_skip_dag.py
[2023-03-26T22:00:49.863+0200] {processor.py:753} INFO - DAG(s) dict_keys(['example_skip_dag']) retrieved from /home/humbulani/miniconda3/envs/apache-airflow/lib/python3.8/site-packages/airflow/example_dags/example_skip_dag.py
[2023-03-26T22:00:49.879+0200] {logging_mixin.py:137} INFO - [2023-03-26T22:00:49.879+0200] {dag.py:2693} INFO - Sync 1 DAGs
[2023-03-26T22:00:49.897+0200] {logging_mixin.py:137} INFO - [2023-03-26T22:00:49.897+0200] {dag.py:3440} INFO - Setting next_dagrun for example_skip_dag to 2023-03-25T20:00:49.897037+00:00, run_after=2023-03-26T20:00:49.897037+00:00
[2023-03-26T22:00:49.982+0200] {processor.py:175} INFO - Processing /home/humbulani/miniconda3/envs/apache-airflow/lib/python3.8/site-packages/airflow/example_dags/example_skip_dag.py took 0.146 seconds
[2023-03-26T22:01:35.204+0200] {processor.py:153} INFO - Started process (PID=18284) to work on /home/humbulani/miniconda3/envs/apache-airflow/lib/python3.8/site-packages/airflow/example_dags/example_skip_dag.py
[2023-03-26T22:01:35.220+0200] {processor.py:743} INFO - Processing file /home/humbulani/miniconda3/envs/apache-airflow/lib/python3.8/site-packages/airflow/example_dags/example_skip_dag.py for tasks to queue
[2023-03-26T22:01:35.221+0200] {logging_mixin.py:137} INFO - [2023-03-26T22:01:35.221+0200] {dagbag.py:532} INFO - Filling up the DagBag from /home/humbulani/miniconda3/envs/apache-airflow/lib/python3.8/site-packages/airflow/example_dags/example_skip_dag.py
[2023-03-26T22:01:35.242+0200] {processor.py:753} INFO - DAG(s) dict_keys(['example_skip_dag']) retrieved from /home/humbulani/miniconda3/envs/apache-airflow/lib/python3.8/site-packages/airflow/example_dags/example_skip_dag.py
[2023-03-26T22:01:35.271+0200] {logging_mixin.py:137} INFO - [2023-03-26T22:01:35.270+0200] {dag.py:2693} INFO - Sync 1 DAGs
[2023-03-26T22:01:35.300+0200] {logging_mixin.py:137} INFO - [2023-03-26T22:01:35.300+0200] {dag.py:3440} INFO - Setting next_dagrun for example_skip_dag to 2023-03-25T20:01:35.300012+00:00, run_after=2023-03-26T20:01:35.300012+00:00
[2023-03-26T22:01:35.548+0200] {processor.py:175} INFO - Processing /home/humbulani/miniconda3/envs/apache-airflow/lib/python3.8/site-packages/airflow/example_dags/example_skip_dag.py took 0.347 seconds
[2023-03-26T22:02:23.491+0200] {processor.py:153} INFO - Started process (PID=18531) to work on /home/humbulani/miniconda3/envs/apache-airflow/lib/python3.8/site-packages/airflow/example_dags/example_skip_dag.py
[2023-03-26T22:02:23.529+0200] {processor.py:743} INFO - Processing file /home/humbulani/miniconda3/envs/apache-airflow/lib/python3.8/site-packages/airflow/example_dags/example_skip_dag.py for tasks to queue
[2023-03-26T22:02:23.529+0200] {logging_mixin.py:137} INFO - [2023-03-26T22:02:23.529+0200] {dagbag.py:532} INFO - Filling up the DagBag from /home/humbulani/miniconda3/envs/apache-airflow/lib/python3.8/site-packages/airflow/example_dags/example_skip_dag.py
[2023-03-26T22:02:23.545+0200] {processor.py:753} INFO - DAG(s) dict_keys(['example_skip_dag']) retrieved from /home/humbulani/miniconda3/envs/apache-airflow/lib/python3.8/site-packages/airflow/example_dags/example_skip_dag.py
[2023-03-26T22:02:23.567+0200] {logging_mixin.py:137} INFO - [2023-03-26T22:02:23.567+0200] {dag.py:2693} INFO - Sync 1 DAGs
[2023-03-26T22:02:23.586+0200] {logging_mixin.py:137} INFO - [2023-03-26T22:02:23.586+0200] {dag.py:3440} INFO - Setting next_dagrun for example_skip_dag to 2023-03-25T20:02:23.585872+00:00, run_after=2023-03-26T20:02:23.585872+00:00
[2023-03-26T22:02:23.674+0200] {processor.py:175} INFO - Processing /home/humbulani/miniconda3/envs/apache-airflow/lib/python3.8/site-packages/airflow/example_dags/example_skip_dag.py took 0.186 seconds
[2023-03-26T22:03:09.319+0200] {processor.py:153} INFO - Started process (PID=18586) to work on /home/humbulani/miniconda3/envs/apache-airflow/lib/python3.8/site-packages/airflow/example_dags/example_skip_dag.py
[2023-03-26T22:03:09.320+0200] {processor.py:743} INFO - Processing file /home/humbulani/miniconda3/envs/apache-airflow/lib/python3.8/site-packages/airflow/example_dags/example_skip_dag.py for tasks to queue
[2023-03-26T22:03:09.320+0200] {logging_mixin.py:137} INFO - [2023-03-26T22:03:09.320+0200] {dagbag.py:532} INFO - Filling up the DagBag from /home/humbulani/miniconda3/envs/apache-airflow/lib/python3.8/site-packages/airflow/example_dags/example_skip_dag.py
[2023-03-26T22:03:09.332+0200] {processor.py:753} INFO - DAG(s) dict_keys(['example_skip_dag']) retrieved from /home/humbulani/miniconda3/envs/apache-airflow/lib/python3.8/site-packages/airflow/example_dags/example_skip_dag.py
[2023-03-26T22:03:09.350+0200] {logging_mixin.py:137} INFO - [2023-03-26T22:03:09.349+0200] {dag.py:2693} INFO - Sync 1 DAGs
[2023-03-26T22:03:09.367+0200] {logging_mixin.py:137} INFO - [2023-03-26T22:03:09.367+0200] {dag.py:3440} INFO - Setting next_dagrun for example_skip_dag to 2023-03-25T20:03:09.367107+00:00, run_after=2023-03-26T20:03:09.367107+00:00
[2023-03-26T22:03:09.494+0200] {processor.py:175} INFO - Processing /home/humbulani/miniconda3/envs/apache-airflow/lib/python3.8/site-packages/airflow/example_dags/example_skip_dag.py took 0.177 seconds
[2023-03-26T22:03:54.298+0200] {processor.py:153} INFO - Started process (PID=18658) to work on /home/humbulani/miniconda3/envs/apache-airflow/lib/python3.8/site-packages/airflow/example_dags/example_skip_dag.py
[2023-03-26T22:03:54.299+0200] {processor.py:743} INFO - Processing file /home/humbulani/miniconda3/envs/apache-airflow/lib/python3.8/site-packages/airflow/example_dags/example_skip_dag.py for tasks to queue
[2023-03-26T22:03:54.299+0200] {logging_mixin.py:137} INFO - [2023-03-26T22:03:54.299+0200] {dagbag.py:532} INFO - Filling up the DagBag from /home/humbulani/miniconda3/envs/apache-airflow/lib/python3.8/site-packages/airflow/example_dags/example_skip_dag.py
[2023-03-26T22:03:54.313+0200] {processor.py:753} INFO - DAG(s) dict_keys(['example_skip_dag']) retrieved from /home/humbulani/miniconda3/envs/apache-airflow/lib/python3.8/site-packages/airflow/example_dags/example_skip_dag.py
[2023-03-26T22:03:54.329+0200] {logging_mixin.py:137} INFO - [2023-03-26T22:03:54.329+0200] {dag.py:2693} INFO - Sync 1 DAGs
[2023-03-26T22:03:54.346+0200] {logging_mixin.py:137} INFO - [2023-03-26T22:03:54.346+0200] {dag.py:3440} INFO - Setting next_dagrun for example_skip_dag to 2023-03-25T20:03:54.346505+00:00, run_after=2023-03-26T20:03:54.346505+00:00
[2023-03-26T22:03:54.446+0200] {processor.py:175} INFO - Processing /home/humbulani/miniconda3/envs/apache-airflow/lib/python3.8/site-packages/airflow/example_dags/example_skip_dag.py took 0.151 seconds
[2023-03-26T22:04:39.302+0200] {processor.py:153} INFO - Started process (PID=18711) to work on /home/humbulani/miniconda3/envs/apache-airflow/lib/python3.8/site-packages/airflow/example_dags/example_skip_dag.py
[2023-03-26T22:04:39.312+0200] {processor.py:743} INFO - Processing file /home/humbulani/miniconda3/envs/apache-airflow/lib/python3.8/site-packages/airflow/example_dags/example_skip_dag.py for tasks to queue
[2023-03-26T22:04:39.312+0200] {logging_mixin.py:137} INFO - [2023-03-26T22:04:39.312+0200] {dagbag.py:532} INFO - Filling up the DagBag from /home/humbulani/miniconda3/envs/apache-airflow/lib/python3.8/site-packages/airflow/example_dags/example_skip_dag.py
[2023-03-26T22:04:39.324+0200] {processor.py:753} INFO - DAG(s) dict_keys(['example_skip_dag']) retrieved from /home/humbulani/miniconda3/envs/apache-airflow/lib/python3.8/site-packages/airflow/example_dags/example_skip_dag.py
[2023-03-26T22:04:39.341+0200] {logging_mixin.py:137} INFO - [2023-03-26T22:04:39.341+0200] {dag.py:2693} INFO - Sync 1 DAGs
[2023-03-26T22:04:39.359+0200] {logging_mixin.py:137} INFO - [2023-03-26T22:04:39.359+0200] {dag.py:3440} INFO - Setting next_dagrun for example_skip_dag to 2023-03-25T20:04:39.358818+00:00, run_after=2023-03-26T20:04:39.358818+00:00
[2023-03-26T22:04:39.448+0200] {processor.py:175} INFO - Processing /home/humbulani/miniconda3/envs/apache-airflow/lib/python3.8/site-packages/airflow/example_dags/example_skip_dag.py took 0.149 seconds
[2023-03-26T22:05:25.206+0200] {processor.py:153} INFO - Started process (PID=18763) to work on /home/humbulani/miniconda3/envs/apache-airflow/lib/python3.8/site-packages/airflow/example_dags/example_skip_dag.py
[2023-03-26T22:05:25.215+0200] {processor.py:743} INFO - Processing file /home/humbulani/miniconda3/envs/apache-airflow/lib/python3.8/site-packages/airflow/example_dags/example_skip_dag.py for tasks to queue
[2023-03-26T22:05:25.216+0200] {logging_mixin.py:137} INFO - [2023-03-26T22:05:25.216+0200] {dagbag.py:532} INFO - Filling up the DagBag from /home/humbulani/miniconda3/envs/apache-airflow/lib/python3.8/site-packages/airflow/example_dags/example_skip_dag.py
[2023-03-26T22:05:25.228+0200] {processor.py:753} INFO - DAG(s) dict_keys(['example_skip_dag']) retrieved from /home/humbulani/miniconda3/envs/apache-airflow/lib/python3.8/site-packages/airflow/example_dags/example_skip_dag.py
[2023-03-26T22:05:25.245+0200] {logging_mixin.py:137} INFO - [2023-03-26T22:05:25.245+0200] {dag.py:2693} INFO - Sync 1 DAGs
[2023-03-26T22:05:25.263+0200] {logging_mixin.py:137} INFO - [2023-03-26T22:05:25.263+0200] {dag.py:3440} INFO - Setting next_dagrun for example_skip_dag to 2023-03-25T20:05:25.262859+00:00, run_after=2023-03-26T20:05:25.262859+00:00
[2023-03-26T22:05:25.345+0200] {processor.py:175} INFO - Processing /home/humbulani/miniconda3/envs/apache-airflow/lib/python3.8/site-packages/airflow/example_dags/example_skip_dag.py took 0.141 seconds
[2023-03-26T22:06:07.957+0200] {processor.py:153} INFO - Started process (PID=18813) to work on /home/humbulani/miniconda3/envs/apache-airflow/lib/python3.8/site-packages/airflow/example_dags/example_skip_dag.py
[2023-03-26T22:06:07.958+0200] {processor.py:743} INFO - Processing file /home/humbulani/miniconda3/envs/apache-airflow/lib/python3.8/site-packages/airflow/example_dags/example_skip_dag.py for tasks to queue
[2023-03-26T22:06:07.958+0200] {logging_mixin.py:137} INFO - [2023-03-26T22:06:07.958+0200] {dagbag.py:532} INFO - Filling up the DagBag from /home/humbulani/miniconda3/envs/apache-airflow/lib/python3.8/site-packages/airflow/example_dags/example_skip_dag.py
[2023-03-26T22:06:07.971+0200] {processor.py:753} INFO - DAG(s) dict_keys(['example_skip_dag']) retrieved from /home/humbulani/miniconda3/envs/apache-airflow/lib/python3.8/site-packages/airflow/example_dags/example_skip_dag.py
[2023-03-26T22:06:07.990+0200] {logging_mixin.py:137} INFO - [2023-03-26T22:06:07.989+0200] {dag.py:2693} INFO - Sync 1 DAGs
[2023-03-26T22:06:08.008+0200] {logging_mixin.py:137} INFO - [2023-03-26T22:06:08.008+0200] {dag.py:3440} INFO - Setting next_dagrun for example_skip_dag to 2023-03-25T20:06:08.007882+00:00, run_after=2023-03-26T20:06:08.007882+00:00
[2023-03-26T22:06:08.116+0200] {processor.py:175} INFO - Processing /home/humbulani/miniconda3/envs/apache-airflow/lib/python3.8/site-packages/airflow/example_dags/example_skip_dag.py took 0.161 seconds
[2023-03-26T22:06:56.188+0200] {processor.py:153} INFO - Started process (PID=18886) to work on /home/humbulani/miniconda3/envs/apache-airflow/lib/python3.8/site-packages/airflow/example_dags/example_skip_dag.py
[2023-03-26T22:06:56.207+0200] {processor.py:743} INFO - Processing file /home/humbulani/miniconda3/envs/apache-airflow/lib/python3.8/site-packages/airflow/example_dags/example_skip_dag.py for tasks to queue
[2023-03-26T22:06:56.208+0200] {logging_mixin.py:137} INFO - [2023-03-26T22:06:56.208+0200] {dagbag.py:532} INFO - Filling up the DagBag from /home/humbulani/miniconda3/envs/apache-airflow/lib/python3.8/site-packages/airflow/example_dags/example_skip_dag.py
[2023-03-26T22:06:56.220+0200] {processor.py:753} INFO - DAG(s) dict_keys(['example_skip_dag']) retrieved from /home/humbulani/miniconda3/envs/apache-airflow/lib/python3.8/site-packages/airflow/example_dags/example_skip_dag.py
[2023-03-26T22:06:56.237+0200] {logging_mixin.py:137} INFO - [2023-03-26T22:06:56.237+0200] {dag.py:2693} INFO - Sync 1 DAGs
[2023-03-26T22:06:56.254+0200] {logging_mixin.py:137} INFO - [2023-03-26T22:06:56.254+0200] {dag.py:3440} INFO - Setting next_dagrun for example_skip_dag to 2023-03-25T20:06:56.254272+00:00, run_after=2023-03-26T20:06:56.254272+00:00
[2023-03-26T22:06:56.345+0200] {processor.py:175} INFO - Processing /home/humbulani/miniconda3/envs/apache-airflow/lib/python3.8/site-packages/airflow/example_dags/example_skip_dag.py took 0.159 seconds
[2023-03-26T22:07:42.247+0200] {processor.py:153} INFO - Started process (PID=19001) to work on /home/humbulani/miniconda3/envs/apache-airflow/lib/python3.8/site-packages/airflow/example_dags/example_skip_dag.py
[2023-03-26T22:07:42.248+0200] {processor.py:743} INFO - Processing file /home/humbulani/miniconda3/envs/apache-airflow/lib/python3.8/site-packages/airflow/example_dags/example_skip_dag.py for tasks to queue
[2023-03-26T22:07:42.248+0200] {logging_mixin.py:137} INFO - [2023-03-26T22:07:42.248+0200] {dagbag.py:532} INFO - Filling up the DagBag from /home/humbulani/miniconda3/envs/apache-airflow/lib/python3.8/site-packages/airflow/example_dags/example_skip_dag.py
[2023-03-26T22:07:42.260+0200] {processor.py:753} INFO - DAG(s) dict_keys(['example_skip_dag']) retrieved from /home/humbulani/miniconda3/envs/apache-airflow/lib/python3.8/site-packages/airflow/example_dags/example_skip_dag.py
[2023-03-26T22:07:42.277+0200] {logging_mixin.py:137} INFO - [2023-03-26T22:07:42.277+0200] {dag.py:2693} INFO - Sync 1 DAGs
[2023-03-26T22:07:42.294+0200] {logging_mixin.py:137} INFO - [2023-03-26T22:07:42.294+0200] {dag.py:3440} INFO - Setting next_dagrun for example_skip_dag to 2023-03-25T20:07:42.294141+00:00, run_after=2023-03-26T20:07:42.294141+00:00
[2023-03-26T22:07:42.369+0200] {processor.py:175} INFO - Processing /home/humbulani/miniconda3/envs/apache-airflow/lib/python3.8/site-packages/airflow/example_dags/example_skip_dag.py took 0.124 seconds
[2023-03-26T22:08:26.265+0200] {processor.py:153} INFO - Started process (PID=19050) to work on /home/humbulani/miniconda3/envs/apache-airflow/lib/python3.8/site-packages/airflow/example_dags/example_skip_dag.py
[2023-03-26T22:08:26.278+0200] {processor.py:743} INFO - Processing file /home/humbulani/miniconda3/envs/apache-airflow/lib/python3.8/site-packages/airflow/example_dags/example_skip_dag.py for tasks to queue
[2023-03-26T22:08:26.279+0200] {logging_mixin.py:137} INFO - [2023-03-26T22:08:26.278+0200] {dagbag.py:532} INFO - Filling up the DagBag from /home/humbulani/miniconda3/envs/apache-airflow/lib/python3.8/site-packages/airflow/example_dags/example_skip_dag.py
[2023-03-26T22:08:26.291+0200] {processor.py:753} INFO - DAG(s) dict_keys(['example_skip_dag']) retrieved from /home/humbulani/miniconda3/envs/apache-airflow/lib/python3.8/site-packages/airflow/example_dags/example_skip_dag.py
[2023-03-26T22:08:26.307+0200] {logging_mixin.py:137} INFO - [2023-03-26T22:08:26.307+0200] {dag.py:2693} INFO - Sync 1 DAGs
[2023-03-26T22:08:26.325+0200] {logging_mixin.py:137} INFO - [2023-03-26T22:08:26.325+0200] {dag.py:3440} INFO - Setting next_dagrun for example_skip_dag to 2023-03-25T20:08:26.325292+00:00, run_after=2023-03-26T20:08:26.325292+00:00
[2023-03-26T22:08:26.414+0200] {processor.py:175} INFO - Processing /home/humbulani/miniconda3/envs/apache-airflow/lib/python3.8/site-packages/airflow/example_dags/example_skip_dag.py took 0.152 seconds
[2023-03-26T22:09:15.087+0200] {processor.py:153} INFO - Started process (PID=19132) to work on /home/humbulani/miniconda3/envs/apache-airflow/lib/python3.8/site-packages/airflow/example_dags/example_skip_dag.py
[2023-03-26T22:09:15.100+0200] {processor.py:743} INFO - Processing file /home/humbulani/miniconda3/envs/apache-airflow/lib/python3.8/site-packages/airflow/example_dags/example_skip_dag.py for tasks to queue
[2023-03-26T22:09:15.101+0200] {logging_mixin.py:137} INFO - [2023-03-26T22:09:15.101+0200] {dagbag.py:532} INFO - Filling up the DagBag from /home/humbulani/miniconda3/envs/apache-airflow/lib/python3.8/site-packages/airflow/example_dags/example_skip_dag.py
[2023-03-26T22:09:15.117+0200] {processor.py:753} INFO - DAG(s) dict_keys(['example_skip_dag']) retrieved from /home/humbulani/miniconda3/envs/apache-airflow/lib/python3.8/site-packages/airflow/example_dags/example_skip_dag.py
[2023-03-26T22:09:15.137+0200] {logging_mixin.py:137} INFO - [2023-03-26T22:09:15.137+0200] {dag.py:2693} INFO - Sync 1 DAGs
[2023-03-26T22:09:15.154+0200] {logging_mixin.py:137} INFO - [2023-03-26T22:09:15.154+0200] {dag.py:3440} INFO - Setting next_dagrun for example_skip_dag to 2023-03-25T20:09:15.154545+00:00, run_after=2023-03-26T20:09:15.154545+00:00
[2023-03-26T22:09:15.237+0200] {processor.py:175} INFO - Processing /home/humbulani/miniconda3/envs/apache-airflow/lib/python3.8/site-packages/airflow/example_dags/example_skip_dag.py took 0.152 seconds
[2023-03-26T22:10:01.435+0200] {processor.py:153} INFO - Started process (PID=19177) to work on /home/humbulani/miniconda3/envs/apache-airflow/lib/python3.8/site-packages/airflow/example_dags/example_skip_dag.py
[2023-03-26T22:10:01.447+0200] {processor.py:743} INFO - Processing file /home/humbulani/miniconda3/envs/apache-airflow/lib/python3.8/site-packages/airflow/example_dags/example_skip_dag.py for tasks to queue
[2023-03-26T22:10:01.448+0200] {logging_mixin.py:137} INFO - [2023-03-26T22:10:01.448+0200] {dagbag.py:532} INFO - Filling up the DagBag from /home/humbulani/miniconda3/envs/apache-airflow/lib/python3.8/site-packages/airflow/example_dags/example_skip_dag.py
[2023-03-26T22:10:01.460+0200] {processor.py:753} INFO - DAG(s) dict_keys(['example_skip_dag']) retrieved from /home/humbulani/miniconda3/envs/apache-airflow/lib/python3.8/site-packages/airflow/example_dags/example_skip_dag.py
[2023-03-26T22:10:01.477+0200] {logging_mixin.py:137} INFO - [2023-03-26T22:10:01.477+0200] {dag.py:2693} INFO - Sync 1 DAGs
[2023-03-26T22:10:01.495+0200] {logging_mixin.py:137} INFO - [2023-03-26T22:10:01.495+0200] {dag.py:3440} INFO - Setting next_dagrun for example_skip_dag to 2023-03-25T20:10:01.495144+00:00, run_after=2023-03-26T20:10:01.495144+00:00
[2023-03-26T22:10:01.613+0200] {processor.py:175} INFO - Processing /home/humbulani/miniconda3/envs/apache-airflow/lib/python3.8/site-packages/airflow/example_dags/example_skip_dag.py took 0.180 seconds
[2023-03-26T22:10:45.280+0200] {processor.py:153} INFO - Started process (PID=19305) to work on /home/humbulani/miniconda3/envs/apache-airflow/lib/python3.8/site-packages/airflow/example_dags/example_skip_dag.py
[2023-03-26T22:10:45.285+0200] {processor.py:743} INFO - Processing file /home/humbulani/miniconda3/envs/apache-airflow/lib/python3.8/site-packages/airflow/example_dags/example_skip_dag.py for tasks to queue
[2023-03-26T22:10:45.286+0200] {logging_mixin.py:137} INFO - [2023-03-26T22:10:45.286+0200] {dagbag.py:532} INFO - Filling up the DagBag from /home/humbulani/miniconda3/envs/apache-airflow/lib/python3.8/site-packages/airflow/example_dags/example_skip_dag.py
[2023-03-26T22:10:45.302+0200] {processor.py:753} INFO - DAG(s) dict_keys(['example_skip_dag']) retrieved from /home/humbulani/miniconda3/envs/apache-airflow/lib/python3.8/site-packages/airflow/example_dags/example_skip_dag.py
[2023-03-26T22:10:45.319+0200] {logging_mixin.py:137} INFO - [2023-03-26T22:10:45.319+0200] {dag.py:2693} INFO - Sync 1 DAGs
[2023-03-26T22:10:45.336+0200] {logging_mixin.py:137} INFO - [2023-03-26T22:10:45.336+0200] {dag.py:3440} INFO - Setting next_dagrun for example_skip_dag to 2023-03-25T20:10:45.336637+00:00, run_after=2023-03-26T20:10:45.336637+00:00
[2023-03-26T22:10:45.425+0200] {processor.py:175} INFO - Processing /home/humbulani/miniconda3/envs/apache-airflow/lib/python3.8/site-packages/airflow/example_dags/example_skip_dag.py took 0.147 seconds
[2023-03-26T22:11:33.704+0200] {processor.py:153} INFO - Started process (PID=19348) to work on /home/humbulani/miniconda3/envs/apache-airflow/lib/python3.8/site-packages/airflow/example_dags/example_skip_dag.py
[2023-03-26T22:11:33.708+0200] {processor.py:743} INFO - Processing file /home/humbulani/miniconda3/envs/apache-airflow/lib/python3.8/site-packages/airflow/example_dags/example_skip_dag.py for tasks to queue
[2023-03-26T22:11:33.708+0200] {logging_mixin.py:137} INFO - [2023-03-26T22:11:33.708+0200] {dagbag.py:532} INFO - Filling up the DagBag from /home/humbulani/miniconda3/envs/apache-airflow/lib/python3.8/site-packages/airflow/example_dags/example_skip_dag.py
[2023-03-26T22:11:33.723+0200] {processor.py:753} INFO - DAG(s) dict_keys(['example_skip_dag']) retrieved from /home/humbulani/miniconda3/envs/apache-airflow/lib/python3.8/site-packages/airflow/example_dags/example_skip_dag.py
[2023-03-26T22:11:33.741+0200] {logging_mixin.py:137} INFO - [2023-03-26T22:11:33.741+0200] {dag.py:2693} INFO - Sync 1 DAGs
[2023-03-26T22:11:33.758+0200] {logging_mixin.py:137} INFO - [2023-03-26T22:11:33.758+0200] {dag.py:3440} INFO - Setting next_dagrun for example_skip_dag to 2023-03-25T20:11:33.758125+00:00, run_after=2023-03-26T20:11:33.758125+00:00
[2023-03-26T22:11:33.846+0200] {processor.py:175} INFO - Processing /home/humbulani/miniconda3/envs/apache-airflow/lib/python3.8/site-packages/airflow/example_dags/example_skip_dag.py took 0.145 seconds
[2023-03-26T22:12:16.228+0200] {processor.py:153} INFO - Started process (PID=19393) to work on /home/humbulani/miniconda3/envs/apache-airflow/lib/python3.8/site-packages/airflow/example_dags/example_skip_dag.py
[2023-03-26T22:12:16.229+0200] {processor.py:743} INFO - Processing file /home/humbulani/miniconda3/envs/apache-airflow/lib/python3.8/site-packages/airflow/example_dags/example_skip_dag.py for tasks to queue
[2023-03-26T22:12:16.230+0200] {logging_mixin.py:137} INFO - [2023-03-26T22:12:16.230+0200] {dagbag.py:532} INFO - Filling up the DagBag from /home/humbulani/miniconda3/envs/apache-airflow/lib/python3.8/site-packages/airflow/example_dags/example_skip_dag.py
[2023-03-26T22:12:16.241+0200] {processor.py:753} INFO - DAG(s) dict_keys(['example_skip_dag']) retrieved from /home/humbulani/miniconda3/envs/apache-airflow/lib/python3.8/site-packages/airflow/example_dags/example_skip_dag.py
[2023-03-26T22:12:16.258+0200] {logging_mixin.py:137} INFO - [2023-03-26T22:12:16.258+0200] {dag.py:2693} INFO - Sync 1 DAGs
[2023-03-26T22:12:16.275+0200] {logging_mixin.py:137} INFO - [2023-03-26T22:12:16.275+0200] {dag.py:3440} INFO - Setting next_dagrun for example_skip_dag to 2023-03-25T20:12:16.275276+00:00, run_after=2023-03-26T20:12:16.275276+00:00
[2023-03-26T22:12:16.357+0200] {processor.py:175} INFO - Processing /home/humbulani/miniconda3/envs/apache-airflow/lib/python3.8/site-packages/airflow/example_dags/example_skip_dag.py took 0.131 seconds
[2023-03-26T22:13:02.672+0200] {processor.py:153} INFO - Started process (PID=19502) to work on /home/humbulani/miniconda3/envs/apache-airflow/lib/python3.8/site-packages/airflow/example_dags/example_skip_dag.py
[2023-03-26T22:13:02.688+0200] {processor.py:743} INFO - Processing file /home/humbulani/miniconda3/envs/apache-airflow/lib/python3.8/site-packages/airflow/example_dags/example_skip_dag.py for tasks to queue
[2023-03-26T22:13:02.689+0200] {logging_mixin.py:137} INFO - [2023-03-26T22:13:02.689+0200] {dagbag.py:532} INFO - Filling up the DagBag from /home/humbulani/miniconda3/envs/apache-airflow/lib/python3.8/site-packages/airflow/example_dags/example_skip_dag.py
[2023-03-26T22:13:02.704+0200] {processor.py:753} INFO - DAG(s) dict_keys(['example_skip_dag']) retrieved from /home/humbulani/miniconda3/envs/apache-airflow/lib/python3.8/site-packages/airflow/example_dags/example_skip_dag.py
[2023-03-26T22:13:02.725+0200] {logging_mixin.py:137} INFO - [2023-03-26T22:13:02.725+0200] {dag.py:2693} INFO - Sync 1 DAGs
[2023-03-26T22:13:02.743+0200] {logging_mixin.py:137} INFO - [2023-03-26T22:13:02.742+0200] {dag.py:3440} INFO - Setting next_dagrun for example_skip_dag to 2023-03-25T20:13:02.742766+00:00, run_after=2023-03-26T20:13:02.742766+00:00
[2023-03-26T22:13:02.823+0200] {processor.py:175} INFO - Processing /home/humbulani/miniconda3/envs/apache-airflow/lib/python3.8/site-packages/airflow/example_dags/example_skip_dag.py took 0.154 seconds
[2023-03-26T22:13:50.100+0200] {processor.py:153} INFO - Started process (PID=19544) to work on /home/humbulani/miniconda3/envs/apache-airflow/lib/python3.8/site-packages/airflow/example_dags/example_skip_dag.py
[2023-03-26T22:13:50.110+0200] {processor.py:743} INFO - Processing file /home/humbulani/miniconda3/envs/apache-airflow/lib/python3.8/site-packages/airflow/example_dags/example_skip_dag.py for tasks to queue
[2023-03-26T22:13:50.111+0200] {logging_mixin.py:137} INFO - [2023-03-26T22:13:50.110+0200] {dagbag.py:532} INFO - Filling up the DagBag from /home/humbulani/miniconda3/envs/apache-airflow/lib/python3.8/site-packages/airflow/example_dags/example_skip_dag.py
[2023-03-26T22:13:50.126+0200] {processor.py:753} INFO - DAG(s) dict_keys(['example_skip_dag']) retrieved from /home/humbulani/miniconda3/envs/apache-airflow/lib/python3.8/site-packages/airflow/example_dags/example_skip_dag.py
[2023-03-26T22:13:50.146+0200] {logging_mixin.py:137} INFO - [2023-03-26T22:13:50.145+0200] {dag.py:2693} INFO - Sync 1 DAGs
[2023-03-26T22:13:50.163+0200] {logging_mixin.py:137} INFO - [2023-03-26T22:13:50.163+0200] {dag.py:3440} INFO - Setting next_dagrun for example_skip_dag to 2023-03-25T20:13:50.163141+00:00, run_after=2023-03-26T20:13:50.163141+00:00
[2023-03-26T22:13:50.243+0200] {processor.py:175} INFO - Processing /home/humbulani/miniconda3/envs/apache-airflow/lib/python3.8/site-packages/airflow/example_dags/example_skip_dag.py took 0.146 seconds
[2023-03-26T22:14:38.039+0200] {processor.py:153} INFO - Started process (PID=19589) to work on /home/humbulani/miniconda3/envs/apache-airflow/lib/python3.8/site-packages/airflow/example_dags/example_skip_dag.py
[2023-03-26T22:14:38.039+0200] {processor.py:743} INFO - Processing file /home/humbulani/miniconda3/envs/apache-airflow/lib/python3.8/site-packages/airflow/example_dags/example_skip_dag.py for tasks to queue
[2023-03-26T22:14:38.040+0200] {logging_mixin.py:137} INFO - [2023-03-26T22:14:38.040+0200] {dagbag.py:532} INFO - Filling up the DagBag from /home/humbulani/miniconda3/envs/apache-airflow/lib/python3.8/site-packages/airflow/example_dags/example_skip_dag.py
[2023-03-26T22:14:38.052+0200] {processor.py:753} INFO - DAG(s) dict_keys(['example_skip_dag']) retrieved from /home/humbulani/miniconda3/envs/apache-airflow/lib/python3.8/site-packages/airflow/example_dags/example_skip_dag.py
[2023-03-26T22:14:38.069+0200] {logging_mixin.py:137} INFO - [2023-03-26T22:14:38.069+0200] {dag.py:2693} INFO - Sync 1 DAGs
[2023-03-26T22:14:38.086+0200] {logging_mixin.py:137} INFO - [2023-03-26T22:14:38.086+0200] {dag.py:3440} INFO - Setting next_dagrun for example_skip_dag to 2023-03-25T20:14:38.085922+00:00, run_after=2023-03-26T20:14:38.085922+00:00
[2023-03-26T22:14:38.181+0200] {processor.py:175} INFO - Processing /home/humbulani/miniconda3/envs/apache-airflow/lib/python3.8/site-packages/airflow/example_dags/example_skip_dag.py took 0.145 seconds
[2023-03-26T22:15:23.827+0200] {processor.py:153} INFO - Started process (PID=19699) to work on /home/humbulani/miniconda3/envs/apache-airflow/lib/python3.8/site-packages/airflow/example_dags/example_skip_dag.py
[2023-03-26T22:15:23.828+0200] {processor.py:743} INFO - Processing file /home/humbulani/miniconda3/envs/apache-airflow/lib/python3.8/site-packages/airflow/example_dags/example_skip_dag.py for tasks to queue
[2023-03-26T22:15:23.829+0200] {logging_mixin.py:137} INFO - [2023-03-26T22:15:23.829+0200] {dagbag.py:532} INFO - Filling up the DagBag from /home/humbulani/miniconda3/envs/apache-airflow/lib/python3.8/site-packages/airflow/example_dags/example_skip_dag.py
[2023-03-26T22:15:23.845+0200] {processor.py:753} INFO - DAG(s) dict_keys(['example_skip_dag']) retrieved from /home/humbulani/miniconda3/envs/apache-airflow/lib/python3.8/site-packages/airflow/example_dags/example_skip_dag.py
[2023-03-26T22:15:23.865+0200] {logging_mixin.py:137} INFO - [2023-03-26T22:15:23.865+0200] {dag.py:2693} INFO - Sync 1 DAGs
[2023-03-26T22:15:23.887+0200] {logging_mixin.py:137} INFO - [2023-03-26T22:15:23.887+0200] {dag.py:3440} INFO - Setting next_dagrun for example_skip_dag to 2023-03-25T20:15:23.887602+00:00, run_after=2023-03-26T20:15:23.887602+00:00
[2023-03-26T22:15:23.993+0200] {processor.py:175} INFO - Processing /home/humbulani/miniconda3/envs/apache-airflow/lib/python3.8/site-packages/airflow/example_dags/example_skip_dag.py took 0.169 seconds
[2023-03-26T22:16:10.848+0200] {processor.py:153} INFO - Started process (PID=19751) to work on /home/humbulani/miniconda3/envs/apache-airflow/lib/python3.8/site-packages/airflow/example_dags/example_skip_dag.py
[2023-03-26T22:16:10.853+0200] {processor.py:743} INFO - Processing file /home/humbulani/miniconda3/envs/apache-airflow/lib/python3.8/site-packages/airflow/example_dags/example_skip_dag.py for tasks to queue
[2023-03-26T22:16:10.853+0200] {logging_mixin.py:137} INFO - [2023-03-26T22:16:10.853+0200] {dagbag.py:532} INFO - Filling up the DagBag from /home/humbulani/miniconda3/envs/apache-airflow/lib/python3.8/site-packages/airflow/example_dags/example_skip_dag.py
[2023-03-26T22:16:10.867+0200] {processor.py:753} INFO - DAG(s) dict_keys(['example_skip_dag']) retrieved from /home/humbulani/miniconda3/envs/apache-airflow/lib/python3.8/site-packages/airflow/example_dags/example_skip_dag.py
[2023-03-26T22:16:10.886+0200] {logging_mixin.py:137} INFO - [2023-03-26T22:16:10.886+0200] {dag.py:2693} INFO - Sync 1 DAGs
[2023-03-26T22:16:10.905+0200] {logging_mixin.py:137} INFO - [2023-03-26T22:16:10.905+0200] {dag.py:3440} INFO - Setting next_dagrun for example_skip_dag to 2023-03-25T20:16:10.905535+00:00, run_after=2023-03-26T20:16:10.905535+00:00
[2023-03-26T22:16:10.989+0200] {processor.py:175} INFO - Processing /home/humbulani/miniconda3/envs/apache-airflow/lib/python3.8/site-packages/airflow/example_dags/example_skip_dag.py took 0.144 seconds
[2023-03-26T22:17:04.331+0200] {processor.py:153} INFO - Started process (PID=19857) to work on /home/humbulani/miniconda3/envs/apache-airflow/lib/python3.8/site-packages/airflow/example_dags/example_skip_dag.py
[2023-03-26T22:17:04.340+0200] {processor.py:743} INFO - Processing file /home/humbulani/miniconda3/envs/apache-airflow/lib/python3.8/site-packages/airflow/example_dags/example_skip_dag.py for tasks to queue
[2023-03-26T22:17:04.341+0200] {logging_mixin.py:137} INFO - [2023-03-26T22:17:04.340+0200] {dagbag.py:532} INFO - Filling up the DagBag from /home/humbulani/miniconda3/envs/apache-airflow/lib/python3.8/site-packages/airflow/example_dags/example_skip_dag.py
[2023-03-26T22:17:04.355+0200] {processor.py:753} INFO - DAG(s) dict_keys(['example_skip_dag']) retrieved from /home/humbulani/miniconda3/envs/apache-airflow/lib/python3.8/site-packages/airflow/example_dags/example_skip_dag.py
[2023-03-26T22:17:04.373+0200] {logging_mixin.py:137} INFO - [2023-03-26T22:17:04.372+0200] {dag.py:2693} INFO - Sync 1 DAGs
[2023-03-26T22:17:04.390+0200] {logging_mixin.py:137} INFO - [2023-03-26T22:17:04.390+0200] {dag.py:3440} INFO - Setting next_dagrun for example_skip_dag to 2023-03-25T20:17:04.390287+00:00, run_after=2023-03-26T20:17:04.390287+00:00
[2023-03-26T22:17:04.470+0200] {processor.py:175} INFO - Processing /home/humbulani/miniconda3/envs/apache-airflow/lib/python3.8/site-packages/airflow/example_dags/example_skip_dag.py took 0.141 seconds
[2023-03-26T22:17:46.263+0200] {processor.py:153} INFO - Started process (PID=19904) to work on /home/humbulani/miniconda3/envs/apache-airflow/lib/python3.8/site-packages/airflow/example_dags/example_skip_dag.py
[2023-03-26T22:17:46.277+0200] {processor.py:743} INFO - Processing file /home/humbulani/miniconda3/envs/apache-airflow/lib/python3.8/site-packages/airflow/example_dags/example_skip_dag.py for tasks to queue
[2023-03-26T22:17:46.278+0200] {logging_mixin.py:137} INFO - [2023-03-26T22:17:46.278+0200] {dagbag.py:532} INFO - Filling up the DagBag from /home/humbulani/miniconda3/envs/apache-airflow/lib/python3.8/site-packages/airflow/example_dags/example_skip_dag.py
[2023-03-26T22:17:46.290+0200] {processor.py:753} INFO - DAG(s) dict_keys(['example_skip_dag']) retrieved from /home/humbulani/miniconda3/envs/apache-airflow/lib/python3.8/site-packages/airflow/example_dags/example_skip_dag.py
[2023-03-26T22:17:46.308+0200] {logging_mixin.py:137} INFO - [2023-03-26T22:17:46.308+0200] {dag.py:2693} INFO - Sync 1 DAGs
[2023-03-26T22:17:46.327+0200] {logging_mixin.py:137} INFO - [2023-03-26T22:17:46.326+0200] {dag.py:3440} INFO - Setting next_dagrun for example_skip_dag to 2023-03-25T20:17:46.326743+00:00, run_after=2023-03-26T20:17:46.326743+00:00
[2023-03-26T22:17:46.407+0200] {processor.py:175} INFO - Processing /home/humbulani/miniconda3/envs/apache-airflow/lib/python3.8/site-packages/airflow/example_dags/example_skip_dag.py took 0.147 seconds
[2023-03-26T22:18:32.054+0200] {processor.py:153} INFO - Started process (PID=20012) to work on /home/humbulani/miniconda3/envs/apache-airflow/lib/python3.8/site-packages/airflow/example_dags/example_skip_dag.py
[2023-03-26T22:18:32.065+0200] {processor.py:743} INFO - Processing file /home/humbulani/miniconda3/envs/apache-airflow/lib/python3.8/site-packages/airflow/example_dags/example_skip_dag.py for tasks to queue
[2023-03-26T22:18:32.066+0200] {logging_mixin.py:137} INFO - [2023-03-26T22:18:32.066+0200] {dagbag.py:532} INFO - Filling up the DagBag from /home/humbulani/miniconda3/envs/apache-airflow/lib/python3.8/site-packages/airflow/example_dags/example_skip_dag.py
[2023-03-26T22:18:32.077+0200] {processor.py:753} INFO - DAG(s) dict_keys(['example_skip_dag']) retrieved from /home/humbulani/miniconda3/envs/apache-airflow/lib/python3.8/site-packages/airflow/example_dags/example_skip_dag.py
[2023-03-26T22:18:32.094+0200] {logging_mixin.py:137} INFO - [2023-03-26T22:18:32.094+0200] {dag.py:2693} INFO - Sync 1 DAGs
[2023-03-26T22:18:32.111+0200] {logging_mixin.py:137} INFO - [2023-03-26T22:18:32.111+0200] {dag.py:3440} INFO - Setting next_dagrun for example_skip_dag to 2023-03-25T20:18:32.111188+00:00, run_after=2023-03-26T20:18:32.111188+00:00
[2023-03-26T22:18:32.187+0200] {processor.py:175} INFO - Processing /home/humbulani/miniconda3/envs/apache-airflow/lib/python3.8/site-packages/airflow/example_dags/example_skip_dag.py took 0.135 seconds
[2023-03-26T22:19:15.865+0200] {processor.py:153} INFO - Started process (PID=20066) to work on /home/humbulani/miniconda3/envs/apache-airflow/lib/python3.8/site-packages/airflow/example_dags/example_skip_dag.py
[2023-03-26T22:19:15.866+0200] {processor.py:743} INFO - Processing file /home/humbulani/miniconda3/envs/apache-airflow/lib/python3.8/site-packages/airflow/example_dags/example_skip_dag.py for tasks to queue
[2023-03-26T22:19:15.866+0200] {logging_mixin.py:137} INFO - [2023-03-26T22:19:15.866+0200] {dagbag.py:532} INFO - Filling up the DagBag from /home/humbulani/miniconda3/envs/apache-airflow/lib/python3.8/site-packages/airflow/example_dags/example_skip_dag.py
[2023-03-26T22:19:15.883+0200] {processor.py:753} INFO - DAG(s) dict_keys(['example_skip_dag']) retrieved from /home/humbulani/miniconda3/envs/apache-airflow/lib/python3.8/site-packages/airflow/example_dags/example_skip_dag.py
[2023-03-26T22:19:15.907+0200] {logging_mixin.py:137} INFO - [2023-03-26T22:19:15.907+0200] {dag.py:2693} INFO - Sync 1 DAGs
[2023-03-26T22:19:15.931+0200] {logging_mixin.py:137} INFO - [2023-03-26T22:19:15.931+0200] {dag.py:3440} INFO - Setting next_dagrun for example_skip_dag to 2023-03-25T20:19:15.931080+00:00, run_after=2023-03-26T20:19:15.931080+00:00
[2023-03-26T22:19:16.018+0200] {processor.py:175} INFO - Processing /home/humbulani/miniconda3/envs/apache-airflow/lib/python3.8/site-packages/airflow/example_dags/example_skip_dag.py took 0.156 seconds
[2023-03-26T22:20:00.965+0200] {processor.py:153} INFO - Started process (PID=20167) to work on /home/humbulani/miniconda3/envs/apache-airflow/lib/python3.8/site-packages/airflow/example_dags/example_skip_dag.py
[2023-03-26T22:20:00.969+0200] {processor.py:743} INFO - Processing file /home/humbulani/miniconda3/envs/apache-airflow/lib/python3.8/site-packages/airflow/example_dags/example_skip_dag.py for tasks to queue
[2023-03-26T22:20:00.970+0200] {logging_mixin.py:137} INFO - [2023-03-26T22:20:00.970+0200] {dagbag.py:532} INFO - Filling up the DagBag from /home/humbulani/miniconda3/envs/apache-airflow/lib/python3.8/site-packages/airflow/example_dags/example_skip_dag.py
[2023-03-26T22:20:00.982+0200] {processor.py:753} INFO - DAG(s) dict_keys(['example_skip_dag']) retrieved from /home/humbulani/miniconda3/envs/apache-airflow/lib/python3.8/site-packages/airflow/example_dags/example_skip_dag.py
[2023-03-26T22:20:00.999+0200] {logging_mixin.py:137} INFO - [2023-03-26T22:20:00.998+0200] {dag.py:2693} INFO - Sync 1 DAGs
[2023-03-26T22:20:01.015+0200] {logging_mixin.py:137} INFO - [2023-03-26T22:20:01.015+0200] {dag.py:3440} INFO - Setting next_dagrun for example_skip_dag to 2023-03-25T20:20:01.015612+00:00, run_after=2023-03-26T20:20:01.015612+00:00
[2023-03-26T22:20:01.103+0200] {processor.py:175} INFO - Processing /home/humbulani/miniconda3/envs/apache-airflow/lib/python3.8/site-packages/airflow/example_dags/example_skip_dag.py took 0.140 seconds
[2023-03-26T22:20:46.189+0200] {processor.py:153} INFO - Started process (PID=20256) to work on /home/humbulani/miniconda3/envs/apache-airflow/lib/python3.8/site-packages/airflow/example_dags/example_skip_dag.py
[2023-03-26T22:20:46.207+0200] {processor.py:743} INFO - Processing file /home/humbulani/miniconda3/envs/apache-airflow/lib/python3.8/site-packages/airflow/example_dags/example_skip_dag.py for tasks to queue
[2023-03-26T22:20:46.208+0200] {logging_mixin.py:137} INFO - [2023-03-26T22:20:46.208+0200] {dagbag.py:532} INFO - Filling up the DagBag from /home/humbulani/miniconda3/envs/apache-airflow/lib/python3.8/site-packages/airflow/example_dags/example_skip_dag.py
[2023-03-26T22:20:46.225+0200] {processor.py:753} INFO - DAG(s) dict_keys(['example_skip_dag']) retrieved from /home/humbulani/miniconda3/envs/apache-airflow/lib/python3.8/site-packages/airflow/example_dags/example_skip_dag.py
[2023-03-26T22:20:46.249+0200] {logging_mixin.py:137} INFO - [2023-03-26T22:20:46.249+0200] {dag.py:2693} INFO - Sync 1 DAGs
[2023-03-26T22:20:46.275+0200] {logging_mixin.py:137} INFO - [2023-03-26T22:20:46.275+0200] {dag.py:3440} INFO - Setting next_dagrun for example_skip_dag to 2023-03-25T20:20:46.274962+00:00, run_after=2023-03-26T20:20:46.274962+00:00
[2023-03-26T22:20:46.374+0200] {processor.py:175} INFO - Processing /home/humbulani/miniconda3/envs/apache-airflow/lib/python3.8/site-packages/airflow/example_dags/example_skip_dag.py took 0.189 seconds
[2023-03-26T22:21:31.281+0200] {processor.py:153} INFO - Started process (PID=20301) to work on /home/humbulani/miniconda3/envs/apache-airflow/lib/python3.8/site-packages/airflow/example_dags/example_skip_dag.py
[2023-03-26T22:21:31.292+0200] {processor.py:743} INFO - Processing file /home/humbulani/miniconda3/envs/apache-airflow/lib/python3.8/site-packages/airflow/example_dags/example_skip_dag.py for tasks to queue
[2023-03-26T22:21:31.292+0200] {logging_mixin.py:137} INFO - [2023-03-26T22:21:31.292+0200] {dagbag.py:532} INFO - Filling up the DagBag from /home/humbulani/miniconda3/envs/apache-airflow/lib/python3.8/site-packages/airflow/example_dags/example_skip_dag.py
[2023-03-26T22:21:31.304+0200] {processor.py:753} INFO - DAG(s) dict_keys(['example_skip_dag']) retrieved from /home/humbulani/miniconda3/envs/apache-airflow/lib/python3.8/site-packages/airflow/example_dags/example_skip_dag.py
[2023-03-26T22:21:31.321+0200] {logging_mixin.py:137} INFO - [2023-03-26T22:21:31.321+0200] {dag.py:2693} INFO - Sync 1 DAGs
[2023-03-26T22:21:31.339+0200] {logging_mixin.py:137} INFO - [2023-03-26T22:21:31.339+0200] {dag.py:3440} INFO - Setting next_dagrun for example_skip_dag to 2023-03-25T20:21:31.338930+00:00, run_after=2023-03-26T20:21:31.338930+00:00
[2023-03-26T22:21:31.420+0200] {processor.py:175} INFO - Processing /home/humbulani/miniconda3/envs/apache-airflow/lib/python3.8/site-packages/airflow/example_dags/example_skip_dag.py took 0.141 seconds
[2023-03-26T22:22:15.251+0200] {processor.py:153} INFO - Started process (PID=20346) to work on /home/humbulani/miniconda3/envs/apache-airflow/lib/python3.8/site-packages/airflow/example_dags/example_skip_dag.py
[2023-03-26T22:22:15.263+0200] {processor.py:743} INFO - Processing file /home/humbulani/miniconda3/envs/apache-airflow/lib/python3.8/site-packages/airflow/example_dags/example_skip_dag.py for tasks to queue
[2023-03-26T22:22:15.263+0200] {logging_mixin.py:137} INFO - [2023-03-26T22:22:15.263+0200] {dagbag.py:532} INFO - Filling up the DagBag from /home/humbulani/miniconda3/envs/apache-airflow/lib/python3.8/site-packages/airflow/example_dags/example_skip_dag.py
[2023-03-26T22:22:15.277+0200] {processor.py:753} INFO - DAG(s) dict_keys(['example_skip_dag']) retrieved from /home/humbulani/miniconda3/envs/apache-airflow/lib/python3.8/site-packages/airflow/example_dags/example_skip_dag.py
[2023-03-26T22:22:15.294+0200] {logging_mixin.py:137} INFO - [2023-03-26T22:22:15.294+0200] {dag.py:2693} INFO - Sync 1 DAGs
[2023-03-26T22:22:15.311+0200] {logging_mixin.py:137} INFO - [2023-03-26T22:22:15.311+0200] {dag.py:3440} INFO - Setting next_dagrun for example_skip_dag to 2023-03-25T20:22:15.310968+00:00, run_after=2023-03-26T20:22:15.310968+00:00
[2023-03-26T22:22:15.382+0200] {processor.py:175} INFO - Processing /home/humbulani/miniconda3/envs/apache-airflow/lib/python3.8/site-packages/airflow/example_dags/example_skip_dag.py took 0.134 seconds
[2023-03-26T22:23:02.339+0200] {processor.py:153} INFO - Started process (PID=20388) to work on /home/humbulani/miniconda3/envs/apache-airflow/lib/python3.8/site-packages/airflow/example_dags/example_skip_dag.py
[2023-03-26T22:23:02.350+0200] {processor.py:743} INFO - Processing file /home/humbulani/miniconda3/envs/apache-airflow/lib/python3.8/site-packages/airflow/example_dags/example_skip_dag.py for tasks to queue
[2023-03-26T22:23:02.351+0200] {logging_mixin.py:137} INFO - [2023-03-26T22:23:02.351+0200] {dagbag.py:532} INFO - Filling up the DagBag from /home/humbulani/miniconda3/envs/apache-airflow/lib/python3.8/site-packages/airflow/example_dags/example_skip_dag.py
[2023-03-26T22:23:02.367+0200] {processor.py:753} INFO - DAG(s) dict_keys(['example_skip_dag']) retrieved from /home/humbulani/miniconda3/envs/apache-airflow/lib/python3.8/site-packages/airflow/example_dags/example_skip_dag.py
[2023-03-26T22:23:02.386+0200] {logging_mixin.py:137} INFO - [2023-03-26T22:23:02.386+0200] {dag.py:2693} INFO - Sync 1 DAGs
[2023-03-26T22:23:02.403+0200] {logging_mixin.py:137} INFO - [2023-03-26T22:23:02.402+0200] {dag.py:3440} INFO - Setting next_dagrun for example_skip_dag to 2023-03-25T20:23:02.402793+00:00, run_after=2023-03-26T20:23:02.402793+00:00
[2023-03-26T22:23:02.495+0200] {processor.py:175} INFO - Processing /home/humbulani/miniconda3/envs/apache-airflow/lib/python3.8/site-packages/airflow/example_dags/example_skip_dag.py took 0.158 seconds
