[2023-03-26T21:39:51.089+0200] {processor.py:153} INFO - Started process (PID=16662) to work on /home/humbulani/miniconda3/envs/apache-airflow/lib/python3.8/site-packages/airflow/example_dags/example_branch_operator.py
[2023-03-26T21:39:51.090+0200] {processor.py:743} INFO - Processing file /home/humbulani/miniconda3/envs/apache-airflow/lib/python3.8/site-packages/airflow/example_dags/example_branch_operator.py for tasks to queue
[2023-03-26T21:39:51.090+0200] {logging_mixin.py:137} INFO - [2023-03-26T21:39:51.090+0200] {dagbag.py:532} INFO - Filling up the DagBag from /home/humbulani/miniconda3/envs/apache-airflow/lib/python3.8/site-packages/airflow/example_dags/example_branch_operator.py
[2023-03-26T21:39:51.105+0200] {processor.py:753} INFO - DAG(s) dict_keys(['example_branch_operator']) retrieved from /home/humbulani/miniconda3/envs/apache-airflow/lib/python3.8/site-packages/airflow/example_dags/example_branch_operator.py
[2023-03-26T21:39:51.332+0200] {logging_mixin.py:137} INFO - [2023-03-26T21:39:51.332+0200] {manager.py:504} INFO - Created Permission View: can edit on DAG:example_branch_operator
[2023-03-26T21:39:51.400+0200] {logging_mixin.py:137} INFO - [2023-03-26T21:39:51.400+0200] {manager.py:504} INFO - Created Permission View: can read on DAG:example_branch_operator
[2023-03-26T21:39:51.475+0200] {logging_mixin.py:137} INFO - [2023-03-26T21:39:51.475+0200] {manager.py:504} INFO - Created Permission View: can delete on DAG:example_branch_operator
[2023-03-26T21:39:51.476+0200] {logging_mixin.py:137} INFO - [2023-03-26T21:39:51.476+0200] {dag.py:2693} INFO - Sync 1 DAGs
[2023-03-26T21:39:51.493+0200] {logging_mixin.py:137} INFO - [2023-03-26T21:39:51.493+0200] {dag.py:2714} INFO - Creating ORM DAG for example_branch_operator
[2023-03-26T21:39:51.505+0200] {logging_mixin.py:137} INFO - [2023-03-26T21:39:51.505+0200] {dag.py:3440} INFO - Setting next_dagrun for example_branch_operator to 2023-03-25T00:00:00+00:00, run_after=2023-03-26T00:00:00+00:00
[2023-03-26T21:39:51.731+0200] {processor.py:175} INFO - Processing /home/humbulani/miniconda3/envs/apache-airflow/lib/python3.8/site-packages/airflow/example_dags/example_branch_operator.py took 0.645 seconds
[2023-03-26T21:40:45.691+0200] {processor.py:153} INFO - Started process (PID=16760) to work on /home/humbulani/miniconda3/envs/apache-airflow/lib/python3.8/site-packages/airflow/example_dags/example_branch_operator.py
[2023-03-26T21:40:45.692+0200] {processor.py:743} INFO - Processing file /home/humbulani/miniconda3/envs/apache-airflow/lib/python3.8/site-packages/airflow/example_dags/example_branch_operator.py for tasks to queue
[2023-03-26T21:40:45.692+0200] {logging_mixin.py:137} INFO - [2023-03-26T21:40:45.692+0200] {dagbag.py:532} INFO - Filling up the DagBag from /home/humbulani/miniconda3/envs/apache-airflow/lib/python3.8/site-packages/airflow/example_dags/example_branch_operator.py
[2023-03-26T21:40:45.708+0200] {processor.py:753} INFO - DAG(s) dict_keys(['example_branch_operator']) retrieved from /home/humbulani/miniconda3/envs/apache-airflow/lib/python3.8/site-packages/airflow/example_dags/example_branch_operator.py
[2023-03-26T21:40:45.727+0200] {logging_mixin.py:137} INFO - [2023-03-26T21:40:45.727+0200] {dag.py:2693} INFO - Sync 1 DAGs
[2023-03-26T21:40:45.749+0200] {logging_mixin.py:137} INFO - [2023-03-26T21:40:45.749+0200] {dag.py:3440} INFO - Setting next_dagrun for example_branch_operator to 2023-03-25T00:00:00+00:00, run_after=2023-03-26T00:00:00+00:00
[2023-03-26T21:40:45.887+0200] {processor.py:175} INFO - Processing /home/humbulani/miniconda3/envs/apache-airflow/lib/python3.8/site-packages/airflow/example_dags/example_branch_operator.py took 0.198 seconds
[2023-03-26T21:48:16.852+0200] {processor.py:153} INFO - Started process (PID=16893) to work on /home/humbulani/miniconda3/envs/apache-airflow/lib/python3.8/site-packages/airflow/example_dags/example_branch_operator.py
[2023-03-26T21:48:16.853+0200] {processor.py:743} INFO - Processing file /home/humbulani/miniconda3/envs/apache-airflow/lib/python3.8/site-packages/airflow/example_dags/example_branch_operator.py for tasks to queue
[2023-03-26T21:48:16.853+0200] {logging_mixin.py:137} INFO - [2023-03-26T21:48:16.853+0200] {dagbag.py:532} INFO - Filling up the DagBag from /home/humbulani/miniconda3/envs/apache-airflow/lib/python3.8/site-packages/airflow/example_dags/example_branch_operator.py
[2023-03-26T21:48:16.870+0200] {processor.py:753} INFO - DAG(s) dict_keys(['example_branch_operator']) retrieved from /home/humbulani/miniconda3/envs/apache-airflow/lib/python3.8/site-packages/airflow/example_dags/example_branch_operator.py
[2023-03-26T21:48:16.891+0200] {logging_mixin.py:137} INFO - [2023-03-26T21:48:16.891+0200] {dag.py:2693} INFO - Sync 1 DAGs
[2023-03-26T21:48:16.914+0200] {logging_mixin.py:137} INFO - [2023-03-26T21:48:16.914+0200] {dag.py:3440} INFO - Setting next_dagrun for example_branch_operator to 2023-03-25T00:00:00+00:00, run_after=2023-03-26T00:00:00+00:00
[2023-03-26T21:48:17.027+0200] {processor.py:175} INFO - Processing /home/humbulani/miniconda3/envs/apache-airflow/lib/python3.8/site-packages/airflow/example_dags/example_branch_operator.py took 0.178 seconds
[2023-03-26T21:49:05.467+0200] {processor.py:153} INFO - Started process (PID=16935) to work on /home/humbulani/miniconda3/envs/apache-airflow/lib/python3.8/site-packages/airflow/example_dags/example_branch_operator.py
[2023-03-26T21:49:05.468+0200] {processor.py:743} INFO - Processing file /home/humbulani/miniconda3/envs/apache-airflow/lib/python3.8/site-packages/airflow/example_dags/example_branch_operator.py for tasks to queue
[2023-03-26T21:49:05.468+0200] {logging_mixin.py:137} INFO - [2023-03-26T21:49:05.468+0200] {dagbag.py:532} INFO - Filling up the DagBag from /home/humbulani/miniconda3/envs/apache-airflow/lib/python3.8/site-packages/airflow/example_dags/example_branch_operator.py
[2023-03-26T21:49:05.483+0200] {processor.py:753} INFO - DAG(s) dict_keys(['example_branch_operator']) retrieved from /home/humbulani/miniconda3/envs/apache-airflow/lib/python3.8/site-packages/airflow/example_dags/example_branch_operator.py
[2023-03-26T21:49:05.501+0200] {logging_mixin.py:137} INFO - [2023-03-26T21:49:05.501+0200] {dag.py:2693} INFO - Sync 1 DAGs
[2023-03-26T21:49:05.520+0200] {logging_mixin.py:137} INFO - [2023-03-26T21:49:05.520+0200] {dag.py:3440} INFO - Setting next_dagrun for example_branch_operator to 2023-03-25T00:00:00+00:00, run_after=2023-03-26T00:00:00+00:00
[2023-03-26T21:49:05.619+0200] {processor.py:175} INFO - Processing /home/humbulani/miniconda3/envs/apache-airflow/lib/python3.8/site-packages/airflow/example_dags/example_branch_operator.py took 0.154 seconds
[2023-03-26T21:49:53.943+0200] {processor.py:153} INFO - Started process (PID=16979) to work on /home/humbulani/miniconda3/envs/apache-airflow/lib/python3.8/site-packages/airflow/example_dags/example_branch_operator.py
[2023-03-26T21:49:53.944+0200] {processor.py:743} INFO - Processing file /home/humbulani/miniconda3/envs/apache-airflow/lib/python3.8/site-packages/airflow/example_dags/example_branch_operator.py for tasks to queue
[2023-03-26T21:49:53.945+0200] {logging_mixin.py:137} INFO - [2023-03-26T21:49:53.945+0200] {dagbag.py:532} INFO - Filling up the DagBag from /home/humbulani/miniconda3/envs/apache-airflow/lib/python3.8/site-packages/airflow/example_dags/example_branch_operator.py
[2023-03-26T21:49:53.964+0200] {processor.py:753} INFO - DAG(s) dict_keys(['example_branch_operator']) retrieved from /home/humbulani/miniconda3/envs/apache-airflow/lib/python3.8/site-packages/airflow/example_dags/example_branch_operator.py
[2023-03-26T21:49:53.984+0200] {logging_mixin.py:137} INFO - [2023-03-26T21:49:53.984+0200] {dag.py:2693} INFO - Sync 1 DAGs
[2023-03-26T21:49:54.002+0200] {logging_mixin.py:137} INFO - [2023-03-26T21:49:54.002+0200] {dag.py:3440} INFO - Setting next_dagrun for example_branch_operator to 2023-03-25T00:00:00+00:00, run_after=2023-03-26T00:00:00+00:00
[2023-03-26T21:49:54.108+0200] {processor.py:175} INFO - Processing /home/humbulani/miniconda3/envs/apache-airflow/lib/python3.8/site-packages/airflow/example_dags/example_branch_operator.py took 0.167 seconds
[2023-03-26T21:50:39.755+0200] {processor.py:153} INFO - Started process (PID=17022) to work on /home/humbulani/miniconda3/envs/apache-airflow/lib/python3.8/site-packages/airflow/example_dags/example_branch_operator.py
[2023-03-26T21:50:39.767+0200] {processor.py:743} INFO - Processing file /home/humbulani/miniconda3/envs/apache-airflow/lib/python3.8/site-packages/airflow/example_dags/example_branch_operator.py for tasks to queue
[2023-03-26T21:50:39.768+0200] {logging_mixin.py:137} INFO - [2023-03-26T21:50:39.768+0200] {dagbag.py:532} INFO - Filling up the DagBag from /home/humbulani/miniconda3/envs/apache-airflow/lib/python3.8/site-packages/airflow/example_dags/example_branch_operator.py
[2023-03-26T21:50:39.785+0200] {processor.py:753} INFO - DAG(s) dict_keys(['example_branch_operator']) retrieved from /home/humbulani/miniconda3/envs/apache-airflow/lib/python3.8/site-packages/airflow/example_dags/example_branch_operator.py
[2023-03-26T21:50:39.806+0200] {logging_mixin.py:137} INFO - [2023-03-26T21:50:39.806+0200] {dag.py:2693} INFO - Sync 1 DAGs
[2023-03-26T21:50:39.824+0200] {logging_mixin.py:137} INFO - [2023-03-26T21:50:39.824+0200] {dag.py:3440} INFO - Setting next_dagrun for example_branch_operator to 2023-03-25T00:00:00+00:00, run_after=2023-03-26T00:00:00+00:00
[2023-03-26T21:50:39.901+0200] {processor.py:175} INFO - Processing /home/humbulani/miniconda3/envs/apache-airflow/lib/python3.8/site-packages/airflow/example_dags/example_branch_operator.py took 0.149 seconds
[2023-03-26T21:51:25.051+0200] {processor.py:153} INFO - Started process (PID=17138) to work on /home/humbulani/miniconda3/envs/apache-airflow/lib/python3.8/site-packages/airflow/example_dags/example_branch_operator.py
[2023-03-26T21:51:25.070+0200] {processor.py:743} INFO - Processing file /home/humbulani/miniconda3/envs/apache-airflow/lib/python3.8/site-packages/airflow/example_dags/example_branch_operator.py for tasks to queue
[2023-03-26T21:51:25.071+0200] {logging_mixin.py:137} INFO - [2023-03-26T21:51:25.071+0200] {dagbag.py:532} INFO - Filling up the DagBag from /home/humbulani/miniconda3/envs/apache-airflow/lib/python3.8/site-packages/airflow/example_dags/example_branch_operator.py
[2023-03-26T21:51:25.090+0200] {processor.py:753} INFO - DAG(s) dict_keys(['example_branch_operator']) retrieved from /home/humbulani/miniconda3/envs/apache-airflow/lib/python3.8/site-packages/airflow/example_dags/example_branch_operator.py
[2023-03-26T21:51:25.112+0200] {logging_mixin.py:137} INFO - [2023-03-26T21:51:25.112+0200] {dag.py:2693} INFO - Sync 1 DAGs
[2023-03-26T21:51:25.130+0200] {logging_mixin.py:137} INFO - [2023-03-26T21:51:25.130+0200] {dag.py:3440} INFO - Setting next_dagrun for example_branch_operator to 2023-03-25T00:00:00+00:00, run_after=2023-03-26T00:00:00+00:00
[2023-03-26T21:51:25.212+0200] {processor.py:175} INFO - Processing /home/humbulani/miniconda3/envs/apache-airflow/lib/python3.8/site-packages/airflow/example_dags/example_branch_operator.py took 0.164 seconds
[2023-03-26T21:52:10.683+0200] {processor.py:153} INFO - Started process (PID=17181) to work on /home/humbulani/miniconda3/envs/apache-airflow/lib/python3.8/site-packages/airflow/example_dags/example_branch_operator.py
[2023-03-26T21:52:10.714+0200] {processor.py:743} INFO - Processing file /home/humbulani/miniconda3/envs/apache-airflow/lib/python3.8/site-packages/airflow/example_dags/example_branch_operator.py for tasks to queue
[2023-03-26T21:52:10.715+0200] {logging_mixin.py:137} INFO - [2023-03-26T21:52:10.715+0200] {dagbag.py:532} INFO - Filling up the DagBag from /home/humbulani/miniconda3/envs/apache-airflow/lib/python3.8/site-packages/airflow/example_dags/example_branch_operator.py
[2023-03-26T21:52:10.731+0200] {processor.py:753} INFO - DAG(s) dict_keys(['example_branch_operator']) retrieved from /home/humbulani/miniconda3/envs/apache-airflow/lib/python3.8/site-packages/airflow/example_dags/example_branch_operator.py
[2023-03-26T21:52:10.754+0200] {logging_mixin.py:137} INFO - [2023-03-26T21:52:10.753+0200] {dag.py:2693} INFO - Sync 1 DAGs
[2023-03-26T21:52:10.772+0200] {logging_mixin.py:137} INFO - [2023-03-26T21:52:10.772+0200] {dag.py:3440} INFO - Setting next_dagrun for example_branch_operator to 2023-03-25T00:00:00+00:00, run_after=2023-03-26T00:00:00+00:00
[2023-03-26T21:52:10.873+0200] {processor.py:175} INFO - Processing /home/humbulani/miniconda3/envs/apache-airflow/lib/python3.8/site-packages/airflow/example_dags/example_branch_operator.py took 0.192 seconds
[2023-03-26T21:52:59.807+0200] {processor.py:153} INFO - Started process (PID=17231) to work on /home/humbulani/miniconda3/envs/apache-airflow/lib/python3.8/site-packages/airflow/example_dags/example_branch_operator.py
[2023-03-26T21:52:59.808+0200] {processor.py:743} INFO - Processing file /home/humbulani/miniconda3/envs/apache-airflow/lib/python3.8/site-packages/airflow/example_dags/example_branch_operator.py for tasks to queue
[2023-03-26T21:52:59.809+0200] {logging_mixin.py:137} INFO - [2023-03-26T21:52:59.809+0200] {dagbag.py:532} INFO - Filling up the DagBag from /home/humbulani/miniconda3/envs/apache-airflow/lib/python3.8/site-packages/airflow/example_dags/example_branch_operator.py
[2023-03-26T21:52:59.828+0200] {processor.py:753} INFO - DAG(s) dict_keys(['example_branch_operator']) retrieved from /home/humbulani/miniconda3/envs/apache-airflow/lib/python3.8/site-packages/airflow/example_dags/example_branch_operator.py
[2023-03-26T21:52:59.846+0200] {logging_mixin.py:137} INFO - [2023-03-26T21:52:59.846+0200] {dag.py:2693} INFO - Sync 1 DAGs
[2023-03-26T21:52:59.943+0200] {logging_mixin.py:137} INFO - [2023-03-26T21:52:59.943+0200] {dag.py:3440} INFO - Setting next_dagrun for example_branch_operator to 2023-03-25T00:00:00+00:00, run_after=2023-03-26T00:00:00+00:00
[2023-03-26T21:53:00.049+0200] {processor.py:175} INFO - Processing /home/humbulani/miniconda3/envs/apache-airflow/lib/python3.8/site-packages/airflow/example_dags/example_branch_operator.py took 0.245 seconds
[2023-03-26T21:53:49.588+0200] {processor.py:153} INFO - Started process (PID=17279) to work on /home/humbulani/miniconda3/envs/apache-airflow/lib/python3.8/site-packages/airflow/example_dags/example_branch_operator.py
[2023-03-26T21:53:49.627+0200] {processor.py:743} INFO - Processing file /home/humbulani/miniconda3/envs/apache-airflow/lib/python3.8/site-packages/airflow/example_dags/example_branch_operator.py for tasks to queue
[2023-03-26T21:53:49.628+0200] {logging_mixin.py:137} INFO - [2023-03-26T21:53:49.627+0200] {dagbag.py:532} INFO - Filling up the DagBag from /home/humbulani/miniconda3/envs/apache-airflow/lib/python3.8/site-packages/airflow/example_dags/example_branch_operator.py
[2023-03-26T21:53:49.644+0200] {processor.py:753} INFO - DAG(s) dict_keys(['example_branch_operator']) retrieved from /home/humbulani/miniconda3/envs/apache-airflow/lib/python3.8/site-packages/airflow/example_dags/example_branch_operator.py
[2023-03-26T21:53:49.664+0200] {logging_mixin.py:137} INFO - [2023-03-26T21:53:49.664+0200] {dag.py:2693} INFO - Sync 1 DAGs
[2023-03-26T21:53:49.760+0200] {logging_mixin.py:137} INFO - [2023-03-26T21:53:49.760+0200] {dag.py:3440} INFO - Setting next_dagrun for example_branch_operator to 2023-03-25T00:00:00+00:00, run_after=2023-03-26T00:00:00+00:00
[2023-03-26T21:53:49.836+0200] {processor.py:175} INFO - Processing /home/humbulani/miniconda3/envs/apache-airflow/lib/python3.8/site-packages/airflow/example_dags/example_branch_operator.py took 0.251 seconds
[2023-03-26T21:54:39.256+0200] {processor.py:153} INFO - Started process (PID=17326) to work on /home/humbulani/miniconda3/envs/apache-airflow/lib/python3.8/site-packages/airflow/example_dags/example_branch_operator.py
[2023-03-26T21:54:39.288+0200] {processor.py:743} INFO - Processing file /home/humbulani/miniconda3/envs/apache-airflow/lib/python3.8/site-packages/airflow/example_dags/example_branch_operator.py for tasks to queue
[2023-03-26T21:54:39.289+0200] {logging_mixin.py:137} INFO - [2023-03-26T21:54:39.289+0200] {dagbag.py:532} INFO - Filling up the DagBag from /home/humbulani/miniconda3/envs/apache-airflow/lib/python3.8/site-packages/airflow/example_dags/example_branch_operator.py
[2023-03-26T21:54:39.305+0200] {processor.py:753} INFO - DAG(s) dict_keys(['example_branch_operator']) retrieved from /home/humbulani/miniconda3/envs/apache-airflow/lib/python3.8/site-packages/airflow/example_dags/example_branch_operator.py
[2023-03-26T21:54:39.403+0200] {logging_mixin.py:137} INFO - [2023-03-26T21:54:39.403+0200] {dag.py:2693} INFO - Sync 1 DAGs
[2023-03-26T21:54:39.420+0200] {logging_mixin.py:137} INFO - [2023-03-26T21:54:39.419+0200] {dag.py:3440} INFO - Setting next_dagrun for example_branch_operator to 2023-03-25T00:00:00+00:00, run_after=2023-03-26T00:00:00+00:00
[2023-03-26T21:54:39.498+0200] {processor.py:175} INFO - Processing /home/humbulani/miniconda3/envs/apache-airflow/lib/python3.8/site-packages/airflow/example_dags/example_branch_operator.py took 0.245 seconds
[2023-03-26T21:55:27.927+0200] {processor.py:153} INFO - Started process (PID=17370) to work on /home/humbulani/miniconda3/envs/apache-airflow/lib/python3.8/site-packages/airflow/example_dags/example_branch_operator.py
[2023-03-26T21:55:27.928+0200] {processor.py:743} INFO - Processing file /home/humbulani/miniconda3/envs/apache-airflow/lib/python3.8/site-packages/airflow/example_dags/example_branch_operator.py for tasks to queue
[2023-03-26T21:55:27.929+0200] {logging_mixin.py:137} INFO - [2023-03-26T21:55:27.929+0200] {dagbag.py:532} INFO - Filling up the DagBag from /home/humbulani/miniconda3/envs/apache-airflow/lib/python3.8/site-packages/airflow/example_dags/example_branch_operator.py
[2023-03-26T21:55:28.030+0200] {processor.py:753} INFO - DAG(s) dict_keys(['example_branch_operator']) retrieved from /home/humbulani/miniconda3/envs/apache-airflow/lib/python3.8/site-packages/airflow/example_dags/example_branch_operator.py
[2023-03-26T21:55:28.045+0200] {logging_mixin.py:137} INFO - [2023-03-26T21:55:28.045+0200] {dag.py:2693} INFO - Sync 1 DAGs
[2023-03-26T21:55:28.062+0200] {logging_mixin.py:137} INFO - [2023-03-26T21:55:28.061+0200] {dag.py:3440} INFO - Setting next_dagrun for example_branch_operator to 2023-03-25T00:00:00+00:00, run_after=2023-03-26T00:00:00+00:00
[2023-03-26T21:55:28.161+0200] {processor.py:175} INFO - Processing /home/humbulani/miniconda3/envs/apache-airflow/lib/python3.8/site-packages/airflow/example_dags/example_branch_operator.py took 0.236 seconds
[2023-03-26T21:56:17.704+0200] {processor.py:153} INFO - Started process (PID=17472) to work on /home/humbulani/miniconda3/envs/apache-airflow/lib/python3.8/site-packages/airflow/example_dags/example_branch_operator.py
[2023-03-26T21:56:17.750+0200] {processor.py:743} INFO - Processing file /home/humbulani/miniconda3/envs/apache-airflow/lib/python3.8/site-packages/airflow/example_dags/example_branch_operator.py for tasks to queue
[2023-03-26T21:56:17.750+0200] {logging_mixin.py:137} INFO - [2023-03-26T21:56:17.750+0200] {dagbag.py:532} INFO - Filling up the DagBag from /home/humbulani/miniconda3/envs/apache-airflow/lib/python3.8/site-packages/airflow/example_dags/example_branch_operator.py
[2023-03-26T21:56:17.848+0200] {processor.py:753} INFO - DAG(s) dict_keys(['example_branch_operator']) retrieved from /home/humbulani/miniconda3/envs/apache-airflow/lib/python3.8/site-packages/airflow/example_dags/example_branch_operator.py
[2023-03-26T21:56:17.863+0200] {logging_mixin.py:137} INFO - [2023-03-26T21:56:17.863+0200] {dag.py:2693} INFO - Sync 1 DAGs
[2023-03-26T21:56:17.881+0200] {logging_mixin.py:137} INFO - [2023-03-26T21:56:17.881+0200] {dag.py:3440} INFO - Setting next_dagrun for example_branch_operator to 2023-03-25T00:00:00+00:00, run_after=2023-03-26T00:00:00+00:00
[2023-03-26T21:56:17.954+0200] {processor.py:175} INFO - Processing /home/humbulani/miniconda3/envs/apache-airflow/lib/python3.8/site-packages/airflow/example_dags/example_branch_operator.py took 0.253 seconds
[2023-03-26T21:57:02.341+0200] {processor.py:153} INFO - Started process (PID=17523) to work on /home/humbulani/miniconda3/envs/apache-airflow/lib/python3.8/site-packages/airflow/example_dags/example_branch_operator.py
[2023-03-26T21:57:02.352+0200] {processor.py:743} INFO - Processing file /home/humbulani/miniconda3/envs/apache-airflow/lib/python3.8/site-packages/airflow/example_dags/example_branch_operator.py for tasks to queue
[2023-03-26T21:57:02.353+0200] {logging_mixin.py:137} INFO - [2023-03-26T21:57:02.353+0200] {dagbag.py:532} INFO - Filling up the DagBag from /home/humbulani/miniconda3/envs/apache-airflow/lib/python3.8/site-packages/airflow/example_dags/example_branch_operator.py
[2023-03-26T21:57:02.368+0200] {processor.py:753} INFO - DAG(s) dict_keys(['example_branch_operator']) retrieved from /home/humbulani/miniconda3/envs/apache-airflow/lib/python3.8/site-packages/airflow/example_dags/example_branch_operator.py
[2023-03-26T21:57:02.386+0200] {logging_mixin.py:137} INFO - [2023-03-26T21:57:02.386+0200] {dag.py:2693} INFO - Sync 1 DAGs
[2023-03-26T21:57:02.405+0200] {logging_mixin.py:137} INFO - [2023-03-26T21:57:02.405+0200] {dag.py:3440} INFO - Setting next_dagrun for example_branch_operator to 2023-03-25T00:00:00+00:00, run_after=2023-03-26T00:00:00+00:00
[2023-03-26T21:57:02.490+0200] {processor.py:175} INFO - Processing /home/humbulani/miniconda3/envs/apache-airflow/lib/python3.8/site-packages/airflow/example_dags/example_branch_operator.py took 0.152 seconds
[2023-03-26T21:57:44.109+0200] {processor.py:153} INFO - Started process (PID=17625) to work on /home/humbulani/miniconda3/envs/apache-airflow/lib/python3.8/site-packages/airflow/example_dags/example_branch_operator.py
[2023-03-26T21:57:44.126+0200] {processor.py:743} INFO - Processing file /home/humbulani/miniconda3/envs/apache-airflow/lib/python3.8/site-packages/airflow/example_dags/example_branch_operator.py for tasks to queue
[2023-03-26T21:57:44.126+0200] {logging_mixin.py:137} INFO - [2023-03-26T21:57:44.126+0200] {dagbag.py:532} INFO - Filling up the DagBag from /home/humbulani/miniconda3/envs/apache-airflow/lib/python3.8/site-packages/airflow/example_dags/example_branch_operator.py
[2023-03-26T21:57:44.142+0200] {processor.py:753} INFO - DAG(s) dict_keys(['example_branch_operator']) retrieved from /home/humbulani/miniconda3/envs/apache-airflow/lib/python3.8/site-packages/airflow/example_dags/example_branch_operator.py
[2023-03-26T21:57:44.162+0200] {logging_mixin.py:137} INFO - [2023-03-26T21:57:44.162+0200] {dag.py:2693} INFO - Sync 1 DAGs
[2023-03-26T21:57:44.180+0200] {logging_mixin.py:137} INFO - [2023-03-26T21:57:44.180+0200] {dag.py:3440} INFO - Setting next_dagrun for example_branch_operator to 2023-03-25T00:00:00+00:00, run_after=2023-03-26T00:00:00+00:00
[2023-03-26T21:57:44.260+0200] {processor.py:175} INFO - Processing /home/humbulani/miniconda3/envs/apache-airflow/lib/python3.8/site-packages/airflow/example_dags/example_branch_operator.py took 0.154 seconds
[2023-03-26T21:58:32.584+0200] {processor.py:153} INFO - Started process (PID=17868) to work on /home/humbulani/miniconda3/envs/apache-airflow/lib/python3.8/site-packages/airflow/example_dags/example_branch_operator.py
[2023-03-26T21:58:32.596+0200] {processor.py:743} INFO - Processing file /home/humbulani/miniconda3/envs/apache-airflow/lib/python3.8/site-packages/airflow/example_dags/example_branch_operator.py for tasks to queue
[2023-03-26T21:58:32.596+0200] {logging_mixin.py:137} INFO - [2023-03-26T21:58:32.596+0200] {dagbag.py:532} INFO - Filling up the DagBag from /home/humbulani/miniconda3/envs/apache-airflow/lib/python3.8/site-packages/airflow/example_dags/example_branch_operator.py
[2023-03-26T21:58:32.614+0200] {processor.py:753} INFO - DAG(s) dict_keys(['example_branch_operator']) retrieved from /home/humbulani/miniconda3/envs/apache-airflow/lib/python3.8/site-packages/airflow/example_dags/example_branch_operator.py
[2023-03-26T21:58:32.633+0200] {logging_mixin.py:137} INFO - [2023-03-26T21:58:32.633+0200] {dag.py:2693} INFO - Sync 1 DAGs
[2023-03-26T21:58:32.654+0200] {logging_mixin.py:137} INFO - [2023-03-26T21:58:32.654+0200] {dag.py:3440} INFO - Setting next_dagrun for example_branch_operator to 2023-03-25T00:00:00+00:00, run_after=2023-03-26T00:00:00+00:00
[2023-03-26T21:58:32.730+0200] {processor.py:175} INFO - Processing /home/humbulani/miniconda3/envs/apache-airflow/lib/python3.8/site-packages/airflow/example_dags/example_branch_operator.py took 0.149 seconds
[2023-03-26T21:59:19.457+0200] {processor.py:153} INFO - Started process (PID=17993) to work on /home/humbulani/miniconda3/envs/apache-airflow/lib/python3.8/site-packages/airflow/example_dags/example_branch_operator.py
[2023-03-26T21:59:19.561+0200] {processor.py:743} INFO - Processing file /home/humbulani/miniconda3/envs/apache-airflow/lib/python3.8/site-packages/airflow/example_dags/example_branch_operator.py for tasks to queue
[2023-03-26T21:59:19.561+0200] {logging_mixin.py:137} INFO - [2023-03-26T21:59:19.561+0200] {dagbag.py:532} INFO - Filling up the DagBag from /home/humbulani/miniconda3/envs/apache-airflow/lib/python3.8/site-packages/airflow/example_dags/example_branch_operator.py
[2023-03-26T21:59:19.578+0200] {processor.py:753} INFO - DAG(s) dict_keys(['example_branch_operator']) retrieved from /home/humbulani/miniconda3/envs/apache-airflow/lib/python3.8/site-packages/airflow/example_dags/example_branch_operator.py
[2023-03-26T21:59:19.596+0200] {logging_mixin.py:137} INFO - [2023-03-26T21:59:19.596+0200] {dag.py:2693} INFO - Sync 1 DAGs
[2023-03-26T21:59:19.614+0200] {logging_mixin.py:137} INFO - [2023-03-26T21:59:19.614+0200] {dag.py:3440} INFO - Setting next_dagrun for example_branch_operator to 2023-03-25T00:00:00+00:00, run_after=2023-03-26T00:00:00+00:00
[2023-03-26T21:59:19.910+0200] {processor.py:175} INFO - Processing /home/humbulani/miniconda3/envs/apache-airflow/lib/python3.8/site-packages/airflow/example_dags/example_branch_operator.py took 0.455 seconds
[2023-03-26T22:00:07.691+0200] {processor.py:153} INFO - Started process (PID=18144) to work on /home/humbulani/miniconda3/envs/apache-airflow/lib/python3.8/site-packages/airflow/example_dags/example_branch_operator.py
[2023-03-26T22:00:07.706+0200] {processor.py:743} INFO - Processing file /home/humbulani/miniconda3/envs/apache-airflow/lib/python3.8/site-packages/airflow/example_dags/example_branch_operator.py for tasks to queue
[2023-03-26T22:00:07.707+0200] {logging_mixin.py:137} INFO - [2023-03-26T22:00:07.707+0200] {dagbag.py:532} INFO - Filling up the DagBag from /home/humbulani/miniconda3/envs/apache-airflow/lib/python3.8/site-packages/airflow/example_dags/example_branch_operator.py
[2023-03-26T22:00:07.726+0200] {processor.py:753} INFO - DAG(s) dict_keys(['example_branch_operator']) retrieved from /home/humbulani/miniconda3/envs/apache-airflow/lib/python3.8/site-packages/airflow/example_dags/example_branch_operator.py
[2023-03-26T22:00:07.747+0200] {logging_mixin.py:137} INFO - [2023-03-26T22:00:07.747+0200] {dag.py:2693} INFO - Sync 1 DAGs
[2023-03-26T22:00:07.767+0200] {logging_mixin.py:137} INFO - [2023-03-26T22:00:07.766+0200] {dag.py:3440} INFO - Setting next_dagrun for example_branch_operator to 2023-03-25T00:00:00+00:00, run_after=2023-03-26T00:00:00+00:00
[2023-03-26T22:00:07.855+0200] {processor.py:175} INFO - Processing /home/humbulani/miniconda3/envs/apache-airflow/lib/python3.8/site-packages/airflow/example_dags/example_branch_operator.py took 0.167 seconds
[2023-03-26T22:00:54.001+0200] {processor.py:153} INFO - Started process (PID=18235) to work on /home/humbulani/miniconda3/envs/apache-airflow/lib/python3.8/site-packages/airflow/example_dags/example_branch_operator.py
[2023-03-26T22:00:54.017+0200] {processor.py:743} INFO - Processing file /home/humbulani/miniconda3/envs/apache-airflow/lib/python3.8/site-packages/airflow/example_dags/example_branch_operator.py for tasks to queue
[2023-03-26T22:00:54.018+0200] {logging_mixin.py:137} INFO - [2023-03-26T22:00:54.018+0200] {dagbag.py:532} INFO - Filling up the DagBag from /home/humbulani/miniconda3/envs/apache-airflow/lib/python3.8/site-packages/airflow/example_dags/example_branch_operator.py
[2023-03-26T22:00:54.033+0200] {processor.py:753} INFO - DAG(s) dict_keys(['example_branch_operator']) retrieved from /home/humbulani/miniconda3/envs/apache-airflow/lib/python3.8/site-packages/airflow/example_dags/example_branch_operator.py
[2023-03-26T22:00:54.051+0200] {logging_mixin.py:137} INFO - [2023-03-26T22:00:54.051+0200] {dag.py:2693} INFO - Sync 1 DAGs
[2023-03-26T22:00:54.070+0200] {logging_mixin.py:137} INFO - [2023-03-26T22:00:54.070+0200] {dag.py:3440} INFO - Setting next_dagrun for example_branch_operator to 2023-03-25T00:00:00+00:00, run_after=2023-03-26T00:00:00+00:00
[2023-03-26T22:00:54.158+0200] {processor.py:175} INFO - Processing /home/humbulani/miniconda3/envs/apache-airflow/lib/python3.8/site-packages/airflow/example_dags/example_branch_operator.py took 0.159 seconds
[2023-03-26T22:01:40.522+0200] {processor.py:153} INFO - Started process (PID=18453) to work on /home/humbulani/miniconda3/envs/apache-airflow/lib/python3.8/site-packages/airflow/example_dags/example_branch_operator.py
[2023-03-26T22:01:40.550+0200] {processor.py:743} INFO - Processing file /home/humbulani/miniconda3/envs/apache-airflow/lib/python3.8/site-packages/airflow/example_dags/example_branch_operator.py for tasks to queue
[2023-03-26T22:01:40.551+0200] {logging_mixin.py:137} INFO - [2023-03-26T22:01:40.550+0200] {dagbag.py:532} INFO - Filling up the DagBag from /home/humbulani/miniconda3/envs/apache-airflow/lib/python3.8/site-packages/airflow/example_dags/example_branch_operator.py
[2023-03-26T22:01:40.567+0200] {processor.py:753} INFO - DAG(s) dict_keys(['example_branch_operator']) retrieved from /home/humbulani/miniconda3/envs/apache-airflow/lib/python3.8/site-packages/airflow/example_dags/example_branch_operator.py
[2023-03-26T22:01:40.601+0200] {logging_mixin.py:137} INFO - [2023-03-26T22:01:40.600+0200] {dag.py:2693} INFO - Sync 1 DAGs
[2023-03-26T22:01:40.632+0200] {logging_mixin.py:137} INFO - [2023-03-26T22:01:40.632+0200] {dag.py:3440} INFO - Setting next_dagrun for example_branch_operator to 2023-03-25T00:00:00+00:00, run_after=2023-03-26T00:00:00+00:00
[2023-03-26T22:01:40.751+0200] {processor.py:175} INFO - Processing /home/humbulani/miniconda3/envs/apache-airflow/lib/python3.8/site-packages/airflow/example_dags/example_branch_operator.py took 0.232 seconds
[2023-03-26T22:02:27.520+0200] {processor.py:153} INFO - Started process (PID=18535) to work on /home/humbulani/miniconda3/envs/apache-airflow/lib/python3.8/site-packages/airflow/example_dags/example_branch_operator.py
[2023-03-26T22:02:27.562+0200] {processor.py:743} INFO - Processing file /home/humbulani/miniconda3/envs/apache-airflow/lib/python3.8/site-packages/airflow/example_dags/example_branch_operator.py for tasks to queue
[2023-03-26T22:02:27.562+0200] {logging_mixin.py:137} INFO - [2023-03-26T22:02:27.562+0200] {dagbag.py:532} INFO - Filling up the DagBag from /home/humbulani/miniconda3/envs/apache-airflow/lib/python3.8/site-packages/airflow/example_dags/example_branch_operator.py
[2023-03-26T22:02:27.582+0200] {processor.py:753} INFO - DAG(s) dict_keys(['example_branch_operator']) retrieved from /home/humbulani/miniconda3/envs/apache-airflow/lib/python3.8/site-packages/airflow/example_dags/example_branch_operator.py
[2023-03-26T22:02:27.606+0200] {logging_mixin.py:137} INFO - [2023-03-26T22:02:27.606+0200] {dag.py:2693} INFO - Sync 1 DAGs
[2023-03-26T22:02:27.625+0200] {logging_mixin.py:137} INFO - [2023-03-26T22:02:27.625+0200] {dag.py:3440} INFO - Setting next_dagrun for example_branch_operator to 2023-03-25T00:00:00+00:00, run_after=2023-03-26T00:00:00+00:00
[2023-03-26T22:02:27.718+0200] {processor.py:175} INFO - Processing /home/humbulani/miniconda3/envs/apache-airflow/lib/python3.8/site-packages/airflow/example_dags/example_branch_operator.py took 0.201 seconds
[2023-03-26T22:03:13.258+0200] {processor.py:153} INFO - Started process (PID=18590) to work on /home/humbulani/miniconda3/envs/apache-airflow/lib/python3.8/site-packages/airflow/example_dags/example_branch_operator.py
[2023-03-26T22:03:13.273+0200] {processor.py:743} INFO - Processing file /home/humbulani/miniconda3/envs/apache-airflow/lib/python3.8/site-packages/airflow/example_dags/example_branch_operator.py for tasks to queue
[2023-03-26T22:03:13.274+0200] {logging_mixin.py:137} INFO - [2023-03-26T22:03:13.274+0200] {dagbag.py:532} INFO - Filling up the DagBag from /home/humbulani/miniconda3/envs/apache-airflow/lib/python3.8/site-packages/airflow/example_dags/example_branch_operator.py
[2023-03-26T22:03:13.289+0200] {processor.py:753} INFO - DAG(s) dict_keys(['example_branch_operator']) retrieved from /home/humbulani/miniconda3/envs/apache-airflow/lib/python3.8/site-packages/airflow/example_dags/example_branch_operator.py
[2023-03-26T22:03:13.308+0200] {logging_mixin.py:137} INFO - [2023-03-26T22:03:13.307+0200] {dag.py:2693} INFO - Sync 1 DAGs
[2023-03-26T22:03:13.326+0200] {logging_mixin.py:137} INFO - [2023-03-26T22:03:13.326+0200] {dag.py:3440} INFO - Setting next_dagrun for example_branch_operator to 2023-03-25T00:00:00+00:00, run_after=2023-03-26T00:00:00+00:00
[2023-03-26T22:03:13.401+0200] {processor.py:175} INFO - Processing /home/humbulani/miniconda3/envs/apache-airflow/lib/python3.8/site-packages/airflow/example_dags/example_branch_operator.py took 0.145 seconds
[2023-03-26T22:03:58.636+0200] {processor.py:153} INFO - Started process (PID=18662) to work on /home/humbulani/miniconda3/envs/apache-airflow/lib/python3.8/site-packages/airflow/example_dags/example_branch_operator.py
[2023-03-26T22:03:58.646+0200] {processor.py:743} INFO - Processing file /home/humbulani/miniconda3/envs/apache-airflow/lib/python3.8/site-packages/airflow/example_dags/example_branch_operator.py for tasks to queue
[2023-03-26T22:03:58.647+0200] {logging_mixin.py:137} INFO - [2023-03-26T22:03:58.647+0200] {dagbag.py:532} INFO - Filling up the DagBag from /home/humbulani/miniconda3/envs/apache-airflow/lib/python3.8/site-packages/airflow/example_dags/example_branch_operator.py
[2023-03-26T22:03:58.663+0200] {processor.py:753} INFO - DAG(s) dict_keys(['example_branch_operator']) retrieved from /home/humbulani/miniconda3/envs/apache-airflow/lib/python3.8/site-packages/airflow/example_dags/example_branch_operator.py
[2023-03-26T22:03:58.682+0200] {logging_mixin.py:137} INFO - [2023-03-26T22:03:58.682+0200] {dag.py:2693} INFO - Sync 1 DAGs
[2023-03-26T22:03:58.701+0200] {logging_mixin.py:137} INFO - [2023-03-26T22:03:58.701+0200] {dag.py:3440} INFO - Setting next_dagrun for example_branch_operator to 2023-03-25T00:00:00+00:00, run_after=2023-03-26T00:00:00+00:00
[2023-03-26T22:03:58.787+0200] {processor.py:175} INFO - Processing /home/humbulani/miniconda3/envs/apache-airflow/lib/python3.8/site-packages/airflow/example_dags/example_branch_operator.py took 0.154 seconds
[2023-03-26T22:04:43.301+0200] {processor.py:153} INFO - Started process (PID=18715) to work on /home/humbulani/miniconda3/envs/apache-airflow/lib/python3.8/site-packages/airflow/example_dags/example_branch_operator.py
[2023-03-26T22:04:43.308+0200] {processor.py:743} INFO - Processing file /home/humbulani/miniconda3/envs/apache-airflow/lib/python3.8/site-packages/airflow/example_dags/example_branch_operator.py for tasks to queue
[2023-03-26T22:04:43.309+0200] {logging_mixin.py:137} INFO - [2023-03-26T22:04:43.308+0200] {dagbag.py:532} INFO - Filling up the DagBag from /home/humbulani/miniconda3/envs/apache-airflow/lib/python3.8/site-packages/airflow/example_dags/example_branch_operator.py
[2023-03-26T22:04:43.324+0200] {processor.py:753} INFO - DAG(s) dict_keys(['example_branch_operator']) retrieved from /home/humbulani/miniconda3/envs/apache-airflow/lib/python3.8/site-packages/airflow/example_dags/example_branch_operator.py
[2023-03-26T22:04:43.342+0200] {logging_mixin.py:137} INFO - [2023-03-26T22:04:43.342+0200] {dag.py:2693} INFO - Sync 1 DAGs
[2023-03-26T22:04:43.361+0200] {logging_mixin.py:137} INFO - [2023-03-26T22:04:43.361+0200] {dag.py:3440} INFO - Setting next_dagrun for example_branch_operator to 2023-03-25T00:00:00+00:00, run_after=2023-03-26T00:00:00+00:00
[2023-03-26T22:04:43.449+0200] {processor.py:175} INFO - Processing /home/humbulani/miniconda3/envs/apache-airflow/lib/python3.8/site-packages/airflow/example_dags/example_branch_operator.py took 0.150 seconds
[2023-03-26T22:05:28.556+0200] {processor.py:153} INFO - Started process (PID=18768) to work on /home/humbulani/miniconda3/envs/apache-airflow/lib/python3.8/site-packages/airflow/example_dags/example_branch_operator.py
[2023-03-26T22:05:28.570+0200] {processor.py:743} INFO - Processing file /home/humbulani/miniconda3/envs/apache-airflow/lib/python3.8/site-packages/airflow/example_dags/example_branch_operator.py for tasks to queue
[2023-03-26T22:05:28.570+0200] {logging_mixin.py:137} INFO - [2023-03-26T22:05:28.570+0200] {dagbag.py:532} INFO - Filling up the DagBag from /home/humbulani/miniconda3/envs/apache-airflow/lib/python3.8/site-packages/airflow/example_dags/example_branch_operator.py
[2023-03-26T22:05:28.590+0200] {processor.py:753} INFO - DAG(s) dict_keys(['example_branch_operator']) retrieved from /home/humbulani/miniconda3/envs/apache-airflow/lib/python3.8/site-packages/airflow/example_dags/example_branch_operator.py
[2023-03-26T22:05:28.610+0200] {logging_mixin.py:137} INFO - [2023-03-26T22:05:28.610+0200] {dag.py:2693} INFO - Sync 1 DAGs
[2023-03-26T22:05:28.629+0200] {logging_mixin.py:137} INFO - [2023-03-26T22:05:28.629+0200] {dag.py:3440} INFO - Setting next_dagrun for example_branch_operator to 2023-03-25T00:00:00+00:00, run_after=2023-03-26T00:00:00+00:00
[2023-03-26T22:05:28.712+0200] {processor.py:175} INFO - Processing /home/humbulani/miniconda3/envs/apache-airflow/lib/python3.8/site-packages/airflow/example_dags/example_branch_operator.py took 0.158 seconds
[2023-03-26T22:06:13.198+0200] {processor.py:153} INFO - Started process (PID=18817) to work on /home/humbulani/miniconda3/envs/apache-airflow/lib/python3.8/site-packages/airflow/example_dags/example_branch_operator.py
[2023-03-26T22:06:13.210+0200] {processor.py:743} INFO - Processing file /home/humbulani/miniconda3/envs/apache-airflow/lib/python3.8/site-packages/airflow/example_dags/example_branch_operator.py for tasks to queue
[2023-03-26T22:06:13.211+0200] {logging_mixin.py:137} INFO - [2023-03-26T22:06:13.211+0200] {dagbag.py:532} INFO - Filling up the DagBag from /home/humbulani/miniconda3/envs/apache-airflow/lib/python3.8/site-packages/airflow/example_dags/example_branch_operator.py
[2023-03-26T22:06:13.228+0200] {processor.py:753} INFO - DAG(s) dict_keys(['example_branch_operator']) retrieved from /home/humbulani/miniconda3/envs/apache-airflow/lib/python3.8/site-packages/airflow/example_dags/example_branch_operator.py
[2023-03-26T22:06:13.247+0200] {logging_mixin.py:137} INFO - [2023-03-26T22:06:13.247+0200] {dag.py:2693} INFO - Sync 1 DAGs
[2023-03-26T22:06:13.266+0200] {logging_mixin.py:137} INFO - [2023-03-26T22:06:13.266+0200] {dag.py:3440} INFO - Setting next_dagrun for example_branch_operator to 2023-03-25T00:00:00+00:00, run_after=2023-03-26T00:00:00+00:00
[2023-03-26T22:06:13.358+0200] {processor.py:175} INFO - Processing /home/humbulani/miniconda3/envs/apache-airflow/lib/python3.8/site-packages/airflow/example_dags/example_branch_operator.py took 0.163 seconds
[2023-03-26T22:07:00.185+0200] {processor.py:153} INFO - Started process (PID=18920) to work on /home/humbulani/miniconda3/envs/apache-airflow/lib/python3.8/site-packages/airflow/example_dags/example_branch_operator.py
[2023-03-26T22:07:00.186+0200] {processor.py:743} INFO - Processing file /home/humbulani/miniconda3/envs/apache-airflow/lib/python3.8/site-packages/airflow/example_dags/example_branch_operator.py for tasks to queue
[2023-03-26T22:07:00.186+0200] {logging_mixin.py:137} INFO - [2023-03-26T22:07:00.186+0200] {dagbag.py:532} INFO - Filling up the DagBag from /home/humbulani/miniconda3/envs/apache-airflow/lib/python3.8/site-packages/airflow/example_dags/example_branch_operator.py
[2023-03-26T22:07:00.205+0200] {processor.py:753} INFO - DAG(s) dict_keys(['example_branch_operator']) retrieved from /home/humbulani/miniconda3/envs/apache-airflow/lib/python3.8/site-packages/airflow/example_dags/example_branch_operator.py
[2023-03-26T22:07:00.225+0200] {logging_mixin.py:137} INFO - [2023-03-26T22:07:00.225+0200] {dag.py:2693} INFO - Sync 1 DAGs
[2023-03-26T22:07:00.246+0200] {logging_mixin.py:137} INFO - [2023-03-26T22:07:00.246+0200] {dag.py:3440} INFO - Setting next_dagrun for example_branch_operator to 2023-03-25T00:00:00+00:00, run_after=2023-03-26T00:00:00+00:00
[2023-03-26T22:07:00.329+0200] {processor.py:175} INFO - Processing /home/humbulani/miniconda3/envs/apache-airflow/lib/python3.8/site-packages/airflow/example_dags/example_branch_operator.py took 0.146 seconds
[2023-03-26T22:07:46.674+0200] {processor.py:153} INFO - Started process (PID=19006) to work on /home/humbulani/miniconda3/envs/apache-airflow/lib/python3.8/site-packages/airflow/example_dags/example_branch_operator.py
[2023-03-26T22:07:46.689+0200] {processor.py:743} INFO - Processing file /home/humbulani/miniconda3/envs/apache-airflow/lib/python3.8/site-packages/airflow/example_dags/example_branch_operator.py for tasks to queue
[2023-03-26T22:07:46.690+0200] {logging_mixin.py:137} INFO - [2023-03-26T22:07:46.690+0200] {dagbag.py:532} INFO - Filling up the DagBag from /home/humbulani/miniconda3/envs/apache-airflow/lib/python3.8/site-packages/airflow/example_dags/example_branch_operator.py
[2023-03-26T22:07:46.705+0200] {processor.py:753} INFO - DAG(s) dict_keys(['example_branch_operator']) retrieved from /home/humbulani/miniconda3/envs/apache-airflow/lib/python3.8/site-packages/airflow/example_dags/example_branch_operator.py
[2023-03-26T22:07:46.723+0200] {logging_mixin.py:137} INFO - [2023-03-26T22:07:46.723+0200] {dag.py:2693} INFO - Sync 1 DAGs
[2023-03-26T22:07:46.742+0200] {logging_mixin.py:137} INFO - [2023-03-26T22:07:46.742+0200] {dag.py:3440} INFO - Setting next_dagrun for example_branch_operator to 2023-03-25T00:00:00+00:00, run_after=2023-03-26T00:00:00+00:00
[2023-03-26T22:07:46.818+0200] {processor.py:175} INFO - Processing /home/humbulani/miniconda3/envs/apache-airflow/lib/python3.8/site-packages/airflow/example_dags/example_branch_operator.py took 0.145 seconds
[2023-03-26T22:08:30.653+0200] {processor.py:153} INFO - Started process (PID=19054) to work on /home/humbulani/miniconda3/envs/apache-airflow/lib/python3.8/site-packages/airflow/example_dags/example_branch_operator.py
[2023-03-26T22:08:30.661+0200] {processor.py:743} INFO - Processing file /home/humbulani/miniconda3/envs/apache-airflow/lib/python3.8/site-packages/airflow/example_dags/example_branch_operator.py for tasks to queue
[2023-03-26T22:08:30.662+0200] {logging_mixin.py:137} INFO - [2023-03-26T22:08:30.662+0200] {dagbag.py:532} INFO - Filling up the DagBag from /home/humbulani/miniconda3/envs/apache-airflow/lib/python3.8/site-packages/airflow/example_dags/example_branch_operator.py
[2023-03-26T22:08:30.677+0200] {processor.py:753} INFO - DAG(s) dict_keys(['example_branch_operator']) retrieved from /home/humbulani/miniconda3/envs/apache-airflow/lib/python3.8/site-packages/airflow/example_dags/example_branch_operator.py
[2023-03-26T22:08:30.695+0200] {logging_mixin.py:137} INFO - [2023-03-26T22:08:30.695+0200] {dag.py:2693} INFO - Sync 1 DAGs
[2023-03-26T22:08:30.714+0200] {logging_mixin.py:137} INFO - [2023-03-26T22:08:30.714+0200] {dag.py:3440} INFO - Setting next_dagrun for example_branch_operator to 2023-03-25T00:00:00+00:00, run_after=2023-03-26T00:00:00+00:00
[2023-03-26T22:08:30.792+0200] {processor.py:175} INFO - Processing /home/humbulani/miniconda3/envs/apache-airflow/lib/python3.8/site-packages/airflow/example_dags/example_branch_operator.py took 0.142 seconds
[2023-03-26T22:09:19.141+0200] {processor.py:153} INFO - Started process (PID=19137) to work on /home/humbulani/miniconda3/envs/apache-airflow/lib/python3.8/site-packages/airflow/example_dags/example_branch_operator.py
[2023-03-26T22:09:19.150+0200] {processor.py:743} INFO - Processing file /home/humbulani/miniconda3/envs/apache-airflow/lib/python3.8/site-packages/airflow/example_dags/example_branch_operator.py for tasks to queue
[2023-03-26T22:09:19.151+0200] {logging_mixin.py:137} INFO - [2023-03-26T22:09:19.151+0200] {dagbag.py:532} INFO - Filling up the DagBag from /home/humbulani/miniconda3/envs/apache-airflow/lib/python3.8/site-packages/airflow/example_dags/example_branch_operator.py
[2023-03-26T22:09:19.166+0200] {processor.py:753} INFO - DAG(s) dict_keys(['example_branch_operator']) retrieved from /home/humbulani/miniconda3/envs/apache-airflow/lib/python3.8/site-packages/airflow/example_dags/example_branch_operator.py
[2023-03-26T22:09:19.184+0200] {logging_mixin.py:137} INFO - [2023-03-26T22:09:19.184+0200] {dag.py:2693} INFO - Sync 1 DAGs
[2023-03-26T22:09:19.203+0200] {logging_mixin.py:137} INFO - [2023-03-26T22:09:19.203+0200] {dag.py:3440} INFO - Setting next_dagrun for example_branch_operator to 2023-03-25T00:00:00+00:00, run_after=2023-03-26T00:00:00+00:00
[2023-03-26T22:09:19.279+0200] {processor.py:175} INFO - Processing /home/humbulani/miniconda3/envs/apache-airflow/lib/python3.8/site-packages/airflow/example_dags/example_branch_operator.py took 0.140 seconds
[2023-03-26T22:10:04.780+0200] {processor.py:153} INFO - Started process (PID=19181) to work on /home/humbulani/miniconda3/envs/apache-airflow/lib/python3.8/site-packages/airflow/example_dags/example_branch_operator.py
[2023-03-26T22:10:04.784+0200] {processor.py:743} INFO - Processing file /home/humbulani/miniconda3/envs/apache-airflow/lib/python3.8/site-packages/airflow/example_dags/example_branch_operator.py for tasks to queue
[2023-03-26T22:10:04.785+0200] {logging_mixin.py:137} INFO - [2023-03-26T22:10:04.785+0200] {dagbag.py:532} INFO - Filling up the DagBag from /home/humbulani/miniconda3/envs/apache-airflow/lib/python3.8/site-packages/airflow/example_dags/example_branch_operator.py
[2023-03-26T22:10:04.803+0200] {processor.py:753} INFO - DAG(s) dict_keys(['example_branch_operator']) retrieved from /home/humbulani/miniconda3/envs/apache-airflow/lib/python3.8/site-packages/airflow/example_dags/example_branch_operator.py
[2023-03-26T22:10:04.821+0200] {logging_mixin.py:137} INFO - [2023-03-26T22:10:04.821+0200] {dag.py:2693} INFO - Sync 1 DAGs
[2023-03-26T22:10:04.840+0200] {logging_mixin.py:137} INFO - [2023-03-26T22:10:04.839+0200] {dag.py:3440} INFO - Setting next_dagrun for example_branch_operator to 2023-03-25T00:00:00+00:00, run_after=2023-03-26T00:00:00+00:00
[2023-03-26T22:10:04.917+0200] {processor.py:175} INFO - Processing /home/humbulani/miniconda3/envs/apache-airflow/lib/python3.8/site-packages/airflow/example_dags/example_branch_operator.py took 0.140 seconds
[2023-03-26T22:10:49.358+0200] {processor.py:153} INFO - Started process (PID=19309) to work on /home/humbulani/miniconda3/envs/apache-airflow/lib/python3.8/site-packages/airflow/example_dags/example_branch_operator.py
[2023-03-26T22:10:49.373+0200] {processor.py:743} INFO - Processing file /home/humbulani/miniconda3/envs/apache-airflow/lib/python3.8/site-packages/airflow/example_dags/example_branch_operator.py for tasks to queue
[2023-03-26T22:10:49.373+0200] {logging_mixin.py:137} INFO - [2023-03-26T22:10:49.373+0200] {dagbag.py:532} INFO - Filling up the DagBag from /home/humbulani/miniconda3/envs/apache-airflow/lib/python3.8/site-packages/airflow/example_dags/example_branch_operator.py
[2023-03-26T22:10:49.388+0200] {processor.py:753} INFO - DAG(s) dict_keys(['example_branch_operator']) retrieved from /home/humbulani/miniconda3/envs/apache-airflow/lib/python3.8/site-packages/airflow/example_dags/example_branch_operator.py
[2023-03-26T22:10:49.406+0200] {logging_mixin.py:137} INFO - [2023-03-26T22:10:49.406+0200] {dag.py:2693} INFO - Sync 1 DAGs
[2023-03-26T22:10:49.427+0200] {logging_mixin.py:137} INFO - [2023-03-26T22:10:49.427+0200] {dag.py:3440} INFO - Setting next_dagrun for example_branch_operator to 2023-03-25T00:00:00+00:00, run_after=2023-03-26T00:00:00+00:00
[2023-03-26T22:10:49.517+0200] {processor.py:175} INFO - Processing /home/humbulani/miniconda3/envs/apache-airflow/lib/python3.8/site-packages/airflow/example_dags/example_branch_operator.py took 0.161 seconds
[2023-03-26T22:11:36.352+0200] {processor.py:153} INFO - Started process (PID=19352) to work on /home/humbulani/miniconda3/envs/apache-airflow/lib/python3.8/site-packages/airflow/example_dags/example_branch_operator.py
[2023-03-26T22:11:36.353+0200] {processor.py:743} INFO - Processing file /home/humbulani/miniconda3/envs/apache-airflow/lib/python3.8/site-packages/airflow/example_dags/example_branch_operator.py for tasks to queue
[2023-03-26T22:11:36.353+0200] {logging_mixin.py:137} INFO - [2023-03-26T22:11:36.353+0200] {dagbag.py:532} INFO - Filling up the DagBag from /home/humbulani/miniconda3/envs/apache-airflow/lib/python3.8/site-packages/airflow/example_dags/example_branch_operator.py
[2023-03-26T22:11:36.372+0200] {processor.py:753} INFO - DAG(s) dict_keys(['example_branch_operator']) retrieved from /home/humbulani/miniconda3/envs/apache-airflow/lib/python3.8/site-packages/airflow/example_dags/example_branch_operator.py
[2023-03-26T22:11:36.390+0200] {logging_mixin.py:137} INFO - [2023-03-26T22:11:36.390+0200] {dag.py:2693} INFO - Sync 1 DAGs
[2023-03-26T22:11:36.409+0200] {logging_mixin.py:137} INFO - [2023-03-26T22:11:36.409+0200] {dag.py:3440} INFO - Setting next_dagrun for example_branch_operator to 2023-03-25T00:00:00+00:00, run_after=2023-03-26T00:00:00+00:00
[2023-03-26T22:11:36.489+0200] {processor.py:175} INFO - Processing /home/humbulani/miniconda3/envs/apache-airflow/lib/python3.8/site-packages/airflow/example_dags/example_branch_operator.py took 0.140 seconds
[2023-03-26T22:12:21.169+0200] {processor.py:153} INFO - Started process (PID=19397) to work on /home/humbulani/miniconda3/envs/apache-airflow/lib/python3.8/site-packages/airflow/example_dags/example_branch_operator.py
[2023-03-26T22:12:21.172+0200] {processor.py:743} INFO - Processing file /home/humbulani/miniconda3/envs/apache-airflow/lib/python3.8/site-packages/airflow/example_dags/example_branch_operator.py for tasks to queue
[2023-03-26T22:12:21.173+0200] {logging_mixin.py:137} INFO - [2023-03-26T22:12:21.173+0200] {dagbag.py:532} INFO - Filling up the DagBag from /home/humbulani/miniconda3/envs/apache-airflow/lib/python3.8/site-packages/airflow/example_dags/example_branch_operator.py
[2023-03-26T22:12:21.195+0200] {processor.py:753} INFO - DAG(s) dict_keys(['example_branch_operator']) retrieved from /home/humbulani/miniconda3/envs/apache-airflow/lib/python3.8/site-packages/airflow/example_dags/example_branch_operator.py
[2023-03-26T22:12:21.213+0200] {logging_mixin.py:137} INFO - [2023-03-26T22:12:21.213+0200] {dag.py:2693} INFO - Sync 1 DAGs
[2023-03-26T22:12:21.232+0200] {logging_mixin.py:137} INFO - [2023-03-26T22:12:21.232+0200] {dag.py:3440} INFO - Setting next_dagrun for example_branch_operator to 2023-03-25T00:00:00+00:00, run_after=2023-03-26T00:00:00+00:00
[2023-03-26T22:12:21.308+0200] {processor.py:175} INFO - Processing /home/humbulani/miniconda3/envs/apache-airflow/lib/python3.8/site-packages/airflow/example_dags/example_branch_operator.py took 0.142 seconds
[2023-03-26T22:13:07.025+0200] {processor.py:153} INFO - Started process (PID=19506) to work on /home/humbulani/miniconda3/envs/apache-airflow/lib/python3.8/site-packages/airflow/example_dags/example_branch_operator.py
[2023-03-26T22:13:07.035+0200] {processor.py:743} INFO - Processing file /home/humbulani/miniconda3/envs/apache-airflow/lib/python3.8/site-packages/airflow/example_dags/example_branch_operator.py for tasks to queue
[2023-03-26T22:13:07.036+0200] {logging_mixin.py:137} INFO - [2023-03-26T22:13:07.036+0200] {dagbag.py:532} INFO - Filling up the DagBag from /home/humbulani/miniconda3/envs/apache-airflow/lib/python3.8/site-packages/airflow/example_dags/example_branch_operator.py
[2023-03-26T22:13:07.058+0200] {processor.py:753} INFO - DAG(s) dict_keys(['example_branch_operator']) retrieved from /home/humbulani/miniconda3/envs/apache-airflow/lib/python3.8/site-packages/airflow/example_dags/example_branch_operator.py
[2023-03-26T22:13:07.078+0200] {logging_mixin.py:137} INFO - [2023-03-26T22:13:07.078+0200] {dag.py:2693} INFO - Sync 1 DAGs
[2023-03-26T22:13:07.100+0200] {logging_mixin.py:137} INFO - [2023-03-26T22:13:07.100+0200] {dag.py:3440} INFO - Setting next_dagrun for example_branch_operator to 2023-03-25T00:00:00+00:00, run_after=2023-03-26T00:00:00+00:00
[2023-03-26T22:13:07.180+0200] {processor.py:175} INFO - Processing /home/humbulani/miniconda3/envs/apache-airflow/lib/python3.8/site-packages/airflow/example_dags/example_branch_operator.py took 0.159 seconds
[2023-03-26T22:13:54.084+0200] {processor.py:153} INFO - Started process (PID=19548) to work on /home/humbulani/miniconda3/envs/apache-airflow/lib/python3.8/site-packages/airflow/example_dags/example_branch_operator.py
[2023-03-26T22:13:54.088+0200] {processor.py:743} INFO - Processing file /home/humbulani/miniconda3/envs/apache-airflow/lib/python3.8/site-packages/airflow/example_dags/example_branch_operator.py for tasks to queue
[2023-03-26T22:13:54.089+0200] {logging_mixin.py:137} INFO - [2023-03-26T22:13:54.088+0200] {dagbag.py:532} INFO - Filling up the DagBag from /home/humbulani/miniconda3/envs/apache-airflow/lib/python3.8/site-packages/airflow/example_dags/example_branch_operator.py
[2023-03-26T22:13:54.104+0200] {processor.py:753} INFO - DAG(s) dict_keys(['example_branch_operator']) retrieved from /home/humbulani/miniconda3/envs/apache-airflow/lib/python3.8/site-packages/airflow/example_dags/example_branch_operator.py
[2023-03-26T22:13:54.123+0200] {logging_mixin.py:137} INFO - [2023-03-26T22:13:54.122+0200] {dag.py:2693} INFO - Sync 1 DAGs
[2023-03-26T22:13:54.141+0200] {logging_mixin.py:137} INFO - [2023-03-26T22:13:54.141+0200] {dag.py:3440} INFO - Setting next_dagrun for example_branch_operator to 2023-03-25T00:00:00+00:00, run_after=2023-03-26T00:00:00+00:00
[2023-03-26T22:13:54.225+0200] {processor.py:175} INFO - Processing /home/humbulani/miniconda3/envs/apache-airflow/lib/python3.8/site-packages/airflow/example_dags/example_branch_operator.py took 0.143 seconds
[2023-03-26T22:14:42.166+0200] {processor.py:153} INFO - Started process (PID=19593) to work on /home/humbulani/miniconda3/envs/apache-airflow/lib/python3.8/site-packages/airflow/example_dags/example_branch_operator.py
[2023-03-26T22:14:42.185+0200] {processor.py:743} INFO - Processing file /home/humbulani/miniconda3/envs/apache-airflow/lib/python3.8/site-packages/airflow/example_dags/example_branch_operator.py for tasks to queue
[2023-03-26T22:14:42.185+0200] {logging_mixin.py:137} INFO - [2023-03-26T22:14:42.185+0200] {dagbag.py:532} INFO - Filling up the DagBag from /home/humbulani/miniconda3/envs/apache-airflow/lib/python3.8/site-packages/airflow/example_dags/example_branch_operator.py
[2023-03-26T22:14:42.200+0200] {processor.py:753} INFO - DAG(s) dict_keys(['example_branch_operator']) retrieved from /home/humbulani/miniconda3/envs/apache-airflow/lib/python3.8/site-packages/airflow/example_dags/example_branch_operator.py
[2023-03-26T22:14:42.220+0200] {logging_mixin.py:137} INFO - [2023-03-26T22:14:42.219+0200] {dag.py:2693} INFO - Sync 1 DAGs
[2023-03-26T22:14:42.238+0200] {logging_mixin.py:137} INFO - [2023-03-26T22:14:42.238+0200] {dag.py:3440} INFO - Setting next_dagrun for example_branch_operator to 2023-03-25T00:00:00+00:00, run_after=2023-03-26T00:00:00+00:00
[2023-03-26T22:14:42.316+0200] {processor.py:175} INFO - Processing /home/humbulani/miniconda3/envs/apache-airflow/lib/python3.8/site-packages/airflow/example_dags/example_branch_operator.py took 0.152 seconds
[2023-03-26T22:15:29.953+0200] {processor.py:153} INFO - Started process (PID=19703) to work on /home/humbulani/miniconda3/envs/apache-airflow/lib/python3.8/site-packages/airflow/example_dags/example_branch_operator.py
[2023-03-26T22:15:30.023+0200] {processor.py:743} INFO - Processing file /home/humbulani/miniconda3/envs/apache-airflow/lib/python3.8/site-packages/airflow/example_dags/example_branch_operator.py for tasks to queue
[2023-03-26T22:15:30.024+0200] {logging_mixin.py:137} INFO - [2023-03-26T22:15:30.023+0200] {dagbag.py:532} INFO - Filling up the DagBag from /home/humbulani/miniconda3/envs/apache-airflow/lib/python3.8/site-packages/airflow/example_dags/example_branch_operator.py
[2023-03-26T22:15:30.043+0200] {processor.py:753} INFO - DAG(s) dict_keys(['example_branch_operator']) retrieved from /home/humbulani/miniconda3/envs/apache-airflow/lib/python3.8/site-packages/airflow/example_dags/example_branch_operator.py
[2023-03-26T22:15:30.066+0200] {logging_mixin.py:137} INFO - [2023-03-26T22:15:30.065+0200] {dag.py:2693} INFO - Sync 1 DAGs
[2023-03-26T22:15:30.084+0200] {logging_mixin.py:137} INFO - [2023-03-26T22:15:30.084+0200] {dag.py:3440} INFO - Setting next_dagrun for example_branch_operator to 2023-03-25T00:00:00+00:00, run_after=2023-03-26T00:00:00+00:00
[2023-03-26T22:15:30.152+0200] {processor.py:175} INFO - Processing /home/humbulani/miniconda3/envs/apache-airflow/lib/python3.8/site-packages/airflow/example_dags/example_branch_operator.py took 0.201 seconds
[2023-03-26T22:16:15.942+0200] {processor.py:153} INFO - Started process (PID=19814) to work on /home/humbulani/miniconda3/envs/apache-airflow/lib/python3.8/site-packages/airflow/example_dags/example_branch_operator.py
[2023-03-26T22:16:15.952+0200] {processor.py:743} INFO - Processing file /home/humbulani/miniconda3/envs/apache-airflow/lib/python3.8/site-packages/airflow/example_dags/example_branch_operator.py for tasks to queue
[2023-03-26T22:16:15.952+0200] {logging_mixin.py:137} INFO - [2023-03-26T22:16:15.952+0200] {dagbag.py:532} INFO - Filling up the DagBag from /home/humbulani/miniconda3/envs/apache-airflow/lib/python3.8/site-packages/airflow/example_dags/example_branch_operator.py
[2023-03-26T22:16:15.968+0200] {processor.py:753} INFO - DAG(s) dict_keys(['example_branch_operator']) retrieved from /home/humbulani/miniconda3/envs/apache-airflow/lib/python3.8/site-packages/airflow/example_dags/example_branch_operator.py
[2023-03-26T22:16:15.986+0200] {logging_mixin.py:137} INFO - [2023-03-26T22:16:15.986+0200] {dag.py:2693} INFO - Sync 1 DAGs
[2023-03-26T22:16:16.006+0200] {logging_mixin.py:137} INFO - [2023-03-26T22:16:16.006+0200] {dag.py:3440} INFO - Setting next_dagrun for example_branch_operator to 2023-03-25T00:00:00+00:00, run_after=2023-03-26T00:00:00+00:00
[2023-03-26T22:16:16.081+0200] {processor.py:175} INFO - Processing /home/humbulani/miniconda3/envs/apache-airflow/lib/python3.8/site-packages/airflow/example_dags/example_branch_operator.py took 0.141 seconds
[2023-03-26T22:17:08.323+0200] {processor.py:153} INFO - Started process (PID=19861) to work on /home/humbulani/miniconda3/envs/apache-airflow/lib/python3.8/site-packages/airflow/example_dags/example_branch_operator.py
[2023-03-26T22:17:08.340+0200] {processor.py:743} INFO - Processing file /home/humbulani/miniconda3/envs/apache-airflow/lib/python3.8/site-packages/airflow/example_dags/example_branch_operator.py for tasks to queue
[2023-03-26T22:17:08.341+0200] {logging_mixin.py:137} INFO - [2023-03-26T22:17:08.341+0200] {dagbag.py:532} INFO - Filling up the DagBag from /home/humbulani/miniconda3/envs/apache-airflow/lib/python3.8/site-packages/airflow/example_dags/example_branch_operator.py
[2023-03-26T22:17:08.356+0200] {processor.py:753} INFO - DAG(s) dict_keys(['example_branch_operator']) retrieved from /home/humbulani/miniconda3/envs/apache-airflow/lib/python3.8/site-packages/airflow/example_dags/example_branch_operator.py
[2023-03-26T22:17:08.374+0200] {logging_mixin.py:137} INFO - [2023-03-26T22:17:08.374+0200] {dag.py:2693} INFO - Sync 1 DAGs
[2023-03-26T22:17:08.393+0200] {logging_mixin.py:137} INFO - [2023-03-26T22:17:08.393+0200] {dag.py:3440} INFO - Setting next_dagrun for example_branch_operator to 2023-03-25T00:00:00+00:00, run_after=2023-03-26T00:00:00+00:00
[2023-03-26T22:17:08.479+0200] {processor.py:175} INFO - Processing /home/humbulani/miniconda3/envs/apache-airflow/lib/python3.8/site-packages/airflow/example_dags/example_branch_operator.py took 0.158 seconds
[2023-03-26T22:17:50.800+0200] {processor.py:153} INFO - Started process (PID=19908) to work on /home/humbulani/miniconda3/envs/apache-airflow/lib/python3.8/site-packages/airflow/example_dags/example_branch_operator.py
[2023-03-26T22:17:50.828+0200] {processor.py:743} INFO - Processing file /home/humbulani/miniconda3/envs/apache-airflow/lib/python3.8/site-packages/airflow/example_dags/example_branch_operator.py for tasks to queue
[2023-03-26T22:17:50.828+0200] {logging_mixin.py:137} INFO - [2023-03-26T22:17:50.828+0200] {dagbag.py:532} INFO - Filling up the DagBag from /home/humbulani/miniconda3/envs/apache-airflow/lib/python3.8/site-packages/airflow/example_dags/example_branch_operator.py
[2023-03-26T22:17:50.844+0200] {processor.py:753} INFO - DAG(s) dict_keys(['example_branch_operator']) retrieved from /home/humbulani/miniconda3/envs/apache-airflow/lib/python3.8/site-packages/airflow/example_dags/example_branch_operator.py
[2023-03-26T22:17:50.863+0200] {logging_mixin.py:137} INFO - [2023-03-26T22:17:50.862+0200] {dag.py:2693} INFO - Sync 1 DAGs
[2023-03-26T22:17:50.881+0200] {logging_mixin.py:137} INFO - [2023-03-26T22:17:50.881+0200] {dag.py:3440} INFO - Setting next_dagrun for example_branch_operator to 2023-03-25T00:00:00+00:00, run_after=2023-03-26T00:00:00+00:00
[2023-03-26T22:17:50.986+0200] {processor.py:175} INFO - Processing /home/humbulani/miniconda3/envs/apache-airflow/lib/python3.8/site-packages/airflow/example_dags/example_branch_operator.py took 0.188 seconds
[2023-03-26T22:18:36.041+0200] {processor.py:153} INFO - Started process (PID=20019) to work on /home/humbulani/miniconda3/envs/apache-airflow/lib/python3.8/site-packages/airflow/example_dags/example_branch_operator.py
[2023-03-26T22:18:36.046+0200] {processor.py:743} INFO - Processing file /home/humbulani/miniconda3/envs/apache-airflow/lib/python3.8/site-packages/airflow/example_dags/example_branch_operator.py for tasks to queue
[2023-03-26T22:18:36.047+0200] {logging_mixin.py:137} INFO - [2023-03-26T22:18:36.047+0200] {dagbag.py:532} INFO - Filling up the DagBag from /home/humbulani/miniconda3/envs/apache-airflow/lib/python3.8/site-packages/airflow/example_dags/example_branch_operator.py
[2023-03-26T22:18:36.062+0200] {processor.py:753} INFO - DAG(s) dict_keys(['example_branch_operator']) retrieved from /home/humbulani/miniconda3/envs/apache-airflow/lib/python3.8/site-packages/airflow/example_dags/example_branch_operator.py
[2023-03-26T22:18:36.081+0200] {logging_mixin.py:137} INFO - [2023-03-26T22:18:36.081+0200] {dag.py:2693} INFO - Sync 1 DAGs
[2023-03-26T22:18:36.099+0200] {logging_mixin.py:137} INFO - [2023-03-26T22:18:36.099+0200] {dag.py:3440} INFO - Setting next_dagrun for example_branch_operator to 2023-03-25T00:00:00+00:00, run_after=2023-03-26T00:00:00+00:00
[2023-03-26T22:18:36.170+0200] {processor.py:175} INFO - Processing /home/humbulani/miniconda3/envs/apache-airflow/lib/python3.8/site-packages/airflow/example_dags/example_branch_operator.py took 0.131 seconds
[2023-03-26T22:19:20.250+0200] {processor.py:153} INFO - Started process (PID=20127) to work on /home/humbulani/miniconda3/envs/apache-airflow/lib/python3.8/site-packages/airflow/example_dags/example_branch_operator.py
[2023-03-26T22:19:20.267+0200] {processor.py:743} INFO - Processing file /home/humbulani/miniconda3/envs/apache-airflow/lib/python3.8/site-packages/airflow/example_dags/example_branch_operator.py for tasks to queue
[2023-03-26T22:19:20.268+0200] {logging_mixin.py:137} INFO - [2023-03-26T22:19:20.268+0200] {dagbag.py:532} INFO - Filling up the DagBag from /home/humbulani/miniconda3/envs/apache-airflow/lib/python3.8/site-packages/airflow/example_dags/example_branch_operator.py
[2023-03-26T22:19:20.283+0200] {processor.py:753} INFO - DAG(s) dict_keys(['example_branch_operator']) retrieved from /home/humbulani/miniconda3/envs/apache-airflow/lib/python3.8/site-packages/airflow/example_dags/example_branch_operator.py
[2023-03-26T22:19:20.301+0200] {logging_mixin.py:137} INFO - [2023-03-26T22:19:20.301+0200] {dag.py:2693} INFO - Sync 1 DAGs
[2023-03-26T22:19:20.320+0200] {logging_mixin.py:137} INFO - [2023-03-26T22:19:20.319+0200] {dag.py:3440} INFO - Setting next_dagrun for example_branch_operator to 2023-03-25T00:00:00+00:00, run_after=2023-03-26T00:00:00+00:00
[2023-03-26T22:19:20.392+0200] {processor.py:175} INFO - Processing /home/humbulani/miniconda3/envs/apache-airflow/lib/python3.8/site-packages/airflow/example_dags/example_branch_operator.py took 0.145 seconds
[2023-03-26T22:20:06.024+0200] {processor.py:153} INFO - Started process (PID=20171) to work on /home/humbulani/miniconda3/envs/apache-airflow/lib/python3.8/site-packages/airflow/example_dags/example_branch_operator.py
[2023-03-26T22:20:06.046+0200] {processor.py:743} INFO - Processing file /home/humbulani/miniconda3/envs/apache-airflow/lib/python3.8/site-packages/airflow/example_dags/example_branch_operator.py for tasks to queue
[2023-03-26T22:20:06.047+0200] {logging_mixin.py:137} INFO - [2023-03-26T22:20:06.047+0200] {dagbag.py:532} INFO - Filling up the DagBag from /home/humbulani/miniconda3/envs/apache-airflow/lib/python3.8/site-packages/airflow/example_dags/example_branch_operator.py
[2023-03-26T22:20:06.062+0200] {processor.py:753} INFO - DAG(s) dict_keys(['example_branch_operator']) retrieved from /home/humbulani/miniconda3/envs/apache-airflow/lib/python3.8/site-packages/airflow/example_dags/example_branch_operator.py
[2023-03-26T22:20:06.080+0200] {logging_mixin.py:137} INFO - [2023-03-26T22:20:06.080+0200] {dag.py:2693} INFO - Sync 1 DAGs
[2023-03-26T22:20:06.100+0200] {logging_mixin.py:137} INFO - [2023-03-26T22:20:06.100+0200] {dag.py:3440} INFO - Setting next_dagrun for example_branch_operator to 2023-03-25T00:00:00+00:00, run_after=2023-03-26T00:00:00+00:00
[2023-03-26T22:20:06.181+0200] {processor.py:175} INFO - Processing /home/humbulani/miniconda3/envs/apache-airflow/lib/python3.8/site-packages/airflow/example_dags/example_branch_operator.py took 0.160 seconds
[2023-03-26T22:20:50.223+0200] {processor.py:153} INFO - Started process (PID=20260) to work on /home/humbulani/miniconda3/envs/apache-airflow/lib/python3.8/site-packages/airflow/example_dags/example_branch_operator.py
[2023-03-26T22:20:50.241+0200] {processor.py:743} INFO - Processing file /home/humbulani/miniconda3/envs/apache-airflow/lib/python3.8/site-packages/airflow/example_dags/example_branch_operator.py for tasks to queue
[2023-03-26T22:20:50.242+0200] {logging_mixin.py:137} INFO - [2023-03-26T22:20:50.242+0200] {dagbag.py:532} INFO - Filling up the DagBag from /home/humbulani/miniconda3/envs/apache-airflow/lib/python3.8/site-packages/airflow/example_dags/example_branch_operator.py
[2023-03-26T22:20:50.258+0200] {processor.py:753} INFO - DAG(s) dict_keys(['example_branch_operator']) retrieved from /home/humbulani/miniconda3/envs/apache-airflow/lib/python3.8/site-packages/airflow/example_dags/example_branch_operator.py
[2023-03-26T22:20:50.279+0200] {logging_mixin.py:137} INFO - [2023-03-26T22:20:50.278+0200] {dag.py:2693} INFO - Sync 1 DAGs
[2023-03-26T22:20:50.298+0200] {logging_mixin.py:137} INFO - [2023-03-26T22:20:50.297+0200] {dag.py:3440} INFO - Setting next_dagrun for example_branch_operator to 2023-03-25T00:00:00+00:00, run_after=2023-03-26T00:00:00+00:00
[2023-03-26T22:20:50.376+0200] {processor.py:175} INFO - Processing /home/humbulani/miniconda3/envs/apache-airflow/lib/python3.8/site-packages/airflow/example_dags/example_branch_operator.py took 0.156 seconds
[2023-03-26T22:21:36.364+0200] {processor.py:153} INFO - Started process (PID=20305) to work on /home/humbulani/miniconda3/envs/apache-airflow/lib/python3.8/site-packages/airflow/example_dags/example_branch_operator.py
[2023-03-26T22:21:36.365+0200] {processor.py:743} INFO - Processing file /home/humbulani/miniconda3/envs/apache-airflow/lib/python3.8/site-packages/airflow/example_dags/example_branch_operator.py for tasks to queue
[2023-03-26T22:21:36.366+0200] {logging_mixin.py:137} INFO - [2023-03-26T22:21:36.365+0200] {dagbag.py:532} INFO - Filling up the DagBag from /home/humbulani/miniconda3/envs/apache-airflow/lib/python3.8/site-packages/airflow/example_dags/example_branch_operator.py
[2023-03-26T22:21:36.385+0200] {processor.py:753} INFO - DAG(s) dict_keys(['example_branch_operator']) retrieved from /home/humbulani/miniconda3/envs/apache-airflow/lib/python3.8/site-packages/airflow/example_dags/example_branch_operator.py
[2023-03-26T22:21:36.403+0200] {logging_mixin.py:137} INFO - [2023-03-26T22:21:36.403+0200] {dag.py:2693} INFO - Sync 1 DAGs
[2023-03-26T22:21:36.422+0200] {logging_mixin.py:137} INFO - [2023-03-26T22:21:36.422+0200] {dag.py:3440} INFO - Setting next_dagrun for example_branch_operator to 2023-03-25T00:00:00+00:00, run_after=2023-03-26T00:00:00+00:00
[2023-03-26T22:21:36.496+0200] {processor.py:175} INFO - Processing /home/humbulani/miniconda3/envs/apache-airflow/lib/python3.8/site-packages/airflow/example_dags/example_branch_operator.py took 0.135 seconds
[2023-03-26T22:22:20.290+0200] {processor.py:153} INFO - Started process (PID=20350) to work on /home/humbulani/miniconda3/envs/apache-airflow/lib/python3.8/site-packages/airflow/example_dags/example_branch_operator.py
[2023-03-26T22:22:20.305+0200] {processor.py:743} INFO - Processing file /home/humbulani/miniconda3/envs/apache-airflow/lib/python3.8/site-packages/airflow/example_dags/example_branch_operator.py for tasks to queue
[2023-03-26T22:22:20.306+0200] {logging_mixin.py:137} INFO - [2023-03-26T22:22:20.306+0200] {dagbag.py:532} INFO - Filling up the DagBag from /home/humbulani/miniconda3/envs/apache-airflow/lib/python3.8/site-packages/airflow/example_dags/example_branch_operator.py
[2023-03-26T22:22:20.325+0200] {processor.py:753} INFO - DAG(s) dict_keys(['example_branch_operator']) retrieved from /home/humbulani/miniconda3/envs/apache-airflow/lib/python3.8/site-packages/airflow/example_dags/example_branch_operator.py
[2023-03-26T22:22:20.346+0200] {logging_mixin.py:137} INFO - [2023-03-26T22:22:20.345+0200] {dag.py:2693} INFO - Sync 1 DAGs
[2023-03-26T22:22:20.364+0200] {logging_mixin.py:137} INFO - [2023-03-26T22:22:20.364+0200] {dag.py:3440} INFO - Setting next_dagrun for example_branch_operator to 2023-03-25T00:00:00+00:00, run_after=2023-03-26T00:00:00+00:00
[2023-03-26T22:22:20.444+0200] {processor.py:175} INFO - Processing /home/humbulani/miniconda3/envs/apache-airflow/lib/python3.8/site-packages/airflow/example_dags/example_branch_operator.py took 0.158 seconds
[2023-03-26T22:23:07.455+0200] {processor.py:153} INFO - Started process (PID=20392) to work on /home/humbulani/miniconda3/envs/apache-airflow/lib/python3.8/site-packages/airflow/example_dags/example_branch_operator.py
[2023-03-26T22:23:07.468+0200] {processor.py:743} INFO - Processing file /home/humbulani/miniconda3/envs/apache-airflow/lib/python3.8/site-packages/airflow/example_dags/example_branch_operator.py for tasks to queue
[2023-03-26T22:23:07.469+0200] {logging_mixin.py:137} INFO - [2023-03-26T22:23:07.468+0200] {dagbag.py:532} INFO - Filling up the DagBag from /home/humbulani/miniconda3/envs/apache-airflow/lib/python3.8/site-packages/airflow/example_dags/example_branch_operator.py
[2023-03-26T22:23:07.484+0200] {processor.py:753} INFO - DAG(s) dict_keys(['example_branch_operator']) retrieved from /home/humbulani/miniconda3/envs/apache-airflow/lib/python3.8/site-packages/airflow/example_dags/example_branch_operator.py
[2023-03-26T22:23:07.502+0200] {logging_mixin.py:137} INFO - [2023-03-26T22:23:07.502+0200] {dag.py:2693} INFO - Sync 1 DAGs
[2023-03-26T22:23:07.521+0200] {logging_mixin.py:137} INFO - [2023-03-26T22:23:07.521+0200] {dag.py:3440} INFO - Setting next_dagrun for example_branch_operator to 2023-03-25T00:00:00+00:00, run_after=2023-03-26T00:00:00+00:00
[2023-03-26T22:23:07.596+0200] {processor.py:175} INFO - Processing /home/humbulani/miniconda3/envs/apache-airflow/lib/python3.8/site-packages/airflow/example_dags/example_branch_operator.py took 0.143 seconds
