[2023-03-26T21:39:17.283+0200] {processor.py:153} INFO - Started process (PID=16637) to work on /home/humbulani/miniconda3/envs/apache-airflow/lib/python3.8/site-packages/airflow/example_dags/example_xcomargs.py
[2023-03-26T21:39:17.284+0200] {processor.py:743} INFO - Processing file /home/humbulani/miniconda3/envs/apache-airflow/lib/python3.8/site-packages/airflow/example_dags/example_xcomargs.py for tasks to queue
[2023-03-26T21:39:17.284+0200] {logging_mixin.py:137} INFO - [2023-03-26T21:39:17.284+0200] {dagbag.py:532} INFO - Filling up the DagBag from /home/humbulani/miniconda3/envs/apache-airflow/lib/python3.8/site-packages/airflow/example_dags/example_xcomargs.py
[2023-03-26T21:39:17.310+0200] {processor.py:753} INFO - DAG(s) dict_keys(['example_xcom_args', 'example_xcom_args_with_operators']) retrieved from /home/humbulani/miniconda3/envs/apache-airflow/lib/python3.8/site-packages/airflow/example_dags/example_xcomargs.py
[2023-03-26T21:39:17.591+0200] {logging_mixin.py:137} INFO - [2023-03-26T21:39:17.591+0200] {manager.py:504} INFO - Created Permission View: can edit on DAG:example_xcom_args
[2023-03-26T21:39:17.665+0200] {logging_mixin.py:137} INFO - [2023-03-26T21:39:17.665+0200] {manager.py:504} INFO - Created Permission View: can read on DAG:example_xcom_args
[2023-03-26T21:39:17.725+0200] {logging_mixin.py:137} INFO - [2023-03-26T21:39:17.724+0200] {manager.py:504} INFO - Created Permission View: can delete on DAG:example_xcom_args
[2023-03-26T21:39:17.900+0200] {logging_mixin.py:137} INFO - [2023-03-26T21:39:17.899+0200] {manager.py:504} INFO - Created Permission View: can edit on DAG:example_xcom_args_with_operators
[2023-03-26T21:39:17.975+0200] {logging_mixin.py:137} INFO - [2023-03-26T21:39:17.974+0200] {manager.py:504} INFO - Created Permission View: can read on DAG:example_xcom_args_with_operators
[2023-03-26T21:39:18.041+0200] {logging_mixin.py:137} INFO - [2023-03-26T21:39:18.041+0200] {manager.py:504} INFO - Created Permission View: can delete on DAG:example_xcom_args_with_operators
[2023-03-26T21:39:18.042+0200] {logging_mixin.py:137} INFO - [2023-03-26T21:39:18.042+0200] {dag.py:2693} INFO - Sync 2 DAGs
[2023-03-26T21:39:18.052+0200] {logging_mixin.py:137} INFO - [2023-03-26T21:39:18.052+0200] {dag.py:2714} INFO - Creating ORM DAG for example_xcom_args
[2023-03-26T21:39:18.052+0200] {logging_mixin.py:137} INFO - [2023-03-26T21:39:18.052+0200] {dag.py:2714} INFO - Creating ORM DAG for example_xcom_args_with_operators
[2023-03-26T21:39:18.060+0200] {logging_mixin.py:137} INFO - [2023-03-26T21:39:18.060+0200] {dag.py:3440} INFO - Setting next_dagrun for example_xcom_args to None, run_after=None
[2023-03-26T21:39:18.060+0200] {logging_mixin.py:137} INFO - [2023-03-26T21:39:18.060+0200] {dag.py:3440} INFO - Setting next_dagrun for example_xcom_args_with_operators to None, run_after=None
[2023-03-26T21:39:18.230+0200] {processor.py:175} INFO - Processing /home/humbulani/miniconda3/envs/apache-airflow/lib/python3.8/site-packages/airflow/example_dags/example_xcomargs.py took 0.950 seconds
[2023-03-26T21:40:18.972+0200] {processor.py:153} INFO - Started process (PID=16729) to work on /home/humbulani/miniconda3/envs/apache-airflow/lib/python3.8/site-packages/airflow/example_dags/example_xcomargs.py
[2023-03-26T21:40:18.973+0200] {processor.py:743} INFO - Processing file /home/humbulani/miniconda3/envs/apache-airflow/lib/python3.8/site-packages/airflow/example_dags/example_xcomargs.py for tasks to queue
[2023-03-26T21:40:18.974+0200] {logging_mixin.py:137} INFO - [2023-03-26T21:40:18.974+0200] {dagbag.py:532} INFO - Filling up the DagBag from /home/humbulani/miniconda3/envs/apache-airflow/lib/python3.8/site-packages/airflow/example_dags/example_xcomargs.py
[2023-03-26T21:40:18.995+0200] {processor.py:753} INFO - DAG(s) dict_keys(['example_xcom_args_with_operators', 'example_xcom_args']) retrieved from /home/humbulani/miniconda3/envs/apache-airflow/lib/python3.8/site-packages/airflow/example_dags/example_xcomargs.py
[2023-03-26T21:40:19.014+0200] {logging_mixin.py:137} INFO - [2023-03-26T21:40:19.014+0200] {dag.py:2693} INFO - Sync 2 DAGs
[2023-03-26T21:40:19.031+0200] {logging_mixin.py:137} INFO - [2023-03-26T21:40:19.031+0200] {dag.py:3440} INFO - Setting next_dagrun for example_xcom_args to None, run_after=None
[2023-03-26T21:40:19.034+0200] {logging_mixin.py:137} INFO - [2023-03-26T21:40:19.034+0200] {dag.py:3440} INFO - Setting next_dagrun for example_xcom_args_with_operators to None, run_after=None
[2023-03-26T21:40:19.124+0200] {processor.py:175} INFO - Processing /home/humbulani/miniconda3/envs/apache-airflow/lib/python3.8/site-packages/airflow/example_dags/example_xcomargs.py took 0.154 seconds
[2023-03-26T21:41:10.104+0200] {processor.py:153} INFO - Started process (PID=16782) to work on /home/humbulani/miniconda3/envs/apache-airflow/lib/python3.8/site-packages/airflow/example_dags/example_xcomargs.py
[2023-03-26T21:41:10.136+0200] {processor.py:743} INFO - Processing file /home/humbulani/miniconda3/envs/apache-airflow/lib/python3.8/site-packages/airflow/example_dags/example_xcomargs.py for tasks to queue
[2023-03-26T21:41:10.136+0200] {logging_mixin.py:137} INFO - [2023-03-26T21:41:10.136+0200] {dagbag.py:532} INFO - Filling up the DagBag from /home/humbulani/miniconda3/envs/apache-airflow/lib/python3.8/site-packages/airflow/example_dags/example_xcomargs.py
[2023-03-26T21:41:10.158+0200] {processor.py:753} INFO - DAG(s) dict_keys(['example_xcom_args_with_operators', 'example_xcom_args']) retrieved from /home/humbulani/miniconda3/envs/apache-airflow/lib/python3.8/site-packages/airflow/example_dags/example_xcomargs.py
[2023-03-26T21:41:10.178+0200] {logging_mixin.py:137} INFO - [2023-03-26T21:41:10.178+0200] {dag.py:2693} INFO - Sync 2 DAGs
[2023-03-26T21:41:10.195+0200] {logging_mixin.py:137} INFO - [2023-03-26T21:41:10.195+0200] {dag.py:3440} INFO - Setting next_dagrun for example_xcom_args to None, run_after=None
[2023-03-26T21:41:10.198+0200] {logging_mixin.py:137} INFO - [2023-03-26T21:41:10.198+0200] {dag.py:3440} INFO - Setting next_dagrun for example_xcom_args_with_operators to None, run_after=None
[2023-03-26T21:41:10.258+0200] {processor.py:175} INFO - Processing /home/humbulani/miniconda3/envs/apache-airflow/lib/python3.8/site-packages/airflow/example_dags/example_xcomargs.py took 0.158 seconds
[2023-03-26T21:47:53.604+0200] {processor.py:153} INFO - Started process (PID=16834) to work on /home/humbulani/miniconda3/envs/apache-airflow/lib/python3.8/site-packages/airflow/example_dags/example_xcomargs.py
[2023-03-26T21:47:53.618+0200] {processor.py:743} INFO - Processing file /home/humbulani/miniconda3/envs/apache-airflow/lib/python3.8/site-packages/airflow/example_dags/example_xcomargs.py for tasks to queue
[2023-03-26T21:47:53.618+0200] {logging_mixin.py:137} INFO - [2023-03-26T21:47:53.618+0200] {dagbag.py:532} INFO - Filling up the DagBag from /home/humbulani/miniconda3/envs/apache-airflow/lib/python3.8/site-packages/airflow/example_dags/example_xcomargs.py
[2023-03-26T21:47:53.646+0200] {processor.py:753} INFO - DAG(s) dict_keys(['example_xcom_args_with_operators', 'example_xcom_args']) retrieved from /home/humbulani/miniconda3/envs/apache-airflow/lib/python3.8/site-packages/airflow/example_dags/example_xcomargs.py
[2023-03-26T21:47:53.664+0200] {logging_mixin.py:137} INFO - [2023-03-26T21:47:53.664+0200] {dag.py:2693} INFO - Sync 2 DAGs
[2023-03-26T21:47:53.681+0200] {logging_mixin.py:137} INFO - [2023-03-26T21:47:53.681+0200] {dag.py:3440} INFO - Setting next_dagrun for example_xcom_args to None, run_after=None
[2023-03-26T21:47:53.685+0200] {logging_mixin.py:137} INFO - [2023-03-26T21:47:53.685+0200] {dag.py:3440} INFO - Setting next_dagrun for example_xcom_args_with_operators to None, run_after=None
[2023-03-26T21:47:53.748+0200] {processor.py:175} INFO - Processing /home/humbulani/miniconda3/envs/apache-airflow/lib/python3.8/site-packages/airflow/example_dags/example_xcomargs.py took 0.147 seconds
[2023-03-26T21:48:39.971+0200] {processor.py:153} INFO - Started process (PID=16914) to work on /home/humbulani/miniconda3/envs/apache-airflow/lib/python3.8/site-packages/airflow/example_dags/example_xcomargs.py
[2023-03-26T21:48:39.978+0200] {processor.py:743} INFO - Processing file /home/humbulani/miniconda3/envs/apache-airflow/lib/python3.8/site-packages/airflow/example_dags/example_xcomargs.py for tasks to queue
[2023-03-26T21:48:39.979+0200] {logging_mixin.py:137} INFO - [2023-03-26T21:48:39.979+0200] {dagbag.py:532} INFO - Filling up the DagBag from /home/humbulani/miniconda3/envs/apache-airflow/lib/python3.8/site-packages/airflow/example_dags/example_xcomargs.py
[2023-03-26T21:48:40.003+0200] {processor.py:753} INFO - DAG(s) dict_keys(['example_xcom_args', 'example_xcom_args_with_operators']) retrieved from /home/humbulani/miniconda3/envs/apache-airflow/lib/python3.8/site-packages/airflow/example_dags/example_xcomargs.py
[2023-03-26T21:48:40.025+0200] {logging_mixin.py:137} INFO - [2023-03-26T21:48:40.025+0200] {dag.py:2693} INFO - Sync 2 DAGs
[2023-03-26T21:48:40.044+0200] {logging_mixin.py:137} INFO - [2023-03-26T21:48:40.044+0200] {dag.py:3440} INFO - Setting next_dagrun for example_xcom_args to None, run_after=None
[2023-03-26T21:48:40.048+0200] {logging_mixin.py:137} INFO - [2023-03-26T21:48:40.047+0200] {dag.py:3440} INFO - Setting next_dagrun for example_xcom_args_with_operators to None, run_after=None
[2023-03-26T21:48:40.123+0200] {processor.py:175} INFO - Processing /home/humbulani/miniconda3/envs/apache-airflow/lib/python3.8/site-packages/airflow/example_dags/example_xcomargs.py took 0.155 seconds
[2023-03-26T21:49:32.203+0200] {processor.py:153} INFO - Started process (PID=16956) to work on /home/humbulani/miniconda3/envs/apache-airflow/lib/python3.8/site-packages/airflow/example_dags/example_xcomargs.py
[2023-03-26T21:49:32.220+0200] {processor.py:743} INFO - Processing file /home/humbulani/miniconda3/envs/apache-airflow/lib/python3.8/site-packages/airflow/example_dags/example_xcomargs.py for tasks to queue
[2023-03-26T21:49:32.221+0200] {logging_mixin.py:137} INFO - [2023-03-26T21:49:32.221+0200] {dagbag.py:532} INFO - Filling up the DagBag from /home/humbulani/miniconda3/envs/apache-airflow/lib/python3.8/site-packages/airflow/example_dags/example_xcomargs.py
[2023-03-26T21:49:32.242+0200] {processor.py:753} INFO - DAG(s) dict_keys(['example_xcom_args_with_operators', 'example_xcom_args']) retrieved from /home/humbulani/miniconda3/envs/apache-airflow/lib/python3.8/site-packages/airflow/example_dags/example_xcomargs.py
[2023-03-26T21:49:32.262+0200] {logging_mixin.py:137} INFO - [2023-03-26T21:49:32.262+0200] {dag.py:2693} INFO - Sync 2 DAGs
[2023-03-26T21:49:32.279+0200] {logging_mixin.py:137} INFO - [2023-03-26T21:49:32.279+0200] {dag.py:3440} INFO - Setting next_dagrun for example_xcom_args to None, run_after=None
[2023-03-26T21:49:32.282+0200] {logging_mixin.py:137} INFO - [2023-03-26T21:49:32.282+0200] {dag.py:3440} INFO - Setting next_dagrun for example_xcom_args_with_operators to None, run_after=None
[2023-03-26T21:49:32.346+0200] {processor.py:175} INFO - Processing /home/humbulani/miniconda3/envs/apache-airflow/lib/python3.8/site-packages/airflow/example_dags/example_xcomargs.py took 0.145 seconds
[2023-03-26T21:50:16.093+0200] {processor.py:153} INFO - Started process (PID=17000) to work on /home/humbulani/miniconda3/envs/apache-airflow/lib/python3.8/site-packages/airflow/example_dags/example_xcomargs.py
[2023-03-26T21:50:16.106+0200] {processor.py:743} INFO - Processing file /home/humbulani/miniconda3/envs/apache-airflow/lib/python3.8/site-packages/airflow/example_dags/example_xcomargs.py for tasks to queue
[2023-03-26T21:50:16.106+0200] {logging_mixin.py:137} INFO - [2023-03-26T21:50:16.106+0200] {dagbag.py:532} INFO - Filling up the DagBag from /home/humbulani/miniconda3/envs/apache-airflow/lib/python3.8/site-packages/airflow/example_dags/example_xcomargs.py
[2023-03-26T21:50:16.128+0200] {processor.py:753} INFO - DAG(s) dict_keys(['example_xcom_args', 'example_xcom_args_with_operators']) retrieved from /home/humbulani/miniconda3/envs/apache-airflow/lib/python3.8/site-packages/airflow/example_dags/example_xcomargs.py
[2023-03-26T21:50:16.147+0200] {logging_mixin.py:137} INFO - [2023-03-26T21:50:16.147+0200] {dag.py:2693} INFO - Sync 2 DAGs
[2023-03-26T21:50:16.164+0200] {logging_mixin.py:137} INFO - [2023-03-26T21:50:16.164+0200] {dag.py:3440} INFO - Setting next_dagrun for example_xcom_args to None, run_after=None
[2023-03-26T21:50:16.167+0200] {logging_mixin.py:137} INFO - [2023-03-26T21:50:16.166+0200] {dag.py:3440} INFO - Setting next_dagrun for example_xcom_args_with_operators to None, run_after=None
[2023-03-26T21:50:16.248+0200] {processor.py:175} INFO - Processing /home/humbulani/miniconda3/envs/apache-airflow/lib/python3.8/site-packages/airflow/example_dags/example_xcomargs.py took 0.158 seconds
[2023-03-26T21:51:01.799+0200] {processor.py:153} INFO - Started process (PID=17090) to work on /home/humbulani/miniconda3/envs/apache-airflow/lib/python3.8/site-packages/airflow/example_dags/example_xcomargs.py
[2023-03-26T21:51:01.842+0200] {processor.py:743} INFO - Processing file /home/humbulani/miniconda3/envs/apache-airflow/lib/python3.8/site-packages/airflow/example_dags/example_xcomargs.py for tasks to queue
[2023-03-26T21:51:01.842+0200] {logging_mixin.py:137} INFO - [2023-03-26T21:51:01.842+0200] {dagbag.py:532} INFO - Filling up the DagBag from /home/humbulani/miniconda3/envs/apache-airflow/lib/python3.8/site-packages/airflow/example_dags/example_xcomargs.py
[2023-03-26T21:51:01.871+0200] {processor.py:753} INFO - DAG(s) dict_keys(['example_xcom_args', 'example_xcom_args_with_operators']) retrieved from /home/humbulani/miniconda3/envs/apache-airflow/lib/python3.8/site-packages/airflow/example_dags/example_xcomargs.py
[2023-03-26T21:51:01.895+0200] {logging_mixin.py:137} INFO - [2023-03-26T21:51:01.895+0200] {dag.py:2693} INFO - Sync 2 DAGs
[2023-03-26T21:51:01.920+0200] {logging_mixin.py:137} INFO - [2023-03-26T21:51:01.920+0200] {dag.py:3440} INFO - Setting next_dagrun for example_xcom_args to None, run_after=None
[2023-03-26T21:51:01.922+0200] {logging_mixin.py:137} INFO - [2023-03-26T21:51:01.922+0200] {dag.py:3440} INFO - Setting next_dagrun for example_xcom_args_with_operators to None, run_after=None
[2023-03-26T21:51:01.984+0200] {processor.py:175} INFO - Processing /home/humbulani/miniconda3/envs/apache-airflow/lib/python3.8/site-packages/airflow/example_dags/example_xcomargs.py took 0.187 seconds
[2023-03-26T21:51:46.529+0200] {processor.py:153} INFO - Started process (PID=17160) to work on /home/humbulani/miniconda3/envs/apache-airflow/lib/python3.8/site-packages/airflow/example_dags/example_xcomargs.py
[2023-03-26T21:51:46.529+0200] {processor.py:743} INFO - Processing file /home/humbulani/miniconda3/envs/apache-airflow/lib/python3.8/site-packages/airflow/example_dags/example_xcomargs.py for tasks to queue
[2023-03-26T21:51:46.530+0200] {logging_mixin.py:137} INFO - [2023-03-26T21:51:46.530+0200] {dagbag.py:532} INFO - Filling up the DagBag from /home/humbulani/miniconda3/envs/apache-airflow/lib/python3.8/site-packages/airflow/example_dags/example_xcomargs.py
[2023-03-26T21:51:46.551+0200] {processor.py:753} INFO - DAG(s) dict_keys(['example_xcom_args', 'example_xcom_args_with_operators']) retrieved from /home/humbulani/miniconda3/envs/apache-airflow/lib/python3.8/site-packages/airflow/example_dags/example_xcomargs.py
[2023-03-26T21:51:46.570+0200] {logging_mixin.py:137} INFO - [2023-03-26T21:51:46.569+0200] {dag.py:2693} INFO - Sync 2 DAGs
[2023-03-26T21:51:46.586+0200] {logging_mixin.py:137} INFO - [2023-03-26T21:51:46.586+0200] {dag.py:3440} INFO - Setting next_dagrun for example_xcom_args to None, run_after=None
[2023-03-26T21:51:46.590+0200] {logging_mixin.py:137} INFO - [2023-03-26T21:51:46.590+0200] {dag.py:3440} INFO - Setting next_dagrun for example_xcom_args_with_operators to None, run_after=None
[2023-03-26T21:51:46.759+0200] {processor.py:175} INFO - Processing /home/humbulani/miniconda3/envs/apache-airflow/lib/python3.8/site-packages/airflow/example_dags/example_xcomargs.py took 0.232 seconds
[2023-03-26T21:52:35.658+0200] {processor.py:153} INFO - Started process (PID=17203) to work on /home/humbulani/miniconda3/envs/apache-airflow/lib/python3.8/site-packages/airflow/example_dags/example_xcomargs.py
[2023-03-26T21:52:35.689+0200] {processor.py:743} INFO - Processing file /home/humbulani/miniconda3/envs/apache-airflow/lib/python3.8/site-packages/airflow/example_dags/example_xcomargs.py for tasks to queue
[2023-03-26T21:52:35.690+0200] {logging_mixin.py:137} INFO - [2023-03-26T21:52:35.690+0200] {dagbag.py:532} INFO - Filling up the DagBag from /home/humbulani/miniconda3/envs/apache-airflow/lib/python3.8/site-packages/airflow/example_dags/example_xcomargs.py
[2023-03-26T21:52:35.717+0200] {processor.py:753} INFO - DAG(s) dict_keys(['example_xcom_args', 'example_xcom_args_with_operators']) retrieved from /home/humbulani/miniconda3/envs/apache-airflow/lib/python3.8/site-packages/airflow/example_dags/example_xcomargs.py
[2023-03-26T21:52:35.737+0200] {logging_mixin.py:137} INFO - [2023-03-26T21:52:35.737+0200] {dag.py:2693} INFO - Sync 2 DAGs
[2023-03-26T21:52:35.843+0200] {logging_mixin.py:137} INFO - [2023-03-26T21:52:35.843+0200] {dag.py:3440} INFO - Setting next_dagrun for example_xcom_args to None, run_after=None
[2023-03-26T21:52:35.846+0200] {logging_mixin.py:137} INFO - [2023-03-26T21:52:35.846+0200] {dag.py:3440} INFO - Setting next_dagrun for example_xcom_args_with_operators to None, run_after=None
[2023-03-26T21:52:35.973+0200] {processor.py:175} INFO - Processing /home/humbulani/miniconda3/envs/apache-airflow/lib/python3.8/site-packages/airflow/example_dags/example_xcomargs.py took 0.317 seconds
[2023-03-26T21:53:23.819+0200] {processor.py:153} INFO - Started process (PID=17252) to work on /home/humbulani/miniconda3/envs/apache-airflow/lib/python3.8/site-packages/airflow/example_dags/example_xcomargs.py
[2023-03-26T21:53:23.835+0200] {processor.py:743} INFO - Processing file /home/humbulani/miniconda3/envs/apache-airflow/lib/python3.8/site-packages/airflow/example_dags/example_xcomargs.py for tasks to queue
[2023-03-26T21:53:23.835+0200] {logging_mixin.py:137} INFO - [2023-03-26T21:53:23.835+0200] {dagbag.py:532} INFO - Filling up the DagBag from /home/humbulani/miniconda3/envs/apache-airflow/lib/python3.8/site-packages/airflow/example_dags/example_xcomargs.py
[2023-03-26T21:53:23.862+0200] {processor.py:753} INFO - DAG(s) dict_keys(['example_xcom_args_with_operators', 'example_xcom_args']) retrieved from /home/humbulani/miniconda3/envs/apache-airflow/lib/python3.8/site-packages/airflow/example_dags/example_xcomargs.py
[2023-03-26T21:53:23.883+0200] {logging_mixin.py:137} INFO - [2023-03-26T21:53:23.883+0200] {dag.py:2693} INFO - Sync 2 DAGs
[2023-03-26T21:53:23.980+0200] {logging_mixin.py:137} INFO - [2023-03-26T21:53:23.980+0200] {dag.py:3440} INFO - Setting next_dagrun for example_xcom_args to None, run_after=None
[2023-03-26T21:53:23.982+0200] {logging_mixin.py:137} INFO - [2023-03-26T21:53:23.982+0200] {dag.py:3440} INFO - Setting next_dagrun for example_xcom_args_with_operators to None, run_after=None
[2023-03-26T21:53:24.097+0200] {processor.py:175} INFO - Processing /home/humbulani/miniconda3/envs/apache-airflow/lib/python3.8/site-packages/airflow/example_dags/example_xcomargs.py took 0.281 seconds
[2023-03-26T21:54:13.674+0200] {processor.py:153} INFO - Started process (PID=17305) to work on /home/humbulani/miniconda3/envs/apache-airflow/lib/python3.8/site-packages/airflow/example_dags/example_xcomargs.py
[2023-03-26T21:54:13.688+0200] {processor.py:743} INFO - Processing file /home/humbulani/miniconda3/envs/apache-airflow/lib/python3.8/site-packages/airflow/example_dags/example_xcomargs.py for tasks to queue
[2023-03-26T21:54:13.688+0200] {logging_mixin.py:137} INFO - [2023-03-26T21:54:13.688+0200] {dagbag.py:532} INFO - Filling up the DagBag from /home/humbulani/miniconda3/envs/apache-airflow/lib/python3.8/site-packages/airflow/example_dags/example_xcomargs.py
[2023-03-26T21:54:13.710+0200] {processor.py:753} INFO - DAG(s) dict_keys(['example_xcom_args', 'example_xcom_args_with_operators']) retrieved from /home/humbulani/miniconda3/envs/apache-airflow/lib/python3.8/site-packages/airflow/example_dags/example_xcomargs.py
[2023-03-26T21:54:13.811+0200] {logging_mixin.py:137} INFO - [2023-03-26T21:54:13.811+0200] {dag.py:2693} INFO - Sync 2 DAGs
[2023-03-26T21:54:13.827+0200] {logging_mixin.py:137} INFO - [2023-03-26T21:54:13.827+0200] {dag.py:3440} INFO - Setting next_dagrun for example_xcom_args to None, run_after=None
[2023-03-26T21:54:13.830+0200] {logging_mixin.py:137} INFO - [2023-03-26T21:54:13.830+0200] {dag.py:3440} INFO - Setting next_dagrun for example_xcom_args_with_operators to None, run_after=None
[2023-03-26T21:54:13.896+0200] {processor.py:175} INFO - Processing /home/humbulani/miniconda3/envs/apache-airflow/lib/python3.8/site-packages/airflow/example_dags/example_xcomargs.py took 0.224 seconds
[2023-03-26T21:55:03.087+0200] {processor.py:153} INFO - Started process (PID=17349) to work on /home/humbulani/miniconda3/envs/apache-airflow/lib/python3.8/site-packages/airflow/example_dags/example_xcomargs.py
[2023-03-26T21:55:03.088+0200] {processor.py:743} INFO - Processing file /home/humbulani/miniconda3/envs/apache-airflow/lib/python3.8/site-packages/airflow/example_dags/example_xcomargs.py for tasks to queue
[2023-03-26T21:55:03.089+0200] {logging_mixin.py:137} INFO - [2023-03-26T21:55:03.088+0200] {dagbag.py:532} INFO - Filling up the DagBag from /home/humbulani/miniconda3/envs/apache-airflow/lib/python3.8/site-packages/airflow/example_dags/example_xcomargs.py
[2023-03-26T21:55:03.195+0200] {processor.py:753} INFO - DAG(s) dict_keys(['example_xcom_args', 'example_xcom_args_with_operators']) retrieved from /home/humbulani/miniconda3/envs/apache-airflow/lib/python3.8/site-packages/airflow/example_dags/example_xcomargs.py
[2023-03-26T21:55:03.212+0200] {logging_mixin.py:137} INFO - [2023-03-26T21:55:03.212+0200] {dag.py:2693} INFO - Sync 2 DAGs
[2023-03-26T21:55:03.227+0200] {logging_mixin.py:137} INFO - [2023-03-26T21:55:03.227+0200] {dag.py:3440} INFO - Setting next_dagrun for example_xcom_args to None, run_after=None
[2023-03-26T21:55:03.230+0200] {logging_mixin.py:137} INFO - [2023-03-26T21:55:03.229+0200] {dag.py:3440} INFO - Setting next_dagrun for example_xcom_args_with_operators to None, run_after=None
[2023-03-26T21:55:03.405+0200] {processor.py:175} INFO - Processing /home/humbulani/miniconda3/envs/apache-airflow/lib/python3.8/site-packages/airflow/example_dags/example_xcomargs.py took 0.321 seconds
[2023-03-26T21:55:53.250+0200] {processor.py:153} INFO - Started process (PID=17419) to work on /home/humbulani/miniconda3/envs/apache-airflow/lib/python3.8/site-packages/airflow/example_dags/example_xcomargs.py
[2023-03-26T21:55:53.264+0200] {processor.py:743} INFO - Processing file /home/humbulani/miniconda3/envs/apache-airflow/lib/python3.8/site-packages/airflow/example_dags/example_xcomargs.py for tasks to queue
[2023-03-26T21:55:53.266+0200] {logging_mixin.py:137} INFO - [2023-03-26T21:55:53.265+0200] {dagbag.py:532} INFO - Filling up the DagBag from /home/humbulani/miniconda3/envs/apache-airflow/lib/python3.8/site-packages/airflow/example_dags/example_xcomargs.py
[2023-03-26T21:55:53.382+0200] {processor.py:753} INFO - DAG(s) dict_keys(['example_xcom_args', 'example_xcom_args_with_operators']) retrieved from /home/humbulani/miniconda3/envs/apache-airflow/lib/python3.8/site-packages/airflow/example_dags/example_xcomargs.py
[2023-03-26T21:55:53.402+0200] {logging_mixin.py:137} INFO - [2023-03-26T21:55:53.402+0200] {dag.py:2693} INFO - Sync 2 DAGs
[2023-03-26T21:55:53.424+0200] {logging_mixin.py:137} INFO - [2023-03-26T21:55:53.423+0200] {dag.py:3440} INFO - Setting next_dagrun for example_xcom_args to None, run_after=None
[2023-03-26T21:55:53.427+0200] {logging_mixin.py:137} INFO - [2023-03-26T21:55:53.427+0200] {dag.py:3440} INFO - Setting next_dagrun for example_xcom_args_with_operators to None, run_after=None
[2023-03-26T21:55:53.504+0200] {processor.py:175} INFO - Processing /home/humbulani/miniconda3/envs/apache-airflow/lib/python3.8/site-packages/airflow/example_dags/example_xcomargs.py took 0.257 seconds
[2023-03-26T21:56:39.868+0200] {processor.py:153} INFO - Started process (PID=17493) to work on /home/humbulani/miniconda3/envs/apache-airflow/lib/python3.8/site-packages/airflow/example_dags/example_xcomargs.py
[2023-03-26T21:56:39.884+0200] {processor.py:743} INFO - Processing file /home/humbulani/miniconda3/envs/apache-airflow/lib/python3.8/site-packages/airflow/example_dags/example_xcomargs.py for tasks to queue
[2023-03-26T21:56:39.885+0200] {logging_mixin.py:137} INFO - [2023-03-26T21:56:39.885+0200] {dagbag.py:532} INFO - Filling up the DagBag from /home/humbulani/miniconda3/envs/apache-airflow/lib/python3.8/site-packages/airflow/example_dags/example_xcomargs.py
[2023-03-26T21:56:39.908+0200] {processor.py:753} INFO - DAG(s) dict_keys(['example_xcom_args_with_operators', 'example_xcom_args']) retrieved from /home/humbulani/miniconda3/envs/apache-airflow/lib/python3.8/site-packages/airflow/example_dags/example_xcomargs.py
[2023-03-26T21:56:39.927+0200] {logging_mixin.py:137} INFO - [2023-03-26T21:56:39.927+0200] {dag.py:2693} INFO - Sync 2 DAGs
[2023-03-26T21:56:39.945+0200] {logging_mixin.py:137} INFO - [2023-03-26T21:56:39.945+0200] {dag.py:3440} INFO - Setting next_dagrun for example_xcom_args to None, run_after=None
[2023-03-26T21:56:39.947+0200] {logging_mixin.py:137} INFO - [2023-03-26T21:56:39.947+0200] {dag.py:3440} INFO - Setting next_dagrun for example_xcom_args_with_operators to None, run_after=None
[2023-03-26T21:56:40.006+0200] {processor.py:175} INFO - Processing /home/humbulani/miniconda3/envs/apache-airflow/lib/python3.8/site-packages/airflow/example_dags/example_xcomargs.py took 0.141 seconds
[2023-03-26T21:57:22.575+0200] {processor.py:153} INFO - Started process (PID=17594) to work on /home/humbulani/miniconda3/envs/apache-airflow/lib/python3.8/site-packages/airflow/example_dags/example_xcomargs.py
[2023-03-26T21:57:22.586+0200] {processor.py:743} INFO - Processing file /home/humbulani/miniconda3/envs/apache-airflow/lib/python3.8/site-packages/airflow/example_dags/example_xcomargs.py for tasks to queue
[2023-03-26T21:57:22.587+0200] {logging_mixin.py:137} INFO - [2023-03-26T21:57:22.587+0200] {dagbag.py:532} INFO - Filling up the DagBag from /home/humbulani/miniconda3/envs/apache-airflow/lib/python3.8/site-packages/airflow/example_dags/example_xcomargs.py
[2023-03-26T21:57:22.608+0200] {processor.py:753} INFO - DAG(s) dict_keys(['example_xcom_args', 'example_xcom_args_with_operators']) retrieved from /home/humbulani/miniconda3/envs/apache-airflow/lib/python3.8/site-packages/airflow/example_dags/example_xcomargs.py
[2023-03-26T21:57:22.629+0200] {logging_mixin.py:137} INFO - [2023-03-26T21:57:22.629+0200] {dag.py:2693} INFO - Sync 2 DAGs
[2023-03-26T21:57:22.646+0200] {logging_mixin.py:137} INFO - [2023-03-26T21:57:22.646+0200] {dag.py:3440} INFO - Setting next_dagrun for example_xcom_args to None, run_after=None
[2023-03-26T21:57:22.649+0200] {logging_mixin.py:137} INFO - [2023-03-26T21:57:22.649+0200] {dag.py:3440} INFO - Setting next_dagrun for example_xcom_args_with_operators to None, run_after=None
[2023-03-26T21:57:22.717+0200] {processor.py:175} INFO - Processing /home/humbulani/miniconda3/envs/apache-airflow/lib/python3.8/site-packages/airflow/example_dags/example_xcomargs.py took 0.145 seconds
[2023-03-26T21:58:08.322+0200] {processor.py:153} INFO - Started process (PID=17804) to work on /home/humbulani/miniconda3/envs/apache-airflow/lib/python3.8/site-packages/airflow/example_dags/example_xcomargs.py
[2023-03-26T21:58:08.331+0200] {processor.py:743} INFO - Processing file /home/humbulani/miniconda3/envs/apache-airflow/lib/python3.8/site-packages/airflow/example_dags/example_xcomargs.py for tasks to queue
[2023-03-26T21:58:08.332+0200] {logging_mixin.py:137} INFO - [2023-03-26T21:58:08.332+0200] {dagbag.py:532} INFO - Filling up the DagBag from /home/humbulani/miniconda3/envs/apache-airflow/lib/python3.8/site-packages/airflow/example_dags/example_xcomargs.py
[2023-03-26T21:58:08.354+0200] {processor.py:753} INFO - DAG(s) dict_keys(['example_xcom_args', 'example_xcom_args_with_operators']) retrieved from /home/humbulani/miniconda3/envs/apache-airflow/lib/python3.8/site-packages/airflow/example_dags/example_xcomargs.py
[2023-03-26T21:58:08.374+0200] {logging_mixin.py:137} INFO - [2023-03-26T21:58:08.374+0200] {dag.py:2693} INFO - Sync 2 DAGs
[2023-03-26T21:58:08.391+0200] {logging_mixin.py:137} INFO - [2023-03-26T21:58:08.391+0200] {dag.py:3440} INFO - Setting next_dagrun for example_xcom_args to None, run_after=None
[2023-03-26T21:58:08.394+0200] {logging_mixin.py:137} INFO - [2023-03-26T21:58:08.394+0200] {dag.py:3440} INFO - Setting next_dagrun for example_xcom_args_with_operators to None, run_after=None
[2023-03-26T21:58:08.479+0200] {processor.py:175} INFO - Processing /home/humbulani/miniconda3/envs/apache-airflow/lib/python3.8/site-packages/airflow/example_dags/example_xcomargs.py took 0.159 seconds
[2023-03-26T21:58:56.126+0200] {processor.py:153} INFO - Started process (PID=17904) to work on /home/humbulani/miniconda3/envs/apache-airflow/lib/python3.8/site-packages/airflow/example_dags/example_xcomargs.py
[2023-03-26T21:58:56.142+0200] {processor.py:743} INFO - Processing file /home/humbulani/miniconda3/envs/apache-airflow/lib/python3.8/site-packages/airflow/example_dags/example_xcomargs.py for tasks to queue
[2023-03-26T21:58:56.142+0200] {logging_mixin.py:137} INFO - [2023-03-26T21:58:56.142+0200] {dagbag.py:532} INFO - Filling up the DagBag from /home/humbulani/miniconda3/envs/apache-airflow/lib/python3.8/site-packages/airflow/example_dags/example_xcomargs.py
[2023-03-26T21:58:56.164+0200] {processor.py:753} INFO - DAG(s) dict_keys(['example_xcom_args_with_operators', 'example_xcom_args']) retrieved from /home/humbulani/miniconda3/envs/apache-airflow/lib/python3.8/site-packages/airflow/example_dags/example_xcomargs.py
[2023-03-26T21:58:56.184+0200] {logging_mixin.py:137} INFO - [2023-03-26T21:58:56.183+0200] {dag.py:2693} INFO - Sync 2 DAGs
[2023-03-26T21:58:56.201+0200] {logging_mixin.py:137} INFO - [2023-03-26T21:58:56.200+0200] {dag.py:3440} INFO - Setting next_dagrun for example_xcom_args to None, run_after=None
[2023-03-26T21:58:56.203+0200] {logging_mixin.py:137} INFO - [2023-03-26T21:58:56.203+0200] {dag.py:3440} INFO - Setting next_dagrun for example_xcom_args_with_operators to None, run_after=None
[2023-03-26T21:58:56.273+0200] {processor.py:175} INFO - Processing /home/humbulani/miniconda3/envs/apache-airflow/lib/python3.8/site-packages/airflow/example_dags/example_xcomargs.py took 0.149 seconds
[2023-03-26T21:59:44.491+0200] {processor.py:153} INFO - Started process (PID=18121) to work on /home/humbulani/miniconda3/envs/apache-airflow/lib/python3.8/site-packages/airflow/example_dags/example_xcomargs.py
[2023-03-26T21:59:44.504+0200] {processor.py:743} INFO - Processing file /home/humbulani/miniconda3/envs/apache-airflow/lib/python3.8/site-packages/airflow/example_dags/example_xcomargs.py for tasks to queue
[2023-03-26T21:59:44.504+0200] {logging_mixin.py:137} INFO - [2023-03-26T21:59:44.504+0200] {dagbag.py:532} INFO - Filling up the DagBag from /home/humbulani/miniconda3/envs/apache-airflow/lib/python3.8/site-packages/airflow/example_dags/example_xcomargs.py
[2023-03-26T21:59:44.532+0200] {processor.py:753} INFO - DAG(s) dict_keys(['example_xcom_args', 'example_xcom_args_with_operators']) retrieved from /home/humbulani/miniconda3/envs/apache-airflow/lib/python3.8/site-packages/airflow/example_dags/example_xcomargs.py
[2023-03-26T21:59:44.552+0200] {logging_mixin.py:137} INFO - [2023-03-26T21:59:44.552+0200] {dag.py:2693} INFO - Sync 2 DAGs
[2023-03-26T21:59:44.571+0200] {logging_mixin.py:137} INFO - [2023-03-26T21:59:44.571+0200] {dag.py:3440} INFO - Setting next_dagrun for example_xcom_args to None, run_after=None
[2023-03-26T21:59:44.573+0200] {logging_mixin.py:137} INFO - [2023-03-26T21:59:44.573+0200] {dag.py:3440} INFO - Setting next_dagrun for example_xcom_args_with_operators to None, run_after=None
[2023-03-26T21:59:44.652+0200] {processor.py:175} INFO - Processing /home/humbulani/miniconda3/envs/apache-airflow/lib/python3.8/site-packages/airflow/example_dags/example_xcomargs.py took 0.164 seconds
[2023-03-26T22:00:30.964+0200] {processor.py:153} INFO - Started process (PID=18172) to work on /home/humbulani/miniconda3/envs/apache-airflow/lib/python3.8/site-packages/airflow/example_dags/example_xcomargs.py
[2023-03-26T22:00:30.965+0200] {processor.py:743} INFO - Processing file /home/humbulani/miniconda3/envs/apache-airflow/lib/python3.8/site-packages/airflow/example_dags/example_xcomargs.py for tasks to queue
[2023-03-26T22:00:30.966+0200] {logging_mixin.py:137} INFO - [2023-03-26T22:00:30.966+0200] {dagbag.py:532} INFO - Filling up the DagBag from /home/humbulani/miniconda3/envs/apache-airflow/lib/python3.8/site-packages/airflow/example_dags/example_xcomargs.py
[2023-03-26T22:00:30.987+0200] {processor.py:753} INFO - DAG(s) dict_keys(['example_xcom_args', 'example_xcom_args_with_operators']) retrieved from /home/humbulani/miniconda3/envs/apache-airflow/lib/python3.8/site-packages/airflow/example_dags/example_xcomargs.py
[2023-03-26T22:00:31.014+0200] {logging_mixin.py:137} INFO - [2023-03-26T22:00:31.014+0200] {dag.py:2693} INFO - Sync 2 DAGs
[2023-03-26T22:00:31.032+0200] {logging_mixin.py:137} INFO - [2023-03-26T22:00:31.032+0200] {dag.py:3440} INFO - Setting next_dagrun for example_xcom_args to None, run_after=None
[2023-03-26T22:00:31.035+0200] {logging_mixin.py:137} INFO - [2023-03-26T22:00:31.035+0200] {dag.py:3440} INFO - Setting next_dagrun for example_xcom_args_with_operators to None, run_after=None
[2023-03-26T22:00:31.150+0200] {processor.py:175} INFO - Processing /home/humbulani/miniconda3/envs/apache-airflow/lib/python3.8/site-packages/airflow/example_dags/example_xcomargs.py took 0.188 seconds
[2023-03-26T22:01:15.399+0200] {processor.py:153} INFO - Started process (PID=18266) to work on /home/humbulani/miniconda3/envs/apache-airflow/lib/python3.8/site-packages/airflow/example_dags/example_xcomargs.py
[2023-03-26T22:01:15.400+0200] {processor.py:743} INFO - Processing file /home/humbulani/miniconda3/envs/apache-airflow/lib/python3.8/site-packages/airflow/example_dags/example_xcomargs.py for tasks to queue
[2023-03-26T22:01:15.401+0200] {logging_mixin.py:137} INFO - [2023-03-26T22:01:15.400+0200] {dagbag.py:532} INFO - Filling up the DagBag from /home/humbulani/miniconda3/envs/apache-airflow/lib/python3.8/site-packages/airflow/example_dags/example_xcomargs.py
[2023-03-26T22:01:15.422+0200] {processor.py:753} INFO - DAG(s) dict_keys(['example_xcom_args', 'example_xcom_args_with_operators']) retrieved from /home/humbulani/miniconda3/envs/apache-airflow/lib/python3.8/site-packages/airflow/example_dags/example_xcomargs.py
[2023-03-26T22:01:15.445+0200] {logging_mixin.py:137} INFO - [2023-03-26T22:01:15.445+0200] {dag.py:2693} INFO - Sync 2 DAGs
[2023-03-26T22:01:15.464+0200] {logging_mixin.py:137} INFO - [2023-03-26T22:01:15.464+0200] {dag.py:3440} INFO - Setting next_dagrun for example_xcom_args to None, run_after=None
[2023-03-26T22:01:15.467+0200] {logging_mixin.py:137} INFO - [2023-03-26T22:01:15.467+0200] {dag.py:3440} INFO - Setting next_dagrun for example_xcom_args_with_operators to None, run_after=None
[2023-03-26T22:01:15.574+0200] {processor.py:175} INFO - Processing /home/humbulani/miniconda3/envs/apache-airflow/lib/python3.8/site-packages/airflow/example_dags/example_xcomargs.py took 0.177 seconds
[2023-03-26T22:02:04.320+0200] {processor.py:153} INFO - Started process (PID=18512) to work on /home/humbulani/miniconda3/envs/apache-airflow/lib/python3.8/site-packages/airflow/example_dags/example_xcomargs.py
[2023-03-26T22:02:04.338+0200] {processor.py:743} INFO - Processing file /home/humbulani/miniconda3/envs/apache-airflow/lib/python3.8/site-packages/airflow/example_dags/example_xcomargs.py for tasks to queue
[2023-03-26T22:02:04.338+0200] {logging_mixin.py:137} INFO - [2023-03-26T22:02:04.338+0200] {dagbag.py:532} INFO - Filling up the DagBag from /home/humbulani/miniconda3/envs/apache-airflow/lib/python3.8/site-packages/airflow/example_dags/example_xcomargs.py
[2023-03-26T22:02:04.365+0200] {processor.py:753} INFO - DAG(s) dict_keys(['example_xcom_args', 'example_xcom_args_with_operators']) retrieved from /home/humbulani/miniconda3/envs/apache-airflow/lib/python3.8/site-packages/airflow/example_dags/example_xcomargs.py
[2023-03-26T22:02:04.386+0200] {logging_mixin.py:137} INFO - [2023-03-26T22:02:04.386+0200] {dag.py:2693} INFO - Sync 2 DAGs
[2023-03-26T22:02:04.403+0200] {logging_mixin.py:137} INFO - [2023-03-26T22:02:04.403+0200] {dag.py:3440} INFO - Setting next_dagrun for example_xcom_args to None, run_after=None
[2023-03-26T22:02:04.406+0200] {logging_mixin.py:137} INFO - [2023-03-26T22:02:04.405+0200] {dag.py:3440} INFO - Setting next_dagrun for example_xcom_args_with_operators to None, run_after=None
[2023-03-26T22:02:04.488+0200] {processor.py:175} INFO - Processing /home/humbulani/miniconda3/envs/apache-airflow/lib/python3.8/site-packages/airflow/example_dags/example_xcomargs.py took 0.172 seconds
[2023-03-26T22:02:50.329+0200] {processor.py:153} INFO - Started process (PID=18569) to work on /home/humbulani/miniconda3/envs/apache-airflow/lib/python3.8/site-packages/airflow/example_dags/example_xcomargs.py
[2023-03-26T22:02:50.344+0200] {processor.py:743} INFO - Processing file /home/humbulani/miniconda3/envs/apache-airflow/lib/python3.8/site-packages/airflow/example_dags/example_xcomargs.py for tasks to queue
[2023-03-26T22:02:50.345+0200] {logging_mixin.py:137} INFO - [2023-03-26T22:02:50.345+0200] {dagbag.py:532} INFO - Filling up the DagBag from /home/humbulani/miniconda3/envs/apache-airflow/lib/python3.8/site-packages/airflow/example_dags/example_xcomargs.py
[2023-03-26T22:02:50.368+0200] {processor.py:753} INFO - DAG(s) dict_keys(['example_xcom_args_with_operators', 'example_xcom_args']) retrieved from /home/humbulani/miniconda3/envs/apache-airflow/lib/python3.8/site-packages/airflow/example_dags/example_xcomargs.py
[2023-03-26T22:02:50.388+0200] {logging_mixin.py:137} INFO - [2023-03-26T22:02:50.388+0200] {dag.py:2693} INFO - Sync 2 DAGs
[2023-03-26T22:02:50.405+0200] {logging_mixin.py:137} INFO - [2023-03-26T22:02:50.405+0200] {dag.py:3440} INFO - Setting next_dagrun for example_xcom_args to None, run_after=None
[2023-03-26T22:02:50.408+0200] {logging_mixin.py:137} INFO - [2023-03-26T22:02:50.407+0200] {dag.py:3440} INFO - Setting next_dagrun for example_xcom_args_with_operators to None, run_after=None
[2023-03-26T22:02:50.475+0200] {processor.py:175} INFO - Processing /home/humbulani/miniconda3/envs/apache-airflow/lib/python3.8/site-packages/airflow/example_dags/example_xcomargs.py took 0.149 seconds
[2023-03-26T22:03:35.747+0200] {processor.py:153} INFO - Started process (PID=18623) to work on /home/humbulani/miniconda3/envs/apache-airflow/lib/python3.8/site-packages/airflow/example_dags/example_xcomargs.py
[2023-03-26T22:03:35.756+0200] {processor.py:743} INFO - Processing file /home/humbulani/miniconda3/envs/apache-airflow/lib/python3.8/site-packages/airflow/example_dags/example_xcomargs.py for tasks to queue
[2023-03-26T22:03:35.756+0200] {logging_mixin.py:137} INFO - [2023-03-26T22:03:35.756+0200] {dagbag.py:532} INFO - Filling up the DagBag from /home/humbulani/miniconda3/envs/apache-airflow/lib/python3.8/site-packages/airflow/example_dags/example_xcomargs.py
[2023-03-26T22:03:35.782+0200] {processor.py:753} INFO - DAG(s) dict_keys(['example_xcom_args_with_operators', 'example_xcom_args']) retrieved from /home/humbulani/miniconda3/envs/apache-airflow/lib/python3.8/site-packages/airflow/example_dags/example_xcomargs.py
[2023-03-26T22:03:35.803+0200] {logging_mixin.py:137} INFO - [2023-03-26T22:03:35.802+0200] {dag.py:2693} INFO - Sync 2 DAGs
[2023-03-26T22:03:35.824+0200] {logging_mixin.py:137} INFO - [2023-03-26T22:03:35.824+0200] {dag.py:3440} INFO - Setting next_dagrun for example_xcom_args to None, run_after=None
[2023-03-26T22:03:35.826+0200] {logging_mixin.py:137} INFO - [2023-03-26T22:03:35.826+0200] {dag.py:3440} INFO - Setting next_dagrun for example_xcom_args_with_operators to None, run_after=None
[2023-03-26T22:03:35.918+0200] {processor.py:175} INFO - Processing /home/humbulani/miniconda3/envs/apache-airflow/lib/python3.8/site-packages/airflow/example_dags/example_xcomargs.py took 0.174 seconds
[2023-03-26T22:04:21.649+0200] {processor.py:153} INFO - Started process (PID=18683) to work on /home/humbulani/miniconda3/envs/apache-airflow/lib/python3.8/site-packages/airflow/example_dags/example_xcomargs.py
[2023-03-26T22:04:21.659+0200] {processor.py:743} INFO - Processing file /home/humbulani/miniconda3/envs/apache-airflow/lib/python3.8/site-packages/airflow/example_dags/example_xcomargs.py for tasks to queue
[2023-03-26T22:04:21.660+0200] {logging_mixin.py:137} INFO - [2023-03-26T22:04:21.659+0200] {dagbag.py:532} INFO - Filling up the DagBag from /home/humbulani/miniconda3/envs/apache-airflow/lib/python3.8/site-packages/airflow/example_dags/example_xcomargs.py
[2023-03-26T22:04:21.681+0200] {processor.py:753} INFO - DAG(s) dict_keys(['example_xcom_args_with_operators', 'example_xcom_args']) retrieved from /home/humbulani/miniconda3/envs/apache-airflow/lib/python3.8/site-packages/airflow/example_dags/example_xcomargs.py
[2023-03-26T22:04:21.701+0200] {logging_mixin.py:137} INFO - [2023-03-26T22:04:21.701+0200] {dag.py:2693} INFO - Sync 2 DAGs
[2023-03-26T22:04:21.719+0200] {logging_mixin.py:137} INFO - [2023-03-26T22:04:21.719+0200] {dag.py:3440} INFO - Setting next_dagrun for example_xcom_args to None, run_after=None
[2023-03-26T22:04:21.721+0200] {logging_mixin.py:137} INFO - [2023-03-26T22:04:21.721+0200] {dag.py:3440} INFO - Setting next_dagrun for example_xcom_args_with_operators to None, run_after=None
[2023-03-26T22:04:21.789+0200] {processor.py:175} INFO - Processing /home/humbulani/miniconda3/envs/apache-airflow/lib/python3.8/site-packages/airflow/example_dags/example_xcomargs.py took 0.142 seconds
[2023-03-26T22:05:06.021+0200] {processor.py:153} INFO - Started process (PID=18742) to work on /home/humbulani/miniconda3/envs/apache-airflow/lib/python3.8/site-packages/airflow/example_dags/example_xcomargs.py
[2023-03-26T22:05:06.022+0200] {processor.py:743} INFO - Processing file /home/humbulani/miniconda3/envs/apache-airflow/lib/python3.8/site-packages/airflow/example_dags/example_xcomargs.py for tasks to queue
[2023-03-26T22:05:06.022+0200] {logging_mixin.py:137} INFO - [2023-03-26T22:05:06.022+0200] {dagbag.py:532} INFO - Filling up the DagBag from /home/humbulani/miniconda3/envs/apache-airflow/lib/python3.8/site-packages/airflow/example_dags/example_xcomargs.py
[2023-03-26T22:05:06.046+0200] {processor.py:753} INFO - DAG(s) dict_keys(['example_xcom_args', 'example_xcom_args_with_operators']) retrieved from /home/humbulani/miniconda3/envs/apache-airflow/lib/python3.8/site-packages/airflow/example_dags/example_xcomargs.py
[2023-03-26T22:05:06.067+0200] {logging_mixin.py:137} INFO - [2023-03-26T22:05:06.067+0200] {dag.py:2693} INFO - Sync 2 DAGs
[2023-03-26T22:05:06.085+0200] {logging_mixin.py:137} INFO - [2023-03-26T22:05:06.085+0200] {dag.py:3440} INFO - Setting next_dagrun for example_xcom_args to None, run_after=None
[2023-03-26T22:05:06.088+0200] {logging_mixin.py:137} INFO - [2023-03-26T22:05:06.087+0200] {dag.py:3440} INFO - Setting next_dagrun for example_xcom_args_with_operators to None, run_after=None
[2023-03-26T22:05:06.167+0200] {processor.py:175} INFO - Processing /home/humbulani/miniconda3/envs/apache-airflow/lib/python3.8/site-packages/airflow/example_dags/example_xcomargs.py took 0.148 seconds
[2023-03-26T22:05:50.490+0200] {processor.py:153} INFO - Started process (PID=18793) to work on /home/humbulani/miniconda3/envs/apache-airflow/lib/python3.8/site-packages/airflow/example_dags/example_xcomargs.py
[2023-03-26T22:05:50.496+0200] {processor.py:743} INFO - Processing file /home/humbulani/miniconda3/envs/apache-airflow/lib/python3.8/site-packages/airflow/example_dags/example_xcomargs.py for tasks to queue
[2023-03-26T22:05:50.497+0200] {logging_mixin.py:137} INFO - [2023-03-26T22:05:50.497+0200] {dagbag.py:532} INFO - Filling up the DagBag from /home/humbulani/miniconda3/envs/apache-airflow/lib/python3.8/site-packages/airflow/example_dags/example_xcomargs.py
[2023-03-26T22:05:50.519+0200] {processor.py:753} INFO - DAG(s) dict_keys(['example_xcom_args', 'example_xcom_args_with_operators']) retrieved from /home/humbulani/miniconda3/envs/apache-airflow/lib/python3.8/site-packages/airflow/example_dags/example_xcomargs.py
[2023-03-26T22:05:50.540+0200] {logging_mixin.py:137} INFO - [2023-03-26T22:05:50.540+0200] {dag.py:2693} INFO - Sync 2 DAGs
[2023-03-26T22:05:50.558+0200] {logging_mixin.py:137} INFO - [2023-03-26T22:05:50.558+0200] {dag.py:3440} INFO - Setting next_dagrun for example_xcom_args to None, run_after=None
[2023-03-26T22:05:50.561+0200] {logging_mixin.py:137} INFO - [2023-03-26T22:05:50.560+0200] {dag.py:3440} INFO - Setting next_dagrun for example_xcom_args_with_operators to None, run_after=None
[2023-03-26T22:05:50.620+0200] {processor.py:175} INFO - Processing /home/humbulani/miniconda3/envs/apache-airflow/lib/python3.8/site-packages/airflow/example_dags/example_xcomargs.py took 0.132 seconds
[2023-03-26T22:06:36.666+0200] {processor.py:153} INFO - Started process (PID=18838) to work on /home/humbulani/miniconda3/envs/apache-airflow/lib/python3.8/site-packages/airflow/example_dags/example_xcomargs.py
[2023-03-26T22:06:36.667+0200] {processor.py:743} INFO - Processing file /home/humbulani/miniconda3/envs/apache-airflow/lib/python3.8/site-packages/airflow/example_dags/example_xcomargs.py for tasks to queue
[2023-03-26T22:06:36.668+0200] {logging_mixin.py:137} INFO - [2023-03-26T22:06:36.668+0200] {dagbag.py:532} INFO - Filling up the DagBag from /home/humbulani/miniconda3/envs/apache-airflow/lib/python3.8/site-packages/airflow/example_dags/example_xcomargs.py
[2023-03-26T22:06:36.692+0200] {processor.py:753} INFO - DAG(s) dict_keys(['example_xcom_args', 'example_xcom_args_with_operators']) retrieved from /home/humbulani/miniconda3/envs/apache-airflow/lib/python3.8/site-packages/airflow/example_dags/example_xcomargs.py
[2023-03-26T22:06:36.712+0200] {logging_mixin.py:137} INFO - [2023-03-26T22:06:36.712+0200] {dag.py:2693} INFO - Sync 2 DAGs
[2023-03-26T22:06:36.729+0200] {logging_mixin.py:137} INFO - [2023-03-26T22:06:36.729+0200] {dag.py:3440} INFO - Setting next_dagrun for example_xcom_args to None, run_after=None
[2023-03-26T22:06:36.732+0200] {logging_mixin.py:137} INFO - [2023-03-26T22:06:36.731+0200] {dag.py:3440} INFO - Setting next_dagrun for example_xcom_args_with_operators to None, run_after=None
[2023-03-26T22:06:36.793+0200] {processor.py:175} INFO - Processing /home/humbulani/miniconda3/envs/apache-airflow/lib/python3.8/site-packages/airflow/example_dags/example_xcomargs.py took 0.129 seconds
[2023-03-26T22:07:23.837+0200] {processor.py:153} INFO - Started process (PID=18984) to work on /home/humbulani/miniconda3/envs/apache-airflow/lib/python3.8/site-packages/airflow/example_dags/example_xcomargs.py
[2023-03-26T22:07:23.861+0200] {processor.py:743} INFO - Processing file /home/humbulani/miniconda3/envs/apache-airflow/lib/python3.8/site-packages/airflow/example_dags/example_xcomargs.py for tasks to queue
[2023-03-26T22:07:23.862+0200] {logging_mixin.py:137} INFO - [2023-03-26T22:07:23.862+0200] {dagbag.py:532} INFO - Filling up the DagBag from /home/humbulani/miniconda3/envs/apache-airflow/lib/python3.8/site-packages/airflow/example_dags/example_xcomargs.py
[2023-03-26T22:07:23.883+0200] {processor.py:753} INFO - DAG(s) dict_keys(['example_xcom_args_with_operators', 'example_xcom_args']) retrieved from /home/humbulani/miniconda3/envs/apache-airflow/lib/python3.8/site-packages/airflow/example_dags/example_xcomargs.py
[2023-03-26T22:07:23.903+0200] {logging_mixin.py:137} INFO - [2023-03-26T22:07:23.903+0200] {dag.py:2693} INFO - Sync 2 DAGs
[2023-03-26T22:07:23.919+0200] {logging_mixin.py:137} INFO - [2023-03-26T22:07:23.919+0200] {dag.py:3440} INFO - Setting next_dagrun for example_xcom_args to None, run_after=None
[2023-03-26T22:07:23.923+0200] {logging_mixin.py:137} INFO - [2023-03-26T22:07:23.923+0200] {dag.py:3440} INFO - Setting next_dagrun for example_xcom_args_with_operators to None, run_after=None
[2023-03-26T22:07:23.982+0200] {processor.py:175} INFO - Processing /home/humbulani/miniconda3/envs/apache-airflow/lib/python3.8/site-packages/airflow/example_dags/example_xcomargs.py took 0.148 seconds
[2023-03-26T22:08:08.596+0200] {processor.py:153} INFO - Started process (PID=19028) to work on /home/humbulani/miniconda3/envs/apache-airflow/lib/python3.8/site-packages/airflow/example_dags/example_xcomargs.py
[2023-03-26T22:08:08.600+0200] {processor.py:743} INFO - Processing file /home/humbulani/miniconda3/envs/apache-airflow/lib/python3.8/site-packages/airflow/example_dags/example_xcomargs.py for tasks to queue
[2023-03-26T22:08:08.601+0200] {logging_mixin.py:137} INFO - [2023-03-26T22:08:08.601+0200] {dagbag.py:532} INFO - Filling up the DagBag from /home/humbulani/miniconda3/envs/apache-airflow/lib/python3.8/site-packages/airflow/example_dags/example_xcomargs.py
[2023-03-26T22:08:08.623+0200] {processor.py:753} INFO - DAG(s) dict_keys(['example_xcom_args_with_operators', 'example_xcom_args']) retrieved from /home/humbulani/miniconda3/envs/apache-airflow/lib/python3.8/site-packages/airflow/example_dags/example_xcomargs.py
[2023-03-26T22:08:08.642+0200] {logging_mixin.py:137} INFO - [2023-03-26T22:08:08.642+0200] {dag.py:2693} INFO - Sync 2 DAGs
[2023-03-26T22:08:08.660+0200] {logging_mixin.py:137} INFO - [2023-03-26T22:08:08.660+0200] {dag.py:3440} INFO - Setting next_dagrun for example_xcom_args to None, run_after=None
[2023-03-26T22:08:08.663+0200] {logging_mixin.py:137} INFO - [2023-03-26T22:08:08.663+0200] {dag.py:3440} INFO - Setting next_dagrun for example_xcom_args_with_operators to None, run_after=None
[2023-03-26T22:08:08.737+0200] {processor.py:175} INFO - Processing /home/humbulani/miniconda3/envs/apache-airflow/lib/python3.8/site-packages/airflow/example_dags/example_xcomargs.py took 0.144 seconds
[2023-03-26T22:08:54.777+0200] {processor.py:153} INFO - Started process (PID=19114) to work on /home/humbulani/miniconda3/envs/apache-airflow/lib/python3.8/site-packages/airflow/example_dags/example_xcomargs.py
[2023-03-26T22:08:54.790+0200] {processor.py:743} INFO - Processing file /home/humbulani/miniconda3/envs/apache-airflow/lib/python3.8/site-packages/airflow/example_dags/example_xcomargs.py for tasks to queue
[2023-03-26T22:08:54.791+0200] {logging_mixin.py:137} INFO - [2023-03-26T22:08:54.790+0200] {dagbag.py:532} INFO - Filling up the DagBag from /home/humbulani/miniconda3/envs/apache-airflow/lib/python3.8/site-packages/airflow/example_dags/example_xcomargs.py
[2023-03-26T22:08:54.812+0200] {processor.py:753} INFO - DAG(s) dict_keys(['example_xcom_args_with_operators', 'example_xcom_args']) retrieved from /home/humbulani/miniconda3/envs/apache-airflow/lib/python3.8/site-packages/airflow/example_dags/example_xcomargs.py
[2023-03-26T22:08:54.832+0200] {logging_mixin.py:137} INFO - [2023-03-26T22:08:54.832+0200] {dag.py:2693} INFO - Sync 2 DAGs
[2023-03-26T22:08:54.850+0200] {logging_mixin.py:137} INFO - [2023-03-26T22:08:54.850+0200] {dag.py:3440} INFO - Setting next_dagrun for example_xcom_args to None, run_after=None
[2023-03-26T22:08:54.853+0200] {logging_mixin.py:137} INFO - [2023-03-26T22:08:54.853+0200] {dag.py:3440} INFO - Setting next_dagrun for example_xcom_args_with_operators to None, run_after=None
[2023-03-26T22:08:54.927+0200] {processor.py:175} INFO - Processing /home/humbulani/miniconda3/envs/apache-airflow/lib/python3.8/site-packages/airflow/example_dags/example_xcomargs.py took 0.153 seconds
[2023-03-26T22:09:42.752+0200] {processor.py:153} INFO - Started process (PID=19158) to work on /home/humbulani/miniconda3/envs/apache-airflow/lib/python3.8/site-packages/airflow/example_dags/example_xcomargs.py
[2023-03-26T22:09:42.762+0200] {processor.py:743} INFO - Processing file /home/humbulani/miniconda3/envs/apache-airflow/lib/python3.8/site-packages/airflow/example_dags/example_xcomargs.py for tasks to queue
[2023-03-26T22:09:42.763+0200] {logging_mixin.py:137} INFO - [2023-03-26T22:09:42.763+0200] {dagbag.py:532} INFO - Filling up the DagBag from /home/humbulani/miniconda3/envs/apache-airflow/lib/python3.8/site-packages/airflow/example_dags/example_xcomargs.py
[2023-03-26T22:09:42.790+0200] {processor.py:753} INFO - DAG(s) dict_keys(['example_xcom_args', 'example_xcom_args_with_operators']) retrieved from /home/humbulani/miniconda3/envs/apache-airflow/lib/python3.8/site-packages/airflow/example_dags/example_xcomargs.py
[2023-03-26T22:09:42.812+0200] {logging_mixin.py:137} INFO - [2023-03-26T22:09:42.811+0200] {dag.py:2693} INFO - Sync 2 DAGs
[2023-03-26T22:09:42.828+0200] {logging_mixin.py:137} INFO - [2023-03-26T22:09:42.828+0200] {dag.py:3440} INFO - Setting next_dagrun for example_xcom_args to None, run_after=None
[2023-03-26T22:09:42.831+0200] {logging_mixin.py:137} INFO - [2023-03-26T22:09:42.831+0200] {dag.py:3440} INFO - Setting next_dagrun for example_xcom_args_with_operators to None, run_after=None
[2023-03-26T22:09:42.917+0200] {processor.py:175} INFO - Processing /home/humbulani/miniconda3/envs/apache-airflow/lib/python3.8/site-packages/airflow/example_dags/example_xcomargs.py took 0.169 seconds
[2023-03-26T22:10:26.097+0200] {processor.py:153} INFO - Started process (PID=19217) to work on /home/humbulani/miniconda3/envs/apache-airflow/lib/python3.8/site-packages/airflow/example_dags/example_xcomargs.py
[2023-03-26T22:10:26.097+0200] {processor.py:743} INFO - Processing file /home/humbulani/miniconda3/envs/apache-airflow/lib/python3.8/site-packages/airflow/example_dags/example_xcomargs.py for tasks to queue
[2023-03-26T22:10:26.098+0200] {logging_mixin.py:137} INFO - [2023-03-26T22:10:26.098+0200] {dagbag.py:532} INFO - Filling up the DagBag from /home/humbulani/miniconda3/envs/apache-airflow/lib/python3.8/site-packages/airflow/example_dags/example_xcomargs.py
[2023-03-26T22:10:26.120+0200] {processor.py:753} INFO - DAG(s) dict_keys(['example_xcom_args', 'example_xcom_args_with_operators']) retrieved from /home/humbulani/miniconda3/envs/apache-airflow/lib/python3.8/site-packages/airflow/example_dags/example_xcomargs.py
[2023-03-26T22:10:26.139+0200] {logging_mixin.py:137} INFO - [2023-03-26T22:10:26.139+0200] {dag.py:2693} INFO - Sync 2 DAGs
[2023-03-26T22:10:26.157+0200] {logging_mixin.py:137} INFO - [2023-03-26T22:10:26.156+0200] {dag.py:3440} INFO - Setting next_dagrun for example_xcom_args to None, run_after=None
[2023-03-26T22:10:26.159+0200] {logging_mixin.py:137} INFO - [2023-03-26T22:10:26.159+0200] {dag.py:3440} INFO - Setting next_dagrun for example_xcom_args_with_operators to None, run_after=None
[2023-03-26T22:10:26.244+0200] {processor.py:175} INFO - Processing /home/humbulani/miniconda3/envs/apache-airflow/lib/python3.8/site-packages/airflow/example_dags/example_xcomargs.py took 0.150 seconds
[2023-03-26T22:11:13.689+0200] {processor.py:153} INFO - Started process (PID=19331) to work on /home/humbulani/miniconda3/envs/apache-airflow/lib/python3.8/site-packages/airflow/example_dags/example_xcomargs.py
[2023-03-26T22:11:13.690+0200] {processor.py:743} INFO - Processing file /home/humbulani/miniconda3/envs/apache-airflow/lib/python3.8/site-packages/airflow/example_dags/example_xcomargs.py for tasks to queue
[2023-03-26T22:11:13.690+0200] {logging_mixin.py:137} INFO - [2023-03-26T22:11:13.690+0200] {dagbag.py:532} INFO - Filling up the DagBag from /home/humbulani/miniconda3/envs/apache-airflow/lib/python3.8/site-packages/airflow/example_dags/example_xcomargs.py
[2023-03-26T22:11:13.712+0200] {processor.py:753} INFO - DAG(s) dict_keys(['example_xcom_args', 'example_xcom_args_with_operators']) retrieved from /home/humbulani/miniconda3/envs/apache-airflow/lib/python3.8/site-packages/airflow/example_dags/example_xcomargs.py
[2023-03-26T22:11:13.730+0200] {logging_mixin.py:137} INFO - [2023-03-26T22:11:13.730+0200] {dag.py:2693} INFO - Sync 2 DAGs
[2023-03-26T22:11:13.747+0200] {logging_mixin.py:137} INFO - [2023-03-26T22:11:13.747+0200] {dag.py:3440} INFO - Setting next_dagrun for example_xcom_args to None, run_after=None
[2023-03-26T22:11:13.750+0200] {logging_mixin.py:137} INFO - [2023-03-26T22:11:13.750+0200] {dag.py:3440} INFO - Setting next_dagrun for example_xcom_args_with_operators to None, run_after=None
[2023-03-26T22:11:13.817+0200] {processor.py:175} INFO - Processing /home/humbulani/miniconda3/envs/apache-airflow/lib/python3.8/site-packages/airflow/example_dags/example_xcomargs.py took 0.130 seconds
[2023-03-26T22:11:59.864+0200] {processor.py:153} INFO - Started process (PID=19373) to work on /home/humbulani/miniconda3/envs/apache-airflow/lib/python3.8/site-packages/airflow/example_dags/example_xcomargs.py
[2023-03-26T22:11:59.882+0200] {processor.py:743} INFO - Processing file /home/humbulani/miniconda3/envs/apache-airflow/lib/python3.8/site-packages/airflow/example_dags/example_xcomargs.py for tasks to queue
[2023-03-26T22:11:59.882+0200] {logging_mixin.py:137} INFO - [2023-03-26T22:11:59.882+0200] {dagbag.py:532} INFO - Filling up the DagBag from /home/humbulani/miniconda3/envs/apache-airflow/lib/python3.8/site-packages/airflow/example_dags/example_xcomargs.py
[2023-03-26T22:11:59.908+0200] {processor.py:753} INFO - DAG(s) dict_keys(['example_xcom_args', 'example_xcom_args_with_operators']) retrieved from /home/humbulani/miniconda3/envs/apache-airflow/lib/python3.8/site-packages/airflow/example_dags/example_xcomargs.py
[2023-03-26T22:11:59.930+0200] {logging_mixin.py:137} INFO - [2023-03-26T22:11:59.930+0200] {dag.py:2693} INFO - Sync 2 DAGs
[2023-03-26T22:11:59.949+0200] {logging_mixin.py:137} INFO - [2023-03-26T22:11:59.949+0200] {dag.py:3440} INFO - Setting next_dagrun for example_xcom_args to None, run_after=None
[2023-03-26T22:11:59.951+0200] {logging_mixin.py:137} INFO - [2023-03-26T22:11:59.951+0200] {dag.py:3440} INFO - Setting next_dagrun for example_xcom_args_with_operators to None, run_after=None
[2023-03-26T22:12:00.022+0200] {processor.py:175} INFO - Processing /home/humbulani/miniconda3/envs/apache-airflow/lib/python3.8/site-packages/airflow/example_dags/example_xcomargs.py took 0.160 seconds
[2023-03-26T22:12:43.341+0200] {processor.py:153} INFO - Started process (PID=19484) to work on /home/humbulani/miniconda3/envs/apache-airflow/lib/python3.8/site-packages/airflow/example_dags/example_xcomargs.py
[2023-03-26T22:12:43.361+0200] {processor.py:743} INFO - Processing file /home/humbulani/miniconda3/envs/apache-airflow/lib/python3.8/site-packages/airflow/example_dags/example_xcomargs.py for tasks to queue
[2023-03-26T22:12:43.362+0200] {logging_mixin.py:137} INFO - [2023-03-26T22:12:43.362+0200] {dagbag.py:532} INFO - Filling up the DagBag from /home/humbulani/miniconda3/envs/apache-airflow/lib/python3.8/site-packages/airflow/example_dags/example_xcomargs.py
[2023-03-26T22:12:43.385+0200] {processor.py:753} INFO - DAG(s) dict_keys(['example_xcom_args', 'example_xcom_args_with_operators']) retrieved from /home/humbulani/miniconda3/envs/apache-airflow/lib/python3.8/site-packages/airflow/example_dags/example_xcomargs.py
[2023-03-26T22:12:43.406+0200] {logging_mixin.py:137} INFO - [2023-03-26T22:12:43.406+0200] {dag.py:2693} INFO - Sync 2 DAGs
[2023-03-26T22:12:43.425+0200] {logging_mixin.py:137} INFO - [2023-03-26T22:12:43.425+0200] {dag.py:3440} INFO - Setting next_dagrun for example_xcom_args to None, run_after=None
[2023-03-26T22:12:43.427+0200] {logging_mixin.py:137} INFO - [2023-03-26T22:12:43.427+0200] {dag.py:3440} INFO - Setting next_dagrun for example_xcom_args_with_operators to None, run_after=None
[2023-03-26T22:12:43.512+0200] {processor.py:175} INFO - Processing /home/humbulani/miniconda3/envs/apache-airflow/lib/python3.8/site-packages/airflow/example_dags/example_xcomargs.py took 0.173 seconds
[2023-03-26T22:13:31.490+0200] {processor.py:153} INFO - Started process (PID=19527) to work on /home/humbulani/miniconda3/envs/apache-airflow/lib/python3.8/site-packages/airflow/example_dags/example_xcomargs.py
[2023-03-26T22:13:31.499+0200] {processor.py:743} INFO - Processing file /home/humbulani/miniconda3/envs/apache-airflow/lib/python3.8/site-packages/airflow/example_dags/example_xcomargs.py for tasks to queue
[2023-03-26T22:13:31.500+0200] {logging_mixin.py:137} INFO - [2023-03-26T22:13:31.500+0200] {dagbag.py:532} INFO - Filling up the DagBag from /home/humbulani/miniconda3/envs/apache-airflow/lib/python3.8/site-packages/airflow/example_dags/example_xcomargs.py
[2023-03-26T22:13:31.525+0200] {processor.py:753} INFO - DAG(s) dict_keys(['example_xcom_args', 'example_xcom_args_with_operators']) retrieved from /home/humbulani/miniconda3/envs/apache-airflow/lib/python3.8/site-packages/airflow/example_dags/example_xcomargs.py
[2023-03-26T22:13:31.546+0200] {logging_mixin.py:137} INFO - [2023-03-26T22:13:31.546+0200] {dag.py:2693} INFO - Sync 2 DAGs
[2023-03-26T22:13:31.564+0200] {logging_mixin.py:137} INFO - [2023-03-26T22:13:31.564+0200] {dag.py:3440} INFO - Setting next_dagrun for example_xcom_args to None, run_after=None
[2023-03-26T22:13:31.567+0200] {logging_mixin.py:137} INFO - [2023-03-26T22:13:31.567+0200] {dag.py:3440} INFO - Setting next_dagrun for example_xcom_args_with_operators to None, run_after=None
[2023-03-26T22:13:31.634+0200] {processor.py:175} INFO - Processing /home/humbulani/miniconda3/envs/apache-airflow/lib/python3.8/site-packages/airflow/example_dags/example_xcomargs.py took 0.147 seconds
[2023-03-26T22:14:18.567+0200] {processor.py:153} INFO - Started process (PID=19572) to work on /home/humbulani/miniconda3/envs/apache-airflow/lib/python3.8/site-packages/airflow/example_dags/example_xcomargs.py
[2023-03-26T22:14:18.583+0200] {processor.py:743} INFO - Processing file /home/humbulani/miniconda3/envs/apache-airflow/lib/python3.8/site-packages/airflow/example_dags/example_xcomargs.py for tasks to queue
[2023-03-26T22:14:18.583+0200] {logging_mixin.py:137} INFO - [2023-03-26T22:14:18.583+0200] {dagbag.py:532} INFO - Filling up the DagBag from /home/humbulani/miniconda3/envs/apache-airflow/lib/python3.8/site-packages/airflow/example_dags/example_xcomargs.py
[2023-03-26T22:14:18.606+0200] {processor.py:753} INFO - DAG(s) dict_keys(['example_xcom_args_with_operators', 'example_xcom_args']) retrieved from /home/humbulani/miniconda3/envs/apache-airflow/lib/python3.8/site-packages/airflow/example_dags/example_xcomargs.py
[2023-03-26T22:14:18.626+0200] {logging_mixin.py:137} INFO - [2023-03-26T22:14:18.626+0200] {dag.py:2693} INFO - Sync 2 DAGs
[2023-03-26T22:14:18.644+0200] {logging_mixin.py:137} INFO - [2023-03-26T22:14:18.643+0200] {dag.py:3440} INFO - Setting next_dagrun for example_xcom_args to None, run_after=None
[2023-03-26T22:14:18.647+0200] {logging_mixin.py:137} INFO - [2023-03-26T22:14:18.647+0200] {dag.py:3440} INFO - Setting next_dagrun for example_xcom_args_with_operators to None, run_after=None
[2023-03-26T22:14:18.711+0200] {processor.py:175} INFO - Processing /home/humbulani/miniconda3/envs/apache-airflow/lib/python3.8/site-packages/airflow/example_dags/example_xcomargs.py took 0.147 seconds
[2023-03-26T22:15:04.528+0200] {processor.py:153} INFO - Started process (PID=19623) to work on /home/humbulani/miniconda3/envs/apache-airflow/lib/python3.8/site-packages/airflow/example_dags/example_xcomargs.py
[2023-03-26T22:15:04.537+0200] {processor.py:743} INFO - Processing file /home/humbulani/miniconda3/envs/apache-airflow/lib/python3.8/site-packages/airflow/example_dags/example_xcomargs.py for tasks to queue
[2023-03-26T22:15:04.538+0200] {logging_mixin.py:137} INFO - [2023-03-26T22:15:04.538+0200] {dagbag.py:532} INFO - Filling up the DagBag from /home/humbulani/miniconda3/envs/apache-airflow/lib/python3.8/site-packages/airflow/example_dags/example_xcomargs.py
[2023-03-26T22:15:04.565+0200] {processor.py:753} INFO - DAG(s) dict_keys(['example_xcom_args', 'example_xcom_args_with_operators']) retrieved from /home/humbulani/miniconda3/envs/apache-airflow/lib/python3.8/site-packages/airflow/example_dags/example_xcomargs.py
[2023-03-26T22:15:04.584+0200] {logging_mixin.py:137} INFO - [2023-03-26T22:15:04.584+0200] {dag.py:2693} INFO - Sync 2 DAGs
[2023-03-26T22:15:04.602+0200] {logging_mixin.py:137} INFO - [2023-03-26T22:15:04.602+0200] {dag.py:3440} INFO - Setting next_dagrun for example_xcom_args to None, run_after=None
[2023-03-26T22:15:04.605+0200] {logging_mixin.py:137} INFO - [2023-03-26T22:15:04.605+0200] {dag.py:3440} INFO - Setting next_dagrun for example_xcom_args_with_operators to None, run_after=None
[2023-03-26T22:15:04.711+0200] {processor.py:175} INFO - Processing /home/humbulani/miniconda3/envs/apache-airflow/lib/python3.8/site-packages/airflow/example_dags/example_xcomargs.py took 0.187 seconds
[2023-03-26T22:15:51.488+0200] {processor.py:153} INFO - Started process (PID=19727) to work on /home/humbulani/miniconda3/envs/apache-airflow/lib/python3.8/site-packages/airflow/example_dags/example_xcomargs.py
[2023-03-26T22:15:51.492+0200] {processor.py:743} INFO - Processing file /home/humbulani/miniconda3/envs/apache-airflow/lib/python3.8/site-packages/airflow/example_dags/example_xcomargs.py for tasks to queue
[2023-03-26T22:15:51.493+0200] {logging_mixin.py:137} INFO - [2023-03-26T22:15:51.493+0200] {dagbag.py:532} INFO - Filling up the DagBag from /home/humbulani/miniconda3/envs/apache-airflow/lib/python3.8/site-packages/airflow/example_dags/example_xcomargs.py
[2023-03-26T22:15:51.514+0200] {processor.py:753} INFO - DAG(s) dict_keys(['example_xcom_args', 'example_xcom_args_with_operators']) retrieved from /home/humbulani/miniconda3/envs/apache-airflow/lib/python3.8/site-packages/airflow/example_dags/example_xcomargs.py
[2023-03-26T22:15:51.534+0200] {logging_mixin.py:137} INFO - [2023-03-26T22:15:51.533+0200] {dag.py:2693} INFO - Sync 2 DAGs
[2023-03-26T22:15:51.551+0200] {logging_mixin.py:137} INFO - [2023-03-26T22:15:51.551+0200] {dag.py:3440} INFO - Setting next_dagrun for example_xcom_args to None, run_after=None
[2023-03-26T22:15:51.554+0200] {logging_mixin.py:137} INFO - [2023-03-26T22:15:51.554+0200] {dag.py:3440} INFO - Setting next_dagrun for example_xcom_args_with_operators to None, run_after=None
[2023-03-26T22:15:51.620+0200] {processor.py:175} INFO - Processing /home/humbulani/miniconda3/envs/apache-airflow/lib/python3.8/site-packages/airflow/example_dags/example_xcomargs.py took 0.134 seconds
[2023-03-26T22:16:42.482+0200] {processor.py:153} INFO - Started process (PID=19835) to work on /home/humbulani/miniconda3/envs/apache-airflow/lib/python3.8/site-packages/airflow/example_dags/example_xcomargs.py
[2023-03-26T22:16:42.491+0200] {processor.py:743} INFO - Processing file /home/humbulani/miniconda3/envs/apache-airflow/lib/python3.8/site-packages/airflow/example_dags/example_xcomargs.py for tasks to queue
[2023-03-26T22:16:42.492+0200] {logging_mixin.py:137} INFO - [2023-03-26T22:16:42.492+0200] {dagbag.py:532} INFO - Filling up the DagBag from /home/humbulani/miniconda3/envs/apache-airflow/lib/python3.8/site-packages/airflow/example_dags/example_xcomargs.py
[2023-03-26T22:16:42.515+0200] {processor.py:753} INFO - DAG(s) dict_keys(['example_xcom_args', 'example_xcom_args_with_operators']) retrieved from /home/humbulani/miniconda3/envs/apache-airflow/lib/python3.8/site-packages/airflow/example_dags/example_xcomargs.py
[2023-03-26T22:16:42.824+0200] {logging_mixin.py:137} INFO - [2023-03-26T22:16:42.824+0200] {dag.py:2693} INFO - Sync 2 DAGs
[2023-03-26T22:16:43.055+0200] {logging_mixin.py:137} INFO - [2023-03-26T22:16:43.055+0200] {dag.py:3440} INFO - Setting next_dagrun for example_xcom_args to None, run_after=None
[2023-03-26T22:16:43.060+0200] {logging_mixin.py:137} INFO - [2023-03-26T22:16:43.060+0200] {dag.py:3440} INFO - Setting next_dagrun for example_xcom_args_with_operators to None, run_after=None
[2023-03-26T22:16:43.135+0200] {processor.py:175} INFO - Processing /home/humbulani/miniconda3/envs/apache-airflow/lib/python3.8/site-packages/airflow/example_dags/example_xcomargs.py took 0.656 seconds
[2023-03-26T22:17:29.435+0200] {processor.py:153} INFO - Started process (PID=19887) to work on /home/humbulani/miniconda3/envs/apache-airflow/lib/python3.8/site-packages/airflow/example_dags/example_xcomargs.py
[2023-03-26T22:17:29.454+0200] {processor.py:743} INFO - Processing file /home/humbulani/miniconda3/envs/apache-airflow/lib/python3.8/site-packages/airflow/example_dags/example_xcomargs.py for tasks to queue
[2023-03-26T22:17:29.455+0200] {logging_mixin.py:137} INFO - [2023-03-26T22:17:29.455+0200] {dagbag.py:532} INFO - Filling up the DagBag from /home/humbulani/miniconda3/envs/apache-airflow/lib/python3.8/site-packages/airflow/example_dags/example_xcomargs.py
[2023-03-26T22:17:29.477+0200] {processor.py:753} INFO - DAG(s) dict_keys(['example_xcom_args_with_operators', 'example_xcom_args']) retrieved from /home/humbulani/miniconda3/envs/apache-airflow/lib/python3.8/site-packages/airflow/example_dags/example_xcomargs.py
[2023-03-26T22:17:29.498+0200] {logging_mixin.py:137} INFO - [2023-03-26T22:17:29.497+0200] {dag.py:2693} INFO - Sync 2 DAGs
[2023-03-26T22:17:29.514+0200] {logging_mixin.py:137} INFO - [2023-03-26T22:17:29.514+0200] {dag.py:3440} INFO - Setting next_dagrun for example_xcom_args to None, run_after=None
[2023-03-26T22:17:29.517+0200] {logging_mixin.py:137} INFO - [2023-03-26T22:17:29.517+0200] {dag.py:3440} INFO - Setting next_dagrun for example_xcom_args_with_operators to None, run_after=None
[2023-03-26T22:17:29.582+0200] {processor.py:175} INFO - Processing /home/humbulani/miniconda3/envs/apache-airflow/lib/python3.8/site-packages/airflow/example_dags/example_xcomargs.py took 0.150 seconds
[2023-03-26T22:18:13.843+0200] {processor.py:153} INFO - Started process (PID=19995) to work on /home/humbulani/miniconda3/envs/apache-airflow/lib/python3.8/site-packages/airflow/example_dags/example_xcomargs.py
[2023-03-26T22:18:13.858+0200] {processor.py:743} INFO - Processing file /home/humbulani/miniconda3/envs/apache-airflow/lib/python3.8/site-packages/airflow/example_dags/example_xcomargs.py for tasks to queue
[2023-03-26T22:18:13.859+0200] {logging_mixin.py:137} INFO - [2023-03-26T22:18:13.859+0200] {dagbag.py:532} INFO - Filling up the DagBag from /home/humbulani/miniconda3/envs/apache-airflow/lib/python3.8/site-packages/airflow/example_dags/example_xcomargs.py
[2023-03-26T22:18:13.881+0200] {processor.py:753} INFO - DAG(s) dict_keys(['example_xcom_args', 'example_xcom_args_with_operators']) retrieved from /home/humbulani/miniconda3/envs/apache-airflow/lib/python3.8/site-packages/airflow/example_dags/example_xcomargs.py
[2023-03-26T22:18:13.900+0200] {logging_mixin.py:137} INFO - [2023-03-26T22:18:13.900+0200] {dag.py:2693} INFO - Sync 2 DAGs
[2023-03-26T22:18:13.916+0200] {logging_mixin.py:137} INFO - [2023-03-26T22:18:13.916+0200] {dag.py:3440} INFO - Setting next_dagrun for example_xcom_args to None, run_after=None
[2023-03-26T22:18:13.919+0200] {logging_mixin.py:137} INFO - [2023-03-26T22:18:13.919+0200] {dag.py:3440} INFO - Setting next_dagrun for example_xcom_args_with_operators to None, run_after=None
[2023-03-26T22:18:13.985+0200] {processor.py:175} INFO - Processing /home/humbulani/miniconda3/envs/apache-airflow/lib/python3.8/site-packages/airflow/example_dags/example_xcomargs.py took 0.144 seconds
[2023-03-26T22:18:57.353+0200] {processor.py:153} INFO - Started process (PID=20040) to work on /home/humbulani/miniconda3/envs/apache-airflow/lib/python3.8/site-packages/airflow/example_dags/example_xcomargs.py
[2023-03-26T22:18:57.354+0200] {processor.py:743} INFO - Processing file /home/humbulani/miniconda3/envs/apache-airflow/lib/python3.8/site-packages/airflow/example_dags/example_xcomargs.py for tasks to queue
[2023-03-26T22:18:57.355+0200] {logging_mixin.py:137} INFO - [2023-03-26T22:18:57.355+0200] {dagbag.py:532} INFO - Filling up the DagBag from /home/humbulani/miniconda3/envs/apache-airflow/lib/python3.8/site-packages/airflow/example_dags/example_xcomargs.py
[2023-03-26T22:18:57.380+0200] {processor.py:753} INFO - DAG(s) dict_keys(['example_xcom_args', 'example_xcom_args_with_operators']) retrieved from /home/humbulani/miniconda3/envs/apache-airflow/lib/python3.8/site-packages/airflow/example_dags/example_xcomargs.py
[2023-03-26T22:18:57.400+0200] {logging_mixin.py:137} INFO - [2023-03-26T22:18:57.400+0200] {dag.py:2693} INFO - Sync 2 DAGs
[2023-03-26T22:18:57.417+0200] {logging_mixin.py:137} INFO - [2023-03-26T22:18:57.417+0200] {dag.py:3440} INFO - Setting next_dagrun for example_xcom_args to None, run_after=None
[2023-03-26T22:18:57.419+0200] {logging_mixin.py:137} INFO - [2023-03-26T22:18:57.419+0200] {dag.py:3440} INFO - Setting next_dagrun for example_xcom_args_with_operators to None, run_after=None
[2023-03-26T22:18:57.491+0200] {processor.py:175} INFO - Processing /home/humbulani/miniconda3/envs/apache-airflow/lib/python3.8/site-packages/airflow/example_dags/example_xcomargs.py took 0.142 seconds
[2023-03-26T22:19:42.751+0200] {processor.py:153} INFO - Started process (PID=20149) to work on /home/humbulani/miniconda3/envs/apache-airflow/lib/python3.8/site-packages/airflow/example_dags/example_xcomargs.py
[2023-03-26T22:19:42.759+0200] {processor.py:743} INFO - Processing file /home/humbulani/miniconda3/envs/apache-airflow/lib/python3.8/site-packages/airflow/example_dags/example_xcomargs.py for tasks to queue
[2023-03-26T22:19:42.759+0200] {logging_mixin.py:137} INFO - [2023-03-26T22:19:42.759+0200] {dagbag.py:532} INFO - Filling up the DagBag from /home/humbulani/miniconda3/envs/apache-airflow/lib/python3.8/site-packages/airflow/example_dags/example_xcomargs.py
[2023-03-26T22:19:42.780+0200] {processor.py:753} INFO - DAG(s) dict_keys(['example_xcom_args_with_operators', 'example_xcom_args']) retrieved from /home/humbulani/miniconda3/envs/apache-airflow/lib/python3.8/site-packages/airflow/example_dags/example_xcomargs.py
[2023-03-26T22:19:42.800+0200] {logging_mixin.py:137} INFO - [2023-03-26T22:19:42.800+0200] {dag.py:2693} INFO - Sync 2 DAGs
[2023-03-26T22:19:42.818+0200] {logging_mixin.py:137} INFO - [2023-03-26T22:19:42.818+0200] {dag.py:3440} INFO - Setting next_dagrun for example_xcom_args to None, run_after=None
[2023-03-26T22:19:42.821+0200] {logging_mixin.py:137} INFO - [2023-03-26T22:19:42.821+0200] {dag.py:3440} INFO - Setting next_dagrun for example_xcom_args_with_operators to None, run_after=None
[2023-03-26T22:19:42.894+0200] {processor.py:175} INFO - Processing /home/humbulani/miniconda3/envs/apache-airflow/lib/python3.8/site-packages/airflow/example_dags/example_xcomargs.py took 0.146 seconds
[2023-03-26T22:20:27.499+0200] {processor.py:153} INFO - Started process (PID=20194) to work on /home/humbulani/miniconda3/envs/apache-airflow/lib/python3.8/site-packages/airflow/example_dags/example_xcomargs.py
[2023-03-26T22:20:27.500+0200] {processor.py:743} INFO - Processing file /home/humbulani/miniconda3/envs/apache-airflow/lib/python3.8/site-packages/airflow/example_dags/example_xcomargs.py for tasks to queue
[2023-03-26T22:20:27.500+0200] {logging_mixin.py:137} INFO - [2023-03-26T22:20:27.500+0200] {dagbag.py:532} INFO - Filling up the DagBag from /home/humbulani/miniconda3/envs/apache-airflow/lib/python3.8/site-packages/airflow/example_dags/example_xcomargs.py
[2023-03-26T22:20:27.522+0200] {processor.py:753} INFO - DAG(s) dict_keys(['example_xcom_args_with_operators', 'example_xcom_args']) retrieved from /home/humbulani/miniconda3/envs/apache-airflow/lib/python3.8/site-packages/airflow/example_dags/example_xcomargs.py
[2023-03-26T22:20:27.541+0200] {logging_mixin.py:137} INFO - [2023-03-26T22:20:27.540+0200] {dag.py:2693} INFO - Sync 2 DAGs
[2023-03-26T22:20:27.558+0200] {logging_mixin.py:137} INFO - [2023-03-26T22:20:27.558+0200] {dag.py:3440} INFO - Setting next_dagrun for example_xcom_args to None, run_after=None
[2023-03-26T22:20:27.561+0200] {logging_mixin.py:137} INFO - [2023-03-26T22:20:27.561+0200] {dag.py:3440} INFO - Setting next_dagrun for example_xcom_args_with_operators to None, run_after=None
[2023-03-26T22:20:27.623+0200] {processor.py:175} INFO - Processing /home/humbulani/miniconda3/envs/apache-airflow/lib/python3.8/site-packages/airflow/example_dags/example_xcomargs.py took 0.126 seconds
[2023-03-26T22:21:12.984+0200] {processor.py:153} INFO - Started process (PID=20284) to work on /home/humbulani/miniconda3/envs/apache-airflow/lib/python3.8/site-packages/airflow/example_dags/example_xcomargs.py
[2023-03-26T22:21:12.993+0200] {processor.py:743} INFO - Processing file /home/humbulani/miniconda3/envs/apache-airflow/lib/python3.8/site-packages/airflow/example_dags/example_xcomargs.py for tasks to queue
[2023-03-26T22:21:12.994+0200] {logging_mixin.py:137} INFO - [2023-03-26T22:21:12.994+0200] {dagbag.py:532} INFO - Filling up the DagBag from /home/humbulani/miniconda3/envs/apache-airflow/lib/python3.8/site-packages/airflow/example_dags/example_xcomargs.py
[2023-03-26T22:21:13.021+0200] {processor.py:753} INFO - DAG(s) dict_keys(['example_xcom_args_with_operators', 'example_xcom_args']) retrieved from /home/humbulani/miniconda3/envs/apache-airflow/lib/python3.8/site-packages/airflow/example_dags/example_xcomargs.py
[2023-03-26T22:21:13.041+0200] {logging_mixin.py:137} INFO - [2023-03-26T22:21:13.041+0200] {dag.py:2693} INFO - Sync 2 DAGs
[2023-03-26T22:21:13.057+0200] {logging_mixin.py:137} INFO - [2023-03-26T22:21:13.057+0200] {dag.py:3440} INFO - Setting next_dagrun for example_xcom_args to None, run_after=None
[2023-03-26T22:21:13.060+0200] {logging_mixin.py:137} INFO - [2023-03-26T22:21:13.060+0200] {dag.py:3440} INFO - Setting next_dagrun for example_xcom_args_with_operators to None, run_after=None
[2023-03-26T22:21:13.126+0200] {processor.py:175} INFO - Processing /home/humbulani/miniconda3/envs/apache-airflow/lib/python3.8/site-packages/airflow/example_dags/example_xcomargs.py took 0.145 seconds
[2023-03-26T22:21:57.681+0200] {processor.py:153} INFO - Started process (PID=20328) to work on /home/humbulani/miniconda3/envs/apache-airflow/lib/python3.8/site-packages/airflow/example_dags/example_xcomargs.py
[2023-03-26T22:21:57.682+0200] {processor.py:743} INFO - Processing file /home/humbulani/miniconda3/envs/apache-airflow/lib/python3.8/site-packages/airflow/example_dags/example_xcomargs.py for tasks to queue
[2023-03-26T22:21:57.682+0200] {logging_mixin.py:137} INFO - [2023-03-26T22:21:57.682+0200] {dagbag.py:532} INFO - Filling up the DagBag from /home/humbulani/miniconda3/envs/apache-airflow/lib/python3.8/site-packages/airflow/example_dags/example_xcomargs.py
[2023-03-26T22:21:57.704+0200] {processor.py:753} INFO - DAG(s) dict_keys(['example_xcom_args', 'example_xcom_args_with_operators']) retrieved from /home/humbulani/miniconda3/envs/apache-airflow/lib/python3.8/site-packages/airflow/example_dags/example_xcomargs.py
[2023-03-26T22:21:57.723+0200] {logging_mixin.py:137} INFO - [2023-03-26T22:21:57.723+0200] {dag.py:2693} INFO - Sync 2 DAGs
[2023-03-26T22:21:57.740+0200] {logging_mixin.py:137} INFO - [2023-03-26T22:21:57.740+0200] {dag.py:3440} INFO - Setting next_dagrun for example_xcom_args to None, run_after=None
[2023-03-26T22:21:57.742+0200] {logging_mixin.py:137} INFO - [2023-03-26T22:21:57.742+0200] {dag.py:3440} INFO - Setting next_dagrun for example_xcom_args_with_operators to None, run_after=None
[2023-03-26T22:21:57.806+0200] {processor.py:175} INFO - Processing /home/humbulani/miniconda3/envs/apache-airflow/lib/python3.8/site-packages/airflow/example_dags/example_xcomargs.py took 0.127 seconds
[2023-03-26T22:22:44.448+0200] {processor.py:153} INFO - Started process (PID=20371) to work on /home/humbulani/miniconda3/envs/apache-airflow/lib/python3.8/site-packages/airflow/example_dags/example_xcomargs.py
[2023-03-26T22:22:44.452+0200] {processor.py:743} INFO - Processing file /home/humbulani/miniconda3/envs/apache-airflow/lib/python3.8/site-packages/airflow/example_dags/example_xcomargs.py for tasks to queue
[2023-03-26T22:22:44.453+0200] {logging_mixin.py:137} INFO - [2023-03-26T22:22:44.453+0200] {dagbag.py:532} INFO - Filling up the DagBag from /home/humbulani/miniconda3/envs/apache-airflow/lib/python3.8/site-packages/airflow/example_dags/example_xcomargs.py
[2023-03-26T22:22:44.479+0200] {processor.py:753} INFO - DAG(s) dict_keys(['example_xcom_args', 'example_xcom_args_with_operators']) retrieved from /home/humbulani/miniconda3/envs/apache-airflow/lib/python3.8/site-packages/airflow/example_dags/example_xcomargs.py
[2023-03-26T22:22:44.498+0200] {logging_mixin.py:137} INFO - [2023-03-26T22:22:44.498+0200] {dag.py:2693} INFO - Sync 2 DAGs
[2023-03-26T22:22:44.514+0200] {logging_mixin.py:137} INFO - [2023-03-26T22:22:44.514+0200] {dag.py:3440} INFO - Setting next_dagrun for example_xcom_args to None, run_after=None
[2023-03-26T22:22:44.517+0200] {logging_mixin.py:137} INFO - [2023-03-26T22:22:44.517+0200] {dag.py:3440} INFO - Setting next_dagrun for example_xcom_args_with_operators to None, run_after=None
[2023-03-26T22:22:44.585+0200] {processor.py:175} INFO - Processing /home/humbulani/miniconda3/envs/apache-airflow/lib/python3.8/site-packages/airflow/example_dags/example_xcomargs.py took 0.140 seconds
