[2023-03-26T21:39:25.274+0200] {processor.py:153} INFO - Started process (PID=16644) to work on /home/humbulani/miniconda3/envs/apache-airflow/lib/python3.8/site-packages/airflow/example_dags/example_task_group.py
[2023-03-26T21:39:25.275+0200] {processor.py:743} INFO - Processing file /home/humbulani/miniconda3/envs/apache-airflow/lib/python3.8/site-packages/airflow/example_dags/example_task_group.py for tasks to queue
[2023-03-26T21:39:25.275+0200] {logging_mixin.py:137} INFO - [2023-03-26T21:39:25.275+0200] {dagbag.py:532} INFO - Filling up the DagBag from /home/humbulani/miniconda3/envs/apache-airflow/lib/python3.8/site-packages/airflow/example_dags/example_task_group.py
[2023-03-26T21:39:25.290+0200] {processor.py:753} INFO - DAG(s) dict_keys(['example_task_group']) retrieved from /home/humbulani/miniconda3/envs/apache-airflow/lib/python3.8/site-packages/airflow/example_dags/example_task_group.py
[2023-03-26T21:39:25.516+0200] {logging_mixin.py:137} INFO - [2023-03-26T21:39:25.516+0200] {manager.py:504} INFO - Created Permission View: can edit on DAG:example_task_group
[2023-03-26T21:39:25.591+0200] {logging_mixin.py:137} INFO - [2023-03-26T21:39:25.591+0200] {manager.py:504} INFO - Created Permission View: can read on DAG:example_task_group
[2023-03-26T21:39:25.665+0200] {logging_mixin.py:137} INFO - [2023-03-26T21:39:25.665+0200] {manager.py:504} INFO - Created Permission View: can delete on DAG:example_task_group
[2023-03-26T21:39:25.666+0200] {logging_mixin.py:137} INFO - [2023-03-26T21:39:25.666+0200] {dag.py:2693} INFO - Sync 1 DAGs
[2023-03-26T21:39:25.675+0200] {logging_mixin.py:137} INFO - [2023-03-26T21:39:25.675+0200] {dag.py:2714} INFO - Creating ORM DAG for example_task_group
[2023-03-26T21:39:25.682+0200] {logging_mixin.py:137} INFO - [2023-03-26T21:39:25.682+0200] {dag.py:3440} INFO - Setting next_dagrun for example_task_group to 2023-03-25T19:39:25.682586+00:00, run_after=2023-03-26T19:39:25.682586+00:00
[2023-03-26T21:39:25.778+0200] {processor.py:175} INFO - Processing /home/humbulani/miniconda3/envs/apache-airflow/lib/python3.8/site-packages/airflow/example_dags/example_task_group.py took 0.510 seconds
[2023-03-26T21:40:25.211+0200] {processor.py:153} INFO - Started process (PID=16744) to work on /home/humbulani/miniconda3/envs/apache-airflow/lib/python3.8/site-packages/airflow/example_dags/example_task_group.py
[2023-03-26T21:40:25.212+0200] {processor.py:743} INFO - Processing file /home/humbulani/miniconda3/envs/apache-airflow/lib/python3.8/site-packages/airflow/example_dags/example_task_group.py for tasks to queue
[2023-03-26T21:40:25.213+0200] {logging_mixin.py:137} INFO - [2023-03-26T21:40:25.212+0200] {dagbag.py:532} INFO - Filling up the DagBag from /home/humbulani/miniconda3/envs/apache-airflow/lib/python3.8/site-packages/airflow/example_dags/example_task_group.py
[2023-03-26T21:40:25.226+0200] {processor.py:753} INFO - DAG(s) dict_keys(['example_task_group']) retrieved from /home/humbulani/miniconda3/envs/apache-airflow/lib/python3.8/site-packages/airflow/example_dags/example_task_group.py
[2023-03-26T21:40:25.243+0200] {logging_mixin.py:137} INFO - [2023-03-26T21:40:25.243+0200] {dag.py:2693} INFO - Sync 1 DAGs
[2023-03-26T21:40:25.261+0200] {logging_mixin.py:137} INFO - [2023-03-26T21:40:25.261+0200] {dag.py:3440} INFO - Setting next_dagrun for example_task_group to 2023-03-25T19:40:25.260903+00:00, run_after=2023-03-26T19:40:25.260903+00:00
[2023-03-26T21:40:25.368+0200] {processor.py:175} INFO - Processing /home/humbulani/miniconda3/envs/apache-airflow/lib/python3.8/site-packages/airflow/example_dags/example_task_group.py took 0.160 seconds
[2023-03-26T21:47:58.967+0200] {processor.py:153} INFO - Started process (PID=16839) to work on /home/humbulani/miniconda3/envs/apache-airflow/lib/python3.8/site-packages/airflow/example_dags/example_task_group.py
[2023-03-26T21:47:58.968+0200] {processor.py:743} INFO - Processing file /home/humbulani/miniconda3/envs/apache-airflow/lib/python3.8/site-packages/airflow/example_dags/example_task_group.py for tasks to queue
[2023-03-26T21:47:58.969+0200] {logging_mixin.py:137} INFO - [2023-03-26T21:47:58.969+0200] {dagbag.py:532} INFO - Filling up the DagBag from /home/humbulani/miniconda3/envs/apache-airflow/lib/python3.8/site-packages/airflow/example_dags/example_task_group.py
[2023-03-26T21:47:58.984+0200] {processor.py:753} INFO - DAG(s) dict_keys(['example_task_group']) retrieved from /home/humbulani/miniconda3/envs/apache-airflow/lib/python3.8/site-packages/airflow/example_dags/example_task_group.py
[2023-03-26T21:47:59.004+0200] {logging_mixin.py:137} INFO - [2023-03-26T21:47:59.003+0200] {dag.py:2693} INFO - Sync 1 DAGs
[2023-03-26T21:47:59.023+0200] {logging_mixin.py:137} INFO - [2023-03-26T21:47:59.023+0200] {dag.py:3440} INFO - Setting next_dagrun for example_task_group to 2023-03-25T19:47:59.023068+00:00, run_after=2023-03-26T19:47:59.023068+00:00
[2023-03-26T21:47:59.151+0200] {processor.py:175} INFO - Processing /home/humbulani/miniconda3/envs/apache-airflow/lib/python3.8/site-packages/airflow/example_dags/example_task_group.py took 0.186 seconds
[2023-03-26T21:48:46.615+0200] {processor.py:153} INFO - Started process (PID=16919) to work on /home/humbulani/miniconda3/envs/apache-airflow/lib/python3.8/site-packages/airflow/example_dags/example_task_group.py
[2023-03-26T21:48:46.645+0200] {processor.py:743} INFO - Processing file /home/humbulani/miniconda3/envs/apache-airflow/lib/python3.8/site-packages/airflow/example_dags/example_task_group.py for tasks to queue
[2023-03-26T21:48:46.646+0200] {logging_mixin.py:137} INFO - [2023-03-26T21:48:46.645+0200] {dagbag.py:532} INFO - Filling up the DagBag from /home/humbulani/miniconda3/envs/apache-airflow/lib/python3.8/site-packages/airflow/example_dags/example_task_group.py
[2023-03-26T21:48:46.659+0200] {processor.py:753} INFO - DAG(s) dict_keys(['example_task_group']) retrieved from /home/humbulani/miniconda3/envs/apache-airflow/lib/python3.8/site-packages/airflow/example_dags/example_task_group.py
[2023-03-26T21:48:46.676+0200] {logging_mixin.py:137} INFO - [2023-03-26T21:48:46.676+0200] {dag.py:2693} INFO - Sync 1 DAGs
[2023-03-26T21:48:46.694+0200] {logging_mixin.py:137} INFO - [2023-03-26T21:48:46.694+0200] {dag.py:3440} INFO - Setting next_dagrun for example_task_group to 2023-03-25T19:48:46.694563+00:00, run_after=2023-03-26T19:48:46.694563+00:00
[2023-03-26T21:48:46.778+0200] {processor.py:175} INFO - Processing /home/humbulani/miniconda3/envs/apache-airflow/lib/python3.8/site-packages/airflow/example_dags/example_task_group.py took 0.165 seconds
[2023-03-26T21:49:37.642+0200] {processor.py:153} INFO - Started process (PID=16961) to work on /home/humbulani/miniconda3/envs/apache-airflow/lib/python3.8/site-packages/airflow/example_dags/example_task_group.py
[2023-03-26T21:49:37.648+0200] {processor.py:743} INFO - Processing file /home/humbulani/miniconda3/envs/apache-airflow/lib/python3.8/site-packages/airflow/example_dags/example_task_group.py for tasks to queue
[2023-03-26T21:49:37.648+0200] {logging_mixin.py:137} INFO - [2023-03-26T21:49:37.648+0200] {dagbag.py:532} INFO - Filling up the DagBag from /home/humbulani/miniconda3/envs/apache-airflow/lib/python3.8/site-packages/airflow/example_dags/example_task_group.py
[2023-03-26T21:49:37.663+0200] {processor.py:753} INFO - DAG(s) dict_keys(['example_task_group']) retrieved from /home/humbulani/miniconda3/envs/apache-airflow/lib/python3.8/site-packages/airflow/example_dags/example_task_group.py
[2023-03-26T21:49:37.684+0200] {logging_mixin.py:137} INFO - [2023-03-26T21:49:37.684+0200] {dag.py:2693} INFO - Sync 1 DAGs
[2023-03-26T21:49:37.705+0200] {logging_mixin.py:137} INFO - [2023-03-26T21:49:37.705+0200] {dag.py:3440} INFO - Setting next_dagrun for example_task_group to 2023-03-25T19:49:37.705519+00:00, run_after=2023-03-26T19:49:37.705519+00:00
[2023-03-26T21:49:37.804+0200] {processor.py:175} INFO - Processing /home/humbulani/miniconda3/envs/apache-airflow/lib/python3.8/site-packages/airflow/example_dags/example_task_group.py took 0.165 seconds
[2023-03-26T21:50:21.399+0200] {processor.py:153} INFO - Started process (PID=17006) to work on /home/humbulani/miniconda3/envs/apache-airflow/lib/python3.8/site-packages/airflow/example_dags/example_task_group.py
[2023-03-26T21:50:21.400+0200] {processor.py:743} INFO - Processing file /home/humbulani/miniconda3/envs/apache-airflow/lib/python3.8/site-packages/airflow/example_dags/example_task_group.py for tasks to queue
[2023-03-26T21:50:21.400+0200] {logging_mixin.py:137} INFO - [2023-03-26T21:50:21.400+0200] {dagbag.py:532} INFO - Filling up the DagBag from /home/humbulani/miniconda3/envs/apache-airflow/lib/python3.8/site-packages/airflow/example_dags/example_task_group.py
[2023-03-26T21:50:21.413+0200] {processor.py:753} INFO - DAG(s) dict_keys(['example_task_group']) retrieved from /home/humbulani/miniconda3/envs/apache-airflow/lib/python3.8/site-packages/airflow/example_dags/example_task_group.py
[2023-03-26T21:50:21.431+0200] {logging_mixin.py:137} INFO - [2023-03-26T21:50:21.431+0200] {dag.py:2693} INFO - Sync 1 DAGs
[2023-03-26T21:50:21.448+0200] {logging_mixin.py:137} INFO - [2023-03-26T21:50:21.448+0200] {dag.py:3440} INFO - Setting next_dagrun for example_task_group to 2023-03-25T19:50:21.447907+00:00, run_after=2023-03-26T19:50:21.447907+00:00
[2023-03-26T21:50:21.532+0200] {processor.py:175} INFO - Processing /home/humbulani/miniconda3/envs/apache-airflow/lib/python3.8/site-packages/airflow/example_dags/example_task_group.py took 0.135 seconds
[2023-03-26T21:51:07.715+0200] {processor.py:153} INFO - Started process (PID=17105) to work on /home/humbulani/miniconda3/envs/apache-airflow/lib/python3.8/site-packages/airflow/example_dags/example_task_group.py
[2023-03-26T21:51:07.767+0200] {processor.py:743} INFO - Processing file /home/humbulani/miniconda3/envs/apache-airflow/lib/python3.8/site-packages/airflow/example_dags/example_task_group.py for tasks to queue
[2023-03-26T21:51:07.768+0200] {logging_mixin.py:137} INFO - [2023-03-26T21:51:07.768+0200] {dagbag.py:532} INFO - Filling up the DagBag from /home/humbulani/miniconda3/envs/apache-airflow/lib/python3.8/site-packages/airflow/example_dags/example_task_group.py
[2023-03-26T21:51:07.785+0200] {processor.py:753} INFO - DAG(s) dict_keys(['example_task_group']) retrieved from /home/humbulani/miniconda3/envs/apache-airflow/lib/python3.8/site-packages/airflow/example_dags/example_task_group.py
[2023-03-26T21:51:07.809+0200] {logging_mixin.py:137} INFO - [2023-03-26T21:51:07.809+0200] {dag.py:2693} INFO - Sync 1 DAGs
[2023-03-26T21:51:07.835+0200] {logging_mixin.py:137} INFO - [2023-03-26T21:51:07.835+0200] {dag.py:3440} INFO - Setting next_dagrun for example_task_group to 2023-03-25T19:51:07.834944+00:00, run_after=2023-03-26T19:51:07.834944+00:00
[2023-03-26T21:51:07.964+0200] {processor.py:175} INFO - Processing /home/humbulani/miniconda3/envs/apache-airflow/lib/python3.8/site-packages/airflow/example_dags/example_task_group.py took 0.252 seconds
[2023-03-26T21:51:52.061+0200] {processor.py:153} INFO - Started process (PID=17165) to work on /home/humbulani/miniconda3/envs/apache-airflow/lib/python3.8/site-packages/airflow/example_dags/example_task_group.py
[2023-03-26T21:51:52.078+0200] {processor.py:743} INFO - Processing file /home/humbulani/miniconda3/envs/apache-airflow/lib/python3.8/site-packages/airflow/example_dags/example_task_group.py for tasks to queue
[2023-03-26T21:51:52.079+0200] {logging_mixin.py:137} INFO - [2023-03-26T21:51:52.079+0200] {dagbag.py:532} INFO - Filling up the DagBag from /home/humbulani/miniconda3/envs/apache-airflow/lib/python3.8/site-packages/airflow/example_dags/example_task_group.py
[2023-03-26T21:51:52.094+0200] {processor.py:753} INFO - DAG(s) dict_keys(['example_task_group']) retrieved from /home/humbulani/miniconda3/envs/apache-airflow/lib/python3.8/site-packages/airflow/example_dags/example_task_group.py
[2023-03-26T21:51:52.115+0200] {logging_mixin.py:137} INFO - [2023-03-26T21:51:52.115+0200] {dag.py:2693} INFO - Sync 1 DAGs
[2023-03-26T21:51:52.132+0200] {logging_mixin.py:137} INFO - [2023-03-26T21:51:52.132+0200] {dag.py:3440} INFO - Setting next_dagrun for example_task_group to 2023-03-25T19:51:52.132121+00:00, run_after=2023-03-26T19:51:52.132121+00:00
[2023-03-26T21:51:52.215+0200] {processor.py:175} INFO - Processing /home/humbulani/miniconda3/envs/apache-airflow/lib/python3.8/site-packages/airflow/example_dags/example_task_group.py took 0.156 seconds
[2023-03-26T21:52:40.450+0200] {processor.py:153} INFO - Started process (PID=17208) to work on /home/humbulani/miniconda3/envs/apache-airflow/lib/python3.8/site-packages/airflow/example_dags/example_task_group.py
[2023-03-26T21:52:40.451+0200] {processor.py:743} INFO - Processing file /home/humbulani/miniconda3/envs/apache-airflow/lib/python3.8/site-packages/airflow/example_dags/example_task_group.py for tasks to queue
[2023-03-26T21:52:40.451+0200] {logging_mixin.py:137} INFO - [2023-03-26T21:52:40.451+0200] {dagbag.py:532} INFO - Filling up the DagBag from /home/humbulani/miniconda3/envs/apache-airflow/lib/python3.8/site-packages/airflow/example_dags/example_task_group.py
[2023-03-26T21:52:40.467+0200] {processor.py:753} INFO - DAG(s) dict_keys(['example_task_group']) retrieved from /home/humbulani/miniconda3/envs/apache-airflow/lib/python3.8/site-packages/airflow/example_dags/example_task_group.py
[2023-03-26T21:52:40.484+0200] {logging_mixin.py:137} INFO - [2023-03-26T21:52:40.484+0200] {dag.py:2693} INFO - Sync 1 DAGs
[2023-03-26T21:52:40.502+0200] {logging_mixin.py:137} INFO - [2023-03-26T21:52:40.502+0200] {dag.py:3440} INFO - Setting next_dagrun for example_task_group to 2023-03-25T19:52:40.502424+00:00, run_after=2023-03-26T19:52:40.502424+00:00
[2023-03-26T21:52:40.656+0200] {processor.py:175} INFO - Processing /home/humbulani/miniconda3/envs/apache-airflow/lib/python3.8/site-packages/airflow/example_dags/example_task_group.py took 0.210 seconds
[2023-03-26T21:53:30.612+0200] {processor.py:153} INFO - Started process (PID=17263) to work on /home/humbulani/miniconda3/envs/apache-airflow/lib/python3.8/site-packages/airflow/example_dags/example_task_group.py
[2023-03-26T21:53:30.627+0200] {processor.py:743} INFO - Processing file /home/humbulani/miniconda3/envs/apache-airflow/lib/python3.8/site-packages/airflow/example_dags/example_task_group.py for tasks to queue
[2023-03-26T21:53:30.628+0200] {logging_mixin.py:137} INFO - [2023-03-26T21:53:30.627+0200] {dagbag.py:532} INFO - Filling up the DagBag from /home/humbulani/miniconda3/envs/apache-airflow/lib/python3.8/site-packages/airflow/example_dags/example_task_group.py
[2023-03-26T21:53:30.642+0200] {processor.py:753} INFO - DAG(s) dict_keys(['example_task_group']) retrieved from /home/humbulani/miniconda3/envs/apache-airflow/lib/python3.8/site-packages/airflow/example_dags/example_task_group.py
[2023-03-26T21:53:30.659+0200] {logging_mixin.py:137} INFO - [2023-03-26T21:53:30.659+0200] {dag.py:2693} INFO - Sync 1 DAGs
[2023-03-26T21:53:30.756+0200] {logging_mixin.py:137} INFO - [2023-03-26T21:53:30.755+0200] {dag.py:3440} INFO - Setting next_dagrun for example_task_group to 2023-03-25T19:53:30.755688+00:00, run_after=2023-03-26T19:53:30.755688+00:00
[2023-03-26T21:53:30.835+0200] {processor.py:175} INFO - Processing /home/humbulani/miniconda3/envs/apache-airflow/lib/python3.8/site-packages/airflow/example_dags/example_task_group.py took 0.226 seconds
[2023-03-26T21:54:20.323+0200] {processor.py:153} INFO - Started process (PID=17310) to work on /home/humbulani/miniconda3/envs/apache-airflow/lib/python3.8/site-packages/airflow/example_dags/example_task_group.py
[2023-03-26T21:54:20.338+0200] {processor.py:743} INFO - Processing file /home/humbulani/miniconda3/envs/apache-airflow/lib/python3.8/site-packages/airflow/example_dags/example_task_group.py for tasks to queue
[2023-03-26T21:54:20.339+0200] {logging_mixin.py:137} INFO - [2023-03-26T21:54:20.339+0200] {dagbag.py:532} INFO - Filling up the DagBag from /home/humbulani/miniconda3/envs/apache-airflow/lib/python3.8/site-packages/airflow/example_dags/example_task_group.py
[2023-03-26T21:54:20.352+0200] {processor.py:753} INFO - DAG(s) dict_keys(['example_task_group']) retrieved from /home/humbulani/miniconda3/envs/apache-airflow/lib/python3.8/site-packages/airflow/example_dags/example_task_group.py
[2023-03-26T21:54:20.449+0200] {logging_mixin.py:137} INFO - [2023-03-26T21:54:20.449+0200] {dag.py:2693} INFO - Sync 1 DAGs
[2023-03-26T21:54:20.464+0200] {logging_mixin.py:137} INFO - [2023-03-26T21:54:20.464+0200] {dag.py:3440} INFO - Setting next_dagrun for example_task_group to 2023-03-25T19:54:20.464258+00:00, run_after=2023-03-26T19:54:20.464258+00:00
[2023-03-26T21:54:20.546+0200] {processor.py:175} INFO - Processing /home/humbulani/miniconda3/envs/apache-airflow/lib/python3.8/site-packages/airflow/example_dags/example_task_group.py took 0.226 seconds
[2023-03-26T21:55:09.000+0200] {processor.py:153} INFO - Started process (PID=17354) to work on /home/humbulani/miniconda3/envs/apache-airflow/lib/python3.8/site-packages/airflow/example_dags/example_task_group.py
[2023-03-26T21:55:09.048+0200] {processor.py:743} INFO - Processing file /home/humbulani/miniconda3/envs/apache-airflow/lib/python3.8/site-packages/airflow/example_dags/example_task_group.py for tasks to queue
[2023-03-26T21:55:09.049+0200] {logging_mixin.py:137} INFO - [2023-03-26T21:55:09.049+0200] {dagbag.py:532} INFO - Filling up the DagBag from /home/humbulani/miniconda3/envs/apache-airflow/lib/python3.8/site-packages/airflow/example_dags/example_task_group.py
[2023-03-26T21:55:09.065+0200] {processor.py:753} INFO - DAG(s) dict_keys(['example_task_group']) retrieved from /home/humbulani/miniconda3/envs/apache-airflow/lib/python3.8/site-packages/airflow/example_dags/example_task_group.py
[2023-03-26T21:55:09.169+0200] {logging_mixin.py:137} INFO - [2023-03-26T21:55:09.169+0200] {dag.py:2693} INFO - Sync 1 DAGs
[2023-03-26T21:55:09.185+0200] {logging_mixin.py:137} INFO - [2023-03-26T21:55:09.185+0200] {dag.py:3440} INFO - Setting next_dagrun for example_task_group to 2023-03-25T19:55:09.185539+00:00, run_after=2023-03-26T19:55:09.185539+00:00
[2023-03-26T21:55:09.277+0200] {processor.py:175} INFO - Processing /home/humbulani/miniconda3/envs/apache-airflow/lib/python3.8/site-packages/airflow/example_dags/example_task_group.py took 0.279 seconds
[2023-03-26T21:56:00.092+0200] {processor.py:153} INFO - Started process (PID=17456) to work on /home/humbulani/miniconda3/envs/apache-airflow/lib/python3.8/site-packages/airflow/example_dags/example_task_group.py
[2023-03-26T21:56:00.110+0200] {processor.py:743} INFO - Processing file /home/humbulani/miniconda3/envs/apache-airflow/lib/python3.8/site-packages/airflow/example_dags/example_task_group.py for tasks to queue
[2023-03-26T21:56:00.111+0200] {logging_mixin.py:137} INFO - [2023-03-26T21:56:00.111+0200] {dagbag.py:532} INFO - Filling up the DagBag from /home/humbulani/miniconda3/envs/apache-airflow/lib/python3.8/site-packages/airflow/example_dags/example_task_group.py
[2023-03-26T21:56:00.206+0200] {processor.py:753} INFO - DAG(s) dict_keys(['example_task_group']) retrieved from /home/humbulani/miniconda3/envs/apache-airflow/lib/python3.8/site-packages/airflow/example_dags/example_task_group.py
[2023-03-26T21:56:00.222+0200] {logging_mixin.py:137} INFO - [2023-03-26T21:56:00.222+0200] {dag.py:2693} INFO - Sync 1 DAGs
[2023-03-26T21:56:00.238+0200] {logging_mixin.py:137} INFO - [2023-03-26T21:56:00.237+0200] {dag.py:3440} INFO - Setting next_dagrun for example_task_group to 2023-03-25T19:56:00.237721+00:00, run_after=2023-03-26T19:56:00.237721+00:00
[2023-03-26T21:56:00.346+0200] {processor.py:175} INFO - Processing /home/humbulani/miniconda3/envs/apache-airflow/lib/python3.8/site-packages/airflow/example_dags/example_task_group.py took 0.256 seconds
[2023-03-26T21:56:45.042+0200] {processor.py:153} INFO - Started process (PID=17498) to work on /home/humbulani/miniconda3/envs/apache-airflow/lib/python3.8/site-packages/airflow/example_dags/example_task_group.py
[2023-03-26T21:56:45.055+0200] {processor.py:743} INFO - Processing file /home/humbulani/miniconda3/envs/apache-airflow/lib/python3.8/site-packages/airflow/example_dags/example_task_group.py for tasks to queue
[2023-03-26T21:56:45.055+0200] {logging_mixin.py:137} INFO - [2023-03-26T21:56:45.055+0200] {dagbag.py:532} INFO - Filling up the DagBag from /home/humbulani/miniconda3/envs/apache-airflow/lib/python3.8/site-packages/airflow/example_dags/example_task_group.py
[2023-03-26T21:56:45.073+0200] {processor.py:753} INFO - DAG(s) dict_keys(['example_task_group']) retrieved from /home/humbulani/miniconda3/envs/apache-airflow/lib/python3.8/site-packages/airflow/example_dags/example_task_group.py
[2023-03-26T21:56:45.091+0200] {logging_mixin.py:137} INFO - [2023-03-26T21:56:45.091+0200] {dag.py:2693} INFO - Sync 1 DAGs
[2023-03-26T21:56:45.109+0200] {logging_mixin.py:137} INFO - [2023-03-26T21:56:45.109+0200] {dag.py:3440} INFO - Setting next_dagrun for example_task_group to 2023-03-25T19:56:45.109380+00:00, run_after=2023-03-26T19:56:45.109380+00:00
[2023-03-26T21:56:45.183+0200] {processor.py:175} INFO - Processing /home/humbulani/miniconda3/envs/apache-airflow/lib/python3.8/site-packages/airflow/example_dags/example_task_group.py took 0.143 seconds
[2023-03-26T21:57:28.402+0200] {processor.py:153} INFO - Started process (PID=17609) to work on /home/humbulani/miniconda3/envs/apache-airflow/lib/python3.8/site-packages/airflow/example_dags/example_task_group.py
[2023-03-26T21:57:28.440+0200] {processor.py:743} INFO - Processing file /home/humbulani/miniconda3/envs/apache-airflow/lib/python3.8/site-packages/airflow/example_dags/example_task_group.py for tasks to queue
[2023-03-26T21:57:28.441+0200] {logging_mixin.py:137} INFO - [2023-03-26T21:57:28.441+0200] {dagbag.py:532} INFO - Filling up the DagBag from /home/humbulani/miniconda3/envs/apache-airflow/lib/python3.8/site-packages/airflow/example_dags/example_task_group.py
[2023-03-26T21:57:28.455+0200] {processor.py:753} INFO - DAG(s) dict_keys(['example_task_group']) retrieved from /home/humbulani/miniconda3/envs/apache-airflow/lib/python3.8/site-packages/airflow/example_dags/example_task_group.py
[2023-03-26T21:57:28.473+0200] {logging_mixin.py:137} INFO - [2023-03-26T21:57:28.473+0200] {dag.py:2693} INFO - Sync 1 DAGs
[2023-03-26T21:57:28.492+0200] {logging_mixin.py:137} INFO - [2023-03-26T21:57:28.492+0200] {dag.py:3440} INFO - Setting next_dagrun for example_task_group to 2023-03-25T19:57:28.491817+00:00, run_after=2023-03-26T19:57:28.491817+00:00
[2023-03-26T21:57:28.576+0200] {processor.py:175} INFO - Processing /home/humbulani/miniconda3/envs/apache-airflow/lib/python3.8/site-packages/airflow/example_dags/example_task_group.py took 0.176 seconds
[2023-03-26T21:58:14.180+0200] {processor.py:153} INFO - Started process (PID=17851) to work on /home/humbulani/miniconda3/envs/apache-airflow/lib/python3.8/site-packages/airflow/example_dags/example_task_group.py
[2023-03-26T21:58:14.194+0200] {processor.py:743} INFO - Processing file /home/humbulani/miniconda3/envs/apache-airflow/lib/python3.8/site-packages/airflow/example_dags/example_task_group.py for tasks to queue
[2023-03-26T21:58:14.195+0200] {logging_mixin.py:137} INFO - [2023-03-26T21:58:14.194+0200] {dagbag.py:532} INFO - Filling up the DagBag from /home/humbulani/miniconda3/envs/apache-airflow/lib/python3.8/site-packages/airflow/example_dags/example_task_group.py
[2023-03-26T21:58:14.221+0200] {processor.py:753} INFO - DAG(s) dict_keys(['example_task_group']) retrieved from /home/humbulani/miniconda3/envs/apache-airflow/lib/python3.8/site-packages/airflow/example_dags/example_task_group.py
[2023-03-26T21:58:14.256+0200] {logging_mixin.py:137} INFO - [2023-03-26T21:58:14.255+0200] {dag.py:2693} INFO - Sync 1 DAGs
[2023-03-26T21:58:14.275+0200] {logging_mixin.py:137} INFO - [2023-03-26T21:58:14.275+0200] {dag.py:3440} INFO - Setting next_dagrun for example_task_group to 2023-03-25T19:58:14.275553+00:00, run_after=2023-03-26T19:58:14.275553+00:00
[2023-03-26T21:58:14.382+0200] {processor.py:175} INFO - Processing /home/humbulani/miniconda3/envs/apache-airflow/lib/python3.8/site-packages/airflow/example_dags/example_task_group.py took 0.205 seconds
[2023-03-26T21:59:01.423+0200] {processor.py:153} INFO - Started process (PID=17909) to work on /home/humbulani/miniconda3/envs/apache-airflow/lib/python3.8/site-packages/airflow/example_dags/example_task_group.py
[2023-03-26T21:59:01.424+0200] {processor.py:743} INFO - Processing file /home/humbulani/miniconda3/envs/apache-airflow/lib/python3.8/site-packages/airflow/example_dags/example_task_group.py for tasks to queue
[2023-03-26T21:59:01.424+0200] {logging_mixin.py:137} INFO - [2023-03-26T21:59:01.424+0200] {dagbag.py:532} INFO - Filling up the DagBag from /home/humbulani/miniconda3/envs/apache-airflow/lib/python3.8/site-packages/airflow/example_dags/example_task_group.py
[2023-03-26T21:59:01.443+0200] {processor.py:753} INFO - DAG(s) dict_keys(['example_task_group']) retrieved from /home/humbulani/miniconda3/envs/apache-airflow/lib/python3.8/site-packages/airflow/example_dags/example_task_group.py
[2023-03-26T21:59:01.468+0200] {logging_mixin.py:137} INFO - [2023-03-26T21:59:01.467+0200] {dag.py:2693} INFO - Sync 1 DAGs
[2023-03-26T21:59:01.492+0200] {logging_mixin.py:137} INFO - [2023-03-26T21:59:01.492+0200] {dag.py:3440} INFO - Setting next_dagrun for example_task_group to 2023-03-25T19:59:01.492323+00:00, run_after=2023-03-26T19:59:01.492323+00:00
[2023-03-26T21:59:01.610+0200] {processor.py:175} INFO - Processing /home/humbulani/miniconda3/envs/apache-airflow/lib/python3.8/site-packages/airflow/example_dags/example_task_group.py took 0.189 seconds
[2023-03-26T21:59:50.091+0200] {processor.py:153} INFO - Started process (PID=18126) to work on /home/humbulani/miniconda3/envs/apache-airflow/lib/python3.8/site-packages/airflow/example_dags/example_task_group.py
[2023-03-26T21:59:50.099+0200] {processor.py:743} INFO - Processing file /home/humbulani/miniconda3/envs/apache-airflow/lib/python3.8/site-packages/airflow/example_dags/example_task_group.py for tasks to queue
[2023-03-26T21:59:50.100+0200] {logging_mixin.py:137} INFO - [2023-03-26T21:59:50.100+0200] {dagbag.py:532} INFO - Filling up the DagBag from /home/humbulani/miniconda3/envs/apache-airflow/lib/python3.8/site-packages/airflow/example_dags/example_task_group.py
[2023-03-26T21:59:50.117+0200] {processor.py:753} INFO - DAG(s) dict_keys(['example_task_group']) retrieved from /home/humbulani/miniconda3/envs/apache-airflow/lib/python3.8/site-packages/airflow/example_dags/example_task_group.py
[2023-03-26T21:59:50.137+0200] {logging_mixin.py:137} INFO - [2023-03-26T21:59:50.137+0200] {dag.py:2693} INFO - Sync 1 DAGs
[2023-03-26T21:59:50.154+0200] {logging_mixin.py:137} INFO - [2023-03-26T21:59:50.154+0200] {dag.py:3440} INFO - Setting next_dagrun for example_task_group to 2023-03-25T19:59:50.153836+00:00, run_after=2023-03-26T19:59:50.153836+00:00
[2023-03-26T21:59:50.236+0200] {processor.py:175} INFO - Processing /home/humbulani/miniconda3/envs/apache-airflow/lib/python3.8/site-packages/airflow/example_dags/example_task_group.py took 0.148 seconds
[2023-03-26T22:00:36.627+0200] {processor.py:153} INFO - Started process (PID=18177) to work on /home/humbulani/miniconda3/envs/apache-airflow/lib/python3.8/site-packages/airflow/example_dags/example_task_group.py
[2023-03-26T22:00:36.627+0200] {processor.py:743} INFO - Processing file /home/humbulani/miniconda3/envs/apache-airflow/lib/python3.8/site-packages/airflow/example_dags/example_task_group.py for tasks to queue
[2023-03-26T22:00:36.628+0200] {logging_mixin.py:137} INFO - [2023-03-26T22:00:36.628+0200] {dagbag.py:532} INFO - Filling up the DagBag from /home/humbulani/miniconda3/envs/apache-airflow/lib/python3.8/site-packages/airflow/example_dags/example_task_group.py
[2023-03-26T22:00:36.641+0200] {processor.py:753} INFO - DAG(s) dict_keys(['example_task_group']) retrieved from /home/humbulani/miniconda3/envs/apache-airflow/lib/python3.8/site-packages/airflow/example_dags/example_task_group.py
[2023-03-26T22:00:36.658+0200] {logging_mixin.py:137} INFO - [2023-03-26T22:00:36.658+0200] {dag.py:2693} INFO - Sync 1 DAGs
[2023-03-26T22:00:36.676+0200] {logging_mixin.py:137} INFO - [2023-03-26T22:00:36.676+0200] {dag.py:3440} INFO - Setting next_dagrun for example_task_group to 2023-03-25T20:00:36.675933+00:00, run_after=2023-03-26T20:00:36.675933+00:00
[2023-03-26T22:00:36.764+0200] {processor.py:175} INFO - Processing /home/humbulani/miniconda3/envs/apache-airflow/lib/python3.8/site-packages/airflow/example_dags/example_task_group.py took 0.140 seconds
[2023-03-26T22:01:20.988+0200] {processor.py:153} INFO - Started process (PID=18272) to work on /home/humbulani/miniconda3/envs/apache-airflow/lib/python3.8/site-packages/airflow/example_dags/example_task_group.py
[2023-03-26T22:01:20.989+0200] {processor.py:743} INFO - Processing file /home/humbulani/miniconda3/envs/apache-airflow/lib/python3.8/site-packages/airflow/example_dags/example_task_group.py for tasks to queue
[2023-03-26T22:01:20.989+0200] {logging_mixin.py:137} INFO - [2023-03-26T22:01:20.989+0200] {dagbag.py:532} INFO - Filling up the DagBag from /home/humbulani/miniconda3/envs/apache-airflow/lib/python3.8/site-packages/airflow/example_dags/example_task_group.py
[2023-03-26T22:01:21.003+0200] {processor.py:753} INFO - DAG(s) dict_keys(['example_task_group']) retrieved from /home/humbulani/miniconda3/envs/apache-airflow/lib/python3.8/site-packages/airflow/example_dags/example_task_group.py
[2023-03-26T22:01:21.021+0200] {logging_mixin.py:137} INFO - [2023-03-26T22:01:21.020+0200] {dag.py:2693} INFO - Sync 1 DAGs
[2023-03-26T22:01:21.038+0200] {logging_mixin.py:137} INFO - [2023-03-26T22:01:21.038+0200] {dag.py:3440} INFO - Setting next_dagrun for example_task_group to 2023-03-25T20:01:21.038445+00:00, run_after=2023-03-26T20:01:21.038445+00:00
[2023-03-26T22:01:21.117+0200] {processor.py:175} INFO - Processing /home/humbulani/miniconda3/envs/apache-airflow/lib/python3.8/site-packages/airflow/example_dags/example_task_group.py took 0.133 seconds
[2023-03-26T22:02:09.749+0200] {processor.py:153} INFO - Started process (PID=18518) to work on /home/humbulani/miniconda3/envs/apache-airflow/lib/python3.8/site-packages/airflow/example_dags/example_task_group.py
[2023-03-26T22:02:09.750+0200] {processor.py:743} INFO - Processing file /home/humbulani/miniconda3/envs/apache-airflow/lib/python3.8/site-packages/airflow/example_dags/example_task_group.py for tasks to queue
[2023-03-26T22:02:09.751+0200] {logging_mixin.py:137} INFO - [2023-03-26T22:02:09.750+0200] {dagbag.py:532} INFO - Filling up the DagBag from /home/humbulani/miniconda3/envs/apache-airflow/lib/python3.8/site-packages/airflow/example_dags/example_task_group.py
[2023-03-26T22:02:09.767+0200] {processor.py:753} INFO - DAG(s) dict_keys(['example_task_group']) retrieved from /home/humbulani/miniconda3/envs/apache-airflow/lib/python3.8/site-packages/airflow/example_dags/example_task_group.py
[2023-03-26T22:02:09.785+0200] {logging_mixin.py:137} INFO - [2023-03-26T22:02:09.785+0200] {dag.py:2693} INFO - Sync 1 DAGs
[2023-03-26T22:02:09.802+0200] {logging_mixin.py:137} INFO - [2023-03-26T22:02:09.802+0200] {dag.py:3440} INFO - Setting next_dagrun for example_task_group to 2023-03-25T20:02:09.802602+00:00, run_after=2023-03-26T20:02:09.802602+00:00
[2023-03-26T22:02:09.887+0200] {processor.py:175} INFO - Processing /home/humbulani/miniconda3/envs/apache-airflow/lib/python3.8/site-packages/airflow/example_dags/example_task_group.py took 0.141 seconds
[2023-03-26T22:02:56.501+0200] {processor.py:153} INFO - Started process (PID=18574) to work on /home/humbulani/miniconda3/envs/apache-airflow/lib/python3.8/site-packages/airflow/example_dags/example_task_group.py
[2023-03-26T22:02:56.502+0200] {processor.py:743} INFO - Processing file /home/humbulani/miniconda3/envs/apache-airflow/lib/python3.8/site-packages/airflow/example_dags/example_task_group.py for tasks to queue
[2023-03-26T22:02:56.503+0200] {logging_mixin.py:137} INFO - [2023-03-26T22:02:56.503+0200] {dagbag.py:532} INFO - Filling up the DagBag from /home/humbulani/miniconda3/envs/apache-airflow/lib/python3.8/site-packages/airflow/example_dags/example_task_group.py
[2023-03-26T22:02:56.517+0200] {processor.py:753} INFO - DAG(s) dict_keys(['example_task_group']) retrieved from /home/humbulani/miniconda3/envs/apache-airflow/lib/python3.8/site-packages/airflow/example_dags/example_task_group.py
[2023-03-26T22:02:56.534+0200] {logging_mixin.py:137} INFO - [2023-03-26T22:02:56.534+0200] {dag.py:2693} INFO - Sync 1 DAGs
[2023-03-26T22:02:56.551+0200] {logging_mixin.py:137} INFO - [2023-03-26T22:02:56.551+0200] {dag.py:3440} INFO - Setting next_dagrun for example_task_group to 2023-03-25T20:02:56.551303+00:00, run_after=2023-03-26T20:02:56.551303+00:00
[2023-03-26T22:02:56.666+0200] {processor.py:175} INFO - Processing /home/humbulani/miniconda3/envs/apache-airflow/lib/python3.8/site-packages/airflow/example_dags/example_task_group.py took 0.166 seconds
[2023-03-26T22:03:41.076+0200] {processor.py:153} INFO - Started process (PID=18636) to work on /home/humbulani/miniconda3/envs/apache-airflow/lib/python3.8/site-packages/airflow/example_dags/example_task_group.py
[2023-03-26T22:03:41.086+0200] {processor.py:743} INFO - Processing file /home/humbulani/miniconda3/envs/apache-airflow/lib/python3.8/site-packages/airflow/example_dags/example_task_group.py for tasks to queue
[2023-03-26T22:03:41.087+0200] {logging_mixin.py:137} INFO - [2023-03-26T22:03:41.087+0200] {dagbag.py:532} INFO - Filling up the DagBag from /home/humbulani/miniconda3/envs/apache-airflow/lib/python3.8/site-packages/airflow/example_dags/example_task_group.py
[2023-03-26T22:03:41.113+0200] {processor.py:753} INFO - DAG(s) dict_keys(['example_task_group']) retrieved from /home/humbulani/miniconda3/envs/apache-airflow/lib/python3.8/site-packages/airflow/example_dags/example_task_group.py
[2023-03-26T22:03:41.139+0200] {logging_mixin.py:137} INFO - [2023-03-26T22:03:41.139+0200] {dag.py:2693} INFO - Sync 1 DAGs
[2023-03-26T22:03:41.165+0200] {logging_mixin.py:137} INFO - [2023-03-26T22:03:41.164+0200] {dag.py:3440} INFO - Setting next_dagrun for example_task_group to 2023-03-25T20:03:41.164667+00:00, run_after=2023-03-26T20:03:41.164667+00:00
[2023-03-26T22:03:41.274+0200] {processor.py:175} INFO - Processing /home/humbulani/miniconda3/envs/apache-airflow/lib/python3.8/site-packages/airflow/example_dags/example_task_group.py took 0.201 seconds
[2023-03-26T22:04:26.177+0200] {processor.py:153} INFO - Started process (PID=18698) to work on /home/humbulani/miniconda3/envs/apache-airflow/lib/python3.8/site-packages/airflow/example_dags/example_task_group.py
[2023-03-26T22:04:26.189+0200] {processor.py:743} INFO - Processing file /home/humbulani/miniconda3/envs/apache-airflow/lib/python3.8/site-packages/airflow/example_dags/example_task_group.py for tasks to queue
[2023-03-26T22:04:26.190+0200] {logging_mixin.py:137} INFO - [2023-03-26T22:04:26.190+0200] {dagbag.py:532} INFO - Filling up the DagBag from /home/humbulani/miniconda3/envs/apache-airflow/lib/python3.8/site-packages/airflow/example_dags/example_task_group.py
[2023-03-26T22:04:26.204+0200] {processor.py:753} INFO - DAG(s) dict_keys(['example_task_group']) retrieved from /home/humbulani/miniconda3/envs/apache-airflow/lib/python3.8/site-packages/airflow/example_dags/example_task_group.py
[2023-03-26T22:04:26.221+0200] {logging_mixin.py:137} INFO - [2023-03-26T22:04:26.221+0200] {dag.py:2693} INFO - Sync 1 DAGs
[2023-03-26T22:04:26.239+0200] {logging_mixin.py:137} INFO - [2023-03-26T22:04:26.239+0200] {dag.py:3440} INFO - Setting next_dagrun for example_task_group to 2023-03-25T20:04:26.239660+00:00, run_after=2023-03-26T20:04:26.239660+00:00
[2023-03-26T22:04:26.315+0200] {processor.py:175} INFO - Processing /home/humbulani/miniconda3/envs/apache-airflow/lib/python3.8/site-packages/airflow/example_dags/example_task_group.py took 0.140 seconds
[2023-03-26T22:05:12.072+0200] {processor.py:153} INFO - Started process (PID=18749) to work on /home/humbulani/miniconda3/envs/apache-airflow/lib/python3.8/site-packages/airflow/example_dags/example_task_group.py
[2023-03-26T22:05:12.085+0200] {processor.py:743} INFO - Processing file /home/humbulani/miniconda3/envs/apache-airflow/lib/python3.8/site-packages/airflow/example_dags/example_task_group.py for tasks to queue
[2023-03-26T22:05:12.085+0200] {logging_mixin.py:137} INFO - [2023-03-26T22:05:12.085+0200] {dagbag.py:532} INFO - Filling up the DagBag from /home/humbulani/miniconda3/envs/apache-airflow/lib/python3.8/site-packages/airflow/example_dags/example_task_group.py
[2023-03-26T22:05:12.099+0200] {processor.py:753} INFO - DAG(s) dict_keys(['example_task_group']) retrieved from /home/humbulani/miniconda3/envs/apache-airflow/lib/python3.8/site-packages/airflow/example_dags/example_task_group.py
[2023-03-26T22:05:12.118+0200] {logging_mixin.py:137} INFO - [2023-03-26T22:05:12.118+0200] {dag.py:2693} INFO - Sync 1 DAGs
[2023-03-26T22:05:12.136+0200] {logging_mixin.py:137} INFO - [2023-03-26T22:05:12.136+0200] {dag.py:3440} INFO - Setting next_dagrun for example_task_group to 2023-03-25T20:05:12.136555+00:00, run_after=2023-03-26T20:05:12.136555+00:00
[2023-03-26T22:05:12.217+0200] {processor.py:175} INFO - Processing /home/humbulani/miniconda3/envs/apache-airflow/lib/python3.8/site-packages/airflow/example_dags/example_task_group.py took 0.148 seconds
[2023-03-26T22:05:55.896+0200] {processor.py:153} INFO - Started process (PID=18800) to work on /home/humbulani/miniconda3/envs/apache-airflow/lib/python3.8/site-packages/airflow/example_dags/example_task_group.py
[2023-03-26T22:05:55.897+0200] {processor.py:743} INFO - Processing file /home/humbulani/miniconda3/envs/apache-airflow/lib/python3.8/site-packages/airflow/example_dags/example_task_group.py for tasks to queue
[2023-03-26T22:05:55.898+0200] {logging_mixin.py:137} INFO - [2023-03-26T22:05:55.898+0200] {dagbag.py:532} INFO - Filling up the DagBag from /home/humbulani/miniconda3/envs/apache-airflow/lib/python3.8/site-packages/airflow/example_dags/example_task_group.py
[2023-03-26T22:05:55.918+0200] {processor.py:753} INFO - DAG(s) dict_keys(['example_task_group']) retrieved from /home/humbulani/miniconda3/envs/apache-airflow/lib/python3.8/site-packages/airflow/example_dags/example_task_group.py
[2023-03-26T22:05:55.936+0200] {logging_mixin.py:137} INFO - [2023-03-26T22:05:55.936+0200] {dag.py:2693} INFO - Sync 1 DAGs
[2023-03-26T22:05:55.954+0200] {logging_mixin.py:137} INFO - [2023-03-26T22:05:55.954+0200] {dag.py:3440} INFO - Setting next_dagrun for example_task_group to 2023-03-25T20:05:55.953869+00:00, run_after=2023-03-26T20:05:55.953869+00:00
[2023-03-26T22:05:56.038+0200] {processor.py:175} INFO - Processing /home/humbulani/miniconda3/envs/apache-airflow/lib/python3.8/site-packages/airflow/example_dags/example_task_group.py took 0.144 seconds
[2023-03-26T22:06:43.043+0200] {processor.py:153} INFO - Started process (PID=18843) to work on /home/humbulani/miniconda3/envs/apache-airflow/lib/python3.8/site-packages/airflow/example_dags/example_task_group.py
[2023-03-26T22:06:43.044+0200] {processor.py:743} INFO - Processing file /home/humbulani/miniconda3/envs/apache-airflow/lib/python3.8/site-packages/airflow/example_dags/example_task_group.py for tasks to queue
[2023-03-26T22:06:43.044+0200] {logging_mixin.py:137} INFO - [2023-03-26T22:06:43.044+0200] {dagbag.py:532} INFO - Filling up the DagBag from /home/humbulani/miniconda3/envs/apache-airflow/lib/python3.8/site-packages/airflow/example_dags/example_task_group.py
[2023-03-26T22:06:43.059+0200] {processor.py:753} INFO - DAG(s) dict_keys(['example_task_group']) retrieved from /home/humbulani/miniconda3/envs/apache-airflow/lib/python3.8/site-packages/airflow/example_dags/example_task_group.py
[2023-03-26T22:06:43.078+0200] {logging_mixin.py:137} INFO - [2023-03-26T22:06:43.078+0200] {dag.py:2693} INFO - Sync 1 DAGs
[2023-03-26T22:06:43.097+0200] {logging_mixin.py:137} INFO - [2023-03-26T22:06:43.097+0200] {dag.py:3440} INFO - Setting next_dagrun for example_task_group to 2023-03-25T20:06:43.096886+00:00, run_after=2023-03-26T20:06:43.096886+00:00
[2023-03-26T22:06:43.169+0200] {processor.py:175} INFO - Processing /home/humbulani/miniconda3/envs/apache-airflow/lib/python3.8/site-packages/airflow/example_dags/example_task_group.py took 0.130 seconds
[2023-03-26T22:07:29.256+0200] {processor.py:153} INFO - Started process (PID=18989) to work on /home/humbulani/miniconda3/envs/apache-airflow/lib/python3.8/site-packages/airflow/example_dags/example_task_group.py
[2023-03-26T22:07:29.257+0200] {processor.py:743} INFO - Processing file /home/humbulani/miniconda3/envs/apache-airflow/lib/python3.8/site-packages/airflow/example_dags/example_task_group.py for tasks to queue
[2023-03-26T22:07:29.258+0200] {logging_mixin.py:137} INFO - [2023-03-26T22:07:29.258+0200] {dagbag.py:532} INFO - Filling up the DagBag from /home/humbulani/miniconda3/envs/apache-airflow/lib/python3.8/site-packages/airflow/example_dags/example_task_group.py
[2023-03-26T22:07:29.274+0200] {processor.py:753} INFO - DAG(s) dict_keys(['example_task_group']) retrieved from /home/humbulani/miniconda3/envs/apache-airflow/lib/python3.8/site-packages/airflow/example_dags/example_task_group.py
[2023-03-26T22:07:29.291+0200] {logging_mixin.py:137} INFO - [2023-03-26T22:07:29.291+0200] {dag.py:2693} INFO - Sync 1 DAGs
[2023-03-26T22:07:29.308+0200] {logging_mixin.py:137} INFO - [2023-03-26T22:07:29.308+0200] {dag.py:3440} INFO - Setting next_dagrun for example_task_group to 2023-03-25T20:07:29.307999+00:00, run_after=2023-03-26T20:07:29.307999+00:00
[2023-03-26T22:07:29.391+0200] {processor.py:175} INFO - Processing /home/humbulani/miniconda3/envs/apache-airflow/lib/python3.8/site-packages/airflow/example_dags/example_task_group.py took 0.137 seconds
[2023-03-26T22:08:13.996+0200] {processor.py:153} INFO - Started process (PID=19038) to work on /home/humbulani/miniconda3/envs/apache-airflow/lib/python3.8/site-packages/airflow/example_dags/example_task_group.py
[2023-03-26T22:08:13.997+0200] {processor.py:743} INFO - Processing file /home/humbulani/miniconda3/envs/apache-airflow/lib/python3.8/site-packages/airflow/example_dags/example_task_group.py for tasks to queue
[2023-03-26T22:08:13.997+0200] {logging_mixin.py:137} INFO - [2023-03-26T22:08:13.997+0200] {dagbag.py:532} INFO - Filling up the DagBag from /home/humbulani/miniconda3/envs/apache-airflow/lib/python3.8/site-packages/airflow/example_dags/example_task_group.py
[2023-03-26T22:08:14.011+0200] {processor.py:753} INFO - DAG(s) dict_keys(['example_task_group']) retrieved from /home/humbulani/miniconda3/envs/apache-airflow/lib/python3.8/site-packages/airflow/example_dags/example_task_group.py
[2023-03-26T22:08:14.028+0200] {logging_mixin.py:137} INFO - [2023-03-26T22:08:14.028+0200] {dag.py:2693} INFO - Sync 1 DAGs
[2023-03-26T22:08:14.046+0200] {logging_mixin.py:137} INFO - [2023-03-26T22:08:14.046+0200] {dag.py:3440} INFO - Setting next_dagrun for example_task_group to 2023-03-25T20:08:14.045810+00:00, run_after=2023-03-26T20:08:14.045810+00:00
[2023-03-26T22:08:14.121+0200] {processor.py:175} INFO - Processing /home/humbulani/miniconda3/envs/apache-airflow/lib/python3.8/site-packages/airflow/example_dags/example_task_group.py took 0.127 seconds
[2023-03-26T22:09:01.380+0200] {processor.py:153} INFO - Started process (PID=19120) to work on /home/humbulani/miniconda3/envs/apache-airflow/lib/python3.8/site-packages/airflow/example_dags/example_task_group.py
[2023-03-26T22:09:01.381+0200] {processor.py:743} INFO - Processing file /home/humbulani/miniconda3/envs/apache-airflow/lib/python3.8/site-packages/airflow/example_dags/example_task_group.py for tasks to queue
[2023-03-26T22:09:01.381+0200] {logging_mixin.py:137} INFO - [2023-03-26T22:09:01.381+0200] {dagbag.py:532} INFO - Filling up the DagBag from /home/humbulani/miniconda3/envs/apache-airflow/lib/python3.8/site-packages/airflow/example_dags/example_task_group.py
[2023-03-26T22:09:01.395+0200] {processor.py:753} INFO - DAG(s) dict_keys(['example_task_group']) retrieved from /home/humbulani/miniconda3/envs/apache-airflow/lib/python3.8/site-packages/airflow/example_dags/example_task_group.py
[2023-03-26T22:09:01.412+0200] {logging_mixin.py:137} INFO - [2023-03-26T22:09:01.412+0200] {dag.py:2693} INFO - Sync 1 DAGs
[2023-03-26T22:09:01.430+0200] {logging_mixin.py:137} INFO - [2023-03-26T22:09:01.430+0200] {dag.py:3440} INFO - Setting next_dagrun for example_task_group to 2023-03-25T20:09:01.429971+00:00, run_after=2023-03-26T20:09:01.429971+00:00
[2023-03-26T22:09:01.510+0200] {processor.py:175} INFO - Processing /home/humbulani/miniconda3/envs/apache-airflow/lib/python3.8/site-packages/airflow/example_dags/example_task_group.py took 0.133 seconds
[2023-03-26T22:09:48.168+0200] {processor.py:153} INFO - Started process (PID=19163) to work on /home/humbulani/miniconda3/envs/apache-airflow/lib/python3.8/site-packages/airflow/example_dags/example_task_group.py
[2023-03-26T22:09:48.169+0200] {processor.py:743} INFO - Processing file /home/humbulani/miniconda3/envs/apache-airflow/lib/python3.8/site-packages/airflow/example_dags/example_task_group.py for tasks to queue
[2023-03-26T22:09:48.169+0200] {logging_mixin.py:137} INFO - [2023-03-26T22:09:48.169+0200] {dagbag.py:532} INFO - Filling up the DagBag from /home/humbulani/miniconda3/envs/apache-airflow/lib/python3.8/site-packages/airflow/example_dags/example_task_group.py
[2023-03-26T22:09:48.186+0200] {processor.py:753} INFO - DAG(s) dict_keys(['example_task_group']) retrieved from /home/humbulani/miniconda3/envs/apache-airflow/lib/python3.8/site-packages/airflow/example_dags/example_task_group.py
[2023-03-26T22:09:48.204+0200] {logging_mixin.py:137} INFO - [2023-03-26T22:09:48.204+0200] {dag.py:2693} INFO - Sync 1 DAGs
[2023-03-26T22:09:48.221+0200] {logging_mixin.py:137} INFO - [2023-03-26T22:09:48.221+0200] {dag.py:3440} INFO - Setting next_dagrun for example_task_group to 2023-03-25T20:09:48.221095+00:00, run_after=2023-03-26T20:09:48.221095+00:00
[2023-03-26T22:09:48.299+0200] {processor.py:175} INFO - Processing /home/humbulani/miniconda3/envs/apache-airflow/lib/python3.8/site-packages/airflow/example_dags/example_task_group.py took 0.134 seconds
[2023-03-26T22:10:31.928+0200] {processor.py:153} INFO - Started process (PID=19233) to work on /home/humbulani/miniconda3/envs/apache-airflow/lib/python3.8/site-packages/airflow/example_dags/example_task_group.py
[2023-03-26T22:10:31.929+0200] {processor.py:743} INFO - Processing file /home/humbulani/miniconda3/envs/apache-airflow/lib/python3.8/site-packages/airflow/example_dags/example_task_group.py for tasks to queue
[2023-03-26T22:10:31.930+0200] {logging_mixin.py:137} INFO - [2023-03-26T22:10:31.930+0200] {dagbag.py:532} INFO - Filling up the DagBag from /home/humbulani/miniconda3/envs/apache-airflow/lib/python3.8/site-packages/airflow/example_dags/example_task_group.py
[2023-03-26T22:10:31.947+0200] {processor.py:753} INFO - DAG(s) dict_keys(['example_task_group']) retrieved from /home/humbulani/miniconda3/envs/apache-airflow/lib/python3.8/site-packages/airflow/example_dags/example_task_group.py
[2023-03-26T22:10:31.965+0200] {logging_mixin.py:137} INFO - [2023-03-26T22:10:31.964+0200] {dag.py:2693} INFO - Sync 1 DAGs
[2023-03-26T22:10:31.981+0200] {logging_mixin.py:137} INFO - [2023-03-26T22:10:31.981+0200] {dag.py:3440} INFO - Setting next_dagrun for example_task_group to 2023-03-25T20:10:31.981523+00:00, run_after=2023-03-26T20:10:31.981523+00:00
[2023-03-26T22:10:32.064+0200] {processor.py:175} INFO - Processing /home/humbulani/miniconda3/envs/apache-airflow/lib/python3.8/site-packages/airflow/example_dags/example_task_group.py took 0.138 seconds
[2023-03-26T22:11:20.098+0200] {processor.py:153} INFO - Started process (PID=19336) to work on /home/humbulani/miniconda3/envs/apache-airflow/lib/python3.8/site-packages/airflow/example_dags/example_task_group.py
[2023-03-26T22:11:20.151+0200] {processor.py:743} INFO - Processing file /home/humbulani/miniconda3/envs/apache-airflow/lib/python3.8/site-packages/airflow/example_dags/example_task_group.py for tasks to queue
[2023-03-26T22:11:20.152+0200] {logging_mixin.py:137} INFO - [2023-03-26T22:11:20.151+0200] {dagbag.py:532} INFO - Filling up the DagBag from /home/humbulani/miniconda3/envs/apache-airflow/lib/python3.8/site-packages/airflow/example_dags/example_task_group.py
[2023-03-26T22:11:20.169+0200] {processor.py:753} INFO - DAG(s) dict_keys(['example_task_group']) retrieved from /home/humbulani/miniconda3/envs/apache-airflow/lib/python3.8/site-packages/airflow/example_dags/example_task_group.py
[2023-03-26T22:11:20.192+0200] {logging_mixin.py:137} INFO - [2023-03-26T22:11:20.191+0200] {dag.py:2693} INFO - Sync 1 DAGs
[2023-03-26T22:11:20.210+0200] {logging_mixin.py:137} INFO - [2023-03-26T22:11:20.210+0200] {dag.py:3440} INFO - Setting next_dagrun for example_task_group to 2023-03-25T20:11:20.209896+00:00, run_after=2023-03-26T20:11:20.209896+00:00
[2023-03-26T22:11:20.296+0200] {processor.py:175} INFO - Processing /home/humbulani/miniconda3/envs/apache-airflow/lib/python3.8/site-packages/airflow/example_dags/example_task_group.py took 0.201 seconds
[2023-03-26T22:12:05.194+0200] {processor.py:153} INFO - Started process (PID=19378) to work on /home/humbulani/miniconda3/envs/apache-airflow/lib/python3.8/site-packages/airflow/example_dags/example_task_group.py
[2023-03-26T22:12:05.212+0200] {processor.py:743} INFO - Processing file /home/humbulani/miniconda3/envs/apache-airflow/lib/python3.8/site-packages/airflow/example_dags/example_task_group.py for tasks to queue
[2023-03-26T22:12:05.213+0200] {logging_mixin.py:137} INFO - [2023-03-26T22:12:05.213+0200] {dagbag.py:532} INFO - Filling up the DagBag from /home/humbulani/miniconda3/envs/apache-airflow/lib/python3.8/site-packages/airflow/example_dags/example_task_group.py
[2023-03-26T22:12:05.227+0200] {processor.py:753} INFO - DAG(s) dict_keys(['example_task_group']) retrieved from /home/humbulani/miniconda3/envs/apache-airflow/lib/python3.8/site-packages/airflow/example_dags/example_task_group.py
[2023-03-26T22:12:05.244+0200] {logging_mixin.py:137} INFO - [2023-03-26T22:12:05.244+0200] {dag.py:2693} INFO - Sync 1 DAGs
[2023-03-26T22:12:05.261+0200] {logging_mixin.py:137} INFO - [2023-03-26T22:12:05.261+0200] {dag.py:3440} INFO - Setting next_dagrun for example_task_group to 2023-03-25T20:12:05.261096+00:00, run_after=2023-03-26T20:12:05.261096+00:00
[2023-03-26T22:12:05.339+0200] {processor.py:175} INFO - Processing /home/humbulani/miniconda3/envs/apache-airflow/lib/python3.8/site-packages/airflow/example_dags/example_task_group.py took 0.148 seconds
[2023-03-26T22:12:49.485+0200] {processor.py:153} INFO - Started process (PID=19490) to work on /home/humbulani/miniconda3/envs/apache-airflow/lib/python3.8/site-packages/airflow/example_dags/example_task_group.py
[2023-03-26T22:12:49.525+0200] {processor.py:743} INFO - Processing file /home/humbulani/miniconda3/envs/apache-airflow/lib/python3.8/site-packages/airflow/example_dags/example_task_group.py for tasks to queue
[2023-03-26T22:12:49.526+0200] {logging_mixin.py:137} INFO - [2023-03-26T22:12:49.526+0200] {dagbag.py:532} INFO - Filling up the DagBag from /home/humbulani/miniconda3/envs/apache-airflow/lib/python3.8/site-packages/airflow/example_dags/example_task_group.py
[2023-03-26T22:12:49.540+0200] {processor.py:753} INFO - DAG(s) dict_keys(['example_task_group']) retrieved from /home/humbulani/miniconda3/envs/apache-airflow/lib/python3.8/site-packages/airflow/example_dags/example_task_group.py
[2023-03-26T22:12:49.557+0200] {logging_mixin.py:137} INFO - [2023-03-26T22:12:49.557+0200] {dag.py:2693} INFO - Sync 1 DAGs
[2023-03-26T22:12:49.575+0200] {logging_mixin.py:137} INFO - [2023-03-26T22:12:49.575+0200] {dag.py:3440} INFO - Setting next_dagrun for example_task_group to 2023-03-25T20:12:49.574895+00:00, run_after=2023-03-26T20:12:49.574895+00:00
[2023-03-26T22:12:49.643+0200] {processor.py:175} INFO - Processing /home/humbulani/miniconda3/envs/apache-airflow/lib/python3.8/site-packages/airflow/example_dags/example_task_group.py took 0.161 seconds
[2023-03-26T22:13:37.508+0200] {processor.py:153} INFO - Started process (PID=19532) to work on /home/humbulani/miniconda3/envs/apache-airflow/lib/python3.8/site-packages/airflow/example_dags/example_task_group.py
[2023-03-26T22:13:37.509+0200] {processor.py:743} INFO - Processing file /home/humbulani/miniconda3/envs/apache-airflow/lib/python3.8/site-packages/airflow/example_dags/example_task_group.py for tasks to queue
[2023-03-26T22:13:37.510+0200] {logging_mixin.py:137} INFO - [2023-03-26T22:13:37.510+0200] {dagbag.py:532} INFO - Filling up the DagBag from /home/humbulani/miniconda3/envs/apache-airflow/lib/python3.8/site-packages/airflow/example_dags/example_task_group.py
[2023-03-26T22:13:37.527+0200] {processor.py:753} INFO - DAG(s) dict_keys(['example_task_group']) retrieved from /home/humbulani/miniconda3/envs/apache-airflow/lib/python3.8/site-packages/airflow/example_dags/example_task_group.py
[2023-03-26T22:13:37.544+0200] {logging_mixin.py:137} INFO - [2023-03-26T22:13:37.544+0200] {dag.py:2693} INFO - Sync 1 DAGs
[2023-03-26T22:13:37.562+0200] {logging_mixin.py:137} INFO - [2023-03-26T22:13:37.562+0200] {dag.py:3440} INFO - Setting next_dagrun for example_task_group to 2023-03-25T20:13:37.562224+00:00, run_after=2023-03-26T20:13:37.562224+00:00
[2023-03-26T22:13:37.642+0200] {processor.py:175} INFO - Processing /home/humbulani/miniconda3/envs/apache-airflow/lib/python3.8/site-packages/airflow/example_dags/example_task_group.py took 0.136 seconds
[2023-03-26T22:14:24.041+0200] {processor.py:153} INFO - Started process (PID=19577) to work on /home/humbulani/miniconda3/envs/apache-airflow/lib/python3.8/site-packages/airflow/example_dags/example_task_group.py
[2023-03-26T22:14:24.050+0200] {processor.py:743} INFO - Processing file /home/humbulani/miniconda3/envs/apache-airflow/lib/python3.8/site-packages/airflow/example_dags/example_task_group.py for tasks to queue
[2023-03-26T22:14:24.051+0200] {logging_mixin.py:137} INFO - [2023-03-26T22:14:24.051+0200] {dagbag.py:532} INFO - Filling up the DagBag from /home/humbulani/miniconda3/envs/apache-airflow/lib/python3.8/site-packages/airflow/example_dags/example_task_group.py
[2023-03-26T22:14:24.066+0200] {processor.py:753} INFO - DAG(s) dict_keys(['example_task_group']) retrieved from /home/humbulani/miniconda3/envs/apache-airflow/lib/python3.8/site-packages/airflow/example_dags/example_task_group.py
[2023-03-26T22:14:24.083+0200] {logging_mixin.py:137} INFO - [2023-03-26T22:14:24.083+0200] {dag.py:2693} INFO - Sync 1 DAGs
[2023-03-26T22:14:24.099+0200] {logging_mixin.py:137} INFO - [2023-03-26T22:14:24.099+0200] {dag.py:3440} INFO - Setting next_dagrun for example_task_group to 2023-03-25T20:14:24.099628+00:00, run_after=2023-03-26T20:14:24.099628+00:00
[2023-03-26T22:14:24.170+0200] {processor.py:175} INFO - Processing /home/humbulani/miniconda3/envs/apache-airflow/lib/python3.8/site-packages/airflow/example_dags/example_task_group.py took 0.132 seconds
[2023-03-26T22:15:10.448+0200] {processor.py:153} INFO - Started process (PID=19686) to work on /home/humbulani/miniconda3/envs/apache-airflow/lib/python3.8/site-packages/airflow/example_dags/example_task_group.py
[2023-03-26T22:15:10.448+0200] {processor.py:743} INFO - Processing file /home/humbulani/miniconda3/envs/apache-airflow/lib/python3.8/site-packages/airflow/example_dags/example_task_group.py for tasks to queue
[2023-03-26T22:15:10.449+0200] {logging_mixin.py:137} INFO - [2023-03-26T22:15:10.449+0200] {dagbag.py:532} INFO - Filling up the DagBag from /home/humbulani/miniconda3/envs/apache-airflow/lib/python3.8/site-packages/airflow/example_dags/example_task_group.py
[2023-03-26T22:15:10.465+0200] {processor.py:753} INFO - DAG(s) dict_keys(['example_task_group']) retrieved from /home/humbulani/miniconda3/envs/apache-airflow/lib/python3.8/site-packages/airflow/example_dags/example_task_group.py
[2023-03-26T22:15:10.482+0200] {logging_mixin.py:137} INFO - [2023-03-26T22:15:10.482+0200] {dag.py:2693} INFO - Sync 1 DAGs
[2023-03-26T22:15:10.499+0200] {logging_mixin.py:137} INFO - [2023-03-26T22:15:10.499+0200] {dag.py:3440} INFO - Setting next_dagrun for example_task_group to 2023-03-25T20:15:10.498867+00:00, run_after=2023-03-26T20:15:10.498867+00:00
[2023-03-26T22:15:10.583+0200] {processor.py:175} INFO - Processing /home/humbulani/miniconda3/envs/apache-airflow/lib/python3.8/site-packages/airflow/example_dags/example_task_group.py took 0.139 seconds
[2023-03-26T22:15:57.609+0200] {processor.py:153} INFO - Started process (PID=19732) to work on /home/humbulani/miniconda3/envs/apache-airflow/lib/python3.8/site-packages/airflow/example_dags/example_task_group.py
[2023-03-26T22:15:57.626+0200] {processor.py:743} INFO - Processing file /home/humbulani/miniconda3/envs/apache-airflow/lib/python3.8/site-packages/airflow/example_dags/example_task_group.py for tasks to queue
[2023-03-26T22:15:57.627+0200] {logging_mixin.py:137} INFO - [2023-03-26T22:15:57.627+0200] {dagbag.py:532} INFO - Filling up the DagBag from /home/humbulani/miniconda3/envs/apache-airflow/lib/python3.8/site-packages/airflow/example_dags/example_task_group.py
[2023-03-26T22:15:57.641+0200] {processor.py:753} INFO - DAG(s) dict_keys(['example_task_group']) retrieved from /home/humbulani/miniconda3/envs/apache-airflow/lib/python3.8/site-packages/airflow/example_dags/example_task_group.py
[2023-03-26T22:15:57.661+0200] {logging_mixin.py:137} INFO - [2023-03-26T22:15:57.661+0200] {dag.py:2693} INFO - Sync 1 DAGs
[2023-03-26T22:15:57.680+0200] {logging_mixin.py:137} INFO - [2023-03-26T22:15:57.679+0200] {dag.py:3440} INFO - Setting next_dagrun for example_task_group to 2023-03-25T20:15:57.679775+00:00, run_after=2023-03-26T20:15:57.679775+00:00
[2023-03-26T22:15:57.774+0200] {processor.py:175} INFO - Processing /home/humbulani/miniconda3/envs/apache-airflow/lib/python3.8/site-packages/airflow/example_dags/example_task_group.py took 0.168 seconds
[2023-03-26T22:16:49.165+0200] {processor.py:153} INFO - Started process (PID=19840) to work on /home/humbulani/miniconda3/envs/apache-airflow/lib/python3.8/site-packages/airflow/example_dags/example_task_group.py
[2023-03-26T22:16:49.178+0200] {processor.py:743} INFO - Processing file /home/humbulani/miniconda3/envs/apache-airflow/lib/python3.8/site-packages/airflow/example_dags/example_task_group.py for tasks to queue
[2023-03-26T22:16:49.178+0200] {logging_mixin.py:137} INFO - [2023-03-26T22:16:49.178+0200] {dagbag.py:532} INFO - Filling up the DagBag from /home/humbulani/miniconda3/envs/apache-airflow/lib/python3.8/site-packages/airflow/example_dags/example_task_group.py
[2023-03-26T22:16:49.192+0200] {processor.py:753} INFO - DAG(s) dict_keys(['example_task_group']) retrieved from /home/humbulani/miniconda3/envs/apache-airflow/lib/python3.8/site-packages/airflow/example_dags/example_task_group.py
[2023-03-26T22:16:49.209+0200] {logging_mixin.py:137} INFO - [2023-03-26T22:16:49.209+0200] {dag.py:2693} INFO - Sync 1 DAGs
[2023-03-26T22:16:49.227+0200] {logging_mixin.py:137} INFO - [2023-03-26T22:16:49.227+0200] {dag.py:3440} INFO - Setting next_dagrun for example_task_group to 2023-03-25T20:16:49.227224+00:00, run_after=2023-03-26T20:16:49.227224+00:00
[2023-03-26T22:16:49.301+0200] {processor.py:175} INFO - Processing /home/humbulani/miniconda3/envs/apache-airflow/lib/python3.8/site-packages/airflow/example_dags/example_task_group.py took 0.139 seconds
[2023-03-26T22:17:34.777+0200] {processor.py:153} INFO - Started process (PID=19892) to work on /home/humbulani/miniconda3/envs/apache-airflow/lib/python3.8/site-packages/airflow/example_dags/example_task_group.py
[2023-03-26T22:17:34.791+0200] {processor.py:743} INFO - Processing file /home/humbulani/miniconda3/envs/apache-airflow/lib/python3.8/site-packages/airflow/example_dags/example_task_group.py for tasks to queue
[2023-03-26T22:17:34.791+0200] {logging_mixin.py:137} INFO - [2023-03-26T22:17:34.791+0200] {dagbag.py:532} INFO - Filling up the DagBag from /home/humbulani/miniconda3/envs/apache-airflow/lib/python3.8/site-packages/airflow/example_dags/example_task_group.py
[2023-03-26T22:17:34.805+0200] {processor.py:753} INFO - DAG(s) dict_keys(['example_task_group']) retrieved from /home/humbulani/miniconda3/envs/apache-airflow/lib/python3.8/site-packages/airflow/example_dags/example_task_group.py
[2023-03-26T22:17:34.823+0200] {logging_mixin.py:137} INFO - [2023-03-26T22:17:34.823+0200] {dag.py:2693} INFO - Sync 1 DAGs
[2023-03-26T22:17:34.841+0200] {logging_mixin.py:137} INFO - [2023-03-26T22:17:34.841+0200] {dag.py:3440} INFO - Setting next_dagrun for example_task_group to 2023-03-25T20:17:34.841615+00:00, run_after=2023-03-26T20:17:34.841615+00:00
[2023-03-26T22:17:34.916+0200] {processor.py:175} INFO - Processing /home/humbulani/miniconda3/envs/apache-airflow/lib/python3.8/site-packages/airflow/example_dags/example_task_group.py took 0.142 seconds
[2023-03-26T22:18:19.268+0200] {processor.py:153} INFO - Started process (PID=20000) to work on /home/humbulani/miniconda3/envs/apache-airflow/lib/python3.8/site-packages/airflow/example_dags/example_task_group.py
[2023-03-26T22:18:19.269+0200] {processor.py:743} INFO - Processing file /home/humbulani/miniconda3/envs/apache-airflow/lib/python3.8/site-packages/airflow/example_dags/example_task_group.py for tasks to queue
[2023-03-26T22:18:19.269+0200] {logging_mixin.py:137} INFO - [2023-03-26T22:18:19.269+0200] {dagbag.py:532} INFO - Filling up the DagBag from /home/humbulani/miniconda3/envs/apache-airflow/lib/python3.8/site-packages/airflow/example_dags/example_task_group.py
[2023-03-26T22:18:19.282+0200] {processor.py:753} INFO - DAG(s) dict_keys(['example_task_group']) retrieved from /home/humbulani/miniconda3/envs/apache-airflow/lib/python3.8/site-packages/airflow/example_dags/example_task_group.py
[2023-03-26T22:18:19.299+0200] {logging_mixin.py:137} INFO - [2023-03-26T22:18:19.299+0200] {dag.py:2693} INFO - Sync 1 DAGs
[2023-03-26T22:18:19.316+0200] {logging_mixin.py:137} INFO - [2023-03-26T22:18:19.316+0200] {dag.py:3440} INFO - Setting next_dagrun for example_task_group to 2023-03-25T20:18:19.315879+00:00, run_after=2023-03-26T20:18:19.315879+00:00
[2023-03-26T22:18:19.385+0200] {processor.py:175} INFO - Processing /home/humbulani/miniconda3/envs/apache-airflow/lib/python3.8/site-packages/airflow/example_dags/example_task_group.py took 0.120 seconds
[2023-03-26T22:19:02.674+0200] {processor.py:153} INFO - Started process (PID=20045) to work on /home/humbulani/miniconda3/envs/apache-airflow/lib/python3.8/site-packages/airflow/example_dags/example_task_group.py
[2023-03-26T22:19:02.675+0200] {processor.py:743} INFO - Processing file /home/humbulani/miniconda3/envs/apache-airflow/lib/python3.8/site-packages/airflow/example_dags/example_task_group.py for tasks to queue
[2023-03-26T22:19:02.675+0200] {logging_mixin.py:137} INFO - [2023-03-26T22:19:02.675+0200] {dagbag.py:532} INFO - Filling up the DagBag from /home/humbulani/miniconda3/envs/apache-airflow/lib/python3.8/site-packages/airflow/example_dags/example_task_group.py
[2023-03-26T22:19:02.689+0200] {processor.py:753} INFO - DAG(s) dict_keys(['example_task_group']) retrieved from /home/humbulani/miniconda3/envs/apache-airflow/lib/python3.8/site-packages/airflow/example_dags/example_task_group.py
[2023-03-26T22:19:02.706+0200] {logging_mixin.py:137} INFO - [2023-03-26T22:19:02.706+0200] {dag.py:2693} INFO - Sync 1 DAGs
[2023-03-26T22:19:02.722+0200] {logging_mixin.py:137} INFO - [2023-03-26T22:19:02.722+0200] {dag.py:3440} INFO - Setting next_dagrun for example_task_group to 2023-03-25T20:19:02.722552+00:00, run_after=2023-03-26T20:19:02.722552+00:00
[2023-03-26T22:19:02.806+0200] {processor.py:175} INFO - Processing /home/humbulani/miniconda3/envs/apache-airflow/lib/python3.8/site-packages/airflow/example_dags/example_task_group.py took 0.134 seconds
[2023-03-26T22:19:48.587+0200] {processor.py:153} INFO - Started process (PID=20154) to work on /home/humbulani/miniconda3/envs/apache-airflow/lib/python3.8/site-packages/airflow/example_dags/example_task_group.py
[2023-03-26T22:19:48.602+0200] {processor.py:743} INFO - Processing file /home/humbulani/miniconda3/envs/apache-airflow/lib/python3.8/site-packages/airflow/example_dags/example_task_group.py for tasks to queue
[2023-03-26T22:19:48.602+0200] {logging_mixin.py:137} INFO - [2023-03-26T22:19:48.602+0200] {dagbag.py:532} INFO - Filling up the DagBag from /home/humbulani/miniconda3/envs/apache-airflow/lib/python3.8/site-packages/airflow/example_dags/example_task_group.py
[2023-03-26T22:19:48.620+0200] {processor.py:753} INFO - DAG(s) dict_keys(['example_task_group']) retrieved from /home/humbulani/miniconda3/envs/apache-airflow/lib/python3.8/site-packages/airflow/example_dags/example_task_group.py
[2023-03-26T22:19:48.640+0200] {logging_mixin.py:137} INFO - [2023-03-26T22:19:48.640+0200] {dag.py:2693} INFO - Sync 1 DAGs
[2023-03-26T22:19:48.657+0200] {logging_mixin.py:137} INFO - [2023-03-26T22:19:48.657+0200] {dag.py:3440} INFO - Setting next_dagrun for example_task_group to 2023-03-25T20:19:48.657224+00:00, run_after=2023-03-26T20:19:48.657224+00:00
[2023-03-26T22:19:48.746+0200] {processor.py:175} INFO - Processing /home/humbulani/miniconda3/envs/apache-airflow/lib/python3.8/site-packages/airflow/example_dags/example_task_group.py took 0.162 seconds
[2023-03-26T22:20:32.812+0200] {processor.py:153} INFO - Started process (PID=20199) to work on /home/humbulani/miniconda3/envs/apache-airflow/lib/python3.8/site-packages/airflow/example_dags/example_task_group.py
[2023-03-26T22:20:32.813+0200] {processor.py:743} INFO - Processing file /home/humbulani/miniconda3/envs/apache-airflow/lib/python3.8/site-packages/airflow/example_dags/example_task_group.py for tasks to queue
[2023-03-26T22:20:32.813+0200] {logging_mixin.py:137} INFO - [2023-03-26T22:20:32.813+0200] {dagbag.py:532} INFO - Filling up the DagBag from /home/humbulani/miniconda3/envs/apache-airflow/lib/python3.8/site-packages/airflow/example_dags/example_task_group.py
[2023-03-26T22:20:32.827+0200] {processor.py:753} INFO - DAG(s) dict_keys(['example_task_group']) retrieved from /home/humbulani/miniconda3/envs/apache-airflow/lib/python3.8/site-packages/airflow/example_dags/example_task_group.py
[2023-03-26T22:20:32.844+0200] {logging_mixin.py:137} INFO - [2023-03-26T22:20:32.843+0200] {dag.py:2693} INFO - Sync 1 DAGs
[2023-03-26T22:20:32.867+0200] {logging_mixin.py:137} INFO - [2023-03-26T22:20:32.867+0200] {dag.py:3440} INFO - Setting next_dagrun for example_task_group to 2023-03-25T20:20:32.866846+00:00, run_after=2023-03-26T20:20:32.866846+00:00
[2023-03-26T22:20:32.939+0200] {processor.py:175} INFO - Processing /home/humbulani/miniconda3/envs/apache-airflow/lib/python3.8/site-packages/airflow/example_dags/example_task_group.py took 0.130 seconds
[2023-03-26T22:21:19.240+0200] {processor.py:153} INFO - Started process (PID=20289) to work on /home/humbulani/miniconda3/envs/apache-airflow/lib/python3.8/site-packages/airflow/example_dags/example_task_group.py
[2023-03-26T22:21:19.241+0200] {processor.py:743} INFO - Processing file /home/humbulani/miniconda3/envs/apache-airflow/lib/python3.8/site-packages/airflow/example_dags/example_task_group.py for tasks to queue
[2023-03-26T22:21:19.242+0200] {logging_mixin.py:137} INFO - [2023-03-26T22:21:19.242+0200] {dagbag.py:532} INFO - Filling up the DagBag from /home/humbulani/miniconda3/envs/apache-airflow/lib/python3.8/site-packages/airflow/example_dags/example_task_group.py
[2023-03-26T22:21:19.258+0200] {processor.py:753} INFO - DAG(s) dict_keys(['example_task_group']) retrieved from /home/humbulani/miniconda3/envs/apache-airflow/lib/python3.8/site-packages/airflow/example_dags/example_task_group.py
[2023-03-26T22:21:19.275+0200] {logging_mixin.py:137} INFO - [2023-03-26T22:21:19.275+0200] {dag.py:2693} INFO - Sync 1 DAGs
[2023-03-26T22:21:19.293+0200] {logging_mixin.py:137} INFO - [2023-03-26T22:21:19.292+0200] {dag.py:3440} INFO - Setting next_dagrun for example_task_group to 2023-03-25T20:21:19.292654+00:00, run_after=2023-03-26T20:21:19.292654+00:00
[2023-03-26T22:21:19.369+0200] {processor.py:175} INFO - Processing /home/humbulani/miniconda3/envs/apache-airflow/lib/python3.8/site-packages/airflow/example_dags/example_task_group.py took 0.131 seconds
[2023-03-26T22:22:03.008+0200] {processor.py:153} INFO - Started process (PID=20333) to work on /home/humbulani/miniconda3/envs/apache-airflow/lib/python3.8/site-packages/airflow/example_dags/example_task_group.py
[2023-03-26T22:22:03.009+0200] {processor.py:743} INFO - Processing file /home/humbulani/miniconda3/envs/apache-airflow/lib/python3.8/site-packages/airflow/example_dags/example_task_group.py for tasks to queue
[2023-03-26T22:22:03.009+0200] {logging_mixin.py:137} INFO - [2023-03-26T22:22:03.009+0200] {dagbag.py:532} INFO - Filling up the DagBag from /home/humbulani/miniconda3/envs/apache-airflow/lib/python3.8/site-packages/airflow/example_dags/example_task_group.py
[2023-03-26T22:22:03.026+0200] {processor.py:753} INFO - DAG(s) dict_keys(['example_task_group']) retrieved from /home/humbulani/miniconda3/envs/apache-airflow/lib/python3.8/site-packages/airflow/example_dags/example_task_group.py
[2023-03-26T22:22:03.044+0200] {logging_mixin.py:137} INFO - [2023-03-26T22:22:03.044+0200] {dag.py:2693} INFO - Sync 1 DAGs
[2023-03-26T22:22:03.062+0200] {logging_mixin.py:137} INFO - [2023-03-26T22:22:03.061+0200] {dag.py:3440} INFO - Setting next_dagrun for example_task_group to 2023-03-25T20:22:03.061692+00:00, run_after=2023-03-26T20:22:03.061692+00:00
[2023-03-26T22:22:03.139+0200] {processor.py:175} INFO - Processing /home/humbulani/miniconda3/envs/apache-airflow/lib/python3.8/site-packages/airflow/example_dags/example_task_group.py took 0.135 seconds
[2023-03-26T22:22:49.102+0200] {processor.py:153} INFO - Started process (PID=20376) to work on /home/humbulani/miniconda3/envs/apache-airflow/lib/python3.8/site-packages/airflow/example_dags/example_task_group.py
[2023-03-26T22:22:49.118+0200] {processor.py:743} INFO - Processing file /home/humbulani/miniconda3/envs/apache-airflow/lib/python3.8/site-packages/airflow/example_dags/example_task_group.py for tasks to queue
[2023-03-26T22:22:49.119+0200] {logging_mixin.py:137} INFO - [2023-03-26T22:22:49.119+0200] {dagbag.py:532} INFO - Filling up the DagBag from /home/humbulani/miniconda3/envs/apache-airflow/lib/python3.8/site-packages/airflow/example_dags/example_task_group.py
[2023-03-26T22:22:49.133+0200] {processor.py:753} INFO - DAG(s) dict_keys(['example_task_group']) retrieved from /home/humbulani/miniconda3/envs/apache-airflow/lib/python3.8/site-packages/airflow/example_dags/example_task_group.py
[2023-03-26T22:22:49.149+0200] {logging_mixin.py:137} INFO - [2023-03-26T22:22:49.149+0200] {dag.py:2693} INFO - Sync 1 DAGs
[2023-03-26T22:22:49.166+0200] {logging_mixin.py:137} INFO - [2023-03-26T22:22:49.166+0200] {dag.py:3440} INFO - Setting next_dagrun for example_task_group to 2023-03-25T20:22:49.166039+00:00, run_after=2023-03-26T20:22:49.166039+00:00
[2023-03-26T22:22:49.235+0200] {processor.py:175} INFO - Processing /home/humbulani/miniconda3/envs/apache-airflow/lib/python3.8/site-packages/airflow/example_dags/example_task_group.py took 0.135 seconds
