[2023-03-26T21:39:22.287+0200] {processor.py:153} INFO - Started process (PID=16642) to work on /home/humbulani/miniconda3/envs/apache-airflow/lib/python3.8/site-packages/airflow/example_dags/example_latest_only_with_trigger.py
[2023-03-26T21:39:22.288+0200] {processor.py:743} INFO - Processing file /home/humbulani/miniconda3/envs/apache-airflow/lib/python3.8/site-packages/airflow/example_dags/example_latest_only_with_trigger.py for tasks to queue
[2023-03-26T21:39:22.288+0200] {logging_mixin.py:137} INFO - [2023-03-26T21:39:22.288+0200] {dagbag.py:532} INFO - Filling up the DagBag from /home/humbulani/miniconda3/envs/apache-airflow/lib/python3.8/site-packages/airflow/example_dags/example_latest_only_with_trigger.py
[2023-03-26T21:39:22.304+0200] {processor.py:753} INFO - DAG(s) dict_keys(['latest_only_with_trigger']) retrieved from /home/humbulani/miniconda3/envs/apache-airflow/lib/python3.8/site-packages/airflow/example_dags/example_latest_only_with_trigger.py
[2023-03-26T21:39:22.507+0200] {logging_mixin.py:137} INFO - [2023-03-26T21:39:22.507+0200] {manager.py:504} INFO - Created Permission View: can edit on DAG:latest_only_with_trigger
[2023-03-26T21:39:22.565+0200] {logging_mixin.py:137} INFO - [2023-03-26T21:39:22.565+0200] {manager.py:504} INFO - Created Permission View: can read on DAG:latest_only_with_trigger
[2023-03-26T21:39:22.624+0200] {logging_mixin.py:137} INFO - [2023-03-26T21:39:22.623+0200] {manager.py:504} INFO - Created Permission View: can delete on DAG:latest_only_with_trigger
[2023-03-26T21:39:22.624+0200] {logging_mixin.py:137} INFO - [2023-03-26T21:39:22.624+0200] {dag.py:2693} INFO - Sync 1 DAGs
[2023-03-26T21:39:22.633+0200] {logging_mixin.py:137} INFO - [2023-03-26T21:39:22.633+0200] {dag.py:2714} INFO - Creating ORM DAG for latest_only_with_trigger
[2023-03-26T21:39:22.641+0200] {logging_mixin.py:137} INFO - [2023-03-26T21:39:22.641+0200] {dag.py:3440} INFO - Setting next_dagrun for latest_only_with_trigger to 2023-03-26T15:39:22.640901+00:00, run_after=2023-03-26T19:39:22.640901+00:00
[2023-03-26T21:39:22.747+0200] {processor.py:175} INFO - Processing /home/humbulani/miniconda3/envs/apache-airflow/lib/python3.8/site-packages/airflow/example_dags/example_latest_only_with_trigger.py took 0.462 seconds
[2023-03-26T21:40:21.988+0200] {processor.py:153} INFO - Started process (PID=16732) to work on /home/humbulani/miniconda3/envs/apache-airflow/lib/python3.8/site-packages/airflow/example_dags/example_latest_only_with_trigger.py
[2023-03-26T21:40:21.988+0200] {processor.py:743} INFO - Processing file /home/humbulani/miniconda3/envs/apache-airflow/lib/python3.8/site-packages/airflow/example_dags/example_latest_only_with_trigger.py for tasks to queue
[2023-03-26T21:40:21.989+0200] {logging_mixin.py:137} INFO - [2023-03-26T21:40:21.989+0200] {dagbag.py:532} INFO - Filling up the DagBag from /home/humbulani/miniconda3/envs/apache-airflow/lib/python3.8/site-packages/airflow/example_dags/example_latest_only_with_trigger.py
[2023-03-26T21:40:22.003+0200] {processor.py:753} INFO - DAG(s) dict_keys(['latest_only_with_trigger']) retrieved from /home/humbulani/miniconda3/envs/apache-airflow/lib/python3.8/site-packages/airflow/example_dags/example_latest_only_with_trigger.py
[2023-03-26T21:40:22.019+0200] {logging_mixin.py:137} INFO - [2023-03-26T21:40:22.019+0200] {dag.py:2693} INFO - Sync 1 DAGs
[2023-03-26T21:40:22.037+0200] {logging_mixin.py:137} INFO - [2023-03-26T21:40:22.037+0200] {dag.py:3440} INFO - Setting next_dagrun for latest_only_with_trigger to 2023-03-26T15:40:22.037210+00:00, run_after=2023-03-26T19:40:22.037210+00:00
[2023-03-26T21:40:22.160+0200] {processor.py:175} INFO - Processing /home/humbulani/miniconda3/envs/apache-airflow/lib/python3.8/site-packages/airflow/example_dags/example_latest_only_with_trigger.py took 0.174 seconds
[2023-03-26T21:47:56.484+0200] {processor.py:153} INFO - Started process (PID=16837) to work on /home/humbulani/miniconda3/envs/apache-airflow/lib/python3.8/site-packages/airflow/example_dags/example_latest_only_with_trigger.py
[2023-03-26T21:47:56.518+0200] {processor.py:743} INFO - Processing file /home/humbulani/miniconda3/envs/apache-airflow/lib/python3.8/site-packages/airflow/example_dags/example_latest_only_with_trigger.py for tasks to queue
[2023-03-26T21:47:56.519+0200] {logging_mixin.py:137} INFO - [2023-03-26T21:47:56.519+0200] {dagbag.py:532} INFO - Filling up the DagBag from /home/humbulani/miniconda3/envs/apache-airflow/lib/python3.8/site-packages/airflow/example_dags/example_latest_only_with_trigger.py
[2023-03-26T21:47:56.531+0200] {processor.py:753} INFO - DAG(s) dict_keys(['latest_only_with_trigger']) retrieved from /home/humbulani/miniconda3/envs/apache-airflow/lib/python3.8/site-packages/airflow/example_dags/example_latest_only_with_trigger.py
[2023-03-26T21:47:56.548+0200] {logging_mixin.py:137} INFO - [2023-03-26T21:47:56.548+0200] {dag.py:2693} INFO - Sync 1 DAGs
[2023-03-26T21:47:56.567+0200] {logging_mixin.py:137} INFO - [2023-03-26T21:47:56.567+0200] {dag.py:3440} INFO - Setting next_dagrun for latest_only_with_trigger to 2023-03-26T15:47:56.567497+00:00, run_after=2023-03-26T19:47:56.567497+00:00
[2023-03-26T21:47:56.650+0200] {processor.py:175} INFO - Processing /home/humbulani/miniconda3/envs/apache-airflow/lib/python3.8/site-packages/airflow/example_dags/example_latest_only_with_trigger.py took 0.168 seconds
[2023-03-26T21:48:44.820+0200] {processor.py:153} INFO - Started process (PID=16917) to work on /home/humbulani/miniconda3/envs/apache-airflow/lib/python3.8/site-packages/airflow/example_dags/example_latest_only_with_trigger.py
[2023-03-26T21:48:44.836+0200] {processor.py:743} INFO - Processing file /home/humbulani/miniconda3/envs/apache-airflow/lib/python3.8/site-packages/airflow/example_dags/example_latest_only_with_trigger.py for tasks to queue
[2023-03-26T21:48:44.837+0200] {logging_mixin.py:137} INFO - [2023-03-26T21:48:44.837+0200] {dagbag.py:532} INFO - Filling up the DagBag from /home/humbulani/miniconda3/envs/apache-airflow/lib/python3.8/site-packages/airflow/example_dags/example_latest_only_with_trigger.py
[2023-03-26T21:48:44.851+0200] {processor.py:753} INFO - DAG(s) dict_keys(['latest_only_with_trigger']) retrieved from /home/humbulani/miniconda3/envs/apache-airflow/lib/python3.8/site-packages/airflow/example_dags/example_latest_only_with_trigger.py
[2023-03-26T21:48:44.867+0200] {logging_mixin.py:137} INFO - [2023-03-26T21:48:44.867+0200] {dag.py:2693} INFO - Sync 1 DAGs
[2023-03-26T21:48:44.885+0200] {logging_mixin.py:137} INFO - [2023-03-26T21:48:44.885+0200] {dag.py:3440} INFO - Setting next_dagrun for latest_only_with_trigger to 2023-03-26T15:48:44.885451+00:00, run_after=2023-03-26T19:48:44.885451+00:00
[2023-03-26T21:48:44.960+0200] {processor.py:175} INFO - Processing /home/humbulani/miniconda3/envs/apache-airflow/lib/python3.8/site-packages/airflow/example_dags/example_latest_only_with_trigger.py took 0.143 seconds
[2023-03-26T21:49:35.141+0200] {processor.py:153} INFO - Started process (PID=16959) to work on /home/humbulani/miniconda3/envs/apache-airflow/lib/python3.8/site-packages/airflow/example_dags/example_latest_only_with_trigger.py
[2023-03-26T21:49:35.164+0200] {processor.py:743} INFO - Processing file /home/humbulani/miniconda3/envs/apache-airflow/lib/python3.8/site-packages/airflow/example_dags/example_latest_only_with_trigger.py for tasks to queue
[2023-03-26T21:49:35.165+0200] {logging_mixin.py:137} INFO - [2023-03-26T21:49:35.165+0200] {dagbag.py:532} INFO - Filling up the DagBag from /home/humbulani/miniconda3/envs/apache-airflow/lib/python3.8/site-packages/airflow/example_dags/example_latest_only_with_trigger.py
[2023-03-26T21:49:35.177+0200] {processor.py:753} INFO - DAG(s) dict_keys(['latest_only_with_trigger']) retrieved from /home/humbulani/miniconda3/envs/apache-airflow/lib/python3.8/site-packages/airflow/example_dags/example_latest_only_with_trigger.py
[2023-03-26T21:49:35.193+0200] {logging_mixin.py:137} INFO - [2023-03-26T21:49:35.193+0200] {dag.py:2693} INFO - Sync 1 DAGs
[2023-03-26T21:49:35.211+0200] {logging_mixin.py:137} INFO - [2023-03-26T21:49:35.211+0200] {dag.py:3440} INFO - Setting next_dagrun for latest_only_with_trigger to 2023-03-26T15:49:35.211510+00:00, run_after=2023-03-26T19:49:35.211510+00:00
[2023-03-26T21:49:35.288+0200] {processor.py:175} INFO - Processing /home/humbulani/miniconda3/envs/apache-airflow/lib/python3.8/site-packages/airflow/example_dags/example_latest_only_with_trigger.py took 0.149 seconds
[2023-03-26T21:50:19.887+0200] {processor.py:153} INFO - Started process (PID=17004) to work on /home/humbulani/miniconda3/envs/apache-airflow/lib/python3.8/site-packages/airflow/example_dags/example_latest_only_with_trigger.py
[2023-03-26T21:50:19.924+0200] {processor.py:743} INFO - Processing file /home/humbulani/miniconda3/envs/apache-airflow/lib/python3.8/site-packages/airflow/example_dags/example_latest_only_with_trigger.py for tasks to queue
[2023-03-26T21:50:19.924+0200] {logging_mixin.py:137} INFO - [2023-03-26T21:50:19.924+0200] {dagbag.py:532} INFO - Filling up the DagBag from /home/humbulani/miniconda3/envs/apache-airflow/lib/python3.8/site-packages/airflow/example_dags/example_latest_only_with_trigger.py
[2023-03-26T21:50:19.938+0200] {processor.py:753} INFO - DAG(s) dict_keys(['latest_only_with_trigger']) retrieved from /home/humbulani/miniconda3/envs/apache-airflow/lib/python3.8/site-packages/airflow/example_dags/example_latest_only_with_trigger.py
[2023-03-26T21:50:19.960+0200] {logging_mixin.py:137} INFO - [2023-03-26T21:50:19.960+0200] {dag.py:2693} INFO - Sync 1 DAGs
[2023-03-26T21:50:19.977+0200] {logging_mixin.py:137} INFO - [2023-03-26T21:50:19.977+0200] {dag.py:3440} INFO - Setting next_dagrun for latest_only_with_trigger to 2023-03-26T15:50:19.977044+00:00, run_after=2023-03-26T19:50:19.977044+00:00
[2023-03-26T21:50:20.058+0200] {processor.py:175} INFO - Processing /home/humbulani/miniconda3/envs/apache-airflow/lib/python3.8/site-packages/airflow/example_dags/example_latest_only_with_trigger.py took 0.173 seconds
[2023-03-26T21:51:05.226+0200] {processor.py:153} INFO - Started process (PID=17093) to work on /home/humbulani/miniconda3/envs/apache-airflow/lib/python3.8/site-packages/airflow/example_dags/example_latest_only_with_trigger.py
[2023-03-26T21:51:05.235+0200] {processor.py:743} INFO - Processing file /home/humbulani/miniconda3/envs/apache-airflow/lib/python3.8/site-packages/airflow/example_dags/example_latest_only_with_trigger.py for tasks to queue
[2023-03-26T21:51:05.236+0200] {logging_mixin.py:137} INFO - [2023-03-26T21:51:05.235+0200] {dagbag.py:532} INFO - Filling up the DagBag from /home/humbulani/miniconda3/envs/apache-airflow/lib/python3.8/site-packages/airflow/example_dags/example_latest_only_with_trigger.py
[2023-03-26T21:51:05.248+0200] {processor.py:753} INFO - DAG(s) dict_keys(['latest_only_with_trigger']) retrieved from /home/humbulani/miniconda3/envs/apache-airflow/lib/python3.8/site-packages/airflow/example_dags/example_latest_only_with_trigger.py
[2023-03-26T21:51:05.266+0200] {logging_mixin.py:137} INFO - [2023-03-26T21:51:05.266+0200] {dag.py:2693} INFO - Sync 1 DAGs
[2023-03-26T21:51:05.285+0200] {logging_mixin.py:137} INFO - [2023-03-26T21:51:05.285+0200] {dag.py:3440} INFO - Setting next_dagrun for latest_only_with_trigger to 2023-03-26T15:51:05.284889+00:00, run_after=2023-03-26T19:51:05.284889+00:00
[2023-03-26T21:51:05.369+0200] {processor.py:175} INFO - Processing /home/humbulani/miniconda3/envs/apache-airflow/lib/python3.8/site-packages/airflow/example_dags/example_latest_only_with_trigger.py took 0.145 seconds
[2023-03-26T21:51:49.488+0200] {processor.py:153} INFO - Started process (PID=17163) to work on /home/humbulani/miniconda3/envs/apache-airflow/lib/python3.8/site-packages/airflow/example_dags/example_latest_only_with_trigger.py
[2023-03-26T21:51:49.521+0200] {processor.py:743} INFO - Processing file /home/humbulani/miniconda3/envs/apache-airflow/lib/python3.8/site-packages/airflow/example_dags/example_latest_only_with_trigger.py for tasks to queue
[2023-03-26T21:51:49.521+0200] {logging_mixin.py:137} INFO - [2023-03-26T21:51:49.521+0200] {dagbag.py:532} INFO - Filling up the DagBag from /home/humbulani/miniconda3/envs/apache-airflow/lib/python3.8/site-packages/airflow/example_dags/example_latest_only_with_trigger.py
[2023-03-26T21:51:49.537+0200] {processor.py:753} INFO - DAG(s) dict_keys(['latest_only_with_trigger']) retrieved from /home/humbulani/miniconda3/envs/apache-airflow/lib/python3.8/site-packages/airflow/example_dags/example_latest_only_with_trigger.py
[2023-03-26T21:51:49.558+0200] {logging_mixin.py:137} INFO - [2023-03-26T21:51:49.558+0200] {dag.py:2693} INFO - Sync 1 DAGs
[2023-03-26T21:51:49.576+0200] {logging_mixin.py:137} INFO - [2023-03-26T21:51:49.576+0200] {dag.py:3440} INFO - Setting next_dagrun for latest_only_with_trigger to 2023-03-26T15:51:49.576016+00:00, run_after=2023-03-26T19:51:49.576016+00:00
[2023-03-26T21:51:49.655+0200] {processor.py:175} INFO - Processing /home/humbulani/miniconda3/envs/apache-airflow/lib/python3.8/site-packages/airflow/example_dags/example_latest_only_with_trigger.py took 0.170 seconds
[2023-03-26T21:52:39.347+0200] {processor.py:153} INFO - Started process (PID=17206) to work on /home/humbulani/miniconda3/envs/apache-airflow/lib/python3.8/site-packages/airflow/example_dags/example_latest_only_with_trigger.py
[2023-03-26T21:52:39.348+0200] {processor.py:743} INFO - Processing file /home/humbulani/miniconda3/envs/apache-airflow/lib/python3.8/site-packages/airflow/example_dags/example_latest_only_with_trigger.py for tasks to queue
[2023-03-26T21:52:39.349+0200] {logging_mixin.py:137} INFO - [2023-03-26T21:52:39.349+0200] {dagbag.py:532} INFO - Filling up the DagBag from /home/humbulani/miniconda3/envs/apache-airflow/lib/python3.8/site-packages/airflow/example_dags/example_latest_only_with_trigger.py
[2023-03-26T21:52:39.364+0200] {processor.py:753} INFO - DAG(s) dict_keys(['latest_only_with_trigger']) retrieved from /home/humbulani/miniconda3/envs/apache-airflow/lib/python3.8/site-packages/airflow/example_dags/example_latest_only_with_trigger.py
[2023-03-26T21:52:39.381+0200] {logging_mixin.py:137} INFO - [2023-03-26T21:52:39.381+0200] {dag.py:2693} INFO - Sync 1 DAGs
[2023-03-26T21:52:39.398+0200] {logging_mixin.py:137} INFO - [2023-03-26T21:52:39.397+0200] {dag.py:3440} INFO - Setting next_dagrun for latest_only_with_trigger to 2023-03-26T15:52:39.397670+00:00, run_after=2023-03-26T19:52:39.397670+00:00
[2023-03-26T21:52:39.592+0200] {processor.py:175} INFO - Processing /home/humbulani/miniconda3/envs/apache-airflow/lib/python3.8/site-packages/airflow/example_dags/example_latest_only_with_trigger.py took 0.247 seconds
[2023-03-26T21:53:27.815+0200] {processor.py:153} INFO - Started process (PID=17261) to work on /home/humbulani/miniconda3/envs/apache-airflow/lib/python3.8/site-packages/airflow/example_dags/example_latest_only_with_trigger.py
[2023-03-26T21:53:27.827+0200] {processor.py:743} INFO - Processing file /home/humbulani/miniconda3/envs/apache-airflow/lib/python3.8/site-packages/airflow/example_dags/example_latest_only_with_trigger.py for tasks to queue
[2023-03-26T21:53:27.827+0200] {logging_mixin.py:137} INFO - [2023-03-26T21:53:27.827+0200] {dagbag.py:532} INFO - Filling up the DagBag from /home/humbulani/miniconda3/envs/apache-airflow/lib/python3.8/site-packages/airflow/example_dags/example_latest_only_with_trigger.py
[2023-03-26T21:53:27.841+0200] {processor.py:753} INFO - DAG(s) dict_keys(['latest_only_with_trigger']) retrieved from /home/humbulani/miniconda3/envs/apache-airflow/lib/python3.8/site-packages/airflow/example_dags/example_latest_only_with_trigger.py
[2023-03-26T21:53:27.858+0200] {logging_mixin.py:137} INFO - [2023-03-26T21:53:27.858+0200] {dag.py:2693} INFO - Sync 1 DAGs
[2023-03-26T21:53:27.955+0200] {logging_mixin.py:137} INFO - [2023-03-26T21:53:27.955+0200] {dag.py:3440} INFO - Setting next_dagrun for latest_only_with_trigger to 2023-03-26T15:53:27.955185+00:00, run_after=2023-03-26T19:53:27.955185+00:00
[2023-03-26T21:53:28.076+0200] {processor.py:175} INFO - Processing /home/humbulani/miniconda3/envs/apache-airflow/lib/python3.8/site-packages/airflow/example_dags/example_latest_only_with_trigger.py took 0.264 seconds
[2023-03-26T21:54:17.637+0200] {processor.py:153} INFO - Started process (PID=17308) to work on /home/humbulani/miniconda3/envs/apache-airflow/lib/python3.8/site-packages/airflow/example_dags/example_latest_only_with_trigger.py
[2023-03-26T21:54:17.672+0200] {processor.py:743} INFO - Processing file /home/humbulani/miniconda3/envs/apache-airflow/lib/python3.8/site-packages/airflow/example_dags/example_latest_only_with_trigger.py for tasks to queue
[2023-03-26T21:54:17.672+0200] {logging_mixin.py:137} INFO - [2023-03-26T21:54:17.672+0200] {dagbag.py:532} INFO - Filling up the DagBag from /home/humbulani/miniconda3/envs/apache-airflow/lib/python3.8/site-packages/airflow/example_dags/example_latest_only_with_trigger.py
[2023-03-26T21:54:17.688+0200] {processor.py:753} INFO - DAG(s) dict_keys(['latest_only_with_trigger']) retrieved from /home/humbulani/miniconda3/envs/apache-airflow/lib/python3.8/site-packages/airflow/example_dags/example_latest_only_with_trigger.py
[2023-03-26T21:54:17.793+0200] {logging_mixin.py:137} INFO - [2023-03-26T21:54:17.793+0200] {dag.py:2693} INFO - Sync 1 DAGs
[2023-03-26T21:54:17.808+0200] {logging_mixin.py:137} INFO - [2023-03-26T21:54:17.808+0200] {dag.py:3440} INFO - Setting next_dagrun for latest_only_with_trigger to 2023-03-26T15:54:17.808148+00:00, run_after=2023-03-26T19:54:17.808148+00:00
[2023-03-26T21:54:17.888+0200] {processor.py:175} INFO - Processing /home/humbulani/miniconda3/envs/apache-airflow/lib/python3.8/site-packages/airflow/example_dags/example_latest_only_with_trigger.py took 0.253 seconds
[2023-03-26T21:55:06.286+0200] {processor.py:153} INFO - Started process (PID=17352) to work on /home/humbulani/miniconda3/envs/apache-airflow/lib/python3.8/site-packages/airflow/example_dags/example_latest_only_with_trigger.py
[2023-03-26T21:55:06.298+0200] {processor.py:743} INFO - Processing file /home/humbulani/miniconda3/envs/apache-airflow/lib/python3.8/site-packages/airflow/example_dags/example_latest_only_with_trigger.py for tasks to queue
[2023-03-26T21:55:06.298+0200] {logging_mixin.py:137} INFO - [2023-03-26T21:55:06.298+0200] {dagbag.py:532} INFO - Filling up the DagBag from /home/humbulani/miniconda3/envs/apache-airflow/lib/python3.8/site-packages/airflow/example_dags/example_latest_only_with_trigger.py
[2023-03-26T21:55:06.311+0200] {processor.py:753} INFO - DAG(s) dict_keys(['latest_only_with_trigger']) retrieved from /home/humbulani/miniconda3/envs/apache-airflow/lib/python3.8/site-packages/airflow/example_dags/example_latest_only_with_trigger.py
[2023-03-26T21:55:06.407+0200] {logging_mixin.py:137} INFO - [2023-03-26T21:55:06.407+0200] {dag.py:2693} INFO - Sync 1 DAGs
[2023-03-26T21:55:06.422+0200] {logging_mixin.py:137} INFO - [2023-03-26T21:55:06.422+0200] {dag.py:3440} INFO - Setting next_dagrun for latest_only_with_trigger to 2023-03-26T15:55:06.422341+00:00, run_after=2023-03-26T19:55:06.422341+00:00
[2023-03-26T21:55:06.491+0200] {processor.py:175} INFO - Processing /home/humbulani/miniconda3/envs/apache-airflow/lib/python3.8/site-packages/airflow/example_dags/example_latest_only_with_trigger.py took 0.207 seconds
[2023-03-26T21:55:57.482+0200] {processor.py:153} INFO - Started process (PID=17440) to work on /home/humbulani/miniconda3/envs/apache-airflow/lib/python3.8/site-packages/airflow/example_dags/example_latest_only_with_trigger.py
[2023-03-26T21:55:57.501+0200] {processor.py:743} INFO - Processing file /home/humbulani/miniconda3/envs/apache-airflow/lib/python3.8/site-packages/airflow/example_dags/example_latest_only_with_trigger.py for tasks to queue
[2023-03-26T21:55:57.502+0200] {logging_mixin.py:137} INFO - [2023-03-26T21:55:57.502+0200] {dagbag.py:532} INFO - Filling up the DagBag from /home/humbulani/miniconda3/envs/apache-airflow/lib/python3.8/site-packages/airflow/example_dags/example_latest_only_with_trigger.py
[2023-03-26T21:55:57.602+0200] {processor.py:753} INFO - DAG(s) dict_keys(['latest_only_with_trigger']) retrieved from /home/humbulani/miniconda3/envs/apache-airflow/lib/python3.8/site-packages/airflow/example_dags/example_latest_only_with_trigger.py
[2023-03-26T21:55:57.628+0200] {logging_mixin.py:137} INFO - [2023-03-26T21:55:57.628+0200] {dag.py:2693} INFO - Sync 1 DAGs
[2023-03-26T21:55:57.658+0200] {logging_mixin.py:137} INFO - [2023-03-26T21:55:57.658+0200] {dag.py:3440} INFO - Setting next_dagrun for latest_only_with_trigger to 2023-03-26T15:55:57.657907+00:00, run_after=2023-03-26T19:55:57.657907+00:00
[2023-03-26T21:55:57.764+0200] {processor.py:175} INFO - Processing /home/humbulani/miniconda3/envs/apache-airflow/lib/python3.8/site-packages/airflow/example_dags/example_latest_only_with_trigger.py took 0.284 seconds
[2023-03-26T21:56:42.778+0200] {processor.py:153} INFO - Started process (PID=17496) to work on /home/humbulani/miniconda3/envs/apache-airflow/lib/python3.8/site-packages/airflow/example_dags/example_latest_only_with_trigger.py
[2023-03-26T21:56:42.791+0200] {processor.py:743} INFO - Processing file /home/humbulani/miniconda3/envs/apache-airflow/lib/python3.8/site-packages/airflow/example_dags/example_latest_only_with_trigger.py for tasks to queue
[2023-03-26T21:56:42.791+0200] {logging_mixin.py:137} INFO - [2023-03-26T21:56:42.791+0200] {dagbag.py:532} INFO - Filling up the DagBag from /home/humbulani/miniconda3/envs/apache-airflow/lib/python3.8/site-packages/airflow/example_dags/example_latest_only_with_trigger.py
[2023-03-26T21:56:42.803+0200] {processor.py:753} INFO - DAG(s) dict_keys(['latest_only_with_trigger']) retrieved from /home/humbulani/miniconda3/envs/apache-airflow/lib/python3.8/site-packages/airflow/example_dags/example_latest_only_with_trigger.py
[2023-03-26T21:56:42.820+0200] {logging_mixin.py:137} INFO - [2023-03-26T21:56:42.820+0200] {dag.py:2693} INFO - Sync 1 DAGs
[2023-03-26T21:56:42.838+0200] {logging_mixin.py:137} INFO - [2023-03-26T21:56:42.838+0200] {dag.py:3440} INFO - Setting next_dagrun for latest_only_with_trigger to 2023-03-26T15:56:42.838263+00:00, run_after=2023-03-26T19:56:42.838263+00:00
[2023-03-26T21:56:42.916+0200] {processor.py:175} INFO - Processing /home/humbulani/miniconda3/envs/apache-airflow/lib/python3.8/site-packages/airflow/example_dags/example_latest_only_with_trigger.py took 0.141 seconds
[2023-03-26T21:57:25.814+0200] {processor.py:153} INFO - Started process (PID=17606) to work on /home/humbulani/miniconda3/envs/apache-airflow/lib/python3.8/site-packages/airflow/example_dags/example_latest_only_with_trigger.py
[2023-03-26T21:57:25.827+0200] {processor.py:743} INFO - Processing file /home/humbulani/miniconda3/envs/apache-airflow/lib/python3.8/site-packages/airflow/example_dags/example_latest_only_with_trigger.py for tasks to queue
[2023-03-26T21:57:25.828+0200] {logging_mixin.py:137} INFO - [2023-03-26T21:57:25.827+0200] {dagbag.py:532} INFO - Filling up the DagBag from /home/humbulani/miniconda3/envs/apache-airflow/lib/python3.8/site-packages/airflow/example_dags/example_latest_only_with_trigger.py
[2023-03-26T21:57:25.841+0200] {processor.py:753} INFO - DAG(s) dict_keys(['latest_only_with_trigger']) retrieved from /home/humbulani/miniconda3/envs/apache-airflow/lib/python3.8/site-packages/airflow/example_dags/example_latest_only_with_trigger.py
[2023-03-26T21:57:25.860+0200] {logging_mixin.py:137} INFO - [2023-03-26T21:57:25.860+0200] {dag.py:2693} INFO - Sync 1 DAGs
[2023-03-26T21:57:25.892+0200] {logging_mixin.py:137} INFO - [2023-03-26T21:57:25.892+0200] {dag.py:3440} INFO - Setting next_dagrun for latest_only_with_trigger to 2023-03-26T15:57:25.892262+00:00, run_after=2023-03-26T19:57:25.892262+00:00
[2023-03-26T21:57:26.033+0200] {processor.py:175} INFO - Processing /home/humbulani/miniconda3/envs/apache-airflow/lib/python3.8/site-packages/airflow/example_dags/example_latest_only_with_trigger.py took 0.221 seconds
[2023-03-26T21:58:11.593+0200] {processor.py:153} INFO - Started process (PID=17837) to work on /home/humbulani/miniconda3/envs/apache-airflow/lib/python3.8/site-packages/airflow/example_dags/example_latest_only_with_trigger.py
[2023-03-26T21:58:11.639+0200] {processor.py:743} INFO - Processing file /home/humbulani/miniconda3/envs/apache-airflow/lib/python3.8/site-packages/airflow/example_dags/example_latest_only_with_trigger.py for tasks to queue
[2023-03-26T21:58:11.639+0200] {logging_mixin.py:137} INFO - [2023-03-26T21:58:11.639+0200] {dagbag.py:532} INFO - Filling up the DagBag from /home/humbulani/miniconda3/envs/apache-airflow/lib/python3.8/site-packages/airflow/example_dags/example_latest_only_with_trigger.py
[2023-03-26T21:58:11.654+0200] {processor.py:753} INFO - DAG(s) dict_keys(['latest_only_with_trigger']) retrieved from /home/humbulani/miniconda3/envs/apache-airflow/lib/python3.8/site-packages/airflow/example_dags/example_latest_only_with_trigger.py
[2023-03-26T21:58:11.672+0200] {logging_mixin.py:137} INFO - [2023-03-26T21:58:11.672+0200] {dag.py:2693} INFO - Sync 1 DAGs
[2023-03-26T21:58:11.695+0200] {logging_mixin.py:137} INFO - [2023-03-26T21:58:11.695+0200] {dag.py:3440} INFO - Setting next_dagrun for latest_only_with_trigger to 2023-03-26T15:58:11.694758+00:00, run_after=2023-03-26T19:58:11.694758+00:00
[2023-03-26T21:58:11.771+0200] {processor.py:175} INFO - Processing /home/humbulani/miniconda3/envs/apache-airflow/lib/python3.8/site-packages/airflow/example_dags/example_latest_only_with_trigger.py took 0.180 seconds
[2023-03-26T21:58:58.875+0200] {processor.py:153} INFO - Started process (PID=17907) to work on /home/humbulani/miniconda3/envs/apache-airflow/lib/python3.8/site-packages/airflow/example_dags/example_latest_only_with_trigger.py
[2023-03-26T21:58:58.909+0200] {processor.py:743} INFO - Processing file /home/humbulani/miniconda3/envs/apache-airflow/lib/python3.8/site-packages/airflow/example_dags/example_latest_only_with_trigger.py for tasks to queue
[2023-03-26T21:58:58.909+0200] {logging_mixin.py:137} INFO - [2023-03-26T21:58:58.909+0200] {dagbag.py:532} INFO - Filling up the DagBag from /home/humbulani/miniconda3/envs/apache-airflow/lib/python3.8/site-packages/airflow/example_dags/example_latest_only_with_trigger.py
[2023-03-26T21:58:58.922+0200] {processor.py:753} INFO - DAG(s) dict_keys(['latest_only_with_trigger']) retrieved from /home/humbulani/miniconda3/envs/apache-airflow/lib/python3.8/site-packages/airflow/example_dags/example_latest_only_with_trigger.py
[2023-03-26T21:58:58.939+0200] {logging_mixin.py:137} INFO - [2023-03-26T21:58:58.939+0200] {dag.py:2693} INFO - Sync 1 DAGs
[2023-03-26T21:58:58.957+0200] {logging_mixin.py:137} INFO - [2023-03-26T21:58:58.957+0200] {dag.py:3440} INFO - Setting next_dagrun for latest_only_with_trigger to 2023-03-26T15:58:58.956817+00:00, run_after=2023-03-26T19:58:58.956817+00:00
[2023-03-26T21:58:59.059+0200] {processor.py:175} INFO - Processing /home/humbulani/miniconda3/envs/apache-airflow/lib/python3.8/site-packages/airflow/example_dags/example_latest_only_with_trigger.py took 0.185 seconds
[2023-03-26T21:59:47.839+0200] {processor.py:153} INFO - Started process (PID=18124) to work on /home/humbulani/miniconda3/envs/apache-airflow/lib/python3.8/site-packages/airflow/example_dags/example_latest_only_with_trigger.py
[2023-03-26T21:59:47.846+0200] {processor.py:743} INFO - Processing file /home/humbulani/miniconda3/envs/apache-airflow/lib/python3.8/site-packages/airflow/example_dags/example_latest_only_with_trigger.py for tasks to queue
[2023-03-26T21:59:47.846+0200] {logging_mixin.py:137} INFO - [2023-03-26T21:59:47.846+0200] {dagbag.py:532} INFO - Filling up the DagBag from /home/humbulani/miniconda3/envs/apache-airflow/lib/python3.8/site-packages/airflow/example_dags/example_latest_only_with_trigger.py
[2023-03-26T21:59:47.858+0200] {processor.py:753} INFO - DAG(s) dict_keys(['latest_only_with_trigger']) retrieved from /home/humbulani/miniconda3/envs/apache-airflow/lib/python3.8/site-packages/airflow/example_dags/example_latest_only_with_trigger.py
[2023-03-26T21:59:47.874+0200] {logging_mixin.py:137} INFO - [2023-03-26T21:59:47.874+0200] {dag.py:2693} INFO - Sync 1 DAGs
[2023-03-26T21:59:47.891+0200] {logging_mixin.py:137} INFO - [2023-03-26T21:59:47.891+0200] {dag.py:3440} INFO - Setting next_dagrun for latest_only_with_trigger to 2023-03-26T15:59:47.891059+00:00, run_after=2023-03-26T19:59:47.891059+00:00
[2023-03-26T21:59:47.989+0200] {processor.py:175} INFO - Processing /home/humbulani/miniconda3/envs/apache-airflow/lib/python3.8/site-packages/airflow/example_dags/example_latest_only_with_trigger.py took 0.153 seconds
[2023-03-26T22:00:34.056+0200] {processor.py:153} INFO - Started process (PID=18175) to work on /home/humbulani/miniconda3/envs/apache-airflow/lib/python3.8/site-packages/airflow/example_dags/example_latest_only_with_trigger.py
[2023-03-26T22:00:34.066+0200] {processor.py:743} INFO - Processing file /home/humbulani/miniconda3/envs/apache-airflow/lib/python3.8/site-packages/airflow/example_dags/example_latest_only_with_trigger.py for tasks to queue
[2023-03-26T22:00:34.067+0200] {logging_mixin.py:137} INFO - [2023-03-26T22:00:34.067+0200] {dagbag.py:532} INFO - Filling up the DagBag from /home/humbulani/miniconda3/envs/apache-airflow/lib/python3.8/site-packages/airflow/example_dags/example_latest_only_with_trigger.py
[2023-03-26T22:00:34.081+0200] {processor.py:753} INFO - DAG(s) dict_keys(['latest_only_with_trigger']) retrieved from /home/humbulani/miniconda3/envs/apache-airflow/lib/python3.8/site-packages/airflow/example_dags/example_latest_only_with_trigger.py
[2023-03-26T22:00:34.098+0200] {logging_mixin.py:137} INFO - [2023-03-26T22:00:34.098+0200] {dag.py:2693} INFO - Sync 1 DAGs
[2023-03-26T22:00:34.116+0200] {logging_mixin.py:137} INFO - [2023-03-26T22:00:34.115+0200] {dag.py:3440} INFO - Setting next_dagrun for latest_only_with_trigger to 2023-03-26T16:00:34.115703+00:00, run_after=2023-03-26T20:00:34.115703+00:00
[2023-03-26T22:00:34.189+0200] {processor.py:175} INFO - Processing /home/humbulani/miniconda3/envs/apache-airflow/lib/python3.8/site-packages/airflow/example_dags/example_latest_only_with_trigger.py took 0.135 seconds
[2023-03-26T22:01:19.407+0200] {processor.py:153} INFO - Started process (PID=18270) to work on /home/humbulani/miniconda3/envs/apache-airflow/lib/python3.8/site-packages/airflow/example_dags/example_latest_only_with_trigger.py
[2023-03-26T22:01:19.419+0200] {processor.py:743} INFO - Processing file /home/humbulani/miniconda3/envs/apache-airflow/lib/python3.8/site-packages/airflow/example_dags/example_latest_only_with_trigger.py for tasks to queue
[2023-03-26T22:01:19.420+0200] {logging_mixin.py:137} INFO - [2023-03-26T22:01:19.420+0200] {dagbag.py:532} INFO - Filling up the DagBag from /home/humbulani/miniconda3/envs/apache-airflow/lib/python3.8/site-packages/airflow/example_dags/example_latest_only_with_trigger.py
[2023-03-26T22:01:19.434+0200] {processor.py:753} INFO - DAG(s) dict_keys(['latest_only_with_trigger']) retrieved from /home/humbulani/miniconda3/envs/apache-airflow/lib/python3.8/site-packages/airflow/example_dags/example_latest_only_with_trigger.py
[2023-03-26T22:01:19.452+0200] {logging_mixin.py:137} INFO - [2023-03-26T22:01:19.451+0200] {dag.py:2693} INFO - Sync 1 DAGs
[2023-03-26T22:01:19.470+0200] {logging_mixin.py:137} INFO - [2023-03-26T22:01:19.470+0200] {dag.py:3440} INFO - Setting next_dagrun for latest_only_with_trigger to 2023-03-26T16:01:19.470069+00:00, run_after=2023-03-26T20:01:19.470069+00:00
[2023-03-26T22:01:19.551+0200] {processor.py:175} INFO - Processing /home/humbulani/miniconda3/envs/apache-airflow/lib/python3.8/site-packages/airflow/example_dags/example_latest_only_with_trigger.py took 0.147 seconds
[2023-03-26T22:02:07.221+0200] {processor.py:153} INFO - Started process (PID=18516) to work on /home/humbulani/miniconda3/envs/apache-airflow/lib/python3.8/site-packages/airflow/example_dags/example_latest_only_with_trigger.py
[2023-03-26T22:02:07.239+0200] {processor.py:743} INFO - Processing file /home/humbulani/miniconda3/envs/apache-airflow/lib/python3.8/site-packages/airflow/example_dags/example_latest_only_with_trigger.py for tasks to queue
[2023-03-26T22:02:07.240+0200] {logging_mixin.py:137} INFO - [2023-03-26T22:02:07.240+0200] {dagbag.py:532} INFO - Filling up the DagBag from /home/humbulani/miniconda3/envs/apache-airflow/lib/python3.8/site-packages/airflow/example_dags/example_latest_only_with_trigger.py
[2023-03-26T22:02:07.252+0200] {processor.py:753} INFO - DAG(s) dict_keys(['latest_only_with_trigger']) retrieved from /home/humbulani/miniconda3/envs/apache-airflow/lib/python3.8/site-packages/airflow/example_dags/example_latest_only_with_trigger.py
[2023-03-26T22:02:07.269+0200] {logging_mixin.py:137} INFO - [2023-03-26T22:02:07.268+0200] {dag.py:2693} INFO - Sync 1 DAGs
[2023-03-26T22:02:07.285+0200] {logging_mixin.py:137} INFO - [2023-03-26T22:02:07.285+0200] {dag.py:3440} INFO - Setting next_dagrun for latest_only_with_trigger to 2023-03-26T16:02:07.285473+00:00, run_after=2023-03-26T20:02:07.285473+00:00
[2023-03-26T22:02:07.373+0200] {processor.py:175} INFO - Processing /home/humbulani/miniconda3/envs/apache-airflow/lib/python3.8/site-packages/airflow/example_dags/example_latest_only_with_trigger.py took 0.154 seconds
[2023-03-26T22:02:54.024+0200] {processor.py:153} INFO - Started process (PID=18572) to work on /home/humbulani/miniconda3/envs/apache-airflow/lib/python3.8/site-packages/airflow/example_dags/example_latest_only_with_trigger.py
[2023-03-26T22:02:54.036+0200] {processor.py:743} INFO - Processing file /home/humbulani/miniconda3/envs/apache-airflow/lib/python3.8/site-packages/airflow/example_dags/example_latest_only_with_trigger.py for tasks to queue
[2023-03-26T22:02:54.037+0200] {logging_mixin.py:137} INFO - [2023-03-26T22:02:54.037+0200] {dagbag.py:532} INFO - Filling up the DagBag from /home/humbulani/miniconda3/envs/apache-airflow/lib/python3.8/site-packages/airflow/example_dags/example_latest_only_with_trigger.py
[2023-03-26T22:02:54.050+0200] {processor.py:753} INFO - DAG(s) dict_keys(['latest_only_with_trigger']) retrieved from /home/humbulani/miniconda3/envs/apache-airflow/lib/python3.8/site-packages/airflow/example_dags/example_latest_only_with_trigger.py
[2023-03-26T22:02:54.068+0200] {logging_mixin.py:137} INFO - [2023-03-26T22:02:54.068+0200] {dag.py:2693} INFO - Sync 1 DAGs
[2023-03-26T22:02:54.085+0200] {logging_mixin.py:137} INFO - [2023-03-26T22:02:54.085+0200] {dag.py:3440} INFO - Setting next_dagrun for latest_only_with_trigger to 2023-03-26T16:02:54.084937+00:00, run_after=2023-03-26T20:02:54.084937+00:00
[2023-03-26T22:02:54.159+0200] {processor.py:175} INFO - Processing /home/humbulani/miniconda3/envs/apache-airflow/lib/python3.8/site-packages/airflow/example_dags/example_latest_only_with_trigger.py took 0.138 seconds
[2023-03-26T22:03:39.453+0200] {processor.py:153} INFO - Started process (PID=18626) to work on /home/humbulani/miniconda3/envs/apache-airflow/lib/python3.8/site-packages/airflow/example_dags/example_latest_only_with_trigger.py
[2023-03-26T22:03:39.473+0200] {processor.py:743} INFO - Processing file /home/humbulani/miniconda3/envs/apache-airflow/lib/python3.8/site-packages/airflow/example_dags/example_latest_only_with_trigger.py for tasks to queue
[2023-03-26T22:03:39.473+0200] {logging_mixin.py:137} INFO - [2023-03-26T22:03:39.473+0200] {dagbag.py:532} INFO - Filling up the DagBag from /home/humbulani/miniconda3/envs/apache-airflow/lib/python3.8/site-packages/airflow/example_dags/example_latest_only_with_trigger.py
[2023-03-26T22:03:39.486+0200] {processor.py:753} INFO - DAG(s) dict_keys(['latest_only_with_trigger']) retrieved from /home/humbulani/miniconda3/envs/apache-airflow/lib/python3.8/site-packages/airflow/example_dags/example_latest_only_with_trigger.py
[2023-03-26T22:03:39.503+0200] {logging_mixin.py:137} INFO - [2023-03-26T22:03:39.503+0200] {dag.py:2693} INFO - Sync 1 DAGs
[2023-03-26T22:03:39.520+0200] {logging_mixin.py:137} INFO - [2023-03-26T22:03:39.520+0200] {dag.py:3440} INFO - Setting next_dagrun for latest_only_with_trigger to 2023-03-26T16:03:39.520394+00:00, run_after=2023-03-26T20:03:39.520394+00:00
[2023-03-26T22:03:39.605+0200] {processor.py:175} INFO - Processing /home/humbulani/miniconda3/envs/apache-airflow/lib/python3.8/site-packages/airflow/example_dags/example_latest_only_with_trigger.py took 0.156 seconds
[2023-03-26T22:04:24.583+0200] {processor.py:153} INFO - Started process (PID=18696) to work on /home/humbulani/miniconda3/envs/apache-airflow/lib/python3.8/site-packages/airflow/example_dags/example_latest_only_with_trigger.py
[2023-03-26T22:04:24.593+0200] {processor.py:743} INFO - Processing file /home/humbulani/miniconda3/envs/apache-airflow/lib/python3.8/site-packages/airflow/example_dags/example_latest_only_with_trigger.py for tasks to queue
[2023-03-26T22:04:24.593+0200] {logging_mixin.py:137} INFO - [2023-03-26T22:04:24.593+0200] {dagbag.py:532} INFO - Filling up the DagBag from /home/humbulani/miniconda3/envs/apache-airflow/lib/python3.8/site-packages/airflow/example_dags/example_latest_only_with_trigger.py
[2023-03-26T22:04:24.607+0200] {processor.py:753} INFO - DAG(s) dict_keys(['latest_only_with_trigger']) retrieved from /home/humbulani/miniconda3/envs/apache-airflow/lib/python3.8/site-packages/airflow/example_dags/example_latest_only_with_trigger.py
[2023-03-26T22:04:24.629+0200] {logging_mixin.py:137} INFO - [2023-03-26T22:04:24.629+0200] {dag.py:2693} INFO - Sync 1 DAGs
[2023-03-26T22:04:24.653+0200] {logging_mixin.py:137} INFO - [2023-03-26T22:04:24.653+0200] {dag.py:3440} INFO - Setting next_dagrun for latest_only_with_trigger to 2023-03-26T16:04:24.653137+00:00, run_after=2023-03-26T20:04:24.653137+00:00
[2023-03-26T22:04:24.759+0200] {processor.py:175} INFO - Processing /home/humbulani/miniconda3/envs/apache-airflow/lib/python3.8/site-packages/airflow/example_dags/example_latest_only_with_trigger.py took 0.178 seconds
[2023-03-26T22:05:09.525+0200] {processor.py:153} INFO - Started process (PID=18745) to work on /home/humbulani/miniconda3/envs/apache-airflow/lib/python3.8/site-packages/airflow/example_dags/example_latest_only_with_trigger.py
[2023-03-26T22:05:09.535+0200] {processor.py:743} INFO - Processing file /home/humbulani/miniconda3/envs/apache-airflow/lib/python3.8/site-packages/airflow/example_dags/example_latest_only_with_trigger.py for tasks to queue
[2023-03-26T22:05:09.536+0200] {logging_mixin.py:137} INFO - [2023-03-26T22:05:09.536+0200] {dagbag.py:532} INFO - Filling up the DagBag from /home/humbulani/miniconda3/envs/apache-airflow/lib/python3.8/site-packages/airflow/example_dags/example_latest_only_with_trigger.py
[2023-03-26T22:05:09.551+0200] {processor.py:753} INFO - DAG(s) dict_keys(['latest_only_with_trigger']) retrieved from /home/humbulani/miniconda3/envs/apache-airflow/lib/python3.8/site-packages/airflow/example_dags/example_latest_only_with_trigger.py
[2023-03-26T22:05:09.571+0200] {logging_mixin.py:137} INFO - [2023-03-26T22:05:09.571+0200] {dag.py:2693} INFO - Sync 1 DAGs
[2023-03-26T22:05:09.590+0200] {logging_mixin.py:137} INFO - [2023-03-26T22:05:09.590+0200] {dag.py:3440} INFO - Setting next_dagrun for latest_only_with_trigger to 2023-03-26T16:05:09.590278+00:00, run_after=2023-03-26T20:05:09.590278+00:00
[2023-03-26T22:05:09.676+0200] {processor.py:175} INFO - Processing /home/humbulani/miniconda3/envs/apache-airflow/lib/python3.8/site-packages/airflow/example_dags/example_latest_only_with_trigger.py took 0.154 seconds
[2023-03-26T22:05:53.428+0200] {processor.py:153} INFO - Started process (PID=18797) to work on /home/humbulani/miniconda3/envs/apache-airflow/lib/python3.8/site-packages/airflow/example_dags/example_latest_only_with_trigger.py
[2023-03-26T22:05:53.428+0200] {processor.py:743} INFO - Processing file /home/humbulani/miniconda3/envs/apache-airflow/lib/python3.8/site-packages/airflow/example_dags/example_latest_only_with_trigger.py for tasks to queue
[2023-03-26T22:05:53.429+0200] {logging_mixin.py:137} INFO - [2023-03-26T22:05:53.429+0200] {dagbag.py:532} INFO - Filling up the DagBag from /home/humbulani/miniconda3/envs/apache-airflow/lib/python3.8/site-packages/airflow/example_dags/example_latest_only_with_trigger.py
[2023-03-26T22:05:53.441+0200] {processor.py:753} INFO - DAG(s) dict_keys(['latest_only_with_trigger']) retrieved from /home/humbulani/miniconda3/envs/apache-airflow/lib/python3.8/site-packages/airflow/example_dags/example_latest_only_with_trigger.py
[2023-03-26T22:05:53.458+0200] {logging_mixin.py:137} INFO - [2023-03-26T22:05:53.458+0200] {dag.py:2693} INFO - Sync 1 DAGs
[2023-03-26T22:05:53.476+0200] {logging_mixin.py:137} INFO - [2023-03-26T22:05:53.476+0200] {dag.py:3440} INFO - Setting next_dagrun for latest_only_with_trigger to 2023-03-26T16:05:53.476381+00:00, run_after=2023-03-26T20:05:53.476381+00:00
[2023-03-26T22:05:53.562+0200] {processor.py:175} INFO - Processing /home/humbulani/miniconda3/envs/apache-airflow/lib/python3.8/site-packages/airflow/example_dags/example_latest_only_with_trigger.py took 0.136 seconds
[2023-03-26T22:06:40.560+0200] {processor.py:153} INFO - Started process (PID=18841) to work on /home/humbulani/miniconda3/envs/apache-airflow/lib/python3.8/site-packages/airflow/example_dags/example_latest_only_with_trigger.py
[2023-03-26T22:06:40.564+0200] {processor.py:743} INFO - Processing file /home/humbulani/miniconda3/envs/apache-airflow/lib/python3.8/site-packages/airflow/example_dags/example_latest_only_with_trigger.py for tasks to queue
[2023-03-26T22:06:40.565+0200] {logging_mixin.py:137} INFO - [2023-03-26T22:06:40.565+0200] {dagbag.py:532} INFO - Filling up the DagBag from /home/humbulani/miniconda3/envs/apache-airflow/lib/python3.8/site-packages/airflow/example_dags/example_latest_only_with_trigger.py
[2023-03-26T22:06:40.580+0200] {processor.py:753} INFO - DAG(s) dict_keys(['latest_only_with_trigger']) retrieved from /home/humbulani/miniconda3/envs/apache-airflow/lib/python3.8/site-packages/airflow/example_dags/example_latest_only_with_trigger.py
[2023-03-26T22:06:40.598+0200] {logging_mixin.py:137} INFO - [2023-03-26T22:06:40.598+0200] {dag.py:2693} INFO - Sync 1 DAGs
[2023-03-26T22:06:40.615+0200] {logging_mixin.py:137} INFO - [2023-03-26T22:06:40.615+0200] {dag.py:3440} INFO - Setting next_dagrun for latest_only_with_trigger to 2023-03-26T16:06:40.615215+00:00, run_after=2023-03-26T20:06:40.615215+00:00
[2023-03-26T22:06:40.695+0200] {processor.py:175} INFO - Processing /home/humbulani/miniconda3/envs/apache-airflow/lib/python3.8/site-packages/airflow/example_dags/example_latest_only_with_trigger.py took 0.137 seconds
[2023-03-26T22:07:27.655+0200] {processor.py:153} INFO - Started process (PID=18987) to work on /home/humbulani/miniconda3/envs/apache-airflow/lib/python3.8/site-packages/airflow/example_dags/example_latest_only_with_trigger.py
[2023-03-26T22:07:27.662+0200] {processor.py:743} INFO - Processing file /home/humbulani/miniconda3/envs/apache-airflow/lib/python3.8/site-packages/airflow/example_dags/example_latest_only_with_trigger.py for tasks to queue
[2023-03-26T22:07:27.663+0200] {logging_mixin.py:137} INFO - [2023-03-26T22:07:27.663+0200] {dagbag.py:532} INFO - Filling up the DagBag from /home/humbulani/miniconda3/envs/apache-airflow/lib/python3.8/site-packages/airflow/example_dags/example_latest_only_with_trigger.py
[2023-03-26T22:07:27.678+0200] {processor.py:753} INFO - DAG(s) dict_keys(['latest_only_with_trigger']) retrieved from /home/humbulani/miniconda3/envs/apache-airflow/lib/python3.8/site-packages/airflow/example_dags/example_latest_only_with_trigger.py
[2023-03-26T22:07:27.696+0200] {logging_mixin.py:137} INFO - [2023-03-26T22:07:27.696+0200] {dag.py:2693} INFO - Sync 1 DAGs
[2023-03-26T22:07:27.713+0200] {logging_mixin.py:137} INFO - [2023-03-26T22:07:27.713+0200] {dag.py:3440} INFO - Setting next_dagrun for latest_only_with_trigger to 2023-03-26T16:07:27.713467+00:00, run_after=2023-03-26T20:07:27.713467+00:00
[2023-03-26T22:07:27.782+0200] {processor.py:175} INFO - Processing /home/humbulani/miniconda3/envs/apache-airflow/lib/python3.8/site-packages/airflow/example_dags/example_latest_only_with_trigger.py took 0.130 seconds
[2023-03-26T22:08:11.409+0200] {processor.py:153} INFO - Started process (PID=19034) to work on /home/humbulani/miniconda3/envs/apache-airflow/lib/python3.8/site-packages/airflow/example_dags/example_latest_only_with_trigger.py
[2023-03-26T22:08:11.410+0200] {processor.py:743} INFO - Processing file /home/humbulani/miniconda3/envs/apache-airflow/lib/python3.8/site-packages/airflow/example_dags/example_latest_only_with_trigger.py for tasks to queue
[2023-03-26T22:08:11.410+0200] {logging_mixin.py:137} INFO - [2023-03-26T22:08:11.410+0200] {dagbag.py:532} INFO - Filling up the DagBag from /home/humbulani/miniconda3/envs/apache-airflow/lib/python3.8/site-packages/airflow/example_dags/example_latest_only_with_trigger.py
[2023-03-26T22:08:11.422+0200] {processor.py:753} INFO - DAG(s) dict_keys(['latest_only_with_trigger']) retrieved from /home/humbulani/miniconda3/envs/apache-airflow/lib/python3.8/site-packages/airflow/example_dags/example_latest_only_with_trigger.py
[2023-03-26T22:08:11.440+0200] {logging_mixin.py:137} INFO - [2023-03-26T22:08:11.440+0200] {dag.py:2693} INFO - Sync 1 DAGs
[2023-03-26T22:08:11.458+0200] {logging_mixin.py:137} INFO - [2023-03-26T22:08:11.458+0200] {dag.py:3440} INFO - Setting next_dagrun for latest_only_with_trigger to 2023-03-26T16:08:11.458563+00:00, run_after=2023-03-26T20:08:11.458563+00:00
[2023-03-26T22:08:11.663+0200] {processor.py:175} INFO - Processing /home/humbulani/miniconda3/envs/apache-airflow/lib/python3.8/site-packages/airflow/example_dags/example_latest_only_with_trigger.py took 0.256 seconds
[2023-03-26T22:08:57.795+0200] {processor.py:153} INFO - Started process (PID=19118) to work on /home/humbulani/miniconda3/envs/apache-airflow/lib/python3.8/site-packages/airflow/example_dags/example_latest_only_with_trigger.py
[2023-03-26T22:08:57.795+0200] {processor.py:743} INFO - Processing file /home/humbulani/miniconda3/envs/apache-airflow/lib/python3.8/site-packages/airflow/example_dags/example_latest_only_with_trigger.py for tasks to queue
[2023-03-26T22:08:57.796+0200] {logging_mixin.py:137} INFO - [2023-03-26T22:08:57.796+0200] {dagbag.py:532} INFO - Filling up the DagBag from /home/humbulani/miniconda3/envs/apache-airflow/lib/python3.8/site-packages/airflow/example_dags/example_latest_only_with_trigger.py
[2023-03-26T22:08:57.808+0200] {processor.py:753} INFO - DAG(s) dict_keys(['latest_only_with_trigger']) retrieved from /home/humbulani/miniconda3/envs/apache-airflow/lib/python3.8/site-packages/airflow/example_dags/example_latest_only_with_trigger.py
[2023-03-26T22:08:57.824+0200] {logging_mixin.py:137} INFO - [2023-03-26T22:08:57.824+0200] {dag.py:2693} INFO - Sync 1 DAGs
[2023-03-26T22:08:57.842+0200] {logging_mixin.py:137} INFO - [2023-03-26T22:08:57.842+0200] {dag.py:3440} INFO - Setting next_dagrun for latest_only_with_trigger to 2023-03-26T16:08:57.841961+00:00, run_after=2023-03-26T20:08:57.841961+00:00
[2023-03-26T22:08:57.918+0200] {processor.py:175} INFO - Processing /home/humbulani/miniconda3/envs/apache-airflow/lib/python3.8/site-packages/airflow/example_dags/example_latest_only_with_trigger.py took 0.126 seconds
[2023-03-26T22:09:45.674+0200] {processor.py:153} INFO - Started process (PID=19161) to work on /home/humbulani/miniconda3/envs/apache-airflow/lib/python3.8/site-packages/airflow/example_dags/example_latest_only_with_trigger.py
[2023-03-26T22:09:45.675+0200] {processor.py:743} INFO - Processing file /home/humbulani/miniconda3/envs/apache-airflow/lib/python3.8/site-packages/airflow/example_dags/example_latest_only_with_trigger.py for tasks to queue
[2023-03-26T22:09:45.675+0200] {logging_mixin.py:137} INFO - [2023-03-26T22:09:45.675+0200] {dagbag.py:532} INFO - Filling up the DagBag from /home/humbulani/miniconda3/envs/apache-airflow/lib/python3.8/site-packages/airflow/example_dags/example_latest_only_with_trigger.py
[2023-03-26T22:09:45.690+0200] {processor.py:753} INFO - DAG(s) dict_keys(['latest_only_with_trigger']) retrieved from /home/humbulani/miniconda3/envs/apache-airflow/lib/python3.8/site-packages/airflow/example_dags/example_latest_only_with_trigger.py
[2023-03-26T22:09:45.707+0200] {logging_mixin.py:137} INFO - [2023-03-26T22:09:45.707+0200] {dag.py:2693} INFO - Sync 1 DAGs
[2023-03-26T22:09:45.725+0200] {logging_mixin.py:137} INFO - [2023-03-26T22:09:45.725+0200] {dag.py:3440} INFO - Setting next_dagrun for latest_only_with_trigger to 2023-03-26T16:09:45.724901+00:00, run_after=2023-03-26T20:09:45.724901+00:00
[2023-03-26T22:09:45.799+0200] {processor.py:175} INFO - Processing /home/humbulani/miniconda3/envs/apache-airflow/lib/python3.8/site-packages/airflow/example_dags/example_latest_only_with_trigger.py took 0.128 seconds
[2023-03-26T22:10:29.435+0200] {processor.py:153} INFO - Started process (PID=19231) to work on /home/humbulani/miniconda3/envs/apache-airflow/lib/python3.8/site-packages/airflow/example_dags/example_latest_only_with_trigger.py
[2023-03-26T22:10:29.435+0200] {processor.py:743} INFO - Processing file /home/humbulani/miniconda3/envs/apache-airflow/lib/python3.8/site-packages/airflow/example_dags/example_latest_only_with_trigger.py for tasks to queue
[2023-03-26T22:10:29.436+0200] {logging_mixin.py:137} INFO - [2023-03-26T22:10:29.436+0200] {dagbag.py:532} INFO - Filling up the DagBag from /home/humbulani/miniconda3/envs/apache-airflow/lib/python3.8/site-packages/airflow/example_dags/example_latest_only_with_trigger.py
[2023-03-26T22:10:29.448+0200] {processor.py:753} INFO - DAG(s) dict_keys(['latest_only_with_trigger']) retrieved from /home/humbulani/miniconda3/envs/apache-airflow/lib/python3.8/site-packages/airflow/example_dags/example_latest_only_with_trigger.py
[2023-03-26T22:10:29.465+0200] {logging_mixin.py:137} INFO - [2023-03-26T22:10:29.465+0200] {dag.py:2693} INFO - Sync 1 DAGs
[2023-03-26T22:10:29.484+0200] {logging_mixin.py:137} INFO - [2023-03-26T22:10:29.484+0200] {dag.py:3440} INFO - Setting next_dagrun for latest_only_with_trigger to 2023-03-26T16:10:29.483822+00:00, run_after=2023-03-26T20:10:29.483822+00:00
[2023-03-26T22:10:29.570+0200] {processor.py:175} INFO - Processing /home/humbulani/miniconda3/envs/apache-airflow/lib/python3.8/site-packages/airflow/example_dags/example_latest_only_with_trigger.py took 0.138 seconds
[2023-03-26T22:11:16.648+0200] {processor.py:153} INFO - Started process (PID=19334) to work on /home/humbulani/miniconda3/envs/apache-airflow/lib/python3.8/site-packages/airflow/example_dags/example_latest_only_with_trigger.py
[2023-03-26T22:11:16.668+0200] {processor.py:743} INFO - Processing file /home/humbulani/miniconda3/envs/apache-airflow/lib/python3.8/site-packages/airflow/example_dags/example_latest_only_with_trigger.py for tasks to queue
[2023-03-26T22:11:16.669+0200] {logging_mixin.py:137} INFO - [2023-03-26T22:11:16.669+0200] {dagbag.py:532} INFO - Filling up the DagBag from /home/humbulani/miniconda3/envs/apache-airflow/lib/python3.8/site-packages/airflow/example_dags/example_latest_only_with_trigger.py
[2023-03-26T22:11:16.683+0200] {processor.py:753} INFO - DAG(s) dict_keys(['latest_only_with_trigger']) retrieved from /home/humbulani/miniconda3/envs/apache-airflow/lib/python3.8/site-packages/airflow/example_dags/example_latest_only_with_trigger.py
[2023-03-26T22:11:16.869+0200] {logging_mixin.py:137} INFO - [2023-03-26T22:11:16.869+0200] {dag.py:2693} INFO - Sync 1 DAGs
[2023-03-26T22:11:17.520+0200] {logging_mixin.py:137} INFO - [2023-03-26T22:11:17.520+0200] {dag.py:3440} INFO - Setting next_dagrun for latest_only_with_trigger to 2023-03-26T16:11:17.520471+00:00, run_after=2023-03-26T20:11:17.520471+00:00
[2023-03-26T22:11:17.603+0200] {processor.py:175} INFO - Processing /home/humbulani/miniconda3/envs/apache-airflow/lib/python3.8/site-packages/airflow/example_dags/example_latest_only_with_trigger.py took 0.957 seconds
[2023-03-26T22:12:02.608+0200] {processor.py:153} INFO - Started process (PID=19376) to work on /home/humbulani/miniconda3/envs/apache-airflow/lib/python3.8/site-packages/airflow/example_dags/example_latest_only_with_trigger.py
[2023-03-26T22:12:02.614+0200] {processor.py:743} INFO - Processing file /home/humbulani/miniconda3/envs/apache-airflow/lib/python3.8/site-packages/airflow/example_dags/example_latest_only_with_trigger.py for tasks to queue
[2023-03-26T22:12:02.614+0200] {logging_mixin.py:137} INFO - [2023-03-26T22:12:02.614+0200] {dagbag.py:532} INFO - Filling up the DagBag from /home/humbulani/miniconda3/envs/apache-airflow/lib/python3.8/site-packages/airflow/example_dags/example_latest_only_with_trigger.py
[2023-03-26T22:12:02.629+0200] {processor.py:753} INFO - DAG(s) dict_keys(['latest_only_with_trigger']) retrieved from /home/humbulani/miniconda3/envs/apache-airflow/lib/python3.8/site-packages/airflow/example_dags/example_latest_only_with_trigger.py
[2023-03-26T22:12:02.646+0200] {logging_mixin.py:137} INFO - [2023-03-26T22:12:02.646+0200] {dag.py:2693} INFO - Sync 1 DAGs
[2023-03-26T22:12:02.663+0200] {logging_mixin.py:137} INFO - [2023-03-26T22:12:02.663+0200] {dag.py:3440} INFO - Setting next_dagrun for latest_only_with_trigger to 2023-03-26T16:12:02.663059+00:00, run_after=2023-03-26T20:12:02.663059+00:00
[2023-03-26T22:12:02.749+0200] {processor.py:175} INFO - Processing /home/humbulani/miniconda3/envs/apache-airflow/lib/python3.8/site-packages/airflow/example_dags/example_latest_only_with_trigger.py took 0.144 seconds
[2023-03-26T22:12:46.889+0200] {processor.py:153} INFO - Started process (PID=19488) to work on /home/humbulani/miniconda3/envs/apache-airflow/lib/python3.8/site-packages/airflow/example_dags/example_latest_only_with_trigger.py
[2023-03-26T22:12:46.903+0200] {processor.py:743} INFO - Processing file /home/humbulani/miniconda3/envs/apache-airflow/lib/python3.8/site-packages/airflow/example_dags/example_latest_only_with_trigger.py for tasks to queue
[2023-03-26T22:12:46.904+0200] {logging_mixin.py:137} INFO - [2023-03-26T22:12:46.904+0200] {dagbag.py:532} INFO - Filling up the DagBag from /home/humbulani/miniconda3/envs/apache-airflow/lib/python3.8/site-packages/airflow/example_dags/example_latest_only_with_trigger.py
[2023-03-26T22:12:46.918+0200] {processor.py:753} INFO - DAG(s) dict_keys(['latest_only_with_trigger']) retrieved from /home/humbulani/miniconda3/envs/apache-airflow/lib/python3.8/site-packages/airflow/example_dags/example_latest_only_with_trigger.py
[2023-03-26T22:12:46.935+0200] {logging_mixin.py:137} INFO - [2023-03-26T22:12:46.935+0200] {dag.py:2693} INFO - Sync 1 DAGs
[2023-03-26T22:12:46.953+0200] {logging_mixin.py:137} INFO - [2023-03-26T22:12:46.953+0200] {dag.py:3440} INFO - Setting next_dagrun for latest_only_with_trigger to 2023-03-26T16:12:46.953443+00:00, run_after=2023-03-26T20:12:46.953443+00:00
[2023-03-26T22:12:47.035+0200] {processor.py:175} INFO - Processing /home/humbulani/miniconda3/envs/apache-airflow/lib/python3.8/site-packages/airflow/example_dags/example_latest_only_with_trigger.py took 0.150 seconds
[2023-03-26T22:13:35.411+0200] {processor.py:153} INFO - Started process (PID=19530) to work on /home/humbulani/miniconda3/envs/apache-airflow/lib/python3.8/site-packages/airflow/example_dags/example_latest_only_with_trigger.py
[2023-03-26T22:13:35.425+0200] {processor.py:743} INFO - Processing file /home/humbulani/miniconda3/envs/apache-airflow/lib/python3.8/site-packages/airflow/example_dags/example_latest_only_with_trigger.py for tasks to queue
[2023-03-26T22:13:35.426+0200] {logging_mixin.py:137} INFO - [2023-03-26T22:13:35.426+0200] {dagbag.py:532} INFO - Filling up the DagBag from /home/humbulani/miniconda3/envs/apache-airflow/lib/python3.8/site-packages/airflow/example_dags/example_latest_only_with_trigger.py
[2023-03-26T22:13:35.441+0200] {processor.py:753} INFO - DAG(s) dict_keys(['latest_only_with_trigger']) retrieved from /home/humbulani/miniconda3/envs/apache-airflow/lib/python3.8/site-packages/airflow/example_dags/example_latest_only_with_trigger.py
[2023-03-26T22:13:35.461+0200] {logging_mixin.py:137} INFO - [2023-03-26T22:13:35.461+0200] {dag.py:2693} INFO - Sync 1 DAGs
[2023-03-26T22:13:35.478+0200] {logging_mixin.py:137} INFO - [2023-03-26T22:13:35.478+0200] {dag.py:3440} INFO - Setting next_dagrun for latest_only_with_trigger to 2023-03-26T16:13:35.478417+00:00, run_after=2023-03-26T20:13:35.478417+00:00
[2023-03-26T22:13:35.558+0200] {processor.py:175} INFO - Processing /home/humbulani/miniconda3/envs/apache-airflow/lib/python3.8/site-packages/airflow/example_dags/example_latest_only_with_trigger.py took 0.150 seconds
[2023-03-26T22:14:21.480+0200] {processor.py:153} INFO - Started process (PID=19575) to work on /home/humbulani/miniconda3/envs/apache-airflow/lib/python3.8/site-packages/airflow/example_dags/example_latest_only_with_trigger.py
[2023-03-26T22:14:21.496+0200] {processor.py:743} INFO - Processing file /home/humbulani/miniconda3/envs/apache-airflow/lib/python3.8/site-packages/airflow/example_dags/example_latest_only_with_trigger.py for tasks to queue
[2023-03-26T22:14:21.497+0200] {logging_mixin.py:137} INFO - [2023-03-26T22:14:21.497+0200] {dagbag.py:532} INFO - Filling up the DagBag from /home/humbulani/miniconda3/envs/apache-airflow/lib/python3.8/site-packages/airflow/example_dags/example_latest_only_with_trigger.py
[2023-03-26T22:14:21.509+0200] {processor.py:753} INFO - DAG(s) dict_keys(['latest_only_with_trigger']) retrieved from /home/humbulani/miniconda3/envs/apache-airflow/lib/python3.8/site-packages/airflow/example_dags/example_latest_only_with_trigger.py
[2023-03-26T22:14:21.525+0200] {logging_mixin.py:137} INFO - [2023-03-26T22:14:21.525+0200] {dag.py:2693} INFO - Sync 1 DAGs
[2023-03-26T22:14:21.542+0200] {logging_mixin.py:137} INFO - [2023-03-26T22:14:21.542+0200] {dag.py:3440} INFO - Setting next_dagrun for latest_only_with_trigger to 2023-03-26T16:14:21.542369+00:00, run_after=2023-03-26T20:14:21.542369+00:00
[2023-03-26T22:14:21.620+0200] {processor.py:175} INFO - Processing /home/humbulani/miniconda3/envs/apache-airflow/lib/python3.8/site-packages/airflow/example_dags/example_latest_only_with_trigger.py took 0.142 seconds
[2023-03-26T22:15:08.535+0200] {processor.py:153} INFO - Started process (PID=19684) to work on /home/humbulani/miniconda3/envs/apache-airflow/lib/python3.8/site-packages/airflow/example_dags/example_latest_only_with_trigger.py
[2023-03-26T22:15:08.536+0200] {processor.py:743} INFO - Processing file /home/humbulani/miniconda3/envs/apache-airflow/lib/python3.8/site-packages/airflow/example_dags/example_latest_only_with_trigger.py for tasks to queue
[2023-03-26T22:15:08.537+0200] {logging_mixin.py:137} INFO - [2023-03-26T22:15:08.537+0200] {dagbag.py:532} INFO - Filling up the DagBag from /home/humbulani/miniconda3/envs/apache-airflow/lib/python3.8/site-packages/airflow/example_dags/example_latest_only_with_trigger.py
[2023-03-26T22:15:08.552+0200] {processor.py:753} INFO - DAG(s) dict_keys(['latest_only_with_trigger']) retrieved from /home/humbulani/miniconda3/envs/apache-airflow/lib/python3.8/site-packages/airflow/example_dags/example_latest_only_with_trigger.py
[2023-03-26T22:15:08.569+0200] {logging_mixin.py:137} INFO - [2023-03-26T22:15:08.569+0200] {dag.py:2693} INFO - Sync 1 DAGs
[2023-03-26T22:15:08.586+0200] {logging_mixin.py:137} INFO - [2023-03-26T22:15:08.586+0200] {dag.py:3440} INFO - Setting next_dagrun for latest_only_with_trigger to 2023-03-26T16:15:08.586135+00:00, run_after=2023-03-26T20:15:08.586135+00:00
[2023-03-26T22:15:08.658+0200] {processor.py:175} INFO - Processing /home/humbulani/miniconda3/envs/apache-airflow/lib/python3.8/site-packages/airflow/example_dags/example_latest_only_with_trigger.py took 0.126 seconds
[2023-03-26T22:15:55.052+0200] {processor.py:153} INFO - Started process (PID=19730) to work on /home/humbulani/miniconda3/envs/apache-airflow/lib/python3.8/site-packages/airflow/example_dags/example_latest_only_with_trigger.py
[2023-03-26T22:15:55.068+0200] {processor.py:743} INFO - Processing file /home/humbulani/miniconda3/envs/apache-airflow/lib/python3.8/site-packages/airflow/example_dags/example_latest_only_with_trigger.py for tasks to queue
[2023-03-26T22:15:55.069+0200] {logging_mixin.py:137} INFO - [2023-03-26T22:15:55.069+0200] {dagbag.py:532} INFO - Filling up the DagBag from /home/humbulani/miniconda3/envs/apache-airflow/lib/python3.8/site-packages/airflow/example_dags/example_latest_only_with_trigger.py
[2023-03-26T22:15:55.082+0200] {processor.py:753} INFO - DAG(s) dict_keys(['latest_only_with_trigger']) retrieved from /home/humbulani/miniconda3/envs/apache-airflow/lib/python3.8/site-packages/airflow/example_dags/example_latest_only_with_trigger.py
[2023-03-26T22:15:55.098+0200] {logging_mixin.py:137} INFO - [2023-03-26T22:15:55.098+0200] {dag.py:2693} INFO - Sync 1 DAGs
[2023-03-26T22:15:55.115+0200] {logging_mixin.py:137} INFO - [2023-03-26T22:15:55.115+0200] {dag.py:3440} INFO - Setting next_dagrun for latest_only_with_trigger to 2023-03-26T16:15:55.115171+00:00, run_after=2023-03-26T20:15:55.115171+00:00
[2023-03-26T22:15:55.206+0200] {processor.py:175} INFO - Processing /home/humbulani/miniconda3/envs/apache-airflow/lib/python3.8/site-packages/airflow/example_dags/example_latest_only_with_trigger.py took 0.157 seconds
[2023-03-26T22:16:46.729+0200] {processor.py:153} INFO - Started process (PID=19838) to work on /home/humbulani/miniconda3/envs/apache-airflow/lib/python3.8/site-packages/airflow/example_dags/example_latest_only_with_trigger.py
[2023-03-26T22:16:46.769+0200] {processor.py:743} INFO - Processing file /home/humbulani/miniconda3/envs/apache-airflow/lib/python3.8/site-packages/airflow/example_dags/example_latest_only_with_trigger.py for tasks to queue
[2023-03-26T22:16:46.770+0200] {logging_mixin.py:137} INFO - [2023-03-26T22:16:46.770+0200] {dagbag.py:532} INFO - Filling up the DagBag from /home/humbulani/miniconda3/envs/apache-airflow/lib/python3.8/site-packages/airflow/example_dags/example_latest_only_with_trigger.py
[2023-03-26T22:16:46.782+0200] {processor.py:753} INFO - DAG(s) dict_keys(['latest_only_with_trigger']) retrieved from /home/humbulani/miniconda3/envs/apache-airflow/lib/python3.8/site-packages/airflow/example_dags/example_latest_only_with_trigger.py
[2023-03-26T22:16:46.798+0200] {logging_mixin.py:137} INFO - [2023-03-26T22:16:46.798+0200] {dag.py:2693} INFO - Sync 1 DAGs
[2023-03-26T22:16:46.816+0200] {logging_mixin.py:137} INFO - [2023-03-26T22:16:46.816+0200] {dag.py:3440} INFO - Setting next_dagrun for latest_only_with_trigger to 2023-03-26T16:16:46.816147+00:00, run_after=2023-03-26T20:16:46.816147+00:00
[2023-03-26T22:16:46.894+0200] {processor.py:175} INFO - Processing /home/humbulani/miniconda3/envs/apache-airflow/lib/python3.8/site-packages/airflow/example_dags/example_latest_only_with_trigger.py took 0.168 seconds
[2023-03-26T22:17:32.182+0200] {processor.py:153} INFO - Started process (PID=19890) to work on /home/humbulani/miniconda3/envs/apache-airflow/lib/python3.8/site-packages/airflow/example_dags/example_latest_only_with_trigger.py
[2023-03-26T22:17:32.190+0200] {processor.py:743} INFO - Processing file /home/humbulani/miniconda3/envs/apache-airflow/lib/python3.8/site-packages/airflow/example_dags/example_latest_only_with_trigger.py for tasks to queue
[2023-03-26T22:17:32.191+0200] {logging_mixin.py:137} INFO - [2023-03-26T22:17:32.191+0200] {dagbag.py:532} INFO - Filling up the DagBag from /home/humbulani/miniconda3/envs/apache-airflow/lib/python3.8/site-packages/airflow/example_dags/example_latest_only_with_trigger.py
[2023-03-26T22:17:32.203+0200] {processor.py:753} INFO - DAG(s) dict_keys(['latest_only_with_trigger']) retrieved from /home/humbulani/miniconda3/envs/apache-airflow/lib/python3.8/site-packages/airflow/example_dags/example_latest_only_with_trigger.py
[2023-03-26T22:17:32.219+0200] {logging_mixin.py:137} INFO - [2023-03-26T22:17:32.219+0200] {dag.py:2693} INFO - Sync 1 DAGs
[2023-03-26T22:17:32.239+0200] {logging_mixin.py:137} INFO - [2023-03-26T22:17:32.239+0200] {dag.py:3440} INFO - Setting next_dagrun for latest_only_with_trigger to 2023-03-26T16:17:32.238964+00:00, run_after=2023-03-26T20:17:32.238964+00:00
[2023-03-26T22:17:32.314+0200] {processor.py:175} INFO - Processing /home/humbulani/miniconda3/envs/apache-airflow/lib/python3.8/site-packages/airflow/example_dags/example_latest_only_with_trigger.py took 0.134 seconds
[2023-03-26T22:18:16.758+0200] {processor.py:153} INFO - Started process (PID=19998) to work on /home/humbulani/miniconda3/envs/apache-airflow/lib/python3.8/site-packages/airflow/example_dags/example_latest_only_with_trigger.py
[2023-03-26T22:18:16.770+0200] {processor.py:743} INFO - Processing file /home/humbulani/miniconda3/envs/apache-airflow/lib/python3.8/site-packages/airflow/example_dags/example_latest_only_with_trigger.py for tasks to queue
[2023-03-26T22:18:16.770+0200] {logging_mixin.py:137} INFO - [2023-03-26T22:18:16.770+0200] {dagbag.py:532} INFO - Filling up the DagBag from /home/humbulani/miniconda3/envs/apache-airflow/lib/python3.8/site-packages/airflow/example_dags/example_latest_only_with_trigger.py
[2023-03-26T22:18:16.783+0200] {processor.py:753} INFO - DAG(s) dict_keys(['latest_only_with_trigger']) retrieved from /home/humbulani/miniconda3/envs/apache-airflow/lib/python3.8/site-packages/airflow/example_dags/example_latest_only_with_trigger.py
[2023-03-26T22:18:16.801+0200] {logging_mixin.py:137} INFO - [2023-03-26T22:18:16.800+0200] {dag.py:2693} INFO - Sync 1 DAGs
[2023-03-26T22:18:16.818+0200] {logging_mixin.py:137} INFO - [2023-03-26T22:18:16.818+0200] {dag.py:3440} INFO - Setting next_dagrun for latest_only_with_trigger to 2023-03-26T16:18:16.818452+00:00, run_after=2023-03-26T20:18:16.818452+00:00
[2023-03-26T22:18:16.901+0200] {processor.py:175} INFO - Processing /home/humbulani/miniconda3/envs/apache-airflow/lib/python3.8/site-packages/airflow/example_dags/example_latest_only_with_trigger.py took 0.146 seconds
[2023-03-26T22:19:00.213+0200] {processor.py:153} INFO - Started process (PID=20043) to work on /home/humbulani/miniconda3/envs/apache-airflow/lib/python3.8/site-packages/airflow/example_dags/example_latest_only_with_trigger.py
[2023-03-26T22:19:00.214+0200] {processor.py:743} INFO - Processing file /home/humbulani/miniconda3/envs/apache-airflow/lib/python3.8/site-packages/airflow/example_dags/example_latest_only_with_trigger.py for tasks to queue
[2023-03-26T22:19:00.214+0200] {logging_mixin.py:137} INFO - [2023-03-26T22:19:00.214+0200] {dagbag.py:532} INFO - Filling up the DagBag from /home/humbulani/miniconda3/envs/apache-airflow/lib/python3.8/site-packages/airflow/example_dags/example_latest_only_with_trigger.py
[2023-03-26T22:19:00.230+0200] {processor.py:753} INFO - DAG(s) dict_keys(['latest_only_with_trigger']) retrieved from /home/humbulani/miniconda3/envs/apache-airflow/lib/python3.8/site-packages/airflow/example_dags/example_latest_only_with_trigger.py
[2023-03-26T22:19:00.248+0200] {logging_mixin.py:137} INFO - [2023-03-26T22:19:00.247+0200] {dag.py:2693} INFO - Sync 1 DAGs
[2023-03-26T22:19:00.272+0200] {logging_mixin.py:137} INFO - [2023-03-26T22:19:00.272+0200] {dag.py:3440} INFO - Setting next_dagrun for latest_only_with_trigger to 2023-03-26T16:19:00.272383+00:00, run_after=2023-03-26T20:19:00.272383+00:00
[2023-03-26T22:19:00.356+0200] {processor.py:175} INFO - Processing /home/humbulani/miniconda3/envs/apache-airflow/lib/python3.8/site-packages/airflow/example_dags/example_latest_only_with_trigger.py took 0.146 seconds
[2023-03-26T22:19:46.108+0200] {processor.py:153} INFO - Started process (PID=20152) to work on /home/humbulani/miniconda3/envs/apache-airflow/lib/python3.8/site-packages/airflow/example_dags/example_latest_only_with_trigger.py
[2023-03-26T22:19:46.109+0200] {processor.py:743} INFO - Processing file /home/humbulani/miniconda3/envs/apache-airflow/lib/python3.8/site-packages/airflow/example_dags/example_latest_only_with_trigger.py for tasks to queue
[2023-03-26T22:19:46.109+0200] {logging_mixin.py:137} INFO - [2023-03-26T22:19:46.109+0200] {dagbag.py:532} INFO - Filling up the DagBag from /home/humbulani/miniconda3/envs/apache-airflow/lib/python3.8/site-packages/airflow/example_dags/example_latest_only_with_trigger.py
[2023-03-26T22:19:46.122+0200] {processor.py:753} INFO - DAG(s) dict_keys(['latest_only_with_trigger']) retrieved from /home/humbulani/miniconda3/envs/apache-airflow/lib/python3.8/site-packages/airflow/example_dags/example_latest_only_with_trigger.py
[2023-03-26T22:19:46.138+0200] {logging_mixin.py:137} INFO - [2023-03-26T22:19:46.138+0200] {dag.py:2693} INFO - Sync 1 DAGs
[2023-03-26T22:19:46.156+0200] {logging_mixin.py:137} INFO - [2023-03-26T22:19:46.156+0200] {dag.py:3440} INFO - Setting next_dagrun for latest_only_with_trigger to 2023-03-26T16:19:46.155849+00:00, run_after=2023-03-26T20:19:46.155849+00:00
[2023-03-26T22:19:46.255+0200] {processor.py:175} INFO - Processing /home/humbulani/miniconda3/envs/apache-airflow/lib/python3.8/site-packages/airflow/example_dags/example_latest_only_with_trigger.py took 0.149 seconds
[2023-03-26T22:20:30.972+0200] {processor.py:153} INFO - Started process (PID=20197) to work on /home/humbulani/miniconda3/envs/apache-airflow/lib/python3.8/site-packages/airflow/example_dags/example_latest_only_with_trigger.py
[2023-03-26T22:20:30.989+0200] {processor.py:743} INFO - Processing file /home/humbulani/miniconda3/envs/apache-airflow/lib/python3.8/site-packages/airflow/example_dags/example_latest_only_with_trigger.py for tasks to queue
[2023-03-26T22:20:30.990+0200] {logging_mixin.py:137} INFO - [2023-03-26T22:20:30.990+0200] {dagbag.py:532} INFO - Filling up the DagBag from /home/humbulani/miniconda3/envs/apache-airflow/lib/python3.8/site-packages/airflow/example_dags/example_latest_only_with_trigger.py
[2023-03-26T22:20:31.002+0200] {processor.py:753} INFO - DAG(s) dict_keys(['latest_only_with_trigger']) retrieved from /home/humbulani/miniconda3/envs/apache-airflow/lib/python3.8/site-packages/airflow/example_dags/example_latest_only_with_trigger.py
[2023-03-26T22:20:31.020+0200] {logging_mixin.py:137} INFO - [2023-03-26T22:20:31.020+0200] {dag.py:2693} INFO - Sync 1 DAGs
[2023-03-26T22:20:31.038+0200] {logging_mixin.py:137} INFO - [2023-03-26T22:20:31.038+0200] {dag.py:3440} INFO - Setting next_dagrun for latest_only_with_trigger to 2023-03-26T16:20:31.038327+00:00, run_after=2023-03-26T20:20:31.038327+00:00
[2023-03-26T22:20:31.115+0200] {processor.py:175} INFO - Processing /home/humbulani/miniconda3/envs/apache-airflow/lib/python3.8/site-packages/airflow/example_dags/example_latest_only_with_trigger.py took 0.145 seconds
[2023-03-26T22:21:16.754+0200] {processor.py:153} INFO - Started process (PID=20287) to work on /home/humbulani/miniconda3/envs/apache-airflow/lib/python3.8/site-packages/airflow/example_dags/example_latest_only_with_trigger.py
[2023-03-26T22:21:16.757+0200] {processor.py:743} INFO - Processing file /home/humbulani/miniconda3/envs/apache-airflow/lib/python3.8/site-packages/airflow/example_dags/example_latest_only_with_trigger.py for tasks to queue
[2023-03-26T22:21:16.758+0200] {logging_mixin.py:137} INFO - [2023-03-26T22:21:16.757+0200] {dagbag.py:532} INFO - Filling up the DagBag from /home/humbulani/miniconda3/envs/apache-airflow/lib/python3.8/site-packages/airflow/example_dags/example_latest_only_with_trigger.py
[2023-03-26T22:21:16.770+0200] {processor.py:753} INFO - DAG(s) dict_keys(['latest_only_with_trigger']) retrieved from /home/humbulani/miniconda3/envs/apache-airflow/lib/python3.8/site-packages/airflow/example_dags/example_latest_only_with_trigger.py
[2023-03-26T22:21:16.787+0200] {logging_mixin.py:137} INFO - [2023-03-26T22:21:16.787+0200] {dag.py:2693} INFO - Sync 1 DAGs
[2023-03-26T22:21:16.805+0200] {logging_mixin.py:137} INFO - [2023-03-26T22:21:16.804+0200] {dag.py:3440} INFO - Setting next_dagrun for latest_only_with_trigger to 2023-03-26T16:21:16.804756+00:00, run_after=2023-03-26T20:21:16.804756+00:00
[2023-03-26T22:21:16.896+0200] {processor.py:175} INFO - Processing /home/humbulani/miniconda3/envs/apache-airflow/lib/python3.8/site-packages/airflow/example_dags/example_latest_only_with_trigger.py took 0.145 seconds
[2023-03-26T22:22:01.243+0200] {processor.py:153} INFO - Started process (PID=20331) to work on /home/humbulani/miniconda3/envs/apache-airflow/lib/python3.8/site-packages/airflow/example_dags/example_latest_only_with_trigger.py
[2023-03-26T22:22:01.261+0200] {processor.py:743} INFO - Processing file /home/humbulani/miniconda3/envs/apache-airflow/lib/python3.8/site-packages/airflow/example_dags/example_latest_only_with_trigger.py for tasks to queue
[2023-03-26T22:22:01.262+0200] {logging_mixin.py:137} INFO - [2023-03-26T22:22:01.261+0200] {dagbag.py:532} INFO - Filling up the DagBag from /home/humbulani/miniconda3/envs/apache-airflow/lib/python3.8/site-packages/airflow/example_dags/example_latest_only_with_trigger.py
[2023-03-26T22:22:01.274+0200] {processor.py:753} INFO - DAG(s) dict_keys(['latest_only_with_trigger']) retrieved from /home/humbulani/miniconda3/envs/apache-airflow/lib/python3.8/site-packages/airflow/example_dags/example_latest_only_with_trigger.py
[2023-03-26T22:22:01.293+0200] {logging_mixin.py:137} INFO - [2023-03-26T22:22:01.293+0200] {dag.py:2693} INFO - Sync 1 DAGs
[2023-03-26T22:22:01.312+0200] {logging_mixin.py:137} INFO - [2023-03-26T22:22:01.312+0200] {dag.py:3440} INFO - Setting next_dagrun for latest_only_with_trigger to 2023-03-26T16:22:01.311812+00:00, run_after=2023-03-26T20:22:01.311812+00:00
[2023-03-26T22:22:01.390+0200] {processor.py:175} INFO - Processing /home/humbulani/miniconda3/envs/apache-airflow/lib/python3.8/site-packages/airflow/example_dags/example_latest_only_with_trigger.py took 0.150 seconds
[2023-03-26T22:22:46.587+0200] {processor.py:153} INFO - Started process (PID=20374) to work on /home/humbulani/miniconda3/envs/apache-airflow/lib/python3.8/site-packages/airflow/example_dags/example_latest_only_with_trigger.py
[2023-03-26T22:22:46.601+0200] {processor.py:743} INFO - Processing file /home/humbulani/miniconda3/envs/apache-airflow/lib/python3.8/site-packages/airflow/example_dags/example_latest_only_with_trigger.py for tasks to queue
[2023-03-26T22:22:46.602+0200] {logging_mixin.py:137} INFO - [2023-03-26T22:22:46.602+0200] {dagbag.py:532} INFO - Filling up the DagBag from /home/humbulani/miniconda3/envs/apache-airflow/lib/python3.8/site-packages/airflow/example_dags/example_latest_only_with_trigger.py
[2023-03-26T22:22:46.619+0200] {processor.py:753} INFO - DAG(s) dict_keys(['latest_only_with_trigger']) retrieved from /home/humbulani/miniconda3/envs/apache-airflow/lib/python3.8/site-packages/airflow/example_dags/example_latest_only_with_trigger.py
[2023-03-26T22:22:46.639+0200] {logging_mixin.py:137} INFO - [2023-03-26T22:22:46.639+0200] {dag.py:2693} INFO - Sync 1 DAGs
[2023-03-26T22:22:46.655+0200] {logging_mixin.py:137} INFO - [2023-03-26T22:22:46.655+0200] {dag.py:3440} INFO - Setting next_dagrun for latest_only_with_trigger to 2023-03-26T16:22:46.655470+00:00, run_after=2023-03-26T20:22:46.655470+00:00
[2023-03-26T22:22:46.727+0200] {processor.py:175} INFO - Processing /home/humbulani/miniconda3/envs/apache-airflow/lib/python3.8/site-packages/airflow/example_dags/example_latest_only_with_trigger.py took 0.142 seconds
