[2023-03-26T21:39:26.924+0200] {processor.py:153} INFO - Started process (PID=16645) to work on /home/humbulani/miniconda3/envs/apache-airflow/lib/python3.8/site-packages/airflow/example_dags/example_short_circuit_operator.py
[2023-03-26T21:39:26.924+0200] {processor.py:743} INFO - Processing file /home/humbulani/miniconda3/envs/apache-airflow/lib/python3.8/site-packages/airflow/example_dags/example_short_circuit_operator.py for tasks to queue
[2023-03-26T21:39:26.925+0200] {logging_mixin.py:137} INFO - [2023-03-26T21:39:26.925+0200] {dagbag.py:532} INFO - Filling up the DagBag from /home/humbulani/miniconda3/envs/apache-airflow/lib/python3.8/site-packages/airflow/example_dags/example_short_circuit_operator.py
[2023-03-26T21:39:26.941+0200] {processor.py:753} INFO - DAG(s) dict_keys(['example_short_circuit_operator']) retrieved from /home/humbulani/miniconda3/envs/apache-airflow/lib/python3.8/site-packages/airflow/example_dags/example_short_circuit_operator.py
[2023-03-26T21:39:27.191+0200] {logging_mixin.py:137} INFO - [2023-03-26T21:39:27.191+0200] {manager.py:504} INFO - Created Permission View: can edit on DAG:example_short_circuit_operator
[2023-03-26T21:39:27.275+0200] {logging_mixin.py:137} INFO - [2023-03-26T21:39:27.274+0200] {manager.py:504} INFO - Created Permission View: can read on DAG:example_short_circuit_operator
[2023-03-26T21:39:27.350+0200] {logging_mixin.py:137} INFO - [2023-03-26T21:39:27.349+0200] {manager.py:504} INFO - Created Permission View: can delete on DAG:example_short_circuit_operator
[2023-03-26T21:39:27.350+0200] {logging_mixin.py:137} INFO - [2023-03-26T21:39:27.350+0200] {dag.py:2693} INFO - Sync 1 DAGs
[2023-03-26T21:39:27.383+0200] {logging_mixin.py:137} INFO - [2023-03-26T21:39:27.382+0200] {dag.py:2714} INFO - Creating ORM DAG for example_short_circuit_operator
[2023-03-26T21:39:27.406+0200] {logging_mixin.py:137} INFO - [2023-03-26T21:39:27.405+0200] {dag.py:3440} INFO - Setting next_dagrun for example_short_circuit_operator to 2023-03-25T19:39:27.405420+00:00, run_after=2023-03-26T19:39:27.405420+00:00
[2023-03-26T21:39:27.525+0200] {processor.py:175} INFO - Processing /home/humbulani/miniconda3/envs/apache-airflow/lib/python3.8/site-packages/airflow/example_dags/example_short_circuit_operator.py took 0.604 seconds
[2023-03-26T21:40:25.984+0200] {processor.py:153} INFO - Started process (PID=16745) to work on /home/humbulani/miniconda3/envs/apache-airflow/lib/python3.8/site-packages/airflow/example_dags/example_short_circuit_operator.py
[2023-03-26T21:40:25.989+0200] {processor.py:743} INFO - Processing file /home/humbulani/miniconda3/envs/apache-airflow/lib/python3.8/site-packages/airflow/example_dags/example_short_circuit_operator.py for tasks to queue
[2023-03-26T21:40:25.990+0200] {logging_mixin.py:137} INFO - [2023-03-26T21:40:25.990+0200] {dagbag.py:532} INFO - Filling up the DagBag from /home/humbulani/miniconda3/envs/apache-airflow/lib/python3.8/site-packages/airflow/example_dags/example_short_circuit_operator.py
[2023-03-26T21:40:26.004+0200] {processor.py:753} INFO - DAG(s) dict_keys(['example_short_circuit_operator']) retrieved from /home/humbulani/miniconda3/envs/apache-airflow/lib/python3.8/site-packages/airflow/example_dags/example_short_circuit_operator.py
[2023-03-26T21:40:26.026+0200] {logging_mixin.py:137} INFO - [2023-03-26T21:40:26.026+0200] {dag.py:2693} INFO - Sync 1 DAGs
[2023-03-26T21:40:26.044+0200] {logging_mixin.py:137} INFO - [2023-03-26T21:40:26.044+0200] {dag.py:3440} INFO - Setting next_dagrun for example_short_circuit_operator to 2023-03-25T19:40:26.044112+00:00, run_after=2023-03-26T19:40:26.044112+00:00
[2023-03-26T21:40:26.116+0200] {processor.py:175} INFO - Processing /home/humbulani/miniconda3/envs/apache-airflow/lib/python3.8/site-packages/airflow/example_dags/example_short_circuit_operator.py took 0.134 seconds
[2023-03-26T21:48:00.165+0200] {processor.py:153} INFO - Started process (PID=16840) to work on /home/humbulani/miniconda3/envs/apache-airflow/lib/python3.8/site-packages/airflow/example_dags/example_short_circuit_operator.py
[2023-03-26T21:48:00.197+0200] {processor.py:743} INFO - Processing file /home/humbulani/miniconda3/envs/apache-airflow/lib/python3.8/site-packages/airflow/example_dags/example_short_circuit_operator.py for tasks to queue
[2023-03-26T21:48:00.198+0200] {logging_mixin.py:137} INFO - [2023-03-26T21:48:00.198+0200] {dagbag.py:532} INFO - Filling up the DagBag from /home/humbulani/miniconda3/envs/apache-airflow/lib/python3.8/site-packages/airflow/example_dags/example_short_circuit_operator.py
[2023-03-26T21:48:00.212+0200] {processor.py:753} INFO - DAG(s) dict_keys(['example_short_circuit_operator']) retrieved from /home/humbulani/miniconda3/envs/apache-airflow/lib/python3.8/site-packages/airflow/example_dags/example_short_circuit_operator.py
[2023-03-26T21:48:00.231+0200] {logging_mixin.py:137} INFO - [2023-03-26T21:48:00.231+0200] {dag.py:2693} INFO - Sync 1 DAGs
[2023-03-26T21:48:00.249+0200] {logging_mixin.py:137} INFO - [2023-03-26T21:48:00.249+0200] {dag.py:3440} INFO - Setting next_dagrun for example_short_circuit_operator to 2023-03-25T19:48:00.248905+00:00, run_after=2023-03-26T19:48:00.248905+00:00
[2023-03-26T21:48:00.325+0200] {processor.py:175} INFO - Processing /home/humbulani/miniconda3/envs/apache-airflow/lib/python3.8/site-packages/airflow/example_dags/example_short_circuit_operator.py took 0.162 seconds
[2023-03-26T21:48:47.857+0200] {processor.py:153} INFO - Started process (PID=16920) to work on /home/humbulani/miniconda3/envs/apache-airflow/lib/python3.8/site-packages/airflow/example_dags/example_short_circuit_operator.py
[2023-03-26T21:48:47.880+0200] {processor.py:743} INFO - Processing file /home/humbulani/miniconda3/envs/apache-airflow/lib/python3.8/site-packages/airflow/example_dags/example_short_circuit_operator.py for tasks to queue
[2023-03-26T21:48:47.881+0200] {logging_mixin.py:137} INFO - [2023-03-26T21:48:47.881+0200] {dagbag.py:532} INFO - Filling up the DagBag from /home/humbulani/miniconda3/envs/apache-airflow/lib/python3.8/site-packages/airflow/example_dags/example_short_circuit_operator.py
[2023-03-26T21:48:47.895+0200] {processor.py:753} INFO - DAG(s) dict_keys(['example_short_circuit_operator']) retrieved from /home/humbulani/miniconda3/envs/apache-airflow/lib/python3.8/site-packages/airflow/example_dags/example_short_circuit_operator.py
[2023-03-26T21:48:49.176+0200] {logging_mixin.py:137} INFO - [2023-03-26T21:48:49.176+0200] {dag.py:2693} INFO - Sync 1 DAGs
[2023-03-26T21:48:49.196+0200] {logging_mixin.py:137} INFO - [2023-03-26T21:48:49.196+0200] {dag.py:3440} INFO - Setting next_dagrun for example_short_circuit_operator to 2023-03-25T19:48:49.196481+00:00, run_after=2023-03-26T19:48:49.196481+00:00
[2023-03-26T21:48:49.286+0200] {processor.py:175} INFO - Processing /home/humbulani/miniconda3/envs/apache-airflow/lib/python3.8/site-packages/airflow/example_dags/example_short_circuit_operator.py took 1.433 seconds
[2023-03-26T21:49:38.876+0200] {processor.py:153} INFO - Started process (PID=16962) to work on /home/humbulani/miniconda3/envs/apache-airflow/lib/python3.8/site-packages/airflow/example_dags/example_short_circuit_operator.py
[2023-03-26T21:49:38.890+0200] {processor.py:743} INFO - Processing file /home/humbulani/miniconda3/envs/apache-airflow/lib/python3.8/site-packages/airflow/example_dags/example_short_circuit_operator.py for tasks to queue
[2023-03-26T21:49:38.890+0200] {logging_mixin.py:137} INFO - [2023-03-26T21:49:38.890+0200] {dagbag.py:532} INFO - Filling up the DagBag from /home/humbulani/miniconda3/envs/apache-airflow/lib/python3.8/site-packages/airflow/example_dags/example_short_circuit_operator.py
[2023-03-26T21:49:38.904+0200] {processor.py:753} INFO - DAG(s) dict_keys(['example_short_circuit_operator']) retrieved from /home/humbulani/miniconda3/envs/apache-airflow/lib/python3.8/site-packages/airflow/example_dags/example_short_circuit_operator.py
[2023-03-26T21:49:38.922+0200] {logging_mixin.py:137} INFO - [2023-03-26T21:49:38.922+0200] {dag.py:2693} INFO - Sync 1 DAGs
[2023-03-26T21:49:38.939+0200] {logging_mixin.py:137} INFO - [2023-03-26T21:49:38.939+0200] {dag.py:3440} INFO - Setting next_dagrun for example_short_circuit_operator to 2023-03-25T19:49:38.939477+00:00, run_after=2023-03-26T19:49:38.939477+00:00
[2023-03-26T21:49:39.021+0200] {processor.py:175} INFO - Processing /home/humbulani/miniconda3/envs/apache-airflow/lib/python3.8/site-packages/airflow/example_dags/example_short_circuit_operator.py took 0.147 seconds
[2023-03-26T21:50:22.718+0200] {processor.py:153} INFO - Started process (PID=17007) to work on /home/humbulani/miniconda3/envs/apache-airflow/lib/python3.8/site-packages/airflow/example_dags/example_short_circuit_operator.py
[2023-03-26T21:50:22.749+0200] {processor.py:743} INFO - Processing file /home/humbulani/miniconda3/envs/apache-airflow/lib/python3.8/site-packages/airflow/example_dags/example_short_circuit_operator.py for tasks to queue
[2023-03-26T21:50:22.750+0200] {logging_mixin.py:137} INFO - [2023-03-26T21:50:22.750+0200] {dagbag.py:532} INFO - Filling up the DagBag from /home/humbulani/miniconda3/envs/apache-airflow/lib/python3.8/site-packages/airflow/example_dags/example_short_circuit_operator.py
[2023-03-26T21:50:22.764+0200] {processor.py:753} INFO - DAG(s) dict_keys(['example_short_circuit_operator']) retrieved from /home/humbulani/miniconda3/envs/apache-airflow/lib/python3.8/site-packages/airflow/example_dags/example_short_circuit_operator.py
[2023-03-26T21:50:22.784+0200] {logging_mixin.py:137} INFO - [2023-03-26T21:50:22.784+0200] {dag.py:2693} INFO - Sync 1 DAGs
[2023-03-26T21:50:22.802+0200] {logging_mixin.py:137} INFO - [2023-03-26T21:50:22.802+0200] {dag.py:3440} INFO - Setting next_dagrun for example_short_circuit_operator to 2023-03-25T19:50:22.802361+00:00, run_after=2023-03-26T19:50:22.802361+00:00
[2023-03-26T21:50:22.882+0200] {processor.py:175} INFO - Processing /home/humbulani/miniconda3/envs/apache-airflow/lib/python3.8/site-packages/airflow/example_dags/example_short_circuit_operator.py took 0.165 seconds
[2023-03-26T21:51:09.054+0200] {processor.py:153} INFO - Started process (PID=17114) to work on /home/humbulani/miniconda3/envs/apache-airflow/lib/python3.8/site-packages/airflow/example_dags/example_short_circuit_operator.py
[2023-03-26T21:51:09.068+0200] {processor.py:743} INFO - Processing file /home/humbulani/miniconda3/envs/apache-airflow/lib/python3.8/site-packages/airflow/example_dags/example_short_circuit_operator.py for tasks to queue
[2023-03-26T21:51:09.069+0200] {logging_mixin.py:137} INFO - [2023-03-26T21:51:09.069+0200] {dagbag.py:532} INFO - Filling up the DagBag from /home/humbulani/miniconda3/envs/apache-airflow/lib/python3.8/site-packages/airflow/example_dags/example_short_circuit_operator.py
[2023-03-26T21:51:09.085+0200] {processor.py:753} INFO - DAG(s) dict_keys(['example_short_circuit_operator']) retrieved from /home/humbulani/miniconda3/envs/apache-airflow/lib/python3.8/site-packages/airflow/example_dags/example_short_circuit_operator.py
[2023-03-26T21:51:09.104+0200] {logging_mixin.py:137} INFO - [2023-03-26T21:51:09.104+0200] {dag.py:2693} INFO - Sync 1 DAGs
[2023-03-26T21:51:09.123+0200] {logging_mixin.py:137} INFO - [2023-03-26T21:51:09.123+0200] {dag.py:3440} INFO - Setting next_dagrun for example_short_circuit_operator to 2023-03-25T19:51:09.123021+00:00, run_after=2023-03-26T19:51:09.123021+00:00
[2023-03-26T21:51:09.210+0200] {processor.py:175} INFO - Processing /home/humbulani/miniconda3/envs/apache-airflow/lib/python3.8/site-packages/airflow/example_dags/example_short_circuit_operator.py took 0.159 seconds
[2023-03-26T21:51:53.424+0200] {processor.py:153} INFO - Started process (PID=17166) to work on /home/humbulani/miniconda3/envs/apache-airflow/lib/python3.8/site-packages/airflow/example_dags/example_short_circuit_operator.py
[2023-03-26T21:51:53.429+0200] {processor.py:743} INFO - Processing file /home/humbulani/miniconda3/envs/apache-airflow/lib/python3.8/site-packages/airflow/example_dags/example_short_circuit_operator.py for tasks to queue
[2023-03-26T21:51:53.430+0200] {logging_mixin.py:137} INFO - [2023-03-26T21:51:53.430+0200] {dagbag.py:532} INFO - Filling up the DagBag from /home/humbulani/miniconda3/envs/apache-airflow/lib/python3.8/site-packages/airflow/example_dags/example_short_circuit_operator.py
[2023-03-26T21:51:53.445+0200] {processor.py:753} INFO - DAG(s) dict_keys(['example_short_circuit_operator']) retrieved from /home/humbulani/miniconda3/envs/apache-airflow/lib/python3.8/site-packages/airflow/example_dags/example_short_circuit_operator.py
[2023-03-26T21:51:53.463+0200] {logging_mixin.py:137} INFO - [2023-03-26T21:51:53.463+0200] {dag.py:2693} INFO - Sync 1 DAGs
[2023-03-26T21:51:53.480+0200] {logging_mixin.py:137} INFO - [2023-03-26T21:51:53.480+0200] {dag.py:3440} INFO - Setting next_dagrun for example_short_circuit_operator to 2023-03-25T19:51:53.480151+00:00, run_after=2023-03-26T19:51:53.480151+00:00
[2023-03-26T21:51:53.570+0200] {processor.py:175} INFO - Processing /home/humbulani/miniconda3/envs/apache-airflow/lib/python3.8/site-packages/airflow/example_dags/example_short_circuit_operator.py took 0.150 seconds
[2023-03-26T21:52:41.839+0200] {processor.py:153} INFO - Started process (PID=17209) to work on /home/humbulani/miniconda3/envs/apache-airflow/lib/python3.8/site-packages/airflow/example_dags/example_short_circuit_operator.py
[2023-03-26T21:52:41.874+0200] {processor.py:743} INFO - Processing file /home/humbulani/miniconda3/envs/apache-airflow/lib/python3.8/site-packages/airflow/example_dags/example_short_circuit_operator.py for tasks to queue
[2023-03-26T21:52:41.874+0200] {logging_mixin.py:137} INFO - [2023-03-26T21:52:41.874+0200] {dagbag.py:532} INFO - Filling up the DagBag from /home/humbulani/miniconda3/envs/apache-airflow/lib/python3.8/site-packages/airflow/example_dags/example_short_circuit_operator.py
[2023-03-26T21:52:41.892+0200] {processor.py:753} INFO - DAG(s) dict_keys(['example_short_circuit_operator']) retrieved from /home/humbulani/miniconda3/envs/apache-airflow/lib/python3.8/site-packages/airflow/example_dags/example_short_circuit_operator.py
[2023-03-26T21:52:41.916+0200] {logging_mixin.py:137} INFO - [2023-03-26T21:52:41.915+0200] {dag.py:2693} INFO - Sync 1 DAGs
[2023-03-26T21:52:41.934+0200] {logging_mixin.py:137} INFO - [2023-03-26T21:52:41.934+0200] {dag.py:3440} INFO - Setting next_dagrun for example_short_circuit_operator to 2023-03-25T19:52:41.934446+00:00, run_after=2023-03-26T19:52:41.934446+00:00
[2023-03-26T21:52:42.101+0200] {processor.py:175} INFO - Processing /home/humbulani/miniconda3/envs/apache-airflow/lib/python3.8/site-packages/airflow/example_dags/example_short_circuit_operator.py took 0.265 seconds
[2023-03-26T21:53:31.650+0200] {processor.py:153} INFO - Started process (PID=17264) to work on /home/humbulani/miniconda3/envs/apache-airflow/lib/python3.8/site-packages/airflow/example_dags/example_short_circuit_operator.py
[2023-03-26T21:53:31.685+0200] {processor.py:743} INFO - Processing file /home/humbulani/miniconda3/envs/apache-airflow/lib/python3.8/site-packages/airflow/example_dags/example_short_circuit_operator.py for tasks to queue
[2023-03-26T21:53:31.686+0200] {logging_mixin.py:137} INFO - [2023-03-26T21:53:31.686+0200] {dagbag.py:532} INFO - Filling up the DagBag from /home/humbulani/miniconda3/envs/apache-airflow/lib/python3.8/site-packages/airflow/example_dags/example_short_circuit_operator.py
[2023-03-26T21:53:31.704+0200] {processor.py:753} INFO - DAG(s) dict_keys(['example_short_circuit_operator']) retrieved from /home/humbulani/miniconda3/envs/apache-airflow/lib/python3.8/site-packages/airflow/example_dags/example_short_circuit_operator.py
[2023-03-26T21:53:31.728+0200] {logging_mixin.py:137} INFO - [2023-03-26T21:53:31.728+0200] {dag.py:2693} INFO - Sync 1 DAGs
[2023-03-26T21:53:31.825+0200] {logging_mixin.py:137} INFO - [2023-03-26T21:53:31.825+0200] {dag.py:3440} INFO - Setting next_dagrun for example_short_circuit_operator to 2023-03-25T19:53:31.825077+00:00, run_after=2023-03-26T19:53:31.825077+00:00
[2023-03-26T21:53:31.904+0200] {processor.py:175} INFO - Processing /home/humbulani/miniconda3/envs/apache-airflow/lib/python3.8/site-packages/airflow/example_dags/example_short_circuit_operator.py took 0.257 seconds
[2023-03-26T21:54:20.703+0200] {processor.py:153} INFO - Started process (PID=17311) to work on /home/humbulani/miniconda3/envs/apache-airflow/lib/python3.8/site-packages/airflow/example_dags/example_short_circuit_operator.py
[2023-03-26T21:54:20.704+0200] {processor.py:743} INFO - Processing file /home/humbulani/miniconda3/envs/apache-airflow/lib/python3.8/site-packages/airflow/example_dags/example_short_circuit_operator.py for tasks to queue
[2023-03-26T21:54:20.705+0200] {logging_mixin.py:137} INFO - [2023-03-26T21:54:20.704+0200] {dagbag.py:532} INFO - Filling up the DagBag from /home/humbulani/miniconda3/envs/apache-airflow/lib/python3.8/site-packages/airflow/example_dags/example_short_circuit_operator.py
[2023-03-26T21:54:20.722+0200] {processor.py:753} INFO - DAG(s) dict_keys(['example_short_circuit_operator']) retrieved from /home/humbulani/miniconda3/envs/apache-airflow/lib/python3.8/site-packages/airflow/example_dags/example_short_circuit_operator.py
[2023-03-26T21:54:20.821+0200] {logging_mixin.py:137} INFO - [2023-03-26T21:54:20.821+0200] {dag.py:2693} INFO - Sync 1 DAGs
[2023-03-26T21:54:20.837+0200] {logging_mixin.py:137} INFO - [2023-03-26T21:54:20.837+0200] {dag.py:3440} INFO - Setting next_dagrun for example_short_circuit_operator to 2023-03-25T19:54:20.837657+00:00, run_after=2023-03-26T19:54:20.837657+00:00
[2023-03-26T21:54:20.915+0200] {processor.py:175} INFO - Processing /home/humbulani/miniconda3/envs/apache-airflow/lib/python3.8/site-packages/airflow/example_dags/example_short_circuit_operator.py took 0.215 seconds
[2023-03-26T21:55:10.286+0200] {processor.py:153} INFO - Started process (PID=17355) to work on /home/humbulani/miniconda3/envs/apache-airflow/lib/python3.8/site-packages/airflow/example_dags/example_short_circuit_operator.py
[2023-03-26T21:55:10.286+0200] {processor.py:743} INFO - Processing file /home/humbulani/miniconda3/envs/apache-airflow/lib/python3.8/site-packages/airflow/example_dags/example_short_circuit_operator.py for tasks to queue
[2023-03-26T21:55:10.287+0200] {logging_mixin.py:137} INFO - [2023-03-26T21:55:10.287+0200] {dagbag.py:532} INFO - Filling up the DagBag from /home/humbulani/miniconda3/envs/apache-airflow/lib/python3.8/site-packages/airflow/example_dags/example_short_circuit_operator.py
[2023-03-26T21:55:10.302+0200] {processor.py:753} INFO - DAG(s) dict_keys(['example_short_circuit_operator']) retrieved from /home/humbulani/miniconda3/envs/apache-airflow/lib/python3.8/site-packages/airflow/example_dags/example_short_circuit_operator.py
[2023-03-26T21:55:10.404+0200] {logging_mixin.py:137} INFO - [2023-03-26T21:55:10.404+0200] {dag.py:2693} INFO - Sync 1 DAGs
[2023-03-26T21:55:10.421+0200] {logging_mixin.py:137} INFO - [2023-03-26T21:55:10.421+0200] {dag.py:3440} INFO - Setting next_dagrun for example_short_circuit_operator to 2023-03-25T19:55:10.420966+00:00, run_after=2023-03-26T19:55:10.420966+00:00
[2023-03-26T21:55:10.525+0200] {processor.py:175} INFO - Processing /home/humbulani/miniconda3/envs/apache-airflow/lib/python3.8/site-packages/airflow/example_dags/example_short_circuit_operator.py took 0.241 seconds
[2023-03-26T21:56:01.431+0200] {processor.py:153} INFO - Started process (PID=17457) to work on /home/humbulani/miniconda3/envs/apache-airflow/lib/python3.8/site-packages/airflow/example_dags/example_short_circuit_operator.py
[2023-03-26T21:56:01.443+0200] {processor.py:743} INFO - Processing file /home/humbulani/miniconda3/envs/apache-airflow/lib/python3.8/site-packages/airflow/example_dags/example_short_circuit_operator.py for tasks to queue
[2023-03-26T21:56:01.444+0200] {logging_mixin.py:137} INFO - [2023-03-26T21:56:01.444+0200] {dagbag.py:532} INFO - Filling up the DagBag from /home/humbulani/miniconda3/envs/apache-airflow/lib/python3.8/site-packages/airflow/example_dags/example_short_circuit_operator.py
[2023-03-26T21:56:01.550+0200] {processor.py:753} INFO - DAG(s) dict_keys(['example_short_circuit_operator']) retrieved from /home/humbulani/miniconda3/envs/apache-airflow/lib/python3.8/site-packages/airflow/example_dags/example_short_circuit_operator.py
[2023-03-26T21:56:01.568+0200] {logging_mixin.py:137} INFO - [2023-03-26T21:56:01.568+0200] {dag.py:2693} INFO - Sync 1 DAGs
[2023-03-26T21:56:01.586+0200] {logging_mixin.py:137} INFO - [2023-03-26T21:56:01.585+0200] {dag.py:3440} INFO - Setting next_dagrun for example_short_circuit_operator to 2023-03-25T19:56:01.585721+00:00, run_after=2023-03-26T19:56:01.585721+00:00
[2023-03-26T21:56:01.670+0200] {processor.py:175} INFO - Processing /home/humbulani/miniconda3/envs/apache-airflow/lib/python3.8/site-packages/airflow/example_dags/example_short_circuit_operator.py took 0.241 seconds
[2023-03-26T21:56:46.291+0200] {processor.py:153} INFO - Started process (PID=17499) to work on /home/humbulani/miniconda3/envs/apache-airflow/lib/python3.8/site-packages/airflow/example_dags/example_short_circuit_operator.py
[2023-03-26T21:56:46.316+0200] {processor.py:743} INFO - Processing file /home/humbulani/miniconda3/envs/apache-airflow/lib/python3.8/site-packages/airflow/example_dags/example_short_circuit_operator.py for tasks to queue
[2023-03-26T21:56:46.317+0200] {logging_mixin.py:137} INFO - [2023-03-26T21:56:46.317+0200] {dagbag.py:532} INFO - Filling up the DagBag from /home/humbulani/miniconda3/envs/apache-airflow/lib/python3.8/site-packages/airflow/example_dags/example_short_circuit_operator.py
[2023-03-26T21:56:46.331+0200] {processor.py:753} INFO - DAG(s) dict_keys(['example_short_circuit_operator']) retrieved from /home/humbulani/miniconda3/envs/apache-airflow/lib/python3.8/site-packages/airflow/example_dags/example_short_circuit_operator.py
[2023-03-26T21:56:46.349+0200] {logging_mixin.py:137} INFO - [2023-03-26T21:56:46.349+0200] {dag.py:2693} INFO - Sync 1 DAGs
[2023-03-26T21:56:46.367+0200] {logging_mixin.py:137} INFO - [2023-03-26T21:56:46.367+0200] {dag.py:3440} INFO - Setting next_dagrun for example_short_circuit_operator to 2023-03-25T19:56:46.367409+00:00, run_after=2023-03-26T19:56:46.367409+00:00
[2023-03-26T21:56:46.448+0200] {processor.py:175} INFO - Processing /home/humbulani/miniconda3/envs/apache-airflow/lib/python3.8/site-packages/airflow/example_dags/example_short_circuit_operator.py took 0.159 seconds
[2023-03-26T21:57:29.170+0200] {processor.py:153} INFO - Started process (PID=17610) to work on /home/humbulani/miniconda3/envs/apache-airflow/lib/python3.8/site-packages/airflow/example_dags/example_short_circuit_operator.py
[2023-03-26T21:57:29.186+0200] {processor.py:743} INFO - Processing file /home/humbulani/miniconda3/envs/apache-airflow/lib/python3.8/site-packages/airflow/example_dags/example_short_circuit_operator.py for tasks to queue
[2023-03-26T21:57:29.187+0200] {logging_mixin.py:137} INFO - [2023-03-26T21:57:29.187+0200] {dagbag.py:532} INFO - Filling up the DagBag from /home/humbulani/miniconda3/envs/apache-airflow/lib/python3.8/site-packages/airflow/example_dags/example_short_circuit_operator.py
[2023-03-26T21:57:29.203+0200] {processor.py:753} INFO - DAG(s) dict_keys(['example_short_circuit_operator']) retrieved from /home/humbulani/miniconda3/envs/apache-airflow/lib/python3.8/site-packages/airflow/example_dags/example_short_circuit_operator.py
[2023-03-26T21:57:29.224+0200] {logging_mixin.py:137} INFO - [2023-03-26T21:57:29.224+0200] {dag.py:2693} INFO - Sync 1 DAGs
[2023-03-26T21:57:29.244+0200] {logging_mixin.py:137} INFO - [2023-03-26T21:57:29.244+0200] {dag.py:3440} INFO - Setting next_dagrun for example_short_circuit_operator to 2023-03-25T19:57:29.244002+00:00, run_after=2023-03-26T19:57:29.244002+00:00
[2023-03-26T21:57:29.326+0200] {processor.py:175} INFO - Processing /home/humbulani/miniconda3/envs/apache-airflow/lib/python3.8/site-packages/airflow/example_dags/example_short_circuit_operator.py took 0.158 seconds
[2023-03-26T21:58:15.519+0200] {processor.py:153} INFO - Started process (PID=17852) to work on /home/humbulani/miniconda3/envs/apache-airflow/lib/python3.8/site-packages/airflow/example_dags/example_short_circuit_operator.py
[2023-03-26T21:58:15.598+0200] {processor.py:743} INFO - Processing file /home/humbulani/miniconda3/envs/apache-airflow/lib/python3.8/site-packages/airflow/example_dags/example_short_circuit_operator.py for tasks to queue
[2023-03-26T21:58:15.599+0200] {logging_mixin.py:137} INFO - [2023-03-26T21:58:15.598+0200] {dagbag.py:532} INFO - Filling up the DagBag from /home/humbulani/miniconda3/envs/apache-airflow/lib/python3.8/site-packages/airflow/example_dags/example_short_circuit_operator.py
[2023-03-26T21:58:15.620+0200] {processor.py:753} INFO - DAG(s) dict_keys(['example_short_circuit_operator']) retrieved from /home/humbulani/miniconda3/envs/apache-airflow/lib/python3.8/site-packages/airflow/example_dags/example_short_circuit_operator.py
[2023-03-26T21:58:15.653+0200] {logging_mixin.py:137} INFO - [2023-03-26T21:58:15.653+0200] {dag.py:2693} INFO - Sync 1 DAGs
[2023-03-26T21:58:15.683+0200] {logging_mixin.py:137} INFO - [2023-03-26T21:58:15.683+0200] {dag.py:3440} INFO - Setting next_dagrun for example_short_circuit_operator to 2023-03-25T19:58:15.682903+00:00, run_after=2023-03-26T19:58:15.682903+00:00
[2023-03-26T21:58:15.813+0200] {processor.py:175} INFO - Processing /home/humbulani/miniconda3/envs/apache-airflow/lib/python3.8/site-packages/airflow/example_dags/example_short_circuit_operator.py took 0.297 seconds
[2023-03-26T21:59:02.657+0200] {processor.py:153} INFO - Started process (PID=17910) to work on /home/humbulani/miniconda3/envs/apache-airflow/lib/python3.8/site-packages/airflow/example_dags/example_short_circuit_operator.py
[2023-03-26T21:59:02.667+0200] {processor.py:743} INFO - Processing file /home/humbulani/miniconda3/envs/apache-airflow/lib/python3.8/site-packages/airflow/example_dags/example_short_circuit_operator.py for tasks to queue
[2023-03-26T21:59:02.668+0200] {logging_mixin.py:137} INFO - [2023-03-26T21:59:02.668+0200] {dagbag.py:532} INFO - Filling up the DagBag from /home/humbulani/miniconda3/envs/apache-airflow/lib/python3.8/site-packages/airflow/example_dags/example_short_circuit_operator.py
[2023-03-26T21:59:02.683+0200] {processor.py:753} INFO - DAG(s) dict_keys(['example_short_circuit_operator']) retrieved from /home/humbulani/miniconda3/envs/apache-airflow/lib/python3.8/site-packages/airflow/example_dags/example_short_circuit_operator.py
[2023-03-26T21:59:02.701+0200] {logging_mixin.py:137} INFO - [2023-03-26T21:59:02.701+0200] {dag.py:2693} INFO - Sync 1 DAGs
[2023-03-26T21:59:02.718+0200] {logging_mixin.py:137} INFO - [2023-03-26T21:59:02.718+0200] {dag.py:3440} INFO - Setting next_dagrun for example_short_circuit_operator to 2023-03-25T19:59:02.718453+00:00, run_after=2023-03-26T19:59:02.718453+00:00
[2023-03-26T21:59:02.808+0200] {processor.py:175} INFO - Processing /home/humbulani/miniconda3/envs/apache-airflow/lib/python3.8/site-packages/airflow/example_dags/example_short_circuit_operator.py took 0.153 seconds
[2023-03-26T21:59:51.325+0200] {processor.py:153} INFO - Started process (PID=18127) to work on /home/humbulani/miniconda3/envs/apache-airflow/lib/python3.8/site-packages/airflow/example_dags/example_short_circuit_operator.py
[2023-03-26T21:59:51.329+0200] {processor.py:743} INFO - Processing file /home/humbulani/miniconda3/envs/apache-airflow/lib/python3.8/site-packages/airflow/example_dags/example_short_circuit_operator.py for tasks to queue
[2023-03-26T21:59:51.330+0200] {logging_mixin.py:137} INFO - [2023-03-26T21:59:51.330+0200] {dagbag.py:532} INFO - Filling up the DagBag from /home/humbulani/miniconda3/envs/apache-airflow/lib/python3.8/site-packages/airflow/example_dags/example_short_circuit_operator.py
[2023-03-26T21:59:51.345+0200] {processor.py:753} INFO - DAG(s) dict_keys(['example_short_circuit_operator']) retrieved from /home/humbulani/miniconda3/envs/apache-airflow/lib/python3.8/site-packages/airflow/example_dags/example_short_circuit_operator.py
[2023-03-26T21:59:51.363+0200] {logging_mixin.py:137} INFO - [2023-03-26T21:59:51.363+0200] {dag.py:2693} INFO - Sync 1 DAGs
[2023-03-26T21:59:51.380+0200] {logging_mixin.py:137} INFO - [2023-03-26T21:59:51.380+0200] {dag.py:3440} INFO - Setting next_dagrun for example_short_circuit_operator to 2023-03-25T19:59:51.380044+00:00, run_after=2023-03-26T19:59:51.380044+00:00
[2023-03-26T21:59:51.469+0200] {processor.py:175} INFO - Processing /home/humbulani/miniconda3/envs/apache-airflow/lib/python3.8/site-packages/airflow/example_dags/example_short_circuit_operator.py took 0.147 seconds
[2023-03-26T22:00:37.870+0200] {processor.py:153} INFO - Started process (PID=18178) to work on /home/humbulani/miniconda3/envs/apache-airflow/lib/python3.8/site-packages/airflow/example_dags/example_short_circuit_operator.py
[2023-03-26T22:00:37.883+0200] {processor.py:743} INFO - Processing file /home/humbulani/miniconda3/envs/apache-airflow/lib/python3.8/site-packages/airflow/example_dags/example_short_circuit_operator.py for tasks to queue
[2023-03-26T22:00:37.884+0200] {logging_mixin.py:137} INFO - [2023-03-26T22:00:37.884+0200] {dagbag.py:532} INFO - Filling up the DagBag from /home/humbulani/miniconda3/envs/apache-airflow/lib/python3.8/site-packages/airflow/example_dags/example_short_circuit_operator.py
[2023-03-26T22:00:37.901+0200] {processor.py:753} INFO - DAG(s) dict_keys(['example_short_circuit_operator']) retrieved from /home/humbulani/miniconda3/envs/apache-airflow/lib/python3.8/site-packages/airflow/example_dags/example_short_circuit_operator.py
[2023-03-26T22:00:37.922+0200] {logging_mixin.py:137} INFO - [2023-03-26T22:00:37.922+0200] {dag.py:2693} INFO - Sync 1 DAGs
[2023-03-26T22:00:37.944+0200] {logging_mixin.py:137} INFO - [2023-03-26T22:00:37.944+0200] {dag.py:3440} INFO - Setting next_dagrun for example_short_circuit_operator to 2023-03-25T20:00:37.944391+00:00, run_after=2023-03-26T20:00:37.944391+00:00
[2023-03-26T22:00:38.032+0200] {processor.py:175} INFO - Processing /home/humbulani/miniconda3/envs/apache-airflow/lib/python3.8/site-packages/airflow/example_dags/example_short_circuit_operator.py took 0.165 seconds
[2023-03-26T22:01:22.058+0200] {processor.py:153} INFO - Started process (PID=18273) to work on /home/humbulani/miniconda3/envs/apache-airflow/lib/python3.8/site-packages/airflow/example_dags/example_short_circuit_operator.py
[2023-03-26T22:01:22.070+0200] {processor.py:743} INFO - Processing file /home/humbulani/miniconda3/envs/apache-airflow/lib/python3.8/site-packages/airflow/example_dags/example_short_circuit_operator.py for tasks to queue
[2023-03-26T22:01:22.070+0200] {logging_mixin.py:137} INFO - [2023-03-26T22:01:22.070+0200] {dagbag.py:532} INFO - Filling up the DagBag from /home/humbulani/miniconda3/envs/apache-airflow/lib/python3.8/site-packages/airflow/example_dags/example_short_circuit_operator.py
[2023-03-26T22:01:22.088+0200] {processor.py:753} INFO - DAG(s) dict_keys(['example_short_circuit_operator']) retrieved from /home/humbulani/miniconda3/envs/apache-airflow/lib/python3.8/site-packages/airflow/example_dags/example_short_circuit_operator.py
[2023-03-26T22:01:22.107+0200] {logging_mixin.py:137} INFO - [2023-03-26T22:01:22.107+0200] {dag.py:2693} INFO - Sync 1 DAGs
[2023-03-26T22:01:22.124+0200] {logging_mixin.py:137} INFO - [2023-03-26T22:01:22.124+0200] {dag.py:3440} INFO - Setting next_dagrun for example_short_circuit_operator to 2023-03-25T20:01:22.124553+00:00, run_after=2023-03-26T20:01:22.124553+00:00
[2023-03-26T22:01:22.201+0200] {processor.py:175} INFO - Processing /home/humbulani/miniconda3/envs/apache-airflow/lib/python3.8/site-packages/airflow/example_dags/example_short_circuit_operator.py took 0.147 seconds
[2023-03-26T22:02:11.013+0200] {processor.py:153} INFO - Started process (PID=18519) to work on /home/humbulani/miniconda3/envs/apache-airflow/lib/python3.8/site-packages/airflow/example_dags/example_short_circuit_operator.py
[2023-03-26T22:02:11.023+0200] {processor.py:743} INFO - Processing file /home/humbulani/miniconda3/envs/apache-airflow/lib/python3.8/site-packages/airflow/example_dags/example_short_circuit_operator.py for tasks to queue
[2023-03-26T22:02:11.023+0200] {logging_mixin.py:137} INFO - [2023-03-26T22:02:11.023+0200] {dagbag.py:532} INFO - Filling up the DagBag from /home/humbulani/miniconda3/envs/apache-airflow/lib/python3.8/site-packages/airflow/example_dags/example_short_circuit_operator.py
[2023-03-26T22:02:11.037+0200] {processor.py:753} INFO - DAG(s) dict_keys(['example_short_circuit_operator']) retrieved from /home/humbulani/miniconda3/envs/apache-airflow/lib/python3.8/site-packages/airflow/example_dags/example_short_circuit_operator.py
[2023-03-26T22:02:11.056+0200] {logging_mixin.py:137} INFO - [2023-03-26T22:02:11.056+0200] {dag.py:2693} INFO - Sync 1 DAGs
[2023-03-26T22:02:11.073+0200] {logging_mixin.py:137} INFO - [2023-03-26T22:02:11.073+0200] {dag.py:3440} INFO - Setting next_dagrun for example_short_circuit_operator to 2023-03-25T20:02:11.073472+00:00, run_after=2023-03-26T20:02:11.073472+00:00
[2023-03-26T22:02:11.163+0200] {processor.py:175} INFO - Processing /home/humbulani/miniconda3/envs/apache-airflow/lib/python3.8/site-packages/airflow/example_dags/example_short_circuit_operator.py took 0.152 seconds
[2023-03-26T22:02:57.212+0200] {processor.py:153} INFO - Started process (PID=18575) to work on /home/humbulani/miniconda3/envs/apache-airflow/lib/python3.8/site-packages/airflow/example_dags/example_short_circuit_operator.py
[2023-03-26T22:02:57.220+0200] {processor.py:743} INFO - Processing file /home/humbulani/miniconda3/envs/apache-airflow/lib/python3.8/site-packages/airflow/example_dags/example_short_circuit_operator.py for tasks to queue
[2023-03-26T22:02:57.221+0200] {logging_mixin.py:137} INFO - [2023-03-26T22:02:57.221+0200] {dagbag.py:532} INFO - Filling up the DagBag from /home/humbulani/miniconda3/envs/apache-airflow/lib/python3.8/site-packages/airflow/example_dags/example_short_circuit_operator.py
[2023-03-26T22:02:57.235+0200] {processor.py:753} INFO - DAG(s) dict_keys(['example_short_circuit_operator']) retrieved from /home/humbulani/miniconda3/envs/apache-airflow/lib/python3.8/site-packages/airflow/example_dags/example_short_circuit_operator.py
[2023-03-26T22:02:57.253+0200] {logging_mixin.py:137} INFO - [2023-03-26T22:02:57.252+0200] {dag.py:2693} INFO - Sync 1 DAGs
[2023-03-26T22:02:57.269+0200] {logging_mixin.py:137} INFO - [2023-03-26T22:02:57.269+0200] {dag.py:3440} INFO - Setting next_dagrun for example_short_circuit_operator to 2023-03-25T20:02:57.269503+00:00, run_after=2023-03-26T20:02:57.269503+00:00
[2023-03-26T22:02:57.426+0200] {processor.py:175} INFO - Processing /home/humbulani/miniconda3/envs/apache-airflow/lib/python3.8/site-packages/airflow/example_dags/example_short_circuit_operator.py took 0.217 seconds
[2023-03-26T22:03:42.147+0200] {processor.py:153} INFO - Started process (PID=18637) to work on /home/humbulani/miniconda3/envs/apache-airflow/lib/python3.8/site-packages/airflow/example_dags/example_short_circuit_operator.py
[2023-03-26T22:03:42.148+0200] {processor.py:743} INFO - Processing file /home/humbulani/miniconda3/envs/apache-airflow/lib/python3.8/site-packages/airflow/example_dags/example_short_circuit_operator.py for tasks to queue
[2023-03-26T22:03:42.149+0200] {logging_mixin.py:137} INFO - [2023-03-26T22:03:42.148+0200] {dagbag.py:532} INFO - Filling up the DagBag from /home/humbulani/miniconda3/envs/apache-airflow/lib/python3.8/site-packages/airflow/example_dags/example_short_circuit_operator.py
[2023-03-26T22:03:42.164+0200] {processor.py:753} INFO - DAG(s) dict_keys(['example_short_circuit_operator']) retrieved from /home/humbulani/miniconda3/envs/apache-airflow/lib/python3.8/site-packages/airflow/example_dags/example_short_circuit_operator.py
[2023-03-26T22:03:42.184+0200] {logging_mixin.py:137} INFO - [2023-03-26T22:03:42.183+0200] {dag.py:2693} INFO - Sync 1 DAGs
[2023-03-26T22:03:42.202+0200] {logging_mixin.py:137} INFO - [2023-03-26T22:03:42.202+0200] {dag.py:3440} INFO - Setting next_dagrun for example_short_circuit_operator to 2023-03-25T20:03:42.202174+00:00, run_after=2023-03-26T20:03:42.202174+00:00
[2023-03-26T22:03:42.322+0200] {processor.py:175} INFO - Processing /home/humbulani/miniconda3/envs/apache-airflow/lib/python3.8/site-packages/airflow/example_dags/example_short_circuit_operator.py took 0.177 seconds
[2023-03-26T22:04:27.340+0200] {processor.py:153} INFO - Started process (PID=18699) to work on /home/humbulani/miniconda3/envs/apache-airflow/lib/python3.8/site-packages/airflow/example_dags/example_short_circuit_operator.py
[2023-03-26T22:04:27.341+0200] {processor.py:743} INFO - Processing file /home/humbulani/miniconda3/envs/apache-airflow/lib/python3.8/site-packages/airflow/example_dags/example_short_circuit_operator.py for tasks to queue
[2023-03-26T22:04:27.342+0200] {logging_mixin.py:137} INFO - [2023-03-26T22:04:27.342+0200] {dagbag.py:532} INFO - Filling up the DagBag from /home/humbulani/miniconda3/envs/apache-airflow/lib/python3.8/site-packages/airflow/example_dags/example_short_circuit_operator.py
[2023-03-26T22:04:27.357+0200] {processor.py:753} INFO - DAG(s) dict_keys(['example_short_circuit_operator']) retrieved from /home/humbulani/miniconda3/envs/apache-airflow/lib/python3.8/site-packages/airflow/example_dags/example_short_circuit_operator.py
[2023-03-26T22:04:27.376+0200] {logging_mixin.py:137} INFO - [2023-03-26T22:04:27.376+0200] {dag.py:2693} INFO - Sync 1 DAGs
[2023-03-26T22:04:27.396+0200] {logging_mixin.py:137} INFO - [2023-03-26T22:04:27.395+0200] {dag.py:3440} INFO - Setting next_dagrun for example_short_circuit_operator to 2023-03-25T20:04:27.395706+00:00, run_after=2023-03-26T20:04:27.395706+00:00
[2023-03-26T22:04:27.482+0200] {processor.py:175} INFO - Processing /home/humbulani/miniconda3/envs/apache-airflow/lib/python3.8/site-packages/airflow/example_dags/example_short_circuit_operator.py took 0.144 seconds
[2023-03-26T22:05:13.305+0200] {processor.py:153} INFO - Started process (PID=18750) to work on /home/humbulani/miniconda3/envs/apache-airflow/lib/python3.8/site-packages/airflow/example_dags/example_short_circuit_operator.py
[2023-03-26T22:05:13.319+0200] {processor.py:743} INFO - Processing file /home/humbulani/miniconda3/envs/apache-airflow/lib/python3.8/site-packages/airflow/example_dags/example_short_circuit_operator.py for tasks to queue
[2023-03-26T22:05:13.320+0200] {logging_mixin.py:137} INFO - [2023-03-26T22:05:13.319+0200] {dagbag.py:532} INFO - Filling up the DagBag from /home/humbulani/miniconda3/envs/apache-airflow/lib/python3.8/site-packages/airflow/example_dags/example_short_circuit_operator.py
[2023-03-26T22:05:13.334+0200] {processor.py:753} INFO - DAG(s) dict_keys(['example_short_circuit_operator']) retrieved from /home/humbulani/miniconda3/envs/apache-airflow/lib/python3.8/site-packages/airflow/example_dags/example_short_circuit_operator.py
[2023-03-26T22:05:13.354+0200] {logging_mixin.py:137} INFO - [2023-03-26T22:05:13.353+0200] {dag.py:2693} INFO - Sync 1 DAGs
[2023-03-26T22:05:13.373+0200] {logging_mixin.py:137} INFO - [2023-03-26T22:05:13.373+0200] {dag.py:3440} INFO - Setting next_dagrun for example_short_circuit_operator to 2023-03-25T20:05:13.372873+00:00, run_after=2023-03-26T20:05:13.372873+00:00
[2023-03-26T22:05:13.451+0200] {processor.py:175} INFO - Processing /home/humbulani/miniconda3/envs/apache-airflow/lib/python3.8/site-packages/airflow/example_dags/example_short_circuit_operator.py took 0.148 seconds
[2023-03-26T22:05:57.112+0200] {processor.py:153} INFO - Started process (PID=18801) to work on /home/humbulani/miniconda3/envs/apache-airflow/lib/python3.8/site-packages/airflow/example_dags/example_short_circuit_operator.py
[2023-03-26T22:05:57.130+0200] {processor.py:743} INFO - Processing file /home/humbulani/miniconda3/envs/apache-airflow/lib/python3.8/site-packages/airflow/example_dags/example_short_circuit_operator.py for tasks to queue
[2023-03-26T22:05:57.131+0200] {logging_mixin.py:137} INFO - [2023-03-26T22:05:57.131+0200] {dagbag.py:532} INFO - Filling up the DagBag from /home/humbulani/miniconda3/envs/apache-airflow/lib/python3.8/site-packages/airflow/example_dags/example_short_circuit_operator.py
[2023-03-26T22:05:57.150+0200] {processor.py:753} INFO - DAG(s) dict_keys(['example_short_circuit_operator']) retrieved from /home/humbulani/miniconda3/envs/apache-airflow/lib/python3.8/site-packages/airflow/example_dags/example_short_circuit_operator.py
[2023-03-26T22:05:57.173+0200] {logging_mixin.py:137} INFO - [2023-03-26T22:05:57.173+0200] {dag.py:2693} INFO - Sync 1 DAGs
[2023-03-26T22:05:57.190+0200] {logging_mixin.py:137} INFO - [2023-03-26T22:05:57.190+0200] {dag.py:3440} INFO - Setting next_dagrun for example_short_circuit_operator to 2023-03-25T20:05:57.190497+00:00, run_after=2023-03-26T20:05:57.190497+00:00
[2023-03-26T22:05:57.271+0200] {processor.py:175} INFO - Processing /home/humbulani/miniconda3/envs/apache-airflow/lib/python3.8/site-packages/airflow/example_dags/example_short_circuit_operator.py took 0.162 seconds
[2023-03-26T22:06:43.368+0200] {processor.py:153} INFO - Started process (PID=18844) to work on /home/humbulani/miniconda3/envs/apache-airflow/lib/python3.8/site-packages/airflow/example_dags/example_short_circuit_operator.py
[2023-03-26T22:06:43.378+0200] {processor.py:743} INFO - Processing file /home/humbulani/miniconda3/envs/apache-airflow/lib/python3.8/site-packages/airflow/example_dags/example_short_circuit_operator.py for tasks to queue
[2023-03-26T22:06:43.379+0200] {logging_mixin.py:137} INFO - [2023-03-26T22:06:43.379+0200] {dagbag.py:532} INFO - Filling up the DagBag from /home/humbulani/miniconda3/envs/apache-airflow/lib/python3.8/site-packages/airflow/example_dags/example_short_circuit_operator.py
[2023-03-26T22:06:43.393+0200] {processor.py:753} INFO - DAG(s) dict_keys(['example_short_circuit_operator']) retrieved from /home/humbulani/miniconda3/envs/apache-airflow/lib/python3.8/site-packages/airflow/example_dags/example_short_circuit_operator.py
[2023-03-26T22:06:43.411+0200] {logging_mixin.py:137} INFO - [2023-03-26T22:06:43.411+0200] {dag.py:2693} INFO - Sync 1 DAGs
[2023-03-26T22:06:43.428+0200] {logging_mixin.py:137} INFO - [2023-03-26T22:06:43.428+0200] {dag.py:3440} INFO - Setting next_dagrun for example_short_circuit_operator to 2023-03-25T20:06:43.428045+00:00, run_after=2023-03-26T20:06:43.428045+00:00
[2023-03-26T22:06:43.518+0200] {processor.py:175} INFO - Processing /home/humbulani/miniconda3/envs/apache-airflow/lib/python3.8/site-packages/airflow/example_dags/example_short_circuit_operator.py took 0.153 seconds
[2023-03-26T22:07:30.142+0200] {processor.py:153} INFO - Started process (PID=18990) to work on /home/humbulani/miniconda3/envs/apache-airflow/lib/python3.8/site-packages/airflow/example_dags/example_short_circuit_operator.py
[2023-03-26T22:07:30.150+0200] {processor.py:743} INFO - Processing file /home/humbulani/miniconda3/envs/apache-airflow/lib/python3.8/site-packages/airflow/example_dags/example_short_circuit_operator.py for tasks to queue
[2023-03-26T22:07:30.151+0200] {logging_mixin.py:137} INFO - [2023-03-26T22:07:30.151+0200] {dagbag.py:532} INFO - Filling up the DagBag from /home/humbulani/miniconda3/envs/apache-airflow/lib/python3.8/site-packages/airflow/example_dags/example_short_circuit_operator.py
[2023-03-26T22:07:30.165+0200] {processor.py:753} INFO - DAG(s) dict_keys(['example_short_circuit_operator']) retrieved from /home/humbulani/miniconda3/envs/apache-airflow/lib/python3.8/site-packages/airflow/example_dags/example_short_circuit_operator.py
[2023-03-26T22:07:30.183+0200] {logging_mixin.py:137} INFO - [2023-03-26T22:07:30.183+0200] {dag.py:2693} INFO - Sync 1 DAGs
[2023-03-26T22:07:30.200+0200] {logging_mixin.py:137} INFO - [2023-03-26T22:07:30.200+0200] {dag.py:3440} INFO - Setting next_dagrun for example_short_circuit_operator to 2023-03-25T20:07:30.199920+00:00, run_after=2023-03-26T20:07:30.199920+00:00
[2023-03-26T22:07:30.282+0200] {processor.py:175} INFO - Processing /home/humbulani/miniconda3/envs/apache-airflow/lib/python3.8/site-packages/airflow/example_dags/example_short_circuit_operator.py took 0.142 seconds
[2023-03-26T22:08:14.255+0200] {processor.py:153} INFO - Started process (PID=19039) to work on /home/humbulani/miniconda3/envs/apache-airflow/lib/python3.8/site-packages/airflow/example_dags/example_short_circuit_operator.py
[2023-03-26T22:08:14.264+0200] {processor.py:743} INFO - Processing file /home/humbulani/miniconda3/envs/apache-airflow/lib/python3.8/site-packages/airflow/example_dags/example_short_circuit_operator.py for tasks to queue
[2023-03-26T22:08:14.265+0200] {logging_mixin.py:137} INFO - [2023-03-26T22:08:14.265+0200] {dagbag.py:532} INFO - Filling up the DagBag from /home/humbulani/miniconda3/envs/apache-airflow/lib/python3.8/site-packages/airflow/example_dags/example_short_circuit_operator.py
[2023-03-26T22:08:14.279+0200] {processor.py:753} INFO - DAG(s) dict_keys(['example_short_circuit_operator']) retrieved from /home/humbulani/miniconda3/envs/apache-airflow/lib/python3.8/site-packages/airflow/example_dags/example_short_circuit_operator.py
[2023-03-26T22:08:14.297+0200] {logging_mixin.py:137} INFO - [2023-03-26T22:08:14.297+0200] {dag.py:2693} INFO - Sync 1 DAGs
[2023-03-26T22:08:14.315+0200] {logging_mixin.py:137} INFO - [2023-03-26T22:08:14.315+0200] {dag.py:3440} INFO - Setting next_dagrun for example_short_circuit_operator to 2023-03-25T20:08:14.314914+00:00, run_after=2023-03-26T20:08:14.314914+00:00
[2023-03-26T22:08:14.396+0200] {processor.py:175} INFO - Processing /home/humbulani/miniconda3/envs/apache-airflow/lib/python3.8/site-packages/airflow/example_dags/example_short_circuit_operator.py took 0.143 seconds
[2023-03-26T22:09:01.804+0200] {processor.py:153} INFO - Started process (PID=19121) to work on /home/humbulani/miniconda3/envs/apache-airflow/lib/python3.8/site-packages/airflow/example_dags/example_short_circuit_operator.py
[2023-03-26T22:09:01.805+0200] {processor.py:743} INFO - Processing file /home/humbulani/miniconda3/envs/apache-airflow/lib/python3.8/site-packages/airflow/example_dags/example_short_circuit_operator.py for tasks to queue
[2023-03-26T22:09:01.806+0200] {logging_mixin.py:137} INFO - [2023-03-26T22:09:01.806+0200] {dagbag.py:532} INFO - Filling up the DagBag from /home/humbulani/miniconda3/envs/apache-airflow/lib/python3.8/site-packages/airflow/example_dags/example_short_circuit_operator.py
[2023-03-26T22:09:01.822+0200] {processor.py:753} INFO - DAG(s) dict_keys(['example_short_circuit_operator']) retrieved from /home/humbulani/miniconda3/envs/apache-airflow/lib/python3.8/site-packages/airflow/example_dags/example_short_circuit_operator.py
[2023-03-26T22:09:01.841+0200] {logging_mixin.py:137} INFO - [2023-03-26T22:09:01.840+0200] {dag.py:2693} INFO - Sync 1 DAGs
[2023-03-26T22:09:01.858+0200] {logging_mixin.py:137} INFO - [2023-03-26T22:09:01.858+0200] {dag.py:3440} INFO - Setting next_dagrun for example_short_circuit_operator to 2023-03-25T20:09:01.858540+00:00, run_after=2023-03-26T20:09:01.858540+00:00
[2023-03-26T22:09:01.935+0200] {processor.py:175} INFO - Processing /home/humbulani/miniconda3/envs/apache-airflow/lib/python3.8/site-packages/airflow/example_dags/example_short_circuit_operator.py took 0.134 seconds
[2023-03-26T22:09:49.432+0200] {processor.py:153} INFO - Started process (PID=19164) to work on /home/humbulani/miniconda3/envs/apache-airflow/lib/python3.8/site-packages/airflow/example_dags/example_short_circuit_operator.py
[2023-03-26T22:09:49.433+0200] {processor.py:743} INFO - Processing file /home/humbulani/miniconda3/envs/apache-airflow/lib/python3.8/site-packages/airflow/example_dags/example_short_circuit_operator.py for tasks to queue
[2023-03-26T22:09:49.433+0200] {logging_mixin.py:137} INFO - [2023-03-26T22:09:49.433+0200] {dagbag.py:532} INFO - Filling up the DagBag from /home/humbulani/miniconda3/envs/apache-airflow/lib/python3.8/site-packages/airflow/example_dags/example_short_circuit_operator.py
[2023-03-26T22:09:49.449+0200] {processor.py:753} INFO - DAG(s) dict_keys(['example_short_circuit_operator']) retrieved from /home/humbulani/miniconda3/envs/apache-airflow/lib/python3.8/site-packages/airflow/example_dags/example_short_circuit_operator.py
[2023-03-26T22:09:49.469+0200] {logging_mixin.py:137} INFO - [2023-03-26T22:09:49.469+0200] {dag.py:2693} INFO - Sync 1 DAGs
[2023-03-26T22:09:49.493+0200] {logging_mixin.py:137} INFO - [2023-03-26T22:09:49.492+0200] {dag.py:3440} INFO - Setting next_dagrun for example_short_circuit_operator to 2023-03-25T20:09:49.492509+00:00, run_after=2023-03-26T20:09:49.492509+00:00
[2023-03-26T22:09:49.583+0200] {processor.py:175} INFO - Processing /home/humbulani/miniconda3/envs/apache-airflow/lib/python3.8/site-packages/airflow/example_dags/example_short_circuit_operator.py took 0.154 seconds
[2023-03-26T22:10:33.245+0200] {processor.py:153} INFO - Started process (PID=19234) to work on /home/humbulani/miniconda3/envs/apache-airflow/lib/python3.8/site-packages/airflow/example_dags/example_short_circuit_operator.py
[2023-03-26T22:10:33.246+0200] {processor.py:743} INFO - Processing file /home/humbulani/miniconda3/envs/apache-airflow/lib/python3.8/site-packages/airflow/example_dags/example_short_circuit_operator.py for tasks to queue
[2023-03-26T22:10:33.247+0200] {logging_mixin.py:137} INFO - [2023-03-26T22:10:33.247+0200] {dagbag.py:532} INFO - Filling up the DagBag from /home/humbulani/miniconda3/envs/apache-airflow/lib/python3.8/site-packages/airflow/example_dags/example_short_circuit_operator.py
[2023-03-26T22:10:33.262+0200] {processor.py:753} INFO - DAG(s) dict_keys(['example_short_circuit_operator']) retrieved from /home/humbulani/miniconda3/envs/apache-airflow/lib/python3.8/site-packages/airflow/example_dags/example_short_circuit_operator.py
[2023-03-26T22:10:33.284+0200] {logging_mixin.py:137} INFO - [2023-03-26T22:10:33.283+0200] {dag.py:2693} INFO - Sync 1 DAGs
[2023-03-26T22:10:33.301+0200] {logging_mixin.py:137} INFO - [2023-03-26T22:10:33.301+0200] {dag.py:3440} INFO - Setting next_dagrun for example_short_circuit_operator to 2023-03-25T20:10:33.301352+00:00, run_after=2023-03-26T20:10:33.301352+00:00
[2023-03-26T22:10:33.387+0200] {processor.py:175} INFO - Processing /home/humbulani/miniconda3/envs/apache-airflow/lib/python3.8/site-packages/airflow/example_dags/example_short_circuit_operator.py took 0.145 seconds
[2023-03-26T22:11:20.632+0200] {processor.py:153} INFO - Started process (PID=19337) to work on /home/humbulani/miniconda3/envs/apache-airflow/lib/python3.8/site-packages/airflow/example_dags/example_short_circuit_operator.py
[2023-03-26T22:11:20.643+0200] {processor.py:743} INFO - Processing file /home/humbulani/miniconda3/envs/apache-airflow/lib/python3.8/site-packages/airflow/example_dags/example_short_circuit_operator.py for tasks to queue
[2023-03-26T22:11:20.643+0200] {logging_mixin.py:137} INFO - [2023-03-26T22:11:20.643+0200] {dagbag.py:532} INFO - Filling up the DagBag from /home/humbulani/miniconda3/envs/apache-airflow/lib/python3.8/site-packages/airflow/example_dags/example_short_circuit_operator.py
[2023-03-26T22:11:20.658+0200] {processor.py:753} INFO - DAG(s) dict_keys(['example_short_circuit_operator']) retrieved from /home/humbulani/miniconda3/envs/apache-airflow/lib/python3.8/site-packages/airflow/example_dags/example_short_circuit_operator.py
[2023-03-26T22:11:20.676+0200] {logging_mixin.py:137} INFO - [2023-03-26T22:11:20.676+0200] {dag.py:2693} INFO - Sync 1 DAGs
[2023-03-26T22:11:20.694+0200] {logging_mixin.py:137} INFO - [2023-03-26T22:11:20.693+0200] {dag.py:3440} INFO - Setting next_dagrun for example_short_circuit_operator to 2023-03-25T20:11:20.693669+00:00, run_after=2023-03-26T20:11:20.693669+00:00
[2023-03-26T22:11:20.776+0200] {processor.py:175} INFO - Processing /home/humbulani/miniconda3/envs/apache-airflow/lib/python3.8/site-packages/airflow/example_dags/example_short_circuit_operator.py took 0.147 seconds
[2023-03-26T22:12:05.993+0200] {processor.py:153} INFO - Started process (PID=19382) to work on /home/humbulani/miniconda3/envs/apache-airflow/lib/python3.8/site-packages/airflow/example_dags/example_short_circuit_operator.py
[2023-03-26T22:12:06.006+0200] {processor.py:743} INFO - Processing file /home/humbulani/miniconda3/envs/apache-airflow/lib/python3.8/site-packages/airflow/example_dags/example_short_circuit_operator.py for tasks to queue
[2023-03-26T22:12:06.006+0200] {logging_mixin.py:137} INFO - [2023-03-26T22:12:06.006+0200] {dagbag.py:532} INFO - Filling up the DagBag from /home/humbulani/miniconda3/envs/apache-airflow/lib/python3.8/site-packages/airflow/example_dags/example_short_circuit_operator.py
[2023-03-26T22:12:06.021+0200] {processor.py:753} INFO - DAG(s) dict_keys(['example_short_circuit_operator']) retrieved from /home/humbulani/miniconda3/envs/apache-airflow/lib/python3.8/site-packages/airflow/example_dags/example_short_circuit_operator.py
[2023-03-26T22:12:06.039+0200] {logging_mixin.py:137} INFO - [2023-03-26T22:12:06.039+0200] {dag.py:2693} INFO - Sync 1 DAGs
[2023-03-26T22:12:06.056+0200] {logging_mixin.py:137} INFO - [2023-03-26T22:12:06.056+0200] {dag.py:3440} INFO - Setting next_dagrun for example_short_circuit_operator to 2023-03-25T20:12:06.056637+00:00, run_after=2023-03-26T20:12:06.056637+00:00
[2023-03-26T22:12:06.131+0200] {processor.py:175} INFO - Processing /home/humbulani/miniconda3/envs/apache-airflow/lib/python3.8/site-packages/airflow/example_dags/example_short_circuit_operator.py took 0.140 seconds
[2023-03-26T22:12:50.723+0200] {processor.py:153} INFO - Started process (PID=19491) to work on /home/humbulani/miniconda3/envs/apache-airflow/lib/python3.8/site-packages/airflow/example_dags/example_short_circuit_operator.py
[2023-03-26T22:12:50.737+0200] {processor.py:743} INFO - Processing file /home/humbulani/miniconda3/envs/apache-airflow/lib/python3.8/site-packages/airflow/example_dags/example_short_circuit_operator.py for tasks to queue
[2023-03-26T22:12:50.738+0200] {logging_mixin.py:137} INFO - [2023-03-26T22:12:50.737+0200] {dagbag.py:532} INFO - Filling up the DagBag from /home/humbulani/miniconda3/envs/apache-airflow/lib/python3.8/site-packages/airflow/example_dags/example_short_circuit_operator.py
[2023-03-26T22:12:50.751+0200] {processor.py:753} INFO - DAG(s) dict_keys(['example_short_circuit_operator']) retrieved from /home/humbulani/miniconda3/envs/apache-airflow/lib/python3.8/site-packages/airflow/example_dags/example_short_circuit_operator.py
[2023-03-26T22:12:50.769+0200] {logging_mixin.py:137} INFO - [2023-03-26T22:12:50.769+0200] {dag.py:2693} INFO - Sync 1 DAGs
[2023-03-26T22:12:50.787+0200] {logging_mixin.py:137} INFO - [2023-03-26T22:12:50.787+0200] {dag.py:3440} INFO - Setting next_dagrun for example_short_circuit_operator to 2023-03-25T20:12:50.786832+00:00, run_after=2023-03-26T20:12:50.786832+00:00
[2023-03-26T22:12:50.868+0200] {processor.py:175} INFO - Processing /home/humbulani/miniconda3/envs/apache-airflow/lib/python3.8/site-packages/airflow/example_dags/example_short_circuit_operator.py took 0.148 seconds
[2023-03-26T22:13:38.116+0200] {processor.py:153} INFO - Started process (PID=19533) to work on /home/humbulani/miniconda3/envs/apache-airflow/lib/python3.8/site-packages/airflow/example_dags/example_short_circuit_operator.py
[2023-03-26T22:13:38.117+0200] {processor.py:743} INFO - Processing file /home/humbulani/miniconda3/envs/apache-airflow/lib/python3.8/site-packages/airflow/example_dags/example_short_circuit_operator.py for tasks to queue
[2023-03-26T22:13:38.118+0200] {logging_mixin.py:137} INFO - [2023-03-26T22:13:38.118+0200] {dagbag.py:532} INFO - Filling up the DagBag from /home/humbulani/miniconda3/envs/apache-airflow/lib/python3.8/site-packages/airflow/example_dags/example_short_circuit_operator.py
[2023-03-26T22:13:38.135+0200] {processor.py:753} INFO - DAG(s) dict_keys(['example_short_circuit_operator']) retrieved from /home/humbulani/miniconda3/envs/apache-airflow/lib/python3.8/site-packages/airflow/example_dags/example_short_circuit_operator.py
[2023-03-26T22:13:38.154+0200] {logging_mixin.py:137} INFO - [2023-03-26T22:13:38.154+0200] {dag.py:2693} INFO - Sync 1 DAGs
[2023-03-26T22:13:38.170+0200] {logging_mixin.py:137} INFO - [2023-03-26T22:13:38.170+0200] {dag.py:3440} INFO - Setting next_dagrun for example_short_circuit_operator to 2023-03-25T20:13:38.170618+00:00, run_after=2023-03-26T20:13:38.170618+00:00
[2023-03-26T22:13:38.257+0200] {processor.py:175} INFO - Processing /home/humbulani/miniconda3/envs/apache-airflow/lib/python3.8/site-packages/airflow/example_dags/example_short_circuit_operator.py took 0.144 seconds
[2023-03-26T22:14:25.280+0200] {processor.py:153} INFO - Started process (PID=19578) to work on /home/humbulani/miniconda3/envs/apache-airflow/lib/python3.8/site-packages/airflow/example_dags/example_short_circuit_operator.py
[2023-03-26T22:14:25.297+0200] {processor.py:743} INFO - Processing file /home/humbulani/miniconda3/envs/apache-airflow/lib/python3.8/site-packages/airflow/example_dags/example_short_circuit_operator.py for tasks to queue
[2023-03-26T22:14:25.297+0200] {logging_mixin.py:137} INFO - [2023-03-26T22:14:25.297+0200] {dagbag.py:532} INFO - Filling up the DagBag from /home/humbulani/miniconda3/envs/apache-airflow/lib/python3.8/site-packages/airflow/example_dags/example_short_circuit_operator.py
[2023-03-26T22:14:25.315+0200] {processor.py:753} INFO - DAG(s) dict_keys(['example_short_circuit_operator']) retrieved from /home/humbulani/miniconda3/envs/apache-airflow/lib/python3.8/site-packages/airflow/example_dags/example_short_circuit_operator.py
[2023-03-26T22:14:25.334+0200] {logging_mixin.py:137} INFO - [2023-03-26T22:14:25.334+0200] {dag.py:2693} INFO - Sync 1 DAGs
[2023-03-26T22:14:25.351+0200] {logging_mixin.py:137} INFO - [2023-03-26T22:14:25.351+0200] {dag.py:3440} INFO - Setting next_dagrun for example_short_circuit_operator to 2023-03-25T20:14:25.351053+00:00, run_after=2023-03-26T20:14:25.351053+00:00
[2023-03-26T22:14:25.421+0200] {processor.py:175} INFO - Processing /home/humbulani/miniconda3/envs/apache-airflow/lib/python3.8/site-packages/airflow/example_dags/example_short_circuit_operator.py took 0.144 seconds
[2023-03-26T22:15:11.696+0200] {processor.py:153} INFO - Started process (PID=19687) to work on /home/humbulani/miniconda3/envs/apache-airflow/lib/python3.8/site-packages/airflow/example_dags/example_short_circuit_operator.py
[2023-03-26T22:15:11.705+0200] {processor.py:743} INFO - Processing file /home/humbulani/miniconda3/envs/apache-airflow/lib/python3.8/site-packages/airflow/example_dags/example_short_circuit_operator.py for tasks to queue
[2023-03-26T22:15:11.706+0200] {logging_mixin.py:137} INFO - [2023-03-26T22:15:11.706+0200] {dagbag.py:532} INFO - Filling up the DagBag from /home/humbulani/miniconda3/envs/apache-airflow/lib/python3.8/site-packages/airflow/example_dags/example_short_circuit_operator.py
[2023-03-26T22:15:11.723+0200] {processor.py:753} INFO - DAG(s) dict_keys(['example_short_circuit_operator']) retrieved from /home/humbulani/miniconda3/envs/apache-airflow/lib/python3.8/site-packages/airflow/example_dags/example_short_circuit_operator.py
[2023-03-26T22:15:11.742+0200] {logging_mixin.py:137} INFO - [2023-03-26T22:15:11.741+0200] {dag.py:2693} INFO - Sync 1 DAGs
[2023-03-26T22:15:11.759+0200] {logging_mixin.py:137} INFO - [2023-03-26T22:15:11.759+0200] {dag.py:3440} INFO - Setting next_dagrun for example_short_circuit_operator to 2023-03-25T20:15:11.759134+00:00, run_after=2023-03-26T20:15:11.759134+00:00
[2023-03-26T22:15:11.842+0200] {processor.py:175} INFO - Processing /home/humbulani/miniconda3/envs/apache-airflow/lib/python3.8/site-packages/airflow/example_dags/example_short_circuit_operator.py took 0.148 seconds
[2023-03-26T22:15:58.862+0200] {processor.py:153} INFO - Started process (PID=19733) to work on /home/humbulani/miniconda3/envs/apache-airflow/lib/python3.8/site-packages/airflow/example_dags/example_short_circuit_operator.py
[2023-03-26T22:15:58.868+0200] {processor.py:743} INFO - Processing file /home/humbulani/miniconda3/envs/apache-airflow/lib/python3.8/site-packages/airflow/example_dags/example_short_circuit_operator.py for tasks to queue
[2023-03-26T22:15:58.869+0200] {logging_mixin.py:137} INFO - [2023-03-26T22:15:58.869+0200] {dagbag.py:532} INFO - Filling up the DagBag from /home/humbulani/miniconda3/envs/apache-airflow/lib/python3.8/site-packages/airflow/example_dags/example_short_circuit_operator.py
[2023-03-26T22:15:58.883+0200] {processor.py:753} INFO - DAG(s) dict_keys(['example_short_circuit_operator']) retrieved from /home/humbulani/miniconda3/envs/apache-airflow/lib/python3.8/site-packages/airflow/example_dags/example_short_circuit_operator.py
[2023-03-26T22:15:58.903+0200] {logging_mixin.py:137} INFO - [2023-03-26T22:15:58.903+0200] {dag.py:2693} INFO - Sync 1 DAGs
[2023-03-26T22:15:58.921+0200] {logging_mixin.py:137} INFO - [2023-03-26T22:15:58.921+0200] {dag.py:3440} INFO - Setting next_dagrun for example_short_circuit_operator to 2023-03-25T20:15:58.921057+00:00, run_after=2023-03-26T20:15:58.921057+00:00
[2023-03-26T22:15:58.998+0200] {processor.py:175} INFO - Processing /home/humbulani/miniconda3/envs/apache-airflow/lib/python3.8/site-packages/airflow/example_dags/example_short_circuit_operator.py took 0.139 seconds
[2023-03-26T22:16:50.479+0200] {processor.py:153} INFO - Started process (PID=19841) to work on /home/humbulani/miniconda3/envs/apache-airflow/lib/python3.8/site-packages/airflow/example_dags/example_short_circuit_operator.py
[2023-03-26T22:16:50.486+0200] {processor.py:743} INFO - Processing file /home/humbulani/miniconda3/envs/apache-airflow/lib/python3.8/site-packages/airflow/example_dags/example_short_circuit_operator.py for tasks to queue
[2023-03-26T22:16:50.487+0200] {logging_mixin.py:137} INFO - [2023-03-26T22:16:50.487+0200] {dagbag.py:532} INFO - Filling up the DagBag from /home/humbulani/miniconda3/envs/apache-airflow/lib/python3.8/site-packages/airflow/example_dags/example_short_circuit_operator.py
[2023-03-26T22:16:50.501+0200] {processor.py:753} INFO - DAG(s) dict_keys(['example_short_circuit_operator']) retrieved from /home/humbulani/miniconda3/envs/apache-airflow/lib/python3.8/site-packages/airflow/example_dags/example_short_circuit_operator.py
[2023-03-26T22:16:50.519+0200] {logging_mixin.py:137} INFO - [2023-03-26T22:16:50.519+0200] {dag.py:2693} INFO - Sync 1 DAGs
[2023-03-26T22:16:50.536+0200] {logging_mixin.py:137} INFO - [2023-03-26T22:16:50.536+0200] {dag.py:3440} INFO - Setting next_dagrun for example_short_circuit_operator to 2023-03-25T20:16:50.536576+00:00, run_after=2023-03-26T20:16:50.536576+00:00
[2023-03-26T22:16:50.628+0200] {processor.py:175} INFO - Processing /home/humbulani/miniconda3/envs/apache-airflow/lib/python3.8/site-packages/airflow/example_dags/example_short_circuit_operator.py took 0.151 seconds
[2023-03-26T22:17:36.024+0200] {processor.py:153} INFO - Started process (PID=19893) to work on /home/humbulani/miniconda3/envs/apache-airflow/lib/python3.8/site-packages/airflow/example_dags/example_short_circuit_operator.py
[2023-03-26T22:17:36.041+0200] {processor.py:743} INFO - Processing file /home/humbulani/miniconda3/envs/apache-airflow/lib/python3.8/site-packages/airflow/example_dags/example_short_circuit_operator.py for tasks to queue
[2023-03-26T22:17:36.041+0200] {logging_mixin.py:137} INFO - [2023-03-26T22:17:36.041+0200] {dagbag.py:532} INFO - Filling up the DagBag from /home/humbulani/miniconda3/envs/apache-airflow/lib/python3.8/site-packages/airflow/example_dags/example_short_circuit_operator.py
[2023-03-26T22:17:36.055+0200] {processor.py:753} INFO - DAG(s) dict_keys(['example_short_circuit_operator']) retrieved from /home/humbulani/miniconda3/envs/apache-airflow/lib/python3.8/site-packages/airflow/example_dags/example_short_circuit_operator.py
[2023-03-26T22:17:36.073+0200] {logging_mixin.py:137} INFO - [2023-03-26T22:17:36.073+0200] {dag.py:2693} INFO - Sync 1 DAGs
[2023-03-26T22:17:36.090+0200] {logging_mixin.py:137} INFO - [2023-03-26T22:17:36.090+0200] {dag.py:3440} INFO - Setting next_dagrun for example_short_circuit_operator to 2023-03-25T20:17:36.090496+00:00, run_after=2023-03-26T20:17:36.090496+00:00
[2023-03-26T22:17:36.166+0200] {processor.py:175} INFO - Processing /home/humbulani/miniconda3/envs/apache-airflow/lib/python3.8/site-packages/airflow/example_dags/example_short_circuit_operator.py took 0.145 seconds
[2023-03-26T22:18:20.031+0200] {processor.py:153} INFO - Started process (PID=20001) to work on /home/humbulani/miniconda3/envs/apache-airflow/lib/python3.8/site-packages/airflow/example_dags/example_short_circuit_operator.py
[2023-03-26T22:18:20.032+0200] {processor.py:743} INFO - Processing file /home/humbulani/miniconda3/envs/apache-airflow/lib/python3.8/site-packages/airflow/example_dags/example_short_circuit_operator.py for tasks to queue
[2023-03-26T22:18:20.033+0200] {logging_mixin.py:137} INFO - [2023-03-26T22:18:20.033+0200] {dagbag.py:532} INFO - Filling up the DagBag from /home/humbulani/miniconda3/envs/apache-airflow/lib/python3.8/site-packages/airflow/example_dags/example_short_circuit_operator.py
[2023-03-26T22:18:20.048+0200] {processor.py:753} INFO - DAG(s) dict_keys(['example_short_circuit_operator']) retrieved from /home/humbulani/miniconda3/envs/apache-airflow/lib/python3.8/site-packages/airflow/example_dags/example_short_circuit_operator.py
[2023-03-26T22:18:20.067+0200] {logging_mixin.py:137} INFO - [2023-03-26T22:18:20.066+0200] {dag.py:2693} INFO - Sync 1 DAGs
[2023-03-26T22:18:20.083+0200] {logging_mixin.py:137} INFO - [2023-03-26T22:18:20.083+0200] {dag.py:3440} INFO - Setting next_dagrun for example_short_circuit_operator to 2023-03-25T20:18:20.083376+00:00, run_after=2023-03-26T20:18:20.083376+00:00
[2023-03-26T22:18:20.153+0200] {processor.py:175} INFO - Processing /home/humbulani/miniconda3/envs/apache-airflow/lib/python3.8/site-packages/airflow/example_dags/example_short_circuit_operator.py took 0.125 seconds
[2023-03-26T22:19:03.999+0200] {processor.py:153} INFO - Started process (PID=20046) to work on /home/humbulani/miniconda3/envs/apache-airflow/lib/python3.8/site-packages/airflow/example_dags/example_short_circuit_operator.py
[2023-03-26T22:19:04.000+0200] {processor.py:743} INFO - Processing file /home/humbulani/miniconda3/envs/apache-airflow/lib/python3.8/site-packages/airflow/example_dags/example_short_circuit_operator.py for tasks to queue
[2023-03-26T22:19:04.001+0200] {logging_mixin.py:137} INFO - [2023-03-26T22:19:04.001+0200] {dagbag.py:532} INFO - Filling up the DagBag from /home/humbulani/miniconda3/envs/apache-airflow/lib/python3.8/site-packages/airflow/example_dags/example_short_circuit_operator.py
[2023-03-26T22:19:04.019+0200] {processor.py:753} INFO - DAG(s) dict_keys(['example_short_circuit_operator']) retrieved from /home/humbulani/miniconda3/envs/apache-airflow/lib/python3.8/site-packages/airflow/example_dags/example_short_circuit_operator.py
[2023-03-26T22:19:04.038+0200] {logging_mixin.py:137} INFO - [2023-03-26T22:19:04.038+0200] {dag.py:2693} INFO - Sync 1 DAGs
[2023-03-26T22:19:04.055+0200] {logging_mixin.py:137} INFO - [2023-03-26T22:19:04.055+0200] {dag.py:3440} INFO - Setting next_dagrun for example_short_circuit_operator to 2023-03-25T20:19:04.055558+00:00, run_after=2023-03-26T20:19:04.055558+00:00
[2023-03-26T22:19:04.141+0200] {processor.py:175} INFO - Processing /home/humbulani/miniconda3/envs/apache-airflow/lib/python3.8/site-packages/airflow/example_dags/example_short_circuit_operator.py took 0.145 seconds
[2023-03-26T22:19:49.011+0200] {processor.py:153} INFO - Started process (PID=20156) to work on /home/humbulani/miniconda3/envs/apache-airflow/lib/python3.8/site-packages/airflow/example_dags/example_short_circuit_operator.py
[2023-03-26T22:19:49.019+0200] {processor.py:743} INFO - Processing file /home/humbulani/miniconda3/envs/apache-airflow/lib/python3.8/site-packages/airflow/example_dags/example_short_circuit_operator.py for tasks to queue
[2023-03-26T22:19:49.019+0200] {logging_mixin.py:137} INFO - [2023-03-26T22:19:49.019+0200] {dagbag.py:532} INFO - Filling up the DagBag from /home/humbulani/miniconda3/envs/apache-airflow/lib/python3.8/site-packages/airflow/example_dags/example_short_circuit_operator.py
[2023-03-26T22:19:49.037+0200] {processor.py:753} INFO - DAG(s) dict_keys(['example_short_circuit_operator']) retrieved from /home/humbulani/miniconda3/envs/apache-airflow/lib/python3.8/site-packages/airflow/example_dags/example_short_circuit_operator.py
[2023-03-26T22:19:49.057+0200] {logging_mixin.py:137} INFO - [2023-03-26T22:19:49.056+0200] {dag.py:2693} INFO - Sync 1 DAGs
[2023-03-26T22:19:49.081+0200] {logging_mixin.py:137} INFO - [2023-03-26T22:19:49.081+0200] {dag.py:3440} INFO - Setting next_dagrun for example_short_circuit_operator to 2023-03-25T20:19:49.081545+00:00, run_after=2023-03-26T20:19:49.081545+00:00
[2023-03-26T22:19:49.152+0200] {processor.py:175} INFO - Processing /home/humbulani/miniconda3/envs/apache-airflow/lib/python3.8/site-packages/airflow/example_dags/example_short_circuit_operator.py took 0.144 seconds
[2023-03-26T22:20:34.125+0200] {processor.py:153} INFO - Started process (PID=20209) to work on /home/humbulani/miniconda3/envs/apache-airflow/lib/python3.8/site-packages/airflow/example_dags/example_short_circuit_operator.py
[2023-03-26T22:20:34.125+0200] {processor.py:743} INFO - Processing file /home/humbulani/miniconda3/envs/apache-airflow/lib/python3.8/site-packages/airflow/example_dags/example_short_circuit_operator.py for tasks to queue
[2023-03-26T22:20:34.126+0200] {logging_mixin.py:137} INFO - [2023-03-26T22:20:34.126+0200] {dagbag.py:532} INFO - Filling up the DagBag from /home/humbulani/miniconda3/envs/apache-airflow/lib/python3.8/site-packages/airflow/example_dags/example_short_circuit_operator.py
[2023-03-26T22:20:34.151+0200] {processor.py:753} INFO - DAG(s) dict_keys(['example_short_circuit_operator']) retrieved from /home/humbulani/miniconda3/envs/apache-airflow/lib/python3.8/site-packages/airflow/example_dags/example_short_circuit_operator.py
[2023-03-26T22:20:34.186+0200] {logging_mixin.py:137} INFO - [2023-03-26T22:20:34.186+0200] {dag.py:2693} INFO - Sync 1 DAGs
[2023-03-26T22:20:34.220+0200] {logging_mixin.py:137} INFO - [2023-03-26T22:20:34.219+0200] {dag.py:3440} INFO - Setting next_dagrun for example_short_circuit_operator to 2023-03-25T20:20:34.219668+00:00, run_after=2023-03-26T20:20:34.219668+00:00
[2023-03-26T22:20:34.336+0200] {processor.py:175} INFO - Processing /home/humbulani/miniconda3/envs/apache-airflow/lib/python3.8/site-packages/airflow/example_dags/example_short_circuit_operator.py took 0.214 seconds
[2023-03-26T22:21:20.486+0200] {processor.py:153} INFO - Started process (PID=20290) to work on /home/humbulani/miniconda3/envs/apache-airflow/lib/python3.8/site-packages/airflow/example_dags/example_short_circuit_operator.py
[2023-03-26T22:21:20.499+0200] {processor.py:743} INFO - Processing file /home/humbulani/miniconda3/envs/apache-airflow/lib/python3.8/site-packages/airflow/example_dags/example_short_circuit_operator.py for tasks to queue
[2023-03-26T22:21:20.500+0200] {logging_mixin.py:137} INFO - [2023-03-26T22:21:20.500+0200] {dagbag.py:532} INFO - Filling up the DagBag from /home/humbulani/miniconda3/envs/apache-airflow/lib/python3.8/site-packages/airflow/example_dags/example_short_circuit_operator.py
[2023-03-26T22:21:20.517+0200] {processor.py:753} INFO - DAG(s) dict_keys(['example_short_circuit_operator']) retrieved from /home/humbulani/miniconda3/envs/apache-airflow/lib/python3.8/site-packages/airflow/example_dags/example_short_circuit_operator.py
[2023-03-26T22:21:20.538+0200] {logging_mixin.py:137} INFO - [2023-03-26T22:21:20.537+0200] {dag.py:2693} INFO - Sync 1 DAGs
[2023-03-26T22:21:20.556+0200] {logging_mixin.py:137} INFO - [2023-03-26T22:21:20.556+0200] {dag.py:3440} INFO - Setting next_dagrun for example_short_circuit_operator to 2023-03-25T20:21:20.555898+00:00, run_after=2023-03-26T20:21:20.555898+00:00
[2023-03-26T22:21:20.677+0200] {processor.py:175} INFO - Processing /home/humbulani/miniconda3/envs/apache-airflow/lib/python3.8/site-packages/airflow/example_dags/example_short_circuit_operator.py took 0.194 seconds
[2023-03-26T22:22:04.345+0200] {processor.py:153} INFO - Started process (PID=20334) to work on /home/humbulani/miniconda3/envs/apache-airflow/lib/python3.8/site-packages/airflow/example_dags/example_short_circuit_operator.py
[2023-03-26T22:22:04.362+0200] {processor.py:743} INFO - Processing file /home/humbulani/miniconda3/envs/apache-airflow/lib/python3.8/site-packages/airflow/example_dags/example_short_circuit_operator.py for tasks to queue
[2023-03-26T22:22:04.362+0200] {logging_mixin.py:137} INFO - [2023-03-26T22:22:04.362+0200] {dagbag.py:532} INFO - Filling up the DagBag from /home/humbulani/miniconda3/envs/apache-airflow/lib/python3.8/site-packages/airflow/example_dags/example_short_circuit_operator.py
[2023-03-26T22:22:04.380+0200] {processor.py:753} INFO - DAG(s) dict_keys(['example_short_circuit_operator']) retrieved from /home/humbulani/miniconda3/envs/apache-airflow/lib/python3.8/site-packages/airflow/example_dags/example_short_circuit_operator.py
[2023-03-26T22:22:04.401+0200] {logging_mixin.py:137} INFO - [2023-03-26T22:22:04.401+0200] {dag.py:2693} INFO - Sync 1 DAGs
[2023-03-26T22:22:04.418+0200] {logging_mixin.py:137} INFO - [2023-03-26T22:22:04.418+0200] {dag.py:3440} INFO - Setting next_dagrun for example_short_circuit_operator to 2023-03-25T20:22:04.418253+00:00, run_after=2023-03-26T20:22:04.418253+00:00
[2023-03-26T22:22:04.516+0200] {processor.py:175} INFO - Processing /home/humbulani/miniconda3/envs/apache-airflow/lib/python3.8/site-packages/airflow/example_dags/example_short_circuit_operator.py took 0.174 seconds
[2023-03-26T22:22:50.372+0200] {processor.py:153} INFO - Started process (PID=20377) to work on /home/humbulani/miniconda3/envs/apache-airflow/lib/python3.8/site-packages/airflow/example_dags/example_short_circuit_operator.py
[2023-03-26T22:22:50.373+0200] {processor.py:743} INFO - Processing file /home/humbulani/miniconda3/envs/apache-airflow/lib/python3.8/site-packages/airflow/example_dags/example_short_circuit_operator.py for tasks to queue
[2023-03-26T22:22:50.374+0200] {logging_mixin.py:137} INFO - [2023-03-26T22:22:50.373+0200] {dagbag.py:532} INFO - Filling up the DagBag from /home/humbulani/miniconda3/envs/apache-airflow/lib/python3.8/site-packages/airflow/example_dags/example_short_circuit_operator.py
[2023-03-26T22:22:50.391+0200] {processor.py:753} INFO - DAG(s) dict_keys(['example_short_circuit_operator']) retrieved from /home/humbulani/miniconda3/envs/apache-airflow/lib/python3.8/site-packages/airflow/example_dags/example_short_circuit_operator.py
[2023-03-26T22:22:50.416+0200] {logging_mixin.py:137} INFO - [2023-03-26T22:22:50.416+0200] {dag.py:2693} INFO - Sync 1 DAGs
[2023-03-26T22:22:50.433+0200] {logging_mixin.py:137} INFO - [2023-03-26T22:22:50.433+0200] {dag.py:3440} INFO - Setting next_dagrun for example_short_circuit_operator to 2023-03-25T20:22:50.433227+00:00, run_after=2023-03-26T20:22:50.433227+00:00
[2023-03-26T22:22:50.502+0200] {processor.py:175} INFO - Processing /home/humbulani/miniconda3/envs/apache-airflow/lib/python3.8/site-packages/airflow/example_dags/example_short_circuit_operator.py took 0.133 seconds
