[2023-03-26T21:40:01.433+0200] {processor.py:153} INFO - Started process (PID=16668) to work on /home/humbulani/miniconda3/envs/apache-airflow/lib/python3.8/site-packages/airflow/example_dags/example_dynamic_task_mapping.py
[2023-03-26T21:40:01.434+0200] {processor.py:743} INFO - Processing file /home/humbulani/miniconda3/envs/apache-airflow/lib/python3.8/site-packages/airflow/example_dags/example_dynamic_task_mapping.py for tasks to queue
[2023-03-26T21:40:01.434+0200] {logging_mixin.py:137} INFO - [2023-03-26T21:40:01.434+0200] {dagbag.py:532} INFO - Filling up the DagBag from /home/humbulani/miniconda3/envs/apache-airflow/lib/python3.8/site-packages/airflow/example_dags/example_dynamic_task_mapping.py
[2023-03-26T21:40:01.453+0200] {processor.py:753} INFO - DAG(s) dict_keys(['example_dynamic_task_mapping']) retrieved from /home/humbulani/miniconda3/envs/apache-airflow/lib/python3.8/site-packages/airflow/example_dags/example_dynamic_task_mapping.py
[2023-03-26T21:40:01.658+0200] {logging_mixin.py:137} INFO - [2023-03-26T21:40:01.658+0200] {manager.py:504} INFO - Created Permission View: can edit on DAG:example_dynamic_task_mapping
[2023-03-26T21:40:01.725+0200] {logging_mixin.py:137} INFO - [2023-03-26T21:40:01.725+0200] {manager.py:504} INFO - Created Permission View: can read on DAG:example_dynamic_task_mapping
[2023-03-26T21:40:01.800+0200] {logging_mixin.py:137} INFO - [2023-03-26T21:40:01.800+0200] {manager.py:504} INFO - Created Permission View: can delete on DAG:example_dynamic_task_mapping
[2023-03-26T21:40:01.801+0200] {logging_mixin.py:137} INFO - [2023-03-26T21:40:01.801+0200] {dag.py:2693} INFO - Sync 1 DAGs
[2023-03-26T21:40:01.834+0200] {logging_mixin.py:137} INFO - [2023-03-26T21:40:01.833+0200] {dag.py:2714} INFO - Creating ORM DAG for example_dynamic_task_mapping
[2023-03-26T21:40:01.948+0200] {logging_mixin.py:137} INFO - [2023-03-26T21:40:01.948+0200] {dag.py:3440} INFO - Setting next_dagrun for example_dynamic_task_mapping to 2022-03-04T00:00:00+00:00, run_after=2022-03-05T00:00:00+00:00
[2023-03-26T21:40:02.033+0200] {processor.py:175} INFO - Processing /home/humbulani/miniconda3/envs/apache-airflow/lib/python3.8/site-packages/airflow/example_dags/example_dynamic_task_mapping.py took 0.602 seconds
[2023-03-26T21:40:53.238+0200] {processor.py:153} INFO - Started process (PID=16766) to work on /home/humbulani/miniconda3/envs/apache-airflow/lib/python3.8/site-packages/airflow/example_dags/example_dynamic_task_mapping.py
[2023-03-26T21:40:53.239+0200] {processor.py:743} INFO - Processing file /home/humbulani/miniconda3/envs/apache-airflow/lib/python3.8/site-packages/airflow/example_dags/example_dynamic_task_mapping.py for tasks to queue
[2023-03-26T21:40:53.239+0200] {logging_mixin.py:137} INFO - [2023-03-26T21:40:53.239+0200] {dagbag.py:532} INFO - Filling up the DagBag from /home/humbulani/miniconda3/envs/apache-airflow/lib/python3.8/site-packages/airflow/example_dags/example_dynamic_task_mapping.py
[2023-03-26T21:40:53.262+0200] {processor.py:753} INFO - DAG(s) dict_keys(['example_dynamic_task_mapping']) retrieved from /home/humbulani/miniconda3/envs/apache-airflow/lib/python3.8/site-packages/airflow/example_dags/example_dynamic_task_mapping.py
[2023-03-26T21:40:53.285+0200] {logging_mixin.py:137} INFO - [2023-03-26T21:40:53.285+0200] {dag.py:2693} INFO - Sync 1 DAGs
[2023-03-26T21:40:53.308+0200] {logging_mixin.py:137} INFO - [2023-03-26T21:40:53.307+0200] {dag.py:3440} INFO - Setting next_dagrun for example_dynamic_task_mapping to 2022-03-04T00:00:00+00:00, run_after=2022-03-05T00:00:00+00:00
[2023-03-26T21:40:53.409+0200] {processor.py:175} INFO - Processing /home/humbulani/miniconda3/envs/apache-airflow/lib/python3.8/site-packages/airflow/example_dags/example_dynamic_task_mapping.py took 0.174 seconds
[2023-03-26T21:48:25.335+0200] {processor.py:153} INFO - Started process (PID=16899) to work on /home/humbulani/miniconda3/envs/apache-airflow/lib/python3.8/site-packages/airflow/example_dags/example_dynamic_task_mapping.py
[2023-03-26T21:48:25.343+0200] {processor.py:743} INFO - Processing file /home/humbulani/miniconda3/envs/apache-airflow/lib/python3.8/site-packages/airflow/example_dags/example_dynamic_task_mapping.py for tasks to queue
[2023-03-26T21:48:25.343+0200] {logging_mixin.py:137} INFO - [2023-03-26T21:48:25.343+0200] {dagbag.py:532} INFO - Filling up the DagBag from /home/humbulani/miniconda3/envs/apache-airflow/lib/python3.8/site-packages/airflow/example_dags/example_dynamic_task_mapping.py
[2023-03-26T21:48:25.367+0200] {processor.py:753} INFO - DAG(s) dict_keys(['example_dynamic_task_mapping']) retrieved from /home/humbulani/miniconda3/envs/apache-airflow/lib/python3.8/site-packages/airflow/example_dags/example_dynamic_task_mapping.py
[2023-03-26T21:48:25.383+0200] {logging_mixin.py:137} INFO - [2023-03-26T21:48:25.382+0200] {dag.py:2693} INFO - Sync 1 DAGs
[2023-03-26T21:48:25.400+0200] {logging_mixin.py:137} INFO - [2023-03-26T21:48:25.400+0200] {dag.py:3440} INFO - Setting next_dagrun for example_dynamic_task_mapping to 2022-03-04T00:00:00+00:00, run_after=2022-03-05T00:00:00+00:00
[2023-03-26T21:48:25.483+0200] {processor.py:175} INFO - Processing /home/humbulani/miniconda3/envs/apache-airflow/lib/python3.8/site-packages/airflow/example_dags/example_dynamic_task_mapping.py took 0.151 seconds
[2023-03-26T21:49:14.348+0200] {processor.py:153} INFO - Started process (PID=16941) to work on /home/humbulani/miniconda3/envs/apache-airflow/lib/python3.8/site-packages/airflow/example_dags/example_dynamic_task_mapping.py
[2023-03-26T21:49:14.354+0200] {processor.py:743} INFO - Processing file /home/humbulani/miniconda3/envs/apache-airflow/lib/python3.8/site-packages/airflow/example_dags/example_dynamic_task_mapping.py for tasks to queue
[2023-03-26T21:49:14.355+0200] {logging_mixin.py:137} INFO - [2023-03-26T21:49:14.355+0200] {dagbag.py:532} INFO - Filling up the DagBag from /home/humbulani/miniconda3/envs/apache-airflow/lib/python3.8/site-packages/airflow/example_dags/example_dynamic_task_mapping.py
[2023-03-26T21:49:14.376+0200] {processor.py:753} INFO - DAG(s) dict_keys(['example_dynamic_task_mapping']) retrieved from /home/humbulani/miniconda3/envs/apache-airflow/lib/python3.8/site-packages/airflow/example_dags/example_dynamic_task_mapping.py
[2023-03-26T21:49:14.392+0200] {logging_mixin.py:137} INFO - [2023-03-26T21:49:14.392+0200] {dag.py:2693} INFO - Sync 1 DAGs
[2023-03-26T21:49:14.410+0200] {logging_mixin.py:137} INFO - [2023-03-26T21:49:14.410+0200] {dag.py:3440} INFO - Setting next_dagrun for example_dynamic_task_mapping to 2022-03-04T00:00:00+00:00, run_after=2022-03-05T00:00:00+00:00
[2023-03-26T21:49:14.486+0200] {processor.py:175} INFO - Processing /home/humbulani/miniconda3/envs/apache-airflow/lib/python3.8/site-packages/airflow/example_dags/example_dynamic_task_mapping.py took 0.141 seconds
[2023-03-26T21:50:00.165+0200] {processor.py:153} INFO - Started process (PID=16985) to work on /home/humbulani/miniconda3/envs/apache-airflow/lib/python3.8/site-packages/airflow/example_dags/example_dynamic_task_mapping.py
[2023-03-26T21:50:00.165+0200] {processor.py:743} INFO - Processing file /home/humbulani/miniconda3/envs/apache-airflow/lib/python3.8/site-packages/airflow/example_dags/example_dynamic_task_mapping.py for tasks to queue
[2023-03-26T21:50:00.166+0200] {logging_mixin.py:137} INFO - [2023-03-26T21:50:00.166+0200] {dagbag.py:532} INFO - Filling up the DagBag from /home/humbulani/miniconda3/envs/apache-airflow/lib/python3.8/site-packages/airflow/example_dags/example_dynamic_task_mapping.py
[2023-03-26T21:50:00.185+0200] {processor.py:753} INFO - DAG(s) dict_keys(['example_dynamic_task_mapping']) retrieved from /home/humbulani/miniconda3/envs/apache-airflow/lib/python3.8/site-packages/airflow/example_dags/example_dynamic_task_mapping.py
[2023-03-26T21:50:00.200+0200] {logging_mixin.py:137} INFO - [2023-03-26T21:50:00.200+0200] {dag.py:2693} INFO - Sync 1 DAGs
[2023-03-26T21:50:00.217+0200] {logging_mixin.py:137} INFO - [2023-03-26T21:50:00.217+0200] {dag.py:3440} INFO - Setting next_dagrun for example_dynamic_task_mapping to 2022-03-04T00:00:00+00:00, run_after=2022-03-05T00:00:00+00:00
[2023-03-26T21:50:00.324+0200] {processor.py:175} INFO - Processing /home/humbulani/miniconda3/envs/apache-airflow/lib/python3.8/site-packages/airflow/example_dags/example_dynamic_task_mapping.py took 0.161 seconds
[2023-03-26T21:50:46.080+0200] {processor.py:153} INFO - Started process (PID=17028) to work on /home/humbulani/miniconda3/envs/apache-airflow/lib/python3.8/site-packages/airflow/example_dags/example_dynamic_task_mapping.py
[2023-03-26T21:50:46.081+0200] {processor.py:743} INFO - Processing file /home/humbulani/miniconda3/envs/apache-airflow/lib/python3.8/site-packages/airflow/example_dags/example_dynamic_task_mapping.py for tasks to queue
[2023-03-26T21:50:46.082+0200] {logging_mixin.py:137} INFO - [2023-03-26T21:50:46.081+0200] {dagbag.py:532} INFO - Filling up the DagBag from /home/humbulani/miniconda3/envs/apache-airflow/lib/python3.8/site-packages/airflow/example_dags/example_dynamic_task_mapping.py
[2023-03-26T21:50:46.101+0200] {processor.py:753} INFO - DAG(s) dict_keys(['example_dynamic_task_mapping']) retrieved from /home/humbulani/miniconda3/envs/apache-airflow/lib/python3.8/site-packages/airflow/example_dags/example_dynamic_task_mapping.py
[2023-03-26T21:50:46.117+0200] {logging_mixin.py:137} INFO - [2023-03-26T21:50:46.117+0200] {dag.py:2693} INFO - Sync 1 DAGs
[2023-03-26T21:50:46.135+0200] {logging_mixin.py:137} INFO - [2023-03-26T21:50:46.135+0200] {dag.py:3440} INFO - Setting next_dagrun for example_dynamic_task_mapping to 2022-03-04T00:00:00+00:00, run_after=2022-03-05T00:00:00+00:00
[2023-03-26T21:50:46.249+0200] {processor.py:175} INFO - Processing /home/humbulani/miniconda3/envs/apache-airflow/lib/python3.8/site-packages/airflow/example_dags/example_dynamic_task_mapping.py took 0.171 seconds
[2023-03-26T21:51:30.637+0200] {processor.py:153} INFO - Started process (PID=17144) to work on /home/humbulani/miniconda3/envs/apache-airflow/lib/python3.8/site-packages/airflow/example_dags/example_dynamic_task_mapping.py
[2023-03-26T21:51:30.638+0200] {processor.py:743} INFO - Processing file /home/humbulani/miniconda3/envs/apache-airflow/lib/python3.8/site-packages/airflow/example_dags/example_dynamic_task_mapping.py for tasks to queue
[2023-03-26T21:51:30.638+0200] {logging_mixin.py:137} INFO - [2023-03-26T21:51:30.638+0200] {dagbag.py:532} INFO - Filling up the DagBag from /home/humbulani/miniconda3/envs/apache-airflow/lib/python3.8/site-packages/airflow/example_dags/example_dynamic_task_mapping.py
[2023-03-26T21:51:30.658+0200] {processor.py:753} INFO - DAG(s) dict_keys(['example_dynamic_task_mapping']) retrieved from /home/humbulani/miniconda3/envs/apache-airflow/lib/python3.8/site-packages/airflow/example_dags/example_dynamic_task_mapping.py
[2023-03-26T21:51:30.673+0200] {logging_mixin.py:137} INFO - [2023-03-26T21:51:30.673+0200] {dag.py:2693} INFO - Sync 1 DAGs
[2023-03-26T21:51:30.690+0200] {logging_mixin.py:137} INFO - [2023-03-26T21:51:30.690+0200] {dag.py:3440} INFO - Setting next_dagrun for example_dynamic_task_mapping to 2022-03-04T00:00:00+00:00, run_after=2022-03-05T00:00:00+00:00
[2023-03-26T21:51:30.923+0200] {processor.py:175} INFO - Processing /home/humbulani/miniconda3/envs/apache-airflow/lib/python3.8/site-packages/airflow/example_dags/example_dynamic_task_mapping.py took 0.288 seconds
[2023-03-26T21:52:17.496+0200] {processor.py:153} INFO - Started process (PID=17188) to work on /home/humbulani/miniconda3/envs/apache-airflow/lib/python3.8/site-packages/airflow/example_dags/example_dynamic_task_mapping.py
[2023-03-26T21:52:17.497+0200] {processor.py:743} INFO - Processing file /home/humbulani/miniconda3/envs/apache-airflow/lib/python3.8/site-packages/airflow/example_dags/example_dynamic_task_mapping.py for tasks to queue
[2023-03-26T21:52:17.497+0200] {logging_mixin.py:137} INFO - [2023-03-26T21:52:17.497+0200] {dagbag.py:532} INFO - Filling up the DagBag from /home/humbulani/miniconda3/envs/apache-airflow/lib/python3.8/site-packages/airflow/example_dags/example_dynamic_task_mapping.py
[2023-03-26T21:52:17.516+0200] {processor.py:753} INFO - DAG(s) dict_keys(['example_dynamic_task_mapping']) retrieved from /home/humbulani/miniconda3/envs/apache-airflow/lib/python3.8/site-packages/airflow/example_dags/example_dynamic_task_mapping.py
[2023-03-26T21:52:17.532+0200] {logging_mixin.py:137} INFO - [2023-03-26T21:52:17.531+0200] {dag.py:2693} INFO - Sync 1 DAGs
[2023-03-26T21:52:17.550+0200] {logging_mixin.py:137} INFO - [2023-03-26T21:52:17.550+0200] {dag.py:3440} INFO - Setting next_dagrun for example_dynamic_task_mapping to 2022-03-04T00:00:00+00:00, run_after=2022-03-05T00:00:00+00:00
[2023-03-26T21:52:17.697+0200] {processor.py:175} INFO - Processing /home/humbulani/miniconda3/envs/apache-airflow/lib/python3.8/site-packages/airflow/example_dags/example_dynamic_task_mapping.py took 0.204 seconds
[2023-03-26T21:53:07.927+0200] {processor.py:153} INFO - Started process (PID=17237) to work on /home/humbulani/miniconda3/envs/apache-airflow/lib/python3.8/site-packages/airflow/example_dags/example_dynamic_task_mapping.py
[2023-03-26T21:53:07.959+0200] {processor.py:743} INFO - Processing file /home/humbulani/miniconda3/envs/apache-airflow/lib/python3.8/site-packages/airflow/example_dags/example_dynamic_task_mapping.py for tasks to queue
[2023-03-26T21:53:07.960+0200] {logging_mixin.py:137} INFO - [2023-03-26T21:53:07.960+0200] {dagbag.py:532} INFO - Filling up the DagBag from /home/humbulani/miniconda3/envs/apache-airflow/lib/python3.8/site-packages/airflow/example_dags/example_dynamic_task_mapping.py
[2023-03-26T21:53:07.979+0200] {processor.py:753} INFO - DAG(s) dict_keys(['example_dynamic_task_mapping']) retrieved from /home/humbulani/miniconda3/envs/apache-airflow/lib/python3.8/site-packages/airflow/example_dags/example_dynamic_task_mapping.py
[2023-03-26T21:53:07.996+0200] {logging_mixin.py:137} INFO - [2023-03-26T21:53:07.996+0200] {dag.py:2693} INFO - Sync 1 DAGs
[2023-03-26T21:53:08.091+0200] {logging_mixin.py:137} INFO - [2023-03-26T21:53:08.091+0200] {dag.py:3440} INFO - Setting next_dagrun for example_dynamic_task_mapping to 2022-03-04T00:00:00+00:00, run_after=2022-03-05T00:00:00+00:00
[2023-03-26T21:53:08.166+0200] {processor.py:175} INFO - Processing /home/humbulani/miniconda3/envs/apache-airflow/lib/python3.8/site-packages/airflow/example_dags/example_dynamic_task_mapping.py took 0.242 seconds
[2023-03-26T21:53:57.842+0200] {processor.py:153} INFO - Started process (PID=17287) to work on /home/humbulani/miniconda3/envs/apache-airflow/lib/python3.8/site-packages/airflow/example_dags/example_dynamic_task_mapping.py
[2023-03-26T21:53:57.879+0200] {processor.py:743} INFO - Processing file /home/humbulani/miniconda3/envs/apache-airflow/lib/python3.8/site-packages/airflow/example_dags/example_dynamic_task_mapping.py for tasks to queue
[2023-03-26T21:53:57.880+0200] {logging_mixin.py:137} INFO - [2023-03-26T21:53:57.880+0200] {dagbag.py:532} INFO - Filling up the DagBag from /home/humbulani/miniconda3/envs/apache-airflow/lib/python3.8/site-packages/airflow/example_dags/example_dynamic_task_mapping.py
[2023-03-26T21:53:57.904+0200] {processor.py:753} INFO - DAG(s) dict_keys(['example_dynamic_task_mapping']) retrieved from /home/humbulani/miniconda3/envs/apache-airflow/lib/python3.8/site-packages/airflow/example_dags/example_dynamic_task_mapping.py
[2023-03-26T21:53:58.004+0200] {logging_mixin.py:137} INFO - [2023-03-26T21:53:58.004+0200] {dag.py:2693} INFO - Sync 1 DAGs
[2023-03-26T21:53:58.019+0200] {logging_mixin.py:137} INFO - [2023-03-26T21:53:58.019+0200] {dag.py:3440} INFO - Setting next_dagrun for example_dynamic_task_mapping to 2022-03-04T00:00:00+00:00, run_after=2022-03-05T00:00:00+00:00
[2023-03-26T21:53:58.095+0200] {processor.py:175} INFO - Processing /home/humbulani/miniconda3/envs/apache-airflow/lib/python3.8/site-packages/airflow/example_dags/example_dynamic_task_mapping.py took 0.255 seconds
[2023-03-26T21:54:46.142+0200] {processor.py:153} INFO - Started process (PID=17332) to work on /home/humbulani/miniconda3/envs/apache-airflow/lib/python3.8/site-packages/airflow/example_dags/example_dynamic_task_mapping.py
[2023-03-26T21:54:46.174+0200] {processor.py:743} INFO - Processing file /home/humbulani/miniconda3/envs/apache-airflow/lib/python3.8/site-packages/airflow/example_dags/example_dynamic_task_mapping.py for tasks to queue
[2023-03-26T21:54:46.174+0200] {logging_mixin.py:137} INFO - [2023-03-26T21:54:46.174+0200] {dagbag.py:532} INFO - Filling up the DagBag from /home/humbulani/miniconda3/envs/apache-airflow/lib/python3.8/site-packages/airflow/example_dags/example_dynamic_task_mapping.py
[2023-03-26T21:54:46.277+0200] {processor.py:753} INFO - DAG(s) dict_keys(['example_dynamic_task_mapping']) retrieved from /home/humbulani/miniconda3/envs/apache-airflow/lib/python3.8/site-packages/airflow/example_dags/example_dynamic_task_mapping.py
[2023-03-26T21:54:46.290+0200] {logging_mixin.py:137} INFO - [2023-03-26T21:54:46.290+0200] {dag.py:2693} INFO - Sync 1 DAGs
[2023-03-26T21:54:46.305+0200] {logging_mixin.py:137} INFO - [2023-03-26T21:54:46.305+0200] {dag.py:3440} INFO - Setting next_dagrun for example_dynamic_task_mapping to 2022-03-04T00:00:00+00:00, run_after=2022-03-05T00:00:00+00:00
[2023-03-26T21:54:46.390+0200] {processor.py:175} INFO - Processing /home/humbulani/miniconda3/envs/apache-airflow/lib/python3.8/site-packages/airflow/example_dags/example_dynamic_task_mapping.py took 0.250 seconds
[2023-03-26T21:55:35.560+0200] {processor.py:153} INFO - Started process (PID=17376) to work on /home/humbulani/miniconda3/envs/apache-airflow/lib/python3.8/site-packages/airflow/example_dags/example_dynamic_task_mapping.py
[2023-03-26T21:55:35.596+0200] {processor.py:743} INFO - Processing file /home/humbulani/miniconda3/envs/apache-airflow/lib/python3.8/site-packages/airflow/example_dags/example_dynamic_task_mapping.py for tasks to queue
[2023-03-26T21:55:35.597+0200] {logging_mixin.py:137} INFO - [2023-03-26T21:55:35.597+0200] {dagbag.py:532} INFO - Filling up the DagBag from /home/humbulani/miniconda3/envs/apache-airflow/lib/python3.8/site-packages/airflow/example_dags/example_dynamic_task_mapping.py
[2023-03-26T21:55:35.702+0200] {processor.py:753} INFO - DAG(s) dict_keys(['example_dynamic_task_mapping']) retrieved from /home/humbulani/miniconda3/envs/apache-airflow/lib/python3.8/site-packages/airflow/example_dags/example_dynamic_task_mapping.py
[2023-03-26T21:55:35.715+0200] {logging_mixin.py:137} INFO - [2023-03-26T21:55:35.715+0200] {dag.py:2693} INFO - Sync 1 DAGs
[2023-03-26T21:55:35.731+0200] {logging_mixin.py:137} INFO - [2023-03-26T21:55:35.731+0200] {dag.py:3440} INFO - Setting next_dagrun for example_dynamic_task_mapping to 2022-03-04T00:00:00+00:00, run_after=2022-03-05T00:00:00+00:00
[2023-03-26T21:55:35.801+0200] {processor.py:175} INFO - Processing /home/humbulani/miniconda3/envs/apache-airflow/lib/python3.8/site-packages/airflow/example_dags/example_dynamic_task_mapping.py took 0.244 seconds
[2023-03-26T21:56:24.416+0200] {processor.py:153} INFO - Started process (PID=17478) to work on /home/humbulani/miniconda3/envs/apache-airflow/lib/python3.8/site-packages/airflow/example_dags/example_dynamic_task_mapping.py
[2023-03-26T21:56:24.417+0200] {processor.py:743} INFO - Processing file /home/humbulani/miniconda3/envs/apache-airflow/lib/python3.8/site-packages/airflow/example_dags/example_dynamic_task_mapping.py for tasks to queue
[2023-03-26T21:56:24.418+0200] {logging_mixin.py:137} INFO - [2023-03-26T21:56:24.418+0200] {dagbag.py:532} INFO - Filling up the DagBag from /home/humbulani/miniconda3/envs/apache-airflow/lib/python3.8/site-packages/airflow/example_dags/example_dynamic_task_mapping.py
[2023-03-26T21:56:24.441+0200] {processor.py:753} INFO - DAG(s) dict_keys(['example_dynamic_task_mapping']) retrieved from /home/humbulani/miniconda3/envs/apache-airflow/lib/python3.8/site-packages/airflow/example_dags/example_dynamic_task_mapping.py
[2023-03-26T21:56:24.456+0200] {logging_mixin.py:137} INFO - [2023-03-26T21:56:24.456+0200] {dag.py:2693} INFO - Sync 1 DAGs
[2023-03-26T21:56:24.474+0200] {logging_mixin.py:137} INFO - [2023-03-26T21:56:24.474+0200] {dag.py:3440} INFO - Setting next_dagrun for example_dynamic_task_mapping to 2022-03-04T00:00:00+00:00, run_after=2022-03-05T00:00:00+00:00
[2023-03-26T21:56:24.546+0200] {processor.py:175} INFO - Processing /home/humbulani/miniconda3/envs/apache-airflow/lib/python3.8/site-packages/airflow/example_dags/example_dynamic_task_mapping.py took 0.133 seconds
[2023-03-26T21:57:07.329+0200] {processor.py:153} INFO - Started process (PID=17530) to work on /home/humbulani/miniconda3/envs/apache-airflow/lib/python3.8/site-packages/airflow/example_dags/example_dynamic_task_mapping.py
[2023-03-26T21:57:07.341+0200] {processor.py:743} INFO - Processing file /home/humbulani/miniconda3/envs/apache-airflow/lib/python3.8/site-packages/airflow/example_dags/example_dynamic_task_mapping.py for tasks to queue
[2023-03-26T21:57:07.342+0200] {logging_mixin.py:137} INFO - [2023-03-26T21:57:07.342+0200] {dagbag.py:532} INFO - Filling up the DagBag from /home/humbulani/miniconda3/envs/apache-airflow/lib/python3.8/site-packages/airflow/example_dags/example_dynamic_task_mapping.py
[2023-03-26T21:57:07.363+0200] {processor.py:753} INFO - DAG(s) dict_keys(['example_dynamic_task_mapping']) retrieved from /home/humbulani/miniconda3/envs/apache-airflow/lib/python3.8/site-packages/airflow/example_dags/example_dynamic_task_mapping.py
[2023-03-26T21:57:07.379+0200] {logging_mixin.py:137} INFO - [2023-03-26T21:57:07.379+0200] {dag.py:2693} INFO - Sync 1 DAGs
[2023-03-26T21:57:07.397+0200] {logging_mixin.py:137} INFO - [2023-03-26T21:57:07.397+0200] {dag.py:3440} INFO - Setting next_dagrun for example_dynamic_task_mapping to 2022-03-04T00:00:00+00:00, run_after=2022-03-05T00:00:00+00:00
[2023-03-26T21:57:07.475+0200] {processor.py:175} INFO - Processing /home/humbulani/miniconda3/envs/apache-airflow/lib/python3.8/site-packages/airflow/example_dags/example_dynamic_task_mapping.py took 0.147 seconds
[2023-03-26T21:57:51.600+0200] {processor.py:153} INFO - Started process (PID=17690) to work on /home/humbulani/miniconda3/envs/apache-airflow/lib/python3.8/site-packages/airflow/example_dags/example_dynamic_task_mapping.py
[2023-03-26T21:57:51.611+0200] {processor.py:743} INFO - Processing file /home/humbulani/miniconda3/envs/apache-airflow/lib/python3.8/site-packages/airflow/example_dags/example_dynamic_task_mapping.py for tasks to queue
[2023-03-26T21:57:51.612+0200] {logging_mixin.py:137} INFO - [2023-03-26T21:57:51.612+0200] {dagbag.py:532} INFO - Filling up the DagBag from /home/humbulani/miniconda3/envs/apache-airflow/lib/python3.8/site-packages/airflow/example_dags/example_dynamic_task_mapping.py
[2023-03-26T21:57:51.638+0200] {processor.py:753} INFO - DAG(s) dict_keys(['example_dynamic_task_mapping']) retrieved from /home/humbulani/miniconda3/envs/apache-airflow/lib/python3.8/site-packages/airflow/example_dags/example_dynamic_task_mapping.py
[2023-03-26T21:57:51.665+0200] {logging_mixin.py:137} INFO - [2023-03-26T21:57:51.664+0200] {dag.py:2693} INFO - Sync 1 DAGs
[2023-03-26T21:57:51.703+0200] {logging_mixin.py:137} INFO - [2023-03-26T21:57:51.703+0200] {dag.py:3440} INFO - Setting next_dagrun for example_dynamic_task_mapping to 2022-03-04T00:00:00+00:00, run_after=2022-03-05T00:00:00+00:00
[2023-03-26T21:57:51.954+0200] {processor.py:175} INFO - Processing /home/humbulani/miniconda3/envs/apache-airflow/lib/python3.8/site-packages/airflow/example_dags/example_dynamic_task_mapping.py took 0.356 seconds
[2023-03-26T21:58:39.339+0200] {processor.py:153} INFO - Started process (PID=17874) to work on /home/humbulani/miniconda3/envs/apache-airflow/lib/python3.8/site-packages/airflow/example_dags/example_dynamic_task_mapping.py
[2023-03-26T21:58:39.356+0200] {processor.py:743} INFO - Processing file /home/humbulani/miniconda3/envs/apache-airflow/lib/python3.8/site-packages/airflow/example_dags/example_dynamic_task_mapping.py for tasks to queue
[2023-03-26T21:58:39.357+0200] {logging_mixin.py:137} INFO - [2023-03-26T21:58:39.357+0200] {dagbag.py:532} INFO - Filling up the DagBag from /home/humbulani/miniconda3/envs/apache-airflow/lib/python3.8/site-packages/airflow/example_dags/example_dynamic_task_mapping.py
[2023-03-26T21:58:39.381+0200] {processor.py:753} INFO - DAG(s) dict_keys(['example_dynamic_task_mapping']) retrieved from /home/humbulani/miniconda3/envs/apache-airflow/lib/python3.8/site-packages/airflow/example_dags/example_dynamic_task_mapping.py
[2023-03-26T21:58:39.396+0200] {logging_mixin.py:137} INFO - [2023-03-26T21:58:39.396+0200] {dag.py:2693} INFO - Sync 1 DAGs
[2023-03-26T21:58:39.413+0200] {logging_mixin.py:137} INFO - [2023-03-26T21:58:39.413+0200] {dag.py:3440} INFO - Setting next_dagrun for example_dynamic_task_mapping to 2022-03-04T00:00:00+00:00, run_after=2022-03-05T00:00:00+00:00
[2023-03-26T21:58:39.498+0200] {processor.py:175} INFO - Processing /home/humbulani/miniconda3/envs/apache-airflow/lib/python3.8/site-packages/airflow/example_dags/example_dynamic_task_mapping.py took 0.161 seconds
[2023-03-26T21:59:26.965+0200] {processor.py:153} INFO - Started process (PID=18045) to work on /home/humbulani/miniconda3/envs/apache-airflow/lib/python3.8/site-packages/airflow/example_dags/example_dynamic_task_mapping.py
[2023-03-26T21:59:26.978+0200] {processor.py:743} INFO - Processing file /home/humbulani/miniconda3/envs/apache-airflow/lib/python3.8/site-packages/airflow/example_dags/example_dynamic_task_mapping.py for tasks to queue
[2023-03-26T21:59:26.979+0200] {logging_mixin.py:137} INFO - [2023-03-26T21:59:26.979+0200] {dagbag.py:532} INFO - Filling up the DagBag from /home/humbulani/miniconda3/envs/apache-airflow/lib/python3.8/site-packages/airflow/example_dags/example_dynamic_task_mapping.py
[2023-03-26T21:59:27.004+0200] {processor.py:753} INFO - DAG(s) dict_keys(['example_dynamic_task_mapping']) retrieved from /home/humbulani/miniconda3/envs/apache-airflow/lib/python3.8/site-packages/airflow/example_dags/example_dynamic_task_mapping.py
[2023-03-26T21:59:27.021+0200] {logging_mixin.py:137} INFO - [2023-03-26T21:59:27.020+0200] {dag.py:2693} INFO - Sync 1 DAGs
[2023-03-26T21:59:27.038+0200] {logging_mixin.py:137} INFO - [2023-03-26T21:59:27.038+0200] {dag.py:3440} INFO - Setting next_dagrun for example_dynamic_task_mapping to 2022-03-04T00:00:00+00:00, run_after=2022-03-05T00:00:00+00:00
[2023-03-26T21:59:27.211+0200] {processor.py:175} INFO - Processing /home/humbulani/miniconda3/envs/apache-airflow/lib/python3.8/site-packages/airflow/example_dags/example_dynamic_task_mapping.py took 0.249 seconds
[2023-03-26T22:00:14.351+0200] {processor.py:153} INFO - Started process (PID=18157) to work on /home/humbulani/miniconda3/envs/apache-airflow/lib/python3.8/site-packages/airflow/example_dags/example_dynamic_task_mapping.py
[2023-03-26T22:00:14.352+0200] {processor.py:743} INFO - Processing file /home/humbulani/miniconda3/envs/apache-airflow/lib/python3.8/site-packages/airflow/example_dags/example_dynamic_task_mapping.py for tasks to queue
[2023-03-26T22:00:14.353+0200] {logging_mixin.py:137} INFO - [2023-03-26T22:00:14.353+0200] {dagbag.py:532} INFO - Filling up the DagBag from /home/humbulani/miniconda3/envs/apache-airflow/lib/python3.8/site-packages/airflow/example_dags/example_dynamic_task_mapping.py
[2023-03-26T22:00:14.373+0200] {processor.py:753} INFO - DAG(s) dict_keys(['example_dynamic_task_mapping']) retrieved from /home/humbulani/miniconda3/envs/apache-airflow/lib/python3.8/site-packages/airflow/example_dags/example_dynamic_task_mapping.py
[2023-03-26T22:00:14.389+0200] {logging_mixin.py:137} INFO - [2023-03-26T22:00:14.389+0200] {dag.py:2693} INFO - Sync 1 DAGs
[2023-03-26T22:00:14.406+0200] {logging_mixin.py:137} INFO - [2023-03-26T22:00:14.406+0200] {dag.py:3440} INFO - Setting next_dagrun for example_dynamic_task_mapping to 2022-03-04T00:00:00+00:00, run_after=2022-03-05T00:00:00+00:00
[2023-03-26T22:00:14.496+0200] {processor.py:175} INFO - Processing /home/humbulani/miniconda3/envs/apache-airflow/lib/python3.8/site-packages/airflow/example_dags/example_dynamic_task_mapping.py took 0.148 seconds
[2023-03-26T22:01:00.511+0200] {processor.py:153} INFO - Started process (PID=18241) to work on /home/humbulani/miniconda3/envs/apache-airflow/lib/python3.8/site-packages/airflow/example_dags/example_dynamic_task_mapping.py
[2023-03-26T22:01:00.518+0200] {processor.py:743} INFO - Processing file /home/humbulani/miniconda3/envs/apache-airflow/lib/python3.8/site-packages/airflow/example_dags/example_dynamic_task_mapping.py for tasks to queue
[2023-03-26T22:01:00.519+0200] {logging_mixin.py:137} INFO - [2023-03-26T22:01:00.518+0200] {dagbag.py:532} INFO - Filling up the DagBag from /home/humbulani/miniconda3/envs/apache-airflow/lib/python3.8/site-packages/airflow/example_dags/example_dynamic_task_mapping.py
[2023-03-26T22:01:00.549+0200] {processor.py:753} INFO - DAG(s) dict_keys(['example_dynamic_task_mapping']) retrieved from /home/humbulani/miniconda3/envs/apache-airflow/lib/python3.8/site-packages/airflow/example_dags/example_dynamic_task_mapping.py
[2023-03-26T22:01:00.566+0200] {logging_mixin.py:137} INFO - [2023-03-26T22:01:00.566+0200] {dag.py:2693} INFO - Sync 1 DAGs
[2023-03-26T22:01:00.589+0200] {logging_mixin.py:137} INFO - [2023-03-26T22:01:00.589+0200] {dag.py:3440} INFO - Setting next_dagrun for example_dynamic_task_mapping to 2022-03-04T00:00:00+00:00, run_after=2022-03-05T00:00:00+00:00
[2023-03-26T22:01:00.666+0200] {processor.py:175} INFO - Processing /home/humbulani/miniconda3/envs/apache-airflow/lib/python3.8/site-packages/airflow/example_dags/example_dynamic_task_mapping.py took 0.158 seconds
[2023-03-26T22:01:47.252+0200] {processor.py:153} INFO - Started process (PID=18497) to work on /home/humbulani/miniconda3/envs/apache-airflow/lib/python3.8/site-packages/airflow/example_dags/example_dynamic_task_mapping.py
[2023-03-26T22:01:47.267+0200] {processor.py:743} INFO - Processing file /home/humbulani/miniconda3/envs/apache-airflow/lib/python3.8/site-packages/airflow/example_dags/example_dynamic_task_mapping.py for tasks to queue
[2023-03-26T22:01:47.268+0200] {logging_mixin.py:137} INFO - [2023-03-26T22:01:47.268+0200] {dagbag.py:532} INFO - Filling up the DagBag from /home/humbulani/miniconda3/envs/apache-airflow/lib/python3.8/site-packages/airflow/example_dags/example_dynamic_task_mapping.py
[2023-03-26T22:01:47.292+0200] {processor.py:753} INFO - DAG(s) dict_keys(['example_dynamic_task_mapping']) retrieved from /home/humbulani/miniconda3/envs/apache-airflow/lib/python3.8/site-packages/airflow/example_dags/example_dynamic_task_mapping.py
[2023-03-26T22:01:47.312+0200] {logging_mixin.py:137} INFO - [2023-03-26T22:01:47.312+0200] {dag.py:2693} INFO - Sync 1 DAGs
[2023-03-26T22:01:47.333+0200] {logging_mixin.py:137} INFO - [2023-03-26T22:01:47.332+0200] {dag.py:3440} INFO - Setting next_dagrun for example_dynamic_task_mapping to 2022-03-04T00:00:00+00:00, run_after=2022-03-05T00:00:00+00:00
[2023-03-26T22:01:47.421+0200] {processor.py:175} INFO - Processing /home/humbulani/miniconda3/envs/apache-airflow/lib/python3.8/site-packages/airflow/example_dags/example_dynamic_task_mapping.py took 0.172 seconds
[2023-03-26T22:02:34.825+0200] {processor.py:153} INFO - Started process (PID=18543) to work on /home/humbulani/miniconda3/envs/apache-airflow/lib/python3.8/site-packages/airflow/example_dags/example_dynamic_task_mapping.py
[2023-03-26T22:02:34.837+0200] {processor.py:743} INFO - Processing file /home/humbulani/miniconda3/envs/apache-airflow/lib/python3.8/site-packages/airflow/example_dags/example_dynamic_task_mapping.py for tasks to queue
[2023-03-26T22:02:34.838+0200] {logging_mixin.py:137} INFO - [2023-03-26T22:02:34.838+0200] {dagbag.py:532} INFO - Filling up the DagBag from /home/humbulani/miniconda3/envs/apache-airflow/lib/python3.8/site-packages/airflow/example_dags/example_dynamic_task_mapping.py
[2023-03-26T22:02:34.858+0200] {processor.py:753} INFO - DAG(s) dict_keys(['example_dynamic_task_mapping']) retrieved from /home/humbulani/miniconda3/envs/apache-airflow/lib/python3.8/site-packages/airflow/example_dags/example_dynamic_task_mapping.py
[2023-03-26T22:02:34.873+0200] {logging_mixin.py:137} INFO - [2023-03-26T22:02:34.873+0200] {dag.py:2693} INFO - Sync 1 DAGs
[2023-03-26T22:02:34.890+0200] {logging_mixin.py:137} INFO - [2023-03-26T22:02:34.890+0200] {dag.py:3440} INFO - Setting next_dagrun for example_dynamic_task_mapping to 2022-03-04T00:00:00+00:00, run_after=2022-03-05T00:00:00+00:00
[2023-03-26T22:02:34.974+0200] {processor.py:175} INFO - Processing /home/humbulani/miniconda3/envs/apache-airflow/lib/python3.8/site-packages/airflow/example_dags/example_dynamic_task_mapping.py took 0.152 seconds
[2023-03-26T22:03:19.952+0200] {processor.py:153} INFO - Started process (PID=18608) to work on /home/humbulani/miniconda3/envs/apache-airflow/lib/python3.8/site-packages/airflow/example_dags/example_dynamic_task_mapping.py
[2023-03-26T22:03:19.959+0200] {processor.py:743} INFO - Processing file /home/humbulani/miniconda3/envs/apache-airflow/lib/python3.8/site-packages/airflow/example_dags/example_dynamic_task_mapping.py for tasks to queue
[2023-03-26T22:03:19.961+0200] {logging_mixin.py:137} INFO - [2023-03-26T22:03:19.960+0200] {dagbag.py:532} INFO - Filling up the DagBag from /home/humbulani/miniconda3/envs/apache-airflow/lib/python3.8/site-packages/airflow/example_dags/example_dynamic_task_mapping.py
[2023-03-26T22:03:19.984+0200] {processor.py:753} INFO - DAG(s) dict_keys(['example_dynamic_task_mapping']) retrieved from /home/humbulani/miniconda3/envs/apache-airflow/lib/python3.8/site-packages/airflow/example_dags/example_dynamic_task_mapping.py
[2023-03-26T22:03:20.000+0200] {logging_mixin.py:137} INFO - [2023-03-26T22:03:20.000+0200] {dag.py:2693} INFO - Sync 1 DAGs
[2023-03-26T22:03:20.017+0200] {logging_mixin.py:137} INFO - [2023-03-26T22:03:20.017+0200] {dag.py:3440} INFO - Setting next_dagrun for example_dynamic_task_mapping to 2022-03-04T00:00:00+00:00, run_after=2022-03-05T00:00:00+00:00
[2023-03-26T22:03:20.127+0200] {processor.py:175} INFO - Processing /home/humbulani/miniconda3/envs/apache-airflow/lib/python3.8/site-packages/airflow/example_dags/example_dynamic_task_mapping.py took 0.179 seconds
[2023-03-26T22:04:05.780+0200] {processor.py:153} INFO - Started process (PID=18668) to work on /home/humbulani/miniconda3/envs/apache-airflow/lib/python3.8/site-packages/airflow/example_dags/example_dynamic_task_mapping.py
[2023-03-26T22:04:05.787+0200] {processor.py:743} INFO - Processing file /home/humbulani/miniconda3/envs/apache-airflow/lib/python3.8/site-packages/airflow/example_dags/example_dynamic_task_mapping.py for tasks to queue
[2023-03-26T22:04:05.788+0200] {logging_mixin.py:137} INFO - [2023-03-26T22:04:05.788+0200] {dagbag.py:532} INFO - Filling up the DagBag from /home/humbulani/miniconda3/envs/apache-airflow/lib/python3.8/site-packages/airflow/example_dags/example_dynamic_task_mapping.py
[2023-03-26T22:04:05.808+0200] {processor.py:753} INFO - DAG(s) dict_keys(['example_dynamic_task_mapping']) retrieved from /home/humbulani/miniconda3/envs/apache-airflow/lib/python3.8/site-packages/airflow/example_dags/example_dynamic_task_mapping.py
[2023-03-26T22:04:05.823+0200] {logging_mixin.py:137} INFO - [2023-03-26T22:04:05.823+0200] {dag.py:2693} INFO - Sync 1 DAGs
[2023-03-26T22:04:05.841+0200] {logging_mixin.py:137} INFO - [2023-03-26T22:04:05.841+0200] {dag.py:3440} INFO - Setting next_dagrun for example_dynamic_task_mapping to 2022-03-04T00:00:00+00:00, run_after=2022-03-05T00:00:00+00:00
[2023-03-26T22:04:05.912+0200] {processor.py:175} INFO - Processing /home/humbulani/miniconda3/envs/apache-airflow/lib/python3.8/site-packages/airflow/example_dags/example_dynamic_task_mapping.py took 0.135 seconds
[2023-03-26T22:04:49.960+0200] {processor.py:153} INFO - Started process (PID=18723) to work on /home/humbulani/miniconda3/envs/apache-airflow/lib/python3.8/site-packages/airflow/example_dags/example_dynamic_task_mapping.py
[2023-03-26T22:04:49.974+0200] {processor.py:743} INFO - Processing file /home/humbulani/miniconda3/envs/apache-airflow/lib/python3.8/site-packages/airflow/example_dags/example_dynamic_task_mapping.py for tasks to queue
[2023-03-26T22:04:49.974+0200] {logging_mixin.py:137} INFO - [2023-03-26T22:04:49.974+0200] {dagbag.py:532} INFO - Filling up the DagBag from /home/humbulani/miniconda3/envs/apache-airflow/lib/python3.8/site-packages/airflow/example_dags/example_dynamic_task_mapping.py
[2023-03-26T22:04:49.994+0200] {processor.py:753} INFO - DAG(s) dict_keys(['example_dynamic_task_mapping']) retrieved from /home/humbulani/miniconda3/envs/apache-airflow/lib/python3.8/site-packages/airflow/example_dags/example_dynamic_task_mapping.py
[2023-03-26T22:04:50.009+0200] {logging_mixin.py:137} INFO - [2023-03-26T22:04:50.009+0200] {dag.py:2693} INFO - Sync 1 DAGs
[2023-03-26T22:04:50.027+0200] {logging_mixin.py:137} INFO - [2023-03-26T22:04:50.027+0200] {dag.py:3440} INFO - Setting next_dagrun for example_dynamic_task_mapping to 2022-03-04T00:00:00+00:00, run_after=2022-03-05T00:00:00+00:00
[2023-03-26T22:04:50.107+0200] {processor.py:175} INFO - Processing /home/humbulani/miniconda3/envs/apache-airflow/lib/python3.8/site-packages/airflow/example_dags/example_dynamic_task_mapping.py took 0.150 seconds
[2023-03-26T22:05:35.925+0200] {processor.py:153} INFO - Started process (PID=18777) to work on /home/humbulani/miniconda3/envs/apache-airflow/lib/python3.8/site-packages/airflow/example_dags/example_dynamic_task_mapping.py
[2023-03-26T22:05:35.939+0200] {processor.py:743} INFO - Processing file /home/humbulani/miniconda3/envs/apache-airflow/lib/python3.8/site-packages/airflow/example_dags/example_dynamic_task_mapping.py for tasks to queue
[2023-03-26T22:05:35.939+0200] {logging_mixin.py:137} INFO - [2023-03-26T22:05:35.939+0200] {dagbag.py:532} INFO - Filling up the DagBag from /home/humbulani/miniconda3/envs/apache-airflow/lib/python3.8/site-packages/airflow/example_dags/example_dynamic_task_mapping.py
[2023-03-26T22:05:35.960+0200] {processor.py:753} INFO - DAG(s) dict_keys(['example_dynamic_task_mapping']) retrieved from /home/humbulani/miniconda3/envs/apache-airflow/lib/python3.8/site-packages/airflow/example_dags/example_dynamic_task_mapping.py
[2023-03-26T22:05:35.976+0200] {logging_mixin.py:137} INFO - [2023-03-26T22:05:35.976+0200] {dag.py:2693} INFO - Sync 1 DAGs
[2023-03-26T22:05:35.994+0200] {logging_mixin.py:137} INFO - [2023-03-26T22:05:35.994+0200] {dag.py:3440} INFO - Setting next_dagrun for example_dynamic_task_mapping to 2022-03-04T00:00:00+00:00, run_after=2022-03-05T00:00:00+00:00
[2023-03-26T22:05:36.069+0200] {processor.py:175} INFO - Processing /home/humbulani/miniconda3/envs/apache-airflow/lib/python3.8/site-packages/airflow/example_dags/example_dynamic_task_mapping.py took 0.147 seconds
[2023-03-26T22:06:19.845+0200] {processor.py:153} INFO - Started process (PID=18823) to work on /home/humbulani/miniconda3/envs/apache-airflow/lib/python3.8/site-packages/airflow/example_dags/example_dynamic_task_mapping.py
[2023-03-26T22:06:19.860+0200] {processor.py:743} INFO - Processing file /home/humbulani/miniconda3/envs/apache-airflow/lib/python3.8/site-packages/airflow/example_dags/example_dynamic_task_mapping.py for tasks to queue
[2023-03-26T22:06:19.861+0200] {logging_mixin.py:137} INFO - [2023-03-26T22:06:19.861+0200] {dagbag.py:532} INFO - Filling up the DagBag from /home/humbulani/miniconda3/envs/apache-airflow/lib/python3.8/site-packages/airflow/example_dags/example_dynamic_task_mapping.py
[2023-03-26T22:06:19.882+0200] {processor.py:753} INFO - DAG(s) dict_keys(['example_dynamic_task_mapping']) retrieved from /home/humbulani/miniconda3/envs/apache-airflow/lib/python3.8/site-packages/airflow/example_dags/example_dynamic_task_mapping.py
[2023-03-26T22:06:19.899+0200] {logging_mixin.py:137} INFO - [2023-03-26T22:06:19.898+0200] {dag.py:2693} INFO - Sync 1 DAGs
[2023-03-26T22:06:19.916+0200] {logging_mixin.py:137} INFO - [2023-03-26T22:06:19.916+0200] {dag.py:3440} INFO - Setting next_dagrun for example_dynamic_task_mapping to 2022-03-04T00:00:00+00:00, run_after=2022-03-05T00:00:00+00:00
[2023-03-26T22:06:19.999+0200] {processor.py:175} INFO - Processing /home/humbulani/miniconda3/envs/apache-airflow/lib/python3.8/site-packages/airflow/example_dags/example_dynamic_task_mapping.py took 0.156 seconds
[2023-03-26T22:07:08.016+0200] {processor.py:153} INFO - Started process (PID=18948) to work on /home/humbulani/miniconda3/envs/apache-airflow/lib/python3.8/site-packages/airflow/example_dags/example_dynamic_task_mapping.py
[2023-03-26T22:07:08.024+0200] {processor.py:743} INFO - Processing file /home/humbulani/miniconda3/envs/apache-airflow/lib/python3.8/site-packages/airflow/example_dags/example_dynamic_task_mapping.py for tasks to queue
[2023-03-26T22:07:08.025+0200] {logging_mixin.py:137} INFO - [2023-03-26T22:07:08.025+0200] {dagbag.py:532} INFO - Filling up the DagBag from /home/humbulani/miniconda3/envs/apache-airflow/lib/python3.8/site-packages/airflow/example_dags/example_dynamic_task_mapping.py
[2023-03-26T22:07:08.045+0200] {processor.py:753} INFO - DAG(s) dict_keys(['example_dynamic_task_mapping']) retrieved from /home/humbulani/miniconda3/envs/apache-airflow/lib/python3.8/site-packages/airflow/example_dags/example_dynamic_task_mapping.py
[2023-03-26T22:07:08.061+0200] {logging_mixin.py:137} INFO - [2023-03-26T22:07:08.061+0200] {dag.py:2693} INFO - Sync 1 DAGs
[2023-03-26T22:07:08.078+0200] {logging_mixin.py:137} INFO - [2023-03-26T22:07:08.078+0200] {dag.py:3440} INFO - Setting next_dagrun for example_dynamic_task_mapping to 2022-03-04T00:00:00+00:00, run_after=2022-03-05T00:00:00+00:00
[2023-03-26T22:07:08.147+0200] {processor.py:175} INFO - Processing /home/humbulani/miniconda3/envs/apache-airflow/lib/python3.8/site-packages/airflow/example_dags/example_dynamic_task_mapping.py took 0.134 seconds
[2023-03-26T22:07:52.896+0200] {processor.py:153} INFO - Started process (PID=19012) to work on /home/humbulani/miniconda3/envs/apache-airflow/lib/python3.8/site-packages/airflow/example_dags/example_dynamic_task_mapping.py
[2023-03-26T22:07:52.897+0200] {processor.py:743} INFO - Processing file /home/humbulani/miniconda3/envs/apache-airflow/lib/python3.8/site-packages/airflow/example_dags/example_dynamic_task_mapping.py for tasks to queue
[2023-03-26T22:07:52.898+0200] {logging_mixin.py:137} INFO - [2023-03-26T22:07:52.898+0200] {dagbag.py:532} INFO - Filling up the DagBag from /home/humbulani/miniconda3/envs/apache-airflow/lib/python3.8/site-packages/airflow/example_dags/example_dynamic_task_mapping.py
[2023-03-26T22:07:52.918+0200] {processor.py:753} INFO - DAG(s) dict_keys(['example_dynamic_task_mapping']) retrieved from /home/humbulani/miniconda3/envs/apache-airflow/lib/python3.8/site-packages/airflow/example_dags/example_dynamic_task_mapping.py
[2023-03-26T22:07:52.933+0200] {logging_mixin.py:137} INFO - [2023-03-26T22:07:52.933+0200] {dag.py:2693} INFO - Sync 1 DAGs
[2023-03-26T22:07:52.951+0200] {logging_mixin.py:137} INFO - [2023-03-26T22:07:52.951+0200] {dag.py:3440} INFO - Setting next_dagrun for example_dynamic_task_mapping to 2022-03-04T00:00:00+00:00, run_after=2022-03-05T00:00:00+00:00
[2023-03-26T22:07:53.037+0200] {processor.py:175} INFO - Processing /home/humbulani/miniconda3/envs/apache-airflow/lib/python3.8/site-packages/airflow/example_dags/example_dynamic_task_mapping.py took 0.144 seconds
[2023-03-26T22:08:36.835+0200] {processor.py:153} INFO - Started process (PID=19060) to work on /home/humbulani/miniconda3/envs/apache-airflow/lib/python3.8/site-packages/airflow/example_dags/example_dynamic_task_mapping.py
[2023-03-26T22:08:36.850+0200] {processor.py:743} INFO - Processing file /home/humbulani/miniconda3/envs/apache-airflow/lib/python3.8/site-packages/airflow/example_dags/example_dynamic_task_mapping.py for tasks to queue
[2023-03-26T22:08:36.850+0200] {logging_mixin.py:137} INFO - [2023-03-26T22:08:36.850+0200] {dagbag.py:532} INFO - Filling up the DagBag from /home/humbulani/miniconda3/envs/apache-airflow/lib/python3.8/site-packages/airflow/example_dags/example_dynamic_task_mapping.py
[2023-03-26T22:08:36.869+0200] {processor.py:753} INFO - DAG(s) dict_keys(['example_dynamic_task_mapping']) retrieved from /home/humbulani/miniconda3/envs/apache-airflow/lib/python3.8/site-packages/airflow/example_dags/example_dynamic_task_mapping.py
[2023-03-26T22:08:36.885+0200] {logging_mixin.py:137} INFO - [2023-03-26T22:08:36.884+0200] {dag.py:2693} INFO - Sync 1 DAGs
[2023-03-26T22:08:36.902+0200] {logging_mixin.py:137} INFO - [2023-03-26T22:08:36.902+0200] {dag.py:3440} INFO - Setting next_dagrun for example_dynamic_task_mapping to 2022-03-04T00:00:00+00:00, run_after=2022-03-05T00:00:00+00:00
[2023-03-26T22:08:36.974+0200] {processor.py:175} INFO - Processing /home/humbulani/miniconda3/envs/apache-airflow/lib/python3.8/site-packages/airflow/example_dags/example_dynamic_task_mapping.py took 0.142 seconds
[2023-03-26T22:09:25.708+0200] {processor.py:153} INFO - Started process (PID=19143) to work on /home/humbulani/miniconda3/envs/apache-airflow/lib/python3.8/site-packages/airflow/example_dags/example_dynamic_task_mapping.py
[2023-03-26T22:09:25.721+0200] {processor.py:743} INFO - Processing file /home/humbulani/miniconda3/envs/apache-airflow/lib/python3.8/site-packages/airflow/example_dags/example_dynamic_task_mapping.py for tasks to queue
[2023-03-26T22:09:25.721+0200] {logging_mixin.py:137} INFO - [2023-03-26T22:09:25.721+0200] {dagbag.py:532} INFO - Filling up the DagBag from /home/humbulani/miniconda3/envs/apache-airflow/lib/python3.8/site-packages/airflow/example_dags/example_dynamic_task_mapping.py
[2023-03-26T22:09:25.741+0200] {processor.py:753} INFO - DAG(s) dict_keys(['example_dynamic_task_mapping']) retrieved from /home/humbulani/miniconda3/envs/apache-airflow/lib/python3.8/site-packages/airflow/example_dags/example_dynamic_task_mapping.py
[2023-03-26T22:09:25.758+0200] {logging_mixin.py:137} INFO - [2023-03-26T22:09:25.758+0200] {dag.py:2693} INFO - Sync 1 DAGs
[2023-03-26T22:09:25.776+0200] {logging_mixin.py:137} INFO - [2023-03-26T22:09:25.775+0200] {dag.py:3440} INFO - Setting next_dagrun for example_dynamic_task_mapping to 2022-03-04T00:00:00+00:00, run_after=2022-03-05T00:00:00+00:00
[2023-03-26T22:09:25.863+0200] {processor.py:175} INFO - Processing /home/humbulani/miniconda3/envs/apache-airflow/lib/python3.8/site-packages/airflow/example_dags/example_dynamic_task_mapping.py took 0.157 seconds
[2023-03-26T22:10:10.920+0200] {processor.py:153} INFO - Started process (PID=19187) to work on /home/humbulani/miniconda3/envs/apache-airflow/lib/python3.8/site-packages/airflow/example_dags/example_dynamic_task_mapping.py
[2023-03-26T22:10:10.926+0200] {processor.py:743} INFO - Processing file /home/humbulani/miniconda3/envs/apache-airflow/lib/python3.8/site-packages/airflow/example_dags/example_dynamic_task_mapping.py for tasks to queue
[2023-03-26T22:10:10.926+0200] {logging_mixin.py:137} INFO - [2023-03-26T22:10:10.926+0200] {dagbag.py:532} INFO - Filling up the DagBag from /home/humbulani/miniconda3/envs/apache-airflow/lib/python3.8/site-packages/airflow/example_dags/example_dynamic_task_mapping.py
[2023-03-26T22:10:10.946+0200] {processor.py:753} INFO - DAG(s) dict_keys(['example_dynamic_task_mapping']) retrieved from /home/humbulani/miniconda3/envs/apache-airflow/lib/python3.8/site-packages/airflow/example_dags/example_dynamic_task_mapping.py
[2023-03-26T22:10:10.962+0200] {logging_mixin.py:137} INFO - [2023-03-26T22:10:10.962+0200] {dag.py:2693} INFO - Sync 1 DAGs
[2023-03-26T22:10:10.979+0200] {logging_mixin.py:137} INFO - [2023-03-26T22:10:10.979+0200] {dag.py:3440} INFO - Setting next_dagrun for example_dynamic_task_mapping to 2022-03-04T00:00:00+00:00, run_after=2022-03-05T00:00:00+00:00
[2023-03-26T22:10:11.060+0200] {processor.py:175} INFO - Processing /home/humbulani/miniconda3/envs/apache-airflow/lib/python3.8/site-packages/airflow/example_dags/example_dynamic_task_mapping.py took 0.142 seconds
[2023-03-26T22:10:55.502+0200] {processor.py:153} INFO - Started process (PID=19315) to work on /home/humbulani/miniconda3/envs/apache-airflow/lib/python3.8/site-packages/airflow/example_dags/example_dynamic_task_mapping.py
[2023-03-26T22:10:55.556+0200] {processor.py:743} INFO - Processing file /home/humbulani/miniconda3/envs/apache-airflow/lib/python3.8/site-packages/airflow/example_dags/example_dynamic_task_mapping.py for tasks to queue
[2023-03-26T22:10:55.556+0200] {logging_mixin.py:137} INFO - [2023-03-26T22:10:55.556+0200] {dagbag.py:532} INFO - Filling up the DagBag from /home/humbulani/miniconda3/envs/apache-airflow/lib/python3.8/site-packages/airflow/example_dags/example_dynamic_task_mapping.py
[2023-03-26T22:10:55.576+0200] {processor.py:753} INFO - DAG(s) dict_keys(['example_dynamic_task_mapping']) retrieved from /home/humbulani/miniconda3/envs/apache-airflow/lib/python3.8/site-packages/airflow/example_dags/example_dynamic_task_mapping.py
[2023-03-26T22:10:55.592+0200] {logging_mixin.py:137} INFO - [2023-03-26T22:10:55.591+0200] {dag.py:2693} INFO - Sync 1 DAGs
[2023-03-26T22:10:55.608+0200] {logging_mixin.py:137} INFO - [2023-03-26T22:10:55.608+0200] {dag.py:3440} INFO - Setting next_dagrun for example_dynamic_task_mapping to 2022-03-04T00:00:00+00:00, run_after=2022-03-05T00:00:00+00:00
[2023-03-26T22:10:55.682+0200] {processor.py:175} INFO - Processing /home/humbulani/miniconda3/envs/apache-airflow/lib/python3.8/site-packages/airflow/example_dags/example_dynamic_task_mapping.py took 0.182 seconds
[2023-03-26T22:11:42.988+0200] {processor.py:153} INFO - Started process (PID=19358) to work on /home/humbulani/miniconda3/envs/apache-airflow/lib/python3.8/site-packages/airflow/example_dags/example_dynamic_task_mapping.py
[2023-03-26T22:11:42.999+0200] {processor.py:743} INFO - Processing file /home/humbulani/miniconda3/envs/apache-airflow/lib/python3.8/site-packages/airflow/example_dags/example_dynamic_task_mapping.py for tasks to queue
[2023-03-26T22:11:43.000+0200] {logging_mixin.py:137} INFO - [2023-03-26T22:11:43.000+0200] {dagbag.py:532} INFO - Filling up the DagBag from /home/humbulani/miniconda3/envs/apache-airflow/lib/python3.8/site-packages/airflow/example_dags/example_dynamic_task_mapping.py
[2023-03-26T22:11:43.019+0200] {processor.py:753} INFO - DAG(s) dict_keys(['example_dynamic_task_mapping']) retrieved from /home/humbulani/miniconda3/envs/apache-airflow/lib/python3.8/site-packages/airflow/example_dags/example_dynamic_task_mapping.py
[2023-03-26T22:11:43.035+0200] {logging_mixin.py:137} INFO - [2023-03-26T22:11:43.035+0200] {dag.py:2693} INFO - Sync 1 DAGs
[2023-03-26T22:11:43.052+0200] {logging_mixin.py:137} INFO - [2023-03-26T22:11:43.052+0200] {dag.py:3440} INFO - Setting next_dagrun for example_dynamic_task_mapping to 2022-03-04T00:00:00+00:00, run_after=2022-03-05T00:00:00+00:00
[2023-03-26T22:11:43.120+0200] {processor.py:175} INFO - Processing /home/humbulani/miniconda3/envs/apache-airflow/lib/python3.8/site-packages/airflow/example_dags/example_dynamic_task_mapping.py took 0.134 seconds
[2023-03-26T22:12:27.731+0200] {processor.py:153} INFO - Started process (PID=19403) to work on /home/humbulani/miniconda3/envs/apache-airflow/lib/python3.8/site-packages/airflow/example_dags/example_dynamic_task_mapping.py
[2023-03-26T22:12:27.745+0200] {processor.py:743} INFO - Processing file /home/humbulani/miniconda3/envs/apache-airflow/lib/python3.8/site-packages/airflow/example_dags/example_dynamic_task_mapping.py for tasks to queue
[2023-03-26T22:12:27.746+0200] {logging_mixin.py:137} INFO - [2023-03-26T22:12:27.746+0200] {dagbag.py:532} INFO - Filling up the DagBag from /home/humbulani/miniconda3/envs/apache-airflow/lib/python3.8/site-packages/airflow/example_dags/example_dynamic_task_mapping.py
[2023-03-26T22:12:27.766+0200] {processor.py:753} INFO - DAG(s) dict_keys(['example_dynamic_task_mapping']) retrieved from /home/humbulani/miniconda3/envs/apache-airflow/lib/python3.8/site-packages/airflow/example_dags/example_dynamic_task_mapping.py
[2023-03-26T22:12:27.782+0200] {logging_mixin.py:137} INFO - [2023-03-26T22:12:27.782+0200] {dag.py:2693} INFO - Sync 1 DAGs
[2023-03-26T22:12:27.801+0200] {logging_mixin.py:137} INFO - [2023-03-26T22:12:27.801+0200] {dag.py:3440} INFO - Setting next_dagrun for example_dynamic_task_mapping to 2022-03-04T00:00:00+00:00, run_after=2022-03-05T00:00:00+00:00
[2023-03-26T22:12:27.883+0200] {processor.py:175} INFO - Processing /home/humbulani/miniconda3/envs/apache-airflow/lib/python3.8/site-packages/airflow/example_dags/example_dynamic_task_mapping.py took 0.155 seconds
[2023-03-26T22:13:13.157+0200] {processor.py:153} INFO - Started process (PID=19512) to work on /home/humbulani/miniconda3/envs/apache-airflow/lib/python3.8/site-packages/airflow/example_dags/example_dynamic_task_mapping.py
[2023-03-26T22:13:13.167+0200] {processor.py:743} INFO - Processing file /home/humbulani/miniconda3/envs/apache-airflow/lib/python3.8/site-packages/airflow/example_dags/example_dynamic_task_mapping.py for tasks to queue
[2023-03-26T22:13:13.168+0200] {logging_mixin.py:137} INFO - [2023-03-26T22:13:13.168+0200] {dagbag.py:532} INFO - Filling up the DagBag from /home/humbulani/miniconda3/envs/apache-airflow/lib/python3.8/site-packages/airflow/example_dags/example_dynamic_task_mapping.py
[2023-03-26T22:13:13.189+0200] {processor.py:753} INFO - DAG(s) dict_keys(['example_dynamic_task_mapping']) retrieved from /home/humbulani/miniconda3/envs/apache-airflow/lib/python3.8/site-packages/airflow/example_dags/example_dynamic_task_mapping.py
[2023-03-26T22:13:13.418+0200] {logging_mixin.py:137} INFO - [2023-03-26T22:13:13.417+0200] {dag.py:2693} INFO - Sync 1 DAGs
[2023-03-26T22:13:13.677+0200] {logging_mixin.py:137} INFO - [2023-03-26T22:13:13.677+0200] {dag.py:3440} INFO - Setting next_dagrun for example_dynamic_task_mapping to 2022-03-04T00:00:00+00:00, run_after=2022-03-05T00:00:00+00:00
[2023-03-26T22:13:13.846+0200] {processor.py:175} INFO - Processing /home/humbulani/miniconda3/envs/apache-airflow/lib/python3.8/site-packages/airflow/example_dags/example_dynamic_task_mapping.py took 0.692 seconds
[2023-03-26T22:14:00.720+0200] {processor.py:153} INFO - Started process (PID=19557) to work on /home/humbulani/miniconda3/envs/apache-airflow/lib/python3.8/site-packages/airflow/example_dags/example_dynamic_task_mapping.py
[2023-03-26T22:14:00.733+0200] {processor.py:743} INFO - Processing file /home/humbulani/miniconda3/envs/apache-airflow/lib/python3.8/site-packages/airflow/example_dags/example_dynamic_task_mapping.py for tasks to queue
[2023-03-26T22:14:00.734+0200] {logging_mixin.py:137} INFO - [2023-03-26T22:14:00.734+0200] {dagbag.py:532} INFO - Filling up the DagBag from /home/humbulani/miniconda3/envs/apache-airflow/lib/python3.8/site-packages/airflow/example_dags/example_dynamic_task_mapping.py
[2023-03-26T22:14:00.753+0200] {processor.py:753} INFO - DAG(s) dict_keys(['example_dynamic_task_mapping']) retrieved from /home/humbulani/miniconda3/envs/apache-airflow/lib/python3.8/site-packages/airflow/example_dags/example_dynamic_task_mapping.py
[2023-03-26T22:14:00.770+0200] {logging_mixin.py:137} INFO - [2023-03-26T22:14:00.770+0200] {dag.py:2693} INFO - Sync 1 DAGs
[2023-03-26T22:14:00.787+0200] {logging_mixin.py:137} INFO - [2023-03-26T22:14:00.787+0200] {dag.py:3440} INFO - Setting next_dagrun for example_dynamic_task_mapping to 2022-03-04T00:00:00+00:00, run_after=2022-03-05T00:00:00+00:00
[2023-03-26T22:14:00.872+0200] {processor.py:175} INFO - Processing /home/humbulani/miniconda3/envs/apache-airflow/lib/python3.8/site-packages/airflow/example_dags/example_dynamic_task_mapping.py took 0.154 seconds
[2023-03-26T22:14:48.720+0200] {processor.py:153} INFO - Started process (PID=19599) to work on /home/humbulani/miniconda3/envs/apache-airflow/lib/python3.8/site-packages/airflow/example_dags/example_dynamic_task_mapping.py
[2023-03-26T22:14:48.730+0200] {processor.py:743} INFO - Processing file /home/humbulani/miniconda3/envs/apache-airflow/lib/python3.8/site-packages/airflow/example_dags/example_dynamic_task_mapping.py for tasks to queue
[2023-03-26T22:14:48.731+0200] {logging_mixin.py:137} INFO - [2023-03-26T22:14:48.730+0200] {dagbag.py:532} INFO - Filling up the DagBag from /home/humbulani/miniconda3/envs/apache-airflow/lib/python3.8/site-packages/airflow/example_dags/example_dynamic_task_mapping.py
[2023-03-26T22:14:48.759+0200] {processor.py:753} INFO - DAG(s) dict_keys(['example_dynamic_task_mapping']) retrieved from /home/humbulani/miniconda3/envs/apache-airflow/lib/python3.8/site-packages/airflow/example_dags/example_dynamic_task_mapping.py
[2023-03-26T22:14:48.776+0200] {logging_mixin.py:137} INFO - [2023-03-26T22:14:48.776+0200] {dag.py:2693} INFO - Sync 1 DAGs
[2023-03-26T22:14:48.798+0200] {logging_mixin.py:137} INFO - [2023-03-26T22:14:48.798+0200] {dag.py:3440} INFO - Setting next_dagrun for example_dynamic_task_mapping to 2022-03-04T00:00:00+00:00, run_after=2022-03-05T00:00:00+00:00
[2023-03-26T22:14:48.883+0200] {processor.py:175} INFO - Processing /home/humbulani/miniconda3/envs/apache-airflow/lib/python3.8/site-packages/airflow/example_dags/example_dynamic_task_mapping.py took 0.167 seconds
[2023-03-26T22:15:36.515+0200] {processor.py:153} INFO - Started process (PID=19709) to work on /home/humbulani/miniconda3/envs/apache-airflow/lib/python3.8/site-packages/airflow/example_dags/example_dynamic_task_mapping.py
[2023-03-26T22:15:36.526+0200] {processor.py:743} INFO - Processing file /home/humbulani/miniconda3/envs/apache-airflow/lib/python3.8/site-packages/airflow/example_dags/example_dynamic_task_mapping.py for tasks to queue
[2023-03-26T22:15:36.526+0200] {logging_mixin.py:137} INFO - [2023-03-26T22:15:36.526+0200] {dagbag.py:532} INFO - Filling up the DagBag from /home/humbulani/miniconda3/envs/apache-airflow/lib/python3.8/site-packages/airflow/example_dags/example_dynamic_task_mapping.py
[2023-03-26T22:15:36.547+0200] {processor.py:753} INFO - DAG(s) dict_keys(['example_dynamic_task_mapping']) retrieved from /home/humbulani/miniconda3/envs/apache-airflow/lib/python3.8/site-packages/airflow/example_dags/example_dynamic_task_mapping.py
[2023-03-26T22:15:36.563+0200] {logging_mixin.py:137} INFO - [2023-03-26T22:15:36.563+0200] {dag.py:2693} INFO - Sync 1 DAGs
[2023-03-26T22:15:36.580+0200] {logging_mixin.py:137} INFO - [2023-03-26T22:15:36.580+0200] {dag.py:3440} INFO - Setting next_dagrun for example_dynamic_task_mapping to 2022-03-04T00:00:00+00:00, run_after=2022-03-05T00:00:00+00:00
[2023-03-26T22:15:36.652+0200] {processor.py:175} INFO - Processing /home/humbulani/miniconda3/envs/apache-airflow/lib/python3.8/site-packages/airflow/example_dags/example_dynamic_task_mapping.py took 0.140 seconds
[2023-03-26T22:16:23.648+0200] {processor.py:153} INFO - Started process (PID=19820) to work on /home/humbulani/miniconda3/envs/apache-airflow/lib/python3.8/site-packages/airflow/example_dags/example_dynamic_task_mapping.py
[2023-03-26T22:16:23.689+0200] {processor.py:743} INFO - Processing file /home/humbulani/miniconda3/envs/apache-airflow/lib/python3.8/site-packages/airflow/example_dags/example_dynamic_task_mapping.py for tasks to queue
[2023-03-26T22:16:23.690+0200] {logging_mixin.py:137} INFO - [2023-03-26T22:16:23.690+0200] {dagbag.py:532} INFO - Filling up the DagBag from /home/humbulani/miniconda3/envs/apache-airflow/lib/python3.8/site-packages/airflow/example_dags/example_dynamic_task_mapping.py
[2023-03-26T22:16:23.709+0200] {processor.py:753} INFO - DAG(s) dict_keys(['example_dynamic_task_mapping']) retrieved from /home/humbulani/miniconda3/envs/apache-airflow/lib/python3.8/site-packages/airflow/example_dags/example_dynamic_task_mapping.py
[2023-03-26T22:16:23.725+0200] {logging_mixin.py:137} INFO - [2023-03-26T22:16:23.725+0200] {dag.py:2693} INFO - Sync 1 DAGs
[2023-03-26T22:16:23.743+0200] {logging_mixin.py:137} INFO - [2023-03-26T22:16:23.742+0200] {dag.py:3440} INFO - Setting next_dagrun for example_dynamic_task_mapping to 2022-03-04T00:00:00+00:00, run_after=2022-03-05T00:00:00+00:00
[2023-03-26T22:16:23.840+0200] {processor.py:175} INFO - Processing /home/humbulani/miniconda3/envs/apache-airflow/lib/python3.8/site-packages/airflow/example_dags/example_dynamic_task_mapping.py took 0.195 seconds
[2023-03-26T22:17:15.009+0200] {processor.py:153} INFO - Started process (PID=19867) to work on /home/humbulani/miniconda3/envs/apache-airflow/lib/python3.8/site-packages/airflow/example_dags/example_dynamic_task_mapping.py
[2023-03-26T22:17:15.019+0200] {processor.py:743} INFO - Processing file /home/humbulani/miniconda3/envs/apache-airflow/lib/python3.8/site-packages/airflow/example_dags/example_dynamic_task_mapping.py for tasks to queue
[2023-03-26T22:17:15.020+0200] {logging_mixin.py:137} INFO - [2023-03-26T22:17:15.020+0200] {dagbag.py:532} INFO - Filling up the DagBag from /home/humbulani/miniconda3/envs/apache-airflow/lib/python3.8/site-packages/airflow/example_dags/example_dynamic_task_mapping.py
[2023-03-26T22:17:15.045+0200] {processor.py:753} INFO - DAG(s) dict_keys(['example_dynamic_task_mapping']) retrieved from /home/humbulani/miniconda3/envs/apache-airflow/lib/python3.8/site-packages/airflow/example_dags/example_dynamic_task_mapping.py
[2023-03-26T22:17:15.060+0200] {logging_mixin.py:137} INFO - [2023-03-26T22:17:15.060+0200] {dag.py:2693} INFO - Sync 1 DAGs
[2023-03-26T22:17:15.078+0200] {logging_mixin.py:137} INFO - [2023-03-26T22:17:15.078+0200] {dag.py:3440} INFO - Setting next_dagrun for example_dynamic_task_mapping to 2022-03-04T00:00:00+00:00, run_after=2022-03-05T00:00:00+00:00
[2023-03-26T22:17:15.164+0200] {processor.py:175} INFO - Processing /home/humbulani/miniconda3/envs/apache-airflow/lib/python3.8/site-packages/airflow/example_dags/example_dynamic_task_mapping.py took 0.157 seconds
[2023-03-26T22:17:56.503+0200] {processor.py:153} INFO - Started process (PID=19914) to work on /home/humbulani/miniconda3/envs/apache-airflow/lib/python3.8/site-packages/airflow/example_dags/example_dynamic_task_mapping.py
[2023-03-26T22:17:56.506+0200] {processor.py:743} INFO - Processing file /home/humbulani/miniconda3/envs/apache-airflow/lib/python3.8/site-packages/airflow/example_dags/example_dynamic_task_mapping.py for tasks to queue
[2023-03-26T22:17:56.507+0200] {logging_mixin.py:137} INFO - [2023-03-26T22:17:56.507+0200] {dagbag.py:532} INFO - Filling up the DagBag from /home/humbulani/miniconda3/envs/apache-airflow/lib/python3.8/site-packages/airflow/example_dags/example_dynamic_task_mapping.py
[2023-03-26T22:17:56.527+0200] {processor.py:753} INFO - DAG(s) dict_keys(['example_dynamic_task_mapping']) retrieved from /home/humbulani/miniconda3/envs/apache-airflow/lib/python3.8/site-packages/airflow/example_dags/example_dynamic_task_mapping.py
[2023-03-26T22:17:56.543+0200] {logging_mixin.py:137} INFO - [2023-03-26T22:17:56.543+0200] {dag.py:2693} INFO - Sync 1 DAGs
[2023-03-26T22:17:56.559+0200] {logging_mixin.py:137} INFO - [2023-03-26T22:17:56.559+0200] {dag.py:3440} INFO - Setting next_dagrun for example_dynamic_task_mapping to 2022-03-04T00:00:00+00:00, run_after=2022-03-05T00:00:00+00:00
[2023-03-26T22:17:56.633+0200] {processor.py:175} INFO - Processing /home/humbulani/miniconda3/envs/apache-airflow/lib/python3.8/site-packages/airflow/example_dags/example_dynamic_task_mapping.py took 0.132 seconds
[2023-03-26T22:18:41.867+0200] {processor.py:153} INFO - Started process (PID=20025) to work on /home/humbulani/miniconda3/envs/apache-airflow/lib/python3.8/site-packages/airflow/example_dags/example_dynamic_task_mapping.py
[2023-03-26T22:18:41.878+0200] {processor.py:743} INFO - Processing file /home/humbulani/miniconda3/envs/apache-airflow/lib/python3.8/site-packages/airflow/example_dags/example_dynamic_task_mapping.py for tasks to queue
[2023-03-26T22:18:41.878+0200] {logging_mixin.py:137} INFO - [2023-03-26T22:18:41.878+0200] {dagbag.py:532} INFO - Filling up the DagBag from /home/humbulani/miniconda3/envs/apache-airflow/lib/python3.8/site-packages/airflow/example_dags/example_dynamic_task_mapping.py
[2023-03-26T22:18:41.899+0200] {processor.py:753} INFO - DAG(s) dict_keys(['example_dynamic_task_mapping']) retrieved from /home/humbulani/miniconda3/envs/apache-airflow/lib/python3.8/site-packages/airflow/example_dags/example_dynamic_task_mapping.py
[2023-03-26T22:18:41.915+0200] {logging_mixin.py:137} INFO - [2023-03-26T22:18:41.915+0200] {dag.py:2693} INFO - Sync 1 DAGs
[2023-03-26T22:18:41.931+0200] {logging_mixin.py:137} INFO - [2023-03-26T22:18:41.931+0200] {dag.py:3440} INFO - Setting next_dagrun for example_dynamic_task_mapping to 2022-03-04T00:00:00+00:00, run_after=2022-03-05T00:00:00+00:00
[2023-03-26T22:18:42.004+0200] {processor.py:175} INFO - Processing /home/humbulani/miniconda3/envs/apache-airflow/lib/python3.8/site-packages/airflow/example_dags/example_dynamic_task_mapping.py took 0.139 seconds
[2023-03-26T22:19:27.512+0200] {processor.py:153} INFO - Started process (PID=20133) to work on /home/humbulani/miniconda3/envs/apache-airflow/lib/python3.8/site-packages/airflow/example_dags/example_dynamic_task_mapping.py
[2023-03-26T22:19:27.524+0200] {processor.py:743} INFO - Processing file /home/humbulani/miniconda3/envs/apache-airflow/lib/python3.8/site-packages/airflow/example_dags/example_dynamic_task_mapping.py for tasks to queue
[2023-03-26T22:19:27.524+0200] {logging_mixin.py:137} INFO - [2023-03-26T22:19:27.524+0200] {dagbag.py:532} INFO - Filling up the DagBag from /home/humbulani/miniconda3/envs/apache-airflow/lib/python3.8/site-packages/airflow/example_dags/example_dynamic_task_mapping.py
[2023-03-26T22:19:27.545+0200] {processor.py:753} INFO - DAG(s) dict_keys(['example_dynamic_task_mapping']) retrieved from /home/humbulani/miniconda3/envs/apache-airflow/lib/python3.8/site-packages/airflow/example_dags/example_dynamic_task_mapping.py
[2023-03-26T22:19:27.560+0200] {logging_mixin.py:137} INFO - [2023-03-26T22:19:27.560+0200] {dag.py:2693} INFO - Sync 1 DAGs
[2023-03-26T22:19:27.577+0200] {logging_mixin.py:137} INFO - [2023-03-26T22:19:27.576+0200] {dag.py:3440} INFO - Setting next_dagrun for example_dynamic_task_mapping to 2022-03-04T00:00:00+00:00, run_after=2022-03-05T00:00:00+00:00
[2023-03-26T22:19:27.658+0200] {processor.py:175} INFO - Processing /home/humbulani/miniconda3/envs/apache-airflow/lib/python3.8/site-packages/airflow/example_dags/example_dynamic_task_mapping.py took 0.149 seconds
[2023-03-26T22:20:11.587+0200] {processor.py:153} INFO - Started process (PID=20179) to work on /home/humbulani/miniconda3/envs/apache-airflow/lib/python3.8/site-packages/airflow/example_dags/example_dynamic_task_mapping.py
[2023-03-26T22:20:11.629+0200] {processor.py:743} INFO - Processing file /home/humbulani/miniconda3/envs/apache-airflow/lib/python3.8/site-packages/airflow/example_dags/example_dynamic_task_mapping.py for tasks to queue
[2023-03-26T22:20:11.629+0200] {logging_mixin.py:137} INFO - [2023-03-26T22:20:11.629+0200] {dagbag.py:532} INFO - Filling up the DagBag from /home/humbulani/miniconda3/envs/apache-airflow/lib/python3.8/site-packages/airflow/example_dags/example_dynamic_task_mapping.py
[2023-03-26T22:20:11.649+0200] {processor.py:753} INFO - DAG(s) dict_keys(['example_dynamic_task_mapping']) retrieved from /home/humbulani/miniconda3/envs/apache-airflow/lib/python3.8/site-packages/airflow/example_dags/example_dynamic_task_mapping.py
[2023-03-26T22:20:11.664+0200] {logging_mixin.py:137} INFO - [2023-03-26T22:20:11.664+0200] {dag.py:2693} INFO - Sync 1 DAGs
[2023-03-26T22:20:11.682+0200] {logging_mixin.py:137} INFO - [2023-03-26T22:20:11.682+0200] {dag.py:3440} INFO - Setting next_dagrun for example_dynamic_task_mapping to 2022-03-04T00:00:00+00:00, run_after=2022-03-05T00:00:00+00:00
[2023-03-26T22:20:11.774+0200] {processor.py:175} INFO - Processing /home/humbulani/miniconda3/envs/apache-airflow/lib/python3.8/site-packages/airflow/example_dags/example_dynamic_task_mapping.py took 0.190 seconds
[2023-03-26T22:20:57.016+0200] {processor.py:153} INFO - Started process (PID=20266) to work on /home/humbulani/miniconda3/envs/apache-airflow/lib/python3.8/site-packages/airflow/example_dags/example_dynamic_task_mapping.py
[2023-03-26T22:20:57.033+0200] {processor.py:743} INFO - Processing file /home/humbulani/miniconda3/envs/apache-airflow/lib/python3.8/site-packages/airflow/example_dags/example_dynamic_task_mapping.py for tasks to queue
[2023-03-26T22:20:57.034+0200] {logging_mixin.py:137} INFO - [2023-03-26T22:20:57.033+0200] {dagbag.py:532} INFO - Filling up the DagBag from /home/humbulani/miniconda3/envs/apache-airflow/lib/python3.8/site-packages/airflow/example_dags/example_dynamic_task_mapping.py
[2023-03-26T22:20:57.058+0200] {processor.py:753} INFO - DAG(s) dict_keys(['example_dynamic_task_mapping']) retrieved from /home/humbulani/miniconda3/envs/apache-airflow/lib/python3.8/site-packages/airflow/example_dags/example_dynamic_task_mapping.py
[2023-03-26T22:20:57.074+0200] {logging_mixin.py:137} INFO - [2023-03-26T22:20:57.074+0200] {dag.py:2693} INFO - Sync 1 DAGs
[2023-03-26T22:20:57.094+0200] {logging_mixin.py:137} INFO - [2023-03-26T22:20:57.094+0200] {dag.py:3440} INFO - Setting next_dagrun for example_dynamic_task_mapping to 2022-03-04T00:00:00+00:00, run_after=2022-03-05T00:00:00+00:00
[2023-03-26T22:20:57.167+0200] {processor.py:175} INFO - Processing /home/humbulani/miniconda3/envs/apache-airflow/lib/python3.8/site-packages/airflow/example_dags/example_dynamic_task_mapping.py took 0.155 seconds
[2023-03-26T22:21:43.005+0200] {processor.py:153} INFO - Started process (PID=20312) to work on /home/humbulani/miniconda3/envs/apache-airflow/lib/python3.8/site-packages/airflow/example_dags/example_dynamic_task_mapping.py
[2023-03-26T22:21:43.018+0200] {processor.py:743} INFO - Processing file /home/humbulani/miniconda3/envs/apache-airflow/lib/python3.8/site-packages/airflow/example_dags/example_dynamic_task_mapping.py for tasks to queue
[2023-03-26T22:21:43.019+0200] {logging_mixin.py:137} INFO - [2023-03-26T22:21:43.019+0200] {dagbag.py:532} INFO - Filling up the DagBag from /home/humbulani/miniconda3/envs/apache-airflow/lib/python3.8/site-packages/airflow/example_dags/example_dynamic_task_mapping.py
[2023-03-26T22:21:43.044+0200] {processor.py:753} INFO - DAG(s) dict_keys(['example_dynamic_task_mapping']) retrieved from /home/humbulani/miniconda3/envs/apache-airflow/lib/python3.8/site-packages/airflow/example_dags/example_dynamic_task_mapping.py
[2023-03-26T22:21:43.061+0200] {logging_mixin.py:137} INFO - [2023-03-26T22:21:43.061+0200] {dag.py:2693} INFO - Sync 1 DAGs
[2023-03-26T22:21:43.078+0200] {logging_mixin.py:137} INFO - [2023-03-26T22:21:43.078+0200] {dag.py:3440} INFO - Setting next_dagrun for example_dynamic_task_mapping to 2022-03-04T00:00:00+00:00, run_after=2022-03-05T00:00:00+00:00
[2023-03-26T22:21:43.154+0200] {processor.py:175} INFO - Processing /home/humbulani/miniconda3/envs/apache-airflow/lib/python3.8/site-packages/airflow/example_dags/example_dynamic_task_mapping.py took 0.153 seconds
[2023-03-26T22:22:27.973+0200] {processor.py:153} INFO - Started process (PID=20356) to work on /home/humbulani/miniconda3/envs/apache-airflow/lib/python3.8/site-packages/airflow/example_dags/example_dynamic_task_mapping.py
[2023-03-26T22:22:27.981+0200] {processor.py:743} INFO - Processing file /home/humbulani/miniconda3/envs/apache-airflow/lib/python3.8/site-packages/airflow/example_dags/example_dynamic_task_mapping.py for tasks to queue
[2023-03-26T22:22:27.981+0200] {logging_mixin.py:137} INFO - [2023-03-26T22:22:27.981+0200] {dagbag.py:532} INFO - Filling up the DagBag from /home/humbulani/miniconda3/envs/apache-airflow/lib/python3.8/site-packages/airflow/example_dags/example_dynamic_task_mapping.py
[2023-03-26T22:22:28.001+0200] {processor.py:753} INFO - DAG(s) dict_keys(['example_dynamic_task_mapping']) retrieved from /home/humbulani/miniconda3/envs/apache-airflow/lib/python3.8/site-packages/airflow/example_dags/example_dynamic_task_mapping.py
[2023-03-26T22:22:28.017+0200] {logging_mixin.py:137} INFO - [2023-03-26T22:22:28.017+0200] {dag.py:2693} INFO - Sync 1 DAGs
[2023-03-26T22:22:28.034+0200] {logging_mixin.py:137} INFO - [2023-03-26T22:22:28.034+0200] {dag.py:3440} INFO - Setting next_dagrun for example_dynamic_task_mapping to 2022-03-04T00:00:00+00:00, run_after=2022-03-05T00:00:00+00:00
[2023-03-26T22:22:28.108+0200] {processor.py:175} INFO - Processing /home/humbulani/miniconda3/envs/apache-airflow/lib/python3.8/site-packages/airflow/example_dags/example_dynamic_task_mapping.py took 0.138 seconds
[2023-03-26T22:23:15.075+0200] {processor.py:153} INFO - Started process (PID=20399) to work on /home/humbulani/miniconda3/envs/apache-airflow/lib/python3.8/site-packages/airflow/example_dags/example_dynamic_task_mapping.py
[2023-03-26T22:23:15.085+0200] {processor.py:743} INFO - Processing file /home/humbulani/miniconda3/envs/apache-airflow/lib/python3.8/site-packages/airflow/example_dags/example_dynamic_task_mapping.py for tasks to queue
[2023-03-26T22:23:15.086+0200] {logging_mixin.py:137} INFO - [2023-03-26T22:23:15.085+0200] {dagbag.py:532} INFO - Filling up the DagBag from /home/humbulani/miniconda3/envs/apache-airflow/lib/python3.8/site-packages/airflow/example_dags/example_dynamic_task_mapping.py
[2023-03-26T22:23:15.107+0200] {processor.py:753} INFO - DAG(s) dict_keys(['example_dynamic_task_mapping']) retrieved from /home/humbulani/miniconda3/envs/apache-airflow/lib/python3.8/site-packages/airflow/example_dags/example_dynamic_task_mapping.py
[2023-03-26T22:23:15.125+0200] {logging_mixin.py:137} INFO - [2023-03-26T22:23:15.125+0200] {dag.py:2693} INFO - Sync 1 DAGs
[2023-03-26T22:23:15.144+0200] {logging_mixin.py:137} INFO - [2023-03-26T22:23:15.144+0200] {dag.py:3440} INFO - Setting next_dagrun for example_dynamic_task_mapping to 2022-03-04T00:00:00+00:00, run_after=2022-03-05T00:00:00+00:00
[2023-03-26T22:23:15.221+0200] {processor.py:175} INFO - Processing /home/humbulani/miniconda3/envs/apache-airflow/lib/python3.8/site-packages/airflow/example_dags/example_dynamic_task_mapping.py took 0.150 seconds
