[2023-03-26T21:39:56.032+0200] {processor.py:153} INFO - Started process (PID=16665) to work on /home/humbulani/miniconda3/envs/apache-airflow/lib/python3.8/site-packages/airflow/example_dags/example_bash_operator.py
[2023-03-26T21:39:56.033+0200] {processor.py:743} INFO - Processing file /home/humbulani/miniconda3/envs/apache-airflow/lib/python3.8/site-packages/airflow/example_dags/example_bash_operator.py for tasks to queue
[2023-03-26T21:39:56.033+0200] {logging_mixin.py:137} INFO - [2023-03-26T21:39:56.033+0200] {dagbag.py:532} INFO - Filling up the DagBag from /home/humbulani/miniconda3/envs/apache-airflow/lib/python3.8/site-packages/airflow/example_dags/example_bash_operator.py
[2023-03-26T21:39:56.052+0200] {processor.py:753} INFO - DAG(s) dict_keys(['example_bash_operator']) retrieved from /home/humbulani/miniconda3/envs/apache-airflow/lib/python3.8/site-packages/airflow/example_dags/example_bash_operator.py
[2023-03-26T21:39:56.341+0200] {logging_mixin.py:137} INFO - [2023-03-26T21:39:56.341+0200] {manager.py:504} INFO - Created Permission View: can edit on DAG:example_bash_operator
[2023-03-26T21:39:56.399+0200] {logging_mixin.py:137} INFO - [2023-03-26T21:39:56.399+0200] {manager.py:504} INFO - Created Permission View: can read on DAG:example_bash_operator
[2023-03-26T21:39:56.466+0200] {logging_mixin.py:137} INFO - [2023-03-26T21:39:56.465+0200] {manager.py:504} INFO - Created Permission View: can delete on DAG:example_bash_operator
[2023-03-26T21:39:56.466+0200] {logging_mixin.py:137} INFO - [2023-03-26T21:39:56.466+0200] {dag.py:2693} INFO - Sync 1 DAGs
[2023-03-26T21:39:56.479+0200] {logging_mixin.py:137} INFO - [2023-03-26T21:39:56.479+0200] {dag.py:2714} INFO - Creating ORM DAG for example_bash_operator
[2023-03-26T21:39:56.493+0200] {logging_mixin.py:137} INFO - [2023-03-26T21:39:56.493+0200] {dag.py:3440} INFO - Setting next_dagrun for example_bash_operator to 2023-03-25T00:00:00+00:00, run_after=2023-03-26T00:00:00+00:00
[2023-03-26T21:39:56.680+0200] {processor.py:175} INFO - Processing /home/humbulani/miniconda3/envs/apache-airflow/lib/python3.8/site-packages/airflow/example_dags/example_bash_operator.py took 0.650 seconds
[2023-03-26T21:40:49.254+0200] {processor.py:153} INFO - Started process (PID=16763) to work on /home/humbulani/miniconda3/envs/apache-airflow/lib/python3.8/site-packages/airflow/example_dags/example_bash_operator.py
[2023-03-26T21:40:49.308+0200] {processor.py:743} INFO - Processing file /home/humbulani/miniconda3/envs/apache-airflow/lib/python3.8/site-packages/airflow/example_dags/example_bash_operator.py for tasks to queue
[2023-03-26T21:40:49.309+0200] {logging_mixin.py:137} INFO - [2023-03-26T21:40:49.308+0200] {dagbag.py:532} INFO - Filling up the DagBag from /home/humbulani/miniconda3/envs/apache-airflow/lib/python3.8/site-packages/airflow/example_dags/example_bash_operator.py
[2023-03-26T21:40:49.334+0200] {processor.py:753} INFO - DAG(s) dict_keys(['example_bash_operator']) retrieved from /home/humbulani/miniconda3/envs/apache-airflow/lib/python3.8/site-packages/airflow/example_dags/example_bash_operator.py
[2023-03-26T21:40:49.365+0200] {logging_mixin.py:137} INFO - [2023-03-26T21:40:49.365+0200] {dag.py:2693} INFO - Sync 1 DAGs
[2023-03-26T21:40:49.384+0200] {logging_mixin.py:137} INFO - [2023-03-26T21:40:49.384+0200] {dag.py:3440} INFO - Setting next_dagrun for example_bash_operator to 2023-03-25T00:00:00+00:00, run_after=2023-03-26T00:00:00+00:00
[2023-03-26T21:40:49.468+0200] {processor.py:175} INFO - Processing /home/humbulani/miniconda3/envs/apache-airflow/lib/python3.8/site-packages/airflow/example_dags/example_bash_operator.py took 0.216 seconds
[2023-03-26T21:48:20.060+0200] {processor.py:153} INFO - Started process (PID=16896) to work on /home/humbulani/miniconda3/envs/apache-airflow/lib/python3.8/site-packages/airflow/example_dags/example_bash_operator.py
[2023-03-26T21:48:20.077+0200] {processor.py:743} INFO - Processing file /home/humbulani/miniconda3/envs/apache-airflow/lib/python3.8/site-packages/airflow/example_dags/example_bash_operator.py for tasks to queue
[2023-03-26T21:48:20.078+0200] {logging_mixin.py:137} INFO - [2023-03-26T21:48:20.078+0200] {dagbag.py:532} INFO - Filling up the DagBag from /home/humbulani/miniconda3/envs/apache-airflow/lib/python3.8/site-packages/airflow/example_dags/example_bash_operator.py
[2023-03-26T21:48:20.099+0200] {processor.py:753} INFO - DAG(s) dict_keys(['example_bash_operator']) retrieved from /home/humbulani/miniconda3/envs/apache-airflow/lib/python3.8/site-packages/airflow/example_dags/example_bash_operator.py
[2023-03-26T21:48:21.500+0200] {logging_mixin.py:137} INFO - [2023-03-26T21:48:21.500+0200] {dag.py:2693} INFO - Sync 1 DAGs
[2023-03-26T21:48:21.533+0200] {logging_mixin.py:137} INFO - [2023-03-26T21:48:21.533+0200] {dag.py:3440} INFO - Setting next_dagrun for example_bash_operator to 2023-03-25T00:00:00+00:00, run_after=2023-03-26T00:00:00+00:00
[2023-03-26T21:48:21.659+0200] {processor.py:175} INFO - Processing /home/humbulani/miniconda3/envs/apache-airflow/lib/python3.8/site-packages/airflow/example_dags/example_bash_operator.py took 1.601 seconds
[2023-03-26T21:49:09.250+0200] {processor.py:153} INFO - Started process (PID=16938) to work on /home/humbulani/miniconda3/envs/apache-airflow/lib/python3.8/site-packages/airflow/example_dags/example_bash_operator.py
[2023-03-26T21:49:09.266+0200] {processor.py:743} INFO - Processing file /home/humbulani/miniconda3/envs/apache-airflow/lib/python3.8/site-packages/airflow/example_dags/example_bash_operator.py for tasks to queue
[2023-03-26T21:49:09.267+0200] {logging_mixin.py:137} INFO - [2023-03-26T21:49:09.267+0200] {dagbag.py:532} INFO - Filling up the DagBag from /home/humbulani/miniconda3/envs/apache-airflow/lib/python3.8/site-packages/airflow/example_dags/example_bash_operator.py
[2023-03-26T21:49:09.286+0200] {processor.py:753} INFO - DAG(s) dict_keys(['example_bash_operator']) retrieved from /home/humbulani/miniconda3/envs/apache-airflow/lib/python3.8/site-packages/airflow/example_dags/example_bash_operator.py
[2023-03-26T21:49:09.317+0200] {logging_mixin.py:137} INFO - [2023-03-26T21:49:09.317+0200] {dag.py:2693} INFO - Sync 1 DAGs
[2023-03-26T21:49:09.339+0200] {logging_mixin.py:137} INFO - [2023-03-26T21:49:09.339+0200] {dag.py:3440} INFO - Setting next_dagrun for example_bash_operator to 2023-03-25T00:00:00+00:00, run_after=2023-03-26T00:00:00+00:00
[2023-03-26T21:49:09.420+0200] {processor.py:175} INFO - Processing /home/humbulani/miniconda3/envs/apache-airflow/lib/python3.8/site-packages/airflow/example_dags/example_bash_operator.py took 0.172 seconds
[2023-03-26T21:49:57.507+0200] {processor.py:153} INFO - Started process (PID=16982) to work on /home/humbulani/miniconda3/envs/apache-airflow/lib/python3.8/site-packages/airflow/example_dags/example_bash_operator.py
[2023-03-26T21:49:57.508+0200] {processor.py:743} INFO - Processing file /home/humbulani/miniconda3/envs/apache-airflow/lib/python3.8/site-packages/airflow/example_dags/example_bash_operator.py for tasks to queue
[2023-03-26T21:49:57.509+0200] {logging_mixin.py:137} INFO - [2023-03-26T21:49:57.508+0200] {dagbag.py:532} INFO - Filling up the DagBag from /home/humbulani/miniconda3/envs/apache-airflow/lib/python3.8/site-packages/airflow/example_dags/example_bash_operator.py
[2023-03-26T21:49:57.528+0200] {processor.py:753} INFO - DAG(s) dict_keys(['example_bash_operator']) retrieved from /home/humbulani/miniconda3/envs/apache-airflow/lib/python3.8/site-packages/airflow/example_dags/example_bash_operator.py
[2023-03-26T21:49:57.557+0200] {logging_mixin.py:137} INFO - [2023-03-26T21:49:57.557+0200] {dag.py:2693} INFO - Sync 1 DAGs
[2023-03-26T21:49:57.575+0200] {logging_mixin.py:137} INFO - [2023-03-26T21:49:57.575+0200] {dag.py:3440} INFO - Setting next_dagrun for example_bash_operator to 2023-03-25T00:00:00+00:00, run_after=2023-03-26T00:00:00+00:00
[2023-03-26T21:49:57.672+0200] {processor.py:175} INFO - Processing /home/humbulani/miniconda3/envs/apache-airflow/lib/python3.8/site-packages/airflow/example_dags/example_bash_operator.py took 0.167 seconds
[2023-03-26T21:50:42.507+0200] {processor.py:153} INFO - Started process (PID=17025) to work on /home/humbulani/miniconda3/envs/apache-airflow/lib/python3.8/site-packages/airflow/example_dags/example_bash_operator.py
[2023-03-26T21:50:42.563+0200] {processor.py:743} INFO - Processing file /home/humbulani/miniconda3/envs/apache-airflow/lib/python3.8/site-packages/airflow/example_dags/example_bash_operator.py for tasks to queue
[2023-03-26T21:50:42.564+0200] {logging_mixin.py:137} INFO - [2023-03-26T21:50:42.564+0200] {dagbag.py:532} INFO - Filling up the DagBag from /home/humbulani/miniconda3/envs/apache-airflow/lib/python3.8/site-packages/airflow/example_dags/example_bash_operator.py
[2023-03-26T21:50:42.587+0200] {processor.py:753} INFO - DAG(s) dict_keys(['example_bash_operator']) retrieved from /home/humbulani/miniconda3/envs/apache-airflow/lib/python3.8/site-packages/airflow/example_dags/example_bash_operator.py
[2023-03-26T21:50:42.623+0200] {logging_mixin.py:137} INFO - [2023-03-26T21:50:42.623+0200] {dag.py:2693} INFO - Sync 1 DAGs
[2023-03-26T21:50:42.642+0200] {logging_mixin.py:137} INFO - [2023-03-26T21:50:42.641+0200] {dag.py:3440} INFO - Setting next_dagrun for example_bash_operator to 2023-03-25T00:00:00+00:00, run_after=2023-03-26T00:00:00+00:00
[2023-03-26T21:50:42.716+0200] {processor.py:175} INFO - Processing /home/humbulani/miniconda3/envs/apache-airflow/lib/python3.8/site-packages/airflow/example_dags/example_bash_operator.py took 0.211 seconds
[2023-03-26T21:51:27.143+0200] {processor.py:153} INFO - Started process (PID=17141) to work on /home/humbulani/miniconda3/envs/apache-airflow/lib/python3.8/site-packages/airflow/example_dags/example_bash_operator.py
[2023-03-26T21:51:27.164+0200] {processor.py:743} INFO - Processing file /home/humbulani/miniconda3/envs/apache-airflow/lib/python3.8/site-packages/airflow/example_dags/example_bash_operator.py for tasks to queue
[2023-03-26T21:51:27.165+0200] {logging_mixin.py:137} INFO - [2023-03-26T21:51:27.165+0200] {dagbag.py:532} INFO - Filling up the DagBag from /home/humbulani/miniconda3/envs/apache-airflow/lib/python3.8/site-packages/airflow/example_dags/example_bash_operator.py
[2023-03-26T21:51:27.187+0200] {processor.py:753} INFO - DAG(s) dict_keys(['example_bash_operator']) retrieved from /home/humbulani/miniconda3/envs/apache-airflow/lib/python3.8/site-packages/airflow/example_dags/example_bash_operator.py
[2023-03-26T21:51:27.218+0200] {logging_mixin.py:137} INFO - [2023-03-26T21:51:27.218+0200] {dag.py:2693} INFO - Sync 1 DAGs
[2023-03-26T21:51:27.238+0200] {logging_mixin.py:137} INFO - [2023-03-26T21:51:27.238+0200] {dag.py:3440} INFO - Setting next_dagrun for example_bash_operator to 2023-03-25T00:00:00+00:00, run_after=2023-03-26T00:00:00+00:00
[2023-03-26T21:51:27.319+0200] {processor.py:175} INFO - Processing /home/humbulani/miniconda3/envs/apache-airflow/lib/python3.8/site-packages/airflow/example_dags/example_bash_operator.py took 0.178 seconds
[2023-03-26T21:52:14.639+0200] {processor.py:153} INFO - Started process (PID=17185) to work on /home/humbulani/miniconda3/envs/apache-airflow/lib/python3.8/site-packages/airflow/example_dags/example_bash_operator.py
[2023-03-26T21:52:14.640+0200] {processor.py:743} INFO - Processing file /home/humbulani/miniconda3/envs/apache-airflow/lib/python3.8/site-packages/airflow/example_dags/example_bash_operator.py for tasks to queue
[2023-03-26T21:52:14.640+0200] {logging_mixin.py:137} INFO - [2023-03-26T21:52:14.640+0200] {dagbag.py:532} INFO - Filling up the DagBag from /home/humbulani/miniconda3/envs/apache-airflow/lib/python3.8/site-packages/airflow/example_dags/example_bash_operator.py
[2023-03-26T21:52:14.660+0200] {processor.py:753} INFO - DAG(s) dict_keys(['example_bash_operator']) retrieved from /home/humbulani/miniconda3/envs/apache-airflow/lib/python3.8/site-packages/airflow/example_dags/example_bash_operator.py
[2023-03-26T21:52:14.688+0200] {logging_mixin.py:137} INFO - [2023-03-26T21:52:14.688+0200] {dag.py:2693} INFO - Sync 1 DAGs
[2023-03-26T21:52:14.706+0200] {logging_mixin.py:137} INFO - [2023-03-26T21:52:14.706+0200] {dag.py:3440} INFO - Setting next_dagrun for example_bash_operator to 2023-03-25T00:00:00+00:00, run_after=2023-03-26T00:00:00+00:00
[2023-03-26T21:52:14.887+0200] {processor.py:175} INFO - Processing /home/humbulani/miniconda3/envs/apache-airflow/lib/python3.8/site-packages/airflow/example_dags/example_bash_operator.py took 0.250 seconds
[2023-03-26T21:53:03.865+0200] {processor.py:153} INFO - Started process (PID=17234) to work on /home/humbulani/miniconda3/envs/apache-airflow/lib/python3.8/site-packages/airflow/example_dags/example_bash_operator.py
[2023-03-26T21:53:03.866+0200] {processor.py:743} INFO - Processing file /home/humbulani/miniconda3/envs/apache-airflow/lib/python3.8/site-packages/airflow/example_dags/example_bash_operator.py for tasks to queue
[2023-03-26T21:53:03.866+0200] {logging_mixin.py:137} INFO - [2023-03-26T21:53:03.866+0200] {dagbag.py:532} INFO - Filling up the DagBag from /home/humbulani/miniconda3/envs/apache-airflow/lib/python3.8/site-packages/airflow/example_dags/example_bash_operator.py
[2023-03-26T21:53:03.886+0200] {processor.py:753} INFO - DAG(s) dict_keys(['example_bash_operator']) retrieved from /home/humbulani/miniconda3/envs/apache-airflow/lib/python3.8/site-packages/airflow/example_dags/example_bash_operator.py
[2023-03-26T21:53:03.914+0200] {logging_mixin.py:137} INFO - [2023-03-26T21:53:03.913+0200] {dag.py:2693} INFO - Sync 1 DAGs
[2023-03-26T21:53:04.010+0200] {logging_mixin.py:137} INFO - [2023-03-26T21:53:04.010+0200] {dag.py:3440} INFO - Setting next_dagrun for example_bash_operator to 2023-03-25T00:00:00+00:00, run_after=2023-03-26T00:00:00+00:00
[2023-03-26T21:53:04.108+0200] {processor.py:175} INFO - Processing /home/humbulani/miniconda3/envs/apache-airflow/lib/python3.8/site-packages/airflow/example_dags/example_bash_operator.py took 0.245 seconds
[2023-03-26T21:53:53.699+0200] {processor.py:153} INFO - Started process (PID=17283) to work on /home/humbulani/miniconda3/envs/apache-airflow/lib/python3.8/site-packages/airflow/example_dags/example_bash_operator.py
[2023-03-26T21:53:53.752+0200] {processor.py:743} INFO - Processing file /home/humbulani/miniconda3/envs/apache-airflow/lib/python3.8/site-packages/airflow/example_dags/example_bash_operator.py for tasks to queue
[2023-03-26T21:53:53.753+0200] {logging_mixin.py:137} INFO - [2023-03-26T21:53:53.753+0200] {dagbag.py:532} INFO - Filling up the DagBag from /home/humbulani/miniconda3/envs/apache-airflow/lib/python3.8/site-packages/airflow/example_dags/example_bash_operator.py
[2023-03-26T21:53:53.777+0200] {processor.py:753} INFO - DAG(s) dict_keys(['example_bash_operator']) retrieved from /home/humbulani/miniconda3/envs/apache-airflow/lib/python3.8/site-packages/airflow/example_dags/example_bash_operator.py
[2023-03-26T21:53:53.812+0200] {logging_mixin.py:137} INFO - [2023-03-26T21:53:53.812+0200] {dag.py:2693} INFO - Sync 1 DAGs
[2023-03-26T21:53:53.910+0200] {logging_mixin.py:137} INFO - [2023-03-26T21:53:53.910+0200] {dag.py:3440} INFO - Setting next_dagrun for example_bash_operator to 2023-03-25T00:00:00+00:00, run_after=2023-03-26T00:00:00+00:00
[2023-03-26T21:53:53.986+0200] {processor.py:175} INFO - Processing /home/humbulani/miniconda3/envs/apache-airflow/lib/python3.8/site-packages/airflow/example_dags/example_bash_operator.py took 0.289 seconds
[2023-03-26T21:54:42.502+0200] {processor.py:153} INFO - Started process (PID=17329) to work on /home/humbulani/miniconda3/envs/apache-airflow/lib/python3.8/site-packages/airflow/example_dags/example_bash_operator.py
[2023-03-26T21:54:42.514+0200] {processor.py:743} INFO - Processing file /home/humbulani/miniconda3/envs/apache-airflow/lib/python3.8/site-packages/airflow/example_dags/example_bash_operator.py for tasks to queue
[2023-03-26T21:54:42.514+0200] {logging_mixin.py:137} INFO - [2023-03-26T21:54:42.514+0200] {dagbag.py:532} INFO - Filling up the DagBag from /home/humbulani/miniconda3/envs/apache-airflow/lib/python3.8/site-packages/airflow/example_dags/example_bash_operator.py
[2023-03-26T21:54:42.533+0200] {processor.py:753} INFO - DAG(s) dict_keys(['example_bash_operator']) retrieved from /home/humbulani/miniconda3/envs/apache-airflow/lib/python3.8/site-packages/airflow/example_dags/example_bash_operator.py
[2023-03-26T21:54:42.641+0200] {logging_mixin.py:137} INFO - [2023-03-26T21:54:42.641+0200] {dag.py:2693} INFO - Sync 1 DAGs
[2023-03-26T21:54:42.658+0200] {logging_mixin.py:137} INFO - [2023-03-26T21:54:42.658+0200] {dag.py:3440} INFO - Setting next_dagrun for example_bash_operator to 2023-03-25T00:00:00+00:00, run_after=2023-03-26T00:00:00+00:00
[2023-03-26T21:54:42.739+0200] {processor.py:175} INFO - Processing /home/humbulani/miniconda3/envs/apache-airflow/lib/python3.8/site-packages/airflow/example_dags/example_bash_operator.py took 0.240 seconds
[2023-03-26T21:55:31.923+0200] {processor.py:153} INFO - Started process (PID=17373) to work on /home/humbulani/miniconda3/envs/apache-airflow/lib/python3.8/site-packages/airflow/example_dags/example_bash_operator.py
[2023-03-26T21:55:31.924+0200] {processor.py:743} INFO - Processing file /home/humbulani/miniconda3/envs/apache-airflow/lib/python3.8/site-packages/airflow/example_dags/example_bash_operator.py for tasks to queue
[2023-03-26T21:55:31.925+0200] {logging_mixin.py:137} INFO - [2023-03-26T21:55:31.925+0200] {dagbag.py:532} INFO - Filling up the DagBag from /home/humbulani/miniconda3/envs/apache-airflow/lib/python3.8/site-packages/airflow/example_dags/example_bash_operator.py
[2023-03-26T21:55:32.028+0200] {processor.py:753} INFO - DAG(s) dict_keys(['example_bash_operator']) retrieved from /home/humbulani/miniconda3/envs/apache-airflow/lib/python3.8/site-packages/airflow/example_dags/example_bash_operator.py
[2023-03-26T21:55:32.054+0200] {logging_mixin.py:137} INFO - [2023-03-26T21:55:32.053+0200] {dag.py:2693} INFO - Sync 1 DAGs
[2023-03-26T21:55:32.070+0200] {logging_mixin.py:137} INFO - [2023-03-26T21:55:32.070+0200] {dag.py:3440} INFO - Setting next_dagrun for example_bash_operator to 2023-03-25T00:00:00+00:00, run_after=2023-03-26T00:00:00+00:00
[2023-03-26T21:55:32.169+0200] {processor.py:175} INFO - Processing /home/humbulani/miniconda3/envs/apache-airflow/lib/python3.8/site-packages/airflow/example_dags/example_bash_operator.py took 0.249 seconds
[2023-03-26T21:56:21.598+0200] {processor.py:153} INFO - Started process (PID=17475) to work on /home/humbulani/miniconda3/envs/apache-airflow/lib/python3.8/site-packages/airflow/example_dags/example_bash_operator.py
[2023-03-26T21:56:21.617+0200] {processor.py:743} INFO - Processing file /home/humbulani/miniconda3/envs/apache-airflow/lib/python3.8/site-packages/airflow/example_dags/example_bash_operator.py for tasks to queue
[2023-03-26T21:56:21.617+0200] {logging_mixin.py:137} INFO - [2023-03-26T21:56:21.617+0200] {dagbag.py:532} INFO - Filling up the DagBag from /home/humbulani/miniconda3/envs/apache-airflow/lib/python3.8/site-packages/airflow/example_dags/example_bash_operator.py
[2023-03-26T21:56:21.640+0200] {processor.py:753} INFO - DAG(s) dict_keys(['example_bash_operator']) retrieved from /home/humbulani/miniconda3/envs/apache-airflow/lib/python3.8/site-packages/airflow/example_dags/example_bash_operator.py
[2023-03-26T21:56:21.669+0200] {logging_mixin.py:137} INFO - [2023-03-26T21:56:21.669+0200] {dag.py:2693} INFO - Sync 1 DAGs
[2023-03-26T21:56:21.690+0200] {logging_mixin.py:137} INFO - [2023-03-26T21:56:21.690+0200] {dag.py:3440} INFO - Setting next_dagrun for example_bash_operator to 2023-03-25T00:00:00+00:00, run_after=2023-03-26T00:00:00+00:00
[2023-03-26T21:56:21.788+0200] {processor.py:175} INFO - Processing /home/humbulani/miniconda3/envs/apache-airflow/lib/python3.8/site-packages/airflow/example_dags/example_bash_operator.py took 0.192 seconds
[2023-03-26T21:57:05.241+0200] {processor.py:153} INFO - Started process (PID=17527) to work on /home/humbulani/miniconda3/envs/apache-airflow/lib/python3.8/site-packages/airflow/example_dags/example_bash_operator.py
[2023-03-26T21:57:05.261+0200] {processor.py:743} INFO - Processing file /home/humbulani/miniconda3/envs/apache-airflow/lib/python3.8/site-packages/airflow/example_dags/example_bash_operator.py for tasks to queue
[2023-03-26T21:57:05.262+0200] {logging_mixin.py:137} INFO - [2023-03-26T21:57:05.262+0200] {dagbag.py:532} INFO - Filling up the DagBag from /home/humbulani/miniconda3/envs/apache-airflow/lib/python3.8/site-packages/airflow/example_dags/example_bash_operator.py
[2023-03-26T21:57:05.281+0200] {processor.py:753} INFO - DAG(s) dict_keys(['example_bash_operator']) retrieved from /home/humbulani/miniconda3/envs/apache-airflow/lib/python3.8/site-packages/airflow/example_dags/example_bash_operator.py
[2023-03-26T21:57:05.308+0200] {logging_mixin.py:137} INFO - [2023-03-26T21:57:05.308+0200] {dag.py:2693} INFO - Sync 1 DAGs
[2023-03-26T21:57:05.327+0200] {logging_mixin.py:137} INFO - [2023-03-26T21:57:05.327+0200] {dag.py:3440} INFO - Setting next_dagrun for example_bash_operator to 2023-03-25T00:00:00+00:00, run_after=2023-03-26T00:00:00+00:00
[2023-03-26T21:57:05.399+0200] {processor.py:175} INFO - Processing /home/humbulani/miniconda3/envs/apache-airflow/lib/python3.8/site-packages/airflow/example_dags/example_bash_operator.py took 0.160 seconds
[2023-03-26T21:57:47.693+0200] {processor.py:153} INFO - Started process (PID=17638) to work on /home/humbulani/miniconda3/envs/apache-airflow/lib/python3.8/site-packages/airflow/example_dags/example_bash_operator.py
[2023-03-26T21:57:47.706+0200] {processor.py:743} INFO - Processing file /home/humbulani/miniconda3/envs/apache-airflow/lib/python3.8/site-packages/airflow/example_dags/example_bash_operator.py for tasks to queue
[2023-03-26T21:57:47.707+0200] {logging_mixin.py:137} INFO - [2023-03-26T21:57:47.707+0200] {dagbag.py:532} INFO - Filling up the DagBag from /home/humbulani/miniconda3/envs/apache-airflow/lib/python3.8/site-packages/airflow/example_dags/example_bash_operator.py
[2023-03-26T21:57:47.728+0200] {processor.py:753} INFO - DAG(s) dict_keys(['example_bash_operator']) retrieved from /home/humbulani/miniconda3/envs/apache-airflow/lib/python3.8/site-packages/airflow/example_dags/example_bash_operator.py
[2023-03-26T21:57:47.761+0200] {logging_mixin.py:137} INFO - [2023-03-26T21:57:47.761+0200] {dag.py:2693} INFO - Sync 1 DAGs
[2023-03-26T21:57:47.784+0200] {logging_mixin.py:137} INFO - [2023-03-26T21:57:47.784+0200] {dag.py:3440} INFO - Setting next_dagrun for example_bash_operator to 2023-03-25T00:00:00+00:00, run_after=2023-03-26T00:00:00+00:00
[2023-03-26T21:57:47.861+0200] {processor.py:175} INFO - Processing /home/humbulani/miniconda3/envs/apache-airflow/lib/python3.8/site-packages/airflow/example_dags/example_bash_operator.py took 0.171 seconds
[2023-03-26T21:58:36.595+0200] {processor.py:153} INFO - Started process (PID=17871) to work on /home/humbulani/miniconda3/envs/apache-airflow/lib/python3.8/site-packages/airflow/example_dags/example_bash_operator.py
[2023-03-26T21:58:36.618+0200] {processor.py:743} INFO - Processing file /home/humbulani/miniconda3/envs/apache-airflow/lib/python3.8/site-packages/airflow/example_dags/example_bash_operator.py for tasks to queue
[2023-03-26T21:58:36.619+0200] {logging_mixin.py:137} INFO - [2023-03-26T21:58:36.619+0200] {dagbag.py:532} INFO - Filling up the DagBag from /home/humbulani/miniconda3/envs/apache-airflow/lib/python3.8/site-packages/airflow/example_dags/example_bash_operator.py
[2023-03-26T21:58:36.642+0200] {processor.py:753} INFO - DAG(s) dict_keys(['example_bash_operator']) retrieved from /home/humbulani/miniconda3/envs/apache-airflow/lib/python3.8/site-packages/airflow/example_dags/example_bash_operator.py
[2023-03-26T21:58:36.671+0200] {logging_mixin.py:137} INFO - [2023-03-26T21:58:36.671+0200] {dag.py:2693} INFO - Sync 1 DAGs
[2023-03-26T21:58:36.689+0200] {logging_mixin.py:137} INFO - [2023-03-26T21:58:36.689+0200] {dag.py:3440} INFO - Setting next_dagrun for example_bash_operator to 2023-03-25T00:00:00+00:00, run_after=2023-03-26T00:00:00+00:00
[2023-03-26T21:58:36.764+0200] {processor.py:175} INFO - Processing /home/humbulani/miniconda3/envs/apache-airflow/lib/python3.8/site-packages/airflow/example_dags/example_bash_operator.py took 0.172 seconds
[2023-03-26T21:59:23.218+0200] {processor.py:153} INFO - Started process (PID=18035) to work on /home/humbulani/miniconda3/envs/apache-airflow/lib/python3.8/site-packages/airflow/example_dags/example_bash_operator.py
[2023-03-26T21:59:23.238+0200] {processor.py:743} INFO - Processing file /home/humbulani/miniconda3/envs/apache-airflow/lib/python3.8/site-packages/airflow/example_dags/example_bash_operator.py for tasks to queue
[2023-03-26T21:59:23.239+0200] {logging_mixin.py:137} INFO - [2023-03-26T21:59:23.239+0200] {dagbag.py:532} INFO - Filling up the DagBag from /home/humbulani/miniconda3/envs/apache-airflow/lib/python3.8/site-packages/airflow/example_dags/example_bash_operator.py
[2023-03-26T21:59:23.259+0200] {processor.py:753} INFO - DAG(s) dict_keys(['example_bash_operator']) retrieved from /home/humbulani/miniconda3/envs/apache-airflow/lib/python3.8/site-packages/airflow/example_dags/example_bash_operator.py
[2023-03-26T21:59:23.288+0200] {logging_mixin.py:137} INFO - [2023-03-26T21:59:23.287+0200] {dag.py:2693} INFO - Sync 1 DAGs
[2023-03-26T21:59:23.306+0200] {logging_mixin.py:137} INFO - [2023-03-26T21:59:23.306+0200] {dag.py:3440} INFO - Setting next_dagrun for example_bash_operator to 2023-03-25T00:00:00+00:00, run_after=2023-03-26T00:00:00+00:00
[2023-03-26T21:59:23.476+0200] {processor.py:175} INFO - Processing /home/humbulani/miniconda3/envs/apache-airflow/lib/python3.8/site-packages/airflow/example_dags/example_bash_operator.py took 0.261 seconds
[2023-03-26T22:00:10.555+0200] {processor.py:153} INFO - Started process (PID=18147) to work on /home/humbulani/miniconda3/envs/apache-airflow/lib/python3.8/site-packages/airflow/example_dags/example_bash_operator.py
[2023-03-26T22:00:10.556+0200] {processor.py:743} INFO - Processing file /home/humbulani/miniconda3/envs/apache-airflow/lib/python3.8/site-packages/airflow/example_dags/example_bash_operator.py for tasks to queue
[2023-03-26T22:00:10.557+0200] {logging_mixin.py:137} INFO - [2023-03-26T22:00:10.557+0200] {dagbag.py:532} INFO - Filling up the DagBag from /home/humbulani/miniconda3/envs/apache-airflow/lib/python3.8/site-packages/airflow/example_dags/example_bash_operator.py
[2023-03-26T22:00:10.579+0200] {processor.py:753} INFO - DAG(s) dict_keys(['example_bash_operator']) retrieved from /home/humbulani/miniconda3/envs/apache-airflow/lib/python3.8/site-packages/airflow/example_dags/example_bash_operator.py
[2023-03-26T22:00:10.607+0200] {logging_mixin.py:137} INFO - [2023-03-26T22:00:10.607+0200] {dag.py:2693} INFO - Sync 1 DAGs
[2023-03-26T22:00:10.627+0200] {logging_mixin.py:137} INFO - [2023-03-26T22:00:10.627+0200] {dag.py:3440} INFO - Setting next_dagrun for example_bash_operator to 2023-03-25T00:00:00+00:00, run_after=2023-03-26T00:00:00+00:00
[2023-03-26T22:00:10.731+0200] {processor.py:175} INFO - Processing /home/humbulani/miniconda3/envs/apache-airflow/lib/python3.8/site-packages/airflow/example_dags/example_bash_operator.py took 0.178 seconds
[2023-03-26T22:00:56.936+0200] {processor.py:153} INFO - Started process (PID=18238) to work on /home/humbulani/miniconda3/envs/apache-airflow/lib/python3.8/site-packages/airflow/example_dags/example_bash_operator.py
[2023-03-26T22:00:56.951+0200] {processor.py:743} INFO - Processing file /home/humbulani/miniconda3/envs/apache-airflow/lib/python3.8/site-packages/airflow/example_dags/example_bash_operator.py for tasks to queue
[2023-03-26T22:00:56.952+0200] {logging_mixin.py:137} INFO - [2023-03-26T22:00:56.951+0200] {dagbag.py:532} INFO - Filling up the DagBag from /home/humbulani/miniconda3/envs/apache-airflow/lib/python3.8/site-packages/airflow/example_dags/example_bash_operator.py
[2023-03-26T22:00:56.971+0200] {processor.py:753} INFO - DAG(s) dict_keys(['example_bash_operator']) retrieved from /home/humbulani/miniconda3/envs/apache-airflow/lib/python3.8/site-packages/airflow/example_dags/example_bash_operator.py
[2023-03-26T22:00:56.998+0200] {logging_mixin.py:137} INFO - [2023-03-26T22:00:56.998+0200] {dag.py:2693} INFO - Sync 1 DAGs
[2023-03-26T22:00:57.017+0200] {logging_mixin.py:137} INFO - [2023-03-26T22:00:57.017+0200] {dag.py:3440} INFO - Setting next_dagrun for example_bash_operator to 2023-03-25T00:00:00+00:00, run_after=2023-03-26T00:00:00+00:00
[2023-03-26T22:00:57.099+0200] {processor.py:175} INFO - Processing /home/humbulani/miniconda3/envs/apache-airflow/lib/python3.8/site-packages/airflow/example_dags/example_bash_operator.py took 0.165 seconds
[2023-03-26T22:01:43.190+0200] {processor.py:153} INFO - Started process (PID=18494) to work on /home/humbulani/miniconda3/envs/apache-airflow/lib/python3.8/site-packages/airflow/example_dags/example_bash_operator.py
[2023-03-26T22:01:43.192+0200] {processor.py:743} INFO - Processing file /home/humbulani/miniconda3/envs/apache-airflow/lib/python3.8/site-packages/airflow/example_dags/example_bash_operator.py for tasks to queue
[2023-03-26T22:01:43.193+0200] {logging_mixin.py:137} INFO - [2023-03-26T22:01:43.193+0200] {dagbag.py:532} INFO - Filling up the DagBag from /home/humbulani/miniconda3/envs/apache-airflow/lib/python3.8/site-packages/airflow/example_dags/example_bash_operator.py
[2023-03-26T22:01:43.211+0200] {processor.py:753} INFO - DAG(s) dict_keys(['example_bash_operator']) retrieved from /home/humbulani/miniconda3/envs/apache-airflow/lib/python3.8/site-packages/airflow/example_dags/example_bash_operator.py
[2023-03-26T22:01:43.241+0200] {logging_mixin.py:137} INFO - [2023-03-26T22:01:43.241+0200] {dag.py:2693} INFO - Sync 1 DAGs
[2023-03-26T22:01:43.261+0200] {logging_mixin.py:137} INFO - [2023-03-26T22:01:43.261+0200] {dag.py:3440} INFO - Setting next_dagrun for example_bash_operator to 2023-03-25T00:00:00+00:00, run_after=2023-03-26T00:00:00+00:00
[2023-03-26T22:01:43.494+0200] {processor.py:175} INFO - Processing /home/humbulani/miniconda3/envs/apache-airflow/lib/python3.8/site-packages/airflow/example_dags/example_bash_operator.py took 0.307 seconds
[2023-03-26T22:02:31.023+0200] {processor.py:153} INFO - Started process (PID=18540) to work on /home/humbulani/miniconda3/envs/apache-airflow/lib/python3.8/site-packages/airflow/example_dags/example_bash_operator.py
[2023-03-26T22:02:31.037+0200] {processor.py:743} INFO - Processing file /home/humbulani/miniconda3/envs/apache-airflow/lib/python3.8/site-packages/airflow/example_dags/example_bash_operator.py for tasks to queue
[2023-03-26T22:02:31.037+0200] {logging_mixin.py:137} INFO - [2023-03-26T22:02:31.037+0200] {dagbag.py:532} INFO - Filling up the DagBag from /home/humbulani/miniconda3/envs/apache-airflow/lib/python3.8/site-packages/airflow/example_dags/example_bash_operator.py
[2023-03-26T22:02:31.057+0200] {processor.py:753} INFO - DAG(s) dict_keys(['example_bash_operator']) retrieved from /home/humbulani/miniconda3/envs/apache-airflow/lib/python3.8/site-packages/airflow/example_dags/example_bash_operator.py
[2023-03-26T22:02:31.086+0200] {logging_mixin.py:137} INFO - [2023-03-26T22:02:31.085+0200] {dag.py:2693} INFO - Sync 1 DAGs
[2023-03-26T22:02:31.105+0200] {logging_mixin.py:137} INFO - [2023-03-26T22:02:31.105+0200] {dag.py:3440} INFO - Setting next_dagrun for example_bash_operator to 2023-03-25T00:00:00+00:00, run_after=2023-03-26T00:00:00+00:00
[2023-03-26T22:02:31.181+0200] {processor.py:175} INFO - Processing /home/humbulani/miniconda3/envs/apache-airflow/lib/python3.8/site-packages/airflow/example_dags/example_bash_operator.py took 0.160 seconds
[2023-03-26T22:03:17.070+0200] {processor.py:153} INFO - Started process (PID=18593) to work on /home/humbulani/miniconda3/envs/apache-airflow/lib/python3.8/site-packages/airflow/example_dags/example_bash_operator.py
[2023-03-26T22:03:17.071+0200] {processor.py:743} INFO - Processing file /home/humbulani/miniconda3/envs/apache-airflow/lib/python3.8/site-packages/airflow/example_dags/example_bash_operator.py for tasks to queue
[2023-03-26T22:03:17.072+0200] {logging_mixin.py:137} INFO - [2023-03-26T22:03:17.072+0200] {dagbag.py:532} INFO - Filling up the DagBag from /home/humbulani/miniconda3/envs/apache-airflow/lib/python3.8/site-packages/airflow/example_dags/example_bash_operator.py
[2023-03-26T22:03:17.091+0200] {processor.py:753} INFO - DAG(s) dict_keys(['example_bash_operator']) retrieved from /home/humbulani/miniconda3/envs/apache-airflow/lib/python3.8/site-packages/airflow/example_dags/example_bash_operator.py
[2023-03-26T22:03:17.119+0200] {logging_mixin.py:137} INFO - [2023-03-26T22:03:17.119+0200] {dag.py:2693} INFO - Sync 1 DAGs
[2023-03-26T22:03:17.137+0200] {logging_mixin.py:137} INFO - [2023-03-26T22:03:17.137+0200] {dag.py:3440} INFO - Setting next_dagrun for example_bash_operator to 2023-03-25T00:00:00+00:00, run_after=2023-03-26T00:00:00+00:00
[2023-03-26T22:03:17.218+0200] {processor.py:175} INFO - Processing /home/humbulani/miniconda3/envs/apache-airflow/lib/python3.8/site-packages/airflow/example_dags/example_bash_operator.py took 0.150 seconds
[2023-03-26T22:04:02.174+0200] {processor.py:153} INFO - Started process (PID=18665) to work on /home/humbulani/miniconda3/envs/apache-airflow/lib/python3.8/site-packages/airflow/example_dags/example_bash_operator.py
[2023-03-26T22:04:02.187+0200] {processor.py:743} INFO - Processing file /home/humbulani/miniconda3/envs/apache-airflow/lib/python3.8/site-packages/airflow/example_dags/example_bash_operator.py for tasks to queue
[2023-03-26T22:04:02.187+0200] {logging_mixin.py:137} INFO - [2023-03-26T22:04:02.187+0200] {dagbag.py:532} INFO - Filling up the DagBag from /home/humbulani/miniconda3/envs/apache-airflow/lib/python3.8/site-packages/airflow/example_dags/example_bash_operator.py
[2023-03-26T22:04:02.208+0200] {processor.py:753} INFO - DAG(s) dict_keys(['example_bash_operator']) retrieved from /home/humbulani/miniconda3/envs/apache-airflow/lib/python3.8/site-packages/airflow/example_dags/example_bash_operator.py
[2023-03-26T22:04:02.240+0200] {logging_mixin.py:137} INFO - [2023-03-26T22:04:02.240+0200] {dag.py:2693} INFO - Sync 1 DAGs
[2023-03-26T22:04:02.262+0200] {logging_mixin.py:137} INFO - [2023-03-26T22:04:02.262+0200] {dag.py:3440} INFO - Setting next_dagrun for example_bash_operator to 2023-03-25T00:00:00+00:00, run_after=2023-03-26T00:00:00+00:00
[2023-03-26T22:04:02.329+0200] {processor.py:175} INFO - Processing /home/humbulani/miniconda3/envs/apache-airflow/lib/python3.8/site-packages/airflow/example_dags/example_bash_operator.py took 0.157 seconds
[2023-03-26T22:04:46.797+0200] {processor.py:153} INFO - Started process (PID=18720) to work on /home/humbulani/miniconda3/envs/apache-airflow/lib/python3.8/site-packages/airflow/example_dags/example_bash_operator.py
[2023-03-26T22:04:46.815+0200] {processor.py:743} INFO - Processing file /home/humbulani/miniconda3/envs/apache-airflow/lib/python3.8/site-packages/airflow/example_dags/example_bash_operator.py for tasks to queue
[2023-03-26T22:04:46.816+0200] {logging_mixin.py:137} INFO - [2023-03-26T22:04:46.816+0200] {dagbag.py:532} INFO - Filling up the DagBag from /home/humbulani/miniconda3/envs/apache-airflow/lib/python3.8/site-packages/airflow/example_dags/example_bash_operator.py
[2023-03-26T22:04:46.839+0200] {processor.py:753} INFO - DAG(s) dict_keys(['example_bash_operator']) retrieved from /home/humbulani/miniconda3/envs/apache-airflow/lib/python3.8/site-packages/airflow/example_dags/example_bash_operator.py
[2023-03-26T22:04:46.868+0200] {logging_mixin.py:137} INFO - [2023-03-26T22:04:46.867+0200] {dag.py:2693} INFO - Sync 1 DAGs
[2023-03-26T22:04:46.887+0200] {logging_mixin.py:137} INFO - [2023-03-26T22:04:46.887+0200] {dag.py:3440} INFO - Setting next_dagrun for example_bash_operator to 2023-03-25T00:00:00+00:00, run_after=2023-03-26T00:00:00+00:00
[2023-03-26T22:04:46.966+0200] {processor.py:175} INFO - Processing /home/humbulani/miniconda3/envs/apache-airflow/lib/python3.8/site-packages/airflow/example_dags/example_bash_operator.py took 0.173 seconds
[2023-03-26T22:05:32.206+0200] {processor.py:153} INFO - Started process (PID=18773) to work on /home/humbulani/miniconda3/envs/apache-airflow/lib/python3.8/site-packages/airflow/example_dags/example_bash_operator.py
[2023-03-26T22:05:32.218+0200] {processor.py:743} INFO - Processing file /home/humbulani/miniconda3/envs/apache-airflow/lib/python3.8/site-packages/airflow/example_dags/example_bash_operator.py for tasks to queue
[2023-03-26T22:05:32.219+0200] {logging_mixin.py:137} INFO - [2023-03-26T22:05:32.219+0200] {dagbag.py:532} INFO - Filling up the DagBag from /home/humbulani/miniconda3/envs/apache-airflow/lib/python3.8/site-packages/airflow/example_dags/example_bash_operator.py
[2023-03-26T22:05:32.239+0200] {processor.py:753} INFO - DAG(s) dict_keys(['example_bash_operator']) retrieved from /home/humbulani/miniconda3/envs/apache-airflow/lib/python3.8/site-packages/airflow/example_dags/example_bash_operator.py
[2023-03-26T22:05:32.269+0200] {logging_mixin.py:137} INFO - [2023-03-26T22:05:32.269+0200] {dag.py:2693} INFO - Sync 1 DAGs
[2023-03-26T22:05:32.288+0200] {logging_mixin.py:137} INFO - [2023-03-26T22:05:32.288+0200] {dag.py:3440} INFO - Setting next_dagrun for example_bash_operator to 2023-03-25T00:00:00+00:00, run_after=2023-03-26T00:00:00+00:00
[2023-03-26T22:05:32.369+0200] {processor.py:175} INFO - Processing /home/humbulani/miniconda3/envs/apache-airflow/lib/python3.8/site-packages/airflow/example_dags/example_bash_operator.py took 0.165 seconds
[2023-03-26T22:06:16.752+0200] {processor.py:153} INFO - Started process (PID=18820) to work on /home/humbulani/miniconda3/envs/apache-airflow/lib/python3.8/site-packages/airflow/example_dags/example_bash_operator.py
[2023-03-26T22:06:16.769+0200] {processor.py:743} INFO - Processing file /home/humbulani/miniconda3/envs/apache-airflow/lib/python3.8/site-packages/airflow/example_dags/example_bash_operator.py for tasks to queue
[2023-03-26T22:06:16.770+0200] {logging_mixin.py:137} INFO - [2023-03-26T22:06:16.770+0200] {dagbag.py:532} INFO - Filling up the DagBag from /home/humbulani/miniconda3/envs/apache-airflow/lib/python3.8/site-packages/airflow/example_dags/example_bash_operator.py
[2023-03-26T22:06:16.795+0200] {processor.py:753} INFO - DAG(s) dict_keys(['example_bash_operator']) retrieved from /home/humbulani/miniconda3/envs/apache-airflow/lib/python3.8/site-packages/airflow/example_dags/example_bash_operator.py
[2023-03-26T22:06:16.825+0200] {logging_mixin.py:137} INFO - [2023-03-26T22:06:16.825+0200] {dag.py:2693} INFO - Sync 1 DAGs
[2023-03-26T22:06:16.843+0200] {logging_mixin.py:137} INFO - [2023-03-26T22:06:16.843+0200] {dag.py:3440} INFO - Setting next_dagrun for example_bash_operator to 2023-03-25T00:00:00+00:00, run_after=2023-03-26T00:00:00+00:00
[2023-03-26T22:06:16.915+0200] {processor.py:175} INFO - Processing /home/humbulani/miniconda3/envs/apache-airflow/lib/python3.8/site-packages/airflow/example_dags/example_bash_operator.py took 0.166 seconds
[2023-03-26T22:07:04.138+0200] {processor.py:153} INFO - Started process (PID=18931) to work on /home/humbulani/miniconda3/envs/apache-airflow/lib/python3.8/site-packages/airflow/example_dags/example_bash_operator.py
[2023-03-26T22:07:04.150+0200] {processor.py:743} INFO - Processing file /home/humbulani/miniconda3/envs/apache-airflow/lib/python3.8/site-packages/airflow/example_dags/example_bash_operator.py for tasks to queue
[2023-03-26T22:07:04.151+0200] {logging_mixin.py:137} INFO - [2023-03-26T22:07:04.151+0200] {dagbag.py:532} INFO - Filling up the DagBag from /home/humbulani/miniconda3/envs/apache-airflow/lib/python3.8/site-packages/airflow/example_dags/example_bash_operator.py
[2023-03-26T22:07:04.172+0200] {processor.py:753} INFO - DAG(s) dict_keys(['example_bash_operator']) retrieved from /home/humbulani/miniconda3/envs/apache-airflow/lib/python3.8/site-packages/airflow/example_dags/example_bash_operator.py
[2023-03-26T22:07:04.203+0200] {logging_mixin.py:137} INFO - [2023-03-26T22:07:04.203+0200] {dag.py:2693} INFO - Sync 1 DAGs
[2023-03-26T22:07:04.223+0200] {logging_mixin.py:137} INFO - [2023-03-26T22:07:04.222+0200] {dag.py:3440} INFO - Setting next_dagrun for example_bash_operator to 2023-03-25T00:00:00+00:00, run_after=2023-03-26T00:00:00+00:00
[2023-03-26T22:07:04.388+0200] {processor.py:175} INFO - Processing /home/humbulani/miniconda3/envs/apache-airflow/lib/python3.8/site-packages/airflow/example_dags/example_bash_operator.py took 0.253 seconds
[2023-03-26T22:07:49.736+0200] {processor.py:153} INFO - Started process (PID=19009) to work on /home/humbulani/miniconda3/envs/apache-airflow/lib/python3.8/site-packages/airflow/example_dags/example_bash_operator.py
[2023-03-26T22:07:49.756+0200] {processor.py:743} INFO - Processing file /home/humbulani/miniconda3/envs/apache-airflow/lib/python3.8/site-packages/airflow/example_dags/example_bash_operator.py for tasks to queue
[2023-03-26T22:07:49.757+0200] {logging_mixin.py:137} INFO - [2023-03-26T22:07:49.757+0200] {dagbag.py:532} INFO - Filling up the DagBag from /home/humbulani/miniconda3/envs/apache-airflow/lib/python3.8/site-packages/airflow/example_dags/example_bash_operator.py
[2023-03-26T22:07:49.778+0200] {processor.py:753} INFO - DAG(s) dict_keys(['example_bash_operator']) retrieved from /home/humbulani/miniconda3/envs/apache-airflow/lib/python3.8/site-packages/airflow/example_dags/example_bash_operator.py
[2023-03-26T22:07:49.806+0200] {logging_mixin.py:137} INFO - [2023-03-26T22:07:49.805+0200] {dag.py:2693} INFO - Sync 1 DAGs
[2023-03-26T22:07:49.825+0200] {logging_mixin.py:137} INFO - [2023-03-26T22:07:49.825+0200] {dag.py:3440} INFO - Setting next_dagrun for example_bash_operator to 2023-03-25T00:00:00+00:00, run_after=2023-03-26T00:00:00+00:00
[2023-03-26T22:07:49.902+0200] {processor.py:175} INFO - Processing /home/humbulani/miniconda3/envs/apache-airflow/lib/python3.8/site-packages/airflow/example_dags/example_bash_operator.py took 0.169 seconds
[2023-03-26T22:08:33.533+0200] {processor.py:153} INFO - Started process (PID=19057) to work on /home/humbulani/miniconda3/envs/apache-airflow/lib/python3.8/site-packages/airflow/example_dags/example_bash_operator.py
[2023-03-26T22:08:33.534+0200] {processor.py:743} INFO - Processing file /home/humbulani/miniconda3/envs/apache-airflow/lib/python3.8/site-packages/airflow/example_dags/example_bash_operator.py for tasks to queue
[2023-03-26T22:08:33.534+0200] {logging_mixin.py:137} INFO - [2023-03-26T22:08:33.534+0200] {dagbag.py:532} INFO - Filling up the DagBag from /home/humbulani/miniconda3/envs/apache-airflow/lib/python3.8/site-packages/airflow/example_dags/example_bash_operator.py
[2023-03-26T22:08:33.553+0200] {processor.py:753} INFO - DAG(s) dict_keys(['example_bash_operator']) retrieved from /home/humbulani/miniconda3/envs/apache-airflow/lib/python3.8/site-packages/airflow/example_dags/example_bash_operator.py
[2023-03-26T22:08:33.581+0200] {logging_mixin.py:137} INFO - [2023-03-26T22:08:33.581+0200] {dag.py:2693} INFO - Sync 1 DAGs
[2023-03-26T22:08:33.600+0200] {logging_mixin.py:137} INFO - [2023-03-26T22:08:33.600+0200] {dag.py:3440} INFO - Setting next_dagrun for example_bash_operator to 2023-03-25T00:00:00+00:00, run_after=2023-03-26T00:00:00+00:00
[2023-03-26T22:08:33.674+0200] {processor.py:175} INFO - Processing /home/humbulani/miniconda3/envs/apache-airflow/lib/python3.8/site-packages/airflow/example_dags/example_bash_operator.py took 0.143 seconds
[2023-03-26T22:09:22.396+0200] {processor.py:153} INFO - Started process (PID=19140) to work on /home/humbulani/miniconda3/envs/apache-airflow/lib/python3.8/site-packages/airflow/example_dags/example_bash_operator.py
[2023-03-26T22:09:22.435+0200] {processor.py:743} INFO - Processing file /home/humbulani/miniconda3/envs/apache-airflow/lib/python3.8/site-packages/airflow/example_dags/example_bash_operator.py for tasks to queue
[2023-03-26T22:09:22.435+0200] {logging_mixin.py:137} INFO - [2023-03-26T22:09:22.435+0200] {dagbag.py:532} INFO - Filling up the DagBag from /home/humbulani/miniconda3/envs/apache-airflow/lib/python3.8/site-packages/airflow/example_dags/example_bash_operator.py
[2023-03-26T22:09:22.454+0200] {processor.py:753} INFO - DAG(s) dict_keys(['example_bash_operator']) retrieved from /home/humbulani/miniconda3/envs/apache-airflow/lib/python3.8/site-packages/airflow/example_dags/example_bash_operator.py
[2023-03-26T22:09:22.484+0200] {logging_mixin.py:137} INFO - [2023-03-26T22:09:22.484+0200] {dag.py:2693} INFO - Sync 1 DAGs
[2023-03-26T22:09:22.503+0200] {logging_mixin.py:137} INFO - [2023-03-26T22:09:22.503+0200] {dag.py:3440} INFO - Setting next_dagrun for example_bash_operator to 2023-03-25T00:00:00+00:00, run_after=2023-03-26T00:00:00+00:00
[2023-03-26T22:09:22.577+0200] {processor.py:175} INFO - Processing /home/humbulani/miniconda3/envs/apache-airflow/lib/python3.8/site-packages/airflow/example_dags/example_bash_operator.py took 0.184 seconds
[2023-03-26T22:10:08.155+0200] {processor.py:153} INFO - Started process (PID=19184) to work on /home/humbulani/miniconda3/envs/apache-airflow/lib/python3.8/site-packages/airflow/example_dags/example_bash_operator.py
[2023-03-26T22:10:08.169+0200] {processor.py:743} INFO - Processing file /home/humbulani/miniconda3/envs/apache-airflow/lib/python3.8/site-packages/airflow/example_dags/example_bash_operator.py for tasks to queue
[2023-03-26T22:10:08.170+0200] {logging_mixin.py:137} INFO - [2023-03-26T22:10:08.170+0200] {dagbag.py:532} INFO - Filling up the DagBag from /home/humbulani/miniconda3/envs/apache-airflow/lib/python3.8/site-packages/airflow/example_dags/example_bash_operator.py
[2023-03-26T22:10:08.189+0200] {processor.py:753} INFO - DAG(s) dict_keys(['example_bash_operator']) retrieved from /home/humbulani/miniconda3/envs/apache-airflow/lib/python3.8/site-packages/airflow/example_dags/example_bash_operator.py
[2023-03-26T22:10:08.218+0200] {logging_mixin.py:137} INFO - [2023-03-26T22:10:08.218+0200] {dag.py:2693} INFO - Sync 1 DAGs
[2023-03-26T22:10:08.237+0200] {logging_mixin.py:137} INFO - [2023-03-26T22:10:08.237+0200] {dag.py:3440} INFO - Setting next_dagrun for example_bash_operator to 2023-03-25T00:00:00+00:00, run_after=2023-03-26T00:00:00+00:00
[2023-03-26T22:10:08.310+0200] {processor.py:175} INFO - Processing /home/humbulani/miniconda3/envs/apache-airflow/lib/python3.8/site-packages/airflow/example_dags/example_bash_operator.py took 0.157 seconds
[2023-03-26T22:10:52.714+0200] {processor.py:153} INFO - Started process (PID=19312) to work on /home/humbulani/miniconda3/envs/apache-airflow/lib/python3.8/site-packages/airflow/example_dags/example_bash_operator.py
[2023-03-26T22:10:52.732+0200] {processor.py:743} INFO - Processing file /home/humbulani/miniconda3/envs/apache-airflow/lib/python3.8/site-packages/airflow/example_dags/example_bash_operator.py for tasks to queue
[2023-03-26T22:10:52.733+0200] {logging_mixin.py:137} INFO - [2023-03-26T22:10:52.733+0200] {dagbag.py:532} INFO - Filling up the DagBag from /home/humbulani/miniconda3/envs/apache-airflow/lib/python3.8/site-packages/airflow/example_dags/example_bash_operator.py
[2023-03-26T22:10:52.753+0200] {processor.py:753} INFO - DAG(s) dict_keys(['example_bash_operator']) retrieved from /home/humbulani/miniconda3/envs/apache-airflow/lib/python3.8/site-packages/airflow/example_dags/example_bash_operator.py
[2023-03-26T22:10:52.782+0200] {logging_mixin.py:137} INFO - [2023-03-26T22:10:52.782+0200] {dag.py:2693} INFO - Sync 1 DAGs
[2023-03-26T22:10:52.801+0200] {logging_mixin.py:137} INFO - [2023-03-26T22:10:52.801+0200] {dag.py:3440} INFO - Setting next_dagrun for example_bash_operator to 2023-03-25T00:00:00+00:00, run_after=2023-03-26T00:00:00+00:00
[2023-03-26T22:10:52.882+0200] {processor.py:175} INFO - Processing /home/humbulani/miniconda3/envs/apache-airflow/lib/python3.8/site-packages/airflow/example_dags/example_bash_operator.py took 0.170 seconds
[2023-03-26T22:11:40.180+0200] {processor.py:153} INFO - Started process (PID=19355) to work on /home/humbulani/miniconda3/envs/apache-airflow/lib/python3.8/site-packages/airflow/example_dags/example_bash_operator.py
[2023-03-26T22:11:40.188+0200] {processor.py:743} INFO - Processing file /home/humbulani/miniconda3/envs/apache-airflow/lib/python3.8/site-packages/airflow/example_dags/example_bash_operator.py for tasks to queue
[2023-03-26T22:11:40.188+0200] {logging_mixin.py:137} INFO - [2023-03-26T22:11:40.188+0200] {dagbag.py:532} INFO - Filling up the DagBag from /home/humbulani/miniconda3/envs/apache-airflow/lib/python3.8/site-packages/airflow/example_dags/example_bash_operator.py
[2023-03-26T22:11:40.212+0200] {processor.py:753} INFO - DAG(s) dict_keys(['example_bash_operator']) retrieved from /home/humbulani/miniconda3/envs/apache-airflow/lib/python3.8/site-packages/airflow/example_dags/example_bash_operator.py
[2023-03-26T22:11:40.239+0200] {logging_mixin.py:137} INFO - [2023-03-26T22:11:40.239+0200] {dag.py:2693} INFO - Sync 1 DAGs
[2023-03-26T22:11:40.258+0200] {logging_mixin.py:137} INFO - [2023-03-26T22:11:40.257+0200] {dag.py:3440} INFO - Setting next_dagrun for example_bash_operator to 2023-03-25T00:00:00+00:00, run_after=2023-03-26T00:00:00+00:00
[2023-03-26T22:11:40.328+0200] {processor.py:175} INFO - Processing /home/humbulani/miniconda3/envs/apache-airflow/lib/python3.8/site-packages/airflow/example_dags/example_bash_operator.py took 0.151 seconds
[2023-03-26T22:12:23.933+0200] {processor.py:153} INFO - Started process (PID=19400) to work on /home/humbulani/miniconda3/envs/apache-airflow/lib/python3.8/site-packages/airflow/example_dags/example_bash_operator.py
[2023-03-26T22:12:23.934+0200] {processor.py:743} INFO - Processing file /home/humbulani/miniconda3/envs/apache-airflow/lib/python3.8/site-packages/airflow/example_dags/example_bash_operator.py for tasks to queue
[2023-03-26T22:12:23.935+0200] {logging_mixin.py:137} INFO - [2023-03-26T22:12:23.935+0200] {dagbag.py:532} INFO - Filling up the DagBag from /home/humbulani/miniconda3/envs/apache-airflow/lib/python3.8/site-packages/airflow/example_dags/example_bash_operator.py
[2023-03-26T22:12:23.954+0200] {processor.py:753} INFO - DAG(s) dict_keys(['example_bash_operator']) retrieved from /home/humbulani/miniconda3/envs/apache-airflow/lib/python3.8/site-packages/airflow/example_dags/example_bash_operator.py
[2023-03-26T22:12:23.982+0200] {logging_mixin.py:137} INFO - [2023-03-26T22:12:23.982+0200] {dag.py:2693} INFO - Sync 1 DAGs
[2023-03-26T22:12:24.002+0200] {logging_mixin.py:137} INFO - [2023-03-26T22:12:24.001+0200] {dag.py:3440} INFO - Setting next_dagrun for example_bash_operator to 2023-03-25T00:00:00+00:00, run_after=2023-03-26T00:00:00+00:00
[2023-03-26T22:12:24.076+0200] {processor.py:175} INFO - Processing /home/humbulani/miniconda3/envs/apache-airflow/lib/python3.8/site-packages/airflow/example_dags/example_bash_operator.py took 0.145 seconds
[2023-03-26T22:13:09.865+0200] {processor.py:153} INFO - Started process (PID=19509) to work on /home/humbulani/miniconda3/envs/apache-airflow/lib/python3.8/site-packages/airflow/example_dags/example_bash_operator.py
[2023-03-26T22:13:09.878+0200] {processor.py:743} INFO - Processing file /home/humbulani/miniconda3/envs/apache-airflow/lib/python3.8/site-packages/airflow/example_dags/example_bash_operator.py for tasks to queue
[2023-03-26T22:13:09.878+0200] {logging_mixin.py:137} INFO - [2023-03-26T22:13:09.878+0200] {dagbag.py:532} INFO - Filling up the DagBag from /home/humbulani/miniconda3/envs/apache-airflow/lib/python3.8/site-packages/airflow/example_dags/example_bash_operator.py
[2023-03-26T22:13:09.898+0200] {processor.py:753} INFO - DAG(s) dict_keys(['example_bash_operator']) retrieved from /home/humbulani/miniconda3/envs/apache-airflow/lib/python3.8/site-packages/airflow/example_dags/example_bash_operator.py
[2023-03-26T22:13:09.929+0200] {logging_mixin.py:137} INFO - [2023-03-26T22:13:09.929+0200] {dag.py:2693} INFO - Sync 1 DAGs
[2023-03-26T22:13:09.950+0200] {logging_mixin.py:137} INFO - [2023-03-26T22:13:09.949+0200] {dag.py:3440} INFO - Setting next_dagrun for example_bash_operator to 2023-03-25T00:00:00+00:00, run_after=2023-03-26T00:00:00+00:00
[2023-03-26T22:13:10.039+0200] {processor.py:175} INFO - Processing /home/humbulani/miniconda3/envs/apache-airflow/lib/python3.8/site-packages/airflow/example_dags/example_bash_operator.py took 0.176 seconds
[2023-03-26T22:13:57.943+0200] {processor.py:153} INFO - Started process (PID=19551) to work on /home/humbulani/miniconda3/envs/apache-airflow/lib/python3.8/site-packages/airflow/example_dags/example_bash_operator.py
[2023-03-26T22:13:57.949+0200] {processor.py:743} INFO - Processing file /home/humbulani/miniconda3/envs/apache-airflow/lib/python3.8/site-packages/airflow/example_dags/example_bash_operator.py for tasks to queue
[2023-03-26T22:13:57.950+0200] {logging_mixin.py:137} INFO - [2023-03-26T22:13:57.950+0200] {dagbag.py:532} INFO - Filling up the DagBag from /home/humbulani/miniconda3/envs/apache-airflow/lib/python3.8/site-packages/airflow/example_dags/example_bash_operator.py
[2023-03-26T22:13:57.973+0200] {processor.py:753} INFO - DAG(s) dict_keys(['example_bash_operator']) retrieved from /home/humbulani/miniconda3/envs/apache-airflow/lib/python3.8/site-packages/airflow/example_dags/example_bash_operator.py
[2023-03-26T22:13:58.002+0200] {logging_mixin.py:137} INFO - [2023-03-26T22:13:58.002+0200] {dag.py:2693} INFO - Sync 1 DAGs
[2023-03-26T22:13:58.022+0200] {logging_mixin.py:137} INFO - [2023-03-26T22:13:58.022+0200] {dag.py:3440} INFO - Setting next_dagrun for example_bash_operator to 2023-03-25T00:00:00+00:00, run_after=2023-03-26T00:00:00+00:00
[2023-03-26T22:13:58.093+0200] {processor.py:175} INFO - Processing /home/humbulani/miniconda3/envs/apache-airflow/lib/python3.8/site-packages/airflow/example_dags/example_bash_operator.py took 0.152 seconds
[2023-03-26T22:14:45.028+0200] {processor.py:153} INFO - Started process (PID=19596) to work on /home/humbulani/miniconda3/envs/apache-airflow/lib/python3.8/site-packages/airflow/example_dags/example_bash_operator.py
[2023-03-26T22:14:45.036+0200] {processor.py:743} INFO - Processing file /home/humbulani/miniconda3/envs/apache-airflow/lib/python3.8/site-packages/airflow/example_dags/example_bash_operator.py for tasks to queue
[2023-03-26T22:14:45.037+0200] {logging_mixin.py:137} INFO - [2023-03-26T22:14:45.037+0200] {dagbag.py:532} INFO - Filling up the DagBag from /home/humbulani/miniconda3/envs/apache-airflow/lib/python3.8/site-packages/airflow/example_dags/example_bash_operator.py
[2023-03-26T22:14:45.057+0200] {processor.py:753} INFO - DAG(s) dict_keys(['example_bash_operator']) retrieved from /home/humbulani/miniconda3/envs/apache-airflow/lib/python3.8/site-packages/airflow/example_dags/example_bash_operator.py
[2023-03-26T22:14:45.085+0200] {logging_mixin.py:137} INFO - [2023-03-26T22:14:45.085+0200] {dag.py:2693} INFO - Sync 1 DAGs
[2023-03-26T22:14:45.104+0200] {logging_mixin.py:137} INFO - [2023-03-26T22:14:45.104+0200] {dag.py:3440} INFO - Setting next_dagrun for example_bash_operator to 2023-03-25T00:00:00+00:00, run_after=2023-03-26T00:00:00+00:00
[2023-03-26T22:14:45.172+0200] {processor.py:175} INFO - Processing /home/humbulani/miniconda3/envs/apache-airflow/lib/python3.8/site-packages/airflow/example_dags/example_bash_operator.py took 0.148 seconds
[2023-03-26T22:15:33.370+0200] {processor.py:153} INFO - Started process (PID=19706) to work on /home/humbulani/miniconda3/envs/apache-airflow/lib/python3.8/site-packages/airflow/example_dags/example_bash_operator.py
[2023-03-26T22:15:33.391+0200] {processor.py:743} INFO - Processing file /home/humbulani/miniconda3/envs/apache-airflow/lib/python3.8/site-packages/airflow/example_dags/example_bash_operator.py for tasks to queue
[2023-03-26T22:15:33.392+0200] {logging_mixin.py:137} INFO - [2023-03-26T22:15:33.391+0200] {dagbag.py:532} INFO - Filling up the DagBag from /home/humbulani/miniconda3/envs/apache-airflow/lib/python3.8/site-packages/airflow/example_dags/example_bash_operator.py
[2023-03-26T22:15:33.411+0200] {processor.py:753} INFO - DAG(s) dict_keys(['example_bash_operator']) retrieved from /home/humbulani/miniconda3/envs/apache-airflow/lib/python3.8/site-packages/airflow/example_dags/example_bash_operator.py
[2023-03-26T22:15:33.439+0200] {logging_mixin.py:137} INFO - [2023-03-26T22:15:33.439+0200] {dag.py:2693} INFO - Sync 1 DAGs
[2023-03-26T22:15:33.457+0200] {logging_mixin.py:137} INFO - [2023-03-26T22:15:33.457+0200] {dag.py:3440} INFO - Setting next_dagrun for example_bash_operator to 2023-03-25T00:00:00+00:00, run_after=2023-03-26T00:00:00+00:00
[2023-03-26T22:15:33.535+0200] {processor.py:175} INFO - Processing /home/humbulani/miniconda3/envs/apache-airflow/lib/python3.8/site-packages/airflow/example_dags/example_bash_operator.py took 0.167 seconds
[2023-03-26T22:16:18.861+0200] {processor.py:153} INFO - Started process (PID=19817) to work on /home/humbulani/miniconda3/envs/apache-airflow/lib/python3.8/site-packages/airflow/example_dags/example_bash_operator.py
[2023-03-26T22:16:18.870+0200] {processor.py:743} INFO - Processing file /home/humbulani/miniconda3/envs/apache-airflow/lib/python3.8/site-packages/airflow/example_dags/example_bash_operator.py for tasks to queue
[2023-03-26T22:16:18.871+0200] {logging_mixin.py:137} INFO - [2023-03-26T22:16:18.871+0200] {dagbag.py:532} INFO - Filling up the DagBag from /home/humbulani/miniconda3/envs/apache-airflow/lib/python3.8/site-packages/airflow/example_dags/example_bash_operator.py
[2023-03-26T22:16:18.890+0200] {processor.py:753} INFO - DAG(s) dict_keys(['example_bash_operator']) retrieved from /home/humbulani/miniconda3/envs/apache-airflow/lib/python3.8/site-packages/airflow/example_dags/example_bash_operator.py
[2023-03-26T22:16:18.918+0200] {logging_mixin.py:137} INFO - [2023-03-26T22:16:18.918+0200] {dag.py:2693} INFO - Sync 1 DAGs
[2023-03-26T22:16:18.939+0200] {logging_mixin.py:137} INFO - [2023-03-26T22:16:18.939+0200] {dag.py:3440} INFO - Setting next_dagrun for example_bash_operator to 2023-03-25T00:00:00+00:00, run_after=2023-03-26T00:00:00+00:00
[2023-03-26T22:16:19.024+0200] {processor.py:175} INFO - Processing /home/humbulani/miniconda3/envs/apache-airflow/lib/python3.8/site-packages/airflow/example_dags/example_bash_operator.py took 0.165 seconds
[2023-03-26T22:17:11.081+0200] {processor.py:153} INFO - Started process (PID=19864) to work on /home/humbulani/miniconda3/envs/apache-airflow/lib/python3.8/site-packages/airflow/example_dags/example_bash_operator.py
[2023-03-26T22:17:11.085+0200] {processor.py:743} INFO - Processing file /home/humbulani/miniconda3/envs/apache-airflow/lib/python3.8/site-packages/airflow/example_dags/example_bash_operator.py for tasks to queue
[2023-03-26T22:17:11.085+0200] {logging_mixin.py:137} INFO - [2023-03-26T22:17:11.085+0200] {dagbag.py:532} INFO - Filling up the DagBag from /home/humbulani/miniconda3/envs/apache-airflow/lib/python3.8/site-packages/airflow/example_dags/example_bash_operator.py
[2023-03-26T22:17:11.109+0200] {processor.py:753} INFO - DAG(s) dict_keys(['example_bash_operator']) retrieved from /home/humbulani/miniconda3/envs/apache-airflow/lib/python3.8/site-packages/airflow/example_dags/example_bash_operator.py
[2023-03-26T22:17:11.142+0200] {logging_mixin.py:137} INFO - [2023-03-26T22:17:11.142+0200] {dag.py:2693} INFO - Sync 1 DAGs
[2023-03-26T22:17:11.166+0200] {logging_mixin.py:137} INFO - [2023-03-26T22:17:11.166+0200] {dag.py:3440} INFO - Setting next_dagrun for example_bash_operator to 2023-03-25T00:00:00+00:00, run_after=2023-03-26T00:00:00+00:00
[2023-03-26T22:17:11.263+0200] {processor.py:175} INFO - Processing /home/humbulani/miniconda3/envs/apache-airflow/lib/python3.8/site-packages/airflow/example_dags/example_bash_operator.py took 0.184 seconds
[2023-03-26T22:17:53.526+0200] {processor.py:153} INFO - Started process (PID=19911) to work on /home/humbulani/miniconda3/envs/apache-airflow/lib/python3.8/site-packages/airflow/example_dags/example_bash_operator.py
[2023-03-26T22:17:53.531+0200] {processor.py:743} INFO - Processing file /home/humbulani/miniconda3/envs/apache-airflow/lib/python3.8/site-packages/airflow/example_dags/example_bash_operator.py for tasks to queue
[2023-03-26T22:17:53.531+0200] {logging_mixin.py:137} INFO - [2023-03-26T22:17:53.531+0200] {dagbag.py:532} INFO - Filling up the DagBag from /home/humbulani/miniconda3/envs/apache-airflow/lib/python3.8/site-packages/airflow/example_dags/example_bash_operator.py
[2023-03-26T22:17:53.550+0200] {processor.py:753} INFO - DAG(s) dict_keys(['example_bash_operator']) retrieved from /home/humbulani/miniconda3/envs/apache-airflow/lib/python3.8/site-packages/airflow/example_dags/example_bash_operator.py
[2023-03-26T22:17:53.578+0200] {logging_mixin.py:137} INFO - [2023-03-26T22:17:53.578+0200] {dag.py:2693} INFO - Sync 1 DAGs
[2023-03-26T22:17:53.596+0200] {logging_mixin.py:137} INFO - [2023-03-26T22:17:53.596+0200] {dag.py:3440} INFO - Setting next_dagrun for example_bash_operator to 2023-03-25T00:00:00+00:00, run_after=2023-03-26T00:00:00+00:00
[2023-03-26T22:17:53.666+0200] {processor.py:175} INFO - Processing /home/humbulani/miniconda3/envs/apache-airflow/lib/python3.8/site-packages/airflow/example_dags/example_bash_operator.py took 0.142 seconds
[2023-03-26T22:18:39.793+0200] {processor.py:153} INFO - Started process (PID=20022) to work on /home/humbulani/miniconda3/envs/apache-airflow/lib/python3.8/site-packages/airflow/example_dags/example_bash_operator.py
[2023-03-26T22:18:39.813+0200] {processor.py:743} INFO - Processing file /home/humbulani/miniconda3/envs/apache-airflow/lib/python3.8/site-packages/airflow/example_dags/example_bash_operator.py for tasks to queue
[2023-03-26T22:18:39.814+0200] {logging_mixin.py:137} INFO - [2023-03-26T22:18:39.814+0200] {dagbag.py:532} INFO - Filling up the DagBag from /home/humbulani/miniconda3/envs/apache-airflow/lib/python3.8/site-packages/airflow/example_dags/example_bash_operator.py
[2023-03-26T22:18:39.839+0200] {processor.py:753} INFO - DAG(s) dict_keys(['example_bash_operator']) retrieved from /home/humbulani/miniconda3/envs/apache-airflow/lib/python3.8/site-packages/airflow/example_dags/example_bash_operator.py
[2023-03-26T22:18:39.870+0200] {logging_mixin.py:137} INFO - [2023-03-26T22:18:39.870+0200] {dag.py:2693} INFO - Sync 1 DAGs
[2023-03-26T22:18:39.888+0200] {logging_mixin.py:137} INFO - [2023-03-26T22:18:39.888+0200] {dag.py:3440} INFO - Setting next_dagrun for example_bash_operator to 2023-03-25T00:00:00+00:00, run_after=2023-03-26T00:00:00+00:00
[2023-03-26T22:18:39.972+0200] {processor.py:175} INFO - Processing /home/humbulani/miniconda3/envs/apache-airflow/lib/python3.8/site-packages/airflow/example_dags/example_bash_operator.py took 0.183 seconds
[2023-03-26T22:19:24.071+0200] {processor.py:153} INFO - Started process (PID=20130) to work on /home/humbulani/miniconda3/envs/apache-airflow/lib/python3.8/site-packages/airflow/example_dags/example_bash_operator.py
[2023-03-26T22:19:24.076+0200] {processor.py:743} INFO - Processing file /home/humbulani/miniconda3/envs/apache-airflow/lib/python3.8/site-packages/airflow/example_dags/example_bash_operator.py for tasks to queue
[2023-03-26T22:19:24.076+0200] {logging_mixin.py:137} INFO - [2023-03-26T22:19:24.076+0200] {dagbag.py:532} INFO - Filling up the DagBag from /home/humbulani/miniconda3/envs/apache-airflow/lib/python3.8/site-packages/airflow/example_dags/example_bash_operator.py
[2023-03-26T22:19:24.098+0200] {processor.py:753} INFO - DAG(s) dict_keys(['example_bash_operator']) retrieved from /home/humbulani/miniconda3/envs/apache-airflow/lib/python3.8/site-packages/airflow/example_dags/example_bash_operator.py
[2023-03-26T22:19:24.125+0200] {logging_mixin.py:137} INFO - [2023-03-26T22:19:24.125+0200] {dag.py:2693} INFO - Sync 1 DAGs
[2023-03-26T22:19:24.145+0200] {logging_mixin.py:137} INFO - [2023-03-26T22:19:24.145+0200] {dag.py:3440} INFO - Setting next_dagrun for example_bash_operator to 2023-03-25T00:00:00+00:00, run_after=2023-03-26T00:00:00+00:00
[2023-03-26T22:19:24.226+0200] {processor.py:175} INFO - Processing /home/humbulani/miniconda3/envs/apache-airflow/lib/python3.8/site-packages/airflow/example_dags/example_bash_operator.py took 0.157 seconds
[2023-03-26T22:20:08.960+0200] {processor.py:153} INFO - Started process (PID=20176) to work on /home/humbulani/miniconda3/envs/apache-airflow/lib/python3.8/site-packages/airflow/example_dags/example_bash_operator.py
[2023-03-26T22:20:08.972+0200] {processor.py:743} INFO - Processing file /home/humbulani/miniconda3/envs/apache-airflow/lib/python3.8/site-packages/airflow/example_dags/example_bash_operator.py for tasks to queue
[2023-03-26T22:20:08.973+0200] {logging_mixin.py:137} INFO - [2023-03-26T22:20:08.973+0200] {dagbag.py:532} INFO - Filling up the DagBag from /home/humbulani/miniconda3/envs/apache-airflow/lib/python3.8/site-packages/airflow/example_dags/example_bash_operator.py
[2023-03-26T22:20:08.992+0200] {processor.py:753} INFO - DAG(s) dict_keys(['example_bash_operator']) retrieved from /home/humbulani/miniconda3/envs/apache-airflow/lib/python3.8/site-packages/airflow/example_dags/example_bash_operator.py
[2023-03-26T22:20:09.019+0200] {logging_mixin.py:137} INFO - [2023-03-26T22:20:09.019+0200] {dag.py:2693} INFO - Sync 1 DAGs
[2023-03-26T22:20:09.038+0200] {logging_mixin.py:137} INFO - [2023-03-26T22:20:09.038+0200] {dag.py:3440} INFO - Setting next_dagrun for example_bash_operator to 2023-03-25T00:00:00+00:00, run_after=2023-03-26T00:00:00+00:00
[2023-03-26T22:20:09.112+0200] {processor.py:175} INFO - Processing /home/humbulani/miniconda3/envs/apache-airflow/lib/python3.8/site-packages/airflow/example_dags/example_bash_operator.py took 0.155 seconds
[2023-03-26T22:20:53.944+0200] {processor.py:153} INFO - Started process (PID=20263) to work on /home/humbulani/miniconda3/envs/apache-airflow/lib/python3.8/site-packages/airflow/example_dags/example_bash_operator.py
[2023-03-26T22:20:53.945+0200] {processor.py:743} INFO - Processing file /home/humbulani/miniconda3/envs/apache-airflow/lib/python3.8/site-packages/airflow/example_dags/example_bash_operator.py for tasks to queue
[2023-03-26T22:20:53.945+0200] {logging_mixin.py:137} INFO - [2023-03-26T22:20:53.945+0200] {dagbag.py:532} INFO - Filling up the DagBag from /home/humbulani/miniconda3/envs/apache-airflow/lib/python3.8/site-packages/airflow/example_dags/example_bash_operator.py
[2023-03-26T22:20:53.965+0200] {processor.py:753} INFO - DAG(s) dict_keys(['example_bash_operator']) retrieved from /home/humbulani/miniconda3/envs/apache-airflow/lib/python3.8/site-packages/airflow/example_dags/example_bash_operator.py
[2023-03-26T22:20:53.995+0200] {logging_mixin.py:137} INFO - [2023-03-26T22:20:53.995+0200] {dag.py:2693} INFO - Sync 1 DAGs
[2023-03-26T22:20:54.016+0200] {logging_mixin.py:137} INFO - [2023-03-26T22:20:54.016+0200] {dag.py:3440} INFO - Setting next_dagrun for example_bash_operator to 2023-03-25T00:00:00+00:00, run_after=2023-03-26T00:00:00+00:00
[2023-03-26T22:20:54.117+0200] {processor.py:175} INFO - Processing /home/humbulani/miniconda3/envs/apache-airflow/lib/python3.8/site-packages/airflow/example_dags/example_bash_operator.py took 0.176 seconds
[2023-03-26T22:21:40.299+0200] {processor.py:153} INFO - Started process (PID=20309) to work on /home/humbulani/miniconda3/envs/apache-airflow/lib/python3.8/site-packages/airflow/example_dags/example_bash_operator.py
[2023-03-26T22:21:40.313+0200] {processor.py:743} INFO - Processing file /home/humbulani/miniconda3/envs/apache-airflow/lib/python3.8/site-packages/airflow/example_dags/example_bash_operator.py for tasks to queue
[2023-03-26T22:21:40.313+0200] {logging_mixin.py:137} INFO - [2023-03-26T22:21:40.313+0200] {dagbag.py:532} INFO - Filling up the DagBag from /home/humbulani/miniconda3/envs/apache-airflow/lib/python3.8/site-packages/airflow/example_dags/example_bash_operator.py
[2023-03-26T22:21:40.339+0200] {processor.py:753} INFO - DAG(s) dict_keys(['example_bash_operator']) retrieved from /home/humbulani/miniconda3/envs/apache-airflow/lib/python3.8/site-packages/airflow/example_dags/example_bash_operator.py
[2023-03-26T22:21:40.369+0200] {logging_mixin.py:137} INFO - [2023-03-26T22:21:40.369+0200] {dag.py:2693} INFO - Sync 1 DAGs
[2023-03-26T22:21:40.387+0200] {logging_mixin.py:137} INFO - [2023-03-26T22:21:40.387+0200] {dag.py:3440} INFO - Setting next_dagrun for example_bash_operator to 2023-03-25T00:00:00+00:00, run_after=2023-03-26T00:00:00+00:00
[2023-03-26T22:21:40.471+0200] {processor.py:175} INFO - Processing /home/humbulani/miniconda3/envs/apache-airflow/lib/python3.8/site-packages/airflow/example_dags/example_bash_operator.py took 0.174 seconds
[2023-03-26T22:22:24.135+0200] {processor.py:153} INFO - Started process (PID=20353) to work on /home/humbulani/miniconda3/envs/apache-airflow/lib/python3.8/site-packages/airflow/example_dags/example_bash_operator.py
[2023-03-26T22:22:24.142+0200] {processor.py:743} INFO - Processing file /home/humbulani/miniconda3/envs/apache-airflow/lib/python3.8/site-packages/airflow/example_dags/example_bash_operator.py for tasks to queue
[2023-03-26T22:22:24.142+0200] {logging_mixin.py:137} INFO - [2023-03-26T22:22:24.142+0200] {dagbag.py:532} INFO - Filling up the DagBag from /home/humbulani/miniconda3/envs/apache-airflow/lib/python3.8/site-packages/airflow/example_dags/example_bash_operator.py
[2023-03-26T22:22:24.166+0200] {processor.py:753} INFO - DAG(s) dict_keys(['example_bash_operator']) retrieved from /home/humbulani/miniconda3/envs/apache-airflow/lib/python3.8/site-packages/airflow/example_dags/example_bash_operator.py
[2023-03-26T22:22:24.194+0200] {logging_mixin.py:137} INFO - [2023-03-26T22:22:24.194+0200] {dag.py:2693} INFO - Sync 1 DAGs
[2023-03-26T22:22:24.212+0200] {logging_mixin.py:137} INFO - [2023-03-26T22:22:24.212+0200] {dag.py:3440} INFO - Setting next_dagrun for example_bash_operator to 2023-03-25T00:00:00+00:00, run_after=2023-03-26T00:00:00+00:00
[2023-03-26T22:22:24.291+0200] {processor.py:175} INFO - Processing /home/humbulani/miniconda3/envs/apache-airflow/lib/python3.8/site-packages/airflow/example_dags/example_bash_operator.py took 0.159 seconds
[2023-03-26T22:23:11.184+0200] {processor.py:153} INFO - Started process (PID=20396) to work on /home/humbulani/miniconda3/envs/apache-airflow/lib/python3.8/site-packages/airflow/example_dags/example_bash_operator.py
[2023-03-26T22:23:11.197+0200] {processor.py:743} INFO - Processing file /home/humbulani/miniconda3/envs/apache-airflow/lib/python3.8/site-packages/airflow/example_dags/example_bash_operator.py for tasks to queue
[2023-03-26T22:23:11.198+0200] {logging_mixin.py:137} INFO - [2023-03-26T22:23:11.198+0200] {dagbag.py:532} INFO - Filling up the DagBag from /home/humbulani/miniconda3/envs/apache-airflow/lib/python3.8/site-packages/airflow/example_dags/example_bash_operator.py
[2023-03-26T22:23:11.217+0200] {processor.py:753} INFO - DAG(s) dict_keys(['example_bash_operator']) retrieved from /home/humbulani/miniconda3/envs/apache-airflow/lib/python3.8/site-packages/airflow/example_dags/example_bash_operator.py
[2023-03-26T22:23:11.245+0200] {logging_mixin.py:137} INFO - [2023-03-26T22:23:11.245+0200] {dag.py:2693} INFO - Sync 1 DAGs
[2023-03-26T22:23:11.266+0200] {logging_mixin.py:137} INFO - [2023-03-26T22:23:11.265+0200] {dag.py:3440} INFO - Setting next_dagrun for example_bash_operator to 2023-03-25T00:00:00+00:00, run_after=2023-03-26T00:00:00+00:00
[2023-03-26T22:23:11.392+0200] {processor.py:175} INFO - Processing /home/humbulani/miniconda3/envs/apache-airflow/lib/python3.8/site-packages/airflow/example_dags/example_bash_operator.py took 0.211 seconds
