[2023-03-26T21:39:30.907+0200] {processor.py:153} INFO - Started process (PID=16648) to work on /home/humbulani/miniconda3/envs/apache-airflow/lib/python3.8/site-packages/airflow/example_dags/example_sensors.py
[2023-03-26T21:39:30.907+0200] {processor.py:743} INFO - Processing file /home/humbulani/miniconda3/envs/apache-airflow/lib/python3.8/site-packages/airflow/example_dags/example_sensors.py for tasks to queue
[2023-03-26T21:39:30.908+0200] {logging_mixin.py:137} INFO - [2023-03-26T21:39:30.908+0200] {dagbag.py:532} INFO - Filling up the DagBag from /home/humbulani/miniconda3/envs/apache-airflow/lib/python3.8/site-packages/airflow/example_dags/example_sensors.py
[2023-03-26T21:39:30.925+0200] {processor.py:753} INFO - DAG(s) dict_keys(['example_sensors']) retrieved from /home/humbulani/miniconda3/envs/apache-airflow/lib/python3.8/site-packages/airflow/example_dags/example_sensors.py
[2023-03-26T21:39:31.190+0200] {logging_mixin.py:137} INFO - [2023-03-26T21:39:31.190+0200] {manager.py:504} INFO - Created Permission View: can edit on DAG:example_sensors
[2023-03-26T21:39:31.249+0200] {logging_mixin.py:137} INFO - [2023-03-26T21:39:31.249+0200] {manager.py:504} INFO - Created Permission View: can read on DAG:example_sensors
[2023-03-26T21:39:31.307+0200] {logging_mixin.py:137} INFO - [2023-03-26T21:39:31.307+0200] {manager.py:504} INFO - Created Permission View: can delete on DAG:example_sensors
[2023-03-26T21:39:31.308+0200] {logging_mixin.py:137} INFO - [2023-03-26T21:39:31.308+0200] {dag.py:2693} INFO - Sync 1 DAGs
[2023-03-26T21:39:31.322+0200] {logging_mixin.py:137} INFO - [2023-03-26T21:39:31.322+0200] {dag.py:2714} INFO - Creating ORM DAG for example_sensors
[2023-03-26T21:39:31.330+0200] {logging_mixin.py:137} INFO - [2023-03-26T21:39:31.329+0200] {dag.py:3440} INFO - Setting next_dagrun for example_sensors to None, run_after=None
[2023-03-26T21:39:31.509+0200] {processor.py:175} INFO - Processing /home/humbulani/miniconda3/envs/apache-airflow/lib/python3.8/site-packages/airflow/example_dags/example_sensors.py took 0.605 seconds
[2023-03-26T21:40:29.714+0200] {processor.py:153} INFO - Started process (PID=16748) to work on /home/humbulani/miniconda3/envs/apache-airflow/lib/python3.8/site-packages/airflow/example_dags/example_sensors.py
[2023-03-26T21:40:29.748+0200] {processor.py:743} INFO - Processing file /home/humbulani/miniconda3/envs/apache-airflow/lib/python3.8/site-packages/airflow/example_dags/example_sensors.py for tasks to queue
[2023-03-26T21:40:29.749+0200] {logging_mixin.py:137} INFO - [2023-03-26T21:40:29.749+0200] {dagbag.py:532} INFO - Filling up the DagBag from /home/humbulani/miniconda3/envs/apache-airflow/lib/python3.8/site-packages/airflow/example_dags/example_sensors.py
[2023-03-26T21:40:29.767+0200] {processor.py:753} INFO - DAG(s) dict_keys(['example_sensors']) retrieved from /home/humbulani/miniconda3/envs/apache-airflow/lib/python3.8/site-packages/airflow/example_dags/example_sensors.py
[2023-03-26T21:40:29.787+0200] {logging_mixin.py:137} INFO - [2023-03-26T21:40:29.787+0200] {dag.py:2693} INFO - Sync 1 DAGs
[2023-03-26T21:40:29.805+0200] {logging_mixin.py:137} INFO - [2023-03-26T21:40:29.804+0200] {dag.py:3440} INFO - Setting next_dagrun for example_sensors to None, run_after=None
[2023-03-26T21:40:29.885+0200] {processor.py:175} INFO - Processing /home/humbulani/miniconda3/envs/apache-airflow/lib/python3.8/site-packages/airflow/example_dags/example_sensors.py took 0.173 seconds
[2023-03-26T21:48:02.971+0200] {processor.py:153} INFO - Started process (PID=16843) to work on /home/humbulani/miniconda3/envs/apache-airflow/lib/python3.8/site-packages/airflow/example_dags/example_sensors.py
[2023-03-26T21:48:02.972+0200] {processor.py:743} INFO - Processing file /home/humbulani/miniconda3/envs/apache-airflow/lib/python3.8/site-packages/airflow/example_dags/example_sensors.py for tasks to queue
[2023-03-26T21:48:02.972+0200] {logging_mixin.py:137} INFO - [2023-03-26T21:48:02.972+0200] {dagbag.py:532} INFO - Filling up the DagBag from /home/humbulani/miniconda3/envs/apache-airflow/lib/python3.8/site-packages/airflow/example_dags/example_sensors.py
[2023-03-26T21:48:02.990+0200] {processor.py:753} INFO - DAG(s) dict_keys(['example_sensors']) retrieved from /home/humbulani/miniconda3/envs/apache-airflow/lib/python3.8/site-packages/airflow/example_dags/example_sensors.py
[2023-03-26T21:48:03.011+0200] {logging_mixin.py:137} INFO - [2023-03-26T21:48:03.011+0200] {dag.py:2693} INFO - Sync 1 DAGs
[2023-03-26T21:48:03.029+0200] {logging_mixin.py:137} INFO - [2023-03-26T21:48:03.029+0200] {dag.py:3440} INFO - Setting next_dagrun for example_sensors to None, run_after=None
[2023-03-26T21:48:03.144+0200] {processor.py:175} INFO - Processing /home/humbulani/miniconda3/envs/apache-airflow/lib/python3.8/site-packages/airflow/example_dags/example_sensors.py took 0.176 seconds
[2023-03-26T21:48:52.583+0200] {processor.py:153} INFO - Started process (PID=16923) to work on /home/humbulani/miniconda3/envs/apache-airflow/lib/python3.8/site-packages/airflow/example_dags/example_sensors.py
[2023-03-26T21:48:52.596+0200] {processor.py:743} INFO - Processing file /home/humbulani/miniconda3/envs/apache-airflow/lib/python3.8/site-packages/airflow/example_dags/example_sensors.py for tasks to queue
[2023-03-26T21:48:52.596+0200] {logging_mixin.py:137} INFO - [2023-03-26T21:48:52.596+0200] {dagbag.py:532} INFO - Filling up the DagBag from /home/humbulani/miniconda3/envs/apache-airflow/lib/python3.8/site-packages/airflow/example_dags/example_sensors.py
[2023-03-26T21:48:52.613+0200] {processor.py:753} INFO - DAG(s) dict_keys(['example_sensors']) retrieved from /home/humbulani/miniconda3/envs/apache-airflow/lib/python3.8/site-packages/airflow/example_dags/example_sensors.py
[2023-03-26T21:48:52.633+0200] {logging_mixin.py:137} INFO - [2023-03-26T21:48:52.633+0200] {dag.py:2693} INFO - Sync 1 DAGs
[2023-03-26T21:48:52.650+0200] {logging_mixin.py:137} INFO - [2023-03-26T21:48:52.650+0200] {dag.py:3440} INFO - Setting next_dagrun for example_sensors to None, run_after=None
[2023-03-26T21:48:52.718+0200] {processor.py:175} INFO - Processing /home/humbulani/miniconda3/envs/apache-airflow/lib/python3.8/site-packages/airflow/example_dags/example_sensors.py took 0.138 seconds
[2023-03-26T21:49:42.291+0200] {processor.py:153} INFO - Started process (PID=16965) to work on /home/humbulani/miniconda3/envs/apache-airflow/lib/python3.8/site-packages/airflow/example_dags/example_sensors.py
[2023-03-26T21:49:42.324+0200] {processor.py:743} INFO - Processing file /home/humbulani/miniconda3/envs/apache-airflow/lib/python3.8/site-packages/airflow/example_dags/example_sensors.py for tasks to queue
[2023-03-26T21:49:42.324+0200] {logging_mixin.py:137} INFO - [2023-03-26T21:49:42.324+0200] {dagbag.py:532} INFO - Filling up the DagBag from /home/humbulani/miniconda3/envs/apache-airflow/lib/python3.8/site-packages/airflow/example_dags/example_sensors.py
[2023-03-26T21:49:42.342+0200] {processor.py:753} INFO - DAG(s) dict_keys(['example_sensors']) retrieved from /home/humbulani/miniconda3/envs/apache-airflow/lib/python3.8/site-packages/airflow/example_dags/example_sensors.py
[2023-03-26T21:49:42.364+0200] {logging_mixin.py:137} INFO - [2023-03-26T21:49:42.364+0200] {dag.py:2693} INFO - Sync 1 DAGs
[2023-03-26T21:49:42.382+0200] {logging_mixin.py:137} INFO - [2023-03-26T21:49:42.381+0200] {dag.py:3440} INFO - Setting next_dagrun for example_sensors to None, run_after=None
[2023-03-26T21:49:42.447+0200] {processor.py:175} INFO - Processing /home/humbulani/miniconda3/envs/apache-airflow/lib/python3.8/site-packages/airflow/example_dags/example_sensors.py took 0.159 seconds
[2023-03-26T21:50:25.595+0200] {processor.py:153} INFO - Started process (PID=17010) to work on /home/humbulani/miniconda3/envs/apache-airflow/lib/python3.8/site-packages/airflow/example_dags/example_sensors.py
[2023-03-26T21:50:25.596+0200] {processor.py:743} INFO - Processing file /home/humbulani/miniconda3/envs/apache-airflow/lib/python3.8/site-packages/airflow/example_dags/example_sensors.py for tasks to queue
[2023-03-26T21:50:25.597+0200] {logging_mixin.py:137} INFO - [2023-03-26T21:50:25.597+0200] {dagbag.py:532} INFO - Filling up the DagBag from /home/humbulani/miniconda3/envs/apache-airflow/lib/python3.8/site-packages/airflow/example_dags/example_sensors.py
[2023-03-26T21:50:25.618+0200] {processor.py:753} INFO - DAG(s) dict_keys(['example_sensors']) retrieved from /home/humbulani/miniconda3/envs/apache-airflow/lib/python3.8/site-packages/airflow/example_dags/example_sensors.py
[2023-03-26T21:50:25.638+0200] {logging_mixin.py:137} INFO - [2023-03-26T21:50:25.638+0200] {dag.py:2693} INFO - Sync 1 DAGs
[2023-03-26T21:50:25.655+0200] {logging_mixin.py:137} INFO - [2023-03-26T21:50:25.655+0200] {dag.py:3440} INFO - Setting next_dagrun for example_sensors to None, run_after=None
[2023-03-26T21:50:25.752+0200] {processor.py:175} INFO - Processing /home/humbulani/miniconda3/envs/apache-airflow/lib/python3.8/site-packages/airflow/example_dags/example_sensors.py took 0.160 seconds
[2023-03-26T21:51:11.801+0200] {processor.py:153} INFO - Started process (PID=17126) to work on /home/humbulani/miniconda3/envs/apache-airflow/lib/python3.8/site-packages/airflow/example_dags/example_sensors.py
[2023-03-26T21:51:11.859+0200] {processor.py:743} INFO - Processing file /home/humbulani/miniconda3/envs/apache-airflow/lib/python3.8/site-packages/airflow/example_dags/example_sensors.py for tasks to queue
[2023-03-26T21:51:11.860+0200] {logging_mixin.py:137} INFO - [2023-03-26T21:51:11.859+0200] {dagbag.py:532} INFO - Filling up the DagBag from /home/humbulani/miniconda3/envs/apache-airflow/lib/python3.8/site-packages/airflow/example_dags/example_sensors.py
[2023-03-26T21:51:11.877+0200] {processor.py:753} INFO - DAG(s) dict_keys(['example_sensors']) retrieved from /home/humbulani/miniconda3/envs/apache-airflow/lib/python3.8/site-packages/airflow/example_dags/example_sensors.py
[2023-03-26T21:51:11.898+0200] {logging_mixin.py:137} INFO - [2023-03-26T21:51:11.897+0200] {dag.py:2693} INFO - Sync 1 DAGs
[2023-03-26T21:51:11.915+0200] {logging_mixin.py:137} INFO - [2023-03-26T21:51:11.915+0200] {dag.py:3440} INFO - Setting next_dagrun for example_sensors to None, run_after=None
[2023-03-26T21:51:11.985+0200] {processor.py:175} INFO - Processing /home/humbulani/miniconda3/envs/apache-airflow/lib/python3.8/site-packages/airflow/example_dags/example_sensors.py took 0.186 seconds
[2023-03-26T21:51:56.872+0200] {processor.py:153} INFO - Started process (PID=17169) to work on /home/humbulani/miniconda3/envs/apache-airflow/lib/python3.8/site-packages/airflow/example_dags/example_sensors.py
[2023-03-26T21:51:56.895+0200] {processor.py:743} INFO - Processing file /home/humbulani/miniconda3/envs/apache-airflow/lib/python3.8/site-packages/airflow/example_dags/example_sensors.py for tasks to queue
[2023-03-26T21:51:56.896+0200] {logging_mixin.py:137} INFO - [2023-03-26T21:51:56.896+0200] {dagbag.py:532} INFO - Filling up the DagBag from /home/humbulani/miniconda3/envs/apache-airflow/lib/python3.8/site-packages/airflow/example_dags/example_sensors.py
[2023-03-26T21:51:56.912+0200] {processor.py:753} INFO - DAG(s) dict_keys(['example_sensors']) retrieved from /home/humbulani/miniconda3/envs/apache-airflow/lib/python3.8/site-packages/airflow/example_dags/example_sensors.py
[2023-03-26T21:51:56.934+0200] {logging_mixin.py:137} INFO - [2023-03-26T21:51:56.934+0200] {dag.py:2693} INFO - Sync 1 DAGs
[2023-03-26T21:51:56.951+0200] {logging_mixin.py:137} INFO - [2023-03-26T21:51:56.950+0200] {dag.py:3440} INFO - Setting next_dagrun for example_sensors to None, run_after=None
[2023-03-26T21:51:57.099+0200] {processor.py:175} INFO - Processing /home/humbulani/miniconda3/envs/apache-airflow/lib/python3.8/site-packages/airflow/example_dags/example_sensors.py took 0.230 seconds
[2023-03-26T21:52:44.769+0200] {processor.py:153} INFO - Started process (PID=17212) to work on /home/humbulani/miniconda3/envs/apache-airflow/lib/python3.8/site-packages/airflow/example_dags/example_sensors.py
[2023-03-26T21:52:44.770+0200] {processor.py:743} INFO - Processing file /home/humbulani/miniconda3/envs/apache-airflow/lib/python3.8/site-packages/airflow/example_dags/example_sensors.py for tasks to queue
[2023-03-26T21:52:44.770+0200] {logging_mixin.py:137} INFO - [2023-03-26T21:52:44.770+0200] {dagbag.py:532} INFO - Filling up the DagBag from /home/humbulani/miniconda3/envs/apache-airflow/lib/python3.8/site-packages/airflow/example_dags/example_sensors.py
[2023-03-26T21:52:44.787+0200] {processor.py:753} INFO - DAG(s) dict_keys(['example_sensors']) retrieved from /home/humbulani/miniconda3/envs/apache-airflow/lib/python3.8/site-packages/airflow/example_dags/example_sensors.py
[2023-03-26T21:52:44.808+0200] {logging_mixin.py:137} INFO - [2023-03-26T21:52:44.808+0200] {dag.py:2693} INFO - Sync 1 DAGs
[2023-03-26T21:52:44.909+0200] {logging_mixin.py:137} INFO - [2023-03-26T21:52:44.909+0200] {dag.py:3440} INFO - Setting next_dagrun for example_sensors to None, run_after=None
[2023-03-26T21:52:45.007+0200] {processor.py:175} INFO - Processing /home/humbulani/miniconda3/envs/apache-airflow/lib/python3.8/site-packages/airflow/example_dags/example_sensors.py took 0.240 seconds
[2023-03-26T21:53:34.708+0200] {processor.py:153} INFO - Started process (PID=17267) to work on /home/humbulani/miniconda3/envs/apache-airflow/lib/python3.8/site-packages/airflow/example_dags/example_sensors.py
[2023-03-26T21:53:34.727+0200] {processor.py:743} INFO - Processing file /home/humbulani/miniconda3/envs/apache-airflow/lib/python3.8/site-packages/airflow/example_dags/example_sensors.py for tasks to queue
[2023-03-26T21:53:34.728+0200] {logging_mixin.py:137} INFO - [2023-03-26T21:53:34.728+0200] {dagbag.py:532} INFO - Filling up the DagBag from /home/humbulani/miniconda3/envs/apache-airflow/lib/python3.8/site-packages/airflow/example_dags/example_sensors.py
[2023-03-26T21:53:34.750+0200] {processor.py:753} INFO - DAG(s) dict_keys(['example_sensors']) retrieved from /home/humbulani/miniconda3/envs/apache-airflow/lib/python3.8/site-packages/airflow/example_dags/example_sensors.py
[2023-03-26T21:53:34.774+0200] {logging_mixin.py:137} INFO - [2023-03-26T21:53:34.774+0200] {dag.py:2693} INFO - Sync 1 DAGs
[2023-03-26T21:53:34.869+0200] {logging_mixin.py:137} INFO - [2023-03-26T21:53:34.869+0200] {dag.py:3440} INFO - Setting next_dagrun for example_sensors to None, run_after=None
[2023-03-26T21:53:34.943+0200] {processor.py:175} INFO - Processing /home/humbulani/miniconda3/envs/apache-airflow/lib/python3.8/site-packages/airflow/example_dags/example_sensors.py took 0.238 seconds
[2023-03-26T21:54:24.364+0200] {processor.py:153} INFO - Started process (PID=17314) to work on /home/humbulani/miniconda3/envs/apache-airflow/lib/python3.8/site-packages/airflow/example_dags/example_sensors.py
[2023-03-26T21:54:24.397+0200] {processor.py:743} INFO - Processing file /home/humbulani/miniconda3/envs/apache-airflow/lib/python3.8/site-packages/airflow/example_dags/example_sensors.py for tasks to queue
[2023-03-26T21:54:24.398+0200] {logging_mixin.py:137} INFO - [2023-03-26T21:54:24.398+0200] {dagbag.py:532} INFO - Filling up the DagBag from /home/humbulani/miniconda3/envs/apache-airflow/lib/python3.8/site-packages/airflow/example_dags/example_sensors.py
[2023-03-26T21:54:24.420+0200] {processor.py:753} INFO - DAG(s) dict_keys(['example_sensors']) retrieved from /home/humbulani/miniconda3/envs/apache-airflow/lib/python3.8/site-packages/airflow/example_dags/example_sensors.py
[2023-03-26T21:54:24.523+0200] {logging_mixin.py:137} INFO - [2023-03-26T21:54:24.523+0200] {dag.py:2693} INFO - Sync 1 DAGs
[2023-03-26T21:54:24.538+0200] {logging_mixin.py:137} INFO - [2023-03-26T21:54:24.538+0200] {dag.py:3440} INFO - Setting next_dagrun for example_sensors to None, run_after=None
[2023-03-26T21:54:24.615+0200] {processor.py:175} INFO - Processing /home/humbulani/miniconda3/envs/apache-airflow/lib/python3.8/site-packages/airflow/example_dags/example_sensors.py took 0.254 seconds
[2023-03-26T21:55:13.420+0200] {processor.py:153} INFO - Started process (PID=17358) to work on /home/humbulani/miniconda3/envs/apache-airflow/lib/python3.8/site-packages/airflow/example_dags/example_sensors.py
[2023-03-26T21:55:13.450+0200] {processor.py:743} INFO - Processing file /home/humbulani/miniconda3/envs/apache-airflow/lib/python3.8/site-packages/airflow/example_dags/example_sensors.py for tasks to queue
[2023-03-26T21:55:13.451+0200] {logging_mixin.py:137} INFO - [2023-03-26T21:55:13.451+0200] {dagbag.py:532} INFO - Filling up the DagBag from /home/humbulani/miniconda3/envs/apache-airflow/lib/python3.8/site-packages/airflow/example_dags/example_sensors.py
[2023-03-26T21:55:13.564+0200] {processor.py:753} INFO - DAG(s) dict_keys(['example_sensors']) retrieved from /home/humbulani/miniconda3/envs/apache-airflow/lib/python3.8/site-packages/airflow/example_dags/example_sensors.py
[2023-03-26T21:55:13.588+0200] {logging_mixin.py:137} INFO - [2023-03-26T21:55:13.588+0200] {dag.py:2693} INFO - Sync 1 DAGs
[2023-03-26T21:55:13.608+0200] {logging_mixin.py:137} INFO - [2023-03-26T21:55:13.608+0200] {dag.py:3440} INFO - Setting next_dagrun for example_sensors to None, run_after=None
[2023-03-26T21:55:13.677+0200] {processor.py:175} INFO - Processing /home/humbulani/miniconda3/envs/apache-airflow/lib/python3.8/site-packages/airflow/example_dags/example_sensors.py took 0.260 seconds
[2023-03-26T21:56:04.094+0200] {processor.py:153} INFO - Started process (PID=17460) to work on /home/humbulani/miniconda3/envs/apache-airflow/lib/python3.8/site-packages/airflow/example_dags/example_sensors.py
[2023-03-26T21:56:04.094+0200] {processor.py:743} INFO - Processing file /home/humbulani/miniconda3/envs/apache-airflow/lib/python3.8/site-packages/airflow/example_dags/example_sensors.py for tasks to queue
[2023-03-26T21:56:04.095+0200] {logging_mixin.py:137} INFO - [2023-03-26T21:56:04.095+0200] {dagbag.py:532} INFO - Filling up the DagBag from /home/humbulani/miniconda3/envs/apache-airflow/lib/python3.8/site-packages/airflow/example_dags/example_sensors.py
[2023-03-26T21:56:04.194+0200] {processor.py:753} INFO - DAG(s) dict_keys(['example_sensors']) retrieved from /home/humbulani/miniconda3/envs/apache-airflow/lib/python3.8/site-packages/airflow/example_dags/example_sensors.py
[2023-03-26T21:56:04.212+0200] {logging_mixin.py:137} INFO - [2023-03-26T21:56:04.212+0200] {dag.py:2693} INFO - Sync 1 DAGs
[2023-03-26T21:56:04.228+0200] {logging_mixin.py:137} INFO - [2023-03-26T21:56:04.228+0200] {dag.py:3440} INFO - Setting next_dagrun for example_sensors to None, run_after=None
[2023-03-26T21:56:04.320+0200] {processor.py:175} INFO - Processing /home/humbulani/miniconda3/envs/apache-airflow/lib/python3.8/site-packages/airflow/example_dags/example_sensors.py took 0.229 seconds
[2023-03-26T21:56:49.241+0200] {processor.py:153} INFO - Started process (PID=17502) to work on /home/humbulani/miniconda3/envs/apache-airflow/lib/python3.8/site-packages/airflow/example_dags/example_sensors.py
[2023-03-26T21:56:49.273+0200] {processor.py:743} INFO - Processing file /home/humbulani/miniconda3/envs/apache-airflow/lib/python3.8/site-packages/airflow/example_dags/example_sensors.py for tasks to queue
[2023-03-26T21:56:49.273+0200] {logging_mixin.py:137} INFO - [2023-03-26T21:56:49.273+0200] {dagbag.py:532} INFO - Filling up the DagBag from /home/humbulani/miniconda3/envs/apache-airflow/lib/python3.8/site-packages/airflow/example_dags/example_sensors.py
[2023-03-26T21:56:49.290+0200] {processor.py:753} INFO - DAG(s) dict_keys(['example_sensors']) retrieved from /home/humbulani/miniconda3/envs/apache-airflow/lib/python3.8/site-packages/airflow/example_dags/example_sensors.py
[2023-03-26T21:56:49.311+0200] {logging_mixin.py:137} INFO - [2023-03-26T21:56:49.310+0200] {dag.py:2693} INFO - Sync 1 DAGs
[2023-03-26T21:56:49.328+0200] {logging_mixin.py:137} INFO - [2023-03-26T21:56:49.328+0200] {dag.py:3440} INFO - Setting next_dagrun for example_sensors to None, run_after=None
[2023-03-26T21:56:49.398+0200] {processor.py:175} INFO - Processing /home/humbulani/miniconda3/envs/apache-airflow/lib/python3.8/site-packages/airflow/example_dags/example_sensors.py took 0.160 seconds
[2023-03-26T21:57:32.872+0200] {processor.py:153} INFO - Started process (PID=17613) to work on /home/humbulani/miniconda3/envs/apache-airflow/lib/python3.8/site-packages/airflow/example_dags/example_sensors.py
[2023-03-26T21:57:32.884+0200] {processor.py:743} INFO - Processing file /home/humbulani/miniconda3/envs/apache-airflow/lib/python3.8/site-packages/airflow/example_dags/example_sensors.py for tasks to queue
[2023-03-26T21:57:32.885+0200] {logging_mixin.py:137} INFO - [2023-03-26T21:57:32.885+0200] {dagbag.py:532} INFO - Filling up the DagBag from /home/humbulani/miniconda3/envs/apache-airflow/lib/python3.8/site-packages/airflow/example_dags/example_sensors.py
[2023-03-26T21:57:32.906+0200] {processor.py:753} INFO - DAG(s) dict_keys(['example_sensors']) retrieved from /home/humbulani/miniconda3/envs/apache-airflow/lib/python3.8/site-packages/airflow/example_dags/example_sensors.py
[2023-03-26T21:57:32.929+0200] {logging_mixin.py:137} INFO - [2023-03-26T21:57:32.929+0200] {dag.py:2693} INFO - Sync 1 DAGs
[2023-03-26T21:57:32.946+0200] {logging_mixin.py:137} INFO - [2023-03-26T21:57:32.945+0200] {dag.py:3440} INFO - Setting next_dagrun for example_sensors to None, run_after=None
[2023-03-26T21:57:33.020+0200] {processor.py:175} INFO - Processing /home/humbulani/miniconda3/envs/apache-airflow/lib/python3.8/site-packages/airflow/example_dags/example_sensors.py took 0.152 seconds
[2023-03-26T21:58:19.333+0200] {processor.py:153} INFO - Started process (PID=17855) to work on /home/humbulani/miniconda3/envs/apache-airflow/lib/python3.8/site-packages/airflow/example_dags/example_sensors.py
[2023-03-26T21:58:19.339+0200] {processor.py:743} INFO - Processing file /home/humbulani/miniconda3/envs/apache-airflow/lib/python3.8/site-packages/airflow/example_dags/example_sensors.py for tasks to queue
[2023-03-26T21:58:19.340+0200] {logging_mixin.py:137} INFO - [2023-03-26T21:58:19.340+0200] {dagbag.py:532} INFO - Filling up the DagBag from /home/humbulani/miniconda3/envs/apache-airflow/lib/python3.8/site-packages/airflow/example_dags/example_sensors.py
[2023-03-26T21:58:19.359+0200] {processor.py:753} INFO - DAG(s) dict_keys(['example_sensors']) retrieved from /home/humbulani/miniconda3/envs/apache-airflow/lib/python3.8/site-packages/airflow/example_dags/example_sensors.py
[2023-03-26T21:58:19.379+0200] {logging_mixin.py:137} INFO - [2023-03-26T21:58:19.379+0200] {dag.py:2693} INFO - Sync 1 DAGs
[2023-03-26T21:58:19.405+0200] {logging_mixin.py:137} INFO - [2023-03-26T21:58:19.405+0200] {dag.py:3440} INFO - Setting next_dagrun for example_sensors to None, run_after=None
[2023-03-26T21:58:19.480+0200] {processor.py:175} INFO - Processing /home/humbulani/miniconda3/envs/apache-airflow/lib/python3.8/site-packages/airflow/example_dags/example_sensors.py took 0.150 seconds
[2023-03-26T21:59:05.493+0200] {processor.py:153} INFO - Started process (PID=17913) to work on /home/humbulani/miniconda3/envs/apache-airflow/lib/python3.8/site-packages/airflow/example_dags/example_sensors.py
[2023-03-26T21:59:05.494+0200] {processor.py:743} INFO - Processing file /home/humbulani/miniconda3/envs/apache-airflow/lib/python3.8/site-packages/airflow/example_dags/example_sensors.py for tasks to queue
[2023-03-26T21:59:05.495+0200] {logging_mixin.py:137} INFO - [2023-03-26T21:59:05.494+0200] {dagbag.py:532} INFO - Filling up the DagBag from /home/humbulani/miniconda3/envs/apache-airflow/lib/python3.8/site-packages/airflow/example_dags/example_sensors.py
[2023-03-26T21:59:05.513+0200] {processor.py:753} INFO - DAG(s) dict_keys(['example_sensors']) retrieved from /home/humbulani/miniconda3/envs/apache-airflow/lib/python3.8/site-packages/airflow/example_dags/example_sensors.py
[2023-03-26T21:59:05.534+0200] {logging_mixin.py:137} INFO - [2023-03-26T21:59:05.534+0200] {dag.py:2693} INFO - Sync 1 DAGs
[2023-03-26T21:59:05.551+0200] {logging_mixin.py:137} INFO - [2023-03-26T21:59:05.551+0200] {dag.py:3440} INFO - Setting next_dagrun for example_sensors to None, run_after=None
[2023-03-26T21:59:05.667+0200] {processor.py:175} INFO - Processing /home/humbulani/miniconda3/envs/apache-airflow/lib/python3.8/site-packages/airflow/example_dags/example_sensors.py took 0.177 seconds
[2023-03-26T21:59:53.832+0200] {processor.py:153} INFO - Started process (PID=18130) to work on /home/humbulani/miniconda3/envs/apache-airflow/lib/python3.8/site-packages/airflow/example_dags/example_sensors.py
[2023-03-26T21:59:53.846+0200] {processor.py:743} INFO - Processing file /home/humbulani/miniconda3/envs/apache-airflow/lib/python3.8/site-packages/airflow/example_dags/example_sensors.py for tasks to queue
[2023-03-26T21:59:53.847+0200] {logging_mixin.py:137} INFO - [2023-03-26T21:59:53.847+0200] {dagbag.py:532} INFO - Filling up the DagBag from /home/humbulani/miniconda3/envs/apache-airflow/lib/python3.8/site-packages/airflow/example_dags/example_sensors.py
[2023-03-26T21:59:53.864+0200] {processor.py:753} INFO - DAG(s) dict_keys(['example_sensors']) retrieved from /home/humbulani/miniconda3/envs/apache-airflow/lib/python3.8/site-packages/airflow/example_dags/example_sensors.py
[2023-03-26T21:59:53.884+0200] {logging_mixin.py:137} INFO - [2023-03-26T21:59:53.884+0200] {dag.py:2693} INFO - Sync 1 DAGs
[2023-03-26T21:59:53.902+0200] {logging_mixin.py:137} INFO - [2023-03-26T21:59:53.901+0200] {dag.py:3440} INFO - Setting next_dagrun for example_sensors to None, run_after=None
[2023-03-26T21:59:53.978+0200] {processor.py:175} INFO - Processing /home/humbulani/miniconda3/envs/apache-airflow/lib/python3.8/site-packages/airflow/example_dags/example_sensors.py took 0.148 seconds
[2023-03-26T22:00:39.967+0200] {processor.py:153} INFO - Started process (PID=18209) to work on /home/humbulani/miniconda3/envs/apache-airflow/lib/python3.8/site-packages/airflow/example_dags/example_sensors.py
[2023-03-26T22:00:39.978+0200] {processor.py:743} INFO - Processing file /home/humbulani/miniconda3/envs/apache-airflow/lib/python3.8/site-packages/airflow/example_dags/example_sensors.py for tasks to queue
[2023-03-26T22:00:39.979+0200] {logging_mixin.py:137} INFO - [2023-03-26T22:00:39.979+0200] {dagbag.py:532} INFO - Filling up the DagBag from /home/humbulani/miniconda3/envs/apache-airflow/lib/python3.8/site-packages/airflow/example_dags/example_sensors.py
[2023-03-26T22:00:39.999+0200] {processor.py:753} INFO - DAG(s) dict_keys(['example_sensors']) retrieved from /home/humbulani/miniconda3/envs/apache-airflow/lib/python3.8/site-packages/airflow/example_dags/example_sensors.py
[2023-03-26T22:00:40.022+0200] {logging_mixin.py:137} INFO - [2023-03-26T22:00:40.022+0200] {dag.py:2693} INFO - Sync 1 DAGs
[2023-03-26T22:00:40.042+0200] {logging_mixin.py:137} INFO - [2023-03-26T22:00:40.042+0200] {dag.py:3440} INFO - Setting next_dagrun for example_sensors to None, run_after=None
[2023-03-26T22:00:40.123+0200] {processor.py:175} INFO - Processing /home/humbulani/miniconda3/envs/apache-airflow/lib/python3.8/site-packages/airflow/example_dags/example_sensors.py took 0.160 seconds
[2023-03-26T22:01:25.280+0200] {processor.py:153} INFO - Started process (PID=18276) to work on /home/humbulani/miniconda3/envs/apache-airflow/lib/python3.8/site-packages/airflow/example_dags/example_sensors.py
[2023-03-26T22:01:25.289+0200] {processor.py:743} INFO - Processing file /home/humbulani/miniconda3/envs/apache-airflow/lib/python3.8/site-packages/airflow/example_dags/example_sensors.py for tasks to queue
[2023-03-26T22:01:25.290+0200] {logging_mixin.py:137} INFO - [2023-03-26T22:01:25.290+0200] {dagbag.py:532} INFO - Filling up the DagBag from /home/humbulani/miniconda3/envs/apache-airflow/lib/python3.8/site-packages/airflow/example_dags/example_sensors.py
[2023-03-26T22:01:25.313+0200] {processor.py:753} INFO - DAG(s) dict_keys(['example_sensors']) retrieved from /home/humbulani/miniconda3/envs/apache-airflow/lib/python3.8/site-packages/airflow/example_dags/example_sensors.py
[2023-03-26T22:01:25.334+0200] {logging_mixin.py:137} INFO - [2023-03-26T22:01:25.334+0200] {dag.py:2693} INFO - Sync 1 DAGs
[2023-03-26T22:01:25.352+0200] {logging_mixin.py:137} INFO - [2023-03-26T22:01:25.352+0200] {dag.py:3440} INFO - Setting next_dagrun for example_sensors to None, run_after=None
[2023-03-26T22:01:25.435+0200] {processor.py:175} INFO - Processing /home/humbulani/miniconda3/envs/apache-airflow/lib/python3.8/site-packages/airflow/example_dags/example_sensors.py took 0.158 seconds
[2023-03-26T22:02:14.491+0200] {processor.py:153} INFO - Started process (PID=18522) to work on /home/humbulani/miniconda3/envs/apache-airflow/lib/python3.8/site-packages/airflow/example_dags/example_sensors.py
[2023-03-26T22:02:14.505+0200] {processor.py:743} INFO - Processing file /home/humbulani/miniconda3/envs/apache-airflow/lib/python3.8/site-packages/airflow/example_dags/example_sensors.py for tasks to queue
[2023-03-26T22:02:14.506+0200] {logging_mixin.py:137} INFO - [2023-03-26T22:02:14.506+0200] {dagbag.py:532} INFO - Filling up the DagBag from /home/humbulani/miniconda3/envs/apache-airflow/lib/python3.8/site-packages/airflow/example_dags/example_sensors.py
[2023-03-26T22:02:14.523+0200] {processor.py:753} INFO - DAG(s) dict_keys(['example_sensors']) retrieved from /home/humbulani/miniconda3/envs/apache-airflow/lib/python3.8/site-packages/airflow/example_dags/example_sensors.py
[2023-03-26T22:02:14.544+0200] {logging_mixin.py:137} INFO - [2023-03-26T22:02:14.543+0200] {dag.py:2693} INFO - Sync 1 DAGs
[2023-03-26T22:02:14.560+0200] {logging_mixin.py:137} INFO - [2023-03-26T22:02:14.560+0200] {dag.py:3440} INFO - Setting next_dagrun for example_sensors to None, run_after=None
[2023-03-26T22:02:14.639+0200] {processor.py:175} INFO - Processing /home/humbulani/miniconda3/envs/apache-airflow/lib/python3.8/site-packages/airflow/example_dags/example_sensors.py took 0.150 seconds
[2023-03-26T22:03:01.068+0200] {processor.py:153} INFO - Started process (PID=18578) to work on /home/humbulani/miniconda3/envs/apache-airflow/lib/python3.8/site-packages/airflow/example_dags/example_sensors.py
[2023-03-26T22:03:01.100+0200] {processor.py:743} INFO - Processing file /home/humbulani/miniconda3/envs/apache-airflow/lib/python3.8/site-packages/airflow/example_dags/example_sensors.py for tasks to queue
[2023-03-26T22:03:01.101+0200] {logging_mixin.py:137} INFO - [2023-03-26T22:03:01.101+0200] {dagbag.py:532} INFO - Filling up the DagBag from /home/humbulani/miniconda3/envs/apache-airflow/lib/python3.8/site-packages/airflow/example_dags/example_sensors.py
[2023-03-26T22:03:01.121+0200] {processor.py:753} INFO - DAG(s) dict_keys(['example_sensors']) retrieved from /home/humbulani/miniconda3/envs/apache-airflow/lib/python3.8/site-packages/airflow/example_dags/example_sensors.py
[2023-03-26T22:03:01.149+0200] {logging_mixin.py:137} INFO - [2023-03-26T22:03:01.149+0200] {dag.py:2693} INFO - Sync 1 DAGs
[2023-03-26T22:03:01.168+0200] {logging_mixin.py:137} INFO - [2023-03-26T22:03:01.168+0200] {dag.py:3440} INFO - Setting next_dagrun for example_sensors to None, run_after=None
[2023-03-26T22:03:01.260+0200] {processor.py:175} INFO - Processing /home/humbulani/miniconda3/envs/apache-airflow/lib/python3.8/site-packages/airflow/example_dags/example_sensors.py took 0.195 seconds
[2023-03-26T22:03:45.080+0200] {processor.py:153} INFO - Started process (PID=18640) to work on /home/humbulani/miniconda3/envs/apache-airflow/lib/python3.8/site-packages/airflow/example_dags/example_sensors.py
[2023-03-26T22:03:45.137+0200] {processor.py:743} INFO - Processing file /home/humbulani/miniconda3/envs/apache-airflow/lib/python3.8/site-packages/airflow/example_dags/example_sensors.py for tasks to queue
[2023-03-26T22:03:45.138+0200] {logging_mixin.py:137} INFO - [2023-03-26T22:03:45.138+0200] {dagbag.py:532} INFO - Filling up the DagBag from /home/humbulani/miniconda3/envs/apache-airflow/lib/python3.8/site-packages/airflow/example_dags/example_sensors.py
[2023-03-26T22:03:45.157+0200] {processor.py:753} INFO - DAG(s) dict_keys(['example_sensors']) retrieved from /home/humbulani/miniconda3/envs/apache-airflow/lib/python3.8/site-packages/airflow/example_dags/example_sensors.py
[2023-03-26T22:03:45.178+0200] {logging_mixin.py:137} INFO - [2023-03-26T22:03:45.178+0200] {dag.py:2693} INFO - Sync 1 DAGs
[2023-03-26T22:03:45.197+0200] {logging_mixin.py:137} INFO - [2023-03-26T22:03:45.196+0200] {dag.py:3440} INFO - Setting next_dagrun for example_sensors to None, run_after=None
[2023-03-26T22:03:45.269+0200] {processor.py:175} INFO - Processing /home/humbulani/miniconda3/envs/apache-airflow/lib/python3.8/site-packages/airflow/example_dags/example_sensors.py took 0.192 seconds
[2023-03-26T22:04:30.153+0200] {processor.py:153} INFO - Started process (PID=18702) to work on /home/humbulani/miniconda3/envs/apache-airflow/lib/python3.8/site-packages/airflow/example_dags/example_sensors.py
[2023-03-26T22:04:30.154+0200] {processor.py:743} INFO - Processing file /home/humbulani/miniconda3/envs/apache-airflow/lib/python3.8/site-packages/airflow/example_dags/example_sensors.py for tasks to queue
[2023-03-26T22:04:30.154+0200] {logging_mixin.py:137} INFO - [2023-03-26T22:04:30.154+0200] {dagbag.py:532} INFO - Filling up the DagBag from /home/humbulani/miniconda3/envs/apache-airflow/lib/python3.8/site-packages/airflow/example_dags/example_sensors.py
[2023-03-26T22:04:30.171+0200] {processor.py:753} INFO - DAG(s) dict_keys(['example_sensors']) retrieved from /home/humbulani/miniconda3/envs/apache-airflow/lib/python3.8/site-packages/airflow/example_dags/example_sensors.py
[2023-03-26T22:04:30.192+0200] {logging_mixin.py:137} INFO - [2023-03-26T22:04:30.192+0200] {dag.py:2693} INFO - Sync 1 DAGs
[2023-03-26T22:04:30.210+0200] {logging_mixin.py:137} INFO - [2023-03-26T22:04:30.210+0200] {dag.py:3440} INFO - Setting next_dagrun for example_sensors to None, run_after=None
[2023-03-26T22:04:30.395+0200] {processor.py:175} INFO - Processing /home/humbulani/miniconda3/envs/apache-airflow/lib/python3.8/site-packages/airflow/example_dags/example_sensors.py took 0.245 seconds
[2023-03-26T22:05:16.159+0200] {processor.py:153} INFO - Started process (PID=18753) to work on /home/humbulani/miniconda3/envs/apache-airflow/lib/python3.8/site-packages/airflow/example_dags/example_sensors.py
[2023-03-26T22:05:16.175+0200] {processor.py:743} INFO - Processing file /home/humbulani/miniconda3/envs/apache-airflow/lib/python3.8/site-packages/airflow/example_dags/example_sensors.py for tasks to queue
[2023-03-26T22:05:16.176+0200] {logging_mixin.py:137} INFO - [2023-03-26T22:05:16.176+0200] {dagbag.py:532} INFO - Filling up the DagBag from /home/humbulani/miniconda3/envs/apache-airflow/lib/python3.8/site-packages/airflow/example_dags/example_sensors.py
[2023-03-26T22:05:16.194+0200] {processor.py:753} INFO - DAG(s) dict_keys(['example_sensors']) retrieved from /home/humbulani/miniconda3/envs/apache-airflow/lib/python3.8/site-packages/airflow/example_dags/example_sensors.py
[2023-03-26T22:05:16.215+0200] {logging_mixin.py:137} INFO - [2023-03-26T22:05:16.215+0200] {dag.py:2693} INFO - Sync 1 DAGs
[2023-03-26T22:05:16.232+0200] {logging_mixin.py:137} INFO - [2023-03-26T22:05:16.232+0200] {dag.py:3440} INFO - Setting next_dagrun for example_sensors to None, run_after=None
[2023-03-26T22:05:16.311+0200] {processor.py:175} INFO - Processing /home/humbulani/miniconda3/envs/apache-airflow/lib/python3.8/site-packages/airflow/example_dags/example_sensors.py took 0.154 seconds
[2023-03-26T22:05:58.995+0200] {processor.py:153} INFO - Started process (PID=18804) to work on /home/humbulani/miniconda3/envs/apache-airflow/lib/python3.8/site-packages/airflow/example_dags/example_sensors.py
[2023-03-26T22:05:59.003+0200] {processor.py:743} INFO - Processing file /home/humbulani/miniconda3/envs/apache-airflow/lib/python3.8/site-packages/airflow/example_dags/example_sensors.py for tasks to queue
[2023-03-26T22:05:59.004+0200] {logging_mixin.py:137} INFO - [2023-03-26T22:05:59.004+0200] {dagbag.py:532} INFO - Filling up the DagBag from /home/humbulani/miniconda3/envs/apache-airflow/lib/python3.8/site-packages/airflow/example_dags/example_sensors.py
[2023-03-26T22:05:59.021+0200] {processor.py:753} INFO - DAG(s) dict_keys(['example_sensors']) retrieved from /home/humbulani/miniconda3/envs/apache-airflow/lib/python3.8/site-packages/airflow/example_dags/example_sensors.py
[2023-03-26T22:05:59.043+0200] {logging_mixin.py:137} INFO - [2023-03-26T22:05:59.043+0200] {dag.py:2693} INFO - Sync 1 DAGs
[2023-03-26T22:05:59.061+0200] {logging_mixin.py:137} INFO - [2023-03-26T22:05:59.060+0200] {dag.py:3440} INFO - Setting next_dagrun for example_sensors to None, run_after=None
[2023-03-26T22:05:59.129+0200] {processor.py:175} INFO - Processing /home/humbulani/miniconda3/envs/apache-airflow/lib/python3.8/site-packages/airflow/example_dags/example_sensors.py took 0.138 seconds
[2023-03-26T22:06:47.016+0200] {processor.py:153} INFO - Started process (PID=18878) to work on /home/humbulani/miniconda3/envs/apache-airflow/lib/python3.8/site-packages/airflow/example_dags/example_sensors.py
[2023-03-26T22:06:47.029+0200] {processor.py:743} INFO - Processing file /home/humbulani/miniconda3/envs/apache-airflow/lib/python3.8/site-packages/airflow/example_dags/example_sensors.py for tasks to queue
[2023-03-26T22:06:47.029+0200] {logging_mixin.py:137} INFO - [2023-03-26T22:06:47.029+0200] {dagbag.py:532} INFO - Filling up the DagBag from /home/humbulani/miniconda3/envs/apache-airflow/lib/python3.8/site-packages/airflow/example_dags/example_sensors.py
[2023-03-26T22:06:47.049+0200] {processor.py:753} INFO - DAG(s) dict_keys(['example_sensors']) retrieved from /home/humbulani/miniconda3/envs/apache-airflow/lib/python3.8/site-packages/airflow/example_dags/example_sensors.py
[2023-03-26T22:06:47.068+0200] {logging_mixin.py:137} INFO - [2023-03-26T22:06:47.068+0200] {dag.py:2693} INFO - Sync 1 DAGs
[2023-03-26T22:06:47.085+0200] {logging_mixin.py:137} INFO - [2023-03-26T22:06:47.085+0200] {dag.py:3440} INFO - Setting next_dagrun for example_sensors to None, run_after=None
[2023-03-26T22:06:47.170+0200] {processor.py:175} INFO - Processing /home/humbulani/miniconda3/envs/apache-airflow/lib/python3.8/site-packages/airflow/example_dags/example_sensors.py took 0.157 seconds
[2023-03-26T22:07:33.008+0200] {processor.py:153} INFO - Started process (PID=18993) to work on /home/humbulani/miniconda3/envs/apache-airflow/lib/python3.8/site-packages/airflow/example_dags/example_sensors.py
[2023-03-26T22:07:33.009+0200] {processor.py:743} INFO - Processing file /home/humbulani/miniconda3/envs/apache-airflow/lib/python3.8/site-packages/airflow/example_dags/example_sensors.py for tasks to queue
[2023-03-26T22:07:33.010+0200] {logging_mixin.py:137} INFO - [2023-03-26T22:07:33.010+0200] {dagbag.py:532} INFO - Filling up the DagBag from /home/humbulani/miniconda3/envs/apache-airflow/lib/python3.8/site-packages/airflow/example_dags/example_sensors.py
[2023-03-26T22:07:33.031+0200] {processor.py:753} INFO - DAG(s) dict_keys(['example_sensors']) retrieved from /home/humbulani/miniconda3/envs/apache-airflow/lib/python3.8/site-packages/airflow/example_dags/example_sensors.py
[2023-03-26T22:07:33.051+0200] {logging_mixin.py:137} INFO - [2023-03-26T22:07:33.051+0200] {dag.py:2693} INFO - Sync 1 DAGs
[2023-03-26T22:07:33.068+0200] {logging_mixin.py:137} INFO - [2023-03-26T22:07:33.068+0200] {dag.py:3440} INFO - Setting next_dagrun for example_sensors to None, run_after=None
[2023-03-26T22:07:33.133+0200] {processor.py:175} INFO - Processing /home/humbulani/miniconda3/envs/apache-airflow/lib/python3.8/site-packages/airflow/example_dags/example_sensors.py took 0.128 seconds
[2023-03-26T22:08:17.054+0200] {processor.py:153} INFO - Started process (PID=19042) to work on /home/humbulani/miniconda3/envs/apache-airflow/lib/python3.8/site-packages/airflow/example_dags/example_sensors.py
[2023-03-26T22:08:17.054+0200] {processor.py:743} INFO - Processing file /home/humbulani/miniconda3/envs/apache-airflow/lib/python3.8/site-packages/airflow/example_dags/example_sensors.py for tasks to queue
[2023-03-26T22:08:17.055+0200] {logging_mixin.py:137} INFO - [2023-03-26T22:08:17.055+0200] {dagbag.py:532} INFO - Filling up the DagBag from /home/humbulani/miniconda3/envs/apache-airflow/lib/python3.8/site-packages/airflow/example_dags/example_sensors.py
[2023-03-26T22:08:17.071+0200] {processor.py:753} INFO - DAG(s) dict_keys(['example_sensors']) retrieved from /home/humbulani/miniconda3/envs/apache-airflow/lib/python3.8/site-packages/airflow/example_dags/example_sensors.py
[2023-03-26T22:08:17.091+0200] {logging_mixin.py:137} INFO - [2023-03-26T22:08:17.091+0200] {dag.py:2693} INFO - Sync 1 DAGs
[2023-03-26T22:08:17.108+0200] {logging_mixin.py:137} INFO - [2023-03-26T22:08:17.108+0200] {dag.py:3440} INFO - Setting next_dagrun for example_sensors to None, run_after=None
[2023-03-26T22:08:17.188+0200] {processor.py:175} INFO - Processing /home/humbulani/miniconda3/envs/apache-airflow/lib/python3.8/site-packages/airflow/example_dags/example_sensors.py took 0.137 seconds
[2023-03-26T22:09:05.156+0200] {processor.py:153} INFO - Started process (PID=19124) to work on /home/humbulani/miniconda3/envs/apache-airflow/lib/python3.8/site-packages/airflow/example_dags/example_sensors.py
[2023-03-26T22:09:05.168+0200] {processor.py:743} INFO - Processing file /home/humbulani/miniconda3/envs/apache-airflow/lib/python3.8/site-packages/airflow/example_dags/example_sensors.py for tasks to queue
[2023-03-26T22:09:05.169+0200] {logging_mixin.py:137} INFO - [2023-03-26T22:09:05.169+0200] {dagbag.py:532} INFO - Filling up the DagBag from /home/humbulani/miniconda3/envs/apache-airflow/lib/python3.8/site-packages/airflow/example_dags/example_sensors.py
[2023-03-26T22:09:05.191+0200] {processor.py:753} INFO - DAG(s) dict_keys(['example_sensors']) retrieved from /home/humbulani/miniconda3/envs/apache-airflow/lib/python3.8/site-packages/airflow/example_dags/example_sensors.py
[2023-03-26T22:09:05.213+0200] {logging_mixin.py:137} INFO - [2023-03-26T22:09:05.213+0200] {dag.py:2693} INFO - Sync 1 DAGs
[2023-03-26T22:09:05.230+0200] {logging_mixin.py:137} INFO - [2023-03-26T22:09:05.230+0200] {dag.py:3440} INFO - Setting next_dagrun for example_sensors to None, run_after=None
[2023-03-26T22:09:05.323+0200] {processor.py:175} INFO - Processing /home/humbulani/miniconda3/envs/apache-airflow/lib/python3.8/site-packages/airflow/example_dags/example_sensors.py took 0.170 seconds
[2023-03-26T22:09:52.986+0200] {processor.py:153} INFO - Started process (PID=19167) to work on /home/humbulani/miniconda3/envs/apache-airflow/lib/python3.8/site-packages/airflow/example_dags/example_sensors.py
[2023-03-26T22:09:53.040+0200] {processor.py:743} INFO - Processing file /home/humbulani/miniconda3/envs/apache-airflow/lib/python3.8/site-packages/airflow/example_dags/example_sensors.py for tasks to queue
[2023-03-26T22:09:53.041+0200] {logging_mixin.py:137} INFO - [2023-03-26T22:09:53.041+0200] {dagbag.py:532} INFO - Filling up the DagBag from /home/humbulani/miniconda3/envs/apache-airflow/lib/python3.8/site-packages/airflow/example_dags/example_sensors.py
[2023-03-26T22:09:53.058+0200] {processor.py:753} INFO - DAG(s) dict_keys(['example_sensors']) retrieved from /home/humbulani/miniconda3/envs/apache-airflow/lib/python3.8/site-packages/airflow/example_dags/example_sensors.py
[2023-03-26T22:09:53.079+0200] {logging_mixin.py:137} INFO - [2023-03-26T22:09:53.079+0200] {dag.py:2693} INFO - Sync 1 DAGs
[2023-03-26T22:09:53.096+0200] {logging_mixin.py:137} INFO - [2023-03-26T22:09:53.096+0200] {dag.py:3440} INFO - Setting next_dagrun for example_sensors to None, run_after=None
[2023-03-26T22:09:53.166+0200] {processor.py:175} INFO - Processing /home/humbulani/miniconda3/envs/apache-airflow/lib/python3.8/site-packages/airflow/example_dags/example_sensors.py took 0.183 seconds
[2023-03-26T22:10:36.242+0200] {processor.py:153} INFO - Started process (PID=19273) to work on /home/humbulani/miniconda3/envs/apache-airflow/lib/python3.8/site-packages/airflow/example_dags/example_sensors.py
[2023-03-26T22:10:36.262+0200] {processor.py:743} INFO - Processing file /home/humbulani/miniconda3/envs/apache-airflow/lib/python3.8/site-packages/airflow/example_dags/example_sensors.py for tasks to queue
[2023-03-26T22:10:36.262+0200] {logging_mixin.py:137} INFO - [2023-03-26T22:10:36.262+0200] {dagbag.py:532} INFO - Filling up the DagBag from /home/humbulani/miniconda3/envs/apache-airflow/lib/python3.8/site-packages/airflow/example_dags/example_sensors.py
[2023-03-26T22:10:36.280+0200] {processor.py:753} INFO - DAG(s) dict_keys(['example_sensors']) retrieved from /home/humbulani/miniconda3/envs/apache-airflow/lib/python3.8/site-packages/airflow/example_dags/example_sensors.py
[2023-03-26T22:10:36.300+0200] {logging_mixin.py:137} INFO - [2023-03-26T22:10:36.300+0200] {dag.py:2693} INFO - Sync 1 DAGs
[2023-03-26T22:10:36.318+0200] {logging_mixin.py:137} INFO - [2023-03-26T22:10:36.318+0200] {dag.py:3440} INFO - Setting next_dagrun for example_sensors to None, run_after=None
[2023-03-26T22:10:36.495+0200] {processor.py:175} INFO - Processing /home/humbulani/miniconda3/envs/apache-airflow/lib/python3.8/site-packages/airflow/example_dags/example_sensors.py took 0.256 seconds
[2023-03-26T22:11:24.472+0200] {processor.py:153} INFO - Started process (PID=19340) to work on /home/humbulani/miniconda3/envs/apache-airflow/lib/python3.8/site-packages/airflow/example_dags/example_sensors.py
[2023-03-26T22:11:24.491+0200] {processor.py:743} INFO - Processing file /home/humbulani/miniconda3/envs/apache-airflow/lib/python3.8/site-packages/airflow/example_dags/example_sensors.py for tasks to queue
[2023-03-26T22:11:24.491+0200] {logging_mixin.py:137} INFO - [2023-03-26T22:11:24.491+0200] {dagbag.py:532} INFO - Filling up the DagBag from /home/humbulani/miniconda3/envs/apache-airflow/lib/python3.8/site-packages/airflow/example_dags/example_sensors.py
[2023-03-26T22:11:24.512+0200] {processor.py:753} INFO - DAG(s) dict_keys(['example_sensors']) retrieved from /home/humbulani/miniconda3/envs/apache-airflow/lib/python3.8/site-packages/airflow/example_dags/example_sensors.py
[2023-03-26T22:11:24.533+0200] {logging_mixin.py:137} INFO - [2023-03-26T22:11:24.532+0200] {dag.py:2693} INFO - Sync 1 DAGs
[2023-03-26T22:11:24.549+0200] {logging_mixin.py:137} INFO - [2023-03-26T22:11:24.549+0200] {dag.py:3440} INFO - Setting next_dagrun for example_sensors to None, run_after=None
[2023-03-26T22:11:24.619+0200] {processor.py:175} INFO - Processing /home/humbulani/miniconda3/envs/apache-airflow/lib/python3.8/site-packages/airflow/example_dags/example_sensors.py took 0.150 seconds
[2023-03-26T22:12:07.941+0200] {processor.py:153} INFO - Started process (PID=19385) to work on /home/humbulani/miniconda3/envs/apache-airflow/lib/python3.8/site-packages/airflow/example_dags/example_sensors.py
[2023-03-26T22:12:07.942+0200] {processor.py:743} INFO - Processing file /home/humbulani/miniconda3/envs/apache-airflow/lib/python3.8/site-packages/airflow/example_dags/example_sensors.py for tasks to queue
[2023-03-26T22:12:07.942+0200] {logging_mixin.py:137} INFO - [2023-03-26T22:12:07.942+0200] {dagbag.py:532} INFO - Filling up the DagBag from /home/humbulani/miniconda3/envs/apache-airflow/lib/python3.8/site-packages/airflow/example_dags/example_sensors.py
[2023-03-26T22:12:07.964+0200] {processor.py:753} INFO - DAG(s) dict_keys(['example_sensors']) retrieved from /home/humbulani/miniconda3/envs/apache-airflow/lib/python3.8/site-packages/airflow/example_dags/example_sensors.py
[2023-03-26T22:12:07.987+0200] {logging_mixin.py:137} INFO - [2023-03-26T22:12:07.987+0200] {dag.py:2693} INFO - Sync 1 DAGs
[2023-03-26T22:12:08.005+0200] {logging_mixin.py:137} INFO - [2023-03-26T22:12:08.005+0200] {dag.py:3440} INFO - Setting next_dagrun for example_sensors to None, run_after=None
[2023-03-26T22:12:08.081+0200] {processor.py:175} INFO - Processing /home/humbulani/miniconda3/envs/apache-airflow/lib/python3.8/site-packages/airflow/example_dags/example_sensors.py took 0.142 seconds
[2023-03-26T22:12:54.269+0200] {processor.py:153} INFO - Started process (PID=19494) to work on /home/humbulani/miniconda3/envs/apache-airflow/lib/python3.8/site-packages/airflow/example_dags/example_sensors.py
[2023-03-26T22:12:54.270+0200] {processor.py:743} INFO - Processing file /home/humbulani/miniconda3/envs/apache-airflow/lib/python3.8/site-packages/airflow/example_dags/example_sensors.py for tasks to queue
[2023-03-26T22:12:54.270+0200] {logging_mixin.py:137} INFO - [2023-03-26T22:12:54.270+0200] {dagbag.py:532} INFO - Filling up the DagBag from /home/humbulani/miniconda3/envs/apache-airflow/lib/python3.8/site-packages/airflow/example_dags/example_sensors.py
[2023-03-26T22:12:54.287+0200] {processor.py:753} INFO - DAG(s) dict_keys(['example_sensors']) retrieved from /home/humbulani/miniconda3/envs/apache-airflow/lib/python3.8/site-packages/airflow/example_dags/example_sensors.py
[2023-03-26T22:12:54.307+0200] {logging_mixin.py:137} INFO - [2023-03-26T22:12:54.307+0200] {dag.py:2693} INFO - Sync 1 DAGs
[2023-03-26T22:12:54.324+0200] {logging_mixin.py:137} INFO - [2023-03-26T22:12:54.324+0200] {dag.py:3440} INFO - Setting next_dagrun for example_sensors to None, run_after=None
[2023-03-26T22:12:54.394+0200] {processor.py:175} INFO - Processing /home/humbulani/miniconda3/envs/apache-airflow/lib/python3.8/site-packages/airflow/example_dags/example_sensors.py took 0.127 seconds
[2023-03-26T22:13:41.854+0200] {processor.py:153} INFO - Started process (PID=19536) to work on /home/humbulani/miniconda3/envs/apache-airflow/lib/python3.8/site-packages/airflow/example_dags/example_sensors.py
[2023-03-26T22:13:41.861+0200] {processor.py:743} INFO - Processing file /home/humbulani/miniconda3/envs/apache-airflow/lib/python3.8/site-packages/airflow/example_dags/example_sensors.py for tasks to queue
[2023-03-26T22:13:41.862+0200] {logging_mixin.py:137} INFO - [2023-03-26T22:13:41.862+0200] {dagbag.py:532} INFO - Filling up the DagBag from /home/humbulani/miniconda3/envs/apache-airflow/lib/python3.8/site-packages/airflow/example_dags/example_sensors.py
[2023-03-26T22:13:41.878+0200] {processor.py:753} INFO - DAG(s) dict_keys(['example_sensors']) retrieved from /home/humbulani/miniconda3/envs/apache-airflow/lib/python3.8/site-packages/airflow/example_dags/example_sensors.py
[2023-03-26T22:13:41.898+0200] {logging_mixin.py:137} INFO - [2023-03-26T22:13:41.898+0200] {dag.py:2693} INFO - Sync 1 DAGs
[2023-03-26T22:13:41.915+0200] {logging_mixin.py:137} INFO - [2023-03-26T22:13:41.914+0200] {dag.py:3440} INFO - Setting next_dagrun for example_sensors to None, run_after=None
[2023-03-26T22:13:41.982+0200] {processor.py:175} INFO - Processing /home/humbulani/miniconda3/envs/apache-airflow/lib/python3.8/site-packages/airflow/example_dags/example_sensors.py took 0.133 seconds
[2023-03-26T22:14:29.008+0200] {processor.py:153} INFO - Started process (PID=19581) to work on /home/humbulani/miniconda3/envs/apache-airflow/lib/python3.8/site-packages/airflow/example_dags/example_sensors.py
[2023-03-26T22:14:29.016+0200] {processor.py:743} INFO - Processing file /home/humbulani/miniconda3/envs/apache-airflow/lib/python3.8/site-packages/airflow/example_dags/example_sensors.py for tasks to queue
[2023-03-26T22:14:29.017+0200] {logging_mixin.py:137} INFO - [2023-03-26T22:14:29.016+0200] {dagbag.py:532} INFO - Filling up the DagBag from /home/humbulani/miniconda3/envs/apache-airflow/lib/python3.8/site-packages/airflow/example_dags/example_sensors.py
[2023-03-26T22:14:29.034+0200] {processor.py:753} INFO - DAG(s) dict_keys(['example_sensors']) retrieved from /home/humbulani/miniconda3/envs/apache-airflow/lib/python3.8/site-packages/airflow/example_dags/example_sensors.py
[2023-03-26T22:14:29.054+0200] {logging_mixin.py:137} INFO - [2023-03-26T22:14:29.054+0200] {dag.py:2693} INFO - Sync 1 DAGs
[2023-03-26T22:14:29.071+0200] {logging_mixin.py:137} INFO - [2023-03-26T22:14:29.071+0200] {dag.py:3440} INFO - Setting next_dagrun for example_sensors to None, run_after=None
[2023-03-26T22:14:29.137+0200] {processor.py:175} INFO - Processing /home/humbulani/miniconda3/envs/apache-airflow/lib/python3.8/site-packages/airflow/example_dags/example_sensors.py took 0.132 seconds
[2023-03-26T22:15:15.271+0200] {processor.py:153} INFO - Started process (PID=19690) to work on /home/humbulani/miniconda3/envs/apache-airflow/lib/python3.8/site-packages/airflow/example_dags/example_sensors.py
[2023-03-26T22:15:15.321+0200] {processor.py:743} INFO - Processing file /home/humbulani/miniconda3/envs/apache-airflow/lib/python3.8/site-packages/airflow/example_dags/example_sensors.py for tasks to queue
[2023-03-26T22:15:15.321+0200] {logging_mixin.py:137} INFO - [2023-03-26T22:15:15.321+0200] {dagbag.py:532} INFO - Filling up the DagBag from /home/humbulani/miniconda3/envs/apache-airflow/lib/python3.8/site-packages/airflow/example_dags/example_sensors.py
[2023-03-26T22:15:15.339+0200] {processor.py:753} INFO - DAG(s) dict_keys(['example_sensors']) retrieved from /home/humbulani/miniconda3/envs/apache-airflow/lib/python3.8/site-packages/airflow/example_dags/example_sensors.py
[2023-03-26T22:15:15.359+0200] {logging_mixin.py:137} INFO - [2023-03-26T22:15:15.359+0200] {dag.py:2693} INFO - Sync 1 DAGs
[2023-03-26T22:15:15.382+0200] {logging_mixin.py:137} INFO - [2023-03-26T22:15:15.382+0200] {dag.py:3440} INFO - Setting next_dagrun for example_sensors to None, run_after=None
[2023-03-26T22:15:15.460+0200] {processor.py:175} INFO - Processing /home/humbulani/miniconda3/envs/apache-airflow/lib/python3.8/site-packages/airflow/example_dags/example_sensors.py took 0.192 seconds
[2023-03-26T22:16:01.690+0200] {processor.py:153} INFO - Started process (PID=19736) to work on /home/humbulani/miniconda3/envs/apache-airflow/lib/python3.8/site-packages/airflow/example_dags/example_sensors.py
[2023-03-26T22:16:01.703+0200] {processor.py:743} INFO - Processing file /home/humbulani/miniconda3/envs/apache-airflow/lib/python3.8/site-packages/airflow/example_dags/example_sensors.py for tasks to queue
[2023-03-26T22:16:01.704+0200] {logging_mixin.py:137} INFO - [2023-03-26T22:16:01.704+0200] {dagbag.py:532} INFO - Filling up the DagBag from /home/humbulani/miniconda3/envs/apache-airflow/lib/python3.8/site-packages/airflow/example_dags/example_sensors.py
[2023-03-26T22:16:01.721+0200] {processor.py:753} INFO - DAG(s) dict_keys(['example_sensors']) retrieved from /home/humbulani/miniconda3/envs/apache-airflow/lib/python3.8/site-packages/airflow/example_dags/example_sensors.py
[2023-03-26T22:16:01.741+0200] {logging_mixin.py:137} INFO - [2023-03-26T22:16:01.741+0200] {dag.py:2693} INFO - Sync 1 DAGs
[2023-03-26T22:16:01.759+0200] {logging_mixin.py:137} INFO - [2023-03-26T22:16:01.759+0200] {dag.py:3440} INFO - Setting next_dagrun for example_sensors to None, run_after=None
[2023-03-26T22:16:01.849+0200] {processor.py:175} INFO - Processing /home/humbulani/miniconda3/envs/apache-airflow/lib/python3.8/site-packages/airflow/example_dags/example_sensors.py took 0.162 seconds
[2023-03-26T22:16:54.694+0200] {processor.py:153} INFO - Started process (PID=19844) to work on /home/humbulani/miniconda3/envs/apache-airflow/lib/python3.8/site-packages/airflow/example_dags/example_sensors.py
[2023-03-26T22:16:54.710+0200] {processor.py:743} INFO - Processing file /home/humbulani/miniconda3/envs/apache-airflow/lib/python3.8/site-packages/airflow/example_dags/example_sensors.py for tasks to queue
[2023-03-26T22:16:54.711+0200] {logging_mixin.py:137} INFO - [2023-03-26T22:16:54.711+0200] {dagbag.py:532} INFO - Filling up the DagBag from /home/humbulani/miniconda3/envs/apache-airflow/lib/python3.8/site-packages/airflow/example_dags/example_sensors.py
[2023-03-26T22:16:54.734+0200] {processor.py:753} INFO - DAG(s) dict_keys(['example_sensors']) retrieved from /home/humbulani/miniconda3/envs/apache-airflow/lib/python3.8/site-packages/airflow/example_dags/example_sensors.py
[2023-03-26T22:16:54.849+0200] {logging_mixin.py:137} INFO - [2023-03-26T22:16:54.849+0200] {dag.py:2693} INFO - Sync 1 DAGs
[2023-03-26T22:16:55.183+0200] {logging_mixin.py:137} INFO - [2023-03-26T22:16:55.183+0200] {dag.py:3440} INFO - Setting next_dagrun for example_sensors to None, run_after=None
[2023-03-26T22:16:55.278+0200] {processor.py:175} INFO - Processing /home/humbulani/miniconda3/envs/apache-airflow/lib/python3.8/site-packages/airflow/example_dags/example_sensors.py took 0.586 seconds
[2023-03-26T22:17:38.841+0200] {processor.py:153} INFO - Started process (PID=19896) to work on /home/humbulani/miniconda3/envs/apache-airflow/lib/python3.8/site-packages/airflow/example_dags/example_sensors.py
[2023-03-26T22:17:38.855+0200] {processor.py:743} INFO - Processing file /home/humbulani/miniconda3/envs/apache-airflow/lib/python3.8/site-packages/airflow/example_dags/example_sensors.py for tasks to queue
[2023-03-26T22:17:38.855+0200] {logging_mixin.py:137} INFO - [2023-03-26T22:17:38.855+0200] {dagbag.py:532} INFO - Filling up the DagBag from /home/humbulani/miniconda3/envs/apache-airflow/lib/python3.8/site-packages/airflow/example_dags/example_sensors.py
[2023-03-26T22:17:38.872+0200] {processor.py:753} INFO - DAG(s) dict_keys(['example_sensors']) retrieved from /home/humbulani/miniconda3/envs/apache-airflow/lib/python3.8/site-packages/airflow/example_dags/example_sensors.py
[2023-03-26T22:17:38.893+0200] {logging_mixin.py:137} INFO - [2023-03-26T22:17:38.892+0200] {dag.py:2693} INFO - Sync 1 DAGs
[2023-03-26T22:17:38.909+0200] {logging_mixin.py:137} INFO - [2023-03-26T22:17:38.909+0200] {dag.py:3440} INFO - Setting next_dagrun for example_sensors to None, run_after=None
[2023-03-26T22:17:38.992+0200] {processor.py:175} INFO - Processing /home/humbulani/miniconda3/envs/apache-airflow/lib/python3.8/site-packages/airflow/example_dags/example_sensors.py took 0.154 seconds
[2023-03-26T22:18:23.827+0200] {processor.py:153} INFO - Started process (PID=20004) to work on /home/humbulani/miniconda3/envs/apache-airflow/lib/python3.8/site-packages/airflow/example_dags/example_sensors.py
[2023-03-26T22:18:23.837+0200] {processor.py:743} INFO - Processing file /home/humbulani/miniconda3/envs/apache-airflow/lib/python3.8/site-packages/airflow/example_dags/example_sensors.py for tasks to queue
[2023-03-26T22:18:23.837+0200] {logging_mixin.py:137} INFO - [2023-03-26T22:18:23.837+0200] {dagbag.py:532} INFO - Filling up the DagBag from /home/humbulani/miniconda3/envs/apache-airflow/lib/python3.8/site-packages/airflow/example_dags/example_sensors.py
[2023-03-26T22:18:23.856+0200] {processor.py:753} INFO - DAG(s) dict_keys(['example_sensors']) retrieved from /home/humbulani/miniconda3/envs/apache-airflow/lib/python3.8/site-packages/airflow/example_dags/example_sensors.py
[2023-03-26T22:18:23.876+0200] {logging_mixin.py:137} INFO - [2023-03-26T22:18:23.876+0200] {dag.py:2693} INFO - Sync 1 DAGs
[2023-03-26T22:18:23.892+0200] {logging_mixin.py:137} INFO - [2023-03-26T22:18:23.892+0200] {dag.py:3440} INFO - Setting next_dagrun for example_sensors to None, run_after=None
[2023-03-26T22:18:23.960+0200] {processor.py:175} INFO - Processing /home/humbulani/miniconda3/envs/apache-airflow/lib/python3.8/site-packages/airflow/example_dags/example_sensors.py took 0.136 seconds
[2023-03-26T22:19:07.624+0200] {processor.py:153} INFO - Started process (PID=20049) to work on /home/humbulani/miniconda3/envs/apache-airflow/lib/python3.8/site-packages/airflow/example_dags/example_sensors.py
[2023-03-26T22:19:07.625+0200] {processor.py:743} INFO - Processing file /home/humbulani/miniconda3/envs/apache-airflow/lib/python3.8/site-packages/airflow/example_dags/example_sensors.py for tasks to queue
[2023-03-26T22:19:07.626+0200] {logging_mixin.py:137} INFO - [2023-03-26T22:19:07.626+0200] {dagbag.py:532} INFO - Filling up the DagBag from /home/humbulani/miniconda3/envs/apache-airflow/lib/python3.8/site-packages/airflow/example_dags/example_sensors.py
[2023-03-26T22:19:07.643+0200] {processor.py:753} INFO - DAG(s) dict_keys(['example_sensors']) retrieved from /home/humbulani/miniconda3/envs/apache-airflow/lib/python3.8/site-packages/airflow/example_dags/example_sensors.py
[2023-03-26T22:19:07.663+0200] {logging_mixin.py:137} INFO - [2023-03-26T22:19:07.663+0200] {dag.py:2693} INFO - Sync 1 DAGs
[2023-03-26T22:19:07.680+0200] {logging_mixin.py:137} INFO - [2023-03-26T22:19:07.680+0200] {dag.py:3440} INFO - Setting next_dagrun for example_sensors to None, run_after=None
[2023-03-26T22:19:07.748+0200] {processor.py:175} INFO - Processing /home/humbulani/miniconda3/envs/apache-airflow/lib/python3.8/site-packages/airflow/example_dags/example_sensors.py took 0.127 seconds
[2023-03-26T22:19:51.851+0200] {processor.py:153} INFO - Started process (PID=20159) to work on /home/humbulani/miniconda3/envs/apache-airflow/lib/python3.8/site-packages/airflow/example_dags/example_sensors.py
[2023-03-26T22:19:51.852+0200] {processor.py:743} INFO - Processing file /home/humbulani/miniconda3/envs/apache-airflow/lib/python3.8/site-packages/airflow/example_dags/example_sensors.py for tasks to queue
[2023-03-26T22:19:51.853+0200] {logging_mixin.py:137} INFO - [2023-03-26T22:19:51.853+0200] {dagbag.py:532} INFO - Filling up the DagBag from /home/humbulani/miniconda3/envs/apache-airflow/lib/python3.8/site-packages/airflow/example_dags/example_sensors.py
[2023-03-26T22:19:51.873+0200] {processor.py:753} INFO - DAG(s) dict_keys(['example_sensors']) retrieved from /home/humbulani/miniconda3/envs/apache-airflow/lib/python3.8/site-packages/airflow/example_dags/example_sensors.py
[2023-03-26T22:19:51.893+0200] {logging_mixin.py:137} INFO - [2023-03-26T22:19:51.893+0200] {dag.py:2693} INFO - Sync 1 DAGs
[2023-03-26T22:19:51.910+0200] {logging_mixin.py:137} INFO - [2023-03-26T22:19:51.910+0200] {dag.py:3440} INFO - Setting next_dagrun for example_sensors to None, run_after=None
[2023-03-26T22:19:51.977+0200] {processor.py:175} INFO - Processing /home/humbulani/miniconda3/envs/apache-airflow/lib/python3.8/site-packages/airflow/example_dags/example_sensors.py took 0.129 seconds
[2023-03-26T22:20:37.846+0200] {processor.py:153} INFO - Started process (PID=20231) to work on /home/humbulani/miniconda3/envs/apache-airflow/lib/python3.8/site-packages/airflow/example_dags/example_sensors.py
[2023-03-26T22:20:37.861+0200] {processor.py:743} INFO - Processing file /home/humbulani/miniconda3/envs/apache-airflow/lib/python3.8/site-packages/airflow/example_dags/example_sensors.py for tasks to queue
[2023-03-26T22:20:37.861+0200] {logging_mixin.py:137} INFO - [2023-03-26T22:20:37.861+0200] {dagbag.py:532} INFO - Filling up the DagBag from /home/humbulani/miniconda3/envs/apache-airflow/lib/python3.8/site-packages/airflow/example_dags/example_sensors.py
[2023-03-26T22:20:37.880+0200] {processor.py:753} INFO - DAG(s) dict_keys(['example_sensors']) retrieved from /home/humbulani/miniconda3/envs/apache-airflow/lib/python3.8/site-packages/airflow/example_dags/example_sensors.py
[2023-03-26T22:20:37.902+0200] {logging_mixin.py:137} INFO - [2023-03-26T22:20:37.902+0200] {dag.py:2693} INFO - Sync 1 DAGs
[2023-03-26T22:20:37.921+0200] {logging_mixin.py:137} INFO - [2023-03-26T22:20:37.921+0200] {dag.py:3440} INFO - Setting next_dagrun for example_sensors to None, run_after=None
[2023-03-26T22:20:37.990+0200] {processor.py:175} INFO - Processing /home/humbulani/miniconda3/envs/apache-airflow/lib/python3.8/site-packages/airflow/example_dags/example_sensors.py took 0.147 seconds
[2023-03-26T22:21:23.187+0200] {processor.py:153} INFO - Started process (PID=20293) to work on /home/humbulani/miniconda3/envs/apache-airflow/lib/python3.8/site-packages/airflow/example_dags/example_sensors.py
[2023-03-26T22:21:23.206+0200] {processor.py:743} INFO - Processing file /home/humbulani/miniconda3/envs/apache-airflow/lib/python3.8/site-packages/airflow/example_dags/example_sensors.py for tasks to queue
[2023-03-26T22:21:23.207+0200] {logging_mixin.py:137} INFO - [2023-03-26T22:21:23.207+0200] {dagbag.py:532} INFO - Filling up the DagBag from /home/humbulani/miniconda3/envs/apache-airflow/lib/python3.8/site-packages/airflow/example_dags/example_sensors.py
[2023-03-26T22:21:23.229+0200] {processor.py:753} INFO - DAG(s) dict_keys(['example_sensors']) retrieved from /home/humbulani/miniconda3/envs/apache-airflow/lib/python3.8/site-packages/airflow/example_dags/example_sensors.py
[2023-03-26T22:21:23.252+0200] {logging_mixin.py:137} INFO - [2023-03-26T22:21:23.252+0200] {dag.py:2693} INFO - Sync 1 DAGs
[2023-03-26T22:21:23.268+0200] {logging_mixin.py:137} INFO - [2023-03-26T22:21:23.268+0200] {dag.py:3440} INFO - Setting next_dagrun for example_sensors to None, run_after=None
[2023-03-26T22:21:23.327+0200] {processor.py:175} INFO - Processing /home/humbulani/miniconda3/envs/apache-airflow/lib/python3.8/site-packages/airflow/example_dags/example_sensors.py took 0.142 seconds
[2023-03-26T22:22:08.048+0200] {processor.py:153} INFO - Started process (PID=20337) to work on /home/humbulani/miniconda3/envs/apache-airflow/lib/python3.8/site-packages/airflow/example_dags/example_sensors.py
[2023-03-26T22:22:08.061+0200] {processor.py:743} INFO - Processing file /home/humbulani/miniconda3/envs/apache-airflow/lib/python3.8/site-packages/airflow/example_dags/example_sensors.py for tasks to queue
[2023-03-26T22:22:08.061+0200] {logging_mixin.py:137} INFO - [2023-03-26T22:22:08.061+0200] {dagbag.py:532} INFO - Filling up the DagBag from /home/humbulani/miniconda3/envs/apache-airflow/lib/python3.8/site-packages/airflow/example_dags/example_sensors.py
[2023-03-26T22:22:08.081+0200] {processor.py:753} INFO - DAG(s) dict_keys(['example_sensors']) retrieved from /home/humbulani/miniconda3/envs/apache-airflow/lib/python3.8/site-packages/airflow/example_dags/example_sensors.py
[2023-03-26T22:22:08.101+0200] {logging_mixin.py:137} INFO - [2023-03-26T22:22:08.101+0200] {dag.py:2693} INFO - Sync 1 DAGs
[2023-03-26T22:22:08.117+0200] {logging_mixin.py:137} INFO - [2023-03-26T22:22:08.117+0200] {dag.py:3440} INFO - Setting next_dagrun for example_sensors to None, run_after=None
[2023-03-26T22:22:08.190+0200] {processor.py:175} INFO - Processing /home/humbulani/miniconda3/envs/apache-airflow/lib/python3.8/site-packages/airflow/example_dags/example_sensors.py took 0.145 seconds
[2023-03-26T22:22:53.419+0200] {processor.py:153} INFO - Started process (PID=20380) to work on /home/humbulani/miniconda3/envs/apache-airflow/lib/python3.8/site-packages/airflow/example_dags/example_sensors.py
[2023-03-26T22:22:53.420+0200] {processor.py:743} INFO - Processing file /home/humbulani/miniconda3/envs/apache-airflow/lib/python3.8/site-packages/airflow/example_dags/example_sensors.py for tasks to queue
[2023-03-26T22:22:53.420+0200] {logging_mixin.py:137} INFO - [2023-03-26T22:22:53.420+0200] {dagbag.py:532} INFO - Filling up the DagBag from /home/humbulani/miniconda3/envs/apache-airflow/lib/python3.8/site-packages/airflow/example_dags/example_sensors.py
[2023-03-26T22:22:53.437+0200] {processor.py:753} INFO - DAG(s) dict_keys(['example_sensors']) retrieved from /home/humbulani/miniconda3/envs/apache-airflow/lib/python3.8/site-packages/airflow/example_dags/example_sensors.py
[2023-03-26T22:22:53.457+0200] {logging_mixin.py:137} INFO - [2023-03-26T22:22:53.457+0200] {dag.py:2693} INFO - Sync 1 DAGs
[2023-03-26T22:22:53.474+0200] {logging_mixin.py:137} INFO - [2023-03-26T22:22:53.474+0200] {dag.py:3440} INFO - Setting next_dagrun for example_sensors to None, run_after=None
[2023-03-26T22:22:53.545+0200] {processor.py:175} INFO - Processing /home/humbulani/miniconda3/envs/apache-airflow/lib/python3.8/site-packages/airflow/example_dags/example_sensors.py took 0.129 seconds
