[2023-03-26T21:39:23.451+0200] {processor.py:153} INFO - Started process (PID=16643) to work on /home/humbulani/miniconda3/envs/apache-airflow/lib/python3.8/site-packages/airflow/example_dags/example_trigger_target_dag.py
[2023-03-26T21:39:23.452+0200] {processor.py:743} INFO - Processing file /home/humbulani/miniconda3/envs/apache-airflow/lib/python3.8/site-packages/airflow/example_dags/example_trigger_target_dag.py for tasks to queue
[2023-03-26T21:39:23.452+0200] {logging_mixin.py:137} INFO - [2023-03-26T21:39:23.452+0200] {dagbag.py:532} INFO - Filling up the DagBag from /home/humbulani/miniconda3/envs/apache-airflow/lib/python3.8/site-packages/airflow/example_dags/example_trigger_target_dag.py
[2023-03-26T21:39:23.473+0200] {processor.py:753} INFO - DAG(s) dict_keys(['example_trigger_target_dag']) retrieved from /home/humbulani/miniconda3/envs/apache-airflow/lib/python3.8/site-packages/airflow/example_dags/example_trigger_target_dag.py
[2023-03-26T21:39:23.716+0200] {logging_mixin.py:137} INFO - [2023-03-26T21:39:23.716+0200] {manager.py:504} INFO - Created Permission View: can edit on DAG:example_trigger_target_dag
[2023-03-26T21:39:23.791+0200] {logging_mixin.py:137} INFO - [2023-03-26T21:39:23.791+0200] {manager.py:504} INFO - Created Permission View: can read on DAG:example_trigger_target_dag
[2023-03-26T21:39:23.875+0200] {logging_mixin.py:137} INFO - [2023-03-26T21:39:23.874+0200] {manager.py:504} INFO - Created Permission View: can delete on DAG:example_trigger_target_dag
[2023-03-26T21:39:23.875+0200] {logging_mixin.py:137} INFO - [2023-03-26T21:39:23.875+0200] {dag.py:2693} INFO - Sync 1 DAGs
[2023-03-26T21:39:23.907+0200] {logging_mixin.py:137} INFO - [2023-03-26T21:39:23.907+0200] {dag.py:2714} INFO - Creating ORM DAG for example_trigger_target_dag
[2023-03-26T21:39:23.930+0200] {logging_mixin.py:137} INFO - [2023-03-26T21:39:23.929+0200] {dag.py:3440} INFO - Setting next_dagrun for example_trigger_target_dag to None, run_after=None
[2023-03-26T21:39:24.100+0200] {processor.py:175} INFO - Processing /home/humbulani/miniconda3/envs/apache-airflow/lib/python3.8/site-packages/airflow/example_dags/example_trigger_target_dag.py took 0.652 seconds
[2023-03-26T21:40:24.485+0200] {processor.py:153} INFO - Started process (PID=16743) to work on /home/humbulani/miniconda3/envs/apache-airflow/lib/python3.8/site-packages/airflow/example_dags/example_trigger_target_dag.py
[2023-03-26T21:40:24.486+0200] {processor.py:743} INFO - Processing file /home/humbulani/miniconda3/envs/apache-airflow/lib/python3.8/site-packages/airflow/example_dags/example_trigger_target_dag.py for tasks to queue
[2023-03-26T21:40:24.486+0200] {logging_mixin.py:137} INFO - [2023-03-26T21:40:24.486+0200] {dagbag.py:532} INFO - Filling up the DagBag from /home/humbulani/miniconda3/envs/apache-airflow/lib/python3.8/site-packages/airflow/example_dags/example_trigger_target_dag.py
[2023-03-26T21:40:24.506+0200] {processor.py:753} INFO - DAG(s) dict_keys(['example_trigger_target_dag']) retrieved from /home/humbulani/miniconda3/envs/apache-airflow/lib/python3.8/site-packages/airflow/example_dags/example_trigger_target_dag.py
[2023-03-26T21:40:24.523+0200] {logging_mixin.py:137} INFO - [2023-03-26T21:40:24.523+0200] {dag.py:2693} INFO - Sync 1 DAGs
[2023-03-26T21:40:24.544+0200] {logging_mixin.py:137} INFO - [2023-03-26T21:40:24.544+0200] {dag.py:3440} INFO - Setting next_dagrun for example_trigger_target_dag to None, run_after=None
[2023-03-26T21:40:24.608+0200] {processor.py:175} INFO - Processing /home/humbulani/miniconda3/envs/apache-airflow/lib/python3.8/site-packages/airflow/example_dags/example_trigger_target_dag.py took 0.125 seconds
[2023-03-26T21:47:57.731+0200] {processor.py:153} INFO - Started process (PID=16838) to work on /home/humbulani/miniconda3/envs/apache-airflow/lib/python3.8/site-packages/airflow/example_dags/example_trigger_target_dag.py
[2023-03-26T21:47:57.732+0200] {processor.py:743} INFO - Processing file /home/humbulani/miniconda3/envs/apache-airflow/lib/python3.8/site-packages/airflow/example_dags/example_trigger_target_dag.py for tasks to queue
[2023-03-26T21:47:57.733+0200] {logging_mixin.py:137} INFO - [2023-03-26T21:47:57.733+0200] {dagbag.py:532} INFO - Filling up the DagBag from /home/humbulani/miniconda3/envs/apache-airflow/lib/python3.8/site-packages/airflow/example_dags/example_trigger_target_dag.py
[2023-03-26T21:47:57.756+0200] {processor.py:753} INFO - DAG(s) dict_keys(['example_trigger_target_dag']) retrieved from /home/humbulani/miniconda3/envs/apache-airflow/lib/python3.8/site-packages/airflow/example_dags/example_trigger_target_dag.py
[2023-03-26T21:47:57.772+0200] {logging_mixin.py:137} INFO - [2023-03-26T21:47:57.772+0200] {dag.py:2693} INFO - Sync 1 DAGs
[2023-03-26T21:47:57.792+0200] {logging_mixin.py:137} INFO - [2023-03-26T21:47:57.791+0200] {dag.py:3440} INFO - Setting next_dagrun for example_trigger_target_dag to None, run_after=None
[2023-03-26T21:47:57.900+0200] {processor.py:175} INFO - Processing /home/humbulani/miniconda3/envs/apache-airflow/lib/python3.8/site-packages/airflow/example_dags/example_trigger_target_dag.py took 0.171 seconds
[2023-03-26T21:48:45.291+0200] {processor.py:153} INFO - Started process (PID=16918) to work on /home/humbulani/miniconda3/envs/apache-airflow/lib/python3.8/site-packages/airflow/example_dags/example_trigger_target_dag.py
[2023-03-26T21:48:45.292+0200] {processor.py:743} INFO - Processing file /home/humbulani/miniconda3/envs/apache-airflow/lib/python3.8/site-packages/airflow/example_dags/example_trigger_target_dag.py for tasks to queue
[2023-03-26T21:48:45.293+0200] {logging_mixin.py:137} INFO - [2023-03-26T21:48:45.293+0200] {dagbag.py:532} INFO - Filling up the DagBag from /home/humbulani/miniconda3/envs/apache-airflow/lib/python3.8/site-packages/airflow/example_dags/example_trigger_target_dag.py
[2023-03-26T21:48:45.316+0200] {processor.py:753} INFO - DAG(s) dict_keys(['example_trigger_target_dag']) retrieved from /home/humbulani/miniconda3/envs/apache-airflow/lib/python3.8/site-packages/airflow/example_dags/example_trigger_target_dag.py
[2023-03-26T21:48:45.332+0200] {logging_mixin.py:137} INFO - [2023-03-26T21:48:45.332+0200] {dag.py:2693} INFO - Sync 1 DAGs
[2023-03-26T21:48:45.349+0200] {logging_mixin.py:137} INFO - [2023-03-26T21:48:45.349+0200] {dag.py:3440} INFO - Setting next_dagrun for example_trigger_target_dag to None, run_after=None
[2023-03-26T21:48:45.446+0200] {processor.py:175} INFO - Processing /home/humbulani/miniconda3/envs/apache-airflow/lib/python3.8/site-packages/airflow/example_dags/example_trigger_target_dag.py took 0.157 seconds
[2023-03-26T21:49:36.405+0200] {processor.py:153} INFO - Started process (PID=16960) to work on /home/humbulani/miniconda3/envs/apache-airflow/lib/python3.8/site-packages/airflow/example_dags/example_trigger_target_dag.py
[2023-03-26T21:49:36.464+0200] {processor.py:743} INFO - Processing file /home/humbulani/miniconda3/envs/apache-airflow/lib/python3.8/site-packages/airflow/example_dags/example_trigger_target_dag.py for tasks to queue
[2023-03-26T21:49:36.465+0200] {logging_mixin.py:137} INFO - [2023-03-26T21:49:36.465+0200] {dagbag.py:532} INFO - Filling up the DagBag from /home/humbulani/miniconda3/envs/apache-airflow/lib/python3.8/site-packages/airflow/example_dags/example_trigger_target_dag.py
[2023-03-26T21:49:36.484+0200] {processor.py:753} INFO - DAG(s) dict_keys(['example_trigger_target_dag']) retrieved from /home/humbulani/miniconda3/envs/apache-airflow/lib/python3.8/site-packages/airflow/example_dags/example_trigger_target_dag.py
[2023-03-26T21:49:36.504+0200] {logging_mixin.py:137} INFO - [2023-03-26T21:49:36.504+0200] {dag.py:2693} INFO - Sync 1 DAGs
[2023-03-26T21:49:36.522+0200] {logging_mixin.py:137} INFO - [2023-03-26T21:49:36.521+0200] {dag.py:3440} INFO - Setting next_dagrun for example_trigger_target_dag to None, run_after=None
[2023-03-26T21:49:36.587+0200] {processor.py:175} INFO - Processing /home/humbulani/miniconda3/envs/apache-airflow/lib/python3.8/site-packages/airflow/example_dags/example_trigger_target_dag.py took 0.185 seconds
[2023-03-26T21:50:21.126+0200] {processor.py:153} INFO - Started process (PID=17005) to work on /home/humbulani/miniconda3/envs/apache-airflow/lib/python3.8/site-packages/airflow/example_dags/example_trigger_target_dag.py
[2023-03-26T21:50:21.142+0200] {processor.py:743} INFO - Processing file /home/humbulani/miniconda3/envs/apache-airflow/lib/python3.8/site-packages/airflow/example_dags/example_trigger_target_dag.py for tasks to queue
[2023-03-26T21:50:21.142+0200] {logging_mixin.py:137} INFO - [2023-03-26T21:50:21.142+0200] {dagbag.py:532} INFO - Filling up the DagBag from /home/humbulani/miniconda3/envs/apache-airflow/lib/python3.8/site-packages/airflow/example_dags/example_trigger_target_dag.py
[2023-03-26T21:50:21.161+0200] {processor.py:753} INFO - DAG(s) dict_keys(['example_trigger_target_dag']) retrieved from /home/humbulani/miniconda3/envs/apache-airflow/lib/python3.8/site-packages/airflow/example_dags/example_trigger_target_dag.py
[2023-03-26T21:50:21.178+0200] {logging_mixin.py:137} INFO - [2023-03-26T21:50:21.178+0200] {dag.py:2693} INFO - Sync 1 DAGs
[2023-03-26T21:50:21.195+0200] {logging_mixin.py:137} INFO - [2023-03-26T21:50:21.195+0200] {dag.py:3440} INFO - Setting next_dagrun for example_trigger_target_dag to None, run_after=None
[2023-03-26T21:50:21.257+0200] {processor.py:175} INFO - Processing /home/humbulani/miniconda3/envs/apache-airflow/lib/python3.8/site-packages/airflow/example_dags/example_trigger_target_dag.py took 0.132 seconds
[2023-03-26T21:51:06.465+0200] {processor.py:153} INFO - Started process (PID=17103) to work on /home/humbulani/miniconda3/envs/apache-airflow/lib/python3.8/site-packages/airflow/example_dags/example_trigger_target_dag.py
[2023-03-26T21:51:06.475+0200] {processor.py:743} INFO - Processing file /home/humbulani/miniconda3/envs/apache-airflow/lib/python3.8/site-packages/airflow/example_dags/example_trigger_target_dag.py for tasks to queue
[2023-03-26T21:51:06.476+0200] {logging_mixin.py:137} INFO - [2023-03-26T21:51:06.476+0200] {dagbag.py:532} INFO - Filling up the DagBag from /home/humbulani/miniconda3/envs/apache-airflow/lib/python3.8/site-packages/airflow/example_dags/example_trigger_target_dag.py
[2023-03-26T21:51:06.498+0200] {processor.py:753} INFO - DAG(s) dict_keys(['example_trigger_target_dag']) retrieved from /home/humbulani/miniconda3/envs/apache-airflow/lib/python3.8/site-packages/airflow/example_dags/example_trigger_target_dag.py
[2023-03-26T21:51:06.515+0200] {logging_mixin.py:137} INFO - [2023-03-26T21:51:06.515+0200] {dag.py:2693} INFO - Sync 1 DAGs
[2023-03-26T21:51:06.534+0200] {logging_mixin.py:137} INFO - [2023-03-26T21:51:06.534+0200] {dag.py:3440} INFO - Setting next_dagrun for example_trigger_target_dag to None, run_after=None
[2023-03-26T21:51:06.635+0200] {processor.py:175} INFO - Processing /home/humbulani/miniconda3/envs/apache-airflow/lib/python3.8/site-packages/airflow/example_dags/example_trigger_target_dag.py took 0.172 seconds
[2023-03-26T21:51:50.727+0200] {processor.py:153} INFO - Started process (PID=17164) to work on /home/humbulani/miniconda3/envs/apache-airflow/lib/python3.8/site-packages/airflow/example_dags/example_trigger_target_dag.py
[2023-03-26T21:51:50.745+0200] {processor.py:743} INFO - Processing file /home/humbulani/miniconda3/envs/apache-airflow/lib/python3.8/site-packages/airflow/example_dags/example_trigger_target_dag.py for tasks to queue
[2023-03-26T21:51:50.745+0200] {logging_mixin.py:137} INFO - [2023-03-26T21:51:50.745+0200] {dagbag.py:532} INFO - Filling up the DagBag from /home/humbulani/miniconda3/envs/apache-airflow/lib/python3.8/site-packages/airflow/example_dags/example_trigger_target_dag.py
[2023-03-26T21:51:50.770+0200] {processor.py:753} INFO - DAG(s) dict_keys(['example_trigger_target_dag']) retrieved from /home/humbulani/miniconda3/envs/apache-airflow/lib/python3.8/site-packages/airflow/example_dags/example_trigger_target_dag.py
[2023-03-26T21:51:50.787+0200] {logging_mixin.py:137} INFO - [2023-03-26T21:51:50.787+0200] {dag.py:2693} INFO - Sync 1 DAGs
[2023-03-26T21:51:50.804+0200] {logging_mixin.py:137} INFO - [2023-03-26T21:51:50.804+0200] {dag.py:3440} INFO - Setting next_dagrun for example_trigger_target_dag to None, run_after=None
[2023-03-26T21:51:50.965+0200] {processor.py:175} INFO - Processing /home/humbulani/miniconda3/envs/apache-airflow/lib/python3.8/site-packages/airflow/example_dags/example_trigger_target_dag.py took 0.241 seconds
[2023-03-26T21:52:39.863+0200] {processor.py:153} INFO - Started process (PID=17207) to work on /home/humbulani/miniconda3/envs/apache-airflow/lib/python3.8/site-packages/airflow/example_dags/example_trigger_target_dag.py
[2023-03-26T21:52:39.863+0200] {processor.py:743} INFO - Processing file /home/humbulani/miniconda3/envs/apache-airflow/lib/python3.8/site-packages/airflow/example_dags/example_trigger_target_dag.py for tasks to queue
[2023-03-26T21:52:39.864+0200] {logging_mixin.py:137} INFO - [2023-03-26T21:52:39.864+0200] {dagbag.py:532} INFO - Filling up the DagBag from /home/humbulani/miniconda3/envs/apache-airflow/lib/python3.8/site-packages/airflow/example_dags/example_trigger_target_dag.py
[2023-03-26T21:52:39.882+0200] {processor.py:753} INFO - DAG(s) dict_keys(['example_trigger_target_dag']) retrieved from /home/humbulani/miniconda3/envs/apache-airflow/lib/python3.8/site-packages/airflow/example_dags/example_trigger_target_dag.py
[2023-03-26T21:52:39.899+0200] {logging_mixin.py:137} INFO - [2023-03-26T21:52:39.899+0200] {dag.py:2693} INFO - Sync 1 DAGs
[2023-03-26T21:52:40.002+0200] {logging_mixin.py:137} INFO - [2023-03-26T21:52:40.002+0200] {dag.py:3440} INFO - Setting next_dagrun for example_trigger_target_dag to None, run_after=None
[2023-03-26T21:52:40.065+0200] {processor.py:175} INFO - Processing /home/humbulani/miniconda3/envs/apache-airflow/lib/python3.8/site-packages/airflow/example_dags/example_trigger_target_dag.py took 0.204 seconds
[2023-03-26T21:53:29.262+0200] {processor.py:153} INFO - Started process (PID=17262) to work on /home/humbulani/miniconda3/envs/apache-airflow/lib/python3.8/site-packages/airflow/example_dags/example_trigger_target_dag.py
[2023-03-26T21:53:29.302+0200] {processor.py:743} INFO - Processing file /home/humbulani/miniconda3/envs/apache-airflow/lib/python3.8/site-packages/airflow/example_dags/example_trigger_target_dag.py for tasks to queue
[2023-03-26T21:53:29.303+0200] {logging_mixin.py:137} INFO - [2023-03-26T21:53:29.302+0200] {dagbag.py:532} INFO - Filling up the DagBag from /home/humbulani/miniconda3/envs/apache-airflow/lib/python3.8/site-packages/airflow/example_dags/example_trigger_target_dag.py
[2023-03-26T21:53:29.327+0200] {processor.py:753} INFO - DAG(s) dict_keys(['example_trigger_target_dag']) retrieved from /home/humbulani/miniconda3/envs/apache-airflow/lib/python3.8/site-packages/airflow/example_dags/example_trigger_target_dag.py
[2023-03-26T21:53:29.349+0200] {logging_mixin.py:137} INFO - [2023-03-26T21:53:29.348+0200] {dag.py:2693} INFO - Sync 1 DAGs
[2023-03-26T21:53:29.444+0200] {logging_mixin.py:137} INFO - [2023-03-26T21:53:29.444+0200] {dag.py:3440} INFO - Setting next_dagrun for example_trigger_target_dag to None, run_after=None
[2023-03-26T21:53:29.509+0200] {processor.py:175} INFO - Processing /home/humbulani/miniconda3/envs/apache-airflow/lib/python3.8/site-packages/airflow/example_dags/example_trigger_target_dag.py took 0.250 seconds
[2023-03-26T21:54:18.989+0200] {processor.py:153} INFO - Started process (PID=17309) to work on /home/humbulani/miniconda3/envs/apache-airflow/lib/python3.8/site-packages/airflow/example_dags/example_trigger_target_dag.py
[2023-03-26T21:54:19.038+0200] {processor.py:743} INFO - Processing file /home/humbulani/miniconda3/envs/apache-airflow/lib/python3.8/site-packages/airflow/example_dags/example_trigger_target_dag.py for tasks to queue
[2023-03-26T21:54:19.039+0200] {logging_mixin.py:137} INFO - [2023-03-26T21:54:19.039+0200] {dagbag.py:532} INFO - Filling up the DagBag from /home/humbulani/miniconda3/envs/apache-airflow/lib/python3.8/site-packages/airflow/example_dags/example_trigger_target_dag.py
[2023-03-26T21:54:19.064+0200] {processor.py:753} INFO - DAG(s) dict_keys(['example_trigger_target_dag']) retrieved from /home/humbulani/miniconda3/envs/apache-airflow/lib/python3.8/site-packages/airflow/example_dags/example_trigger_target_dag.py
[2023-03-26T21:54:19.165+0200] {logging_mixin.py:137} INFO - [2023-03-26T21:54:19.165+0200] {dag.py:2693} INFO - Sync 1 DAGs
[2023-03-26T21:54:19.180+0200] {logging_mixin.py:137} INFO - [2023-03-26T21:54:19.180+0200] {dag.py:3440} INFO - Setting next_dagrun for example_trigger_target_dag to None, run_after=None
[2023-03-26T21:54:19.248+0200] {processor.py:175} INFO - Processing /home/humbulani/miniconda3/envs/apache-airflow/lib/python3.8/site-packages/airflow/example_dags/example_trigger_target_dag.py took 0.263 seconds
[2023-03-26T21:55:07.625+0200] {processor.py:153} INFO - Started process (PID=17353) to work on /home/humbulani/miniconda3/envs/apache-airflow/lib/python3.8/site-packages/airflow/example_dags/example_trigger_target_dag.py
[2023-03-26T21:55:07.626+0200] {processor.py:743} INFO - Processing file /home/humbulani/miniconda3/envs/apache-airflow/lib/python3.8/site-packages/airflow/example_dags/example_trigger_target_dag.py for tasks to queue
[2023-03-26T21:55:07.626+0200] {logging_mixin.py:137} INFO - [2023-03-26T21:55:07.626+0200] {dagbag.py:532} INFO - Filling up the DagBag from /home/humbulani/miniconda3/envs/apache-airflow/lib/python3.8/site-packages/airflow/example_dags/example_trigger_target_dag.py
[2023-03-26T21:55:07.727+0200] {processor.py:753} INFO - DAG(s) dict_keys(['example_trigger_target_dag']) retrieved from /home/humbulani/miniconda3/envs/apache-airflow/lib/python3.8/site-packages/airflow/example_dags/example_trigger_target_dag.py
[2023-03-26T21:55:07.740+0200] {logging_mixin.py:137} INFO - [2023-03-26T21:55:07.740+0200] {dag.py:2693} INFO - Sync 1 DAGs
[2023-03-26T21:55:07.756+0200] {logging_mixin.py:137} INFO - [2023-03-26T21:55:07.756+0200] {dag.py:3440} INFO - Setting next_dagrun for example_trigger_target_dag to None, run_after=None
[2023-03-26T21:55:07.849+0200] {processor.py:175} INFO - Processing /home/humbulani/miniconda3/envs/apache-airflow/lib/python3.8/site-packages/airflow/example_dags/example_trigger_target_dag.py took 0.226 seconds
[2023-03-26T21:55:58.680+0200] {processor.py:153} INFO - Started process (PID=17451) to work on /home/humbulani/miniconda3/envs/apache-airflow/lib/python3.8/site-packages/airflow/example_dags/example_trigger_target_dag.py
[2023-03-26T21:55:58.693+0200] {processor.py:743} INFO - Processing file /home/humbulani/miniconda3/envs/apache-airflow/lib/python3.8/site-packages/airflow/example_dags/example_trigger_target_dag.py for tasks to queue
[2023-03-26T21:55:58.694+0200] {logging_mixin.py:137} INFO - [2023-03-26T21:55:58.693+0200] {dagbag.py:532} INFO - Filling up the DagBag from /home/humbulani/miniconda3/envs/apache-airflow/lib/python3.8/site-packages/airflow/example_dags/example_trigger_target_dag.py
[2023-03-26T21:55:58.825+0200] {processor.py:753} INFO - DAG(s) dict_keys(['example_trigger_target_dag']) retrieved from /home/humbulani/miniconda3/envs/apache-airflow/lib/python3.8/site-packages/airflow/example_dags/example_trigger_target_dag.py
[2023-03-26T21:55:58.843+0200] {logging_mixin.py:137} INFO - [2023-03-26T21:55:58.842+0200] {dag.py:2693} INFO - Sync 1 DAGs
[2023-03-26T21:55:58.866+0200] {logging_mixin.py:137} INFO - [2023-03-26T21:55:58.866+0200] {dag.py:3440} INFO - Setting next_dagrun for example_trigger_target_dag to None, run_after=None
[2023-03-26T21:55:58.928+0200] {processor.py:175} INFO - Processing /home/humbulani/miniconda3/envs/apache-airflow/lib/python3.8/site-packages/airflow/example_dags/example_trigger_target_dag.py took 0.251 seconds
[2023-03-26T21:56:44.059+0200] {processor.py:153} INFO - Started process (PID=17497) to work on /home/humbulani/miniconda3/envs/apache-airflow/lib/python3.8/site-packages/airflow/example_dags/example_trigger_target_dag.py
[2023-03-26T21:56:44.096+0200] {processor.py:743} INFO - Processing file /home/humbulani/miniconda3/envs/apache-airflow/lib/python3.8/site-packages/airflow/example_dags/example_trigger_target_dag.py for tasks to queue
[2023-03-26T21:56:44.097+0200] {logging_mixin.py:137} INFO - [2023-03-26T21:56:44.097+0200] {dagbag.py:532} INFO - Filling up the DagBag from /home/humbulani/miniconda3/envs/apache-airflow/lib/python3.8/site-packages/airflow/example_dags/example_trigger_target_dag.py
[2023-03-26T21:56:44.116+0200] {processor.py:753} INFO - DAG(s) dict_keys(['example_trigger_target_dag']) retrieved from /home/humbulani/miniconda3/envs/apache-airflow/lib/python3.8/site-packages/airflow/example_dags/example_trigger_target_dag.py
[2023-03-26T21:56:44.132+0200] {logging_mixin.py:137} INFO - [2023-03-26T21:56:44.132+0200] {dag.py:2693} INFO - Sync 1 DAGs
[2023-03-26T21:56:44.150+0200] {logging_mixin.py:137} INFO - [2023-03-26T21:56:44.150+0200] {dag.py:3440} INFO - Setting next_dagrun for example_trigger_target_dag to None, run_after=None
[2023-03-26T21:56:44.223+0200] {processor.py:175} INFO - Processing /home/humbulani/miniconda3/envs/apache-airflow/lib/python3.8/site-packages/airflow/example_dags/example_trigger_target_dag.py took 0.167 seconds
[2023-03-26T21:57:27.161+0200] {processor.py:153} INFO - Started process (PID=17608) to work on /home/humbulani/miniconda3/envs/apache-airflow/lib/python3.8/site-packages/airflow/example_dags/example_trigger_target_dag.py
[2023-03-26T21:57:27.178+0200] {processor.py:743} INFO - Processing file /home/humbulani/miniconda3/envs/apache-airflow/lib/python3.8/site-packages/airflow/example_dags/example_trigger_target_dag.py for tasks to queue
[2023-03-26T21:57:27.179+0200] {logging_mixin.py:137} INFO - [2023-03-26T21:57:27.179+0200] {dagbag.py:532} INFO - Filling up the DagBag from /home/humbulani/miniconda3/envs/apache-airflow/lib/python3.8/site-packages/airflow/example_dags/example_trigger_target_dag.py
[2023-03-26T21:57:27.198+0200] {processor.py:753} INFO - DAG(s) dict_keys(['example_trigger_target_dag']) retrieved from /home/humbulani/miniconda3/envs/apache-airflow/lib/python3.8/site-packages/airflow/example_dags/example_trigger_target_dag.py
[2023-03-26T21:57:27.215+0200] {logging_mixin.py:137} INFO - [2023-03-26T21:57:27.215+0200] {dag.py:2693} INFO - Sync 1 DAGs
[2023-03-26T21:57:27.232+0200] {logging_mixin.py:137} INFO - [2023-03-26T21:57:27.231+0200] {dag.py:3440} INFO - Setting next_dagrun for example_trigger_target_dag to None, run_after=None
[2023-03-26T21:57:27.313+0200] {processor.py:175} INFO - Processing /home/humbulani/miniconda3/envs/apache-airflow/lib/python3.8/site-packages/airflow/example_dags/example_trigger_target_dag.py took 0.154 seconds
[2023-03-26T21:58:12.914+0200] {processor.py:153} INFO - Started process (PID=17842) to work on /home/humbulani/miniconda3/envs/apache-airflow/lib/python3.8/site-packages/airflow/example_dags/example_trigger_target_dag.py
[2023-03-26T21:58:12.915+0200] {processor.py:743} INFO - Processing file /home/humbulani/miniconda3/envs/apache-airflow/lib/python3.8/site-packages/airflow/example_dags/example_trigger_target_dag.py for tasks to queue
[2023-03-26T21:58:12.916+0200] {logging_mixin.py:137} INFO - [2023-03-26T21:58:12.915+0200] {dagbag.py:532} INFO - Filling up the DagBag from /home/humbulani/miniconda3/envs/apache-airflow/lib/python3.8/site-packages/airflow/example_dags/example_trigger_target_dag.py
[2023-03-26T21:58:12.935+0200] {processor.py:753} INFO - DAG(s) dict_keys(['example_trigger_target_dag']) retrieved from /home/humbulani/miniconda3/envs/apache-airflow/lib/python3.8/site-packages/airflow/example_dags/example_trigger_target_dag.py
[2023-03-26T21:58:12.952+0200] {logging_mixin.py:137} INFO - [2023-03-26T21:58:12.951+0200] {dag.py:2693} INFO - Sync 1 DAGs
[2023-03-26T21:58:12.968+0200] {logging_mixin.py:137} INFO - [2023-03-26T21:58:12.968+0200] {dag.py:3440} INFO - Setting next_dagrun for example_trigger_target_dag to None, run_after=None
[2023-03-26T21:58:13.054+0200] {processor.py:175} INFO - Processing /home/humbulani/miniconda3/envs/apache-airflow/lib/python3.8/site-packages/airflow/example_dags/example_trigger_target_dag.py took 0.142 seconds
[2023-03-26T21:59:00.185+0200] {processor.py:153} INFO - Started process (PID=17908) to work on /home/humbulani/miniconda3/envs/apache-airflow/lib/python3.8/site-packages/airflow/example_dags/example_trigger_target_dag.py
[2023-03-26T21:59:00.202+0200] {processor.py:743} INFO - Processing file /home/humbulani/miniconda3/envs/apache-airflow/lib/python3.8/site-packages/airflow/example_dags/example_trigger_target_dag.py for tasks to queue
[2023-03-26T21:59:00.202+0200] {logging_mixin.py:137} INFO - [2023-03-26T21:59:00.202+0200] {dagbag.py:532} INFO - Filling up the DagBag from /home/humbulani/miniconda3/envs/apache-airflow/lib/python3.8/site-packages/airflow/example_dags/example_trigger_target_dag.py
[2023-03-26T21:59:00.222+0200] {processor.py:753} INFO - DAG(s) dict_keys(['example_trigger_target_dag']) retrieved from /home/humbulani/miniconda3/envs/apache-airflow/lib/python3.8/site-packages/airflow/example_dags/example_trigger_target_dag.py
[2023-03-26T21:59:00.239+0200] {logging_mixin.py:137} INFO - [2023-03-26T21:59:00.239+0200] {dag.py:2693} INFO - Sync 1 DAGs
[2023-03-26T21:59:00.256+0200] {logging_mixin.py:137} INFO - [2023-03-26T21:59:00.256+0200] {dag.py:3440} INFO - Setting next_dagrun for example_trigger_target_dag to None, run_after=None
[2023-03-26T21:59:00.351+0200] {processor.py:175} INFO - Processing /home/humbulani/miniconda3/envs/apache-airflow/lib/python3.8/site-packages/airflow/example_dags/example_trigger_target_dag.py took 0.169 seconds
[2023-03-26T21:59:48.838+0200] {processor.py:153} INFO - Started process (PID=18125) to work on /home/humbulani/miniconda3/envs/apache-airflow/lib/python3.8/site-packages/airflow/example_dags/example_trigger_target_dag.py
[2023-03-26T21:59:48.857+0200] {processor.py:743} INFO - Processing file /home/humbulani/miniconda3/envs/apache-airflow/lib/python3.8/site-packages/airflow/example_dags/example_trigger_target_dag.py for tasks to queue
[2023-03-26T21:59:48.858+0200] {logging_mixin.py:137} INFO - [2023-03-26T21:59:48.858+0200] {dagbag.py:532} INFO - Filling up the DagBag from /home/humbulani/miniconda3/envs/apache-airflow/lib/python3.8/site-packages/airflow/example_dags/example_trigger_target_dag.py
[2023-03-26T21:59:48.885+0200] {processor.py:753} INFO - DAG(s) dict_keys(['example_trigger_target_dag']) retrieved from /home/humbulani/miniconda3/envs/apache-airflow/lib/python3.8/site-packages/airflow/example_dags/example_trigger_target_dag.py
[2023-03-26T21:59:48.903+0200] {logging_mixin.py:137} INFO - [2023-03-26T21:59:48.903+0200] {dag.py:2693} INFO - Sync 1 DAGs
[2023-03-26T21:59:48.921+0200] {logging_mixin.py:137} INFO - [2023-03-26T21:59:48.921+0200] {dag.py:3440} INFO - Setting next_dagrun for example_trigger_target_dag to None, run_after=None
[2023-03-26T21:59:49.005+0200] {processor.py:175} INFO - Processing /home/humbulani/miniconda3/envs/apache-airflow/lib/python3.8/site-packages/airflow/example_dags/example_trigger_target_dag.py took 0.169 seconds
[2023-03-26T22:00:35.378+0200] {processor.py:153} INFO - Started process (PID=18176) to work on /home/humbulani/miniconda3/envs/apache-airflow/lib/python3.8/site-packages/airflow/example_dags/example_trigger_target_dag.py
[2023-03-26T22:00:35.394+0200] {processor.py:743} INFO - Processing file /home/humbulani/miniconda3/envs/apache-airflow/lib/python3.8/site-packages/airflow/example_dags/example_trigger_target_dag.py for tasks to queue
[2023-03-26T22:00:35.394+0200] {logging_mixin.py:137} INFO - [2023-03-26T22:00:35.394+0200] {dagbag.py:532} INFO - Filling up the DagBag from /home/humbulani/miniconda3/envs/apache-airflow/lib/python3.8/site-packages/airflow/example_dags/example_trigger_target_dag.py
[2023-03-26T22:00:35.418+0200] {processor.py:753} INFO - DAG(s) dict_keys(['example_trigger_target_dag']) retrieved from /home/humbulani/miniconda3/envs/apache-airflow/lib/python3.8/site-packages/airflow/example_dags/example_trigger_target_dag.py
[2023-03-26T22:00:35.435+0200] {logging_mixin.py:137} INFO - [2023-03-26T22:00:35.435+0200] {dag.py:2693} INFO - Sync 1 DAGs
[2023-03-26T22:00:35.452+0200] {logging_mixin.py:137} INFO - [2023-03-26T22:00:35.452+0200] {dag.py:3440} INFO - Setting next_dagrun for example_trigger_target_dag to None, run_after=None
[2023-03-26T22:00:35.531+0200] {processor.py:175} INFO - Processing /home/humbulani/miniconda3/envs/apache-airflow/lib/python3.8/site-packages/airflow/example_dags/example_trigger_target_dag.py took 0.155 seconds
[2023-03-26T22:01:20.647+0200] {processor.py:153} INFO - Started process (PID=18271) to work on /home/humbulani/miniconda3/envs/apache-airflow/lib/python3.8/site-packages/airflow/example_dags/example_trigger_target_dag.py
[2023-03-26T22:01:20.665+0200] {processor.py:743} INFO - Processing file /home/humbulani/miniconda3/envs/apache-airflow/lib/python3.8/site-packages/airflow/example_dags/example_trigger_target_dag.py for tasks to queue
[2023-03-26T22:01:20.666+0200] {logging_mixin.py:137} INFO - [2023-03-26T22:01:20.666+0200] {dagbag.py:532} INFO - Filling up the DagBag from /home/humbulani/miniconda3/envs/apache-airflow/lib/python3.8/site-packages/airflow/example_dags/example_trigger_target_dag.py
[2023-03-26T22:01:20.692+0200] {processor.py:753} INFO - DAG(s) dict_keys(['example_trigger_target_dag']) retrieved from /home/humbulani/miniconda3/envs/apache-airflow/lib/python3.8/site-packages/airflow/example_dags/example_trigger_target_dag.py
[2023-03-26T22:01:20.710+0200] {logging_mixin.py:137} INFO - [2023-03-26T22:01:20.710+0200] {dag.py:2693} INFO - Sync 1 DAGs
[2023-03-26T22:01:20.726+0200] {logging_mixin.py:137} INFO - [2023-03-26T22:01:20.726+0200] {dag.py:3440} INFO - Setting next_dagrun for example_trigger_target_dag to None, run_after=None
[2023-03-26T22:01:20.801+0200] {processor.py:175} INFO - Processing /home/humbulani/miniconda3/envs/apache-airflow/lib/python3.8/site-packages/airflow/example_dags/example_trigger_target_dag.py took 0.156 seconds
[2023-03-26T22:02:08.469+0200] {processor.py:153} INFO - Started process (PID=18517) to work on /home/humbulani/miniconda3/envs/apache-airflow/lib/python3.8/site-packages/airflow/example_dags/example_trigger_target_dag.py
[2023-03-26T22:02:08.486+0200] {processor.py:743} INFO - Processing file /home/humbulani/miniconda3/envs/apache-airflow/lib/python3.8/site-packages/airflow/example_dags/example_trigger_target_dag.py for tasks to queue
[2023-03-26T22:02:08.486+0200] {logging_mixin.py:137} INFO - [2023-03-26T22:02:08.486+0200] {dagbag.py:532} INFO - Filling up the DagBag from /home/humbulani/miniconda3/envs/apache-airflow/lib/python3.8/site-packages/airflow/example_dags/example_trigger_target_dag.py
[2023-03-26T22:02:08.511+0200] {processor.py:753} INFO - DAG(s) dict_keys(['example_trigger_target_dag']) retrieved from /home/humbulani/miniconda3/envs/apache-airflow/lib/python3.8/site-packages/airflow/example_dags/example_trigger_target_dag.py
[2023-03-26T22:02:08.529+0200] {logging_mixin.py:137} INFO - [2023-03-26T22:02:08.529+0200] {dag.py:2693} INFO - Sync 1 DAGs
[2023-03-26T22:02:08.545+0200] {logging_mixin.py:137} INFO - [2023-03-26T22:02:08.545+0200] {dag.py:3440} INFO - Setting next_dagrun for example_trigger_target_dag to None, run_after=None
[2023-03-26T22:02:08.621+0200] {processor.py:175} INFO - Processing /home/humbulani/miniconda3/envs/apache-airflow/lib/python3.8/site-packages/airflow/example_dags/example_trigger_target_dag.py took 0.154 seconds
[2023-03-26T22:02:55.265+0200] {processor.py:153} INFO - Started process (PID=18573) to work on /home/humbulani/miniconda3/envs/apache-airflow/lib/python3.8/site-packages/airflow/example_dags/example_trigger_target_dag.py
[2023-03-26T22:02:55.281+0200] {processor.py:743} INFO - Processing file /home/humbulani/miniconda3/envs/apache-airflow/lib/python3.8/site-packages/airflow/example_dags/example_trigger_target_dag.py for tasks to queue
[2023-03-26T22:02:55.281+0200] {logging_mixin.py:137} INFO - [2023-03-26T22:02:55.281+0200] {dagbag.py:532} INFO - Filling up the DagBag from /home/humbulani/miniconda3/envs/apache-airflow/lib/python3.8/site-packages/airflow/example_dags/example_trigger_target_dag.py
[2023-03-26T22:02:55.306+0200] {processor.py:753} INFO - DAG(s) dict_keys(['example_trigger_target_dag']) retrieved from /home/humbulani/miniconda3/envs/apache-airflow/lib/python3.8/site-packages/airflow/example_dags/example_trigger_target_dag.py
[2023-03-26T22:02:55.323+0200] {logging_mixin.py:137} INFO - [2023-03-26T22:02:55.322+0200] {dag.py:2693} INFO - Sync 1 DAGs
[2023-03-26T22:02:55.339+0200] {logging_mixin.py:137} INFO - [2023-03-26T22:02:55.339+0200] {dag.py:3440} INFO - Setting next_dagrun for example_trigger_target_dag to None, run_after=None
[2023-03-26T22:02:55.408+0200] {processor.py:175} INFO - Processing /home/humbulani/miniconda3/envs/apache-airflow/lib/python3.8/site-packages/airflow/example_dags/example_trigger_target_dag.py took 0.145 seconds
[2023-03-26T22:03:39.746+0200] {processor.py:153} INFO - Started process (PID=18627) to work on /home/humbulani/miniconda3/envs/apache-airflow/lib/python3.8/site-packages/airflow/example_dags/example_trigger_target_dag.py
[2023-03-26T22:03:39.753+0200] {processor.py:743} INFO - Processing file /home/humbulani/miniconda3/envs/apache-airflow/lib/python3.8/site-packages/airflow/example_dags/example_trigger_target_dag.py for tasks to queue
[2023-03-26T22:03:39.754+0200] {logging_mixin.py:137} INFO - [2023-03-26T22:03:39.753+0200] {dagbag.py:532} INFO - Filling up the DagBag from /home/humbulani/miniconda3/envs/apache-airflow/lib/python3.8/site-packages/airflow/example_dags/example_trigger_target_dag.py
[2023-03-26T22:03:39.773+0200] {processor.py:753} INFO - DAG(s) dict_keys(['example_trigger_target_dag']) retrieved from /home/humbulani/miniconda3/envs/apache-airflow/lib/python3.8/site-packages/airflow/example_dags/example_trigger_target_dag.py
[2023-03-26T22:03:39.789+0200] {logging_mixin.py:137} INFO - [2023-03-26T22:03:39.789+0200] {dag.py:2693} INFO - Sync 1 DAGs
[2023-03-26T22:03:39.807+0200] {logging_mixin.py:137} INFO - [2023-03-26T22:03:39.807+0200] {dag.py:3440} INFO - Setting next_dagrun for example_trigger_target_dag to None, run_after=None
[2023-03-26T22:03:39.869+0200] {processor.py:175} INFO - Processing /home/humbulani/miniconda3/envs/apache-airflow/lib/python3.8/site-packages/airflow/example_dags/example_trigger_target_dag.py took 0.125 seconds
[2023-03-26T22:04:24.938+0200] {processor.py:153} INFO - Started process (PID=18697) to work on /home/humbulani/miniconda3/envs/apache-airflow/lib/python3.8/site-packages/airflow/example_dags/example_trigger_target_dag.py
[2023-03-26T22:04:24.948+0200] {processor.py:743} INFO - Processing file /home/humbulani/miniconda3/envs/apache-airflow/lib/python3.8/site-packages/airflow/example_dags/example_trigger_target_dag.py for tasks to queue
[2023-03-26T22:04:24.949+0200] {logging_mixin.py:137} INFO - [2023-03-26T22:04:24.948+0200] {dagbag.py:532} INFO - Filling up the DagBag from /home/humbulani/miniconda3/envs/apache-airflow/lib/python3.8/site-packages/airflow/example_dags/example_trigger_target_dag.py
[2023-03-26T22:04:24.973+0200] {processor.py:753} INFO - DAG(s) dict_keys(['example_trigger_target_dag']) retrieved from /home/humbulani/miniconda3/envs/apache-airflow/lib/python3.8/site-packages/airflow/example_dags/example_trigger_target_dag.py
[2023-03-26T22:04:24.998+0200] {logging_mixin.py:137} INFO - [2023-03-26T22:04:24.998+0200] {dag.py:2693} INFO - Sync 1 DAGs
[2023-03-26T22:04:25.021+0200] {logging_mixin.py:137} INFO - [2023-03-26T22:04:25.021+0200] {dag.py:3440} INFO - Setting next_dagrun for example_trigger_target_dag to None, run_after=None
[2023-03-26T22:04:25.117+0200] {processor.py:175} INFO - Processing /home/humbulani/miniconda3/envs/apache-airflow/lib/python3.8/site-packages/airflow/example_dags/example_trigger_target_dag.py took 0.181 seconds
[2023-03-26T22:05:10.838+0200] {processor.py:153} INFO - Started process (PID=18746) to work on /home/humbulani/miniconda3/envs/apache-airflow/lib/python3.8/site-packages/airflow/example_dags/example_trigger_target_dag.py
[2023-03-26T22:05:10.859+0200] {processor.py:743} INFO - Processing file /home/humbulani/miniconda3/envs/apache-airflow/lib/python3.8/site-packages/airflow/example_dags/example_trigger_target_dag.py for tasks to queue
[2023-03-26T22:05:10.860+0200] {logging_mixin.py:137} INFO - [2023-03-26T22:05:10.860+0200] {dagbag.py:532} INFO - Filling up the DagBag from /home/humbulani/miniconda3/envs/apache-airflow/lib/python3.8/site-packages/airflow/example_dags/example_trigger_target_dag.py
[2023-03-26T22:05:10.881+0200] {processor.py:753} INFO - DAG(s) dict_keys(['example_trigger_target_dag']) retrieved from /home/humbulani/miniconda3/envs/apache-airflow/lib/python3.8/site-packages/airflow/example_dags/example_trigger_target_dag.py
[2023-03-26T22:05:10.899+0200] {logging_mixin.py:137} INFO - [2023-03-26T22:05:10.899+0200] {dag.py:2693} INFO - Sync 1 DAGs
[2023-03-26T22:05:10.918+0200] {logging_mixin.py:137} INFO - [2023-03-26T22:05:10.918+0200] {dag.py:3440} INFO - Setting next_dagrun for example_trigger_target_dag to None, run_after=None
[2023-03-26T22:05:11.001+0200] {processor.py:175} INFO - Processing /home/humbulani/miniconda3/envs/apache-airflow/lib/python3.8/site-packages/airflow/example_dags/example_trigger_target_dag.py took 0.167 seconds
[2023-03-26T22:05:54.662+0200] {processor.py:153} INFO - Started process (PID=18799) to work on /home/humbulani/miniconda3/envs/apache-airflow/lib/python3.8/site-packages/airflow/example_dags/example_trigger_target_dag.py
[2023-03-26T22:05:54.666+0200] {processor.py:743} INFO - Processing file /home/humbulani/miniconda3/envs/apache-airflow/lib/python3.8/site-packages/airflow/example_dags/example_trigger_target_dag.py for tasks to queue
[2023-03-26T22:05:54.667+0200] {logging_mixin.py:137} INFO - [2023-03-26T22:05:54.667+0200] {dagbag.py:532} INFO - Filling up the DagBag from /home/humbulani/miniconda3/envs/apache-airflow/lib/python3.8/site-packages/airflow/example_dags/example_trigger_target_dag.py
[2023-03-26T22:05:54.687+0200] {processor.py:753} INFO - DAG(s) dict_keys(['example_trigger_target_dag']) retrieved from /home/humbulani/miniconda3/envs/apache-airflow/lib/python3.8/site-packages/airflow/example_dags/example_trigger_target_dag.py
[2023-03-26T22:05:54.705+0200] {logging_mixin.py:137} INFO - [2023-03-26T22:05:54.705+0200] {dag.py:2693} INFO - Sync 1 DAGs
[2023-03-26T22:05:54.723+0200] {logging_mixin.py:137} INFO - [2023-03-26T22:05:54.722+0200] {dag.py:3440} INFO - Setting next_dagrun for example_trigger_target_dag to None, run_after=None
[2023-03-26T22:05:54.796+0200] {processor.py:175} INFO - Processing /home/humbulani/miniconda3/envs/apache-airflow/lib/python3.8/site-packages/airflow/example_dags/example_trigger_target_dag.py took 0.136 seconds
[2023-03-26T22:06:41.809+0200] {processor.py:153} INFO - Started process (PID=18842) to work on /home/humbulani/miniconda3/envs/apache-airflow/lib/python3.8/site-packages/airflow/example_dags/example_trigger_target_dag.py
[2023-03-26T22:06:41.810+0200] {processor.py:743} INFO - Processing file /home/humbulani/miniconda3/envs/apache-airflow/lib/python3.8/site-packages/airflow/example_dags/example_trigger_target_dag.py for tasks to queue
[2023-03-26T22:06:41.811+0200] {logging_mixin.py:137} INFO - [2023-03-26T22:06:41.811+0200] {dagbag.py:532} INFO - Filling up the DagBag from /home/humbulani/miniconda3/envs/apache-airflow/lib/python3.8/site-packages/airflow/example_dags/example_trigger_target_dag.py
[2023-03-26T22:06:41.834+0200] {processor.py:753} INFO - DAG(s) dict_keys(['example_trigger_target_dag']) retrieved from /home/humbulani/miniconda3/envs/apache-airflow/lib/python3.8/site-packages/airflow/example_dags/example_trigger_target_dag.py
[2023-03-26T22:06:41.851+0200] {logging_mixin.py:137} INFO - [2023-03-26T22:06:41.851+0200] {dag.py:2693} INFO - Sync 1 DAGs
[2023-03-26T22:06:41.870+0200] {logging_mixin.py:137} INFO - [2023-03-26T22:06:41.870+0200] {dag.py:3440} INFO - Setting next_dagrun for example_trigger_target_dag to None, run_after=None
[2023-03-26T22:06:41.938+0200] {processor.py:175} INFO - Processing /home/humbulani/miniconda3/envs/apache-airflow/lib/python3.8/site-packages/airflow/example_dags/example_trigger_target_dag.py took 0.133 seconds
[2023-03-26T22:07:28.936+0200] {processor.py:153} INFO - Started process (PID=18988) to work on /home/humbulani/miniconda3/envs/apache-airflow/lib/python3.8/site-packages/airflow/example_dags/example_trigger_target_dag.py
[2023-03-26T22:07:28.953+0200] {processor.py:743} INFO - Processing file /home/humbulani/miniconda3/envs/apache-airflow/lib/python3.8/site-packages/airflow/example_dags/example_trigger_target_dag.py for tasks to queue
[2023-03-26T22:07:28.954+0200] {logging_mixin.py:137} INFO - [2023-03-26T22:07:28.954+0200] {dagbag.py:532} INFO - Filling up the DagBag from /home/humbulani/miniconda3/envs/apache-airflow/lib/python3.8/site-packages/airflow/example_dags/example_trigger_target_dag.py
[2023-03-26T22:07:28.973+0200] {processor.py:753} INFO - DAG(s) dict_keys(['example_trigger_target_dag']) retrieved from /home/humbulani/miniconda3/envs/apache-airflow/lib/python3.8/site-packages/airflow/example_dags/example_trigger_target_dag.py
[2023-03-26T22:07:28.989+0200] {logging_mixin.py:137} INFO - [2023-03-26T22:07:28.989+0200] {dag.py:2693} INFO - Sync 1 DAGs
[2023-03-26T22:07:29.006+0200] {logging_mixin.py:137} INFO - [2023-03-26T22:07:29.005+0200] {dag.py:3440} INFO - Setting next_dagrun for example_trigger_target_dag to None, run_after=None
[2023-03-26T22:07:29.074+0200] {processor.py:175} INFO - Processing /home/humbulani/miniconda3/envs/apache-airflow/lib/python3.8/site-packages/airflow/example_dags/example_trigger_target_dag.py took 0.140 seconds
[2023-03-26T22:08:12.755+0200] {processor.py:153} INFO - Started process (PID=19037) to work on /home/humbulani/miniconda3/envs/apache-airflow/lib/python3.8/site-packages/airflow/example_dags/example_trigger_target_dag.py
[2023-03-26T22:08:12.756+0200] {processor.py:743} INFO - Processing file /home/humbulani/miniconda3/envs/apache-airflow/lib/python3.8/site-packages/airflow/example_dags/example_trigger_target_dag.py for tasks to queue
[2023-03-26T22:08:12.756+0200] {logging_mixin.py:137} INFO - [2023-03-26T22:08:12.756+0200] {dagbag.py:532} INFO - Filling up the DagBag from /home/humbulani/miniconda3/envs/apache-airflow/lib/python3.8/site-packages/airflow/example_dags/example_trigger_target_dag.py
[2023-03-26T22:08:12.777+0200] {processor.py:753} INFO - DAG(s) dict_keys(['example_trigger_target_dag']) retrieved from /home/humbulani/miniconda3/envs/apache-airflow/lib/python3.8/site-packages/airflow/example_dags/example_trigger_target_dag.py
[2023-03-26T22:08:12.794+0200] {logging_mixin.py:137} INFO - [2023-03-26T22:08:12.793+0200] {dag.py:2693} INFO - Sync 1 DAGs
[2023-03-26T22:08:12.811+0200] {logging_mixin.py:137} INFO - [2023-03-26T22:08:12.811+0200] {dag.py:3440} INFO - Setting next_dagrun for example_trigger_target_dag to None, run_after=None
[2023-03-26T22:08:12.880+0200] {processor.py:175} INFO - Processing /home/humbulani/miniconda3/envs/apache-airflow/lib/python3.8/site-packages/airflow/example_dags/example_trigger_target_dag.py took 0.128 seconds
[2023-03-26T22:08:59.073+0200] {processor.py:153} INFO - Started process (PID=19119) to work on /home/humbulani/miniconda3/envs/apache-airflow/lib/python3.8/site-packages/airflow/example_dags/example_trigger_target_dag.py
[2023-03-26T22:08:59.096+0200] {processor.py:743} INFO - Processing file /home/humbulani/miniconda3/envs/apache-airflow/lib/python3.8/site-packages/airflow/example_dags/example_trigger_target_dag.py for tasks to queue
[2023-03-26T22:08:59.097+0200] {logging_mixin.py:137} INFO - [2023-03-26T22:08:59.096+0200] {dagbag.py:532} INFO - Filling up the DagBag from /home/humbulani/miniconda3/envs/apache-airflow/lib/python3.8/site-packages/airflow/example_dags/example_trigger_target_dag.py
[2023-03-26T22:08:59.118+0200] {processor.py:753} INFO - DAG(s) dict_keys(['example_trigger_target_dag']) retrieved from /home/humbulani/miniconda3/envs/apache-airflow/lib/python3.8/site-packages/airflow/example_dags/example_trigger_target_dag.py
[2023-03-26T22:09:00.797+0200] {logging_mixin.py:137} INFO - [2023-03-26T22:09:00.797+0200] {dag.py:2693} INFO - Sync 1 DAGs
[2023-03-26T22:09:00.824+0200] {logging_mixin.py:137} INFO - [2023-03-26T22:09:00.824+0200] {dag.py:3440} INFO - Setting next_dagrun for example_trigger_target_dag to None, run_after=None
[2023-03-26T22:09:00.919+0200] {processor.py:175} INFO - Processing /home/humbulani/miniconda3/envs/apache-airflow/lib/python3.8/site-packages/airflow/example_dags/example_trigger_target_dag.py took 1.850 seconds
[2023-03-26T22:09:46.904+0200] {processor.py:153} INFO - Started process (PID=19162) to work on /home/humbulani/miniconda3/envs/apache-airflow/lib/python3.8/site-packages/airflow/example_dags/example_trigger_target_dag.py
[2023-03-26T22:09:46.904+0200] {processor.py:743} INFO - Processing file /home/humbulani/miniconda3/envs/apache-airflow/lib/python3.8/site-packages/airflow/example_dags/example_trigger_target_dag.py for tasks to queue
[2023-03-26T22:09:46.905+0200] {logging_mixin.py:137} INFO - [2023-03-26T22:09:46.905+0200] {dagbag.py:532} INFO - Filling up the DagBag from /home/humbulani/miniconda3/envs/apache-airflow/lib/python3.8/site-packages/airflow/example_dags/example_trigger_target_dag.py
[2023-03-26T22:09:46.925+0200] {processor.py:753} INFO - DAG(s) dict_keys(['example_trigger_target_dag']) retrieved from /home/humbulani/miniconda3/envs/apache-airflow/lib/python3.8/site-packages/airflow/example_dags/example_trigger_target_dag.py
[2023-03-26T22:09:46.942+0200] {logging_mixin.py:137} INFO - [2023-03-26T22:09:46.942+0200] {dag.py:2693} INFO - Sync 1 DAGs
[2023-03-26T22:09:46.959+0200] {logging_mixin.py:137} INFO - [2023-03-26T22:09:46.959+0200] {dag.py:3440} INFO - Setting next_dagrun for example_trigger_target_dag to None, run_after=None
[2023-03-26T22:09:47.024+0200] {processor.py:175} INFO - Processing /home/humbulani/miniconda3/envs/apache-airflow/lib/python3.8/site-packages/airflow/example_dags/example_trigger_target_dag.py took 0.122 seconds
[2023-03-26T22:10:30.684+0200] {processor.py:153} INFO - Started process (PID=19232) to work on /home/humbulani/miniconda3/envs/apache-airflow/lib/python3.8/site-packages/airflow/example_dags/example_trigger_target_dag.py
[2023-03-26T22:10:30.685+0200] {processor.py:743} INFO - Processing file /home/humbulani/miniconda3/envs/apache-airflow/lib/python3.8/site-packages/airflow/example_dags/example_trigger_target_dag.py for tasks to queue
[2023-03-26T22:10:30.685+0200] {logging_mixin.py:137} INFO - [2023-03-26T22:10:30.685+0200] {dagbag.py:532} INFO - Filling up the DagBag from /home/humbulani/miniconda3/envs/apache-airflow/lib/python3.8/site-packages/airflow/example_dags/example_trigger_target_dag.py
[2023-03-26T22:10:30.704+0200] {processor.py:753} INFO - DAG(s) dict_keys(['example_trigger_target_dag']) retrieved from /home/humbulani/miniconda3/envs/apache-airflow/lib/python3.8/site-packages/airflow/example_dags/example_trigger_target_dag.py
[2023-03-26T22:10:30.721+0200] {logging_mixin.py:137} INFO - [2023-03-26T22:10:30.721+0200] {dag.py:2693} INFO - Sync 1 DAGs
[2023-03-26T22:10:30.737+0200] {logging_mixin.py:137} INFO - [2023-03-26T22:10:30.737+0200] {dag.py:3440} INFO - Setting next_dagrun for example_trigger_target_dag to None, run_after=None
[2023-03-26T22:10:30.803+0200] {processor.py:175} INFO - Processing /home/humbulani/miniconda3/envs/apache-airflow/lib/python3.8/site-packages/airflow/example_dags/example_trigger_target_dag.py took 0.122 seconds
[2023-03-26T22:11:18.752+0200] {processor.py:153} INFO - Started process (PID=19335) to work on /home/humbulani/miniconda3/envs/apache-airflow/lib/python3.8/site-packages/airflow/example_dags/example_trigger_target_dag.py
[2023-03-26T22:11:18.759+0200] {processor.py:743} INFO - Processing file /home/humbulani/miniconda3/envs/apache-airflow/lib/python3.8/site-packages/airflow/example_dags/example_trigger_target_dag.py for tasks to queue
[2023-03-26T22:11:18.759+0200] {logging_mixin.py:137} INFO - [2023-03-26T22:11:18.759+0200] {dagbag.py:532} INFO - Filling up the DagBag from /home/humbulani/miniconda3/envs/apache-airflow/lib/python3.8/site-packages/airflow/example_dags/example_trigger_target_dag.py
[2023-03-26T22:11:18.784+0200] {processor.py:753} INFO - DAG(s) dict_keys(['example_trigger_target_dag']) retrieved from /home/humbulani/miniconda3/envs/apache-airflow/lib/python3.8/site-packages/airflow/example_dags/example_trigger_target_dag.py
[2023-03-26T22:11:18.801+0200] {logging_mixin.py:137} INFO - [2023-03-26T22:11:18.801+0200] {dag.py:2693} INFO - Sync 1 DAGs
[2023-03-26T22:11:18.818+0200] {logging_mixin.py:137} INFO - [2023-03-26T22:11:18.818+0200] {dag.py:3440} INFO - Setting next_dagrun for example_trigger_target_dag to None, run_after=None
[2023-03-26T22:11:18.977+0200] {processor.py:175} INFO - Processing /home/humbulani/miniconda3/envs/apache-airflow/lib/python3.8/site-packages/airflow/example_dags/example_trigger_target_dag.py took 0.227 seconds
[2023-03-26T22:12:03.941+0200] {processor.py:153} INFO - Started process (PID=19377) to work on /home/humbulani/miniconda3/envs/apache-airflow/lib/python3.8/site-packages/airflow/example_dags/example_trigger_target_dag.py
[2023-03-26T22:12:03.954+0200] {processor.py:743} INFO - Processing file /home/humbulani/miniconda3/envs/apache-airflow/lib/python3.8/site-packages/airflow/example_dags/example_trigger_target_dag.py for tasks to queue
[2023-03-26T22:12:03.954+0200] {logging_mixin.py:137} INFO - [2023-03-26T22:12:03.954+0200] {dagbag.py:532} INFO - Filling up the DagBag from /home/humbulani/miniconda3/envs/apache-airflow/lib/python3.8/site-packages/airflow/example_dags/example_trigger_target_dag.py
[2023-03-26T22:12:03.974+0200] {processor.py:753} INFO - DAG(s) dict_keys(['example_trigger_target_dag']) retrieved from /home/humbulani/miniconda3/envs/apache-airflow/lib/python3.8/site-packages/airflow/example_dags/example_trigger_target_dag.py
[2023-03-26T22:12:03.990+0200] {logging_mixin.py:137} INFO - [2023-03-26T22:12:03.990+0200] {dag.py:2693} INFO - Sync 1 DAGs
[2023-03-26T22:12:04.008+0200] {logging_mixin.py:137} INFO - [2023-03-26T22:12:04.008+0200] {dag.py:3440} INFO - Setting next_dagrun for example_trigger_target_dag to None, run_after=None
[2023-03-26T22:12:04.072+0200] {processor.py:175} INFO - Processing /home/humbulani/miniconda3/envs/apache-airflow/lib/python3.8/site-packages/airflow/example_dags/example_trigger_target_dag.py took 0.133 seconds
[2023-03-26T22:12:48.135+0200] {processor.py:153} INFO - Started process (PID=19489) to work on /home/humbulani/miniconda3/envs/apache-airflow/lib/python3.8/site-packages/airflow/example_dags/example_trigger_target_dag.py
[2023-03-26T22:12:48.192+0200] {processor.py:743} INFO - Processing file /home/humbulani/miniconda3/envs/apache-airflow/lib/python3.8/site-packages/airflow/example_dags/example_trigger_target_dag.py for tasks to queue
[2023-03-26T22:12:48.193+0200] {logging_mixin.py:137} INFO - [2023-03-26T22:12:48.192+0200] {dagbag.py:532} INFO - Filling up the DagBag from /home/humbulani/miniconda3/envs/apache-airflow/lib/python3.8/site-packages/airflow/example_dags/example_trigger_target_dag.py
[2023-03-26T22:12:48.218+0200] {processor.py:753} INFO - DAG(s) dict_keys(['example_trigger_target_dag']) retrieved from /home/humbulani/miniconda3/envs/apache-airflow/lib/python3.8/site-packages/airflow/example_dags/example_trigger_target_dag.py
[2023-03-26T22:12:48.239+0200] {logging_mixin.py:137} INFO - [2023-03-26T22:12:48.238+0200] {dag.py:2693} INFO - Sync 1 DAGs
[2023-03-26T22:12:48.257+0200] {logging_mixin.py:137} INFO - [2023-03-26T22:12:48.257+0200] {dag.py:3440} INFO - Setting next_dagrun for example_trigger_target_dag to None, run_after=None
[2023-03-26T22:12:48.330+0200] {processor.py:175} INFO - Processing /home/humbulani/miniconda3/envs/apache-airflow/lib/python3.8/site-packages/airflow/example_dags/example_trigger_target_dag.py took 0.198 seconds
[2023-03-26T22:13:36.643+0200] {processor.py:153} INFO - Started process (PID=19531) to work on /home/humbulani/miniconda3/envs/apache-airflow/lib/python3.8/site-packages/airflow/example_dags/example_trigger_target_dag.py
[2023-03-26T22:13:36.655+0200] {processor.py:743} INFO - Processing file /home/humbulani/miniconda3/envs/apache-airflow/lib/python3.8/site-packages/airflow/example_dags/example_trigger_target_dag.py for tasks to queue
[2023-03-26T22:13:36.656+0200] {logging_mixin.py:137} INFO - [2023-03-26T22:13:36.656+0200] {dagbag.py:532} INFO - Filling up the DagBag from /home/humbulani/miniconda3/envs/apache-airflow/lib/python3.8/site-packages/airflow/example_dags/example_trigger_target_dag.py
[2023-03-26T22:13:36.675+0200] {processor.py:753} INFO - DAG(s) dict_keys(['example_trigger_target_dag']) retrieved from /home/humbulani/miniconda3/envs/apache-airflow/lib/python3.8/site-packages/airflow/example_dags/example_trigger_target_dag.py
[2023-03-26T22:13:36.692+0200] {logging_mixin.py:137} INFO - [2023-03-26T22:13:36.692+0200] {dag.py:2693} INFO - Sync 1 DAGs
[2023-03-26T22:13:36.708+0200] {logging_mixin.py:137} INFO - [2023-03-26T22:13:36.708+0200] {dag.py:3440} INFO - Setting next_dagrun for example_trigger_target_dag to None, run_after=None
[2023-03-26T22:13:36.773+0200] {processor.py:175} INFO - Processing /home/humbulani/miniconda3/envs/apache-airflow/lib/python3.8/site-packages/airflow/example_dags/example_trigger_target_dag.py took 0.133 seconds
[2023-03-26T22:14:22.753+0200] {processor.py:153} INFO - Started process (PID=19576) to work on /home/humbulani/miniconda3/envs/apache-airflow/lib/python3.8/site-packages/airflow/example_dags/example_trigger_target_dag.py
[2023-03-26T22:14:22.767+0200] {processor.py:743} INFO - Processing file /home/humbulani/miniconda3/envs/apache-airflow/lib/python3.8/site-packages/airflow/example_dags/example_trigger_target_dag.py for tasks to queue
[2023-03-26T22:14:22.768+0200] {logging_mixin.py:137} INFO - [2023-03-26T22:14:22.767+0200] {dagbag.py:532} INFO - Filling up the DagBag from /home/humbulani/miniconda3/envs/apache-airflow/lib/python3.8/site-packages/airflow/example_dags/example_trigger_target_dag.py
[2023-03-26T22:14:22.793+0200] {processor.py:753} INFO - DAG(s) dict_keys(['example_trigger_target_dag']) retrieved from /home/humbulani/miniconda3/envs/apache-airflow/lib/python3.8/site-packages/airflow/example_dags/example_trigger_target_dag.py
[2023-03-26T22:14:22.810+0200] {logging_mixin.py:137} INFO - [2023-03-26T22:14:22.810+0200] {dag.py:2693} INFO - Sync 1 DAGs
[2023-03-26T22:14:22.827+0200] {logging_mixin.py:137} INFO - [2023-03-26T22:14:22.827+0200] {dag.py:3440} INFO - Setting next_dagrun for example_trigger_target_dag to None, run_after=None
[2023-03-26T22:14:22.887+0200] {processor.py:175} INFO - Processing /home/humbulani/miniconda3/envs/apache-airflow/lib/python3.8/site-packages/airflow/example_dags/example_trigger_target_dag.py took 0.137 seconds
[2023-03-26T22:15:09.825+0200] {processor.py:153} INFO - Started process (PID=19685) to work on /home/humbulani/miniconda3/envs/apache-airflow/lib/python3.8/site-packages/airflow/example_dags/example_trigger_target_dag.py
[2023-03-26T22:15:09.838+0200] {processor.py:743} INFO - Processing file /home/humbulani/miniconda3/envs/apache-airflow/lib/python3.8/site-packages/airflow/example_dags/example_trigger_target_dag.py for tasks to queue
[2023-03-26T22:15:09.839+0200] {logging_mixin.py:137} INFO - [2023-03-26T22:15:09.839+0200] {dagbag.py:532} INFO - Filling up the DagBag from /home/humbulani/miniconda3/envs/apache-airflow/lib/python3.8/site-packages/airflow/example_dags/example_trigger_target_dag.py
[2023-03-26T22:15:09.864+0200] {processor.py:753} INFO - DAG(s) dict_keys(['example_trigger_target_dag']) retrieved from /home/humbulani/miniconda3/envs/apache-airflow/lib/python3.8/site-packages/airflow/example_dags/example_trigger_target_dag.py
[2023-03-26T22:15:09.928+0200] {logging_mixin.py:137} INFO - [2023-03-26T22:15:09.927+0200] {dag.py:2693} INFO - Sync 1 DAGs
[2023-03-26T22:15:09.945+0200] {logging_mixin.py:137} INFO - [2023-03-26T22:15:09.945+0200] {dag.py:3440} INFO - Setting next_dagrun for example_trigger_target_dag to None, run_after=None
[2023-03-26T22:15:10.163+0200] {processor.py:175} INFO - Processing /home/humbulani/miniconda3/envs/apache-airflow/lib/python3.8/site-packages/airflow/example_dags/example_trigger_target_dag.py took 0.342 seconds
[2023-03-26T22:15:56.374+0200] {processor.py:153} INFO - Started process (PID=19731) to work on /home/humbulani/miniconda3/envs/apache-airflow/lib/python3.8/site-packages/airflow/example_dags/example_trigger_target_dag.py
[2023-03-26T22:15:56.393+0200] {processor.py:743} INFO - Processing file /home/humbulani/miniconda3/envs/apache-airflow/lib/python3.8/site-packages/airflow/example_dags/example_trigger_target_dag.py for tasks to queue
[2023-03-26T22:15:56.393+0200] {logging_mixin.py:137} INFO - [2023-03-26T22:15:56.393+0200] {dagbag.py:532} INFO - Filling up the DagBag from /home/humbulani/miniconda3/envs/apache-airflow/lib/python3.8/site-packages/airflow/example_dags/example_trigger_target_dag.py
[2023-03-26T22:15:56.413+0200] {processor.py:753} INFO - DAG(s) dict_keys(['example_trigger_target_dag']) retrieved from /home/humbulani/miniconda3/envs/apache-airflow/lib/python3.8/site-packages/airflow/example_dags/example_trigger_target_dag.py
[2023-03-26T22:15:56.429+0200] {logging_mixin.py:137} INFO - [2023-03-26T22:15:56.429+0200] {dag.py:2693} INFO - Sync 1 DAGs
[2023-03-26T22:15:56.447+0200] {logging_mixin.py:137} INFO - [2023-03-26T22:15:56.447+0200] {dag.py:3440} INFO - Setting next_dagrun for example_trigger_target_dag to None, run_after=None
[2023-03-26T22:15:56.521+0200] {processor.py:175} INFO - Processing /home/humbulani/miniconda3/envs/apache-airflow/lib/python3.8/site-packages/airflow/example_dags/example_trigger_target_dag.py took 0.149 seconds
[2023-03-26T22:16:47.965+0200] {processor.py:153} INFO - Started process (PID=19839) to work on /home/humbulani/miniconda3/envs/apache-airflow/lib/python3.8/site-packages/airflow/example_dags/example_trigger_target_dag.py
[2023-03-26T22:16:47.978+0200] {processor.py:743} INFO - Processing file /home/humbulani/miniconda3/envs/apache-airflow/lib/python3.8/site-packages/airflow/example_dags/example_trigger_target_dag.py for tasks to queue
[2023-03-26T22:16:47.979+0200] {logging_mixin.py:137} INFO - [2023-03-26T22:16:47.979+0200] {dagbag.py:532} INFO - Filling up the DagBag from /home/humbulani/miniconda3/envs/apache-airflow/lib/python3.8/site-packages/airflow/example_dags/example_trigger_target_dag.py
[2023-03-26T22:16:48.001+0200] {processor.py:753} INFO - DAG(s) dict_keys(['example_trigger_target_dag']) retrieved from /home/humbulani/miniconda3/envs/apache-airflow/lib/python3.8/site-packages/airflow/example_dags/example_trigger_target_dag.py
[2023-03-26T22:16:48.019+0200] {logging_mixin.py:137} INFO - [2023-03-26T22:16:48.019+0200] {dag.py:2693} INFO - Sync 1 DAGs
[2023-03-26T22:16:48.039+0200] {logging_mixin.py:137} INFO - [2023-03-26T22:16:48.039+0200] {dag.py:3440} INFO - Setting next_dagrun for example_trigger_target_dag to None, run_after=None
[2023-03-26T22:16:48.110+0200] {processor.py:175} INFO - Processing /home/humbulani/miniconda3/envs/apache-airflow/lib/python3.8/site-packages/airflow/example_dags/example_trigger_target_dag.py took 0.148 seconds
[2023-03-26T22:17:33.491+0200] {processor.py:153} INFO - Started process (PID=19891) to work on /home/humbulani/miniconda3/envs/apache-airflow/lib/python3.8/site-packages/airflow/example_dags/example_trigger_target_dag.py
[2023-03-26T22:17:33.491+0200] {processor.py:743} INFO - Processing file /home/humbulani/miniconda3/envs/apache-airflow/lib/python3.8/site-packages/airflow/example_dags/example_trigger_target_dag.py for tasks to queue
[2023-03-26T22:17:33.492+0200] {logging_mixin.py:137} INFO - [2023-03-26T22:17:33.492+0200] {dagbag.py:532} INFO - Filling up the DagBag from /home/humbulani/miniconda3/envs/apache-airflow/lib/python3.8/site-packages/airflow/example_dags/example_trigger_target_dag.py
[2023-03-26T22:17:33.511+0200] {processor.py:753} INFO - DAG(s) dict_keys(['example_trigger_target_dag']) retrieved from /home/humbulani/miniconda3/envs/apache-airflow/lib/python3.8/site-packages/airflow/example_dags/example_trigger_target_dag.py
[2023-03-26T22:17:33.528+0200] {logging_mixin.py:137} INFO - [2023-03-26T22:17:33.528+0200] {dag.py:2693} INFO - Sync 1 DAGs
[2023-03-26T22:17:33.544+0200] {logging_mixin.py:137} INFO - [2023-03-26T22:17:33.544+0200] {dag.py:3440} INFO - Setting next_dagrun for example_trigger_target_dag to None, run_after=None
[2023-03-26T22:17:33.606+0200] {processor.py:175} INFO - Processing /home/humbulani/miniconda3/envs/apache-airflow/lib/python3.8/site-packages/airflow/example_dags/example_trigger_target_dag.py took 0.117 seconds
[2023-03-26T22:18:18.020+0200] {processor.py:153} INFO - Started process (PID=19999) to work on /home/humbulani/miniconda3/envs/apache-airflow/lib/python3.8/site-packages/airflow/example_dags/example_trigger_target_dag.py
[2023-03-26T22:18:18.021+0200] {processor.py:743} INFO - Processing file /home/humbulani/miniconda3/envs/apache-airflow/lib/python3.8/site-packages/airflow/example_dags/example_trigger_target_dag.py for tasks to queue
[2023-03-26T22:18:18.022+0200] {logging_mixin.py:137} INFO - [2023-03-26T22:18:18.021+0200] {dagbag.py:532} INFO - Filling up the DagBag from /home/humbulani/miniconda3/envs/apache-airflow/lib/python3.8/site-packages/airflow/example_dags/example_trigger_target_dag.py
[2023-03-26T22:18:18.045+0200] {processor.py:753} INFO - DAG(s) dict_keys(['example_trigger_target_dag']) retrieved from /home/humbulani/miniconda3/envs/apache-airflow/lib/python3.8/site-packages/airflow/example_dags/example_trigger_target_dag.py
[2023-03-26T22:18:18.060+0200] {logging_mixin.py:137} INFO - [2023-03-26T22:18:18.060+0200] {dag.py:2693} INFO - Sync 1 DAGs
[2023-03-26T22:18:18.077+0200] {logging_mixin.py:137} INFO - [2023-03-26T22:18:18.077+0200] {dag.py:3440} INFO - Setting next_dagrun for example_trigger_target_dag to None, run_after=None
[2023-03-26T22:18:18.143+0200] {processor.py:175} INFO - Processing /home/humbulani/miniconda3/envs/apache-airflow/lib/python3.8/site-packages/airflow/example_dags/example_trigger_target_dag.py took 0.127 seconds
[2023-03-26T22:19:01.449+0200] {processor.py:153} INFO - Started process (PID=20044) to work on /home/humbulani/miniconda3/envs/apache-airflow/lib/python3.8/site-packages/airflow/example_dags/example_trigger_target_dag.py
[2023-03-26T22:19:01.456+0200] {processor.py:743} INFO - Processing file /home/humbulani/miniconda3/envs/apache-airflow/lib/python3.8/site-packages/airflow/example_dags/example_trigger_target_dag.py for tasks to queue
[2023-03-26T22:19:01.456+0200] {logging_mixin.py:137} INFO - [2023-03-26T22:19:01.456+0200] {dagbag.py:532} INFO - Filling up the DagBag from /home/humbulani/miniconda3/envs/apache-airflow/lib/python3.8/site-packages/airflow/example_dags/example_trigger_target_dag.py
[2023-03-26T22:19:01.476+0200] {processor.py:753} INFO - DAG(s) dict_keys(['example_trigger_target_dag']) retrieved from /home/humbulani/miniconda3/envs/apache-airflow/lib/python3.8/site-packages/airflow/example_dags/example_trigger_target_dag.py
[2023-03-26T22:19:01.492+0200] {logging_mixin.py:137} INFO - [2023-03-26T22:19:01.492+0200] {dag.py:2693} INFO - Sync 1 DAGs
[2023-03-26T22:19:01.509+0200] {logging_mixin.py:137} INFO - [2023-03-26T22:19:01.509+0200] {dag.py:3440} INFO - Setting next_dagrun for example_trigger_target_dag to None, run_after=None
[2023-03-26T22:19:01.582+0200] {processor.py:175} INFO - Processing /home/humbulani/miniconda3/envs/apache-airflow/lib/python3.8/site-packages/airflow/example_dags/example_trigger_target_dag.py took 0.135 seconds
[2023-03-26T22:19:47.351+0200] {processor.py:153} INFO - Started process (PID=20153) to work on /home/humbulani/miniconda3/envs/apache-airflow/lib/python3.8/site-packages/airflow/example_dags/example_trigger_target_dag.py
[2023-03-26T22:19:47.360+0200] {processor.py:743} INFO - Processing file /home/humbulani/miniconda3/envs/apache-airflow/lib/python3.8/site-packages/airflow/example_dags/example_trigger_target_dag.py for tasks to queue
[2023-03-26T22:19:47.361+0200] {logging_mixin.py:137} INFO - [2023-03-26T22:19:47.361+0200] {dagbag.py:532} INFO - Filling up the DagBag from /home/humbulani/miniconda3/envs/apache-airflow/lib/python3.8/site-packages/airflow/example_dags/example_trigger_target_dag.py
[2023-03-26T22:19:47.380+0200] {processor.py:753} INFO - DAG(s) dict_keys(['example_trigger_target_dag']) retrieved from /home/humbulani/miniconda3/envs/apache-airflow/lib/python3.8/site-packages/airflow/example_dags/example_trigger_target_dag.py
[2023-03-26T22:19:47.396+0200] {logging_mixin.py:137} INFO - [2023-03-26T22:19:47.396+0200] {dag.py:2693} INFO - Sync 1 DAGs
[2023-03-26T22:19:47.413+0200] {logging_mixin.py:137} INFO - [2023-03-26T22:19:47.413+0200] {dag.py:3440} INFO - Setting next_dagrun for example_trigger_target_dag to None, run_after=None
[2023-03-26T22:19:47.486+0200] {processor.py:175} INFO - Processing /home/humbulani/miniconda3/envs/apache-airflow/lib/python3.8/site-packages/airflow/example_dags/example_trigger_target_dag.py took 0.139 seconds
[2023-03-26T22:20:32.216+0200] {processor.py:153} INFO - Started process (PID=20198) to work on /home/humbulani/miniconda3/envs/apache-airflow/lib/python3.8/site-packages/airflow/example_dags/example_trigger_target_dag.py
[2023-03-26T22:20:32.223+0200] {processor.py:743} INFO - Processing file /home/humbulani/miniconda3/envs/apache-airflow/lib/python3.8/site-packages/airflow/example_dags/example_trigger_target_dag.py for tasks to queue
[2023-03-26T22:20:32.224+0200] {logging_mixin.py:137} INFO - [2023-03-26T22:20:32.224+0200] {dagbag.py:532} INFO - Filling up the DagBag from /home/humbulani/miniconda3/envs/apache-airflow/lib/python3.8/site-packages/airflow/example_dags/example_trigger_target_dag.py
[2023-03-26T22:20:32.247+0200] {processor.py:753} INFO - DAG(s) dict_keys(['example_trigger_target_dag']) retrieved from /home/humbulani/miniconda3/envs/apache-airflow/lib/python3.8/site-packages/airflow/example_dags/example_trigger_target_dag.py
[2023-03-26T22:20:32.263+0200] {logging_mixin.py:137} INFO - [2023-03-26T22:20:32.263+0200] {dag.py:2693} INFO - Sync 1 DAGs
[2023-03-26T22:20:32.282+0200] {logging_mixin.py:137} INFO - [2023-03-26T22:20:32.281+0200] {dag.py:3440} INFO - Setting next_dagrun for example_trigger_target_dag to None, run_after=None
[2023-03-26T22:20:32.364+0200] {processor.py:175} INFO - Processing /home/humbulani/miniconda3/envs/apache-airflow/lib/python3.8/site-packages/airflow/example_dags/example_trigger_target_dag.py took 0.151 seconds
[2023-03-26T22:21:17.993+0200] {processor.py:153} INFO - Started process (PID=20288) to work on /home/humbulani/miniconda3/envs/apache-airflow/lib/python3.8/site-packages/airflow/example_dags/example_trigger_target_dag.py
[2023-03-26T22:21:18.010+0200] {processor.py:743} INFO - Processing file /home/humbulani/miniconda3/envs/apache-airflow/lib/python3.8/site-packages/airflow/example_dags/example_trigger_target_dag.py for tasks to queue
[2023-03-26T22:21:18.011+0200] {logging_mixin.py:137} INFO - [2023-03-26T22:21:18.011+0200] {dagbag.py:532} INFO - Filling up the DagBag from /home/humbulani/miniconda3/envs/apache-airflow/lib/python3.8/site-packages/airflow/example_dags/example_trigger_target_dag.py
[2023-03-26T22:21:18.036+0200] {processor.py:753} INFO - DAG(s) dict_keys(['example_trigger_target_dag']) retrieved from /home/humbulani/miniconda3/envs/apache-airflow/lib/python3.8/site-packages/airflow/example_dags/example_trigger_target_dag.py
[2023-03-26T22:21:18.054+0200] {logging_mixin.py:137} INFO - [2023-03-26T22:21:18.054+0200] {dag.py:2693} INFO - Sync 1 DAGs
[2023-03-26T22:21:18.070+0200] {logging_mixin.py:137} INFO - [2023-03-26T22:21:18.070+0200] {dag.py:3440} INFO - Setting next_dagrun for example_trigger_target_dag to None, run_after=None
[2023-03-26T22:21:18.146+0200] {processor.py:175} INFO - Processing /home/humbulani/miniconda3/envs/apache-airflow/lib/python3.8/site-packages/airflow/example_dags/example_trigger_target_dag.py took 0.156 seconds
[2023-03-26T22:22:02.483+0200] {processor.py:153} INFO - Started process (PID=20332) to work on /home/humbulani/miniconda3/envs/apache-airflow/lib/python3.8/site-packages/airflow/example_dags/example_trigger_target_dag.py
[2023-03-26T22:22:02.490+0200] {processor.py:743} INFO - Processing file /home/humbulani/miniconda3/envs/apache-airflow/lib/python3.8/site-packages/airflow/example_dags/example_trigger_target_dag.py for tasks to queue
[2023-03-26T22:22:02.490+0200] {logging_mixin.py:137} INFO - [2023-03-26T22:22:02.490+0200] {dagbag.py:532} INFO - Filling up the DagBag from /home/humbulani/miniconda3/envs/apache-airflow/lib/python3.8/site-packages/airflow/example_dags/example_trigger_target_dag.py
[2023-03-26T22:22:02.513+0200] {processor.py:753} INFO - DAG(s) dict_keys(['example_trigger_target_dag']) retrieved from /home/humbulani/miniconda3/envs/apache-airflow/lib/python3.8/site-packages/airflow/example_dags/example_trigger_target_dag.py
[2023-03-26T22:22:02.530+0200] {logging_mixin.py:137} INFO - [2023-03-26T22:22:02.529+0200] {dag.py:2693} INFO - Sync 1 DAGs
[2023-03-26T22:22:02.546+0200] {logging_mixin.py:137} INFO - [2023-03-26T22:22:02.546+0200] {dag.py:3440} INFO - Setting next_dagrun for example_trigger_target_dag to None, run_after=None
[2023-03-26T22:22:02.623+0200] {processor.py:175} INFO - Processing /home/humbulani/miniconda3/envs/apache-airflow/lib/python3.8/site-packages/airflow/example_dags/example_trigger_target_dag.py took 0.143 seconds
[2023-03-26T22:22:47.848+0200] {processor.py:153} INFO - Started process (PID=20375) to work on /home/humbulani/miniconda3/envs/apache-airflow/lib/python3.8/site-packages/airflow/example_dags/example_trigger_target_dag.py
[2023-03-26T22:22:47.849+0200] {processor.py:743} INFO - Processing file /home/humbulani/miniconda3/envs/apache-airflow/lib/python3.8/site-packages/airflow/example_dags/example_trigger_target_dag.py for tasks to queue
[2023-03-26T22:22:47.850+0200] {logging_mixin.py:137} INFO - [2023-03-26T22:22:47.850+0200] {dagbag.py:532} INFO - Filling up the DagBag from /home/humbulani/miniconda3/envs/apache-airflow/lib/python3.8/site-packages/airflow/example_dags/example_trigger_target_dag.py
[2023-03-26T22:22:47.874+0200] {processor.py:753} INFO - DAG(s) dict_keys(['example_trigger_target_dag']) retrieved from /home/humbulani/miniconda3/envs/apache-airflow/lib/python3.8/site-packages/airflow/example_dags/example_trigger_target_dag.py
[2023-03-26T22:22:47.890+0200] {logging_mixin.py:137} INFO - [2023-03-26T22:22:47.890+0200] {dag.py:2693} INFO - Sync 1 DAGs
[2023-03-26T22:22:47.906+0200] {logging_mixin.py:137} INFO - [2023-03-26T22:22:47.906+0200] {dag.py:3440} INFO - Setting next_dagrun for example_trigger_target_dag to None, run_after=None
[2023-03-26T22:22:47.970+0200] {processor.py:175} INFO - Processing /home/humbulani/miniconda3/envs/apache-airflow/lib/python3.8/site-packages/airflow/example_dags/example_trigger_target_dag.py took 0.125 seconds
