[2023-03-26T21:39:13.279+0200] {processor.py:153} INFO - Started process (PID=16634) to work on /home/humbulani/miniconda3/envs/apache-airflow/lib/python3.8/site-packages/airflow/example_dags/example_sla_dag.py
[2023-03-26T21:39:13.280+0200] {processor.py:743} INFO - Processing file /home/humbulani/miniconda3/envs/apache-airflow/lib/python3.8/site-packages/airflow/example_dags/example_sla_dag.py for tasks to queue
[2023-03-26T21:39:13.281+0200] {logging_mixin.py:137} INFO - [2023-03-26T21:39:13.281+0200] {dagbag.py:532} INFO - Filling up the DagBag from /home/humbulani/miniconda3/envs/apache-airflow/lib/python3.8/site-packages/airflow/example_dags/example_sla_dag.py
[2023-03-26T21:39:13.305+0200] {processor.py:753} INFO - DAG(s) dict_keys(['example_sla_dag']) retrieved from /home/humbulani/miniconda3/envs/apache-airflow/lib/python3.8/site-packages/airflow/example_dags/example_sla_dag.py
[2023-03-26T21:39:13.532+0200] {logging_mixin.py:137} INFO - [2023-03-26T21:39:13.532+0200] {manager.py:504} INFO - Created Permission View: can edit on DAG:example_sla_dag
[2023-03-26T21:39:13.608+0200] {logging_mixin.py:137} INFO - [2023-03-26T21:39:13.607+0200] {manager.py:504} INFO - Created Permission View: can read on DAG:example_sla_dag
[2023-03-26T21:39:13.683+0200] {logging_mixin.py:137} INFO - [2023-03-26T21:39:13.682+0200] {manager.py:504} INFO - Created Permission View: can delete on DAG:example_sla_dag
[2023-03-26T21:39:13.684+0200] {logging_mixin.py:137} INFO - [2023-03-26T21:39:13.683+0200] {dag.py:2693} INFO - Sync 1 DAGs
[2023-03-26T21:39:13.717+0200] {logging_mixin.py:137} INFO - [2023-03-26T21:39:13.716+0200] {dag.py:2714} INFO - Creating ORM DAG for example_sla_dag
[2023-03-26T21:39:13.744+0200] {logging_mixin.py:137} INFO - [2023-03-26T21:39:13.744+0200] {dag.py:3440} INFO - Setting next_dagrun for example_sla_dag to 2023-03-26T19:36:00+00:00, run_after=2023-03-26T19:38:00+00:00
[2023-03-26T21:39:13.839+0200] {processor.py:175} INFO - Processing /home/humbulani/miniconda3/envs/apache-airflow/lib/python3.8/site-packages/airflow/example_dags/example_sla_dag.py took 0.563 seconds
[2023-03-26T21:40:15.327+0200] {processor.py:153} INFO - Started process (PID=16721) to work on /home/humbulani/miniconda3/envs/apache-airflow/lib/python3.8/site-packages/airflow/example_dags/example_sla_dag.py
[2023-03-26T21:40:15.328+0200] {processor.py:743} INFO - Processing file /home/humbulani/miniconda3/envs/apache-airflow/lib/python3.8/site-packages/airflow/example_dags/example_sla_dag.py for tasks to queue
[2023-03-26T21:40:15.328+0200] {logging_mixin.py:137} INFO - [2023-03-26T21:40:15.328+0200] {dagbag.py:532} INFO - Filling up the DagBag from /home/humbulani/miniconda3/envs/apache-airflow/lib/python3.8/site-packages/airflow/example_dags/example_sla_dag.py
[2023-03-26T21:40:15.348+0200] {processor.py:753} INFO - DAG(s) dict_keys(['example_sla_dag']) retrieved from /home/humbulani/miniconda3/envs/apache-airflow/lib/python3.8/site-packages/airflow/example_dags/example_sla_dag.py
[2023-03-26T21:40:15.364+0200] {logging_mixin.py:137} INFO - [2023-03-26T21:40:15.363+0200] {dag.py:2693} INFO - Sync 1 DAGs
[2023-03-26T21:40:15.384+0200] {logging_mixin.py:137} INFO - [2023-03-26T21:40:15.384+0200] {dag.py:3440} INFO - Setting next_dagrun for example_sla_dag to 2023-03-26T19:38:00+00:00, run_after=2023-03-26T19:40:00+00:00
[2023-03-26T21:40:15.501+0200] {processor.py:175} INFO - Processing /home/humbulani/miniconda3/envs/apache-airflow/lib/python3.8/site-packages/airflow/example_dags/example_sla_dag.py took 0.176 seconds
[2023-03-26T21:41:06.459+0200] {processor.py:153} INFO - Started process (PID=16778) to work on /home/humbulani/miniconda3/envs/apache-airflow/lib/python3.8/site-packages/airflow/example_dags/example_sla_dag.py
[2023-03-26T21:41:06.505+0200] {processor.py:743} INFO - Processing file /home/humbulani/miniconda3/envs/apache-airflow/lib/python3.8/site-packages/airflow/example_dags/example_sla_dag.py for tasks to queue
[2023-03-26T21:41:06.505+0200] {logging_mixin.py:137} INFO - [2023-03-26T21:41:06.505+0200] {dagbag.py:532} INFO - Filling up the DagBag from /home/humbulani/miniconda3/envs/apache-airflow/lib/python3.8/site-packages/airflow/example_dags/example_sla_dag.py
[2023-03-26T21:41:06.526+0200] {processor.py:753} INFO - DAG(s) dict_keys(['example_sla_dag']) retrieved from /home/humbulani/miniconda3/envs/apache-airflow/lib/python3.8/site-packages/airflow/example_dags/example_sla_dag.py
[2023-03-26T21:41:06.542+0200] {logging_mixin.py:137} INFO - [2023-03-26T21:41:06.542+0200] {dag.py:2693} INFO - Sync 1 DAGs
[2023-03-26T21:41:06.563+0200] {logging_mixin.py:137} INFO - [2023-03-26T21:41:06.562+0200] {dag.py:3440} INFO - Setting next_dagrun for example_sla_dag to 2023-03-26T19:38:00+00:00, run_after=2023-03-26T19:40:00+00:00
[2023-03-26T21:41:06.625+0200] {processor.py:175} INFO - Processing /home/humbulani/miniconda3/envs/apache-airflow/lib/python3.8/site-packages/airflow/example_dags/example_sla_dag.py took 0.168 seconds
[2023-03-26T21:47:49.839+0200] {processor.py:153} INFO - Started process (PID=16827) to work on /home/humbulani/miniconda3/envs/apache-airflow/lib/python3.8/site-packages/airflow/example_dags/example_sla_dag.py
[2023-03-26T21:47:49.840+0200] {processor.py:743} INFO - Processing file /home/humbulani/miniconda3/envs/apache-airflow/lib/python3.8/site-packages/airflow/example_dags/example_sla_dag.py for tasks to queue
[2023-03-26T21:47:49.841+0200] {logging_mixin.py:137} INFO - [2023-03-26T21:47:49.841+0200] {dagbag.py:532} INFO - Filling up the DagBag from /home/humbulani/miniconda3/envs/apache-airflow/lib/python3.8/site-packages/airflow/example_dags/example_sla_dag.py
[2023-03-26T21:47:49.866+0200] {processor.py:753} INFO - DAG(s) dict_keys(['example_sla_dag']) retrieved from /home/humbulani/miniconda3/envs/apache-airflow/lib/python3.8/site-packages/airflow/example_dags/example_sla_dag.py
[2023-03-26T21:47:49.883+0200] {logging_mixin.py:137} INFO - [2023-03-26T21:47:49.883+0200] {dag.py:2693} INFO - Sync 1 DAGs
[2023-03-26T21:47:49.906+0200] {logging_mixin.py:137} INFO - [2023-03-26T21:47:49.906+0200] {dag.py:3440} INFO - Setting next_dagrun for example_sla_dag to 2023-03-26T19:44:00+00:00, run_after=2023-03-26T19:46:00+00:00
[2023-03-26T21:47:49.991+0200] {processor.py:175} INFO - Processing /home/humbulani/miniconda3/envs/apache-airflow/lib/python3.8/site-packages/airflow/example_dags/example_sla_dag.py took 0.154 seconds
[2023-03-26T21:48:37.212+0200] {processor.py:153} INFO - Started process (PID=16911) to work on /home/humbulani/miniconda3/envs/apache-airflow/lib/python3.8/site-packages/airflow/example_dags/example_sla_dag.py
[2023-03-26T21:48:37.224+0200] {processor.py:743} INFO - Processing file /home/humbulani/miniconda3/envs/apache-airflow/lib/python3.8/site-packages/airflow/example_dags/example_sla_dag.py for tasks to queue
[2023-03-26T21:48:37.225+0200] {logging_mixin.py:137} INFO - [2023-03-26T21:48:37.225+0200] {dagbag.py:532} INFO - Filling up the DagBag from /home/humbulani/miniconda3/envs/apache-airflow/lib/python3.8/site-packages/airflow/example_dags/example_sla_dag.py
[2023-03-26T21:48:37.248+0200] {processor.py:753} INFO - DAG(s) dict_keys(['example_sla_dag']) retrieved from /home/humbulani/miniconda3/envs/apache-airflow/lib/python3.8/site-packages/airflow/example_dags/example_sla_dag.py
[2023-03-26T21:48:37.264+0200] {logging_mixin.py:137} INFO - [2023-03-26T21:48:37.264+0200] {dag.py:2693} INFO - Sync 1 DAGs
[2023-03-26T21:48:37.284+0200] {logging_mixin.py:137} INFO - [2023-03-26T21:48:37.284+0200] {dag.py:3440} INFO - Setting next_dagrun for example_sla_dag to 2023-03-26T19:46:00+00:00, run_after=2023-03-26T19:48:00+00:00
[2023-03-26T21:48:37.359+0200] {processor.py:175} INFO - Processing /home/humbulani/miniconda3/envs/apache-airflow/lib/python3.8/site-packages/airflow/example_dags/example_sla_dag.py took 0.150 seconds
[2023-03-26T21:49:28.520+0200] {processor.py:153} INFO - Started process (PID=16953) to work on /home/humbulani/miniconda3/envs/apache-airflow/lib/python3.8/site-packages/airflow/example_dags/example_sla_dag.py
[2023-03-26T21:49:28.521+0200] {processor.py:743} INFO - Processing file /home/humbulani/miniconda3/envs/apache-airflow/lib/python3.8/site-packages/airflow/example_dags/example_sla_dag.py for tasks to queue
[2023-03-26T21:49:28.521+0200] {logging_mixin.py:137} INFO - [2023-03-26T21:49:28.521+0200] {dagbag.py:532} INFO - Filling up the DagBag from /home/humbulani/miniconda3/envs/apache-airflow/lib/python3.8/site-packages/airflow/example_dags/example_sla_dag.py
[2023-03-26T21:49:28.543+0200] {processor.py:753} INFO - DAG(s) dict_keys(['example_sla_dag']) retrieved from /home/humbulani/miniconda3/envs/apache-airflow/lib/python3.8/site-packages/airflow/example_dags/example_sla_dag.py
[2023-03-26T21:49:28.560+0200] {logging_mixin.py:137} INFO - [2023-03-26T21:49:28.559+0200] {dag.py:2693} INFO - Sync 1 DAGs
[2023-03-26T21:49:28.579+0200] {logging_mixin.py:137} INFO - [2023-03-26T21:49:28.579+0200] {dag.py:3440} INFO - Setting next_dagrun for example_sla_dag to 2023-03-26T19:46:00+00:00, run_after=2023-03-26T19:48:00+00:00
[2023-03-26T21:49:28.682+0200] {processor.py:175} INFO - Processing /home/humbulani/miniconda3/envs/apache-airflow/lib/python3.8/site-packages/airflow/example_dags/example_sla_dag.py took 0.164 seconds
[2023-03-26T21:50:13.465+0200] {processor.py:153} INFO - Started process (PID=16997) to work on /home/humbulani/miniconda3/envs/apache-airflow/lib/python3.8/site-packages/airflow/example_dags/example_sla_dag.py
[2023-03-26T21:50:13.473+0200] {processor.py:743} INFO - Processing file /home/humbulani/miniconda3/envs/apache-airflow/lib/python3.8/site-packages/airflow/example_dags/example_sla_dag.py for tasks to queue
[2023-03-26T21:50:13.474+0200] {logging_mixin.py:137} INFO - [2023-03-26T21:50:13.474+0200] {dagbag.py:532} INFO - Filling up the DagBag from /home/humbulani/miniconda3/envs/apache-airflow/lib/python3.8/site-packages/airflow/example_dags/example_sla_dag.py
[2023-03-26T21:50:13.499+0200] {processor.py:753} INFO - DAG(s) dict_keys(['example_sla_dag']) retrieved from /home/humbulani/miniconda3/envs/apache-airflow/lib/python3.8/site-packages/airflow/example_dags/example_sla_dag.py
[2023-03-26T21:50:13.516+0200] {logging_mixin.py:137} INFO - [2023-03-26T21:50:13.516+0200] {dag.py:2693} INFO - Sync 1 DAGs
[2023-03-26T21:50:13.536+0200] {logging_mixin.py:137} INFO - [2023-03-26T21:50:13.536+0200] {dag.py:3440} INFO - Setting next_dagrun for example_sla_dag to 2023-03-26T19:48:00+00:00, run_after=2023-03-26T19:50:00+00:00
[2023-03-26T21:50:13.614+0200] {processor.py:175} INFO - Processing /home/humbulani/miniconda3/envs/apache-airflow/lib/python3.8/site-packages/airflow/example_dags/example_sla_dag.py took 0.151 seconds
[2023-03-26T21:50:58.655+0200] {processor.py:153} INFO - Started process (PID=17078) to work on /home/humbulani/miniconda3/envs/apache-airflow/lib/python3.8/site-packages/airflow/example_dags/example_sla_dag.py
[2023-03-26T21:50:58.684+0200] {processor.py:743} INFO - Processing file /home/humbulani/miniconda3/envs/apache-airflow/lib/python3.8/site-packages/airflow/example_dags/example_sla_dag.py for tasks to queue
[2023-03-26T21:50:58.685+0200] {logging_mixin.py:137} INFO - [2023-03-26T21:50:58.685+0200] {dagbag.py:532} INFO - Filling up the DagBag from /home/humbulani/miniconda3/envs/apache-airflow/lib/python3.8/site-packages/airflow/example_dags/example_sla_dag.py
[2023-03-26T21:50:58.706+0200] {processor.py:753} INFO - DAG(s) dict_keys(['example_sla_dag']) retrieved from /home/humbulani/miniconda3/envs/apache-airflow/lib/python3.8/site-packages/airflow/example_dags/example_sla_dag.py
[2023-03-26T21:50:58.724+0200] {logging_mixin.py:137} INFO - [2023-03-26T21:50:58.723+0200] {dag.py:2693} INFO - Sync 1 DAGs
[2023-03-26T21:50:58.751+0200] {logging_mixin.py:137} INFO - [2023-03-26T21:50:58.751+0200] {dag.py:3440} INFO - Setting next_dagrun for example_sla_dag to 2023-03-26T19:48:00+00:00, run_after=2023-03-26T19:50:00+00:00
[2023-03-26T21:50:58.828+0200] {processor.py:175} INFO - Processing /home/humbulani/miniconda3/envs/apache-airflow/lib/python3.8/site-packages/airflow/example_dags/example_sla_dag.py took 0.175 seconds
[2023-03-26T21:51:44.234+0200] {processor.py:153} INFO - Started process (PID=17157) to work on /home/humbulani/miniconda3/envs/apache-airflow/lib/python3.8/site-packages/airflow/example_dags/example_sla_dag.py
[2023-03-26T21:51:44.270+0200] {processor.py:743} INFO - Processing file /home/humbulani/miniconda3/envs/apache-airflow/lib/python3.8/site-packages/airflow/example_dags/example_sla_dag.py for tasks to queue
[2023-03-26T21:51:44.271+0200] {logging_mixin.py:137} INFO - [2023-03-26T21:51:44.271+0200] {dagbag.py:532} INFO - Filling up the DagBag from /home/humbulani/miniconda3/envs/apache-airflow/lib/python3.8/site-packages/airflow/example_dags/example_sla_dag.py
[2023-03-26T21:51:44.298+0200] {processor.py:753} INFO - DAG(s) dict_keys(['example_sla_dag']) retrieved from /home/humbulani/miniconda3/envs/apache-airflow/lib/python3.8/site-packages/airflow/example_dags/example_sla_dag.py
[2023-03-26T21:51:44.318+0200] {logging_mixin.py:137} INFO - [2023-03-26T21:51:44.317+0200] {dag.py:2693} INFO - Sync 1 DAGs
[2023-03-26T21:51:44.337+0200] {logging_mixin.py:137} INFO - [2023-03-26T21:51:44.337+0200] {dag.py:3440} INFO - Setting next_dagrun for example_sla_dag to 2023-03-26T19:48:00+00:00, run_after=2023-03-26T19:50:00+00:00
[2023-03-26T21:51:44.408+0200] {processor.py:175} INFO - Processing /home/humbulani/miniconda3/envs/apache-airflow/lib/python3.8/site-packages/airflow/example_dags/example_sla_dag.py took 0.176 seconds
[2023-03-26T21:52:31.772+0200] {processor.py:153} INFO - Started process (PID=17200) to work on /home/humbulani/miniconda3/envs/apache-airflow/lib/python3.8/site-packages/airflow/example_dags/example_sla_dag.py
[2023-03-26T21:52:31.773+0200] {processor.py:743} INFO - Processing file /home/humbulani/miniconda3/envs/apache-airflow/lib/python3.8/site-packages/airflow/example_dags/example_sla_dag.py for tasks to queue
[2023-03-26T21:52:31.774+0200] {logging_mixin.py:137} INFO - [2023-03-26T21:52:31.774+0200] {dagbag.py:532} INFO - Filling up the DagBag from /home/humbulani/miniconda3/envs/apache-airflow/lib/python3.8/site-packages/airflow/example_dags/example_sla_dag.py
[2023-03-26T21:52:31.798+0200] {processor.py:753} INFO - DAG(s) dict_keys(['example_sla_dag']) retrieved from /home/humbulani/miniconda3/envs/apache-airflow/lib/python3.8/site-packages/airflow/example_dags/example_sla_dag.py
[2023-03-26T21:52:31.814+0200] {logging_mixin.py:137} INFO - [2023-03-26T21:52:31.814+0200] {dag.py:2693} INFO - Sync 1 DAGs
[2023-03-26T21:52:31.836+0200] {logging_mixin.py:137} INFO - [2023-03-26T21:52:31.836+0200] {dag.py:3440} INFO - Setting next_dagrun for example_sla_dag to 2023-03-26T19:50:00+00:00, run_after=2023-03-26T19:52:00+00:00
[2023-03-26T21:52:31.991+0200] {processor.py:175} INFO - Processing /home/humbulani/miniconda3/envs/apache-airflow/lib/python3.8/site-packages/airflow/example_dags/example_sla_dag.py took 0.222 seconds
[2023-03-26T21:53:20.528+0200] {processor.py:153} INFO - Started process (PID=17249) to work on /home/humbulani/miniconda3/envs/apache-airflow/lib/python3.8/site-packages/airflow/example_dags/example_sla_dag.py
[2023-03-26T21:53:20.558+0200] {processor.py:743} INFO - Processing file /home/humbulani/miniconda3/envs/apache-airflow/lib/python3.8/site-packages/airflow/example_dags/example_sla_dag.py for tasks to queue
[2023-03-26T21:53:20.559+0200] {logging_mixin.py:137} INFO - [2023-03-26T21:53:20.559+0200] {dagbag.py:532} INFO - Filling up the DagBag from /home/humbulani/miniconda3/envs/apache-airflow/lib/python3.8/site-packages/airflow/example_dags/example_sla_dag.py
[2023-03-26T21:53:20.579+0200] {processor.py:753} INFO - DAG(s) dict_keys(['example_sla_dag']) retrieved from /home/humbulani/miniconda3/envs/apache-airflow/lib/python3.8/site-packages/airflow/example_dags/example_sla_dag.py
[2023-03-26T21:53:20.596+0200] {logging_mixin.py:137} INFO - [2023-03-26T21:53:20.596+0200] {dag.py:2693} INFO - Sync 1 DAGs
[2023-03-26T21:53:20.695+0200] {logging_mixin.py:137} INFO - [2023-03-26T21:53:20.695+0200] {dag.py:3440} INFO - Setting next_dagrun for example_sla_dag to 2023-03-26T19:50:00+00:00, run_after=2023-03-26T19:52:00+00:00
[2023-03-26T21:53:20.759+0200] {processor.py:175} INFO - Processing /home/humbulani/miniconda3/envs/apache-airflow/lib/python3.8/site-packages/airflow/example_dags/example_sla_dag.py took 0.235 seconds
[2023-03-26T21:54:10.355+0200] {processor.py:153} INFO - Started process (PID=17302) to work on /home/humbulani/miniconda3/envs/apache-airflow/lib/python3.8/site-packages/airflow/example_dags/example_sla_dag.py
[2023-03-26T21:54:10.373+0200] {processor.py:743} INFO - Processing file /home/humbulani/miniconda3/envs/apache-airflow/lib/python3.8/site-packages/airflow/example_dags/example_sla_dag.py for tasks to queue
[2023-03-26T21:54:10.373+0200] {logging_mixin.py:137} INFO - [2023-03-26T21:54:10.373+0200] {dagbag.py:532} INFO - Filling up the DagBag from /home/humbulani/miniconda3/envs/apache-airflow/lib/python3.8/site-packages/airflow/example_dags/example_sla_dag.py
[2023-03-26T21:54:10.398+0200] {processor.py:753} INFO - DAG(s) dict_keys(['example_sla_dag']) retrieved from /home/humbulani/miniconda3/envs/apache-airflow/lib/python3.8/site-packages/airflow/example_dags/example_sla_dag.py
[2023-03-26T21:54:10.500+0200] {logging_mixin.py:137} INFO - [2023-03-26T21:54:10.500+0200] {dag.py:2693} INFO - Sync 1 DAGs
[2023-03-26T21:54:10.520+0200] {logging_mixin.py:137} INFO - [2023-03-26T21:54:10.520+0200] {dag.py:3440} INFO - Setting next_dagrun for example_sla_dag to 2023-03-26T19:52:00+00:00, run_after=2023-03-26T19:54:00+00:00
[2023-03-26T21:54:10.596+0200] {processor.py:175} INFO - Processing /home/humbulani/miniconda3/envs/apache-airflow/lib/python3.8/site-packages/airflow/example_dags/example_sla_dag.py took 0.242 seconds
[2023-03-26T21:54:59.407+0200] {processor.py:153} INFO - Started process (PID=17346) to work on /home/humbulani/miniconda3/envs/apache-airflow/lib/python3.8/site-packages/airflow/example_dags/example_sla_dag.py
[2023-03-26T21:54:59.408+0200] {processor.py:743} INFO - Processing file /home/humbulani/miniconda3/envs/apache-airflow/lib/python3.8/site-packages/airflow/example_dags/example_sla_dag.py for tasks to queue
[2023-03-26T21:54:59.408+0200] {logging_mixin.py:137} INFO - [2023-03-26T21:54:59.408+0200] {dagbag.py:532} INFO - Filling up the DagBag from /home/humbulani/miniconda3/envs/apache-airflow/lib/python3.8/site-packages/airflow/example_dags/example_sla_dag.py
[2023-03-26T21:54:59.512+0200] {processor.py:753} INFO - DAG(s) dict_keys(['example_sla_dag']) retrieved from /home/humbulani/miniconda3/envs/apache-airflow/lib/python3.8/site-packages/airflow/example_dags/example_sla_dag.py
[2023-03-26T21:54:59.526+0200] {logging_mixin.py:137} INFO - [2023-03-26T21:54:59.526+0200] {dag.py:2693} INFO - Sync 1 DAGs
[2023-03-26T21:54:59.545+0200] {logging_mixin.py:137} INFO - [2023-03-26T21:54:59.545+0200] {dag.py:3440} INFO - Setting next_dagrun for example_sla_dag to 2023-03-26T19:52:00+00:00, run_after=2023-03-26T19:54:00+00:00
[2023-03-26T21:54:59.641+0200] {processor.py:175} INFO - Processing /home/humbulani/miniconda3/envs/apache-airflow/lib/python3.8/site-packages/airflow/example_dags/example_sla_dag.py took 0.237 seconds
[2023-03-26T21:55:49.313+0200] {processor.py:153} INFO - Started process (PID=17388) to work on /home/humbulani/miniconda3/envs/apache-airflow/lib/python3.8/site-packages/airflow/example_dags/example_sla_dag.py
[2023-03-26T21:55:49.313+0200] {processor.py:743} INFO - Processing file /home/humbulani/miniconda3/envs/apache-airflow/lib/python3.8/site-packages/airflow/example_dags/example_sla_dag.py for tasks to queue
[2023-03-26T21:55:49.314+0200] {logging_mixin.py:137} INFO - [2023-03-26T21:55:49.314+0200] {dagbag.py:532} INFO - Filling up the DagBag from /home/humbulani/miniconda3/envs/apache-airflow/lib/python3.8/site-packages/airflow/example_dags/example_sla_dag.py
[2023-03-26T21:55:49.417+0200] {processor.py:753} INFO - DAG(s) dict_keys(['example_sla_dag']) retrieved from /home/humbulani/miniconda3/envs/apache-airflow/lib/python3.8/site-packages/airflow/example_dags/example_sla_dag.py
[2023-03-26T21:55:49.430+0200] {logging_mixin.py:137} INFO - [2023-03-26T21:55:49.430+0200] {dag.py:2693} INFO - Sync 1 DAGs
[2023-03-26T21:55:49.448+0200] {logging_mixin.py:137} INFO - [2023-03-26T21:55:49.448+0200] {dag.py:3440} INFO - Setting next_dagrun for example_sla_dag to 2023-03-26T19:52:00+00:00, run_after=2023-03-26T19:54:00+00:00
[2023-03-26T21:55:49.536+0200] {processor.py:175} INFO - Processing /home/humbulani/miniconda3/envs/apache-airflow/lib/python3.8/site-packages/airflow/example_dags/example_sla_dag.py took 0.225 seconds
[2023-03-26T21:56:36.131+0200] {processor.py:153} INFO - Started process (PID=17490) to work on /home/humbulani/miniconda3/envs/apache-airflow/lib/python3.8/site-packages/airflow/example_dags/example_sla_dag.py
[2023-03-26T21:56:36.132+0200] {processor.py:743} INFO - Processing file /home/humbulani/miniconda3/envs/apache-airflow/lib/python3.8/site-packages/airflow/example_dags/example_sla_dag.py for tasks to queue
[2023-03-26T21:56:36.132+0200] {logging_mixin.py:137} INFO - [2023-03-26T21:56:36.132+0200] {dagbag.py:532} INFO - Filling up the DagBag from /home/humbulani/miniconda3/envs/apache-airflow/lib/python3.8/site-packages/airflow/example_dags/example_sla_dag.py
[2023-03-26T21:56:36.153+0200] {processor.py:753} INFO - DAG(s) dict_keys(['example_sla_dag']) retrieved from /home/humbulani/miniconda3/envs/apache-airflow/lib/python3.8/site-packages/airflow/example_dags/example_sla_dag.py
[2023-03-26T21:56:36.170+0200] {logging_mixin.py:137} INFO - [2023-03-26T21:56:36.170+0200] {dag.py:2693} INFO - Sync 1 DAGs
[2023-03-26T21:56:36.191+0200] {logging_mixin.py:137} INFO - [2023-03-26T21:56:36.191+0200] {dag.py:3440} INFO - Setting next_dagrun for example_sla_dag to 2023-03-26T19:54:00+00:00, run_after=2023-03-26T19:56:00+00:00
[2023-03-26T21:56:36.305+0200] {processor.py:175} INFO - Processing /home/humbulani/miniconda3/envs/apache-airflow/lib/python3.8/site-packages/airflow/example_dags/example_sla_dag.py took 0.177 seconds
[2023-03-26T21:57:19.845+0200] {processor.py:153} INFO - Started process (PID=17583) to work on /home/humbulani/miniconda3/envs/apache-airflow/lib/python3.8/site-packages/airflow/example_dags/example_sla_dag.py
[2023-03-26T21:57:19.846+0200] {processor.py:743} INFO - Processing file /home/humbulani/miniconda3/envs/apache-airflow/lib/python3.8/site-packages/airflow/example_dags/example_sla_dag.py for tasks to queue
[2023-03-26T21:57:19.847+0200] {logging_mixin.py:137} INFO - [2023-03-26T21:57:19.847+0200] {dagbag.py:532} INFO - Filling up the DagBag from /home/humbulani/miniconda3/envs/apache-airflow/lib/python3.8/site-packages/airflow/example_dags/example_sla_dag.py
[2023-03-26T21:57:19.879+0200] {processor.py:753} INFO - DAG(s) dict_keys(['example_sla_dag']) retrieved from /home/humbulani/miniconda3/envs/apache-airflow/lib/python3.8/site-packages/airflow/example_dags/example_sla_dag.py
[2023-03-26T21:57:19.898+0200] {logging_mixin.py:137} INFO - [2023-03-26T21:57:19.898+0200] {dag.py:2693} INFO - Sync 1 DAGs
[2023-03-26T21:57:19.919+0200] {logging_mixin.py:137} INFO - [2023-03-26T21:57:19.919+0200] {dag.py:3440} INFO - Setting next_dagrun for example_sla_dag to 2023-03-26T19:54:00+00:00, run_after=2023-03-26T19:56:00+00:00
[2023-03-26T21:57:19.983+0200] {processor.py:175} INFO - Processing /home/humbulani/miniconda3/envs/apache-airflow/lib/python3.8/site-packages/airflow/example_dags/example_sla_dag.py took 0.142 seconds
[2023-03-26T21:58:05.997+0200] {processor.py:153} INFO - Started process (PID=17792) to work on /home/humbulani/miniconda3/envs/apache-airflow/lib/python3.8/site-packages/airflow/example_dags/example_sla_dag.py
[2023-03-26T21:58:06.019+0200] {processor.py:743} INFO - Processing file /home/humbulani/miniconda3/envs/apache-airflow/lib/python3.8/site-packages/airflow/example_dags/example_sla_dag.py for tasks to queue
[2023-03-26T21:58:06.020+0200] {logging_mixin.py:137} INFO - [2023-03-26T21:58:06.020+0200] {dagbag.py:532} INFO - Filling up the DagBag from /home/humbulani/miniconda3/envs/apache-airflow/lib/python3.8/site-packages/airflow/example_dags/example_sla_dag.py
[2023-03-26T21:58:06.059+0200] {processor.py:753} INFO - DAG(s) dict_keys(['example_sla_dag']) retrieved from /home/humbulani/miniconda3/envs/apache-airflow/lib/python3.8/site-packages/airflow/example_dags/example_sla_dag.py
[2023-03-26T21:58:06.097+0200] {logging_mixin.py:137} INFO - [2023-03-26T21:58:06.097+0200] {dag.py:2693} INFO - Sync 1 DAGs
[2023-03-26T21:58:06.154+0200] {logging_mixin.py:137} INFO - [2023-03-26T21:58:06.153+0200] {dag.py:3440} INFO - Setting next_dagrun for example_sla_dag to 2023-03-26T19:56:00+00:00, run_after=2023-03-26T19:58:00+00:00
[2023-03-26T21:58:06.257+0200] {processor.py:175} INFO - Processing /home/humbulani/miniconda3/envs/apache-airflow/lib/python3.8/site-packages/airflow/example_dags/example_sla_dag.py took 0.264 seconds
[2023-03-26T21:58:52.691+0200] {processor.py:153} INFO - Started process (PID=17901) to work on /home/humbulani/miniconda3/envs/apache-airflow/lib/python3.8/site-packages/airflow/example_dags/example_sla_dag.py
[2023-03-26T21:58:52.717+0200] {processor.py:743} INFO - Processing file /home/humbulani/miniconda3/envs/apache-airflow/lib/python3.8/site-packages/airflow/example_dags/example_sla_dag.py for tasks to queue
[2023-03-26T21:58:52.717+0200] {logging_mixin.py:137} INFO - [2023-03-26T21:58:52.717+0200] {dagbag.py:532} INFO - Filling up the DagBag from /home/humbulani/miniconda3/envs/apache-airflow/lib/python3.8/site-packages/airflow/example_dags/example_sla_dag.py
[2023-03-26T21:58:52.742+0200] {processor.py:753} INFO - DAG(s) dict_keys(['example_sla_dag']) retrieved from /home/humbulani/miniconda3/envs/apache-airflow/lib/python3.8/site-packages/airflow/example_dags/example_sla_dag.py
[2023-03-26T21:58:52.761+0200] {logging_mixin.py:137} INFO - [2023-03-26T21:58:52.760+0200] {dag.py:2693} INFO - Sync 1 DAGs
[2023-03-26T21:58:52.780+0200] {logging_mixin.py:137} INFO - [2023-03-26T21:58:52.780+0200] {dag.py:3440} INFO - Setting next_dagrun for example_sla_dag to 2023-03-26T19:56:00+00:00, run_after=2023-03-26T19:58:00+00:00
[2023-03-26T21:58:52.854+0200] {processor.py:175} INFO - Processing /home/humbulani/miniconda3/envs/apache-airflow/lib/python3.8/site-packages/airflow/example_dags/example_sla_dag.py took 0.165 seconds
[2023-03-26T21:59:41.071+0200] {processor.py:153} INFO - Started process (PID=18118) to work on /home/humbulani/miniconda3/envs/apache-airflow/lib/python3.8/site-packages/airflow/example_dags/example_sla_dag.py
[2023-03-26T21:59:41.120+0200] {processor.py:743} INFO - Processing file /home/humbulani/miniconda3/envs/apache-airflow/lib/python3.8/site-packages/airflow/example_dags/example_sla_dag.py for tasks to queue
[2023-03-26T21:59:41.120+0200] {logging_mixin.py:137} INFO - [2023-03-26T21:59:41.120+0200] {dagbag.py:532} INFO - Filling up the DagBag from /home/humbulani/miniconda3/envs/apache-airflow/lib/python3.8/site-packages/airflow/example_dags/example_sla_dag.py
[2023-03-26T21:59:41.146+0200] {processor.py:753} INFO - DAG(s) dict_keys(['example_sla_dag']) retrieved from /home/humbulani/miniconda3/envs/apache-airflow/lib/python3.8/site-packages/airflow/example_dags/example_sla_dag.py
[2023-03-26T21:59:41.162+0200] {logging_mixin.py:137} INFO - [2023-03-26T21:59:41.162+0200] {dag.py:2693} INFO - Sync 1 DAGs
[2023-03-26T21:59:41.184+0200] {logging_mixin.py:137} INFO - [2023-03-26T21:59:41.184+0200] {dag.py:3440} INFO - Setting next_dagrun for example_sla_dag to 2023-03-26T19:56:00+00:00, run_after=2023-03-26T19:58:00+00:00
[2023-03-26T21:59:41.271+0200] {processor.py:175} INFO - Processing /home/humbulani/miniconda3/envs/apache-airflow/lib/python3.8/site-packages/airflow/example_dags/example_sla_dag.py took 0.202 seconds
[2023-03-26T22:00:28.049+0200] {processor.py:153} INFO - Started process (PID=18169) to work on /home/humbulani/miniconda3/envs/apache-airflow/lib/python3.8/site-packages/airflow/example_dags/example_sla_dag.py
[2023-03-26T22:00:28.082+0200] {processor.py:743} INFO - Processing file /home/humbulani/miniconda3/envs/apache-airflow/lib/python3.8/site-packages/airflow/example_dags/example_sla_dag.py for tasks to queue
[2023-03-26T22:00:28.082+0200] {logging_mixin.py:137} INFO - [2023-03-26T22:00:28.082+0200] {dagbag.py:532} INFO - Filling up the DagBag from /home/humbulani/miniconda3/envs/apache-airflow/lib/python3.8/site-packages/airflow/example_dags/example_sla_dag.py
[2023-03-26T22:00:28.103+0200] {processor.py:753} INFO - DAG(s) dict_keys(['example_sla_dag']) retrieved from /home/humbulani/miniconda3/envs/apache-airflow/lib/python3.8/site-packages/airflow/example_dags/example_sla_dag.py
[2023-03-26T22:00:28.122+0200] {logging_mixin.py:137} INFO - [2023-03-26T22:00:28.122+0200] {dag.py:2693} INFO - Sync 1 DAGs
[2023-03-26T22:00:28.143+0200] {logging_mixin.py:137} INFO - [2023-03-26T22:00:28.143+0200] {dag.py:3440} INFO - Setting next_dagrun for example_sla_dag to 2023-03-26T19:58:00+00:00, run_after=2023-03-26T20:00:00+00:00
[2023-03-26T22:00:28.222+0200] {processor.py:175} INFO - Processing /home/humbulani/miniconda3/envs/apache-airflow/lib/python3.8/site-packages/airflow/example_dags/example_sla_dag.py took 0.176 seconds
[2023-03-26T22:01:11.513+0200] {processor.py:153} INFO - Started process (PID=18254) to work on /home/humbulani/miniconda3/envs/apache-airflow/lib/python3.8/site-packages/airflow/example_dags/example_sla_dag.py
[2023-03-26T22:01:11.517+0200] {processor.py:743} INFO - Processing file /home/humbulani/miniconda3/envs/apache-airflow/lib/python3.8/site-packages/airflow/example_dags/example_sla_dag.py for tasks to queue
[2023-03-26T22:01:11.518+0200] {logging_mixin.py:137} INFO - [2023-03-26T22:01:11.518+0200] {dagbag.py:532} INFO - Filling up the DagBag from /home/humbulani/miniconda3/envs/apache-airflow/lib/python3.8/site-packages/airflow/example_dags/example_sla_dag.py
[2023-03-26T22:01:11.543+0200] {processor.py:753} INFO - DAG(s) dict_keys(['example_sla_dag']) retrieved from /home/humbulani/miniconda3/envs/apache-airflow/lib/python3.8/site-packages/airflow/example_dags/example_sla_dag.py
[2023-03-26T22:01:11.560+0200] {logging_mixin.py:137} INFO - [2023-03-26T22:01:11.560+0200] {dag.py:2693} INFO - Sync 1 DAGs
[2023-03-26T22:01:11.580+0200] {logging_mixin.py:137} INFO - [2023-03-26T22:01:11.579+0200] {dag.py:3440} INFO - Setting next_dagrun for example_sla_dag to 2023-03-26T19:58:00+00:00, run_after=2023-03-26T20:00:00+00:00
[2023-03-26T22:01:11.722+0200] {processor.py:175} INFO - Processing /home/humbulani/miniconda3/envs/apache-airflow/lib/python3.8/site-packages/airflow/example_dags/example_sla_dag.py took 0.212 seconds
[2023-03-26T22:02:00.681+0200] {processor.py:153} INFO - Started process (PID=18509) to work on /home/humbulani/miniconda3/envs/apache-airflow/lib/python3.8/site-packages/airflow/example_dags/example_sla_dag.py
[2023-03-26T22:02:00.687+0200] {processor.py:743} INFO - Processing file /home/humbulani/miniconda3/envs/apache-airflow/lib/python3.8/site-packages/airflow/example_dags/example_sla_dag.py for tasks to queue
[2023-03-26T22:02:00.688+0200] {logging_mixin.py:137} INFO - [2023-03-26T22:02:00.688+0200] {dagbag.py:532} INFO - Filling up the DagBag from /home/humbulani/miniconda3/envs/apache-airflow/lib/python3.8/site-packages/airflow/example_dags/example_sla_dag.py
[2023-03-26T22:02:00.709+0200] {processor.py:753} INFO - DAG(s) dict_keys(['example_sla_dag']) retrieved from /home/humbulani/miniconda3/envs/apache-airflow/lib/python3.8/site-packages/airflow/example_dags/example_sla_dag.py
[2023-03-26T22:02:00.725+0200] {logging_mixin.py:137} INFO - [2023-03-26T22:02:00.725+0200] {dag.py:2693} INFO - Sync 1 DAGs
[2023-03-26T22:02:00.745+0200] {logging_mixin.py:137} INFO - [2023-03-26T22:02:00.744+0200] {dag.py:3440} INFO - Setting next_dagrun for example_sla_dag to 2023-03-26T20:00:00+00:00, run_after=2023-03-26T20:02:00+00:00
[2023-03-26T22:02:00.837+0200] {processor.py:175} INFO - Processing /home/humbulani/miniconda3/envs/apache-airflow/lib/python3.8/site-packages/airflow/example_dags/example_sla_dag.py took 0.159 seconds
[2023-03-26T22:02:46.628+0200] {processor.py:153} INFO - Started process (PID=18566) to work on /home/humbulani/miniconda3/envs/apache-airflow/lib/python3.8/site-packages/airflow/example_dags/example_sla_dag.py
[2023-03-26T22:02:46.640+0200] {processor.py:743} INFO - Processing file /home/humbulani/miniconda3/envs/apache-airflow/lib/python3.8/site-packages/airflow/example_dags/example_sla_dag.py for tasks to queue
[2023-03-26T22:02:46.641+0200] {logging_mixin.py:137} INFO - [2023-03-26T22:02:46.641+0200] {dagbag.py:532} INFO - Filling up the DagBag from /home/humbulani/miniconda3/envs/apache-airflow/lib/python3.8/site-packages/airflow/example_dags/example_sla_dag.py
[2023-03-26T22:02:46.662+0200] {processor.py:753} INFO - DAG(s) dict_keys(['example_sla_dag']) retrieved from /home/humbulani/miniconda3/envs/apache-airflow/lib/python3.8/site-packages/airflow/example_dags/example_sla_dag.py
[2023-03-26T22:02:46.678+0200] {logging_mixin.py:137} INFO - [2023-03-26T22:02:46.678+0200] {dag.py:2693} INFO - Sync 1 DAGs
[2023-03-26T22:02:46.698+0200] {logging_mixin.py:137} INFO - [2023-03-26T22:02:46.698+0200] {dag.py:3440} INFO - Setting next_dagrun for example_sla_dag to 2023-03-26T20:00:00+00:00, run_after=2023-03-26T20:02:00+00:00
[2023-03-26T22:02:46.773+0200] {processor.py:175} INFO - Processing /home/humbulani/miniconda3/envs/apache-airflow/lib/python3.8/site-packages/airflow/example_dags/example_sla_dag.py took 0.148 seconds
[2023-03-26T22:03:32.881+0200] {processor.py:153} INFO - Started process (PID=18620) to work on /home/humbulani/miniconda3/envs/apache-airflow/lib/python3.8/site-packages/airflow/example_dags/example_sla_dag.py
[2023-03-26T22:03:32.932+0200] {processor.py:743} INFO - Processing file /home/humbulani/miniconda3/envs/apache-airflow/lib/python3.8/site-packages/airflow/example_dags/example_sla_dag.py for tasks to queue
[2023-03-26T22:03:32.932+0200] {logging_mixin.py:137} INFO - [2023-03-26T22:03:32.932+0200] {dagbag.py:532} INFO - Filling up the DagBag from /home/humbulani/miniconda3/envs/apache-airflow/lib/python3.8/site-packages/airflow/example_dags/example_sla_dag.py
[2023-03-26T22:03:32.955+0200] {processor.py:753} INFO - DAG(s) dict_keys(['example_sla_dag']) retrieved from /home/humbulani/miniconda3/envs/apache-airflow/lib/python3.8/site-packages/airflow/example_dags/example_sla_dag.py
[2023-03-26T22:03:32.971+0200] {logging_mixin.py:137} INFO - [2023-03-26T22:03:32.971+0200] {dag.py:2693} INFO - Sync 1 DAGs
[2023-03-26T22:03:32.992+0200] {logging_mixin.py:137} INFO - [2023-03-26T22:03:32.991+0200] {dag.py:3440} INFO - Setting next_dagrun for example_sla_dag to 2023-03-26T20:00:00+00:00, run_after=2023-03-26T20:02:00+00:00
[2023-03-26T22:03:33.060+0200] {processor.py:175} INFO - Processing /home/humbulani/miniconda3/envs/apache-airflow/lib/python3.8/site-packages/airflow/example_dags/example_sla_dag.py took 0.181 seconds
[2023-03-26T22:04:18.025+0200] {processor.py:153} INFO - Started process (PID=18680) to work on /home/humbulani/miniconda3/envs/apache-airflow/lib/python3.8/site-packages/airflow/example_dags/example_sla_dag.py
[2023-03-26T22:04:18.043+0200] {processor.py:743} INFO - Processing file /home/humbulani/miniconda3/envs/apache-airflow/lib/python3.8/site-packages/airflow/example_dags/example_sla_dag.py for tasks to queue
[2023-03-26T22:04:18.044+0200] {logging_mixin.py:137} INFO - [2023-03-26T22:04:18.044+0200] {dagbag.py:532} INFO - Filling up the DagBag from /home/humbulani/miniconda3/envs/apache-airflow/lib/python3.8/site-packages/airflow/example_dags/example_sla_dag.py
[2023-03-26T22:04:18.064+0200] {processor.py:753} INFO - DAG(s) dict_keys(['example_sla_dag']) retrieved from /home/humbulani/miniconda3/envs/apache-airflow/lib/python3.8/site-packages/airflow/example_dags/example_sla_dag.py
[2023-03-26T22:04:18.080+0200] {logging_mixin.py:137} INFO - [2023-03-26T22:04:18.080+0200] {dag.py:2693} INFO - Sync 1 DAGs
[2023-03-26T22:04:18.101+0200] {logging_mixin.py:137} INFO - [2023-03-26T22:04:18.101+0200] {dag.py:3440} INFO - Setting next_dagrun for example_sla_dag to 2023-03-26T20:02:00+00:00, run_after=2023-03-26T20:04:00+00:00
[2023-03-26T22:04:18.190+0200] {processor.py:175} INFO - Processing /home/humbulani/miniconda3/envs/apache-airflow/lib/python3.8/site-packages/airflow/example_dags/example_sla_dag.py took 0.168 seconds
[2023-03-26T22:05:03.981+0200] {processor.py:153} INFO - Started process (PID=18739) to work on /home/humbulani/miniconda3/envs/apache-airflow/lib/python3.8/site-packages/airflow/example_dags/example_sla_dag.py
[2023-03-26T22:05:03.982+0200] {processor.py:743} INFO - Processing file /home/humbulani/miniconda3/envs/apache-airflow/lib/python3.8/site-packages/airflow/example_dags/example_sla_dag.py for tasks to queue
[2023-03-26T22:05:03.982+0200] {logging_mixin.py:137} INFO - [2023-03-26T22:05:03.982+0200] {dagbag.py:532} INFO - Filling up the DagBag from /home/humbulani/miniconda3/envs/apache-airflow/lib/python3.8/site-packages/airflow/example_dags/example_sla_dag.py
[2023-03-26T22:05:04.003+0200] {processor.py:753} INFO - DAG(s) dict_keys(['example_sla_dag']) retrieved from /home/humbulani/miniconda3/envs/apache-airflow/lib/python3.8/site-packages/airflow/example_dags/example_sla_dag.py
[2023-03-26T22:05:04.020+0200] {logging_mixin.py:137} INFO - [2023-03-26T22:05:04.020+0200] {dag.py:2693} INFO - Sync 1 DAGs
[2023-03-26T22:05:04.040+0200] {logging_mixin.py:137} INFO - [2023-03-26T22:05:04.040+0200] {dag.py:3440} INFO - Setting next_dagrun for example_sla_dag to 2023-03-26T20:02:00+00:00, run_after=2023-03-26T20:04:00+00:00
[2023-03-26T22:05:04.119+0200] {processor.py:175} INFO - Processing /home/humbulani/miniconda3/envs/apache-airflow/lib/python3.8/site-packages/airflow/example_dags/example_sla_dag.py took 0.140 seconds
[2023-03-26T22:05:46.762+0200] {processor.py:153} INFO - Started process (PID=18789) to work on /home/humbulani/miniconda3/envs/apache-airflow/lib/python3.8/site-packages/airflow/example_dags/example_sla_dag.py
[2023-03-26T22:05:46.766+0200] {processor.py:743} INFO - Processing file /home/humbulani/miniconda3/envs/apache-airflow/lib/python3.8/site-packages/airflow/example_dags/example_sla_dag.py for tasks to queue
[2023-03-26T22:05:46.766+0200] {logging_mixin.py:137} INFO - [2023-03-26T22:05:46.766+0200] {dagbag.py:532} INFO - Filling up the DagBag from /home/humbulani/miniconda3/envs/apache-airflow/lib/python3.8/site-packages/airflow/example_dags/example_sla_dag.py
[2023-03-26T22:05:46.789+0200] {processor.py:753} INFO - DAG(s) dict_keys(['example_sla_dag']) retrieved from /home/humbulani/miniconda3/envs/apache-airflow/lib/python3.8/site-packages/airflow/example_dags/example_sla_dag.py
[2023-03-26T22:05:46.807+0200] {logging_mixin.py:137} INFO - [2023-03-26T22:05:46.806+0200] {dag.py:2693} INFO - Sync 1 DAGs
[2023-03-26T22:05:46.828+0200] {logging_mixin.py:137} INFO - [2023-03-26T22:05:46.828+0200] {dag.py:3440} INFO - Setting next_dagrun for example_sla_dag to 2023-03-26T20:02:00+00:00, run_after=2023-03-26T20:04:00+00:00
[2023-03-26T22:05:46.903+0200] {processor.py:175} INFO - Processing /home/humbulani/miniconda3/envs/apache-airflow/lib/python3.8/site-packages/airflow/example_dags/example_sla_dag.py took 0.145 seconds
[2023-03-26T22:06:33.271+0200] {processor.py:153} INFO - Started process (PID=18835) to work on /home/humbulani/miniconda3/envs/apache-airflow/lib/python3.8/site-packages/airflow/example_dags/example_sla_dag.py
[2023-03-26T22:06:33.280+0200] {processor.py:743} INFO - Processing file /home/humbulani/miniconda3/envs/apache-airflow/lib/python3.8/site-packages/airflow/example_dags/example_sla_dag.py for tasks to queue
[2023-03-26T22:06:33.280+0200] {logging_mixin.py:137} INFO - [2023-03-26T22:06:33.280+0200] {dagbag.py:532} INFO - Filling up the DagBag from /home/humbulani/miniconda3/envs/apache-airflow/lib/python3.8/site-packages/airflow/example_dags/example_sla_dag.py
[2023-03-26T22:06:33.302+0200] {processor.py:753} INFO - DAG(s) dict_keys(['example_sla_dag']) retrieved from /home/humbulani/miniconda3/envs/apache-airflow/lib/python3.8/site-packages/airflow/example_dags/example_sla_dag.py
[2023-03-26T22:06:33.318+0200] {logging_mixin.py:137} INFO - [2023-03-26T22:06:33.318+0200] {dag.py:2693} INFO - Sync 1 DAGs
[2023-03-26T22:06:33.337+0200] {logging_mixin.py:137} INFO - [2023-03-26T22:06:33.337+0200] {dag.py:3440} INFO - Setting next_dagrun for example_sla_dag to 2023-03-26T20:04:00+00:00, run_after=2023-03-26T20:06:00+00:00
[2023-03-26T22:06:33.409+0200] {processor.py:175} INFO - Processing /home/humbulani/miniconda3/envs/apache-airflow/lib/python3.8/site-packages/airflow/example_dags/example_sla_dag.py took 0.141 seconds
[2023-03-26T22:07:20.258+0200] {processor.py:153} INFO - Started process (PID=18981) to work on /home/humbulani/miniconda3/envs/apache-airflow/lib/python3.8/site-packages/airflow/example_dags/example_sla_dag.py
[2023-03-26T22:07:20.259+0200] {processor.py:743} INFO - Processing file /home/humbulani/miniconda3/envs/apache-airflow/lib/python3.8/site-packages/airflow/example_dags/example_sla_dag.py for tasks to queue
[2023-03-26T22:07:20.259+0200] {logging_mixin.py:137} INFO - [2023-03-26T22:07:20.259+0200] {dagbag.py:532} INFO - Filling up the DagBag from /home/humbulani/miniconda3/envs/apache-airflow/lib/python3.8/site-packages/airflow/example_dags/example_sla_dag.py
[2023-03-26T22:07:20.283+0200] {processor.py:753} INFO - DAG(s) dict_keys(['example_sla_dag']) retrieved from /home/humbulani/miniconda3/envs/apache-airflow/lib/python3.8/site-packages/airflow/example_dags/example_sla_dag.py
[2023-03-26T22:07:20.299+0200] {logging_mixin.py:137} INFO - [2023-03-26T22:07:20.298+0200] {dag.py:2693} INFO - Sync 1 DAGs
[2023-03-26T22:07:20.318+0200] {logging_mixin.py:137} INFO - [2023-03-26T22:07:20.318+0200] {dag.py:3440} INFO - Setting next_dagrun for example_sla_dag to 2023-03-26T20:04:00+00:00, run_after=2023-03-26T20:06:00+00:00
[2023-03-26T22:07:20.382+0200] {processor.py:175} INFO - Processing /home/humbulani/miniconda3/envs/apache-airflow/lib/python3.8/site-packages/airflow/example_dags/example_sla_dag.py took 0.128 seconds
[2023-03-26T22:08:04.920+0200] {processor.py:153} INFO - Started process (PID=19025) to work on /home/humbulani/miniconda3/envs/apache-airflow/lib/python3.8/site-packages/airflow/example_dags/example_sla_dag.py
[2023-03-26T22:08:04.921+0200] {processor.py:743} INFO - Processing file /home/humbulani/miniconda3/envs/apache-airflow/lib/python3.8/site-packages/airflow/example_dags/example_sla_dag.py for tasks to queue
[2023-03-26T22:08:04.921+0200] {logging_mixin.py:137} INFO - [2023-03-26T22:08:04.921+0200] {dagbag.py:532} INFO - Filling up the DagBag from /home/humbulani/miniconda3/envs/apache-airflow/lib/python3.8/site-packages/airflow/example_dags/example_sla_dag.py
[2023-03-26T22:08:04.946+0200] {processor.py:753} INFO - DAG(s) dict_keys(['example_sla_dag']) retrieved from /home/humbulani/miniconda3/envs/apache-airflow/lib/python3.8/site-packages/airflow/example_dags/example_sla_dag.py
[2023-03-26T22:08:04.963+0200] {logging_mixin.py:137} INFO - [2023-03-26T22:08:04.963+0200] {dag.py:2693} INFO - Sync 1 DAGs
[2023-03-26T22:08:04.985+0200] {logging_mixin.py:137} INFO - [2023-03-26T22:08:04.985+0200] {dag.py:3440} INFO - Setting next_dagrun for example_sla_dag to 2023-03-26T20:06:00+00:00, run_after=2023-03-26T20:08:00+00:00
[2023-03-26T22:08:05.062+0200] {processor.py:175} INFO - Processing /home/humbulani/miniconda3/envs/apache-airflow/lib/python3.8/site-packages/airflow/example_dags/example_sla_dag.py took 0.146 seconds
[2023-03-26T22:08:51.056+0200] {processor.py:153} INFO - Started process (PID=19111) to work on /home/humbulani/miniconda3/envs/apache-airflow/lib/python3.8/site-packages/airflow/example_dags/example_sla_dag.py
[2023-03-26T22:08:51.074+0200] {processor.py:743} INFO - Processing file /home/humbulani/miniconda3/envs/apache-airflow/lib/python3.8/site-packages/airflow/example_dags/example_sla_dag.py for tasks to queue
[2023-03-26T22:08:51.075+0200] {logging_mixin.py:137} INFO - [2023-03-26T22:08:51.075+0200] {dagbag.py:532} INFO - Filling up the DagBag from /home/humbulani/miniconda3/envs/apache-airflow/lib/python3.8/site-packages/airflow/example_dags/example_sla_dag.py
[2023-03-26T22:08:51.098+0200] {processor.py:753} INFO - DAG(s) dict_keys(['example_sla_dag']) retrieved from /home/humbulani/miniconda3/envs/apache-airflow/lib/python3.8/site-packages/airflow/example_dags/example_sla_dag.py
[2023-03-26T22:08:51.115+0200] {logging_mixin.py:137} INFO - [2023-03-26T22:08:51.115+0200] {dag.py:2693} INFO - Sync 1 DAGs
[2023-03-26T22:08:51.137+0200] {logging_mixin.py:137} INFO - [2023-03-26T22:08:51.136+0200] {dag.py:3440} INFO - Setting next_dagrun for example_sla_dag to 2023-03-26T20:06:00+00:00, run_after=2023-03-26T20:08:00+00:00
[2023-03-26T22:08:51.217+0200] {processor.py:175} INFO - Processing /home/humbulani/miniconda3/envs/apache-airflow/lib/python3.8/site-packages/airflow/example_dags/example_sla_dag.py took 0.163 seconds
[2023-03-26T22:09:38.932+0200] {processor.py:153} INFO - Started process (PID=19155) to work on /home/humbulani/miniconda3/envs/apache-airflow/lib/python3.8/site-packages/airflow/example_dags/example_sla_dag.py
[2023-03-26T22:09:38.933+0200] {processor.py:743} INFO - Processing file /home/humbulani/miniconda3/envs/apache-airflow/lib/python3.8/site-packages/airflow/example_dags/example_sla_dag.py for tasks to queue
[2023-03-26T22:09:38.933+0200] {logging_mixin.py:137} INFO - [2023-03-26T22:09:38.933+0200] {dagbag.py:532} INFO - Filling up the DagBag from /home/humbulani/miniconda3/envs/apache-airflow/lib/python3.8/site-packages/airflow/example_dags/example_sla_dag.py
[2023-03-26T22:09:38.955+0200] {processor.py:753} INFO - DAG(s) dict_keys(['example_sla_dag']) retrieved from /home/humbulani/miniconda3/envs/apache-airflow/lib/python3.8/site-packages/airflow/example_dags/example_sla_dag.py
[2023-03-26T22:09:38.971+0200] {logging_mixin.py:137} INFO - [2023-03-26T22:09:38.971+0200] {dag.py:2693} INFO - Sync 1 DAGs
[2023-03-26T22:09:38.992+0200] {logging_mixin.py:137} INFO - [2023-03-26T22:09:38.992+0200] {dag.py:3440} INFO - Setting next_dagrun for example_sla_dag to 2023-03-26T20:06:00+00:00, run_after=2023-03-26T20:08:00+00:00
[2023-03-26T22:09:39.131+0200] {processor.py:175} INFO - Processing /home/humbulani/miniconda3/envs/apache-airflow/lib/python3.8/site-packages/airflow/example_dags/example_sla_dag.py took 0.202 seconds
[2023-03-26T22:10:22.864+0200] {processor.py:153} INFO - Started process (PID=19214) to work on /home/humbulani/miniconda3/envs/apache-airflow/lib/python3.8/site-packages/airflow/example_dags/example_sla_dag.py
[2023-03-26T22:10:22.878+0200] {processor.py:743} INFO - Processing file /home/humbulani/miniconda3/envs/apache-airflow/lib/python3.8/site-packages/airflow/example_dags/example_sla_dag.py for tasks to queue
[2023-03-26T22:10:22.878+0200] {logging_mixin.py:137} INFO - [2023-03-26T22:10:22.878+0200] {dagbag.py:532} INFO - Filling up the DagBag from /home/humbulani/miniconda3/envs/apache-airflow/lib/python3.8/site-packages/airflow/example_dags/example_sla_dag.py
[2023-03-26T22:10:22.902+0200] {processor.py:753} INFO - DAG(s) dict_keys(['example_sla_dag']) retrieved from /home/humbulani/miniconda3/envs/apache-airflow/lib/python3.8/site-packages/airflow/example_dags/example_sla_dag.py
[2023-03-26T22:10:22.918+0200] {logging_mixin.py:137} INFO - [2023-03-26T22:10:22.918+0200] {dag.py:2693} INFO - Sync 1 DAGs
[2023-03-26T22:10:22.939+0200] {logging_mixin.py:137} INFO - [2023-03-26T22:10:22.939+0200] {dag.py:3440} INFO - Setting next_dagrun for example_sla_dag to 2023-03-26T20:08:00+00:00, run_after=2023-03-26T20:10:00+00:00
[2023-03-26T22:10:23.030+0200] {processor.py:175} INFO - Processing /home/humbulani/miniconda3/envs/apache-airflow/lib/python3.8/site-packages/airflow/example_dags/example_sla_dag.py took 0.168 seconds
[2023-03-26T22:11:09.999+0200] {processor.py:153} INFO - Started process (PID=19328) to work on /home/humbulani/miniconda3/envs/apache-airflow/lib/python3.8/site-packages/airflow/example_dags/example_sla_dag.py
[2023-03-26T22:11:10.008+0200] {processor.py:743} INFO - Processing file /home/humbulani/miniconda3/envs/apache-airflow/lib/python3.8/site-packages/airflow/example_dags/example_sla_dag.py for tasks to queue
[2023-03-26T22:11:10.009+0200] {logging_mixin.py:137} INFO - [2023-03-26T22:11:10.009+0200] {dagbag.py:532} INFO - Filling up the DagBag from /home/humbulani/miniconda3/envs/apache-airflow/lib/python3.8/site-packages/airflow/example_dags/example_sla_dag.py
[2023-03-26T22:11:10.036+0200] {processor.py:753} INFO - DAG(s) dict_keys(['example_sla_dag']) retrieved from /home/humbulani/miniconda3/envs/apache-airflow/lib/python3.8/site-packages/airflow/example_dags/example_sla_dag.py
[2023-03-26T22:11:10.053+0200] {logging_mixin.py:137} INFO - [2023-03-26T22:11:10.053+0200] {dag.py:2693} INFO - Sync 1 DAGs
[2023-03-26T22:11:10.074+0200] {logging_mixin.py:137} INFO - [2023-03-26T22:11:10.074+0200] {dag.py:3440} INFO - Setting next_dagrun for example_sla_dag to 2023-03-26T20:08:00+00:00, run_after=2023-03-26T20:10:00+00:00
[2023-03-26T22:11:10.144+0200] {processor.py:175} INFO - Processing /home/humbulani/miniconda3/envs/apache-airflow/lib/python3.8/site-packages/airflow/example_dags/example_sla_dag.py took 0.148 seconds
[2023-03-26T22:11:56.993+0200] {processor.py:153} INFO - Started process (PID=19370) to work on /home/humbulani/miniconda3/envs/apache-airflow/lib/python3.8/site-packages/airflow/example_dags/example_sla_dag.py
[2023-03-26T22:11:56.994+0200] {processor.py:743} INFO - Processing file /home/humbulani/miniconda3/envs/apache-airflow/lib/python3.8/site-packages/airflow/example_dags/example_sla_dag.py for tasks to queue
[2023-03-26T22:11:56.994+0200] {logging_mixin.py:137} INFO - [2023-03-26T22:11:56.994+0200] {dagbag.py:532} INFO - Filling up the DagBag from /home/humbulani/miniconda3/envs/apache-airflow/lib/python3.8/site-packages/airflow/example_dags/example_sla_dag.py
[2023-03-26T22:11:57.015+0200] {processor.py:753} INFO - DAG(s) dict_keys(['example_sla_dag']) retrieved from /home/humbulani/miniconda3/envs/apache-airflow/lib/python3.8/site-packages/airflow/example_dags/example_sla_dag.py
[2023-03-26T22:11:57.031+0200] {logging_mixin.py:137} INFO - [2023-03-26T22:11:57.031+0200] {dag.py:2693} INFO - Sync 1 DAGs
[2023-03-26T22:11:57.053+0200] {logging_mixin.py:137} INFO - [2023-03-26T22:11:57.052+0200] {dag.py:3440} INFO - Setting next_dagrun for example_sla_dag to 2023-03-26T20:08:00+00:00, run_after=2023-03-26T20:10:00+00:00
[2023-03-26T22:11:57.121+0200] {processor.py:175} INFO - Processing /home/humbulani/miniconda3/envs/apache-airflow/lib/python3.8/site-packages/airflow/example_dags/example_sla_dag.py took 0.131 seconds
[2023-03-26T22:12:39.823+0200] {processor.py:153} INFO - Started process (PID=19481) to work on /home/humbulani/miniconda3/envs/apache-airflow/lib/python3.8/site-packages/airflow/example_dags/example_sla_dag.py
[2023-03-26T22:12:39.869+0200] {processor.py:743} INFO - Processing file /home/humbulani/miniconda3/envs/apache-airflow/lib/python3.8/site-packages/airflow/example_dags/example_sla_dag.py for tasks to queue
[2023-03-26T22:12:39.869+0200] {logging_mixin.py:137} INFO - [2023-03-26T22:12:39.869+0200] {dagbag.py:532} INFO - Filling up the DagBag from /home/humbulani/miniconda3/envs/apache-airflow/lib/python3.8/site-packages/airflow/example_dags/example_sla_dag.py
[2023-03-26T22:12:39.892+0200] {processor.py:753} INFO - DAG(s) dict_keys(['example_sla_dag']) retrieved from /home/humbulani/miniconda3/envs/apache-airflow/lib/python3.8/site-packages/airflow/example_dags/example_sla_dag.py
[2023-03-26T22:12:39.908+0200] {logging_mixin.py:137} INFO - [2023-03-26T22:12:39.908+0200] {dag.py:2693} INFO - Sync 1 DAGs
[2023-03-26T22:12:39.931+0200] {logging_mixin.py:137} INFO - [2023-03-26T22:12:39.931+0200] {dag.py:3440} INFO - Setting next_dagrun for example_sla_dag to 2023-03-26T20:10:00+00:00, run_after=2023-03-26T20:12:00+00:00
[2023-03-26T22:12:40.269+0200] {processor.py:175} INFO - Processing /home/humbulani/miniconda3/envs/apache-airflow/lib/python3.8/site-packages/airflow/example_dags/example_sla_dag.py took 0.449 seconds
[2023-03-26T22:13:27.865+0200] {processor.py:153} INFO - Started process (PID=19524) to work on /home/humbulani/miniconda3/envs/apache-airflow/lib/python3.8/site-packages/airflow/example_dags/example_sla_dag.py
[2023-03-26T22:13:27.866+0200] {processor.py:743} INFO - Processing file /home/humbulani/miniconda3/envs/apache-airflow/lib/python3.8/site-packages/airflow/example_dags/example_sla_dag.py for tasks to queue
[2023-03-26T22:13:27.866+0200] {logging_mixin.py:137} INFO - [2023-03-26T22:13:27.866+0200] {dagbag.py:532} INFO - Filling up the DagBag from /home/humbulani/miniconda3/envs/apache-airflow/lib/python3.8/site-packages/airflow/example_dags/example_sla_dag.py
[2023-03-26T22:13:27.889+0200] {processor.py:753} INFO - DAG(s) dict_keys(['example_sla_dag']) retrieved from /home/humbulani/miniconda3/envs/apache-airflow/lib/python3.8/site-packages/airflow/example_dags/example_sla_dag.py
[2023-03-26T22:13:27.905+0200] {logging_mixin.py:137} INFO - [2023-03-26T22:13:27.905+0200] {dag.py:2693} INFO - Sync 1 DAGs
[2023-03-26T22:13:27.925+0200] {logging_mixin.py:137} INFO - [2023-03-26T22:13:27.925+0200] {dag.py:3440} INFO - Setting next_dagrun for example_sla_dag to 2023-03-26T20:10:00+00:00, run_after=2023-03-26T20:12:00+00:00
[2023-03-26T22:13:27.989+0200] {processor.py:175} INFO - Processing /home/humbulani/miniconda3/envs/apache-airflow/lib/python3.8/site-packages/airflow/example_dags/example_sla_dag.py took 0.126 seconds
[2023-03-26T22:14:14.839+0200] {processor.py:153} INFO - Started process (PID=19569) to work on /home/humbulani/miniconda3/envs/apache-airflow/lib/python3.8/site-packages/airflow/example_dags/example_sla_dag.py
[2023-03-26T22:14:14.852+0200] {processor.py:743} INFO - Processing file /home/humbulani/miniconda3/envs/apache-airflow/lib/python3.8/site-packages/airflow/example_dags/example_sla_dag.py for tasks to queue
[2023-03-26T22:14:14.853+0200] {logging_mixin.py:137} INFO - [2023-03-26T22:14:14.852+0200] {dagbag.py:532} INFO - Filling up the DagBag from /home/humbulani/miniconda3/envs/apache-airflow/lib/python3.8/site-packages/airflow/example_dags/example_sla_dag.py
[2023-03-26T22:14:14.874+0200] {processor.py:753} INFO - DAG(s) dict_keys(['example_sla_dag']) retrieved from /home/humbulani/miniconda3/envs/apache-airflow/lib/python3.8/site-packages/airflow/example_dags/example_sla_dag.py
[2023-03-26T22:14:14.891+0200] {logging_mixin.py:137} INFO - [2023-03-26T22:14:14.891+0200] {dag.py:2693} INFO - Sync 1 DAGs
[2023-03-26T22:14:14.910+0200] {logging_mixin.py:137} INFO - [2023-03-26T22:14:14.910+0200] {dag.py:3440} INFO - Setting next_dagrun for example_sla_dag to 2023-03-26T20:12:00+00:00, run_after=2023-03-26T20:14:00+00:00
[2023-03-26T22:14:14.986+0200] {processor.py:175} INFO - Processing /home/humbulani/miniconda3/envs/apache-airflow/lib/python3.8/site-packages/airflow/example_dags/example_sla_dag.py took 0.149 seconds
[2023-03-26T22:15:01.435+0200] {processor.py:153} INFO - Started process (PID=19618) to work on /home/humbulani/miniconda3/envs/apache-airflow/lib/python3.8/site-packages/airflow/example_dags/example_sla_dag.py
[2023-03-26T22:15:01.440+0200] {processor.py:743} INFO - Processing file /home/humbulani/miniconda3/envs/apache-airflow/lib/python3.8/site-packages/airflow/example_dags/example_sla_dag.py for tasks to queue
[2023-03-26T22:15:01.440+0200] {logging_mixin.py:137} INFO - [2023-03-26T22:15:01.440+0200] {dagbag.py:532} INFO - Filling up the DagBag from /home/humbulani/miniconda3/envs/apache-airflow/lib/python3.8/site-packages/airflow/example_dags/example_sla_dag.py
[2023-03-26T22:15:01.462+0200] {processor.py:753} INFO - DAG(s) dict_keys(['example_sla_dag']) retrieved from /home/humbulani/miniconda3/envs/apache-airflow/lib/python3.8/site-packages/airflow/example_dags/example_sla_dag.py
[2023-03-26T22:15:01.479+0200] {logging_mixin.py:137} INFO - [2023-03-26T22:15:01.478+0200] {dag.py:2693} INFO - Sync 1 DAGs
[2023-03-26T22:15:01.499+0200] {logging_mixin.py:137} INFO - [2023-03-26T22:15:01.499+0200] {dag.py:3440} INFO - Setting next_dagrun for example_sla_dag to 2023-03-26T20:12:00+00:00, run_after=2023-03-26T20:14:00+00:00
[2023-03-26T22:15:01.565+0200] {processor.py:175} INFO - Processing /home/humbulani/miniconda3/envs/apache-airflow/lib/python3.8/site-packages/airflow/example_dags/example_sla_dag.py took 0.132 seconds
[2023-03-26T22:15:49.156+0200] {processor.py:153} INFO - Started process (PID=19724) to work on /home/humbulani/miniconda3/envs/apache-airflow/lib/python3.8/site-packages/airflow/example_dags/example_sla_dag.py
[2023-03-26T22:15:49.161+0200] {processor.py:743} INFO - Processing file /home/humbulani/miniconda3/envs/apache-airflow/lib/python3.8/site-packages/airflow/example_dags/example_sla_dag.py for tasks to queue
[2023-03-26T22:15:49.162+0200] {logging_mixin.py:137} INFO - [2023-03-26T22:15:49.162+0200] {dagbag.py:532} INFO - Filling up the DagBag from /home/humbulani/miniconda3/envs/apache-airflow/lib/python3.8/site-packages/airflow/example_dags/example_sla_dag.py
[2023-03-26T22:15:49.189+0200] {processor.py:753} INFO - DAG(s) dict_keys(['example_sla_dag']) retrieved from /home/humbulani/miniconda3/envs/apache-airflow/lib/python3.8/site-packages/airflow/example_dags/example_sla_dag.py
[2023-03-26T22:15:49.205+0200] {logging_mixin.py:137} INFO - [2023-03-26T22:15:49.205+0200] {dag.py:2693} INFO - Sync 1 DAGs
[2023-03-26T22:15:49.227+0200] {logging_mixin.py:137} INFO - [2023-03-26T22:15:49.226+0200] {dag.py:3440} INFO - Setting next_dagrun for example_sla_dag to 2023-03-26T20:12:00+00:00, run_after=2023-03-26T20:14:00+00:00
[2023-03-26T22:15:49.298+0200] {processor.py:175} INFO - Processing /home/humbulani/miniconda3/envs/apache-airflow/lib/python3.8/site-packages/airflow/example_dags/example_sla_dag.py took 0.145 seconds
[2023-03-26T22:16:39.002+0200] {processor.py:153} INFO - Started process (PID=19832) to work on /home/humbulani/miniconda3/envs/apache-airflow/lib/python3.8/site-packages/airflow/example_dags/example_sla_dag.py
[2023-03-26T22:16:39.013+0200] {processor.py:743} INFO - Processing file /home/humbulani/miniconda3/envs/apache-airflow/lib/python3.8/site-packages/airflow/example_dags/example_sla_dag.py for tasks to queue
[2023-03-26T22:16:39.013+0200] {logging_mixin.py:137} INFO - [2023-03-26T22:16:39.013+0200] {dagbag.py:532} INFO - Filling up the DagBag from /home/humbulani/miniconda3/envs/apache-airflow/lib/python3.8/site-packages/airflow/example_dags/example_sla_dag.py
[2023-03-26T22:16:39.034+0200] {processor.py:753} INFO - DAG(s) dict_keys(['example_sla_dag']) retrieved from /home/humbulani/miniconda3/envs/apache-airflow/lib/python3.8/site-packages/airflow/example_dags/example_sla_dag.py
[2023-03-26T22:16:39.050+0200] {logging_mixin.py:137} INFO - [2023-03-26T22:16:39.050+0200] {dag.py:2693} INFO - Sync 1 DAGs
[2023-03-26T22:16:39.073+0200] {logging_mixin.py:137} INFO - [2023-03-26T22:16:39.073+0200] {dag.py:3440} INFO - Setting next_dagrun for example_sla_dag to 2023-03-26T20:14:00+00:00, run_after=2023-03-26T20:16:00+00:00
[2023-03-26T22:16:39.160+0200] {processor.py:175} INFO - Processing /home/humbulani/miniconda3/envs/apache-airflow/lib/python3.8/site-packages/airflow/example_dags/example_sla_dag.py took 0.160 seconds
[2023-03-26T22:17:25.929+0200] {processor.py:153} INFO - Started process (PID=19881) to work on /home/humbulani/miniconda3/envs/apache-airflow/lib/python3.8/site-packages/airflow/example_dags/example_sla_dag.py
[2023-03-26T22:17:25.930+0200] {processor.py:743} INFO - Processing file /home/humbulani/miniconda3/envs/apache-airflow/lib/python3.8/site-packages/airflow/example_dags/example_sla_dag.py for tasks to queue
[2023-03-26T22:17:25.930+0200] {logging_mixin.py:137} INFO - [2023-03-26T22:17:25.930+0200] {dagbag.py:532} INFO - Filling up the DagBag from /home/humbulani/miniconda3/envs/apache-airflow/lib/python3.8/site-packages/airflow/example_dags/example_sla_dag.py
[2023-03-26T22:17:25.951+0200] {processor.py:753} INFO - DAG(s) dict_keys(['example_sla_dag']) retrieved from /home/humbulani/miniconda3/envs/apache-airflow/lib/python3.8/site-packages/airflow/example_dags/example_sla_dag.py
[2023-03-26T22:17:25.968+0200] {logging_mixin.py:137} INFO - [2023-03-26T22:17:25.968+0200] {dag.py:2693} INFO - Sync 1 DAGs
[2023-03-26T22:17:25.988+0200] {logging_mixin.py:137} INFO - [2023-03-26T22:17:25.988+0200] {dag.py:3440} INFO - Setting next_dagrun for example_sla_dag to 2023-03-26T20:14:00+00:00, run_after=2023-03-26T20:16:00+00:00
[2023-03-26T22:17:26.063+0200] {processor.py:175} INFO - Processing /home/humbulani/miniconda3/envs/apache-airflow/lib/python3.8/site-packages/airflow/example_dags/example_sla_dag.py took 0.137 seconds
[2023-03-26T22:18:10.680+0200] {processor.py:153} INFO - Started process (PID=19992) to work on /home/humbulani/miniconda3/envs/apache-airflow/lib/python3.8/site-packages/airflow/example_dags/example_sla_dag.py
[2023-03-26T22:18:10.696+0200] {processor.py:743} INFO - Processing file /home/humbulani/miniconda3/envs/apache-airflow/lib/python3.8/site-packages/airflow/example_dags/example_sla_dag.py for tasks to queue
[2023-03-26T22:18:10.697+0200] {logging_mixin.py:137} INFO - [2023-03-26T22:18:10.697+0200] {dagbag.py:532} INFO - Filling up the DagBag from /home/humbulani/miniconda3/envs/apache-airflow/lib/python3.8/site-packages/airflow/example_dags/example_sla_dag.py
[2023-03-26T22:18:10.718+0200] {processor.py:753} INFO - DAG(s) dict_keys(['example_sla_dag']) retrieved from /home/humbulani/miniconda3/envs/apache-airflow/lib/python3.8/site-packages/airflow/example_dags/example_sla_dag.py
[2023-03-26T22:18:10.735+0200] {logging_mixin.py:137} INFO - [2023-03-26T22:18:10.735+0200] {dag.py:2693} INFO - Sync 1 DAGs
[2023-03-26T22:18:10.755+0200] {logging_mixin.py:137} INFO - [2023-03-26T22:18:10.755+0200] {dag.py:3440} INFO - Setting next_dagrun for example_sla_dag to 2023-03-26T20:16:00+00:00, run_after=2023-03-26T20:18:00+00:00
[2023-03-26T22:18:10.837+0200] {processor.py:175} INFO - Processing /home/humbulani/miniconda3/envs/apache-airflow/lib/python3.8/site-packages/airflow/example_dags/example_sla_dag.py took 0.159 seconds
[2023-03-26T22:18:54.607+0200] {processor.py:153} INFO - Started process (PID=20037) to work on /home/humbulani/miniconda3/envs/apache-airflow/lib/python3.8/site-packages/airflow/example_dags/example_sla_dag.py
[2023-03-26T22:18:54.613+0200] {processor.py:743} INFO - Processing file /home/humbulani/miniconda3/envs/apache-airflow/lib/python3.8/site-packages/airflow/example_dags/example_sla_dag.py for tasks to queue
[2023-03-26T22:18:54.614+0200] {logging_mixin.py:137} INFO - [2023-03-26T22:18:54.614+0200] {dagbag.py:532} INFO - Filling up the DagBag from /home/humbulani/miniconda3/envs/apache-airflow/lib/python3.8/site-packages/airflow/example_dags/example_sla_dag.py
[2023-03-26T22:18:54.637+0200] {processor.py:753} INFO - DAG(s) dict_keys(['example_sla_dag']) retrieved from /home/humbulani/miniconda3/envs/apache-airflow/lib/python3.8/site-packages/airflow/example_dags/example_sla_dag.py
[2023-03-26T22:18:54.653+0200] {logging_mixin.py:137} INFO - [2023-03-26T22:18:54.653+0200] {dag.py:2693} INFO - Sync 1 DAGs
[2023-03-26T22:18:54.672+0200] {logging_mixin.py:137} INFO - [2023-03-26T22:18:54.672+0200] {dag.py:3440} INFO - Setting next_dagrun for example_sla_dag to 2023-03-26T20:16:00+00:00, run_after=2023-03-26T20:18:00+00:00
[2023-03-26T22:18:54.739+0200] {processor.py:175} INFO - Processing /home/humbulani/miniconda3/envs/apache-airflow/lib/python3.8/site-packages/airflow/example_dags/example_sla_dag.py took 0.134 seconds
[2023-03-26T22:19:39.953+0200] {processor.py:153} INFO - Started process (PID=20146) to work on /home/humbulani/miniconda3/envs/apache-airflow/lib/python3.8/site-packages/airflow/example_dags/example_sla_dag.py
[2023-03-26T22:19:39.968+0200] {processor.py:743} INFO - Processing file /home/humbulani/miniconda3/envs/apache-airflow/lib/python3.8/site-packages/airflow/example_dags/example_sla_dag.py for tasks to queue
[2023-03-26T22:19:39.968+0200] {logging_mixin.py:137} INFO - [2023-03-26T22:19:39.968+0200] {dagbag.py:532} INFO - Filling up the DagBag from /home/humbulani/miniconda3/envs/apache-airflow/lib/python3.8/site-packages/airflow/example_dags/example_sla_dag.py
[2023-03-26T22:19:39.988+0200] {processor.py:753} INFO - DAG(s) dict_keys(['example_sla_dag']) retrieved from /home/humbulani/miniconda3/envs/apache-airflow/lib/python3.8/site-packages/airflow/example_dags/example_sla_dag.py
[2023-03-26T22:19:40.004+0200] {logging_mixin.py:137} INFO - [2023-03-26T22:19:40.004+0200] {dag.py:2693} INFO - Sync 1 DAGs
[2023-03-26T22:19:40.026+0200] {logging_mixin.py:137} INFO - [2023-03-26T22:19:40.026+0200] {dag.py:3440} INFO - Setting next_dagrun for example_sla_dag to 2023-03-26T20:16:00+00:00, run_after=2023-03-26T20:18:00+00:00
[2023-03-26T22:19:40.101+0200] {processor.py:175} INFO - Processing /home/humbulani/miniconda3/envs/apache-airflow/lib/python3.8/site-packages/airflow/example_dags/example_sla_dag.py took 0.151 seconds
[2023-03-26T22:20:24.761+0200] {processor.py:153} INFO - Started process (PID=20191) to work on /home/humbulani/miniconda3/envs/apache-airflow/lib/python3.8/site-packages/airflow/example_dags/example_sla_dag.py
[2023-03-26T22:20:24.780+0200] {processor.py:743} INFO - Processing file /home/humbulani/miniconda3/envs/apache-airflow/lib/python3.8/site-packages/airflow/example_dags/example_sla_dag.py for tasks to queue
[2023-03-26T22:20:24.781+0200] {logging_mixin.py:137} INFO - [2023-03-26T22:20:24.781+0200] {dagbag.py:532} INFO - Filling up the DagBag from /home/humbulani/miniconda3/envs/apache-airflow/lib/python3.8/site-packages/airflow/example_dags/example_sla_dag.py
[2023-03-26T22:20:24.803+0200] {processor.py:753} INFO - DAG(s) dict_keys(['example_sla_dag']) retrieved from /home/humbulani/miniconda3/envs/apache-airflow/lib/python3.8/site-packages/airflow/example_dags/example_sla_dag.py
[2023-03-26T22:20:24.819+0200] {logging_mixin.py:137} INFO - [2023-03-26T22:20:24.819+0200] {dag.py:2693} INFO - Sync 1 DAGs
[2023-03-26T22:20:24.840+0200] {logging_mixin.py:137} INFO - [2023-03-26T22:20:24.840+0200] {dag.py:3440} INFO - Setting next_dagrun for example_sla_dag to 2023-03-26T20:18:00+00:00, run_after=2023-03-26T20:20:00+00:00
[2023-03-26T22:20:24.914+0200] {processor.py:175} INFO - Processing /home/humbulani/miniconda3/envs/apache-airflow/lib/python3.8/site-packages/airflow/example_dags/example_sla_dag.py took 0.156 seconds
[2023-03-26T22:21:10.069+0200] {processor.py:153} INFO - Started process (PID=20281) to work on /home/humbulani/miniconda3/envs/apache-airflow/lib/python3.8/site-packages/airflow/example_dags/example_sla_dag.py
[2023-03-26T22:21:10.084+0200] {processor.py:743} INFO - Processing file /home/humbulani/miniconda3/envs/apache-airflow/lib/python3.8/site-packages/airflow/example_dags/example_sla_dag.py for tasks to queue
[2023-03-26T22:21:10.085+0200] {logging_mixin.py:137} INFO - [2023-03-26T22:21:10.085+0200] {dagbag.py:532} INFO - Filling up the DagBag from /home/humbulani/miniconda3/envs/apache-airflow/lib/python3.8/site-packages/airflow/example_dags/example_sla_dag.py
[2023-03-26T22:21:10.105+0200] {processor.py:753} INFO - DAG(s) dict_keys(['example_sla_dag']) retrieved from /home/humbulani/miniconda3/envs/apache-airflow/lib/python3.8/site-packages/airflow/example_dags/example_sla_dag.py
[2023-03-26T22:21:10.122+0200] {logging_mixin.py:137} INFO - [2023-03-26T22:21:10.122+0200] {dag.py:2693} INFO - Sync 1 DAGs
[2023-03-26T22:21:10.141+0200] {logging_mixin.py:137} INFO - [2023-03-26T22:21:10.141+0200] {dag.py:3440} INFO - Setting next_dagrun for example_sla_dag to 2023-03-26T20:18:00+00:00, run_after=2023-03-26T20:20:00+00:00
[2023-03-26T22:21:10.216+0200] {processor.py:175} INFO - Processing /home/humbulani/miniconda3/envs/apache-airflow/lib/python3.8/site-packages/airflow/example_dags/example_sla_dag.py took 0.149 seconds
[2023-03-26T22:21:54.923+0200] {processor.py:153} INFO - Started process (PID=20325) to work on /home/humbulani/miniconda3/envs/apache-airflow/lib/python3.8/site-packages/airflow/example_dags/example_sla_dag.py
[2023-03-26T22:21:54.930+0200] {processor.py:743} INFO - Processing file /home/humbulani/miniconda3/envs/apache-airflow/lib/python3.8/site-packages/airflow/example_dags/example_sla_dag.py for tasks to queue
[2023-03-26T22:21:54.930+0200] {logging_mixin.py:137} INFO - [2023-03-26T22:21:54.930+0200] {dagbag.py:532} INFO - Filling up the DagBag from /home/humbulani/miniconda3/envs/apache-airflow/lib/python3.8/site-packages/airflow/example_dags/example_sla_dag.py
[2023-03-26T22:21:54.953+0200] {processor.py:753} INFO - DAG(s) dict_keys(['example_sla_dag']) retrieved from /home/humbulani/miniconda3/envs/apache-airflow/lib/python3.8/site-packages/airflow/example_dags/example_sla_dag.py
[2023-03-26T22:21:54.972+0200] {logging_mixin.py:137} INFO - [2023-03-26T22:21:54.972+0200] {dag.py:2693} INFO - Sync 1 DAGs
[2023-03-26T22:21:54.994+0200] {logging_mixin.py:137} INFO - [2023-03-26T22:21:54.994+0200] {dag.py:3440} INFO - Setting next_dagrun for example_sla_dag to 2023-03-26T20:18:00+00:00, run_after=2023-03-26T20:20:00+00:00
[2023-03-26T22:21:55.065+0200] {processor.py:175} INFO - Processing /home/humbulani/miniconda3/envs/apache-airflow/lib/python3.8/site-packages/airflow/example_dags/example_sla_dag.py took 0.144 seconds
[2023-03-26T22:22:41.103+0200] {processor.py:153} INFO - Started process (PID=20368) to work on /home/humbulani/miniconda3/envs/apache-airflow/lib/python3.8/site-packages/airflow/example_dags/example_sla_dag.py
[2023-03-26T22:22:41.104+0200] {processor.py:743} INFO - Processing file /home/humbulani/miniconda3/envs/apache-airflow/lib/python3.8/site-packages/airflow/example_dags/example_sla_dag.py for tasks to queue
[2023-03-26T22:22:41.104+0200] {logging_mixin.py:137} INFO - [2023-03-26T22:22:41.104+0200] {dagbag.py:532} INFO - Filling up the DagBag from /home/humbulani/miniconda3/envs/apache-airflow/lib/python3.8/site-packages/airflow/example_dags/example_sla_dag.py
[2023-03-26T22:22:41.125+0200] {processor.py:753} INFO - DAG(s) dict_keys(['example_sla_dag']) retrieved from /home/humbulani/miniconda3/envs/apache-airflow/lib/python3.8/site-packages/airflow/example_dags/example_sla_dag.py
[2023-03-26T22:22:41.141+0200] {logging_mixin.py:137} INFO - [2023-03-26T22:22:41.141+0200] {dag.py:2693} INFO - Sync 1 DAGs
[2023-03-26T22:22:41.161+0200] {logging_mixin.py:137} INFO - [2023-03-26T22:22:41.161+0200] {dag.py:3440} INFO - Setting next_dagrun for example_sla_dag to 2023-03-26T20:20:00+00:00, run_after=2023-03-26T20:22:00+00:00
[2023-03-26T22:22:41.229+0200] {processor.py:175} INFO - Processing /home/humbulani/miniconda3/envs/apache-airflow/lib/python3.8/site-packages/airflow/example_dags/example_sla_dag.py took 0.128 seconds
