[2023-03-26T21:39:21.087+0200] {processor.py:153} INFO - Started process (PID=16641) to work on /home/humbulani/miniconda3/envs/apache-airflow/lib/python3.8/site-packages/airflow/example_dags/example_external_task_marker_dag.py
[2023-03-26T21:39:21.088+0200] {processor.py:743} INFO - Processing file /home/humbulani/miniconda3/envs/apache-airflow/lib/python3.8/site-packages/airflow/example_dags/example_external_task_marker_dag.py for tasks to queue
[2023-03-26T21:39:21.088+0200] {logging_mixin.py:137} INFO - [2023-03-26T21:39:21.088+0200] {dagbag.py:532} INFO - Filling up the DagBag from /home/humbulani/miniconda3/envs/apache-airflow/lib/python3.8/site-packages/airflow/example_dags/example_external_task_marker_dag.py
[2023-03-26T21:39:21.102+0200] {processor.py:753} INFO - DAG(s) dict_keys(['example_external_task_marker_child', 'example_external_task_marker_parent']) retrieved from /home/humbulani/miniconda3/envs/apache-airflow/lib/python3.8/site-packages/airflow/example_dags/example_external_task_marker_dag.py
[2023-03-26T21:39:21.374+0200] {logging_mixin.py:137} INFO - [2023-03-26T21:39:21.374+0200] {manager.py:504} INFO - Created Permission View: can edit on DAG:example_external_task_marker_child
[2023-03-26T21:39:21.440+0200] {logging_mixin.py:137} INFO - [2023-03-26T21:39:21.440+0200] {manager.py:504} INFO - Created Permission View: can read on DAG:example_external_task_marker_child
[2023-03-26T21:39:21.500+0200] {logging_mixin.py:137} INFO - [2023-03-26T21:39:21.499+0200] {manager.py:504} INFO - Created Permission View: can delete on DAG:example_external_task_marker_child
[2023-03-26T21:39:21.707+0200] {logging_mixin.py:137} INFO - [2023-03-26T21:39:21.707+0200] {manager.py:504} INFO - Created Permission View: can edit on DAG:example_external_task_marker_parent
[2023-03-26T21:39:21.765+0200] {logging_mixin.py:137} INFO - [2023-03-26T21:39:21.765+0200] {manager.py:504} INFO - Created Permission View: can read on DAG:example_external_task_marker_parent
[2023-03-26T21:39:21.833+0200] {logging_mixin.py:137} INFO - [2023-03-26T21:39:21.832+0200] {manager.py:504} INFO - Created Permission View: can delete on DAG:example_external_task_marker_parent
[2023-03-26T21:39:21.833+0200] {logging_mixin.py:137} INFO - [2023-03-26T21:39:21.833+0200] {dag.py:2693} INFO - Sync 2 DAGs
[2023-03-26T21:39:21.858+0200] {logging_mixin.py:137} INFO - [2023-03-26T21:39:21.858+0200] {dag.py:2714} INFO - Creating ORM DAG for example_external_task_marker_child
[2023-03-26T21:39:21.858+0200] {logging_mixin.py:137} INFO - [2023-03-26T21:39:21.858+0200] {dag.py:2714} INFO - Creating ORM DAG for example_external_task_marker_parent
[2023-03-26T21:39:21.865+0200] {logging_mixin.py:137} INFO - [2023-03-26T21:39:21.865+0200] {dag.py:3440} INFO - Setting next_dagrun for example_external_task_marker_child to None, run_after=None
[2023-03-26T21:39:21.866+0200] {logging_mixin.py:137} INFO - [2023-03-26T21:39:21.866+0200] {dag.py:3440} INFO - Setting next_dagrun for example_external_task_marker_parent to None, run_after=None
[2023-03-26T21:39:21.960+0200] {processor.py:175} INFO - Processing /home/humbulani/miniconda3/envs/apache-airflow/lib/python3.8/site-packages/airflow/example_dags/example_external_task_marker_dag.py took 0.875 seconds
[2023-03-26T21:40:20.633+0200] {processor.py:153} INFO - Started process (PID=16731) to work on /home/humbulani/miniconda3/envs/apache-airflow/lib/python3.8/site-packages/airflow/example_dags/example_external_task_marker_dag.py
[2023-03-26T21:40:20.644+0200] {processor.py:743} INFO - Processing file /home/humbulani/miniconda3/envs/apache-airflow/lib/python3.8/site-packages/airflow/example_dags/example_external_task_marker_dag.py for tasks to queue
[2023-03-26T21:40:20.644+0200] {logging_mixin.py:137} INFO - [2023-03-26T21:40:20.644+0200] {dagbag.py:532} INFO - Filling up the DagBag from /home/humbulani/miniconda3/envs/apache-airflow/lib/python3.8/site-packages/airflow/example_dags/example_external_task_marker_dag.py
[2023-03-26T21:40:20.657+0200] {processor.py:753} INFO - DAG(s) dict_keys(['example_external_task_marker_child', 'example_external_task_marker_parent']) retrieved from /home/humbulani/miniconda3/envs/apache-airflow/lib/python3.8/site-packages/airflow/example_dags/example_external_task_marker_dag.py
[2023-03-26T21:40:20.675+0200] {logging_mixin.py:137} INFO - [2023-03-26T21:40:20.675+0200] {dag.py:2693} INFO - Sync 2 DAGs
[2023-03-26T21:40:20.691+0200] {logging_mixin.py:137} INFO - [2023-03-26T21:40:20.691+0200] {dag.py:3440} INFO - Setting next_dagrun for example_external_task_marker_child to None, run_after=None
[2023-03-26T21:40:20.695+0200] {logging_mixin.py:137} INFO - [2023-03-26T21:40:20.695+0200] {dag.py:3440} INFO - Setting next_dagrun for example_external_task_marker_parent to None, run_after=None
[2023-03-26T21:40:20.767+0200] {processor.py:175} INFO - Processing /home/humbulani/miniconda3/envs/apache-airflow/lib/python3.8/site-packages/airflow/example_dags/example_external_task_marker_dag.py took 0.136 seconds
[2023-03-26T21:41:11.774+0200] {processor.py:153} INFO - Started process (PID=16784) to work on /home/humbulani/miniconda3/envs/apache-airflow/lib/python3.8/site-packages/airflow/example_dags/example_external_task_marker_dag.py
[2023-03-26T21:41:11.786+0200] {processor.py:743} INFO - Processing file /home/humbulani/miniconda3/envs/apache-airflow/lib/python3.8/site-packages/airflow/example_dags/example_external_task_marker_dag.py for tasks to queue
[2023-03-26T21:41:11.786+0200] {logging_mixin.py:137} INFO - [2023-03-26T21:41:11.786+0200] {dagbag.py:532} INFO - Filling up the DagBag from /home/humbulani/miniconda3/envs/apache-airflow/lib/python3.8/site-packages/airflow/example_dags/example_external_task_marker_dag.py
[2023-03-26T21:41:11.799+0200] {processor.py:753} INFO - DAG(s) dict_keys(['example_external_task_marker_child', 'example_external_task_marker_parent']) retrieved from /home/humbulani/miniconda3/envs/apache-airflow/lib/python3.8/site-packages/airflow/example_dags/example_external_task_marker_dag.py
[2023-03-26T21:41:11.819+0200] {logging_mixin.py:137} INFO - [2023-03-26T21:41:11.818+0200] {dag.py:2693} INFO - Sync 2 DAGs
[2023-03-26T21:41:11.837+0200] {logging_mixin.py:137} INFO - [2023-03-26T21:41:11.836+0200] {dag.py:3440} INFO - Setting next_dagrun for example_external_task_marker_child to None, run_after=None
[2023-03-26T21:41:11.839+0200] {logging_mixin.py:137} INFO - [2023-03-26T21:41:11.839+0200] {dag.py:3440} INFO - Setting next_dagrun for example_external_task_marker_parent to None, run_after=None
[2023-03-26T21:41:11.909+0200] {processor.py:175} INFO - Processing /home/humbulani/miniconda3/envs/apache-airflow/lib/python3.8/site-packages/airflow/example_dags/example_external_task_marker_dag.py took 0.137 seconds
[2023-03-26T21:47:55.168+0200] {processor.py:153} INFO - Started process (PID=16836) to work on /home/humbulani/miniconda3/envs/apache-airflow/lib/python3.8/site-packages/airflow/example_dags/example_external_task_marker_dag.py
[2023-03-26T21:47:55.169+0200] {processor.py:743} INFO - Processing file /home/humbulani/miniconda3/envs/apache-airflow/lib/python3.8/site-packages/airflow/example_dags/example_external_task_marker_dag.py for tasks to queue
[2023-03-26T21:47:55.169+0200] {logging_mixin.py:137} INFO - [2023-03-26T21:47:55.169+0200] {dagbag.py:532} INFO - Filling up the DagBag from /home/humbulani/miniconda3/envs/apache-airflow/lib/python3.8/site-packages/airflow/example_dags/example_external_task_marker_dag.py
[2023-03-26T21:47:55.181+0200] {processor.py:753} INFO - DAG(s) dict_keys(['example_external_task_marker_child', 'example_external_task_marker_parent']) retrieved from /home/humbulani/miniconda3/envs/apache-airflow/lib/python3.8/site-packages/airflow/example_dags/example_external_task_marker_dag.py
[2023-03-26T21:47:55.222+0200] {logging_mixin.py:137} INFO - [2023-03-26T21:47:55.222+0200] {dag.py:2693} INFO - Sync 2 DAGs
[2023-03-26T21:47:55.239+0200] {logging_mixin.py:137} INFO - [2023-03-26T21:47:55.239+0200] {dag.py:3440} INFO - Setting next_dagrun for example_external_task_marker_child to None, run_after=None
[2023-03-26T21:47:55.241+0200] {logging_mixin.py:137} INFO - [2023-03-26T21:47:55.241+0200] {dag.py:3440} INFO - Setting next_dagrun for example_external_task_marker_parent to None, run_after=None
[2023-03-26T21:47:55.353+0200] {processor.py:175} INFO - Processing /home/humbulani/miniconda3/envs/apache-airflow/lib/python3.8/site-packages/airflow/example_dags/example_external_task_marker_dag.py took 0.188 seconds
[2023-03-26T21:48:43.571+0200] {processor.py:153} INFO - Started process (PID=16916) to work on /home/humbulani/miniconda3/envs/apache-airflow/lib/python3.8/site-packages/airflow/example_dags/example_external_task_marker_dag.py
[2023-03-26T21:48:43.593+0200] {processor.py:743} INFO - Processing file /home/humbulani/miniconda3/envs/apache-airflow/lib/python3.8/site-packages/airflow/example_dags/example_external_task_marker_dag.py for tasks to queue
[2023-03-26T21:48:43.594+0200] {logging_mixin.py:137} INFO - [2023-03-26T21:48:43.594+0200] {dagbag.py:532} INFO - Filling up the DagBag from /home/humbulani/miniconda3/envs/apache-airflow/lib/python3.8/site-packages/airflow/example_dags/example_external_task_marker_dag.py
[2023-03-26T21:48:43.609+0200] {processor.py:753} INFO - DAG(s) dict_keys(['example_external_task_marker_child', 'example_external_task_marker_parent']) retrieved from /home/humbulani/miniconda3/envs/apache-airflow/lib/python3.8/site-packages/airflow/example_dags/example_external_task_marker_dag.py
[2023-03-26T21:48:43.631+0200] {logging_mixin.py:137} INFO - [2023-03-26T21:48:43.631+0200] {dag.py:2693} INFO - Sync 2 DAGs
[2023-03-26T21:48:43.648+0200] {logging_mixin.py:137} INFO - [2023-03-26T21:48:43.647+0200] {dag.py:3440} INFO - Setting next_dagrun for example_external_task_marker_child to None, run_after=None
[2023-03-26T21:48:43.651+0200] {logging_mixin.py:137} INFO - [2023-03-26T21:48:43.651+0200] {dag.py:3440} INFO - Setting next_dagrun for example_external_task_marker_parent to None, run_after=None
[2023-03-26T21:48:43.718+0200] {processor.py:175} INFO - Processing /home/humbulani/miniconda3/envs/apache-airflow/lib/python3.8/site-packages/airflow/example_dags/example_external_task_marker_dag.py took 0.148 seconds
[2023-03-26T21:49:33.830+0200] {processor.py:153} INFO - Started process (PID=16958) to work on /home/humbulani/miniconda3/envs/apache-airflow/lib/python3.8/site-packages/airflow/example_dags/example_external_task_marker_dag.py
[2023-03-26T21:49:33.863+0200] {processor.py:743} INFO - Processing file /home/humbulani/miniconda3/envs/apache-airflow/lib/python3.8/site-packages/airflow/example_dags/example_external_task_marker_dag.py for tasks to queue
[2023-03-26T21:49:33.863+0200] {logging_mixin.py:137} INFO - [2023-03-26T21:49:33.863+0200] {dagbag.py:532} INFO - Filling up the DagBag from /home/humbulani/miniconda3/envs/apache-airflow/lib/python3.8/site-packages/airflow/example_dags/example_external_task_marker_dag.py
[2023-03-26T21:49:33.877+0200] {processor.py:753} INFO - DAG(s) dict_keys(['example_external_task_marker_parent', 'example_external_task_marker_child']) retrieved from /home/humbulani/miniconda3/envs/apache-airflow/lib/python3.8/site-packages/airflow/example_dags/example_external_task_marker_dag.py
[2023-03-26T21:49:33.901+0200] {logging_mixin.py:137} INFO - [2023-03-26T21:49:33.900+0200] {dag.py:2693} INFO - Sync 2 DAGs
[2023-03-26T21:49:33.919+0200] {logging_mixin.py:137} INFO - [2023-03-26T21:49:33.919+0200] {dag.py:3440} INFO - Setting next_dagrun for example_external_task_marker_child to None, run_after=None
[2023-03-26T21:49:33.922+0200] {logging_mixin.py:137} INFO - [2023-03-26T21:49:33.922+0200] {dag.py:3440} INFO - Setting next_dagrun for example_external_task_marker_parent to None, run_after=None
[2023-03-26T21:49:33.990+0200] {processor.py:175} INFO - Processing /home/humbulani/miniconda3/envs/apache-airflow/lib/python3.8/site-packages/airflow/example_dags/example_external_task_marker_dag.py took 0.163 seconds
[2023-03-26T21:50:18.652+0200] {processor.py:153} INFO - Started process (PID=17002) to work on /home/humbulani/miniconda3/envs/apache-airflow/lib/python3.8/site-packages/airflow/example_dags/example_external_task_marker_dag.py
[2023-03-26T21:50:18.665+0200] {processor.py:743} INFO - Processing file /home/humbulani/miniconda3/envs/apache-airflow/lib/python3.8/site-packages/airflow/example_dags/example_external_task_marker_dag.py for tasks to queue
[2023-03-26T21:50:18.666+0200] {logging_mixin.py:137} INFO - [2023-03-26T21:50:18.666+0200] {dagbag.py:532} INFO - Filling up the DagBag from /home/humbulani/miniconda3/envs/apache-airflow/lib/python3.8/site-packages/airflow/example_dags/example_external_task_marker_dag.py
[2023-03-26T21:50:18.678+0200] {processor.py:753} INFO - DAG(s) dict_keys(['example_external_task_marker_child', 'example_external_task_marker_parent']) retrieved from /home/humbulani/miniconda3/envs/apache-airflow/lib/python3.8/site-packages/airflow/example_dags/example_external_task_marker_dag.py
[2023-03-26T21:50:18.696+0200] {logging_mixin.py:137} INFO - [2023-03-26T21:50:18.696+0200] {dag.py:2693} INFO - Sync 2 DAGs
[2023-03-26T21:50:18.713+0200] {logging_mixin.py:137} INFO - [2023-03-26T21:50:18.713+0200] {dag.py:3440} INFO - Setting next_dagrun for example_external_task_marker_child to None, run_after=None
[2023-03-26T21:50:18.715+0200] {logging_mixin.py:137} INFO - [2023-03-26T21:50:18.715+0200] {dag.py:3440} INFO - Setting next_dagrun for example_external_task_marker_parent to None, run_after=None
[2023-03-26T21:50:18.773+0200] {processor.py:175} INFO - Processing /home/humbulani/miniconda3/envs/apache-airflow/lib/python3.8/site-packages/airflow/example_dags/example_external_task_marker_dag.py took 0.123 seconds
[2023-03-26T21:51:03.992+0200] {processor.py:153} INFO - Started process (PID=17092) to work on /home/humbulani/miniconda3/envs/apache-airflow/lib/python3.8/site-packages/airflow/example_dags/example_external_task_marker_dag.py
[2023-03-26T21:51:04.025+0200] {processor.py:743} INFO - Processing file /home/humbulani/miniconda3/envs/apache-airflow/lib/python3.8/site-packages/airflow/example_dags/example_external_task_marker_dag.py for tasks to queue
[2023-03-26T21:51:04.026+0200] {logging_mixin.py:137} INFO - [2023-03-26T21:51:04.026+0200] {dagbag.py:532} INFO - Filling up the DagBag from /home/humbulani/miniconda3/envs/apache-airflow/lib/python3.8/site-packages/airflow/example_dags/example_external_task_marker_dag.py
[2023-03-26T21:51:04.040+0200] {processor.py:753} INFO - DAG(s) dict_keys(['example_external_task_marker_child', 'example_external_task_marker_parent']) retrieved from /home/humbulani/miniconda3/envs/apache-airflow/lib/python3.8/site-packages/airflow/example_dags/example_external_task_marker_dag.py
[2023-03-26T21:51:04.057+0200] {logging_mixin.py:137} INFO - [2023-03-26T21:51:04.057+0200] {dag.py:2693} INFO - Sync 2 DAGs
[2023-03-26T21:51:04.074+0200] {logging_mixin.py:137} INFO - [2023-03-26T21:51:04.074+0200] {dag.py:3440} INFO - Setting next_dagrun for example_external_task_marker_child to None, run_after=None
[2023-03-26T21:51:04.076+0200] {logging_mixin.py:137} INFO - [2023-03-26T21:51:04.076+0200] {dag.py:3440} INFO - Setting next_dagrun for example_external_task_marker_parent to None, run_after=None
[2023-03-26T21:51:04.153+0200] {processor.py:175} INFO - Processing /home/humbulani/miniconda3/envs/apache-airflow/lib/python3.8/site-packages/airflow/example_dags/example_external_task_marker_dag.py took 0.164 seconds
[2023-03-26T21:51:48.241+0200] {processor.py:153} INFO - Started process (PID=17162) to work on /home/humbulani/miniconda3/envs/apache-airflow/lib/python3.8/site-packages/airflow/example_dags/example_external_task_marker_dag.py
[2023-03-26T21:51:48.242+0200] {processor.py:743} INFO - Processing file /home/humbulani/miniconda3/envs/apache-airflow/lib/python3.8/site-packages/airflow/example_dags/example_external_task_marker_dag.py for tasks to queue
[2023-03-26T21:51:48.242+0200] {logging_mixin.py:137} INFO - [2023-03-26T21:51:48.242+0200] {dagbag.py:532} INFO - Filling up the DagBag from /home/humbulani/miniconda3/envs/apache-airflow/lib/python3.8/site-packages/airflow/example_dags/example_external_task_marker_dag.py
[2023-03-26T21:51:48.256+0200] {processor.py:753} INFO - DAG(s) dict_keys(['example_external_task_marker_parent', 'example_external_task_marker_child']) retrieved from /home/humbulani/miniconda3/envs/apache-airflow/lib/python3.8/site-packages/airflow/example_dags/example_external_task_marker_dag.py
[2023-03-26T21:51:48.273+0200] {logging_mixin.py:137} INFO - [2023-03-26T21:51:48.273+0200] {dag.py:2693} INFO - Sync 2 DAGs
[2023-03-26T21:51:48.290+0200] {logging_mixin.py:137} INFO - [2023-03-26T21:51:48.290+0200] {dag.py:3440} INFO - Setting next_dagrun for example_external_task_marker_child to None, run_after=None
[2023-03-26T21:51:48.293+0200] {logging_mixin.py:137} INFO - [2023-03-26T21:51:48.293+0200] {dag.py:3440} INFO - Setting next_dagrun for example_external_task_marker_parent to None, run_after=None
[2023-03-26T21:51:48.389+0200] {processor.py:175} INFO - Processing /home/humbulani/miniconda3/envs/apache-airflow/lib/python3.8/site-packages/airflow/example_dags/example_external_task_marker_dag.py took 0.150 seconds
[2023-03-26T21:52:38.003+0200] {processor.py:153} INFO - Started process (PID=17205) to work on /home/humbulani/miniconda3/envs/apache-airflow/lib/python3.8/site-packages/airflow/example_dags/example_external_task_marker_dag.py
[2023-03-26T21:52:38.057+0200] {processor.py:743} INFO - Processing file /home/humbulani/miniconda3/envs/apache-airflow/lib/python3.8/site-packages/airflow/example_dags/example_external_task_marker_dag.py for tasks to queue
[2023-03-26T21:52:38.058+0200] {logging_mixin.py:137} INFO - [2023-03-26T21:52:38.057+0200] {dagbag.py:532} INFO - Filling up the DagBag from /home/humbulani/miniconda3/envs/apache-airflow/lib/python3.8/site-packages/airflow/example_dags/example_external_task_marker_dag.py
[2023-03-26T21:52:38.072+0200] {processor.py:753} INFO - DAG(s) dict_keys(['example_external_task_marker_child', 'example_external_task_marker_parent']) retrieved from /home/humbulani/miniconda3/envs/apache-airflow/lib/python3.8/site-packages/airflow/example_dags/example_external_task_marker_dag.py
[2023-03-26T21:52:38.093+0200] {logging_mixin.py:137} INFO - [2023-03-26T21:52:38.093+0200] {dag.py:2693} INFO - Sync 2 DAGs
[2023-03-26T21:52:38.110+0200] {logging_mixin.py:137} INFO - [2023-03-26T21:52:38.110+0200] {dag.py:3440} INFO - Setting next_dagrun for example_external_task_marker_child to None, run_after=None
[2023-03-26T21:52:38.113+0200] {logging_mixin.py:137} INFO - [2023-03-26T21:52:38.113+0200] {dag.py:3440} INFO - Setting next_dagrun for example_external_task_marker_parent to None, run_after=None
[2023-03-26T21:52:38.280+0200] {processor.py:175} INFO - Processing /home/humbulani/miniconda3/envs/apache-airflow/lib/python3.8/site-packages/airflow/example_dags/example_external_task_marker_dag.py took 0.278 seconds
[2023-03-26T21:53:26.519+0200] {processor.py:153} INFO - Started process (PID=17254) to work on /home/humbulani/miniconda3/envs/apache-airflow/lib/python3.8/site-packages/airflow/example_dags/example_external_task_marker_dag.py
[2023-03-26T21:53:26.551+0200] {processor.py:743} INFO - Processing file /home/humbulani/miniconda3/envs/apache-airflow/lib/python3.8/site-packages/airflow/example_dags/example_external_task_marker_dag.py for tasks to queue
[2023-03-26T21:53:26.552+0200] {logging_mixin.py:137} INFO - [2023-03-26T21:53:26.552+0200] {dagbag.py:532} INFO - Filling up the DagBag from /home/humbulani/miniconda3/envs/apache-airflow/lib/python3.8/site-packages/airflow/example_dags/example_external_task_marker_dag.py
[2023-03-26T21:53:26.564+0200] {processor.py:753} INFO - DAG(s) dict_keys(['example_external_task_marker_parent', 'example_external_task_marker_child']) retrieved from /home/humbulani/miniconda3/envs/apache-airflow/lib/python3.8/site-packages/airflow/example_dags/example_external_task_marker_dag.py
[2023-03-26T21:53:26.581+0200] {logging_mixin.py:137} INFO - [2023-03-26T21:53:26.581+0200] {dag.py:2693} INFO - Sync 2 DAGs
[2023-03-26T21:53:26.679+0200] {logging_mixin.py:137} INFO - [2023-03-26T21:53:26.679+0200] {dag.py:3440} INFO - Setting next_dagrun for example_external_task_marker_child to None, run_after=None
[2023-03-26T21:53:26.681+0200] {logging_mixin.py:137} INFO - [2023-03-26T21:53:26.681+0200] {dag.py:3440} INFO - Setting next_dagrun for example_external_task_marker_parent to None, run_after=None
[2023-03-26T21:53:26.918+0200] {processor.py:175} INFO - Processing /home/humbulani/miniconda3/envs/apache-airflow/lib/python3.8/site-packages/airflow/example_dags/example_external_task_marker_dag.py took 0.402 seconds
[2023-03-26T21:54:16.342+0200] {processor.py:153} INFO - Started process (PID=17307) to work on /home/humbulani/miniconda3/envs/apache-airflow/lib/python3.8/site-packages/airflow/example_dags/example_external_task_marker_dag.py
[2023-03-26T21:54:16.356+0200] {processor.py:743} INFO - Processing file /home/humbulani/miniconda3/envs/apache-airflow/lib/python3.8/site-packages/airflow/example_dags/example_external_task_marker_dag.py for tasks to queue
[2023-03-26T21:54:16.357+0200] {logging_mixin.py:137} INFO - [2023-03-26T21:54:16.357+0200] {dagbag.py:532} INFO - Filling up the DagBag from /home/humbulani/miniconda3/envs/apache-airflow/lib/python3.8/site-packages/airflow/example_dags/example_external_task_marker_dag.py
[2023-03-26T21:54:16.368+0200] {processor.py:753} INFO - DAG(s) dict_keys(['example_external_task_marker_child', 'example_external_task_marker_parent']) retrieved from /home/humbulani/miniconda3/envs/apache-airflow/lib/python3.8/site-packages/airflow/example_dags/example_external_task_marker_dag.py
[2023-03-26T21:54:16.387+0200] {logging_mixin.py:137} INFO - [2023-03-26T21:54:16.386+0200] {dag.py:2693} INFO - Sync 2 DAGs
[2023-03-26T21:54:16.482+0200] {logging_mixin.py:137} INFO - [2023-03-26T21:54:16.482+0200] {dag.py:3440} INFO - Setting next_dagrun for example_external_task_marker_child to None, run_after=None
[2023-03-26T21:54:16.484+0200] {logging_mixin.py:137} INFO - [2023-03-26T21:54:16.484+0200] {dag.py:3440} INFO - Setting next_dagrun for example_external_task_marker_parent to None, run_after=None
[2023-03-26T21:54:16.554+0200] {processor.py:175} INFO - Processing /home/humbulani/miniconda3/envs/apache-airflow/lib/python3.8/site-packages/airflow/example_dags/example_external_task_marker_dag.py took 0.214 seconds
[2023-03-26T21:55:04.831+0200] {processor.py:153} INFO - Started process (PID=17351) to work on /home/humbulani/miniconda3/envs/apache-airflow/lib/python3.8/site-packages/airflow/example_dags/example_external_task_marker_dag.py
[2023-03-26T21:55:04.843+0200] {processor.py:743} INFO - Processing file /home/humbulani/miniconda3/envs/apache-airflow/lib/python3.8/site-packages/airflow/example_dags/example_external_task_marker_dag.py for tasks to queue
[2023-03-26T21:55:04.844+0200] {logging_mixin.py:137} INFO - [2023-03-26T21:55:04.843+0200] {dagbag.py:532} INFO - Filling up the DagBag from /home/humbulani/miniconda3/envs/apache-airflow/lib/python3.8/site-packages/airflow/example_dags/example_external_task_marker_dag.py
[2023-03-26T21:55:04.860+0200] {processor.py:753} INFO - DAG(s) dict_keys(['example_external_task_marker_parent', 'example_external_task_marker_child']) retrieved from /home/humbulani/miniconda3/envs/apache-airflow/lib/python3.8/site-packages/airflow/example_dags/example_external_task_marker_dag.py
[2023-03-26T21:55:04.960+0200] {logging_mixin.py:137} INFO - [2023-03-26T21:55:04.960+0200] {dag.py:2693} INFO - Sync 2 DAGs
[2023-03-26T21:55:04.976+0200] {logging_mixin.py:137} INFO - [2023-03-26T21:55:04.976+0200] {dag.py:3440} INFO - Setting next_dagrun for example_external_task_marker_child to None, run_after=None
[2023-03-26T21:55:04.978+0200] {logging_mixin.py:137} INFO - [2023-03-26T21:55:04.978+0200] {dag.py:3440} INFO - Setting next_dagrun for example_external_task_marker_parent to None, run_after=None
[2023-03-26T21:55:05.041+0200] {processor.py:175} INFO - Processing /home/humbulani/miniconda3/envs/apache-airflow/lib/python3.8/site-packages/airflow/example_dags/example_external_task_marker_dag.py took 0.213 seconds
[2023-03-26T21:55:56.141+0200] {processor.py:153} INFO - Started process (PID=17430) to work on /home/humbulani/miniconda3/envs/apache-airflow/lib/python3.8/site-packages/airflow/example_dags/example_external_task_marker_dag.py
[2023-03-26T21:55:56.155+0200] {processor.py:743} INFO - Processing file /home/humbulani/miniconda3/envs/apache-airflow/lib/python3.8/site-packages/airflow/example_dags/example_external_task_marker_dag.py for tasks to queue
[2023-03-26T21:55:56.155+0200] {logging_mixin.py:137} INFO - [2023-03-26T21:55:56.155+0200] {dagbag.py:532} INFO - Filling up the DagBag from /home/humbulani/miniconda3/envs/apache-airflow/lib/python3.8/site-packages/airflow/example_dags/example_external_task_marker_dag.py
[2023-03-26T21:55:56.289+0200] {processor.py:753} INFO - DAG(s) dict_keys(['example_external_task_marker_parent', 'example_external_task_marker_child']) retrieved from /home/humbulani/miniconda3/envs/apache-airflow/lib/python3.8/site-packages/airflow/example_dags/example_external_task_marker_dag.py
[2023-03-26T21:55:56.309+0200] {logging_mixin.py:137} INFO - [2023-03-26T21:55:56.309+0200] {dag.py:2693} INFO - Sync 2 DAGs
[2023-03-26T21:55:56.326+0200] {logging_mixin.py:137} INFO - [2023-03-26T21:55:56.326+0200] {dag.py:3440} INFO - Setting next_dagrun for example_external_task_marker_child to None, run_after=None
[2023-03-26T21:55:56.329+0200] {logging_mixin.py:137} INFO - [2023-03-26T21:55:56.329+0200] {dag.py:3440} INFO - Setting next_dagrun for example_external_task_marker_parent to None, run_after=None
[2023-03-26T21:55:56.396+0200] {processor.py:175} INFO - Processing /home/humbulani/miniconda3/envs/apache-airflow/lib/python3.8/site-packages/airflow/example_dags/example_external_task_marker_dag.py took 0.258 seconds
[2023-03-26T21:56:41.450+0200] {processor.py:153} INFO - Started process (PID=17495) to work on /home/humbulani/miniconda3/envs/apache-airflow/lib/python3.8/site-packages/airflow/example_dags/example_external_task_marker_dag.py
[2023-03-26T21:56:41.451+0200] {processor.py:743} INFO - Processing file /home/humbulani/miniconda3/envs/apache-airflow/lib/python3.8/site-packages/airflow/example_dags/example_external_task_marker_dag.py for tasks to queue
[2023-03-26T21:56:41.452+0200] {logging_mixin.py:137} INFO - [2023-03-26T21:56:41.452+0200] {dagbag.py:532} INFO - Filling up the DagBag from /home/humbulani/miniconda3/envs/apache-airflow/lib/python3.8/site-packages/airflow/example_dags/example_external_task_marker_dag.py
[2023-03-26T21:56:41.464+0200] {processor.py:753} INFO - DAG(s) dict_keys(['example_external_task_marker_parent', 'example_external_task_marker_child']) retrieved from /home/humbulani/miniconda3/envs/apache-airflow/lib/python3.8/site-packages/airflow/example_dags/example_external_task_marker_dag.py
[2023-03-26T21:56:41.483+0200] {logging_mixin.py:137} INFO - [2023-03-26T21:56:41.483+0200] {dag.py:2693} INFO - Sync 2 DAGs
[2023-03-26T21:56:41.501+0200] {logging_mixin.py:137} INFO - [2023-03-26T21:56:41.501+0200] {dag.py:3440} INFO - Setting next_dagrun for example_external_task_marker_child to None, run_after=None
[2023-03-26T21:56:41.503+0200] {logging_mixin.py:137} INFO - [2023-03-26T21:56:41.503+0200] {dag.py:3440} INFO - Setting next_dagrun for example_external_task_marker_parent to None, run_after=None
[2023-03-26T21:56:41.564+0200] {processor.py:175} INFO - Processing /home/humbulani/miniconda3/envs/apache-airflow/lib/python3.8/site-packages/airflow/example_dags/example_external_task_marker_dag.py took 0.116 seconds
[2023-03-26T21:57:25.184+0200] {processor.py:153} INFO - Started process (PID=17596) to work on /home/humbulani/miniconda3/envs/apache-airflow/lib/python3.8/site-packages/airflow/example_dags/example_external_task_marker_dag.py
[2023-03-26T21:57:25.241+0200] {processor.py:743} INFO - Processing file /home/humbulani/miniconda3/envs/apache-airflow/lib/python3.8/site-packages/airflow/example_dags/example_external_task_marker_dag.py for tasks to queue
[2023-03-26T21:57:25.242+0200] {logging_mixin.py:137} INFO - [2023-03-26T21:57:25.242+0200] {dagbag.py:532} INFO - Filling up the DagBag from /home/humbulani/miniconda3/envs/apache-airflow/lib/python3.8/site-packages/airflow/example_dags/example_external_task_marker_dag.py
[2023-03-26T21:57:25.254+0200] {processor.py:753} INFO - DAG(s) dict_keys(['example_external_task_marker_child', 'example_external_task_marker_parent']) retrieved from /home/humbulani/miniconda3/envs/apache-airflow/lib/python3.8/site-packages/airflow/example_dags/example_external_task_marker_dag.py
[2023-03-26T21:57:25.272+0200] {logging_mixin.py:137} INFO - [2023-03-26T21:57:25.271+0200] {dag.py:2693} INFO - Sync 2 DAGs
[2023-03-26T21:57:25.289+0200] {logging_mixin.py:137} INFO - [2023-03-26T21:57:25.289+0200] {dag.py:3440} INFO - Setting next_dagrun for example_external_task_marker_child to None, run_after=None
[2023-03-26T21:57:25.292+0200] {logging_mixin.py:137} INFO - [2023-03-26T21:57:25.292+0200] {dag.py:3440} INFO - Setting next_dagrun for example_external_task_marker_parent to None, run_after=None
[2023-03-26T21:57:25.362+0200] {processor.py:175} INFO - Processing /home/humbulani/miniconda3/envs/apache-airflow/lib/python3.8/site-packages/airflow/example_dags/example_external_task_marker_dag.py took 0.180 seconds
[2023-03-26T21:58:10.811+0200] {processor.py:153} INFO - Started process (PID=17836) to work on /home/humbulani/miniconda3/envs/apache-airflow/lib/python3.8/site-packages/airflow/example_dags/example_external_task_marker_dag.py
[2023-03-26T21:58:10.812+0200] {processor.py:743} INFO - Processing file /home/humbulani/miniconda3/envs/apache-airflow/lib/python3.8/site-packages/airflow/example_dags/example_external_task_marker_dag.py for tasks to queue
[2023-03-26T21:58:10.813+0200] {logging_mixin.py:137} INFO - [2023-03-26T21:58:10.812+0200] {dagbag.py:532} INFO - Filling up the DagBag from /home/humbulani/miniconda3/envs/apache-airflow/lib/python3.8/site-packages/airflow/example_dags/example_external_task_marker_dag.py
[2023-03-26T21:58:10.831+0200] {processor.py:753} INFO - DAG(s) dict_keys(['example_external_task_marker_child', 'example_external_task_marker_parent']) retrieved from /home/humbulani/miniconda3/envs/apache-airflow/lib/python3.8/site-packages/airflow/example_dags/example_external_task_marker_dag.py
[2023-03-26T21:58:10.859+0200] {logging_mixin.py:137} INFO - [2023-03-26T21:58:10.859+0200] {dag.py:2693} INFO - Sync 2 DAGs
[2023-03-26T21:58:10.886+0200] {logging_mixin.py:137} INFO - [2023-03-26T21:58:10.885+0200] {dag.py:3440} INFO - Setting next_dagrun for example_external_task_marker_child to None, run_after=None
[2023-03-26T21:58:10.889+0200] {logging_mixin.py:137} INFO - [2023-03-26T21:58:10.889+0200] {dag.py:3440} INFO - Setting next_dagrun for example_external_task_marker_parent to None, run_after=None
[2023-03-26T21:58:10.971+0200] {processor.py:175} INFO - Processing /home/humbulani/miniconda3/envs/apache-airflow/lib/python3.8/site-packages/airflow/example_dags/example_external_task_marker_dag.py took 0.166 seconds
[2023-03-26T21:58:57.826+0200] {processor.py:153} INFO - Started process (PID=17906) to work on /home/humbulani/miniconda3/envs/apache-airflow/lib/python3.8/site-packages/airflow/example_dags/example_external_task_marker_dag.py
[2023-03-26T21:58:57.827+0200] {processor.py:743} INFO - Processing file /home/humbulani/miniconda3/envs/apache-airflow/lib/python3.8/site-packages/airflow/example_dags/example_external_task_marker_dag.py for tasks to queue
[2023-03-26T21:58:57.827+0200] {logging_mixin.py:137} INFO - [2023-03-26T21:58:57.827+0200] {dagbag.py:532} INFO - Filling up the DagBag from /home/humbulani/miniconda3/envs/apache-airflow/lib/python3.8/site-packages/airflow/example_dags/example_external_task_marker_dag.py
[2023-03-26T21:58:57.839+0200] {processor.py:753} INFO - DAG(s) dict_keys(['example_external_task_marker_parent', 'example_external_task_marker_child']) retrieved from /home/humbulani/miniconda3/envs/apache-airflow/lib/python3.8/site-packages/airflow/example_dags/example_external_task_marker_dag.py
[2023-03-26T21:58:57.857+0200] {logging_mixin.py:137} INFO - [2023-03-26T21:58:57.857+0200] {dag.py:2693} INFO - Sync 2 DAGs
[2023-03-26T21:58:57.874+0200] {logging_mixin.py:137} INFO - [2023-03-26T21:58:57.874+0200] {dag.py:3440} INFO - Setting next_dagrun for example_external_task_marker_child to None, run_after=None
[2023-03-26T21:58:57.877+0200] {logging_mixin.py:137} INFO - [2023-03-26T21:58:57.877+0200] {dag.py:3440} INFO - Setting next_dagrun for example_external_task_marker_parent to None, run_after=None
[2023-03-26T21:58:57.974+0200] {processor.py:175} INFO - Processing /home/humbulani/miniconda3/envs/apache-airflow/lib/python3.8/site-packages/airflow/example_dags/example_external_task_marker_dag.py took 0.150 seconds
[2023-03-26T21:59:46.480+0200] {processor.py:153} INFO - Started process (PID=18123) to work on /home/humbulani/miniconda3/envs/apache-airflow/lib/python3.8/site-packages/airflow/example_dags/example_external_task_marker_dag.py
[2023-03-26T21:59:46.481+0200] {processor.py:743} INFO - Processing file /home/humbulani/miniconda3/envs/apache-airflow/lib/python3.8/site-packages/airflow/example_dags/example_external_task_marker_dag.py for tasks to queue
[2023-03-26T21:59:46.482+0200] {logging_mixin.py:137} INFO - [2023-03-26T21:59:46.482+0200] {dagbag.py:532} INFO - Filling up the DagBag from /home/humbulani/miniconda3/envs/apache-airflow/lib/python3.8/site-packages/airflow/example_dags/example_external_task_marker_dag.py
[2023-03-26T21:59:46.496+0200] {processor.py:753} INFO - DAG(s) dict_keys(['example_external_task_marker_child', 'example_external_task_marker_parent']) retrieved from /home/humbulani/miniconda3/envs/apache-airflow/lib/python3.8/site-packages/airflow/example_dags/example_external_task_marker_dag.py
[2023-03-26T21:59:46.514+0200] {logging_mixin.py:137} INFO - [2023-03-26T21:59:46.514+0200] {dag.py:2693} INFO - Sync 2 DAGs
[2023-03-26T21:59:46.531+0200] {logging_mixin.py:137} INFO - [2023-03-26T21:59:46.531+0200] {dag.py:3440} INFO - Setting next_dagrun for example_external_task_marker_child to None, run_after=None
[2023-03-26T21:59:46.533+0200] {logging_mixin.py:137} INFO - [2023-03-26T21:59:46.533+0200] {dag.py:3440} INFO - Setting next_dagrun for example_external_task_marker_parent to None, run_after=None
[2023-03-26T21:59:46.612+0200] {processor.py:175} INFO - Processing /home/humbulani/miniconda3/envs/apache-airflow/lib/python3.8/site-packages/airflow/example_dags/example_external_task_marker_dag.py took 0.135 seconds
[2023-03-26T22:00:33.572+0200] {processor.py:153} INFO - Started process (PID=18174) to work on /home/humbulani/miniconda3/envs/apache-airflow/lib/python3.8/site-packages/airflow/example_dags/example_external_task_marker_dag.py
[2023-03-26T22:00:33.590+0200] {processor.py:743} INFO - Processing file /home/humbulani/miniconda3/envs/apache-airflow/lib/python3.8/site-packages/airflow/example_dags/example_external_task_marker_dag.py for tasks to queue
[2023-03-26T22:00:33.590+0200] {logging_mixin.py:137} INFO - [2023-03-26T22:00:33.590+0200] {dagbag.py:532} INFO - Filling up the DagBag from /home/humbulani/miniconda3/envs/apache-airflow/lib/python3.8/site-packages/airflow/example_dags/example_external_task_marker_dag.py
[2023-03-26T22:00:33.605+0200] {processor.py:753} INFO - DAG(s) dict_keys(['example_external_task_marker_parent', 'example_external_task_marker_child']) retrieved from /home/humbulani/miniconda3/envs/apache-airflow/lib/python3.8/site-packages/airflow/example_dags/example_external_task_marker_dag.py
[2023-03-26T22:00:33.627+0200] {logging_mixin.py:137} INFO - [2023-03-26T22:00:33.626+0200] {dag.py:2693} INFO - Sync 2 DAGs
[2023-03-26T22:00:33.644+0200] {logging_mixin.py:137} INFO - [2023-03-26T22:00:33.644+0200] {dag.py:3440} INFO - Setting next_dagrun for example_external_task_marker_child to None, run_after=None
[2023-03-26T22:00:33.647+0200] {logging_mixin.py:137} INFO - [2023-03-26T22:00:33.647+0200] {dag.py:3440} INFO - Setting next_dagrun for example_external_task_marker_parent to None, run_after=None
[2023-03-26T22:00:33.739+0200] {processor.py:175} INFO - Processing /home/humbulani/miniconda3/envs/apache-airflow/lib/python3.8/site-packages/airflow/example_dags/example_external_task_marker_dag.py took 0.170 seconds
[2023-03-26T22:01:18.052+0200] {processor.py:153} INFO - Started process (PID=18269) to work on /home/humbulani/miniconda3/envs/apache-airflow/lib/python3.8/site-packages/airflow/example_dags/example_external_task_marker_dag.py
[2023-03-26T22:01:18.109+0200] {processor.py:743} INFO - Processing file /home/humbulani/miniconda3/envs/apache-airflow/lib/python3.8/site-packages/airflow/example_dags/example_external_task_marker_dag.py for tasks to queue
[2023-03-26T22:01:18.110+0200] {logging_mixin.py:137} INFO - [2023-03-26T22:01:18.110+0200] {dagbag.py:532} INFO - Filling up the DagBag from /home/humbulani/miniconda3/envs/apache-airflow/lib/python3.8/site-packages/airflow/example_dags/example_external_task_marker_dag.py
[2023-03-26T22:01:18.126+0200] {processor.py:753} INFO - DAG(s) dict_keys(['example_external_task_marker_parent', 'example_external_task_marker_child']) retrieved from /home/humbulani/miniconda3/envs/apache-airflow/lib/python3.8/site-packages/airflow/example_dags/example_external_task_marker_dag.py
[2023-03-26T22:01:18.149+0200] {logging_mixin.py:137} INFO - [2023-03-26T22:01:18.149+0200] {dag.py:2693} INFO - Sync 2 DAGs
[2023-03-26T22:01:18.170+0200] {logging_mixin.py:137} INFO - [2023-03-26T22:01:18.169+0200] {dag.py:3440} INFO - Setting next_dagrun for example_external_task_marker_child to None, run_after=None
[2023-03-26T22:01:18.172+0200] {logging_mixin.py:137} INFO - [2023-03-26T22:01:18.172+0200] {dag.py:3440} INFO - Setting next_dagrun for example_external_task_marker_parent to None, run_after=None
[2023-03-26T22:01:18.267+0200] {processor.py:175} INFO - Processing /home/humbulani/miniconda3/envs/apache-airflow/lib/python3.8/site-packages/airflow/example_dags/example_external_task_marker_dag.py took 0.218 seconds
[2023-03-26T22:02:05.981+0200] {processor.py:153} INFO - Started process (PID=18514) to work on /home/humbulani/miniconda3/envs/apache-airflow/lib/python3.8/site-packages/airflow/example_dags/example_external_task_marker_dag.py
[2023-03-26T22:02:06.038+0200] {processor.py:743} INFO - Processing file /home/humbulani/miniconda3/envs/apache-airflow/lib/python3.8/site-packages/airflow/example_dags/example_external_task_marker_dag.py for tasks to queue
[2023-03-26T22:02:06.038+0200] {logging_mixin.py:137} INFO - [2023-03-26T22:02:06.038+0200] {dagbag.py:532} INFO - Filling up the DagBag from /home/humbulani/miniconda3/envs/apache-airflow/lib/python3.8/site-packages/airflow/example_dags/example_external_task_marker_dag.py
[2023-03-26T22:02:06.050+0200] {processor.py:753} INFO - DAG(s) dict_keys(['example_external_task_marker_child', 'example_external_task_marker_parent']) retrieved from /home/humbulani/miniconda3/envs/apache-airflow/lib/python3.8/site-packages/airflow/example_dags/example_external_task_marker_dag.py
[2023-03-26T22:02:06.069+0200] {logging_mixin.py:137} INFO - [2023-03-26T22:02:06.068+0200] {dag.py:2693} INFO - Sync 2 DAGs
[2023-03-26T22:02:06.085+0200] {logging_mixin.py:137} INFO - [2023-03-26T22:02:06.085+0200] {dag.py:3440} INFO - Setting next_dagrun for example_external_task_marker_child to None, run_after=None
[2023-03-26T22:02:06.088+0200] {logging_mixin.py:137} INFO - [2023-03-26T22:02:06.088+0200] {dag.py:3440} INFO - Setting next_dagrun for example_external_task_marker_parent to None, run_after=None
[2023-03-26T22:02:06.154+0200] {processor.py:175} INFO - Processing /home/humbulani/miniconda3/envs/apache-airflow/lib/python3.8/site-packages/airflow/example_dags/example_external_task_marker_dag.py took 0.175 seconds
[2023-03-26T22:02:52.776+0200] {processor.py:153} INFO - Started process (PID=18571) to work on /home/humbulani/miniconda3/envs/apache-airflow/lib/python3.8/site-packages/airflow/example_dags/example_external_task_marker_dag.py
[2023-03-26T22:02:52.800+0200] {processor.py:743} INFO - Processing file /home/humbulani/miniconda3/envs/apache-airflow/lib/python3.8/site-packages/airflow/example_dags/example_external_task_marker_dag.py for tasks to queue
[2023-03-26T22:02:52.800+0200] {logging_mixin.py:137} INFO - [2023-03-26T22:02:52.800+0200] {dagbag.py:532} INFO - Filling up the DagBag from /home/humbulani/miniconda3/envs/apache-airflow/lib/python3.8/site-packages/airflow/example_dags/example_external_task_marker_dag.py
[2023-03-26T22:02:52.817+0200] {processor.py:753} INFO - DAG(s) dict_keys(['example_external_task_marker_child', 'example_external_task_marker_parent']) retrieved from /home/humbulani/miniconda3/envs/apache-airflow/lib/python3.8/site-packages/airflow/example_dags/example_external_task_marker_dag.py
[2023-03-26T22:02:52.839+0200] {logging_mixin.py:137} INFO - [2023-03-26T22:02:52.839+0200] {dag.py:2693} INFO - Sync 2 DAGs
[2023-03-26T22:02:52.856+0200] {logging_mixin.py:137} INFO - [2023-03-26T22:02:52.856+0200] {dag.py:3440} INFO - Setting next_dagrun for example_external_task_marker_child to None, run_after=None
[2023-03-26T22:02:52.859+0200] {logging_mixin.py:137} INFO - [2023-03-26T22:02:52.859+0200] {dag.py:3440} INFO - Setting next_dagrun for example_external_task_marker_parent to None, run_after=None
[2023-03-26T22:02:52.934+0200] {processor.py:175} INFO - Processing /home/humbulani/miniconda3/envs/apache-airflow/lib/python3.8/site-packages/airflow/example_dags/example_external_task_marker_dag.py took 0.161 seconds
[2023-03-26T22:03:38.217+0200] {processor.py:153} INFO - Started process (PID=18625) to work on /home/humbulani/miniconda3/envs/apache-airflow/lib/python3.8/site-packages/airflow/example_dags/example_external_task_marker_dag.py
[2023-03-26T22:03:38.241+0200] {processor.py:743} INFO - Processing file /home/humbulani/miniconda3/envs/apache-airflow/lib/python3.8/site-packages/airflow/example_dags/example_external_task_marker_dag.py for tasks to queue
[2023-03-26T22:03:38.242+0200] {logging_mixin.py:137} INFO - [2023-03-26T22:03:38.242+0200] {dagbag.py:532} INFO - Filling up the DagBag from /home/humbulani/miniconda3/envs/apache-airflow/lib/python3.8/site-packages/airflow/example_dags/example_external_task_marker_dag.py
[2023-03-26T22:03:38.253+0200] {processor.py:753} INFO - DAG(s) dict_keys(['example_external_task_marker_parent', 'example_external_task_marker_child']) retrieved from /home/humbulani/miniconda3/envs/apache-airflow/lib/python3.8/site-packages/airflow/example_dags/example_external_task_marker_dag.py
[2023-03-26T22:03:38.271+0200] {logging_mixin.py:137} INFO - [2023-03-26T22:03:38.271+0200] {dag.py:2693} INFO - Sync 2 DAGs
[2023-03-26T22:03:38.288+0200] {logging_mixin.py:137} INFO - [2023-03-26T22:03:38.288+0200] {dag.py:3440} INFO - Setting next_dagrun for example_external_task_marker_child to None, run_after=None
[2023-03-26T22:03:38.290+0200] {logging_mixin.py:137} INFO - [2023-03-26T22:03:38.290+0200] {dag.py:3440} INFO - Setting next_dagrun for example_external_task_marker_parent to None, run_after=None
[2023-03-26T22:03:38.358+0200] {processor.py:175} INFO - Processing /home/humbulani/miniconda3/envs/apache-airflow/lib/python3.8/site-packages/airflow/example_dags/example_external_task_marker_dag.py took 0.145 seconds
[2023-03-26T22:04:23.341+0200] {processor.py:153} INFO - Started process (PID=18693) to work on /home/humbulani/miniconda3/envs/apache-airflow/lib/python3.8/site-packages/airflow/example_dags/example_external_task_marker_dag.py
[2023-03-26T22:04:23.356+0200] {processor.py:743} INFO - Processing file /home/humbulani/miniconda3/envs/apache-airflow/lib/python3.8/site-packages/airflow/example_dags/example_external_task_marker_dag.py for tasks to queue
[2023-03-26T22:04:23.356+0200] {logging_mixin.py:137} INFO - [2023-03-26T22:04:23.356+0200] {dagbag.py:532} INFO - Filling up the DagBag from /home/humbulani/miniconda3/envs/apache-airflow/lib/python3.8/site-packages/airflow/example_dags/example_external_task_marker_dag.py
[2023-03-26T22:04:23.369+0200] {processor.py:753} INFO - DAG(s) dict_keys(['example_external_task_marker_parent', 'example_external_task_marker_child']) retrieved from /home/humbulani/miniconda3/envs/apache-airflow/lib/python3.8/site-packages/airflow/example_dags/example_external_task_marker_dag.py
[2023-03-26T22:04:23.390+0200] {logging_mixin.py:137} INFO - [2023-03-26T22:04:23.389+0200] {dag.py:2693} INFO - Sync 2 DAGs
[2023-03-26T22:04:23.409+0200] {logging_mixin.py:137} INFO - [2023-03-26T22:04:23.409+0200] {dag.py:3440} INFO - Setting next_dagrun for example_external_task_marker_child to None, run_after=None
[2023-03-26T22:04:23.413+0200] {logging_mixin.py:137} INFO - [2023-03-26T22:04:23.413+0200] {dag.py:3440} INFO - Setting next_dagrun for example_external_task_marker_parent to None, run_after=None
[2023-03-26T22:04:23.515+0200] {processor.py:175} INFO - Processing /home/humbulani/miniconda3/envs/apache-airflow/lib/python3.8/site-packages/airflow/example_dags/example_external_task_marker_dag.py took 0.176 seconds
[2023-03-26T22:05:08.519+0200] {processor.py:153} INFO - Started process (PID=18744) to work on /home/humbulani/miniconda3/envs/apache-airflow/lib/python3.8/site-packages/airflow/example_dags/example_external_task_marker_dag.py
[2023-03-26T22:05:08.520+0200] {processor.py:743} INFO - Processing file /home/humbulani/miniconda3/envs/apache-airflow/lib/python3.8/site-packages/airflow/example_dags/example_external_task_marker_dag.py for tasks to queue
[2023-03-26T22:05:08.520+0200] {logging_mixin.py:137} INFO - [2023-03-26T22:05:08.520+0200] {dagbag.py:532} INFO - Filling up the DagBag from /home/humbulani/miniconda3/envs/apache-airflow/lib/python3.8/site-packages/airflow/example_dags/example_external_task_marker_dag.py
[2023-03-26T22:05:08.532+0200] {processor.py:753} INFO - DAG(s) dict_keys(['example_external_task_marker_child', 'example_external_task_marker_parent']) retrieved from /home/humbulani/miniconda3/envs/apache-airflow/lib/python3.8/site-packages/airflow/example_dags/example_external_task_marker_dag.py
[2023-03-26T22:05:08.550+0200] {logging_mixin.py:137} INFO - [2023-03-26T22:05:08.550+0200] {dag.py:2693} INFO - Sync 2 DAGs
[2023-03-26T22:05:08.568+0200] {logging_mixin.py:137} INFO - [2023-03-26T22:05:08.568+0200] {dag.py:3440} INFO - Setting next_dagrun for example_external_task_marker_child to None, run_after=None
[2023-03-26T22:05:08.570+0200] {logging_mixin.py:137} INFO - [2023-03-26T22:05:08.570+0200] {dag.py:3440} INFO - Setting next_dagrun for example_external_task_marker_parent to None, run_after=None
[2023-03-26T22:05:08.643+0200] {processor.py:175} INFO - Processing /home/humbulani/miniconda3/envs/apache-airflow/lib/python3.8/site-packages/airflow/example_dags/example_external_task_marker_dag.py took 0.127 seconds
[2023-03-26T22:05:52.108+0200] {processor.py:153} INFO - Started process (PID=18795) to work on /home/humbulani/miniconda3/envs/apache-airflow/lib/python3.8/site-packages/airflow/example_dags/example_external_task_marker_dag.py
[2023-03-26T22:05:52.109+0200] {processor.py:743} INFO - Processing file /home/humbulani/miniconda3/envs/apache-airflow/lib/python3.8/site-packages/airflow/example_dags/example_external_task_marker_dag.py for tasks to queue
[2023-03-26T22:05:52.109+0200] {logging_mixin.py:137} INFO - [2023-03-26T22:05:52.109+0200] {dagbag.py:532} INFO - Filling up the DagBag from /home/humbulani/miniconda3/envs/apache-airflow/lib/python3.8/site-packages/airflow/example_dags/example_external_task_marker_dag.py
[2023-03-26T22:05:52.124+0200] {processor.py:753} INFO - DAG(s) dict_keys(['example_external_task_marker_parent', 'example_external_task_marker_child']) retrieved from /home/humbulani/miniconda3/envs/apache-airflow/lib/python3.8/site-packages/airflow/example_dags/example_external_task_marker_dag.py
[2023-03-26T22:05:52.143+0200] {logging_mixin.py:137} INFO - [2023-03-26T22:05:52.143+0200] {dag.py:2693} INFO - Sync 2 DAGs
[2023-03-26T22:05:52.160+0200] {logging_mixin.py:137} INFO - [2023-03-26T22:05:52.160+0200] {dag.py:3440} INFO - Setting next_dagrun for example_external_task_marker_child to None, run_after=None
[2023-03-26T22:05:52.163+0200] {logging_mixin.py:137} INFO - [2023-03-26T22:05:52.162+0200] {dag.py:3440} INFO - Setting next_dagrun for example_external_task_marker_parent to None, run_after=None
[2023-03-26T22:05:52.229+0200] {processor.py:175} INFO - Processing /home/humbulani/miniconda3/envs/apache-airflow/lib/python3.8/site-packages/airflow/example_dags/example_external_task_marker_dag.py took 0.124 seconds
[2023-03-26T22:06:39.181+0200] {processor.py:153} INFO - Started process (PID=18840) to work on /home/humbulani/miniconda3/envs/apache-airflow/lib/python3.8/site-packages/airflow/example_dags/example_external_task_marker_dag.py
[2023-03-26T22:06:39.194+0200] {processor.py:743} INFO - Processing file /home/humbulani/miniconda3/envs/apache-airflow/lib/python3.8/site-packages/airflow/example_dags/example_external_task_marker_dag.py for tasks to queue
[2023-03-26T22:06:39.195+0200] {logging_mixin.py:137} INFO - [2023-03-26T22:06:39.195+0200] {dagbag.py:532} INFO - Filling up the DagBag from /home/humbulani/miniconda3/envs/apache-airflow/lib/python3.8/site-packages/airflow/example_dags/example_external_task_marker_dag.py
[2023-03-26T22:06:39.210+0200] {processor.py:753} INFO - DAG(s) dict_keys(['example_external_task_marker_parent', 'example_external_task_marker_child']) retrieved from /home/humbulani/miniconda3/envs/apache-airflow/lib/python3.8/site-packages/airflow/example_dags/example_external_task_marker_dag.py
[2023-03-26T22:06:39.231+0200] {logging_mixin.py:137} INFO - [2023-03-26T22:06:39.231+0200] {dag.py:2693} INFO - Sync 2 DAGs
[2023-03-26T22:06:39.248+0200] {logging_mixin.py:137} INFO - [2023-03-26T22:06:39.248+0200] {dag.py:3440} INFO - Setting next_dagrun for example_external_task_marker_child to None, run_after=None
[2023-03-26T22:06:39.251+0200] {logging_mixin.py:137} INFO - [2023-03-26T22:06:39.251+0200] {dag.py:3440} INFO - Setting next_dagrun for example_external_task_marker_parent to None, run_after=None
[2023-03-26T22:06:39.310+0200] {processor.py:175} INFO - Processing /home/humbulani/miniconda3/envs/apache-airflow/lib/python3.8/site-packages/airflow/example_dags/example_external_task_marker_dag.py took 0.132 seconds
[2023-03-26T22:07:26.321+0200] {processor.py:153} INFO - Started process (PID=18986) to work on /home/humbulani/miniconda3/envs/apache-airflow/lib/python3.8/site-packages/airflow/example_dags/example_external_task_marker_dag.py
[2023-03-26T22:07:26.333+0200] {processor.py:743} INFO - Processing file /home/humbulani/miniconda3/envs/apache-airflow/lib/python3.8/site-packages/airflow/example_dags/example_external_task_marker_dag.py for tasks to queue
[2023-03-26T22:07:26.334+0200] {logging_mixin.py:137} INFO - [2023-03-26T22:07:26.334+0200] {dagbag.py:532} INFO - Filling up the DagBag from /home/humbulani/miniconda3/envs/apache-airflow/lib/python3.8/site-packages/airflow/example_dags/example_external_task_marker_dag.py
[2023-03-26T22:07:26.346+0200] {processor.py:753} INFO - DAG(s) dict_keys(['example_external_task_marker_parent', 'example_external_task_marker_child']) retrieved from /home/humbulani/miniconda3/envs/apache-airflow/lib/python3.8/site-packages/airflow/example_dags/example_external_task_marker_dag.py
[2023-03-26T22:07:26.364+0200] {logging_mixin.py:137} INFO - [2023-03-26T22:07:26.364+0200] {dag.py:2693} INFO - Sync 2 DAGs
[2023-03-26T22:07:26.381+0200] {logging_mixin.py:137} INFO - [2023-03-26T22:07:26.381+0200] {dag.py:3440} INFO - Setting next_dagrun for example_external_task_marker_child to None, run_after=None
[2023-03-26T22:07:26.384+0200] {logging_mixin.py:137} INFO - [2023-03-26T22:07:26.384+0200] {dag.py:3440} INFO - Setting next_dagrun for example_external_task_marker_parent to None, run_after=None
[2023-03-26T22:07:26.457+0200] {processor.py:175} INFO - Processing /home/humbulani/miniconda3/envs/apache-airflow/lib/python3.8/site-packages/airflow/example_dags/example_external_task_marker_dag.py took 0.138 seconds
[2023-03-26T22:08:10.138+0200] {processor.py:153} INFO - Started process (PID=19033) to work on /home/humbulani/miniconda3/envs/apache-airflow/lib/python3.8/site-packages/airflow/example_dags/example_external_task_marker_dag.py
[2023-03-26T22:08:10.139+0200] {processor.py:743} INFO - Processing file /home/humbulani/miniconda3/envs/apache-airflow/lib/python3.8/site-packages/airflow/example_dags/example_external_task_marker_dag.py for tasks to queue
[2023-03-26T22:08:10.140+0200] {logging_mixin.py:137} INFO - [2023-03-26T22:08:10.140+0200] {dagbag.py:532} INFO - Filling up the DagBag from /home/humbulani/miniconda3/envs/apache-airflow/lib/python3.8/site-packages/airflow/example_dags/example_external_task_marker_dag.py
[2023-03-26T22:08:10.155+0200] {processor.py:753} INFO - DAG(s) dict_keys(['example_external_task_marker_parent', 'example_external_task_marker_child']) retrieved from /home/humbulani/miniconda3/envs/apache-airflow/lib/python3.8/site-packages/airflow/example_dags/example_external_task_marker_dag.py
[2023-03-26T22:08:10.175+0200] {logging_mixin.py:137} INFO - [2023-03-26T22:08:10.174+0200] {dag.py:2693} INFO - Sync 2 DAGs
[2023-03-26T22:08:10.192+0200] {logging_mixin.py:137} INFO - [2023-03-26T22:08:10.192+0200] {dag.py:3440} INFO - Setting next_dagrun for example_external_task_marker_child to None, run_after=None
[2023-03-26T22:08:10.195+0200] {logging_mixin.py:137} INFO - [2023-03-26T22:08:10.195+0200] {dag.py:3440} INFO - Setting next_dagrun for example_external_task_marker_parent to None, run_after=None
[2023-03-26T22:08:10.262+0200] {processor.py:175} INFO - Processing /home/humbulani/miniconda3/envs/apache-airflow/lib/python3.8/site-packages/airflow/example_dags/example_external_task_marker_dag.py took 0.127 seconds
[2023-03-26T22:08:56.386+0200] {processor.py:153} INFO - Started process (PID=19116) to work on /home/humbulani/miniconda3/envs/apache-airflow/lib/python3.8/site-packages/airflow/example_dags/example_external_task_marker_dag.py
[2023-03-26T22:08:56.387+0200] {processor.py:743} INFO - Processing file /home/humbulani/miniconda3/envs/apache-airflow/lib/python3.8/site-packages/airflow/example_dags/example_external_task_marker_dag.py for tasks to queue
[2023-03-26T22:08:56.387+0200] {logging_mixin.py:137} INFO - [2023-03-26T22:08:56.387+0200] {dagbag.py:532} INFO - Filling up the DagBag from /home/humbulani/miniconda3/envs/apache-airflow/lib/python3.8/site-packages/airflow/example_dags/example_external_task_marker_dag.py
[2023-03-26T22:08:56.400+0200] {processor.py:753} INFO - DAG(s) dict_keys(['example_external_task_marker_child', 'example_external_task_marker_parent']) retrieved from /home/humbulani/miniconda3/envs/apache-airflow/lib/python3.8/site-packages/airflow/example_dags/example_external_task_marker_dag.py
[2023-03-26T22:08:56.419+0200] {logging_mixin.py:137} INFO - [2023-03-26T22:08:56.419+0200] {dag.py:2693} INFO - Sync 2 DAGs
[2023-03-26T22:08:56.438+0200] {logging_mixin.py:137} INFO - [2023-03-26T22:08:56.438+0200] {dag.py:3440} INFO - Setting next_dagrun for example_external_task_marker_child to None, run_after=None
[2023-03-26T22:08:56.441+0200] {logging_mixin.py:137} INFO - [2023-03-26T22:08:56.441+0200] {dag.py:3440} INFO - Setting next_dagrun for example_external_task_marker_parent to None, run_after=None
[2023-03-26T22:08:56.625+0200] {processor.py:175} INFO - Processing /home/humbulani/miniconda3/envs/apache-airflow/lib/python3.8/site-packages/airflow/example_dags/example_external_task_marker_dag.py took 0.242 seconds
[2023-03-26T22:09:44.357+0200] {processor.py:153} INFO - Started process (PID=19160) to work on /home/humbulani/miniconda3/envs/apache-airflow/lib/python3.8/site-packages/airflow/example_dags/example_external_task_marker_dag.py
[2023-03-26T22:09:44.358+0200] {processor.py:743} INFO - Processing file /home/humbulani/miniconda3/envs/apache-airflow/lib/python3.8/site-packages/airflow/example_dags/example_external_task_marker_dag.py for tasks to queue
[2023-03-26T22:09:44.359+0200] {logging_mixin.py:137} INFO - [2023-03-26T22:09:44.358+0200] {dagbag.py:532} INFO - Filling up the DagBag from /home/humbulani/miniconda3/envs/apache-airflow/lib/python3.8/site-packages/airflow/example_dags/example_external_task_marker_dag.py
[2023-03-26T22:09:44.370+0200] {processor.py:753} INFO - DAG(s) dict_keys(['example_external_task_marker_parent', 'example_external_task_marker_child']) retrieved from /home/humbulani/miniconda3/envs/apache-airflow/lib/python3.8/site-packages/airflow/example_dags/example_external_task_marker_dag.py
[2023-03-26T22:09:44.388+0200] {logging_mixin.py:137} INFO - [2023-03-26T22:09:44.388+0200] {dag.py:2693} INFO - Sync 2 DAGs
[2023-03-26T22:09:44.406+0200] {logging_mixin.py:137} INFO - [2023-03-26T22:09:44.405+0200] {dag.py:3440} INFO - Setting next_dagrun for example_external_task_marker_child to None, run_after=None
[2023-03-26T22:09:44.408+0200] {logging_mixin.py:137} INFO - [2023-03-26T22:09:44.408+0200] {dag.py:3440} INFO - Setting next_dagrun for example_external_task_marker_parent to None, run_after=None
[2023-03-26T22:09:44.473+0200] {processor.py:175} INFO - Processing /home/humbulani/miniconda3/envs/apache-airflow/lib/python3.8/site-packages/airflow/example_dags/example_external_task_marker_dag.py took 0.118 seconds
[2023-03-26T22:10:28.163+0200] {processor.py:153} INFO - Started process (PID=19219) to work on /home/humbulani/miniconda3/envs/apache-airflow/lib/python3.8/site-packages/airflow/example_dags/example_external_task_marker_dag.py
[2023-03-26T22:10:28.170+0200] {processor.py:743} INFO - Processing file /home/humbulani/miniconda3/envs/apache-airflow/lib/python3.8/site-packages/airflow/example_dags/example_external_task_marker_dag.py for tasks to queue
[2023-03-26T22:10:28.171+0200] {logging_mixin.py:137} INFO - [2023-03-26T22:10:28.170+0200] {dagbag.py:532} INFO - Filling up the DagBag from /home/humbulani/miniconda3/envs/apache-airflow/lib/python3.8/site-packages/airflow/example_dags/example_external_task_marker_dag.py
[2023-03-26T22:10:28.185+0200] {processor.py:753} INFO - DAG(s) dict_keys(['example_external_task_marker_parent', 'example_external_task_marker_child']) retrieved from /home/humbulani/miniconda3/envs/apache-airflow/lib/python3.8/site-packages/airflow/example_dags/example_external_task_marker_dag.py
[2023-03-26T22:10:28.204+0200] {logging_mixin.py:137} INFO - [2023-03-26T22:10:28.204+0200] {dag.py:2693} INFO - Sync 2 DAGs
[2023-03-26T22:10:28.221+0200] {logging_mixin.py:137} INFO - [2023-03-26T22:10:28.220+0200] {dag.py:3440} INFO - Setting next_dagrun for example_external_task_marker_child to None, run_after=None
[2023-03-26T22:10:28.223+0200] {logging_mixin.py:137} INFO - [2023-03-26T22:10:28.223+0200] {dag.py:3440} INFO - Setting next_dagrun for example_external_task_marker_parent to None, run_after=None
[2023-03-26T22:10:28.305+0200] {processor.py:175} INFO - Processing /home/humbulani/miniconda3/envs/apache-airflow/lib/python3.8/site-packages/airflow/example_dags/example_external_task_marker_dag.py took 0.144 seconds
[2023-03-26T22:11:15.309+0200] {processor.py:153} INFO - Started process (PID=19333) to work on /home/humbulani/miniconda3/envs/apache-airflow/lib/python3.8/site-packages/airflow/example_dags/example_external_task_marker_dag.py
[2023-03-26T22:11:15.317+0200] {processor.py:743} INFO - Processing file /home/humbulani/miniconda3/envs/apache-airflow/lib/python3.8/site-packages/airflow/example_dags/example_external_task_marker_dag.py for tasks to queue
[2023-03-26T22:11:15.318+0200] {logging_mixin.py:137} INFO - [2023-03-26T22:11:15.318+0200] {dagbag.py:532} INFO - Filling up the DagBag from /home/humbulani/miniconda3/envs/apache-airflow/lib/python3.8/site-packages/airflow/example_dags/example_external_task_marker_dag.py
[2023-03-26T22:11:15.337+0200] {processor.py:753} INFO - DAG(s) dict_keys(['example_external_task_marker_child', 'example_external_task_marker_parent']) retrieved from /home/humbulani/miniconda3/envs/apache-airflow/lib/python3.8/site-packages/airflow/example_dags/example_external_task_marker_dag.py
[2023-03-26T22:11:15.409+0200] {logging_mixin.py:137} INFO - [2023-03-26T22:11:15.409+0200] {dag.py:2693} INFO - Sync 2 DAGs
[2023-03-26T22:11:15.428+0200] {logging_mixin.py:137} INFO - [2023-03-26T22:11:15.428+0200] {dag.py:3440} INFO - Setting next_dagrun for example_external_task_marker_child to None, run_after=None
[2023-03-26T22:11:15.431+0200] {logging_mixin.py:137} INFO - [2023-03-26T22:11:15.430+0200] {dag.py:3440} INFO - Setting next_dagrun for example_external_task_marker_parent to None, run_after=None
[2023-03-26T22:11:15.493+0200] {processor.py:175} INFO - Processing /home/humbulani/miniconda3/envs/apache-airflow/lib/python3.8/site-packages/airflow/example_dags/example_external_task_marker_dag.py took 0.186 seconds
[2023-03-26T22:12:02.335+0200] {processor.py:153} INFO - Started process (PID=19375) to work on /home/humbulani/miniconda3/envs/apache-airflow/lib/python3.8/site-packages/airflow/example_dags/example_external_task_marker_dag.py
[2023-03-26T22:12:02.335+0200] {processor.py:743} INFO - Processing file /home/humbulani/miniconda3/envs/apache-airflow/lib/python3.8/site-packages/airflow/example_dags/example_external_task_marker_dag.py for tasks to queue
[2023-03-26T22:12:02.336+0200] {logging_mixin.py:137} INFO - [2023-03-26T22:12:02.336+0200] {dagbag.py:532} INFO - Filling up the DagBag from /home/humbulani/miniconda3/envs/apache-airflow/lib/python3.8/site-packages/airflow/example_dags/example_external_task_marker_dag.py
[2023-03-26T22:12:02.348+0200] {processor.py:753} INFO - DAG(s) dict_keys(['example_external_task_marker_parent', 'example_external_task_marker_child']) retrieved from /home/humbulani/miniconda3/envs/apache-airflow/lib/python3.8/site-packages/airflow/example_dags/example_external_task_marker_dag.py
[2023-03-26T22:12:02.365+0200] {logging_mixin.py:137} INFO - [2023-03-26T22:12:02.365+0200] {dag.py:2693} INFO - Sync 2 DAGs
[2023-03-26T22:12:02.382+0200] {logging_mixin.py:137} INFO - [2023-03-26T22:12:02.382+0200] {dag.py:3440} INFO - Setting next_dagrun for example_external_task_marker_child to None, run_after=None
[2023-03-26T22:12:02.384+0200] {logging_mixin.py:137} INFO - [2023-03-26T22:12:02.384+0200] {dag.py:3440} INFO - Setting next_dagrun for example_external_task_marker_parent to None, run_after=None
[2023-03-26T22:12:02.502+0200] {processor.py:175} INFO - Processing /home/humbulani/miniconda3/envs/apache-airflow/lib/python3.8/site-packages/airflow/example_dags/example_external_task_marker_dag.py took 0.170 seconds
[2023-03-26T22:12:45.560+0200] {processor.py:153} INFO - Started process (PID=19487) to work on /home/humbulani/miniconda3/envs/apache-airflow/lib/python3.8/site-packages/airflow/example_dags/example_external_task_marker_dag.py
[2023-03-26T22:12:45.561+0200] {processor.py:743} INFO - Processing file /home/humbulani/miniconda3/envs/apache-airflow/lib/python3.8/site-packages/airflow/example_dags/example_external_task_marker_dag.py for tasks to queue
[2023-03-26T22:12:45.561+0200] {logging_mixin.py:137} INFO - [2023-03-26T22:12:45.561+0200] {dagbag.py:532} INFO - Filling up the DagBag from /home/humbulani/miniconda3/envs/apache-airflow/lib/python3.8/site-packages/airflow/example_dags/example_external_task_marker_dag.py
[2023-03-26T22:12:45.576+0200] {processor.py:753} INFO - DAG(s) dict_keys(['example_external_task_marker_child', 'example_external_task_marker_parent']) retrieved from /home/humbulani/miniconda3/envs/apache-airflow/lib/python3.8/site-packages/airflow/example_dags/example_external_task_marker_dag.py
[2023-03-26T22:12:45.594+0200] {logging_mixin.py:137} INFO - [2023-03-26T22:12:45.593+0200] {dag.py:2693} INFO - Sync 2 DAGs
[2023-03-26T22:12:45.611+0200] {logging_mixin.py:137} INFO - [2023-03-26T22:12:45.611+0200] {dag.py:3440} INFO - Setting next_dagrun for example_external_task_marker_child to None, run_after=None
[2023-03-26T22:12:45.614+0200] {logging_mixin.py:137} INFO - [2023-03-26T22:12:45.614+0200] {dag.py:3440} INFO - Setting next_dagrun for example_external_task_marker_parent to None, run_after=None
[2023-03-26T22:12:45.677+0200] {processor.py:175} INFO - Processing /home/humbulani/miniconda3/envs/apache-airflow/lib/python3.8/site-packages/airflow/example_dags/example_external_task_marker_dag.py took 0.120 seconds
[2023-03-26T22:13:34.168+0200] {processor.py:153} INFO - Started process (PID=19529) to work on /home/humbulani/miniconda3/envs/apache-airflow/lib/python3.8/site-packages/airflow/example_dags/example_external_task_marker_dag.py
[2023-03-26T22:13:34.183+0200] {processor.py:743} INFO - Processing file /home/humbulani/miniconda3/envs/apache-airflow/lib/python3.8/site-packages/airflow/example_dags/example_external_task_marker_dag.py for tasks to queue
[2023-03-26T22:13:34.184+0200] {logging_mixin.py:137} INFO - [2023-03-26T22:13:34.184+0200] {dagbag.py:532} INFO - Filling up the DagBag from /home/humbulani/miniconda3/envs/apache-airflow/lib/python3.8/site-packages/airflow/example_dags/example_external_task_marker_dag.py
[2023-03-26T22:13:34.200+0200] {processor.py:753} INFO - DAG(s) dict_keys(['example_external_task_marker_parent', 'example_external_task_marker_child']) retrieved from /home/humbulani/miniconda3/envs/apache-airflow/lib/python3.8/site-packages/airflow/example_dags/example_external_task_marker_dag.py
[2023-03-26T22:13:34.221+0200] {logging_mixin.py:137} INFO - [2023-03-26T22:13:34.221+0200] {dag.py:2693} INFO - Sync 2 DAGs
[2023-03-26T22:13:34.238+0200] {logging_mixin.py:137} INFO - [2023-03-26T22:13:34.238+0200] {dag.py:3440} INFO - Setting next_dagrun for example_external_task_marker_child to None, run_after=None
[2023-03-26T22:13:34.241+0200] {logging_mixin.py:137} INFO - [2023-03-26T22:13:34.241+0200] {dag.py:3440} INFO - Setting next_dagrun for example_external_task_marker_parent to None, run_after=None
[2023-03-26T22:13:34.318+0200] {processor.py:175} INFO - Processing /home/humbulani/miniconda3/envs/apache-airflow/lib/python3.8/site-packages/airflow/example_dags/example_external_task_marker_dag.py took 0.153 seconds
[2023-03-26T22:14:20.167+0200] {processor.py:153} INFO - Started process (PID=19574) to work on /home/humbulani/miniconda3/envs/apache-airflow/lib/python3.8/site-packages/airflow/example_dags/example_external_task_marker_dag.py
[2023-03-26T22:14:20.186+0200] {processor.py:743} INFO - Processing file /home/humbulani/miniconda3/envs/apache-airflow/lib/python3.8/site-packages/airflow/example_dags/example_external_task_marker_dag.py for tasks to queue
[2023-03-26T22:14:20.187+0200] {logging_mixin.py:137} INFO - [2023-03-26T22:14:20.187+0200] {dagbag.py:532} INFO - Filling up the DagBag from /home/humbulani/miniconda3/envs/apache-airflow/lib/python3.8/site-packages/airflow/example_dags/example_external_task_marker_dag.py
[2023-03-26T22:14:20.203+0200] {processor.py:753} INFO - DAG(s) dict_keys(['example_external_task_marker_parent', 'example_external_task_marker_child']) retrieved from /home/humbulani/miniconda3/envs/apache-airflow/lib/python3.8/site-packages/airflow/example_dags/example_external_task_marker_dag.py
[2023-03-26T22:14:20.224+0200] {logging_mixin.py:137} INFO - [2023-03-26T22:14:20.224+0200] {dag.py:2693} INFO - Sync 2 DAGs
[2023-03-26T22:14:20.242+0200] {logging_mixin.py:137} INFO - [2023-03-26T22:14:20.242+0200] {dag.py:3440} INFO - Setting next_dagrun for example_external_task_marker_child to None, run_after=None
[2023-03-26T22:14:20.245+0200] {logging_mixin.py:137} INFO - [2023-03-26T22:14:20.245+0200] {dag.py:3440} INFO - Setting next_dagrun for example_external_task_marker_parent to None, run_after=None
[2023-03-26T22:14:20.320+0200] {processor.py:175} INFO - Processing /home/humbulani/miniconda3/envs/apache-airflow/lib/python3.8/site-packages/airflow/example_dags/example_external_task_marker_dag.py took 0.156 seconds
[2023-03-26T22:15:07.275+0200] {processor.py:153} INFO - Started process (PID=19678) to work on /home/humbulani/miniconda3/envs/apache-airflow/lib/python3.8/site-packages/airflow/example_dags/example_external_task_marker_dag.py
[2023-03-26T22:15:07.276+0200] {processor.py:743} INFO - Processing file /home/humbulani/miniconda3/envs/apache-airflow/lib/python3.8/site-packages/airflow/example_dags/example_external_task_marker_dag.py for tasks to queue
[2023-03-26T22:15:07.276+0200] {logging_mixin.py:137} INFO - [2023-03-26T22:15:07.276+0200] {dagbag.py:532} INFO - Filling up the DagBag from /home/humbulani/miniconda3/envs/apache-airflow/lib/python3.8/site-packages/airflow/example_dags/example_external_task_marker_dag.py
[2023-03-26T22:15:07.289+0200] {processor.py:753} INFO - DAG(s) dict_keys(['example_external_task_marker_child', 'example_external_task_marker_parent']) retrieved from /home/humbulani/miniconda3/envs/apache-airflow/lib/python3.8/site-packages/airflow/example_dags/example_external_task_marker_dag.py
[2023-03-26T22:15:07.310+0200] {logging_mixin.py:137} INFO - [2023-03-26T22:15:07.310+0200] {dag.py:2693} INFO - Sync 2 DAGs
[2023-03-26T22:15:07.328+0200] {logging_mixin.py:137} INFO - [2023-03-26T22:15:07.328+0200] {dag.py:3440} INFO - Setting next_dagrun for example_external_task_marker_child to None, run_after=None
[2023-03-26T22:15:07.331+0200] {logging_mixin.py:137} INFO - [2023-03-26T22:15:07.331+0200] {dag.py:3440} INFO - Setting next_dagrun for example_external_task_marker_parent to None, run_after=None
[2023-03-26T22:15:07.461+0200] {processor.py:175} INFO - Processing /home/humbulani/miniconda3/envs/apache-airflow/lib/python3.8/site-packages/airflow/example_dags/example_external_task_marker_dag.py took 0.189 seconds
[2023-03-26T22:15:53.973+0200] {processor.py:153} INFO - Started process (PID=19729) to work on /home/humbulani/miniconda3/envs/apache-airflow/lib/python3.8/site-packages/airflow/example_dags/example_external_task_marker_dag.py
[2023-03-26T22:15:53.987+0200] {processor.py:743} INFO - Processing file /home/humbulani/miniconda3/envs/apache-airflow/lib/python3.8/site-packages/airflow/example_dags/example_external_task_marker_dag.py for tasks to queue
[2023-03-26T22:15:53.987+0200] {logging_mixin.py:137} INFO - [2023-03-26T22:15:53.987+0200] {dagbag.py:532} INFO - Filling up the DagBag from /home/humbulani/miniconda3/envs/apache-airflow/lib/python3.8/site-packages/airflow/example_dags/example_external_task_marker_dag.py
[2023-03-26T22:15:54.002+0200] {processor.py:753} INFO - DAG(s) dict_keys(['example_external_task_marker_child', 'example_external_task_marker_parent']) retrieved from /home/humbulani/miniconda3/envs/apache-airflow/lib/python3.8/site-packages/airflow/example_dags/example_external_task_marker_dag.py
[2023-03-26T22:15:54.024+0200] {logging_mixin.py:137} INFO - [2023-03-26T22:15:54.024+0200] {dag.py:2693} INFO - Sync 2 DAGs
[2023-03-26T22:15:54.041+0200] {logging_mixin.py:137} INFO - [2023-03-26T22:15:54.041+0200] {dag.py:3440} INFO - Setting next_dagrun for example_external_task_marker_child to None, run_after=None
[2023-03-26T22:15:54.044+0200] {logging_mixin.py:137} INFO - [2023-03-26T22:15:54.044+0200] {dag.py:3440} INFO - Setting next_dagrun for example_external_task_marker_parent to None, run_after=None
[2023-03-26T22:15:54.323+0200] {processor.py:175} INFO - Processing /home/humbulani/miniconda3/envs/apache-airflow/lib/python3.8/site-packages/airflow/example_dags/example_external_task_marker_dag.py took 0.353 seconds
[2023-03-26T22:16:45.469+0200] {processor.py:153} INFO - Started process (PID=19837) to work on /home/humbulani/miniconda3/envs/apache-airflow/lib/python3.8/site-packages/airflow/example_dags/example_external_task_marker_dag.py
[2023-03-26T22:16:45.470+0200] {processor.py:743} INFO - Processing file /home/humbulani/miniconda3/envs/apache-airflow/lib/python3.8/site-packages/airflow/example_dags/example_external_task_marker_dag.py for tasks to queue
[2023-03-26T22:16:45.470+0200] {logging_mixin.py:137} INFO - [2023-03-26T22:16:45.470+0200] {dagbag.py:532} INFO - Filling up the DagBag from /home/humbulani/miniconda3/envs/apache-airflow/lib/python3.8/site-packages/airflow/example_dags/example_external_task_marker_dag.py
[2023-03-26T22:16:45.482+0200] {processor.py:753} INFO - DAG(s) dict_keys(['example_external_task_marker_parent', 'example_external_task_marker_child']) retrieved from /home/humbulani/miniconda3/envs/apache-airflow/lib/python3.8/site-packages/airflow/example_dags/example_external_task_marker_dag.py
[2023-03-26T22:16:45.499+0200] {logging_mixin.py:137} INFO - [2023-03-26T22:16:45.499+0200] {dag.py:2693} INFO - Sync 2 DAGs
[2023-03-26T22:16:45.517+0200] {logging_mixin.py:137} INFO - [2023-03-26T22:16:45.517+0200] {dag.py:3440} INFO - Setting next_dagrun for example_external_task_marker_child to None, run_after=None
[2023-03-26T22:16:45.519+0200] {logging_mixin.py:137} INFO - [2023-03-26T22:16:45.519+0200] {dag.py:3440} INFO - Setting next_dagrun for example_external_task_marker_parent to None, run_after=None
[2023-03-26T22:16:45.606+0200] {processor.py:175} INFO - Processing /home/humbulani/miniconda3/envs/apache-airflow/lib/python3.8/site-packages/airflow/example_dags/example_external_task_marker_dag.py took 0.139 seconds
[2023-03-26T22:17:31.916+0200] {processor.py:153} INFO - Started process (PID=19889) to work on /home/humbulani/miniconda3/envs/apache-airflow/lib/python3.8/site-packages/airflow/example_dags/example_external_task_marker_dag.py
[2023-03-26T22:17:31.922+0200] {processor.py:743} INFO - Processing file /home/humbulani/miniconda3/envs/apache-airflow/lib/python3.8/site-packages/airflow/example_dags/example_external_task_marker_dag.py for tasks to queue
[2023-03-26T22:17:31.922+0200] {logging_mixin.py:137} INFO - [2023-03-26T22:17:31.922+0200] {dagbag.py:532} INFO - Filling up the DagBag from /home/humbulani/miniconda3/envs/apache-airflow/lib/python3.8/site-packages/airflow/example_dags/example_external_task_marker_dag.py
[2023-03-26T22:17:31.938+0200] {processor.py:753} INFO - DAG(s) dict_keys(['example_external_task_marker_parent', 'example_external_task_marker_child']) retrieved from /home/humbulani/miniconda3/envs/apache-airflow/lib/python3.8/site-packages/airflow/example_dags/example_external_task_marker_dag.py
[2023-03-26T22:17:31.957+0200] {logging_mixin.py:137} INFO - [2023-03-26T22:17:31.957+0200] {dag.py:2693} INFO - Sync 2 DAGs
[2023-03-26T22:17:31.975+0200] {logging_mixin.py:137} INFO - [2023-03-26T22:17:31.975+0200] {dag.py:3440} INFO - Setting next_dagrun for example_external_task_marker_child to None, run_after=None
[2023-03-26T22:17:31.977+0200] {logging_mixin.py:137} INFO - [2023-03-26T22:17:31.977+0200] {dag.py:3440} INFO - Setting next_dagrun for example_external_task_marker_parent to None, run_after=None
[2023-03-26T22:17:32.039+0200] {processor.py:175} INFO - Processing /home/humbulani/miniconda3/envs/apache-airflow/lib/python3.8/site-packages/airflow/example_dags/example_external_task_marker_dag.py took 0.126 seconds
[2023-03-26T22:18:16.016+0200] {processor.py:153} INFO - Started process (PID=19997) to work on /home/humbulani/miniconda3/envs/apache-airflow/lib/python3.8/site-packages/airflow/example_dags/example_external_task_marker_dag.py
[2023-03-26T22:18:16.034+0200] {processor.py:743} INFO - Processing file /home/humbulani/miniconda3/envs/apache-airflow/lib/python3.8/site-packages/airflow/example_dags/example_external_task_marker_dag.py for tasks to queue
[2023-03-26T22:18:16.034+0200] {logging_mixin.py:137} INFO - [2023-03-26T22:18:16.034+0200] {dagbag.py:532} INFO - Filling up the DagBag from /home/humbulani/miniconda3/envs/apache-airflow/lib/python3.8/site-packages/airflow/example_dags/example_external_task_marker_dag.py
[2023-03-26T22:18:16.046+0200] {processor.py:753} INFO - DAG(s) dict_keys(['example_external_task_marker_child', 'example_external_task_marker_parent']) retrieved from /home/humbulani/miniconda3/envs/apache-airflow/lib/python3.8/site-packages/airflow/example_dags/example_external_task_marker_dag.py
[2023-03-26T22:18:16.065+0200] {logging_mixin.py:137} INFO - [2023-03-26T22:18:16.065+0200] {dag.py:2693} INFO - Sync 2 DAGs
[2023-03-26T22:18:16.082+0200] {logging_mixin.py:137} INFO - [2023-03-26T22:18:16.082+0200] {dag.py:3440} INFO - Setting next_dagrun for example_external_task_marker_child to None, run_after=None
[2023-03-26T22:18:16.085+0200] {logging_mixin.py:137} INFO - [2023-03-26T22:18:16.084+0200] {dag.py:3440} INFO - Setting next_dagrun for example_external_task_marker_parent to None, run_after=None
[2023-03-26T22:18:16.153+0200] {processor.py:175} INFO - Processing /home/humbulani/miniconda3/envs/apache-airflow/lib/python3.8/site-packages/airflow/example_dags/example_external_task_marker_dag.py took 0.139 seconds
[2023-03-26T22:18:58.927+0200] {processor.py:153} INFO - Started process (PID=20042) to work on /home/humbulani/miniconda3/envs/apache-airflow/lib/python3.8/site-packages/airflow/example_dags/example_external_task_marker_dag.py
[2023-03-26T22:18:58.928+0200] {processor.py:743} INFO - Processing file /home/humbulani/miniconda3/envs/apache-airflow/lib/python3.8/site-packages/airflow/example_dags/example_external_task_marker_dag.py for tasks to queue
[2023-03-26T22:18:58.928+0200] {logging_mixin.py:137} INFO - [2023-03-26T22:18:58.928+0200] {dagbag.py:532} INFO - Filling up the DagBag from /home/humbulani/miniconda3/envs/apache-airflow/lib/python3.8/site-packages/airflow/example_dags/example_external_task_marker_dag.py
[2023-03-26T22:18:58.940+0200] {processor.py:753} INFO - DAG(s) dict_keys(['example_external_task_marker_parent', 'example_external_task_marker_child']) retrieved from /home/humbulani/miniconda3/envs/apache-airflow/lib/python3.8/site-packages/airflow/example_dags/example_external_task_marker_dag.py
[2023-03-26T22:18:58.958+0200] {logging_mixin.py:137} INFO - [2023-03-26T22:18:58.957+0200] {dag.py:2693} INFO - Sync 2 DAGs
[2023-03-26T22:18:58.974+0200] {logging_mixin.py:137} INFO - [2023-03-26T22:18:58.974+0200] {dag.py:3440} INFO - Setting next_dagrun for example_external_task_marker_child to None, run_after=None
[2023-03-26T22:18:58.977+0200] {logging_mixin.py:137} INFO - [2023-03-26T22:18:58.977+0200] {dag.py:3440} INFO - Setting next_dagrun for example_external_task_marker_parent to None, run_after=None
[2023-03-26T22:18:59.050+0200] {processor.py:175} INFO - Processing /home/humbulani/miniconda3/envs/apache-airflow/lib/python3.8/site-packages/airflow/example_dags/example_external_task_marker_dag.py took 0.125 seconds
[2023-03-26T22:19:45.224+0200] {processor.py:153} INFO - Started process (PID=20151) to work on /home/humbulani/miniconda3/envs/apache-airflow/lib/python3.8/site-packages/airflow/example_dags/example_external_task_marker_dag.py
[2023-03-26T22:19:45.234+0200] {processor.py:743} INFO - Processing file /home/humbulani/miniconda3/envs/apache-airflow/lib/python3.8/site-packages/airflow/example_dags/example_external_task_marker_dag.py for tasks to queue
[2023-03-26T22:19:45.235+0200] {logging_mixin.py:137} INFO - [2023-03-26T22:19:45.235+0200] {dagbag.py:532} INFO - Filling up the DagBag from /home/humbulani/miniconda3/envs/apache-airflow/lib/python3.8/site-packages/airflow/example_dags/example_external_task_marker_dag.py
[2023-03-26T22:19:45.248+0200] {processor.py:753} INFO - DAG(s) dict_keys(['example_external_task_marker_parent', 'example_external_task_marker_child']) retrieved from /home/humbulani/miniconda3/envs/apache-airflow/lib/python3.8/site-packages/airflow/example_dags/example_external_task_marker_dag.py
[2023-03-26T22:19:45.267+0200] {logging_mixin.py:137} INFO - [2023-03-26T22:19:45.267+0200] {dag.py:2693} INFO - Sync 2 DAGs
[2023-03-26T22:19:45.285+0200] {logging_mixin.py:137} INFO - [2023-03-26T22:19:45.284+0200] {dag.py:3440} INFO - Setting next_dagrun for example_external_task_marker_child to None, run_after=None
[2023-03-26T22:19:45.287+0200] {logging_mixin.py:137} INFO - [2023-03-26T22:19:45.287+0200] {dag.py:3440} INFO - Setting next_dagrun for example_external_task_marker_parent to None, run_after=None
[2023-03-26T22:19:45.353+0200] {processor.py:175} INFO - Processing /home/humbulani/miniconda3/envs/apache-airflow/lib/python3.8/site-packages/airflow/example_dags/example_external_task_marker_dag.py took 0.132 seconds
[2023-03-26T22:20:29.732+0200] {processor.py:153} INFO - Started process (PID=20196) to work on /home/humbulani/miniconda3/envs/apache-airflow/lib/python3.8/site-packages/airflow/example_dags/example_external_task_marker_dag.py
[2023-03-26T22:20:29.747+0200] {processor.py:743} INFO - Processing file /home/humbulani/miniconda3/envs/apache-airflow/lib/python3.8/site-packages/airflow/example_dags/example_external_task_marker_dag.py for tasks to queue
[2023-03-26T22:20:29.748+0200] {logging_mixin.py:137} INFO - [2023-03-26T22:20:29.747+0200] {dagbag.py:532} INFO - Filling up the DagBag from /home/humbulani/miniconda3/envs/apache-airflow/lib/python3.8/site-packages/airflow/example_dags/example_external_task_marker_dag.py
[2023-03-26T22:20:29.759+0200] {processor.py:753} INFO - DAG(s) dict_keys(['example_external_task_marker_child', 'example_external_task_marker_parent']) retrieved from /home/humbulani/miniconda3/envs/apache-airflow/lib/python3.8/site-packages/airflow/example_dags/example_external_task_marker_dag.py
[2023-03-26T22:20:29.778+0200] {logging_mixin.py:137} INFO - [2023-03-26T22:20:29.777+0200] {dag.py:2693} INFO - Sync 2 DAGs
[2023-03-26T22:20:29.796+0200] {logging_mixin.py:137} INFO - [2023-03-26T22:20:29.795+0200] {dag.py:3440} INFO - Setting next_dagrun for example_external_task_marker_child to None, run_after=None
[2023-03-26T22:20:29.799+0200] {logging_mixin.py:137} INFO - [2023-03-26T22:20:29.798+0200] {dag.py:3440} INFO - Setting next_dagrun for example_external_task_marker_parent to None, run_after=None
[2023-03-26T22:20:29.864+0200] {processor.py:175} INFO - Processing /home/humbulani/miniconda3/envs/apache-airflow/lib/python3.8/site-packages/airflow/example_dags/example_external_task_marker_dag.py took 0.135 seconds
[2023-03-26T22:21:15.379+0200] {processor.py:153} INFO - Started process (PID=20286) to work on /home/humbulani/miniconda3/envs/apache-airflow/lib/python3.8/site-packages/airflow/example_dags/example_external_task_marker_dag.py
[2023-03-26T22:21:15.398+0200] {processor.py:743} INFO - Processing file /home/humbulani/miniconda3/envs/apache-airflow/lib/python3.8/site-packages/airflow/example_dags/example_external_task_marker_dag.py for tasks to queue
[2023-03-26T22:21:15.399+0200] {logging_mixin.py:137} INFO - [2023-03-26T22:21:15.399+0200] {dagbag.py:532} INFO - Filling up the DagBag from /home/humbulani/miniconda3/envs/apache-airflow/lib/python3.8/site-packages/airflow/example_dags/example_external_task_marker_dag.py
[2023-03-26T22:21:15.412+0200] {processor.py:753} INFO - DAG(s) dict_keys(['example_external_task_marker_parent', 'example_external_task_marker_child']) retrieved from /home/humbulani/miniconda3/envs/apache-airflow/lib/python3.8/site-packages/airflow/example_dags/example_external_task_marker_dag.py
[2023-03-26T22:21:15.430+0200] {logging_mixin.py:137} INFO - [2023-03-26T22:21:15.430+0200] {dag.py:2693} INFO - Sync 2 DAGs
[2023-03-26T22:21:15.449+0200] {logging_mixin.py:137} INFO - [2023-03-26T22:21:15.449+0200] {dag.py:3440} INFO - Setting next_dagrun for example_external_task_marker_child to None, run_after=None
[2023-03-26T22:21:15.452+0200] {logging_mixin.py:137} INFO - [2023-03-26T22:21:15.451+0200] {dag.py:3440} INFO - Setting next_dagrun for example_external_task_marker_parent to None, run_after=None
[2023-03-26T22:21:15.519+0200] {processor.py:175} INFO - Processing /home/humbulani/miniconda3/envs/apache-airflow/lib/python3.8/site-packages/airflow/example_dags/example_external_task_marker_dag.py took 0.142 seconds
[2023-03-26T22:22:00.006+0200] {processor.py:153} INFO - Started process (PID=20330) to work on /home/humbulani/miniconda3/envs/apache-airflow/lib/python3.8/site-packages/airflow/example_dags/example_external_task_marker_dag.py
[2023-03-26T22:22:00.006+0200] {processor.py:743} INFO - Processing file /home/humbulani/miniconda3/envs/apache-airflow/lib/python3.8/site-packages/airflow/example_dags/example_external_task_marker_dag.py for tasks to queue
[2023-03-26T22:22:00.007+0200] {logging_mixin.py:137} INFO - [2023-03-26T22:22:00.007+0200] {dagbag.py:532} INFO - Filling up the DagBag from /home/humbulani/miniconda3/envs/apache-airflow/lib/python3.8/site-packages/airflow/example_dags/example_external_task_marker_dag.py
[2023-03-26T22:22:00.018+0200] {processor.py:753} INFO - DAG(s) dict_keys(['example_external_task_marker_child', 'example_external_task_marker_parent']) retrieved from /home/humbulani/miniconda3/envs/apache-airflow/lib/python3.8/site-packages/airflow/example_dags/example_external_task_marker_dag.py
[2023-03-26T22:22:00.037+0200] {logging_mixin.py:137} INFO - [2023-03-26T22:22:00.036+0200] {dag.py:2693} INFO - Sync 2 DAGs
[2023-03-26T22:22:00.053+0200] {logging_mixin.py:137} INFO - [2023-03-26T22:22:00.053+0200] {dag.py:3440} INFO - Setting next_dagrun for example_external_task_marker_child to None, run_after=None
[2023-03-26T22:22:00.056+0200] {logging_mixin.py:137} INFO - [2023-03-26T22:22:00.056+0200] {dag.py:3440} INFO - Setting next_dagrun for example_external_task_marker_parent to None, run_after=None
[2023-03-26T22:22:00.122+0200] {processor.py:175} INFO - Processing /home/humbulani/miniconda3/envs/apache-airflow/lib/python3.8/site-packages/airflow/example_dags/example_external_task_marker_dag.py took 0.121 seconds
[2023-03-26T22:22:45.793+0200] {processor.py:153} INFO - Started process (PID=20373) to work on /home/humbulani/miniconda3/envs/apache-airflow/lib/python3.8/site-packages/airflow/example_dags/example_external_task_marker_dag.py
[2023-03-26T22:22:45.794+0200] {processor.py:743} INFO - Processing file /home/humbulani/miniconda3/envs/apache-airflow/lib/python3.8/site-packages/airflow/example_dags/example_external_task_marker_dag.py for tasks to queue
[2023-03-26T22:22:45.795+0200] {logging_mixin.py:137} INFO - [2023-03-26T22:22:45.794+0200] {dagbag.py:532} INFO - Filling up the DagBag from /home/humbulani/miniconda3/envs/apache-airflow/lib/python3.8/site-packages/airflow/example_dags/example_external_task_marker_dag.py
[2023-03-26T22:22:45.807+0200] {processor.py:753} INFO - DAG(s) dict_keys(['example_external_task_marker_child', 'example_external_task_marker_parent']) retrieved from /home/humbulani/miniconda3/envs/apache-airflow/lib/python3.8/site-packages/airflow/example_dags/example_external_task_marker_dag.py
[2023-03-26T22:22:45.824+0200] {logging_mixin.py:137} INFO - [2023-03-26T22:22:45.824+0200] {dag.py:2693} INFO - Sync 2 DAGs
[2023-03-26T22:22:45.841+0200] {logging_mixin.py:137} INFO - [2023-03-26T22:22:45.841+0200] {dag.py:3440} INFO - Setting next_dagrun for example_external_task_marker_child to None, run_after=None
[2023-03-26T22:22:45.844+0200] {logging_mixin.py:137} INFO - [2023-03-26T22:22:45.844+0200] {dag.py:3440} INFO - Setting next_dagrun for example_external_task_marker_parent to None, run_after=None
[2023-03-26T22:22:45.929+0200] {processor.py:175} INFO - Processing /home/humbulani/miniconda3/envs/apache-airflow/lib/python3.8/site-packages/airflow/example_dags/example_external_task_marker_dag.py took 0.139 seconds
