[2023-03-26T21:39:54.288+0200] {processor.py:153} INFO - Started process (PID=16664) to work on /home/humbulani/miniconda3/envs/apache-airflow/lib/python3.8/site-packages/airflow/example_dags/example_dag_decorator.py
[2023-03-26T21:39:54.289+0200] {processor.py:743} INFO - Processing file /home/humbulani/miniconda3/envs/apache-airflow/lib/python3.8/site-packages/airflow/example_dags/example_dag_decorator.py for tasks to queue
[2023-03-26T21:39:54.290+0200] {logging_mixin.py:137} INFO - [2023-03-26T21:39:54.289+0200] {dagbag.py:532} INFO - Filling up the DagBag from /home/humbulani/miniconda3/envs/apache-airflow/lib/python3.8/site-packages/airflow/example_dags/example_dag_decorator.py
[2023-03-26T21:39:54.305+0200] {logging_mixin.py:137} INFO - [2023-03-26T21:39:54.305+0200] {taskmixin.py:211} WARNING - Dependency <Task(_PythonDecoratedOperator): prepare_email>, send_email already registered for DAG: example_dag_decorator
[2023-03-26T21:39:54.306+0200] {logging_mixin.py:137} INFO - [2023-03-26T21:39:54.306+0200] {taskmixin.py:211} WARNING - Dependency <Task(EmailOperator): send_email>, prepare_email already registered for DAG: example_dag_decorator
[2023-03-26T21:39:54.315+0200] {processor.py:753} INFO - DAG(s) dict_keys(['example_dag_decorator']) retrieved from /home/humbulani/miniconda3/envs/apache-airflow/lib/python3.8/site-packages/airflow/example_dags/example_dag_decorator.py
[2023-03-26T21:39:54.575+0200] {logging_mixin.py:137} INFO - [2023-03-26T21:39:54.575+0200] {manager.py:504} INFO - Created Permission View: can edit on DAG:example_dag_decorator
[2023-03-26T21:39:54.667+0200] {logging_mixin.py:137} INFO - [2023-03-26T21:39:54.666+0200] {manager.py:504} INFO - Created Permission View: can read on DAG:example_dag_decorator
[2023-03-26T21:39:54.750+0200] {logging_mixin.py:137} INFO - [2023-03-26T21:39:54.750+0200] {manager.py:504} INFO - Created Permission View: can delete on DAG:example_dag_decorator
[2023-03-26T21:39:54.751+0200] {logging_mixin.py:137} INFO - [2023-03-26T21:39:54.751+0200] {dag.py:2693} INFO - Sync 1 DAGs
[2023-03-26T21:39:54.781+0200] {logging_mixin.py:137} INFO - [2023-03-26T21:39:54.780+0200] {dag.py:2714} INFO - Creating ORM DAG for example_dag_decorator
[2023-03-26T21:39:54.869+0200] {logging_mixin.py:137} INFO - [2023-03-26T21:39:54.868+0200] {dag.py:3440} INFO - Setting next_dagrun for example_dag_decorator to None, run_after=None
[2023-03-26T21:39:54.969+0200] {processor.py:175} INFO - Processing /home/humbulani/miniconda3/envs/apache-airflow/lib/python3.8/site-packages/airflow/example_dags/example_dag_decorator.py took 0.684 seconds
[2023-03-26T21:40:48.275+0200] {processor.py:153} INFO - Started process (PID=16762) to work on /home/humbulani/miniconda3/envs/apache-airflow/lib/python3.8/site-packages/airflow/example_dags/example_dag_decorator.py
[2023-03-26T21:40:48.308+0200] {processor.py:743} INFO - Processing file /home/humbulani/miniconda3/envs/apache-airflow/lib/python3.8/site-packages/airflow/example_dags/example_dag_decorator.py for tasks to queue
[2023-03-26T21:40:48.308+0200] {logging_mixin.py:137} INFO - [2023-03-26T21:40:48.308+0200] {dagbag.py:532} INFO - Filling up the DagBag from /home/humbulani/miniconda3/envs/apache-airflow/lib/python3.8/site-packages/airflow/example_dags/example_dag_decorator.py
[2023-03-26T21:40:48.328+0200] {logging_mixin.py:137} INFO - [2023-03-26T21:40:48.328+0200] {taskmixin.py:211} WARNING - Dependency <Task(_PythonDecoratedOperator): prepare_email>, send_email already registered for DAG: example_dag_decorator
[2023-03-26T21:40:48.328+0200] {logging_mixin.py:137} INFO - [2023-03-26T21:40:48.328+0200] {taskmixin.py:211} WARNING - Dependency <Task(EmailOperator): send_email>, prepare_email already registered for DAG: example_dag_decorator
[2023-03-26T21:40:48.341+0200] {processor.py:753} INFO - DAG(s) dict_keys(['example_dag_decorator']) retrieved from /home/humbulani/miniconda3/envs/apache-airflow/lib/python3.8/site-packages/airflow/example_dags/example_dag_decorator.py
[2023-03-26T21:40:48.387+0200] {logging_mixin.py:137} INFO - [2023-03-26T21:40:48.387+0200] {dag.py:2693} INFO - Sync 1 DAGs
[2023-03-26T21:40:48.403+0200] {logging_mixin.py:137} INFO - [2023-03-26T21:40:48.403+0200] {dag.py:3440} INFO - Setting next_dagrun for example_dag_decorator to None, run_after=None
[2023-03-26T21:40:48.483+0200] {processor.py:175} INFO - Processing /home/humbulani/miniconda3/envs/apache-airflow/lib/python3.8/site-packages/airflow/example_dags/example_dag_decorator.py took 0.210 seconds
[2023-03-26T21:48:18.380+0200] {processor.py:153} INFO - Started process (PID=16895) to work on /home/humbulani/miniconda3/envs/apache-airflow/lib/python3.8/site-packages/airflow/example_dags/example_dag_decorator.py
[2023-03-26T21:48:18.381+0200] {processor.py:743} INFO - Processing file /home/humbulani/miniconda3/envs/apache-airflow/lib/python3.8/site-packages/airflow/example_dags/example_dag_decorator.py for tasks to queue
[2023-03-26T21:48:18.381+0200] {logging_mixin.py:137} INFO - [2023-03-26T21:48:18.381+0200] {dagbag.py:532} INFO - Filling up the DagBag from /home/humbulani/miniconda3/envs/apache-airflow/lib/python3.8/site-packages/airflow/example_dags/example_dag_decorator.py
[2023-03-26T21:48:18.401+0200] {logging_mixin.py:137} INFO - [2023-03-26T21:48:18.400+0200] {taskmixin.py:211} WARNING - Dependency <Task(_PythonDecoratedOperator): prepare_email>, send_email already registered for DAG: example_dag_decorator
[2023-03-26T21:48:18.401+0200] {logging_mixin.py:137} INFO - [2023-03-26T21:48:18.401+0200] {taskmixin.py:211} WARNING - Dependency <Task(EmailOperator): send_email>, prepare_email already registered for DAG: example_dag_decorator
[2023-03-26T21:48:18.413+0200] {processor.py:753} INFO - DAG(s) dict_keys(['example_dag_decorator']) retrieved from /home/humbulani/miniconda3/envs/apache-airflow/lib/python3.8/site-packages/airflow/example_dags/example_dag_decorator.py
[2023-03-26T21:48:18.476+0200] {logging_mixin.py:137} INFO - [2023-03-26T21:48:18.475+0200] {dag.py:2693} INFO - Sync 1 DAGs
[2023-03-26T21:48:18.498+0200] {logging_mixin.py:137} INFO - [2023-03-26T21:48:18.498+0200] {dag.py:3440} INFO - Setting next_dagrun for example_dag_decorator to None, run_after=None
[2023-03-26T21:48:18.595+0200] {processor.py:175} INFO - Processing /home/humbulani/miniconda3/envs/apache-airflow/lib/python3.8/site-packages/airflow/example_dags/example_dag_decorator.py took 0.219 seconds
[2023-03-26T21:49:07.913+0200] {processor.py:153} INFO - Started process (PID=16937) to work on /home/humbulani/miniconda3/envs/apache-airflow/lib/python3.8/site-packages/airflow/example_dags/example_dag_decorator.py
[2023-03-26T21:49:07.951+0200] {processor.py:743} INFO - Processing file /home/humbulani/miniconda3/envs/apache-airflow/lib/python3.8/site-packages/airflow/example_dags/example_dag_decorator.py for tasks to queue
[2023-03-26T21:49:07.951+0200] {logging_mixin.py:137} INFO - [2023-03-26T21:49:07.951+0200] {dagbag.py:532} INFO - Filling up the DagBag from /home/humbulani/miniconda3/envs/apache-airflow/lib/python3.8/site-packages/airflow/example_dags/example_dag_decorator.py
[2023-03-26T21:49:07.966+0200] {logging_mixin.py:137} INFO - [2023-03-26T21:49:07.966+0200] {taskmixin.py:211} WARNING - Dependency <Task(_PythonDecoratedOperator): prepare_email>, send_email already registered for DAG: example_dag_decorator
[2023-03-26T21:49:07.967+0200] {logging_mixin.py:137} INFO - [2023-03-26T21:49:07.966+0200] {taskmixin.py:211} WARNING - Dependency <Task(EmailOperator): send_email>, prepare_email already registered for DAG: example_dag_decorator
[2023-03-26T21:49:07.977+0200] {processor.py:753} INFO - DAG(s) dict_keys(['example_dag_decorator']) retrieved from /home/humbulani/miniconda3/envs/apache-airflow/lib/python3.8/site-packages/airflow/example_dags/example_dag_decorator.py
[2023-03-26T21:49:08.022+0200] {logging_mixin.py:137} INFO - [2023-03-26T21:49:08.021+0200] {dag.py:2693} INFO - Sync 1 DAGs
[2023-03-26T21:49:08.045+0200] {logging_mixin.py:137} INFO - [2023-03-26T21:49:08.045+0200] {dag.py:3440} INFO - Setting next_dagrun for example_dag_decorator to None, run_after=None
[2023-03-26T21:49:08.119+0200] {processor.py:175} INFO - Processing /home/humbulani/miniconda3/envs/apache-airflow/lib/python3.8/site-packages/airflow/example_dags/example_dag_decorator.py took 0.209 seconds
[2023-03-26T21:49:56.165+0200] {processor.py:153} INFO - Started process (PID=16981) to work on /home/humbulani/miniconda3/envs/apache-airflow/lib/python3.8/site-packages/airflow/example_dags/example_dag_decorator.py
[2023-03-26T21:49:56.201+0200] {processor.py:743} INFO - Processing file /home/humbulani/miniconda3/envs/apache-airflow/lib/python3.8/site-packages/airflow/example_dags/example_dag_decorator.py for tasks to queue
[2023-03-26T21:49:56.201+0200] {logging_mixin.py:137} INFO - [2023-03-26T21:49:56.201+0200] {dagbag.py:532} INFO - Filling up the DagBag from /home/humbulani/miniconda3/envs/apache-airflow/lib/python3.8/site-packages/airflow/example_dags/example_dag_decorator.py
[2023-03-26T21:49:56.218+0200] {logging_mixin.py:137} INFO - [2023-03-26T21:49:56.218+0200] {taskmixin.py:211} WARNING - Dependency <Task(_PythonDecoratedOperator): prepare_email>, send_email already registered for DAG: example_dag_decorator
[2023-03-26T21:49:56.218+0200] {logging_mixin.py:137} INFO - [2023-03-26T21:49:56.218+0200] {taskmixin.py:211} WARNING - Dependency <Task(EmailOperator): send_email>, prepare_email already registered for DAG: example_dag_decorator
[2023-03-26T21:49:56.228+0200] {processor.py:753} INFO - DAG(s) dict_keys(['example_dag_decorator']) retrieved from /home/humbulani/miniconda3/envs/apache-airflow/lib/python3.8/site-packages/airflow/example_dags/example_dag_decorator.py
[2023-03-26T21:49:56.272+0200] {logging_mixin.py:137} INFO - [2023-03-26T21:49:56.272+0200] {dag.py:2693} INFO - Sync 1 DAGs
[2023-03-26T21:49:56.287+0200] {logging_mixin.py:137} INFO - [2023-03-26T21:49:56.287+0200] {dag.py:3440} INFO - Setting next_dagrun for example_dag_decorator to None, run_after=None
[2023-03-26T21:49:56.442+0200] {processor.py:175} INFO - Processing /home/humbulani/miniconda3/envs/apache-airflow/lib/python3.8/site-packages/airflow/example_dags/example_dag_decorator.py took 0.279 seconds
[2023-03-26T21:50:41.285+0200] {processor.py:153} INFO - Started process (PID=17024) to work on /home/humbulani/miniconda3/envs/apache-airflow/lib/python3.8/site-packages/airflow/example_dags/example_dag_decorator.py
[2023-03-26T21:50:41.320+0200] {processor.py:743} INFO - Processing file /home/humbulani/miniconda3/envs/apache-airflow/lib/python3.8/site-packages/airflow/example_dags/example_dag_decorator.py for tasks to queue
[2023-03-26T21:50:41.321+0200] {logging_mixin.py:137} INFO - [2023-03-26T21:50:41.320+0200] {dagbag.py:532} INFO - Filling up the DagBag from /home/humbulani/miniconda3/envs/apache-airflow/lib/python3.8/site-packages/airflow/example_dags/example_dag_decorator.py
[2023-03-26T21:50:41.340+0200] {logging_mixin.py:137} INFO - [2023-03-26T21:50:41.340+0200] {taskmixin.py:211} WARNING - Dependency <Task(_PythonDecoratedOperator): prepare_email>, send_email already registered for DAG: example_dag_decorator
[2023-03-26T21:50:41.340+0200] {logging_mixin.py:137} INFO - [2023-03-26T21:50:41.340+0200] {taskmixin.py:211} WARNING - Dependency <Task(EmailOperator): send_email>, prepare_email already registered for DAG: example_dag_decorator
[2023-03-26T21:50:41.354+0200] {processor.py:753} INFO - DAG(s) dict_keys(['example_dag_decorator']) retrieved from /home/humbulani/miniconda3/envs/apache-airflow/lib/python3.8/site-packages/airflow/example_dags/example_dag_decorator.py
[2023-03-26T21:50:41.399+0200] {logging_mixin.py:137} INFO - [2023-03-26T21:50:41.399+0200] {dag.py:2693} INFO - Sync 1 DAGs
[2023-03-26T21:50:41.494+0200] {logging_mixin.py:137} INFO - [2023-03-26T21:50:41.494+0200] {dag.py:3440} INFO - Setting next_dagrun for example_dag_decorator to None, run_after=None
[2023-03-26T21:50:41.566+0200] {processor.py:175} INFO - Processing /home/humbulani/miniconda3/envs/apache-airflow/lib/python3.8/site-packages/airflow/example_dags/example_dag_decorator.py took 0.283 seconds
[2023-03-26T21:51:25.705+0200] {processor.py:153} INFO - Started process (PID=17140) to work on /home/humbulani/miniconda3/envs/apache-airflow/lib/python3.8/site-packages/airflow/example_dags/example_dag_decorator.py
[2023-03-26T21:51:25.756+0200] {processor.py:743} INFO - Processing file /home/humbulani/miniconda3/envs/apache-airflow/lib/python3.8/site-packages/airflow/example_dags/example_dag_decorator.py for tasks to queue
[2023-03-26T21:51:25.756+0200] {logging_mixin.py:137} INFO - [2023-03-26T21:51:25.756+0200] {dagbag.py:532} INFO - Filling up the DagBag from /home/humbulani/miniconda3/envs/apache-airflow/lib/python3.8/site-packages/airflow/example_dags/example_dag_decorator.py
[2023-03-26T21:51:25.776+0200] {logging_mixin.py:137} INFO - [2023-03-26T21:51:25.776+0200] {taskmixin.py:211} WARNING - Dependency <Task(_PythonDecoratedOperator): prepare_email>, send_email already registered for DAG: example_dag_decorator
[2023-03-26T21:51:25.776+0200] {logging_mixin.py:137} INFO - [2023-03-26T21:51:25.776+0200] {taskmixin.py:211} WARNING - Dependency <Task(EmailOperator): send_email>, prepare_email already registered for DAG: example_dag_decorator
[2023-03-26T21:51:25.790+0200] {processor.py:753} INFO - DAG(s) dict_keys(['example_dag_decorator']) retrieved from /home/humbulani/miniconda3/envs/apache-airflow/lib/python3.8/site-packages/airflow/example_dags/example_dag_decorator.py
[2023-03-26T21:51:25.842+0200] {logging_mixin.py:137} INFO - [2023-03-26T21:51:25.842+0200] {dag.py:2693} INFO - Sync 1 DAGs
[2023-03-26T21:51:25.945+0200] {logging_mixin.py:137} INFO - [2023-03-26T21:51:25.945+0200] {dag.py:3440} INFO - Setting next_dagrun for example_dag_decorator to None, run_after=None
[2023-03-26T21:51:26.035+0200] {processor.py:175} INFO - Processing /home/humbulani/miniconda3/envs/apache-airflow/lib/python3.8/site-packages/airflow/example_dags/example_dag_decorator.py took 0.333 seconds
[2023-03-26T21:52:13.217+0200] {processor.py:153} INFO - Started process (PID=17184) to work on /home/humbulani/miniconda3/envs/apache-airflow/lib/python3.8/site-packages/airflow/example_dags/example_dag_decorator.py
[2023-03-26T21:52:13.218+0200] {processor.py:743} INFO - Processing file /home/humbulani/miniconda3/envs/apache-airflow/lib/python3.8/site-packages/airflow/example_dags/example_dag_decorator.py for tasks to queue
[2023-03-26T21:52:13.218+0200] {logging_mixin.py:137} INFO - [2023-03-26T21:52:13.218+0200] {dagbag.py:532} INFO - Filling up the DagBag from /home/humbulani/miniconda3/envs/apache-airflow/lib/python3.8/site-packages/airflow/example_dags/example_dag_decorator.py
[2023-03-26T21:52:13.237+0200] {logging_mixin.py:137} INFO - [2023-03-26T21:52:13.237+0200] {taskmixin.py:211} WARNING - Dependency <Task(_PythonDecoratedOperator): prepare_email>, send_email already registered for DAG: example_dag_decorator
[2023-03-26T21:52:13.237+0200] {logging_mixin.py:137} INFO - [2023-03-26T21:52:13.237+0200] {taskmixin.py:211} WARNING - Dependency <Task(EmailOperator): send_email>, prepare_email already registered for DAG: example_dag_decorator
[2023-03-26T21:52:13.247+0200] {processor.py:753} INFO - DAG(s) dict_keys(['example_dag_decorator']) retrieved from /home/humbulani/miniconda3/envs/apache-airflow/lib/python3.8/site-packages/airflow/example_dags/example_dag_decorator.py
[2023-03-26T21:52:13.371+0200] {logging_mixin.py:137} INFO - [2023-03-26T21:52:13.371+0200] {dag.py:2693} INFO - Sync 1 DAGs
[2023-03-26T21:52:13.385+0200] {logging_mixin.py:137} INFO - [2023-03-26T21:52:13.385+0200] {dag.py:3440} INFO - Setting next_dagrun for example_dag_decorator to None, run_after=None
[2023-03-26T21:52:13.496+0200] {processor.py:175} INFO - Processing /home/humbulani/miniconda3/envs/apache-airflow/lib/python3.8/site-packages/airflow/example_dags/example_dag_decorator.py took 0.283 seconds
[2023-03-26T21:53:02.508+0200] {processor.py:153} INFO - Started process (PID=17233) to work on /home/humbulani/miniconda3/envs/apache-airflow/lib/python3.8/site-packages/airflow/example_dags/example_dag_decorator.py
[2023-03-26T21:53:02.514+0200] {processor.py:743} INFO - Processing file /home/humbulani/miniconda3/envs/apache-airflow/lib/python3.8/site-packages/airflow/example_dags/example_dag_decorator.py for tasks to queue
[2023-03-26T21:53:02.515+0200] {logging_mixin.py:137} INFO - [2023-03-26T21:53:02.515+0200] {dagbag.py:532} INFO - Filling up the DagBag from /home/humbulani/miniconda3/envs/apache-airflow/lib/python3.8/site-packages/airflow/example_dags/example_dag_decorator.py
[2023-03-26T21:53:02.534+0200] {logging_mixin.py:137} INFO - [2023-03-26T21:53:02.534+0200] {taskmixin.py:211} WARNING - Dependency <Task(_PythonDecoratedOperator): prepare_email>, send_email already registered for DAG: example_dag_decorator
[2023-03-26T21:53:02.534+0200] {logging_mixin.py:137} INFO - [2023-03-26T21:53:02.534+0200] {taskmixin.py:211} WARNING - Dependency <Task(EmailOperator): send_email>, prepare_email already registered for DAG: example_dag_decorator
[2023-03-26T21:53:02.544+0200] {processor.py:753} INFO - DAG(s) dict_keys(['example_dag_decorator']) retrieved from /home/humbulani/miniconda3/envs/apache-airflow/lib/python3.8/site-packages/airflow/example_dags/example_dag_decorator.py
[2023-03-26T21:53:02.668+0200] {logging_mixin.py:137} INFO - [2023-03-26T21:53:02.668+0200] {dag.py:2693} INFO - Sync 1 DAGs
[2023-03-26T21:53:02.683+0200] {logging_mixin.py:137} INFO - [2023-03-26T21:53:02.683+0200] {dag.py:3440} INFO - Setting next_dagrun for example_dag_decorator to None, run_after=None
[2023-03-26T21:53:02.768+0200] {processor.py:175} INFO - Processing /home/humbulani/miniconda3/envs/apache-airflow/lib/python3.8/site-packages/airflow/example_dags/example_dag_decorator.py took 0.263 seconds
[2023-03-26T21:53:52.362+0200] {processor.py:153} INFO - Started process (PID=17282) to work on /home/humbulani/miniconda3/envs/apache-airflow/lib/python3.8/site-packages/airflow/example_dags/example_dag_decorator.py
[2023-03-26T21:53:52.396+0200] {processor.py:743} INFO - Processing file /home/humbulani/miniconda3/envs/apache-airflow/lib/python3.8/site-packages/airflow/example_dags/example_dag_decorator.py for tasks to queue
[2023-03-26T21:53:52.397+0200] {logging_mixin.py:137} INFO - [2023-03-26T21:53:52.396+0200] {dagbag.py:532} INFO - Filling up the DagBag from /home/humbulani/miniconda3/envs/apache-airflow/lib/python3.8/site-packages/airflow/example_dags/example_dag_decorator.py
[2023-03-26T21:53:52.416+0200] {logging_mixin.py:137} INFO - [2023-03-26T21:53:52.416+0200] {taskmixin.py:211} WARNING - Dependency <Task(_PythonDecoratedOperator): prepare_email>, send_email already registered for DAG: example_dag_decorator
[2023-03-26T21:53:52.417+0200] {logging_mixin.py:137} INFO - [2023-03-26T21:53:52.416+0200] {taskmixin.py:211} WARNING - Dependency <Task(EmailOperator): send_email>, prepare_email already registered for DAG: example_dag_decorator
[2023-03-26T21:53:52.429+0200] {processor.py:753} INFO - DAG(s) dict_keys(['example_dag_decorator']) retrieved from /home/humbulani/miniconda3/envs/apache-airflow/lib/python3.8/site-packages/airflow/example_dags/example_dag_decorator.py
[2023-03-26T21:53:52.551+0200] {logging_mixin.py:137} INFO - [2023-03-26T21:53:52.551+0200] {dag.py:2693} INFO - Sync 1 DAGs
[2023-03-26T21:53:52.567+0200] {logging_mixin.py:137} INFO - [2023-03-26T21:53:52.567+0200] {dag.py:3440} INFO - Setting next_dagrun for example_dag_decorator to None, run_after=None
[2023-03-26T21:53:52.645+0200] {processor.py:175} INFO - Processing /home/humbulani/miniconda3/envs/apache-airflow/lib/python3.8/site-packages/airflow/example_dags/example_dag_decorator.py took 0.286 seconds
[2023-03-26T21:54:41.159+0200] {processor.py:153} INFO - Started process (PID=17328) to work on /home/humbulani/miniconda3/envs/apache-airflow/lib/python3.8/site-packages/airflow/example_dags/example_dag_decorator.py
[2023-03-26T21:54:41.160+0200] {processor.py:743} INFO - Processing file /home/humbulani/miniconda3/envs/apache-airflow/lib/python3.8/site-packages/airflow/example_dags/example_dag_decorator.py for tasks to queue
[2023-03-26T21:54:41.160+0200] {logging_mixin.py:137} INFO - [2023-03-26T21:54:41.160+0200] {dagbag.py:532} INFO - Filling up the DagBag from /home/humbulani/miniconda3/envs/apache-airflow/lib/python3.8/site-packages/airflow/example_dags/example_dag_decorator.py
[2023-03-26T21:54:41.176+0200] {logging_mixin.py:137} INFO - [2023-03-26T21:54:41.175+0200] {taskmixin.py:211} WARNING - Dependency <Task(_PythonDecoratedOperator): prepare_email>, send_email already registered for DAG: example_dag_decorator
[2023-03-26T21:54:41.176+0200] {logging_mixin.py:137} INFO - [2023-03-26T21:54:41.176+0200] {taskmixin.py:211} WARNING - Dependency <Task(EmailOperator): send_email>, prepare_email already registered for DAG: example_dag_decorator
[2023-03-26T21:54:41.266+0200] {processor.py:753} INFO - DAG(s) dict_keys(['example_dag_decorator']) retrieved from /home/humbulani/miniconda3/envs/apache-airflow/lib/python3.8/site-packages/airflow/example_dags/example_dag_decorator.py
[2023-03-26T21:54:41.307+0200] {logging_mixin.py:137} INFO - [2023-03-26T21:54:41.306+0200] {dag.py:2693} INFO - Sync 1 DAGs
[2023-03-26T21:54:41.322+0200] {logging_mixin.py:137} INFO - [2023-03-26T21:54:41.322+0200] {dag.py:3440} INFO - Setting next_dagrun for example_dag_decorator to None, run_after=None
[2023-03-26T21:54:41.423+0200] {processor.py:175} INFO - Processing /home/humbulani/miniconda3/envs/apache-airflow/lib/python3.8/site-packages/airflow/example_dags/example_dag_decorator.py took 0.266 seconds
[2023-03-26T21:55:30.640+0200] {processor.py:153} INFO - Started process (PID=17372) to work on /home/humbulani/miniconda3/envs/apache-airflow/lib/python3.8/site-packages/airflow/example_dags/example_dag_decorator.py
[2023-03-26T21:55:30.671+0200] {processor.py:743} INFO - Processing file /home/humbulani/miniconda3/envs/apache-airflow/lib/python3.8/site-packages/airflow/example_dags/example_dag_decorator.py for tasks to queue
[2023-03-26T21:55:30.672+0200] {logging_mixin.py:137} INFO - [2023-03-26T21:55:30.672+0200] {dagbag.py:532} INFO - Filling up the DagBag from /home/humbulani/miniconda3/envs/apache-airflow/lib/python3.8/site-packages/airflow/example_dags/example_dag_decorator.py
[2023-03-26T21:55:30.777+0200] {logging_mixin.py:137} INFO - [2023-03-26T21:55:30.777+0200] {taskmixin.py:211} WARNING - Dependency <Task(_PythonDecoratedOperator): prepare_email>, send_email already registered for DAG: example_dag_decorator
[2023-03-26T21:55:30.778+0200] {logging_mixin.py:137} INFO - [2023-03-26T21:55:30.778+0200] {taskmixin.py:211} WARNING - Dependency <Task(EmailOperator): send_email>, prepare_email already registered for DAG: example_dag_decorator
[2023-03-26T21:55:30.786+0200] {processor.py:753} INFO - DAG(s) dict_keys(['example_dag_decorator']) retrieved from /home/humbulani/miniconda3/envs/apache-airflow/lib/python3.8/site-packages/airflow/example_dags/example_dag_decorator.py
[2023-03-26T21:55:30.837+0200] {logging_mixin.py:137} INFO - [2023-03-26T21:55:30.837+0200] {dag.py:2693} INFO - Sync 1 DAGs
[2023-03-26T21:55:30.852+0200] {logging_mixin.py:137} INFO - [2023-03-26T21:55:30.852+0200] {dag.py:3440} INFO - Setting next_dagrun for example_dag_decorator to None, run_after=None
[2023-03-26T21:55:30.925+0200] {processor.py:175} INFO - Processing /home/humbulani/miniconda3/envs/apache-airflow/lib/python3.8/site-packages/airflow/example_dags/example_dag_decorator.py took 0.288 seconds
[2023-03-26T21:56:20.129+0200] {processor.py:153} INFO - Started process (PID=17474) to work on /home/humbulani/miniconda3/envs/apache-airflow/lib/python3.8/site-packages/airflow/example_dags/example_dag_decorator.py
[2023-03-26T21:56:20.141+0200] {processor.py:743} INFO - Processing file /home/humbulani/miniconda3/envs/apache-airflow/lib/python3.8/site-packages/airflow/example_dags/example_dag_decorator.py for tasks to queue
[2023-03-26T21:56:20.142+0200] {logging_mixin.py:137} INFO - [2023-03-26T21:56:20.142+0200] {dagbag.py:532} INFO - Filling up the DagBag from /home/humbulani/miniconda3/envs/apache-airflow/lib/python3.8/site-packages/airflow/example_dags/example_dag_decorator.py
[2023-03-26T21:56:20.155+0200] {logging_mixin.py:137} INFO - [2023-03-26T21:56:20.154+0200] {taskmixin.py:211} WARNING - Dependency <Task(_PythonDecoratedOperator): prepare_email>, send_email already registered for DAG: example_dag_decorator
[2023-03-26T21:56:20.155+0200] {logging_mixin.py:137} INFO - [2023-03-26T21:56:20.155+0200] {taskmixin.py:211} WARNING - Dependency <Task(EmailOperator): send_email>, prepare_email already registered for DAG: example_dag_decorator
[2023-03-26T21:56:20.163+0200] {processor.py:753} INFO - DAG(s) dict_keys(['example_dag_decorator']) retrieved from /home/humbulani/miniconda3/envs/apache-airflow/lib/python3.8/site-packages/airflow/example_dags/example_dag_decorator.py
[2023-03-26T21:56:20.205+0200] {logging_mixin.py:137} INFO - [2023-03-26T21:56:20.205+0200] {dag.py:2693} INFO - Sync 1 DAGs
[2023-03-26T21:56:20.219+0200] {logging_mixin.py:137} INFO - [2023-03-26T21:56:20.219+0200] {dag.py:3440} INFO - Setting next_dagrun for example_dag_decorator to None, run_after=None
[2023-03-26T21:56:20.296+0200] {processor.py:175} INFO - Processing /home/humbulani/miniconda3/envs/apache-airflow/lib/python3.8/site-packages/airflow/example_dags/example_dag_decorator.py took 0.252 seconds
[2023-03-26T21:57:04.000+0200] {processor.py:153} INFO - Started process (PID=17526) to work on /home/humbulani/miniconda3/envs/apache-airflow/lib/python3.8/site-packages/airflow/example_dags/example_dag_decorator.py
[2023-03-26T21:57:04.012+0200] {processor.py:743} INFO - Processing file /home/humbulani/miniconda3/envs/apache-airflow/lib/python3.8/site-packages/airflow/example_dags/example_dag_decorator.py for tasks to queue
[2023-03-26T21:57:04.013+0200] {logging_mixin.py:137} INFO - [2023-03-26T21:57:04.012+0200] {dagbag.py:532} INFO - Filling up the DagBag from /home/humbulani/miniconda3/envs/apache-airflow/lib/python3.8/site-packages/airflow/example_dags/example_dag_decorator.py
[2023-03-26T21:57:04.032+0200] {logging_mixin.py:137} INFO - [2023-03-26T21:57:04.032+0200] {taskmixin.py:211} WARNING - Dependency <Task(_PythonDecoratedOperator): prepare_email>, send_email already registered for DAG: example_dag_decorator
[2023-03-26T21:57:04.033+0200] {logging_mixin.py:137} INFO - [2023-03-26T21:57:04.032+0200] {taskmixin.py:211} WARNING - Dependency <Task(EmailOperator): send_email>, prepare_email already registered for DAG: example_dag_decorator
[2023-03-26T21:57:04.043+0200] {processor.py:753} INFO - DAG(s) dict_keys(['example_dag_decorator']) retrieved from /home/humbulani/miniconda3/envs/apache-airflow/lib/python3.8/site-packages/airflow/example_dags/example_dag_decorator.py
[2023-03-26T21:57:04.087+0200] {logging_mixin.py:137} INFO - [2023-03-26T21:57:04.087+0200] {dag.py:2693} INFO - Sync 1 DAGs
[2023-03-26T21:57:04.102+0200] {logging_mixin.py:137} INFO - [2023-03-26T21:57:04.102+0200] {dag.py:3440} INFO - Setting next_dagrun for example_dag_decorator to None, run_after=None
[2023-03-26T21:57:04.182+0200] {processor.py:175} INFO - Processing /home/humbulani/miniconda3/envs/apache-airflow/lib/python3.8/site-packages/airflow/example_dags/example_dag_decorator.py took 0.185 seconds
[2023-03-26T21:57:46.453+0200] {processor.py:153} INFO - Started process (PID=17636) to work on /home/humbulani/miniconda3/envs/apache-airflow/lib/python3.8/site-packages/airflow/example_dags/example_dag_decorator.py
[2023-03-26T21:57:46.465+0200] {processor.py:743} INFO - Processing file /home/humbulani/miniconda3/envs/apache-airflow/lib/python3.8/site-packages/airflow/example_dags/example_dag_decorator.py for tasks to queue
[2023-03-26T21:57:46.466+0200] {logging_mixin.py:137} INFO - [2023-03-26T21:57:46.466+0200] {dagbag.py:532} INFO - Filling up the DagBag from /home/humbulani/miniconda3/envs/apache-airflow/lib/python3.8/site-packages/airflow/example_dags/example_dag_decorator.py
[2023-03-26T21:57:46.482+0200] {logging_mixin.py:137} INFO - [2023-03-26T21:57:46.482+0200] {taskmixin.py:211} WARNING - Dependency <Task(_PythonDecoratedOperator): prepare_email>, send_email already registered for DAG: example_dag_decorator
[2023-03-26T21:57:46.483+0200] {logging_mixin.py:137} INFO - [2023-03-26T21:57:46.482+0200] {taskmixin.py:211} WARNING - Dependency <Task(EmailOperator): send_email>, prepare_email already registered for DAG: example_dag_decorator
[2023-03-26T21:57:46.494+0200] {processor.py:753} INFO - DAG(s) dict_keys(['example_dag_decorator']) retrieved from /home/humbulani/miniconda3/envs/apache-airflow/lib/python3.8/site-packages/airflow/example_dags/example_dag_decorator.py
[2023-03-26T21:57:46.542+0200] {logging_mixin.py:137} INFO - [2023-03-26T21:57:46.542+0200] {dag.py:2693} INFO - Sync 1 DAGs
[2023-03-26T21:57:46.560+0200] {logging_mixin.py:137} INFO - [2023-03-26T21:57:46.560+0200] {dag.py:3440} INFO - Setting next_dagrun for example_dag_decorator to None, run_after=None
[2023-03-26T21:57:46.637+0200] {processor.py:175} INFO - Processing /home/humbulani/miniconda3/envs/apache-airflow/lib/python3.8/site-packages/airflow/example_dags/example_dag_decorator.py took 0.186 seconds
[2023-03-26T21:58:35.152+0200] {processor.py:153} INFO - Started process (PID=17870) to work on /home/humbulani/miniconda3/envs/apache-airflow/lib/python3.8/site-packages/airflow/example_dags/example_dag_decorator.py
[2023-03-26T21:58:35.161+0200] {processor.py:743} INFO - Processing file /home/humbulani/miniconda3/envs/apache-airflow/lib/python3.8/site-packages/airflow/example_dags/example_dag_decorator.py for tasks to queue
[2023-03-26T21:58:35.162+0200] {logging_mixin.py:137} INFO - [2023-03-26T21:58:35.162+0200] {dagbag.py:532} INFO - Filling up the DagBag from /home/humbulani/miniconda3/envs/apache-airflow/lib/python3.8/site-packages/airflow/example_dags/example_dag_decorator.py
[2023-03-26T21:58:35.178+0200] {logging_mixin.py:137} INFO - [2023-03-26T21:58:35.178+0200] {taskmixin.py:211} WARNING - Dependency <Task(_PythonDecoratedOperator): prepare_email>, send_email already registered for DAG: example_dag_decorator
[2023-03-26T21:58:35.178+0200] {logging_mixin.py:137} INFO - [2023-03-26T21:58:35.178+0200] {taskmixin.py:211} WARNING - Dependency <Task(EmailOperator): send_email>, prepare_email already registered for DAG: example_dag_decorator
[2023-03-26T21:58:35.189+0200] {processor.py:753} INFO - DAG(s) dict_keys(['example_dag_decorator']) retrieved from /home/humbulani/miniconda3/envs/apache-airflow/lib/python3.8/site-packages/airflow/example_dags/example_dag_decorator.py
[2023-03-26T21:58:35.233+0200] {logging_mixin.py:137} INFO - [2023-03-26T21:58:35.232+0200] {dag.py:2693} INFO - Sync 1 DAGs
[2023-03-26T21:58:35.249+0200] {logging_mixin.py:137} INFO - [2023-03-26T21:58:35.249+0200] {dag.py:3440} INFO - Setting next_dagrun for example_dag_decorator to None, run_after=None
[2023-03-26T21:58:35.523+0200] {processor.py:175} INFO - Processing /home/humbulani/miniconda3/envs/apache-airflow/lib/python3.8/site-packages/airflow/example_dags/example_dag_decorator.py took 0.373 seconds
[2023-03-26T21:59:22.661+0200] {processor.py:153} INFO - Started process (PID=18025) to work on /home/humbulani/miniconda3/envs/apache-airflow/lib/python3.8/site-packages/airflow/example_dags/example_dag_decorator.py
[2023-03-26T21:59:22.673+0200] {processor.py:743} INFO - Processing file /home/humbulani/miniconda3/envs/apache-airflow/lib/python3.8/site-packages/airflow/example_dags/example_dag_decorator.py for tasks to queue
[2023-03-26T21:59:22.674+0200] {logging_mixin.py:137} INFO - [2023-03-26T21:59:22.673+0200] {dagbag.py:532} INFO - Filling up the DagBag from /home/humbulani/miniconda3/envs/apache-airflow/lib/python3.8/site-packages/airflow/example_dags/example_dag_decorator.py
[2023-03-26T21:59:22.689+0200] {logging_mixin.py:137} INFO - [2023-03-26T21:59:22.689+0200] {taskmixin.py:211} WARNING - Dependency <Task(_PythonDecoratedOperator): prepare_email>, send_email already registered for DAG: example_dag_decorator
[2023-03-26T21:59:22.689+0200] {logging_mixin.py:137} INFO - [2023-03-26T21:59:22.689+0200] {taskmixin.py:211} WARNING - Dependency <Task(EmailOperator): send_email>, prepare_email already registered for DAG: example_dag_decorator
[2023-03-26T21:59:22.699+0200] {processor.py:753} INFO - DAG(s) dict_keys(['example_dag_decorator']) retrieved from /home/humbulani/miniconda3/envs/apache-airflow/lib/python3.8/site-packages/airflow/example_dags/example_dag_decorator.py
[2023-03-26T21:59:22.747+0200] {logging_mixin.py:137} INFO - [2023-03-26T21:59:22.747+0200] {dag.py:2693} INFO - Sync 1 DAGs
[2023-03-26T21:59:22.762+0200] {logging_mixin.py:137} INFO - [2023-03-26T21:59:22.762+0200] {dag.py:3440} INFO - Setting next_dagrun for example_dag_decorator to None, run_after=None
[2023-03-26T21:59:22.927+0200] {processor.py:175} INFO - Processing /home/humbulani/miniconda3/envs/apache-airflow/lib/python3.8/site-packages/airflow/example_dags/example_dag_decorator.py took 0.268 seconds
[2023-03-26T22:00:09.320+0200] {processor.py:153} INFO - Started process (PID=18146) to work on /home/humbulani/miniconda3/envs/apache-airflow/lib/python3.8/site-packages/airflow/example_dags/example_dag_decorator.py
[2023-03-26T22:00:09.321+0200] {processor.py:743} INFO - Processing file /home/humbulani/miniconda3/envs/apache-airflow/lib/python3.8/site-packages/airflow/example_dags/example_dag_decorator.py for tasks to queue
[2023-03-26T22:00:09.322+0200] {logging_mixin.py:137} INFO - [2023-03-26T22:00:09.322+0200] {dagbag.py:532} INFO - Filling up the DagBag from /home/humbulani/miniconda3/envs/apache-airflow/lib/python3.8/site-packages/airflow/example_dags/example_dag_decorator.py
[2023-03-26T22:00:09.340+0200] {logging_mixin.py:137} INFO - [2023-03-26T22:00:09.340+0200] {taskmixin.py:211} WARNING - Dependency <Task(_PythonDecoratedOperator): prepare_email>, send_email already registered for DAG: example_dag_decorator
[2023-03-26T22:00:09.340+0200] {logging_mixin.py:137} INFO - [2023-03-26T22:00:09.340+0200] {taskmixin.py:211} WARNING - Dependency <Task(EmailOperator): send_email>, prepare_email already registered for DAG: example_dag_decorator
[2023-03-26T22:00:09.350+0200] {processor.py:753} INFO - DAG(s) dict_keys(['example_dag_decorator']) retrieved from /home/humbulani/miniconda3/envs/apache-airflow/lib/python3.8/site-packages/airflow/example_dags/example_dag_decorator.py
[2023-03-26T22:00:09.395+0200] {logging_mixin.py:137} INFO - [2023-03-26T22:00:09.395+0200] {dag.py:2693} INFO - Sync 1 DAGs
[2023-03-26T22:00:09.410+0200] {logging_mixin.py:137} INFO - [2023-03-26T22:00:09.410+0200] {dag.py:3440} INFO - Setting next_dagrun for example_dag_decorator to None, run_after=None
[2023-03-26T22:00:09.492+0200] {processor.py:175} INFO - Processing /home/humbulani/miniconda3/envs/apache-airflow/lib/python3.8/site-packages/airflow/example_dags/example_dag_decorator.py took 0.175 seconds
[2023-03-26T22:00:55.512+0200] {processor.py:153} INFO - Started process (PID=18237) to work on /home/humbulani/miniconda3/envs/apache-airflow/lib/python3.8/site-packages/airflow/example_dags/example_dag_decorator.py
[2023-03-26T22:00:55.526+0200] {processor.py:743} INFO - Processing file /home/humbulani/miniconda3/envs/apache-airflow/lib/python3.8/site-packages/airflow/example_dags/example_dag_decorator.py for tasks to queue
[2023-03-26T22:00:55.527+0200] {logging_mixin.py:137} INFO - [2023-03-26T22:00:55.527+0200] {dagbag.py:532} INFO - Filling up the DagBag from /home/humbulani/miniconda3/envs/apache-airflow/lib/python3.8/site-packages/airflow/example_dags/example_dag_decorator.py
[2023-03-26T22:00:55.543+0200] {logging_mixin.py:137} INFO - [2023-03-26T22:00:55.543+0200] {taskmixin.py:211} WARNING - Dependency <Task(_PythonDecoratedOperator): prepare_email>, send_email already registered for DAG: example_dag_decorator
[2023-03-26T22:00:55.543+0200] {logging_mixin.py:137} INFO - [2023-03-26T22:00:55.543+0200] {taskmixin.py:211} WARNING - Dependency <Task(EmailOperator): send_email>, prepare_email already registered for DAG: example_dag_decorator
[2023-03-26T22:00:55.554+0200] {processor.py:753} INFO - DAG(s) dict_keys(['example_dag_decorator']) retrieved from /home/humbulani/miniconda3/envs/apache-airflow/lib/python3.8/site-packages/airflow/example_dags/example_dag_decorator.py
[2023-03-26T22:00:55.602+0200] {logging_mixin.py:137} INFO - [2023-03-26T22:00:55.602+0200] {dag.py:2693} INFO - Sync 1 DAGs
[2023-03-26T22:00:55.619+0200] {logging_mixin.py:137} INFO - [2023-03-26T22:00:55.619+0200] {dag.py:3440} INFO - Setting next_dagrun for example_dag_decorator to None, run_after=None
[2023-03-26T22:00:55.756+0200] {processor.py:175} INFO - Processing /home/humbulani/miniconda3/envs/apache-airflow/lib/python3.8/site-packages/airflow/example_dags/example_dag_decorator.py took 0.246 seconds
[2023-03-26T22:01:42.488+0200] {processor.py:153} INFO - Started process (PID=18487) to work on /home/humbulani/miniconda3/envs/apache-airflow/lib/python3.8/site-packages/airflow/example_dags/example_dag_decorator.py
[2023-03-26T22:01:42.508+0200] {processor.py:743} INFO - Processing file /home/humbulani/miniconda3/envs/apache-airflow/lib/python3.8/site-packages/airflow/example_dags/example_dag_decorator.py for tasks to queue
[2023-03-26T22:01:42.509+0200] {logging_mixin.py:137} INFO - [2023-03-26T22:01:42.509+0200] {dagbag.py:532} INFO - Filling up the DagBag from /home/humbulani/miniconda3/envs/apache-airflow/lib/python3.8/site-packages/airflow/example_dags/example_dag_decorator.py
[2023-03-26T22:01:42.529+0200] {logging_mixin.py:137} INFO - [2023-03-26T22:01:42.529+0200] {taskmixin.py:211} WARNING - Dependency <Task(_PythonDecoratedOperator): prepare_email>, send_email already registered for DAG: example_dag_decorator
[2023-03-26T22:01:42.529+0200] {logging_mixin.py:137} INFO - [2023-03-26T22:01:42.529+0200] {taskmixin.py:211} WARNING - Dependency <Task(EmailOperator): send_email>, prepare_email already registered for DAG: example_dag_decorator
[2023-03-26T22:01:42.542+0200] {processor.py:753} INFO - DAG(s) dict_keys(['example_dag_decorator']) retrieved from /home/humbulani/miniconda3/envs/apache-airflow/lib/python3.8/site-packages/airflow/example_dags/example_dag_decorator.py
[2023-03-26T22:01:42.587+0200] {logging_mixin.py:137} INFO - [2023-03-26T22:01:42.587+0200] {dag.py:2693} INFO - Sync 1 DAGs
[2023-03-26T22:01:42.603+0200] {logging_mixin.py:137} INFO - [2023-03-26T22:01:42.603+0200] {dag.py:3440} INFO - Setting next_dagrun for example_dag_decorator to None, run_after=None
[2023-03-26T22:01:42.694+0200] {processor.py:175} INFO - Processing /home/humbulani/miniconda3/envs/apache-airflow/lib/python3.8/site-packages/airflow/example_dags/example_dag_decorator.py took 0.209 seconds
[2023-03-26T22:02:30.110+0200] {processor.py:153} INFO - Started process (PID=18537) to work on /home/humbulani/miniconda3/envs/apache-airflow/lib/python3.8/site-packages/airflow/example_dags/example_dag_decorator.py
[2023-03-26T22:02:30.128+0200] {processor.py:743} INFO - Processing file /home/humbulani/miniconda3/envs/apache-airflow/lib/python3.8/site-packages/airflow/example_dags/example_dag_decorator.py for tasks to queue
[2023-03-26T22:02:30.129+0200] {logging_mixin.py:137} INFO - [2023-03-26T22:02:30.129+0200] {dagbag.py:532} INFO - Filling up the DagBag from /home/humbulani/miniconda3/envs/apache-airflow/lib/python3.8/site-packages/airflow/example_dags/example_dag_decorator.py
[2023-03-26T22:02:30.149+0200] {logging_mixin.py:137} INFO - [2023-03-26T22:02:30.149+0200] {taskmixin.py:211} WARNING - Dependency <Task(_PythonDecoratedOperator): prepare_email>, send_email already registered for DAG: example_dag_decorator
[2023-03-26T22:02:30.149+0200] {logging_mixin.py:137} INFO - [2023-03-26T22:02:30.149+0200] {taskmixin.py:211} WARNING - Dependency <Task(EmailOperator): send_email>, prepare_email already registered for DAG: example_dag_decorator
[2023-03-26T22:02:30.163+0200] {processor.py:753} INFO - DAG(s) dict_keys(['example_dag_decorator']) retrieved from /home/humbulani/miniconda3/envs/apache-airflow/lib/python3.8/site-packages/airflow/example_dags/example_dag_decorator.py
[2023-03-26T22:02:30.209+0200] {logging_mixin.py:137} INFO - [2023-03-26T22:02:30.209+0200] {dag.py:2693} INFO - Sync 1 DAGs
[2023-03-26T22:02:30.228+0200] {logging_mixin.py:137} INFO - [2023-03-26T22:02:30.227+0200] {dag.py:3440} INFO - Setting next_dagrun for example_dag_decorator to None, run_after=None
[2023-03-26T22:02:30.392+0200] {processor.py:175} INFO - Processing /home/humbulani/miniconda3/envs/apache-airflow/lib/python3.8/site-packages/airflow/example_dags/example_dag_decorator.py took 0.285 seconds
[2023-03-26T22:03:15.836+0200] {processor.py:153} INFO - Started process (PID=18592) to work on /home/humbulani/miniconda3/envs/apache-airflow/lib/python3.8/site-packages/airflow/example_dags/example_dag_decorator.py
[2023-03-26T22:03:15.849+0200] {processor.py:743} INFO - Processing file /home/humbulani/miniconda3/envs/apache-airflow/lib/python3.8/site-packages/airflow/example_dags/example_dag_decorator.py for tasks to queue
[2023-03-26T22:03:15.849+0200] {logging_mixin.py:137} INFO - [2023-03-26T22:03:15.849+0200] {dagbag.py:532} INFO - Filling up the DagBag from /home/humbulani/miniconda3/envs/apache-airflow/lib/python3.8/site-packages/airflow/example_dags/example_dag_decorator.py
[2023-03-26T22:03:15.865+0200] {logging_mixin.py:137} INFO - [2023-03-26T22:03:15.865+0200] {taskmixin.py:211} WARNING - Dependency <Task(_PythonDecoratedOperator): prepare_email>, send_email already registered for DAG: example_dag_decorator
[2023-03-26T22:03:15.865+0200] {logging_mixin.py:137} INFO - [2023-03-26T22:03:15.865+0200] {taskmixin.py:211} WARNING - Dependency <Task(EmailOperator): send_email>, prepare_email already registered for DAG: example_dag_decorator
[2023-03-26T22:03:15.875+0200] {processor.py:753} INFO - DAG(s) dict_keys(['example_dag_decorator']) retrieved from /home/humbulani/miniconda3/envs/apache-airflow/lib/python3.8/site-packages/airflow/example_dags/example_dag_decorator.py
[2023-03-26T22:03:15.920+0200] {logging_mixin.py:137} INFO - [2023-03-26T22:03:15.920+0200] {dag.py:2693} INFO - Sync 1 DAGs
[2023-03-26T22:03:15.936+0200] {logging_mixin.py:137} INFO - [2023-03-26T22:03:15.936+0200] {dag.py:3440} INFO - Setting next_dagrun for example_dag_decorator to None, run_after=None
[2023-03-26T22:03:16.017+0200] {processor.py:175} INFO - Processing /home/humbulani/miniconda3/envs/apache-airflow/lib/python3.8/site-packages/airflow/example_dags/example_dag_decorator.py took 0.184 seconds
[2023-03-26T22:04:00.847+0200] {processor.py:153} INFO - Started process (PID=18664) to work on /home/humbulani/miniconda3/envs/apache-airflow/lib/python3.8/site-packages/airflow/example_dags/example_dag_decorator.py
[2023-03-26T22:04:00.860+0200] {processor.py:743} INFO - Processing file /home/humbulani/miniconda3/envs/apache-airflow/lib/python3.8/site-packages/airflow/example_dags/example_dag_decorator.py for tasks to queue
[2023-03-26T22:04:00.861+0200] {logging_mixin.py:137} INFO - [2023-03-26T22:04:00.861+0200] {dagbag.py:532} INFO - Filling up the DagBag from /home/humbulani/miniconda3/envs/apache-airflow/lib/python3.8/site-packages/airflow/example_dags/example_dag_decorator.py
[2023-03-26T22:04:00.876+0200] {logging_mixin.py:137} INFO - [2023-03-26T22:04:00.876+0200] {taskmixin.py:211} WARNING - Dependency <Task(_PythonDecoratedOperator): prepare_email>, send_email already registered for DAG: example_dag_decorator
[2023-03-26T22:04:00.877+0200] {logging_mixin.py:137} INFO - [2023-03-26T22:04:00.877+0200] {taskmixin.py:211} WARNING - Dependency <Task(EmailOperator): send_email>, prepare_email already registered for DAG: example_dag_decorator
[2023-03-26T22:04:00.887+0200] {processor.py:753} INFO - DAG(s) dict_keys(['example_dag_decorator']) retrieved from /home/humbulani/miniconda3/envs/apache-airflow/lib/python3.8/site-packages/airflow/example_dags/example_dag_decorator.py
[2023-03-26T22:04:00.933+0200] {logging_mixin.py:137} INFO - [2023-03-26T22:04:00.933+0200] {dag.py:2693} INFO - Sync 1 DAGs
[2023-03-26T22:04:00.949+0200] {logging_mixin.py:137} INFO - [2023-03-26T22:04:00.949+0200] {dag.py:3440} INFO - Setting next_dagrun for example_dag_decorator to None, run_after=None
[2023-03-26T22:04:01.028+0200] {processor.py:175} INFO - Processing /home/humbulani/miniconda3/envs/apache-airflow/lib/python3.8/site-packages/airflow/example_dags/example_dag_decorator.py took 0.184 seconds
[2023-03-26T22:04:45.440+0200] {processor.py:153} INFO - Started process (PID=18719) to work on /home/humbulani/miniconda3/envs/apache-airflow/lib/python3.8/site-packages/airflow/example_dags/example_dag_decorator.py
[2023-03-26T22:04:45.455+0200] {processor.py:743} INFO - Processing file /home/humbulani/miniconda3/envs/apache-airflow/lib/python3.8/site-packages/airflow/example_dags/example_dag_decorator.py for tasks to queue
[2023-03-26T22:04:45.456+0200] {logging_mixin.py:137} INFO - [2023-03-26T22:04:45.456+0200] {dagbag.py:532} INFO - Filling up the DagBag from /home/humbulani/miniconda3/envs/apache-airflow/lib/python3.8/site-packages/airflow/example_dags/example_dag_decorator.py
[2023-03-26T22:04:45.472+0200] {logging_mixin.py:137} INFO - [2023-03-26T22:04:45.471+0200] {taskmixin.py:211} WARNING - Dependency <Task(_PythonDecoratedOperator): prepare_email>, send_email already registered for DAG: example_dag_decorator
[2023-03-26T22:04:45.472+0200] {logging_mixin.py:137} INFO - [2023-03-26T22:04:45.472+0200] {taskmixin.py:211} WARNING - Dependency <Task(EmailOperator): send_email>, prepare_email already registered for DAG: example_dag_decorator
[2023-03-26T22:04:45.482+0200] {processor.py:753} INFO - DAG(s) dict_keys(['example_dag_decorator']) retrieved from /home/humbulani/miniconda3/envs/apache-airflow/lib/python3.8/site-packages/airflow/example_dags/example_dag_decorator.py
[2023-03-26T22:04:45.527+0200] {logging_mixin.py:137} INFO - [2023-03-26T22:04:45.527+0200] {dag.py:2693} INFO - Sync 1 DAGs
[2023-03-26T22:04:45.542+0200] {logging_mixin.py:137} INFO - [2023-03-26T22:04:45.542+0200] {dag.py:3440} INFO - Setting next_dagrun for example_dag_decorator to None, run_after=None
[2023-03-26T22:04:45.708+0200] {processor.py:175} INFO - Processing /home/humbulani/miniconda3/envs/apache-airflow/lib/python3.8/site-packages/airflow/example_dags/example_dag_decorator.py took 0.270 seconds
[2023-03-26T22:05:30.788+0200] {processor.py:153} INFO - Started process (PID=18772) to work on /home/humbulani/miniconda3/envs/apache-airflow/lib/python3.8/site-packages/airflow/example_dags/example_dag_decorator.py
[2023-03-26T22:05:30.789+0200] {processor.py:743} INFO - Processing file /home/humbulani/miniconda3/envs/apache-airflow/lib/python3.8/site-packages/airflow/example_dags/example_dag_decorator.py for tasks to queue
[2023-03-26T22:05:30.790+0200] {logging_mixin.py:137} INFO - [2023-03-26T22:05:30.790+0200] {dagbag.py:532} INFO - Filling up the DagBag from /home/humbulani/miniconda3/envs/apache-airflow/lib/python3.8/site-packages/airflow/example_dags/example_dag_decorator.py
[2023-03-26T22:05:30.807+0200] {logging_mixin.py:137} INFO - [2023-03-26T22:05:30.807+0200] {taskmixin.py:211} WARNING - Dependency <Task(_PythonDecoratedOperator): prepare_email>, send_email already registered for DAG: example_dag_decorator
[2023-03-26T22:05:30.807+0200] {logging_mixin.py:137} INFO - [2023-03-26T22:05:30.807+0200] {taskmixin.py:211} WARNING - Dependency <Task(EmailOperator): send_email>, prepare_email already registered for DAG: example_dag_decorator
[2023-03-26T22:05:30.820+0200] {processor.py:753} INFO - DAG(s) dict_keys(['example_dag_decorator']) retrieved from /home/humbulani/miniconda3/envs/apache-airflow/lib/python3.8/site-packages/airflow/example_dags/example_dag_decorator.py
[2023-03-26T22:05:30.885+0200] {logging_mixin.py:137} INFO - [2023-03-26T22:05:30.884+0200] {dag.py:2693} INFO - Sync 1 DAGs
[2023-03-26T22:05:30.907+0200] {logging_mixin.py:137} INFO - [2023-03-26T22:05:30.907+0200] {dag.py:3440} INFO - Setting next_dagrun for example_dag_decorator to None, run_after=None
[2023-03-26T22:05:30.986+0200] {processor.py:175} INFO - Processing /home/humbulani/miniconda3/envs/apache-airflow/lib/python3.8/site-packages/airflow/example_dags/example_dag_decorator.py took 0.200 seconds
[2023-03-26T22:06:15.502+0200] {processor.py:153} INFO - Started process (PID=18819) to work on /home/humbulani/miniconda3/envs/apache-airflow/lib/python3.8/site-packages/airflow/example_dags/example_dag_decorator.py
[2023-03-26T22:06:15.516+0200] {processor.py:743} INFO - Processing file /home/humbulani/miniconda3/envs/apache-airflow/lib/python3.8/site-packages/airflow/example_dags/example_dag_decorator.py for tasks to queue
[2023-03-26T22:06:15.517+0200] {logging_mixin.py:137} INFO - [2023-03-26T22:06:15.517+0200] {dagbag.py:532} INFO - Filling up the DagBag from /home/humbulani/miniconda3/envs/apache-airflow/lib/python3.8/site-packages/airflow/example_dags/example_dag_decorator.py
[2023-03-26T22:06:15.533+0200] {logging_mixin.py:137} INFO - [2023-03-26T22:06:15.533+0200] {taskmixin.py:211} WARNING - Dependency <Task(_PythonDecoratedOperator): prepare_email>, send_email already registered for DAG: example_dag_decorator
[2023-03-26T22:06:15.534+0200] {logging_mixin.py:137} INFO - [2023-03-26T22:06:15.533+0200] {taskmixin.py:211} WARNING - Dependency <Task(EmailOperator): send_email>, prepare_email already registered for DAG: example_dag_decorator
[2023-03-26T22:06:15.545+0200] {processor.py:753} INFO - DAG(s) dict_keys(['example_dag_decorator']) retrieved from /home/humbulani/miniconda3/envs/apache-airflow/lib/python3.8/site-packages/airflow/example_dags/example_dag_decorator.py
[2023-03-26T22:06:15.593+0200] {logging_mixin.py:137} INFO - [2023-03-26T22:06:15.593+0200] {dag.py:2693} INFO - Sync 1 DAGs
[2023-03-26T22:06:15.610+0200] {logging_mixin.py:137} INFO - [2023-03-26T22:06:15.610+0200] {dag.py:3440} INFO - Setting next_dagrun for example_dag_decorator to None, run_after=None
[2023-03-26T22:06:15.690+0200] {processor.py:175} INFO - Processing /home/humbulani/miniconda3/envs/apache-airflow/lib/python3.8/site-packages/airflow/example_dags/example_dag_decorator.py took 0.190 seconds
[2023-03-26T22:07:02.773+0200] {processor.py:153} INFO - Started process (PID=18922) to work on /home/humbulani/miniconda3/envs/apache-airflow/lib/python3.8/site-packages/airflow/example_dags/example_dag_decorator.py
[2023-03-26T22:07:02.789+0200] {processor.py:743} INFO - Processing file /home/humbulani/miniconda3/envs/apache-airflow/lib/python3.8/site-packages/airflow/example_dags/example_dag_decorator.py for tasks to queue
[2023-03-26T22:07:02.790+0200] {logging_mixin.py:137} INFO - [2023-03-26T22:07:02.790+0200] {dagbag.py:532} INFO - Filling up the DagBag from /home/humbulani/miniconda3/envs/apache-airflow/lib/python3.8/site-packages/airflow/example_dags/example_dag_decorator.py
[2023-03-26T22:07:02.810+0200] {logging_mixin.py:137} INFO - [2023-03-26T22:07:02.810+0200] {taskmixin.py:211} WARNING - Dependency <Task(_PythonDecoratedOperator): prepare_email>, send_email already registered for DAG: example_dag_decorator
[2023-03-26T22:07:02.810+0200] {logging_mixin.py:137} INFO - [2023-03-26T22:07:02.810+0200] {taskmixin.py:211} WARNING - Dependency <Task(EmailOperator): send_email>, prepare_email already registered for DAG: example_dag_decorator
[2023-03-26T22:07:02.824+0200] {processor.py:753} INFO - DAG(s) dict_keys(['example_dag_decorator']) retrieved from /home/humbulani/miniconda3/envs/apache-airflow/lib/python3.8/site-packages/airflow/example_dags/example_dag_decorator.py
[2023-03-26T22:07:02.876+0200] {logging_mixin.py:137} INFO - [2023-03-26T22:07:02.876+0200] {dag.py:2693} INFO - Sync 1 DAGs
[2023-03-26T22:07:02.894+0200] {logging_mixin.py:137} INFO - [2023-03-26T22:07:02.894+0200] {dag.py:3440} INFO - Setting next_dagrun for example_dag_decorator to None, run_after=None
[2023-03-26T22:07:02.980+0200] {processor.py:175} INFO - Processing /home/humbulani/miniconda3/envs/apache-airflow/lib/python3.8/site-packages/airflow/example_dags/example_dag_decorator.py took 0.211 seconds
[2023-03-26T22:07:48.919+0200] {processor.py:153} INFO - Started process (PID=19008) to work on /home/humbulani/miniconda3/envs/apache-airflow/lib/python3.8/site-packages/airflow/example_dags/example_dag_decorator.py
[2023-03-26T22:07:48.937+0200] {processor.py:743} INFO - Processing file /home/humbulani/miniconda3/envs/apache-airflow/lib/python3.8/site-packages/airflow/example_dags/example_dag_decorator.py for tasks to queue
[2023-03-26T22:07:48.937+0200] {logging_mixin.py:137} INFO - [2023-03-26T22:07:48.937+0200] {dagbag.py:532} INFO - Filling up the DagBag from /home/humbulani/miniconda3/envs/apache-airflow/lib/python3.8/site-packages/airflow/example_dags/example_dag_decorator.py
[2023-03-26T22:07:48.957+0200] {logging_mixin.py:137} INFO - [2023-03-26T22:07:48.957+0200] {taskmixin.py:211} WARNING - Dependency <Task(_PythonDecoratedOperator): prepare_email>, send_email already registered for DAG: example_dag_decorator
[2023-03-26T22:07:48.958+0200] {logging_mixin.py:137} INFO - [2023-03-26T22:07:48.958+0200] {taskmixin.py:211} WARNING - Dependency <Task(EmailOperator): send_email>, prepare_email already registered for DAG: example_dag_decorator
[2023-03-26T22:07:48.970+0200] {processor.py:753} INFO - DAG(s) dict_keys(['example_dag_decorator']) retrieved from /home/humbulani/miniconda3/envs/apache-airflow/lib/python3.8/site-packages/airflow/example_dags/example_dag_decorator.py
[2023-03-26T22:07:49.015+0200] {logging_mixin.py:137} INFO - [2023-03-26T22:07:49.015+0200] {dag.py:2693} INFO - Sync 1 DAGs
[2023-03-26T22:07:49.030+0200] {logging_mixin.py:137} INFO - [2023-03-26T22:07:49.030+0200] {dag.py:3440} INFO - Setting next_dagrun for example_dag_decorator to None, run_after=None
[2023-03-26T22:07:49.110+0200] {processor.py:175} INFO - Processing /home/humbulani/miniconda3/envs/apache-airflow/lib/python3.8/site-packages/airflow/example_dags/example_dag_decorator.py took 0.193 seconds
[2023-03-26T22:08:32.301+0200] {processor.py:153} INFO - Started process (PID=19056) to work on /home/humbulani/miniconda3/envs/apache-airflow/lib/python3.8/site-packages/airflow/example_dags/example_dag_decorator.py
[2023-03-26T22:08:32.312+0200] {processor.py:743} INFO - Processing file /home/humbulani/miniconda3/envs/apache-airflow/lib/python3.8/site-packages/airflow/example_dags/example_dag_decorator.py for tasks to queue
[2023-03-26T22:08:32.313+0200] {logging_mixin.py:137} INFO - [2023-03-26T22:08:32.313+0200] {dagbag.py:532} INFO - Filling up the DagBag from /home/humbulani/miniconda3/envs/apache-airflow/lib/python3.8/site-packages/airflow/example_dags/example_dag_decorator.py
[2023-03-26T22:08:32.328+0200] {logging_mixin.py:137} INFO - [2023-03-26T22:08:32.328+0200] {taskmixin.py:211} WARNING - Dependency <Task(_PythonDecoratedOperator): prepare_email>, send_email already registered for DAG: example_dag_decorator
[2023-03-26T22:08:32.328+0200] {logging_mixin.py:137} INFO - [2023-03-26T22:08:32.328+0200] {taskmixin.py:211} WARNING - Dependency <Task(EmailOperator): send_email>, prepare_email already registered for DAG: example_dag_decorator
[2023-03-26T22:08:32.339+0200] {processor.py:753} INFO - DAG(s) dict_keys(['example_dag_decorator']) retrieved from /home/humbulani/miniconda3/envs/apache-airflow/lib/python3.8/site-packages/airflow/example_dags/example_dag_decorator.py
[2023-03-26T22:08:32.385+0200] {logging_mixin.py:137} INFO - [2023-03-26T22:08:32.385+0200] {dag.py:2693} INFO - Sync 1 DAGs
[2023-03-26T22:08:32.401+0200] {logging_mixin.py:137} INFO - [2023-03-26T22:08:32.401+0200] {dag.py:3440} INFO - Setting next_dagrun for example_dag_decorator to None, run_after=None
[2023-03-26T22:08:32.481+0200] {processor.py:175} INFO - Processing /home/humbulani/miniconda3/envs/apache-airflow/lib/python3.8/site-packages/airflow/example_dags/example_dag_decorator.py took 0.184 seconds
[2023-03-26T22:09:21.623+0200] {processor.py:153} INFO - Started process (PID=19139) to work on /home/humbulani/miniconda3/envs/apache-airflow/lib/python3.8/site-packages/airflow/example_dags/example_dag_decorator.py
[2023-03-26T22:09:21.635+0200] {processor.py:743} INFO - Processing file /home/humbulani/miniconda3/envs/apache-airflow/lib/python3.8/site-packages/airflow/example_dags/example_dag_decorator.py for tasks to queue
[2023-03-26T22:09:21.635+0200] {logging_mixin.py:137} INFO - [2023-03-26T22:09:21.635+0200] {dagbag.py:532} INFO - Filling up the DagBag from /home/humbulani/miniconda3/envs/apache-airflow/lib/python3.8/site-packages/airflow/example_dags/example_dag_decorator.py
[2023-03-26T22:09:21.653+0200] {logging_mixin.py:137} INFO - [2023-03-26T22:09:21.652+0200] {taskmixin.py:211} WARNING - Dependency <Task(_PythonDecoratedOperator): prepare_email>, send_email already registered for DAG: example_dag_decorator
[2023-03-26T22:09:21.653+0200] {logging_mixin.py:137} INFO - [2023-03-26T22:09:21.653+0200] {taskmixin.py:211} WARNING - Dependency <Task(EmailOperator): send_email>, prepare_email already registered for DAG: example_dag_decorator
[2023-03-26T22:09:21.664+0200] {processor.py:753} INFO - DAG(s) dict_keys(['example_dag_decorator']) retrieved from /home/humbulani/miniconda3/envs/apache-airflow/lib/python3.8/site-packages/airflow/example_dags/example_dag_decorator.py
[2023-03-26T22:09:21.712+0200] {logging_mixin.py:137} INFO - [2023-03-26T22:09:21.712+0200] {dag.py:2693} INFO - Sync 1 DAGs
[2023-03-26T22:09:21.729+0200] {logging_mixin.py:137} INFO - [2023-03-26T22:09:21.729+0200] {dag.py:3440} INFO - Setting next_dagrun for example_dag_decorator to None, run_after=None
[2023-03-26T22:09:21.838+0200] {processor.py:175} INFO - Processing /home/humbulani/miniconda3/envs/apache-airflow/lib/python3.8/site-packages/airflow/example_dags/example_dag_decorator.py took 0.219 seconds
[2023-03-26T22:10:06.919+0200] {processor.py:153} INFO - Started process (PID=19183) to work on /home/humbulani/miniconda3/envs/apache-airflow/lib/python3.8/site-packages/airflow/example_dags/example_dag_decorator.py
[2023-03-26T22:10:06.934+0200] {processor.py:743} INFO - Processing file /home/humbulani/miniconda3/envs/apache-airflow/lib/python3.8/site-packages/airflow/example_dags/example_dag_decorator.py for tasks to queue
[2023-03-26T22:10:06.935+0200] {logging_mixin.py:137} INFO - [2023-03-26T22:10:06.935+0200] {dagbag.py:532} INFO - Filling up the DagBag from /home/humbulani/miniconda3/envs/apache-airflow/lib/python3.8/site-packages/airflow/example_dags/example_dag_decorator.py
[2023-03-26T22:10:06.950+0200] {logging_mixin.py:137} INFO - [2023-03-26T22:10:06.950+0200] {taskmixin.py:211} WARNING - Dependency <Task(_PythonDecoratedOperator): prepare_email>, send_email already registered for DAG: example_dag_decorator
[2023-03-26T22:10:06.950+0200] {logging_mixin.py:137} INFO - [2023-03-26T22:10:06.950+0200] {taskmixin.py:211} WARNING - Dependency <Task(EmailOperator): send_email>, prepare_email already registered for DAG: example_dag_decorator
[2023-03-26T22:10:06.961+0200] {processor.py:753} INFO - DAG(s) dict_keys(['example_dag_decorator']) retrieved from /home/humbulani/miniconda3/envs/apache-airflow/lib/python3.8/site-packages/airflow/example_dags/example_dag_decorator.py
[2023-03-26T22:10:07.007+0200] {logging_mixin.py:137} INFO - [2023-03-26T22:10:07.007+0200] {dag.py:2693} INFO - Sync 1 DAGs
[2023-03-26T22:10:07.024+0200] {logging_mixin.py:137} INFO - [2023-03-26T22:10:07.024+0200] {dag.py:3440} INFO - Setting next_dagrun for example_dag_decorator to None, run_after=None
[2023-03-26T22:10:07.110+0200] {processor.py:175} INFO - Processing /home/humbulani/miniconda3/envs/apache-airflow/lib/python3.8/site-packages/airflow/example_dags/example_dag_decorator.py took 0.193 seconds
[2023-03-26T22:10:51.479+0200] {processor.py:153} INFO - Started process (PID=19311) to work on /home/humbulani/miniconda3/envs/apache-airflow/lib/python3.8/site-packages/airflow/example_dags/example_dag_decorator.py
[2023-03-26T22:10:51.497+0200] {processor.py:743} INFO - Processing file /home/humbulani/miniconda3/envs/apache-airflow/lib/python3.8/site-packages/airflow/example_dags/example_dag_decorator.py for tasks to queue
[2023-03-26T22:10:51.498+0200] {logging_mixin.py:137} INFO - [2023-03-26T22:10:51.498+0200] {dagbag.py:532} INFO - Filling up the DagBag from /home/humbulani/miniconda3/envs/apache-airflow/lib/python3.8/site-packages/airflow/example_dags/example_dag_decorator.py
[2023-03-26T22:10:51.514+0200] {logging_mixin.py:137} INFO - [2023-03-26T22:10:51.513+0200] {taskmixin.py:211} WARNING - Dependency <Task(_PythonDecoratedOperator): prepare_email>, send_email already registered for DAG: example_dag_decorator
[2023-03-26T22:10:51.514+0200] {logging_mixin.py:137} INFO - [2023-03-26T22:10:51.514+0200] {taskmixin.py:211} WARNING - Dependency <Task(EmailOperator): send_email>, prepare_email already registered for DAG: example_dag_decorator
[2023-03-26T22:10:51.524+0200] {processor.py:753} INFO - DAG(s) dict_keys(['example_dag_decorator']) retrieved from /home/humbulani/miniconda3/envs/apache-airflow/lib/python3.8/site-packages/airflow/example_dags/example_dag_decorator.py
[2023-03-26T22:10:51.567+0200] {logging_mixin.py:137} INFO - [2023-03-26T22:10:51.567+0200] {dag.py:2693} INFO - Sync 1 DAGs
[2023-03-26T22:10:51.583+0200] {logging_mixin.py:137} INFO - [2023-03-26T22:10:51.583+0200] {dag.py:3440} INFO - Setting next_dagrun for example_dag_decorator to None, run_after=None
[2023-03-26T22:10:51.664+0200] {processor.py:175} INFO - Processing /home/humbulani/miniconda3/envs/apache-airflow/lib/python3.8/site-packages/airflow/example_dags/example_dag_decorator.py took 0.188 seconds
[2023-03-26T22:11:38.935+0200] {processor.py:153} INFO - Started process (PID=19354) to work on /home/humbulani/miniconda3/envs/apache-airflow/lib/python3.8/site-packages/airflow/example_dags/example_dag_decorator.py
[2023-03-26T22:11:38.947+0200] {processor.py:743} INFO - Processing file /home/humbulani/miniconda3/envs/apache-airflow/lib/python3.8/site-packages/airflow/example_dags/example_dag_decorator.py for tasks to queue
[2023-03-26T22:11:38.948+0200] {logging_mixin.py:137} INFO - [2023-03-26T22:11:38.948+0200] {dagbag.py:532} INFO - Filling up the DagBag from /home/humbulani/miniconda3/envs/apache-airflow/lib/python3.8/site-packages/airflow/example_dags/example_dag_decorator.py
[2023-03-26T22:11:38.964+0200] {logging_mixin.py:137} INFO - [2023-03-26T22:11:38.964+0200] {taskmixin.py:211} WARNING - Dependency <Task(_PythonDecoratedOperator): prepare_email>, send_email already registered for DAG: example_dag_decorator
[2023-03-26T22:11:38.964+0200] {logging_mixin.py:137} INFO - [2023-03-26T22:11:38.964+0200] {taskmixin.py:211} WARNING - Dependency <Task(EmailOperator): send_email>, prepare_email already registered for DAG: example_dag_decorator
[2023-03-26T22:11:38.975+0200] {processor.py:753} INFO - DAG(s) dict_keys(['example_dag_decorator']) retrieved from /home/humbulani/miniconda3/envs/apache-airflow/lib/python3.8/site-packages/airflow/example_dags/example_dag_decorator.py
[2023-03-26T22:11:39.019+0200] {logging_mixin.py:137} INFO - [2023-03-26T22:11:39.019+0200] {dag.py:2693} INFO - Sync 1 DAGs
[2023-03-26T22:11:39.034+0200] {logging_mixin.py:137} INFO - [2023-03-26T22:11:39.034+0200] {dag.py:3440} INFO - Setting next_dagrun for example_dag_decorator to None, run_after=None
[2023-03-26T22:11:39.111+0200] {processor.py:175} INFO - Processing /home/humbulani/miniconda3/envs/apache-airflow/lib/python3.8/site-packages/airflow/example_dags/example_dag_decorator.py took 0.178 seconds
[2023-03-26T22:12:22.715+0200] {processor.py:153} INFO - Started process (PID=19399) to work on /home/humbulani/miniconda3/envs/apache-airflow/lib/python3.8/site-packages/airflow/example_dags/example_dag_decorator.py
[2023-03-26T22:12:22.727+0200] {processor.py:743} INFO - Processing file /home/humbulani/miniconda3/envs/apache-airflow/lib/python3.8/site-packages/airflow/example_dags/example_dag_decorator.py for tasks to queue
[2023-03-26T22:12:22.728+0200] {logging_mixin.py:137} INFO - [2023-03-26T22:12:22.727+0200] {dagbag.py:532} INFO - Filling up the DagBag from /home/humbulani/miniconda3/envs/apache-airflow/lib/python3.8/site-packages/airflow/example_dags/example_dag_decorator.py
[2023-03-26T22:12:22.749+0200] {logging_mixin.py:137} INFO - [2023-03-26T22:12:22.749+0200] {taskmixin.py:211} WARNING - Dependency <Task(_PythonDecoratedOperator): prepare_email>, send_email already registered for DAG: example_dag_decorator
[2023-03-26T22:12:22.750+0200] {logging_mixin.py:137} INFO - [2023-03-26T22:12:22.750+0200] {taskmixin.py:211} WARNING - Dependency <Task(EmailOperator): send_email>, prepare_email already registered for DAG: example_dag_decorator
[2023-03-26T22:12:22.761+0200] {processor.py:753} INFO - DAG(s) dict_keys(['example_dag_decorator']) retrieved from /home/humbulani/miniconda3/envs/apache-airflow/lib/python3.8/site-packages/airflow/example_dags/example_dag_decorator.py
[2023-03-26T22:12:22.805+0200] {logging_mixin.py:137} INFO - [2023-03-26T22:12:22.805+0200] {dag.py:2693} INFO - Sync 1 DAGs
[2023-03-26T22:12:22.820+0200] {logging_mixin.py:137} INFO - [2023-03-26T22:12:22.820+0200] {dag.py:3440} INFO - Setting next_dagrun for example_dag_decorator to None, run_after=None
[2023-03-26T22:12:22.907+0200] {processor.py:175} INFO - Processing /home/humbulani/miniconda3/envs/apache-airflow/lib/python3.8/site-packages/airflow/example_dags/example_dag_decorator.py took 0.195 seconds
[2023-03-26T22:13:08.617+0200] {processor.py:153} INFO - Started process (PID=19508) to work on /home/humbulani/miniconda3/envs/apache-airflow/lib/python3.8/site-packages/airflow/example_dags/example_dag_decorator.py
[2023-03-26T22:13:08.632+0200] {processor.py:743} INFO - Processing file /home/humbulani/miniconda3/envs/apache-airflow/lib/python3.8/site-packages/airflow/example_dags/example_dag_decorator.py for tasks to queue
[2023-03-26T22:13:08.633+0200] {logging_mixin.py:137} INFO - [2023-03-26T22:13:08.633+0200] {dagbag.py:532} INFO - Filling up the DagBag from /home/humbulani/miniconda3/envs/apache-airflow/lib/python3.8/site-packages/airflow/example_dags/example_dag_decorator.py
[2023-03-26T22:13:08.653+0200] {logging_mixin.py:137} INFO - [2023-03-26T22:13:08.653+0200] {taskmixin.py:211} WARNING - Dependency <Task(_PythonDecoratedOperator): prepare_email>, send_email already registered for DAG: example_dag_decorator
[2023-03-26T22:13:08.653+0200] {logging_mixin.py:137} INFO - [2023-03-26T22:13:08.653+0200] {taskmixin.py:211} WARNING - Dependency <Task(EmailOperator): send_email>, prepare_email already registered for DAG: example_dag_decorator
[2023-03-26T22:13:08.664+0200] {processor.py:753} INFO - DAG(s) dict_keys(['example_dag_decorator']) retrieved from /home/humbulani/miniconda3/envs/apache-airflow/lib/python3.8/site-packages/airflow/example_dags/example_dag_decorator.py
[2023-03-26T22:13:08.707+0200] {logging_mixin.py:137} INFO - [2023-03-26T22:13:08.707+0200] {dag.py:2693} INFO - Sync 1 DAGs
[2023-03-26T22:13:08.723+0200] {logging_mixin.py:137} INFO - [2023-03-26T22:13:08.723+0200] {dag.py:3440} INFO - Setting next_dagrun for example_dag_decorator to None, run_after=None
[2023-03-26T22:13:08.805+0200] {processor.py:175} INFO - Processing /home/humbulani/miniconda3/envs/apache-airflow/lib/python3.8/site-packages/airflow/example_dags/example_dag_decorator.py took 0.192 seconds
[2023-03-26T22:13:56.687+0200] {processor.py:153} INFO - Started process (PID=19550) to work on /home/humbulani/miniconda3/envs/apache-airflow/lib/python3.8/site-packages/airflow/example_dags/example_dag_decorator.py
[2023-03-26T22:13:56.695+0200] {processor.py:743} INFO - Processing file /home/humbulani/miniconda3/envs/apache-airflow/lib/python3.8/site-packages/airflow/example_dags/example_dag_decorator.py for tasks to queue
[2023-03-26T22:13:56.696+0200] {logging_mixin.py:137} INFO - [2023-03-26T22:13:56.696+0200] {dagbag.py:532} INFO - Filling up the DagBag from /home/humbulani/miniconda3/envs/apache-airflow/lib/python3.8/site-packages/airflow/example_dags/example_dag_decorator.py
[2023-03-26T22:13:56.711+0200] {logging_mixin.py:137} INFO - [2023-03-26T22:13:56.711+0200] {taskmixin.py:211} WARNING - Dependency <Task(_PythonDecoratedOperator): prepare_email>, send_email already registered for DAG: example_dag_decorator
[2023-03-26T22:13:56.711+0200] {logging_mixin.py:137} INFO - [2023-03-26T22:13:56.711+0200] {taskmixin.py:211} WARNING - Dependency <Task(EmailOperator): send_email>, prepare_email already registered for DAG: example_dag_decorator
[2023-03-26T22:13:56.722+0200] {processor.py:753} INFO - DAG(s) dict_keys(['example_dag_decorator']) retrieved from /home/humbulani/miniconda3/envs/apache-airflow/lib/python3.8/site-packages/airflow/example_dags/example_dag_decorator.py
[2023-03-26T22:13:56.765+0200] {logging_mixin.py:137} INFO - [2023-03-26T22:13:56.765+0200] {dag.py:2693} INFO - Sync 1 DAGs
[2023-03-26T22:13:56.781+0200] {logging_mixin.py:137} INFO - [2023-03-26T22:13:56.781+0200] {dag.py:3440} INFO - Setting next_dagrun for example_dag_decorator to None, run_after=None
[2023-03-26T22:13:56.859+0200] {processor.py:175} INFO - Processing /home/humbulani/miniconda3/envs/apache-airflow/lib/python3.8/site-packages/airflow/example_dags/example_dag_decorator.py took 0.175 seconds
[2023-03-26T22:14:44.674+0200] {processor.py:153} INFO - Started process (PID=19595) to work on /home/humbulani/miniconda3/envs/apache-airflow/lib/python3.8/site-packages/airflow/example_dags/example_dag_decorator.py
[2023-03-26T22:14:44.689+0200] {processor.py:743} INFO - Processing file /home/humbulani/miniconda3/envs/apache-airflow/lib/python3.8/site-packages/airflow/example_dags/example_dag_decorator.py for tasks to queue
[2023-03-26T22:14:44.689+0200] {logging_mixin.py:137} INFO - [2023-03-26T22:14:44.689+0200] {dagbag.py:532} INFO - Filling up the DagBag from /home/humbulani/miniconda3/envs/apache-airflow/lib/python3.8/site-packages/airflow/example_dags/example_dag_decorator.py
[2023-03-26T22:14:44.704+0200] {logging_mixin.py:137} INFO - [2023-03-26T22:14:44.704+0200] {taskmixin.py:211} WARNING - Dependency <Task(_PythonDecoratedOperator): prepare_email>, send_email already registered for DAG: example_dag_decorator
[2023-03-26T22:14:44.704+0200] {logging_mixin.py:137} INFO - [2023-03-26T22:14:44.704+0200] {taskmixin.py:211} WARNING - Dependency <Task(EmailOperator): send_email>, prepare_email already registered for DAG: example_dag_decorator
[2023-03-26T22:14:44.715+0200] {processor.py:753} INFO - DAG(s) dict_keys(['example_dag_decorator']) retrieved from /home/humbulani/miniconda3/envs/apache-airflow/lib/python3.8/site-packages/airflow/example_dags/example_dag_decorator.py
[2023-03-26T22:14:44.757+0200] {logging_mixin.py:137} INFO - [2023-03-26T22:14:44.757+0200] {dag.py:2693} INFO - Sync 1 DAGs
[2023-03-26T22:14:44.774+0200] {logging_mixin.py:137} INFO - [2023-03-26T22:14:44.774+0200] {dag.py:3440} INFO - Setting next_dagrun for example_dag_decorator to None, run_after=None
[2023-03-26T22:14:44.847+0200] {processor.py:175} INFO - Processing /home/humbulani/miniconda3/envs/apache-airflow/lib/python3.8/site-packages/airflow/example_dags/example_dag_decorator.py took 0.176 seconds
[2023-03-26T22:15:32.137+0200] {processor.py:153} INFO - Started process (PID=19705) to work on /home/humbulani/miniconda3/envs/apache-airflow/lib/python3.8/site-packages/airflow/example_dags/example_dag_decorator.py
[2023-03-26T22:15:32.160+0200] {processor.py:743} INFO - Processing file /home/humbulani/miniconda3/envs/apache-airflow/lib/python3.8/site-packages/airflow/example_dags/example_dag_decorator.py for tasks to queue
[2023-03-26T22:15:32.161+0200] {logging_mixin.py:137} INFO - [2023-03-26T22:15:32.161+0200] {dagbag.py:532} INFO - Filling up the DagBag from /home/humbulani/miniconda3/envs/apache-airflow/lib/python3.8/site-packages/airflow/example_dags/example_dag_decorator.py
[2023-03-26T22:15:32.181+0200] {logging_mixin.py:137} INFO - [2023-03-26T22:15:32.181+0200] {taskmixin.py:211} WARNING - Dependency <Task(_PythonDecoratedOperator): prepare_email>, send_email already registered for DAG: example_dag_decorator
[2023-03-26T22:15:32.181+0200] {logging_mixin.py:137} INFO - [2023-03-26T22:15:32.181+0200] {taskmixin.py:211} WARNING - Dependency <Task(EmailOperator): send_email>, prepare_email already registered for DAG: example_dag_decorator
[2023-03-26T22:15:32.194+0200] {processor.py:753} INFO - DAG(s) dict_keys(['example_dag_decorator']) retrieved from /home/humbulani/miniconda3/envs/apache-airflow/lib/python3.8/site-packages/airflow/example_dags/example_dag_decorator.py
[2023-03-26T22:15:32.239+0200] {logging_mixin.py:137} INFO - [2023-03-26T22:15:32.239+0200] {dag.py:2693} INFO - Sync 1 DAGs
[2023-03-26T22:15:32.255+0200] {logging_mixin.py:137} INFO - [2023-03-26T22:15:32.254+0200] {dag.py:3440} INFO - Setting next_dagrun for example_dag_decorator to None, run_after=None
[2023-03-26T22:15:32.327+0200] {processor.py:175} INFO - Processing /home/humbulani/miniconda3/envs/apache-airflow/lib/python3.8/site-packages/airflow/example_dags/example_dag_decorator.py took 0.193 seconds
[2023-03-26T22:16:17.525+0200] {processor.py:153} INFO - Started process (PID=19816) to work on /home/humbulani/miniconda3/envs/apache-airflow/lib/python3.8/site-packages/airflow/example_dags/example_dag_decorator.py
[2023-03-26T22:16:17.540+0200] {processor.py:743} INFO - Processing file /home/humbulani/miniconda3/envs/apache-airflow/lib/python3.8/site-packages/airflow/example_dags/example_dag_decorator.py for tasks to queue
[2023-03-26T22:16:17.540+0200] {logging_mixin.py:137} INFO - [2023-03-26T22:16:17.540+0200] {dagbag.py:532} INFO - Filling up the DagBag from /home/humbulani/miniconda3/envs/apache-airflow/lib/python3.8/site-packages/airflow/example_dags/example_dag_decorator.py
[2023-03-26T22:16:17.556+0200] {logging_mixin.py:137} INFO - [2023-03-26T22:16:17.556+0200] {taskmixin.py:211} WARNING - Dependency <Task(_PythonDecoratedOperator): prepare_email>, send_email already registered for DAG: example_dag_decorator
[2023-03-26T22:16:17.556+0200] {logging_mixin.py:137} INFO - [2023-03-26T22:16:17.556+0200] {taskmixin.py:211} WARNING - Dependency <Task(EmailOperator): send_email>, prepare_email already registered for DAG: example_dag_decorator
[2023-03-26T22:16:17.566+0200] {processor.py:753} INFO - DAG(s) dict_keys(['example_dag_decorator']) retrieved from /home/humbulani/miniconda3/envs/apache-airflow/lib/python3.8/site-packages/airflow/example_dags/example_dag_decorator.py
[2023-03-26T22:16:17.611+0200] {logging_mixin.py:137} INFO - [2023-03-26T22:16:17.611+0200] {dag.py:2693} INFO - Sync 1 DAGs
[2023-03-26T22:16:17.626+0200] {logging_mixin.py:137} INFO - [2023-03-26T22:16:17.626+0200] {dag.py:3440} INFO - Setting next_dagrun for example_dag_decorator to None, run_after=None
[2023-03-26T22:16:17.799+0200] {processor.py:175} INFO - Processing /home/humbulani/miniconda3/envs/apache-airflow/lib/python3.8/site-packages/airflow/example_dags/example_dag_decorator.py took 0.276 seconds
[2023-03-26T22:17:10.409+0200] {processor.py:153} INFO - Started process (PID=19863) to work on /home/humbulani/miniconda3/envs/apache-airflow/lib/python3.8/site-packages/airflow/example_dags/example_dag_decorator.py
[2023-03-26T22:17:10.428+0200] {processor.py:743} INFO - Processing file /home/humbulani/miniconda3/envs/apache-airflow/lib/python3.8/site-packages/airflow/example_dags/example_dag_decorator.py for tasks to queue
[2023-03-26T22:17:10.428+0200] {logging_mixin.py:137} INFO - [2023-03-26T22:17:10.428+0200] {dagbag.py:532} INFO - Filling up the DagBag from /home/humbulani/miniconda3/envs/apache-airflow/lib/python3.8/site-packages/airflow/example_dags/example_dag_decorator.py
[2023-03-26T22:17:10.444+0200] {logging_mixin.py:137} INFO - [2023-03-26T22:17:10.444+0200] {taskmixin.py:211} WARNING - Dependency <Task(_PythonDecoratedOperator): prepare_email>, send_email already registered for DAG: example_dag_decorator
[2023-03-26T22:17:10.444+0200] {logging_mixin.py:137} INFO - [2023-03-26T22:17:10.444+0200] {taskmixin.py:211} WARNING - Dependency <Task(EmailOperator): send_email>, prepare_email already registered for DAG: example_dag_decorator
[2023-03-26T22:17:10.455+0200] {processor.py:753} INFO - DAG(s) dict_keys(['example_dag_decorator']) retrieved from /home/humbulani/miniconda3/envs/apache-airflow/lib/python3.8/site-packages/airflow/example_dags/example_dag_decorator.py
[2023-03-26T22:17:10.499+0200] {logging_mixin.py:137} INFO - [2023-03-26T22:17:10.499+0200] {dag.py:2693} INFO - Sync 1 DAGs
[2023-03-26T22:17:10.515+0200] {logging_mixin.py:137} INFO - [2023-03-26T22:17:10.515+0200] {dag.py:3440} INFO - Setting next_dagrun for example_dag_decorator to None, run_after=None
[2023-03-26T22:17:10.586+0200] {processor.py:175} INFO - Processing /home/humbulani/miniconda3/envs/apache-airflow/lib/python3.8/site-packages/airflow/example_dags/example_dag_decorator.py took 0.180 seconds
[2023-03-26T22:17:53.276+0200] {processor.py:153} INFO - Started process (PID=19910) to work on /home/humbulani/miniconda3/envs/apache-airflow/lib/python3.8/site-packages/airflow/example_dags/example_dag_decorator.py
[2023-03-26T22:17:53.282+0200] {processor.py:743} INFO - Processing file /home/humbulani/miniconda3/envs/apache-airflow/lib/python3.8/site-packages/airflow/example_dags/example_dag_decorator.py for tasks to queue
[2023-03-26T22:17:53.282+0200] {logging_mixin.py:137} INFO - [2023-03-26T22:17:53.282+0200] {dagbag.py:532} INFO - Filling up the DagBag from /home/humbulani/miniconda3/envs/apache-airflow/lib/python3.8/site-packages/airflow/example_dags/example_dag_decorator.py
[2023-03-26T22:17:53.298+0200] {logging_mixin.py:137} INFO - [2023-03-26T22:17:53.298+0200] {taskmixin.py:211} WARNING - Dependency <Task(_PythonDecoratedOperator): prepare_email>, send_email already registered for DAG: example_dag_decorator
[2023-03-26T22:17:53.298+0200] {logging_mixin.py:137} INFO - [2023-03-26T22:17:53.298+0200] {taskmixin.py:211} WARNING - Dependency <Task(EmailOperator): send_email>, prepare_email already registered for DAG: example_dag_decorator
[2023-03-26T22:17:53.309+0200] {processor.py:753} INFO - DAG(s) dict_keys(['example_dag_decorator']) retrieved from /home/humbulani/miniconda3/envs/apache-airflow/lib/python3.8/site-packages/airflow/example_dags/example_dag_decorator.py
[2023-03-26T22:17:53.352+0200] {logging_mixin.py:137} INFO - [2023-03-26T22:17:53.351+0200] {dag.py:2693} INFO - Sync 1 DAGs
[2023-03-26T22:17:53.368+0200] {logging_mixin.py:137} INFO - [2023-03-26T22:17:53.368+0200] {dag.py:3440} INFO - Setting next_dagrun for example_dag_decorator to None, run_after=None
[2023-03-26T22:17:53.441+0200] {processor.py:175} INFO - Processing /home/humbulani/miniconda3/envs/apache-airflow/lib/python3.8/site-packages/airflow/example_dags/example_dag_decorator.py took 0.168 seconds
[2023-03-26T22:18:38.544+0200] {processor.py:153} INFO - Started process (PID=20021) to work on /home/humbulani/miniconda3/envs/apache-airflow/lib/python3.8/site-packages/airflow/example_dags/example_dag_decorator.py
[2023-03-26T22:18:38.561+0200] {processor.py:743} INFO - Processing file /home/humbulani/miniconda3/envs/apache-airflow/lib/python3.8/site-packages/airflow/example_dags/example_dag_decorator.py for tasks to queue
[2023-03-26T22:18:38.562+0200] {logging_mixin.py:137} INFO - [2023-03-26T22:18:38.562+0200] {dagbag.py:532} INFO - Filling up the DagBag from /home/humbulani/miniconda3/envs/apache-airflow/lib/python3.8/site-packages/airflow/example_dags/example_dag_decorator.py
[2023-03-26T22:18:38.581+0200] {logging_mixin.py:137} INFO - [2023-03-26T22:18:38.581+0200] {taskmixin.py:211} WARNING - Dependency <Task(_PythonDecoratedOperator): prepare_email>, send_email already registered for DAG: example_dag_decorator
[2023-03-26T22:18:38.582+0200] {logging_mixin.py:137} INFO - [2023-03-26T22:18:38.582+0200] {taskmixin.py:211} WARNING - Dependency <Task(EmailOperator): send_email>, prepare_email already registered for DAG: example_dag_decorator
[2023-03-26T22:18:38.593+0200] {processor.py:753} INFO - DAG(s) dict_keys(['example_dag_decorator']) retrieved from /home/humbulani/miniconda3/envs/apache-airflow/lib/python3.8/site-packages/airflow/example_dags/example_dag_decorator.py
[2023-03-26T22:18:38.636+0200] {logging_mixin.py:137} INFO - [2023-03-26T22:18:38.636+0200] {dag.py:2693} INFO - Sync 1 DAGs
[2023-03-26T22:18:38.653+0200] {logging_mixin.py:137} INFO - [2023-03-26T22:18:38.653+0200] {dag.py:3440} INFO - Setting next_dagrun for example_dag_decorator to None, run_after=None
[2023-03-26T22:18:38.731+0200] {processor.py:175} INFO - Processing /home/humbulani/miniconda3/envs/apache-airflow/lib/python3.8/site-packages/airflow/example_dags/example_dag_decorator.py took 0.190 seconds
[2023-03-26T22:19:22.820+0200] {processor.py:153} INFO - Started process (PID=20129) to work on /home/humbulani/miniconda3/envs/apache-airflow/lib/python3.8/site-packages/airflow/example_dags/example_dag_decorator.py
[2023-03-26T22:19:22.832+0200] {processor.py:743} INFO - Processing file /home/humbulani/miniconda3/envs/apache-airflow/lib/python3.8/site-packages/airflow/example_dags/example_dag_decorator.py for tasks to queue
[2023-03-26T22:19:22.833+0200] {logging_mixin.py:137} INFO - [2023-03-26T22:19:22.832+0200] {dagbag.py:532} INFO - Filling up the DagBag from /home/humbulani/miniconda3/envs/apache-airflow/lib/python3.8/site-packages/airflow/example_dags/example_dag_decorator.py
[2023-03-26T22:19:22.848+0200] {logging_mixin.py:137} INFO - [2023-03-26T22:19:22.848+0200] {taskmixin.py:211} WARNING - Dependency <Task(_PythonDecoratedOperator): prepare_email>, send_email already registered for DAG: example_dag_decorator
[2023-03-26T22:19:22.848+0200] {logging_mixin.py:137} INFO - [2023-03-26T22:19:22.848+0200] {taskmixin.py:211} WARNING - Dependency <Task(EmailOperator): send_email>, prepare_email already registered for DAG: example_dag_decorator
[2023-03-26T22:19:22.858+0200] {processor.py:753} INFO - DAG(s) dict_keys(['example_dag_decorator']) retrieved from /home/humbulani/miniconda3/envs/apache-airflow/lib/python3.8/site-packages/airflow/example_dags/example_dag_decorator.py
[2023-03-26T22:19:22.903+0200] {logging_mixin.py:137} INFO - [2023-03-26T22:19:22.903+0200] {dag.py:2693} INFO - Sync 1 DAGs
[2023-03-26T22:19:22.919+0200] {logging_mixin.py:137} INFO - [2023-03-26T22:19:22.918+0200] {dag.py:3440} INFO - Setting next_dagrun for example_dag_decorator to None, run_after=None
[2023-03-26T22:19:22.991+0200] {processor.py:175} INFO - Processing /home/humbulani/miniconda3/envs/apache-airflow/lib/python3.8/site-packages/airflow/example_dags/example_dag_decorator.py took 0.173 seconds
[2023-03-26T22:20:07.585+0200] {processor.py:153} INFO - Started process (PID=20173) to work on /home/humbulani/miniconda3/envs/apache-airflow/lib/python3.8/site-packages/airflow/example_dags/example_dag_decorator.py
[2023-03-26T22:20:07.603+0200] {processor.py:743} INFO - Processing file /home/humbulani/miniconda3/envs/apache-airflow/lib/python3.8/site-packages/airflow/example_dags/example_dag_decorator.py for tasks to queue
[2023-03-26T22:20:07.604+0200] {logging_mixin.py:137} INFO - [2023-03-26T22:20:07.604+0200] {dagbag.py:532} INFO - Filling up the DagBag from /home/humbulani/miniconda3/envs/apache-airflow/lib/python3.8/site-packages/airflow/example_dags/example_dag_decorator.py
[2023-03-26T22:20:07.619+0200] {logging_mixin.py:137} INFO - [2023-03-26T22:20:07.619+0200] {taskmixin.py:211} WARNING - Dependency <Task(_PythonDecoratedOperator): prepare_email>, send_email already registered for DAG: example_dag_decorator
[2023-03-26T22:20:07.619+0200] {logging_mixin.py:137} INFO - [2023-03-26T22:20:07.619+0200] {taskmixin.py:211} WARNING - Dependency <Task(EmailOperator): send_email>, prepare_email already registered for DAG: example_dag_decorator
[2023-03-26T22:20:07.629+0200] {processor.py:753} INFO - DAG(s) dict_keys(['example_dag_decorator']) retrieved from /home/humbulani/miniconda3/envs/apache-airflow/lib/python3.8/site-packages/airflow/example_dags/example_dag_decorator.py
[2023-03-26T22:20:07.674+0200] {logging_mixin.py:137} INFO - [2023-03-26T22:20:07.673+0200] {dag.py:2693} INFO - Sync 1 DAGs
[2023-03-26T22:20:07.689+0200] {logging_mixin.py:137} INFO - [2023-03-26T22:20:07.689+0200] {dag.py:3440} INFO - Setting next_dagrun for example_dag_decorator to None, run_after=None
[2023-03-26T22:20:07.798+0200] {processor.py:175} INFO - Processing /home/humbulani/miniconda3/envs/apache-airflow/lib/python3.8/site-packages/airflow/example_dags/example_dag_decorator.py took 0.216 seconds
[2023-03-26T22:20:52.708+0200] {processor.py:153} INFO - Started process (PID=20262) to work on /home/humbulani/miniconda3/envs/apache-airflow/lib/python3.8/site-packages/airflow/example_dags/example_dag_decorator.py
[2023-03-26T22:20:52.709+0200] {processor.py:743} INFO - Processing file /home/humbulani/miniconda3/envs/apache-airflow/lib/python3.8/site-packages/airflow/example_dags/example_dag_decorator.py for tasks to queue
[2023-03-26T22:20:52.710+0200] {logging_mixin.py:137} INFO - [2023-03-26T22:20:52.710+0200] {dagbag.py:532} INFO - Filling up the DagBag from /home/humbulani/miniconda3/envs/apache-airflow/lib/python3.8/site-packages/airflow/example_dags/example_dag_decorator.py
[2023-03-26T22:20:52.728+0200] {logging_mixin.py:137} INFO - [2023-03-26T22:20:52.728+0200] {taskmixin.py:211} WARNING - Dependency <Task(_PythonDecoratedOperator): prepare_email>, send_email already registered for DAG: example_dag_decorator
[2023-03-26T22:20:52.729+0200] {logging_mixin.py:137} INFO - [2023-03-26T22:20:52.729+0200] {taskmixin.py:211} WARNING - Dependency <Task(EmailOperator): send_email>, prepare_email already registered for DAG: example_dag_decorator
[2023-03-26T22:20:52.739+0200] {processor.py:753} INFO - DAG(s) dict_keys(['example_dag_decorator']) retrieved from /home/humbulani/miniconda3/envs/apache-airflow/lib/python3.8/site-packages/airflow/example_dags/example_dag_decorator.py
[2023-03-26T22:20:52.783+0200] {logging_mixin.py:137} INFO - [2023-03-26T22:20:52.783+0200] {dag.py:2693} INFO - Sync 1 DAGs
[2023-03-26T22:20:52.799+0200] {logging_mixin.py:137} INFO - [2023-03-26T22:20:52.798+0200] {dag.py:3440} INFO - Setting next_dagrun for example_dag_decorator to None, run_after=None
[2023-03-26T22:20:52.875+0200] {processor.py:175} INFO - Processing /home/humbulani/miniconda3/envs/apache-airflow/lib/python3.8/site-packages/airflow/example_dags/example_dag_decorator.py took 0.170 seconds
[2023-03-26T22:21:38.928+0200] {processor.py:153} INFO - Started process (PID=20308) to work on /home/humbulani/miniconda3/envs/apache-airflow/lib/python3.8/site-packages/airflow/example_dags/example_dag_decorator.py
[2023-03-26T22:21:38.929+0200] {processor.py:743} INFO - Processing file /home/humbulani/miniconda3/envs/apache-airflow/lib/python3.8/site-packages/airflow/example_dags/example_dag_decorator.py for tasks to queue
[2023-03-26T22:21:38.930+0200] {logging_mixin.py:137} INFO - [2023-03-26T22:21:38.930+0200] {dagbag.py:532} INFO - Filling up the DagBag from /home/humbulani/miniconda3/envs/apache-airflow/lib/python3.8/site-packages/airflow/example_dags/example_dag_decorator.py
[2023-03-26T22:21:38.949+0200] {logging_mixin.py:137} INFO - [2023-03-26T22:21:38.949+0200] {taskmixin.py:211} WARNING - Dependency <Task(_PythonDecoratedOperator): prepare_email>, send_email already registered for DAG: example_dag_decorator
[2023-03-26T22:21:38.949+0200] {logging_mixin.py:137} INFO - [2023-03-26T22:21:38.949+0200] {taskmixin.py:211} WARNING - Dependency <Task(EmailOperator): send_email>, prepare_email already registered for DAG: example_dag_decorator
[2023-03-26T22:21:38.959+0200] {processor.py:753} INFO - DAG(s) dict_keys(['example_dag_decorator']) retrieved from /home/humbulani/miniconda3/envs/apache-airflow/lib/python3.8/site-packages/airflow/example_dags/example_dag_decorator.py
[2023-03-26T22:21:39.003+0200] {logging_mixin.py:137} INFO - [2023-03-26T22:21:39.003+0200] {dag.py:2693} INFO - Sync 1 DAGs
[2023-03-26T22:21:39.019+0200] {logging_mixin.py:137} INFO - [2023-03-26T22:21:39.019+0200] {dag.py:3440} INFO - Setting next_dagrun for example_dag_decorator to None, run_after=None
[2023-03-26T22:21:39.123+0200] {processor.py:175} INFO - Processing /home/humbulani/miniconda3/envs/apache-airflow/lib/python3.8/site-packages/airflow/example_dags/example_dag_decorator.py took 0.198 seconds
[2023-03-26T22:22:22.887+0200] {processor.py:153} INFO - Started process (PID=20352) to work on /home/humbulani/miniconda3/envs/apache-airflow/lib/python3.8/site-packages/airflow/example_dags/example_dag_decorator.py
[2023-03-26T22:22:22.905+0200] {processor.py:743} INFO - Processing file /home/humbulani/miniconda3/envs/apache-airflow/lib/python3.8/site-packages/airflow/example_dags/example_dag_decorator.py for tasks to queue
[2023-03-26T22:22:22.906+0200] {logging_mixin.py:137} INFO - [2023-03-26T22:22:22.906+0200] {dagbag.py:532} INFO - Filling up the DagBag from /home/humbulani/miniconda3/envs/apache-airflow/lib/python3.8/site-packages/airflow/example_dags/example_dag_decorator.py
[2023-03-26T22:22:22.924+0200] {logging_mixin.py:137} INFO - [2023-03-26T22:22:22.923+0200] {taskmixin.py:211} WARNING - Dependency <Task(_PythonDecoratedOperator): prepare_email>, send_email already registered for DAG: example_dag_decorator
[2023-03-26T22:22:22.924+0200] {logging_mixin.py:137} INFO - [2023-03-26T22:22:22.924+0200] {taskmixin.py:211} WARNING - Dependency <Task(EmailOperator): send_email>, prepare_email already registered for DAG: example_dag_decorator
[2023-03-26T22:22:22.937+0200] {processor.py:753} INFO - DAG(s) dict_keys(['example_dag_decorator']) retrieved from /home/humbulani/miniconda3/envs/apache-airflow/lib/python3.8/site-packages/airflow/example_dags/example_dag_decorator.py
[2023-03-26T22:22:22.982+0200] {logging_mixin.py:137} INFO - [2023-03-26T22:22:22.982+0200] {dag.py:2693} INFO - Sync 1 DAGs
[2023-03-26T22:22:22.999+0200] {logging_mixin.py:137} INFO - [2023-03-26T22:22:22.999+0200] {dag.py:3440} INFO - Setting next_dagrun for example_dag_decorator to None, run_after=None
[2023-03-26T22:22:23.075+0200] {processor.py:175} INFO - Processing /home/humbulani/miniconda3/envs/apache-airflow/lib/python3.8/site-packages/airflow/example_dags/example_dag_decorator.py took 0.190 seconds
[2023-03-26T22:23:09.946+0200] {processor.py:153} INFO - Started process (PID=20394) to work on /home/humbulani/miniconda3/envs/apache-airflow/lib/python3.8/site-packages/airflow/example_dags/example_dag_decorator.py
[2023-03-26T22:23:09.947+0200] {processor.py:743} INFO - Processing file /home/humbulani/miniconda3/envs/apache-airflow/lib/python3.8/site-packages/airflow/example_dags/example_dag_decorator.py for tasks to queue
[2023-03-26T22:23:09.947+0200] {logging_mixin.py:137} INFO - [2023-03-26T22:23:09.947+0200] {dagbag.py:532} INFO - Filling up the DagBag from /home/humbulani/miniconda3/envs/apache-airflow/lib/python3.8/site-packages/airflow/example_dags/example_dag_decorator.py
[2023-03-26T22:23:09.963+0200] {logging_mixin.py:137} INFO - [2023-03-26T22:23:09.963+0200] {taskmixin.py:211} WARNING - Dependency <Task(_PythonDecoratedOperator): prepare_email>, send_email already registered for DAG: example_dag_decorator
[2023-03-26T22:23:09.963+0200] {logging_mixin.py:137} INFO - [2023-03-26T22:23:09.963+0200] {taskmixin.py:211} WARNING - Dependency <Task(EmailOperator): send_email>, prepare_email already registered for DAG: example_dag_decorator
[2023-03-26T22:23:09.973+0200] {processor.py:753} INFO - DAG(s) dict_keys(['example_dag_decorator']) retrieved from /home/humbulani/miniconda3/envs/apache-airflow/lib/python3.8/site-packages/airflow/example_dags/example_dag_decorator.py
[2023-03-26T22:23:10.017+0200] {logging_mixin.py:137} INFO - [2023-03-26T22:23:10.017+0200] {dag.py:2693} INFO - Sync 1 DAGs
[2023-03-26T22:23:10.033+0200] {logging_mixin.py:137} INFO - [2023-03-26T22:23:10.033+0200] {dag.py:3440} INFO - Setting next_dagrun for example_dag_decorator to None, run_after=None
[2023-03-26T22:23:10.129+0200] {processor.py:175} INFO - Processing /home/humbulani/miniconda3/envs/apache-airflow/lib/python3.8/site-packages/airflow/example_dags/example_dag_decorator.py took 0.187 seconds
