[2023-03-26T21:39:11.434+0200] {processor.py:153} INFO - Started process (PID=16633) to work on /home/humbulani/miniconda3/envs/apache-airflow/lib/python3.8/site-packages/airflow/example_dags/example_task_group_decorator.py
[2023-03-26T21:39:11.434+0200] {processor.py:743} INFO - Processing file /home/humbulani/miniconda3/envs/apache-airflow/lib/python3.8/site-packages/airflow/example_dags/example_task_group_decorator.py for tasks to queue
[2023-03-26T21:39:11.435+0200] {logging_mixin.py:137} INFO - [2023-03-26T21:39:11.435+0200] {dagbag.py:532} INFO - Filling up the DagBag from /home/humbulani/miniconda3/envs/apache-airflow/lib/python3.8/site-packages/airflow/example_dags/example_task_group_decorator.py
[2023-03-26T21:39:11.462+0200] {processor.py:753} INFO - DAG(s) dict_keys(['example_task_group_decorator']) retrieved from /home/humbulani/miniconda3/envs/apache-airflow/lib/python3.8/site-packages/airflow/example_dags/example_task_group_decorator.py
[2023-03-26T21:39:11.699+0200] {logging_mixin.py:137} INFO - [2023-03-26T21:39:11.699+0200] {manager.py:504} INFO - Created Permission View: can edit on DAG:example_task_group_decorator
[2023-03-26T21:39:11.766+0200] {logging_mixin.py:137} INFO - [2023-03-26T21:39:11.766+0200] {manager.py:504} INFO - Created Permission View: can read on DAG:example_task_group_decorator
[2023-03-26T21:39:11.832+0200] {logging_mixin.py:137} INFO - [2023-03-26T21:39:11.832+0200] {manager.py:504} INFO - Created Permission View: can delete on DAG:example_task_group_decorator
[2023-03-26T21:39:11.832+0200] {logging_mixin.py:137} INFO - [2023-03-26T21:39:11.832+0200] {dag.py:2693} INFO - Sync 1 DAGs
[2023-03-26T21:39:11.853+0200] {logging_mixin.py:137} INFO - [2023-03-26T21:39:11.853+0200] {dag.py:2714} INFO - Creating ORM DAG for example_task_group_decorator
[2023-03-26T21:39:11.861+0200] {logging_mixin.py:137} INFO - [2023-03-26T21:39:11.861+0200] {dag.py:3440} INFO - Setting next_dagrun for example_task_group_decorator to 2023-03-25T19:39:11.861353+00:00, run_after=2023-03-26T19:39:11.861353+00:00
[2023-03-26T21:39:12.074+0200] {processor.py:175} INFO - Processing /home/humbulani/miniconda3/envs/apache-airflow/lib/python3.8/site-packages/airflow/example_dags/example_task_group_decorator.py took 0.643 seconds
[2023-03-26T21:40:14.959+0200] {processor.py:153} INFO - Started process (PID=16720) to work on /home/humbulani/miniconda3/envs/apache-airflow/lib/python3.8/site-packages/airflow/example_dags/example_task_group_decorator.py
[2023-03-26T21:40:15.003+0200] {processor.py:743} INFO - Processing file /home/humbulani/miniconda3/envs/apache-airflow/lib/python3.8/site-packages/airflow/example_dags/example_task_group_decorator.py for tasks to queue
[2023-03-26T21:40:15.004+0200] {logging_mixin.py:137} INFO - [2023-03-26T21:40:15.004+0200] {dagbag.py:532} INFO - Filling up the DagBag from /home/humbulani/miniconda3/envs/apache-airflow/lib/python3.8/site-packages/airflow/example_dags/example_task_group_decorator.py
[2023-03-26T21:40:15.032+0200] {processor.py:753} INFO - DAG(s) dict_keys(['example_task_group_decorator']) retrieved from /home/humbulani/miniconda3/envs/apache-airflow/lib/python3.8/site-packages/airflow/example_dags/example_task_group_decorator.py
[2023-03-26T21:40:15.053+0200] {logging_mixin.py:137} INFO - [2023-03-26T21:40:15.053+0200] {dag.py:2693} INFO - Sync 1 DAGs
[2023-03-26T21:40:15.072+0200] {logging_mixin.py:137} INFO - [2023-03-26T21:40:15.072+0200] {dag.py:3440} INFO - Setting next_dagrun for example_task_group_decorator to 2023-03-25T19:40:15.071927+00:00, run_after=2023-03-26T19:40:15.071927+00:00
[2023-03-26T21:40:15.149+0200] {processor.py:175} INFO - Processing /home/humbulani/miniconda3/envs/apache-airflow/lib/python3.8/site-packages/airflow/example_dags/example_task_group_decorator.py took 0.194 seconds
[2023-03-26T21:41:05.034+0200] {processor.py:153} INFO - Started process (PID=16777) to work on /home/humbulani/miniconda3/envs/apache-airflow/lib/python3.8/site-packages/airflow/example_dags/example_task_group_decorator.py
[2023-03-26T21:41:05.063+0200] {processor.py:743} INFO - Processing file /home/humbulani/miniconda3/envs/apache-airflow/lib/python3.8/site-packages/airflow/example_dags/example_task_group_decorator.py for tasks to queue
[2023-03-26T21:41:05.064+0200] {logging_mixin.py:137} INFO - [2023-03-26T21:41:05.064+0200] {dagbag.py:532} INFO - Filling up the DagBag from /home/humbulani/miniconda3/envs/apache-airflow/lib/python3.8/site-packages/airflow/example_dags/example_task_group_decorator.py
[2023-03-26T21:41:05.110+0200] {processor.py:753} INFO - DAG(s) dict_keys(['example_task_group_decorator']) retrieved from /home/humbulani/miniconda3/envs/apache-airflow/lib/python3.8/site-packages/airflow/example_dags/example_task_group_decorator.py
[2023-03-26T21:41:05.146+0200] {logging_mixin.py:137} INFO - [2023-03-26T21:41:05.146+0200] {dag.py:2693} INFO - Sync 1 DAGs
[2023-03-26T21:41:05.176+0200] {logging_mixin.py:137} INFO - [2023-03-26T21:41:05.176+0200] {dag.py:3440} INFO - Setting next_dagrun for example_task_group_decorator to 2023-03-25T19:41:05.176154+00:00, run_after=2023-03-26T19:41:05.176154+00:00
[2023-03-26T21:41:05.271+0200] {processor.py:175} INFO - Processing /home/humbulani/miniconda3/envs/apache-airflow/lib/python3.8/site-packages/airflow/example_dags/example_task_group_decorator.py took 0.240 seconds
[2023-03-26T21:47:49.480+0200] {processor.py:153} INFO - Started process (PID=16826) to work on /home/humbulani/miniconda3/envs/apache-airflow/lib/python3.8/site-packages/airflow/example_dags/example_task_group_decorator.py
[2023-03-26T21:47:49.481+0200] {processor.py:743} INFO - Processing file /home/humbulani/miniconda3/envs/apache-airflow/lib/python3.8/site-packages/airflow/example_dags/example_task_group_decorator.py for tasks to queue
[2023-03-26T21:47:49.481+0200] {logging_mixin.py:137} INFO - [2023-03-26T21:47:49.481+0200] {dagbag.py:532} INFO - Filling up the DagBag from /home/humbulani/miniconda3/envs/apache-airflow/lib/python3.8/site-packages/airflow/example_dags/example_task_group_decorator.py
[2023-03-26T21:47:49.514+0200] {processor.py:753} INFO - DAG(s) dict_keys(['example_task_group_decorator']) retrieved from /home/humbulani/miniconda3/envs/apache-airflow/lib/python3.8/site-packages/airflow/example_dags/example_task_group_decorator.py
[2023-03-26T21:47:49.535+0200] {logging_mixin.py:137} INFO - [2023-03-26T21:47:49.535+0200] {dag.py:2693} INFO - Sync 1 DAGs
[2023-03-26T21:47:49.553+0200] {logging_mixin.py:137} INFO - [2023-03-26T21:47:49.553+0200] {dag.py:3440} INFO - Setting next_dagrun for example_task_group_decorator to 2023-03-25T19:47:49.552895+00:00, run_after=2023-03-26T19:47:49.552895+00:00
[2023-03-26T21:47:49.665+0200] {processor.py:175} INFO - Processing /home/humbulani/miniconda3/envs/apache-airflow/lib/python3.8/site-packages/airflow/example_dags/example_task_group_decorator.py took 0.188 seconds
[2023-03-26T21:48:35.969+0200] {processor.py:153} INFO - Started process (PID=16910) to work on /home/humbulani/miniconda3/envs/apache-airflow/lib/python3.8/site-packages/airflow/example_dags/example_task_group_decorator.py
[2023-03-26T21:48:35.970+0200] {processor.py:743} INFO - Processing file /home/humbulani/miniconda3/envs/apache-airflow/lib/python3.8/site-packages/airflow/example_dags/example_task_group_decorator.py for tasks to queue
[2023-03-26T21:48:35.971+0200] {logging_mixin.py:137} INFO - [2023-03-26T21:48:35.970+0200] {dagbag.py:532} INFO - Filling up the DagBag from /home/humbulani/miniconda3/envs/apache-airflow/lib/python3.8/site-packages/airflow/example_dags/example_task_group_decorator.py
[2023-03-26T21:48:35.996+0200] {processor.py:753} INFO - DAG(s) dict_keys(['example_task_group_decorator']) retrieved from /home/humbulani/miniconda3/envs/apache-airflow/lib/python3.8/site-packages/airflow/example_dags/example_task_group_decorator.py
[2023-03-26T21:48:36.015+0200] {logging_mixin.py:137} INFO - [2023-03-26T21:48:36.015+0200] {dag.py:2693} INFO - Sync 1 DAGs
[2023-03-26T21:48:36.033+0200] {logging_mixin.py:137} INFO - [2023-03-26T21:48:36.033+0200] {dag.py:3440} INFO - Setting next_dagrun for example_task_group_decorator to 2023-03-25T19:48:36.033480+00:00, run_after=2023-03-26T19:48:36.033480+00:00
[2023-03-26T21:48:36.111+0200] {processor.py:175} INFO - Processing /home/humbulani/miniconda3/envs/apache-airflow/lib/python3.8/site-packages/airflow/example_dags/example_task_group_decorator.py took 0.144 seconds
[2023-03-26T21:49:27.969+0200] {processor.py:153} INFO - Started process (PID=16952) to work on /home/humbulani/miniconda3/envs/apache-airflow/lib/python3.8/site-packages/airflow/example_dags/example_task_group_decorator.py
[2023-03-26T21:49:27.982+0200] {processor.py:743} INFO - Processing file /home/humbulani/miniconda3/envs/apache-airflow/lib/python3.8/site-packages/airflow/example_dags/example_task_group_decorator.py for tasks to queue
[2023-03-26T21:49:27.982+0200] {logging_mixin.py:137} INFO - [2023-03-26T21:49:27.982+0200] {dagbag.py:532} INFO - Filling up the DagBag from /home/humbulani/miniconda3/envs/apache-airflow/lib/python3.8/site-packages/airflow/example_dags/example_task_group_decorator.py
[2023-03-26T21:49:28.010+0200] {processor.py:753} INFO - DAG(s) dict_keys(['example_task_group_decorator']) retrieved from /home/humbulani/miniconda3/envs/apache-airflow/lib/python3.8/site-packages/airflow/example_dags/example_task_group_decorator.py
[2023-03-26T21:49:28.032+0200] {logging_mixin.py:137} INFO - [2023-03-26T21:49:28.032+0200] {dag.py:2693} INFO - Sync 1 DAGs
[2023-03-26T21:49:28.051+0200] {logging_mixin.py:137} INFO - [2023-03-26T21:49:28.051+0200] {dag.py:3440} INFO - Setting next_dagrun for example_task_group_decorator to 2023-03-25T19:49:28.051201+00:00, run_after=2023-03-26T19:49:28.051201+00:00
[2023-03-26T21:49:28.148+0200] {processor.py:175} INFO - Processing /home/humbulani/miniconda3/envs/apache-airflow/lib/python3.8/site-packages/airflow/example_dags/example_task_group_decorator.py took 0.181 seconds
[2023-03-26T21:50:12.107+0200] {processor.py:153} INFO - Started process (PID=16996) to work on /home/humbulani/miniconda3/envs/apache-airflow/lib/python3.8/site-packages/airflow/example_dags/example_task_group_decorator.py
[2023-03-26T21:50:12.167+0200] {processor.py:743} INFO - Processing file /home/humbulani/miniconda3/envs/apache-airflow/lib/python3.8/site-packages/airflow/example_dags/example_task_group_decorator.py for tasks to queue
[2023-03-26T21:50:12.168+0200] {logging_mixin.py:137} INFO - [2023-03-26T21:50:12.168+0200] {dagbag.py:532} INFO - Filling up the DagBag from /home/humbulani/miniconda3/envs/apache-airflow/lib/python3.8/site-packages/airflow/example_dags/example_task_group_decorator.py
[2023-03-26T21:50:12.193+0200] {processor.py:753} INFO - DAG(s) dict_keys(['example_task_group_decorator']) retrieved from /home/humbulani/miniconda3/envs/apache-airflow/lib/python3.8/site-packages/airflow/example_dags/example_task_group_decorator.py
[2023-03-26T21:50:12.213+0200] {logging_mixin.py:137} INFO - [2023-03-26T21:50:12.213+0200] {dag.py:2693} INFO - Sync 1 DAGs
[2023-03-26T21:50:12.230+0200] {logging_mixin.py:137} INFO - [2023-03-26T21:50:12.230+0200] {dag.py:3440} INFO - Setting next_dagrun for example_task_group_decorator to 2023-03-25T19:50:12.230323+00:00, run_after=2023-03-26T19:50:12.230323+00:00
[2023-03-26T21:50:12.308+0200] {processor.py:175} INFO - Processing /home/humbulani/miniconda3/envs/apache-airflow/lib/python3.8/site-packages/airflow/example_dags/example_task_group_decorator.py took 0.204 seconds
[2023-03-26T21:50:57.669+0200] {processor.py:153} INFO - Started process (PID=17069) to work on /home/humbulani/miniconda3/envs/apache-airflow/lib/python3.8/site-packages/airflow/example_dags/example_task_group_decorator.py
[2023-03-26T21:50:57.703+0200] {processor.py:743} INFO - Processing file /home/humbulani/miniconda3/envs/apache-airflow/lib/python3.8/site-packages/airflow/example_dags/example_task_group_decorator.py for tasks to queue
[2023-03-26T21:50:57.704+0200] {logging_mixin.py:137} INFO - [2023-03-26T21:50:57.704+0200] {dagbag.py:532} INFO - Filling up the DagBag from /home/humbulani/miniconda3/envs/apache-airflow/lib/python3.8/site-packages/airflow/example_dags/example_task_group_decorator.py
[2023-03-26T21:50:57.733+0200] {processor.py:753} INFO - DAG(s) dict_keys(['example_task_group_decorator']) retrieved from /home/humbulani/miniconda3/envs/apache-airflow/lib/python3.8/site-packages/airflow/example_dags/example_task_group_decorator.py
[2023-03-26T21:50:57.756+0200] {logging_mixin.py:137} INFO - [2023-03-26T21:50:57.756+0200] {dag.py:2693} INFO - Sync 1 DAGs
[2023-03-26T21:50:57.774+0200] {logging_mixin.py:137} INFO - [2023-03-26T21:50:57.774+0200] {dag.py:3440} INFO - Setting next_dagrun for example_task_group_decorator to 2023-03-25T19:50:57.774085+00:00, run_after=2023-03-26T19:50:57.774085+00:00
[2023-03-26T21:50:57.850+0200] {processor.py:175} INFO - Processing /home/humbulani/miniconda3/envs/apache-airflow/lib/python3.8/site-packages/airflow/example_dags/example_task_group_decorator.py took 0.184 seconds
[2023-03-26T21:51:42.891+0200] {processor.py:153} INFO - Started process (PID=17156) to work on /home/humbulani/miniconda3/envs/apache-airflow/lib/python3.8/site-packages/airflow/example_dags/example_task_group_decorator.py
[2023-03-26T21:51:42.923+0200] {processor.py:743} INFO - Processing file /home/humbulani/miniconda3/envs/apache-airflow/lib/python3.8/site-packages/airflow/example_dags/example_task_group_decorator.py for tasks to queue
[2023-03-26T21:51:42.924+0200] {logging_mixin.py:137} INFO - [2023-03-26T21:51:42.924+0200] {dagbag.py:532} INFO - Filling up the DagBag from /home/humbulani/miniconda3/envs/apache-airflow/lib/python3.8/site-packages/airflow/example_dags/example_task_group_decorator.py
[2023-03-26T21:51:42.957+0200] {processor.py:753} INFO - DAG(s) dict_keys(['example_task_group_decorator']) retrieved from /home/humbulani/miniconda3/envs/apache-airflow/lib/python3.8/site-packages/airflow/example_dags/example_task_group_decorator.py
[2023-03-26T21:51:42.979+0200] {logging_mixin.py:137} INFO - [2023-03-26T21:51:42.979+0200] {dag.py:2693} INFO - Sync 1 DAGs
[2023-03-26T21:51:42.996+0200] {logging_mixin.py:137} INFO - [2023-03-26T21:51:42.996+0200] {dag.py:3440} INFO - Setting next_dagrun for example_task_group_decorator to 2023-03-25T19:51:42.995854+00:00, run_after=2023-03-26T19:51:42.995854+00:00
[2023-03-26T21:51:43.156+0200] {processor.py:175} INFO - Processing /home/humbulani/miniconda3/envs/apache-airflow/lib/python3.8/site-packages/airflow/example_dags/example_task_group_decorator.py took 0.268 seconds
[2023-03-26T21:52:30.423+0200] {processor.py:153} INFO - Started process (PID=17199) to work on /home/humbulani/miniconda3/envs/apache-airflow/lib/python3.8/site-packages/airflow/example_dags/example_task_group_decorator.py
[2023-03-26T21:52:30.434+0200] {processor.py:743} INFO - Processing file /home/humbulani/miniconda3/envs/apache-airflow/lib/python3.8/site-packages/airflow/example_dags/example_task_group_decorator.py for tasks to queue
[2023-03-26T21:52:30.435+0200] {logging_mixin.py:137} INFO - [2023-03-26T21:52:30.435+0200] {dagbag.py:532} INFO - Filling up the DagBag from /home/humbulani/miniconda3/envs/apache-airflow/lib/python3.8/site-packages/airflow/example_dags/example_task_group_decorator.py
[2023-03-26T21:52:30.460+0200] {processor.py:753} INFO - DAG(s) dict_keys(['example_task_group_decorator']) retrieved from /home/humbulani/miniconda3/envs/apache-airflow/lib/python3.8/site-packages/airflow/example_dags/example_task_group_decorator.py
[2023-03-26T21:52:30.480+0200] {logging_mixin.py:137} INFO - [2023-03-26T21:52:30.480+0200] {dag.py:2693} INFO - Sync 1 DAGs
[2023-03-26T21:52:30.577+0200] {logging_mixin.py:137} INFO - [2023-03-26T21:52:30.577+0200] {dag.py:3440} INFO - Setting next_dagrun for example_task_group_decorator to 2023-03-25T19:52:30.577357+00:00, run_after=2023-03-26T19:52:30.577357+00:00
[2023-03-26T21:52:30.656+0200] {processor.py:175} INFO - Processing /home/humbulani/miniconda3/envs/apache-airflow/lib/python3.8/site-packages/airflow/example_dags/example_task_group_decorator.py took 0.236 seconds
[2023-03-26T21:53:19.180+0200] {processor.py:153} INFO - Started process (PID=17248) to work on /home/humbulani/miniconda3/envs/apache-airflow/lib/python3.8/site-packages/airflow/example_dags/example_task_group_decorator.py
[2023-03-26T21:53:19.181+0200] {processor.py:743} INFO - Processing file /home/humbulani/miniconda3/envs/apache-airflow/lib/python3.8/site-packages/airflow/example_dags/example_task_group_decorator.py for tasks to queue
[2023-03-26T21:53:19.182+0200] {logging_mixin.py:137} INFO - [2023-03-26T21:53:19.182+0200] {dagbag.py:532} INFO - Filling up the DagBag from /home/humbulani/miniconda3/envs/apache-airflow/lib/python3.8/site-packages/airflow/example_dags/example_task_group_decorator.py
[2023-03-26T21:53:19.210+0200] {processor.py:753} INFO - DAG(s) dict_keys(['example_task_group_decorator']) retrieved from /home/humbulani/miniconda3/envs/apache-airflow/lib/python3.8/site-packages/airflow/example_dags/example_task_group_decorator.py
[2023-03-26T21:53:19.230+0200] {logging_mixin.py:137} INFO - [2023-03-26T21:53:19.230+0200] {dag.py:2693} INFO - Sync 1 DAGs
[2023-03-26T21:53:19.326+0200] {logging_mixin.py:137} INFO - [2023-03-26T21:53:19.326+0200] {dag.py:3440} INFO - Setting next_dagrun for example_task_group_decorator to 2023-03-25T19:53:19.325863+00:00, run_after=2023-03-26T19:53:19.325863+00:00
[2023-03-26T21:53:19.442+0200] {processor.py:175} INFO - Processing /home/humbulani/miniconda3/envs/apache-airflow/lib/python3.8/site-packages/airflow/example_dags/example_task_group_decorator.py took 0.266 seconds
[2023-03-26T21:54:09.617+0200] {processor.py:153} INFO - Started process (PID=17301) to work on /home/humbulani/miniconda3/envs/apache-airflow/lib/python3.8/site-packages/airflow/example_dags/example_task_group_decorator.py
[2023-03-26T21:54:09.618+0200] {processor.py:743} INFO - Processing file /home/humbulani/miniconda3/envs/apache-airflow/lib/python3.8/site-packages/airflow/example_dags/example_task_group_decorator.py for tasks to queue
[2023-03-26T21:54:09.619+0200] {logging_mixin.py:137} INFO - [2023-03-26T21:54:09.619+0200] {dagbag.py:532} INFO - Filling up the DagBag from /home/humbulani/miniconda3/envs/apache-airflow/lib/python3.8/site-packages/airflow/example_dags/example_task_group_decorator.py
[2023-03-26T21:54:09.645+0200] {processor.py:753} INFO - DAG(s) dict_keys(['example_task_group_decorator']) retrieved from /home/humbulani/miniconda3/envs/apache-airflow/lib/python3.8/site-packages/airflow/example_dags/example_task_group_decorator.py
[2023-03-26T21:54:09.757+0200] {logging_mixin.py:137} INFO - [2023-03-26T21:54:09.757+0200] {dag.py:2693} INFO - Sync 1 DAGs
[2023-03-26T21:54:09.777+0200] {logging_mixin.py:137} INFO - [2023-03-26T21:54:09.777+0200] {dag.py:3440} INFO - Setting next_dagrun for example_task_group_decorator to 2023-03-25T19:54:09.777049+00:00, run_after=2023-03-26T19:54:09.777049+00:00
[2023-03-26T21:54:09.879+0200] {processor.py:175} INFO - Processing /home/humbulani/miniconda3/envs/apache-airflow/lib/python3.8/site-packages/airflow/example_dags/example_task_group_decorator.py took 0.264 seconds
[2023-03-26T21:54:57.943+0200] {processor.py:153} INFO - Started process (PID=17345) to work on /home/humbulani/miniconda3/envs/apache-airflow/lib/python3.8/site-packages/airflow/example_dags/example_task_group_decorator.py
[2023-03-26T21:54:57.944+0200] {processor.py:743} INFO - Processing file /home/humbulani/miniconda3/envs/apache-airflow/lib/python3.8/site-packages/airflow/example_dags/example_task_group_decorator.py for tasks to queue
[2023-03-26T21:54:57.945+0200] {logging_mixin.py:137} INFO - [2023-03-26T21:54:57.945+0200] {dagbag.py:532} INFO - Filling up the DagBag from /home/humbulani/miniconda3/envs/apache-airflow/lib/python3.8/site-packages/airflow/example_dags/example_task_group_decorator.py
[2023-03-26T21:54:58.055+0200] {processor.py:753} INFO - DAG(s) dict_keys(['example_task_group_decorator']) retrieved from /home/humbulani/miniconda3/envs/apache-airflow/lib/python3.8/site-packages/airflow/example_dags/example_task_group_decorator.py
[2023-03-26T21:54:58.072+0200] {logging_mixin.py:137} INFO - [2023-03-26T21:54:58.072+0200] {dag.py:2693} INFO - Sync 1 DAGs
[2023-03-26T21:54:58.087+0200] {logging_mixin.py:137} INFO - [2023-03-26T21:54:58.087+0200] {dag.py:3440} INFO - Setting next_dagrun for example_task_group_decorator to 2023-03-25T19:54:58.087665+00:00, run_after=2023-03-26T19:54:58.087665+00:00
[2023-03-26T21:54:58.250+0200] {processor.py:175} INFO - Processing /home/humbulani/miniconda3/envs/apache-airflow/lib/python3.8/site-packages/airflow/example_dags/example_task_group_decorator.py took 0.309 seconds
[2023-03-26T21:55:47.899+0200] {processor.py:153} INFO - Started process (PID=17387) to work on /home/humbulani/miniconda3/envs/apache-airflow/lib/python3.8/site-packages/airflow/example_dags/example_task_group_decorator.py
[2023-03-26T21:55:47.900+0200] {processor.py:743} INFO - Processing file /home/humbulani/miniconda3/envs/apache-airflow/lib/python3.8/site-packages/airflow/example_dags/example_task_group_decorator.py for tasks to queue
[2023-03-26T21:55:47.900+0200] {logging_mixin.py:137} INFO - [2023-03-26T21:55:47.900+0200] {dagbag.py:532} INFO - Filling up the DagBag from /home/humbulani/miniconda3/envs/apache-airflow/lib/python3.8/site-packages/airflow/example_dags/example_task_group_decorator.py
[2023-03-26T21:55:48.013+0200] {processor.py:753} INFO - DAG(s) dict_keys(['example_task_group_decorator']) retrieved from /home/humbulani/miniconda3/envs/apache-airflow/lib/python3.8/site-packages/airflow/example_dags/example_task_group_decorator.py
[2023-03-26T21:55:48.032+0200] {logging_mixin.py:137} INFO - [2023-03-26T21:55:48.032+0200] {dag.py:2693} INFO - Sync 1 DAGs
[2023-03-26T21:55:48.050+0200] {logging_mixin.py:137} INFO - [2023-03-26T21:55:48.050+0200] {dag.py:3440} INFO - Setting next_dagrun for example_task_group_decorator to 2023-03-25T19:55:48.049954+00:00, run_after=2023-03-26T19:55:48.049954+00:00
[2023-03-26T21:55:48.152+0200] {processor.py:175} INFO - Processing /home/humbulani/miniconda3/envs/apache-airflow/lib/python3.8/site-packages/airflow/example_dags/example_task_group_decorator.py took 0.255 seconds
[2023-03-26T21:56:35.615+0200] {processor.py:153} INFO - Started process (PID=17489) to work on /home/humbulani/miniconda3/envs/apache-airflow/lib/python3.8/site-packages/airflow/example_dags/example_task_group_decorator.py
[2023-03-26T21:56:35.616+0200] {processor.py:743} INFO - Processing file /home/humbulani/miniconda3/envs/apache-airflow/lib/python3.8/site-packages/airflow/example_dags/example_task_group_decorator.py for tasks to queue
[2023-03-26T21:56:35.616+0200] {logging_mixin.py:137} INFO - [2023-03-26T21:56:35.616+0200] {dagbag.py:532} INFO - Filling up the DagBag from /home/humbulani/miniconda3/envs/apache-airflow/lib/python3.8/site-packages/airflow/example_dags/example_task_group_decorator.py
[2023-03-26T21:56:35.645+0200] {processor.py:753} INFO - DAG(s) dict_keys(['example_task_group_decorator']) retrieved from /home/humbulani/miniconda3/envs/apache-airflow/lib/python3.8/site-packages/airflow/example_dags/example_task_group_decorator.py
[2023-03-26T21:56:35.665+0200] {logging_mixin.py:137} INFO - [2023-03-26T21:56:35.665+0200] {dag.py:2693} INFO - Sync 1 DAGs
[2023-03-26T21:56:35.683+0200] {logging_mixin.py:137} INFO - [2023-03-26T21:56:35.683+0200] {dag.py:3440} INFO - Setting next_dagrun for example_task_group_decorator to 2023-03-25T19:56:35.683276+00:00, run_after=2023-03-26T19:56:35.683276+00:00
[2023-03-26T21:56:35.789+0200] {processor.py:175} INFO - Processing /home/humbulani/miniconda3/envs/apache-airflow/lib/python3.8/site-packages/airflow/example_dags/example_task_group_decorator.py took 0.177 seconds
[2023-03-26T21:57:18.518+0200] {processor.py:153} INFO - Started process (PID=17582) to work on /home/humbulani/miniconda3/envs/apache-airflow/lib/python3.8/site-packages/airflow/example_dags/example_task_group_decorator.py
[2023-03-26T21:57:18.524+0200] {processor.py:743} INFO - Processing file /home/humbulani/miniconda3/envs/apache-airflow/lib/python3.8/site-packages/airflow/example_dags/example_task_group_decorator.py for tasks to queue
[2023-03-26T21:57:18.525+0200] {logging_mixin.py:137} INFO - [2023-03-26T21:57:18.525+0200] {dagbag.py:532} INFO - Filling up the DagBag from /home/humbulani/miniconda3/envs/apache-airflow/lib/python3.8/site-packages/airflow/example_dags/example_task_group_decorator.py
[2023-03-26T21:57:18.550+0200] {processor.py:753} INFO - DAG(s) dict_keys(['example_task_group_decorator']) retrieved from /home/humbulani/miniconda3/envs/apache-airflow/lib/python3.8/site-packages/airflow/example_dags/example_task_group_decorator.py
[2023-03-26T21:57:18.570+0200] {logging_mixin.py:137} INFO - [2023-03-26T21:57:18.570+0200] {dag.py:2693} INFO - Sync 1 DAGs
[2023-03-26T21:57:18.587+0200] {logging_mixin.py:137} INFO - [2023-03-26T21:57:18.587+0200] {dag.py:3440} INFO - Setting next_dagrun for example_task_group_decorator to 2023-03-25T19:57:18.587255+00:00, run_after=2023-03-26T19:57:18.587255+00:00
[2023-03-26T21:57:18.692+0200] {processor.py:175} INFO - Processing /home/humbulani/miniconda3/envs/apache-airflow/lib/python3.8/site-packages/airflow/example_dags/example_task_group_decorator.py took 0.176 seconds
[2023-03-26T21:58:04.653+0200] {processor.py:153} INFO - Started process (PID=17782) to work on /home/humbulani/miniconda3/envs/apache-airflow/lib/python3.8/site-packages/airflow/example_dags/example_task_group_decorator.py
[2023-03-26T21:58:04.669+0200] {processor.py:743} INFO - Processing file /home/humbulani/miniconda3/envs/apache-airflow/lib/python3.8/site-packages/airflow/example_dags/example_task_group_decorator.py for tasks to queue
[2023-03-26T21:58:04.670+0200] {logging_mixin.py:137} INFO - [2023-03-26T21:58:04.670+0200] {dagbag.py:532} INFO - Filling up the DagBag from /home/humbulani/miniconda3/envs/apache-airflow/lib/python3.8/site-packages/airflow/example_dags/example_task_group_decorator.py
[2023-03-26T21:58:04.700+0200] {processor.py:753} INFO - DAG(s) dict_keys(['example_task_group_decorator']) retrieved from /home/humbulani/miniconda3/envs/apache-airflow/lib/python3.8/site-packages/airflow/example_dags/example_task_group_decorator.py
[2023-03-26T21:58:04.742+0200] {logging_mixin.py:137} INFO - [2023-03-26T21:58:04.742+0200] {dag.py:2693} INFO - Sync 1 DAGs
[2023-03-26T21:58:04.783+0200] {logging_mixin.py:137} INFO - [2023-03-26T21:58:04.782+0200] {dag.py:3440} INFO - Setting next_dagrun for example_task_group_decorator to 2023-03-25T19:58:04.782514+00:00, run_after=2023-03-26T19:58:04.782514+00:00
[2023-03-26T21:58:04.896+0200] {processor.py:175} INFO - Processing /home/humbulani/miniconda3/envs/apache-airflow/lib/python3.8/site-packages/airflow/example_dags/example_task_group_decorator.py took 0.245 seconds
[2023-03-26T21:58:52.035+0200] {processor.py:153} INFO - Started process (PID=17900) to work on /home/humbulani/miniconda3/envs/apache-airflow/lib/python3.8/site-packages/airflow/example_dags/example_task_group_decorator.py
[2023-03-26T21:58:52.106+0200] {processor.py:743} INFO - Processing file /home/humbulani/miniconda3/envs/apache-airflow/lib/python3.8/site-packages/airflow/example_dags/example_task_group_decorator.py for tasks to queue
[2023-03-26T21:58:52.107+0200] {logging_mixin.py:137} INFO - [2023-03-26T21:58:52.107+0200] {dagbag.py:532} INFO - Filling up the DagBag from /home/humbulani/miniconda3/envs/apache-airflow/lib/python3.8/site-packages/airflow/example_dags/example_task_group_decorator.py
[2023-03-26T21:58:52.141+0200] {processor.py:753} INFO - DAG(s) dict_keys(['example_task_group_decorator']) retrieved from /home/humbulani/miniconda3/envs/apache-airflow/lib/python3.8/site-packages/airflow/example_dags/example_task_group_decorator.py
[2023-03-26T21:58:52.166+0200] {logging_mixin.py:137} INFO - [2023-03-26T21:58:52.165+0200] {dag.py:2693} INFO - Sync 1 DAGs
[2023-03-26T21:58:52.182+0200] {logging_mixin.py:137} INFO - [2023-03-26T21:58:52.182+0200] {dag.py:3440} INFO - Setting next_dagrun for example_task_group_decorator to 2023-03-25T19:58:52.182565+00:00, run_after=2023-03-26T19:58:52.182565+00:00
[2023-03-26T21:58:52.278+0200] {processor.py:175} INFO - Processing /home/humbulani/miniconda3/envs/apache-airflow/lib/python3.8/site-packages/airflow/example_dags/example_task_group_decorator.py took 0.245 seconds
[2023-03-26T21:59:39.834+0200] {processor.py:153} INFO - Started process (PID=18117) to work on /home/humbulani/miniconda3/envs/apache-airflow/lib/python3.8/site-packages/airflow/example_dags/example_task_group_decorator.py
[2023-03-26T21:59:39.843+0200] {processor.py:743} INFO - Processing file /home/humbulani/miniconda3/envs/apache-airflow/lib/python3.8/site-packages/airflow/example_dags/example_task_group_decorator.py for tasks to queue
[2023-03-26T21:59:39.843+0200] {logging_mixin.py:137} INFO - [2023-03-26T21:59:39.843+0200] {dagbag.py:532} INFO - Filling up the DagBag from /home/humbulani/miniconda3/envs/apache-airflow/lib/python3.8/site-packages/airflow/example_dags/example_task_group_decorator.py
[2023-03-26T21:59:39.872+0200] {processor.py:753} INFO - DAG(s) dict_keys(['example_task_group_decorator']) retrieved from /home/humbulani/miniconda3/envs/apache-airflow/lib/python3.8/site-packages/airflow/example_dags/example_task_group_decorator.py
[2023-03-26T21:59:39.891+0200] {logging_mixin.py:137} INFO - [2023-03-26T21:59:39.891+0200] {dag.py:2693} INFO - Sync 1 DAGs
[2023-03-26T21:59:39.910+0200] {logging_mixin.py:137} INFO - [2023-03-26T21:59:39.910+0200] {dag.py:3440} INFO - Setting next_dagrun for example_task_group_decorator to 2023-03-25T19:59:39.910280+00:00, run_after=2023-03-26T19:59:39.910280+00:00
[2023-03-26T21:59:40.013+0200] {processor.py:175} INFO - Processing /home/humbulani/miniconda3/envs/apache-airflow/lib/python3.8/site-packages/airflow/example_dags/example_task_group_decorator.py took 0.180 seconds
[2023-03-26T22:00:26.813+0200] {processor.py:153} INFO - Started process (PID=18168) to work on /home/humbulani/miniconda3/envs/apache-airflow/lib/python3.8/site-packages/airflow/example_dags/example_task_group_decorator.py
[2023-03-26T22:00:26.832+0200] {processor.py:743} INFO - Processing file /home/humbulani/miniconda3/envs/apache-airflow/lib/python3.8/site-packages/airflow/example_dags/example_task_group_decorator.py for tasks to queue
[2023-03-26T22:00:26.833+0200] {logging_mixin.py:137} INFO - [2023-03-26T22:00:26.833+0200] {dagbag.py:532} INFO - Filling up the DagBag from /home/humbulani/miniconda3/envs/apache-airflow/lib/python3.8/site-packages/airflow/example_dags/example_task_group_decorator.py
[2023-03-26T22:00:26.858+0200] {processor.py:753} INFO - DAG(s) dict_keys(['example_task_group_decorator']) retrieved from /home/humbulani/miniconda3/envs/apache-airflow/lib/python3.8/site-packages/airflow/example_dags/example_task_group_decorator.py
[2023-03-26T22:00:26.878+0200] {logging_mixin.py:137} INFO - [2023-03-26T22:00:26.878+0200] {dag.py:2693} INFO - Sync 1 DAGs
[2023-03-26T22:00:26.896+0200] {logging_mixin.py:137} INFO - [2023-03-26T22:00:26.896+0200] {dag.py:3440} INFO - Setting next_dagrun for example_task_group_decorator to 2023-03-25T20:00:26.896591+00:00, run_after=2023-03-26T20:00:26.896591+00:00
[2023-03-26T22:00:26.982+0200] {processor.py:175} INFO - Processing /home/humbulani/miniconda3/envs/apache-airflow/lib/python3.8/site-packages/airflow/example_dags/example_task_group_decorator.py took 0.172 seconds
[2023-03-26T22:01:10.750+0200] {processor.py:153} INFO - Started process (PID=18253) to work on /home/humbulani/miniconda3/envs/apache-airflow/lib/python3.8/site-packages/airflow/example_dags/example_task_group_decorator.py
[2023-03-26T22:01:10.769+0200] {processor.py:743} INFO - Processing file /home/humbulani/miniconda3/envs/apache-airflow/lib/python3.8/site-packages/airflow/example_dags/example_task_group_decorator.py for tasks to queue
[2023-03-26T22:01:10.769+0200] {logging_mixin.py:137} INFO - [2023-03-26T22:01:10.769+0200] {dagbag.py:532} INFO - Filling up the DagBag from /home/humbulani/miniconda3/envs/apache-airflow/lib/python3.8/site-packages/airflow/example_dags/example_task_group_decorator.py
[2023-03-26T22:01:10.796+0200] {processor.py:753} INFO - DAG(s) dict_keys(['example_task_group_decorator']) retrieved from /home/humbulani/miniconda3/envs/apache-airflow/lib/python3.8/site-packages/airflow/example_dags/example_task_group_decorator.py
[2023-03-26T22:01:10.817+0200] {logging_mixin.py:137} INFO - [2023-03-26T22:01:10.817+0200] {dag.py:2693} INFO - Sync 1 DAGs
[2023-03-26T22:01:10.835+0200] {logging_mixin.py:137} INFO - [2023-03-26T22:01:10.835+0200] {dag.py:3440} INFO - Setting next_dagrun for example_task_group_decorator to 2023-03-25T20:01:10.834762+00:00, run_after=2023-03-26T20:01:10.834762+00:00
[2023-03-26T22:01:10.909+0200] {processor.py:175} INFO - Processing /home/humbulani/miniconda3/envs/apache-airflow/lib/python3.8/site-packages/airflow/example_dags/example_task_group_decorator.py took 0.161 seconds
[2023-03-26T22:01:59.160+0200] {processor.py:153} INFO - Started process (PID=18508) to work on /home/humbulani/miniconda3/envs/apache-airflow/lib/python3.8/site-packages/airflow/example_dags/example_task_group_decorator.py
[2023-03-26T22:01:59.168+0200] {processor.py:743} INFO - Processing file /home/humbulani/miniconda3/envs/apache-airflow/lib/python3.8/site-packages/airflow/example_dags/example_task_group_decorator.py for tasks to queue
[2023-03-26T22:01:59.169+0200] {logging_mixin.py:137} INFO - [2023-03-26T22:01:59.169+0200] {dagbag.py:532} INFO - Filling up the DagBag from /home/humbulani/miniconda3/envs/apache-airflow/lib/python3.8/site-packages/airflow/example_dags/example_task_group_decorator.py
[2023-03-26T22:01:59.200+0200] {processor.py:753} INFO - DAG(s) dict_keys(['example_task_group_decorator']) retrieved from /home/humbulani/miniconda3/envs/apache-airflow/lib/python3.8/site-packages/airflow/example_dags/example_task_group_decorator.py
[2023-03-26T22:01:59.220+0200] {logging_mixin.py:137} INFO - [2023-03-26T22:01:59.220+0200] {dag.py:2693} INFO - Sync 1 DAGs
[2023-03-26T22:01:59.237+0200] {logging_mixin.py:137} INFO - [2023-03-26T22:01:59.237+0200] {dag.py:3440} INFO - Setting next_dagrun for example_task_group_decorator to 2023-03-25T20:01:59.237144+00:00, run_after=2023-03-26T20:01:59.237144+00:00
[2023-03-26T22:01:59.328+0200] {processor.py:175} INFO - Processing /home/humbulani/miniconda3/envs/apache-airflow/lib/python3.8/site-packages/airflow/example_dags/example_task_group_decorator.py took 0.171 seconds
[2023-03-26T22:02:45.247+0200] {processor.py:153} INFO - Started process (PID=18565) to work on /home/humbulani/miniconda3/envs/apache-airflow/lib/python3.8/site-packages/airflow/example_dags/example_task_group_decorator.py
[2023-03-26T22:02:45.305+0200] {processor.py:743} INFO - Processing file /home/humbulani/miniconda3/envs/apache-airflow/lib/python3.8/site-packages/airflow/example_dags/example_task_group_decorator.py for tasks to queue
[2023-03-26T22:02:45.305+0200] {logging_mixin.py:137} INFO - [2023-03-26T22:02:45.305+0200] {dagbag.py:532} INFO - Filling up the DagBag from /home/humbulani/miniconda3/envs/apache-airflow/lib/python3.8/site-packages/airflow/example_dags/example_task_group_decorator.py
[2023-03-26T22:02:45.339+0200] {processor.py:753} INFO - DAG(s) dict_keys(['example_task_group_decorator']) retrieved from /home/humbulani/miniconda3/envs/apache-airflow/lib/python3.8/site-packages/airflow/example_dags/example_task_group_decorator.py
[2023-03-26T22:02:45.362+0200] {logging_mixin.py:137} INFO - [2023-03-26T22:02:45.362+0200] {dag.py:2693} INFO - Sync 1 DAGs
[2023-03-26T22:02:45.379+0200] {logging_mixin.py:137} INFO - [2023-03-26T22:02:45.379+0200] {dag.py:3440} INFO - Setting next_dagrun for example_task_group_decorator to 2023-03-25T20:02:45.378772+00:00, run_after=2023-03-26T20:02:45.378772+00:00
[2023-03-26T22:02:45.458+0200] {processor.py:175} INFO - Processing /home/humbulani/miniconda3/envs/apache-airflow/lib/python3.8/site-packages/airflow/example_dags/example_task_group_decorator.py took 0.213 seconds
[2023-03-26T22:03:31.648+0200] {processor.py:153} INFO - Started process (PID=18619) to work on /home/humbulani/miniconda3/envs/apache-airflow/lib/python3.8/site-packages/airflow/example_dags/example_task_group_decorator.py
[2023-03-26T22:03:31.666+0200] {processor.py:743} INFO - Processing file /home/humbulani/miniconda3/envs/apache-airflow/lib/python3.8/site-packages/airflow/example_dags/example_task_group_decorator.py for tasks to queue
[2023-03-26T22:03:31.667+0200] {logging_mixin.py:137} INFO - [2023-03-26T22:03:31.667+0200] {dagbag.py:532} INFO - Filling up the DagBag from /home/humbulani/miniconda3/envs/apache-airflow/lib/python3.8/site-packages/airflow/example_dags/example_task_group_decorator.py
[2023-03-26T22:03:31.696+0200] {processor.py:753} INFO - DAG(s) dict_keys(['example_task_group_decorator']) retrieved from /home/humbulani/miniconda3/envs/apache-airflow/lib/python3.8/site-packages/airflow/example_dags/example_task_group_decorator.py
[2023-03-26T22:03:31.716+0200] {logging_mixin.py:137} INFO - [2023-03-26T22:03:31.716+0200] {dag.py:2693} INFO - Sync 1 DAGs
[2023-03-26T22:03:31.734+0200] {logging_mixin.py:137} INFO - [2023-03-26T22:03:31.734+0200] {dag.py:3440} INFO - Setting next_dagrun for example_task_group_decorator to 2023-03-25T20:03:31.734351+00:00, run_after=2023-03-26T20:03:31.734351+00:00
[2023-03-26T22:03:31.810+0200] {processor.py:175} INFO - Processing /home/humbulani/miniconda3/envs/apache-airflow/lib/python3.8/site-packages/airflow/example_dags/example_task_group_decorator.py took 0.165 seconds
[2023-03-26T22:04:16.716+0200] {processor.py:153} INFO - Started process (PID=18679) to work on /home/humbulani/miniconda3/envs/apache-airflow/lib/python3.8/site-packages/airflow/example_dags/example_task_group_decorator.py
[2023-03-26T22:04:16.728+0200] {processor.py:743} INFO - Processing file /home/humbulani/miniconda3/envs/apache-airflow/lib/python3.8/site-packages/airflow/example_dags/example_task_group_decorator.py for tasks to queue
[2023-03-26T22:04:16.728+0200] {logging_mixin.py:137} INFO - [2023-03-26T22:04:16.728+0200] {dagbag.py:532} INFO - Filling up the DagBag from /home/humbulani/miniconda3/envs/apache-airflow/lib/python3.8/site-packages/airflow/example_dags/example_task_group_decorator.py
[2023-03-26T22:04:16.755+0200] {processor.py:753} INFO - DAG(s) dict_keys(['example_task_group_decorator']) retrieved from /home/humbulani/miniconda3/envs/apache-airflow/lib/python3.8/site-packages/airflow/example_dags/example_task_group_decorator.py
[2023-03-26T22:04:16.775+0200] {logging_mixin.py:137} INFO - [2023-03-26T22:04:16.775+0200] {dag.py:2693} INFO - Sync 1 DAGs
[2023-03-26T22:04:16.793+0200] {logging_mixin.py:137} INFO - [2023-03-26T22:04:16.793+0200] {dag.py:3440} INFO - Setting next_dagrun for example_task_group_decorator to 2023-03-25T20:04:16.793340+00:00, run_after=2023-03-26T20:04:16.793340+00:00
[2023-03-26T22:04:16.874+0200] {processor.py:175} INFO - Processing /home/humbulani/miniconda3/envs/apache-airflow/lib/python3.8/site-packages/airflow/example_dags/example_task_group_decorator.py took 0.161 seconds
[2023-03-26T22:05:02.739+0200] {processor.py:153} INFO - Started process (PID=18737) to work on /home/humbulani/miniconda3/envs/apache-airflow/lib/python3.8/site-packages/airflow/example_dags/example_task_group_decorator.py
[2023-03-26T22:05:02.748+0200] {processor.py:743} INFO - Processing file /home/humbulani/miniconda3/envs/apache-airflow/lib/python3.8/site-packages/airflow/example_dags/example_task_group_decorator.py for tasks to queue
[2023-03-26T22:05:02.749+0200] {logging_mixin.py:137} INFO - [2023-03-26T22:05:02.749+0200] {dagbag.py:532} INFO - Filling up the DagBag from /home/humbulani/miniconda3/envs/apache-airflow/lib/python3.8/site-packages/airflow/example_dags/example_task_group_decorator.py
[2023-03-26T22:05:02.775+0200] {processor.py:753} INFO - DAG(s) dict_keys(['example_task_group_decorator']) retrieved from /home/humbulani/miniconda3/envs/apache-airflow/lib/python3.8/site-packages/airflow/example_dags/example_task_group_decorator.py
[2023-03-26T22:05:02.797+0200] {logging_mixin.py:137} INFO - [2023-03-26T22:05:02.797+0200] {dag.py:2693} INFO - Sync 1 DAGs
[2023-03-26T22:05:02.815+0200] {logging_mixin.py:137} INFO - [2023-03-26T22:05:02.815+0200] {dag.py:3440} INFO - Setting next_dagrun for example_task_group_decorator to 2023-03-25T20:05:02.815311+00:00, run_after=2023-03-26T20:05:02.815311+00:00
[2023-03-26T22:05:02.908+0200] {processor.py:175} INFO - Processing /home/humbulani/miniconda3/envs/apache-airflow/lib/python3.8/site-packages/airflow/example_dags/example_task_group_decorator.py took 0.171 seconds
[2023-03-26T22:05:46.336+0200] {processor.py:153} INFO - Started process (PID=18788) to work on /home/humbulani/miniconda3/envs/apache-airflow/lib/python3.8/site-packages/airflow/example_dags/example_task_group_decorator.py
[2023-03-26T22:05:46.337+0200] {processor.py:743} INFO - Processing file /home/humbulani/miniconda3/envs/apache-airflow/lib/python3.8/site-packages/airflow/example_dags/example_task_group_decorator.py for tasks to queue
[2023-03-26T22:05:46.338+0200] {logging_mixin.py:137} INFO - [2023-03-26T22:05:46.338+0200] {dagbag.py:532} INFO - Filling up the DagBag from /home/humbulani/miniconda3/envs/apache-airflow/lib/python3.8/site-packages/airflow/example_dags/example_task_group_decorator.py
[2023-03-26T22:05:46.367+0200] {processor.py:753} INFO - DAG(s) dict_keys(['example_task_group_decorator']) retrieved from /home/humbulani/miniconda3/envs/apache-airflow/lib/python3.8/site-packages/airflow/example_dags/example_task_group_decorator.py
[2023-03-26T22:05:46.387+0200] {logging_mixin.py:137} INFO - [2023-03-26T22:05:46.387+0200] {dag.py:2693} INFO - Sync 1 DAGs
[2023-03-26T22:05:46.404+0200] {logging_mixin.py:137} INFO - [2023-03-26T22:05:46.404+0200] {dag.py:3440} INFO - Setting next_dagrun for example_task_group_decorator to 2023-03-25T20:05:46.404535+00:00, run_after=2023-03-26T20:05:46.404535+00:00
[2023-03-26T22:05:46.495+0200] {processor.py:175} INFO - Processing /home/humbulani/miniconda3/envs/apache-airflow/lib/python3.8/site-packages/airflow/example_dags/example_task_group_decorator.py took 0.162 seconds
[2023-03-26T22:06:32.016+0200] {processor.py:153} INFO - Started process (PID=18834) to work on /home/humbulani/miniconda3/envs/apache-airflow/lib/python3.8/site-packages/airflow/example_dags/example_task_group_decorator.py
[2023-03-26T22:06:32.028+0200] {processor.py:743} INFO - Processing file /home/humbulani/miniconda3/envs/apache-airflow/lib/python3.8/site-packages/airflow/example_dags/example_task_group_decorator.py for tasks to queue
[2023-03-26T22:06:32.029+0200] {logging_mixin.py:137} INFO - [2023-03-26T22:06:32.029+0200] {dagbag.py:532} INFO - Filling up the DagBag from /home/humbulani/miniconda3/envs/apache-airflow/lib/python3.8/site-packages/airflow/example_dags/example_task_group_decorator.py
[2023-03-26T22:06:32.057+0200] {processor.py:753} INFO - DAG(s) dict_keys(['example_task_group_decorator']) retrieved from /home/humbulani/miniconda3/envs/apache-airflow/lib/python3.8/site-packages/airflow/example_dags/example_task_group_decorator.py
[2023-03-26T22:06:32.077+0200] {logging_mixin.py:137} INFO - [2023-03-26T22:06:32.077+0200] {dag.py:2693} INFO - Sync 1 DAGs
[2023-03-26T22:06:32.094+0200] {logging_mixin.py:137} INFO - [2023-03-26T22:06:32.093+0200] {dag.py:3440} INFO - Setting next_dagrun for example_task_group_decorator to 2023-03-25T20:06:32.093606+00:00, run_after=2023-03-26T20:06:32.093606+00:00
[2023-03-26T22:06:32.167+0200] {processor.py:175} INFO - Processing /home/humbulani/miniconda3/envs/apache-airflow/lib/python3.8/site-packages/airflow/example_dags/example_task_group_decorator.py took 0.154 seconds
[2023-03-26T22:07:19.015+0200] {processor.py:153} INFO - Started process (PID=18980) to work on /home/humbulani/miniconda3/envs/apache-airflow/lib/python3.8/site-packages/airflow/example_dags/example_task_group_decorator.py
[2023-03-26T22:07:19.026+0200] {processor.py:743} INFO - Processing file /home/humbulani/miniconda3/envs/apache-airflow/lib/python3.8/site-packages/airflow/example_dags/example_task_group_decorator.py for tasks to queue
[2023-03-26T22:07:19.027+0200] {logging_mixin.py:137} INFO - [2023-03-26T22:07:19.027+0200] {dagbag.py:532} INFO - Filling up the DagBag from /home/humbulani/miniconda3/envs/apache-airflow/lib/python3.8/site-packages/airflow/example_dags/example_task_group_decorator.py
[2023-03-26T22:07:19.052+0200] {processor.py:753} INFO - DAG(s) dict_keys(['example_task_group_decorator']) retrieved from /home/humbulani/miniconda3/envs/apache-airflow/lib/python3.8/site-packages/airflow/example_dags/example_task_group_decorator.py
[2023-03-26T22:07:19.073+0200] {logging_mixin.py:137} INFO - [2023-03-26T22:07:19.072+0200] {dag.py:2693} INFO - Sync 1 DAGs
[2023-03-26T22:07:19.092+0200] {logging_mixin.py:137} INFO - [2023-03-26T22:07:19.092+0200] {dag.py:3440} INFO - Setting next_dagrun for example_task_group_decorator to 2023-03-25T20:07:19.092326+00:00, run_after=2023-03-26T20:07:19.092326+00:00
[2023-03-26T22:07:19.167+0200] {processor.py:175} INFO - Processing /home/humbulani/miniconda3/envs/apache-airflow/lib/python3.8/site-packages/airflow/example_dags/example_task_group_decorator.py took 0.154 seconds
[2023-03-26T22:08:03.581+0200] {processor.py:153} INFO - Started process (PID=19024) to work on /home/humbulani/miniconda3/envs/apache-airflow/lib/python3.8/site-packages/airflow/example_dags/example_task_group_decorator.py
[2023-03-26T22:08:03.582+0200] {processor.py:743} INFO - Processing file /home/humbulani/miniconda3/envs/apache-airflow/lib/python3.8/site-packages/airflow/example_dags/example_task_group_decorator.py for tasks to queue
[2023-03-26T22:08:03.582+0200] {logging_mixin.py:137} INFO - [2023-03-26T22:08:03.582+0200] {dagbag.py:532} INFO - Filling up the DagBag from /home/humbulani/miniconda3/envs/apache-airflow/lib/python3.8/site-packages/airflow/example_dags/example_task_group_decorator.py
[2023-03-26T22:08:03.608+0200] {processor.py:753} INFO - DAG(s) dict_keys(['example_task_group_decorator']) retrieved from /home/humbulani/miniconda3/envs/apache-airflow/lib/python3.8/site-packages/airflow/example_dags/example_task_group_decorator.py
[2023-03-26T22:08:03.628+0200] {logging_mixin.py:137} INFO - [2023-03-26T22:08:03.628+0200] {dag.py:2693} INFO - Sync 1 DAGs
[2023-03-26T22:08:03.646+0200] {logging_mixin.py:137} INFO - [2023-03-26T22:08:03.646+0200] {dag.py:3440} INFO - Setting next_dagrun for example_task_group_decorator to 2023-03-25T20:08:03.645867+00:00, run_after=2023-03-26T20:08:03.645867+00:00
[2023-03-26T22:08:03.720+0200] {processor.py:175} INFO - Processing /home/humbulani/miniconda3/envs/apache-airflow/lib/python3.8/site-packages/airflow/example_dags/example_task_group_decorator.py took 0.141 seconds
[2023-03-26T22:08:49.909+0200] {processor.py:153} INFO - Started process (PID=19110) to work on /home/humbulani/miniconda3/envs/apache-airflow/lib/python3.8/site-packages/airflow/example_dags/example_task_group_decorator.py
[2023-03-26T22:08:49.918+0200] {processor.py:743} INFO - Processing file /home/humbulani/miniconda3/envs/apache-airflow/lib/python3.8/site-packages/airflow/example_dags/example_task_group_decorator.py for tasks to queue
[2023-03-26T22:08:49.919+0200] {logging_mixin.py:137} INFO - [2023-03-26T22:08:49.919+0200] {dagbag.py:532} INFO - Filling up the DagBag from /home/humbulani/miniconda3/envs/apache-airflow/lib/python3.8/site-packages/airflow/example_dags/example_task_group_decorator.py
[2023-03-26T22:08:49.952+0200] {processor.py:753} INFO - DAG(s) dict_keys(['example_task_group_decorator']) retrieved from /home/humbulani/miniconda3/envs/apache-airflow/lib/python3.8/site-packages/airflow/example_dags/example_task_group_decorator.py
[2023-03-26T22:08:49.978+0200] {logging_mixin.py:137} INFO - [2023-03-26T22:08:49.977+0200] {dag.py:2693} INFO - Sync 1 DAGs
[2023-03-26T22:08:50.001+0200] {logging_mixin.py:137} INFO - [2023-03-26T22:08:50.001+0200] {dag.py:3440} INFO - Setting next_dagrun for example_task_group_decorator to 2023-03-25T20:08:50.001589+00:00, run_after=2023-03-26T20:08:50.001589+00:00
[2023-03-26T22:08:50.090+0200] {processor.py:175} INFO - Processing /home/humbulani/miniconda3/envs/apache-airflow/lib/python3.8/site-packages/airflow/example_dags/example_task_group_decorator.py took 0.183 seconds
[2023-03-26T22:09:38.020+0200] {processor.py:153} INFO - Started process (PID=19154) to work on /home/humbulani/miniconda3/envs/apache-airflow/lib/python3.8/site-packages/airflow/example_dags/example_task_group_decorator.py
[2023-03-26T22:09:38.024+0200] {processor.py:743} INFO - Processing file /home/humbulani/miniconda3/envs/apache-airflow/lib/python3.8/site-packages/airflow/example_dags/example_task_group_decorator.py for tasks to queue
[2023-03-26T22:09:38.024+0200] {logging_mixin.py:137} INFO - [2023-03-26T22:09:38.024+0200] {dagbag.py:532} INFO - Filling up the DagBag from /home/humbulani/miniconda3/envs/apache-airflow/lib/python3.8/site-packages/airflow/example_dags/example_task_group_decorator.py
[2023-03-26T22:09:38.054+0200] {processor.py:753} INFO - DAG(s) dict_keys(['example_task_group_decorator']) retrieved from /home/humbulani/miniconda3/envs/apache-airflow/lib/python3.8/site-packages/airflow/example_dags/example_task_group_decorator.py
[2023-03-26T22:09:38.075+0200] {logging_mixin.py:137} INFO - [2023-03-26T22:09:38.074+0200] {dag.py:2693} INFO - Sync 1 DAGs
[2023-03-26T22:09:38.091+0200] {logging_mixin.py:137} INFO - [2023-03-26T22:09:38.091+0200] {dag.py:3440} INFO - Setting next_dagrun for example_task_group_decorator to 2023-03-25T20:09:38.091529+00:00, run_after=2023-03-26T20:09:38.091529+00:00
[2023-03-26T22:09:38.164+0200] {processor.py:175} INFO - Processing /home/humbulani/miniconda3/envs/apache-airflow/lib/python3.8/site-packages/airflow/example_dags/example_task_group_decorator.py took 0.147 seconds
[2023-03-26T22:10:21.544+0200] {processor.py:153} INFO - Started process (PID=19213) to work on /home/humbulani/miniconda3/envs/apache-airflow/lib/python3.8/site-packages/airflow/example_dags/example_task_group_decorator.py
[2023-03-26T22:10:21.554+0200] {processor.py:743} INFO - Processing file /home/humbulani/miniconda3/envs/apache-airflow/lib/python3.8/site-packages/airflow/example_dags/example_task_group_decorator.py for tasks to queue
[2023-03-26T22:10:21.555+0200] {logging_mixin.py:137} INFO - [2023-03-26T22:10:21.554+0200] {dagbag.py:532} INFO - Filling up the DagBag from /home/humbulani/miniconda3/envs/apache-airflow/lib/python3.8/site-packages/airflow/example_dags/example_task_group_decorator.py
[2023-03-26T22:10:21.580+0200] {processor.py:753} INFO - DAG(s) dict_keys(['example_task_group_decorator']) retrieved from /home/humbulani/miniconda3/envs/apache-airflow/lib/python3.8/site-packages/airflow/example_dags/example_task_group_decorator.py
[2023-03-26T22:10:21.599+0200] {logging_mixin.py:137} INFO - [2023-03-26T22:10:21.599+0200] {dag.py:2693} INFO - Sync 1 DAGs
[2023-03-26T22:10:21.616+0200] {logging_mixin.py:137} INFO - [2023-03-26T22:10:21.616+0200] {dag.py:3440} INFO - Setting next_dagrun for example_task_group_decorator to 2023-03-25T20:10:21.616108+00:00, run_after=2023-03-26T20:10:21.616108+00:00
[2023-03-26T22:10:21.694+0200] {processor.py:175} INFO - Processing /home/humbulani/miniconda3/envs/apache-airflow/lib/python3.8/site-packages/airflow/example_dags/example_task_group_decorator.py took 0.153 seconds
[2023-03-26T22:11:09.129+0200] {processor.py:153} INFO - Started process (PID=19327) to work on /home/humbulani/miniconda3/envs/apache-airflow/lib/python3.8/site-packages/airflow/example_dags/example_task_group_decorator.py
[2023-03-26T22:11:09.151+0200] {processor.py:743} INFO - Processing file /home/humbulani/miniconda3/envs/apache-airflow/lib/python3.8/site-packages/airflow/example_dags/example_task_group_decorator.py for tasks to queue
[2023-03-26T22:11:09.152+0200] {logging_mixin.py:137} INFO - [2023-03-26T22:11:09.151+0200] {dagbag.py:532} INFO - Filling up the DagBag from /home/humbulani/miniconda3/envs/apache-airflow/lib/python3.8/site-packages/airflow/example_dags/example_task_group_decorator.py
[2023-03-26T22:11:09.178+0200] {processor.py:753} INFO - DAG(s) dict_keys(['example_task_group_decorator']) retrieved from /home/humbulani/miniconda3/envs/apache-airflow/lib/python3.8/site-packages/airflow/example_dags/example_task_group_decorator.py
[2023-03-26T22:11:09.197+0200] {logging_mixin.py:137} INFO - [2023-03-26T22:11:09.197+0200] {dag.py:2693} INFO - Sync 1 DAGs
[2023-03-26T22:11:09.214+0200] {logging_mixin.py:137} INFO - [2023-03-26T22:11:09.214+0200] {dag.py:3440} INFO - Setting next_dagrun for example_task_group_decorator to 2023-03-25T20:11:09.214425+00:00, run_after=2023-03-26T20:11:09.214425+00:00
[2023-03-26T22:11:09.301+0200] {processor.py:175} INFO - Processing /home/humbulani/miniconda3/envs/apache-airflow/lib/python3.8/site-packages/airflow/example_dags/example_task_group_decorator.py took 0.174 seconds
[2023-03-26T22:11:55.752+0200] {processor.py:153} INFO - Started process (PID=19369) to work on /home/humbulani/miniconda3/envs/apache-airflow/lib/python3.8/site-packages/airflow/example_dags/example_task_group_decorator.py
[2023-03-26T22:11:55.753+0200] {processor.py:743} INFO - Processing file /home/humbulani/miniconda3/envs/apache-airflow/lib/python3.8/site-packages/airflow/example_dags/example_task_group_decorator.py for tasks to queue
[2023-03-26T22:11:55.754+0200] {logging_mixin.py:137} INFO - [2023-03-26T22:11:55.754+0200] {dagbag.py:532} INFO - Filling up the DagBag from /home/humbulani/miniconda3/envs/apache-airflow/lib/python3.8/site-packages/airflow/example_dags/example_task_group_decorator.py
[2023-03-26T22:11:55.782+0200] {processor.py:753} INFO - DAG(s) dict_keys(['example_task_group_decorator']) retrieved from /home/humbulani/miniconda3/envs/apache-airflow/lib/python3.8/site-packages/airflow/example_dags/example_task_group_decorator.py
[2023-03-26T22:11:55.803+0200] {logging_mixin.py:137} INFO - [2023-03-26T22:11:55.802+0200] {dag.py:2693} INFO - Sync 1 DAGs
[2023-03-26T22:11:55.827+0200] {logging_mixin.py:137} INFO - [2023-03-26T22:11:55.826+0200] {dag.py:3440} INFO - Setting next_dagrun for example_task_group_decorator to 2023-03-25T20:11:55.826732+00:00, run_after=2023-03-26T20:11:55.826732+00:00
[2023-03-26T22:11:55.913+0200] {processor.py:175} INFO - Processing /home/humbulani/miniconda3/envs/apache-airflow/lib/python3.8/site-packages/airflow/example_dags/example_task_group_decorator.py took 0.163 seconds
[2023-03-26T22:12:39.321+0200] {processor.py:153} INFO - Started process (PID=19480) to work on /home/humbulani/miniconda3/envs/apache-airflow/lib/python3.8/site-packages/airflow/example_dags/example_task_group_decorator.py
[2023-03-26T22:12:39.322+0200] {processor.py:743} INFO - Processing file /home/humbulani/miniconda3/envs/apache-airflow/lib/python3.8/site-packages/airflow/example_dags/example_task_group_decorator.py for tasks to queue
[2023-03-26T22:12:39.322+0200] {logging_mixin.py:137} INFO - [2023-03-26T22:12:39.322+0200] {dagbag.py:532} INFO - Filling up the DagBag from /home/humbulani/miniconda3/envs/apache-airflow/lib/python3.8/site-packages/airflow/example_dags/example_task_group_decorator.py
[2023-03-26T22:12:39.349+0200] {processor.py:753} INFO - DAG(s) dict_keys(['example_task_group_decorator']) retrieved from /home/humbulani/miniconda3/envs/apache-airflow/lib/python3.8/site-packages/airflow/example_dags/example_task_group_decorator.py
[2023-03-26T22:12:39.371+0200] {logging_mixin.py:137} INFO - [2023-03-26T22:12:39.371+0200] {dag.py:2693} INFO - Sync 1 DAGs
[2023-03-26T22:12:39.391+0200] {logging_mixin.py:137} INFO - [2023-03-26T22:12:39.391+0200] {dag.py:3440} INFO - Setting next_dagrun for example_task_group_decorator to 2023-03-25T20:12:39.391035+00:00, run_after=2023-03-26T20:12:39.391035+00:00
[2023-03-26T22:12:39.577+0200] {processor.py:175} INFO - Processing /home/humbulani/miniconda3/envs/apache-airflow/lib/python3.8/site-packages/airflow/example_dags/example_task_group_decorator.py took 0.258 seconds
[2023-03-26T22:13:27.511+0200] {processor.py:153} INFO - Started process (PID=19523) to work on /home/humbulani/miniconda3/envs/apache-airflow/lib/python3.8/site-packages/airflow/example_dags/example_task_group_decorator.py
[2023-03-26T22:13:27.532+0200] {processor.py:743} INFO - Processing file /home/humbulani/miniconda3/envs/apache-airflow/lib/python3.8/site-packages/airflow/example_dags/example_task_group_decorator.py for tasks to queue
[2023-03-26T22:13:27.532+0200] {logging_mixin.py:137} INFO - [2023-03-26T22:13:27.532+0200] {dagbag.py:532} INFO - Filling up the DagBag from /home/humbulani/miniconda3/envs/apache-airflow/lib/python3.8/site-packages/airflow/example_dags/example_task_group_decorator.py
[2023-03-26T22:13:27.565+0200] {processor.py:753} INFO - DAG(s) dict_keys(['example_task_group_decorator']) retrieved from /home/humbulani/miniconda3/envs/apache-airflow/lib/python3.8/site-packages/airflow/example_dags/example_task_group_decorator.py
[2023-03-26T22:13:27.589+0200] {logging_mixin.py:137} INFO - [2023-03-26T22:13:27.589+0200] {dag.py:2693} INFO - Sync 1 DAGs
[2023-03-26T22:13:27.610+0200] {logging_mixin.py:137} INFO - [2023-03-26T22:13:27.610+0200] {dag.py:3440} INFO - Setting next_dagrun for example_task_group_decorator to 2023-03-25T20:13:27.610385+00:00, run_after=2023-03-26T20:13:27.610385+00:00
[2023-03-26T22:13:27.691+0200] {processor.py:175} INFO - Processing /home/humbulani/miniconda3/envs/apache-airflow/lib/python3.8/site-packages/airflow/example_dags/example_task_group_decorator.py took 0.183 seconds
[2023-03-26T22:14:13.578+0200] {processor.py:153} INFO - Started process (PID=19568) to work on /home/humbulani/miniconda3/envs/apache-airflow/lib/python3.8/site-packages/airflow/example_dags/example_task_group_decorator.py
[2023-03-26T22:14:13.579+0200] {processor.py:743} INFO - Processing file /home/humbulani/miniconda3/envs/apache-airflow/lib/python3.8/site-packages/airflow/example_dags/example_task_group_decorator.py for tasks to queue
[2023-03-26T22:14:13.579+0200] {logging_mixin.py:137} INFO - [2023-03-26T22:14:13.579+0200] {dagbag.py:532} INFO - Filling up the DagBag from /home/humbulani/miniconda3/envs/apache-airflow/lib/python3.8/site-packages/airflow/example_dags/example_task_group_decorator.py
[2023-03-26T22:14:13.605+0200] {processor.py:753} INFO - DAG(s) dict_keys(['example_task_group_decorator']) retrieved from /home/humbulani/miniconda3/envs/apache-airflow/lib/python3.8/site-packages/airflow/example_dags/example_task_group_decorator.py
[2023-03-26T22:14:13.625+0200] {logging_mixin.py:137} INFO - [2023-03-26T22:14:13.624+0200] {dag.py:2693} INFO - Sync 1 DAGs
[2023-03-26T22:14:13.641+0200] {logging_mixin.py:137} INFO - [2023-03-26T22:14:13.641+0200] {dag.py:3440} INFO - Setting next_dagrun for example_task_group_decorator to 2023-03-25T20:14:13.641436+00:00, run_after=2023-03-26T20:14:13.641436+00:00
[2023-03-26T22:14:13.719+0200] {processor.py:175} INFO - Processing /home/humbulani/miniconda3/envs/apache-airflow/lib/python3.8/site-packages/airflow/example_dags/example_task_group_decorator.py took 0.143 seconds
[2023-03-26T22:15:00.100+0200] {processor.py:153} INFO - Started process (PID=19617) to work on /home/humbulani/miniconda3/envs/apache-airflow/lib/python3.8/site-packages/airflow/example_dags/example_task_group_decorator.py
[2023-03-26T22:15:00.138+0200] {processor.py:743} INFO - Processing file /home/humbulani/miniconda3/envs/apache-airflow/lib/python3.8/site-packages/airflow/example_dags/example_task_group_decorator.py for tasks to queue
[2023-03-26T22:15:00.138+0200] {logging_mixin.py:137} INFO - [2023-03-26T22:15:00.138+0200] {dagbag.py:532} INFO - Filling up the DagBag from /home/humbulani/miniconda3/envs/apache-airflow/lib/python3.8/site-packages/airflow/example_dags/example_task_group_decorator.py
[2023-03-26T22:15:00.173+0200] {processor.py:753} INFO - DAG(s) dict_keys(['example_task_group_decorator']) retrieved from /home/humbulani/miniconda3/envs/apache-airflow/lib/python3.8/site-packages/airflow/example_dags/example_task_group_decorator.py
[2023-03-26T22:15:00.194+0200] {logging_mixin.py:137} INFO - [2023-03-26T22:15:00.194+0200] {dag.py:2693} INFO - Sync 1 DAGs
[2023-03-26T22:15:00.211+0200] {logging_mixin.py:137} INFO - [2023-03-26T22:15:00.211+0200] {dag.py:3440} INFO - Setting next_dagrun for example_task_group_decorator to 2023-03-25T20:15:00.211267+00:00, run_after=2023-03-26T20:15:00.211267+00:00
[2023-03-26T22:15:00.293+0200] {processor.py:175} INFO - Processing /home/humbulani/miniconda3/envs/apache-airflow/lib/python3.8/site-packages/airflow/example_dags/example_task_group_decorator.py took 0.196 seconds
[2023-03-26T22:15:47.813+0200] {processor.py:153} INFO - Started process (PID=19723) to work on /home/humbulani/miniconda3/envs/apache-airflow/lib/python3.8/site-packages/airflow/example_dags/example_task_group_decorator.py
[2023-03-26T22:15:47.826+0200] {processor.py:743} INFO - Processing file /home/humbulani/miniconda3/envs/apache-airflow/lib/python3.8/site-packages/airflow/example_dags/example_task_group_decorator.py for tasks to queue
[2023-03-26T22:15:47.827+0200] {logging_mixin.py:137} INFO - [2023-03-26T22:15:47.827+0200] {dagbag.py:532} INFO - Filling up the DagBag from /home/humbulani/miniconda3/envs/apache-airflow/lib/python3.8/site-packages/airflow/example_dags/example_task_group_decorator.py
[2023-03-26T22:15:47.859+0200] {processor.py:753} INFO - DAG(s) dict_keys(['example_task_group_decorator']) retrieved from /home/humbulani/miniconda3/envs/apache-airflow/lib/python3.8/site-packages/airflow/example_dags/example_task_group_decorator.py
[2023-03-26T22:15:47.879+0200] {logging_mixin.py:137} INFO - [2023-03-26T22:15:47.879+0200] {dag.py:2693} INFO - Sync 1 DAGs
[2023-03-26T22:15:47.897+0200] {logging_mixin.py:137} INFO - [2023-03-26T22:15:47.897+0200] {dag.py:3440} INFO - Setting next_dagrun for example_task_group_decorator to 2023-03-25T20:15:47.897129+00:00, run_after=2023-03-26T20:15:47.897129+00:00
[2023-03-26T22:15:48.005+0200] {processor.py:175} INFO - Processing /home/humbulani/miniconda3/envs/apache-airflow/lib/python3.8/site-packages/airflow/example_dags/example_task_group_decorator.py took 0.196 seconds
[2023-03-26T22:16:37.692+0200] {processor.py:153} INFO - Started process (PID=19831) to work on /home/humbulani/miniconda3/envs/apache-airflow/lib/python3.8/site-packages/airflow/example_dags/example_task_group_decorator.py
[2023-03-26T22:16:37.704+0200] {processor.py:743} INFO - Processing file /home/humbulani/miniconda3/envs/apache-airflow/lib/python3.8/site-packages/airflow/example_dags/example_task_group_decorator.py for tasks to queue
[2023-03-26T22:16:37.705+0200] {logging_mixin.py:137} INFO - [2023-03-26T22:16:37.705+0200] {dagbag.py:532} INFO - Filling up the DagBag from /home/humbulani/miniconda3/envs/apache-airflow/lib/python3.8/site-packages/airflow/example_dags/example_task_group_decorator.py
[2023-03-26T22:16:37.730+0200] {processor.py:753} INFO - DAG(s) dict_keys(['example_task_group_decorator']) retrieved from /home/humbulani/miniconda3/envs/apache-airflow/lib/python3.8/site-packages/airflow/example_dags/example_task_group_decorator.py
[2023-03-26T22:16:37.749+0200] {logging_mixin.py:137} INFO - [2023-03-26T22:16:37.749+0200] {dag.py:2693} INFO - Sync 1 DAGs
[2023-03-26T22:16:37.767+0200] {logging_mixin.py:137} INFO - [2023-03-26T22:16:37.767+0200] {dag.py:3440} INFO - Setting next_dagrun for example_task_group_decorator to 2023-03-25T20:16:37.767225+00:00, run_after=2023-03-26T20:16:37.767225+00:00
[2023-03-26T22:16:37.859+0200] {processor.py:175} INFO - Processing /home/humbulani/miniconda3/envs/apache-airflow/lib/python3.8/site-packages/airflow/example_dags/example_task_group_decorator.py took 0.169 seconds
[2023-03-26T22:17:25.645+0200] {processor.py:153} INFO - Started process (PID=19880) to work on /home/humbulani/miniconda3/envs/apache-airflow/lib/python3.8/site-packages/airflow/example_dags/example_task_group_decorator.py
[2023-03-26T22:17:25.659+0200] {processor.py:743} INFO - Processing file /home/humbulani/miniconda3/envs/apache-airflow/lib/python3.8/site-packages/airflow/example_dags/example_task_group_decorator.py for tasks to queue
[2023-03-26T22:17:25.660+0200] {logging_mixin.py:137} INFO - [2023-03-26T22:17:25.659+0200] {dagbag.py:532} INFO - Filling up the DagBag from /home/humbulani/miniconda3/envs/apache-airflow/lib/python3.8/site-packages/airflow/example_dags/example_task_group_decorator.py
[2023-03-26T22:17:25.687+0200] {processor.py:753} INFO - DAG(s) dict_keys(['example_task_group_decorator']) retrieved from /home/humbulani/miniconda3/envs/apache-airflow/lib/python3.8/site-packages/airflow/example_dags/example_task_group_decorator.py
[2023-03-26T22:17:25.707+0200] {logging_mixin.py:137} INFO - [2023-03-26T22:17:25.707+0200] {dag.py:2693} INFO - Sync 1 DAGs
[2023-03-26T22:17:25.723+0200] {logging_mixin.py:137} INFO - [2023-03-26T22:17:25.723+0200] {dag.py:3440} INFO - Setting next_dagrun for example_task_group_decorator to 2023-03-25T20:17:25.723649+00:00, run_after=2023-03-26T20:17:25.723649+00:00
[2023-03-26T22:17:25.805+0200] {processor.py:175} INFO - Processing /home/humbulani/miniconda3/envs/apache-airflow/lib/python3.8/site-packages/airflow/example_dags/example_task_group_decorator.py took 0.162 seconds
[2023-03-26T22:18:09.249+0200] {processor.py:153} INFO - Started process (PID=19991) to work on /home/humbulani/miniconda3/envs/apache-airflow/lib/python3.8/site-packages/airflow/example_dags/example_task_group_decorator.py
[2023-03-26T22:18:09.256+0200] {processor.py:743} INFO - Processing file /home/humbulani/miniconda3/envs/apache-airflow/lib/python3.8/site-packages/airflow/example_dags/example_task_group_decorator.py for tasks to queue
[2023-03-26T22:18:09.257+0200] {logging_mixin.py:137} INFO - [2023-03-26T22:18:09.257+0200] {dagbag.py:532} INFO - Filling up the DagBag from /home/humbulani/miniconda3/envs/apache-airflow/lib/python3.8/site-packages/airflow/example_dags/example_task_group_decorator.py
[2023-03-26T22:18:09.287+0200] {processor.py:753} INFO - DAG(s) dict_keys(['example_task_group_decorator']) retrieved from /home/humbulani/miniconda3/envs/apache-airflow/lib/python3.8/site-packages/airflow/example_dags/example_task_group_decorator.py
[2023-03-26T22:18:09.308+0200] {logging_mixin.py:137} INFO - [2023-03-26T22:18:09.308+0200] {dag.py:2693} INFO - Sync 1 DAGs
[2023-03-26T22:18:09.326+0200] {logging_mixin.py:137} INFO - [2023-03-26T22:18:09.325+0200] {dag.py:3440} INFO - Setting next_dagrun for example_task_group_decorator to 2023-03-25T20:18:09.325554+00:00, run_after=2023-03-26T20:18:09.325554+00:00
[2023-03-26T22:18:09.469+0200] {processor.py:175} INFO - Processing /home/humbulani/miniconda3/envs/apache-airflow/lib/python3.8/site-packages/airflow/example_dags/example_task_group_decorator.py took 0.223 seconds
[2023-03-26T22:18:53.358+0200] {processor.py:153} INFO - Started process (PID=20036) to work on /home/humbulani/miniconda3/envs/apache-airflow/lib/python3.8/site-packages/airflow/example_dags/example_task_group_decorator.py
[2023-03-26T22:18:53.368+0200] {processor.py:743} INFO - Processing file /home/humbulani/miniconda3/envs/apache-airflow/lib/python3.8/site-packages/airflow/example_dags/example_task_group_decorator.py for tasks to queue
[2023-03-26T22:18:53.369+0200] {logging_mixin.py:137} INFO - [2023-03-26T22:18:53.369+0200] {dagbag.py:532} INFO - Filling up the DagBag from /home/humbulani/miniconda3/envs/apache-airflow/lib/python3.8/site-packages/airflow/example_dags/example_task_group_decorator.py
[2023-03-26T22:18:53.399+0200] {processor.py:753} INFO - DAG(s) dict_keys(['example_task_group_decorator']) retrieved from /home/humbulani/miniconda3/envs/apache-airflow/lib/python3.8/site-packages/airflow/example_dags/example_task_group_decorator.py
[2023-03-26T22:18:53.419+0200] {logging_mixin.py:137} INFO - [2023-03-26T22:18:53.418+0200] {dag.py:2693} INFO - Sync 1 DAGs
[2023-03-26T22:18:53.435+0200] {logging_mixin.py:137} INFO - [2023-03-26T22:18:53.435+0200] {dag.py:3440} INFO - Setting next_dagrun for example_task_group_decorator to 2023-03-25T20:18:53.435506+00:00, run_after=2023-03-26T20:18:53.435506+00:00
[2023-03-26T22:18:53.515+0200] {processor.py:175} INFO - Processing /home/humbulani/miniconda3/envs/apache-airflow/lib/python3.8/site-packages/airflow/example_dags/example_task_group_decorator.py took 0.161 seconds
[2023-03-26T22:19:38.764+0200] {processor.py:153} INFO - Started process (PID=20144) to work on /home/humbulani/miniconda3/envs/apache-airflow/lib/python3.8/site-packages/airflow/example_dags/example_task_group_decorator.py
[2023-03-26T22:19:38.773+0200] {processor.py:743} INFO - Processing file /home/humbulani/miniconda3/envs/apache-airflow/lib/python3.8/site-packages/airflow/example_dags/example_task_group_decorator.py for tasks to queue
[2023-03-26T22:19:38.773+0200] {logging_mixin.py:137} INFO - [2023-03-26T22:19:38.773+0200] {dagbag.py:532} INFO - Filling up the DagBag from /home/humbulani/miniconda3/envs/apache-airflow/lib/python3.8/site-packages/airflow/example_dags/example_task_group_decorator.py
[2023-03-26T22:19:38.799+0200] {processor.py:753} INFO - DAG(s) dict_keys(['example_task_group_decorator']) retrieved from /home/humbulani/miniconda3/envs/apache-airflow/lib/python3.8/site-packages/airflow/example_dags/example_task_group_decorator.py
[2023-03-26T22:19:38.820+0200] {logging_mixin.py:137} INFO - [2023-03-26T22:19:38.820+0200] {dag.py:2693} INFO - Sync 1 DAGs
[2023-03-26T22:19:38.838+0200] {logging_mixin.py:137} INFO - [2023-03-26T22:19:38.838+0200] {dag.py:3440} INFO - Setting next_dagrun for example_task_group_decorator to 2023-03-25T20:19:38.838597+00:00, run_after=2023-03-26T20:19:38.838597+00:00
[2023-03-26T22:19:38.918+0200] {processor.py:175} INFO - Processing /home/humbulani/miniconda3/envs/apache-airflow/lib/python3.8/site-packages/airflow/example_dags/example_task_group_decorator.py took 0.156 seconds
[2023-03-26T22:20:23.515+0200] {processor.py:153} INFO - Started process (PID=20190) to work on /home/humbulani/miniconda3/envs/apache-airflow/lib/python3.8/site-packages/airflow/example_dags/example_task_group_decorator.py
[2023-03-26T22:20:23.525+0200] {processor.py:743} INFO - Processing file /home/humbulani/miniconda3/envs/apache-airflow/lib/python3.8/site-packages/airflow/example_dags/example_task_group_decorator.py for tasks to queue
[2023-03-26T22:20:23.525+0200] {logging_mixin.py:137} INFO - [2023-03-26T22:20:23.525+0200] {dagbag.py:532} INFO - Filling up the DagBag from /home/humbulani/miniconda3/envs/apache-airflow/lib/python3.8/site-packages/airflow/example_dags/example_task_group_decorator.py
[2023-03-26T22:20:23.557+0200] {processor.py:753} INFO - DAG(s) dict_keys(['example_task_group_decorator']) retrieved from /home/humbulani/miniconda3/envs/apache-airflow/lib/python3.8/site-packages/airflow/example_dags/example_task_group_decorator.py
[2023-03-26T22:20:23.576+0200] {logging_mixin.py:137} INFO - [2023-03-26T22:20:23.576+0200] {dag.py:2693} INFO - Sync 1 DAGs
[2023-03-26T22:20:23.594+0200] {logging_mixin.py:137} INFO - [2023-03-26T22:20:23.594+0200] {dag.py:3440} INFO - Setting next_dagrun for example_task_group_decorator to 2023-03-25T20:20:23.594067+00:00, run_after=2023-03-26T20:20:23.594067+00:00
[2023-03-26T22:20:23.672+0200] {processor.py:175} INFO - Processing /home/humbulani/miniconda3/envs/apache-airflow/lib/python3.8/site-packages/airflow/example_dags/example_task_group_decorator.py took 0.159 seconds
[2023-03-26T22:21:08.836+0200] {processor.py:153} INFO - Started process (PID=20280) to work on /home/humbulani/miniconda3/envs/apache-airflow/lib/python3.8/site-packages/airflow/example_dags/example_task_group_decorator.py
[2023-03-26T22:21:08.845+0200] {processor.py:743} INFO - Processing file /home/humbulani/miniconda3/envs/apache-airflow/lib/python3.8/site-packages/airflow/example_dags/example_task_group_decorator.py for tasks to queue
[2023-03-26T22:21:08.846+0200] {logging_mixin.py:137} INFO - [2023-03-26T22:21:08.846+0200] {dagbag.py:532} INFO - Filling up the DagBag from /home/humbulani/miniconda3/envs/apache-airflow/lib/python3.8/site-packages/airflow/example_dags/example_task_group_decorator.py
[2023-03-26T22:21:08.871+0200] {processor.py:753} INFO - DAG(s) dict_keys(['example_task_group_decorator']) retrieved from /home/humbulani/miniconda3/envs/apache-airflow/lib/python3.8/site-packages/airflow/example_dags/example_task_group_decorator.py
[2023-03-26T22:21:08.892+0200] {logging_mixin.py:137} INFO - [2023-03-26T22:21:08.891+0200] {dag.py:2693} INFO - Sync 1 DAGs
[2023-03-26T22:21:08.908+0200] {logging_mixin.py:137} INFO - [2023-03-26T22:21:08.908+0200] {dag.py:3440} INFO - Setting next_dagrun for example_task_group_decorator to 2023-03-25T20:21:08.908357+00:00, run_after=2023-03-26T20:21:08.908357+00:00
[2023-03-26T22:21:08.984+0200] {processor.py:175} INFO - Processing /home/humbulani/miniconda3/envs/apache-airflow/lib/python3.8/site-packages/airflow/example_dags/example_task_group_decorator.py took 0.151 seconds
[2023-03-26T22:21:53.688+0200] {processor.py:153} INFO - Started process (PID=20324) to work on /home/humbulani/miniconda3/envs/apache-airflow/lib/python3.8/site-packages/airflow/example_dags/example_task_group_decorator.py
[2023-03-26T22:21:53.700+0200] {processor.py:743} INFO - Processing file /home/humbulani/miniconda3/envs/apache-airflow/lib/python3.8/site-packages/airflow/example_dags/example_task_group_decorator.py for tasks to queue
[2023-03-26T22:21:53.701+0200] {logging_mixin.py:137} INFO - [2023-03-26T22:21:53.700+0200] {dagbag.py:532} INFO - Filling up the DagBag from /home/humbulani/miniconda3/envs/apache-airflow/lib/python3.8/site-packages/airflow/example_dags/example_task_group_decorator.py
[2023-03-26T22:21:53.734+0200] {processor.py:753} INFO - DAG(s) dict_keys(['example_task_group_decorator']) retrieved from /home/humbulani/miniconda3/envs/apache-airflow/lib/python3.8/site-packages/airflow/example_dags/example_task_group_decorator.py
[2023-03-26T22:21:53.757+0200] {logging_mixin.py:137} INFO - [2023-03-26T22:21:53.757+0200] {dag.py:2693} INFO - Sync 1 DAGs
[2023-03-26T22:21:53.783+0200] {logging_mixin.py:137} INFO - [2023-03-26T22:21:53.783+0200] {dag.py:3440} INFO - Setting next_dagrun for example_task_group_decorator to 2023-03-25T20:21:53.782803+00:00, run_after=2023-03-26T20:21:53.782803+00:00
[2023-03-26T22:21:53.864+0200] {processor.py:175} INFO - Processing /home/humbulani/miniconda3/envs/apache-airflow/lib/python3.8/site-packages/airflow/example_dags/example_task_group_decorator.py took 0.179 seconds
[2023-03-26T22:22:39.788+0200] {processor.py:153} INFO - Started process (PID=20367) to work on /home/humbulani/miniconda3/envs/apache-airflow/lib/python3.8/site-packages/airflow/example_dags/example_task_group_decorator.py
[2023-03-26T22:22:39.798+0200] {processor.py:743} INFO - Processing file /home/humbulani/miniconda3/envs/apache-airflow/lib/python3.8/site-packages/airflow/example_dags/example_task_group_decorator.py for tasks to queue
[2023-03-26T22:22:39.799+0200] {logging_mixin.py:137} INFO - [2023-03-26T22:22:39.799+0200] {dagbag.py:532} INFO - Filling up the DagBag from /home/humbulani/miniconda3/envs/apache-airflow/lib/python3.8/site-packages/airflow/example_dags/example_task_group_decorator.py
[2023-03-26T22:22:39.829+0200] {processor.py:753} INFO - DAG(s) dict_keys(['example_task_group_decorator']) retrieved from /home/humbulani/miniconda3/envs/apache-airflow/lib/python3.8/site-packages/airflow/example_dags/example_task_group_decorator.py
[2023-03-26T22:22:39.848+0200] {logging_mixin.py:137} INFO - [2023-03-26T22:22:39.848+0200] {dag.py:2693} INFO - Sync 1 DAGs
[2023-03-26T22:22:39.865+0200] {logging_mixin.py:137} INFO - [2023-03-26T22:22:39.865+0200] {dag.py:3440} INFO - Setting next_dagrun for example_task_group_decorator to 2023-03-25T20:22:39.864977+00:00, run_after=2023-03-26T20:22:39.864977+00:00
[2023-03-26T22:22:39.951+0200] {processor.py:175} INFO - Processing /home/humbulani/miniconda3/envs/apache-airflow/lib/python3.8/site-packages/airflow/example_dags/example_task_group_decorator.py took 0.165 seconds
