[2023-03-26T21:39:34.648+0200] {processor.py:153} INFO - Started process (PID=16651) to work on /home/humbulani/miniconda3/envs/apache-airflow/lib/python3.8/site-packages/airflow/example_dags/example_sensor_decorator.py
[2023-03-26T21:39:34.648+0200] {processor.py:743} INFO - Processing file /home/humbulani/miniconda3/envs/apache-airflow/lib/python3.8/site-packages/airflow/example_dags/example_sensor_decorator.py for tasks to queue
[2023-03-26T21:39:34.649+0200] {logging_mixin.py:137} INFO - [2023-03-26T21:39:34.649+0200] {dagbag.py:532} INFO - Filling up the DagBag from /home/humbulani/miniconda3/envs/apache-airflow/lib/python3.8/site-packages/airflow/example_dags/example_sensor_decorator.py
[2023-03-26T21:39:34.669+0200] {processor.py:753} INFO - DAG(s) dict_keys(['example_sensor_decorator']) retrieved from /home/humbulani/miniconda3/envs/apache-airflow/lib/python3.8/site-packages/airflow/example_dags/example_sensor_decorator.py
[2023-03-26T21:39:34.916+0200] {logging_mixin.py:137} INFO - [2023-03-26T21:39:34.915+0200] {manager.py:504} INFO - Created Permission View: can edit on DAG:example_sensor_decorator
[2023-03-26T21:39:34.983+0200] {logging_mixin.py:137} INFO - [2023-03-26T21:39:34.983+0200] {manager.py:504} INFO - Created Permission View: can read on DAG:example_sensor_decorator
[2023-03-26T21:39:35.049+0200] {logging_mixin.py:137} INFO - [2023-03-26T21:39:35.049+0200] {manager.py:504} INFO - Created Permission View: can delete on DAG:example_sensor_decorator
[2023-03-26T21:39:35.049+0200] {logging_mixin.py:137} INFO - [2023-03-26T21:39:35.049+0200] {dag.py:2693} INFO - Sync 1 DAGs
[2023-03-26T21:39:35.058+0200] {logging_mixin.py:137} INFO - [2023-03-26T21:39:35.058+0200] {dag.py:2714} INFO - Creating ORM DAG for example_sensor_decorator
[2023-03-26T21:39:35.078+0200] {logging_mixin.py:137} INFO - [2023-03-26T21:39:35.078+0200] {dag.py:3440} INFO - Setting next_dagrun for example_sensor_decorator to None, run_after=None
[2023-03-26T21:39:35.277+0200] {processor.py:175} INFO - Processing /home/humbulani/miniconda3/envs/apache-airflow/lib/python3.8/site-packages/airflow/example_dags/example_sensor_decorator.py took 0.633 seconds
[2023-03-26T21:40:35.449+0200] {processor.py:153} INFO - Started process (PID=16751) to work on /home/humbulani/miniconda3/envs/apache-airflow/lib/python3.8/site-packages/airflow/example_dags/example_sensor_decorator.py
[2023-03-26T21:40:35.450+0200] {processor.py:743} INFO - Processing file /home/humbulani/miniconda3/envs/apache-airflow/lib/python3.8/site-packages/airflow/example_dags/example_sensor_decorator.py for tasks to queue
[2023-03-26T21:40:35.450+0200] {logging_mixin.py:137} INFO - [2023-03-26T21:40:35.450+0200] {dagbag.py:532} INFO - Filling up the DagBag from /home/humbulani/miniconda3/envs/apache-airflow/lib/python3.8/site-packages/airflow/example_dags/example_sensor_decorator.py
[2023-03-26T21:40:35.470+0200] {processor.py:753} INFO - DAG(s) dict_keys(['example_sensor_decorator']) retrieved from /home/humbulani/miniconda3/envs/apache-airflow/lib/python3.8/site-packages/airflow/example_dags/example_sensor_decorator.py
[2023-03-26T21:40:35.486+0200] {logging_mixin.py:137} INFO - [2023-03-26T21:40:35.486+0200] {dag.py:2693} INFO - Sync 1 DAGs
[2023-03-26T21:40:35.504+0200] {logging_mixin.py:137} INFO - [2023-03-26T21:40:35.504+0200] {dag.py:3440} INFO - Setting next_dagrun for example_sensor_decorator to None, run_after=None
[2023-03-26T21:40:35.600+0200] {processor.py:175} INFO - Processing /home/humbulani/miniconda3/envs/apache-airflow/lib/python3.8/site-packages/airflow/example_dags/example_sensor_decorator.py took 0.153 seconds
[2023-03-26T21:48:05.735+0200] {processor.py:153} INFO - Started process (PID=16846) to work on /home/humbulani/miniconda3/envs/apache-airflow/lib/python3.8/site-packages/airflow/example_dags/example_sensor_decorator.py
[2023-03-26T21:48:05.736+0200] {processor.py:743} INFO - Processing file /home/humbulani/miniconda3/envs/apache-airflow/lib/python3.8/site-packages/airflow/example_dags/example_sensor_decorator.py for tasks to queue
[2023-03-26T21:48:05.736+0200] {logging_mixin.py:137} INFO - [2023-03-26T21:48:05.736+0200] {dagbag.py:532} INFO - Filling up the DagBag from /home/humbulani/miniconda3/envs/apache-airflow/lib/python3.8/site-packages/airflow/example_dags/example_sensor_decorator.py
[2023-03-26T21:48:05.762+0200] {processor.py:753} INFO - DAG(s) dict_keys(['example_sensor_decorator']) retrieved from /home/humbulani/miniconda3/envs/apache-airflow/lib/python3.8/site-packages/airflow/example_dags/example_sensor_decorator.py
[2023-03-26T21:48:05.781+0200] {logging_mixin.py:137} INFO - [2023-03-26T21:48:05.781+0200] {dag.py:2693} INFO - Sync 1 DAGs
[2023-03-26T21:48:05.801+0200] {logging_mixin.py:137} INFO - [2023-03-26T21:48:05.800+0200] {dag.py:3440} INFO - Setting next_dagrun for example_sensor_decorator to None, run_after=None
[2023-03-26T21:48:05.892+0200] {processor.py:175} INFO - Processing /home/humbulani/miniconda3/envs/apache-airflow/lib/python3.8/site-packages/airflow/example_dags/example_sensor_decorator.py took 0.159 seconds
[2023-03-26T21:48:55.758+0200] {processor.py:153} INFO - Started process (PID=16926) to work on /home/humbulani/miniconda3/envs/apache-airflow/lib/python3.8/site-packages/airflow/example_dags/example_sensor_decorator.py
[2023-03-26T21:48:55.759+0200] {processor.py:743} INFO - Processing file /home/humbulani/miniconda3/envs/apache-airflow/lib/python3.8/site-packages/airflow/example_dags/example_sensor_decorator.py for tasks to queue
[2023-03-26T21:48:55.759+0200] {logging_mixin.py:137} INFO - [2023-03-26T21:48:55.759+0200] {dagbag.py:532} INFO - Filling up the DagBag from /home/humbulani/miniconda3/envs/apache-airflow/lib/python3.8/site-packages/airflow/example_dags/example_sensor_decorator.py
[2023-03-26T21:48:55.783+0200] {processor.py:753} INFO - DAG(s) dict_keys(['example_sensor_decorator']) retrieved from /home/humbulani/miniconda3/envs/apache-airflow/lib/python3.8/site-packages/airflow/example_dags/example_sensor_decorator.py
[2023-03-26T21:48:55.799+0200] {logging_mixin.py:137} INFO - [2023-03-26T21:48:55.799+0200] {dag.py:2693} INFO - Sync 1 DAGs
[2023-03-26T21:48:55.816+0200] {logging_mixin.py:137} INFO - [2023-03-26T21:48:55.816+0200] {dag.py:3440} INFO - Setting next_dagrun for example_sensor_decorator to None, run_after=None
[2023-03-26T21:48:56.028+0200] {processor.py:175} INFO - Processing /home/humbulani/miniconda3/envs/apache-airflow/lib/python3.8/site-packages/airflow/example_dags/example_sensor_decorator.py took 0.274 seconds
[2023-03-26T21:49:44.245+0200] {processor.py:153} INFO - Started process (PID=16968) to work on /home/humbulani/miniconda3/envs/apache-airflow/lib/python3.8/site-packages/airflow/example_dags/example_sensor_decorator.py
[2023-03-26T21:49:44.246+0200] {processor.py:743} INFO - Processing file /home/humbulani/miniconda3/envs/apache-airflow/lib/python3.8/site-packages/airflow/example_dags/example_sensor_decorator.py for tasks to queue
[2023-03-26T21:49:44.246+0200] {logging_mixin.py:137} INFO - [2023-03-26T21:49:44.246+0200] {dagbag.py:532} INFO - Filling up the DagBag from /home/humbulani/miniconda3/envs/apache-airflow/lib/python3.8/site-packages/airflow/example_dags/example_sensor_decorator.py
[2023-03-26T21:49:44.265+0200] {processor.py:753} INFO - DAG(s) dict_keys(['example_sensor_decorator']) retrieved from /home/humbulani/miniconda3/envs/apache-airflow/lib/python3.8/site-packages/airflow/example_dags/example_sensor_decorator.py
[2023-03-26T21:49:44.281+0200] {logging_mixin.py:137} INFO - [2023-03-26T21:49:44.281+0200] {dag.py:2693} INFO - Sync 1 DAGs
[2023-03-26T21:49:44.298+0200] {logging_mixin.py:137} INFO - [2023-03-26T21:49:44.298+0200] {dag.py:3440} INFO - Setting next_dagrun for example_sensor_decorator to None, run_after=None
[2023-03-26T21:49:44.422+0200] {processor.py:175} INFO - Processing /home/humbulani/miniconda3/envs/apache-airflow/lib/python3.8/site-packages/airflow/example_dags/example_sensor_decorator.py took 0.179 seconds
[2023-03-26T21:50:28.770+0200] {processor.py:153} INFO - Started process (PID=17013) to work on /home/humbulani/miniconda3/envs/apache-airflow/lib/python3.8/site-packages/airflow/example_dags/example_sensor_decorator.py
[2023-03-26T21:50:28.785+0200] {processor.py:743} INFO - Processing file /home/humbulani/miniconda3/envs/apache-airflow/lib/python3.8/site-packages/airflow/example_dags/example_sensor_decorator.py for tasks to queue
[2023-03-26T21:50:28.785+0200] {logging_mixin.py:137} INFO - [2023-03-26T21:50:28.785+0200] {dagbag.py:532} INFO - Filling up the DagBag from /home/humbulani/miniconda3/envs/apache-airflow/lib/python3.8/site-packages/airflow/example_dags/example_sensor_decorator.py
[2023-03-26T21:50:28.805+0200] {processor.py:753} INFO - DAG(s) dict_keys(['example_sensor_decorator']) retrieved from /home/humbulani/miniconda3/envs/apache-airflow/lib/python3.8/site-packages/airflow/example_dags/example_sensor_decorator.py
[2023-03-26T21:50:28.820+0200] {logging_mixin.py:137} INFO - [2023-03-26T21:50:28.819+0200] {dag.py:2693} INFO - Sync 1 DAGs
[2023-03-26T21:50:28.836+0200] {logging_mixin.py:137} INFO - [2023-03-26T21:50:28.836+0200] {dag.py:3440} INFO - Setting next_dagrun for example_sensor_decorator to None, run_after=None
[2023-03-26T21:50:28.907+0200] {processor.py:175} INFO - Processing /home/humbulani/miniconda3/envs/apache-airflow/lib/python3.8/site-packages/airflow/example_dags/example_sensor_decorator.py took 0.139 seconds
[2023-03-26T21:51:14.572+0200] {processor.py:153} INFO - Started process (PID=17129) to work on /home/humbulani/miniconda3/envs/apache-airflow/lib/python3.8/site-packages/airflow/example_dags/example_sensor_decorator.py
[2023-03-26T21:51:14.573+0200] {processor.py:743} INFO - Processing file /home/humbulani/miniconda3/envs/apache-airflow/lib/python3.8/site-packages/airflow/example_dags/example_sensor_decorator.py for tasks to queue
[2023-03-26T21:51:14.574+0200] {logging_mixin.py:137} INFO - [2023-03-26T21:51:14.574+0200] {dagbag.py:532} INFO - Filling up the DagBag from /home/humbulani/miniconda3/envs/apache-airflow/lib/python3.8/site-packages/airflow/example_dags/example_sensor_decorator.py
[2023-03-26T21:51:14.597+0200] {processor.py:753} INFO - DAG(s) dict_keys(['example_sensor_decorator']) retrieved from /home/humbulani/miniconda3/envs/apache-airflow/lib/python3.8/site-packages/airflow/example_dags/example_sensor_decorator.py
[2023-03-26T21:51:14.612+0200] {logging_mixin.py:137} INFO - [2023-03-26T21:51:14.612+0200] {dag.py:2693} INFO - Sync 1 DAGs
[2023-03-26T21:51:14.628+0200] {logging_mixin.py:137} INFO - [2023-03-26T21:51:14.628+0200] {dag.py:3440} INFO - Setting next_dagrun for example_sensor_decorator to None, run_after=None
[2023-03-26T21:51:14.712+0200] {processor.py:175} INFO - Processing /home/humbulani/miniconda3/envs/apache-airflow/lib/python3.8/site-packages/airflow/example_dags/example_sensor_decorator.py took 0.143 seconds
[2023-03-26T21:52:00.014+0200] {processor.py:153} INFO - Started process (PID=17172) to work on /home/humbulani/miniconda3/envs/apache-airflow/lib/python3.8/site-packages/airflow/example_dags/example_sensor_decorator.py
[2023-03-26T21:52:00.029+0200] {processor.py:743} INFO - Processing file /home/humbulani/miniconda3/envs/apache-airflow/lib/python3.8/site-packages/airflow/example_dags/example_sensor_decorator.py for tasks to queue
[2023-03-26T21:52:00.029+0200] {logging_mixin.py:137} INFO - [2023-03-26T21:52:00.029+0200] {dagbag.py:532} INFO - Filling up the DagBag from /home/humbulani/miniconda3/envs/apache-airflow/lib/python3.8/site-packages/airflow/example_dags/example_sensor_decorator.py
[2023-03-26T21:52:00.049+0200] {processor.py:753} INFO - DAG(s) dict_keys(['example_sensor_decorator']) retrieved from /home/humbulani/miniconda3/envs/apache-airflow/lib/python3.8/site-packages/airflow/example_dags/example_sensor_decorator.py
[2023-03-26T21:52:00.065+0200] {logging_mixin.py:137} INFO - [2023-03-26T21:52:00.064+0200] {dag.py:2693} INFO - Sync 1 DAGs
[2023-03-26T21:52:00.081+0200] {logging_mixin.py:137} INFO - [2023-03-26T21:52:00.081+0200] {dag.py:3440} INFO - Setting next_dagrun for example_sensor_decorator to None, run_after=None
[2023-03-26T21:52:00.234+0200] {processor.py:175} INFO - Processing /home/humbulani/miniconda3/envs/apache-airflow/lib/python3.8/site-packages/airflow/example_dags/example_sensor_decorator.py took 0.223 seconds
[2023-03-26T21:52:48.355+0200] {processor.py:153} INFO - Started process (PID=17217) to work on /home/humbulani/miniconda3/envs/apache-airflow/lib/python3.8/site-packages/airflow/example_dags/example_sensor_decorator.py
[2023-03-26T21:52:48.373+0200] {processor.py:743} INFO - Processing file /home/humbulani/miniconda3/envs/apache-airflow/lib/python3.8/site-packages/airflow/example_dags/example_sensor_decorator.py for tasks to queue
[2023-03-26T21:52:48.373+0200] {logging_mixin.py:137} INFO - [2023-03-26T21:52:48.373+0200] {dagbag.py:532} INFO - Filling up the DagBag from /home/humbulani/miniconda3/envs/apache-airflow/lib/python3.8/site-packages/airflow/example_dags/example_sensor_decorator.py
[2023-03-26T21:52:48.398+0200] {processor.py:753} INFO - DAG(s) dict_keys(['example_sensor_decorator']) retrieved from /home/humbulani/miniconda3/envs/apache-airflow/lib/python3.8/site-packages/airflow/example_dags/example_sensor_decorator.py
[2023-03-26T21:52:48.416+0200] {logging_mixin.py:137} INFO - [2023-03-26T21:52:48.416+0200] {dag.py:2693} INFO - Sync 1 DAGs
[2023-03-26T21:52:48.515+0200] {logging_mixin.py:137} INFO - [2023-03-26T21:52:48.514+0200] {dag.py:3440} INFO - Setting next_dagrun for example_sensor_decorator to None, run_after=None
[2023-03-26T21:52:48.583+0200] {processor.py:175} INFO - Processing /home/humbulani/miniconda3/envs/apache-airflow/lib/python3.8/site-packages/airflow/example_dags/example_sensor_decorator.py took 0.231 seconds
[2023-03-26T21:53:38.708+0200] {processor.py:153} INFO - Started process (PID=17270) to work on /home/humbulani/miniconda3/envs/apache-airflow/lib/python3.8/site-packages/airflow/example_dags/example_sensor_decorator.py
[2023-03-26T21:53:38.734+0200] {processor.py:743} INFO - Processing file /home/humbulani/miniconda3/envs/apache-airflow/lib/python3.8/site-packages/airflow/example_dags/example_sensor_decorator.py for tasks to queue
[2023-03-26T21:53:38.735+0200] {logging_mixin.py:137} INFO - [2023-03-26T21:53:38.735+0200] {dagbag.py:532} INFO - Filling up the DagBag from /home/humbulani/miniconda3/envs/apache-airflow/lib/python3.8/site-packages/airflow/example_dags/example_sensor_decorator.py
[2023-03-26T21:53:38.754+0200] {processor.py:753} INFO - DAG(s) dict_keys(['example_sensor_decorator']) retrieved from /home/humbulani/miniconda3/envs/apache-airflow/lib/python3.8/site-packages/airflow/example_dags/example_sensor_decorator.py
[2023-03-26T21:53:38.770+0200] {logging_mixin.py:137} INFO - [2023-03-26T21:53:38.770+0200] {dag.py:2693} INFO - Sync 1 DAGs
[2023-03-26T21:53:38.866+0200] {logging_mixin.py:137} INFO - [2023-03-26T21:53:38.866+0200] {dag.py:3440} INFO - Setting next_dagrun for example_sensor_decorator to None, run_after=None
[2023-03-26T21:53:38.935+0200] {processor.py:175} INFO - Processing /home/humbulani/miniconda3/envs/apache-airflow/lib/python3.8/site-packages/airflow/example_dags/example_sensor_decorator.py took 0.230 seconds
[2023-03-26T21:54:28.451+0200] {processor.py:153} INFO - Started process (PID=17317) to work on /home/humbulani/miniconda3/envs/apache-airflow/lib/python3.8/site-packages/airflow/example_dags/example_sensor_decorator.py
[2023-03-26T21:54:28.462+0200] {processor.py:743} INFO - Processing file /home/humbulani/miniconda3/envs/apache-airflow/lib/python3.8/site-packages/airflow/example_dags/example_sensor_decorator.py for tasks to queue
[2023-03-26T21:54:28.463+0200] {logging_mixin.py:137} INFO - [2023-03-26T21:54:28.463+0200] {dagbag.py:532} INFO - Filling up the DagBag from /home/humbulani/miniconda3/envs/apache-airflow/lib/python3.8/site-packages/airflow/example_dags/example_sensor_decorator.py
[2023-03-26T21:54:28.488+0200] {processor.py:753} INFO - DAG(s) dict_keys(['example_sensor_decorator']) retrieved from /home/humbulani/miniconda3/envs/apache-airflow/lib/python3.8/site-packages/airflow/example_dags/example_sensor_decorator.py
[2023-03-26T21:54:28.582+0200] {logging_mixin.py:137} INFO - [2023-03-26T21:54:28.582+0200] {dag.py:2693} INFO - Sync 1 DAGs
[2023-03-26T21:54:28.597+0200] {logging_mixin.py:137} INFO - [2023-03-26T21:54:28.597+0200] {dag.py:3440} INFO - Setting next_dagrun for example_sensor_decorator to None, run_after=None
[2023-03-26T21:54:28.663+0200] {processor.py:175} INFO - Processing /home/humbulani/miniconda3/envs/apache-airflow/lib/python3.8/site-packages/airflow/example_dags/example_sensor_decorator.py took 0.215 seconds
[2023-03-26T21:55:17.143+0200] {processor.py:153} INFO - Started process (PID=17361) to work on /home/humbulani/miniconda3/envs/apache-airflow/lib/python3.8/site-packages/airflow/example_dags/example_sensor_decorator.py
[2023-03-26T21:55:17.144+0200] {processor.py:743} INFO - Processing file /home/humbulani/miniconda3/envs/apache-airflow/lib/python3.8/site-packages/airflow/example_dags/example_sensor_decorator.py for tasks to queue
[2023-03-26T21:55:17.145+0200] {logging_mixin.py:137} INFO - [2023-03-26T21:55:17.144+0200] {dagbag.py:532} INFO - Filling up the DagBag from /home/humbulani/miniconda3/envs/apache-airflow/lib/python3.8/site-packages/airflow/example_dags/example_sensor_decorator.py
[2023-03-26T21:55:17.249+0200] {processor.py:753} INFO - DAG(s) dict_keys(['example_sensor_decorator']) retrieved from /home/humbulani/miniconda3/envs/apache-airflow/lib/python3.8/site-packages/airflow/example_dags/example_sensor_decorator.py
[2023-03-26T21:55:17.262+0200] {logging_mixin.py:137} INFO - [2023-03-26T21:55:17.261+0200] {dag.py:2693} INFO - Sync 1 DAGs
[2023-03-26T21:55:17.277+0200] {logging_mixin.py:137} INFO - [2023-03-26T21:55:17.277+0200] {dag.py:3440} INFO - Setting next_dagrun for example_sensor_decorator to None, run_after=None
[2023-03-26T21:55:17.380+0200] {processor.py:175} INFO - Processing /home/humbulani/miniconda3/envs/apache-airflow/lib/python3.8/site-packages/airflow/example_dags/example_sensor_decorator.py took 0.240 seconds
[2023-03-26T21:56:07.381+0200] {processor.py:153} INFO - Started process (PID=17463) to work on /home/humbulani/miniconda3/envs/apache-airflow/lib/python3.8/site-packages/airflow/example_dags/example_sensor_decorator.py
[2023-03-26T21:56:07.394+0200] {processor.py:743} INFO - Processing file /home/humbulani/miniconda3/envs/apache-airflow/lib/python3.8/site-packages/airflow/example_dags/example_sensor_decorator.py for tasks to queue
[2023-03-26T21:56:07.395+0200] {logging_mixin.py:137} INFO - [2023-03-26T21:56:07.395+0200] {dagbag.py:532} INFO - Filling up the DagBag from /home/humbulani/miniconda3/envs/apache-airflow/lib/python3.8/site-packages/airflow/example_dags/example_sensor_decorator.py
[2023-03-26T21:56:07.498+0200] {processor.py:753} INFO - DAG(s) dict_keys(['example_sensor_decorator']) retrieved from /home/humbulani/miniconda3/envs/apache-airflow/lib/python3.8/site-packages/airflow/example_dags/example_sensor_decorator.py
[2023-03-26T21:56:07.511+0200] {logging_mixin.py:137} INFO - [2023-03-26T21:56:07.511+0200] {dag.py:2693} INFO - Sync 1 DAGs
[2023-03-26T21:56:07.528+0200] {logging_mixin.py:137} INFO - [2023-03-26T21:56:07.528+0200] {dag.py:3440} INFO - Setting next_dagrun for example_sensor_decorator to None, run_after=None
[2023-03-26T21:56:07.662+0200] {processor.py:175} INFO - Processing /home/humbulani/miniconda3/envs/apache-airflow/lib/python3.8/site-packages/airflow/example_dags/example_sensor_decorator.py took 0.283 seconds
[2023-03-26T21:56:51.991+0200] {processor.py:153} INFO - Started process (PID=17505) to work on /home/humbulani/miniconda3/envs/apache-airflow/lib/python3.8/site-packages/airflow/example_dags/example_sensor_decorator.py
[2023-03-26T21:56:52.031+0200] {processor.py:743} INFO - Processing file /home/humbulani/miniconda3/envs/apache-airflow/lib/python3.8/site-packages/airflow/example_dags/example_sensor_decorator.py for tasks to queue
[2023-03-26T21:56:52.031+0200] {logging_mixin.py:137} INFO - [2023-03-26T21:56:52.031+0200] {dagbag.py:532} INFO - Filling up the DagBag from /home/humbulani/miniconda3/envs/apache-airflow/lib/python3.8/site-packages/airflow/example_dags/example_sensor_decorator.py
[2023-03-26T21:56:52.051+0200] {processor.py:753} INFO - DAG(s) dict_keys(['example_sensor_decorator']) retrieved from /home/humbulani/miniconda3/envs/apache-airflow/lib/python3.8/site-packages/airflow/example_dags/example_sensor_decorator.py
[2023-03-26T21:56:52.066+0200] {logging_mixin.py:137} INFO - [2023-03-26T21:56:52.066+0200] {dag.py:2693} INFO - Sync 1 DAGs
[2023-03-26T21:56:52.084+0200] {logging_mixin.py:137} INFO - [2023-03-26T21:56:52.084+0200] {dag.py:3440} INFO - Setting next_dagrun for example_sensor_decorator to None, run_after=None
[2023-03-26T21:56:52.156+0200] {processor.py:175} INFO - Processing /home/humbulani/miniconda3/envs/apache-airflow/lib/python3.8/site-packages/airflow/example_dags/example_sensor_decorator.py took 0.168 seconds
[2023-03-26T21:57:35.826+0200] {processor.py:153} INFO - Started process (PID=17616) to work on /home/humbulani/miniconda3/envs/apache-airflow/lib/python3.8/site-packages/airflow/example_dags/example_sensor_decorator.py
[2023-03-26T21:57:35.849+0200] {processor.py:743} INFO - Processing file /home/humbulani/miniconda3/envs/apache-airflow/lib/python3.8/site-packages/airflow/example_dags/example_sensor_decorator.py for tasks to queue
[2023-03-26T21:57:35.849+0200] {logging_mixin.py:137} INFO - [2023-03-26T21:57:35.849+0200] {dagbag.py:532} INFO - Filling up the DagBag from /home/humbulani/miniconda3/envs/apache-airflow/lib/python3.8/site-packages/airflow/example_dags/example_sensor_decorator.py
[2023-03-26T21:57:35.871+0200] {processor.py:753} INFO - DAG(s) dict_keys(['example_sensor_decorator']) retrieved from /home/humbulani/miniconda3/envs/apache-airflow/lib/python3.8/site-packages/airflow/example_dags/example_sensor_decorator.py
[2023-03-26T21:57:35.889+0200] {logging_mixin.py:137} INFO - [2023-03-26T21:57:35.888+0200] {dag.py:2693} INFO - Sync 1 DAGs
[2023-03-26T21:57:35.907+0200] {logging_mixin.py:137} INFO - [2023-03-26T21:57:35.907+0200] {dag.py:3440} INFO - Setting next_dagrun for example_sensor_decorator to None, run_after=None
[2023-03-26T21:57:35.978+0200] {processor.py:175} INFO - Processing /home/humbulani/miniconda3/envs/apache-airflow/lib/python3.8/site-packages/airflow/example_dags/example_sensor_decorator.py took 0.154 seconds
[2023-03-26T21:58:22.089+0200] {processor.py:153} INFO - Started process (PID=17858) to work on /home/humbulani/miniconda3/envs/apache-airflow/lib/python3.8/site-packages/airflow/example_dags/example_sensor_decorator.py
[2023-03-26T21:58:22.094+0200] {processor.py:743} INFO - Processing file /home/humbulani/miniconda3/envs/apache-airflow/lib/python3.8/site-packages/airflow/example_dags/example_sensor_decorator.py for tasks to queue
[2023-03-26T21:58:22.094+0200] {logging_mixin.py:137} INFO - [2023-03-26T21:58:22.094+0200] {dagbag.py:532} INFO - Filling up the DagBag from /home/humbulani/miniconda3/envs/apache-airflow/lib/python3.8/site-packages/airflow/example_dags/example_sensor_decorator.py
[2023-03-26T21:58:22.114+0200] {processor.py:753} INFO - DAG(s) dict_keys(['example_sensor_decorator']) retrieved from /home/humbulani/miniconda3/envs/apache-airflow/lib/python3.8/site-packages/airflow/example_dags/example_sensor_decorator.py
[2023-03-26T21:58:22.130+0200] {logging_mixin.py:137} INFO - [2023-03-26T21:58:22.129+0200] {dag.py:2693} INFO - Sync 1 DAGs
[2023-03-26T21:58:22.146+0200] {logging_mixin.py:137} INFO - [2023-03-26T21:58:22.146+0200] {dag.py:3440} INFO - Setting next_dagrun for example_sensor_decorator to None, run_after=None
[2023-03-26T21:58:22.214+0200] {processor.py:175} INFO - Processing /home/humbulani/miniconda3/envs/apache-airflow/lib/python3.8/site-packages/airflow/example_dags/example_sensor_decorator.py took 0.127 seconds
[2023-03-26T21:59:09.221+0200] {processor.py:153} INFO - Started process (PID=17934) to work on /home/humbulani/miniconda3/envs/apache-airflow/lib/python3.8/site-packages/airflow/example_dags/example_sensor_decorator.py
[2023-03-26T21:59:09.239+0200] {processor.py:743} INFO - Processing file /home/humbulani/miniconda3/envs/apache-airflow/lib/python3.8/site-packages/airflow/example_dags/example_sensor_decorator.py for tasks to queue
[2023-03-26T21:59:09.239+0200] {logging_mixin.py:137} INFO - [2023-03-26T21:59:09.239+0200] {dagbag.py:532} INFO - Filling up the DagBag from /home/humbulani/miniconda3/envs/apache-airflow/lib/python3.8/site-packages/airflow/example_dags/example_sensor_decorator.py
[2023-03-26T21:59:09.259+0200] {processor.py:753} INFO - DAG(s) dict_keys(['example_sensor_decorator']) retrieved from /home/humbulani/miniconda3/envs/apache-airflow/lib/python3.8/site-packages/airflow/example_dags/example_sensor_decorator.py
[2023-03-26T21:59:09.275+0200] {logging_mixin.py:137} INFO - [2023-03-26T21:59:09.274+0200] {dag.py:2693} INFO - Sync 1 DAGs
[2023-03-26T21:59:09.292+0200] {logging_mixin.py:137} INFO - [2023-03-26T21:59:09.292+0200] {dag.py:3440} INFO - Setting next_dagrun for example_sensor_decorator to None, run_after=None
[2023-03-26T21:59:09.501+0200] {processor.py:175} INFO - Processing /home/humbulani/miniconda3/envs/apache-airflow/lib/python3.8/site-packages/airflow/example_dags/example_sensor_decorator.py took 0.283 seconds
[2023-03-26T21:59:57.080+0200] {processor.py:153} INFO - Started process (PID=18135) to work on /home/humbulani/miniconda3/envs/apache-airflow/lib/python3.8/site-packages/airflow/example_dags/example_sensor_decorator.py
[2023-03-26T21:59:57.100+0200] {processor.py:743} INFO - Processing file /home/humbulani/miniconda3/envs/apache-airflow/lib/python3.8/site-packages/airflow/example_dags/example_sensor_decorator.py for tasks to queue
[2023-03-26T21:59:57.101+0200] {logging_mixin.py:137} INFO - [2023-03-26T21:59:57.101+0200] {dagbag.py:532} INFO - Filling up the DagBag from /home/humbulani/miniconda3/envs/apache-airflow/lib/python3.8/site-packages/airflow/example_dags/example_sensor_decorator.py
[2023-03-26T21:59:57.126+0200] {processor.py:753} INFO - DAG(s) dict_keys(['example_sensor_decorator']) retrieved from /home/humbulani/miniconda3/envs/apache-airflow/lib/python3.8/site-packages/airflow/example_dags/example_sensor_decorator.py
[2023-03-26T21:59:57.143+0200] {logging_mixin.py:137} INFO - [2023-03-26T21:59:57.143+0200] {dag.py:2693} INFO - Sync 1 DAGs
[2023-03-26T21:59:57.161+0200] {logging_mixin.py:137} INFO - [2023-03-26T21:59:57.161+0200] {dag.py:3440} INFO - Setting next_dagrun for example_sensor_decorator to None, run_after=None
[2023-03-26T21:59:57.248+0200] {processor.py:175} INFO - Processing /home/humbulani/miniconda3/envs/apache-airflow/lib/python3.8/site-packages/airflow/example_dags/example_sensor_decorator.py took 0.171 seconds
[2023-03-26T22:00:43.481+0200] {processor.py:153} INFO - Started process (PID=18217) to work on /home/humbulani/miniconda3/envs/apache-airflow/lib/python3.8/site-packages/airflow/example_dags/example_sensor_decorator.py
[2023-03-26T22:00:43.537+0200] {processor.py:743} INFO - Processing file /home/humbulani/miniconda3/envs/apache-airflow/lib/python3.8/site-packages/airflow/example_dags/example_sensor_decorator.py for tasks to queue
[2023-03-26T22:00:43.537+0200] {logging_mixin.py:137} INFO - [2023-03-26T22:00:43.537+0200] {dagbag.py:532} INFO - Filling up the DagBag from /home/humbulani/miniconda3/envs/apache-airflow/lib/python3.8/site-packages/airflow/example_dags/example_sensor_decorator.py
[2023-03-26T22:00:43.556+0200] {processor.py:753} INFO - DAG(s) dict_keys(['example_sensor_decorator']) retrieved from /home/humbulani/miniconda3/envs/apache-airflow/lib/python3.8/site-packages/airflow/example_dags/example_sensor_decorator.py
[2023-03-26T22:00:43.571+0200] {logging_mixin.py:137} INFO - [2023-03-26T22:00:43.571+0200] {dag.py:2693} INFO - Sync 1 DAGs
[2023-03-26T22:00:43.589+0200] {logging_mixin.py:137} INFO - [2023-03-26T22:00:43.588+0200] {dag.py:3440} INFO - Setting next_dagrun for example_sensor_decorator to None, run_after=None
[2023-03-26T22:00:43.683+0200] {processor.py:175} INFO - Processing /home/humbulani/miniconda3/envs/apache-airflow/lib/python3.8/site-packages/airflow/example_dags/example_sensor_decorator.py took 0.204 seconds
[2023-03-26T22:01:28.711+0200] {processor.py:153} INFO - Started process (PID=18279) to work on /home/humbulani/miniconda3/envs/apache-airflow/lib/python3.8/site-packages/airflow/example_dags/example_sensor_decorator.py
[2023-03-26T22:01:28.723+0200] {processor.py:743} INFO - Processing file /home/humbulani/miniconda3/envs/apache-airflow/lib/python3.8/site-packages/airflow/example_dags/example_sensor_decorator.py for tasks to queue
[2023-03-26T22:01:28.724+0200] {logging_mixin.py:137} INFO - [2023-03-26T22:01:28.724+0200] {dagbag.py:532} INFO - Filling up the DagBag from /home/humbulani/miniconda3/envs/apache-airflow/lib/python3.8/site-packages/airflow/example_dags/example_sensor_decorator.py
[2023-03-26T22:01:28.747+0200] {processor.py:753} INFO - DAG(s) dict_keys(['example_sensor_decorator']) retrieved from /home/humbulani/miniconda3/envs/apache-airflow/lib/python3.8/site-packages/airflow/example_dags/example_sensor_decorator.py
[2023-03-26T22:01:28.763+0200] {logging_mixin.py:137} INFO - [2023-03-26T22:01:28.763+0200] {dag.py:2693} INFO - Sync 1 DAGs
[2023-03-26T22:01:28.780+0200] {logging_mixin.py:137} INFO - [2023-03-26T22:01:28.780+0200] {dag.py:3440} INFO - Setting next_dagrun for example_sensor_decorator to None, run_after=None
[2023-03-26T22:01:28.843+0200] {processor.py:175} INFO - Processing /home/humbulani/miniconda3/envs/apache-airflow/lib/python3.8/site-packages/airflow/example_dags/example_sensor_decorator.py took 0.134 seconds
[2023-03-26T22:02:17.739+0200] {processor.py:153} INFO - Started process (PID=18526) to work on /home/humbulani/miniconda3/envs/apache-airflow/lib/python3.8/site-packages/airflow/example_dags/example_sensor_decorator.py
[2023-03-26T22:02:17.740+0200] {processor.py:743} INFO - Processing file /home/humbulani/miniconda3/envs/apache-airflow/lib/python3.8/site-packages/airflow/example_dags/example_sensor_decorator.py for tasks to queue
[2023-03-26T22:02:17.741+0200] {logging_mixin.py:137} INFO - [2023-03-26T22:02:17.741+0200] {dagbag.py:532} INFO - Filling up the DagBag from /home/humbulani/miniconda3/envs/apache-airflow/lib/python3.8/site-packages/airflow/example_dags/example_sensor_decorator.py
[2023-03-26T22:02:17.765+0200] {processor.py:753} INFO - DAG(s) dict_keys(['example_sensor_decorator']) retrieved from /home/humbulani/miniconda3/envs/apache-airflow/lib/python3.8/site-packages/airflow/example_dags/example_sensor_decorator.py
[2023-03-26T22:02:17.780+0200] {logging_mixin.py:137} INFO - [2023-03-26T22:02:17.780+0200] {dag.py:2693} INFO - Sync 1 DAGs
[2023-03-26T22:02:17.797+0200] {logging_mixin.py:137} INFO - [2023-03-26T22:02:17.797+0200] {dag.py:3440} INFO - Setting next_dagrun for example_sensor_decorator to None, run_after=None
[2023-03-26T22:02:17.882+0200] {processor.py:175} INFO - Processing /home/humbulani/miniconda3/envs/apache-airflow/lib/python3.8/site-packages/airflow/example_dags/example_sensor_decorator.py took 0.146 seconds
[2023-03-26T22:03:03.024+0200] {processor.py:153} INFO - Started process (PID=18581) to work on /home/humbulani/miniconda3/envs/apache-airflow/lib/python3.8/site-packages/airflow/example_dags/example_sensor_decorator.py
[2023-03-26T22:03:03.025+0200] {processor.py:743} INFO - Processing file /home/humbulani/miniconda3/envs/apache-airflow/lib/python3.8/site-packages/airflow/example_dags/example_sensor_decorator.py for tasks to queue
[2023-03-26T22:03:03.026+0200] {logging_mixin.py:137} INFO - [2023-03-26T22:03:03.026+0200] {dagbag.py:532} INFO - Filling up the DagBag from /home/humbulani/miniconda3/envs/apache-airflow/lib/python3.8/site-packages/airflow/example_dags/example_sensor_decorator.py
[2023-03-26T22:03:03.047+0200] {processor.py:753} INFO - DAG(s) dict_keys(['example_sensor_decorator']) retrieved from /home/humbulani/miniconda3/envs/apache-airflow/lib/python3.8/site-packages/airflow/example_dags/example_sensor_decorator.py
[2023-03-26T22:03:03.062+0200] {logging_mixin.py:137} INFO - [2023-03-26T22:03:03.062+0200] {dag.py:2693} INFO - Sync 1 DAGs
[2023-03-26T22:03:03.079+0200] {logging_mixin.py:137} INFO - [2023-03-26T22:03:03.078+0200] {dag.py:3440} INFO - Setting next_dagrun for example_sensor_decorator to None, run_after=None
[2023-03-26T22:03:03.142+0200] {processor.py:175} INFO - Processing /home/humbulani/miniconda3/envs/apache-airflow/lib/python3.8/site-packages/airflow/example_dags/example_sensor_decorator.py took 0.121 seconds
[2023-03-26T22:03:48.984+0200] {processor.py:153} INFO - Started process (PID=18653) to work on /home/humbulani/miniconda3/envs/apache-airflow/lib/python3.8/site-packages/airflow/example_dags/example_sensor_decorator.py
[2023-03-26T22:03:48.996+0200] {processor.py:743} INFO - Processing file /home/humbulani/miniconda3/envs/apache-airflow/lib/python3.8/site-packages/airflow/example_dags/example_sensor_decorator.py for tasks to queue
[2023-03-26T22:03:48.996+0200] {logging_mixin.py:137} INFO - [2023-03-26T22:03:48.996+0200] {dagbag.py:532} INFO - Filling up the DagBag from /home/humbulani/miniconda3/envs/apache-airflow/lib/python3.8/site-packages/airflow/example_dags/example_sensor_decorator.py
[2023-03-26T22:03:49.017+0200] {processor.py:753} INFO - DAG(s) dict_keys(['example_sensor_decorator']) retrieved from /home/humbulani/miniconda3/envs/apache-airflow/lib/python3.8/site-packages/airflow/example_dags/example_sensor_decorator.py
[2023-03-26T22:03:49.033+0200] {logging_mixin.py:137} INFO - [2023-03-26T22:03:49.033+0200] {dag.py:2693} INFO - Sync 1 DAGs
[2023-03-26T22:03:49.053+0200] {logging_mixin.py:137} INFO - [2023-03-26T22:03:49.053+0200] {dag.py:3440} INFO - Setting next_dagrun for example_sensor_decorator to None, run_after=None
[2023-03-26T22:03:49.137+0200] {processor.py:175} INFO - Processing /home/humbulani/miniconda3/envs/apache-airflow/lib/python3.8/site-packages/airflow/example_dags/example_sensor_decorator.py took 0.155 seconds
[2023-03-26T22:04:33.984+0200] {processor.py:153} INFO - Started process (PID=18705) to work on /home/humbulani/miniconda3/envs/apache-airflow/lib/python3.8/site-packages/airflow/example_dags/example_sensor_decorator.py
[2023-03-26T22:04:33.999+0200] {processor.py:743} INFO - Processing file /home/humbulani/miniconda3/envs/apache-airflow/lib/python3.8/site-packages/airflow/example_dags/example_sensor_decorator.py for tasks to queue
[2023-03-26T22:04:34.000+0200] {logging_mixin.py:137} INFO - [2023-03-26T22:04:33.999+0200] {dagbag.py:532} INFO - Filling up the DagBag from /home/humbulani/miniconda3/envs/apache-airflow/lib/python3.8/site-packages/airflow/example_dags/example_sensor_decorator.py
[2023-03-26T22:04:34.020+0200] {processor.py:753} INFO - DAG(s) dict_keys(['example_sensor_decorator']) retrieved from /home/humbulani/miniconda3/envs/apache-airflow/lib/python3.8/site-packages/airflow/example_dags/example_sensor_decorator.py
[2023-03-26T22:04:34.035+0200] {logging_mixin.py:137} INFO - [2023-03-26T22:04:34.035+0200] {dag.py:2693} INFO - Sync 1 DAGs
[2023-03-26T22:04:34.054+0200] {logging_mixin.py:137} INFO - [2023-03-26T22:04:34.054+0200] {dag.py:3440} INFO - Setting next_dagrun for example_sensor_decorator to None, run_after=None
[2023-03-26T22:04:34.123+0200] {processor.py:175} INFO - Processing /home/humbulani/miniconda3/envs/apache-airflow/lib/python3.8/site-packages/airflow/example_dags/example_sensor_decorator.py took 0.143 seconds
[2023-03-26T22:05:19.904+0200] {processor.py:153} INFO - Started process (PID=18756) to work on /home/humbulani/miniconda3/envs/apache-airflow/lib/python3.8/site-packages/airflow/example_dags/example_sensor_decorator.py
[2023-03-26T22:05:19.919+0200] {processor.py:743} INFO - Processing file /home/humbulani/miniconda3/envs/apache-airflow/lib/python3.8/site-packages/airflow/example_dags/example_sensor_decorator.py for tasks to queue
[2023-03-26T22:05:19.920+0200] {logging_mixin.py:137} INFO - [2023-03-26T22:05:19.919+0200] {dagbag.py:532} INFO - Filling up the DagBag from /home/humbulani/miniconda3/envs/apache-airflow/lib/python3.8/site-packages/airflow/example_dags/example_sensor_decorator.py
[2023-03-26T22:05:19.945+0200] {processor.py:753} INFO - DAG(s) dict_keys(['example_sensor_decorator']) retrieved from /home/humbulani/miniconda3/envs/apache-airflow/lib/python3.8/site-packages/airflow/example_dags/example_sensor_decorator.py
[2023-03-26T22:05:19.962+0200] {logging_mixin.py:137} INFO - [2023-03-26T22:05:19.962+0200] {dag.py:2693} INFO - Sync 1 DAGs
[2023-03-26T22:05:19.980+0200] {logging_mixin.py:137} INFO - [2023-03-26T22:05:19.980+0200] {dag.py:3440} INFO - Setting next_dagrun for example_sensor_decorator to None, run_after=None
[2023-03-26T22:05:20.051+0200] {processor.py:175} INFO - Processing /home/humbulani/miniconda3/envs/apache-airflow/lib/python3.8/site-packages/airflow/example_dags/example_sensor_decorator.py took 0.151 seconds
[2023-03-26T22:06:02.642+0200] {processor.py:153} INFO - Started process (PID=18808) to work on /home/humbulani/miniconda3/envs/apache-airflow/lib/python3.8/site-packages/airflow/example_dags/example_sensor_decorator.py
[2023-03-26T22:06:02.643+0200] {processor.py:743} INFO - Processing file /home/humbulani/miniconda3/envs/apache-airflow/lib/python3.8/site-packages/airflow/example_dags/example_sensor_decorator.py for tasks to queue
[2023-03-26T22:06:02.644+0200] {logging_mixin.py:137} INFO - [2023-03-26T22:06:02.643+0200] {dagbag.py:532} INFO - Filling up the DagBag from /home/humbulani/miniconda3/envs/apache-airflow/lib/python3.8/site-packages/airflow/example_dags/example_sensor_decorator.py
[2023-03-26T22:06:02.664+0200] {processor.py:753} INFO - DAG(s) dict_keys(['example_sensor_decorator']) retrieved from /home/humbulani/miniconda3/envs/apache-airflow/lib/python3.8/site-packages/airflow/example_dags/example_sensor_decorator.py
[2023-03-26T22:06:02.680+0200] {logging_mixin.py:137} INFO - [2023-03-26T22:06:02.680+0200] {dag.py:2693} INFO - Sync 1 DAGs
[2023-03-26T22:06:02.697+0200] {logging_mixin.py:137} INFO - [2023-03-26T22:06:02.697+0200] {dag.py:3440} INFO - Setting next_dagrun for example_sensor_decorator to None, run_after=None
[2023-03-26T22:06:02.763+0200] {processor.py:175} INFO - Processing /home/humbulani/miniconda3/envs/apache-airflow/lib/python3.8/site-packages/airflow/example_dags/example_sensor_decorator.py took 0.123 seconds
[2023-03-26T22:06:50.865+0200] {processor.py:153} INFO - Started process (PID=18881) to work on /home/humbulani/miniconda3/envs/apache-airflow/lib/python3.8/site-packages/airflow/example_dags/example_sensor_decorator.py
[2023-03-26T22:06:50.866+0200] {processor.py:743} INFO - Processing file /home/humbulani/miniconda3/envs/apache-airflow/lib/python3.8/site-packages/airflow/example_dags/example_sensor_decorator.py for tasks to queue
[2023-03-26T22:06:50.866+0200] {logging_mixin.py:137} INFO - [2023-03-26T22:06:50.866+0200] {dagbag.py:532} INFO - Filling up the DagBag from /home/humbulani/miniconda3/envs/apache-airflow/lib/python3.8/site-packages/airflow/example_dags/example_sensor_decorator.py
[2023-03-26T22:06:50.887+0200] {processor.py:753} INFO - DAG(s) dict_keys(['example_sensor_decorator']) retrieved from /home/humbulani/miniconda3/envs/apache-airflow/lib/python3.8/site-packages/airflow/example_dags/example_sensor_decorator.py
[2023-03-26T22:06:50.903+0200] {logging_mixin.py:137} INFO - [2023-03-26T22:06:50.903+0200] {dag.py:2693} INFO - Sync 1 DAGs
[2023-03-26T22:06:50.921+0200] {logging_mixin.py:137} INFO - [2023-03-26T22:06:50.920+0200] {dag.py:3440} INFO - Setting next_dagrun for example_sensor_decorator to None, run_after=None
[2023-03-26T22:06:50.986+0200] {processor.py:175} INFO - Processing /home/humbulani/miniconda3/envs/apache-airflow/lib/python3.8/site-packages/airflow/example_dags/example_sensor_decorator.py took 0.124 seconds
[2023-03-26T22:07:36.879+0200] {processor.py:153} INFO - Started process (PID=18996) to work on /home/humbulani/miniconda3/envs/apache-airflow/lib/python3.8/site-packages/airflow/example_dags/example_sensor_decorator.py
[2023-03-26T22:07:36.892+0200] {processor.py:743} INFO - Processing file /home/humbulani/miniconda3/envs/apache-airflow/lib/python3.8/site-packages/airflow/example_dags/example_sensor_decorator.py for tasks to queue
[2023-03-26T22:07:36.892+0200] {logging_mixin.py:137} INFO - [2023-03-26T22:07:36.892+0200] {dagbag.py:532} INFO - Filling up the DagBag from /home/humbulani/miniconda3/envs/apache-airflow/lib/python3.8/site-packages/airflow/example_dags/example_sensor_decorator.py
[2023-03-26T22:07:36.912+0200] {processor.py:753} INFO - DAG(s) dict_keys(['example_sensor_decorator']) retrieved from /home/humbulani/miniconda3/envs/apache-airflow/lib/python3.8/site-packages/airflow/example_dags/example_sensor_decorator.py
[2023-03-26T22:07:36.927+0200] {logging_mixin.py:137} INFO - [2023-03-26T22:07:36.927+0200] {dag.py:2693} INFO - Sync 1 DAGs
[2023-03-26T22:07:36.945+0200] {logging_mixin.py:137} INFO - [2023-03-26T22:07:36.944+0200] {dag.py:3440} INFO - Setting next_dagrun for example_sensor_decorator to None, run_after=None
[2023-03-26T22:07:37.020+0200] {processor.py:175} INFO - Processing /home/humbulani/miniconda3/envs/apache-airflow/lib/python3.8/site-packages/airflow/example_dags/example_sensor_decorator.py took 0.143 seconds
[2023-03-26T22:08:20.408+0200] {processor.py:153} INFO - Started process (PID=19045) to work on /home/humbulani/miniconda3/envs/apache-airflow/lib/python3.8/site-packages/airflow/example_dags/example_sensor_decorator.py
[2023-03-26T22:08:20.425+0200] {processor.py:743} INFO - Processing file /home/humbulani/miniconda3/envs/apache-airflow/lib/python3.8/site-packages/airflow/example_dags/example_sensor_decorator.py for tasks to queue
[2023-03-26T22:08:20.425+0200] {logging_mixin.py:137} INFO - [2023-03-26T22:08:20.425+0200] {dagbag.py:532} INFO - Filling up the DagBag from /home/humbulani/miniconda3/envs/apache-airflow/lib/python3.8/site-packages/airflow/example_dags/example_sensor_decorator.py
[2023-03-26T22:08:20.449+0200] {processor.py:753} INFO - DAG(s) dict_keys(['example_sensor_decorator']) retrieved from /home/humbulani/miniconda3/envs/apache-airflow/lib/python3.8/site-packages/airflow/example_dags/example_sensor_decorator.py
[2023-03-26T22:08:20.464+0200] {logging_mixin.py:137} INFO - [2023-03-26T22:08:20.464+0200] {dag.py:2693} INFO - Sync 1 DAGs
[2023-03-26T22:08:20.482+0200] {logging_mixin.py:137} INFO - [2023-03-26T22:08:20.482+0200] {dag.py:3440} INFO - Setting next_dagrun for example_sensor_decorator to None, run_after=None
[2023-03-26T22:08:20.549+0200] {processor.py:175} INFO - Processing /home/humbulani/miniconda3/envs/apache-airflow/lib/python3.8/site-packages/airflow/example_dags/example_sensor_decorator.py took 0.143 seconds
[2023-03-26T22:09:08.473+0200] {processor.py:153} INFO - Started process (PID=19127) to work on /home/humbulani/miniconda3/envs/apache-airflow/lib/python3.8/site-packages/airflow/example_dags/example_sensor_decorator.py
[2023-03-26T22:09:08.474+0200] {processor.py:743} INFO - Processing file /home/humbulani/miniconda3/envs/apache-airflow/lib/python3.8/site-packages/airflow/example_dags/example_sensor_decorator.py for tasks to queue
[2023-03-26T22:09:08.474+0200] {logging_mixin.py:137} INFO - [2023-03-26T22:09:08.474+0200] {dagbag.py:532} INFO - Filling up the DagBag from /home/humbulani/miniconda3/envs/apache-airflow/lib/python3.8/site-packages/airflow/example_dags/example_sensor_decorator.py
[2023-03-26T22:09:08.495+0200] {processor.py:753} INFO - DAG(s) dict_keys(['example_sensor_decorator']) retrieved from /home/humbulani/miniconda3/envs/apache-airflow/lib/python3.8/site-packages/airflow/example_dags/example_sensor_decorator.py
[2023-03-26T22:09:08.513+0200] {logging_mixin.py:137} INFO - [2023-03-26T22:09:08.513+0200] {dag.py:2693} INFO - Sync 1 DAGs
[2023-03-26T22:09:08.533+0200] {logging_mixin.py:137} INFO - [2023-03-26T22:09:08.532+0200] {dag.py:3440} INFO - Setting next_dagrun for example_sensor_decorator to None, run_after=None
[2023-03-26T22:09:08.653+0200] {processor.py:175} INFO - Processing /home/humbulani/miniconda3/envs/apache-airflow/lib/python3.8/site-packages/airflow/example_dags/example_sensor_decorator.py took 0.183 seconds
[2023-03-26T22:09:56.119+0200] {processor.py:153} INFO - Started process (PID=19170) to work on /home/humbulani/miniconda3/envs/apache-airflow/lib/python3.8/site-packages/airflow/example_dags/example_sensor_decorator.py
[2023-03-26T22:09:56.120+0200] {processor.py:743} INFO - Processing file /home/humbulani/miniconda3/envs/apache-airflow/lib/python3.8/site-packages/airflow/example_dags/example_sensor_decorator.py for tasks to queue
[2023-03-26T22:09:56.120+0200] {logging_mixin.py:137} INFO - [2023-03-26T22:09:56.120+0200] {dagbag.py:532} INFO - Filling up the DagBag from /home/humbulani/miniconda3/envs/apache-airflow/lib/python3.8/site-packages/airflow/example_dags/example_sensor_decorator.py
[2023-03-26T22:09:56.141+0200] {processor.py:753} INFO - DAG(s) dict_keys(['example_sensor_decorator']) retrieved from /home/humbulani/miniconda3/envs/apache-airflow/lib/python3.8/site-packages/airflow/example_dags/example_sensor_decorator.py
[2023-03-26T22:09:56.157+0200] {logging_mixin.py:137} INFO - [2023-03-26T22:09:56.156+0200] {dag.py:2693} INFO - Sync 1 DAGs
[2023-03-26T22:09:56.173+0200] {logging_mixin.py:137} INFO - [2023-03-26T22:09:56.173+0200] {dag.py:3440} INFO - Setting next_dagrun for example_sensor_decorator to None, run_after=None
[2023-03-26T22:09:56.260+0200] {processor.py:175} INFO - Processing /home/humbulani/miniconda3/envs/apache-airflow/lib/python3.8/site-packages/airflow/example_dags/example_sensor_decorator.py took 0.144 seconds
[2023-03-26T22:10:39.884+0200] {processor.py:153} INFO - Started process (PID=19300) to work on /home/humbulani/miniconda3/envs/apache-airflow/lib/python3.8/site-packages/airflow/example_dags/example_sensor_decorator.py
[2023-03-26T22:10:39.918+0200] {processor.py:743} INFO - Processing file /home/humbulani/miniconda3/envs/apache-airflow/lib/python3.8/site-packages/airflow/example_dags/example_sensor_decorator.py for tasks to queue
[2023-03-26T22:10:39.919+0200] {logging_mixin.py:137} INFO - [2023-03-26T22:10:39.919+0200] {dagbag.py:532} INFO - Filling up the DagBag from /home/humbulani/miniconda3/envs/apache-airflow/lib/python3.8/site-packages/airflow/example_dags/example_sensor_decorator.py
[2023-03-26T22:10:39.939+0200] {processor.py:753} INFO - DAG(s) dict_keys(['example_sensor_decorator']) retrieved from /home/humbulani/miniconda3/envs/apache-airflow/lib/python3.8/site-packages/airflow/example_dags/example_sensor_decorator.py
[2023-03-26T22:10:39.955+0200] {logging_mixin.py:137} INFO - [2023-03-26T22:10:39.954+0200] {dag.py:2693} INFO - Sync 1 DAGs
[2023-03-26T22:10:39.971+0200] {logging_mixin.py:137} INFO - [2023-03-26T22:10:39.971+0200] {dag.py:3440} INFO - Setting next_dagrun for example_sensor_decorator to None, run_after=None
[2023-03-26T22:10:40.055+0200] {processor.py:175} INFO - Processing /home/humbulani/miniconda3/envs/apache-airflow/lib/python3.8/site-packages/airflow/example_dags/example_sensor_decorator.py took 0.173 seconds
[2023-03-26T22:11:27.255+0200] {processor.py:153} INFO - Started process (PID=19343) to work on /home/humbulani/miniconda3/envs/apache-airflow/lib/python3.8/site-packages/airflow/example_dags/example_sensor_decorator.py
[2023-03-26T22:11:27.265+0200] {processor.py:743} INFO - Processing file /home/humbulani/miniconda3/envs/apache-airflow/lib/python3.8/site-packages/airflow/example_dags/example_sensor_decorator.py for tasks to queue
[2023-03-26T22:11:27.266+0200] {logging_mixin.py:137} INFO - [2023-03-26T22:11:27.266+0200] {dagbag.py:532} INFO - Filling up the DagBag from /home/humbulani/miniconda3/envs/apache-airflow/lib/python3.8/site-packages/airflow/example_dags/example_sensor_decorator.py
[2023-03-26T22:11:27.285+0200] {processor.py:753} INFO - DAG(s) dict_keys(['example_sensor_decorator']) retrieved from /home/humbulani/miniconda3/envs/apache-airflow/lib/python3.8/site-packages/airflow/example_dags/example_sensor_decorator.py
[2023-03-26T22:11:27.300+0200] {logging_mixin.py:137} INFO - [2023-03-26T22:11:27.299+0200] {dag.py:2693} INFO - Sync 1 DAGs
[2023-03-26T22:11:27.316+0200] {logging_mixin.py:137} INFO - [2023-03-26T22:11:27.316+0200] {dag.py:3440} INFO - Setting next_dagrun for example_sensor_decorator to None, run_after=None
[2023-03-26T22:11:27.385+0200] {processor.py:175} INFO - Processing /home/humbulani/miniconda3/envs/apache-airflow/lib/python3.8/site-packages/airflow/example_dags/example_sensor_decorator.py took 0.132 seconds
[2023-03-26T22:12:11.787+0200] {processor.py:153} INFO - Started process (PID=19388) to work on /home/humbulani/miniconda3/envs/apache-airflow/lib/python3.8/site-packages/airflow/example_dags/example_sensor_decorator.py
[2023-03-26T22:12:11.803+0200] {processor.py:743} INFO - Processing file /home/humbulani/miniconda3/envs/apache-airflow/lib/python3.8/site-packages/airflow/example_dags/example_sensor_decorator.py for tasks to queue
[2023-03-26T22:12:11.804+0200] {logging_mixin.py:137} INFO - [2023-03-26T22:12:11.804+0200] {dagbag.py:532} INFO - Filling up the DagBag from /home/humbulani/miniconda3/envs/apache-airflow/lib/python3.8/site-packages/airflow/example_dags/example_sensor_decorator.py
[2023-03-26T22:12:11.823+0200] {processor.py:753} INFO - DAG(s) dict_keys(['example_sensor_decorator']) retrieved from /home/humbulani/miniconda3/envs/apache-airflow/lib/python3.8/site-packages/airflow/example_dags/example_sensor_decorator.py
[2023-03-26T22:12:11.838+0200] {logging_mixin.py:137} INFO - [2023-03-26T22:12:11.838+0200] {dag.py:2693} INFO - Sync 1 DAGs
[2023-03-26T22:12:11.856+0200] {logging_mixin.py:137} INFO - [2023-03-26T22:12:11.856+0200] {dag.py:3440} INFO - Setting next_dagrun for example_sensor_decorator to None, run_after=None
[2023-03-26T22:12:11.931+0200] {processor.py:175} INFO - Processing /home/humbulani/miniconda3/envs/apache-airflow/lib/python3.8/site-packages/airflow/example_dags/example_sensor_decorator.py took 0.146 seconds
[2023-03-26T22:12:57.134+0200] {processor.py:153} INFO - Started process (PID=19497) to work on /home/humbulani/miniconda3/envs/apache-airflow/lib/python3.8/site-packages/airflow/example_dags/example_sensor_decorator.py
[2023-03-26T22:12:57.146+0200] {processor.py:743} INFO - Processing file /home/humbulani/miniconda3/envs/apache-airflow/lib/python3.8/site-packages/airflow/example_dags/example_sensor_decorator.py for tasks to queue
[2023-03-26T22:12:57.147+0200] {logging_mixin.py:137} INFO - [2023-03-26T22:12:57.147+0200] {dagbag.py:532} INFO - Filling up the DagBag from /home/humbulani/miniconda3/envs/apache-airflow/lib/python3.8/site-packages/airflow/example_dags/example_sensor_decorator.py
[2023-03-26T22:12:57.167+0200] {processor.py:753} INFO - DAG(s) dict_keys(['example_sensor_decorator']) retrieved from /home/humbulani/miniconda3/envs/apache-airflow/lib/python3.8/site-packages/airflow/example_dags/example_sensor_decorator.py
[2023-03-26T22:12:57.183+0200] {logging_mixin.py:137} INFO - [2023-03-26T22:12:57.183+0200] {dag.py:2693} INFO - Sync 1 DAGs
[2023-03-26T22:12:57.202+0200] {logging_mixin.py:137} INFO - [2023-03-26T22:12:57.202+0200] {dag.py:3440} INFO - Setting next_dagrun for example_sensor_decorator to None, run_after=None
[2023-03-26T22:12:57.270+0200] {processor.py:175} INFO - Processing /home/humbulani/miniconda3/envs/apache-airflow/lib/python3.8/site-packages/airflow/example_dags/example_sensor_decorator.py took 0.139 seconds
[2023-03-26T22:13:44.776+0200] {processor.py:153} INFO - Started process (PID=19539) to work on /home/humbulani/miniconda3/envs/apache-airflow/lib/python3.8/site-packages/airflow/example_dags/example_sensor_decorator.py
[2023-03-26T22:13:44.777+0200] {processor.py:743} INFO - Processing file /home/humbulani/miniconda3/envs/apache-airflow/lib/python3.8/site-packages/airflow/example_dags/example_sensor_decorator.py for tasks to queue
[2023-03-26T22:13:44.778+0200] {logging_mixin.py:137} INFO - [2023-03-26T22:13:44.778+0200] {dagbag.py:532} INFO - Filling up the DagBag from /home/humbulani/miniconda3/envs/apache-airflow/lib/python3.8/site-packages/airflow/example_dags/example_sensor_decorator.py
[2023-03-26T22:13:44.797+0200] {processor.py:753} INFO - DAG(s) dict_keys(['example_sensor_decorator']) retrieved from /home/humbulani/miniconda3/envs/apache-airflow/lib/python3.8/site-packages/airflow/example_dags/example_sensor_decorator.py
[2023-03-26T22:13:44.812+0200] {logging_mixin.py:137} INFO - [2023-03-26T22:13:44.812+0200] {dag.py:2693} INFO - Sync 1 DAGs
[2023-03-26T22:13:44.829+0200] {logging_mixin.py:137} INFO - [2023-03-26T22:13:44.829+0200] {dag.py:3440} INFO - Setting next_dagrun for example_sensor_decorator to None, run_after=None
[2023-03-26T22:13:44.899+0200] {processor.py:175} INFO - Processing /home/humbulani/miniconda3/envs/apache-airflow/lib/python3.8/site-packages/airflow/example_dags/example_sensor_decorator.py took 0.125 seconds
[2023-03-26T22:14:31.923+0200] {processor.py:153} INFO - Started process (PID=19584) to work on /home/humbulani/miniconda3/envs/apache-airflow/lib/python3.8/site-packages/airflow/example_dags/example_sensor_decorator.py
[2023-03-26T22:14:31.935+0200] {processor.py:743} INFO - Processing file /home/humbulani/miniconda3/envs/apache-airflow/lib/python3.8/site-packages/airflow/example_dags/example_sensor_decorator.py for tasks to queue
[2023-03-26T22:14:31.935+0200] {logging_mixin.py:137} INFO - [2023-03-26T22:14:31.935+0200] {dagbag.py:532} INFO - Filling up the DagBag from /home/humbulani/miniconda3/envs/apache-airflow/lib/python3.8/site-packages/airflow/example_dags/example_sensor_decorator.py
[2023-03-26T22:14:31.961+0200] {processor.py:753} INFO - DAG(s) dict_keys(['example_sensor_decorator']) retrieved from /home/humbulani/miniconda3/envs/apache-airflow/lib/python3.8/site-packages/airflow/example_dags/example_sensor_decorator.py
[2023-03-26T22:14:31.978+0200] {logging_mixin.py:137} INFO - [2023-03-26T22:14:31.977+0200] {dag.py:2693} INFO - Sync 1 DAGs
[2023-03-26T22:14:31.994+0200] {logging_mixin.py:137} INFO - [2023-03-26T22:14:31.994+0200] {dag.py:3440} INFO - Setting next_dagrun for example_sensor_decorator to None, run_after=None
[2023-03-26T22:14:32.064+0200] {processor.py:175} INFO - Processing /home/humbulani/miniconda3/envs/apache-airflow/lib/python3.8/site-packages/airflow/example_dags/example_sensor_decorator.py took 0.143 seconds
[2023-03-26T22:15:19.398+0200] {processor.py:153} INFO - Started process (PID=19694) to work on /home/humbulani/miniconda3/envs/apache-airflow/lib/python3.8/site-packages/airflow/example_dags/example_sensor_decorator.py
[2023-03-26T22:15:19.399+0200] {processor.py:743} INFO - Processing file /home/humbulani/miniconda3/envs/apache-airflow/lib/python3.8/site-packages/airflow/example_dags/example_sensor_decorator.py for tasks to queue
[2023-03-26T22:15:19.399+0200] {logging_mixin.py:137} INFO - [2023-03-26T22:15:19.399+0200] {dagbag.py:532} INFO - Filling up the DagBag from /home/humbulani/miniconda3/envs/apache-airflow/lib/python3.8/site-packages/airflow/example_dags/example_sensor_decorator.py
[2023-03-26T22:15:19.420+0200] {processor.py:753} INFO - DAG(s) dict_keys(['example_sensor_decorator']) retrieved from /home/humbulani/miniconda3/envs/apache-airflow/lib/python3.8/site-packages/airflow/example_dags/example_sensor_decorator.py
[2023-03-26T22:15:19.435+0200] {logging_mixin.py:137} INFO - [2023-03-26T22:15:19.435+0200] {dag.py:2693} INFO - Sync 1 DAGs
[2023-03-26T22:15:19.453+0200] {logging_mixin.py:137} INFO - [2023-03-26T22:15:19.452+0200] {dag.py:3440} INFO - Setting next_dagrun for example_sensor_decorator to None, run_after=None
[2023-03-26T22:15:19.527+0200] {processor.py:175} INFO - Processing /home/humbulani/miniconda3/envs/apache-airflow/lib/python3.8/site-packages/airflow/example_dags/example_sensor_decorator.py took 0.131 seconds
[2023-03-26T22:16:05.539+0200] {processor.py:153} INFO - Started process (PID=19739) to work on /home/humbulani/miniconda3/envs/apache-airflow/lib/python3.8/site-packages/airflow/example_dags/example_sensor_decorator.py
[2023-03-26T22:16:05.552+0200] {processor.py:743} INFO - Processing file /home/humbulani/miniconda3/envs/apache-airflow/lib/python3.8/site-packages/airflow/example_dags/example_sensor_decorator.py for tasks to queue
[2023-03-26T22:16:05.553+0200] {logging_mixin.py:137} INFO - [2023-03-26T22:16:05.553+0200] {dagbag.py:532} INFO - Filling up the DagBag from /home/humbulani/miniconda3/envs/apache-airflow/lib/python3.8/site-packages/airflow/example_dags/example_sensor_decorator.py
[2023-03-26T22:16:05.578+0200] {processor.py:753} INFO - DAG(s) dict_keys(['example_sensor_decorator']) retrieved from /home/humbulani/miniconda3/envs/apache-airflow/lib/python3.8/site-packages/airflow/example_dags/example_sensor_decorator.py
[2023-03-26T22:16:05.595+0200] {logging_mixin.py:137} INFO - [2023-03-26T22:16:05.594+0200] {dag.py:2693} INFO - Sync 1 DAGs
[2023-03-26T22:16:05.612+0200] {logging_mixin.py:137} INFO - [2023-03-26T22:16:05.612+0200] {dag.py:3440} INFO - Setting next_dagrun for example_sensor_decorator to None, run_after=None
[2023-03-26T22:16:05.689+0200] {processor.py:175} INFO - Processing /home/humbulani/miniconda3/envs/apache-airflow/lib/python3.8/site-packages/airflow/example_dags/example_sensor_decorator.py took 0.153 seconds
[2023-03-26T22:16:58.920+0200] {processor.py:153} INFO - Started process (PID=19849) to work on /home/humbulani/miniconda3/envs/apache-airflow/lib/python3.8/site-packages/airflow/example_dags/example_sensor_decorator.py
[2023-03-26T22:16:58.930+0200] {processor.py:743} INFO - Processing file /home/humbulani/miniconda3/envs/apache-airflow/lib/python3.8/site-packages/airflow/example_dags/example_sensor_decorator.py for tasks to queue
[2023-03-26T22:16:58.931+0200] {logging_mixin.py:137} INFO - [2023-03-26T22:16:58.931+0200] {dagbag.py:532} INFO - Filling up the DagBag from /home/humbulani/miniconda3/envs/apache-airflow/lib/python3.8/site-packages/airflow/example_dags/example_sensor_decorator.py
[2023-03-26T22:16:58.956+0200] {processor.py:753} INFO - DAG(s) dict_keys(['example_sensor_decorator']) retrieved from /home/humbulani/miniconda3/envs/apache-airflow/lib/python3.8/site-packages/airflow/example_dags/example_sensor_decorator.py
[2023-03-26T22:16:58.973+0200] {logging_mixin.py:137} INFO - [2023-03-26T22:16:58.973+0200] {dag.py:2693} INFO - Sync 1 DAGs
[2023-03-26T22:16:58.990+0200] {logging_mixin.py:137} INFO - [2023-03-26T22:16:58.990+0200] {dag.py:3440} INFO - Setting next_dagrun for example_sensor_decorator to None, run_after=None
[2023-03-26T22:16:59.053+0200] {processor.py:175} INFO - Processing /home/humbulani/miniconda3/envs/apache-airflow/lib/python3.8/site-packages/airflow/example_dags/example_sensor_decorator.py took 0.136 seconds
[2023-03-26T22:17:42.196+0200] {processor.py:153} INFO - Started process (PID=19899) to work on /home/humbulani/miniconda3/envs/apache-airflow/lib/python3.8/site-packages/airflow/example_dags/example_sensor_decorator.py
[2023-03-26T22:17:42.209+0200] {processor.py:743} INFO - Processing file /home/humbulani/miniconda3/envs/apache-airflow/lib/python3.8/site-packages/airflow/example_dags/example_sensor_decorator.py for tasks to queue
[2023-03-26T22:17:42.210+0200] {logging_mixin.py:137} INFO - [2023-03-26T22:17:42.210+0200] {dagbag.py:532} INFO - Filling up the DagBag from /home/humbulani/miniconda3/envs/apache-airflow/lib/python3.8/site-packages/airflow/example_dags/example_sensor_decorator.py
[2023-03-26T22:17:42.230+0200] {processor.py:753} INFO - DAG(s) dict_keys(['example_sensor_decorator']) retrieved from /home/humbulani/miniconda3/envs/apache-airflow/lib/python3.8/site-packages/airflow/example_dags/example_sensor_decorator.py
[2023-03-26T22:17:42.247+0200] {logging_mixin.py:137} INFO - [2023-03-26T22:17:42.246+0200] {dag.py:2693} INFO - Sync 1 DAGs
[2023-03-26T22:17:42.263+0200] {logging_mixin.py:137} INFO - [2023-03-26T22:17:42.263+0200] {dag.py:3440} INFO - Setting next_dagrun for example_sensor_decorator to None, run_after=None
[2023-03-26T22:17:42.331+0200] {processor.py:175} INFO - Processing /home/humbulani/miniconda3/envs/apache-airflow/lib/python3.8/site-packages/airflow/example_dags/example_sensor_decorator.py took 0.138 seconds
[2023-03-26T22:18:26.599+0200] {processor.py:153} INFO - Started process (PID=20007) to work on /home/humbulani/miniconda3/envs/apache-airflow/lib/python3.8/site-packages/airflow/example_dags/example_sensor_decorator.py
[2023-03-26T22:18:26.613+0200] {processor.py:743} INFO - Processing file /home/humbulani/miniconda3/envs/apache-airflow/lib/python3.8/site-packages/airflow/example_dags/example_sensor_decorator.py for tasks to queue
[2023-03-26T22:18:26.614+0200] {logging_mixin.py:137} INFO - [2023-03-26T22:18:26.614+0200] {dagbag.py:532} INFO - Filling up the DagBag from /home/humbulani/miniconda3/envs/apache-airflow/lib/python3.8/site-packages/airflow/example_dags/example_sensor_decorator.py
[2023-03-26T22:18:26.641+0200] {processor.py:753} INFO - DAG(s) dict_keys(['example_sensor_decorator']) retrieved from /home/humbulani/miniconda3/envs/apache-airflow/lib/python3.8/site-packages/airflow/example_dags/example_sensor_decorator.py
[2023-03-26T22:18:26.657+0200] {logging_mixin.py:137} INFO - [2023-03-26T22:18:26.657+0200] {dag.py:2693} INFO - Sync 1 DAGs
[2023-03-26T22:18:26.673+0200] {logging_mixin.py:137} INFO - [2023-03-26T22:18:26.673+0200] {dag.py:3440} INFO - Setting next_dagrun for example_sensor_decorator to None, run_after=None
[2023-03-26T22:18:26.737+0200] {processor.py:175} INFO - Processing /home/humbulani/miniconda3/envs/apache-airflow/lib/python3.8/site-packages/airflow/example_dags/example_sensor_decorator.py took 0.142 seconds
[2023-03-26T22:19:10.551+0200] {processor.py:153} INFO - Started process (PID=20059) to work on /home/humbulani/miniconda3/envs/apache-airflow/lib/python3.8/site-packages/airflow/example_dags/example_sensor_decorator.py
[2023-03-26T22:19:10.565+0200] {processor.py:743} INFO - Processing file /home/humbulani/miniconda3/envs/apache-airflow/lib/python3.8/site-packages/airflow/example_dags/example_sensor_decorator.py for tasks to queue
[2023-03-26T22:19:10.565+0200] {logging_mixin.py:137} INFO - [2023-03-26T22:19:10.565+0200] {dagbag.py:532} INFO - Filling up the DagBag from /home/humbulani/miniconda3/envs/apache-airflow/lib/python3.8/site-packages/airflow/example_dags/example_sensor_decorator.py
[2023-03-26T22:19:10.585+0200] {processor.py:753} INFO - DAG(s) dict_keys(['example_sensor_decorator']) retrieved from /home/humbulani/miniconda3/envs/apache-airflow/lib/python3.8/site-packages/airflow/example_dags/example_sensor_decorator.py
[2023-03-26T22:19:10.600+0200] {logging_mixin.py:137} INFO - [2023-03-26T22:19:10.600+0200] {dag.py:2693} INFO - Sync 1 DAGs
[2023-03-26T22:19:10.618+0200] {logging_mixin.py:137} INFO - [2023-03-26T22:19:10.618+0200] {dag.py:3440} INFO - Setting next_dagrun for example_sensor_decorator to None, run_after=None
[2023-03-26T22:19:10.701+0200] {processor.py:175} INFO - Processing /home/humbulani/miniconda3/envs/apache-airflow/lib/python3.8/site-packages/airflow/example_dags/example_sensor_decorator.py took 0.153 seconds
[2023-03-26T22:19:55.599+0200] {processor.py:153} INFO - Started process (PID=20162) to work on /home/humbulani/miniconda3/envs/apache-airflow/lib/python3.8/site-packages/airflow/example_dags/example_sensor_decorator.py
[2023-03-26T22:19:55.600+0200] {processor.py:743} INFO - Processing file /home/humbulani/miniconda3/envs/apache-airflow/lib/python3.8/site-packages/airflow/example_dags/example_sensor_decorator.py for tasks to queue
[2023-03-26T22:19:55.601+0200] {logging_mixin.py:137} INFO - [2023-03-26T22:19:55.601+0200] {dagbag.py:532} INFO - Filling up the DagBag from /home/humbulani/miniconda3/envs/apache-airflow/lib/python3.8/site-packages/airflow/example_dags/example_sensor_decorator.py
[2023-03-26T22:19:55.624+0200] {processor.py:753} INFO - DAG(s) dict_keys(['example_sensor_decorator']) retrieved from /home/humbulani/miniconda3/envs/apache-airflow/lib/python3.8/site-packages/airflow/example_dags/example_sensor_decorator.py
[2023-03-26T22:19:55.639+0200] {logging_mixin.py:137} INFO - [2023-03-26T22:19:55.639+0200] {dag.py:2693} INFO - Sync 1 DAGs
[2023-03-26T22:19:55.657+0200] {logging_mixin.py:137} INFO - [2023-03-26T22:19:55.657+0200] {dag.py:3440} INFO - Setting next_dagrun for example_sensor_decorator to None, run_after=None
[2023-03-26T22:19:55.719+0200] {processor.py:175} INFO - Processing /home/humbulani/miniconda3/envs/apache-airflow/lib/python3.8/site-packages/airflow/example_dags/example_sensor_decorator.py took 0.123 seconds
[2023-03-26T22:20:39.969+0200] {processor.py:153} INFO - Started process (PID=20242) to work on /home/humbulani/miniconda3/envs/apache-airflow/lib/python3.8/site-packages/airflow/example_dags/example_sensor_decorator.py
[2023-03-26T22:20:39.981+0200] {processor.py:743} INFO - Processing file /home/humbulani/miniconda3/envs/apache-airflow/lib/python3.8/site-packages/airflow/example_dags/example_sensor_decorator.py for tasks to queue
[2023-03-26T22:20:39.982+0200] {logging_mixin.py:137} INFO - [2023-03-26T22:20:39.982+0200] {dagbag.py:532} INFO - Filling up the DagBag from /home/humbulani/miniconda3/envs/apache-airflow/lib/python3.8/site-packages/airflow/example_dags/example_sensor_decorator.py
[2023-03-26T22:20:40.004+0200] {processor.py:753} INFO - DAG(s) dict_keys(['example_sensor_decorator']) retrieved from /home/humbulani/miniconda3/envs/apache-airflow/lib/python3.8/site-packages/airflow/example_dags/example_sensor_decorator.py
[2023-03-26T22:20:40.020+0200] {logging_mixin.py:137} INFO - [2023-03-26T22:20:40.020+0200] {dag.py:2693} INFO - Sync 1 DAGs
[2023-03-26T22:20:40.041+0200] {logging_mixin.py:137} INFO - [2023-03-26T22:20:40.041+0200] {dag.py:3440} INFO - Setting next_dagrun for example_sensor_decorator to None, run_after=None
[2023-03-26T22:20:40.150+0200] {processor.py:175} INFO - Processing /home/humbulani/miniconda3/envs/apache-airflow/lib/python3.8/site-packages/airflow/example_dags/example_sensor_decorator.py took 0.183 seconds
[2023-03-26T22:21:25.947+0200] {processor.py:153} INFO - Started process (PID=20296) to work on /home/humbulani/miniconda3/envs/apache-airflow/lib/python3.8/site-packages/airflow/example_dags/example_sensor_decorator.py
[2023-03-26T22:21:25.958+0200] {processor.py:743} INFO - Processing file /home/humbulani/miniconda3/envs/apache-airflow/lib/python3.8/site-packages/airflow/example_dags/example_sensor_decorator.py for tasks to queue
[2023-03-26T22:21:25.958+0200] {logging_mixin.py:137} INFO - [2023-03-26T22:21:25.958+0200] {dagbag.py:532} INFO - Filling up the DagBag from /home/humbulani/miniconda3/envs/apache-airflow/lib/python3.8/site-packages/airflow/example_dags/example_sensor_decorator.py
[2023-03-26T22:21:25.978+0200] {processor.py:753} INFO - DAG(s) dict_keys(['example_sensor_decorator']) retrieved from /home/humbulani/miniconda3/envs/apache-airflow/lib/python3.8/site-packages/airflow/example_dags/example_sensor_decorator.py
[2023-03-26T22:21:25.994+0200] {logging_mixin.py:137} INFO - [2023-03-26T22:21:25.994+0200] {dag.py:2693} INFO - Sync 1 DAGs
[2023-03-26T22:21:26.011+0200] {logging_mixin.py:137} INFO - [2023-03-26T22:21:26.011+0200] {dag.py:3440} INFO - Setting next_dagrun for example_sensor_decorator to None, run_after=None
[2023-03-26T22:21:26.078+0200] {processor.py:175} INFO - Processing /home/humbulani/miniconda3/envs/apache-airflow/lib/python3.8/site-packages/airflow/example_dags/example_sensor_decorator.py took 0.132 seconds
[2023-03-26T22:22:10.911+0200] {processor.py:153} INFO - Started process (PID=20340) to work on /home/humbulani/miniconda3/envs/apache-airflow/lib/python3.8/site-packages/airflow/example_dags/example_sensor_decorator.py
[2023-03-26T22:22:10.911+0200] {processor.py:743} INFO - Processing file /home/humbulani/miniconda3/envs/apache-airflow/lib/python3.8/site-packages/airflow/example_dags/example_sensor_decorator.py for tasks to queue
[2023-03-26T22:22:10.912+0200] {logging_mixin.py:137} INFO - [2023-03-26T22:22:10.912+0200] {dagbag.py:532} INFO - Filling up the DagBag from /home/humbulani/miniconda3/envs/apache-airflow/lib/python3.8/site-packages/airflow/example_dags/example_sensor_decorator.py
[2023-03-26T22:22:10.932+0200] {processor.py:753} INFO - DAG(s) dict_keys(['example_sensor_decorator']) retrieved from /home/humbulani/miniconda3/envs/apache-airflow/lib/python3.8/site-packages/airflow/example_dags/example_sensor_decorator.py
[2023-03-26T22:22:10.947+0200] {logging_mixin.py:137} INFO - [2023-03-26T22:22:10.947+0200] {dag.py:2693} INFO - Sync 1 DAGs
[2023-03-26T22:22:10.964+0200] {logging_mixin.py:137} INFO - [2023-03-26T22:22:10.964+0200] {dag.py:3440} INFO - Setting next_dagrun for example_sensor_decorator to None, run_after=None
[2023-03-26T22:22:11.040+0200] {processor.py:175} INFO - Processing /home/humbulani/miniconda3/envs/apache-airflow/lib/python3.8/site-packages/airflow/example_dags/example_sensor_decorator.py took 0.132 seconds
[2023-03-26T22:22:57.013+0200] {processor.py:153} INFO - Started process (PID=20383) to work on /home/humbulani/miniconda3/envs/apache-airflow/lib/python3.8/site-packages/airflow/example_dags/example_sensor_decorator.py
[2023-03-26T22:22:57.044+0200] {processor.py:743} INFO - Processing file /home/humbulani/miniconda3/envs/apache-airflow/lib/python3.8/site-packages/airflow/example_dags/example_sensor_decorator.py for tasks to queue
[2023-03-26T22:22:57.045+0200] {logging_mixin.py:137} INFO - [2023-03-26T22:22:57.045+0200] {dagbag.py:532} INFO - Filling up the DagBag from /home/humbulani/miniconda3/envs/apache-airflow/lib/python3.8/site-packages/airflow/example_dags/example_sensor_decorator.py
[2023-03-26T22:22:57.070+0200] {processor.py:753} INFO - DAG(s) dict_keys(['example_sensor_decorator']) retrieved from /home/humbulani/miniconda3/envs/apache-airflow/lib/python3.8/site-packages/airflow/example_dags/example_sensor_decorator.py
[2023-03-26T22:22:57.086+0200] {logging_mixin.py:137} INFO - [2023-03-26T22:22:57.086+0200] {dag.py:2693} INFO - Sync 1 DAGs
[2023-03-26T22:22:57.103+0200] {logging_mixin.py:137} INFO - [2023-03-26T22:22:57.102+0200] {dag.py:3440} INFO - Setting next_dagrun for example_sensor_decorator to None, run_after=None
[2023-03-26T22:22:57.172+0200] {processor.py:175} INFO - Processing /home/humbulani/miniconda3/envs/apache-airflow/lib/python3.8/site-packages/airflow/example_dags/example_sensor_decorator.py took 0.161 seconds
