[2023-03-26T21:39:40.216+0200] {processor.py:153} INFO - Started process (PID=16654) to work on /home/humbulani/miniconda3/envs/apache-airflow/lib/python3.8/site-packages/airflow/example_dags/example_nested_branch_dag.py
[2023-03-26T21:39:40.217+0200] {processor.py:743} INFO - Processing file /home/humbulani/miniconda3/envs/apache-airflow/lib/python3.8/site-packages/airflow/example_dags/example_nested_branch_dag.py for tasks to queue
[2023-03-26T21:39:40.217+0200] {logging_mixin.py:137} INFO - [2023-03-26T21:39:40.217+0200] {dagbag.py:532} INFO - Filling up the DagBag from /home/humbulani/miniconda3/envs/apache-airflow/lib/python3.8/site-packages/airflow/example_dags/example_nested_branch_dag.py
[2023-03-26T21:39:40.241+0200] {processor.py:753} INFO - DAG(s) dict_keys(['example_nested_branch_dag']) retrieved from /home/humbulani/miniconda3/envs/apache-airflow/lib/python3.8/site-packages/airflow/example_dags/example_nested_branch_dag.py
[2023-03-26T21:39:40.499+0200] {logging_mixin.py:137} INFO - [2023-03-26T21:39:40.499+0200] {manager.py:504} INFO - Created Permission View: can edit on DAG:example_nested_branch_dag
[2023-03-26T21:39:40.567+0200] {logging_mixin.py:137} INFO - [2023-03-26T21:39:40.566+0200] {manager.py:504} INFO - Created Permission View: can read on DAG:example_nested_branch_dag
[2023-03-26T21:39:40.642+0200] {logging_mixin.py:137} INFO - [2023-03-26T21:39:40.641+0200] {manager.py:504} INFO - Created Permission View: can delete on DAG:example_nested_branch_dag
[2023-03-26T21:39:40.642+0200] {logging_mixin.py:137} INFO - [2023-03-26T21:39:40.642+0200] {dag.py:2693} INFO - Sync 1 DAGs
[2023-03-26T21:39:40.660+0200] {logging_mixin.py:137} INFO - [2023-03-26T21:39:40.660+0200] {dag.py:2714} INFO - Creating ORM DAG for example_nested_branch_dag
[2023-03-26T21:39:40.670+0200] {logging_mixin.py:137} INFO - [2023-03-26T21:39:40.670+0200] {dag.py:3440} INFO - Setting next_dagrun for example_nested_branch_dag to 2023-03-25T00:00:00+00:00, run_after=2023-03-26T00:00:00+00:00
[2023-03-26T21:39:40.879+0200] {processor.py:175} INFO - Processing /home/humbulani/miniconda3/envs/apache-airflow/lib/python3.8/site-packages/airflow/example_dags/example_nested_branch_dag.py took 0.666 seconds
[2023-03-26T21:40:38.639+0200] {processor.py:153} INFO - Started process (PID=16754) to work on /home/humbulani/miniconda3/envs/apache-airflow/lib/python3.8/site-packages/airflow/example_dags/example_nested_branch_dag.py
[2023-03-26T21:40:38.640+0200] {processor.py:743} INFO - Processing file /home/humbulani/miniconda3/envs/apache-airflow/lib/python3.8/site-packages/airflow/example_dags/example_nested_branch_dag.py for tasks to queue
[2023-03-26T21:40:38.640+0200] {logging_mixin.py:137} INFO - [2023-03-26T21:40:38.640+0200] {dagbag.py:532} INFO - Filling up the DagBag from /home/humbulani/miniconda3/envs/apache-airflow/lib/python3.8/site-packages/airflow/example_dags/example_nested_branch_dag.py
[2023-03-26T21:40:38.662+0200] {processor.py:753} INFO - DAG(s) dict_keys(['example_nested_branch_dag']) retrieved from /home/humbulani/miniconda3/envs/apache-airflow/lib/python3.8/site-packages/airflow/example_dags/example_nested_branch_dag.py
[2023-03-26T21:40:38.680+0200] {logging_mixin.py:137} INFO - [2023-03-26T21:40:38.680+0200] {dag.py:2693} INFO - Sync 1 DAGs
[2023-03-26T21:40:38.700+0200] {logging_mixin.py:137} INFO - [2023-03-26T21:40:38.700+0200] {dag.py:3440} INFO - Setting next_dagrun for example_nested_branch_dag to 2023-03-25T00:00:00+00:00, run_after=2023-03-26T00:00:00+00:00
[2023-03-26T21:40:38.813+0200] {processor.py:175} INFO - Processing /home/humbulani/miniconda3/envs/apache-airflow/lib/python3.8/site-packages/airflow/example_dags/example_nested_branch_dag.py took 0.178 seconds
[2023-03-26T21:48:09.528+0200] {processor.py:153} INFO - Started process (PID=16878) to work on /home/humbulani/miniconda3/envs/apache-airflow/lib/python3.8/site-packages/airflow/example_dags/example_nested_branch_dag.py
[2023-03-26T21:48:09.555+0200] {processor.py:743} INFO - Processing file /home/humbulani/miniconda3/envs/apache-airflow/lib/python3.8/site-packages/airflow/example_dags/example_nested_branch_dag.py for tasks to queue
[2023-03-26T21:48:09.556+0200] {logging_mixin.py:137} INFO - [2023-03-26T21:48:09.556+0200] {dagbag.py:532} INFO - Filling up the DagBag from /home/humbulani/miniconda3/envs/apache-airflow/lib/python3.8/site-packages/airflow/example_dags/example_nested_branch_dag.py
[2023-03-26T21:48:09.585+0200] {processor.py:753} INFO - DAG(s) dict_keys(['example_nested_branch_dag']) retrieved from /home/humbulani/miniconda3/envs/apache-airflow/lib/python3.8/site-packages/airflow/example_dags/example_nested_branch_dag.py
[2023-03-26T21:48:09.604+0200] {logging_mixin.py:137} INFO - [2023-03-26T21:48:09.604+0200] {dag.py:2693} INFO - Sync 1 DAGs
[2023-03-26T21:48:09.623+0200] {logging_mixin.py:137} INFO - [2023-03-26T21:48:09.623+0200] {dag.py:3440} INFO - Setting next_dagrun for example_nested_branch_dag to 2023-03-25T00:00:00+00:00, run_after=2023-03-26T00:00:00+00:00
[2023-03-26T21:48:09.701+0200] {processor.py:175} INFO - Processing /home/humbulani/miniconda3/envs/apache-airflow/lib/python3.8/site-packages/airflow/example_dags/example_nested_branch_dag.py took 0.176 seconds
[2023-03-26T21:48:58.832+0200] {processor.py:153} INFO - Started process (PID=16929) to work on /home/humbulani/miniconda3/envs/apache-airflow/lib/python3.8/site-packages/airflow/example_dags/example_nested_branch_dag.py
[2023-03-26T21:48:58.868+0200] {processor.py:743} INFO - Processing file /home/humbulani/miniconda3/envs/apache-airflow/lib/python3.8/site-packages/airflow/example_dags/example_nested_branch_dag.py for tasks to queue
[2023-03-26T21:48:58.869+0200] {logging_mixin.py:137} INFO - [2023-03-26T21:48:58.868+0200] {dagbag.py:532} INFO - Filling up the DagBag from /home/humbulani/miniconda3/envs/apache-airflow/lib/python3.8/site-packages/airflow/example_dags/example_nested_branch_dag.py
[2023-03-26T21:48:58.894+0200] {processor.py:753} INFO - DAG(s) dict_keys(['example_nested_branch_dag']) retrieved from /home/humbulani/miniconda3/envs/apache-airflow/lib/python3.8/site-packages/airflow/example_dags/example_nested_branch_dag.py
[2023-03-26T21:48:58.915+0200] {logging_mixin.py:137} INFO - [2023-03-26T21:48:58.915+0200] {dag.py:2693} INFO - Sync 1 DAGs
[2023-03-26T21:48:58.934+0200] {logging_mixin.py:137} INFO - [2023-03-26T21:48:58.934+0200] {dag.py:3440} INFO - Setting next_dagrun for example_nested_branch_dag to 2023-03-25T00:00:00+00:00, run_after=2023-03-26T00:00:00+00:00
[2023-03-26T21:48:59.011+0200] {processor.py:175} INFO - Processing /home/humbulani/miniconda3/envs/apache-airflow/lib/python3.8/site-packages/airflow/example_dags/example_nested_branch_dag.py took 0.182 seconds
[2023-03-26T21:49:48.039+0200] {processor.py:153} INFO - Started process (PID=16973) to work on /home/humbulani/miniconda3/envs/apache-airflow/lib/python3.8/site-packages/airflow/example_dags/example_nested_branch_dag.py
[2023-03-26T21:49:48.039+0200] {processor.py:743} INFO - Processing file /home/humbulani/miniconda3/envs/apache-airflow/lib/python3.8/site-packages/airflow/example_dags/example_nested_branch_dag.py for tasks to queue
[2023-03-26T21:49:48.040+0200] {logging_mixin.py:137} INFO - [2023-03-26T21:49:48.040+0200] {dagbag.py:532} INFO - Filling up the DagBag from /home/humbulani/miniconda3/envs/apache-airflow/lib/python3.8/site-packages/airflow/example_dags/example_nested_branch_dag.py
[2023-03-26T21:49:48.061+0200] {processor.py:753} INFO - DAG(s) dict_keys(['example_nested_branch_dag']) retrieved from /home/humbulani/miniconda3/envs/apache-airflow/lib/python3.8/site-packages/airflow/example_dags/example_nested_branch_dag.py
[2023-03-26T21:49:48.079+0200] {logging_mixin.py:137} INFO - [2023-03-26T21:49:48.079+0200] {dag.py:2693} INFO - Sync 1 DAGs
[2023-03-26T21:49:48.098+0200] {logging_mixin.py:137} INFO - [2023-03-26T21:49:48.098+0200] {dag.py:3440} INFO - Setting next_dagrun for example_nested_branch_dag to 2023-03-25T00:00:00+00:00, run_after=2023-03-26T00:00:00+00:00
[2023-03-26T21:49:48.230+0200] {processor.py:175} INFO - Processing /home/humbulani/miniconda3/envs/apache-airflow/lib/python3.8/site-packages/airflow/example_dags/example_nested_branch_dag.py took 0.193 seconds
[2023-03-26T21:50:32.045+0200] {processor.py:153} INFO - Started process (PID=17016) to work on /home/humbulani/miniconda3/envs/apache-airflow/lib/python3.8/site-packages/airflow/example_dags/example_nested_branch_dag.py
[2023-03-26T21:50:32.074+0200] {processor.py:743} INFO - Processing file /home/humbulani/miniconda3/envs/apache-airflow/lib/python3.8/site-packages/airflow/example_dags/example_nested_branch_dag.py for tasks to queue
[2023-03-26T21:50:32.075+0200] {logging_mixin.py:137} INFO - [2023-03-26T21:50:32.075+0200] {dagbag.py:532} INFO - Filling up the DagBag from /home/humbulani/miniconda3/envs/apache-airflow/lib/python3.8/site-packages/airflow/example_dags/example_nested_branch_dag.py
[2023-03-26T21:50:32.097+0200] {processor.py:753} INFO - DAG(s) dict_keys(['example_nested_branch_dag']) retrieved from /home/humbulani/miniconda3/envs/apache-airflow/lib/python3.8/site-packages/airflow/example_dags/example_nested_branch_dag.py
[2023-03-26T21:50:32.115+0200] {logging_mixin.py:137} INFO - [2023-03-26T21:50:32.115+0200] {dag.py:2693} INFO - Sync 1 DAGs
[2023-03-26T21:50:32.134+0200] {logging_mixin.py:137} INFO - [2023-03-26T21:50:32.133+0200] {dag.py:3440} INFO - Setting next_dagrun for example_nested_branch_dag to 2023-03-25T00:00:00+00:00, run_after=2023-03-26T00:00:00+00:00
[2023-03-26T21:50:32.207+0200] {processor.py:175} INFO - Processing /home/humbulani/miniconda3/envs/apache-airflow/lib/python3.8/site-packages/airflow/example_dags/example_nested_branch_dag.py took 0.164 seconds
[2023-03-26T21:51:17.959+0200] {processor.py:153} INFO - Started process (PID=17132) to work on /home/humbulani/miniconda3/envs/apache-airflow/lib/python3.8/site-packages/airflow/example_dags/example_nested_branch_dag.py
[2023-03-26T21:51:17.977+0200] {processor.py:743} INFO - Processing file /home/humbulani/miniconda3/envs/apache-airflow/lib/python3.8/site-packages/airflow/example_dags/example_nested_branch_dag.py for tasks to queue
[2023-03-26T21:51:17.978+0200] {logging_mixin.py:137} INFO - [2023-03-26T21:51:17.978+0200] {dagbag.py:532} INFO - Filling up the DagBag from /home/humbulani/miniconda3/envs/apache-airflow/lib/python3.8/site-packages/airflow/example_dags/example_nested_branch_dag.py
[2023-03-26T21:51:18.006+0200] {processor.py:753} INFO - DAG(s) dict_keys(['example_nested_branch_dag']) retrieved from /home/humbulani/miniconda3/envs/apache-airflow/lib/python3.8/site-packages/airflow/example_dags/example_nested_branch_dag.py
[2023-03-26T21:51:18.024+0200] {logging_mixin.py:137} INFO - [2023-03-26T21:51:18.023+0200] {dag.py:2693} INFO - Sync 1 DAGs
[2023-03-26T21:51:18.042+0200] {logging_mixin.py:137} INFO - [2023-03-26T21:51:18.041+0200] {dag.py:3440} INFO - Setting next_dagrun for example_nested_branch_dag to 2023-03-25T00:00:00+00:00, run_after=2023-03-26T00:00:00+00:00
[2023-03-26T21:51:18.110+0200] {processor.py:175} INFO - Processing /home/humbulani/miniconda3/envs/apache-airflow/lib/python3.8/site-packages/airflow/example_dags/example_nested_branch_dag.py took 0.153 seconds
[2023-03-26T21:52:04.096+0200] {processor.py:153} INFO - Started process (PID=17175) to work on /home/humbulani/miniconda3/envs/apache-airflow/lib/python3.8/site-packages/airflow/example_dags/example_nested_branch_dag.py
[2023-03-26T21:52:04.130+0200] {processor.py:743} INFO - Processing file /home/humbulani/miniconda3/envs/apache-airflow/lib/python3.8/site-packages/airflow/example_dags/example_nested_branch_dag.py for tasks to queue
[2023-03-26T21:52:04.131+0200] {logging_mixin.py:137} INFO - [2023-03-26T21:52:04.131+0200] {dagbag.py:532} INFO - Filling up the DagBag from /home/humbulani/miniconda3/envs/apache-airflow/lib/python3.8/site-packages/airflow/example_dags/example_nested_branch_dag.py
[2023-03-26T21:52:04.159+0200] {processor.py:753} INFO - DAG(s) dict_keys(['example_nested_branch_dag']) retrieved from /home/humbulani/miniconda3/envs/apache-airflow/lib/python3.8/site-packages/airflow/example_dags/example_nested_branch_dag.py
[2023-03-26T21:52:04.180+0200] {logging_mixin.py:137} INFO - [2023-03-26T21:52:04.180+0200] {dag.py:2693} INFO - Sync 1 DAGs
[2023-03-26T21:52:04.198+0200] {logging_mixin.py:137} INFO - [2023-03-26T21:52:04.198+0200] {dag.py:3440} INFO - Setting next_dagrun for example_nested_branch_dag to 2023-03-25T00:00:00+00:00, run_after=2023-03-26T00:00:00+00:00
[2023-03-26T21:52:04.350+0200] {processor.py:175} INFO - Processing /home/humbulani/miniconda3/envs/apache-airflow/lib/python3.8/site-packages/airflow/example_dags/example_nested_branch_dag.py took 0.257 seconds
[2023-03-26T21:52:51.652+0200] {processor.py:153} INFO - Started process (PID=17221) to work on /home/humbulani/miniconda3/envs/apache-airflow/lib/python3.8/site-packages/airflow/example_dags/example_nested_branch_dag.py
[2023-03-26T21:52:51.699+0200] {processor.py:743} INFO - Processing file /home/humbulani/miniconda3/envs/apache-airflow/lib/python3.8/site-packages/airflow/example_dags/example_nested_branch_dag.py for tasks to queue
[2023-03-26T21:52:51.700+0200] {logging_mixin.py:137} INFO - [2023-03-26T21:52:51.700+0200] {dagbag.py:532} INFO - Filling up the DagBag from /home/humbulani/miniconda3/envs/apache-airflow/lib/python3.8/site-packages/airflow/example_dags/example_nested_branch_dag.py
[2023-03-26T21:52:51.729+0200] {processor.py:753} INFO - DAG(s) dict_keys(['example_nested_branch_dag']) retrieved from /home/humbulani/miniconda3/envs/apache-airflow/lib/python3.8/site-packages/airflow/example_dags/example_nested_branch_dag.py
[2023-03-26T21:52:51.747+0200] {logging_mixin.py:137} INFO - [2023-03-26T21:52:51.747+0200] {dag.py:2693} INFO - Sync 1 DAGs
[2023-03-26T21:52:51.844+0200] {logging_mixin.py:137} INFO - [2023-03-26T21:52:51.844+0200] {dag.py:3440} INFO - Setting next_dagrun for example_nested_branch_dag to 2023-03-25T00:00:00+00:00, run_after=2023-03-26T00:00:00+00:00
[2023-03-26T21:52:51.915+0200] {processor.py:175} INFO - Processing /home/humbulani/miniconda3/envs/apache-airflow/lib/python3.8/site-packages/airflow/example_dags/example_nested_branch_dag.py took 0.265 seconds
[2023-03-26T21:53:42.173+0200] {processor.py:153} INFO - Started process (PID=17273) to work on /home/humbulani/miniconda3/envs/apache-airflow/lib/python3.8/site-packages/airflow/example_dags/example_nested_branch_dag.py
[2023-03-26T21:53:42.211+0200] {processor.py:743} INFO - Processing file /home/humbulani/miniconda3/envs/apache-airflow/lib/python3.8/site-packages/airflow/example_dags/example_nested_branch_dag.py for tasks to queue
[2023-03-26T21:53:42.212+0200] {logging_mixin.py:137} INFO - [2023-03-26T21:53:42.212+0200] {dagbag.py:532} INFO - Filling up the DagBag from /home/humbulani/miniconda3/envs/apache-airflow/lib/python3.8/site-packages/airflow/example_dags/example_nested_branch_dag.py
[2023-03-26T21:53:42.239+0200] {processor.py:753} INFO - DAG(s) dict_keys(['example_nested_branch_dag']) retrieved from /home/humbulani/miniconda3/envs/apache-airflow/lib/python3.8/site-packages/airflow/example_dags/example_nested_branch_dag.py
[2023-03-26T21:53:42.338+0200] {logging_mixin.py:137} INFO - [2023-03-26T21:53:42.337+0200] {dag.py:2693} INFO - Sync 1 DAGs
[2023-03-26T21:53:42.354+0200] {logging_mixin.py:137} INFO - [2023-03-26T21:53:42.354+0200] {dag.py:3440} INFO - Setting next_dagrun for example_nested_branch_dag to 2023-03-25T00:00:00+00:00, run_after=2023-03-26T00:00:00+00:00
[2023-03-26T21:53:42.427+0200] {processor.py:175} INFO - Processing /home/humbulani/miniconda3/envs/apache-airflow/lib/python3.8/site-packages/airflow/example_dags/example_nested_branch_dag.py took 0.258 seconds
[2023-03-26T21:54:32.404+0200] {processor.py:153} INFO - Started process (PID=17320) to work on /home/humbulani/miniconda3/envs/apache-airflow/lib/python3.8/site-packages/airflow/example_dags/example_nested_branch_dag.py
[2023-03-26T21:54:32.414+0200] {processor.py:743} INFO - Processing file /home/humbulani/miniconda3/envs/apache-airflow/lib/python3.8/site-packages/airflow/example_dags/example_nested_branch_dag.py for tasks to queue
[2023-03-26T21:54:32.415+0200] {logging_mixin.py:137} INFO - [2023-03-26T21:54:32.415+0200] {dagbag.py:532} INFO - Filling up the DagBag from /home/humbulani/miniconda3/envs/apache-airflow/lib/python3.8/site-packages/airflow/example_dags/example_nested_branch_dag.py
[2023-03-26T21:54:32.439+0200] {processor.py:753} INFO - DAG(s) dict_keys(['example_nested_branch_dag']) retrieved from /home/humbulani/miniconda3/envs/apache-airflow/lib/python3.8/site-packages/airflow/example_dags/example_nested_branch_dag.py
[2023-03-26T21:54:32.539+0200] {logging_mixin.py:137} INFO - [2023-03-26T21:54:32.539+0200] {dag.py:2693} INFO - Sync 1 DAGs
[2023-03-26T21:54:32.557+0200] {logging_mixin.py:137} INFO - [2023-03-26T21:54:32.557+0200] {dag.py:3440} INFO - Setting next_dagrun for example_nested_branch_dag to 2023-03-25T00:00:00+00:00, run_after=2023-03-26T00:00:00+00:00
[2023-03-26T21:54:32.639+0200] {processor.py:175} INFO - Processing /home/humbulani/miniconda3/envs/apache-airflow/lib/python3.8/site-packages/airflow/example_dags/example_nested_branch_dag.py took 0.238 seconds
[2023-03-26T21:55:20.406+0200] {processor.py:153} INFO - Started process (PID=17364) to work on /home/humbulani/miniconda3/envs/apache-airflow/lib/python3.8/site-packages/airflow/example_dags/example_nested_branch_dag.py
[2023-03-26T21:55:20.445+0200] {processor.py:743} INFO - Processing file /home/humbulani/miniconda3/envs/apache-airflow/lib/python3.8/site-packages/airflow/example_dags/example_nested_branch_dag.py for tasks to queue
[2023-03-26T21:55:20.446+0200] {logging_mixin.py:137} INFO - [2023-03-26T21:55:20.446+0200] {dagbag.py:532} INFO - Filling up the DagBag from /home/humbulani/miniconda3/envs/apache-airflow/lib/python3.8/site-packages/airflow/example_dags/example_nested_branch_dag.py
[2023-03-26T21:55:20.557+0200] {processor.py:753} INFO - DAG(s) dict_keys(['example_nested_branch_dag']) retrieved from /home/humbulani/miniconda3/envs/apache-airflow/lib/python3.8/site-packages/airflow/example_dags/example_nested_branch_dag.py
[2023-03-26T21:55:20.571+0200] {logging_mixin.py:137} INFO - [2023-03-26T21:55:20.571+0200] {dag.py:2693} INFO - Sync 1 DAGs
[2023-03-26T21:55:20.588+0200] {logging_mixin.py:137} INFO - [2023-03-26T21:55:20.588+0200] {dag.py:3440} INFO - Setting next_dagrun for example_nested_branch_dag to 2023-03-25T00:00:00+00:00, run_after=2023-03-26T00:00:00+00:00
[2023-03-26T21:55:20.659+0200] {processor.py:175} INFO - Processing /home/humbulani/miniconda3/envs/apache-airflow/lib/python3.8/site-packages/airflow/example_dags/example_nested_branch_dag.py took 0.256 seconds
[2023-03-26T21:56:10.918+0200] {processor.py:153} INFO - Started process (PID=17466) to work on /home/humbulani/miniconda3/envs/apache-airflow/lib/python3.8/site-packages/airflow/example_dags/example_nested_branch_dag.py
[2023-03-26T21:56:10.924+0200] {processor.py:743} INFO - Processing file /home/humbulani/miniconda3/envs/apache-airflow/lib/python3.8/site-packages/airflow/example_dags/example_nested_branch_dag.py for tasks to queue
[2023-03-26T21:56:10.925+0200] {logging_mixin.py:137} INFO - [2023-03-26T21:56:10.924+0200] {dagbag.py:532} INFO - Filling up the DagBag from /home/humbulani/miniconda3/envs/apache-airflow/lib/python3.8/site-packages/airflow/example_dags/example_nested_branch_dag.py
[2023-03-26T21:56:11.030+0200] {processor.py:753} INFO - DAG(s) dict_keys(['example_nested_branch_dag']) retrieved from /home/humbulani/miniconda3/envs/apache-airflow/lib/python3.8/site-packages/airflow/example_dags/example_nested_branch_dag.py
[2023-03-26T21:56:11.046+0200] {logging_mixin.py:137} INFO - [2023-03-26T21:56:11.046+0200] {dag.py:2693} INFO - Sync 1 DAGs
[2023-03-26T21:56:11.066+0200] {logging_mixin.py:137} INFO - [2023-03-26T21:56:11.066+0200] {dag.py:3440} INFO - Setting next_dagrun for example_nested_branch_dag to 2023-03-25T00:00:00+00:00, run_after=2023-03-26T00:00:00+00:00
[2023-03-26T21:56:11.138+0200] {processor.py:175} INFO - Processing /home/humbulani/miniconda3/envs/apache-airflow/lib/python3.8/site-packages/airflow/example_dags/example_nested_branch_dag.py took 0.223 seconds
[2023-03-26T21:56:55.295+0200] {processor.py:153} INFO - Started process (PID=17508) to work on /home/humbulani/miniconda3/envs/apache-airflow/lib/python3.8/site-packages/airflow/example_dags/example_nested_branch_dag.py
[2023-03-26T21:56:55.296+0200] {processor.py:743} INFO - Processing file /home/humbulani/miniconda3/envs/apache-airflow/lib/python3.8/site-packages/airflow/example_dags/example_nested_branch_dag.py for tasks to queue
[2023-03-26T21:56:55.297+0200] {logging_mixin.py:137} INFO - [2023-03-26T21:56:55.297+0200] {dagbag.py:532} INFO - Filling up the DagBag from /home/humbulani/miniconda3/envs/apache-airflow/lib/python3.8/site-packages/airflow/example_dags/example_nested_branch_dag.py
[2023-03-26T21:56:55.322+0200] {processor.py:753} INFO - DAG(s) dict_keys(['example_nested_branch_dag']) retrieved from /home/humbulani/miniconda3/envs/apache-airflow/lib/python3.8/site-packages/airflow/example_dags/example_nested_branch_dag.py
[2023-03-26T21:56:55.340+0200] {logging_mixin.py:137} INFO - [2023-03-26T21:56:55.340+0200] {dag.py:2693} INFO - Sync 1 DAGs
[2023-03-26T21:56:55.359+0200] {logging_mixin.py:137} INFO - [2023-03-26T21:56:55.359+0200] {dag.py:3440} INFO - Setting next_dagrun for example_nested_branch_dag to 2023-03-25T00:00:00+00:00, run_after=2023-03-26T00:00:00+00:00
[2023-03-26T21:56:55.469+0200] {processor.py:175} INFO - Processing /home/humbulani/miniconda3/envs/apache-airflow/lib/python3.8/site-packages/airflow/example_dags/example_nested_branch_dag.py took 0.177 seconds
[2023-03-26T21:57:37.811+0200] {processor.py:153} INFO - Started process (PID=17619) to work on /home/humbulani/miniconda3/envs/apache-airflow/lib/python3.8/site-packages/airflow/example_dags/example_nested_branch_dag.py
[2023-03-26T21:57:37.817+0200] {processor.py:743} INFO - Processing file /home/humbulani/miniconda3/envs/apache-airflow/lib/python3.8/site-packages/airflow/example_dags/example_nested_branch_dag.py for tasks to queue
[2023-03-26T21:57:37.817+0200] {logging_mixin.py:137} INFO - [2023-03-26T21:57:37.817+0200] {dagbag.py:532} INFO - Filling up the DagBag from /home/humbulani/miniconda3/envs/apache-airflow/lib/python3.8/site-packages/airflow/example_dags/example_nested_branch_dag.py
[2023-03-26T21:57:37.843+0200] {processor.py:753} INFO - DAG(s) dict_keys(['example_nested_branch_dag']) retrieved from /home/humbulani/miniconda3/envs/apache-airflow/lib/python3.8/site-packages/airflow/example_dags/example_nested_branch_dag.py
[2023-03-26T21:57:37.861+0200] {logging_mixin.py:137} INFO - [2023-03-26T21:57:37.861+0200] {dag.py:2693} INFO - Sync 1 DAGs
[2023-03-26T21:57:37.882+0200] {logging_mixin.py:137} INFO - [2023-03-26T21:57:37.882+0200] {dag.py:3440} INFO - Setting next_dagrun for example_nested_branch_dag to 2023-03-25T00:00:00+00:00, run_after=2023-03-26T00:00:00+00:00
[2023-03-26T21:57:37.961+0200] {processor.py:175} INFO - Processing /home/humbulani/miniconda3/envs/apache-airflow/lib/python3.8/site-packages/airflow/example_dags/example_nested_branch_dag.py took 0.153 seconds
[2023-03-26T21:58:25.914+0200] {processor.py:153} INFO - Started process (PID=17861) to work on /home/humbulani/miniconda3/envs/apache-airflow/lib/python3.8/site-packages/airflow/example_dags/example_nested_branch_dag.py
[2023-03-26T21:58:25.920+0200] {processor.py:743} INFO - Processing file /home/humbulani/miniconda3/envs/apache-airflow/lib/python3.8/site-packages/airflow/example_dags/example_nested_branch_dag.py for tasks to queue
[2023-03-26T21:58:25.920+0200] {logging_mixin.py:137} INFO - [2023-03-26T21:58:25.920+0200] {dagbag.py:532} INFO - Filling up the DagBag from /home/humbulani/miniconda3/envs/apache-airflow/lib/python3.8/site-packages/airflow/example_dags/example_nested_branch_dag.py
[2023-03-26T21:58:25.943+0200] {processor.py:753} INFO - DAG(s) dict_keys(['example_nested_branch_dag']) retrieved from /home/humbulani/miniconda3/envs/apache-airflow/lib/python3.8/site-packages/airflow/example_dags/example_nested_branch_dag.py
[2023-03-26T21:58:25.961+0200] {logging_mixin.py:137} INFO - [2023-03-26T21:58:25.961+0200] {dag.py:2693} INFO - Sync 1 DAGs
[2023-03-26T21:58:25.980+0200] {logging_mixin.py:137} INFO - [2023-03-26T21:58:25.980+0200] {dag.py:3440} INFO - Setting next_dagrun for example_nested_branch_dag to 2023-03-25T00:00:00+00:00, run_after=2023-03-26T00:00:00+00:00
[2023-03-26T21:58:26.055+0200] {processor.py:175} INFO - Processing /home/humbulani/miniconda3/envs/apache-airflow/lib/python3.8/site-packages/airflow/example_dags/example_nested_branch_dag.py took 0.143 seconds
[2023-03-26T21:59:13.139+0200] {processor.py:153} INFO - Started process (PID=17964) to work on /home/humbulani/miniconda3/envs/apache-airflow/lib/python3.8/site-packages/airflow/example_dags/example_nested_branch_dag.py
[2023-03-26T21:59:13.177+0200] {processor.py:743} INFO - Processing file /home/humbulani/miniconda3/envs/apache-airflow/lib/python3.8/site-packages/airflow/example_dags/example_nested_branch_dag.py for tasks to queue
[2023-03-26T21:59:13.178+0200] {logging_mixin.py:137} INFO - [2023-03-26T21:59:13.177+0200] {dagbag.py:532} INFO - Filling up the DagBag from /home/humbulani/miniconda3/envs/apache-airflow/lib/python3.8/site-packages/airflow/example_dags/example_nested_branch_dag.py
[2023-03-26T21:59:13.201+0200] {processor.py:753} INFO - DAG(s) dict_keys(['example_nested_branch_dag']) retrieved from /home/humbulani/miniconda3/envs/apache-airflow/lib/python3.8/site-packages/airflow/example_dags/example_nested_branch_dag.py
[2023-03-26T21:59:13.219+0200] {logging_mixin.py:137} INFO - [2023-03-26T21:59:13.219+0200] {dag.py:2693} INFO - Sync 1 DAGs
[2023-03-26T21:59:13.238+0200] {logging_mixin.py:137} INFO - [2023-03-26T21:59:13.237+0200] {dag.py:3440} INFO - Setting next_dagrun for example_nested_branch_dag to 2023-03-25T00:00:00+00:00, run_after=2023-03-26T00:00:00+00:00
[2023-03-26T21:59:13.316+0200] {processor.py:175} INFO - Processing /home/humbulani/miniconda3/envs/apache-airflow/lib/python3.8/site-packages/airflow/example_dags/example_nested_branch_dag.py took 0.179 seconds
[2023-03-26T22:00:00.331+0200] {processor.py:153} INFO - Started process (PID=18138) to work on /home/humbulani/miniconda3/envs/apache-airflow/lib/python3.8/site-packages/airflow/example_dags/example_nested_branch_dag.py
[2023-03-26T22:00:00.339+0200] {processor.py:743} INFO - Processing file /home/humbulani/miniconda3/envs/apache-airflow/lib/python3.8/site-packages/airflow/example_dags/example_nested_branch_dag.py for tasks to queue
[2023-03-26T22:00:00.339+0200] {logging_mixin.py:137} INFO - [2023-03-26T22:00:00.339+0200] {dagbag.py:532} INFO - Filling up the DagBag from /home/humbulani/miniconda3/envs/apache-airflow/lib/python3.8/site-packages/airflow/example_dags/example_nested_branch_dag.py
[2023-03-26T22:00:00.364+0200] {processor.py:753} INFO - DAG(s) dict_keys(['example_nested_branch_dag']) retrieved from /home/humbulani/miniconda3/envs/apache-airflow/lib/python3.8/site-packages/airflow/example_dags/example_nested_branch_dag.py
[2023-03-26T22:00:00.382+0200] {logging_mixin.py:137} INFO - [2023-03-26T22:00:00.382+0200] {dag.py:2693} INFO - Sync 1 DAGs
[2023-03-26T22:00:00.401+0200] {logging_mixin.py:137} INFO - [2023-03-26T22:00:00.401+0200] {dag.py:3440} INFO - Setting next_dagrun for example_nested_branch_dag to 2023-03-25T00:00:00+00:00, run_after=2023-03-26T00:00:00+00:00
[2023-03-26T22:00:00.496+0200] {processor.py:175} INFO - Processing /home/humbulani/miniconda3/envs/apache-airflow/lib/python3.8/site-packages/airflow/example_dags/example_nested_branch_dag.py took 0.168 seconds
[2023-03-26T22:00:47.359+0200] {processor.py:153} INFO - Started process (PID=18220) to work on /home/humbulani/miniconda3/envs/apache-airflow/lib/python3.8/site-packages/airflow/example_dags/example_nested_branch_dag.py
[2023-03-26T22:00:47.392+0200] {processor.py:743} INFO - Processing file /home/humbulani/miniconda3/envs/apache-airflow/lib/python3.8/site-packages/airflow/example_dags/example_nested_branch_dag.py for tasks to queue
[2023-03-26T22:00:47.393+0200] {logging_mixin.py:137} INFO - [2023-03-26T22:00:47.392+0200] {dagbag.py:532} INFO - Filling up the DagBag from /home/humbulani/miniconda3/envs/apache-airflow/lib/python3.8/site-packages/airflow/example_dags/example_nested_branch_dag.py
[2023-03-26T22:00:47.422+0200] {processor.py:753} INFO - DAG(s) dict_keys(['example_nested_branch_dag']) retrieved from /home/humbulani/miniconda3/envs/apache-airflow/lib/python3.8/site-packages/airflow/example_dags/example_nested_branch_dag.py
[2023-03-26T22:00:47.448+0200] {logging_mixin.py:137} INFO - [2023-03-26T22:00:47.448+0200] {dag.py:2693} INFO - Sync 1 DAGs
[2023-03-26T22:00:47.469+0200] {logging_mixin.py:137} INFO - [2023-03-26T22:00:47.468+0200] {dag.py:3440} INFO - Setting next_dagrun for example_nested_branch_dag to 2023-03-25T00:00:00+00:00, run_after=2023-03-26T00:00:00+00:00
[2023-03-26T22:00:47.548+0200] {processor.py:175} INFO - Processing /home/humbulani/miniconda3/envs/apache-airflow/lib/python3.8/site-packages/airflow/example_dags/example_nested_branch_dag.py took 0.192 seconds
[2023-03-26T22:01:32.540+0200] {processor.py:153} INFO - Started process (PID=18282) to work on /home/humbulani/miniconda3/envs/apache-airflow/lib/python3.8/site-packages/airflow/example_dags/example_nested_branch_dag.py
[2023-03-26T22:01:32.541+0200] {processor.py:743} INFO - Processing file /home/humbulani/miniconda3/envs/apache-airflow/lib/python3.8/site-packages/airflow/example_dags/example_nested_branch_dag.py for tasks to queue
[2023-03-26T22:01:32.542+0200] {logging_mixin.py:137} INFO - [2023-03-26T22:01:32.542+0200] {dagbag.py:532} INFO - Filling up the DagBag from /home/humbulani/miniconda3/envs/apache-airflow/lib/python3.8/site-packages/airflow/example_dags/example_nested_branch_dag.py
[2023-03-26T22:01:32.567+0200] {processor.py:753} INFO - DAG(s) dict_keys(['example_nested_branch_dag']) retrieved from /home/humbulani/miniconda3/envs/apache-airflow/lib/python3.8/site-packages/airflow/example_dags/example_nested_branch_dag.py
[2023-03-26T22:01:32.585+0200] {logging_mixin.py:137} INFO - [2023-03-26T22:01:32.585+0200] {dag.py:2693} INFO - Sync 1 DAGs
[2023-03-26T22:01:32.603+0200] {logging_mixin.py:137} INFO - [2023-03-26T22:01:32.603+0200] {dag.py:3440} INFO - Setting next_dagrun for example_nested_branch_dag to 2023-03-25T00:00:00+00:00, run_after=2023-03-26T00:00:00+00:00
[2023-03-26T22:01:32.722+0200] {processor.py:175} INFO - Processing /home/humbulani/miniconda3/envs/apache-airflow/lib/python3.8/site-packages/airflow/example_dags/example_nested_branch_dag.py took 0.185 seconds
[2023-03-26T22:02:21.691+0200] {processor.py:153} INFO - Started process (PID=18529) to work on /home/humbulani/miniconda3/envs/apache-airflow/lib/python3.8/site-packages/airflow/example_dags/example_nested_branch_dag.py
[2023-03-26T22:02:21.704+0200] {processor.py:743} INFO - Processing file /home/humbulani/miniconda3/envs/apache-airflow/lib/python3.8/site-packages/airflow/example_dags/example_nested_branch_dag.py for tasks to queue
[2023-03-26T22:02:21.705+0200] {logging_mixin.py:137} INFO - [2023-03-26T22:02:21.704+0200] {dagbag.py:532} INFO - Filling up the DagBag from /home/humbulani/miniconda3/envs/apache-airflow/lib/python3.8/site-packages/airflow/example_dags/example_nested_branch_dag.py
[2023-03-26T22:02:21.734+0200] {processor.py:753} INFO - DAG(s) dict_keys(['example_nested_branch_dag']) retrieved from /home/humbulani/miniconda3/envs/apache-airflow/lib/python3.8/site-packages/airflow/example_dags/example_nested_branch_dag.py
[2023-03-26T22:02:21.751+0200] {logging_mixin.py:137} INFO - [2023-03-26T22:02:21.751+0200] {dag.py:2693} INFO - Sync 1 DAGs
[2023-03-26T22:02:21.769+0200] {logging_mixin.py:137} INFO - [2023-03-26T22:02:21.769+0200] {dag.py:3440} INFO - Setting next_dagrun for example_nested_branch_dag to 2023-03-25T00:00:00+00:00, run_after=2023-03-26T00:00:00+00:00
[2023-03-26T22:02:21.855+0200] {processor.py:175} INFO - Processing /home/humbulani/miniconda3/envs/apache-airflow/lib/python3.8/site-packages/airflow/example_dags/example_nested_branch_dag.py took 0.166 seconds
[2023-03-26T22:03:06.744+0200] {processor.py:153} INFO - Started process (PID=18584) to work on /home/humbulani/miniconda3/envs/apache-airflow/lib/python3.8/site-packages/airflow/example_dags/example_nested_branch_dag.py
[2023-03-26T22:03:06.782+0200] {processor.py:743} INFO - Processing file /home/humbulani/miniconda3/envs/apache-airflow/lib/python3.8/site-packages/airflow/example_dags/example_nested_branch_dag.py for tasks to queue
[2023-03-26T22:03:06.783+0200] {logging_mixin.py:137} INFO - [2023-03-26T22:03:06.783+0200] {dagbag.py:532} INFO - Filling up the DagBag from /home/humbulani/miniconda3/envs/apache-airflow/lib/python3.8/site-packages/airflow/example_dags/example_nested_branch_dag.py
[2023-03-26T22:03:06.807+0200] {processor.py:753} INFO - DAG(s) dict_keys(['example_nested_branch_dag']) retrieved from /home/humbulani/miniconda3/envs/apache-airflow/lib/python3.8/site-packages/airflow/example_dags/example_nested_branch_dag.py
[2023-03-26T22:03:06.824+0200] {logging_mixin.py:137} INFO - [2023-03-26T22:03:06.824+0200] {dag.py:2693} INFO - Sync 1 DAGs
[2023-03-26T22:03:06.842+0200] {logging_mixin.py:137} INFO - [2023-03-26T22:03:06.842+0200] {dag.py:3440} INFO - Setting next_dagrun for example_nested_branch_dag to 2023-03-25T00:00:00+00:00, run_after=2023-03-26T00:00:00+00:00
[2023-03-26T22:03:06.920+0200] {processor.py:175} INFO - Processing /home/humbulani/miniconda3/envs/apache-airflow/lib/python3.8/site-packages/airflow/example_dags/example_nested_branch_dag.py took 0.179 seconds
[2023-03-26T22:03:52.765+0200] {processor.py:153} INFO - Started process (PID=18656) to work on /home/humbulani/miniconda3/envs/apache-airflow/lib/python3.8/site-packages/airflow/example_dags/example_nested_branch_dag.py
[2023-03-26T22:03:52.783+0200] {processor.py:743} INFO - Processing file /home/humbulani/miniconda3/envs/apache-airflow/lib/python3.8/site-packages/airflow/example_dags/example_nested_branch_dag.py for tasks to queue
[2023-03-26T22:03:52.784+0200] {logging_mixin.py:137} INFO - [2023-03-26T22:03:52.784+0200] {dagbag.py:532} INFO - Filling up the DagBag from /home/humbulani/miniconda3/envs/apache-airflow/lib/python3.8/site-packages/airflow/example_dags/example_nested_branch_dag.py
[2023-03-26T22:03:52.809+0200] {processor.py:753} INFO - DAG(s) dict_keys(['example_nested_branch_dag']) retrieved from /home/humbulani/miniconda3/envs/apache-airflow/lib/python3.8/site-packages/airflow/example_dags/example_nested_branch_dag.py
[2023-03-26T22:03:52.826+0200] {logging_mixin.py:137} INFO - [2023-03-26T22:03:52.826+0200] {dag.py:2693} INFO - Sync 1 DAGs
[2023-03-26T22:03:52.845+0200] {logging_mixin.py:137} INFO - [2023-03-26T22:03:52.845+0200] {dag.py:3440} INFO - Setting next_dagrun for example_nested_branch_dag to 2023-03-25T00:00:00+00:00, run_after=2023-03-26T00:00:00+00:00
[2023-03-26T22:03:52.955+0200] {processor.py:175} INFO - Processing /home/humbulani/miniconda3/envs/apache-airflow/lib/python3.8/site-packages/airflow/example_dags/example_nested_branch_dag.py took 0.192 seconds
[2023-03-26T22:04:37.675+0200] {processor.py:153} INFO - Started process (PID=18708) to work on /home/humbulani/miniconda3/envs/apache-airflow/lib/python3.8/site-packages/airflow/example_dags/example_nested_branch_dag.py
[2023-03-26T22:04:37.687+0200] {processor.py:743} INFO - Processing file /home/humbulani/miniconda3/envs/apache-airflow/lib/python3.8/site-packages/airflow/example_dags/example_nested_branch_dag.py for tasks to queue
[2023-03-26T22:04:37.687+0200] {logging_mixin.py:137} INFO - [2023-03-26T22:04:37.687+0200] {dagbag.py:532} INFO - Filling up the DagBag from /home/humbulani/miniconda3/envs/apache-airflow/lib/python3.8/site-packages/airflow/example_dags/example_nested_branch_dag.py
[2023-03-26T22:04:37.710+0200] {processor.py:753} INFO - DAG(s) dict_keys(['example_nested_branch_dag']) retrieved from /home/humbulani/miniconda3/envs/apache-airflow/lib/python3.8/site-packages/airflow/example_dags/example_nested_branch_dag.py
[2023-03-26T22:04:37.727+0200] {logging_mixin.py:137} INFO - [2023-03-26T22:04:37.727+0200] {dag.py:2693} INFO - Sync 1 DAGs
[2023-03-26T22:04:37.747+0200] {logging_mixin.py:137} INFO - [2023-03-26T22:04:37.747+0200] {dag.py:3440} INFO - Setting next_dagrun for example_nested_branch_dag to 2023-03-25T00:00:00+00:00, run_after=2023-03-26T00:00:00+00:00
[2023-03-26T22:04:37.831+0200] {processor.py:175} INFO - Processing /home/humbulani/miniconda3/envs/apache-airflow/lib/python3.8/site-packages/airflow/example_dags/example_nested_branch_dag.py took 0.158 seconds
[2023-03-26T22:05:22.729+0200] {processor.py:153} INFO - Started process (PID=18761) to work on /home/humbulani/miniconda3/envs/apache-airflow/lib/python3.8/site-packages/airflow/example_dags/example_nested_branch_dag.py
[2023-03-26T22:05:22.744+0200] {processor.py:743} INFO - Processing file /home/humbulani/miniconda3/envs/apache-airflow/lib/python3.8/site-packages/airflow/example_dags/example_nested_branch_dag.py for tasks to queue
[2023-03-26T22:05:22.745+0200] {logging_mixin.py:137} INFO - [2023-03-26T22:05:22.745+0200] {dagbag.py:532} INFO - Filling up the DagBag from /home/humbulani/miniconda3/envs/apache-airflow/lib/python3.8/site-packages/airflow/example_dags/example_nested_branch_dag.py
[2023-03-26T22:05:22.769+0200] {processor.py:753} INFO - DAG(s) dict_keys(['example_nested_branch_dag']) retrieved from /home/humbulani/miniconda3/envs/apache-airflow/lib/python3.8/site-packages/airflow/example_dags/example_nested_branch_dag.py
[2023-03-26T22:05:22.787+0200] {logging_mixin.py:137} INFO - [2023-03-26T22:05:22.787+0200] {dag.py:2693} INFO - Sync 1 DAGs
[2023-03-26T22:05:22.806+0200] {logging_mixin.py:137} INFO - [2023-03-26T22:05:22.806+0200] {dag.py:3440} INFO - Setting next_dagrun for example_nested_branch_dag to 2023-03-25T00:00:00+00:00, run_after=2023-03-26T00:00:00+00:00
[2023-03-26T22:05:22.920+0200] {processor.py:175} INFO - Processing /home/humbulani/miniconda3/envs/apache-airflow/lib/python3.8/site-packages/airflow/example_dags/example_nested_branch_dag.py took 0.195 seconds
[2023-03-26T22:06:06.449+0200] {processor.py:153} INFO - Started process (PID=18811) to work on /home/humbulani/miniconda3/envs/apache-airflow/lib/python3.8/site-packages/airflow/example_dags/example_nested_branch_dag.py
[2023-03-26T22:06:06.457+0200] {processor.py:743} INFO - Processing file /home/humbulani/miniconda3/envs/apache-airflow/lib/python3.8/site-packages/airflow/example_dags/example_nested_branch_dag.py for tasks to queue
[2023-03-26T22:06:06.457+0200] {logging_mixin.py:137} INFO - [2023-03-26T22:06:06.457+0200] {dagbag.py:532} INFO - Filling up the DagBag from /home/humbulani/miniconda3/envs/apache-airflow/lib/python3.8/site-packages/airflow/example_dags/example_nested_branch_dag.py
[2023-03-26T22:06:06.479+0200] {processor.py:753} INFO - DAG(s) dict_keys(['example_nested_branch_dag']) retrieved from /home/humbulani/miniconda3/envs/apache-airflow/lib/python3.8/site-packages/airflow/example_dags/example_nested_branch_dag.py
[2023-03-26T22:06:06.498+0200] {logging_mixin.py:137} INFO - [2023-03-26T22:06:06.497+0200] {dag.py:2693} INFO - Sync 1 DAGs
[2023-03-26T22:06:06.516+0200] {logging_mixin.py:137} INFO - [2023-03-26T22:06:06.516+0200] {dag.py:3440} INFO - Setting next_dagrun for example_nested_branch_dag to 2023-03-25T00:00:00+00:00, run_after=2023-03-26T00:00:00+00:00
[2023-03-26T22:06:06.605+0200] {processor.py:175} INFO - Processing /home/humbulani/miniconda3/envs/apache-airflow/lib/python3.8/site-packages/airflow/example_dags/example_nested_branch_dag.py took 0.158 seconds
[2023-03-26T22:06:54.600+0200] {processor.py:153} INFO - Started process (PID=18884) to work on /home/humbulani/miniconda3/envs/apache-airflow/lib/python3.8/site-packages/airflow/example_dags/example_nested_branch_dag.py
[2023-03-26T22:06:54.613+0200] {processor.py:743} INFO - Processing file /home/humbulani/miniconda3/envs/apache-airflow/lib/python3.8/site-packages/airflow/example_dags/example_nested_branch_dag.py for tasks to queue
[2023-03-26T22:06:54.613+0200] {logging_mixin.py:137} INFO - [2023-03-26T22:06:54.613+0200] {dagbag.py:532} INFO - Filling up the DagBag from /home/humbulani/miniconda3/envs/apache-airflow/lib/python3.8/site-packages/airflow/example_dags/example_nested_branch_dag.py
[2023-03-26T22:06:54.637+0200] {processor.py:753} INFO - DAG(s) dict_keys(['example_nested_branch_dag']) retrieved from /home/humbulani/miniconda3/envs/apache-airflow/lib/python3.8/site-packages/airflow/example_dags/example_nested_branch_dag.py
[2023-03-26T22:06:54.654+0200] {logging_mixin.py:137} INFO - [2023-03-26T22:06:54.654+0200] {dag.py:2693} INFO - Sync 1 DAGs
[2023-03-26T22:06:54.672+0200] {logging_mixin.py:137} INFO - [2023-03-26T22:06:54.672+0200] {dag.py:3440} INFO - Setting next_dagrun for example_nested_branch_dag to 2023-03-25T00:00:00+00:00, run_after=2023-03-26T00:00:00+00:00
[2023-03-26T22:06:54.761+0200] {processor.py:175} INFO - Processing /home/humbulani/miniconda3/envs/apache-airflow/lib/python3.8/site-packages/airflow/example_dags/example_nested_branch_dag.py took 0.165 seconds
[2023-03-26T22:07:40.673+0200] {processor.py:153} INFO - Started process (PID=18999) to work on /home/humbulani/miniconda3/envs/apache-airflow/lib/python3.8/site-packages/airflow/example_dags/example_nested_branch_dag.py
[2023-03-26T22:07:40.674+0200] {processor.py:743} INFO - Processing file /home/humbulani/miniconda3/envs/apache-airflow/lib/python3.8/site-packages/airflow/example_dags/example_nested_branch_dag.py for tasks to queue
[2023-03-26T22:07:40.674+0200] {logging_mixin.py:137} INFO - [2023-03-26T22:07:40.674+0200] {dagbag.py:532} INFO - Filling up the DagBag from /home/humbulani/miniconda3/envs/apache-airflow/lib/python3.8/site-packages/airflow/example_dags/example_nested_branch_dag.py
[2023-03-26T22:07:40.698+0200] {processor.py:753} INFO - DAG(s) dict_keys(['example_nested_branch_dag']) retrieved from /home/humbulani/miniconda3/envs/apache-airflow/lib/python3.8/site-packages/airflow/example_dags/example_nested_branch_dag.py
[2023-03-26T22:07:40.716+0200] {logging_mixin.py:137} INFO - [2023-03-26T22:07:40.716+0200] {dag.py:2693} INFO - Sync 1 DAGs
[2023-03-26T22:07:40.738+0200] {logging_mixin.py:137} INFO - [2023-03-26T22:07:40.737+0200] {dag.py:3440} INFO - Setting next_dagrun for example_nested_branch_dag to 2023-03-25T00:00:00+00:00, run_after=2023-03-26T00:00:00+00:00
[2023-03-26T22:07:40.842+0200] {processor.py:175} INFO - Processing /home/humbulani/miniconda3/envs/apache-airflow/lib/python3.8/site-packages/airflow/example_dags/example_nested_branch_dag.py took 0.172 seconds
[2023-03-26T22:08:24.131+0200] {processor.py:153} INFO - Started process (PID=19048) to work on /home/humbulani/miniconda3/envs/apache-airflow/lib/python3.8/site-packages/airflow/example_dags/example_nested_branch_dag.py
[2023-03-26T22:08:24.149+0200] {processor.py:743} INFO - Processing file /home/humbulani/miniconda3/envs/apache-airflow/lib/python3.8/site-packages/airflow/example_dags/example_nested_branch_dag.py for tasks to queue
[2023-03-26T22:08:24.150+0200] {logging_mixin.py:137} INFO - [2023-03-26T22:08:24.150+0200] {dagbag.py:532} INFO - Filling up the DagBag from /home/humbulani/miniconda3/envs/apache-airflow/lib/python3.8/site-packages/airflow/example_dags/example_nested_branch_dag.py
[2023-03-26T22:08:24.179+0200] {processor.py:753} INFO - DAG(s) dict_keys(['example_nested_branch_dag']) retrieved from /home/humbulani/miniconda3/envs/apache-airflow/lib/python3.8/site-packages/airflow/example_dags/example_nested_branch_dag.py
[2023-03-26T22:08:24.197+0200] {logging_mixin.py:137} INFO - [2023-03-26T22:08:24.197+0200] {dag.py:2693} INFO - Sync 1 DAGs
[2023-03-26T22:08:24.217+0200] {logging_mixin.py:137} INFO - [2023-03-26T22:08:24.217+0200] {dag.py:3440} INFO - Setting next_dagrun for example_nested_branch_dag to 2023-03-25T00:00:00+00:00, run_after=2023-03-26T00:00:00+00:00
[2023-03-26T22:08:24.289+0200] {processor.py:175} INFO - Processing /home/humbulani/miniconda3/envs/apache-airflow/lib/python3.8/site-packages/airflow/example_dags/example_nested_branch_dag.py took 0.160 seconds
[2023-03-26T22:09:12.492+0200] {processor.py:153} INFO - Started process (PID=19130) to work on /home/humbulani/miniconda3/envs/apache-airflow/lib/python3.8/site-packages/airflow/example_dags/example_nested_branch_dag.py
[2023-03-26T22:09:12.493+0200] {processor.py:743} INFO - Processing file /home/humbulani/miniconda3/envs/apache-airflow/lib/python3.8/site-packages/airflow/example_dags/example_nested_branch_dag.py for tasks to queue
[2023-03-26T22:09:12.493+0200] {logging_mixin.py:137} INFO - [2023-03-26T22:09:12.493+0200] {dagbag.py:532} INFO - Filling up the DagBag from /home/humbulani/miniconda3/envs/apache-airflow/lib/python3.8/site-packages/airflow/example_dags/example_nested_branch_dag.py
[2023-03-26T22:09:12.518+0200] {processor.py:753} INFO - DAG(s) dict_keys(['example_nested_branch_dag']) retrieved from /home/humbulani/miniconda3/envs/apache-airflow/lib/python3.8/site-packages/airflow/example_dags/example_nested_branch_dag.py
[2023-03-26T22:09:12.538+0200] {logging_mixin.py:137} INFO - [2023-03-26T22:09:12.538+0200] {dag.py:2693} INFO - Sync 1 DAGs
[2023-03-26T22:09:12.556+0200] {logging_mixin.py:137} INFO - [2023-03-26T22:09:12.556+0200] {dag.py:3440} INFO - Setting next_dagrun for example_nested_branch_dag to 2023-03-25T00:00:00+00:00, run_after=2023-03-26T00:00:00+00:00
[2023-03-26T22:09:12.663+0200] {processor.py:175} INFO - Processing /home/humbulani/miniconda3/envs/apache-airflow/lib/python3.8/site-packages/airflow/example_dags/example_nested_branch_dag.py took 0.174 seconds
[2023-03-26T22:09:59.832+0200] {processor.py:153} INFO - Started process (PID=19173) to work on /home/humbulani/miniconda3/envs/apache-airflow/lib/python3.8/site-packages/airflow/example_dags/example_nested_branch_dag.py
[2023-03-26T22:09:59.842+0200] {processor.py:743} INFO - Processing file /home/humbulani/miniconda3/envs/apache-airflow/lib/python3.8/site-packages/airflow/example_dags/example_nested_branch_dag.py for tasks to queue
[2023-03-26T22:09:59.843+0200] {logging_mixin.py:137} INFO - [2023-03-26T22:09:59.842+0200] {dagbag.py:532} INFO - Filling up the DagBag from /home/humbulani/miniconda3/envs/apache-airflow/lib/python3.8/site-packages/airflow/example_dags/example_nested_branch_dag.py
[2023-03-26T22:09:59.865+0200] {processor.py:753} INFO - DAG(s) dict_keys(['example_nested_branch_dag']) retrieved from /home/humbulani/miniconda3/envs/apache-airflow/lib/python3.8/site-packages/airflow/example_dags/example_nested_branch_dag.py
[2023-03-26T22:09:59.883+0200] {logging_mixin.py:137} INFO - [2023-03-26T22:09:59.882+0200] {dag.py:2693} INFO - Sync 1 DAGs
[2023-03-26T22:09:59.901+0200] {logging_mixin.py:137} INFO - [2023-03-26T22:09:59.901+0200] {dag.py:3440} INFO - Setting next_dagrun for example_nested_branch_dag to 2023-03-25T00:00:00+00:00, run_after=2023-03-26T00:00:00+00:00
[2023-03-26T22:09:59.975+0200] {processor.py:175} INFO - Processing /home/humbulani/miniconda3/envs/apache-airflow/lib/python3.8/site-packages/airflow/example_dags/example_nested_branch_dag.py took 0.145 seconds
[2023-03-26T22:10:42.643+0200] {processor.py:153} INFO - Started process (PID=19303) to work on /home/humbulani/miniconda3/envs/apache-airflow/lib/python3.8/site-packages/airflow/example_dags/example_nested_branch_dag.py
[2023-03-26T22:10:42.655+0200] {processor.py:743} INFO - Processing file /home/humbulani/miniconda3/envs/apache-airflow/lib/python3.8/site-packages/airflow/example_dags/example_nested_branch_dag.py for tasks to queue
[2023-03-26T22:10:42.656+0200] {logging_mixin.py:137} INFO - [2023-03-26T22:10:42.656+0200] {dagbag.py:532} INFO - Filling up the DagBag from /home/humbulani/miniconda3/envs/apache-airflow/lib/python3.8/site-packages/airflow/example_dags/example_nested_branch_dag.py
[2023-03-26T22:10:42.683+0200] {processor.py:753} INFO - DAG(s) dict_keys(['example_nested_branch_dag']) retrieved from /home/humbulani/miniconda3/envs/apache-airflow/lib/python3.8/site-packages/airflow/example_dags/example_nested_branch_dag.py
[2023-03-26T22:10:42.705+0200] {logging_mixin.py:137} INFO - [2023-03-26T22:10:42.705+0200] {dag.py:2693} INFO - Sync 1 DAGs
[2023-03-26T22:10:42.727+0200] {logging_mixin.py:137} INFO - [2023-03-26T22:10:42.727+0200] {dag.py:3440} INFO - Setting next_dagrun for example_nested_branch_dag to 2023-03-25T00:00:00+00:00, run_after=2023-03-26T00:00:00+00:00
[2023-03-26T22:10:42.843+0200] {processor.py:175} INFO - Processing /home/humbulani/miniconda3/envs/apache-airflow/lib/python3.8/site-packages/airflow/example_dags/example_nested_branch_dag.py took 0.206 seconds
[2023-03-26T22:11:31.022+0200] {processor.py:153} INFO - Started process (PID=19346) to work on /home/humbulani/miniconda3/envs/apache-airflow/lib/python3.8/site-packages/airflow/example_dags/example_nested_branch_dag.py
[2023-03-26T22:11:31.023+0200] {processor.py:743} INFO - Processing file /home/humbulani/miniconda3/envs/apache-airflow/lib/python3.8/site-packages/airflow/example_dags/example_nested_branch_dag.py for tasks to queue
[2023-03-26T22:11:31.024+0200] {logging_mixin.py:137} INFO - [2023-03-26T22:11:31.024+0200] {dagbag.py:532} INFO - Filling up the DagBag from /home/humbulani/miniconda3/envs/apache-airflow/lib/python3.8/site-packages/airflow/example_dags/example_nested_branch_dag.py
[2023-03-26T22:11:31.046+0200] {processor.py:753} INFO - DAG(s) dict_keys(['example_nested_branch_dag']) retrieved from /home/humbulani/miniconda3/envs/apache-airflow/lib/python3.8/site-packages/airflow/example_dags/example_nested_branch_dag.py
[2023-03-26T22:11:31.064+0200] {logging_mixin.py:137} INFO - [2023-03-26T22:11:31.063+0200] {dag.py:2693} INFO - Sync 1 DAGs
[2023-03-26T22:11:31.082+0200] {logging_mixin.py:137} INFO - [2023-03-26T22:11:31.082+0200] {dag.py:3440} INFO - Setting next_dagrun for example_nested_branch_dag to 2023-03-25T00:00:00+00:00, run_after=2023-03-26T00:00:00+00:00
[2023-03-26T22:11:31.160+0200] {processor.py:175} INFO - Processing /home/humbulani/miniconda3/envs/apache-airflow/lib/python3.8/site-packages/airflow/example_dags/example_nested_branch_dag.py took 0.140 seconds
[2023-03-26T22:12:14.623+0200] {processor.py:153} INFO - Started process (PID=19391) to work on /home/humbulani/miniconda3/envs/apache-airflow/lib/python3.8/site-packages/airflow/example_dags/example_nested_branch_dag.py
[2023-03-26T22:12:14.624+0200] {processor.py:743} INFO - Processing file /home/humbulani/miniconda3/envs/apache-airflow/lib/python3.8/site-packages/airflow/example_dags/example_nested_branch_dag.py for tasks to queue
[2023-03-26T22:12:14.625+0200] {logging_mixin.py:137} INFO - [2023-03-26T22:12:14.625+0200] {dagbag.py:532} INFO - Filling up the DagBag from /home/humbulani/miniconda3/envs/apache-airflow/lib/python3.8/site-packages/airflow/example_dags/example_nested_branch_dag.py
[2023-03-26T22:12:14.648+0200] {processor.py:753} INFO - DAG(s) dict_keys(['example_nested_branch_dag']) retrieved from /home/humbulani/miniconda3/envs/apache-airflow/lib/python3.8/site-packages/airflow/example_dags/example_nested_branch_dag.py
[2023-03-26T22:12:14.666+0200] {logging_mixin.py:137} INFO - [2023-03-26T22:12:14.666+0200] {dag.py:2693} INFO - Sync 1 DAGs
[2023-03-26T22:12:14.685+0200] {logging_mixin.py:137} INFO - [2023-03-26T22:12:14.685+0200] {dag.py:3440} INFO - Setting next_dagrun for example_nested_branch_dag to 2023-03-25T00:00:00+00:00, run_after=2023-03-26T00:00:00+00:00
[2023-03-26T22:12:14.757+0200] {processor.py:175} INFO - Processing /home/humbulani/miniconda3/envs/apache-airflow/lib/python3.8/site-packages/airflow/example_dags/example_nested_branch_dag.py took 0.136 seconds
[2023-03-26T22:13:00.894+0200] {processor.py:153} INFO - Started process (PID=19500) to work on /home/humbulani/miniconda3/envs/apache-airflow/lib/python3.8/site-packages/airflow/example_dags/example_nested_branch_dag.py
[2023-03-26T22:13:00.909+0200] {processor.py:743} INFO - Processing file /home/humbulani/miniconda3/envs/apache-airflow/lib/python3.8/site-packages/airflow/example_dags/example_nested_branch_dag.py for tasks to queue
[2023-03-26T22:13:00.909+0200] {logging_mixin.py:137} INFO - [2023-03-26T22:13:00.909+0200] {dagbag.py:532} INFO - Filling up the DagBag from /home/humbulani/miniconda3/envs/apache-airflow/lib/python3.8/site-packages/airflow/example_dags/example_nested_branch_dag.py
[2023-03-26T22:13:00.935+0200] {processor.py:753} INFO - DAG(s) dict_keys(['example_nested_branch_dag']) retrieved from /home/humbulani/miniconda3/envs/apache-airflow/lib/python3.8/site-packages/airflow/example_dags/example_nested_branch_dag.py
[2023-03-26T22:13:00.956+0200] {logging_mixin.py:137} INFO - [2023-03-26T22:13:00.955+0200] {dag.py:2693} INFO - Sync 1 DAGs
[2023-03-26T22:13:00.975+0200] {logging_mixin.py:137} INFO - [2023-03-26T22:13:00.975+0200] {dag.py:3440} INFO - Setting next_dagrun for example_nested_branch_dag to 2023-03-25T00:00:00+00:00, run_after=2023-03-26T00:00:00+00:00
[2023-03-26T22:13:01.065+0200] {processor.py:175} INFO - Processing /home/humbulani/miniconda3/envs/apache-airflow/lib/python3.8/site-packages/airflow/example_dags/example_nested_branch_dag.py took 0.173 seconds
[2023-03-26T22:13:48.449+0200] {processor.py:153} INFO - Started process (PID=19542) to work on /home/humbulani/miniconda3/envs/apache-airflow/lib/python3.8/site-packages/airflow/example_dags/example_nested_branch_dag.py
[2023-03-26T22:13:48.457+0200] {processor.py:743} INFO - Processing file /home/humbulani/miniconda3/envs/apache-airflow/lib/python3.8/site-packages/airflow/example_dags/example_nested_branch_dag.py for tasks to queue
[2023-03-26T22:13:48.458+0200] {logging_mixin.py:137} INFO - [2023-03-26T22:13:48.458+0200] {dagbag.py:532} INFO - Filling up the DagBag from /home/humbulani/miniconda3/envs/apache-airflow/lib/python3.8/site-packages/airflow/example_dags/example_nested_branch_dag.py
[2023-03-26T22:13:48.480+0200] {processor.py:753} INFO - DAG(s) dict_keys(['example_nested_branch_dag']) retrieved from /home/humbulani/miniconda3/envs/apache-airflow/lib/python3.8/site-packages/airflow/example_dags/example_nested_branch_dag.py
[2023-03-26T22:13:48.498+0200] {logging_mixin.py:137} INFO - [2023-03-26T22:13:48.498+0200] {dag.py:2693} INFO - Sync 1 DAGs
[2023-03-26T22:13:48.516+0200] {logging_mixin.py:137} INFO - [2023-03-26T22:13:48.516+0200] {dag.py:3440} INFO - Setting next_dagrun for example_nested_branch_dag to 2023-03-25T00:00:00+00:00, run_after=2023-03-26T00:00:00+00:00
[2023-03-26T22:13:48.592+0200] {processor.py:175} INFO - Processing /home/humbulani/miniconda3/envs/apache-airflow/lib/python3.8/site-packages/airflow/example_dags/example_nested_branch_dag.py took 0.146 seconds
[2023-03-26T22:14:35.695+0200] {processor.py:153} INFO - Started process (PID=19587) to work on /home/humbulani/miniconda3/envs/apache-airflow/lib/python3.8/site-packages/airflow/example_dags/example_nested_branch_dag.py
[2023-03-26T22:14:35.696+0200] {processor.py:743} INFO - Processing file /home/humbulani/miniconda3/envs/apache-airflow/lib/python3.8/site-packages/airflow/example_dags/example_nested_branch_dag.py for tasks to queue
[2023-03-26T22:14:35.696+0200] {logging_mixin.py:137} INFO - [2023-03-26T22:14:35.696+0200] {dagbag.py:532} INFO - Filling up the DagBag from /home/humbulani/miniconda3/envs/apache-airflow/lib/python3.8/site-packages/airflow/example_dags/example_nested_branch_dag.py
[2023-03-26T22:14:35.719+0200] {processor.py:753} INFO - DAG(s) dict_keys(['example_nested_branch_dag']) retrieved from /home/humbulani/miniconda3/envs/apache-airflow/lib/python3.8/site-packages/airflow/example_dags/example_nested_branch_dag.py
[2023-03-26T22:14:35.737+0200] {logging_mixin.py:137} INFO - [2023-03-26T22:14:35.737+0200] {dag.py:2693} INFO - Sync 1 DAGs
[2023-03-26T22:14:35.755+0200] {logging_mixin.py:137} INFO - [2023-03-26T22:14:35.755+0200] {dag.py:3440} INFO - Setting next_dagrun for example_nested_branch_dag to 2023-03-25T00:00:00+00:00, run_after=2023-03-26T00:00:00+00:00
[2023-03-26T22:14:35.841+0200] {processor.py:175} INFO - Processing /home/humbulani/miniconda3/envs/apache-airflow/lib/python3.8/site-packages/airflow/example_dags/example_nested_branch_dag.py took 0.148 seconds
[2023-03-26T22:15:23.128+0200] {processor.py:153} INFO - Started process (PID=19697) to work on /home/humbulani/miniconda3/envs/apache-airflow/lib/python3.8/site-packages/airflow/example_dags/example_nested_branch_dag.py
[2023-03-26T22:15:23.141+0200] {processor.py:743} INFO - Processing file /home/humbulani/miniconda3/envs/apache-airflow/lib/python3.8/site-packages/airflow/example_dags/example_nested_branch_dag.py for tasks to queue
[2023-03-26T22:15:23.142+0200] {logging_mixin.py:137} INFO - [2023-03-26T22:15:23.142+0200] {dagbag.py:532} INFO - Filling up the DagBag from /home/humbulani/miniconda3/envs/apache-airflow/lib/python3.8/site-packages/airflow/example_dags/example_nested_branch_dag.py
[2023-03-26T22:15:23.165+0200] {processor.py:753} INFO - DAG(s) dict_keys(['example_nested_branch_dag']) retrieved from /home/humbulani/miniconda3/envs/apache-airflow/lib/python3.8/site-packages/airflow/example_dags/example_nested_branch_dag.py
[2023-03-26T22:15:23.182+0200] {logging_mixin.py:137} INFO - [2023-03-26T22:15:23.182+0200] {dag.py:2693} INFO - Sync 1 DAGs
[2023-03-26T22:15:23.201+0200] {logging_mixin.py:137} INFO - [2023-03-26T22:15:23.201+0200] {dag.py:3440} INFO - Setting next_dagrun for example_nested_branch_dag to 2023-03-25T00:00:00+00:00, run_after=2023-03-26T00:00:00+00:00
[2023-03-26T22:15:23.276+0200] {processor.py:175} INFO - Processing /home/humbulani/miniconda3/envs/apache-airflow/lib/python3.8/site-packages/airflow/example_dags/example_nested_branch_dag.py took 0.151 seconds
[2023-03-26T22:16:09.338+0200] {processor.py:153} INFO - Started process (PID=19749) to work on /home/humbulani/miniconda3/envs/apache-airflow/lib/python3.8/site-packages/airflow/example_dags/example_nested_branch_dag.py
[2023-03-26T22:16:09.338+0200] {processor.py:743} INFO - Processing file /home/humbulani/miniconda3/envs/apache-airflow/lib/python3.8/site-packages/airflow/example_dags/example_nested_branch_dag.py for tasks to queue
[2023-03-26T22:16:09.339+0200] {logging_mixin.py:137} INFO - [2023-03-26T22:16:09.339+0200] {dagbag.py:532} INFO - Filling up the DagBag from /home/humbulani/miniconda3/envs/apache-airflow/lib/python3.8/site-packages/airflow/example_dags/example_nested_branch_dag.py
[2023-03-26T22:16:09.362+0200] {processor.py:753} INFO - DAG(s) dict_keys(['example_nested_branch_dag']) retrieved from /home/humbulani/miniconda3/envs/apache-airflow/lib/python3.8/site-packages/airflow/example_dags/example_nested_branch_dag.py
[2023-03-26T22:16:09.379+0200] {logging_mixin.py:137} INFO - [2023-03-26T22:16:09.379+0200] {dag.py:2693} INFO - Sync 1 DAGs
[2023-03-26T22:16:09.398+0200] {logging_mixin.py:137} INFO - [2023-03-26T22:16:09.398+0200] {dag.py:3440} INFO - Setting next_dagrun for example_nested_branch_dag to 2023-03-25T00:00:00+00:00, run_after=2023-03-26T00:00:00+00:00
[2023-03-26T22:16:09.472+0200] {processor.py:175} INFO - Processing /home/humbulani/miniconda3/envs/apache-airflow/lib/python3.8/site-packages/airflow/example_dags/example_nested_branch_dag.py took 0.138 seconds
[2023-03-26T22:17:01.754+0200] {processor.py:153} INFO - Started process (PID=19855) to work on /home/humbulani/miniconda3/envs/apache-airflow/lib/python3.8/site-packages/airflow/example_dags/example_nested_branch_dag.py
[2023-03-26T22:17:01.831+0200] {processor.py:743} INFO - Processing file /home/humbulani/miniconda3/envs/apache-airflow/lib/python3.8/site-packages/airflow/example_dags/example_nested_branch_dag.py for tasks to queue
[2023-03-26T22:17:01.831+0200] {logging_mixin.py:137} INFO - [2023-03-26T22:17:01.831+0200] {dagbag.py:532} INFO - Filling up the DagBag from /home/humbulani/miniconda3/envs/apache-airflow/lib/python3.8/site-packages/airflow/example_dags/example_nested_branch_dag.py
[2023-03-26T22:17:01.860+0200] {processor.py:753} INFO - DAG(s) dict_keys(['example_nested_branch_dag']) retrieved from /home/humbulani/miniconda3/envs/apache-airflow/lib/python3.8/site-packages/airflow/example_dags/example_nested_branch_dag.py
[2023-03-26T22:17:01.879+0200] {logging_mixin.py:137} INFO - [2023-03-26T22:17:01.878+0200] {dag.py:2693} INFO - Sync 1 DAGs
[2023-03-26T22:17:01.898+0200] {logging_mixin.py:137} INFO - [2023-03-26T22:17:01.897+0200] {dag.py:3440} INFO - Setting next_dagrun for example_nested_branch_dag to 2023-03-25T00:00:00+00:00, run_after=2023-03-26T00:00:00+00:00
[2023-03-26T22:17:01.978+0200] {processor.py:175} INFO - Processing /home/humbulani/miniconda3/envs/apache-airflow/lib/python3.8/site-packages/airflow/example_dags/example_nested_branch_dag.py took 0.226 seconds
[2023-03-26T22:17:45.436+0200] {processor.py:153} INFO - Started process (PID=19902) to work on /home/humbulani/miniconda3/envs/apache-airflow/lib/python3.8/site-packages/airflow/example_dags/example_nested_branch_dag.py
[2023-03-26T22:17:45.451+0200] {processor.py:743} INFO - Processing file /home/humbulani/miniconda3/envs/apache-airflow/lib/python3.8/site-packages/airflow/example_dags/example_nested_branch_dag.py for tasks to queue
[2023-03-26T22:17:45.452+0200] {logging_mixin.py:137} INFO - [2023-03-26T22:17:45.452+0200] {dagbag.py:532} INFO - Filling up the DagBag from /home/humbulani/miniconda3/envs/apache-airflow/lib/python3.8/site-packages/airflow/example_dags/example_nested_branch_dag.py
[2023-03-26T22:17:45.477+0200] {processor.py:753} INFO - DAG(s) dict_keys(['example_nested_branch_dag']) retrieved from /home/humbulani/miniconda3/envs/apache-airflow/lib/python3.8/site-packages/airflow/example_dags/example_nested_branch_dag.py
[2023-03-26T22:17:45.495+0200] {logging_mixin.py:137} INFO - [2023-03-26T22:17:45.495+0200] {dag.py:2693} INFO - Sync 1 DAGs
[2023-03-26T22:17:45.513+0200] {logging_mixin.py:137} INFO - [2023-03-26T22:17:45.513+0200] {dag.py:3440} INFO - Setting next_dagrun for example_nested_branch_dag to 2023-03-25T00:00:00+00:00, run_after=2023-03-26T00:00:00+00:00
[2023-03-26T22:17:45.590+0200] {processor.py:175} INFO - Processing /home/humbulani/miniconda3/envs/apache-airflow/lib/python3.8/site-packages/airflow/example_dags/example_nested_branch_dag.py took 0.157 seconds
[2023-03-26T22:18:29.512+0200] {processor.py:153} INFO - Started process (PID=20010) to work on /home/humbulani/miniconda3/envs/apache-airflow/lib/python3.8/site-packages/airflow/example_dags/example_nested_branch_dag.py
[2023-03-26T22:18:29.513+0200] {processor.py:743} INFO - Processing file /home/humbulani/miniconda3/envs/apache-airflow/lib/python3.8/site-packages/airflow/example_dags/example_nested_branch_dag.py for tasks to queue
[2023-03-26T22:18:29.514+0200] {logging_mixin.py:137} INFO - [2023-03-26T22:18:29.514+0200] {dagbag.py:532} INFO - Filling up the DagBag from /home/humbulani/miniconda3/envs/apache-airflow/lib/python3.8/site-packages/airflow/example_dags/example_nested_branch_dag.py
[2023-03-26T22:18:29.541+0200] {processor.py:753} INFO - DAG(s) dict_keys(['example_nested_branch_dag']) retrieved from /home/humbulani/miniconda3/envs/apache-airflow/lib/python3.8/site-packages/airflow/example_dags/example_nested_branch_dag.py
[2023-03-26T22:18:29.558+0200] {logging_mixin.py:137} INFO - [2023-03-26T22:18:29.558+0200] {dag.py:2693} INFO - Sync 1 DAGs
[2023-03-26T22:18:29.576+0200] {logging_mixin.py:137} INFO - [2023-03-26T22:18:29.575+0200] {dag.py:3440} INFO - Setting next_dagrun for example_nested_branch_dag to 2023-03-25T00:00:00+00:00, run_after=2023-03-26T00:00:00+00:00
[2023-03-26T22:18:29.663+0200] {processor.py:175} INFO - Processing /home/humbulani/miniconda3/envs/apache-airflow/lib/python3.8/site-packages/airflow/example_dags/example_nested_branch_dag.py took 0.154 seconds
[2023-03-26T22:19:13.282+0200] {processor.py:153} INFO - Started process (PID=20062) to work on /home/humbulani/miniconda3/envs/apache-airflow/lib/python3.8/site-packages/airflow/example_dags/example_nested_branch_dag.py
[2023-03-26T22:19:13.282+0200] {processor.py:743} INFO - Processing file /home/humbulani/miniconda3/envs/apache-airflow/lib/python3.8/site-packages/airflow/example_dags/example_nested_branch_dag.py for tasks to queue
[2023-03-26T22:19:13.283+0200] {logging_mixin.py:137} INFO - [2023-03-26T22:19:13.283+0200] {dagbag.py:532} INFO - Filling up the DagBag from /home/humbulani/miniconda3/envs/apache-airflow/lib/python3.8/site-packages/airflow/example_dags/example_nested_branch_dag.py
[2023-03-26T22:19:13.305+0200] {processor.py:753} INFO - DAG(s) dict_keys(['example_nested_branch_dag']) retrieved from /home/humbulani/miniconda3/envs/apache-airflow/lib/python3.8/site-packages/airflow/example_dags/example_nested_branch_dag.py
[2023-03-26T22:19:13.322+0200] {logging_mixin.py:137} INFO - [2023-03-26T22:19:13.322+0200] {dag.py:2693} INFO - Sync 1 DAGs
[2023-03-26T22:19:13.340+0200] {logging_mixin.py:137} INFO - [2023-03-26T22:19:13.340+0200] {dag.py:3440} INFO - Setting next_dagrun for example_nested_branch_dag to 2023-03-25T00:00:00+00:00, run_after=2023-03-26T00:00:00+00:00
[2023-03-26T22:19:13.423+0200] {processor.py:175} INFO - Processing /home/humbulani/miniconda3/envs/apache-airflow/lib/python3.8/site-packages/airflow/example_dags/example_nested_branch_dag.py took 0.144 seconds
[2023-03-26T22:19:59.262+0200] {processor.py:153} INFO - Started process (PID=20165) to work on /home/humbulani/miniconda3/envs/apache-airflow/lib/python3.8/site-packages/airflow/example_dags/example_nested_branch_dag.py
[2023-03-26T22:19:59.277+0200] {processor.py:743} INFO - Processing file /home/humbulani/miniconda3/envs/apache-airflow/lib/python3.8/site-packages/airflow/example_dags/example_nested_branch_dag.py for tasks to queue
[2023-03-26T22:19:59.278+0200] {logging_mixin.py:137} INFO - [2023-03-26T22:19:59.278+0200] {dagbag.py:532} INFO - Filling up the DagBag from /home/humbulani/miniconda3/envs/apache-airflow/lib/python3.8/site-packages/airflow/example_dags/example_nested_branch_dag.py
[2023-03-26T22:19:59.300+0200] {processor.py:753} INFO - DAG(s) dict_keys(['example_nested_branch_dag']) retrieved from /home/humbulani/miniconda3/envs/apache-airflow/lib/python3.8/site-packages/airflow/example_dags/example_nested_branch_dag.py
[2023-03-26T22:19:59.317+0200] {logging_mixin.py:137} INFO - [2023-03-26T22:19:59.316+0200] {dag.py:2693} INFO - Sync 1 DAGs
[2023-03-26T22:19:59.336+0200] {logging_mixin.py:137} INFO - [2023-03-26T22:19:59.336+0200] {dag.py:3440} INFO - Setting next_dagrun for example_nested_branch_dag to 2023-03-25T00:00:00+00:00, run_after=2023-03-26T00:00:00+00:00
[2023-03-26T22:19:59.420+0200] {processor.py:175} INFO - Processing /home/humbulani/miniconda3/envs/apache-airflow/lib/python3.8/site-packages/airflow/example_dags/example_nested_branch_dag.py took 0.161 seconds
[2023-03-26T22:20:43.438+0200] {processor.py:153} INFO - Started process (PID=20254) to work on /home/humbulani/miniconda3/envs/apache-airflow/lib/python3.8/site-packages/airflow/example_dags/example_nested_branch_dag.py
[2023-03-26T22:20:43.456+0200] {processor.py:743} INFO - Processing file /home/humbulani/miniconda3/envs/apache-airflow/lib/python3.8/site-packages/airflow/example_dags/example_nested_branch_dag.py for tasks to queue
[2023-03-26T22:20:43.457+0200] {logging_mixin.py:137} INFO - [2023-03-26T22:20:43.457+0200] {dagbag.py:532} INFO - Filling up the DagBag from /home/humbulani/miniconda3/envs/apache-airflow/lib/python3.8/site-packages/airflow/example_dags/example_nested_branch_dag.py
[2023-03-26T22:20:43.482+0200] {processor.py:753} INFO - DAG(s) dict_keys(['example_nested_branch_dag']) retrieved from /home/humbulani/miniconda3/envs/apache-airflow/lib/python3.8/site-packages/airflow/example_dags/example_nested_branch_dag.py
[2023-03-26T22:20:43.501+0200] {logging_mixin.py:137} INFO - [2023-03-26T22:20:43.501+0200] {dag.py:2693} INFO - Sync 1 DAGs
[2023-03-26T22:20:43.532+0200] {logging_mixin.py:137} INFO - [2023-03-26T22:20:43.532+0200] {dag.py:3440} INFO - Setting next_dagrun for example_nested_branch_dag to 2023-03-25T00:00:00+00:00, run_after=2023-03-26T00:00:00+00:00
[2023-03-26T22:20:43.649+0200] {processor.py:175} INFO - Processing /home/humbulani/miniconda3/envs/apache-airflow/lib/python3.8/site-packages/airflow/example_dags/example_nested_branch_dag.py took 0.214 seconds
[2023-03-26T22:21:29.473+0200] {processor.py:153} INFO - Started process (PID=20299) to work on /home/humbulani/miniconda3/envs/apache-airflow/lib/python3.8/site-packages/airflow/example_dags/example_nested_branch_dag.py
[2023-03-26T22:21:29.477+0200] {processor.py:743} INFO - Processing file /home/humbulani/miniconda3/envs/apache-airflow/lib/python3.8/site-packages/airflow/example_dags/example_nested_branch_dag.py for tasks to queue
[2023-03-26T22:21:29.478+0200] {logging_mixin.py:137} INFO - [2023-03-26T22:21:29.478+0200] {dagbag.py:532} INFO - Filling up the DagBag from /home/humbulani/miniconda3/envs/apache-airflow/lib/python3.8/site-packages/airflow/example_dags/example_nested_branch_dag.py
[2023-03-26T22:21:29.500+0200] {processor.py:753} INFO - DAG(s) dict_keys(['example_nested_branch_dag']) retrieved from /home/humbulani/miniconda3/envs/apache-airflow/lib/python3.8/site-packages/airflow/example_dags/example_nested_branch_dag.py
[2023-03-26T22:21:29.518+0200] {logging_mixin.py:137} INFO - [2023-03-26T22:21:29.518+0200] {dag.py:2693} INFO - Sync 1 DAGs
[2023-03-26T22:21:29.536+0200] {logging_mixin.py:137} INFO - [2023-03-26T22:21:29.536+0200] {dag.py:3440} INFO - Setting next_dagrun for example_nested_branch_dag to 2023-03-25T00:00:00+00:00, run_after=2023-03-26T00:00:00+00:00
[2023-03-26T22:21:29.611+0200] {processor.py:175} INFO - Processing /home/humbulani/miniconda3/envs/apache-airflow/lib/python3.8/site-packages/airflow/example_dags/example_nested_branch_dag.py took 0.141 seconds
[2023-03-26T22:22:13.655+0200] {processor.py:153} INFO - Started process (PID=20344) to work on /home/humbulani/miniconda3/envs/apache-airflow/lib/python3.8/site-packages/airflow/example_dags/example_nested_branch_dag.py
[2023-03-26T22:22:13.675+0200] {processor.py:743} INFO - Processing file /home/humbulani/miniconda3/envs/apache-airflow/lib/python3.8/site-packages/airflow/example_dags/example_nested_branch_dag.py for tasks to queue
[2023-03-26T22:22:13.675+0200] {logging_mixin.py:137} INFO - [2023-03-26T22:22:13.675+0200] {dagbag.py:532} INFO - Filling up the DagBag from /home/humbulani/miniconda3/envs/apache-airflow/lib/python3.8/site-packages/airflow/example_dags/example_nested_branch_dag.py
[2023-03-26T22:22:13.698+0200] {processor.py:753} INFO - DAG(s) dict_keys(['example_nested_branch_dag']) retrieved from /home/humbulani/miniconda3/envs/apache-airflow/lib/python3.8/site-packages/airflow/example_dags/example_nested_branch_dag.py
[2023-03-26T22:22:13.716+0200] {logging_mixin.py:137} INFO - [2023-03-26T22:22:13.715+0200] {dag.py:2693} INFO - Sync 1 DAGs
[2023-03-26T22:22:13.734+0200] {logging_mixin.py:137} INFO - [2023-03-26T22:22:13.734+0200] {dag.py:3440} INFO - Setting next_dagrun for example_nested_branch_dag to 2023-03-25T00:00:00+00:00, run_after=2023-03-26T00:00:00+00:00
[2023-03-26T22:22:13.818+0200] {processor.py:175} INFO - Processing /home/humbulani/miniconda3/envs/apache-airflow/lib/python3.8/site-packages/airflow/example_dags/example_nested_branch_dag.py took 0.165 seconds
[2023-03-26T22:23:00.743+0200] {processor.py:153} INFO - Started process (PID=20386) to work on /home/humbulani/miniconda3/envs/apache-airflow/lib/python3.8/site-packages/airflow/example_dags/example_nested_branch_dag.py
[2023-03-26T22:23:00.744+0200] {processor.py:743} INFO - Processing file /home/humbulani/miniconda3/envs/apache-airflow/lib/python3.8/site-packages/airflow/example_dags/example_nested_branch_dag.py for tasks to queue
[2023-03-26T22:23:00.745+0200] {logging_mixin.py:137} INFO - [2023-03-26T22:23:00.744+0200] {dagbag.py:532} INFO - Filling up the DagBag from /home/humbulani/miniconda3/envs/apache-airflow/lib/python3.8/site-packages/airflow/example_dags/example_nested_branch_dag.py
[2023-03-26T22:23:00.770+0200] {processor.py:753} INFO - DAG(s) dict_keys(['example_nested_branch_dag']) retrieved from /home/humbulani/miniconda3/envs/apache-airflow/lib/python3.8/site-packages/airflow/example_dags/example_nested_branch_dag.py
[2023-03-26T22:23:00.788+0200] {logging_mixin.py:137} INFO - [2023-03-26T22:23:00.787+0200] {dag.py:2693} INFO - Sync 1 DAGs
[2023-03-26T22:23:00.807+0200] {logging_mixin.py:137} INFO - [2023-03-26T22:23:00.806+0200] {dag.py:3440} INFO - Setting next_dagrun for example_nested_branch_dag to 2023-03-25T00:00:00+00:00, run_after=2023-03-26T00:00:00+00:00
[2023-03-26T22:23:00.887+0200] {processor.py:175} INFO - Processing /home/humbulani/miniconda3/envs/apache-airflow/lib/python3.8/site-packages/airflow/example_dags/example_nested_branch_dag.py took 0.147 seconds
