[2023-03-26T21:39:09.944+0200] {processor.py:153} INFO - Started process (PID=16632) to work on /home/humbulani/miniconda3/envs/apache-airflow/lib/python3.8/site-packages/airflow/example_dags/example_params_ui_tutorial.py
[2023-03-26T21:39:09.945+0200] {processor.py:743} INFO - Processing file /home/humbulani/miniconda3/envs/apache-airflow/lib/python3.8/site-packages/airflow/example_dags/example_params_ui_tutorial.py for tasks to queue
[2023-03-26T21:39:09.946+0200] {logging_mixin.py:137} INFO - [2023-03-26T21:39:09.945+0200] {dagbag.py:532} INFO - Filling up the DagBag from /home/humbulani/miniconda3/envs/apache-airflow/lib/python3.8/site-packages/airflow/example_dags/example_params_ui_tutorial.py
[2023-03-26T21:39:09.995+0200] {processor.py:753} INFO - DAG(s) dict_keys(['example_params_ui_tutorial']) retrieved from /home/humbulani/miniconda3/envs/apache-airflow/lib/python3.8/site-packages/airflow/example_dags/example_params_ui_tutorial.py
[2023-03-26T21:39:10.290+0200] {logging_mixin.py:137} INFO - [2023-03-26T21:39:10.290+0200] {manager.py:504} INFO - Created Permission View: can edit on DAG:example_params_ui_tutorial
[2023-03-26T21:39:10.349+0200] {logging_mixin.py:137} INFO - [2023-03-26T21:39:10.349+0200] {manager.py:504} INFO - Created Permission View: can read on DAG:example_params_ui_tutorial
[2023-03-26T21:39:10.423+0200] {logging_mixin.py:137} INFO - [2023-03-26T21:39:10.423+0200] {manager.py:504} INFO - Created Permission View: can delete on DAG:example_params_ui_tutorial
[2023-03-26T21:39:10.424+0200] {logging_mixin.py:137} INFO - [2023-03-26T21:39:10.424+0200] {dag.py:2693} INFO - Sync 1 DAGs
[2023-03-26T21:39:10.511+0200] {logging_mixin.py:137} INFO - [2023-03-26T21:39:10.511+0200] {dag.py:2714} INFO - Creating ORM DAG for example_params_ui_tutorial
[2023-03-26T21:39:10.518+0200] {logging_mixin.py:137} INFO - [2023-03-26T21:39:10.518+0200] {dag.py:3440} INFO - Setting next_dagrun for example_params_ui_tutorial to None, run_after=None
[2023-03-26T21:39:10.609+0200] {processor.py:175} INFO - Processing /home/humbulani/miniconda3/envs/apache-airflow/lib/python3.8/site-packages/airflow/example_dags/example_params_ui_tutorial.py took 0.668 seconds
[2023-03-26T21:40:13.620+0200] {processor.py:153} INFO - Started process (PID=16719) to work on /home/humbulani/miniconda3/envs/apache-airflow/lib/python3.8/site-packages/airflow/example_dags/example_params_ui_tutorial.py
[2023-03-26T21:40:13.621+0200] {processor.py:743} INFO - Processing file /home/humbulani/miniconda3/envs/apache-airflow/lib/python3.8/site-packages/airflow/example_dags/example_params_ui_tutorial.py for tasks to queue
[2023-03-26T21:40:13.622+0200] {logging_mixin.py:137} INFO - [2023-03-26T21:40:13.621+0200] {dagbag.py:532} INFO - Filling up the DagBag from /home/humbulani/miniconda3/envs/apache-airflow/lib/python3.8/site-packages/airflow/example_dags/example_params_ui_tutorial.py
[2023-03-26T21:40:13.670+0200] {processor.py:753} INFO - DAG(s) dict_keys(['example_params_ui_tutorial']) retrieved from /home/humbulani/miniconda3/envs/apache-airflow/lib/python3.8/site-packages/airflow/example_dags/example_params_ui_tutorial.py
[2023-03-26T21:40:13.722+0200] {logging_mixin.py:137} INFO - [2023-03-26T21:40:13.722+0200] {dag.py:2693} INFO - Sync 1 DAGs
[2023-03-26T21:40:13.739+0200] {logging_mixin.py:137} INFO - [2023-03-26T21:40:13.739+0200] {dag.py:3440} INFO - Setting next_dagrun for example_params_ui_tutorial to None, run_after=None
[2023-03-26T21:40:13.875+0200] {processor.py:175} INFO - Processing /home/humbulani/miniconda3/envs/apache-airflow/lib/python3.8/site-packages/airflow/example_dags/example_params_ui_tutorial.py took 0.258 seconds
[2023-03-26T21:41:04.457+0200] {processor.py:153} INFO - Started process (PID=16776) to work on /home/humbulani/miniconda3/envs/apache-airflow/lib/python3.8/site-packages/airflow/example_dags/example_params_ui_tutorial.py
[2023-03-26T21:41:04.465+0200] {processor.py:743} INFO - Processing file /home/humbulani/miniconda3/envs/apache-airflow/lib/python3.8/site-packages/airflow/example_dags/example_params_ui_tutorial.py for tasks to queue
[2023-03-26T21:41:04.466+0200] {logging_mixin.py:137} INFO - [2023-03-26T21:41:04.465+0200] {dagbag.py:532} INFO - Filling up the DagBag from /home/humbulani/miniconda3/envs/apache-airflow/lib/python3.8/site-packages/airflow/example_dags/example_params_ui_tutorial.py
[2023-03-26T21:41:04.509+0200] {processor.py:753} INFO - DAG(s) dict_keys(['example_params_ui_tutorial']) retrieved from /home/humbulani/miniconda3/envs/apache-airflow/lib/python3.8/site-packages/airflow/example_dags/example_params_ui_tutorial.py
[2023-03-26T21:41:04.561+0200] {logging_mixin.py:137} INFO - [2023-03-26T21:41:04.561+0200] {dag.py:2693} INFO - Sync 1 DAGs
[2023-03-26T21:41:04.577+0200] {logging_mixin.py:137} INFO - [2023-03-26T21:41:04.577+0200] {dag.py:3440} INFO - Setting next_dagrun for example_params_ui_tutorial to None, run_after=None
[2023-03-26T21:41:04.641+0200] {processor.py:175} INFO - Processing /home/humbulani/miniconda3/envs/apache-airflow/lib/python3.8/site-packages/airflow/example_dags/example_params_ui_tutorial.py took 0.186 seconds
[2023-03-26T21:47:48.137+0200] {processor.py:153} INFO - Started process (PID=16825) to work on /home/humbulani/miniconda3/envs/apache-airflow/lib/python3.8/site-packages/airflow/example_dags/example_params_ui_tutorial.py
[2023-03-26T21:47:48.171+0200] {processor.py:743} INFO - Processing file /home/humbulani/miniconda3/envs/apache-airflow/lib/python3.8/site-packages/airflow/example_dags/example_params_ui_tutorial.py for tasks to queue
[2023-03-26T21:47:48.172+0200] {logging_mixin.py:137} INFO - [2023-03-26T21:47:48.172+0200] {dagbag.py:532} INFO - Filling up the DagBag from /home/humbulani/miniconda3/envs/apache-airflow/lib/python3.8/site-packages/airflow/example_dags/example_params_ui_tutorial.py
[2023-03-26T21:47:48.251+0200] {processor.py:753} INFO - DAG(s) dict_keys(['example_params_ui_tutorial']) retrieved from /home/humbulani/miniconda3/envs/apache-airflow/lib/python3.8/site-packages/airflow/example_dags/example_params_ui_tutorial.py
[2023-03-26T21:47:48.332+0200] {logging_mixin.py:137} INFO - [2023-03-26T21:47:48.332+0200] {dag.py:2693} INFO - Sync 1 DAGs
[2023-03-26T21:47:48.354+0200] {logging_mixin.py:137} INFO - [2023-03-26T21:47:48.354+0200] {dag.py:3440} INFO - Setting next_dagrun for example_params_ui_tutorial to None, run_after=None
[2023-03-26T21:47:48.424+0200] {processor.py:175} INFO - Processing /home/humbulani/miniconda3/envs/apache-airflow/lib/python3.8/site-packages/airflow/example_dags/example_params_ui_tutorial.py took 0.289 seconds
[2023-03-26T21:48:34.561+0200] {processor.py:153} INFO - Started process (PID=16909) to work on /home/humbulani/miniconda3/envs/apache-airflow/lib/python3.8/site-packages/airflow/example_dags/example_params_ui_tutorial.py
[2023-03-26T21:48:34.565+0200] {processor.py:743} INFO - Processing file /home/humbulani/miniconda3/envs/apache-airflow/lib/python3.8/site-packages/airflow/example_dags/example_params_ui_tutorial.py for tasks to queue
[2023-03-26T21:48:34.566+0200] {logging_mixin.py:137} INFO - [2023-03-26T21:48:34.566+0200] {dagbag.py:532} INFO - Filling up the DagBag from /home/humbulani/miniconda3/envs/apache-airflow/lib/python3.8/site-packages/airflow/example_dags/example_params_ui_tutorial.py
[2023-03-26T21:48:34.615+0200] {processor.py:753} INFO - DAG(s) dict_keys(['example_params_ui_tutorial']) retrieved from /home/humbulani/miniconda3/envs/apache-airflow/lib/python3.8/site-packages/airflow/example_dags/example_params_ui_tutorial.py
[2023-03-26T21:48:34.673+0200] {logging_mixin.py:137} INFO - [2023-03-26T21:48:34.673+0200] {dag.py:2693} INFO - Sync 1 DAGs
[2023-03-26T21:48:34.691+0200] {logging_mixin.py:137} INFO - [2023-03-26T21:48:34.691+0200] {dag.py:3440} INFO - Setting next_dagrun for example_params_ui_tutorial to None, run_after=None
[2023-03-26T21:48:34.759+0200] {processor.py:175} INFO - Processing /home/humbulani/miniconda3/envs/apache-airflow/lib/python3.8/site-packages/airflow/example_dags/example_params_ui_tutorial.py took 0.201 seconds
[2023-03-26T21:49:26.821+0200] {processor.py:153} INFO - Started process (PID=16951) to work on /home/humbulani/miniconda3/envs/apache-airflow/lib/python3.8/site-packages/airflow/example_dags/example_params_ui_tutorial.py
[2023-03-26T21:49:26.835+0200] {processor.py:743} INFO - Processing file /home/humbulani/miniconda3/envs/apache-airflow/lib/python3.8/site-packages/airflow/example_dags/example_params_ui_tutorial.py for tasks to queue
[2023-03-26T21:49:26.836+0200] {logging_mixin.py:137} INFO - [2023-03-26T21:49:26.836+0200] {dagbag.py:532} INFO - Filling up the DagBag from /home/humbulani/miniconda3/envs/apache-airflow/lib/python3.8/site-packages/airflow/example_dags/example_params_ui_tutorial.py
[2023-03-26T21:49:26.881+0200] {processor.py:753} INFO - DAG(s) dict_keys(['example_params_ui_tutorial']) retrieved from /home/humbulani/miniconda3/envs/apache-airflow/lib/python3.8/site-packages/airflow/example_dags/example_params_ui_tutorial.py
[2023-03-26T21:49:26.934+0200] {logging_mixin.py:137} INFO - [2023-03-26T21:49:26.934+0200] {dag.py:2693} INFO - Sync 1 DAGs
[2023-03-26T21:49:26.951+0200] {logging_mixin.py:137} INFO - [2023-03-26T21:49:26.951+0200] {dag.py:3440} INFO - Setting next_dagrun for example_params_ui_tutorial to None, run_after=None
[2023-03-26T21:49:27.037+0200] {processor.py:175} INFO - Processing /home/humbulani/miniconda3/envs/apache-airflow/lib/python3.8/site-packages/airflow/example_dags/example_params_ui_tutorial.py took 0.218 seconds
[2023-03-26T21:50:10.783+0200] {processor.py:153} INFO - Started process (PID=16995) to work on /home/humbulani/miniconda3/envs/apache-airflow/lib/python3.8/site-packages/airflow/example_dags/example_params_ui_tutorial.py
[2023-03-26T21:50:10.784+0200] {processor.py:743} INFO - Processing file /home/humbulani/miniconda3/envs/apache-airflow/lib/python3.8/site-packages/airflow/example_dags/example_params_ui_tutorial.py for tasks to queue
[2023-03-26T21:50:10.784+0200] {logging_mixin.py:137} INFO - [2023-03-26T21:50:10.784+0200] {dagbag.py:532} INFO - Filling up the DagBag from /home/humbulani/miniconda3/envs/apache-airflow/lib/python3.8/site-packages/airflow/example_dags/example_params_ui_tutorial.py
[2023-03-26T21:50:10.831+0200] {processor.py:753} INFO - DAG(s) dict_keys(['example_params_ui_tutorial']) retrieved from /home/humbulani/miniconda3/envs/apache-airflow/lib/python3.8/site-packages/airflow/example_dags/example_params_ui_tutorial.py
[2023-03-26T21:50:10.884+0200] {logging_mixin.py:137} INFO - [2023-03-26T21:50:10.884+0200] {dag.py:2693} INFO - Sync 1 DAGs
[2023-03-26T21:50:10.901+0200] {logging_mixin.py:137} INFO - [2023-03-26T21:50:10.901+0200] {dag.py:3440} INFO - Setting next_dagrun for example_params_ui_tutorial to None, run_after=None
[2023-03-26T21:50:10.965+0200] {processor.py:175} INFO - Processing /home/humbulani/miniconda3/envs/apache-airflow/lib/python3.8/site-packages/airflow/example_dags/example_params_ui_tutorial.py took 0.184 seconds
[2023-03-26T21:50:56.227+0200] {processor.py:153} INFO - Started process (PID=17068) to work on /home/humbulani/miniconda3/envs/apache-airflow/lib/python3.8/site-packages/airflow/example_dags/example_params_ui_tutorial.py
[2023-03-26T21:50:56.262+0200] {processor.py:743} INFO - Processing file /home/humbulani/miniconda3/envs/apache-airflow/lib/python3.8/site-packages/airflow/example_dags/example_params_ui_tutorial.py for tasks to queue
[2023-03-26T21:50:56.262+0200] {logging_mixin.py:137} INFO - [2023-03-26T21:50:56.262+0200] {dagbag.py:532} INFO - Filling up the DagBag from /home/humbulani/miniconda3/envs/apache-airflow/lib/python3.8/site-packages/airflow/example_dags/example_params_ui_tutorial.py
[2023-03-26T21:50:56.309+0200] {processor.py:753} INFO - DAG(s) dict_keys(['example_params_ui_tutorial']) retrieved from /home/humbulani/miniconda3/envs/apache-airflow/lib/python3.8/site-packages/airflow/example_dags/example_params_ui_tutorial.py
[2023-03-26T21:50:56.361+0200] {logging_mixin.py:137} INFO - [2023-03-26T21:50:56.361+0200] {dag.py:2693} INFO - Sync 1 DAGs
[2023-03-26T21:50:56.379+0200] {logging_mixin.py:137} INFO - [2023-03-26T21:50:56.379+0200] {dag.py:3440} INFO - Setting next_dagrun for example_params_ui_tutorial to None, run_after=None
[2023-03-26T21:50:56.526+0200] {processor.py:175} INFO - Processing /home/humbulani/miniconda3/envs/apache-airflow/lib/python3.8/site-packages/airflow/example_dags/example_params_ui_tutorial.py took 0.302 seconds
[2023-03-26T21:51:41.453+0200] {processor.py:153} INFO - Started process (PID=17155) to work on /home/humbulani/miniconda3/envs/apache-airflow/lib/python3.8/site-packages/airflow/example_dags/example_params_ui_tutorial.py
[2023-03-26T21:51:41.465+0200] {processor.py:743} INFO - Processing file /home/humbulani/miniconda3/envs/apache-airflow/lib/python3.8/site-packages/airflow/example_dags/example_params_ui_tutorial.py for tasks to queue
[2023-03-26T21:51:41.465+0200] {logging_mixin.py:137} INFO - [2023-03-26T21:51:41.465+0200] {dagbag.py:532} INFO - Filling up the DagBag from /home/humbulani/miniconda3/envs/apache-airflow/lib/python3.8/site-packages/airflow/example_dags/example_params_ui_tutorial.py
[2023-03-26T21:51:41.512+0200] {processor.py:753} INFO - DAG(s) dict_keys(['example_params_ui_tutorial']) retrieved from /home/humbulani/miniconda3/envs/apache-airflow/lib/python3.8/site-packages/airflow/example_dags/example_params_ui_tutorial.py
[2023-03-26T21:51:41.562+0200] {logging_mixin.py:137} INFO - [2023-03-26T21:51:41.562+0200] {dag.py:2693} INFO - Sync 1 DAGs
[2023-03-26T21:51:41.659+0200] {logging_mixin.py:137} INFO - [2023-03-26T21:51:41.658+0200] {dag.py:3440} INFO - Setting next_dagrun for example_params_ui_tutorial to None, run_after=None
[2023-03-26T21:51:41.728+0200] {processor.py:175} INFO - Processing /home/humbulani/miniconda3/envs/apache-airflow/lib/python3.8/site-packages/airflow/example_dags/example_params_ui_tutorial.py took 0.277 seconds
[2023-03-26T21:52:29.004+0200] {processor.py:153} INFO - Started process (PID=17198) to work on /home/humbulani/miniconda3/envs/apache-airflow/lib/python3.8/site-packages/airflow/example_dags/example_params_ui_tutorial.py
[2023-03-26T21:52:29.009+0200] {processor.py:743} INFO - Processing file /home/humbulani/miniconda3/envs/apache-airflow/lib/python3.8/site-packages/airflow/example_dags/example_params_ui_tutorial.py for tasks to queue
[2023-03-26T21:52:29.010+0200] {logging_mixin.py:137} INFO - [2023-03-26T21:52:29.010+0200] {dagbag.py:532} INFO - Filling up the DagBag from /home/humbulani/miniconda3/envs/apache-airflow/lib/python3.8/site-packages/airflow/example_dags/example_params_ui_tutorial.py
[2023-03-26T21:52:29.055+0200] {processor.py:753} INFO - DAG(s) dict_keys(['example_params_ui_tutorial']) retrieved from /home/humbulani/miniconda3/envs/apache-airflow/lib/python3.8/site-packages/airflow/example_dags/example_params_ui_tutorial.py
[2023-03-26T21:52:29.109+0200] {logging_mixin.py:137} INFO - [2023-03-26T21:52:29.109+0200] {dag.py:2693} INFO - Sync 1 DAGs
[2023-03-26T21:52:29.220+0200] {logging_mixin.py:137} INFO - [2023-03-26T21:52:29.220+0200] {dag.py:3440} INFO - Setting next_dagrun for example_params_ui_tutorial to None, run_after=None
[2023-03-26T21:52:29.282+0200] {processor.py:175} INFO - Processing /home/humbulani/miniconda3/envs/apache-airflow/lib/python3.8/site-packages/airflow/example_dags/example_params_ui_tutorial.py took 0.281 seconds
[2023-03-26T21:53:18.379+0200] {processor.py:153} INFO - Started process (PID=17247) to work on /home/humbulani/miniconda3/envs/apache-airflow/lib/python3.8/site-packages/airflow/example_dags/example_params_ui_tutorial.py
[2023-03-26T21:53:18.462+0200] {processor.py:743} INFO - Processing file /home/humbulani/miniconda3/envs/apache-airflow/lib/python3.8/site-packages/airflow/example_dags/example_params_ui_tutorial.py for tasks to queue
[2023-03-26T21:53:18.463+0200] {logging_mixin.py:137} INFO - [2023-03-26T21:53:18.463+0200] {dagbag.py:532} INFO - Filling up the DagBag from /home/humbulani/miniconda3/envs/apache-airflow/lib/python3.8/site-packages/airflow/example_dags/example_params_ui_tutorial.py
[2023-03-26T21:53:18.522+0200] {processor.py:753} INFO - DAG(s) dict_keys(['example_params_ui_tutorial']) retrieved from /home/humbulani/miniconda3/envs/apache-airflow/lib/python3.8/site-packages/airflow/example_dags/example_params_ui_tutorial.py
[2023-03-26T21:53:18.658+0200] {logging_mixin.py:137} INFO - [2023-03-26T21:53:18.658+0200] {dag.py:2693} INFO - Sync 1 DAGs
[2023-03-26T21:53:18.674+0200] {logging_mixin.py:137} INFO - [2023-03-26T21:53:18.674+0200] {dag.py:3440} INFO - Setting next_dagrun for example_params_ui_tutorial to None, run_after=None
[2023-03-26T21:53:18.742+0200] {processor.py:175} INFO - Processing /home/humbulani/miniconda3/envs/apache-airflow/lib/python3.8/site-packages/airflow/example_dags/example_params_ui_tutorial.py took 0.366 seconds
[2023-03-26T21:54:08.284+0200] {processor.py:153} INFO - Started process (PID=17297) to work on /home/humbulani/miniconda3/envs/apache-airflow/lib/python3.8/site-packages/airflow/example_dags/example_params_ui_tutorial.py
[2023-03-26T21:54:08.285+0200] {processor.py:743} INFO - Processing file /home/humbulani/miniconda3/envs/apache-airflow/lib/python3.8/site-packages/airflow/example_dags/example_params_ui_tutorial.py for tasks to queue
[2023-03-26T21:54:08.286+0200] {logging_mixin.py:137} INFO - [2023-03-26T21:54:08.286+0200] {dagbag.py:532} INFO - Filling up the DagBag from /home/humbulani/miniconda3/envs/apache-airflow/lib/python3.8/site-packages/airflow/example_dags/example_params_ui_tutorial.py
[2023-03-26T21:54:08.412+0200] {processor.py:753} INFO - DAG(s) dict_keys(['example_params_ui_tutorial']) retrieved from /home/humbulani/miniconda3/envs/apache-airflow/lib/python3.8/site-packages/airflow/example_dags/example_params_ui_tutorial.py
[2023-03-26T21:54:08.463+0200] {logging_mixin.py:137} INFO - [2023-03-26T21:54:08.463+0200] {dag.py:2693} INFO - Sync 1 DAGs
[2023-03-26T21:54:08.480+0200] {logging_mixin.py:137} INFO - [2023-03-26T21:54:08.480+0200] {dag.py:3440} INFO - Setting next_dagrun for example_params_ui_tutorial to None, run_after=None
[2023-03-26T21:54:08.555+0200] {processor.py:175} INFO - Processing /home/humbulani/miniconda3/envs/apache-airflow/lib/python3.8/site-packages/airflow/example_dags/example_params_ui_tutorial.py took 0.274 seconds
[2023-03-26T21:54:56.585+0200] {processor.py:153} INFO - Started process (PID=17344) to work on /home/humbulani/miniconda3/envs/apache-airflow/lib/python3.8/site-packages/airflow/example_dags/example_params_ui_tutorial.py
[2023-03-26T21:54:56.600+0200] {processor.py:743} INFO - Processing file /home/humbulani/miniconda3/envs/apache-airflow/lib/python3.8/site-packages/airflow/example_dags/example_params_ui_tutorial.py for tasks to queue
[2023-03-26T21:54:56.601+0200] {logging_mixin.py:137} INFO - [2023-03-26T21:54:56.601+0200] {dagbag.py:532} INFO - Filling up the DagBag from /home/humbulani/miniconda3/envs/apache-airflow/lib/python3.8/site-packages/airflow/example_dags/example_params_ui_tutorial.py
[2023-03-26T21:54:56.729+0200] {processor.py:753} INFO - DAG(s) dict_keys(['example_params_ui_tutorial']) retrieved from /home/humbulani/miniconda3/envs/apache-airflow/lib/python3.8/site-packages/airflow/example_dags/example_params_ui_tutorial.py
[2023-03-26T21:54:56.778+0200] {logging_mixin.py:137} INFO - [2023-03-26T21:54:56.778+0200] {dag.py:2693} INFO - Sync 1 DAGs
[2023-03-26T21:54:56.795+0200] {logging_mixin.py:137} INFO - [2023-03-26T21:54:56.795+0200] {dag.py:3440} INFO - Setting next_dagrun for example_params_ui_tutorial to None, run_after=None
[2023-03-26T21:54:56.865+0200] {processor.py:175} INFO - Processing /home/humbulani/miniconda3/envs/apache-airflow/lib/python3.8/site-packages/airflow/example_dags/example_params_ui_tutorial.py took 0.282 seconds
[2023-03-26T21:55:46.641+0200] {processor.py:153} INFO - Started process (PID=17386) to work on /home/humbulani/miniconda3/envs/apache-airflow/lib/python3.8/site-packages/airflow/example_dags/example_params_ui_tutorial.py
[2023-03-26T21:55:46.642+0200] {processor.py:743} INFO - Processing file /home/humbulani/miniconda3/envs/apache-airflow/lib/python3.8/site-packages/airflow/example_dags/example_params_ui_tutorial.py for tasks to queue
[2023-03-26T21:55:46.642+0200] {logging_mixin.py:137} INFO - [2023-03-26T21:55:46.642+0200] {dagbag.py:532} INFO - Filling up the DagBag from /home/humbulani/miniconda3/envs/apache-airflow/lib/python3.8/site-packages/airflow/example_dags/example_params_ui_tutorial.py
[2023-03-26T21:55:46.766+0200] {processor.py:753} INFO - DAG(s) dict_keys(['example_params_ui_tutorial']) retrieved from /home/humbulani/miniconda3/envs/apache-airflow/lib/python3.8/site-packages/airflow/example_dags/example_params_ui_tutorial.py
[2023-03-26T21:55:46.815+0200] {logging_mixin.py:137} INFO - [2023-03-26T21:55:46.815+0200] {dag.py:2693} INFO - Sync 1 DAGs
[2023-03-26T21:55:46.831+0200] {logging_mixin.py:137} INFO - [2023-03-26T21:55:46.831+0200] {dag.py:3440} INFO - Setting next_dagrun for example_params_ui_tutorial to None, run_after=None
[2023-03-26T21:55:46.927+0200] {processor.py:175} INFO - Processing /home/humbulani/miniconda3/envs/apache-airflow/lib/python3.8/site-packages/airflow/example_dags/example_params_ui_tutorial.py took 0.288 seconds
[2023-03-26T21:56:34.664+0200] {processor.py:153} INFO - Started process (PID=17488) to work on /home/humbulani/miniconda3/envs/apache-airflow/lib/python3.8/site-packages/airflow/example_dags/example_params_ui_tutorial.py
[2023-03-26T21:56:34.672+0200] {processor.py:743} INFO - Processing file /home/humbulani/miniconda3/envs/apache-airflow/lib/python3.8/site-packages/airflow/example_dags/example_params_ui_tutorial.py for tasks to queue
[2023-03-26T21:56:34.673+0200] {logging_mixin.py:137} INFO - [2023-03-26T21:56:34.673+0200] {dagbag.py:532} INFO - Filling up the DagBag from /home/humbulani/miniconda3/envs/apache-airflow/lib/python3.8/site-packages/airflow/example_dags/example_params_ui_tutorial.py
[2023-03-26T21:56:34.722+0200] {processor.py:753} INFO - DAG(s) dict_keys(['example_params_ui_tutorial']) retrieved from /home/humbulani/miniconda3/envs/apache-airflow/lib/python3.8/site-packages/airflow/example_dags/example_params_ui_tutorial.py
[2023-03-26T21:56:34.775+0200] {logging_mixin.py:137} INFO - [2023-03-26T21:56:34.774+0200] {dag.py:2693} INFO - Sync 1 DAGs
[2023-03-26T21:56:34.791+0200] {logging_mixin.py:137} INFO - [2023-03-26T21:56:34.791+0200] {dag.py:3440} INFO - Setting next_dagrun for example_params_ui_tutorial to None, run_after=None
[2023-03-26T21:56:34.864+0200] {processor.py:175} INFO - Processing /home/humbulani/miniconda3/envs/apache-airflow/lib/python3.8/site-packages/airflow/example_dags/example_params_ui_tutorial.py took 0.203 seconds
[2023-03-26T21:57:17.953+0200] {processor.py:153} INFO - Started process (PID=17581) to work on /home/humbulani/miniconda3/envs/apache-airflow/lib/python3.8/site-packages/airflow/example_dags/example_params_ui_tutorial.py
[2023-03-26T21:57:17.959+0200] {processor.py:743} INFO - Processing file /home/humbulani/miniconda3/envs/apache-airflow/lib/python3.8/site-packages/airflow/example_dags/example_params_ui_tutorial.py for tasks to queue
[2023-03-26T21:57:17.959+0200] {logging_mixin.py:137} INFO - [2023-03-26T21:57:17.959+0200] {dagbag.py:532} INFO - Filling up the DagBag from /home/humbulani/miniconda3/envs/apache-airflow/lib/python3.8/site-packages/airflow/example_dags/example_params_ui_tutorial.py
[2023-03-26T21:57:18.007+0200] {processor.py:753} INFO - DAG(s) dict_keys(['example_params_ui_tutorial']) retrieved from /home/humbulani/miniconda3/envs/apache-airflow/lib/python3.8/site-packages/airflow/example_dags/example_params_ui_tutorial.py
[2023-03-26T21:57:18.058+0200] {logging_mixin.py:137} INFO - [2023-03-26T21:57:18.058+0200] {dag.py:2693} INFO - Sync 1 DAGs
[2023-03-26T21:57:18.075+0200] {logging_mixin.py:137} INFO - [2023-03-26T21:57:18.075+0200] {dag.py:3440} INFO - Setting next_dagrun for example_params_ui_tutorial to None, run_after=None
[2023-03-26T21:57:18.150+0200] {processor.py:175} INFO - Processing /home/humbulani/miniconda3/envs/apache-airflow/lib/python3.8/site-packages/airflow/example_dags/example_params_ui_tutorial.py took 0.200 seconds
[2023-03-26T21:58:03.315+0200] {processor.py:153} INFO - Started process (PID=17781) to work on /home/humbulani/miniconda3/envs/apache-airflow/lib/python3.8/site-packages/airflow/example_dags/example_params_ui_tutorial.py
[2023-03-26T21:58:03.320+0200] {processor.py:743} INFO - Processing file /home/humbulani/miniconda3/envs/apache-airflow/lib/python3.8/site-packages/airflow/example_dags/example_params_ui_tutorial.py for tasks to queue
[2023-03-26T21:58:03.321+0200] {logging_mixin.py:137} INFO - [2023-03-26T21:58:03.321+0200] {dagbag.py:532} INFO - Filling up the DagBag from /home/humbulani/miniconda3/envs/apache-airflow/lib/python3.8/site-packages/airflow/example_dags/example_params_ui_tutorial.py
[2023-03-26T21:58:03.378+0200] {processor.py:753} INFO - DAG(s) dict_keys(['example_params_ui_tutorial']) retrieved from /home/humbulani/miniconda3/envs/apache-airflow/lib/python3.8/site-packages/airflow/example_dags/example_params_ui_tutorial.py
[2023-03-26T21:58:03.435+0200] {logging_mixin.py:137} INFO - [2023-03-26T21:58:03.435+0200] {dag.py:2693} INFO - Sync 1 DAGs
[2023-03-26T21:58:03.454+0200] {logging_mixin.py:137} INFO - [2023-03-26T21:58:03.454+0200] {dag.py:3440} INFO - Setting next_dagrun for example_params_ui_tutorial to None, run_after=None
[2023-03-26T21:58:03.538+0200] {processor.py:175} INFO - Processing /home/humbulani/miniconda3/envs/apache-airflow/lib/python3.8/site-packages/airflow/example_dags/example_params_ui_tutorial.py took 0.226 seconds
[2023-03-26T21:58:50.795+0200] {processor.py:153} INFO - Started process (PID=17899) to work on /home/humbulani/miniconda3/envs/apache-airflow/lib/python3.8/site-packages/airflow/example_dags/example_params_ui_tutorial.py
[2023-03-26T21:58:50.808+0200] {processor.py:743} INFO - Processing file /home/humbulani/miniconda3/envs/apache-airflow/lib/python3.8/site-packages/airflow/example_dags/example_params_ui_tutorial.py for tasks to queue
[2023-03-26T21:58:50.808+0200] {logging_mixin.py:137} INFO - [2023-03-26T21:58:50.808+0200] {dagbag.py:532} INFO - Filling up the DagBag from /home/humbulani/miniconda3/envs/apache-airflow/lib/python3.8/site-packages/airflow/example_dags/example_params_ui_tutorial.py
[2023-03-26T21:58:50.856+0200] {processor.py:753} INFO - DAG(s) dict_keys(['example_params_ui_tutorial']) retrieved from /home/humbulani/miniconda3/envs/apache-airflow/lib/python3.8/site-packages/airflow/example_dags/example_params_ui_tutorial.py
[2023-03-26T21:58:50.908+0200] {logging_mixin.py:137} INFO - [2023-03-26T21:58:50.908+0200] {dag.py:2693} INFO - Sync 1 DAGs
[2023-03-26T21:58:50.926+0200] {logging_mixin.py:137} INFO - [2023-03-26T21:58:50.925+0200] {dag.py:3440} INFO - Setting next_dagrun for example_params_ui_tutorial to None, run_after=None
[2023-03-26T21:58:50.990+0200] {processor.py:175} INFO - Processing /home/humbulani/miniconda3/envs/apache-airflow/lib/python3.8/site-packages/airflow/example_dags/example_params_ui_tutorial.py took 0.197 seconds
[2023-03-26T21:59:38.488+0200] {processor.py:153} INFO - Started process (PID=18105) to work on /home/humbulani/miniconda3/envs/apache-airflow/lib/python3.8/site-packages/airflow/example_dags/example_params_ui_tutorial.py
[2023-03-26T21:59:38.503+0200] {processor.py:743} INFO - Processing file /home/humbulani/miniconda3/envs/apache-airflow/lib/python3.8/site-packages/airflow/example_dags/example_params_ui_tutorial.py for tasks to queue
[2023-03-26T21:59:38.504+0200] {logging_mixin.py:137} INFO - [2023-03-26T21:59:38.504+0200] {dagbag.py:532} INFO - Filling up the DagBag from /home/humbulani/miniconda3/envs/apache-airflow/lib/python3.8/site-packages/airflow/example_dags/example_params_ui_tutorial.py
[2023-03-26T21:59:38.554+0200] {processor.py:753} INFO - DAG(s) dict_keys(['example_params_ui_tutorial']) retrieved from /home/humbulani/miniconda3/envs/apache-airflow/lib/python3.8/site-packages/airflow/example_dags/example_params_ui_tutorial.py
[2023-03-26T21:59:38.606+0200] {logging_mixin.py:137} INFO - [2023-03-26T21:59:38.606+0200] {dag.py:2693} INFO - Sync 1 DAGs
[2023-03-26T21:59:38.623+0200] {logging_mixin.py:137} INFO - [2023-03-26T21:59:38.622+0200] {dag.py:3440} INFO - Setting next_dagrun for example_params_ui_tutorial to None, run_after=None
[2023-03-26T21:59:38.702+0200] {processor.py:175} INFO - Processing /home/humbulani/miniconda3/envs/apache-airflow/lib/python3.8/site-packages/airflow/example_dags/example_params_ui_tutorial.py took 0.216 seconds
[2023-03-26T22:00:25.462+0200] {processor.py:153} INFO - Started process (PID=18167) to work on /home/humbulani/miniconda3/envs/apache-airflow/lib/python3.8/site-packages/airflow/example_dags/example_params_ui_tutorial.py
[2023-03-26T22:00:25.463+0200] {processor.py:743} INFO - Processing file /home/humbulani/miniconda3/envs/apache-airflow/lib/python3.8/site-packages/airflow/example_dags/example_params_ui_tutorial.py for tasks to queue
[2023-03-26T22:00:25.463+0200] {logging_mixin.py:137} INFO - [2023-03-26T22:00:25.463+0200] {dagbag.py:532} INFO - Filling up the DagBag from /home/humbulani/miniconda3/envs/apache-airflow/lib/python3.8/site-packages/airflow/example_dags/example_params_ui_tutorial.py
[2023-03-26T22:00:25.508+0200] {processor.py:753} INFO - DAG(s) dict_keys(['example_params_ui_tutorial']) retrieved from /home/humbulani/miniconda3/envs/apache-airflow/lib/python3.8/site-packages/airflow/example_dags/example_params_ui_tutorial.py
[2023-03-26T22:00:25.560+0200] {logging_mixin.py:137} INFO - [2023-03-26T22:00:25.560+0200] {dag.py:2693} INFO - Sync 1 DAGs
[2023-03-26T22:00:25.577+0200] {logging_mixin.py:137} INFO - [2023-03-26T22:00:25.577+0200] {dag.py:3440} INFO - Setting next_dagrun for example_params_ui_tutorial to None, run_after=None
[2023-03-26T22:00:25.697+0200] {processor.py:175} INFO - Processing /home/humbulani/miniconda3/envs/apache-airflow/lib/python3.8/site-packages/airflow/example_dags/example_params_ui_tutorial.py took 0.237 seconds
[2023-03-26T22:01:10.040+0200] {processor.py:153} INFO - Started process (PID=18252) to work on /home/humbulani/miniconda3/envs/apache-airflow/lib/python3.8/site-packages/airflow/example_dags/example_params_ui_tutorial.py
[2023-03-26T22:01:10.040+0200] {processor.py:743} INFO - Processing file /home/humbulani/miniconda3/envs/apache-airflow/lib/python3.8/site-packages/airflow/example_dags/example_params_ui_tutorial.py for tasks to queue
[2023-03-26T22:01:10.041+0200] {logging_mixin.py:137} INFO - [2023-03-26T22:01:10.041+0200] {dagbag.py:532} INFO - Filling up the DagBag from /home/humbulani/miniconda3/envs/apache-airflow/lib/python3.8/site-packages/airflow/example_dags/example_params_ui_tutorial.py
[2023-03-26T22:01:10.086+0200] {processor.py:753} INFO - DAG(s) dict_keys(['example_params_ui_tutorial']) retrieved from /home/humbulani/miniconda3/envs/apache-airflow/lib/python3.8/site-packages/airflow/example_dags/example_params_ui_tutorial.py
[2023-03-26T22:01:10.139+0200] {logging_mixin.py:137} INFO - [2023-03-26T22:01:10.139+0200] {dag.py:2693} INFO - Sync 1 DAGs
[2023-03-26T22:01:10.157+0200] {logging_mixin.py:137} INFO - [2023-03-26T22:01:10.157+0200] {dag.py:3440} INFO - Setting next_dagrun for example_params_ui_tutorial to None, run_after=None
[2023-03-26T22:01:10.233+0200] {processor.py:175} INFO - Processing /home/humbulani/miniconda3/envs/apache-airflow/lib/python3.8/site-packages/airflow/example_dags/example_params_ui_tutorial.py took 0.196 seconds
[2023-03-26T22:01:58.200+0200] {processor.py:153} INFO - Started process (PID=18507) to work on /home/humbulani/miniconda3/envs/apache-airflow/lib/python3.8/site-packages/airflow/example_dags/example_params_ui_tutorial.py
[2023-03-26T22:01:58.201+0200] {processor.py:743} INFO - Processing file /home/humbulani/miniconda3/envs/apache-airflow/lib/python3.8/site-packages/airflow/example_dags/example_params_ui_tutorial.py for tasks to queue
[2023-03-26T22:01:58.201+0200] {logging_mixin.py:137} INFO - [2023-03-26T22:01:58.201+0200] {dagbag.py:532} INFO - Filling up the DagBag from /home/humbulani/miniconda3/envs/apache-airflow/lib/python3.8/site-packages/airflow/example_dags/example_params_ui_tutorial.py
[2023-03-26T22:01:58.247+0200] {processor.py:753} INFO - DAG(s) dict_keys(['example_params_ui_tutorial']) retrieved from /home/humbulani/miniconda3/envs/apache-airflow/lib/python3.8/site-packages/airflow/example_dags/example_params_ui_tutorial.py
[2023-03-26T22:01:58.299+0200] {logging_mixin.py:137} INFO - [2023-03-26T22:01:58.298+0200] {dag.py:2693} INFO - Sync 1 DAGs
[2023-03-26T22:01:58.315+0200] {logging_mixin.py:137} INFO - [2023-03-26T22:01:58.315+0200] {dag.py:3440} INFO - Setting next_dagrun for example_params_ui_tutorial to None, run_after=None
[2023-03-26T22:01:58.395+0200] {processor.py:175} INFO - Processing /home/humbulani/miniconda3/envs/apache-airflow/lib/python3.8/site-packages/airflow/example_dags/example_params_ui_tutorial.py took 0.198 seconds
[2023-03-26T22:02:44.001+0200] {processor.py:153} INFO - Started process (PID=18564) to work on /home/humbulani/miniconda3/envs/apache-airflow/lib/python3.8/site-packages/airflow/example_dags/example_params_ui_tutorial.py
[2023-03-26T22:02:44.015+0200] {processor.py:743} INFO - Processing file /home/humbulani/miniconda3/envs/apache-airflow/lib/python3.8/site-packages/airflow/example_dags/example_params_ui_tutorial.py for tasks to queue
[2023-03-26T22:02:44.015+0200] {logging_mixin.py:137} INFO - [2023-03-26T22:02:44.015+0200] {dagbag.py:532} INFO - Filling up the DagBag from /home/humbulani/miniconda3/envs/apache-airflow/lib/python3.8/site-packages/airflow/example_dags/example_params_ui_tutorial.py
[2023-03-26T22:02:44.061+0200] {processor.py:753} INFO - DAG(s) dict_keys(['example_params_ui_tutorial']) retrieved from /home/humbulani/miniconda3/envs/apache-airflow/lib/python3.8/site-packages/airflow/example_dags/example_params_ui_tutorial.py
[2023-03-26T22:02:44.113+0200] {logging_mixin.py:137} INFO - [2023-03-26T22:02:44.113+0200] {dag.py:2693} INFO - Sync 1 DAGs
[2023-03-26T22:02:44.130+0200] {logging_mixin.py:137} INFO - [2023-03-26T22:02:44.130+0200] {dag.py:3440} INFO - Setting next_dagrun for example_params_ui_tutorial to None, run_after=None
[2023-03-26T22:02:44.190+0200] {processor.py:175} INFO - Processing /home/humbulani/miniconda3/envs/apache-airflow/lib/python3.8/site-packages/airflow/example_dags/example_params_ui_tutorial.py took 0.191 seconds
[2023-03-26T22:03:30.402+0200] {processor.py:153} INFO - Started process (PID=18618) to work on /home/humbulani/miniconda3/envs/apache-airflow/lib/python3.8/site-packages/airflow/example_dags/example_params_ui_tutorial.py
[2023-03-26T22:03:30.410+0200] {processor.py:743} INFO - Processing file /home/humbulani/miniconda3/envs/apache-airflow/lib/python3.8/site-packages/airflow/example_dags/example_params_ui_tutorial.py for tasks to queue
[2023-03-26T22:03:30.411+0200] {logging_mixin.py:137} INFO - [2023-03-26T22:03:30.410+0200] {dagbag.py:532} INFO - Filling up the DagBag from /home/humbulani/miniconda3/envs/apache-airflow/lib/python3.8/site-packages/airflow/example_dags/example_params_ui_tutorial.py
[2023-03-26T22:03:30.455+0200] {processor.py:753} INFO - DAG(s) dict_keys(['example_params_ui_tutorial']) retrieved from /home/humbulani/miniconda3/envs/apache-airflow/lib/python3.8/site-packages/airflow/example_dags/example_params_ui_tutorial.py
[2023-03-26T22:03:30.506+0200] {logging_mixin.py:137} INFO - [2023-03-26T22:03:30.506+0200] {dag.py:2693} INFO - Sync 1 DAGs
[2023-03-26T22:03:30.524+0200] {logging_mixin.py:137} INFO - [2023-03-26T22:03:30.524+0200] {dag.py:3440} INFO - Setting next_dagrun for example_params_ui_tutorial to None, run_after=None
[2023-03-26T22:03:30.594+0200] {processor.py:175} INFO - Processing /home/humbulani/miniconda3/envs/apache-airflow/lib/python3.8/site-packages/airflow/example_dags/example_params_ui_tutorial.py took 0.195 seconds
[2023-03-26T22:04:15.942+0200] {processor.py:153} INFO - Started process (PID=18678) to work on /home/humbulani/miniconda3/envs/apache-airflow/lib/python3.8/site-packages/airflow/example_dags/example_params_ui_tutorial.py
[2023-03-26T22:04:15.943+0200] {processor.py:743} INFO - Processing file /home/humbulani/miniconda3/envs/apache-airflow/lib/python3.8/site-packages/airflow/example_dags/example_params_ui_tutorial.py for tasks to queue
[2023-03-26T22:04:15.943+0200] {logging_mixin.py:137} INFO - [2023-03-26T22:04:15.943+0200] {dagbag.py:532} INFO - Filling up the DagBag from /home/humbulani/miniconda3/envs/apache-airflow/lib/python3.8/site-packages/airflow/example_dags/example_params_ui_tutorial.py
[2023-03-26T22:04:15.996+0200] {processor.py:753} INFO - DAG(s) dict_keys(['example_params_ui_tutorial']) retrieved from /home/humbulani/miniconda3/envs/apache-airflow/lib/python3.8/site-packages/airflow/example_dags/example_params_ui_tutorial.py
[2023-03-26T22:04:16.054+0200] {logging_mixin.py:137} INFO - [2023-03-26T22:04:16.054+0200] {dag.py:2693} INFO - Sync 1 DAGs
[2023-03-26T22:04:16.072+0200] {logging_mixin.py:137} INFO - [2023-03-26T22:04:16.072+0200] {dag.py:3440} INFO - Setting next_dagrun for example_params_ui_tutorial to None, run_after=None
[2023-03-26T22:04:16.138+0200] {processor.py:175} INFO - Processing /home/humbulani/miniconda3/envs/apache-airflow/lib/python3.8/site-packages/airflow/example_dags/example_params_ui_tutorial.py took 0.200 seconds
[2023-03-26T22:05:01.404+0200] {processor.py:153} INFO - Started process (PID=18736) to work on /home/humbulani/miniconda3/envs/apache-airflow/lib/python3.8/site-packages/airflow/example_dags/example_params_ui_tutorial.py
[2023-03-26T22:05:01.418+0200] {processor.py:743} INFO - Processing file /home/humbulani/miniconda3/envs/apache-airflow/lib/python3.8/site-packages/airflow/example_dags/example_params_ui_tutorial.py for tasks to queue
[2023-03-26T22:05:01.418+0200] {logging_mixin.py:137} INFO - [2023-03-26T22:05:01.418+0200] {dagbag.py:532} INFO - Filling up the DagBag from /home/humbulani/miniconda3/envs/apache-airflow/lib/python3.8/site-packages/airflow/example_dags/example_params_ui_tutorial.py
[2023-03-26T22:05:01.465+0200] {processor.py:753} INFO - DAG(s) dict_keys(['example_params_ui_tutorial']) retrieved from /home/humbulani/miniconda3/envs/apache-airflow/lib/python3.8/site-packages/airflow/example_dags/example_params_ui_tutorial.py
[2023-03-26T22:05:01.520+0200] {logging_mixin.py:137} INFO - [2023-03-26T22:05:01.520+0200] {dag.py:2693} INFO - Sync 1 DAGs
[2023-03-26T22:05:01.537+0200] {logging_mixin.py:137} INFO - [2023-03-26T22:05:01.537+0200] {dag.py:3440} INFO - Setting next_dagrun for example_params_ui_tutorial to None, run_after=None
[2023-03-26T22:05:01.600+0200] {processor.py:175} INFO - Processing /home/humbulani/miniconda3/envs/apache-airflow/lib/python3.8/site-packages/airflow/example_dags/example_params_ui_tutorial.py took 0.198 seconds
[2023-03-26T22:05:44.986+0200] {processor.py:153} INFO - Started process (PID=18787) to work on /home/humbulani/miniconda3/envs/apache-airflow/lib/python3.8/site-packages/airflow/example_dags/example_params_ui_tutorial.py
[2023-03-26T22:05:44.996+0200] {processor.py:743} INFO - Processing file /home/humbulani/miniconda3/envs/apache-airflow/lib/python3.8/site-packages/airflow/example_dags/example_params_ui_tutorial.py for tasks to queue
[2023-03-26T22:05:44.997+0200] {logging_mixin.py:137} INFO - [2023-03-26T22:05:44.997+0200] {dagbag.py:532} INFO - Filling up the DagBag from /home/humbulani/miniconda3/envs/apache-airflow/lib/python3.8/site-packages/airflow/example_dags/example_params_ui_tutorial.py
[2023-03-26T22:05:45.049+0200] {processor.py:753} INFO - DAG(s) dict_keys(['example_params_ui_tutorial']) retrieved from /home/humbulani/miniconda3/envs/apache-airflow/lib/python3.8/site-packages/airflow/example_dags/example_params_ui_tutorial.py
[2023-03-26T22:05:45.102+0200] {logging_mixin.py:137} INFO - [2023-03-26T22:05:45.102+0200] {dag.py:2693} INFO - Sync 1 DAGs
[2023-03-26T22:05:45.119+0200] {logging_mixin.py:137} INFO - [2023-03-26T22:05:45.119+0200] {dag.py:3440} INFO - Setting next_dagrun for example_params_ui_tutorial to None, run_after=None
[2023-03-26T22:05:45.197+0200] {processor.py:175} INFO - Processing /home/humbulani/miniconda3/envs/apache-airflow/lib/python3.8/site-packages/airflow/example_dags/example_params_ui_tutorial.py took 0.212 seconds
[2023-03-26T22:06:30.671+0200] {processor.py:153} INFO - Started process (PID=18833) to work on /home/humbulani/miniconda3/envs/apache-airflow/lib/python3.8/site-packages/airflow/example_dags/example_params_ui_tutorial.py
[2023-03-26T22:06:30.685+0200] {processor.py:743} INFO - Processing file /home/humbulani/miniconda3/envs/apache-airflow/lib/python3.8/site-packages/airflow/example_dags/example_params_ui_tutorial.py for tasks to queue
[2023-03-26T22:06:30.685+0200] {logging_mixin.py:137} INFO - [2023-03-26T22:06:30.685+0200] {dagbag.py:532} INFO - Filling up the DagBag from /home/humbulani/miniconda3/envs/apache-airflow/lib/python3.8/site-packages/airflow/example_dags/example_params_ui_tutorial.py
[2023-03-26T22:06:30.731+0200] {processor.py:753} INFO - DAG(s) dict_keys(['example_params_ui_tutorial']) retrieved from /home/humbulani/miniconda3/envs/apache-airflow/lib/python3.8/site-packages/airflow/example_dags/example_params_ui_tutorial.py
[2023-03-26T22:06:30.783+0200] {logging_mixin.py:137} INFO - [2023-03-26T22:06:30.783+0200] {dag.py:2693} INFO - Sync 1 DAGs
[2023-03-26T22:06:30.802+0200] {logging_mixin.py:137} INFO - [2023-03-26T22:06:30.802+0200] {dag.py:3440} INFO - Setting next_dagrun for example_params_ui_tutorial to None, run_after=None
[2023-03-26T22:06:30.875+0200] {processor.py:175} INFO - Processing /home/humbulani/miniconda3/envs/apache-airflow/lib/python3.8/site-packages/airflow/example_dags/example_params_ui_tutorial.py took 0.207 seconds
[2023-03-26T22:07:18.473+0200] {processor.py:153} INFO - Started process (PID=18979) to work on /home/humbulani/miniconda3/envs/apache-airflow/lib/python3.8/site-packages/airflow/example_dags/example_params_ui_tutorial.py
[2023-03-26T22:07:18.525+0200] {processor.py:743} INFO - Processing file /home/humbulani/miniconda3/envs/apache-airflow/lib/python3.8/site-packages/airflow/example_dags/example_params_ui_tutorial.py for tasks to queue
[2023-03-26T22:07:18.526+0200] {logging_mixin.py:137} INFO - [2023-03-26T22:07:18.526+0200] {dagbag.py:532} INFO - Filling up the DagBag from /home/humbulani/miniconda3/envs/apache-airflow/lib/python3.8/site-packages/airflow/example_dags/example_params_ui_tutorial.py
[2023-03-26T22:07:18.572+0200] {processor.py:753} INFO - DAG(s) dict_keys(['example_params_ui_tutorial']) retrieved from /home/humbulani/miniconda3/envs/apache-airflow/lib/python3.8/site-packages/airflow/example_dags/example_params_ui_tutorial.py
[2023-03-26T22:07:18.635+0200] {logging_mixin.py:137} INFO - [2023-03-26T22:07:18.635+0200] {dag.py:2693} INFO - Sync 1 DAGs
[2023-03-26T22:07:18.655+0200] {logging_mixin.py:137} INFO - [2023-03-26T22:07:18.654+0200] {dag.py:3440} INFO - Setting next_dagrun for example_params_ui_tutorial to None, run_after=None
[2023-03-26T22:07:18.813+0200] {processor.py:175} INFO - Processing /home/humbulani/miniconda3/envs/apache-airflow/lib/python3.8/site-packages/airflow/example_dags/example_params_ui_tutorial.py took 0.342 seconds
[2023-03-26T22:08:02.964+0200] {processor.py:153} INFO - Started process (PID=19023) to work on /home/humbulani/miniconda3/envs/apache-airflow/lib/python3.8/site-packages/airflow/example_dags/example_params_ui_tutorial.py
[2023-03-26T22:08:02.965+0200] {processor.py:743} INFO - Processing file /home/humbulani/miniconda3/envs/apache-airflow/lib/python3.8/site-packages/airflow/example_dags/example_params_ui_tutorial.py for tasks to queue
[2023-03-26T22:08:02.966+0200] {logging_mixin.py:137} INFO - [2023-03-26T22:08:02.965+0200] {dagbag.py:532} INFO - Filling up the DagBag from /home/humbulani/miniconda3/envs/apache-airflow/lib/python3.8/site-packages/airflow/example_dags/example_params_ui_tutorial.py
[2023-03-26T22:08:03.013+0200] {processor.py:753} INFO - DAG(s) dict_keys(['example_params_ui_tutorial']) retrieved from /home/humbulani/miniconda3/envs/apache-airflow/lib/python3.8/site-packages/airflow/example_dags/example_params_ui_tutorial.py
[2023-03-26T22:08:03.065+0200] {logging_mixin.py:137} INFO - [2023-03-26T22:08:03.065+0200] {dag.py:2693} INFO - Sync 1 DAGs
[2023-03-26T22:08:03.082+0200] {logging_mixin.py:137} INFO - [2023-03-26T22:08:03.082+0200] {dag.py:3440} INFO - Setting next_dagrun for example_params_ui_tutorial to None, run_after=None
[2023-03-26T22:08:03.145+0200] {processor.py:175} INFO - Processing /home/humbulani/miniconda3/envs/apache-airflow/lib/python3.8/site-packages/airflow/example_dags/example_params_ui_tutorial.py took 0.184 seconds
[2023-03-26T22:08:46.288+0200] {processor.py:153} INFO - Started process (PID=19108) to work on /home/humbulani/miniconda3/envs/apache-airflow/lib/python3.8/site-packages/airflow/example_dags/example_params_ui_tutorial.py
[2023-03-26T22:08:46.289+0200] {processor.py:743} INFO - Processing file /home/humbulani/miniconda3/envs/apache-airflow/lib/python3.8/site-packages/airflow/example_dags/example_params_ui_tutorial.py for tasks to queue
[2023-03-26T22:08:46.289+0200] {logging_mixin.py:137} INFO - [2023-03-26T22:08:46.289+0200] {dagbag.py:532} INFO - Filling up the DagBag from /home/humbulani/miniconda3/envs/apache-airflow/lib/python3.8/site-packages/airflow/example_dags/example_params_ui_tutorial.py
[2023-03-26T22:08:46.339+0200] {processor.py:753} INFO - DAG(s) dict_keys(['example_params_ui_tutorial']) retrieved from /home/humbulani/miniconda3/envs/apache-airflow/lib/python3.8/site-packages/airflow/example_dags/example_params_ui_tutorial.py
[2023-03-26T22:08:48.535+0200] {logging_mixin.py:137} INFO - [2023-03-26T22:08:48.535+0200] {dag.py:2693} INFO - Sync 1 DAGs
[2023-03-26T22:08:48.640+0200] {logging_mixin.py:137} INFO - [2023-03-26T22:08:48.639+0200] {dag.py:3440} INFO - Setting next_dagrun for example_params_ui_tutorial to None, run_after=None
[2023-03-26T22:08:48.719+0200] {processor.py:175} INFO - Processing /home/humbulani/miniconda3/envs/apache-airflow/lib/python3.8/site-packages/airflow/example_dags/example_params_ui_tutorial.py took 2.433 seconds
[2023-03-26T22:09:36.675+0200] {processor.py:153} INFO - Started process (PID=19153) to work on /home/humbulani/miniconda3/envs/apache-airflow/lib/python3.8/site-packages/airflow/example_dags/example_params_ui_tutorial.py
[2023-03-26T22:09:36.676+0200] {processor.py:743} INFO - Processing file /home/humbulani/miniconda3/envs/apache-airflow/lib/python3.8/site-packages/airflow/example_dags/example_params_ui_tutorial.py for tasks to queue
[2023-03-26T22:09:36.676+0200] {logging_mixin.py:137} INFO - [2023-03-26T22:09:36.676+0200] {dagbag.py:532} INFO - Filling up the DagBag from /home/humbulani/miniconda3/envs/apache-airflow/lib/python3.8/site-packages/airflow/example_dags/example_params_ui_tutorial.py
[2023-03-26T22:09:36.725+0200] {processor.py:753} INFO - DAG(s) dict_keys(['example_params_ui_tutorial']) retrieved from /home/humbulani/miniconda3/envs/apache-airflow/lib/python3.8/site-packages/airflow/example_dags/example_params_ui_tutorial.py
[2023-03-26T22:09:36.782+0200] {logging_mixin.py:137} INFO - [2023-03-26T22:09:36.782+0200] {dag.py:2693} INFO - Sync 1 DAGs
[2023-03-26T22:09:36.801+0200] {logging_mixin.py:137} INFO - [2023-03-26T22:09:36.801+0200] {dag.py:3440} INFO - Setting next_dagrun for example_params_ui_tutorial to None, run_after=None
[2023-03-26T22:09:36.891+0200] {processor.py:175} INFO - Processing /home/humbulani/miniconda3/envs/apache-airflow/lib/python3.8/site-packages/airflow/example_dags/example_params_ui_tutorial.py took 0.218 seconds
[2023-03-26T22:10:21.154+0200] {processor.py:153} INFO - Started process (PID=19212) to work on /home/humbulani/miniconda3/envs/apache-airflow/lib/python3.8/site-packages/airflow/example_dags/example_params_ui_tutorial.py
[2023-03-26T22:10:21.155+0200] {processor.py:743} INFO - Processing file /home/humbulani/miniconda3/envs/apache-airflow/lib/python3.8/site-packages/airflow/example_dags/example_params_ui_tutorial.py for tasks to queue
[2023-03-26T22:10:21.156+0200] {logging_mixin.py:137} INFO - [2023-03-26T22:10:21.156+0200] {dagbag.py:532} INFO - Filling up the DagBag from /home/humbulani/miniconda3/envs/apache-airflow/lib/python3.8/site-packages/airflow/example_dags/example_params_ui_tutorial.py
[2023-03-26T22:10:21.202+0200] {processor.py:753} INFO - DAG(s) dict_keys(['example_params_ui_tutorial']) retrieved from /home/humbulani/miniconda3/envs/apache-airflow/lib/python3.8/site-packages/airflow/example_dags/example_params_ui_tutorial.py
[2023-03-26T22:10:21.254+0200] {logging_mixin.py:137} INFO - [2023-03-26T22:10:21.254+0200] {dag.py:2693} INFO - Sync 1 DAGs
[2023-03-26T22:10:21.272+0200] {logging_mixin.py:137} INFO - [2023-03-26T22:10:21.272+0200] {dag.py:3440} INFO - Setting next_dagrun for example_params_ui_tutorial to None, run_after=None
[2023-03-26T22:10:21.344+0200] {processor.py:175} INFO - Processing /home/humbulani/miniconda3/envs/apache-airflow/lib/python3.8/site-packages/airflow/example_dags/example_params_ui_tutorial.py took 0.192 seconds
[2023-03-26T22:11:07.800+0200] {processor.py:153} INFO - Started process (PID=19326) to work on /home/humbulani/miniconda3/envs/apache-airflow/lib/python3.8/site-packages/airflow/example_dags/example_params_ui_tutorial.py
[2023-03-26T22:11:07.814+0200] {processor.py:743} INFO - Processing file /home/humbulani/miniconda3/envs/apache-airflow/lib/python3.8/site-packages/airflow/example_dags/example_params_ui_tutorial.py for tasks to queue
[2023-03-26T22:11:07.814+0200] {logging_mixin.py:137} INFO - [2023-03-26T22:11:07.814+0200] {dagbag.py:532} INFO - Filling up the DagBag from /home/humbulani/miniconda3/envs/apache-airflow/lib/python3.8/site-packages/airflow/example_dags/example_params_ui_tutorial.py
[2023-03-26T22:11:07.868+0200] {processor.py:753} INFO - DAG(s) dict_keys(['example_params_ui_tutorial']) retrieved from /home/humbulani/miniconda3/envs/apache-airflow/lib/python3.8/site-packages/airflow/example_dags/example_params_ui_tutorial.py
[2023-03-26T22:11:07.924+0200] {logging_mixin.py:137} INFO - [2023-03-26T22:11:07.924+0200] {dag.py:2693} INFO - Sync 1 DAGs
[2023-03-26T22:11:07.943+0200] {logging_mixin.py:137} INFO - [2023-03-26T22:11:07.943+0200] {dag.py:3440} INFO - Setting next_dagrun for example_params_ui_tutorial to None, run_after=None
[2023-03-26T22:11:08.018+0200] {processor.py:175} INFO - Processing /home/humbulani/miniconda3/envs/apache-airflow/lib/python3.8/site-packages/airflow/example_dags/example_params_ui_tutorial.py took 0.223 seconds
[2023-03-26T22:11:54.504+0200] {processor.py:153} INFO - Started process (PID=19368) to work on /home/humbulani/miniconda3/envs/apache-airflow/lib/python3.8/site-packages/airflow/example_dags/example_params_ui_tutorial.py
[2023-03-26T22:11:54.505+0200] {processor.py:743} INFO - Processing file /home/humbulani/miniconda3/envs/apache-airflow/lib/python3.8/site-packages/airflow/example_dags/example_params_ui_tutorial.py for tasks to queue
[2023-03-26T22:11:54.506+0200] {logging_mixin.py:137} INFO - [2023-03-26T22:11:54.505+0200] {dagbag.py:532} INFO - Filling up the DagBag from /home/humbulani/miniconda3/envs/apache-airflow/lib/python3.8/site-packages/airflow/example_dags/example_params_ui_tutorial.py
[2023-03-26T22:11:54.554+0200] {processor.py:753} INFO - DAG(s) dict_keys(['example_params_ui_tutorial']) retrieved from /home/humbulani/miniconda3/envs/apache-airflow/lib/python3.8/site-packages/airflow/example_dags/example_params_ui_tutorial.py
[2023-03-26T22:11:54.606+0200] {logging_mixin.py:137} INFO - [2023-03-26T22:11:54.606+0200] {dag.py:2693} INFO - Sync 1 DAGs
[2023-03-26T22:11:54.622+0200] {logging_mixin.py:137} INFO - [2023-03-26T22:11:54.622+0200] {dag.py:3440} INFO - Setting next_dagrun for example_params_ui_tutorial to None, run_after=None
[2023-03-26T22:11:54.696+0200] {processor.py:175} INFO - Processing /home/humbulani/miniconda3/envs/apache-airflow/lib/python3.8/site-packages/airflow/example_dags/example_params_ui_tutorial.py took 0.196 seconds
[2023-03-26T22:12:37.876+0200] {processor.py:153} INFO - Started process (PID=19455) to work on /home/humbulani/miniconda3/envs/apache-airflow/lib/python3.8/site-packages/airflow/example_dags/example_params_ui_tutorial.py
[2023-03-26T22:12:37.889+0200] {processor.py:743} INFO - Processing file /home/humbulani/miniconda3/envs/apache-airflow/lib/python3.8/site-packages/airflow/example_dags/example_params_ui_tutorial.py for tasks to queue
[2023-03-26T22:12:37.889+0200] {logging_mixin.py:137} INFO - [2023-03-26T22:12:37.889+0200] {dagbag.py:532} INFO - Filling up the DagBag from /home/humbulani/miniconda3/envs/apache-airflow/lib/python3.8/site-packages/airflow/example_dags/example_params_ui_tutorial.py
[2023-03-26T22:12:37.938+0200] {processor.py:753} INFO - DAG(s) dict_keys(['example_params_ui_tutorial']) retrieved from /home/humbulani/miniconda3/envs/apache-airflow/lib/python3.8/site-packages/airflow/example_dags/example_params_ui_tutorial.py
[2023-03-26T22:12:37.992+0200] {logging_mixin.py:137} INFO - [2023-03-26T22:12:37.992+0200] {dag.py:2693} INFO - Sync 1 DAGs
[2023-03-26T22:12:38.011+0200] {logging_mixin.py:137} INFO - [2023-03-26T22:12:38.011+0200] {dag.py:3440} INFO - Setting next_dagrun for example_params_ui_tutorial to None, run_after=None
[2023-03-26T22:12:38.180+0200] {processor.py:175} INFO - Processing /home/humbulani/miniconda3/envs/apache-airflow/lib/python3.8/site-packages/airflow/example_dags/example_params_ui_tutorial.py took 0.307 seconds
[2023-03-26T22:13:26.258+0200] {processor.py:153} INFO - Started process (PID=19522) to work on /home/humbulani/miniconda3/envs/apache-airflow/lib/python3.8/site-packages/airflow/example_dags/example_params_ui_tutorial.py
[2023-03-26T22:13:26.276+0200] {processor.py:743} INFO - Processing file /home/humbulani/miniconda3/envs/apache-airflow/lib/python3.8/site-packages/airflow/example_dags/example_params_ui_tutorial.py for tasks to queue
[2023-03-26T22:13:26.277+0200] {logging_mixin.py:137} INFO - [2023-03-26T22:13:26.276+0200] {dagbag.py:532} INFO - Filling up the DagBag from /home/humbulani/miniconda3/envs/apache-airflow/lib/python3.8/site-packages/airflow/example_dags/example_params_ui_tutorial.py
[2023-03-26T22:13:26.334+0200] {processor.py:753} INFO - DAG(s) dict_keys(['example_params_ui_tutorial']) retrieved from /home/humbulani/miniconda3/envs/apache-airflow/lib/python3.8/site-packages/airflow/example_dags/example_params_ui_tutorial.py
[2023-03-26T22:13:26.391+0200] {logging_mixin.py:137} INFO - [2023-03-26T22:13:26.391+0200] {dag.py:2693} INFO - Sync 1 DAGs
[2023-03-26T22:13:26.409+0200] {logging_mixin.py:137} INFO - [2023-03-26T22:13:26.409+0200] {dag.py:3440} INFO - Setting next_dagrun for example_params_ui_tutorial to None, run_after=None
[2023-03-26T22:13:26.474+0200] {processor.py:175} INFO - Processing /home/humbulani/miniconda3/envs/apache-airflow/lib/python3.8/site-packages/airflow/example_dags/example_params_ui_tutorial.py took 0.218 seconds
[2023-03-26T22:14:12.216+0200] {processor.py:153} INFO - Started process (PID=19567) to work on /home/humbulani/miniconda3/envs/apache-airflow/lib/python3.8/site-packages/airflow/example_dags/example_params_ui_tutorial.py
[2023-03-26T22:14:12.231+0200] {processor.py:743} INFO - Processing file /home/humbulani/miniconda3/envs/apache-airflow/lib/python3.8/site-packages/airflow/example_dags/example_params_ui_tutorial.py for tasks to queue
[2023-03-26T22:14:12.232+0200] {logging_mixin.py:137} INFO - [2023-03-26T22:14:12.232+0200] {dagbag.py:532} INFO - Filling up the DagBag from /home/humbulani/miniconda3/envs/apache-airflow/lib/python3.8/site-packages/airflow/example_dags/example_params_ui_tutorial.py
[2023-03-26T22:14:12.284+0200] {processor.py:753} INFO - DAG(s) dict_keys(['example_params_ui_tutorial']) retrieved from /home/humbulani/miniconda3/envs/apache-airflow/lib/python3.8/site-packages/airflow/example_dags/example_params_ui_tutorial.py
[2023-03-26T22:14:12.339+0200] {logging_mixin.py:137} INFO - [2023-03-26T22:14:12.338+0200] {dag.py:2693} INFO - Sync 1 DAGs
[2023-03-26T22:14:12.357+0200] {logging_mixin.py:137} INFO - [2023-03-26T22:14:12.356+0200] {dag.py:3440} INFO - Setting next_dagrun for example_params_ui_tutorial to None, run_after=None
[2023-03-26T22:14:12.419+0200] {processor.py:175} INFO - Processing /home/humbulani/miniconda3/envs/apache-airflow/lib/python3.8/site-packages/airflow/example_dags/example_params_ui_tutorial.py took 0.205 seconds
[2023-03-26T22:14:59.203+0200] {processor.py:153} INFO - Started process (PID=19616) to work on /home/humbulani/miniconda3/envs/apache-airflow/lib/python3.8/site-packages/airflow/example_dags/example_params_ui_tutorial.py
[2023-03-26T22:14:59.211+0200] {processor.py:743} INFO - Processing file /home/humbulani/miniconda3/envs/apache-airflow/lib/python3.8/site-packages/airflow/example_dags/example_params_ui_tutorial.py for tasks to queue
[2023-03-26T22:14:59.211+0200] {logging_mixin.py:137} INFO - [2023-03-26T22:14:59.211+0200] {dagbag.py:532} INFO - Filling up the DagBag from /home/humbulani/miniconda3/envs/apache-airflow/lib/python3.8/site-packages/airflow/example_dags/example_params_ui_tutorial.py
[2023-03-26T22:14:59.263+0200] {processor.py:753} INFO - DAG(s) dict_keys(['example_params_ui_tutorial']) retrieved from /home/humbulani/miniconda3/envs/apache-airflow/lib/python3.8/site-packages/airflow/example_dags/example_params_ui_tutorial.py
[2023-03-26T22:14:59.316+0200] {logging_mixin.py:137} INFO - [2023-03-26T22:14:59.315+0200] {dag.py:2693} INFO - Sync 1 DAGs
[2023-03-26T22:14:59.333+0200] {logging_mixin.py:137} INFO - [2023-03-26T22:14:59.333+0200] {dag.py:3440} INFO - Setting next_dagrun for example_params_ui_tutorial to None, run_after=None
[2023-03-26T22:14:59.408+0200] {processor.py:175} INFO - Processing /home/humbulani/miniconda3/envs/apache-airflow/lib/python3.8/site-packages/airflow/example_dags/example_params_ui_tutorial.py took 0.208 seconds
[2023-03-26T22:15:46.465+0200] {processor.py:153} INFO - Started process (PID=19722) to work on /home/humbulani/miniconda3/envs/apache-airflow/lib/python3.8/site-packages/airflow/example_dags/example_params_ui_tutorial.py
[2023-03-26T22:15:46.465+0200] {processor.py:743} INFO - Processing file /home/humbulani/miniconda3/envs/apache-airflow/lib/python3.8/site-packages/airflow/example_dags/example_params_ui_tutorial.py for tasks to queue
[2023-03-26T22:15:46.466+0200] {logging_mixin.py:137} INFO - [2023-03-26T22:15:46.466+0200] {dagbag.py:532} INFO - Filling up the DagBag from /home/humbulani/miniconda3/envs/apache-airflow/lib/python3.8/site-packages/airflow/example_dags/example_params_ui_tutorial.py
[2023-03-26T22:15:46.513+0200] {processor.py:753} INFO - DAG(s) dict_keys(['example_params_ui_tutorial']) retrieved from /home/humbulani/miniconda3/envs/apache-airflow/lib/python3.8/site-packages/airflow/example_dags/example_params_ui_tutorial.py
[2023-03-26T22:15:46.596+0200] {logging_mixin.py:137} INFO - [2023-03-26T22:15:46.595+0200] {dag.py:2693} INFO - Sync 1 DAGs
[2023-03-26T22:15:46.614+0200] {logging_mixin.py:137} INFO - [2023-03-26T22:15:46.614+0200] {dag.py:3440} INFO - Setting next_dagrun for example_params_ui_tutorial to None, run_after=None
[2023-03-26T22:15:46.688+0200] {processor.py:175} INFO - Processing /home/humbulani/miniconda3/envs/apache-airflow/lib/python3.8/site-packages/airflow/example_dags/example_params_ui_tutorial.py took 0.227 seconds
[2023-03-26T22:16:36.791+0200] {processor.py:153} INFO - Started process (PID=19830) to work on /home/humbulani/miniconda3/envs/apache-airflow/lib/python3.8/site-packages/airflow/example_dags/example_params_ui_tutorial.py
[2023-03-26T22:16:36.807+0200] {processor.py:743} INFO - Processing file /home/humbulani/miniconda3/envs/apache-airflow/lib/python3.8/site-packages/airflow/example_dags/example_params_ui_tutorial.py for tasks to queue
[2023-03-26T22:16:36.808+0200] {logging_mixin.py:137} INFO - [2023-03-26T22:16:36.808+0200] {dagbag.py:532} INFO - Filling up the DagBag from /home/humbulani/miniconda3/envs/apache-airflow/lib/python3.8/site-packages/airflow/example_dags/example_params_ui_tutorial.py
[2023-03-26T22:16:36.857+0200] {processor.py:753} INFO - DAG(s) dict_keys(['example_params_ui_tutorial']) retrieved from /home/humbulani/miniconda3/envs/apache-airflow/lib/python3.8/site-packages/airflow/example_dags/example_params_ui_tutorial.py
[2023-03-26T22:16:36.913+0200] {logging_mixin.py:137} INFO - [2023-03-26T22:16:36.912+0200] {dag.py:2693} INFO - Sync 1 DAGs
[2023-03-26T22:16:36.930+0200] {logging_mixin.py:137} INFO - [2023-03-26T22:16:36.930+0200] {dag.py:3440} INFO - Setting next_dagrun for example_params_ui_tutorial to None, run_after=None
[2023-03-26T22:16:37.000+0200] {processor.py:175} INFO - Processing /home/humbulani/miniconda3/envs/apache-airflow/lib/python3.8/site-packages/airflow/example_dags/example_params_ui_tutorial.py took 0.212 seconds
[2023-03-26T22:17:25.261+0200] {processor.py:153} INFO - Started process (PID=19879) to work on /home/humbulani/miniconda3/envs/apache-airflow/lib/python3.8/site-packages/airflow/example_dags/example_params_ui_tutorial.py
[2023-03-26T22:17:25.304+0200] {processor.py:743} INFO - Processing file /home/humbulani/miniconda3/envs/apache-airflow/lib/python3.8/site-packages/airflow/example_dags/example_params_ui_tutorial.py for tasks to queue
[2023-03-26T22:17:25.304+0200] {logging_mixin.py:137} INFO - [2023-03-26T22:17:25.304+0200] {dagbag.py:532} INFO - Filling up the DagBag from /home/humbulani/miniconda3/envs/apache-airflow/lib/python3.8/site-packages/airflow/example_dags/example_params_ui_tutorial.py
[2023-03-26T22:17:25.350+0200] {processor.py:753} INFO - DAG(s) dict_keys(['example_params_ui_tutorial']) retrieved from /home/humbulani/miniconda3/envs/apache-airflow/lib/python3.8/site-packages/airflow/example_dags/example_params_ui_tutorial.py
[2023-03-26T22:17:25.402+0200] {logging_mixin.py:137} INFO - [2023-03-26T22:17:25.402+0200] {dag.py:2693} INFO - Sync 1 DAGs
[2023-03-26T22:17:25.419+0200] {logging_mixin.py:137} INFO - [2023-03-26T22:17:25.419+0200] {dag.py:3440} INFO - Setting next_dagrun for example_params_ui_tutorial to None, run_after=None
[2023-03-26T22:17:25.488+0200] {processor.py:175} INFO - Processing /home/humbulani/miniconda3/envs/apache-airflow/lib/python3.8/site-packages/airflow/example_dags/example_params_ui_tutorial.py took 0.229 seconds
[2023-03-26T22:18:07.767+0200] {processor.py:153} INFO - Started process (PID=19990) to work on /home/humbulani/miniconda3/envs/apache-airflow/lib/python3.8/site-packages/airflow/example_dags/example_params_ui_tutorial.py
[2023-03-26T22:18:07.827+0200] {processor.py:743} INFO - Processing file /home/humbulani/miniconda3/envs/apache-airflow/lib/python3.8/site-packages/airflow/example_dags/example_params_ui_tutorial.py for tasks to queue
[2023-03-26T22:18:07.827+0200] {logging_mixin.py:137} INFO - [2023-03-26T22:18:07.827+0200] {dagbag.py:532} INFO - Filling up the DagBag from /home/humbulani/miniconda3/envs/apache-airflow/lib/python3.8/site-packages/airflow/example_dags/example_params_ui_tutorial.py
[2023-03-26T22:18:07.874+0200] {processor.py:753} INFO - DAG(s) dict_keys(['example_params_ui_tutorial']) retrieved from /home/humbulani/miniconda3/envs/apache-airflow/lib/python3.8/site-packages/airflow/example_dags/example_params_ui_tutorial.py
[2023-03-26T22:18:07.925+0200] {logging_mixin.py:137} INFO - [2023-03-26T22:18:07.925+0200] {dag.py:2693} INFO - Sync 1 DAGs
[2023-03-26T22:18:07.942+0200] {logging_mixin.py:137} INFO - [2023-03-26T22:18:07.942+0200] {dag.py:3440} INFO - Setting next_dagrun for example_params_ui_tutorial to None, run_after=None
[2023-03-26T22:18:08.104+0200] {processor.py:175} INFO - Processing /home/humbulani/miniconda3/envs/apache-airflow/lib/python3.8/site-packages/airflow/example_dags/example_params_ui_tutorial.py took 0.340 seconds
[2023-03-26T22:18:52.036+0200] {processor.py:153} INFO - Started process (PID=20035) to work on /home/humbulani/miniconda3/envs/apache-airflow/lib/python3.8/site-packages/airflow/example_dags/example_params_ui_tutorial.py
[2023-03-26T22:18:52.037+0200] {processor.py:743} INFO - Processing file /home/humbulani/miniconda3/envs/apache-airflow/lib/python3.8/site-packages/airflow/example_dags/example_params_ui_tutorial.py for tasks to queue
[2023-03-26T22:18:52.038+0200] {logging_mixin.py:137} INFO - [2023-03-26T22:18:52.037+0200] {dagbag.py:532} INFO - Filling up the DagBag from /home/humbulani/miniconda3/envs/apache-airflow/lib/python3.8/site-packages/airflow/example_dags/example_params_ui_tutorial.py
[2023-03-26T22:18:52.087+0200] {processor.py:753} INFO - DAG(s) dict_keys(['example_params_ui_tutorial']) retrieved from /home/humbulani/miniconda3/envs/apache-airflow/lib/python3.8/site-packages/airflow/example_dags/example_params_ui_tutorial.py
[2023-03-26T22:18:52.138+0200] {logging_mixin.py:137} INFO - [2023-03-26T22:18:52.138+0200] {dag.py:2693} INFO - Sync 1 DAGs
[2023-03-26T22:18:52.156+0200] {logging_mixin.py:137} INFO - [2023-03-26T22:18:52.155+0200] {dag.py:3440} INFO - Setting next_dagrun for example_params_ui_tutorial to None, run_after=None
[2023-03-26T22:18:52.221+0200] {processor.py:175} INFO - Processing /home/humbulani/miniconda3/envs/apache-airflow/lib/python3.8/site-packages/airflow/example_dags/example_params_ui_tutorial.py took 0.189 seconds
[2023-03-26T22:19:38.255+0200] {processor.py:153} INFO - Started process (PID=20143) to work on /home/humbulani/miniconda3/envs/apache-airflow/lib/python3.8/site-packages/airflow/example_dags/example_params_ui_tutorial.py
[2023-03-26T22:19:38.268+0200] {processor.py:743} INFO - Processing file /home/humbulani/miniconda3/envs/apache-airflow/lib/python3.8/site-packages/airflow/example_dags/example_params_ui_tutorial.py for tasks to queue
[2023-03-26T22:19:38.269+0200] {logging_mixin.py:137} INFO - [2023-03-26T22:19:38.268+0200] {dagbag.py:532} INFO - Filling up the DagBag from /home/humbulani/miniconda3/envs/apache-airflow/lib/python3.8/site-packages/airflow/example_dags/example_params_ui_tutorial.py
[2023-03-26T22:19:38.316+0200] {processor.py:753} INFO - DAG(s) dict_keys(['example_params_ui_tutorial']) retrieved from /home/humbulani/miniconda3/envs/apache-airflow/lib/python3.8/site-packages/airflow/example_dags/example_params_ui_tutorial.py
[2023-03-26T22:19:38.371+0200] {logging_mixin.py:137} INFO - [2023-03-26T22:19:38.371+0200] {dag.py:2693} INFO - Sync 1 DAGs
[2023-03-26T22:19:38.388+0200] {logging_mixin.py:137} INFO - [2023-03-26T22:19:38.388+0200] {dag.py:3440} INFO - Setting next_dagrun for example_params_ui_tutorial to None, run_after=None
[2023-03-26T22:19:38.468+0200] {processor.py:175} INFO - Processing /home/humbulani/miniconda3/envs/apache-airflow/lib/python3.8/site-packages/airflow/example_dags/example_params_ui_tutorial.py took 0.216 seconds
[2023-03-26T22:20:22.055+0200] {processor.py:153} INFO - Started process (PID=20189) to work on /home/humbulani/miniconda3/envs/apache-airflow/lib/python3.8/site-packages/airflow/example_dags/example_params_ui_tutorial.py
[2023-03-26T22:20:22.064+0200] {processor.py:743} INFO - Processing file /home/humbulani/miniconda3/envs/apache-airflow/lib/python3.8/site-packages/airflow/example_dags/example_params_ui_tutorial.py for tasks to queue
[2023-03-26T22:20:22.064+0200] {logging_mixin.py:137} INFO - [2023-03-26T22:20:22.064+0200] {dagbag.py:532} INFO - Filling up the DagBag from /home/humbulani/miniconda3/envs/apache-airflow/lib/python3.8/site-packages/airflow/example_dags/example_params_ui_tutorial.py
[2023-03-26T22:20:22.110+0200] {processor.py:753} INFO - DAG(s) dict_keys(['example_params_ui_tutorial']) retrieved from /home/humbulani/miniconda3/envs/apache-airflow/lib/python3.8/site-packages/airflow/example_dags/example_params_ui_tutorial.py
[2023-03-26T22:20:22.162+0200] {logging_mixin.py:137} INFO - [2023-03-26T22:20:22.161+0200] {dag.py:2693} INFO - Sync 1 DAGs
[2023-03-26T22:20:22.178+0200] {logging_mixin.py:137} INFO - [2023-03-26T22:20:22.178+0200] {dag.py:3440} INFO - Setting next_dagrun for example_params_ui_tutorial to None, run_after=None
[2023-03-26T22:20:22.247+0200] {processor.py:175} INFO - Processing /home/humbulani/miniconda3/envs/apache-airflow/lib/python3.8/site-packages/airflow/example_dags/example_params_ui_tutorial.py took 0.195 seconds
[2023-03-26T22:21:07.456+0200] {processor.py:153} INFO - Started process (PID=20279) to work on /home/humbulani/miniconda3/envs/apache-airflow/lib/python3.8/site-packages/airflow/example_dags/example_params_ui_tutorial.py
[2023-03-26T22:21:07.468+0200] {processor.py:743} INFO - Processing file /home/humbulani/miniconda3/envs/apache-airflow/lib/python3.8/site-packages/airflow/example_dags/example_params_ui_tutorial.py for tasks to queue
[2023-03-26T22:21:07.469+0200] {logging_mixin.py:137} INFO - [2023-03-26T22:21:07.469+0200] {dagbag.py:532} INFO - Filling up the DagBag from /home/humbulani/miniconda3/envs/apache-airflow/lib/python3.8/site-packages/airflow/example_dags/example_params_ui_tutorial.py
[2023-03-26T22:21:07.514+0200] {processor.py:753} INFO - DAG(s) dict_keys(['example_params_ui_tutorial']) retrieved from /home/humbulani/miniconda3/envs/apache-airflow/lib/python3.8/site-packages/airflow/example_dags/example_params_ui_tutorial.py
[2023-03-26T22:21:07.570+0200] {logging_mixin.py:137} INFO - [2023-03-26T22:21:07.570+0200] {dag.py:2693} INFO - Sync 1 DAGs
[2023-03-26T22:21:07.586+0200] {logging_mixin.py:137} INFO - [2023-03-26T22:21:07.586+0200] {dag.py:3440} INFO - Setting next_dagrun for example_params_ui_tutorial to None, run_after=None
[2023-03-26T22:21:07.651+0200] {processor.py:175} INFO - Processing /home/humbulani/miniconda3/envs/apache-airflow/lib/python3.8/site-packages/airflow/example_dags/example_params_ui_tutorial.py took 0.197 seconds
[2023-03-26T22:21:52.368+0200] {processor.py:153} INFO - Started process (PID=20323) to work on /home/humbulani/miniconda3/envs/apache-airflow/lib/python3.8/site-packages/airflow/example_dags/example_params_ui_tutorial.py
[2023-03-26T22:21:52.372+0200] {processor.py:743} INFO - Processing file /home/humbulani/miniconda3/envs/apache-airflow/lib/python3.8/site-packages/airflow/example_dags/example_params_ui_tutorial.py for tasks to queue
[2023-03-26T22:21:52.373+0200] {logging_mixin.py:137} INFO - [2023-03-26T22:21:52.373+0200] {dagbag.py:532} INFO - Filling up the DagBag from /home/humbulani/miniconda3/envs/apache-airflow/lib/python3.8/site-packages/airflow/example_dags/example_params_ui_tutorial.py
[2023-03-26T22:21:52.423+0200] {processor.py:753} INFO - DAG(s) dict_keys(['example_params_ui_tutorial']) retrieved from /home/humbulani/miniconda3/envs/apache-airflow/lib/python3.8/site-packages/airflow/example_dags/example_params_ui_tutorial.py
[2023-03-26T22:21:52.474+0200] {logging_mixin.py:137} INFO - [2023-03-26T22:21:52.474+0200] {dag.py:2693} INFO - Sync 1 DAGs
[2023-03-26T22:21:52.491+0200] {logging_mixin.py:137} INFO - [2023-03-26T22:21:52.491+0200] {dag.py:3440} INFO - Setting next_dagrun for example_params_ui_tutorial to None, run_after=None
[2023-03-26T22:21:52.547+0200] {processor.py:175} INFO - Processing /home/humbulani/miniconda3/envs/apache-airflow/lib/python3.8/site-packages/airflow/example_dags/example_params_ui_tutorial.py took 0.181 seconds
[2023-03-26T22:22:39.248+0200] {processor.py:153} INFO - Started process (PID=20366) to work on /home/humbulani/miniconda3/envs/apache-airflow/lib/python3.8/site-packages/airflow/example_dags/example_params_ui_tutorial.py
[2023-03-26T22:22:39.252+0200] {processor.py:743} INFO - Processing file /home/humbulani/miniconda3/envs/apache-airflow/lib/python3.8/site-packages/airflow/example_dags/example_params_ui_tutorial.py for tasks to queue
[2023-03-26T22:22:39.252+0200] {logging_mixin.py:137} INFO - [2023-03-26T22:22:39.252+0200] {dagbag.py:532} INFO - Filling up the DagBag from /home/humbulani/miniconda3/envs/apache-airflow/lib/python3.8/site-packages/airflow/example_dags/example_params_ui_tutorial.py
[2023-03-26T22:22:39.303+0200] {processor.py:753} INFO - DAG(s) dict_keys(['example_params_ui_tutorial']) retrieved from /home/humbulani/miniconda3/envs/apache-airflow/lib/python3.8/site-packages/airflow/example_dags/example_params_ui_tutorial.py
[2023-03-26T22:22:39.355+0200] {logging_mixin.py:137} INFO - [2023-03-26T22:22:39.354+0200] {dag.py:2693} INFO - Sync 1 DAGs
[2023-03-26T22:22:39.373+0200] {logging_mixin.py:137} INFO - [2023-03-26T22:22:39.373+0200] {dag.py:3440} INFO - Setting next_dagrun for example_params_ui_tutorial to None, run_after=None
[2023-03-26T22:22:39.443+0200] {processor.py:175} INFO - Processing /home/humbulani/miniconda3/envs/apache-airflow/lib/python3.8/site-packages/airflow/example_dags/example_params_ui_tutorial.py took 0.198 seconds
