[2023-03-26T21:39:52.928+0200] {processor.py:153} INFO - Started process (PID=16663) to work on /home/humbulani/miniconda3/envs/apache-airflow/lib/python3.8/site-packages/airflow/example_dags/example_branch_labels.py
[2023-03-26T21:39:52.929+0200] {processor.py:743} INFO - Processing file /home/humbulani/miniconda3/envs/apache-airflow/lib/python3.8/site-packages/airflow/example_dags/example_branch_labels.py for tasks to queue
[2023-03-26T21:39:52.930+0200] {logging_mixin.py:137} INFO - [2023-03-26T21:39:52.930+0200] {dagbag.py:532} INFO - Filling up the DagBag from /home/humbulani/miniconda3/envs/apache-airflow/lib/python3.8/site-packages/airflow/example_dags/example_branch_labels.py
[2023-03-26T21:39:52.944+0200] {processor.py:753} INFO - DAG(s) dict_keys(['example_branch_labels']) retrieved from /home/humbulani/miniconda3/envs/apache-airflow/lib/python3.8/site-packages/airflow/example_dags/example_branch_labels.py
[2023-03-26T21:39:53.208+0200] {logging_mixin.py:137} INFO - [2023-03-26T21:39:53.207+0200] {manager.py:504} INFO - Created Permission View: can edit on DAG:example_branch_labels
[2023-03-26T21:39:53.275+0200] {logging_mixin.py:137} INFO - [2023-03-26T21:39:53.275+0200] {manager.py:504} INFO - Created Permission View: can read on DAG:example_branch_labels
[2023-03-26T21:39:53.349+0200] {logging_mixin.py:137} INFO - [2023-03-26T21:39:53.349+0200] {manager.py:504} INFO - Created Permission View: can delete on DAG:example_branch_labels
[2023-03-26T21:39:53.349+0200] {logging_mixin.py:137} INFO - [2023-03-26T21:39:53.349+0200] {dag.py:2693} INFO - Sync 1 DAGs
[2023-03-26T21:39:53.359+0200] {logging_mixin.py:137} INFO - [2023-03-26T21:39:53.358+0200] {dag.py:2714} INFO - Creating ORM DAG for example_branch_labels
[2023-03-26T21:39:53.368+0200] {logging_mixin.py:137} INFO - [2023-03-26T21:39:53.367+0200] {dag.py:3440} INFO - Setting next_dagrun for example_branch_labels to 2023-03-25T00:00:00+00:00, run_after=2023-03-26T00:00:00+00:00
[2023-03-26T21:39:53.467+0200] {processor.py:175} INFO - Processing /home/humbulani/miniconda3/envs/apache-airflow/lib/python3.8/site-packages/airflow/example_dags/example_branch_labels.py took 0.542 seconds
[2023-03-26T21:40:47.038+0200] {processor.py:153} INFO - Started process (PID=16761) to work on /home/humbulani/miniconda3/envs/apache-airflow/lib/python3.8/site-packages/airflow/example_dags/example_branch_labels.py
[2023-03-26T21:40:47.072+0200] {processor.py:743} INFO - Processing file /home/humbulani/miniconda3/envs/apache-airflow/lib/python3.8/site-packages/airflow/example_dags/example_branch_labels.py for tasks to queue
[2023-03-26T21:40:47.073+0200] {logging_mixin.py:137} INFO - [2023-03-26T21:40:47.073+0200] {dagbag.py:532} INFO - Filling up the DagBag from /home/humbulani/miniconda3/envs/apache-airflow/lib/python3.8/site-packages/airflow/example_dags/example_branch_labels.py
[2023-03-26T21:40:47.088+0200] {processor.py:753} INFO - DAG(s) dict_keys(['example_branch_labels']) retrieved from /home/humbulani/miniconda3/envs/apache-airflow/lib/python3.8/site-packages/airflow/example_dags/example_branch_labels.py
[2023-03-26T21:40:47.107+0200] {logging_mixin.py:137} INFO - [2023-03-26T21:40:47.107+0200] {dag.py:2693} INFO - Sync 1 DAGs
[2023-03-26T21:40:47.132+0200] {logging_mixin.py:137} INFO - [2023-03-26T21:40:47.132+0200] {dag.py:3440} INFO - Setting next_dagrun for example_branch_labels to 2023-03-25T00:00:00+00:00, run_after=2023-03-26T00:00:00+00:00
[2023-03-26T21:40:47.225+0200] {processor.py:175} INFO - Processing /home/humbulani/miniconda3/envs/apache-airflow/lib/python3.8/site-packages/airflow/example_dags/example_branch_labels.py took 0.189 seconds
[2023-03-26T21:48:18.092+0200] {processor.py:153} INFO - Started process (PID=16894) to work on /home/humbulani/miniconda3/envs/apache-airflow/lib/python3.8/site-packages/airflow/example_dags/example_branch_labels.py
[2023-03-26T21:48:18.123+0200] {processor.py:743} INFO - Processing file /home/humbulani/miniconda3/envs/apache-airflow/lib/python3.8/site-packages/airflow/example_dags/example_branch_labels.py for tasks to queue
[2023-03-26T21:48:18.123+0200] {logging_mixin.py:137} INFO - [2023-03-26T21:48:18.123+0200] {dagbag.py:532} INFO - Filling up the DagBag from /home/humbulani/miniconda3/envs/apache-airflow/lib/python3.8/site-packages/airflow/example_dags/example_branch_labels.py
[2023-03-26T21:48:18.136+0200] {processor.py:753} INFO - DAG(s) dict_keys(['example_branch_labels']) retrieved from /home/humbulani/miniconda3/envs/apache-airflow/lib/python3.8/site-packages/airflow/example_dags/example_branch_labels.py
[2023-03-26T21:48:18.153+0200] {logging_mixin.py:137} INFO - [2023-03-26T21:48:18.153+0200] {dag.py:2693} INFO - Sync 1 DAGs
[2023-03-26T21:48:18.171+0200] {logging_mixin.py:137} INFO - [2023-03-26T21:48:18.171+0200] {dag.py:3440} INFO - Setting next_dagrun for example_branch_labels to 2023-03-25T00:00:00+00:00, run_after=2023-03-26T00:00:00+00:00
[2023-03-26T21:48:18.252+0200] {processor.py:175} INFO - Processing /home/humbulani/miniconda3/envs/apache-airflow/lib/python3.8/site-packages/airflow/example_dags/example_branch_labels.py took 0.164 seconds
[2023-03-26T21:49:06.512+0200] {processor.py:153} INFO - Started process (PID=16936) to work on /home/humbulani/miniconda3/envs/apache-airflow/lib/python3.8/site-packages/airflow/example_dags/example_branch_labels.py
[2023-03-26T21:49:06.513+0200] {processor.py:743} INFO - Processing file /home/humbulani/miniconda3/envs/apache-airflow/lib/python3.8/site-packages/airflow/example_dags/example_branch_labels.py for tasks to queue
[2023-03-26T21:49:06.513+0200] {logging_mixin.py:137} INFO - [2023-03-26T21:49:06.513+0200] {dagbag.py:532} INFO - Filling up the DagBag from /home/humbulani/miniconda3/envs/apache-airflow/lib/python3.8/site-packages/airflow/example_dags/example_branch_labels.py
[2023-03-26T21:49:06.526+0200] {processor.py:753} INFO - DAG(s) dict_keys(['example_branch_labels']) retrieved from /home/humbulani/miniconda3/envs/apache-airflow/lib/python3.8/site-packages/airflow/example_dags/example_branch_labels.py
[2023-03-26T21:49:06.542+0200] {logging_mixin.py:137} INFO - [2023-03-26T21:49:06.542+0200] {dag.py:2693} INFO - Sync 1 DAGs
[2023-03-26T21:49:06.561+0200] {logging_mixin.py:137} INFO - [2023-03-26T21:49:06.561+0200] {dag.py:3440} INFO - Setting next_dagrun for example_branch_labels to 2023-03-25T00:00:00+00:00, run_after=2023-03-26T00:00:00+00:00
[2023-03-26T21:49:06.711+0200] {processor.py:175} INFO - Processing /home/humbulani/miniconda3/envs/apache-airflow/lib/python3.8/site-packages/airflow/example_dags/example_branch_labels.py took 0.201 seconds
[2023-03-26T21:49:54.858+0200] {processor.py:153} INFO - Started process (PID=16980) to work on /home/humbulani/miniconda3/envs/apache-airflow/lib/python3.8/site-packages/airflow/example_dags/example_branch_labels.py
[2023-03-26T21:49:54.859+0200] {processor.py:743} INFO - Processing file /home/humbulani/miniconda3/envs/apache-airflow/lib/python3.8/site-packages/airflow/example_dags/example_branch_labels.py for tasks to queue
[2023-03-26T21:49:54.859+0200] {logging_mixin.py:137} INFO - [2023-03-26T21:49:54.859+0200] {dagbag.py:532} INFO - Filling up the DagBag from /home/humbulani/miniconda3/envs/apache-airflow/lib/python3.8/site-packages/airflow/example_dags/example_branch_labels.py
[2023-03-26T21:49:54.873+0200] {processor.py:753} INFO - DAG(s) dict_keys(['example_branch_labels']) retrieved from /home/humbulani/miniconda3/envs/apache-airflow/lib/python3.8/site-packages/airflow/example_dags/example_branch_labels.py
[2023-03-26T21:49:54.892+0200] {logging_mixin.py:137} INFO - [2023-03-26T21:49:54.892+0200] {dag.py:2693} INFO - Sync 1 DAGs
[2023-03-26T21:49:54.913+0200] {logging_mixin.py:137} INFO - [2023-03-26T21:49:54.913+0200] {dag.py:3440} INFO - Setting next_dagrun for example_branch_labels to 2023-03-25T00:00:00+00:00, run_after=2023-03-26T00:00:00+00:00
[2023-03-26T21:49:55.015+0200] {processor.py:175} INFO - Processing /home/humbulani/miniconda3/envs/apache-airflow/lib/python3.8/site-packages/airflow/example_dags/example_branch_labels.py took 0.159 seconds
[2023-03-26T21:50:40.041+0200] {processor.py:153} INFO - Started process (PID=17023) to work on /home/humbulani/miniconda3/envs/apache-airflow/lib/python3.8/site-packages/airflow/example_dags/example_branch_labels.py
[2023-03-26T21:50:40.055+0200] {processor.py:743} INFO - Processing file /home/humbulani/miniconda3/envs/apache-airflow/lib/python3.8/site-packages/airflow/example_dags/example_branch_labels.py for tasks to queue
[2023-03-26T21:50:40.055+0200] {logging_mixin.py:137} INFO - [2023-03-26T21:50:40.055+0200] {dagbag.py:532} INFO - Filling up the DagBag from /home/humbulani/miniconda3/envs/apache-airflow/lib/python3.8/site-packages/airflow/example_dags/example_branch_labels.py
[2023-03-26T21:50:40.068+0200] {processor.py:753} INFO - DAG(s) dict_keys(['example_branch_labels']) retrieved from /home/humbulani/miniconda3/envs/apache-airflow/lib/python3.8/site-packages/airflow/example_dags/example_branch_labels.py
[2023-03-26T21:50:40.085+0200] {logging_mixin.py:137} INFO - [2023-03-26T21:50:40.085+0200] {dag.py:2693} INFO - Sync 1 DAGs
[2023-03-26T21:50:40.103+0200] {logging_mixin.py:137} INFO - [2023-03-26T21:50:40.103+0200] {dag.py:3440} INFO - Setting next_dagrun for example_branch_labels to 2023-03-25T00:00:00+00:00, run_after=2023-03-26T00:00:00+00:00
[2023-03-26T21:50:40.183+0200] {processor.py:175} INFO - Processing /home/humbulani/miniconda3/envs/apache-airflow/lib/python3.8/site-packages/airflow/example_dags/example_branch_labels.py took 0.144 seconds
[2023-03-26T21:51:25.322+0200] {processor.py:153} INFO - Started process (PID=17139) to work on /home/humbulani/miniconda3/envs/apache-airflow/lib/python3.8/site-packages/airflow/example_dags/example_branch_labels.py
[2023-03-26T21:51:25.323+0200] {processor.py:743} INFO - Processing file /home/humbulani/miniconda3/envs/apache-airflow/lib/python3.8/site-packages/airflow/example_dags/example_branch_labels.py for tasks to queue
[2023-03-26T21:51:25.323+0200] {logging_mixin.py:137} INFO - [2023-03-26T21:51:25.323+0200] {dagbag.py:532} INFO - Filling up the DagBag from /home/humbulani/miniconda3/envs/apache-airflow/lib/python3.8/site-packages/airflow/example_dags/example_branch_labels.py
[2023-03-26T21:51:25.340+0200] {processor.py:753} INFO - DAG(s) dict_keys(['example_branch_labels']) retrieved from /home/humbulani/miniconda3/envs/apache-airflow/lib/python3.8/site-packages/airflow/example_dags/example_branch_labels.py
[2023-03-26T21:51:25.357+0200] {logging_mixin.py:137} INFO - [2023-03-26T21:51:25.357+0200] {dag.py:2693} INFO - Sync 1 DAGs
[2023-03-26T21:51:25.375+0200] {logging_mixin.py:137} INFO - [2023-03-26T21:51:25.375+0200] {dag.py:3440} INFO - Setting next_dagrun for example_branch_labels to 2023-03-25T00:00:00+00:00, run_after=2023-03-26T00:00:00+00:00
[2023-03-26T21:51:25.460+0200] {processor.py:175} INFO - Processing /home/humbulani/miniconda3/envs/apache-airflow/lib/python3.8/site-packages/airflow/example_dags/example_branch_labels.py took 0.142 seconds
[2023-03-26T21:52:11.931+0200] {processor.py:153} INFO - Started process (PID=17183) to work on /home/humbulani/miniconda3/envs/apache-airflow/lib/python3.8/site-packages/airflow/example_dags/example_branch_labels.py
[2023-03-26T21:52:11.932+0200] {processor.py:743} INFO - Processing file /home/humbulani/miniconda3/envs/apache-airflow/lib/python3.8/site-packages/airflow/example_dags/example_branch_labels.py for tasks to queue
[2023-03-26T21:52:11.934+0200] {logging_mixin.py:137} INFO - [2023-03-26T21:52:11.933+0200] {dagbag.py:532} INFO - Filling up the DagBag from /home/humbulani/miniconda3/envs/apache-airflow/lib/python3.8/site-packages/airflow/example_dags/example_branch_labels.py
[2023-03-26T21:52:11.949+0200] {processor.py:753} INFO - DAG(s) dict_keys(['example_branch_labels']) retrieved from /home/humbulani/miniconda3/envs/apache-airflow/lib/python3.8/site-packages/airflow/example_dags/example_branch_labels.py
[2023-03-26T21:52:11.966+0200] {logging_mixin.py:137} INFO - [2023-03-26T21:52:11.966+0200] {dag.py:2693} INFO - Sync 1 DAGs
[2023-03-26T21:52:11.984+0200] {logging_mixin.py:137} INFO - [2023-03-26T21:52:11.984+0200] {dag.py:3440} INFO - Setting next_dagrun for example_branch_labels to 2023-03-25T00:00:00+00:00, run_after=2023-03-26T00:00:00+00:00
[2023-03-26T21:52:12.089+0200] {processor.py:175} INFO - Processing /home/humbulani/miniconda3/envs/apache-airflow/lib/python3.8/site-packages/airflow/example_dags/example_branch_labels.py took 0.161 seconds
[2023-03-26T21:53:01.068+0200] {processor.py:153} INFO - Started process (PID=17232) to work on /home/humbulani/miniconda3/envs/apache-airflow/lib/python3.8/site-packages/airflow/example_dags/example_branch_labels.py
[2023-03-26T21:53:01.099+0200] {processor.py:743} INFO - Processing file /home/humbulani/miniconda3/envs/apache-airflow/lib/python3.8/site-packages/airflow/example_dags/example_branch_labels.py for tasks to queue
[2023-03-26T21:53:01.099+0200] {logging_mixin.py:137} INFO - [2023-03-26T21:53:01.099+0200] {dagbag.py:532} INFO - Filling up the DagBag from /home/humbulani/miniconda3/envs/apache-airflow/lib/python3.8/site-packages/airflow/example_dags/example_branch_labels.py
[2023-03-26T21:53:01.112+0200] {processor.py:753} INFO - DAG(s) dict_keys(['example_branch_labels']) retrieved from /home/humbulani/miniconda3/envs/apache-airflow/lib/python3.8/site-packages/airflow/example_dags/example_branch_labels.py
[2023-03-26T21:53:01.129+0200] {logging_mixin.py:137} INFO - [2023-03-26T21:53:01.128+0200] {dag.py:2693} INFO - Sync 1 DAGs
[2023-03-26T21:53:01.226+0200] {logging_mixin.py:137} INFO - [2023-03-26T21:53:01.226+0200] {dag.py:3440} INFO - Setting next_dagrun for example_branch_labels to 2023-03-25T00:00:00+00:00, run_after=2023-03-26T00:00:00+00:00
[2023-03-26T21:53:01.299+0200] {processor.py:175} INFO - Processing /home/humbulani/miniconda3/envs/apache-airflow/lib/python3.8/site-packages/airflow/example_dags/example_branch_labels.py took 0.234 seconds
[2023-03-26T21:53:51.013+0200] {processor.py:153} INFO - Started process (PID=17281) to work on /home/humbulani/miniconda3/envs/apache-airflow/lib/python3.8/site-packages/airflow/example_dags/example_branch_labels.py
[2023-03-26T21:53:51.060+0200] {processor.py:743} INFO - Processing file /home/humbulani/miniconda3/envs/apache-airflow/lib/python3.8/site-packages/airflow/example_dags/example_branch_labels.py for tasks to queue
[2023-03-26T21:53:51.061+0200] {logging_mixin.py:137} INFO - [2023-03-26T21:53:51.061+0200] {dagbag.py:532} INFO - Filling up the DagBag from /home/humbulani/miniconda3/envs/apache-airflow/lib/python3.8/site-packages/airflow/example_dags/example_branch_labels.py
[2023-03-26T21:53:51.073+0200] {processor.py:753} INFO - DAG(s) dict_keys(['example_branch_labels']) retrieved from /home/humbulani/miniconda3/envs/apache-airflow/lib/python3.8/site-packages/airflow/example_dags/example_branch_labels.py
[2023-03-26T21:53:51.090+0200] {logging_mixin.py:137} INFO - [2023-03-26T21:53:51.090+0200] {dag.py:2693} INFO - Sync 1 DAGs
[2023-03-26T21:53:51.189+0200] {logging_mixin.py:137} INFO - [2023-03-26T21:53:51.189+0200] {dag.py:3440} INFO - Setting next_dagrun for example_branch_labels to 2023-03-25T00:00:00+00:00, run_after=2023-03-26T00:00:00+00:00
[2023-03-26T21:53:51.261+0200] {processor.py:175} INFO - Processing /home/humbulani/miniconda3/envs/apache-airflow/lib/python3.8/site-packages/airflow/example_dags/example_branch_labels.py took 0.250 seconds
[2023-03-26T21:54:40.612+0200] {processor.py:153} INFO - Started process (PID=17327) to work on /home/humbulani/miniconda3/envs/apache-airflow/lib/python3.8/site-packages/airflow/example_dags/example_branch_labels.py
[2023-03-26T21:54:40.664+0200] {processor.py:743} INFO - Processing file /home/humbulani/miniconda3/envs/apache-airflow/lib/python3.8/site-packages/airflow/example_dags/example_branch_labels.py for tasks to queue
[2023-03-26T21:54:40.664+0200] {logging_mixin.py:137} INFO - [2023-03-26T21:54:40.664+0200] {dagbag.py:532} INFO - Filling up the DagBag from /home/humbulani/miniconda3/envs/apache-airflow/lib/python3.8/site-packages/airflow/example_dags/example_branch_labels.py
[2023-03-26T21:54:40.679+0200] {processor.py:753} INFO - DAG(s) dict_keys(['example_branch_labels']) retrieved from /home/humbulani/miniconda3/envs/apache-airflow/lib/python3.8/site-packages/airflow/example_dags/example_branch_labels.py
[2023-03-26T21:54:40.784+0200] {logging_mixin.py:137} INFO - [2023-03-26T21:54:40.784+0200] {dag.py:2693} INFO - Sync 1 DAGs
[2023-03-26T21:54:40.802+0200] {logging_mixin.py:137} INFO - [2023-03-26T21:54:40.802+0200] {dag.py:3440} INFO - Setting next_dagrun for example_branch_labels to 2023-03-25T00:00:00+00:00, run_after=2023-03-26T00:00:00+00:00
[2023-03-26T21:54:40.881+0200] {processor.py:175} INFO - Processing /home/humbulani/miniconda3/envs/apache-airflow/lib/python3.8/site-packages/airflow/example_dags/example_branch_labels.py took 0.272 seconds
[2023-03-26T21:55:29.268+0200] {processor.py:153} INFO - Started process (PID=17371) to work on /home/humbulani/miniconda3/envs/apache-airflow/lib/python3.8/site-packages/airflow/example_dags/example_branch_labels.py
[2023-03-26T21:55:29.269+0200] {processor.py:743} INFO - Processing file /home/humbulani/miniconda3/envs/apache-airflow/lib/python3.8/site-packages/airflow/example_dags/example_branch_labels.py for tasks to queue
[2023-03-26T21:55:29.269+0200] {logging_mixin.py:137} INFO - [2023-03-26T21:55:29.269+0200] {dagbag.py:532} INFO - Filling up the DagBag from /home/humbulani/miniconda3/envs/apache-airflow/lib/python3.8/site-packages/airflow/example_dags/example_branch_labels.py
[2023-03-26T21:55:29.286+0200] {processor.py:753} INFO - DAG(s) dict_keys(['example_branch_labels']) retrieved from /home/humbulani/miniconda3/envs/apache-airflow/lib/python3.8/site-packages/airflow/example_dags/example_branch_labels.py
[2023-03-26T21:55:29.382+0200] {logging_mixin.py:137} INFO - [2023-03-26T21:55:29.382+0200] {dag.py:2693} INFO - Sync 1 DAGs
[2023-03-26T21:55:29.398+0200] {logging_mixin.py:137} INFO - [2023-03-26T21:55:29.398+0200] {dag.py:3440} INFO - Setting next_dagrun for example_branch_labels to 2023-03-25T00:00:00+00:00, run_after=2023-03-26T00:00:00+00:00
[2023-03-26T21:55:29.476+0200] {processor.py:175} INFO - Processing /home/humbulani/miniconda3/envs/apache-airflow/lib/python3.8/site-packages/airflow/example_dags/example_branch_labels.py took 0.211 seconds
[2023-03-26T21:56:19.046+0200] {processor.py:153} INFO - Started process (PID=17473) to work on /home/humbulani/miniconda3/envs/apache-airflow/lib/python3.8/site-packages/airflow/example_dags/example_branch_labels.py
[2023-03-26T21:56:19.053+0200] {processor.py:743} INFO - Processing file /home/humbulani/miniconda3/envs/apache-airflow/lib/python3.8/site-packages/airflow/example_dags/example_branch_labels.py for tasks to queue
[2023-03-26T21:56:19.138+0200] {logging_mixin.py:137} INFO - [2023-03-26T21:56:19.137+0200] {dagbag.py:532} INFO - Filling up the DagBag from /home/humbulani/miniconda3/envs/apache-airflow/lib/python3.8/site-packages/airflow/example_dags/example_branch_labels.py
[2023-03-26T21:56:19.148+0200] {processor.py:753} INFO - DAG(s) dict_keys(['example_branch_labels']) retrieved from /home/humbulani/miniconda3/envs/apache-airflow/lib/python3.8/site-packages/airflow/example_dags/example_branch_labels.py
[2023-03-26T21:56:19.162+0200] {logging_mixin.py:137} INFO - [2023-03-26T21:56:19.162+0200] {dag.py:2693} INFO - Sync 1 DAGs
[2023-03-26T21:56:19.179+0200] {logging_mixin.py:137} INFO - [2023-03-26T21:56:19.179+0200] {dag.py:3440} INFO - Setting next_dagrun for example_branch_labels to 2023-03-25T00:00:00+00:00, run_after=2023-03-26T00:00:00+00:00
[2023-03-26T21:56:19.332+0200] {processor.py:175} INFO - Processing /home/humbulani/miniconda3/envs/apache-airflow/lib/python3.8/site-packages/airflow/example_dags/example_branch_labels.py took 0.288 seconds
[2023-03-26T21:57:02.638+0200] {processor.py:153} INFO - Started process (PID=17525) to work on /home/humbulani/miniconda3/envs/apache-airflow/lib/python3.8/site-packages/airflow/example_dags/example_branch_labels.py
[2023-03-26T21:57:02.639+0200] {processor.py:743} INFO - Processing file /home/humbulani/miniconda3/envs/apache-airflow/lib/python3.8/site-packages/airflow/example_dags/example_branch_labels.py for tasks to queue
[2023-03-26T21:57:02.640+0200] {logging_mixin.py:137} INFO - [2023-03-26T21:57:02.640+0200] {dagbag.py:532} INFO - Filling up the DagBag from /home/humbulani/miniconda3/envs/apache-airflow/lib/python3.8/site-packages/airflow/example_dags/example_branch_labels.py
[2023-03-26T21:57:02.652+0200] {processor.py:753} INFO - DAG(s) dict_keys(['example_branch_labels']) retrieved from /home/humbulani/miniconda3/envs/apache-airflow/lib/python3.8/site-packages/airflow/example_dags/example_branch_labels.py
[2023-03-26T21:57:02.669+0200] {logging_mixin.py:137} INFO - [2023-03-26T21:57:02.669+0200] {dag.py:2693} INFO - Sync 1 DAGs
[2023-03-26T21:57:02.688+0200] {logging_mixin.py:137} INFO - [2023-03-26T21:57:02.688+0200] {dag.py:3440} INFO - Setting next_dagrun for example_branch_labels to 2023-03-25T00:00:00+00:00, run_after=2023-03-26T00:00:00+00:00
[2023-03-26T21:57:02.774+0200] {processor.py:175} INFO - Processing /home/humbulani/miniconda3/envs/apache-airflow/lib/python3.8/site-packages/airflow/example_dags/example_branch_labels.py took 0.138 seconds
[2023-03-26T21:57:45.147+0200] {processor.py:153} INFO - Started process (PID=17626) to work on /home/humbulani/miniconda3/envs/apache-airflow/lib/python3.8/site-packages/airflow/example_dags/example_branch_labels.py
[2023-03-26T21:57:45.159+0200] {processor.py:743} INFO - Processing file /home/humbulani/miniconda3/envs/apache-airflow/lib/python3.8/site-packages/airflow/example_dags/example_branch_labels.py for tasks to queue
[2023-03-26T21:57:45.160+0200] {logging_mixin.py:137} INFO - [2023-03-26T21:57:45.160+0200] {dagbag.py:532} INFO - Filling up the DagBag from /home/humbulani/miniconda3/envs/apache-airflow/lib/python3.8/site-packages/airflow/example_dags/example_branch_labels.py
[2023-03-26T21:57:45.173+0200] {processor.py:753} INFO - DAG(s) dict_keys(['example_branch_labels']) retrieved from /home/humbulani/miniconda3/envs/apache-airflow/lib/python3.8/site-packages/airflow/example_dags/example_branch_labels.py
[2023-03-26T21:57:45.191+0200] {logging_mixin.py:137} INFO - [2023-03-26T21:57:45.191+0200] {dag.py:2693} INFO - Sync 1 DAGs
[2023-03-26T21:57:45.209+0200] {logging_mixin.py:137} INFO - [2023-03-26T21:57:45.209+0200] {dag.py:3440} INFO - Setting next_dagrun for example_branch_labels to 2023-03-25T00:00:00+00:00, run_after=2023-03-26T00:00:00+00:00
[2023-03-26T21:57:45.287+0200] {processor.py:175} INFO - Processing /home/humbulani/miniconda3/envs/apache-airflow/lib/python3.8/site-packages/airflow/example_dags/example_branch_labels.py took 0.143 seconds
[2023-03-26T21:58:33.908+0200] {processor.py:153} INFO - Started process (PID=17869) to work on /home/humbulani/miniconda3/envs/apache-airflow/lib/python3.8/site-packages/airflow/example_dags/example_branch_labels.py
[2023-03-26T21:58:33.921+0200] {processor.py:743} INFO - Processing file /home/humbulani/miniconda3/envs/apache-airflow/lib/python3.8/site-packages/airflow/example_dags/example_branch_labels.py for tasks to queue
[2023-03-26T21:58:33.922+0200] {logging_mixin.py:137} INFO - [2023-03-26T21:58:33.921+0200] {dagbag.py:532} INFO - Filling up the DagBag from /home/humbulani/miniconda3/envs/apache-airflow/lib/python3.8/site-packages/airflow/example_dags/example_branch_labels.py
[2023-03-26T21:58:33.934+0200] {processor.py:753} INFO - DAG(s) dict_keys(['example_branch_labels']) retrieved from /home/humbulani/miniconda3/envs/apache-airflow/lib/python3.8/site-packages/airflow/example_dags/example_branch_labels.py
[2023-03-26T21:58:33.951+0200] {logging_mixin.py:137} INFO - [2023-03-26T21:58:33.951+0200] {dag.py:2693} INFO - Sync 1 DAGs
[2023-03-26T21:58:33.970+0200] {logging_mixin.py:137} INFO - [2023-03-26T21:58:33.969+0200] {dag.py:3440} INFO - Setting next_dagrun for example_branch_labels to 2023-03-25T00:00:00+00:00, run_after=2023-03-26T00:00:00+00:00
[2023-03-26T21:58:34.047+0200] {processor.py:175} INFO - Processing /home/humbulani/miniconda3/envs/apache-airflow/lib/python3.8/site-packages/airflow/example_dags/example_branch_labels.py took 0.142 seconds
[2023-03-26T21:59:21.420+0200] {processor.py:153} INFO - Started process (PID=18006) to work on /home/humbulani/miniconda3/envs/apache-airflow/lib/python3.8/site-packages/airflow/example_dags/example_branch_labels.py
[2023-03-26T21:59:21.432+0200] {processor.py:743} INFO - Processing file /home/humbulani/miniconda3/envs/apache-airflow/lib/python3.8/site-packages/airflow/example_dags/example_branch_labels.py for tasks to queue
[2023-03-26T21:59:21.433+0200] {logging_mixin.py:137} INFO - [2023-03-26T21:59:21.433+0200] {dagbag.py:532} INFO - Filling up the DagBag from /home/humbulani/miniconda3/envs/apache-airflow/lib/python3.8/site-packages/airflow/example_dags/example_branch_labels.py
[2023-03-26T21:59:21.446+0200] {processor.py:753} INFO - DAG(s) dict_keys(['example_branch_labels']) retrieved from /home/humbulani/miniconda3/envs/apache-airflow/lib/python3.8/site-packages/airflow/example_dags/example_branch_labels.py
[2023-03-26T21:59:21.462+0200] {logging_mixin.py:137} INFO - [2023-03-26T21:59:21.462+0200] {dag.py:2693} INFO - Sync 1 DAGs
[2023-03-26T21:59:21.482+0200] {logging_mixin.py:137} INFO - [2023-03-26T21:59:21.482+0200] {dag.py:3440} INFO - Setting next_dagrun for example_branch_labels to 2023-03-25T00:00:00+00:00, run_after=2023-03-26T00:00:00+00:00
[2023-03-26T21:59:21.611+0200] {processor.py:175} INFO - Processing /home/humbulani/miniconda3/envs/apache-airflow/lib/python3.8/site-packages/airflow/example_dags/example_branch_labels.py took 0.193 seconds
[2023-03-26T22:00:09.031+0200] {processor.py:153} INFO - Started process (PID=18145) to work on /home/humbulani/miniconda3/envs/apache-airflow/lib/python3.8/site-packages/airflow/example_dags/example_branch_labels.py
[2023-03-26T22:00:09.064+0200] {processor.py:743} INFO - Processing file /home/humbulani/miniconda3/envs/apache-airflow/lib/python3.8/site-packages/airflow/example_dags/example_branch_labels.py for tasks to queue
[2023-03-26T22:00:09.065+0200] {logging_mixin.py:137} INFO - [2023-03-26T22:00:09.065+0200] {dagbag.py:532} INFO - Filling up the DagBag from /home/humbulani/miniconda3/envs/apache-airflow/lib/python3.8/site-packages/airflow/example_dags/example_branch_labels.py
[2023-03-26T22:00:09.078+0200] {processor.py:753} INFO - DAG(s) dict_keys(['example_branch_labels']) retrieved from /home/humbulani/miniconda3/envs/apache-airflow/lib/python3.8/site-packages/airflow/example_dags/example_branch_labels.py
[2023-03-26T22:00:09.095+0200] {logging_mixin.py:137} INFO - [2023-03-26T22:00:09.095+0200] {dag.py:2693} INFO - Sync 1 DAGs
[2023-03-26T22:00:09.113+0200] {logging_mixin.py:137} INFO - [2023-03-26T22:00:09.113+0200] {dag.py:3440} INFO - Setting next_dagrun for example_branch_labels to 2023-03-25T00:00:00+00:00, run_after=2023-03-26T00:00:00+00:00
[2023-03-26T22:00:09.189+0200] {processor.py:175} INFO - Processing /home/humbulani/miniconda3/envs/apache-airflow/lib/python3.8/site-packages/airflow/example_dags/example_branch_labels.py took 0.160 seconds
[2023-03-26T22:00:54.800+0200] {processor.py:153} INFO - Started process (PID=18236) to work on /home/humbulani/miniconda3/envs/apache-airflow/lib/python3.8/site-packages/airflow/example_dags/example_branch_labels.py
[2023-03-26T22:00:54.826+0200] {processor.py:743} INFO - Processing file /home/humbulani/miniconda3/envs/apache-airflow/lib/python3.8/site-packages/airflow/example_dags/example_branch_labels.py for tasks to queue
[2023-03-26T22:00:54.827+0200] {logging_mixin.py:137} INFO - [2023-03-26T22:00:54.826+0200] {dagbag.py:532} INFO - Filling up the DagBag from /home/humbulani/miniconda3/envs/apache-airflow/lib/python3.8/site-packages/airflow/example_dags/example_branch_labels.py
[2023-03-26T22:00:54.839+0200] {processor.py:753} INFO - DAG(s) dict_keys(['example_branch_labels']) retrieved from /home/humbulani/miniconda3/envs/apache-airflow/lib/python3.8/site-packages/airflow/example_dags/example_branch_labels.py
[2023-03-26T22:00:54.856+0200] {logging_mixin.py:137} INFO - [2023-03-26T22:00:54.856+0200] {dag.py:2693} INFO - Sync 1 DAGs
[2023-03-26T22:00:54.875+0200] {logging_mixin.py:137} INFO - [2023-03-26T22:00:54.875+0200] {dag.py:3440} INFO - Setting next_dagrun for example_branch_labels to 2023-03-25T00:00:00+00:00, run_after=2023-03-26T00:00:00+00:00
[2023-03-26T22:00:54.958+0200] {processor.py:175} INFO - Processing /home/humbulani/miniconda3/envs/apache-airflow/lib/python3.8/site-packages/airflow/example_dags/example_branch_labels.py took 0.160 seconds
[2023-03-26T22:01:41.528+0200] {processor.py:153} INFO - Started process (PID=18486) to work on /home/humbulani/miniconda3/envs/apache-airflow/lib/python3.8/site-packages/airflow/example_dags/example_branch_labels.py
[2023-03-26T22:01:41.542+0200] {processor.py:743} INFO - Processing file /home/humbulani/miniconda3/envs/apache-airflow/lib/python3.8/site-packages/airflow/example_dags/example_branch_labels.py for tasks to queue
[2023-03-26T22:01:41.542+0200] {logging_mixin.py:137} INFO - [2023-03-26T22:01:41.542+0200] {dagbag.py:532} INFO - Filling up the DagBag from /home/humbulani/miniconda3/envs/apache-airflow/lib/python3.8/site-packages/airflow/example_dags/example_branch_labels.py
[2023-03-26T22:01:41.556+0200] {processor.py:753} INFO - DAG(s) dict_keys(['example_branch_labels']) retrieved from /home/humbulani/miniconda3/envs/apache-airflow/lib/python3.8/site-packages/airflow/example_dags/example_branch_labels.py
[2023-03-26T22:01:41.574+0200] {logging_mixin.py:137} INFO - [2023-03-26T22:01:41.573+0200] {dag.py:2693} INFO - Sync 1 DAGs
[2023-03-26T22:01:41.594+0200] {logging_mixin.py:137} INFO - [2023-03-26T22:01:41.594+0200] {dag.py:3440} INFO - Setting next_dagrun for example_branch_labels to 2023-03-25T00:00:00+00:00, run_after=2023-03-26T00:00:00+00:00
[2023-03-26T22:01:41.669+0200] {processor.py:175} INFO - Processing /home/humbulani/miniconda3/envs/apache-airflow/lib/python3.8/site-packages/airflow/example_dags/example_branch_labels.py took 0.143 seconds
[2023-03-26T22:02:28.861+0200] {processor.py:153} INFO - Started process (PID=18536) to work on /home/humbulani/miniconda3/envs/apache-airflow/lib/python3.8/site-packages/airflow/example_dags/example_branch_labels.py
[2023-03-26T22:02:28.862+0200] {processor.py:743} INFO - Processing file /home/humbulani/miniconda3/envs/apache-airflow/lib/python3.8/site-packages/airflow/example_dags/example_branch_labels.py for tasks to queue
[2023-03-26T22:02:28.862+0200] {logging_mixin.py:137} INFO - [2023-03-26T22:02:28.862+0200] {dagbag.py:532} INFO - Filling up the DagBag from /home/humbulani/miniconda3/envs/apache-airflow/lib/python3.8/site-packages/airflow/example_dags/example_branch_labels.py
[2023-03-26T22:02:28.875+0200] {processor.py:753} INFO - DAG(s) dict_keys(['example_branch_labels']) retrieved from /home/humbulani/miniconda3/envs/apache-airflow/lib/python3.8/site-packages/airflow/example_dags/example_branch_labels.py
[2023-03-26T22:02:28.892+0200] {logging_mixin.py:137} INFO - [2023-03-26T22:02:28.892+0200] {dag.py:2693} INFO - Sync 1 DAGs
[2023-03-26T22:02:28.910+0200] {logging_mixin.py:137} INFO - [2023-03-26T22:02:28.910+0200] {dag.py:3440} INFO - Setting next_dagrun for example_branch_labels to 2023-03-25T00:00:00+00:00, run_after=2023-03-26T00:00:00+00:00
[2023-03-26T22:02:29.039+0200] {processor.py:175} INFO - Processing /home/humbulani/miniconda3/envs/apache-airflow/lib/python3.8/site-packages/airflow/example_dags/example_branch_labels.py took 0.181 seconds
[2023-03-26T22:03:14.577+0200] {processor.py:153} INFO - Started process (PID=18591) to work on /home/humbulani/miniconda3/envs/apache-airflow/lib/python3.8/site-packages/airflow/example_dags/example_branch_labels.py
[2023-03-26T22:03:14.590+0200] {processor.py:743} INFO - Processing file /home/humbulani/miniconda3/envs/apache-airflow/lib/python3.8/site-packages/airflow/example_dags/example_branch_labels.py for tasks to queue
[2023-03-26T22:03:14.591+0200] {logging_mixin.py:137} INFO - [2023-03-26T22:03:14.591+0200] {dagbag.py:532} INFO - Filling up the DagBag from /home/humbulani/miniconda3/envs/apache-airflow/lib/python3.8/site-packages/airflow/example_dags/example_branch_labels.py
[2023-03-26T22:03:14.605+0200] {processor.py:753} INFO - DAG(s) dict_keys(['example_branch_labels']) retrieved from /home/humbulani/miniconda3/envs/apache-airflow/lib/python3.8/site-packages/airflow/example_dags/example_branch_labels.py
[2023-03-26T22:03:14.622+0200] {logging_mixin.py:137} INFO - [2023-03-26T22:03:14.622+0200] {dag.py:2693} INFO - Sync 1 DAGs
[2023-03-26T22:03:14.641+0200] {logging_mixin.py:137} INFO - [2023-03-26T22:03:14.641+0200] {dag.py:3440} INFO - Setting next_dagrun for example_branch_labels to 2023-03-25T00:00:00+00:00, run_after=2023-03-26T00:00:00+00:00
[2023-03-26T22:03:14.736+0200] {processor.py:175} INFO - Processing /home/humbulani/miniconda3/envs/apache-airflow/lib/python3.8/site-packages/airflow/example_dags/example_branch_labels.py took 0.162 seconds
[2023-03-26T22:03:59.890+0200] {processor.py:153} INFO - Started process (PID=18663) to work on /home/humbulani/miniconda3/envs/apache-airflow/lib/python3.8/site-packages/airflow/example_dags/example_branch_labels.py
[2023-03-26T22:03:59.905+0200] {processor.py:743} INFO - Processing file /home/humbulani/miniconda3/envs/apache-airflow/lib/python3.8/site-packages/airflow/example_dags/example_branch_labels.py for tasks to queue
[2023-03-26T22:03:59.906+0200] {logging_mixin.py:137} INFO - [2023-03-26T22:03:59.905+0200] {dagbag.py:532} INFO - Filling up the DagBag from /home/humbulani/miniconda3/envs/apache-airflow/lib/python3.8/site-packages/airflow/example_dags/example_branch_labels.py
[2023-03-26T22:03:59.918+0200] {processor.py:753} INFO - DAG(s) dict_keys(['example_branch_labels']) retrieved from /home/humbulani/miniconda3/envs/apache-airflow/lib/python3.8/site-packages/airflow/example_dags/example_branch_labels.py
[2023-03-26T22:03:59.936+0200] {logging_mixin.py:137} INFO - [2023-03-26T22:03:59.936+0200] {dag.py:2693} INFO - Sync 1 DAGs
[2023-03-26T22:03:59.955+0200] {logging_mixin.py:137} INFO - [2023-03-26T22:03:59.955+0200] {dag.py:3440} INFO - Setting next_dagrun for example_branch_labels to 2023-03-25T00:00:00+00:00, run_after=2023-03-26T00:00:00+00:00
[2023-03-26T22:04:00.029+0200] {processor.py:175} INFO - Processing /home/humbulani/miniconda3/envs/apache-airflow/lib/python3.8/site-packages/airflow/example_dags/example_branch_labels.py took 0.141 seconds
[2023-03-26T22:04:44.649+0200] {processor.py:153} INFO - Started process (PID=18716) to work on /home/humbulani/miniconda3/envs/apache-airflow/lib/python3.8/site-packages/airflow/example_dags/example_branch_labels.py
[2023-03-26T22:04:44.667+0200] {processor.py:743} INFO - Processing file /home/humbulani/miniconda3/envs/apache-airflow/lib/python3.8/site-packages/airflow/example_dags/example_branch_labels.py for tasks to queue
[2023-03-26T22:04:44.667+0200] {logging_mixin.py:137} INFO - [2023-03-26T22:04:44.667+0200] {dagbag.py:532} INFO - Filling up the DagBag from /home/humbulani/miniconda3/envs/apache-airflow/lib/python3.8/site-packages/airflow/example_dags/example_branch_labels.py
[2023-03-26T22:04:44.683+0200] {processor.py:753} INFO - DAG(s) dict_keys(['example_branch_labels']) retrieved from /home/humbulani/miniconda3/envs/apache-airflow/lib/python3.8/site-packages/airflow/example_dags/example_branch_labels.py
[2023-03-26T22:04:44.702+0200] {logging_mixin.py:137} INFO - [2023-03-26T22:04:44.702+0200] {dag.py:2693} INFO - Sync 1 DAGs
[2023-03-26T22:04:44.722+0200] {logging_mixin.py:137} INFO - [2023-03-26T22:04:44.722+0200] {dag.py:3440} INFO - Setting next_dagrun for example_branch_labels to 2023-03-25T00:00:00+00:00, run_after=2023-03-26T00:00:00+00:00
[2023-03-26T22:04:44.807+0200] {processor.py:175} INFO - Processing /home/humbulani/miniconda3/envs/apache-airflow/lib/python3.8/site-packages/airflow/example_dags/example_branch_labels.py took 0.160 seconds
[2023-03-26T22:05:29.803+0200] {processor.py:153} INFO - Started process (PID=18771) to work on /home/humbulani/miniconda3/envs/apache-airflow/lib/python3.8/site-packages/airflow/example_dags/example_branch_labels.py
[2023-03-26T22:05:29.803+0200] {processor.py:743} INFO - Processing file /home/humbulani/miniconda3/envs/apache-airflow/lib/python3.8/site-packages/airflow/example_dags/example_branch_labels.py for tasks to queue
[2023-03-26T22:05:29.804+0200] {logging_mixin.py:137} INFO - [2023-03-26T22:05:29.804+0200] {dagbag.py:532} INFO - Filling up the DagBag from /home/humbulani/miniconda3/envs/apache-airflow/lib/python3.8/site-packages/airflow/example_dags/example_branch_labels.py
[2023-03-26T22:05:29.819+0200] {processor.py:753} INFO - DAG(s) dict_keys(['example_branch_labels']) retrieved from /home/humbulani/miniconda3/envs/apache-airflow/lib/python3.8/site-packages/airflow/example_dags/example_branch_labels.py
[2023-03-26T22:05:29.837+0200] {logging_mixin.py:137} INFO - [2023-03-26T22:05:29.836+0200] {dag.py:2693} INFO - Sync 1 DAGs
[2023-03-26T22:05:29.857+0200] {logging_mixin.py:137} INFO - [2023-03-26T22:05:29.857+0200] {dag.py:3440} INFO - Setting next_dagrun for example_branch_labels to 2023-03-25T00:00:00+00:00, run_after=2023-03-26T00:00:00+00:00
[2023-03-26T22:05:29.935+0200] {processor.py:175} INFO - Processing /home/humbulani/miniconda3/envs/apache-airflow/lib/python3.8/site-packages/airflow/example_dags/example_branch_labels.py took 0.135 seconds
[2023-03-26T22:06:14.265+0200] {processor.py:153} INFO - Started process (PID=18818) to work on /home/humbulani/miniconda3/envs/apache-airflow/lib/python3.8/site-packages/airflow/example_dags/example_branch_labels.py
[2023-03-26T22:06:14.266+0200] {processor.py:743} INFO - Processing file /home/humbulani/miniconda3/envs/apache-airflow/lib/python3.8/site-packages/airflow/example_dags/example_branch_labels.py for tasks to queue
[2023-03-26T22:06:14.266+0200] {logging_mixin.py:137} INFO - [2023-03-26T22:06:14.266+0200] {dagbag.py:532} INFO - Filling up the DagBag from /home/humbulani/miniconda3/envs/apache-airflow/lib/python3.8/site-packages/airflow/example_dags/example_branch_labels.py
[2023-03-26T22:06:14.279+0200] {processor.py:753} INFO - DAG(s) dict_keys(['example_branch_labels']) retrieved from /home/humbulani/miniconda3/envs/apache-airflow/lib/python3.8/site-packages/airflow/example_dags/example_branch_labels.py
[2023-03-26T22:06:14.296+0200] {logging_mixin.py:137} INFO - [2023-03-26T22:06:14.296+0200] {dag.py:2693} INFO - Sync 1 DAGs
[2023-03-26T22:06:14.314+0200] {logging_mixin.py:137} INFO - [2023-03-26T22:06:14.314+0200] {dag.py:3440} INFO - Setting next_dagrun for example_branch_labels to 2023-03-25T00:00:00+00:00, run_after=2023-03-26T00:00:00+00:00
[2023-03-26T22:06:14.398+0200] {processor.py:175} INFO - Processing /home/humbulani/miniconda3/envs/apache-airflow/lib/python3.8/site-packages/airflow/example_dags/example_branch_labels.py took 0.135 seconds
[2023-03-26T22:07:01.523+0200] {processor.py:153} INFO - Started process (PID=18921) to work on /home/humbulani/miniconda3/envs/apache-airflow/lib/python3.8/site-packages/airflow/example_dags/example_branch_labels.py
[2023-03-26T22:07:01.542+0200] {processor.py:743} INFO - Processing file /home/humbulani/miniconda3/envs/apache-airflow/lib/python3.8/site-packages/airflow/example_dags/example_branch_labels.py for tasks to queue
[2023-03-26T22:07:01.542+0200] {logging_mixin.py:137} INFO - [2023-03-26T22:07:01.542+0200] {dagbag.py:532} INFO - Filling up the DagBag from /home/humbulani/miniconda3/envs/apache-airflow/lib/python3.8/site-packages/airflow/example_dags/example_branch_labels.py
[2023-03-26T22:07:01.559+0200] {processor.py:753} INFO - DAG(s) dict_keys(['example_branch_labels']) retrieved from /home/humbulani/miniconda3/envs/apache-airflow/lib/python3.8/site-packages/airflow/example_dags/example_branch_labels.py
[2023-03-26T22:07:01.578+0200] {logging_mixin.py:137} INFO - [2023-03-26T22:07:01.578+0200] {dag.py:2693} INFO - Sync 1 DAGs
[2023-03-26T22:07:01.597+0200] {logging_mixin.py:137} INFO - [2023-03-26T22:07:01.597+0200] {dag.py:3440} INFO - Setting next_dagrun for example_branch_labels to 2023-03-25T00:00:00+00:00, run_after=2023-03-26T00:00:00+00:00
[2023-03-26T22:07:01.687+0200] {processor.py:175} INFO - Processing /home/humbulani/miniconda3/envs/apache-airflow/lib/python3.8/site-packages/airflow/example_dags/example_branch_labels.py took 0.167 seconds
[2023-03-26T22:07:47.570+0200] {processor.py:153} INFO - Started process (PID=19007) to work on /home/humbulani/miniconda3/envs/apache-airflow/lib/python3.8/site-packages/airflow/example_dags/example_branch_labels.py
[2023-03-26T22:07:47.589+0200] {processor.py:743} INFO - Processing file /home/humbulani/miniconda3/envs/apache-airflow/lib/python3.8/site-packages/airflow/example_dags/example_branch_labels.py for tasks to queue
[2023-03-26T22:07:47.590+0200] {logging_mixin.py:137} INFO - [2023-03-26T22:07:47.590+0200] {dagbag.py:532} INFO - Filling up the DagBag from /home/humbulani/miniconda3/envs/apache-airflow/lib/python3.8/site-packages/airflow/example_dags/example_branch_labels.py
[2023-03-26T22:07:47.606+0200] {processor.py:753} INFO - DAG(s) dict_keys(['example_branch_labels']) retrieved from /home/humbulani/miniconda3/envs/apache-airflow/lib/python3.8/site-packages/airflow/example_dags/example_branch_labels.py
[2023-03-26T22:07:47.627+0200] {logging_mixin.py:137} INFO - [2023-03-26T22:07:47.626+0200] {dag.py:2693} INFO - Sync 1 DAGs
[2023-03-26T22:07:47.645+0200] {logging_mixin.py:137} INFO - [2023-03-26T22:07:47.645+0200] {dag.py:3440} INFO - Setting next_dagrun for example_branch_labels to 2023-03-25T00:00:00+00:00, run_after=2023-03-26T00:00:00+00:00
[2023-03-26T22:07:47.730+0200] {processor.py:175} INFO - Processing /home/humbulani/miniconda3/envs/apache-airflow/lib/python3.8/site-packages/airflow/example_dags/example_branch_labels.py took 0.162 seconds
[2023-03-26T22:08:31.052+0200] {processor.py:153} INFO - Started process (PID=19055) to work on /home/humbulani/miniconda3/envs/apache-airflow/lib/python3.8/site-packages/airflow/example_dags/example_branch_labels.py
[2023-03-26T22:08:31.053+0200] {processor.py:743} INFO - Processing file /home/humbulani/miniconda3/envs/apache-airflow/lib/python3.8/site-packages/airflow/example_dags/example_branch_labels.py for tasks to queue
[2023-03-26T22:08:31.053+0200] {logging_mixin.py:137} INFO - [2023-03-26T22:08:31.053+0200] {dagbag.py:532} INFO - Filling up the DagBag from /home/humbulani/miniconda3/envs/apache-airflow/lib/python3.8/site-packages/airflow/example_dags/example_branch_labels.py
[2023-03-26T22:08:31.066+0200] {processor.py:753} INFO - DAG(s) dict_keys(['example_branch_labels']) retrieved from /home/humbulani/miniconda3/envs/apache-airflow/lib/python3.8/site-packages/airflow/example_dags/example_branch_labels.py
[2023-03-26T22:08:31.083+0200] {logging_mixin.py:137} INFO - [2023-03-26T22:08:31.083+0200] {dag.py:2693} INFO - Sync 1 DAGs
[2023-03-26T22:08:31.103+0200] {logging_mixin.py:137} INFO - [2023-03-26T22:08:31.103+0200] {dag.py:3440} INFO - Setting next_dagrun for example_branch_labels to 2023-03-25T00:00:00+00:00, run_after=2023-03-26T00:00:00+00:00
[2023-03-26T22:08:31.181+0200] {processor.py:175} INFO - Processing /home/humbulani/miniconda3/envs/apache-airflow/lib/python3.8/site-packages/airflow/example_dags/example_branch_labels.py took 0.132 seconds
[2023-03-26T22:09:20.388+0200] {processor.py:153} INFO - Started process (PID=19138) to work on /home/humbulani/miniconda3/envs/apache-airflow/lib/python3.8/site-packages/airflow/example_dags/example_branch_labels.py
[2023-03-26T22:09:20.401+0200] {processor.py:743} INFO - Processing file /home/humbulani/miniconda3/envs/apache-airflow/lib/python3.8/site-packages/airflow/example_dags/example_branch_labels.py for tasks to queue
[2023-03-26T22:09:20.402+0200] {logging_mixin.py:137} INFO - [2023-03-26T22:09:20.402+0200] {dagbag.py:532} INFO - Filling up the DagBag from /home/humbulani/miniconda3/envs/apache-airflow/lib/python3.8/site-packages/airflow/example_dags/example_branch_labels.py
[2023-03-26T22:09:20.418+0200] {processor.py:753} INFO - DAG(s) dict_keys(['example_branch_labels']) retrieved from /home/humbulani/miniconda3/envs/apache-airflow/lib/python3.8/site-packages/airflow/example_dags/example_branch_labels.py
[2023-03-26T22:09:20.437+0200] {logging_mixin.py:137} INFO - [2023-03-26T22:09:20.437+0200] {dag.py:2693} INFO - Sync 1 DAGs
[2023-03-26T22:09:20.456+0200] {logging_mixin.py:137} INFO - [2023-03-26T22:09:20.456+0200] {dag.py:3440} INFO - Setting next_dagrun for example_branch_labels to 2023-03-25T00:00:00+00:00, run_after=2023-03-26T00:00:00+00:00
[2023-03-26T22:09:20.531+0200] {processor.py:175} INFO - Processing /home/humbulani/miniconda3/envs/apache-airflow/lib/python3.8/site-packages/airflow/example_dags/example_branch_labels.py took 0.146 seconds
[2023-03-26T22:10:05.436+0200] {processor.py:153} INFO - Started process (PID=19182) to work on /home/humbulani/miniconda3/envs/apache-airflow/lib/python3.8/site-packages/airflow/example_dags/example_branch_labels.py
[2023-03-26T22:10:05.503+0200] {processor.py:743} INFO - Processing file /home/humbulani/miniconda3/envs/apache-airflow/lib/python3.8/site-packages/airflow/example_dags/example_branch_labels.py for tasks to queue
[2023-03-26T22:10:05.503+0200] {logging_mixin.py:137} INFO - [2023-03-26T22:10:05.503+0200] {dagbag.py:532} INFO - Filling up the DagBag from /home/humbulani/miniconda3/envs/apache-airflow/lib/python3.8/site-packages/airflow/example_dags/example_branch_labels.py
[2023-03-26T22:10:05.517+0200] {processor.py:753} INFO - DAG(s) dict_keys(['example_branch_labels']) retrieved from /home/humbulani/miniconda3/envs/apache-airflow/lib/python3.8/site-packages/airflow/example_dags/example_branch_labels.py
[2023-03-26T22:10:05.534+0200] {logging_mixin.py:137} INFO - [2023-03-26T22:10:05.534+0200] {dag.py:2693} INFO - Sync 1 DAGs
[2023-03-26T22:10:05.553+0200] {logging_mixin.py:137} INFO - [2023-03-26T22:10:05.552+0200] {dag.py:3440} INFO - Setting next_dagrun for example_branch_labels to 2023-03-25T00:00:00+00:00, run_after=2023-03-26T00:00:00+00:00
[2023-03-26T22:10:05.645+0200] {processor.py:175} INFO - Processing /home/humbulani/miniconda3/envs/apache-airflow/lib/python3.8/site-packages/airflow/example_dags/example_branch_labels.py took 0.211 seconds
[2023-03-26T22:10:50.239+0200] {processor.py:153} INFO - Started process (PID=19310) to work on /home/humbulani/miniconda3/envs/apache-airflow/lib/python3.8/site-packages/airflow/example_dags/example_branch_labels.py
[2023-03-26T22:10:50.249+0200] {processor.py:743} INFO - Processing file /home/humbulani/miniconda3/envs/apache-airflow/lib/python3.8/site-packages/airflow/example_dags/example_branch_labels.py for tasks to queue
[2023-03-26T22:10:50.250+0200] {logging_mixin.py:137} INFO - [2023-03-26T22:10:50.250+0200] {dagbag.py:532} INFO - Filling up the DagBag from /home/humbulani/miniconda3/envs/apache-airflow/lib/python3.8/site-packages/airflow/example_dags/example_branch_labels.py
[2023-03-26T22:10:50.265+0200] {processor.py:753} INFO - DAG(s) dict_keys(['example_branch_labels']) retrieved from /home/humbulani/miniconda3/envs/apache-airflow/lib/python3.8/site-packages/airflow/example_dags/example_branch_labels.py
[2023-03-26T22:10:50.283+0200] {logging_mixin.py:137} INFO - [2023-03-26T22:10:50.283+0200] {dag.py:2693} INFO - Sync 1 DAGs
[2023-03-26T22:10:50.301+0200] {logging_mixin.py:137} INFO - [2023-03-26T22:10:50.301+0200] {dag.py:3440} INFO - Setting next_dagrun for example_branch_labels to 2023-03-25T00:00:00+00:00, run_after=2023-03-26T00:00:00+00:00
[2023-03-26T22:10:50.389+0200] {processor.py:175} INFO - Processing /home/humbulani/miniconda3/envs/apache-airflow/lib/python3.8/site-packages/airflow/example_dags/example_branch_labels.py took 0.152 seconds
[2023-03-26T22:11:37.699+0200] {processor.py:153} INFO - Started process (PID=19353) to work on /home/humbulani/miniconda3/envs/apache-airflow/lib/python3.8/site-packages/airflow/example_dags/example_branch_labels.py
[2023-03-26T22:11:37.713+0200] {processor.py:743} INFO - Processing file /home/humbulani/miniconda3/envs/apache-airflow/lib/python3.8/site-packages/airflow/example_dags/example_branch_labels.py for tasks to queue
[2023-03-26T22:11:37.714+0200] {logging_mixin.py:137} INFO - [2023-03-26T22:11:37.714+0200] {dagbag.py:532} INFO - Filling up the DagBag from /home/humbulani/miniconda3/envs/apache-airflow/lib/python3.8/site-packages/airflow/example_dags/example_branch_labels.py
[2023-03-26T22:11:37.730+0200] {processor.py:753} INFO - DAG(s) dict_keys(['example_branch_labels']) retrieved from /home/humbulani/miniconda3/envs/apache-airflow/lib/python3.8/site-packages/airflow/example_dags/example_branch_labels.py
[2023-03-26T22:11:37.751+0200] {logging_mixin.py:137} INFO - [2023-03-26T22:11:37.751+0200] {dag.py:2693} INFO - Sync 1 DAGs
[2023-03-26T22:11:37.769+0200] {logging_mixin.py:137} INFO - [2023-03-26T22:11:37.769+0200] {dag.py:3440} INFO - Setting next_dagrun for example_branch_labels to 2023-03-25T00:00:00+00:00, run_after=2023-03-26T00:00:00+00:00
[2023-03-26T22:11:37.844+0200] {processor.py:175} INFO - Processing /home/humbulani/miniconda3/envs/apache-airflow/lib/python3.8/site-packages/airflow/example_dags/example_branch_labels.py took 0.148 seconds
[2023-03-26T22:12:21.474+0200] {processor.py:153} INFO - Started process (PID=19398) to work on /home/humbulani/miniconda3/envs/apache-airflow/lib/python3.8/site-packages/airflow/example_dags/example_branch_labels.py
[2023-03-26T22:12:21.475+0200] {processor.py:743} INFO - Processing file /home/humbulani/miniconda3/envs/apache-airflow/lib/python3.8/site-packages/airflow/example_dags/example_branch_labels.py for tasks to queue
[2023-03-26T22:12:21.475+0200] {logging_mixin.py:137} INFO - [2023-03-26T22:12:21.475+0200] {dagbag.py:532} INFO - Filling up the DagBag from /home/humbulani/miniconda3/envs/apache-airflow/lib/python3.8/site-packages/airflow/example_dags/example_branch_labels.py
[2023-03-26T22:12:21.488+0200] {processor.py:753} INFO - DAG(s) dict_keys(['example_branch_labels']) retrieved from /home/humbulani/miniconda3/envs/apache-airflow/lib/python3.8/site-packages/airflow/example_dags/example_branch_labels.py
[2023-03-26T22:12:21.505+0200] {logging_mixin.py:137} INFO - [2023-03-26T22:12:21.505+0200] {dag.py:2693} INFO - Sync 1 DAGs
[2023-03-26T22:12:21.523+0200] {logging_mixin.py:137} INFO - [2023-03-26T22:12:21.523+0200] {dag.py:3440} INFO - Setting next_dagrun for example_branch_labels to 2023-03-25T00:00:00+00:00, run_after=2023-03-26T00:00:00+00:00
[2023-03-26T22:12:21.591+0200] {processor.py:175} INFO - Processing /home/humbulani/miniconda3/envs/apache-airflow/lib/python3.8/site-packages/airflow/example_dags/example_branch_labels.py took 0.119 seconds
[2023-03-26T22:13:07.370+0200] {processor.py:153} INFO - Started process (PID=19507) to work on /home/humbulani/miniconda3/envs/apache-airflow/lib/python3.8/site-packages/airflow/example_dags/example_branch_labels.py
[2023-03-26T22:13:07.371+0200] {processor.py:743} INFO - Processing file /home/humbulani/miniconda3/envs/apache-airflow/lib/python3.8/site-packages/airflow/example_dags/example_branch_labels.py for tasks to queue
[2023-03-26T22:13:07.371+0200] {logging_mixin.py:137} INFO - [2023-03-26T22:13:07.371+0200] {dagbag.py:532} INFO - Filling up the DagBag from /home/humbulani/miniconda3/envs/apache-airflow/lib/python3.8/site-packages/airflow/example_dags/example_branch_labels.py
[2023-03-26T22:13:07.385+0200] {processor.py:753} INFO - DAG(s) dict_keys(['example_branch_labels']) retrieved from /home/humbulani/miniconda3/envs/apache-airflow/lib/python3.8/site-packages/airflow/example_dags/example_branch_labels.py
[2023-03-26T22:13:07.403+0200] {logging_mixin.py:137} INFO - [2023-03-26T22:13:07.402+0200] {dag.py:2693} INFO - Sync 1 DAGs
[2023-03-26T22:13:07.423+0200] {logging_mixin.py:137} INFO - [2023-03-26T22:13:07.423+0200] {dag.py:3440} INFO - Setting next_dagrun for example_branch_labels to 2023-03-25T00:00:00+00:00, run_after=2023-03-26T00:00:00+00:00
[2023-03-26T22:13:07.512+0200] {processor.py:175} INFO - Processing /home/humbulani/miniconda3/envs/apache-airflow/lib/python3.8/site-packages/airflow/example_dags/example_branch_labels.py took 0.145 seconds
[2023-03-26T22:13:55.427+0200] {processor.py:153} INFO - Started process (PID=19549) to work on /home/humbulani/miniconda3/envs/apache-airflow/lib/python3.8/site-packages/airflow/example_dags/example_branch_labels.py
[2023-03-26T22:13:55.432+0200] {processor.py:743} INFO - Processing file /home/humbulani/miniconda3/envs/apache-airflow/lib/python3.8/site-packages/airflow/example_dags/example_branch_labels.py for tasks to queue
[2023-03-26T22:13:55.433+0200] {logging_mixin.py:137} INFO - [2023-03-26T22:13:55.433+0200] {dagbag.py:532} INFO - Filling up the DagBag from /home/humbulani/miniconda3/envs/apache-airflow/lib/python3.8/site-packages/airflow/example_dags/example_branch_labels.py
[2023-03-26T22:13:55.450+0200] {processor.py:753} INFO - DAG(s) dict_keys(['example_branch_labels']) retrieved from /home/humbulani/miniconda3/envs/apache-airflow/lib/python3.8/site-packages/airflow/example_dags/example_branch_labels.py
[2023-03-26T22:13:55.470+0200] {logging_mixin.py:137} INFO - [2023-03-26T22:13:55.469+0200] {dag.py:2693} INFO - Sync 1 DAGs
[2023-03-26T22:13:55.488+0200] {logging_mixin.py:137} INFO - [2023-03-26T22:13:55.488+0200] {dag.py:3440} INFO - Setting next_dagrun for example_branch_labels to 2023-03-25T00:00:00+00:00, run_after=2023-03-26T00:00:00+00:00
[2023-03-26T22:13:55.559+0200] {processor.py:175} INFO - Processing /home/humbulani/miniconda3/envs/apache-airflow/lib/python3.8/site-packages/airflow/example_dags/example_branch_labels.py took 0.134 seconds
[2023-03-26T22:14:43.401+0200] {processor.py:153} INFO - Started process (PID=19594) to work on /home/humbulani/miniconda3/envs/apache-airflow/lib/python3.8/site-packages/airflow/example_dags/example_branch_labels.py
[2023-03-26T22:14:43.411+0200] {processor.py:743} INFO - Processing file /home/humbulani/miniconda3/envs/apache-airflow/lib/python3.8/site-packages/airflow/example_dags/example_branch_labels.py for tasks to queue
[2023-03-26T22:14:43.411+0200] {logging_mixin.py:137} INFO - [2023-03-26T22:14:43.411+0200] {dagbag.py:532} INFO - Filling up the DagBag from /home/humbulani/miniconda3/envs/apache-airflow/lib/python3.8/site-packages/airflow/example_dags/example_branch_labels.py
[2023-03-26T22:14:43.425+0200] {processor.py:753} INFO - DAG(s) dict_keys(['example_branch_labels']) retrieved from /home/humbulani/miniconda3/envs/apache-airflow/lib/python3.8/site-packages/airflow/example_dags/example_branch_labels.py
[2023-03-26T22:14:43.444+0200] {logging_mixin.py:137} INFO - [2023-03-26T22:14:43.444+0200] {dag.py:2693} INFO - Sync 1 DAGs
[2023-03-26T22:14:43.462+0200] {logging_mixin.py:137} INFO - [2023-03-26T22:14:43.462+0200] {dag.py:3440} INFO - Setting next_dagrun for example_branch_labels to 2023-03-25T00:00:00+00:00, run_after=2023-03-26T00:00:00+00:00
[2023-03-26T22:14:43.539+0200] {processor.py:175} INFO - Processing /home/humbulani/miniconda3/envs/apache-airflow/lib/python3.8/site-packages/airflow/example_dags/example_branch_labels.py took 0.140 seconds
[2023-03-26T22:15:30.886+0200] {processor.py:153} INFO - Started process (PID=19704) to work on /home/humbulani/miniconda3/envs/apache-airflow/lib/python3.8/site-packages/airflow/example_dags/example_branch_labels.py
[2023-03-26T22:15:30.899+0200] {processor.py:743} INFO - Processing file /home/humbulani/miniconda3/envs/apache-airflow/lib/python3.8/site-packages/airflow/example_dags/example_branch_labels.py for tasks to queue
[2023-03-26T22:15:30.899+0200] {logging_mixin.py:137} INFO - [2023-03-26T22:15:30.899+0200] {dagbag.py:532} INFO - Filling up the DagBag from /home/humbulani/miniconda3/envs/apache-airflow/lib/python3.8/site-packages/airflow/example_dags/example_branch_labels.py
[2023-03-26T22:15:30.912+0200] {processor.py:753} INFO - DAG(s) dict_keys(['example_branch_labels']) retrieved from /home/humbulani/miniconda3/envs/apache-airflow/lib/python3.8/site-packages/airflow/example_dags/example_branch_labels.py
[2023-03-26T22:15:30.929+0200] {logging_mixin.py:137} INFO - [2023-03-26T22:15:30.929+0200] {dag.py:2693} INFO - Sync 1 DAGs
[2023-03-26T22:15:30.948+0200] {logging_mixin.py:137} INFO - [2023-03-26T22:15:30.948+0200] {dag.py:3440} INFO - Setting next_dagrun for example_branch_labels to 2023-03-25T00:00:00+00:00, run_after=2023-03-26T00:00:00+00:00
[2023-03-26T22:15:31.019+0200] {processor.py:175} INFO - Processing /home/humbulani/miniconda3/envs/apache-airflow/lib/python3.8/site-packages/airflow/example_dags/example_branch_labels.py took 0.135 seconds
[2023-03-26T22:16:16.197+0200] {processor.py:153} INFO - Started process (PID=19815) to work on /home/humbulani/miniconda3/envs/apache-airflow/lib/python3.8/site-packages/airflow/example_dags/example_branch_labels.py
[2023-03-26T22:16:16.203+0200] {processor.py:743} INFO - Processing file /home/humbulani/miniconda3/envs/apache-airflow/lib/python3.8/site-packages/airflow/example_dags/example_branch_labels.py for tasks to queue
[2023-03-26T22:16:16.204+0200] {logging_mixin.py:137} INFO - [2023-03-26T22:16:16.204+0200] {dagbag.py:532} INFO - Filling up the DagBag from /home/humbulani/miniconda3/envs/apache-airflow/lib/python3.8/site-packages/airflow/example_dags/example_branch_labels.py
[2023-03-26T22:16:16.223+0200] {processor.py:753} INFO - DAG(s) dict_keys(['example_branch_labels']) retrieved from /home/humbulani/miniconda3/envs/apache-airflow/lib/python3.8/site-packages/airflow/example_dags/example_branch_labels.py
[2023-03-26T22:16:16.248+0200] {logging_mixin.py:137} INFO - [2023-03-26T22:16:16.248+0200] {dag.py:2693} INFO - Sync 1 DAGs
[2023-03-26T22:16:16.275+0200] {logging_mixin.py:137} INFO - [2023-03-26T22:16:16.274+0200] {dag.py:3440} INFO - Setting next_dagrun for example_branch_labels to 2023-03-25T00:00:00+00:00, run_after=2023-03-26T00:00:00+00:00
[2023-03-26T22:16:16.351+0200] {processor.py:175} INFO - Processing /home/humbulani/miniconda3/envs/apache-airflow/lib/python3.8/site-packages/airflow/example_dags/example_branch_labels.py took 0.157 seconds
[2023-03-26T22:17:09.575+0200] {processor.py:153} INFO - Started process (PID=19862) to work on /home/humbulani/miniconda3/envs/apache-airflow/lib/python3.8/site-packages/airflow/example_dags/example_branch_labels.py
[2023-03-26T22:17:09.590+0200] {processor.py:743} INFO - Processing file /home/humbulani/miniconda3/envs/apache-airflow/lib/python3.8/site-packages/airflow/example_dags/example_branch_labels.py for tasks to queue
[2023-03-26T22:17:09.590+0200] {logging_mixin.py:137} INFO - [2023-03-26T22:17:09.590+0200] {dagbag.py:532} INFO - Filling up the DagBag from /home/humbulani/miniconda3/envs/apache-airflow/lib/python3.8/site-packages/airflow/example_dags/example_branch_labels.py
[2023-03-26T22:17:09.603+0200] {processor.py:753} INFO - DAG(s) dict_keys(['example_branch_labels']) retrieved from /home/humbulani/miniconda3/envs/apache-airflow/lib/python3.8/site-packages/airflow/example_dags/example_branch_labels.py
[2023-03-26T22:17:09.620+0200] {logging_mixin.py:137} INFO - [2023-03-26T22:17:09.620+0200] {dag.py:2693} INFO - Sync 1 DAGs
[2023-03-26T22:17:09.639+0200] {logging_mixin.py:137} INFO - [2023-03-26T22:17:09.639+0200] {dag.py:3440} INFO - Setting next_dagrun for example_branch_labels to 2023-03-25T00:00:00+00:00, run_after=2023-03-26T00:00:00+00:00
[2023-03-26T22:17:09.712+0200] {processor.py:175} INFO - Processing /home/humbulani/miniconda3/envs/apache-airflow/lib/python3.8/site-packages/airflow/example_dags/example_branch_labels.py took 0.139 seconds
[2023-03-26T22:17:52.040+0200] {processor.py:153} INFO - Started process (PID=19909) to work on /home/humbulani/miniconda3/envs/apache-airflow/lib/python3.8/site-packages/airflow/example_dags/example_branch_labels.py
[2023-03-26T22:17:52.052+0200] {processor.py:743} INFO - Processing file /home/humbulani/miniconda3/envs/apache-airflow/lib/python3.8/site-packages/airflow/example_dags/example_branch_labels.py for tasks to queue
[2023-03-26T22:17:52.053+0200] {logging_mixin.py:137} INFO - [2023-03-26T22:17:52.053+0200] {dagbag.py:532} INFO - Filling up the DagBag from /home/humbulani/miniconda3/envs/apache-airflow/lib/python3.8/site-packages/airflow/example_dags/example_branch_labels.py
[2023-03-26T22:17:52.069+0200] {processor.py:753} INFO - DAG(s) dict_keys(['example_branch_labels']) retrieved from /home/humbulani/miniconda3/envs/apache-airflow/lib/python3.8/site-packages/airflow/example_dags/example_branch_labels.py
[2023-03-26T22:17:52.086+0200] {logging_mixin.py:137} INFO - [2023-03-26T22:17:52.086+0200] {dag.py:2693} INFO - Sync 1 DAGs
[2023-03-26T22:17:52.104+0200] {logging_mixin.py:137} INFO - [2023-03-26T22:17:52.104+0200] {dag.py:3440} INFO - Setting next_dagrun for example_branch_labels to 2023-03-25T00:00:00+00:00, run_after=2023-03-26T00:00:00+00:00
[2023-03-26T22:17:52.174+0200] {processor.py:175} INFO - Processing /home/humbulani/miniconda3/envs/apache-airflow/lib/python3.8/site-packages/airflow/example_dags/example_branch_labels.py took 0.138 seconds
[2023-03-26T22:18:37.268+0200] {processor.py:153} INFO - Started process (PID=20020) to work on /home/humbulani/miniconda3/envs/apache-airflow/lib/python3.8/site-packages/airflow/example_dags/example_branch_labels.py
[2023-03-26T22:18:37.280+0200] {processor.py:743} INFO - Processing file /home/humbulani/miniconda3/envs/apache-airflow/lib/python3.8/site-packages/airflow/example_dags/example_branch_labels.py for tasks to queue
[2023-03-26T22:18:37.281+0200] {logging_mixin.py:137} INFO - [2023-03-26T22:18:37.280+0200] {dagbag.py:532} INFO - Filling up the DagBag from /home/humbulani/miniconda3/envs/apache-airflow/lib/python3.8/site-packages/airflow/example_dags/example_branch_labels.py
[2023-03-26T22:18:37.293+0200] {processor.py:753} INFO - DAG(s) dict_keys(['example_branch_labels']) retrieved from /home/humbulani/miniconda3/envs/apache-airflow/lib/python3.8/site-packages/airflow/example_dags/example_branch_labels.py
[2023-03-26T22:18:37.311+0200] {logging_mixin.py:137} INFO - [2023-03-26T22:18:37.311+0200] {dag.py:2693} INFO - Sync 1 DAGs
[2023-03-26T22:18:37.329+0200] {logging_mixin.py:137} INFO - [2023-03-26T22:18:37.329+0200] {dag.py:3440} INFO - Setting next_dagrun for example_branch_labels to 2023-03-25T00:00:00+00:00, run_after=2023-03-26T00:00:00+00:00
[2023-03-26T22:18:37.404+0200] {processor.py:175} INFO - Processing /home/humbulani/miniconda3/envs/apache-airflow/lib/python3.8/site-packages/airflow/example_dags/example_branch_labels.py took 0.138 seconds
[2023-03-26T22:19:21.485+0200] {processor.py:153} INFO - Started process (PID=20128) to work on /home/humbulani/miniconda3/envs/apache-airflow/lib/python3.8/site-packages/airflow/example_dags/example_branch_labels.py
[2023-03-26T22:19:21.501+0200] {processor.py:743} INFO - Processing file /home/humbulani/miniconda3/envs/apache-airflow/lib/python3.8/site-packages/airflow/example_dags/example_branch_labels.py for tasks to queue
[2023-03-26T22:19:21.501+0200] {logging_mixin.py:137} INFO - [2023-03-26T22:19:21.501+0200] {dagbag.py:532} INFO - Filling up the DagBag from /home/humbulani/miniconda3/envs/apache-airflow/lib/python3.8/site-packages/airflow/example_dags/example_branch_labels.py
[2023-03-26T22:19:21.514+0200] {processor.py:753} INFO - DAG(s) dict_keys(['example_branch_labels']) retrieved from /home/humbulani/miniconda3/envs/apache-airflow/lib/python3.8/site-packages/airflow/example_dags/example_branch_labels.py
[2023-03-26T22:19:21.531+0200] {logging_mixin.py:137} INFO - [2023-03-26T22:19:21.531+0200] {dag.py:2693} INFO - Sync 1 DAGs
[2023-03-26T22:19:21.549+0200] {logging_mixin.py:137} INFO - [2023-03-26T22:19:21.549+0200] {dag.py:3440} INFO - Setting next_dagrun for example_branch_labels to 2023-03-25T00:00:00+00:00, run_after=2023-03-26T00:00:00+00:00
[2023-03-26T22:19:21.683+0200] {processor.py:175} INFO - Processing /home/humbulani/miniconda3/envs/apache-airflow/lib/python3.8/site-packages/airflow/example_dags/example_branch_labels.py took 0.200 seconds
[2023-03-26T22:20:06.271+0200] {processor.py:153} INFO - Started process (PID=20172) to work on /home/humbulani/miniconda3/envs/apache-airflow/lib/python3.8/site-packages/airflow/example_dags/example_branch_labels.py
[2023-03-26T22:20:06.272+0200] {processor.py:743} INFO - Processing file /home/humbulani/miniconda3/envs/apache-airflow/lib/python3.8/site-packages/airflow/example_dags/example_branch_labels.py for tasks to queue
[2023-03-26T22:20:06.272+0200] {logging_mixin.py:137} INFO - [2023-03-26T22:20:06.272+0200] {dagbag.py:532} INFO - Filling up the DagBag from /home/humbulani/miniconda3/envs/apache-airflow/lib/python3.8/site-packages/airflow/example_dags/example_branch_labels.py
[2023-03-26T22:20:06.285+0200] {processor.py:753} INFO - DAG(s) dict_keys(['example_branch_labels']) retrieved from /home/humbulani/miniconda3/envs/apache-airflow/lib/python3.8/site-packages/airflow/example_dags/example_branch_labels.py
[2023-03-26T22:20:06.301+0200] {logging_mixin.py:137} INFO - [2023-03-26T22:20:06.301+0200] {dag.py:2693} INFO - Sync 1 DAGs
[2023-03-26T22:20:06.320+0200] {logging_mixin.py:137} INFO - [2023-03-26T22:20:06.319+0200] {dag.py:3440} INFO - Setting next_dagrun for example_branch_labels to 2023-03-25T00:00:00+00:00, run_after=2023-03-26T00:00:00+00:00
[2023-03-26T22:20:06.395+0200] {processor.py:175} INFO - Processing /home/humbulani/miniconda3/envs/apache-airflow/lib/python3.8/site-packages/airflow/example_dags/example_branch_labels.py took 0.126 seconds
[2023-03-26T22:20:51.463+0200] {processor.py:153} INFO - Started process (PID=20261) to work on /home/humbulani/miniconda3/envs/apache-airflow/lib/python3.8/site-packages/airflow/example_dags/example_branch_labels.py
[2023-03-26T22:20:51.464+0200] {processor.py:743} INFO - Processing file /home/humbulani/miniconda3/envs/apache-airflow/lib/python3.8/site-packages/airflow/example_dags/example_branch_labels.py for tasks to queue
[2023-03-26T22:20:51.464+0200] {logging_mixin.py:137} INFO - [2023-03-26T22:20:51.464+0200] {dagbag.py:532} INFO - Filling up the DagBag from /home/humbulani/miniconda3/envs/apache-airflow/lib/python3.8/site-packages/airflow/example_dags/example_branch_labels.py
[2023-03-26T22:20:51.478+0200] {processor.py:753} INFO - DAG(s) dict_keys(['example_branch_labels']) retrieved from /home/humbulani/miniconda3/envs/apache-airflow/lib/python3.8/site-packages/airflow/example_dags/example_branch_labels.py
[2023-03-26T22:20:51.496+0200] {logging_mixin.py:137} INFO - [2023-03-26T22:20:51.496+0200] {dag.py:2693} INFO - Sync 1 DAGs
[2023-03-26T22:20:51.518+0200] {logging_mixin.py:137} INFO - [2023-03-26T22:20:51.518+0200] {dag.py:3440} INFO - Setting next_dagrun for example_branch_labels to 2023-03-25T00:00:00+00:00, run_after=2023-03-26T00:00:00+00:00
[2023-03-26T22:20:51.600+0200] {processor.py:175} INFO - Processing /home/humbulani/miniconda3/envs/apache-airflow/lib/python3.8/site-packages/airflow/example_dags/example_branch_labels.py took 0.140 seconds
[2023-03-26T22:21:37.682+0200] {processor.py:153} INFO - Started process (PID=20306) to work on /home/humbulani/miniconda3/envs/apache-airflow/lib/python3.8/site-packages/airflow/example_dags/example_branch_labels.py
[2023-03-26T22:21:37.683+0200] {processor.py:743} INFO - Processing file /home/humbulani/miniconda3/envs/apache-airflow/lib/python3.8/site-packages/airflow/example_dags/example_branch_labels.py for tasks to queue
[2023-03-26T22:21:37.683+0200] {logging_mixin.py:137} INFO - [2023-03-26T22:21:37.683+0200] {dagbag.py:532} INFO - Filling up the DagBag from /home/humbulani/miniconda3/envs/apache-airflow/lib/python3.8/site-packages/airflow/example_dags/example_branch_labels.py
[2023-03-26T22:21:37.696+0200] {processor.py:753} INFO - DAG(s) dict_keys(['example_branch_labels']) retrieved from /home/humbulani/miniconda3/envs/apache-airflow/lib/python3.8/site-packages/airflow/example_dags/example_branch_labels.py
[2023-03-26T22:21:37.713+0200] {logging_mixin.py:137} INFO - [2023-03-26T22:21:37.713+0200] {dag.py:2693} INFO - Sync 1 DAGs
[2023-03-26T22:21:37.734+0200] {logging_mixin.py:137} INFO - [2023-03-26T22:21:37.734+0200] {dag.py:3440} INFO - Setting next_dagrun for example_branch_labels to 2023-03-25T00:00:00+00:00, run_after=2023-03-26T00:00:00+00:00
[2023-03-26T22:21:37.812+0200] {processor.py:175} INFO - Processing /home/humbulani/miniconda3/envs/apache-airflow/lib/python3.8/site-packages/airflow/example_dags/example_branch_labels.py took 0.132 seconds
[2023-03-26T22:22:21.537+0200] {processor.py:153} INFO - Started process (PID=20351) to work on /home/humbulani/miniconda3/envs/apache-airflow/lib/python3.8/site-packages/airflow/example_dags/example_branch_labels.py
[2023-03-26T22:22:21.541+0200] {processor.py:743} INFO - Processing file /home/humbulani/miniconda3/envs/apache-airflow/lib/python3.8/site-packages/airflow/example_dags/example_branch_labels.py for tasks to queue
[2023-03-26T22:22:21.542+0200] {logging_mixin.py:137} INFO - [2023-03-26T22:22:21.542+0200] {dagbag.py:532} INFO - Filling up the DagBag from /home/humbulani/miniconda3/envs/apache-airflow/lib/python3.8/site-packages/airflow/example_dags/example_branch_labels.py
[2023-03-26T22:22:21.558+0200] {processor.py:753} INFO - DAG(s) dict_keys(['example_branch_labels']) retrieved from /home/humbulani/miniconda3/envs/apache-airflow/lib/python3.8/site-packages/airflow/example_dags/example_branch_labels.py
[2023-03-26T22:22:21.576+0200] {logging_mixin.py:137} INFO - [2023-03-26T22:22:21.575+0200] {dag.py:2693} INFO - Sync 1 DAGs
[2023-03-26T22:22:21.593+0200] {logging_mixin.py:137} INFO - [2023-03-26T22:22:21.593+0200] {dag.py:3440} INFO - Setting next_dagrun for example_branch_labels to 2023-03-25T00:00:00+00:00, run_after=2023-03-26T00:00:00+00:00
[2023-03-26T22:22:21.793+0200] {processor.py:175} INFO - Processing /home/humbulani/miniconda3/envs/apache-airflow/lib/python3.8/site-packages/airflow/example_dags/example_branch_labels.py took 0.260 seconds
[2023-03-26T22:23:08.691+0200] {processor.py:153} INFO - Started process (PID=20393) to work on /home/humbulani/miniconda3/envs/apache-airflow/lib/python3.8/site-packages/airflow/example_dags/example_branch_labels.py
[2023-03-26T22:23:08.705+0200] {processor.py:743} INFO - Processing file /home/humbulani/miniconda3/envs/apache-airflow/lib/python3.8/site-packages/airflow/example_dags/example_branch_labels.py for tasks to queue
[2023-03-26T22:23:08.706+0200] {logging_mixin.py:137} INFO - [2023-03-26T22:23:08.706+0200] {dagbag.py:532} INFO - Filling up the DagBag from /home/humbulani/miniconda3/envs/apache-airflow/lib/python3.8/site-packages/airflow/example_dags/example_branch_labels.py
[2023-03-26T22:23:08.719+0200] {processor.py:753} INFO - DAG(s) dict_keys(['example_branch_labels']) retrieved from /home/humbulani/miniconda3/envs/apache-airflow/lib/python3.8/site-packages/airflow/example_dags/example_branch_labels.py
[2023-03-26T22:23:08.736+0200] {logging_mixin.py:137} INFO - [2023-03-26T22:23:08.736+0200] {dag.py:2693} INFO - Sync 1 DAGs
[2023-03-26T22:23:08.762+0200] {logging_mixin.py:137} INFO - [2023-03-26T22:23:08.762+0200] {dag.py:3440} INFO - Setting next_dagrun for example_branch_labels to 2023-03-25T00:00:00+00:00, run_after=2023-03-26T00:00:00+00:00
[2023-03-26T22:23:08.846+0200] {processor.py:175} INFO - Processing /home/humbulani/miniconda3/envs/apache-airflow/lib/python3.8/site-packages/airflow/example_dags/example_branch_labels.py took 0.157 seconds
