[2023-03-26T21:39:28.675+0200] {processor.py:153} INFO - Started process (PID=16646) to work on /home/humbulani/miniconda3/envs/apache-airflow/lib/python3.8/site-packages/airflow/example_dags/example_kubernetes_executor.py
[2023-03-26T21:39:28.676+0200] {processor.py:743} INFO - Processing file /home/humbulani/miniconda3/envs/apache-airflow/lib/python3.8/site-packages/airflow/example_dags/example_kubernetes_executor.py for tasks to queue
[2023-03-26T21:39:28.677+0200] {logging_mixin.py:137} INFO - [2023-03-26T21:39:28.677+0200] {dagbag.py:532} INFO - Filling up the DagBag from /home/humbulani/miniconda3/envs/apache-airflow/lib/python3.8/site-packages/airflow/example_dags/example_kubernetes_executor.py
[2023-03-26T21:39:28.692+0200] {logging_mixin.py:137} INFO - [2023-03-26T21:39:28.692+0200] {example_kubernetes_executor.py:41} WARNING - The example_kubernetes_executor example DAG requires the kubernetes provider. Please install it with: pip install apache-airflow[cncf.kubernetes]
[2023-03-26T21:39:28.692+0200] {processor.py:755} WARNING - No viable dags retrieved from /home/humbulani/miniconda3/envs/apache-airflow/lib/python3.8/site-packages/airflow/example_dags/example_kubernetes_executor.py
[2023-03-26T21:39:28.699+0200] {processor.py:175} INFO - Processing /home/humbulani/miniconda3/envs/apache-airflow/lib/python3.8/site-packages/airflow/example_dags/example_kubernetes_executor.py took 0.027 seconds
[2023-03-26T21:40:27.315+0200] {processor.py:153} INFO - Started process (PID=16746) to work on /home/humbulani/miniconda3/envs/apache-airflow/lib/python3.8/site-packages/airflow/example_dags/example_kubernetes_executor.py
[2023-03-26T21:40:27.348+0200] {processor.py:743} INFO - Processing file /home/humbulani/miniconda3/envs/apache-airflow/lib/python3.8/site-packages/airflow/example_dags/example_kubernetes_executor.py for tasks to queue
[2023-03-26T21:40:27.349+0200] {logging_mixin.py:137} INFO - [2023-03-26T21:40:27.348+0200] {dagbag.py:532} INFO - Filling up the DagBag from /home/humbulani/miniconda3/envs/apache-airflow/lib/python3.8/site-packages/airflow/example_dags/example_kubernetes_executor.py
[2023-03-26T21:40:27.366+0200] {logging_mixin.py:137} INFO - [2023-03-26T21:40:27.366+0200] {example_kubernetes_executor.py:41} WARNING - The example_kubernetes_executor example DAG requires the kubernetes provider. Please install it with: pip install apache-airflow[cncf.kubernetes]
[2023-03-26T21:40:27.366+0200] {processor.py:755} WARNING - No viable dags retrieved from /home/humbulani/miniconda3/envs/apache-airflow/lib/python3.8/site-packages/airflow/example_dags/example_kubernetes_executor.py
[2023-03-26T21:40:27.375+0200] {processor.py:175} INFO - Processing /home/humbulani/miniconda3/envs/apache-airflow/lib/python3.8/site-packages/airflow/example_dags/example_kubernetes_executor.py took 0.062 seconds
[2023-03-26T21:48:00.487+0200] {processor.py:153} INFO - Started process (PID=16841) to work on /home/humbulani/miniconda3/envs/apache-airflow/lib/python3.8/site-packages/airflow/example_dags/example_kubernetes_executor.py
[2023-03-26T21:48:00.488+0200] {processor.py:743} INFO - Processing file /home/humbulani/miniconda3/envs/apache-airflow/lib/python3.8/site-packages/airflow/example_dags/example_kubernetes_executor.py for tasks to queue
[2023-03-26T21:48:00.489+0200] {logging_mixin.py:137} INFO - [2023-03-26T21:48:00.488+0200] {dagbag.py:532} INFO - Filling up the DagBag from /home/humbulani/miniconda3/envs/apache-airflow/lib/python3.8/site-packages/airflow/example_dags/example_kubernetes_executor.py
[2023-03-26T21:48:00.507+0200] {logging_mixin.py:137} INFO - [2023-03-26T21:48:00.507+0200] {example_kubernetes_executor.py:41} WARNING - The example_kubernetes_executor example DAG requires the kubernetes provider. Please install it with: pip install apache-airflow[cncf.kubernetes]
[2023-03-26T21:48:00.507+0200] {processor.py:755} WARNING - No viable dags retrieved from /home/humbulani/miniconda3/envs/apache-airflow/lib/python3.8/site-packages/airflow/example_dags/example_kubernetes_executor.py
[2023-03-26T21:48:00.515+0200] {processor.py:175} INFO - Processing /home/humbulani/miniconda3/envs/apache-airflow/lib/python3.8/site-packages/airflow/example_dags/example_kubernetes_executor.py took 0.031 seconds
[2023-03-26T21:48:50.439+0200] {processor.py:153} INFO - Started process (PID=16921) to work on /home/humbulani/miniconda3/envs/apache-airflow/lib/python3.8/site-packages/airflow/example_dags/example_kubernetes_executor.py
[2023-03-26T21:48:50.479+0200] {processor.py:743} INFO - Processing file /home/humbulani/miniconda3/envs/apache-airflow/lib/python3.8/site-packages/airflow/example_dags/example_kubernetes_executor.py for tasks to queue
[2023-03-26T21:48:50.479+0200] {logging_mixin.py:137} INFO - [2023-03-26T21:48:50.479+0200] {dagbag.py:532} INFO - Filling up the DagBag from /home/humbulani/miniconda3/envs/apache-airflow/lib/python3.8/site-packages/airflow/example_dags/example_kubernetes_executor.py
[2023-03-26T21:48:50.492+0200] {logging_mixin.py:137} INFO - [2023-03-26T21:48:50.492+0200] {example_kubernetes_executor.py:41} WARNING - The example_kubernetes_executor example DAG requires the kubernetes provider. Please install it with: pip install apache-airflow[cncf.kubernetes]
[2023-03-26T21:48:50.493+0200] {processor.py:755} WARNING - No viable dags retrieved from /home/humbulani/miniconda3/envs/apache-airflow/lib/python3.8/site-packages/airflow/example_dags/example_kubernetes_executor.py
[2023-03-26T21:48:50.499+0200] {processor.py:175} INFO - Processing /home/humbulani/miniconda3/envs/apache-airflow/lib/python3.8/site-packages/airflow/example_dags/example_kubernetes_executor.py took 0.062 seconds
[2023-03-26T21:49:39.855+0200] {processor.py:153} INFO - Started process (PID=16963) to work on /home/humbulani/miniconda3/envs/apache-airflow/lib/python3.8/site-packages/airflow/example_dags/example_kubernetes_executor.py
[2023-03-26T21:49:39.873+0200] {processor.py:743} INFO - Processing file /home/humbulani/miniconda3/envs/apache-airflow/lib/python3.8/site-packages/airflow/example_dags/example_kubernetes_executor.py for tasks to queue
[2023-03-26T21:49:39.874+0200] {logging_mixin.py:137} INFO - [2023-03-26T21:49:39.874+0200] {dagbag.py:532} INFO - Filling up the DagBag from /home/humbulani/miniconda3/envs/apache-airflow/lib/python3.8/site-packages/airflow/example_dags/example_kubernetes_executor.py
[2023-03-26T21:49:39.887+0200] {logging_mixin.py:137} INFO - [2023-03-26T21:49:39.887+0200] {example_kubernetes_executor.py:41} WARNING - The example_kubernetes_executor example DAG requires the kubernetes provider. Please install it with: pip install apache-airflow[cncf.kubernetes]
[2023-03-26T21:49:39.887+0200] {processor.py:755} WARNING - No viable dags retrieved from /home/humbulani/miniconda3/envs/apache-airflow/lib/python3.8/site-packages/airflow/example_dags/example_kubernetes_executor.py
[2023-03-26T21:49:39.893+0200] {processor.py:175} INFO - Processing /home/humbulani/miniconda3/envs/apache-airflow/lib/python3.8/site-packages/airflow/example_dags/example_kubernetes_executor.py took 0.041 seconds
[2023-03-26T21:50:23.953+0200] {processor.py:153} INFO - Started process (PID=17008) to work on /home/humbulani/miniconda3/envs/apache-airflow/lib/python3.8/site-packages/airflow/example_dags/example_kubernetes_executor.py
[2023-03-26T21:50:23.954+0200] {processor.py:743} INFO - Processing file /home/humbulani/miniconda3/envs/apache-airflow/lib/python3.8/site-packages/airflow/example_dags/example_kubernetes_executor.py for tasks to queue
[2023-03-26T21:50:23.954+0200] {logging_mixin.py:137} INFO - [2023-03-26T21:50:23.954+0200] {dagbag.py:532} INFO - Filling up the DagBag from /home/humbulani/miniconda3/envs/apache-airflow/lib/python3.8/site-packages/airflow/example_dags/example_kubernetes_executor.py
[2023-03-26T21:50:23.968+0200] {logging_mixin.py:137} INFO - [2023-03-26T21:50:23.968+0200] {example_kubernetes_executor.py:41} WARNING - The example_kubernetes_executor example DAG requires the kubernetes provider. Please install it with: pip install apache-airflow[cncf.kubernetes]
[2023-03-26T21:50:23.968+0200] {processor.py:755} WARNING - No viable dags retrieved from /home/humbulani/miniconda3/envs/apache-airflow/lib/python3.8/site-packages/airflow/example_dags/example_kubernetes_executor.py
[2023-03-26T21:50:23.975+0200] {processor.py:175} INFO - Processing /home/humbulani/miniconda3/envs/apache-airflow/lib/python3.8/site-packages/airflow/example_dags/example_kubernetes_executor.py took 0.024 seconds
[2023-03-26T21:51:09.320+0200] {processor.py:153} INFO - Started process (PID=17115) to work on /home/humbulani/miniconda3/envs/apache-airflow/lib/python3.8/site-packages/airflow/example_dags/example_kubernetes_executor.py
[2023-03-26T21:51:09.325+0200] {processor.py:743} INFO - Processing file /home/humbulani/miniconda3/envs/apache-airflow/lib/python3.8/site-packages/airflow/example_dags/example_kubernetes_executor.py for tasks to queue
[2023-03-26T21:51:09.326+0200] {logging_mixin.py:137} INFO - [2023-03-26T21:51:09.326+0200] {dagbag.py:532} INFO - Filling up the DagBag from /home/humbulani/miniconda3/envs/apache-airflow/lib/python3.8/site-packages/airflow/example_dags/example_kubernetes_executor.py
[2023-03-26T21:51:09.340+0200] {logging_mixin.py:137} INFO - [2023-03-26T21:51:09.340+0200] {example_kubernetes_executor.py:41} WARNING - The example_kubernetes_executor example DAG requires the kubernetes provider. Please install it with: pip install apache-airflow[cncf.kubernetes]
[2023-03-26T21:51:09.340+0200] {processor.py:755} WARNING - No viable dags retrieved from /home/humbulani/miniconda3/envs/apache-airflow/lib/python3.8/site-packages/airflow/example_dags/example_kubernetes_executor.py
[2023-03-26T21:51:09.348+0200] {processor.py:175} INFO - Processing /home/humbulani/miniconda3/envs/apache-airflow/lib/python3.8/site-packages/airflow/example_dags/example_kubernetes_executor.py took 0.029 seconds
[2023-03-26T21:51:54.656+0200] {processor.py:153} INFO - Started process (PID=17167) to work on /home/humbulani/miniconda3/envs/apache-airflow/lib/python3.8/site-packages/airflow/example_dags/example_kubernetes_executor.py
[2023-03-26T21:51:54.670+0200] {processor.py:743} INFO - Processing file /home/humbulani/miniconda3/envs/apache-airflow/lib/python3.8/site-packages/airflow/example_dags/example_kubernetes_executor.py for tasks to queue
[2023-03-26T21:51:54.671+0200] {logging_mixin.py:137} INFO - [2023-03-26T21:51:54.671+0200] {dagbag.py:532} INFO - Filling up the DagBag from /home/humbulani/miniconda3/envs/apache-airflow/lib/python3.8/site-packages/airflow/example_dags/example_kubernetes_executor.py
[2023-03-26T21:51:54.685+0200] {logging_mixin.py:137} INFO - [2023-03-26T21:51:54.685+0200] {example_kubernetes_executor.py:41} WARNING - The example_kubernetes_executor example DAG requires the kubernetes provider. Please install it with: pip install apache-airflow[cncf.kubernetes]
[2023-03-26T21:51:54.685+0200] {processor.py:755} WARNING - No viable dags retrieved from /home/humbulani/miniconda3/envs/apache-airflow/lib/python3.8/site-packages/airflow/example_dags/example_kubernetes_executor.py
[2023-03-26T21:51:54.693+0200] {processor.py:175} INFO - Processing /home/humbulani/miniconda3/envs/apache-airflow/lib/python3.8/site-packages/airflow/example_dags/example_kubernetes_executor.py took 0.040 seconds
[2023-03-26T21:52:43.179+0200] {processor.py:153} INFO - Started process (PID=17210) to work on /home/humbulani/miniconda3/envs/apache-airflow/lib/python3.8/site-packages/airflow/example_dags/example_kubernetes_executor.py
[2023-03-26T21:52:43.215+0200] {processor.py:743} INFO - Processing file /home/humbulani/miniconda3/envs/apache-airflow/lib/python3.8/site-packages/airflow/example_dags/example_kubernetes_executor.py for tasks to queue
[2023-03-26T21:52:43.215+0200] {logging_mixin.py:137} INFO - [2023-03-26T21:52:43.215+0200] {dagbag.py:532} INFO - Filling up the DagBag from /home/humbulani/miniconda3/envs/apache-airflow/lib/python3.8/site-packages/airflow/example_dags/example_kubernetes_executor.py
[2023-03-26T21:52:43.233+0200] {logging_mixin.py:137} INFO - [2023-03-26T21:52:43.232+0200] {example_kubernetes_executor.py:41} WARNING - The example_kubernetes_executor example DAG requires the kubernetes provider. Please install it with: pip install apache-airflow[cncf.kubernetes]
[2023-03-26T21:52:43.233+0200] {processor.py:755} WARNING - No viable dags retrieved from /home/humbulani/miniconda3/envs/apache-airflow/lib/python3.8/site-packages/airflow/example_dags/example_kubernetes_executor.py
[2023-03-26T21:52:43.240+0200] {processor.py:175} INFO - Processing /home/humbulani/miniconda3/envs/apache-airflow/lib/python3.8/site-packages/airflow/example_dags/example_kubernetes_executor.py took 0.063 seconds
[2023-03-26T21:53:33.040+0200] {processor.py:153} INFO - Started process (PID=17265) to work on /home/humbulani/miniconda3/envs/apache-airflow/lib/python3.8/site-packages/airflow/example_dags/example_kubernetes_executor.py
[2023-03-26T21:53:33.077+0200] {processor.py:743} INFO - Processing file /home/humbulani/miniconda3/envs/apache-airflow/lib/python3.8/site-packages/airflow/example_dags/example_kubernetes_executor.py for tasks to queue
[2023-03-26T21:53:33.078+0200] {logging_mixin.py:137} INFO - [2023-03-26T21:53:33.078+0200] {dagbag.py:532} INFO - Filling up the DagBag from /home/humbulani/miniconda3/envs/apache-airflow/lib/python3.8/site-packages/airflow/example_dags/example_kubernetes_executor.py
[2023-03-26T21:53:33.095+0200] {logging_mixin.py:137} INFO - [2023-03-26T21:53:33.095+0200] {example_kubernetes_executor.py:41} WARNING - The example_kubernetes_executor example DAG requires the kubernetes provider. Please install it with: pip install apache-airflow[cncf.kubernetes]
[2023-03-26T21:53:33.096+0200] {processor.py:755} WARNING - No viable dags retrieved from /home/humbulani/miniconda3/envs/apache-airflow/lib/python3.8/site-packages/airflow/example_dags/example_kubernetes_executor.py
[2023-03-26T21:53:33.104+0200] {processor.py:175} INFO - Processing /home/humbulani/miniconda3/envs/apache-airflow/lib/python3.8/site-packages/airflow/example_dags/example_kubernetes_executor.py took 0.067 seconds
[2023-03-26T21:54:21.793+0200] {processor.py:153} INFO - Started process (PID=17312) to work on /home/humbulani/miniconda3/envs/apache-airflow/lib/python3.8/site-packages/airflow/example_dags/example_kubernetes_executor.py
[2023-03-26T21:54:21.839+0200] {processor.py:743} INFO - Processing file /home/humbulani/miniconda3/envs/apache-airflow/lib/python3.8/site-packages/airflow/example_dags/example_kubernetes_executor.py for tasks to queue
[2023-03-26T21:54:21.839+0200] {logging_mixin.py:137} INFO - [2023-03-26T21:54:21.839+0200] {dagbag.py:532} INFO - Filling up the DagBag from /home/humbulani/miniconda3/envs/apache-airflow/lib/python3.8/site-packages/airflow/example_dags/example_kubernetes_executor.py
[2023-03-26T21:54:21.852+0200] {logging_mixin.py:137} INFO - [2023-03-26T21:54:21.852+0200] {example_kubernetes_executor.py:41} WARNING - The example_kubernetes_executor example DAG requires the kubernetes provider. Please install it with: pip install apache-airflow[cncf.kubernetes]
[2023-03-26T21:54:21.853+0200] {processor.py:755} WARNING - No viable dags retrieved from /home/humbulani/miniconda3/envs/apache-airflow/lib/python3.8/site-packages/airflow/example_dags/example_kubernetes_executor.py
[2023-03-26T21:54:21.859+0200] {processor.py:175} INFO - Processing /home/humbulani/miniconda3/envs/apache-airflow/lib/python3.8/site-packages/airflow/example_dags/example_kubernetes_executor.py took 0.069 seconds
[2023-03-26T21:55:11.707+0200] {processor.py:153} INFO - Started process (PID=17356) to work on /home/humbulani/miniconda3/envs/apache-airflow/lib/python3.8/site-packages/airflow/example_dags/example_kubernetes_executor.py
[2023-03-26T21:55:11.708+0200] {processor.py:743} INFO - Processing file /home/humbulani/miniconda3/envs/apache-airflow/lib/python3.8/site-packages/airflow/example_dags/example_kubernetes_executor.py for tasks to queue
[2023-03-26T21:55:11.708+0200] {logging_mixin.py:137} INFO - [2023-03-26T21:55:11.708+0200] {dagbag.py:532} INFO - Filling up the DagBag from /home/humbulani/miniconda3/envs/apache-airflow/lib/python3.8/site-packages/airflow/example_dags/example_kubernetes_executor.py
[2023-03-26T21:55:11.724+0200] {logging_mixin.py:137} INFO - [2023-03-26T21:55:11.724+0200] {example_kubernetes_executor.py:41} WARNING - The example_kubernetes_executor example DAG requires the kubernetes provider. Please install it with: pip install apache-airflow[cncf.kubernetes]
[2023-03-26T21:55:11.724+0200] {processor.py:755} WARNING - No viable dags retrieved from /home/humbulani/miniconda3/envs/apache-airflow/lib/python3.8/site-packages/airflow/example_dags/example_kubernetes_executor.py
[2023-03-26T21:55:11.733+0200] {processor.py:175} INFO - Processing /home/humbulani/miniconda3/envs/apache-airflow/lib/python3.8/site-packages/airflow/example_dags/example_kubernetes_executor.py took 0.029 seconds
[2023-03-26T21:56:02.803+0200] {processor.py:153} INFO - Started process (PID=17458) to work on /home/humbulani/miniconda3/envs/apache-airflow/lib/python3.8/site-packages/airflow/example_dags/example_kubernetes_executor.py
[2023-03-26T21:56:02.811+0200] {processor.py:743} INFO - Processing file /home/humbulani/miniconda3/envs/apache-airflow/lib/python3.8/site-packages/airflow/example_dags/example_kubernetes_executor.py for tasks to queue
[2023-03-26T21:56:02.812+0200] {logging_mixin.py:137} INFO - [2023-03-26T21:56:02.812+0200] {dagbag.py:532} INFO - Filling up the DagBag from /home/humbulani/miniconda3/envs/apache-airflow/lib/python3.8/site-packages/airflow/example_dags/example_kubernetes_executor.py
[2023-03-26T21:56:02.911+0200] {logging_mixin.py:137} INFO - [2023-03-26T21:56:02.911+0200] {example_kubernetes_executor.py:41} WARNING - The example_kubernetes_executor example DAG requires the kubernetes provider. Please install it with: pip install apache-airflow[cncf.kubernetes]
[2023-03-26T21:56:02.911+0200] {processor.py:755} WARNING - No viable dags retrieved from /home/humbulani/miniconda3/envs/apache-airflow/lib/python3.8/site-packages/airflow/example_dags/example_kubernetes_executor.py
[2023-03-26T21:56:02.916+0200] {processor.py:175} INFO - Processing /home/humbulani/miniconda3/envs/apache-airflow/lib/python3.8/site-packages/airflow/example_dags/example_kubernetes_executor.py took 0.116 seconds
[2023-03-26T21:56:46.776+0200] {processor.py:153} INFO - Started process (PID=17500) to work on /home/humbulani/miniconda3/envs/apache-airflow/lib/python3.8/site-packages/airflow/example_dags/example_kubernetes_executor.py
[2023-03-26T21:56:46.781+0200] {processor.py:743} INFO - Processing file /home/humbulani/miniconda3/envs/apache-airflow/lib/python3.8/site-packages/airflow/example_dags/example_kubernetes_executor.py for tasks to queue
[2023-03-26T21:56:46.781+0200] {logging_mixin.py:137} INFO - [2023-03-26T21:56:46.781+0200] {dagbag.py:532} INFO - Filling up the DagBag from /home/humbulani/miniconda3/envs/apache-airflow/lib/python3.8/site-packages/airflow/example_dags/example_kubernetes_executor.py
[2023-03-26T21:56:46.799+0200] {logging_mixin.py:137} INFO - [2023-03-26T21:56:46.799+0200] {example_kubernetes_executor.py:41} WARNING - The example_kubernetes_executor example DAG requires the kubernetes provider. Please install it with: pip install apache-airflow[cncf.kubernetes]
[2023-03-26T21:56:46.800+0200] {processor.py:755} WARNING - No viable dags retrieved from /home/humbulani/miniconda3/envs/apache-airflow/lib/python3.8/site-packages/airflow/example_dags/example_kubernetes_executor.py
[2023-03-26T21:56:46.807+0200] {processor.py:175} INFO - Processing /home/humbulani/miniconda3/envs/apache-airflow/lib/python3.8/site-packages/airflow/example_dags/example_kubernetes_executor.py took 0.034 seconds
[2023-03-26T21:57:30.469+0200] {processor.py:153} INFO - Started process (PID=17611) to work on /home/humbulani/miniconda3/envs/apache-airflow/lib/python3.8/site-packages/airflow/example_dags/example_kubernetes_executor.py
[2023-03-26T21:57:30.484+0200] {processor.py:743} INFO - Processing file /home/humbulani/miniconda3/envs/apache-airflow/lib/python3.8/site-packages/airflow/example_dags/example_kubernetes_executor.py for tasks to queue
[2023-03-26T21:57:30.484+0200] {logging_mixin.py:137} INFO - [2023-03-26T21:57:30.484+0200] {dagbag.py:532} INFO - Filling up the DagBag from /home/humbulani/miniconda3/envs/apache-airflow/lib/python3.8/site-packages/airflow/example_dags/example_kubernetes_executor.py
[2023-03-26T21:57:30.498+0200] {logging_mixin.py:137} INFO - [2023-03-26T21:57:30.498+0200] {example_kubernetes_executor.py:41} WARNING - The example_kubernetes_executor example DAG requires the kubernetes provider. Please install it with: pip install apache-airflow[cncf.kubernetes]
[2023-03-26T21:57:30.498+0200] {processor.py:755} WARNING - No viable dags retrieved from /home/humbulani/miniconda3/envs/apache-airflow/lib/python3.8/site-packages/airflow/example_dags/example_kubernetes_executor.py
[2023-03-26T21:57:30.505+0200] {processor.py:175} INFO - Processing /home/humbulani/miniconda3/envs/apache-airflow/lib/python3.8/site-packages/airflow/example_dags/example_kubernetes_executor.py took 0.038 seconds
[2023-03-26T21:58:16.872+0200] {processor.py:153} INFO - Started process (PID=17853) to work on /home/humbulani/miniconda3/envs/apache-airflow/lib/python3.8/site-packages/airflow/example_dags/example_kubernetes_executor.py
[2023-03-26T21:58:16.881+0200] {processor.py:743} INFO - Processing file /home/humbulani/miniconda3/envs/apache-airflow/lib/python3.8/site-packages/airflow/example_dags/example_kubernetes_executor.py for tasks to queue
[2023-03-26T21:58:16.882+0200] {logging_mixin.py:137} INFO - [2023-03-26T21:58:16.882+0200] {dagbag.py:532} INFO - Filling up the DagBag from /home/humbulani/miniconda3/envs/apache-airflow/lib/python3.8/site-packages/airflow/example_dags/example_kubernetes_executor.py
[2023-03-26T21:58:16.899+0200] {logging_mixin.py:137} INFO - [2023-03-26T21:58:16.899+0200] {example_kubernetes_executor.py:41} WARNING - The example_kubernetes_executor example DAG requires the kubernetes provider. Please install it with: pip install apache-airflow[cncf.kubernetes]
[2023-03-26T21:58:16.899+0200] {processor.py:755} WARNING - No viable dags retrieved from /home/humbulani/miniconda3/envs/apache-airflow/lib/python3.8/site-packages/airflow/example_dags/example_kubernetes_executor.py
[2023-03-26T21:58:16.906+0200] {processor.py:175} INFO - Processing /home/humbulani/miniconda3/envs/apache-airflow/lib/python3.8/site-packages/airflow/example_dags/example_kubernetes_executor.py took 0.036 seconds
[2023-03-26T21:59:03.903+0200] {processor.py:153} INFO - Started process (PID=17911) to work on /home/humbulani/miniconda3/envs/apache-airflow/lib/python3.8/site-packages/airflow/example_dags/example_kubernetes_executor.py
[2023-03-26T21:59:03.918+0200] {processor.py:743} INFO - Processing file /home/humbulani/miniconda3/envs/apache-airflow/lib/python3.8/site-packages/airflow/example_dags/example_kubernetes_executor.py for tasks to queue
[2023-03-26T21:59:03.918+0200] {logging_mixin.py:137} INFO - [2023-03-26T21:59:03.918+0200] {dagbag.py:532} INFO - Filling up the DagBag from /home/humbulani/miniconda3/envs/apache-airflow/lib/python3.8/site-packages/airflow/example_dags/example_kubernetes_executor.py
[2023-03-26T21:59:03.932+0200] {logging_mixin.py:137} INFO - [2023-03-26T21:59:03.932+0200] {example_kubernetes_executor.py:41} WARNING - The example_kubernetes_executor example DAG requires the kubernetes provider. Please install it with: pip install apache-airflow[cncf.kubernetes]
[2023-03-26T21:59:03.932+0200] {processor.py:755} WARNING - No viable dags retrieved from /home/humbulani/miniconda3/envs/apache-airflow/lib/python3.8/site-packages/airflow/example_dags/example_kubernetes_executor.py
[2023-03-26T21:59:03.939+0200] {processor.py:175} INFO - Processing /home/humbulani/miniconda3/envs/apache-airflow/lib/python3.8/site-packages/airflow/example_dags/example_kubernetes_executor.py took 0.039 seconds
[2023-03-26T21:59:51.827+0200] {processor.py:153} INFO - Started process (PID=18128) to work on /home/humbulani/miniconda3/envs/apache-airflow/lib/python3.8/site-packages/airflow/example_dags/example_kubernetes_executor.py
[2023-03-26T21:59:51.838+0200] {processor.py:743} INFO - Processing file /home/humbulani/miniconda3/envs/apache-airflow/lib/python3.8/site-packages/airflow/example_dags/example_kubernetes_executor.py for tasks to queue
[2023-03-26T21:59:51.838+0200] {logging_mixin.py:137} INFO - [2023-03-26T21:59:51.838+0200] {dagbag.py:532} INFO - Filling up the DagBag from /home/humbulani/miniconda3/envs/apache-airflow/lib/python3.8/site-packages/airflow/example_dags/example_kubernetes_executor.py
[2023-03-26T21:59:51.852+0200] {logging_mixin.py:137} INFO - [2023-03-26T21:59:51.852+0200] {example_kubernetes_executor.py:41} WARNING - The example_kubernetes_executor example DAG requires the kubernetes provider. Please install it with: pip install apache-airflow[cncf.kubernetes]
[2023-03-26T21:59:51.852+0200] {processor.py:755} WARNING - No viable dags retrieved from /home/humbulani/miniconda3/envs/apache-airflow/lib/python3.8/site-packages/airflow/example_dags/example_kubernetes_executor.py
[2023-03-26T21:59:51.859+0200] {processor.py:175} INFO - Processing /home/humbulani/miniconda3/envs/apache-airflow/lib/python3.8/site-packages/airflow/example_dags/example_kubernetes_executor.py took 0.034 seconds
[2023-03-26T22:00:39.116+0200] {processor.py:153} INFO - Started process (PID=18179) to work on /home/humbulani/miniconda3/envs/apache-airflow/lib/python3.8/site-packages/airflow/example_dags/example_kubernetes_executor.py
[2023-03-26T22:00:39.117+0200] {processor.py:743} INFO - Processing file /home/humbulani/miniconda3/envs/apache-airflow/lib/python3.8/site-packages/airflow/example_dags/example_kubernetes_executor.py for tasks to queue
[2023-03-26T22:00:39.118+0200] {logging_mixin.py:137} INFO - [2023-03-26T22:00:39.117+0200] {dagbag.py:532} INFO - Filling up the DagBag from /home/humbulani/miniconda3/envs/apache-airflow/lib/python3.8/site-packages/airflow/example_dags/example_kubernetes_executor.py
[2023-03-26T22:00:39.138+0200] {logging_mixin.py:137} INFO - [2023-03-26T22:00:39.138+0200] {example_kubernetes_executor.py:41} WARNING - The example_kubernetes_executor example DAG requires the kubernetes provider. Please install it with: pip install apache-airflow[cncf.kubernetes]
[2023-03-26T22:00:39.138+0200] {processor.py:755} WARNING - No viable dags retrieved from /home/humbulani/miniconda3/envs/apache-airflow/lib/python3.8/site-packages/airflow/example_dags/example_kubernetes_executor.py
[2023-03-26T22:00:39.150+0200] {processor.py:175} INFO - Processing /home/humbulani/miniconda3/envs/apache-airflow/lib/python3.8/site-packages/airflow/example_dags/example_kubernetes_executor.py took 0.037 seconds
[2023-03-26T22:01:23.389+0200] {processor.py:153} INFO - Started process (PID=18274) to work on /home/humbulani/miniconda3/envs/apache-airflow/lib/python3.8/site-packages/airflow/example_dags/example_kubernetes_executor.py
[2023-03-26T22:01:23.389+0200] {processor.py:743} INFO - Processing file /home/humbulani/miniconda3/envs/apache-airflow/lib/python3.8/site-packages/airflow/example_dags/example_kubernetes_executor.py for tasks to queue
[2023-03-26T22:01:23.390+0200] {logging_mixin.py:137} INFO - [2023-03-26T22:01:23.390+0200] {dagbag.py:532} INFO - Filling up the DagBag from /home/humbulani/miniconda3/envs/apache-airflow/lib/python3.8/site-packages/airflow/example_dags/example_kubernetes_executor.py
[2023-03-26T22:01:23.403+0200] {logging_mixin.py:137} INFO - [2023-03-26T22:01:23.403+0200] {example_kubernetes_executor.py:41} WARNING - The example_kubernetes_executor example DAG requires the kubernetes provider. Please install it with: pip install apache-airflow[cncf.kubernetes]
[2023-03-26T22:01:23.403+0200] {processor.py:755} WARNING - No viable dags retrieved from /home/humbulani/miniconda3/envs/apache-airflow/lib/python3.8/site-packages/airflow/example_dags/example_kubernetes_executor.py
[2023-03-26T22:01:23.410+0200] {processor.py:175} INFO - Processing /home/humbulani/miniconda3/envs/apache-airflow/lib/python3.8/site-packages/airflow/example_dags/example_kubernetes_executor.py took 0.024 seconds
[2023-03-26T22:02:12.079+0200] {processor.py:153} INFO - Started process (PID=18520) to work on /home/humbulani/miniconda3/envs/apache-airflow/lib/python3.8/site-packages/airflow/example_dags/example_kubernetes_executor.py
[2023-03-26T22:02:12.080+0200] {processor.py:743} INFO - Processing file /home/humbulani/miniconda3/envs/apache-airflow/lib/python3.8/site-packages/airflow/example_dags/example_kubernetes_executor.py for tasks to queue
[2023-03-26T22:02:12.080+0200] {logging_mixin.py:137} INFO - [2023-03-26T22:02:12.080+0200] {dagbag.py:532} INFO - Filling up the DagBag from /home/humbulani/miniconda3/envs/apache-airflow/lib/python3.8/site-packages/airflow/example_dags/example_kubernetes_executor.py
[2023-03-26T22:02:12.094+0200] {logging_mixin.py:137} INFO - [2023-03-26T22:02:12.094+0200] {example_kubernetes_executor.py:41} WARNING - The example_kubernetes_executor example DAG requires the kubernetes provider. Please install it with: pip install apache-airflow[cncf.kubernetes]
[2023-03-26T22:02:12.094+0200] {processor.py:755} WARNING - No viable dags retrieved from /home/humbulani/miniconda3/envs/apache-airflow/lib/python3.8/site-packages/airflow/example_dags/example_kubernetes_executor.py
[2023-03-26T22:02:12.101+0200] {processor.py:175} INFO - Processing /home/humbulani/miniconda3/envs/apache-airflow/lib/python3.8/site-packages/airflow/example_dags/example_kubernetes_executor.py took 0.024 seconds
[2023-03-26T22:02:58.670+0200] {processor.py:153} INFO - Started process (PID=18576) to work on /home/humbulani/miniconda3/envs/apache-airflow/lib/python3.8/site-packages/airflow/example_dags/example_kubernetes_executor.py
[2023-03-26T22:02:58.670+0200] {processor.py:743} INFO - Processing file /home/humbulani/miniconda3/envs/apache-airflow/lib/python3.8/site-packages/airflow/example_dags/example_kubernetes_executor.py for tasks to queue
[2023-03-26T22:02:58.671+0200] {logging_mixin.py:137} INFO - [2023-03-26T22:02:58.671+0200] {dagbag.py:532} INFO - Filling up the DagBag from /home/humbulani/miniconda3/envs/apache-airflow/lib/python3.8/site-packages/airflow/example_dags/example_kubernetes_executor.py
[2023-03-26T22:02:58.684+0200] {logging_mixin.py:137} INFO - [2023-03-26T22:02:58.684+0200] {example_kubernetes_executor.py:41} WARNING - The example_kubernetes_executor example DAG requires the kubernetes provider. Please install it with: pip install apache-airflow[cncf.kubernetes]
[2023-03-26T22:02:58.684+0200] {processor.py:755} WARNING - No viable dags retrieved from /home/humbulani/miniconda3/envs/apache-airflow/lib/python3.8/site-packages/airflow/example_dags/example_kubernetes_executor.py
[2023-03-26T22:02:58.691+0200] {processor.py:175} INFO - Processing /home/humbulani/miniconda3/envs/apache-airflow/lib/python3.8/site-packages/airflow/example_dags/example_kubernetes_executor.py took 0.024 seconds
[2023-03-26T22:03:42.997+0200] {processor.py:153} INFO - Started process (PID=18638) to work on /home/humbulani/miniconda3/envs/apache-airflow/lib/python3.8/site-packages/airflow/example_dags/example_kubernetes_executor.py
[2023-03-26T22:03:42.998+0200] {processor.py:743} INFO - Processing file /home/humbulani/miniconda3/envs/apache-airflow/lib/python3.8/site-packages/airflow/example_dags/example_kubernetes_executor.py for tasks to queue
[2023-03-26T22:03:42.998+0200] {logging_mixin.py:137} INFO - [2023-03-26T22:03:42.998+0200] {dagbag.py:532} INFO - Filling up the DagBag from /home/humbulani/miniconda3/envs/apache-airflow/lib/python3.8/site-packages/airflow/example_dags/example_kubernetes_executor.py
[2023-03-26T22:03:43.013+0200] {logging_mixin.py:137} INFO - [2023-03-26T22:03:43.013+0200] {example_kubernetes_executor.py:41} WARNING - The example_kubernetes_executor example DAG requires the kubernetes provider. Please install it with: pip install apache-airflow[cncf.kubernetes]
[2023-03-26T22:03:43.013+0200] {processor.py:755} WARNING - No viable dags retrieved from /home/humbulani/miniconda3/envs/apache-airflow/lib/python3.8/site-packages/airflow/example_dags/example_kubernetes_executor.py
[2023-03-26T22:03:43.020+0200] {processor.py:175} INFO - Processing /home/humbulani/miniconda3/envs/apache-airflow/lib/python3.8/site-packages/airflow/example_dags/example_kubernetes_executor.py took 0.026 seconds
[2023-03-26T22:04:27.774+0200] {processor.py:153} INFO - Started process (PID=18700) to work on /home/humbulani/miniconda3/envs/apache-airflow/lib/python3.8/site-packages/airflow/example_dags/example_kubernetes_executor.py
[2023-03-26T22:04:27.780+0200] {processor.py:743} INFO - Processing file /home/humbulani/miniconda3/envs/apache-airflow/lib/python3.8/site-packages/airflow/example_dags/example_kubernetes_executor.py for tasks to queue
[2023-03-26T22:04:27.781+0200] {logging_mixin.py:137} INFO - [2023-03-26T22:04:27.780+0200] {dagbag.py:532} INFO - Filling up the DagBag from /home/humbulani/miniconda3/envs/apache-airflow/lib/python3.8/site-packages/airflow/example_dags/example_kubernetes_executor.py
[2023-03-26T22:04:27.795+0200] {logging_mixin.py:137} INFO - [2023-03-26T22:04:27.795+0200] {example_kubernetes_executor.py:41} WARNING - The example_kubernetes_executor example DAG requires the kubernetes provider. Please install it with: pip install apache-airflow[cncf.kubernetes]
[2023-03-26T22:04:27.795+0200] {processor.py:755} WARNING - No viable dags retrieved from /home/humbulani/miniconda3/envs/apache-airflow/lib/python3.8/site-packages/airflow/example_dags/example_kubernetes_executor.py
[2023-03-26T22:04:27.802+0200] {processor.py:175} INFO - Processing /home/humbulani/miniconda3/envs/apache-airflow/lib/python3.8/site-packages/airflow/example_dags/example_kubernetes_executor.py took 0.031 seconds
[2023-03-26T22:05:14.557+0200] {processor.py:153} INFO - Started process (PID=18751) to work on /home/humbulani/miniconda3/envs/apache-airflow/lib/python3.8/site-packages/airflow/example_dags/example_kubernetes_executor.py
[2023-03-26T22:05:14.575+0200] {processor.py:743} INFO - Processing file /home/humbulani/miniconda3/envs/apache-airflow/lib/python3.8/site-packages/airflow/example_dags/example_kubernetes_executor.py for tasks to queue
[2023-03-26T22:05:14.576+0200] {logging_mixin.py:137} INFO - [2023-03-26T22:05:14.575+0200] {dagbag.py:532} INFO - Filling up the DagBag from /home/humbulani/miniconda3/envs/apache-airflow/lib/python3.8/site-packages/airflow/example_dags/example_kubernetes_executor.py
[2023-03-26T22:05:14.590+0200] {logging_mixin.py:137} INFO - [2023-03-26T22:05:14.590+0200] {example_kubernetes_executor.py:41} WARNING - The example_kubernetes_executor example DAG requires the kubernetes provider. Please install it with: pip install apache-airflow[cncf.kubernetes]
[2023-03-26T22:05:14.591+0200] {processor.py:755} WARNING - No viable dags retrieved from /home/humbulani/miniconda3/envs/apache-airflow/lib/python3.8/site-packages/airflow/example_dags/example_kubernetes_executor.py
[2023-03-26T22:05:14.597+0200] {processor.py:175} INFO - Processing /home/humbulani/miniconda3/envs/apache-airflow/lib/python3.8/site-packages/airflow/example_dags/example_kubernetes_executor.py took 0.043 seconds
[2023-03-26T22:05:57.412+0200] {processor.py:153} INFO - Started process (PID=18802) to work on /home/humbulani/miniconda3/envs/apache-airflow/lib/python3.8/site-packages/airflow/example_dags/example_kubernetes_executor.py
[2023-03-26T22:05:57.420+0200] {processor.py:743} INFO - Processing file /home/humbulani/miniconda3/envs/apache-airflow/lib/python3.8/site-packages/airflow/example_dags/example_kubernetes_executor.py for tasks to queue
[2023-03-26T22:05:57.420+0200] {logging_mixin.py:137} INFO - [2023-03-26T22:05:57.420+0200] {dagbag.py:532} INFO - Filling up the DagBag from /home/humbulani/miniconda3/envs/apache-airflow/lib/python3.8/site-packages/airflow/example_dags/example_kubernetes_executor.py
[2023-03-26T22:05:57.435+0200] {logging_mixin.py:137} INFO - [2023-03-26T22:05:57.435+0200] {example_kubernetes_executor.py:41} WARNING - The example_kubernetes_executor example DAG requires the kubernetes provider. Please install it with: pip install apache-airflow[cncf.kubernetes]
[2023-03-26T22:05:57.435+0200] {processor.py:755} WARNING - No viable dags retrieved from /home/humbulani/miniconda3/envs/apache-airflow/lib/python3.8/site-packages/airflow/example_dags/example_kubernetes_executor.py
[2023-03-26T22:05:57.442+0200] {processor.py:175} INFO - Processing /home/humbulani/miniconda3/envs/apache-airflow/lib/python3.8/site-packages/airflow/example_dags/example_kubernetes_executor.py took 0.032 seconds
[2023-03-26T22:06:44.545+0200] {processor.py:153} INFO - Started process (PID=18876) to work on /home/humbulani/miniconda3/envs/apache-airflow/lib/python3.8/site-packages/airflow/example_dags/example_kubernetes_executor.py
[2023-03-26T22:06:44.561+0200] {processor.py:743} INFO - Processing file /home/humbulani/miniconda3/envs/apache-airflow/lib/python3.8/site-packages/airflow/example_dags/example_kubernetes_executor.py for tasks to queue
[2023-03-26T22:06:44.562+0200] {logging_mixin.py:137} INFO - [2023-03-26T22:06:44.562+0200] {dagbag.py:532} INFO - Filling up the DagBag from /home/humbulani/miniconda3/envs/apache-airflow/lib/python3.8/site-packages/airflow/example_dags/example_kubernetes_executor.py
[2023-03-26T22:06:44.577+0200] {logging_mixin.py:137} INFO - [2023-03-26T22:06:44.577+0200] {example_kubernetes_executor.py:41} WARNING - The example_kubernetes_executor example DAG requires the kubernetes provider. Please install it with: pip install apache-airflow[cncf.kubernetes]
[2023-03-26T22:06:44.577+0200] {processor.py:755} WARNING - No viable dags retrieved from /home/humbulani/miniconda3/envs/apache-airflow/lib/python3.8/site-packages/airflow/example_dags/example_kubernetes_executor.py
[2023-03-26T22:06:44.585+0200] {processor.py:175} INFO - Processing /home/humbulani/miniconda3/envs/apache-airflow/lib/python3.8/site-packages/airflow/example_dags/example_kubernetes_executor.py took 0.042 seconds
[2023-03-26T22:07:31.425+0200] {processor.py:153} INFO - Started process (PID=18991) to work on /home/humbulani/miniconda3/envs/apache-airflow/lib/python3.8/site-packages/airflow/example_dags/example_kubernetes_executor.py
[2023-03-26T22:07:31.426+0200] {processor.py:743} INFO - Processing file /home/humbulani/miniconda3/envs/apache-airflow/lib/python3.8/site-packages/airflow/example_dags/example_kubernetes_executor.py for tasks to queue
[2023-03-26T22:07:31.427+0200] {logging_mixin.py:137} INFO - [2023-03-26T22:07:31.426+0200] {dagbag.py:532} INFO - Filling up the DagBag from /home/humbulani/miniconda3/envs/apache-airflow/lib/python3.8/site-packages/airflow/example_dags/example_kubernetes_executor.py
[2023-03-26T22:07:31.442+0200] {logging_mixin.py:137} INFO - [2023-03-26T22:07:31.442+0200] {example_kubernetes_executor.py:41} WARNING - The example_kubernetes_executor example DAG requires the kubernetes provider. Please install it with: pip install apache-airflow[cncf.kubernetes]
[2023-03-26T22:07:31.442+0200] {processor.py:755} WARNING - No viable dags retrieved from /home/humbulani/miniconda3/envs/apache-airflow/lib/python3.8/site-packages/airflow/example_dags/example_kubernetes_executor.py
[2023-03-26T22:07:31.449+0200] {processor.py:175} INFO - Processing /home/humbulani/miniconda3/envs/apache-airflow/lib/python3.8/site-packages/airflow/example_dags/example_kubernetes_executor.py took 0.026 seconds
[2023-03-26T22:08:15.583+0200] {processor.py:153} INFO - Started process (PID=19040) to work on /home/humbulani/miniconda3/envs/apache-airflow/lib/python3.8/site-packages/airflow/example_dags/example_kubernetes_executor.py
[2023-03-26T22:08:15.598+0200] {processor.py:743} INFO - Processing file /home/humbulani/miniconda3/envs/apache-airflow/lib/python3.8/site-packages/airflow/example_dags/example_kubernetes_executor.py for tasks to queue
[2023-03-26T22:08:15.598+0200] {logging_mixin.py:137} INFO - [2023-03-26T22:08:15.598+0200] {dagbag.py:532} INFO - Filling up the DagBag from /home/humbulani/miniconda3/envs/apache-airflow/lib/python3.8/site-packages/airflow/example_dags/example_kubernetes_executor.py
[2023-03-26T22:08:15.612+0200] {logging_mixin.py:137} INFO - [2023-03-26T22:08:15.612+0200] {example_kubernetes_executor.py:41} WARNING - The example_kubernetes_executor example DAG requires the kubernetes provider. Please install it with: pip install apache-airflow[cncf.kubernetes]
[2023-03-26T22:08:15.613+0200] {processor.py:755} WARNING - No viable dags retrieved from /home/humbulani/miniconda3/envs/apache-airflow/lib/python3.8/site-packages/airflow/example_dags/example_kubernetes_executor.py
[2023-03-26T22:08:15.620+0200] {processor.py:175} INFO - Processing /home/humbulani/miniconda3/envs/apache-airflow/lib/python3.8/site-packages/airflow/example_dags/example_kubernetes_executor.py took 0.040 seconds
[2023-03-26T22:09:03.136+0200] {processor.py:153} INFO - Started process (PID=19122) to work on /home/humbulani/miniconda3/envs/apache-airflow/lib/python3.8/site-packages/airflow/example_dags/example_kubernetes_executor.py
[2023-03-26T22:09:03.184+0200] {processor.py:743} INFO - Processing file /home/humbulani/miniconda3/envs/apache-airflow/lib/python3.8/site-packages/airflow/example_dags/example_kubernetes_executor.py for tasks to queue
[2023-03-26T22:09:03.185+0200] {logging_mixin.py:137} INFO - [2023-03-26T22:09:03.185+0200] {dagbag.py:532} INFO - Filling up the DagBag from /home/humbulani/miniconda3/envs/apache-airflow/lib/python3.8/site-packages/airflow/example_dags/example_kubernetes_executor.py
[2023-03-26T22:09:03.203+0200] {logging_mixin.py:137} INFO - [2023-03-26T22:09:03.203+0200] {example_kubernetes_executor.py:41} WARNING - The example_kubernetes_executor example DAG requires the kubernetes provider. Please install it with: pip install apache-airflow[cncf.kubernetes]
[2023-03-26T22:09:03.204+0200] {processor.py:755} WARNING - No viable dags retrieved from /home/humbulani/miniconda3/envs/apache-airflow/lib/python3.8/site-packages/airflow/example_dags/example_kubernetes_executor.py
[2023-03-26T22:09:03.211+0200] {processor.py:175} INFO - Processing /home/humbulani/miniconda3/envs/apache-airflow/lib/python3.8/site-packages/airflow/example_dags/example_kubernetes_executor.py took 0.078 seconds
[2023-03-26T22:09:50.797+0200] {processor.py:153} INFO - Started process (PID=19165) to work on /home/humbulani/miniconda3/envs/apache-airflow/lib/python3.8/site-packages/airflow/example_dags/example_kubernetes_executor.py
[2023-03-26T22:09:50.798+0200] {processor.py:743} INFO - Processing file /home/humbulani/miniconda3/envs/apache-airflow/lib/python3.8/site-packages/airflow/example_dags/example_kubernetes_executor.py for tasks to queue
[2023-03-26T22:09:50.798+0200] {logging_mixin.py:137} INFO - [2023-03-26T22:09:50.798+0200] {dagbag.py:532} INFO - Filling up the DagBag from /home/humbulani/miniconda3/envs/apache-airflow/lib/python3.8/site-packages/airflow/example_dags/example_kubernetes_executor.py
[2023-03-26T22:09:50.812+0200] {logging_mixin.py:137} INFO - [2023-03-26T22:09:50.812+0200] {example_kubernetes_executor.py:41} WARNING - The example_kubernetes_executor example DAG requires the kubernetes provider. Please install it with: pip install apache-airflow[cncf.kubernetes]
[2023-03-26T22:09:50.812+0200] {processor.py:755} WARNING - No viable dags retrieved from /home/humbulani/miniconda3/envs/apache-airflow/lib/python3.8/site-packages/airflow/example_dags/example_kubernetes_executor.py
[2023-03-26T22:09:50.819+0200] {processor.py:175} INFO - Processing /home/humbulani/miniconda3/envs/apache-airflow/lib/python3.8/site-packages/airflow/example_dags/example_kubernetes_executor.py took 0.025 seconds
[2023-03-26T22:10:33.855+0200] {processor.py:153} INFO - Started process (PID=19236) to work on /home/humbulani/miniconda3/envs/apache-airflow/lib/python3.8/site-packages/airflow/example_dags/example_kubernetes_executor.py
[2023-03-26T22:10:33.861+0200] {processor.py:743} INFO - Processing file /home/humbulani/miniconda3/envs/apache-airflow/lib/python3.8/site-packages/airflow/example_dags/example_kubernetes_executor.py for tasks to queue
[2023-03-26T22:10:33.862+0200] {logging_mixin.py:137} INFO - [2023-03-26T22:10:33.862+0200] {dagbag.py:532} INFO - Filling up the DagBag from /home/humbulani/miniconda3/envs/apache-airflow/lib/python3.8/site-packages/airflow/example_dags/example_kubernetes_executor.py
[2023-03-26T22:10:33.885+0200] {logging_mixin.py:137} INFO - [2023-03-26T22:10:33.884+0200] {example_kubernetes_executor.py:41} WARNING - The example_kubernetes_executor example DAG requires the kubernetes provider. Please install it with: pip install apache-airflow[cncf.kubernetes]
[2023-03-26T22:10:33.885+0200] {processor.py:755} WARNING - No viable dags retrieved from /home/humbulani/miniconda3/envs/apache-airflow/lib/python3.8/site-packages/airflow/example_dags/example_kubernetes_executor.py
[2023-03-26T22:10:33.897+0200] {processor.py:175} INFO - Processing /home/humbulani/miniconda3/envs/apache-airflow/lib/python3.8/site-packages/airflow/example_dags/example_kubernetes_executor.py took 0.046 seconds
[2023-03-26T22:11:21.937+0200] {processor.py:153} INFO - Started process (PID=19338) to work on /home/humbulani/miniconda3/envs/apache-airflow/lib/python3.8/site-packages/airflow/example_dags/example_kubernetes_executor.py
[2023-03-26T22:11:22.007+0200] {processor.py:743} INFO - Processing file /home/humbulani/miniconda3/envs/apache-airflow/lib/python3.8/site-packages/airflow/example_dags/example_kubernetes_executor.py for tasks to queue
[2023-03-26T22:11:22.008+0200] {logging_mixin.py:137} INFO - [2023-03-26T22:11:22.007+0200] {dagbag.py:532} INFO - Filling up the DagBag from /home/humbulani/miniconda3/envs/apache-airflow/lib/python3.8/site-packages/airflow/example_dags/example_kubernetes_executor.py
[2023-03-26T22:11:22.026+0200] {logging_mixin.py:137} INFO - [2023-03-26T22:11:22.025+0200] {example_kubernetes_executor.py:41} WARNING - The example_kubernetes_executor example DAG requires the kubernetes provider. Please install it with: pip install apache-airflow[cncf.kubernetes]
[2023-03-26T22:11:22.026+0200] {processor.py:755} WARNING - No viable dags retrieved from /home/humbulani/miniconda3/envs/apache-airflow/lib/python3.8/site-packages/airflow/example_dags/example_kubernetes_executor.py
[2023-03-26T22:11:22.034+0200] {processor.py:175} INFO - Processing /home/humbulani/miniconda3/envs/apache-airflow/lib/python3.8/site-packages/airflow/example_dags/example_kubernetes_executor.py took 0.100 seconds
[2023-03-26T22:12:06.311+0200] {processor.py:153} INFO - Started process (PID=19383) to work on /home/humbulani/miniconda3/envs/apache-airflow/lib/python3.8/site-packages/airflow/example_dags/example_kubernetes_executor.py
[2023-03-26T22:12:06.320+0200] {processor.py:743} INFO - Processing file /home/humbulani/miniconda3/envs/apache-airflow/lib/python3.8/site-packages/airflow/example_dags/example_kubernetes_executor.py for tasks to queue
[2023-03-26T22:12:06.321+0200] {logging_mixin.py:137} INFO - [2023-03-26T22:12:06.321+0200] {dagbag.py:532} INFO - Filling up the DagBag from /home/humbulani/miniconda3/envs/apache-airflow/lib/python3.8/site-packages/airflow/example_dags/example_kubernetes_executor.py
[2023-03-26T22:12:06.334+0200] {logging_mixin.py:137} INFO - [2023-03-26T22:12:06.334+0200] {example_kubernetes_executor.py:41} WARNING - The example_kubernetes_executor example DAG requires the kubernetes provider. Please install it with: pip install apache-airflow[cncf.kubernetes]
[2023-03-26T22:12:06.334+0200] {processor.py:755} WARNING - No viable dags retrieved from /home/humbulani/miniconda3/envs/apache-airflow/lib/python3.8/site-packages/airflow/example_dags/example_kubernetes_executor.py
[2023-03-26T22:12:06.341+0200] {processor.py:175} INFO - Processing /home/humbulani/miniconda3/envs/apache-airflow/lib/python3.8/site-packages/airflow/example_dags/example_kubernetes_executor.py took 0.032 seconds
[2023-03-26T22:12:51.873+0200] {processor.py:153} INFO - Started process (PID=19492) to work on /home/humbulani/miniconda3/envs/apache-airflow/lib/python3.8/site-packages/airflow/example_dags/example_kubernetes_executor.py
[2023-03-26T22:12:51.891+0200] {processor.py:743} INFO - Processing file /home/humbulani/miniconda3/envs/apache-airflow/lib/python3.8/site-packages/airflow/example_dags/example_kubernetes_executor.py for tasks to queue
[2023-03-26T22:12:51.892+0200] {logging_mixin.py:137} INFO - [2023-03-26T22:12:51.892+0200] {dagbag.py:532} INFO - Filling up the DagBag from /home/humbulani/miniconda3/envs/apache-airflow/lib/python3.8/site-packages/airflow/example_dags/example_kubernetes_executor.py
[2023-03-26T22:12:51.905+0200] {logging_mixin.py:137} INFO - [2023-03-26T22:12:51.905+0200] {example_kubernetes_executor.py:41} WARNING - The example_kubernetes_executor example DAG requires the kubernetes provider. Please install it with: pip install apache-airflow[cncf.kubernetes]
[2023-03-26T22:12:51.906+0200] {processor.py:755} WARNING - No viable dags retrieved from /home/humbulani/miniconda3/envs/apache-airflow/lib/python3.8/site-packages/airflow/example_dags/example_kubernetes_executor.py
[2023-03-26T22:12:51.912+0200] {processor.py:175} INFO - Processing /home/humbulani/miniconda3/envs/apache-airflow/lib/python3.8/site-packages/airflow/example_dags/example_kubernetes_executor.py took 0.042 seconds
[2023-03-26T22:13:39.459+0200] {processor.py:153} INFO - Started process (PID=19534) to work on /home/humbulani/miniconda3/envs/apache-airflow/lib/python3.8/site-packages/airflow/example_dags/example_kubernetes_executor.py
[2023-03-26T22:13:39.460+0200] {processor.py:743} INFO - Processing file /home/humbulani/miniconda3/envs/apache-airflow/lib/python3.8/site-packages/airflow/example_dags/example_kubernetes_executor.py for tasks to queue
[2023-03-26T22:13:39.460+0200] {logging_mixin.py:137} INFO - [2023-03-26T22:13:39.460+0200] {dagbag.py:532} INFO - Filling up the DagBag from /home/humbulani/miniconda3/envs/apache-airflow/lib/python3.8/site-packages/airflow/example_dags/example_kubernetes_executor.py
[2023-03-26T22:13:39.474+0200] {logging_mixin.py:137} INFO - [2023-03-26T22:13:39.474+0200] {example_kubernetes_executor.py:41} WARNING - The example_kubernetes_executor example DAG requires the kubernetes provider. Please install it with: pip install apache-airflow[cncf.kubernetes]
[2023-03-26T22:13:39.474+0200] {processor.py:755} WARNING - No viable dags retrieved from /home/humbulani/miniconda3/envs/apache-airflow/lib/python3.8/site-packages/airflow/example_dags/example_kubernetes_executor.py
[2023-03-26T22:13:39.480+0200] {processor.py:175} INFO - Processing /home/humbulani/miniconda3/envs/apache-airflow/lib/python3.8/site-packages/airflow/example_dags/example_kubernetes_executor.py took 0.024 seconds
[2023-03-26T22:14:26.612+0200] {processor.py:153} INFO - Started process (PID=19579) to work on /home/humbulani/miniconda3/envs/apache-airflow/lib/python3.8/site-packages/airflow/example_dags/example_kubernetes_executor.py
[2023-03-26T22:14:26.619+0200] {processor.py:743} INFO - Processing file /home/humbulani/miniconda3/envs/apache-airflow/lib/python3.8/site-packages/airflow/example_dags/example_kubernetes_executor.py for tasks to queue
[2023-03-26T22:14:26.620+0200] {logging_mixin.py:137} INFO - [2023-03-26T22:14:26.619+0200] {dagbag.py:532} INFO - Filling up the DagBag from /home/humbulani/miniconda3/envs/apache-airflow/lib/python3.8/site-packages/airflow/example_dags/example_kubernetes_executor.py
[2023-03-26T22:14:26.634+0200] {logging_mixin.py:137} INFO - [2023-03-26T22:14:26.633+0200] {example_kubernetes_executor.py:41} WARNING - The example_kubernetes_executor example DAG requires the kubernetes provider. Please install it with: pip install apache-airflow[cncf.kubernetes]
[2023-03-26T22:14:26.634+0200] {processor.py:755} WARNING - No viable dags retrieved from /home/humbulani/miniconda3/envs/apache-airflow/lib/python3.8/site-packages/airflow/example_dags/example_kubernetes_executor.py
[2023-03-26T22:14:26.642+0200] {processor.py:175} INFO - Processing /home/humbulani/miniconda3/envs/apache-airflow/lib/python3.8/site-packages/airflow/example_dags/example_kubernetes_executor.py took 0.032 seconds
[2023-03-26T22:15:12.656+0200] {processor.py:153} INFO - Started process (PID=19688) to work on /home/humbulani/miniconda3/envs/apache-airflow/lib/python3.8/site-packages/airflow/example_dags/example_kubernetes_executor.py
[2023-03-26T22:15:12.682+0200] {processor.py:743} INFO - Processing file /home/humbulani/miniconda3/envs/apache-airflow/lib/python3.8/site-packages/airflow/example_dags/example_kubernetes_executor.py for tasks to queue
[2023-03-26T22:15:12.683+0200] {logging_mixin.py:137} INFO - [2023-03-26T22:15:12.683+0200] {dagbag.py:532} INFO - Filling up the DagBag from /home/humbulani/miniconda3/envs/apache-airflow/lib/python3.8/site-packages/airflow/example_dags/example_kubernetes_executor.py
[2023-03-26T22:15:12.696+0200] {logging_mixin.py:137} INFO - [2023-03-26T22:15:12.696+0200] {example_kubernetes_executor.py:41} WARNING - The example_kubernetes_executor example DAG requires the kubernetes provider. Please install it with: pip install apache-airflow[cncf.kubernetes]
[2023-03-26T22:15:12.697+0200] {processor.py:755} WARNING - No viable dags retrieved from /home/humbulani/miniconda3/envs/apache-airflow/lib/python3.8/site-packages/airflow/example_dags/example_kubernetes_executor.py
[2023-03-26T22:15:12.703+0200] {processor.py:175} INFO - Processing /home/humbulani/miniconda3/envs/apache-airflow/lib/python3.8/site-packages/airflow/example_dags/example_kubernetes_executor.py took 0.050 seconds
[2023-03-26T22:16:00.108+0200] {processor.py:153} INFO - Started process (PID=19734) to work on /home/humbulani/miniconda3/envs/apache-airflow/lib/python3.8/site-packages/airflow/example_dags/example_kubernetes_executor.py
[2023-03-26T22:16:00.116+0200] {processor.py:743} INFO - Processing file /home/humbulani/miniconda3/envs/apache-airflow/lib/python3.8/site-packages/airflow/example_dags/example_kubernetes_executor.py for tasks to queue
[2023-03-26T22:16:00.116+0200] {logging_mixin.py:137} INFO - [2023-03-26T22:16:00.116+0200] {dagbag.py:532} INFO - Filling up the DagBag from /home/humbulani/miniconda3/envs/apache-airflow/lib/python3.8/site-packages/airflow/example_dags/example_kubernetes_executor.py
[2023-03-26T22:16:00.131+0200] {logging_mixin.py:137} INFO - [2023-03-26T22:16:00.131+0200] {example_kubernetes_executor.py:41} WARNING - The example_kubernetes_executor example DAG requires the kubernetes provider. Please install it with: pip install apache-airflow[cncf.kubernetes]
[2023-03-26T22:16:00.131+0200] {processor.py:755} WARNING - No viable dags retrieved from /home/humbulani/miniconda3/envs/apache-airflow/lib/python3.8/site-packages/airflow/example_dags/example_kubernetes_executor.py
[2023-03-26T22:16:00.138+0200] {processor.py:175} INFO - Processing /home/humbulani/miniconda3/envs/apache-airflow/lib/python3.8/site-packages/airflow/example_dags/example_kubernetes_executor.py took 0.032 seconds
[2023-03-26T22:16:51.717+0200] {processor.py:153} INFO - Started process (PID=19842) to work on /home/humbulani/miniconda3/envs/apache-airflow/lib/python3.8/site-packages/airflow/example_dags/example_kubernetes_executor.py
[2023-03-26T22:16:51.779+0200] {processor.py:743} INFO - Processing file /home/humbulani/miniconda3/envs/apache-airflow/lib/python3.8/site-packages/airflow/example_dags/example_kubernetes_executor.py for tasks to queue
[2023-03-26T22:16:51.780+0200] {logging_mixin.py:137} INFO - [2023-03-26T22:16:51.780+0200] {dagbag.py:532} INFO - Filling up the DagBag from /home/humbulani/miniconda3/envs/apache-airflow/lib/python3.8/site-packages/airflow/example_dags/example_kubernetes_executor.py
[2023-03-26T22:16:51.795+0200] {logging_mixin.py:137} INFO - [2023-03-26T22:16:51.794+0200] {example_kubernetes_executor.py:41} WARNING - The example_kubernetes_executor example DAG requires the kubernetes provider. Please install it with: pip install apache-airflow[cncf.kubernetes]
[2023-03-26T22:16:51.795+0200] {processor.py:755} WARNING - No viable dags retrieved from /home/humbulani/miniconda3/envs/apache-airflow/lib/python3.8/site-packages/airflow/example_dags/example_kubernetes_executor.py
[2023-03-26T22:16:51.803+0200] {processor.py:175} INFO - Processing /home/humbulani/miniconda3/envs/apache-airflow/lib/python3.8/site-packages/airflow/example_dags/example_kubernetes_executor.py took 0.088 seconds
[2023-03-26T22:17:37.268+0200] {processor.py:153} INFO - Started process (PID=19894) to work on /home/humbulani/miniconda3/envs/apache-airflow/lib/python3.8/site-packages/airflow/example_dags/example_kubernetes_executor.py
[2023-03-26T22:17:37.275+0200] {processor.py:743} INFO - Processing file /home/humbulani/miniconda3/envs/apache-airflow/lib/python3.8/site-packages/airflow/example_dags/example_kubernetes_executor.py for tasks to queue
[2023-03-26T22:17:37.276+0200] {logging_mixin.py:137} INFO - [2023-03-26T22:17:37.276+0200] {dagbag.py:532} INFO - Filling up the DagBag from /home/humbulani/miniconda3/envs/apache-airflow/lib/python3.8/site-packages/airflow/example_dags/example_kubernetes_executor.py
[2023-03-26T22:17:37.289+0200] {logging_mixin.py:137} INFO - [2023-03-26T22:17:37.289+0200] {example_kubernetes_executor.py:41} WARNING - The example_kubernetes_executor example DAG requires the kubernetes provider. Please install it with: pip install apache-airflow[cncf.kubernetes]
[2023-03-26T22:17:37.289+0200] {processor.py:755} WARNING - No viable dags retrieved from /home/humbulani/miniconda3/envs/apache-airflow/lib/python3.8/site-packages/airflow/example_dags/example_kubernetes_executor.py
[2023-03-26T22:17:37.296+0200] {processor.py:175} INFO - Processing /home/humbulani/miniconda3/envs/apache-airflow/lib/python3.8/site-packages/airflow/example_dags/example_kubernetes_executor.py took 0.031 seconds
[2023-03-26T22:18:21.379+0200] {processor.py:153} INFO - Started process (PID=20002) to work on /home/humbulani/miniconda3/envs/apache-airflow/lib/python3.8/site-packages/airflow/example_dags/example_kubernetes_executor.py
[2023-03-26T22:18:21.386+0200] {processor.py:743} INFO - Processing file /home/humbulani/miniconda3/envs/apache-airflow/lib/python3.8/site-packages/airflow/example_dags/example_kubernetes_executor.py for tasks to queue
[2023-03-26T22:18:21.387+0200] {logging_mixin.py:137} INFO - [2023-03-26T22:18:21.387+0200] {dagbag.py:532} INFO - Filling up the DagBag from /home/humbulani/miniconda3/envs/apache-airflow/lib/python3.8/site-packages/airflow/example_dags/example_kubernetes_executor.py
[2023-03-26T22:18:21.405+0200] {logging_mixin.py:137} INFO - [2023-03-26T22:18:21.405+0200] {example_kubernetes_executor.py:41} WARNING - The example_kubernetes_executor example DAG requires the kubernetes provider. Please install it with: pip install apache-airflow[cncf.kubernetes]
[2023-03-26T22:18:21.405+0200] {processor.py:755} WARNING - No viable dags retrieved from /home/humbulani/miniconda3/envs/apache-airflow/lib/python3.8/site-packages/airflow/example_dags/example_kubernetes_executor.py
[2023-03-26T22:18:21.413+0200] {processor.py:175} INFO - Processing /home/humbulani/miniconda3/envs/apache-airflow/lib/python3.8/site-packages/airflow/example_dags/example_kubernetes_executor.py took 0.036 seconds
[2023-03-26T22:19:05.243+0200] {processor.py:153} INFO - Started process (PID=20047) to work on /home/humbulani/miniconda3/envs/apache-airflow/lib/python3.8/site-packages/airflow/example_dags/example_kubernetes_executor.py
[2023-03-26T22:19:05.257+0200] {processor.py:743} INFO - Processing file /home/humbulani/miniconda3/envs/apache-airflow/lib/python3.8/site-packages/airflow/example_dags/example_kubernetes_executor.py for tasks to queue
[2023-03-26T22:19:05.258+0200] {logging_mixin.py:137} INFO - [2023-03-26T22:19:05.258+0200] {dagbag.py:532} INFO - Filling up the DagBag from /home/humbulani/miniconda3/envs/apache-airflow/lib/python3.8/site-packages/airflow/example_dags/example_kubernetes_executor.py
[2023-03-26T22:19:05.272+0200] {logging_mixin.py:137} INFO - [2023-03-26T22:19:05.272+0200] {example_kubernetes_executor.py:41} WARNING - The example_kubernetes_executor example DAG requires the kubernetes provider. Please install it with: pip install apache-airflow[cncf.kubernetes]
[2023-03-26T22:19:05.272+0200] {processor.py:755} WARNING - No viable dags retrieved from /home/humbulani/miniconda3/envs/apache-airflow/lib/python3.8/site-packages/airflow/example_dags/example_kubernetes_executor.py
[2023-03-26T22:19:05.279+0200] {processor.py:175} INFO - Processing /home/humbulani/miniconda3/envs/apache-airflow/lib/python3.8/site-packages/airflow/example_dags/example_kubernetes_executor.py took 0.038 seconds
[2023-03-26T22:19:50.273+0200] {processor.py:153} INFO - Started process (PID=20157) to work on /home/humbulani/miniconda3/envs/apache-airflow/lib/python3.8/site-packages/airflow/example_dags/example_kubernetes_executor.py
[2023-03-26T22:19:50.278+0200] {processor.py:743} INFO - Processing file /home/humbulani/miniconda3/envs/apache-airflow/lib/python3.8/site-packages/airflow/example_dags/example_kubernetes_executor.py for tasks to queue
[2023-03-26T22:19:50.279+0200] {logging_mixin.py:137} INFO - [2023-03-26T22:19:50.279+0200] {dagbag.py:532} INFO - Filling up the DagBag from /home/humbulani/miniconda3/envs/apache-airflow/lib/python3.8/site-packages/airflow/example_dags/example_kubernetes_executor.py
[2023-03-26T22:19:50.292+0200] {logging_mixin.py:137} INFO - [2023-03-26T22:19:50.292+0200] {example_kubernetes_executor.py:41} WARNING - The example_kubernetes_executor example DAG requires the kubernetes provider. Please install it with: pip install apache-airflow[cncf.kubernetes]
[2023-03-26T22:19:50.293+0200] {processor.py:755} WARNING - No viable dags retrieved from /home/humbulani/miniconda3/envs/apache-airflow/lib/python3.8/site-packages/airflow/example_dags/example_kubernetes_executor.py
[2023-03-26T22:19:50.299+0200] {processor.py:175} INFO - Processing /home/humbulani/miniconda3/envs/apache-airflow/lib/python3.8/site-packages/airflow/example_dags/example_kubernetes_executor.py took 0.028 seconds
[2023-03-26T22:20:35.477+0200] {processor.py:153} INFO - Started process (PID=20229) to work on /home/humbulani/miniconda3/envs/apache-airflow/lib/python3.8/site-packages/airflow/example_dags/example_kubernetes_executor.py
[2023-03-26T22:20:35.485+0200] {processor.py:743} INFO - Processing file /home/humbulani/miniconda3/envs/apache-airflow/lib/python3.8/site-packages/airflow/example_dags/example_kubernetes_executor.py for tasks to queue
[2023-03-26T22:20:35.486+0200] {logging_mixin.py:137} INFO - [2023-03-26T22:20:35.486+0200] {dagbag.py:532} INFO - Filling up the DagBag from /home/humbulani/miniconda3/envs/apache-airflow/lib/python3.8/site-packages/airflow/example_dags/example_kubernetes_executor.py
[2023-03-26T22:20:35.503+0200] {logging_mixin.py:137} INFO - [2023-03-26T22:20:35.502+0200] {example_kubernetes_executor.py:41} WARNING - The example_kubernetes_executor example DAG requires the kubernetes provider. Please install it with: pip install apache-airflow[cncf.kubernetes]
[2023-03-26T22:20:35.503+0200] {processor.py:755} WARNING - No viable dags retrieved from /home/humbulani/miniconda3/envs/apache-airflow/lib/python3.8/site-packages/airflow/example_dags/example_kubernetes_executor.py
[2023-03-26T22:20:35.513+0200] {processor.py:175} INFO - Processing /home/humbulani/miniconda3/envs/apache-airflow/lib/python3.8/site-packages/airflow/example_dags/example_kubernetes_executor.py took 0.040 seconds
[2023-03-26T22:21:20.735+0200] {processor.py:153} INFO - Started process (PID=20291) to work on /home/humbulani/miniconda3/envs/apache-airflow/lib/python3.8/site-packages/airflow/example_dags/example_kubernetes_executor.py
[2023-03-26T22:21:20.739+0200] {processor.py:743} INFO - Processing file /home/humbulani/miniconda3/envs/apache-airflow/lib/python3.8/site-packages/airflow/example_dags/example_kubernetes_executor.py for tasks to queue
[2023-03-26T22:21:20.740+0200] {logging_mixin.py:137} INFO - [2023-03-26T22:21:20.740+0200] {dagbag.py:532} INFO - Filling up the DagBag from /home/humbulani/miniconda3/envs/apache-airflow/lib/python3.8/site-packages/airflow/example_dags/example_kubernetes_executor.py
[2023-03-26T22:21:20.753+0200] {logging_mixin.py:137} INFO - [2023-03-26T22:21:20.753+0200] {example_kubernetes_executor.py:41} WARNING - The example_kubernetes_executor example DAG requires the kubernetes provider. Please install it with: pip install apache-airflow[cncf.kubernetes]
[2023-03-26T22:21:20.754+0200] {processor.py:755} WARNING - No viable dags retrieved from /home/humbulani/miniconda3/envs/apache-airflow/lib/python3.8/site-packages/airflow/example_dags/example_kubernetes_executor.py
[2023-03-26T22:21:20.760+0200] {processor.py:175} INFO - Processing /home/humbulani/miniconda3/envs/apache-airflow/lib/python3.8/site-packages/airflow/example_dags/example_kubernetes_executor.py took 0.028 seconds
[2023-03-26T22:22:05.595+0200] {processor.py:153} INFO - Started process (PID=20335) to work on /home/humbulani/miniconda3/envs/apache-airflow/lib/python3.8/site-packages/airflow/example_dags/example_kubernetes_executor.py
[2023-03-26T22:22:05.599+0200] {processor.py:743} INFO - Processing file /home/humbulani/miniconda3/envs/apache-airflow/lib/python3.8/site-packages/airflow/example_dags/example_kubernetes_executor.py for tasks to queue
[2023-03-26T22:22:05.599+0200] {logging_mixin.py:137} INFO - [2023-03-26T22:22:05.599+0200] {dagbag.py:532} INFO - Filling up the DagBag from /home/humbulani/miniconda3/envs/apache-airflow/lib/python3.8/site-packages/airflow/example_dags/example_kubernetes_executor.py
[2023-03-26T22:22:05.617+0200] {logging_mixin.py:137} INFO - [2023-03-26T22:22:05.617+0200] {example_kubernetes_executor.py:41} WARNING - The example_kubernetes_executor example DAG requires the kubernetes provider. Please install it with: pip install apache-airflow[cncf.kubernetes]
[2023-03-26T22:22:05.617+0200] {processor.py:755} WARNING - No viable dags retrieved from /home/humbulani/miniconda3/envs/apache-airflow/lib/python3.8/site-packages/airflow/example_dags/example_kubernetes_executor.py
[2023-03-26T22:22:05.625+0200] {processor.py:175} INFO - Processing /home/humbulani/miniconda3/envs/apache-airflow/lib/python3.8/site-packages/airflow/example_dags/example_kubernetes_executor.py took 0.033 seconds
[2023-03-26T22:22:51.696+0200] {processor.py:153} INFO - Started process (PID=20378) to work on /home/humbulani/miniconda3/envs/apache-airflow/lib/python3.8/site-packages/airflow/example_dags/example_kubernetes_executor.py
[2023-03-26T22:22:51.711+0200] {processor.py:743} INFO - Processing file /home/humbulani/miniconda3/envs/apache-airflow/lib/python3.8/site-packages/airflow/example_dags/example_kubernetes_executor.py for tasks to queue
[2023-03-26T22:22:51.712+0200] {logging_mixin.py:137} INFO - [2023-03-26T22:22:51.712+0200] {dagbag.py:532} INFO - Filling up the DagBag from /home/humbulani/miniconda3/envs/apache-airflow/lib/python3.8/site-packages/airflow/example_dags/example_kubernetes_executor.py
[2023-03-26T22:22:51.726+0200] {logging_mixin.py:137} INFO - [2023-03-26T22:22:51.726+0200] {example_kubernetes_executor.py:41} WARNING - The example_kubernetes_executor example DAG requires the kubernetes provider. Please install it with: pip install apache-airflow[cncf.kubernetes]
[2023-03-26T22:22:51.726+0200] {processor.py:755} WARNING - No viable dags retrieved from /home/humbulani/miniconda3/envs/apache-airflow/lib/python3.8/site-packages/airflow/example_dags/example_kubernetes_executor.py
[2023-03-26T22:22:51.733+0200] {processor.py:175} INFO - Processing /home/humbulani/miniconda3/envs/apache-airflow/lib/python3.8/site-packages/airflow/example_dags/example_kubernetes_executor.py took 0.039 seconds
