[2023-03-26T21:39:45.283+0200] {processor.py:153} INFO - Started process (PID=16657) to work on /home/humbulani/miniconda3/envs/apache-airflow/lib/python3.8/site-packages/airflow/example_dags/example_trigger_controller_dag.py
[2023-03-26T21:39:45.283+0200] {processor.py:743} INFO - Processing file /home/humbulani/miniconda3/envs/apache-airflow/lib/python3.8/site-packages/airflow/example_dags/example_trigger_controller_dag.py for tasks to queue
[2023-03-26T21:39:45.284+0200] {logging_mixin.py:137} INFO - [2023-03-26T21:39:45.284+0200] {dagbag.py:532} INFO - Filling up the DagBag from /home/humbulani/miniconda3/envs/apache-airflow/lib/python3.8/site-packages/airflow/example_dags/example_trigger_controller_dag.py
[2023-03-26T21:39:45.293+0200] {processor.py:753} INFO - DAG(s) dict_keys(['example_trigger_controller_dag']) retrieved from /home/humbulani/miniconda3/envs/apache-airflow/lib/python3.8/site-packages/airflow/example_dags/example_trigger_controller_dag.py
[2023-03-26T21:39:45.549+0200] {logging_mixin.py:137} INFO - [2023-03-26T21:39:45.549+0200] {manager.py:504} INFO - Created Permission View: can edit on DAG:example_trigger_controller_dag
[2023-03-26T21:39:45.616+0200] {logging_mixin.py:137} INFO - [2023-03-26T21:39:45.616+0200] {manager.py:504} INFO - Created Permission View: can read on DAG:example_trigger_controller_dag
[2023-03-26T21:39:45.674+0200] {logging_mixin.py:137} INFO - [2023-03-26T21:39:45.674+0200] {manager.py:504} INFO - Created Permission View: can delete on DAG:example_trigger_controller_dag
[2023-03-26T21:39:45.674+0200] {logging_mixin.py:137} INFO - [2023-03-26T21:39:45.674+0200] {dag.py:2693} INFO - Sync 1 DAGs
[2023-03-26T21:39:45.703+0200] {logging_mixin.py:137} INFO - [2023-03-26T21:39:45.703+0200] {dag.py:2714} INFO - Creating ORM DAG for example_trigger_controller_dag
[2023-03-26T21:39:45.723+0200] {logging_mixin.py:137} INFO - [2023-03-26T21:39:45.723+0200] {dag.py:3440} INFO - Setting next_dagrun for example_trigger_controller_dag to 2021-01-01T00:00:00+00:00, run_after=2021-01-01T00:00:00+00:00
[2023-03-26T21:39:45.919+0200] {processor.py:175} INFO - Processing /home/humbulani/miniconda3/envs/apache-airflow/lib/python3.8/site-packages/airflow/example_dags/example_trigger_controller_dag.py took 0.639 seconds
[2023-03-26T21:40:42.424+0200] {processor.py:153} INFO - Started process (PID=16757) to work on /home/humbulani/miniconda3/envs/apache-airflow/lib/python3.8/site-packages/airflow/example_dags/example_trigger_controller_dag.py
[2023-03-26T21:40:42.461+0200] {processor.py:743} INFO - Processing file /home/humbulani/miniconda3/envs/apache-airflow/lib/python3.8/site-packages/airflow/example_dags/example_trigger_controller_dag.py for tasks to queue
[2023-03-26T21:40:42.462+0200] {logging_mixin.py:137} INFO - [2023-03-26T21:40:42.461+0200] {dagbag.py:532} INFO - Filling up the DagBag from /home/humbulani/miniconda3/envs/apache-airflow/lib/python3.8/site-packages/airflow/example_dags/example_trigger_controller_dag.py
[2023-03-26T21:40:42.471+0200] {processor.py:753} INFO - DAG(s) dict_keys(['example_trigger_controller_dag']) retrieved from /home/humbulani/miniconda3/envs/apache-airflow/lib/python3.8/site-packages/airflow/example_dags/example_trigger_controller_dag.py
[2023-03-26T21:40:42.491+0200] {logging_mixin.py:137} INFO - [2023-03-26T21:40:42.491+0200] {dag.py:2693} INFO - Sync 1 DAGs
[2023-03-26T21:40:42.511+0200] {logging_mixin.py:137} INFO - [2023-03-26T21:40:42.511+0200] {dag.py:3440} INFO - Setting next_dagrun for example_trigger_controller_dag to 2021-01-01T00:00:00+00:00, run_after=2021-01-01T00:00:00+00:00
[2023-03-26T21:40:42.625+0200] {processor.py:175} INFO - Processing /home/humbulani/miniconda3/envs/apache-airflow/lib/python3.8/site-packages/airflow/example_dags/example_trigger_controller_dag.py took 0.204 seconds
[2023-03-26T21:48:11.059+0200] {processor.py:153} INFO - Started process (PID=16889) to work on /home/humbulani/miniconda3/envs/apache-airflow/lib/python3.8/site-packages/airflow/example_dags/example_trigger_controller_dag.py
[2023-03-26T21:48:11.074+0200] {processor.py:743} INFO - Processing file /home/humbulani/miniconda3/envs/apache-airflow/lib/python3.8/site-packages/airflow/example_dags/example_trigger_controller_dag.py for tasks to queue
[2023-03-26T21:48:11.074+0200] {logging_mixin.py:137} INFO - [2023-03-26T21:48:11.074+0200] {dagbag.py:532} INFO - Filling up the DagBag from /home/humbulani/miniconda3/envs/apache-airflow/lib/python3.8/site-packages/airflow/example_dags/example_trigger_controller_dag.py
[2023-03-26T21:48:11.084+0200] {processor.py:753} INFO - DAG(s) dict_keys(['example_trigger_controller_dag']) retrieved from /home/humbulani/miniconda3/envs/apache-airflow/lib/python3.8/site-packages/airflow/example_dags/example_trigger_controller_dag.py
[2023-03-26T21:48:13.039+0200] {logging_mixin.py:137} INFO - [2023-03-26T21:48:13.039+0200] {dag.py:2693} INFO - Sync 1 DAGs
[2023-03-26T21:48:13.147+0200] {logging_mixin.py:137} INFO - [2023-03-26T21:48:13.146+0200] {dag.py:3440} INFO - Setting next_dagrun for example_trigger_controller_dag to 2021-01-01T00:00:00+00:00, run_after=2021-01-01T00:00:00+00:00
[2023-03-26T21:48:13.243+0200] {processor.py:175} INFO - Processing /home/humbulani/miniconda3/envs/apache-airflow/lib/python3.8/site-packages/airflow/example_dags/example_trigger_controller_dag.py took 2.188 seconds
[2023-03-26T21:49:02.528+0200] {processor.py:153} INFO - Started process (PID=16932) to work on /home/humbulani/miniconda3/envs/apache-airflow/lib/python3.8/site-packages/airflow/example_dags/example_trigger_controller_dag.py
[2023-03-26T21:49:02.563+0200] {processor.py:743} INFO - Processing file /home/humbulani/miniconda3/envs/apache-airflow/lib/python3.8/site-packages/airflow/example_dags/example_trigger_controller_dag.py for tasks to queue
[2023-03-26T21:49:02.564+0200] {logging_mixin.py:137} INFO - [2023-03-26T21:49:02.564+0200] {dagbag.py:532} INFO - Filling up the DagBag from /home/humbulani/miniconda3/envs/apache-airflow/lib/python3.8/site-packages/airflow/example_dags/example_trigger_controller_dag.py
[2023-03-26T21:49:02.577+0200] {processor.py:753} INFO - DAG(s) dict_keys(['example_trigger_controller_dag']) retrieved from /home/humbulani/miniconda3/envs/apache-airflow/lib/python3.8/site-packages/airflow/example_dags/example_trigger_controller_dag.py
[2023-03-26T21:49:02.596+0200] {logging_mixin.py:137} INFO - [2023-03-26T21:49:02.596+0200] {dag.py:2693} INFO - Sync 1 DAGs
[2023-03-26T21:49:02.614+0200] {logging_mixin.py:137} INFO - [2023-03-26T21:49:02.614+0200] {dag.py:3440} INFO - Setting next_dagrun for example_trigger_controller_dag to 2021-01-01T00:00:00+00:00, run_after=2021-01-01T00:00:00+00:00
[2023-03-26T21:49:02.694+0200] {processor.py:175} INFO - Processing /home/humbulani/miniconda3/envs/apache-airflow/lib/python3.8/site-packages/airflow/example_dags/example_trigger_controller_dag.py took 0.170 seconds
[2023-03-26T21:49:50.857+0200] {processor.py:153} INFO - Started process (PID=16976) to work on /home/humbulani/miniconda3/envs/apache-airflow/lib/python3.8/site-packages/airflow/example_dags/example_trigger_controller_dag.py
[2023-03-26T21:49:50.866+0200] {processor.py:743} INFO - Processing file /home/humbulani/miniconda3/envs/apache-airflow/lib/python3.8/site-packages/airflow/example_dags/example_trigger_controller_dag.py for tasks to queue
[2023-03-26T21:49:50.866+0200] {logging_mixin.py:137} INFO - [2023-03-26T21:49:50.866+0200] {dagbag.py:532} INFO - Filling up the DagBag from /home/humbulani/miniconda3/envs/apache-airflow/lib/python3.8/site-packages/airflow/example_dags/example_trigger_controller_dag.py
[2023-03-26T21:49:50.876+0200] {processor.py:753} INFO - DAG(s) dict_keys(['example_trigger_controller_dag']) retrieved from /home/humbulani/miniconda3/envs/apache-airflow/lib/python3.8/site-packages/airflow/example_dags/example_trigger_controller_dag.py
[2023-03-26T21:49:50.892+0200] {logging_mixin.py:137} INFO - [2023-03-26T21:49:50.891+0200] {dag.py:2693} INFO - Sync 1 DAGs
[2023-03-26T21:49:50.909+0200] {logging_mixin.py:137} INFO - [2023-03-26T21:49:50.909+0200] {dag.py:3440} INFO - Setting next_dagrun for example_trigger_controller_dag to 2021-01-01T00:00:00+00:00, run_after=2021-01-01T00:00:00+00:00
[2023-03-26T21:49:50.988+0200] {processor.py:175} INFO - Processing /home/humbulani/miniconda3/envs/apache-airflow/lib/python3.8/site-packages/airflow/example_dags/example_trigger_controller_dag.py took 0.133 seconds
[2023-03-26T21:50:35.832+0200] {processor.py:153} INFO - Started process (PID=17019) to work on /home/humbulani/miniconda3/envs/apache-airflow/lib/python3.8/site-packages/airflow/example_dags/example_trigger_controller_dag.py
[2023-03-26T21:50:35.872+0200] {processor.py:743} INFO - Processing file /home/humbulani/miniconda3/envs/apache-airflow/lib/python3.8/site-packages/airflow/example_dags/example_trigger_controller_dag.py for tasks to queue
[2023-03-26T21:50:35.873+0200] {logging_mixin.py:137} INFO - [2023-03-26T21:50:35.872+0200] {dagbag.py:532} INFO - Filling up the DagBag from /home/humbulani/miniconda3/envs/apache-airflow/lib/python3.8/site-packages/airflow/example_dags/example_trigger_controller_dag.py
[2023-03-26T21:50:35.882+0200] {processor.py:753} INFO - DAG(s) dict_keys(['example_trigger_controller_dag']) retrieved from /home/humbulani/miniconda3/envs/apache-airflow/lib/python3.8/site-packages/airflow/example_dags/example_trigger_controller_dag.py
[2023-03-26T21:50:35.899+0200] {logging_mixin.py:137} INFO - [2023-03-26T21:50:35.898+0200] {dag.py:2693} INFO - Sync 1 DAGs
[2023-03-26T21:50:35.916+0200] {logging_mixin.py:137} INFO - [2023-03-26T21:50:35.915+0200] {dag.py:3440} INFO - Setting next_dagrun for example_trigger_controller_dag to 2021-01-01T00:00:00+00:00, run_after=2021-01-01T00:00:00+00:00
[2023-03-26T21:50:36.082+0200] {processor.py:175} INFO - Processing /home/humbulani/miniconda3/envs/apache-airflow/lib/python3.8/site-packages/airflow/example_dags/example_trigger_controller_dag.py took 0.253 seconds
[2023-03-26T21:51:21.320+0200] {processor.py:153} INFO - Started process (PID=17135) to work on /home/humbulani/miniconda3/envs/apache-airflow/lib/python3.8/site-packages/airflow/example_dags/example_trigger_controller_dag.py
[2023-03-26T21:51:21.333+0200] {processor.py:743} INFO - Processing file /home/humbulani/miniconda3/envs/apache-airflow/lib/python3.8/site-packages/airflow/example_dags/example_trigger_controller_dag.py for tasks to queue
[2023-03-26T21:51:21.334+0200] {logging_mixin.py:137} INFO - [2023-03-26T21:51:21.334+0200] {dagbag.py:532} INFO - Filling up the DagBag from /home/humbulani/miniconda3/envs/apache-airflow/lib/python3.8/site-packages/airflow/example_dags/example_trigger_controller_dag.py
[2023-03-26T21:51:21.344+0200] {processor.py:753} INFO - DAG(s) dict_keys(['example_trigger_controller_dag']) retrieved from /home/humbulani/miniconda3/envs/apache-airflow/lib/python3.8/site-packages/airflow/example_dags/example_trigger_controller_dag.py
[2023-03-26T21:51:21.360+0200] {logging_mixin.py:137} INFO - [2023-03-26T21:51:21.360+0200] {dag.py:2693} INFO - Sync 1 DAGs
[2023-03-26T21:51:21.378+0200] {logging_mixin.py:137} INFO - [2023-03-26T21:51:21.378+0200] {dag.py:3440} INFO - Setting next_dagrun for example_trigger_controller_dag to 2021-01-01T00:00:00+00:00, run_after=2021-01-01T00:00:00+00:00
[2023-03-26T21:51:21.462+0200] {processor.py:175} INFO - Processing /home/humbulani/miniconda3/envs/apache-airflow/lib/python3.8/site-packages/airflow/example_dags/example_trigger_controller_dag.py took 0.144 seconds
[2023-03-26T21:52:07.250+0200] {processor.py:153} INFO - Started process (PID=17178) to work on /home/humbulani/miniconda3/envs/apache-airflow/lib/python3.8/site-packages/airflow/example_dags/example_trigger_controller_dag.py
[2023-03-26T21:52:07.250+0200] {processor.py:743} INFO - Processing file /home/humbulani/miniconda3/envs/apache-airflow/lib/python3.8/site-packages/airflow/example_dags/example_trigger_controller_dag.py for tasks to queue
[2023-03-26T21:52:07.251+0200] {logging_mixin.py:137} INFO - [2023-03-26T21:52:07.251+0200] {dagbag.py:532} INFO - Filling up the DagBag from /home/humbulani/miniconda3/envs/apache-airflow/lib/python3.8/site-packages/airflow/example_dags/example_trigger_controller_dag.py
[2023-03-26T21:52:07.260+0200] {processor.py:753} INFO - DAG(s) dict_keys(['example_trigger_controller_dag']) retrieved from /home/humbulani/miniconda3/envs/apache-airflow/lib/python3.8/site-packages/airflow/example_dags/example_trigger_controller_dag.py
[2023-03-26T21:52:07.276+0200] {logging_mixin.py:137} INFO - [2023-03-26T21:52:07.276+0200] {dag.py:2693} INFO - Sync 1 DAGs
[2023-03-26T21:52:07.293+0200] {logging_mixin.py:137} INFO - [2023-03-26T21:52:07.293+0200] {dag.py:3440} INFO - Setting next_dagrun for example_trigger_controller_dag to 2021-01-01T00:00:00+00:00, run_after=2021-01-01T00:00:00+00:00
[2023-03-26T21:52:07.432+0200] {processor.py:175} INFO - Processing /home/humbulani/miniconda3/envs/apache-airflow/lib/python3.8/site-packages/airflow/example_dags/example_trigger_controller_dag.py took 0.185 seconds
[2023-03-26T21:52:55.652+0200] {processor.py:153} INFO - Started process (PID=17226) to work on /home/humbulani/miniconda3/envs/apache-airflow/lib/python3.8/site-packages/airflow/example_dags/example_trigger_controller_dag.py
[2023-03-26T21:52:55.665+0200] {processor.py:743} INFO - Processing file /home/humbulani/miniconda3/envs/apache-airflow/lib/python3.8/site-packages/airflow/example_dags/example_trigger_controller_dag.py for tasks to queue
[2023-03-26T21:52:55.666+0200] {logging_mixin.py:137} INFO - [2023-03-26T21:52:55.666+0200] {dagbag.py:532} INFO - Filling up the DagBag from /home/humbulani/miniconda3/envs/apache-airflow/lib/python3.8/site-packages/airflow/example_dags/example_trigger_controller_dag.py
[2023-03-26T21:52:55.676+0200] {processor.py:753} INFO - DAG(s) dict_keys(['example_trigger_controller_dag']) retrieved from /home/humbulani/miniconda3/envs/apache-airflow/lib/python3.8/site-packages/airflow/example_dags/example_trigger_controller_dag.py
[2023-03-26T21:52:55.695+0200] {logging_mixin.py:137} INFO - [2023-03-26T21:52:55.695+0200] {dag.py:2693} INFO - Sync 1 DAGs
[2023-03-26T21:52:55.713+0200] {logging_mixin.py:137} INFO - [2023-03-26T21:52:55.713+0200] {dag.py:3440} INFO - Setting next_dagrun for example_trigger_controller_dag to 2021-01-01T00:00:00+00:00, run_after=2021-01-01T00:00:00+00:00
[2023-03-26T21:52:55.874+0200] {processor.py:175} INFO - Processing /home/humbulani/miniconda3/envs/apache-airflow/lib/python3.8/site-packages/airflow/example_dags/example_trigger_controller_dag.py took 0.224 seconds
[2023-03-26T21:53:45.592+0200] {processor.py:153} INFO - Started process (PID=17276) to work on /home/humbulani/miniconda3/envs/apache-airflow/lib/python3.8/site-packages/airflow/example_dags/example_trigger_controller_dag.py
[2023-03-26T21:53:45.593+0200] {processor.py:743} INFO - Processing file /home/humbulani/miniconda3/envs/apache-airflow/lib/python3.8/site-packages/airflow/example_dags/example_trigger_controller_dag.py for tasks to queue
[2023-03-26T21:53:45.593+0200] {logging_mixin.py:137} INFO - [2023-03-26T21:53:45.593+0200] {dagbag.py:532} INFO - Filling up the DagBag from /home/humbulani/miniconda3/envs/apache-airflow/lib/python3.8/site-packages/airflow/example_dags/example_trigger_controller_dag.py
[2023-03-26T21:53:45.605+0200] {processor.py:753} INFO - DAG(s) dict_keys(['example_trigger_controller_dag']) retrieved from /home/humbulani/miniconda3/envs/apache-airflow/lib/python3.8/site-packages/airflow/example_dags/example_trigger_controller_dag.py
[2023-03-26T21:53:45.622+0200] {logging_mixin.py:137} INFO - [2023-03-26T21:53:45.622+0200] {dag.py:2693} INFO - Sync 1 DAGs
[2023-03-26T21:53:45.718+0200] {logging_mixin.py:137} INFO - [2023-03-26T21:53:45.718+0200] {dag.py:3440} INFO - Setting next_dagrun for example_trigger_controller_dag to 2021-01-01T00:00:00+00:00, run_after=2021-01-01T00:00:00+00:00
[2023-03-26T21:53:45.821+0200] {processor.py:175} INFO - Processing /home/humbulani/miniconda3/envs/apache-airflow/lib/python3.8/site-packages/airflow/example_dags/example_trigger_controller_dag.py took 0.233 seconds
[2023-03-26T21:54:35.665+0200] {processor.py:153} INFO - Started process (PID=17323) to work on /home/humbulani/miniconda3/envs/apache-airflow/lib/python3.8/site-packages/airflow/example_dags/example_trigger_controller_dag.py
[2023-03-26T21:54:35.665+0200] {processor.py:743} INFO - Processing file /home/humbulani/miniconda3/envs/apache-airflow/lib/python3.8/site-packages/airflow/example_dags/example_trigger_controller_dag.py for tasks to queue
[2023-03-26T21:54:35.666+0200] {logging_mixin.py:137} INFO - [2023-03-26T21:54:35.666+0200] {dagbag.py:532} INFO - Filling up the DagBag from /home/humbulani/miniconda3/envs/apache-airflow/lib/python3.8/site-packages/airflow/example_dags/example_trigger_controller_dag.py
[2023-03-26T21:54:35.675+0200] {processor.py:753} INFO - DAG(s) dict_keys(['example_trigger_controller_dag']) retrieved from /home/humbulani/miniconda3/envs/apache-airflow/lib/python3.8/site-packages/airflow/example_dags/example_trigger_controller_dag.py
[2023-03-26T21:54:35.774+0200] {logging_mixin.py:137} INFO - [2023-03-26T21:54:35.774+0200] {dag.py:2693} INFO - Sync 1 DAGs
[2023-03-26T21:54:35.790+0200] {logging_mixin.py:137} INFO - [2023-03-26T21:54:35.790+0200] {dag.py:3440} INFO - Setting next_dagrun for example_trigger_controller_dag to 2021-01-01T00:00:00+00:00, run_after=2021-01-01T00:00:00+00:00
[2023-03-26T21:54:35.889+0200] {processor.py:175} INFO - Processing /home/humbulani/miniconda3/envs/apache-airflow/lib/python3.8/site-packages/airflow/example_dags/example_trigger_controller_dag.py took 0.227 seconds
[2023-03-26T21:55:23.781+0200] {processor.py:153} INFO - Started process (PID=17367) to work on /home/humbulani/miniconda3/envs/apache-airflow/lib/python3.8/site-packages/airflow/example_dags/example_trigger_controller_dag.py
[2023-03-26T21:55:23.812+0200] {processor.py:743} INFO - Processing file /home/humbulani/miniconda3/envs/apache-airflow/lib/python3.8/site-packages/airflow/example_dags/example_trigger_controller_dag.py for tasks to queue
[2023-03-26T21:55:23.813+0200] {logging_mixin.py:137} INFO - [2023-03-26T21:55:23.813+0200] {dagbag.py:532} INFO - Filling up the DagBag from /home/humbulani/miniconda3/envs/apache-airflow/lib/python3.8/site-packages/airflow/example_dags/example_trigger_controller_dag.py
[2023-03-26T21:55:23.823+0200] {processor.py:753} INFO - DAG(s) dict_keys(['example_trigger_controller_dag']) retrieved from /home/humbulani/miniconda3/envs/apache-airflow/lib/python3.8/site-packages/airflow/example_dags/example_trigger_controller_dag.py
[2023-03-26T21:55:23.918+0200] {logging_mixin.py:137} INFO - [2023-03-26T21:55:23.918+0200] {dag.py:2693} INFO - Sync 1 DAGs
[2023-03-26T21:55:23.933+0200] {logging_mixin.py:137} INFO - [2023-03-26T21:55:23.933+0200] {dag.py:3440} INFO - Setting next_dagrun for example_trigger_controller_dag to 2021-01-01T00:00:00+00:00, run_after=2021-01-01T00:00:00+00:00
[2023-03-26T21:55:24.009+0200] {processor.py:175} INFO - Processing /home/humbulani/miniconda3/envs/apache-airflow/lib/python3.8/site-packages/airflow/example_dags/example_trigger_controller_dag.py took 0.230 seconds
[2023-03-26T21:56:14.024+0200] {processor.py:153} INFO - Started process (PID=17469) to work on /home/humbulani/miniconda3/envs/apache-airflow/lib/python3.8/site-packages/airflow/example_dags/example_trigger_controller_dag.py
[2023-03-26T21:56:14.033+0200] {processor.py:743} INFO - Processing file /home/humbulani/miniconda3/envs/apache-airflow/lib/python3.8/site-packages/airflow/example_dags/example_trigger_controller_dag.py for tasks to queue
[2023-03-26T21:56:14.033+0200] {logging_mixin.py:137} INFO - [2023-03-26T21:56:14.033+0200] {dagbag.py:532} INFO - Filling up the DagBag from /home/humbulani/miniconda3/envs/apache-airflow/lib/python3.8/site-packages/airflow/example_dags/example_trigger_controller_dag.py
[2023-03-26T21:56:14.126+0200] {processor.py:753} INFO - DAG(s) dict_keys(['example_trigger_controller_dag']) retrieved from /home/humbulani/miniconda3/envs/apache-airflow/lib/python3.8/site-packages/airflow/example_dags/example_trigger_controller_dag.py
[2023-03-26T21:56:14.138+0200] {logging_mixin.py:137} INFO - [2023-03-26T21:56:14.138+0200] {dag.py:2693} INFO - Sync 1 DAGs
[2023-03-26T21:56:14.154+0200] {logging_mixin.py:137} INFO - [2023-03-26T21:56:14.154+0200] {dag.py:3440} INFO - Setting next_dagrun for example_trigger_controller_dag to 2021-01-01T00:00:00+00:00, run_after=2021-01-01T00:00:00+00:00
[2023-03-26T21:56:14.229+0200] {processor.py:175} INFO - Processing /home/humbulani/miniconda3/envs/apache-airflow/lib/python3.8/site-packages/airflow/example_dags/example_trigger_controller_dag.py took 0.207 seconds
[2023-03-26T21:56:58.630+0200] {processor.py:153} INFO - Started process (PID=17520) to work on /home/humbulani/miniconda3/envs/apache-airflow/lib/python3.8/site-packages/airflow/example_dags/example_trigger_controller_dag.py
[2023-03-26T21:56:58.642+0200] {processor.py:743} INFO - Processing file /home/humbulani/miniconda3/envs/apache-airflow/lib/python3.8/site-packages/airflow/example_dags/example_trigger_controller_dag.py for tasks to queue
[2023-03-26T21:56:58.643+0200] {logging_mixin.py:137} INFO - [2023-03-26T21:56:58.642+0200] {dagbag.py:532} INFO - Filling up the DagBag from /home/humbulani/miniconda3/envs/apache-airflow/lib/python3.8/site-packages/airflow/example_dags/example_trigger_controller_dag.py
[2023-03-26T21:56:58.652+0200] {processor.py:753} INFO - DAG(s) dict_keys(['example_trigger_controller_dag']) retrieved from /home/humbulani/miniconda3/envs/apache-airflow/lib/python3.8/site-packages/airflow/example_dags/example_trigger_controller_dag.py
[2023-03-26T21:56:58.668+0200] {logging_mixin.py:137} INFO - [2023-03-26T21:56:58.668+0200] {dag.py:2693} INFO - Sync 1 DAGs
[2023-03-26T21:56:58.686+0200] {logging_mixin.py:137} INFO - [2023-03-26T21:56:58.686+0200] {dag.py:3440} INFO - Setting next_dagrun for example_trigger_controller_dag to 2021-01-01T00:00:00+00:00, run_after=2021-01-01T00:00:00+00:00
[2023-03-26T21:56:58.774+0200] {processor.py:175} INFO - Processing /home/humbulani/miniconda3/envs/apache-airflow/lib/python3.8/site-packages/airflow/example_dags/example_trigger_controller_dag.py took 0.146 seconds
[2023-03-26T21:57:40.255+0200] {processor.py:153} INFO - Started process (PID=17622) to work on /home/humbulani/miniconda3/envs/apache-airflow/lib/python3.8/site-packages/airflow/example_dags/example_trigger_controller_dag.py
[2023-03-26T21:57:40.262+0200] {processor.py:743} INFO - Processing file /home/humbulani/miniconda3/envs/apache-airflow/lib/python3.8/site-packages/airflow/example_dags/example_trigger_controller_dag.py for tasks to queue
[2023-03-26T21:57:40.262+0200] {logging_mixin.py:137} INFO - [2023-03-26T21:57:40.262+0200] {dagbag.py:532} INFO - Filling up the DagBag from /home/humbulani/miniconda3/envs/apache-airflow/lib/python3.8/site-packages/airflow/example_dags/example_trigger_controller_dag.py
[2023-03-26T21:57:40.272+0200] {processor.py:753} INFO - DAG(s) dict_keys(['example_trigger_controller_dag']) retrieved from /home/humbulani/miniconda3/envs/apache-airflow/lib/python3.8/site-packages/airflow/example_dags/example_trigger_controller_dag.py
[2023-03-26T21:57:40.287+0200] {logging_mixin.py:137} INFO - [2023-03-26T21:57:40.287+0200] {dag.py:2693} INFO - Sync 1 DAGs
[2023-03-26T21:57:40.305+0200] {logging_mixin.py:137} INFO - [2023-03-26T21:57:40.304+0200] {dag.py:3440} INFO - Setting next_dagrun for example_trigger_controller_dag to 2021-01-01T00:00:00+00:00, run_after=2021-01-01T00:00:00+00:00
[2023-03-26T21:57:40.376+0200] {processor.py:175} INFO - Processing /home/humbulani/miniconda3/envs/apache-airflow/lib/python3.8/site-packages/airflow/example_dags/example_trigger_controller_dag.py took 0.124 seconds
[2023-03-26T21:58:28.773+0200] {processor.py:153} INFO - Started process (PID=17864) to work on /home/humbulani/miniconda3/envs/apache-airflow/lib/python3.8/site-packages/airflow/example_dags/example_trigger_controller_dag.py
[2023-03-26T21:58:28.782+0200] {processor.py:743} INFO - Processing file /home/humbulani/miniconda3/envs/apache-airflow/lib/python3.8/site-packages/airflow/example_dags/example_trigger_controller_dag.py for tasks to queue
[2023-03-26T21:58:28.783+0200] {logging_mixin.py:137} INFO - [2023-03-26T21:58:28.782+0200] {dagbag.py:532} INFO - Filling up the DagBag from /home/humbulani/miniconda3/envs/apache-airflow/lib/python3.8/site-packages/airflow/example_dags/example_trigger_controller_dag.py
[2023-03-26T21:58:28.793+0200] {processor.py:753} INFO - DAG(s) dict_keys(['example_trigger_controller_dag']) retrieved from /home/humbulani/miniconda3/envs/apache-airflow/lib/python3.8/site-packages/airflow/example_dags/example_trigger_controller_dag.py
[2023-03-26T21:58:28.809+0200] {logging_mixin.py:137} INFO - [2023-03-26T21:58:28.809+0200] {dag.py:2693} INFO - Sync 1 DAGs
[2023-03-26T21:58:28.825+0200] {logging_mixin.py:137} INFO - [2023-03-26T21:58:28.825+0200] {dag.py:3440} INFO - Setting next_dagrun for example_trigger_controller_dag to 2021-01-01T00:00:00+00:00, run_after=2021-01-01T00:00:00+00:00
[2023-03-26T21:58:28.906+0200] {processor.py:175} INFO - Processing /home/humbulani/miniconda3/envs/apache-airflow/lib/python3.8/site-packages/airflow/example_dags/example_trigger_controller_dag.py took 0.135 seconds
[2023-03-26T21:59:15.989+0200] {processor.py:153} INFO - Started process (PID=17967) to work on /home/humbulani/miniconda3/envs/apache-airflow/lib/python3.8/site-packages/airflow/example_dags/example_trigger_controller_dag.py
[2023-03-26T21:59:16.002+0200] {processor.py:743} INFO - Processing file /home/humbulani/miniconda3/envs/apache-airflow/lib/python3.8/site-packages/airflow/example_dags/example_trigger_controller_dag.py for tasks to queue
[2023-03-26T21:59:16.003+0200] {logging_mixin.py:137} INFO - [2023-03-26T21:59:16.002+0200] {dagbag.py:532} INFO - Filling up the DagBag from /home/humbulani/miniconda3/envs/apache-airflow/lib/python3.8/site-packages/airflow/example_dags/example_trigger_controller_dag.py
[2023-03-26T21:59:16.012+0200] {processor.py:753} INFO - DAG(s) dict_keys(['example_trigger_controller_dag']) retrieved from /home/humbulani/miniconda3/envs/apache-airflow/lib/python3.8/site-packages/airflow/example_dags/example_trigger_controller_dag.py
[2023-03-26T21:59:16.034+0200] {logging_mixin.py:137} INFO - [2023-03-26T21:59:16.034+0200] {dag.py:2693} INFO - Sync 1 DAGs
[2023-03-26T21:59:16.052+0200] {logging_mixin.py:137} INFO - [2023-03-26T21:59:16.051+0200] {dag.py:3440} INFO - Setting next_dagrun for example_trigger_controller_dag to 2021-01-01T00:00:00+00:00, run_after=2021-01-01T00:00:00+00:00
[2023-03-26T21:59:16.193+0200] {processor.py:175} INFO - Processing /home/humbulani/miniconda3/envs/apache-airflow/lib/python3.8/site-packages/airflow/example_dags/example_trigger_controller_dag.py took 0.207 seconds
[2023-03-26T22:00:03.748+0200] {processor.py:153} INFO - Started process (PID=18141) to work on /home/humbulani/miniconda3/envs/apache-airflow/lib/python3.8/site-packages/airflow/example_dags/example_trigger_controller_dag.py
[2023-03-26T22:00:03.764+0200] {processor.py:743} INFO - Processing file /home/humbulani/miniconda3/envs/apache-airflow/lib/python3.8/site-packages/airflow/example_dags/example_trigger_controller_dag.py for tasks to queue
[2023-03-26T22:00:03.765+0200] {logging_mixin.py:137} INFO - [2023-03-26T22:00:03.765+0200] {dagbag.py:532} INFO - Filling up the DagBag from /home/humbulani/miniconda3/envs/apache-airflow/lib/python3.8/site-packages/airflow/example_dags/example_trigger_controller_dag.py
[2023-03-26T22:00:03.777+0200] {processor.py:753} INFO - DAG(s) dict_keys(['example_trigger_controller_dag']) retrieved from /home/humbulani/miniconda3/envs/apache-airflow/lib/python3.8/site-packages/airflow/example_dags/example_trigger_controller_dag.py
[2023-03-26T22:00:03.798+0200] {logging_mixin.py:137} INFO - [2023-03-26T22:00:03.798+0200] {dag.py:2693} INFO - Sync 1 DAGs
[2023-03-26T22:00:03.815+0200] {logging_mixin.py:137} INFO - [2023-03-26T22:00:03.815+0200] {dag.py:3440} INFO - Setting next_dagrun for example_trigger_controller_dag to 2021-01-01T00:00:00+00:00, run_after=2021-01-01T00:00:00+00:00
[2023-03-26T22:00:03.896+0200] {processor.py:175} INFO - Processing /home/humbulani/miniconda3/envs/apache-airflow/lib/python3.8/site-packages/airflow/example_dags/example_trigger_controller_dag.py took 0.152 seconds
[2023-03-26T22:00:50.128+0200] {processor.py:153} INFO - Started process (PID=18223) to work on /home/humbulani/miniconda3/envs/apache-airflow/lib/python3.8/site-packages/airflow/example_dags/example_trigger_controller_dag.py
[2023-03-26T22:00:50.142+0200] {processor.py:743} INFO - Processing file /home/humbulani/miniconda3/envs/apache-airflow/lib/python3.8/site-packages/airflow/example_dags/example_trigger_controller_dag.py for tasks to queue
[2023-03-26T22:00:50.143+0200] {logging_mixin.py:137} INFO - [2023-03-26T22:00:50.143+0200] {dagbag.py:532} INFO - Filling up the DagBag from /home/humbulani/miniconda3/envs/apache-airflow/lib/python3.8/site-packages/airflow/example_dags/example_trigger_controller_dag.py
[2023-03-26T22:00:50.154+0200] {processor.py:753} INFO - DAG(s) dict_keys(['example_trigger_controller_dag']) retrieved from /home/humbulani/miniconda3/envs/apache-airflow/lib/python3.8/site-packages/airflow/example_dags/example_trigger_controller_dag.py
[2023-03-26T22:00:50.170+0200] {logging_mixin.py:137} INFO - [2023-03-26T22:00:50.170+0200] {dag.py:2693} INFO - Sync 1 DAGs
[2023-03-26T22:00:50.188+0200] {logging_mixin.py:137} INFO - [2023-03-26T22:00:50.188+0200] {dag.py:3440} INFO - Setting next_dagrun for example_trigger_controller_dag to 2021-01-01T00:00:00+00:00, run_after=2021-01-01T00:00:00+00:00
[2023-03-26T22:00:50.266+0200] {processor.py:175} INFO - Processing /home/humbulani/miniconda3/envs/apache-airflow/lib/python3.8/site-packages/airflow/example_dags/example_trigger_controller_dag.py took 0.142 seconds
[2023-03-26T22:01:36.638+0200] {processor.py:153} INFO - Started process (PID=18300) to work on /home/humbulani/miniconda3/envs/apache-airflow/lib/python3.8/site-packages/airflow/example_dags/example_trigger_controller_dag.py
[2023-03-26T22:01:36.651+0200] {processor.py:743} INFO - Processing file /home/humbulani/miniconda3/envs/apache-airflow/lib/python3.8/site-packages/airflow/example_dags/example_trigger_controller_dag.py for tasks to queue
[2023-03-26T22:01:36.651+0200] {logging_mixin.py:137} INFO - [2023-03-26T22:01:36.651+0200] {dagbag.py:532} INFO - Filling up the DagBag from /home/humbulani/miniconda3/envs/apache-airflow/lib/python3.8/site-packages/airflow/example_dags/example_trigger_controller_dag.py
[2023-03-26T22:01:36.661+0200] {processor.py:753} INFO - DAG(s) dict_keys(['example_trigger_controller_dag']) retrieved from /home/humbulani/miniconda3/envs/apache-airflow/lib/python3.8/site-packages/airflow/example_dags/example_trigger_controller_dag.py
[2023-03-26T22:01:36.677+0200] {logging_mixin.py:137} INFO - [2023-03-26T22:01:36.677+0200] {dag.py:2693} INFO - Sync 1 DAGs
[2023-03-26T22:01:36.695+0200] {logging_mixin.py:137} INFO - [2023-03-26T22:01:36.695+0200] {dag.py:3440} INFO - Setting next_dagrun for example_trigger_controller_dag to 2021-01-01T00:00:00+00:00, run_after=2021-01-01T00:00:00+00:00
[2023-03-26T22:01:36.768+0200] {processor.py:175} INFO - Processing /home/humbulani/miniconda3/envs/apache-airflow/lib/python3.8/site-packages/airflow/example_dags/example_trigger_controller_dag.py took 0.133 seconds
[2023-03-26T22:02:24.729+0200] {processor.py:153} INFO - Started process (PID=18532) to work on /home/humbulani/miniconda3/envs/apache-airflow/lib/python3.8/site-packages/airflow/example_dags/example_trigger_controller_dag.py
[2023-03-26T22:02:24.763+0200] {processor.py:743} INFO - Processing file /home/humbulani/miniconda3/envs/apache-airflow/lib/python3.8/site-packages/airflow/example_dags/example_trigger_controller_dag.py for tasks to queue
[2023-03-26T22:02:24.763+0200] {logging_mixin.py:137} INFO - [2023-03-26T22:02:24.763+0200] {dagbag.py:532} INFO - Filling up the DagBag from /home/humbulani/miniconda3/envs/apache-airflow/lib/python3.8/site-packages/airflow/example_dags/example_trigger_controller_dag.py
[2023-03-26T22:02:24.773+0200] {processor.py:753} INFO - DAG(s) dict_keys(['example_trigger_controller_dag']) retrieved from /home/humbulani/miniconda3/envs/apache-airflow/lib/python3.8/site-packages/airflow/example_dags/example_trigger_controller_dag.py
[2023-03-26T22:02:24.789+0200] {logging_mixin.py:137} INFO - [2023-03-26T22:02:24.789+0200] {dag.py:2693} INFO - Sync 1 DAGs
[2023-03-26T22:02:24.806+0200] {logging_mixin.py:137} INFO - [2023-03-26T22:02:24.806+0200] {dag.py:3440} INFO - Setting next_dagrun for example_trigger_controller_dag to 2021-01-01T00:00:00+00:00, run_after=2021-01-01T00:00:00+00:00
[2023-03-26T22:02:24.900+0200] {processor.py:175} INFO - Processing /home/humbulani/miniconda3/envs/apache-airflow/lib/python3.8/site-packages/airflow/example_dags/example_trigger_controller_dag.py took 0.174 seconds
[2023-03-26T22:03:10.571+0200] {processor.py:153} INFO - Started process (PID=18587) to work on /home/humbulani/miniconda3/envs/apache-airflow/lib/python3.8/site-packages/airflow/example_dags/example_trigger_controller_dag.py
[2023-03-26T22:03:10.587+0200] {processor.py:743} INFO - Processing file /home/humbulani/miniconda3/envs/apache-airflow/lib/python3.8/site-packages/airflow/example_dags/example_trigger_controller_dag.py for tasks to queue
[2023-03-26T22:03:10.588+0200] {logging_mixin.py:137} INFO - [2023-03-26T22:03:10.588+0200] {dagbag.py:532} INFO - Filling up the DagBag from /home/humbulani/miniconda3/envs/apache-airflow/lib/python3.8/site-packages/airflow/example_dags/example_trigger_controller_dag.py
[2023-03-26T22:03:10.601+0200] {processor.py:753} INFO - DAG(s) dict_keys(['example_trigger_controller_dag']) retrieved from /home/humbulani/miniconda3/envs/apache-airflow/lib/python3.8/site-packages/airflow/example_dags/example_trigger_controller_dag.py
[2023-03-26T22:03:10.621+0200] {logging_mixin.py:137} INFO - [2023-03-26T22:03:10.621+0200] {dag.py:2693} INFO - Sync 1 DAGs
[2023-03-26T22:03:10.638+0200] {logging_mixin.py:137} INFO - [2023-03-26T22:03:10.638+0200] {dag.py:3440} INFO - Setting next_dagrun for example_trigger_controller_dag to 2021-01-01T00:00:00+00:00, run_after=2021-01-01T00:00:00+00:00
[2023-03-26T22:03:10.708+0200] {processor.py:175} INFO - Processing /home/humbulani/miniconda3/envs/apache-airflow/lib/python3.8/site-packages/airflow/example_dags/example_trigger_controller_dag.py took 0.140 seconds
[2023-03-26T22:03:55.532+0200] {processor.py:153} INFO - Started process (PID=18659) to work on /home/humbulani/miniconda3/envs/apache-airflow/lib/python3.8/site-packages/airflow/example_dags/example_trigger_controller_dag.py
[2023-03-26T22:03:55.549+0200] {processor.py:743} INFO - Processing file /home/humbulani/miniconda3/envs/apache-airflow/lib/python3.8/site-packages/airflow/example_dags/example_trigger_controller_dag.py for tasks to queue
[2023-03-26T22:03:55.550+0200] {logging_mixin.py:137} INFO - [2023-03-26T22:03:55.549+0200] {dagbag.py:532} INFO - Filling up the DagBag from /home/humbulani/miniconda3/envs/apache-airflow/lib/python3.8/site-packages/airflow/example_dags/example_trigger_controller_dag.py
[2023-03-26T22:03:55.562+0200] {processor.py:753} INFO - DAG(s) dict_keys(['example_trigger_controller_dag']) retrieved from /home/humbulani/miniconda3/envs/apache-airflow/lib/python3.8/site-packages/airflow/example_dags/example_trigger_controller_dag.py
[2023-03-26T22:03:55.579+0200] {logging_mixin.py:137} INFO - [2023-03-26T22:03:55.579+0200] {dag.py:2693} INFO - Sync 1 DAGs
[2023-03-26T22:03:55.598+0200] {logging_mixin.py:137} INFO - [2023-03-26T22:03:55.597+0200] {dag.py:3440} INFO - Setting next_dagrun for example_trigger_controller_dag to 2021-01-01T00:00:00+00:00, run_after=2021-01-01T00:00:00+00:00
[2023-03-26T22:03:55.673+0200] {processor.py:175} INFO - Processing /home/humbulani/miniconda3/envs/apache-airflow/lib/python3.8/site-packages/airflow/example_dags/example_trigger_controller_dag.py took 0.144 seconds
[2023-03-26T22:04:40.591+0200] {processor.py:153} INFO - Started process (PID=18712) to work on /home/humbulani/miniconda3/envs/apache-airflow/lib/python3.8/site-packages/airflow/example_dags/example_trigger_controller_dag.py
[2023-03-26T22:04:40.669+0200] {processor.py:743} INFO - Processing file /home/humbulani/miniconda3/envs/apache-airflow/lib/python3.8/site-packages/airflow/example_dags/example_trigger_controller_dag.py for tasks to queue
[2023-03-26T22:04:40.670+0200] {logging_mixin.py:137} INFO - [2023-03-26T22:04:40.670+0200] {dagbag.py:532} INFO - Filling up the DagBag from /home/humbulani/miniconda3/envs/apache-airflow/lib/python3.8/site-packages/airflow/example_dags/example_trigger_controller_dag.py
[2023-03-26T22:04:40.682+0200] {processor.py:753} INFO - DAG(s) dict_keys(['example_trigger_controller_dag']) retrieved from /home/humbulani/miniconda3/envs/apache-airflow/lib/python3.8/site-packages/airflow/example_dags/example_trigger_controller_dag.py
[2023-03-26T22:04:40.703+0200] {logging_mixin.py:137} INFO - [2023-03-26T22:04:40.703+0200] {dag.py:2693} INFO - Sync 1 DAGs
[2023-03-26T22:04:40.726+0200] {logging_mixin.py:137} INFO - [2023-03-26T22:04:40.726+0200] {dag.py:3440} INFO - Setting next_dagrun for example_trigger_controller_dag to 2021-01-01T00:00:00+00:00, run_after=2021-01-01T00:00:00+00:00
[2023-03-26T22:04:40.823+0200] {processor.py:175} INFO - Processing /home/humbulani/miniconda3/envs/apache-airflow/lib/python3.8/site-packages/airflow/example_dags/example_trigger_controller_dag.py took 0.235 seconds
[2023-03-26T22:05:25.477+0200] {processor.py:153} INFO - Started process (PID=18764) to work on /home/humbulani/miniconda3/envs/apache-airflow/lib/python3.8/site-packages/airflow/example_dags/example_trigger_controller_dag.py
[2023-03-26T22:05:25.486+0200] {processor.py:743} INFO - Processing file /home/humbulani/miniconda3/envs/apache-airflow/lib/python3.8/site-packages/airflow/example_dags/example_trigger_controller_dag.py for tasks to queue
[2023-03-26T22:05:25.487+0200] {logging_mixin.py:137} INFO - [2023-03-26T22:05:25.487+0200] {dagbag.py:532} INFO - Filling up the DagBag from /home/humbulani/miniconda3/envs/apache-airflow/lib/python3.8/site-packages/airflow/example_dags/example_trigger_controller_dag.py
[2023-03-26T22:05:25.497+0200] {processor.py:753} INFO - DAG(s) dict_keys(['example_trigger_controller_dag']) retrieved from /home/humbulani/miniconda3/envs/apache-airflow/lib/python3.8/site-packages/airflow/example_dags/example_trigger_controller_dag.py
[2023-03-26T22:05:25.513+0200] {logging_mixin.py:137} INFO - [2023-03-26T22:05:25.513+0200] {dag.py:2693} INFO - Sync 1 DAGs
[2023-03-26T22:05:25.531+0200] {logging_mixin.py:137} INFO - [2023-03-26T22:05:25.530+0200] {dag.py:3440} INFO - Setting next_dagrun for example_trigger_controller_dag to 2021-01-01T00:00:00+00:00, run_after=2021-01-01T00:00:00+00:00
[2023-03-26T22:05:25.631+0200] {processor.py:175} INFO - Processing /home/humbulani/miniconda3/envs/apache-airflow/lib/python3.8/site-packages/airflow/example_dags/example_trigger_controller_dag.py took 0.157 seconds
[2023-03-26T22:06:09.266+0200] {processor.py:153} INFO - Started process (PID=18814) to work on /home/humbulani/miniconda3/envs/apache-airflow/lib/python3.8/site-packages/airflow/example_dags/example_trigger_controller_dag.py
[2023-03-26T22:06:09.282+0200] {processor.py:743} INFO - Processing file /home/humbulani/miniconda3/envs/apache-airflow/lib/python3.8/site-packages/airflow/example_dags/example_trigger_controller_dag.py for tasks to queue
[2023-03-26T22:06:09.283+0200] {logging_mixin.py:137} INFO - [2023-03-26T22:06:09.283+0200] {dagbag.py:532} INFO - Filling up the DagBag from /home/humbulani/miniconda3/envs/apache-airflow/lib/python3.8/site-packages/airflow/example_dags/example_trigger_controller_dag.py
[2023-03-26T22:06:09.294+0200] {processor.py:753} INFO - DAG(s) dict_keys(['example_trigger_controller_dag']) retrieved from /home/humbulani/miniconda3/envs/apache-airflow/lib/python3.8/site-packages/airflow/example_dags/example_trigger_controller_dag.py
[2023-03-26T22:06:09.314+0200] {logging_mixin.py:137} INFO - [2023-03-26T22:06:09.314+0200] {dag.py:2693} INFO - Sync 1 DAGs
[2023-03-26T22:06:09.333+0200] {logging_mixin.py:137} INFO - [2023-03-26T22:06:09.332+0200] {dag.py:3440} INFO - Setting next_dagrun for example_trigger_controller_dag to 2021-01-01T00:00:00+00:00, run_after=2021-01-01T00:00:00+00:00
[2023-03-26T22:06:09.417+0200] {processor.py:175} INFO - Processing /home/humbulani/miniconda3/envs/apache-airflow/lib/python3.8/site-packages/airflow/example_dags/example_trigger_controller_dag.py took 0.152 seconds
[2023-03-26T22:06:57.421+0200] {processor.py:153} INFO - Started process (PID=18887) to work on /home/humbulani/miniconda3/envs/apache-airflow/lib/python3.8/site-packages/airflow/example_dags/example_trigger_controller_dag.py
[2023-03-26T22:06:57.437+0200] {processor.py:743} INFO - Processing file /home/humbulani/miniconda3/envs/apache-airflow/lib/python3.8/site-packages/airflow/example_dags/example_trigger_controller_dag.py for tasks to queue
[2023-03-26T22:06:57.437+0200] {logging_mixin.py:137} INFO - [2023-03-26T22:06:57.437+0200] {dagbag.py:532} INFO - Filling up the DagBag from /home/humbulani/miniconda3/envs/apache-airflow/lib/python3.8/site-packages/airflow/example_dags/example_trigger_controller_dag.py
[2023-03-26T22:06:57.447+0200] {processor.py:753} INFO - DAG(s) dict_keys(['example_trigger_controller_dag']) retrieved from /home/humbulani/miniconda3/envs/apache-airflow/lib/python3.8/site-packages/airflow/example_dags/example_trigger_controller_dag.py
[2023-03-26T22:06:57.464+0200] {logging_mixin.py:137} INFO - [2023-03-26T22:06:57.464+0200] {dag.py:2693} INFO - Sync 1 DAGs
[2023-03-26T22:06:57.481+0200] {logging_mixin.py:137} INFO - [2023-03-26T22:06:57.480+0200] {dag.py:3440} INFO - Setting next_dagrun for example_trigger_controller_dag to 2021-01-01T00:00:00+00:00, run_after=2021-01-01T00:00:00+00:00
[2023-03-26T22:06:57.565+0200] {processor.py:175} INFO - Processing /home/humbulani/miniconda3/envs/apache-airflow/lib/python3.8/site-packages/airflow/example_dags/example_trigger_controller_dag.py took 0.146 seconds
[2023-03-26T22:07:43.570+0200] {processor.py:153} INFO - Started process (PID=19002) to work on /home/humbulani/miniconda3/envs/apache-airflow/lib/python3.8/site-packages/airflow/example_dags/example_trigger_controller_dag.py
[2023-03-26T22:07:43.576+0200] {processor.py:743} INFO - Processing file /home/humbulani/miniconda3/envs/apache-airflow/lib/python3.8/site-packages/airflow/example_dags/example_trigger_controller_dag.py for tasks to queue
[2023-03-26T22:07:43.576+0200] {logging_mixin.py:137} INFO - [2023-03-26T22:07:43.576+0200] {dagbag.py:532} INFO - Filling up the DagBag from /home/humbulani/miniconda3/envs/apache-airflow/lib/python3.8/site-packages/airflow/example_dags/example_trigger_controller_dag.py
[2023-03-26T22:07:43.586+0200] {processor.py:753} INFO - DAG(s) dict_keys(['example_trigger_controller_dag']) retrieved from /home/humbulani/miniconda3/envs/apache-airflow/lib/python3.8/site-packages/airflow/example_dags/example_trigger_controller_dag.py
[2023-03-26T22:07:43.602+0200] {logging_mixin.py:137} INFO - [2023-03-26T22:07:43.601+0200] {dag.py:2693} INFO - Sync 1 DAGs
[2023-03-26T22:07:43.618+0200] {logging_mixin.py:137} INFO - [2023-03-26T22:07:43.618+0200] {dag.py:3440} INFO - Setting next_dagrun for example_trigger_controller_dag to 2021-01-01T00:00:00+00:00, run_after=2021-01-01T00:00:00+00:00
[2023-03-26T22:07:43.701+0200] {processor.py:175} INFO - Processing /home/humbulani/miniconda3/envs/apache-airflow/lib/python3.8/site-packages/airflow/example_dags/example_trigger_controller_dag.py took 0.133 seconds
[2023-03-26T22:08:27.501+0200] {processor.py:153} INFO - Started process (PID=19051) to work on /home/humbulani/miniconda3/envs/apache-airflow/lib/python3.8/site-packages/airflow/example_dags/example_trigger_controller_dag.py
[2023-03-26T22:08:27.501+0200] {processor.py:743} INFO - Processing file /home/humbulani/miniconda3/envs/apache-airflow/lib/python3.8/site-packages/airflow/example_dags/example_trigger_controller_dag.py for tasks to queue
[2023-03-26T22:08:27.502+0200] {logging_mixin.py:137} INFO - [2023-03-26T22:08:27.502+0200] {dagbag.py:532} INFO - Filling up the DagBag from /home/humbulani/miniconda3/envs/apache-airflow/lib/python3.8/site-packages/airflow/example_dags/example_trigger_controller_dag.py
[2023-03-26T22:08:27.512+0200] {processor.py:753} INFO - DAG(s) dict_keys(['example_trigger_controller_dag']) retrieved from /home/humbulani/miniconda3/envs/apache-airflow/lib/python3.8/site-packages/airflow/example_dags/example_trigger_controller_dag.py
[2023-03-26T22:08:27.528+0200] {logging_mixin.py:137} INFO - [2023-03-26T22:08:27.528+0200] {dag.py:2693} INFO - Sync 1 DAGs
[2023-03-26T22:08:27.546+0200] {logging_mixin.py:137} INFO - [2023-03-26T22:08:27.546+0200] {dag.py:3440} INFO - Setting next_dagrun for example_trigger_controller_dag to 2021-01-01T00:00:00+00:00, run_after=2021-01-01T00:00:00+00:00
[2023-03-26T22:08:27.623+0200] {processor.py:175} INFO - Processing /home/humbulani/miniconda3/envs/apache-airflow/lib/python3.8/site-packages/airflow/example_dags/example_trigger_controller_dag.py took 0.124 seconds
[2023-03-26T22:09:16.321+0200] {processor.py:153} INFO - Started process (PID=19133) to work on /home/humbulani/miniconda3/envs/apache-airflow/lib/python3.8/site-packages/airflow/example_dags/example_trigger_controller_dag.py
[2023-03-26T22:09:16.345+0200] {processor.py:743} INFO - Processing file /home/humbulani/miniconda3/envs/apache-airflow/lib/python3.8/site-packages/airflow/example_dags/example_trigger_controller_dag.py for tasks to queue
[2023-03-26T22:09:16.345+0200] {logging_mixin.py:137} INFO - [2023-03-26T22:09:16.345+0200] {dagbag.py:532} INFO - Filling up the DagBag from /home/humbulani/miniconda3/envs/apache-airflow/lib/python3.8/site-packages/airflow/example_dags/example_trigger_controller_dag.py
[2023-03-26T22:09:16.356+0200] {processor.py:753} INFO - DAG(s) dict_keys(['example_trigger_controller_dag']) retrieved from /home/humbulani/miniconda3/envs/apache-airflow/lib/python3.8/site-packages/airflow/example_dags/example_trigger_controller_dag.py
[2023-03-26T22:09:16.372+0200] {logging_mixin.py:137} INFO - [2023-03-26T22:09:16.372+0200] {dag.py:2693} INFO - Sync 1 DAGs
[2023-03-26T22:09:16.389+0200] {logging_mixin.py:137} INFO - [2023-03-26T22:09:16.389+0200] {dag.py:3440} INFO - Setting next_dagrun for example_trigger_controller_dag to 2021-01-01T00:00:00+00:00, run_after=2021-01-01T00:00:00+00:00
[2023-03-26T22:09:16.479+0200] {processor.py:175} INFO - Processing /home/humbulani/miniconda3/envs/apache-airflow/lib/python3.8/site-packages/airflow/example_dags/example_trigger_controller_dag.py took 0.161 seconds
[2023-03-26T22:10:02.678+0200] {processor.py:153} INFO - Started process (PID=19178) to work on /home/humbulani/miniconda3/envs/apache-airflow/lib/python3.8/site-packages/airflow/example_dags/example_trigger_controller_dag.py
[2023-03-26T22:10:02.683+0200] {processor.py:743} INFO - Processing file /home/humbulani/miniconda3/envs/apache-airflow/lib/python3.8/site-packages/airflow/example_dags/example_trigger_controller_dag.py for tasks to queue
[2023-03-26T22:10:02.684+0200] {logging_mixin.py:137} INFO - [2023-03-26T22:10:02.684+0200] {dagbag.py:532} INFO - Filling up the DagBag from /home/humbulani/miniconda3/envs/apache-airflow/lib/python3.8/site-packages/airflow/example_dags/example_trigger_controller_dag.py
[2023-03-26T22:10:02.694+0200] {processor.py:753} INFO - DAG(s) dict_keys(['example_trigger_controller_dag']) retrieved from /home/humbulani/miniconda3/envs/apache-airflow/lib/python3.8/site-packages/airflow/example_dags/example_trigger_controller_dag.py
[2023-03-26T22:10:02.710+0200] {logging_mixin.py:137} INFO - [2023-03-26T22:10:02.710+0200] {dag.py:2693} INFO - Sync 1 DAGs
[2023-03-26T22:10:02.727+0200] {logging_mixin.py:137} INFO - [2023-03-26T22:10:02.727+0200] {dag.py:3440} INFO - Setting next_dagrun for example_trigger_controller_dag to 2021-01-01T00:00:00+00:00, run_after=2021-01-01T00:00:00+00:00
[2023-03-26T22:10:02.800+0200] {processor.py:175} INFO - Processing /home/humbulani/miniconda3/envs/apache-airflow/lib/python3.8/site-packages/airflow/example_dags/example_trigger_controller_dag.py took 0.124 seconds
[2023-03-26T22:10:46.513+0200] {processor.py:153} INFO - Started process (PID=19306) to work on /home/humbulani/miniconda3/envs/apache-airflow/lib/python3.8/site-packages/airflow/example_dags/example_trigger_controller_dag.py
[2023-03-26T22:10:46.530+0200] {processor.py:743} INFO - Processing file /home/humbulani/miniconda3/envs/apache-airflow/lib/python3.8/site-packages/airflow/example_dags/example_trigger_controller_dag.py for tasks to queue
[2023-03-26T22:10:46.531+0200] {logging_mixin.py:137} INFO - [2023-03-26T22:10:46.531+0200] {dagbag.py:532} INFO - Filling up the DagBag from /home/humbulani/miniconda3/envs/apache-airflow/lib/python3.8/site-packages/airflow/example_dags/example_trigger_controller_dag.py
[2023-03-26T22:10:46.540+0200] {processor.py:753} INFO - DAG(s) dict_keys(['example_trigger_controller_dag']) retrieved from /home/humbulani/miniconda3/envs/apache-airflow/lib/python3.8/site-packages/airflow/example_dags/example_trigger_controller_dag.py
[2023-03-26T22:10:46.558+0200] {logging_mixin.py:137} INFO - [2023-03-26T22:10:46.557+0200] {dag.py:2693} INFO - Sync 1 DAGs
[2023-03-26T22:10:46.575+0200] {logging_mixin.py:137} INFO - [2023-03-26T22:10:46.575+0200] {dag.py:3440} INFO - Setting next_dagrun for example_trigger_controller_dag to 2021-01-01T00:00:00+00:00, run_after=2021-01-01T00:00:00+00:00
[2023-03-26T22:10:46.655+0200] {processor.py:175} INFO - Processing /home/humbulani/miniconda3/envs/apache-airflow/lib/python3.8/site-packages/airflow/example_dags/example_trigger_controller_dag.py took 0.145 seconds
[2023-03-26T22:11:34.955+0200] {processor.py:153} INFO - Started process (PID=19349) to work on /home/humbulani/miniconda3/envs/apache-airflow/lib/python3.8/site-packages/airflow/example_dags/example_trigger_controller_dag.py
[2023-03-26T22:11:34.967+0200] {processor.py:743} INFO - Processing file /home/humbulani/miniconda3/envs/apache-airflow/lib/python3.8/site-packages/airflow/example_dags/example_trigger_controller_dag.py for tasks to queue
[2023-03-26T22:11:34.967+0200] {logging_mixin.py:137} INFO - [2023-03-26T22:11:34.967+0200] {dagbag.py:532} INFO - Filling up the DagBag from /home/humbulani/miniconda3/envs/apache-airflow/lib/python3.8/site-packages/airflow/example_dags/example_trigger_controller_dag.py
[2023-03-26T22:11:34.977+0200] {processor.py:753} INFO - DAG(s) dict_keys(['example_trigger_controller_dag']) retrieved from /home/humbulani/miniconda3/envs/apache-airflow/lib/python3.8/site-packages/airflow/example_dags/example_trigger_controller_dag.py
[2023-03-26T22:11:34.993+0200] {logging_mixin.py:137} INFO - [2023-03-26T22:11:34.992+0200] {dag.py:2693} INFO - Sync 1 DAGs
[2023-03-26T22:11:35.009+0200] {logging_mixin.py:137} INFO - [2023-03-26T22:11:35.009+0200] {dag.py:3440} INFO - Setting next_dagrun for example_trigger_controller_dag to 2021-01-01T00:00:00+00:00, run_after=2021-01-01T00:00:00+00:00
[2023-03-26T22:11:35.077+0200] {processor.py:175} INFO - Processing /home/humbulani/miniconda3/envs/apache-airflow/lib/python3.8/site-packages/airflow/example_dags/example_trigger_controller_dag.py took 0.124 seconds
[2023-03-26T22:12:17.487+0200] {processor.py:153} INFO - Started process (PID=19394) to work on /home/humbulani/miniconda3/envs/apache-airflow/lib/python3.8/site-packages/airflow/example_dags/example_trigger_controller_dag.py
[2023-03-26T22:12:17.488+0200] {processor.py:743} INFO - Processing file /home/humbulani/miniconda3/envs/apache-airflow/lib/python3.8/site-packages/airflow/example_dags/example_trigger_controller_dag.py for tasks to queue
[2023-03-26T22:12:17.488+0200] {logging_mixin.py:137} INFO - [2023-03-26T22:12:17.488+0200] {dagbag.py:532} INFO - Filling up the DagBag from /home/humbulani/miniconda3/envs/apache-airflow/lib/python3.8/site-packages/airflow/example_dags/example_trigger_controller_dag.py
[2023-03-26T22:12:17.498+0200] {processor.py:753} INFO - DAG(s) dict_keys(['example_trigger_controller_dag']) retrieved from /home/humbulani/miniconda3/envs/apache-airflow/lib/python3.8/site-packages/airflow/example_dags/example_trigger_controller_dag.py
[2023-03-26T22:12:17.513+0200] {logging_mixin.py:137} INFO - [2023-03-26T22:12:17.513+0200] {dag.py:2693} INFO - Sync 1 DAGs
[2023-03-26T22:12:17.530+0200] {logging_mixin.py:137} INFO - [2023-03-26T22:12:17.530+0200] {dag.py:3440} INFO - Setting next_dagrun for example_trigger_controller_dag to 2021-01-01T00:00:00+00:00, run_after=2021-01-01T00:00:00+00:00
[2023-03-26T22:12:17.646+0200] {processor.py:175} INFO - Processing /home/humbulani/miniconda3/envs/apache-airflow/lib/python3.8/site-packages/airflow/example_dags/example_trigger_controller_dag.py took 0.162 seconds
[2023-03-26T22:13:03.946+0200] {processor.py:153} INFO - Started process (PID=19503) to work on /home/humbulani/miniconda3/envs/apache-airflow/lib/python3.8/site-packages/airflow/example_dags/example_trigger_controller_dag.py
[2023-03-26T22:13:03.955+0200] {processor.py:743} INFO - Processing file /home/humbulani/miniconda3/envs/apache-airflow/lib/python3.8/site-packages/airflow/example_dags/example_trigger_controller_dag.py for tasks to queue
[2023-03-26T22:13:03.956+0200] {logging_mixin.py:137} INFO - [2023-03-26T22:13:03.956+0200] {dagbag.py:532} INFO - Filling up the DagBag from /home/humbulani/miniconda3/envs/apache-airflow/lib/python3.8/site-packages/airflow/example_dags/example_trigger_controller_dag.py
[2023-03-26T22:13:03.965+0200] {processor.py:753} INFO - DAG(s) dict_keys(['example_trigger_controller_dag']) retrieved from /home/humbulani/miniconda3/envs/apache-airflow/lib/python3.8/site-packages/airflow/example_dags/example_trigger_controller_dag.py
[2023-03-26T22:13:03.981+0200] {logging_mixin.py:137} INFO - [2023-03-26T22:13:03.981+0200] {dag.py:2693} INFO - Sync 1 DAGs
[2023-03-26T22:13:03.999+0200] {logging_mixin.py:137} INFO - [2023-03-26T22:13:03.999+0200] {dag.py:3440} INFO - Setting next_dagrun for example_trigger_controller_dag to 2021-01-01T00:00:00+00:00, run_after=2021-01-01T00:00:00+00:00
[2023-03-26T22:13:04.080+0200] {processor.py:175} INFO - Processing /home/humbulani/miniconda3/envs/apache-airflow/lib/python3.8/site-packages/airflow/example_dags/example_trigger_controller_dag.py took 0.137 seconds
[2023-03-26T22:13:51.352+0200] {processor.py:153} INFO - Started process (PID=19545) to work on /home/humbulani/miniconda3/envs/apache-airflow/lib/python3.8/site-packages/airflow/example_dags/example_trigger_controller_dag.py
[2023-03-26T22:13:51.368+0200] {processor.py:743} INFO - Processing file /home/humbulani/miniconda3/envs/apache-airflow/lib/python3.8/site-packages/airflow/example_dags/example_trigger_controller_dag.py for tasks to queue
[2023-03-26T22:13:51.369+0200] {logging_mixin.py:137} INFO - [2023-03-26T22:13:51.369+0200] {dagbag.py:532} INFO - Filling up the DagBag from /home/humbulani/miniconda3/envs/apache-airflow/lib/python3.8/site-packages/airflow/example_dags/example_trigger_controller_dag.py
[2023-03-26T22:13:51.378+0200] {processor.py:753} INFO - DAG(s) dict_keys(['example_trigger_controller_dag']) retrieved from /home/humbulani/miniconda3/envs/apache-airflow/lib/python3.8/site-packages/airflow/example_dags/example_trigger_controller_dag.py
[2023-03-26T22:13:51.394+0200] {logging_mixin.py:137} INFO - [2023-03-26T22:13:51.394+0200] {dag.py:2693} INFO - Sync 1 DAGs
[2023-03-26T22:13:51.412+0200] {logging_mixin.py:137} INFO - [2023-03-26T22:13:51.411+0200] {dag.py:3440} INFO - Setting next_dagrun for example_trigger_controller_dag to 2021-01-01T00:00:00+00:00, run_after=2021-01-01T00:00:00+00:00
[2023-03-26T22:13:51.483+0200] {processor.py:175} INFO - Processing /home/humbulani/miniconda3/envs/apache-airflow/lib/python3.8/site-packages/airflow/example_dags/example_trigger_controller_dag.py took 0.133 seconds
[2023-03-26T22:14:39.283+0200] {processor.py:153} INFO - Started process (PID=19590) to work on /home/humbulani/miniconda3/envs/apache-airflow/lib/python3.8/site-packages/airflow/example_dags/example_trigger_controller_dag.py
[2023-03-26T22:14:39.298+0200] {processor.py:743} INFO - Processing file /home/humbulani/miniconda3/envs/apache-airflow/lib/python3.8/site-packages/airflow/example_dags/example_trigger_controller_dag.py for tasks to queue
[2023-03-26T22:14:39.299+0200] {logging_mixin.py:137} INFO - [2023-03-26T22:14:39.299+0200] {dagbag.py:532} INFO - Filling up the DagBag from /home/humbulani/miniconda3/envs/apache-airflow/lib/python3.8/site-packages/airflow/example_dags/example_trigger_controller_dag.py
[2023-03-26T22:14:39.313+0200] {processor.py:753} INFO - DAG(s) dict_keys(['example_trigger_controller_dag']) retrieved from /home/humbulani/miniconda3/envs/apache-airflow/lib/python3.8/site-packages/airflow/example_dags/example_trigger_controller_dag.py
[2023-03-26T22:14:39.330+0200] {logging_mixin.py:137} INFO - [2023-03-26T22:14:39.330+0200] {dag.py:2693} INFO - Sync 1 DAGs
[2023-03-26T22:14:39.348+0200] {logging_mixin.py:137} INFO - [2023-03-26T22:14:39.348+0200] {dag.py:3440} INFO - Setting next_dagrun for example_trigger_controller_dag to 2021-01-01T00:00:00+00:00, run_after=2021-01-01T00:00:00+00:00
[2023-03-26T22:14:39.424+0200] {processor.py:175} INFO - Processing /home/humbulani/miniconda3/envs/apache-airflow/lib/python3.8/site-packages/airflow/example_dags/example_trigger_controller_dag.py took 0.144 seconds
[2023-03-26T22:15:25.068+0200] {processor.py:153} INFO - Started process (PID=19700) to work on /home/humbulani/miniconda3/envs/apache-airflow/lib/python3.8/site-packages/airflow/example_dags/example_trigger_controller_dag.py
[2023-03-26T22:15:25.133+0200] {processor.py:743} INFO - Processing file /home/humbulani/miniconda3/envs/apache-airflow/lib/python3.8/site-packages/airflow/example_dags/example_trigger_controller_dag.py for tasks to queue
[2023-03-26T22:15:25.134+0200] {logging_mixin.py:137} INFO - [2023-03-26T22:15:25.134+0200] {dagbag.py:532} INFO - Filling up the DagBag from /home/humbulani/miniconda3/envs/apache-airflow/lib/python3.8/site-packages/airflow/example_dags/example_trigger_controller_dag.py
[2023-03-26T22:15:25.153+0200] {processor.py:753} INFO - DAG(s) dict_keys(['example_trigger_controller_dag']) retrieved from /home/humbulani/miniconda3/envs/apache-airflow/lib/python3.8/site-packages/airflow/example_dags/example_trigger_controller_dag.py
[2023-03-26T22:15:25.251+0200] {logging_mixin.py:137} INFO - [2023-03-26T22:15:25.251+0200] {dag.py:2693} INFO - Sync 1 DAGs
[2023-03-26T22:15:25.269+0200] {logging_mixin.py:137} INFO - [2023-03-26T22:15:25.269+0200] {dag.py:3440} INFO - Setting next_dagrun for example_trigger_controller_dag to 2021-01-01T00:00:00+00:00, run_after=2021-01-01T00:00:00+00:00
[2023-03-26T22:15:25.355+0200] {processor.py:175} INFO - Processing /home/humbulani/miniconda3/envs/apache-airflow/lib/python3.8/site-packages/airflow/example_dags/example_trigger_controller_dag.py took 0.290 seconds
[2023-03-26T22:16:11.927+0200] {processor.py:153} INFO - Started process (PID=19755) to work on /home/humbulani/miniconda3/envs/apache-airflow/lib/python3.8/site-packages/airflow/example_dags/example_trigger_controller_dag.py
[2023-03-26T22:16:11.946+0200] {processor.py:743} INFO - Processing file /home/humbulani/miniconda3/envs/apache-airflow/lib/python3.8/site-packages/airflow/example_dags/example_trigger_controller_dag.py for tasks to queue
[2023-03-26T22:16:11.947+0200] {logging_mixin.py:137} INFO - [2023-03-26T22:16:11.947+0200] {dagbag.py:532} INFO - Filling up the DagBag from /home/humbulani/miniconda3/envs/apache-airflow/lib/python3.8/site-packages/airflow/example_dags/example_trigger_controller_dag.py
[2023-03-26T22:16:11.956+0200] {processor.py:753} INFO - DAG(s) dict_keys(['example_trigger_controller_dag']) retrieved from /home/humbulani/miniconda3/envs/apache-airflow/lib/python3.8/site-packages/airflow/example_dags/example_trigger_controller_dag.py
[2023-03-26T22:16:11.973+0200] {logging_mixin.py:137} INFO - [2023-03-26T22:16:11.972+0200] {dag.py:2693} INFO - Sync 1 DAGs
[2023-03-26T22:16:11.990+0200] {logging_mixin.py:137} INFO - [2023-03-26T22:16:11.989+0200] {dag.py:3440} INFO - Setting next_dagrun for example_trigger_controller_dag to 2021-01-01T00:00:00+00:00, run_after=2021-01-01T00:00:00+00:00
[2023-03-26T22:16:12.196+0200] {processor.py:175} INFO - Processing /home/humbulani/miniconda3/envs/apache-airflow/lib/python3.8/site-packages/airflow/example_dags/example_trigger_controller_dag.py took 0.271 seconds
[2023-03-26T22:17:05.420+0200] {processor.py:153} INFO - Started process (PID=19858) to work on /home/humbulani/miniconda3/envs/apache-airflow/lib/python3.8/site-packages/airflow/example_dags/example_trigger_controller_dag.py
[2023-03-26T22:17:05.427+0200] {processor.py:743} INFO - Processing file /home/humbulani/miniconda3/envs/apache-airflow/lib/python3.8/site-packages/airflow/example_dags/example_trigger_controller_dag.py for tasks to queue
[2023-03-26T22:17:05.427+0200] {logging_mixin.py:137} INFO - [2023-03-26T22:17:05.427+0200] {dagbag.py:532} INFO - Filling up the DagBag from /home/humbulani/miniconda3/envs/apache-airflow/lib/python3.8/site-packages/airflow/example_dags/example_trigger_controller_dag.py
[2023-03-26T22:17:05.439+0200] {processor.py:753} INFO - DAG(s) dict_keys(['example_trigger_controller_dag']) retrieved from /home/humbulani/miniconda3/envs/apache-airflow/lib/python3.8/site-packages/airflow/example_dags/example_trigger_controller_dag.py
[2023-03-26T22:17:05.455+0200] {logging_mixin.py:137} INFO - [2023-03-26T22:17:05.455+0200] {dag.py:2693} INFO - Sync 1 DAGs
[2023-03-26T22:17:05.473+0200] {logging_mixin.py:137} INFO - [2023-03-26T22:17:05.472+0200] {dag.py:3440} INFO - Setting next_dagrun for example_trigger_controller_dag to 2021-01-01T00:00:00+00:00, run_after=2021-01-01T00:00:00+00:00
[2023-03-26T22:17:05.546+0200] {processor.py:175} INFO - Processing /home/humbulani/miniconda3/envs/apache-airflow/lib/python3.8/site-packages/airflow/example_dags/example_trigger_controller_dag.py took 0.129 seconds
[2023-03-26T22:17:47.511+0200] {processor.py:153} INFO - Started process (PID=19905) to work on /home/humbulani/miniconda3/envs/apache-airflow/lib/python3.8/site-packages/airflow/example_dags/example_trigger_controller_dag.py
[2023-03-26T22:17:47.521+0200] {processor.py:743} INFO - Processing file /home/humbulani/miniconda3/envs/apache-airflow/lib/python3.8/site-packages/airflow/example_dags/example_trigger_controller_dag.py for tasks to queue
[2023-03-26T22:17:47.522+0200] {logging_mixin.py:137} INFO - [2023-03-26T22:17:47.522+0200] {dagbag.py:532} INFO - Filling up the DagBag from /home/humbulani/miniconda3/envs/apache-airflow/lib/python3.8/site-packages/airflow/example_dags/example_trigger_controller_dag.py
[2023-03-26T22:17:47.534+0200] {processor.py:753} INFO - DAG(s) dict_keys(['example_trigger_controller_dag']) retrieved from /home/humbulani/miniconda3/envs/apache-airflow/lib/python3.8/site-packages/airflow/example_dags/example_trigger_controller_dag.py
[2023-03-26T22:17:47.553+0200] {logging_mixin.py:137} INFO - [2023-03-26T22:17:47.553+0200] {dag.py:2693} INFO - Sync 1 DAGs
[2023-03-26T22:17:47.570+0200] {logging_mixin.py:137} INFO - [2023-03-26T22:17:47.570+0200] {dag.py:3440} INFO - Setting next_dagrun for example_trigger_controller_dag to 2021-01-01T00:00:00+00:00, run_after=2021-01-01T00:00:00+00:00
[2023-03-26T22:17:47.640+0200] {processor.py:175} INFO - Processing /home/humbulani/miniconda3/envs/apache-airflow/lib/python3.8/site-packages/airflow/example_dags/example_trigger_controller_dag.py took 0.132 seconds
[2023-03-26T22:18:33.303+0200] {processor.py:153} INFO - Started process (PID=20013) to work on /home/humbulani/miniconda3/envs/apache-airflow/lib/python3.8/site-packages/airflow/example_dags/example_trigger_controller_dag.py
[2023-03-26T22:18:33.317+0200] {processor.py:743} INFO - Processing file /home/humbulani/miniconda3/envs/apache-airflow/lib/python3.8/site-packages/airflow/example_dags/example_trigger_controller_dag.py for tasks to queue
[2023-03-26T22:18:33.318+0200] {logging_mixin.py:137} INFO - [2023-03-26T22:18:33.318+0200] {dagbag.py:532} INFO - Filling up the DagBag from /home/humbulani/miniconda3/envs/apache-airflow/lib/python3.8/site-packages/airflow/example_dags/example_trigger_controller_dag.py
[2023-03-26T22:18:33.330+0200] {processor.py:753} INFO - DAG(s) dict_keys(['example_trigger_controller_dag']) retrieved from /home/humbulani/miniconda3/envs/apache-airflow/lib/python3.8/site-packages/airflow/example_dags/example_trigger_controller_dag.py
[2023-03-26T22:18:33.351+0200] {logging_mixin.py:137} INFO - [2023-03-26T22:18:33.351+0200] {dag.py:2693} INFO - Sync 1 DAGs
[2023-03-26T22:18:33.367+0200] {logging_mixin.py:137} INFO - [2023-03-26T22:18:33.367+0200] {dag.py:3440} INFO - Setting next_dagrun for example_trigger_controller_dag to 2021-01-01T00:00:00+00:00, run_after=2021-01-01T00:00:00+00:00
[2023-03-26T22:18:33.449+0200] {processor.py:175} INFO - Processing /home/humbulani/miniconda3/envs/apache-airflow/lib/python3.8/site-packages/airflow/example_dags/example_trigger_controller_dag.py took 0.149 seconds
[2023-03-26T22:19:17.111+0200] {processor.py:153} INFO - Started process (PID=20100) to work on /home/humbulani/miniconda3/envs/apache-airflow/lib/python3.8/site-packages/airflow/example_dags/example_trigger_controller_dag.py
[2023-03-26T22:19:17.113+0200] {processor.py:743} INFO - Processing file /home/humbulani/miniconda3/envs/apache-airflow/lib/python3.8/site-packages/airflow/example_dags/example_trigger_controller_dag.py for tasks to queue
[2023-03-26T22:19:17.113+0200] {logging_mixin.py:137} INFO - [2023-03-26T22:19:17.113+0200] {dagbag.py:532} INFO - Filling up the DagBag from /home/humbulani/miniconda3/envs/apache-airflow/lib/python3.8/site-packages/airflow/example_dags/example_trigger_controller_dag.py
[2023-03-26T22:19:17.125+0200] {processor.py:753} INFO - DAG(s) dict_keys(['example_trigger_controller_dag']) retrieved from /home/humbulani/miniconda3/envs/apache-airflow/lib/python3.8/site-packages/airflow/example_dags/example_trigger_controller_dag.py
[2023-03-26T22:19:17.141+0200] {logging_mixin.py:137} INFO - [2023-03-26T22:19:17.141+0200] {dag.py:2693} INFO - Sync 1 DAGs
[2023-03-26T22:19:17.158+0200] {logging_mixin.py:137} INFO - [2023-03-26T22:19:17.158+0200] {dag.py:3440} INFO - Setting next_dagrun for example_trigger_controller_dag to 2021-01-01T00:00:00+00:00, run_after=2021-01-01T00:00:00+00:00
[2023-03-26T22:19:17.382+0200] {processor.py:175} INFO - Processing /home/humbulani/miniconda3/envs/apache-airflow/lib/python3.8/site-packages/airflow/example_dags/example_trigger_controller_dag.py took 0.273 seconds
[2023-03-26T22:20:02.278+0200] {processor.py:153} INFO - Started process (PID=20168) to work on /home/humbulani/miniconda3/envs/apache-airflow/lib/python3.8/site-packages/airflow/example_dags/example_trigger_controller_dag.py
[2023-03-26T22:20:02.295+0200] {processor.py:743} INFO - Processing file /home/humbulani/miniconda3/envs/apache-airflow/lib/python3.8/site-packages/airflow/example_dags/example_trigger_controller_dag.py for tasks to queue
[2023-03-26T22:20:02.296+0200] {logging_mixin.py:137} INFO - [2023-03-26T22:20:02.295+0200] {dagbag.py:532} INFO - Filling up the DagBag from /home/humbulani/miniconda3/envs/apache-airflow/lib/python3.8/site-packages/airflow/example_dags/example_trigger_controller_dag.py
[2023-03-26T22:20:02.307+0200] {processor.py:753} INFO - DAG(s) dict_keys(['example_trigger_controller_dag']) retrieved from /home/humbulani/miniconda3/envs/apache-airflow/lib/python3.8/site-packages/airflow/example_dags/example_trigger_controller_dag.py
[2023-03-26T22:20:02.327+0200] {logging_mixin.py:137} INFO - [2023-03-26T22:20:02.326+0200] {dag.py:2693} INFO - Sync 1 DAGs
[2023-03-26T22:20:02.344+0200] {logging_mixin.py:137} INFO - [2023-03-26T22:20:02.343+0200] {dag.py:3440} INFO - Setting next_dagrun for example_trigger_controller_dag to 2021-01-01T00:00:00+00:00, run_after=2021-01-01T00:00:00+00:00
[2023-03-26T22:20:02.413+0200] {processor.py:175} INFO - Processing /home/humbulani/miniconda3/envs/apache-airflow/lib/python3.8/site-packages/airflow/example_dags/example_trigger_controller_dag.py took 0.137 seconds
[2023-03-26T22:20:47.428+0200] {processor.py:153} INFO - Started process (PID=20257) to work on /home/humbulani/miniconda3/envs/apache-airflow/lib/python3.8/site-packages/airflow/example_dags/example_trigger_controller_dag.py
[2023-03-26T22:20:47.441+0200] {processor.py:743} INFO - Processing file /home/humbulani/miniconda3/envs/apache-airflow/lib/python3.8/site-packages/airflow/example_dags/example_trigger_controller_dag.py for tasks to queue
[2023-03-26T22:20:47.441+0200] {logging_mixin.py:137} INFO - [2023-03-26T22:20:47.441+0200] {dagbag.py:532} INFO - Filling up the DagBag from /home/humbulani/miniconda3/envs/apache-airflow/lib/python3.8/site-packages/airflow/example_dags/example_trigger_controller_dag.py
[2023-03-26T22:20:47.452+0200] {processor.py:753} INFO - DAG(s) dict_keys(['example_trigger_controller_dag']) retrieved from /home/humbulani/miniconda3/envs/apache-airflow/lib/python3.8/site-packages/airflow/example_dags/example_trigger_controller_dag.py
[2023-03-26T22:20:47.469+0200] {logging_mixin.py:137} INFO - [2023-03-26T22:20:47.469+0200] {dag.py:2693} INFO - Sync 1 DAGs
[2023-03-26T22:20:47.488+0200] {logging_mixin.py:137} INFO - [2023-03-26T22:20:47.488+0200] {dag.py:3440} INFO - Setting next_dagrun for example_trigger_controller_dag to 2021-01-01T00:00:00+00:00, run_after=2021-01-01T00:00:00+00:00
[2023-03-26T22:20:47.567+0200] {processor.py:175} INFO - Processing /home/humbulani/miniconda3/envs/apache-airflow/lib/python3.8/site-packages/airflow/example_dags/example_trigger_controller_dag.py took 0.142 seconds
[2023-03-26T22:21:32.621+0200] {processor.py:153} INFO - Started process (PID=20302) to work on /home/humbulani/miniconda3/envs/apache-airflow/lib/python3.8/site-packages/airflow/example_dags/example_trigger_controller_dag.py
[2023-03-26T22:21:32.622+0200] {processor.py:743} INFO - Processing file /home/humbulani/miniconda3/envs/apache-airflow/lib/python3.8/site-packages/airflow/example_dags/example_trigger_controller_dag.py for tasks to queue
[2023-03-26T22:21:32.622+0200] {logging_mixin.py:137} INFO - [2023-03-26T22:21:32.622+0200] {dagbag.py:532} INFO - Filling up the DagBag from /home/humbulani/miniconda3/envs/apache-airflow/lib/python3.8/site-packages/airflow/example_dags/example_trigger_controller_dag.py
[2023-03-26T22:21:32.635+0200] {processor.py:753} INFO - DAG(s) dict_keys(['example_trigger_controller_dag']) retrieved from /home/humbulani/miniconda3/envs/apache-airflow/lib/python3.8/site-packages/airflow/example_dags/example_trigger_controller_dag.py
[2023-03-26T22:21:32.651+0200] {logging_mixin.py:137} INFO - [2023-03-26T22:21:32.651+0200] {dag.py:2693} INFO - Sync 1 DAGs
[2023-03-26T22:21:32.668+0200] {logging_mixin.py:137} INFO - [2023-03-26T22:21:32.668+0200] {dag.py:3440} INFO - Setting next_dagrun for example_trigger_controller_dag to 2021-01-01T00:00:00+00:00, run_after=2021-01-01T00:00:00+00:00
[2023-03-26T22:21:32.745+0200] {processor.py:175} INFO - Processing /home/humbulani/miniconda3/envs/apache-airflow/lib/python3.8/site-packages/airflow/example_dags/example_trigger_controller_dag.py took 0.127 seconds
[2023-03-26T22:22:16.505+0200] {processor.py:153} INFO - Started process (PID=20347) to work on /home/humbulani/miniconda3/envs/apache-airflow/lib/python3.8/site-packages/airflow/example_dags/example_trigger_controller_dag.py
[2023-03-26T22:22:16.538+0200] {processor.py:743} INFO - Processing file /home/humbulani/miniconda3/envs/apache-airflow/lib/python3.8/site-packages/airflow/example_dags/example_trigger_controller_dag.py for tasks to queue
[2023-03-26T22:22:16.539+0200] {logging_mixin.py:137} INFO - [2023-03-26T22:22:16.539+0200] {dagbag.py:532} INFO - Filling up the DagBag from /home/humbulani/miniconda3/envs/apache-airflow/lib/python3.8/site-packages/airflow/example_dags/example_trigger_controller_dag.py
[2023-03-26T22:22:16.551+0200] {processor.py:753} INFO - DAG(s) dict_keys(['example_trigger_controller_dag']) retrieved from /home/humbulani/miniconda3/envs/apache-airflow/lib/python3.8/site-packages/airflow/example_dags/example_trigger_controller_dag.py
[2023-03-26T22:22:16.568+0200] {logging_mixin.py:137} INFO - [2023-03-26T22:22:16.568+0200] {dag.py:2693} INFO - Sync 1 DAGs
[2023-03-26T22:22:16.585+0200] {logging_mixin.py:137} INFO - [2023-03-26T22:22:16.585+0200] {dag.py:3440} INFO - Setting next_dagrun for example_trigger_controller_dag to 2021-01-01T00:00:00+00:00, run_after=2021-01-01T00:00:00+00:00
[2023-03-26T22:22:16.668+0200] {processor.py:175} INFO - Processing /home/humbulani/miniconda3/envs/apache-airflow/lib/python3.8/site-packages/airflow/example_dags/example_trigger_controller_dag.py took 0.166 seconds
[2023-03-26T22:23:03.592+0200] {processor.py:153} INFO - Started process (PID=20389) to work on /home/humbulani/miniconda3/envs/apache-airflow/lib/python3.8/site-packages/airflow/example_dags/example_trigger_controller_dag.py
[2023-03-26T22:23:03.593+0200] {processor.py:743} INFO - Processing file /home/humbulani/miniconda3/envs/apache-airflow/lib/python3.8/site-packages/airflow/example_dags/example_trigger_controller_dag.py for tasks to queue
[2023-03-26T22:23:03.593+0200] {logging_mixin.py:137} INFO - [2023-03-26T22:23:03.593+0200] {dagbag.py:532} INFO - Filling up the DagBag from /home/humbulani/miniconda3/envs/apache-airflow/lib/python3.8/site-packages/airflow/example_dags/example_trigger_controller_dag.py
[2023-03-26T22:23:03.606+0200] {processor.py:753} INFO - DAG(s) dict_keys(['example_trigger_controller_dag']) retrieved from /home/humbulani/miniconda3/envs/apache-airflow/lib/python3.8/site-packages/airflow/example_dags/example_trigger_controller_dag.py
[2023-03-26T22:23:03.622+0200] {logging_mixin.py:137} INFO - [2023-03-26T22:23:03.622+0200] {dag.py:2693} INFO - Sync 1 DAGs
[2023-03-26T22:23:03.639+0200] {logging_mixin.py:137} INFO - [2023-03-26T22:23:03.639+0200] {dag.py:3440} INFO - Setting next_dagrun for example_trigger_controller_dag to 2021-01-01T00:00:00+00:00, run_after=2021-01-01T00:00:00+00:00
[2023-03-26T22:23:03.721+0200] {processor.py:175} INFO - Processing /home/humbulani/miniconda3/envs/apache-airflow/lib/python3.8/site-packages/airflow/example_dags/example_trigger_controller_dag.py took 0.133 seconds
