[2023-03-26T21:39:31.750+0200] {processor.py:153} INFO - Started process (PID=16649) to work on /home/humbulani/miniconda3/envs/apache-airflow/lib/python3.8/site-packages/airflow/example_dags/example_latest_only.py
[2023-03-26T21:39:31.751+0200] {processor.py:743} INFO - Processing file /home/humbulani/miniconda3/envs/apache-airflow/lib/python3.8/site-packages/airflow/example_dags/example_latest_only.py for tasks to queue
[2023-03-26T21:39:31.751+0200] {logging_mixin.py:137} INFO - [2023-03-26T21:39:31.751+0200] {dagbag.py:532} INFO - Filling up the DagBag from /home/humbulani/miniconda3/envs/apache-airflow/lib/python3.8/site-packages/airflow/example_dags/example_latest_only.py
[2023-03-26T21:39:31.765+0200] {processor.py:753} INFO - DAG(s) dict_keys(['latest_only']) retrieved from /home/humbulani/miniconda3/envs/apache-airflow/lib/python3.8/site-packages/airflow/example_dags/example_latest_only.py
[2023-03-26T21:39:32.007+0200] {logging_mixin.py:137} INFO - [2023-03-26T21:39:32.007+0200] {manager.py:504} INFO - Created Permission View: can edit on DAG:latest_only
[2023-03-26T21:39:32.074+0200] {logging_mixin.py:137} INFO - [2023-03-26T21:39:32.074+0200] {manager.py:504} INFO - Created Permission View: can read on DAG:latest_only
[2023-03-26T21:39:32.150+0200] {logging_mixin.py:137} INFO - [2023-03-26T21:39:32.149+0200] {manager.py:504} INFO - Created Permission View: can delete on DAG:latest_only
[2023-03-26T21:39:32.150+0200] {logging_mixin.py:137} INFO - [2023-03-26T21:39:32.150+0200] {dag.py:2693} INFO - Sync 1 DAGs
[2023-03-26T21:39:32.184+0200] {logging_mixin.py:137} INFO - [2023-03-26T21:39:32.183+0200] {dag.py:2714} INFO - Creating ORM DAG for latest_only
[2023-03-26T21:39:32.205+0200] {logging_mixin.py:137} INFO - [2023-03-26T21:39:32.205+0200] {dag.py:3440} INFO - Setting next_dagrun for latest_only to 2023-03-26T15:39:32.205266+00:00, run_after=2023-03-26T19:39:32.205266+00:00
[2023-03-26T21:39:32.294+0200] {processor.py:175} INFO - Processing /home/humbulani/miniconda3/envs/apache-airflow/lib/python3.8/site-packages/airflow/example_dags/example_latest_only.py took 0.547 seconds
[2023-03-26T21:40:31.989+0200] {processor.py:153} INFO - Started process (PID=16749) to work on /home/humbulani/miniconda3/envs/apache-airflow/lib/python3.8/site-packages/airflow/example_dags/example_latest_only.py
[2023-03-26T21:40:32.006+0200] {processor.py:743} INFO - Processing file /home/humbulani/miniconda3/envs/apache-airflow/lib/python3.8/site-packages/airflow/example_dags/example_latest_only.py for tasks to queue
[2023-03-26T21:40:32.007+0200] {logging_mixin.py:137} INFO - [2023-03-26T21:40:32.007+0200] {dagbag.py:532} INFO - Filling up the DagBag from /home/humbulani/miniconda3/envs/apache-airflow/lib/python3.8/site-packages/airflow/example_dags/example_latest_only.py
[2023-03-26T21:40:32.020+0200] {processor.py:753} INFO - DAG(s) dict_keys(['latest_only']) retrieved from /home/humbulani/miniconda3/envs/apache-airflow/lib/python3.8/site-packages/airflow/example_dags/example_latest_only.py
[2023-03-26T21:40:33.327+0200] {logging_mixin.py:137} INFO - [2023-03-26T21:40:33.326+0200] {dag.py:2693} INFO - Sync 1 DAGs
[2023-03-26T21:40:33.347+0200] {logging_mixin.py:137} INFO - [2023-03-26T21:40:33.346+0200] {dag.py:3440} INFO - Setting next_dagrun for latest_only to 2023-03-26T15:40:33.346481+00:00, run_after=2023-03-26T19:40:33.346481+00:00
[2023-03-26T21:40:33.457+0200] {processor.py:175} INFO - Processing /home/humbulani/miniconda3/envs/apache-airflow/lib/python3.8/site-packages/airflow/example_dags/example_latest_only.py took 1.471 seconds
[2023-03-26T21:48:04.210+0200] {processor.py:153} INFO - Started process (PID=16844) to work on /home/humbulani/miniconda3/envs/apache-airflow/lib/python3.8/site-packages/airflow/example_dags/example_latest_only.py
[2023-03-26T21:48:04.211+0200] {processor.py:743} INFO - Processing file /home/humbulani/miniconda3/envs/apache-airflow/lib/python3.8/site-packages/airflow/example_dags/example_latest_only.py for tasks to queue
[2023-03-26T21:48:04.212+0200] {logging_mixin.py:137} INFO - [2023-03-26T21:48:04.212+0200] {dagbag.py:532} INFO - Filling up the DagBag from /home/humbulani/miniconda3/envs/apache-airflow/lib/python3.8/site-packages/airflow/example_dags/example_latest_only.py
[2023-03-26T21:48:04.224+0200] {processor.py:753} INFO - DAG(s) dict_keys(['latest_only']) retrieved from /home/humbulani/miniconda3/envs/apache-airflow/lib/python3.8/site-packages/airflow/example_dags/example_latest_only.py
[2023-03-26T21:48:04.240+0200] {logging_mixin.py:137} INFO - [2023-03-26T21:48:04.240+0200] {dag.py:2693} INFO - Sync 1 DAGs
[2023-03-26T21:48:04.257+0200] {logging_mixin.py:137} INFO - [2023-03-26T21:48:04.257+0200] {dag.py:3440} INFO - Setting next_dagrun for latest_only to 2023-03-26T15:48:04.257344+00:00, run_after=2023-03-26T19:48:04.257344+00:00
[2023-03-26T21:48:04.362+0200] {processor.py:175} INFO - Processing /home/humbulani/miniconda3/envs/apache-airflow/lib/python3.8/site-packages/airflow/example_dags/example_latest_only.py took 0.154 seconds
[2023-03-26T21:48:53.857+0200] {processor.py:153} INFO - Started process (PID=16924) to work on /home/humbulani/miniconda3/envs/apache-airflow/lib/python3.8/site-packages/airflow/example_dags/example_latest_only.py
[2023-03-26T21:48:53.871+0200] {processor.py:743} INFO - Processing file /home/humbulani/miniconda3/envs/apache-airflow/lib/python3.8/site-packages/airflow/example_dags/example_latest_only.py for tasks to queue
[2023-03-26T21:48:53.871+0200] {logging_mixin.py:137} INFO - [2023-03-26T21:48:53.871+0200] {dagbag.py:532} INFO - Filling up the DagBag from /home/humbulani/miniconda3/envs/apache-airflow/lib/python3.8/site-packages/airflow/example_dags/example_latest_only.py
[2023-03-26T21:48:53.882+0200] {processor.py:753} INFO - DAG(s) dict_keys(['latest_only']) retrieved from /home/humbulani/miniconda3/envs/apache-airflow/lib/python3.8/site-packages/airflow/example_dags/example_latest_only.py
[2023-03-26T21:48:53.898+0200] {logging_mixin.py:137} INFO - [2023-03-26T21:48:53.897+0200] {dag.py:2693} INFO - Sync 1 DAGs
[2023-03-26T21:48:53.915+0200] {logging_mixin.py:137} INFO - [2023-03-26T21:48:53.915+0200] {dag.py:3440} INFO - Setting next_dagrun for latest_only to 2023-03-26T15:48:53.915417+00:00, run_after=2023-03-26T19:48:53.915417+00:00
[2023-03-26T21:48:53.993+0200] {processor.py:175} INFO - Processing /home/humbulani/miniconda3/envs/apache-airflow/lib/python3.8/site-packages/airflow/example_dags/example_latest_only.py took 0.139 seconds
[2023-03-26T21:49:43.225+0200] {processor.py:153} INFO - Started process (PID=16966) to work on /home/humbulani/miniconda3/envs/apache-airflow/lib/python3.8/site-packages/airflow/example_dags/example_latest_only.py
[2023-03-26T21:49:43.226+0200] {processor.py:743} INFO - Processing file /home/humbulani/miniconda3/envs/apache-airflow/lib/python3.8/site-packages/airflow/example_dags/example_latest_only.py for tasks to queue
[2023-03-26T21:49:43.226+0200] {logging_mixin.py:137} INFO - [2023-03-26T21:49:43.226+0200] {dagbag.py:532} INFO - Filling up the DagBag from /home/humbulani/miniconda3/envs/apache-airflow/lib/python3.8/site-packages/airflow/example_dags/example_latest_only.py
[2023-03-26T21:49:43.238+0200] {processor.py:753} INFO - DAG(s) dict_keys(['latest_only']) retrieved from /home/humbulani/miniconda3/envs/apache-airflow/lib/python3.8/site-packages/airflow/example_dags/example_latest_only.py
[2023-03-26T21:49:43.256+0200] {logging_mixin.py:137} INFO - [2023-03-26T21:49:43.256+0200] {dag.py:2693} INFO - Sync 1 DAGs
[2023-03-26T21:49:43.277+0200] {logging_mixin.py:137} INFO - [2023-03-26T21:49:43.276+0200] {dag.py:3440} INFO - Setting next_dagrun for latest_only to 2023-03-26T15:49:43.276710+00:00, run_after=2023-03-26T19:49:43.276710+00:00
[2023-03-26T21:49:43.380+0200] {processor.py:175} INFO - Processing /home/humbulani/miniconda3/envs/apache-airflow/lib/python3.8/site-packages/airflow/example_dags/example_latest_only.py took 0.158 seconds
[2023-03-26T21:50:26.719+0200] {processor.py:153} INFO - Started process (PID=17011) to work on /home/humbulani/miniconda3/envs/apache-airflow/lib/python3.8/site-packages/airflow/example_dags/example_latest_only.py
[2023-03-26T21:50:26.720+0200] {processor.py:743} INFO - Processing file /home/humbulani/miniconda3/envs/apache-airflow/lib/python3.8/site-packages/airflow/example_dags/example_latest_only.py for tasks to queue
[2023-03-26T21:50:26.720+0200] {logging_mixin.py:137} INFO - [2023-03-26T21:50:26.720+0200] {dagbag.py:532} INFO - Filling up the DagBag from /home/humbulani/miniconda3/envs/apache-airflow/lib/python3.8/site-packages/airflow/example_dags/example_latest_only.py
[2023-03-26T21:50:26.732+0200] {processor.py:753} INFO - DAG(s) dict_keys(['latest_only']) retrieved from /home/humbulani/miniconda3/envs/apache-airflow/lib/python3.8/site-packages/airflow/example_dags/example_latest_only.py
[2023-03-26T21:50:26.750+0200] {logging_mixin.py:137} INFO - [2023-03-26T21:50:26.750+0200] {dag.py:2693} INFO - Sync 1 DAGs
[2023-03-26T21:50:26.768+0200] {logging_mixin.py:137} INFO - [2023-03-26T21:50:26.768+0200] {dag.py:3440} INFO - Setting next_dagrun for latest_only to 2023-03-26T15:50:26.768328+00:00, run_after=2023-03-26T19:50:26.768328+00:00
[2023-03-26T21:50:26.874+0200] {processor.py:175} INFO - Processing /home/humbulani/miniconda3/envs/apache-airflow/lib/python3.8/site-packages/airflow/example_dags/example_latest_only.py took 0.158 seconds
[2023-03-26T21:51:13.043+0200] {processor.py:153} INFO - Started process (PID=17127) to work on /home/humbulani/miniconda3/envs/apache-airflow/lib/python3.8/site-packages/airflow/example_dags/example_latest_only.py
[2023-03-26T21:51:13.051+0200] {processor.py:743} INFO - Processing file /home/humbulani/miniconda3/envs/apache-airflow/lib/python3.8/site-packages/airflow/example_dags/example_latest_only.py for tasks to queue
[2023-03-26T21:51:13.051+0200] {logging_mixin.py:137} INFO - [2023-03-26T21:51:13.051+0200] {dagbag.py:532} INFO - Filling up the DagBag from /home/humbulani/miniconda3/envs/apache-airflow/lib/python3.8/site-packages/airflow/example_dags/example_latest_only.py
[2023-03-26T21:51:13.065+0200] {processor.py:753} INFO - DAG(s) dict_keys(['latest_only']) retrieved from /home/humbulani/miniconda3/envs/apache-airflow/lib/python3.8/site-packages/airflow/example_dags/example_latest_only.py
[2023-03-26T21:51:13.082+0200] {logging_mixin.py:137} INFO - [2023-03-26T21:51:13.082+0200] {dag.py:2693} INFO - Sync 1 DAGs
[2023-03-26T21:51:13.099+0200] {logging_mixin.py:137} INFO - [2023-03-26T21:51:13.099+0200] {dag.py:3440} INFO - Setting next_dagrun for latest_only to 2023-03-26T15:51:13.099053+00:00, run_after=2023-03-26T19:51:13.099053+00:00
[2023-03-26T21:51:13.176+0200] {processor.py:175} INFO - Processing /home/humbulani/miniconda3/envs/apache-airflow/lib/python3.8/site-packages/airflow/example_dags/example_latest_only.py took 0.136 seconds
[2023-03-26T21:51:57.415+0200] {processor.py:153} INFO - Started process (PID=17170) to work on /home/humbulani/miniconda3/envs/apache-airflow/lib/python3.8/site-packages/airflow/example_dags/example_latest_only.py
[2023-03-26T21:51:57.416+0200] {processor.py:743} INFO - Processing file /home/humbulani/miniconda3/envs/apache-airflow/lib/python3.8/site-packages/airflow/example_dags/example_latest_only.py for tasks to queue
[2023-03-26T21:51:57.416+0200] {logging_mixin.py:137} INFO - [2023-03-26T21:51:57.416+0200] {dagbag.py:532} INFO - Filling up the DagBag from /home/humbulani/miniconda3/envs/apache-airflow/lib/python3.8/site-packages/airflow/example_dags/example_latest_only.py
[2023-03-26T21:51:57.431+0200] {processor.py:753} INFO - DAG(s) dict_keys(['latest_only']) retrieved from /home/humbulani/miniconda3/envs/apache-airflow/lib/python3.8/site-packages/airflow/example_dags/example_latest_only.py
[2023-03-26T21:51:57.447+0200] {logging_mixin.py:137} INFO - [2023-03-26T21:51:57.447+0200] {dag.py:2693} INFO - Sync 1 DAGs
[2023-03-26T21:51:57.464+0200] {logging_mixin.py:137} INFO - [2023-03-26T21:51:57.464+0200] {dag.py:3440} INFO - Setting next_dagrun for latest_only to 2023-03-26T15:51:57.464034+00:00, run_after=2023-03-26T19:51:57.464034+00:00
[2023-03-26T21:51:57.582+0200] {processor.py:175} INFO - Processing /home/humbulani/miniconda3/envs/apache-airflow/lib/python3.8/site-packages/airflow/example_dags/example_latest_only.py took 0.170 seconds
[2023-03-26T21:52:45.759+0200] {processor.py:153} INFO - Started process (PID=17215) to work on /home/humbulani/miniconda3/envs/apache-airflow/lib/python3.8/site-packages/airflow/example_dags/example_latest_only.py
[2023-03-26T21:52:45.772+0200] {processor.py:743} INFO - Processing file /home/humbulani/miniconda3/envs/apache-airflow/lib/python3.8/site-packages/airflow/example_dags/example_latest_only.py for tasks to queue
[2023-03-26T21:52:45.773+0200] {logging_mixin.py:137} INFO - [2023-03-26T21:52:45.773+0200] {dagbag.py:532} INFO - Filling up the DagBag from /home/humbulani/miniconda3/envs/apache-airflow/lib/python3.8/site-packages/airflow/example_dags/example_latest_only.py
[2023-03-26T21:52:45.788+0200] {processor.py:753} INFO - DAG(s) dict_keys(['latest_only']) retrieved from /home/humbulani/miniconda3/envs/apache-airflow/lib/python3.8/site-packages/airflow/example_dags/example_latest_only.py
[2023-03-26T21:52:45.804+0200] {logging_mixin.py:137} INFO - [2023-03-26T21:52:45.804+0200] {dag.py:2693} INFO - Sync 1 DAGs
[2023-03-26T21:52:45.822+0200] {logging_mixin.py:137} INFO - [2023-03-26T21:52:45.822+0200] {dag.py:3440} INFO - Setting next_dagrun for latest_only to 2023-03-26T15:52:45.822045+00:00, run_after=2023-03-26T19:52:45.822045+00:00
[2023-03-26T21:52:45.973+0200] {processor.py:175} INFO - Processing /home/humbulani/miniconda3/envs/apache-airflow/lib/python3.8/site-packages/airflow/example_dags/example_latest_only.py took 0.217 seconds
[2023-03-26T21:53:36.064+0200] {processor.py:153} INFO - Started process (PID=17268) to work on /home/humbulani/miniconda3/envs/apache-airflow/lib/python3.8/site-packages/airflow/example_dags/example_latest_only.py
[2023-03-26T21:53:36.075+0200] {processor.py:743} INFO - Processing file /home/humbulani/miniconda3/envs/apache-airflow/lib/python3.8/site-packages/airflow/example_dags/example_latest_only.py for tasks to queue
[2023-03-26T21:53:36.076+0200] {logging_mixin.py:137} INFO - [2023-03-26T21:53:36.076+0200] {dagbag.py:532} INFO - Filling up the DagBag from /home/humbulani/miniconda3/envs/apache-airflow/lib/python3.8/site-packages/airflow/example_dags/example_latest_only.py
[2023-03-26T21:53:36.087+0200] {processor.py:753} INFO - DAG(s) dict_keys(['latest_only']) retrieved from /home/humbulani/miniconda3/envs/apache-airflow/lib/python3.8/site-packages/airflow/example_dags/example_latest_only.py
[2023-03-26T21:53:36.103+0200] {logging_mixin.py:137} INFO - [2023-03-26T21:53:36.103+0200] {dag.py:2693} INFO - Sync 1 DAGs
[2023-03-26T21:53:36.200+0200] {logging_mixin.py:137} INFO - [2023-03-26T21:53:36.200+0200] {dag.py:3440} INFO - Setting next_dagrun for latest_only to 2023-03-26T15:53:36.200292+00:00, run_after=2023-03-26T19:53:36.200292+00:00
[2023-03-26T21:53:36.285+0200] {processor.py:175} INFO - Processing /home/humbulani/miniconda3/envs/apache-airflow/lib/python3.8/site-packages/airflow/example_dags/example_latest_only.py took 0.223 seconds
[2023-03-26T21:54:25.731+0200] {processor.py:153} INFO - Started process (PID=17315) to work on /home/humbulani/miniconda3/envs/apache-airflow/lib/python3.8/site-packages/airflow/example_dags/example_latest_only.py
[2023-03-26T21:54:25.762+0200] {processor.py:743} INFO - Processing file /home/humbulani/miniconda3/envs/apache-airflow/lib/python3.8/site-packages/airflow/example_dags/example_latest_only.py for tasks to queue
[2023-03-26T21:54:25.763+0200] {logging_mixin.py:137} INFO - [2023-03-26T21:54:25.763+0200] {dagbag.py:532} INFO - Filling up the DagBag from /home/humbulani/miniconda3/envs/apache-airflow/lib/python3.8/site-packages/airflow/example_dags/example_latest_only.py
[2023-03-26T21:54:25.777+0200] {processor.py:753} INFO - DAG(s) dict_keys(['latest_only']) retrieved from /home/humbulani/miniconda3/envs/apache-airflow/lib/python3.8/site-packages/airflow/example_dags/example_latest_only.py
[2023-03-26T21:54:25.875+0200] {logging_mixin.py:137} INFO - [2023-03-26T21:54:25.875+0200] {dag.py:2693} INFO - Sync 1 DAGs
[2023-03-26T21:54:25.891+0200] {logging_mixin.py:137} INFO - [2023-03-26T21:54:25.890+0200] {dag.py:3440} INFO - Setting next_dagrun for latest_only to 2023-03-26T15:54:25.890822+00:00, run_after=2023-03-26T19:54:25.890822+00:00
[2023-03-26T21:54:25.980+0200] {processor.py:175} INFO - Processing /home/humbulani/miniconda3/envs/apache-airflow/lib/python3.8/site-packages/airflow/example_dags/example_latest_only.py took 0.251 seconds
[2023-03-26T21:55:14.769+0200] {processor.py:153} INFO - Started process (PID=17359) to work on /home/humbulani/miniconda3/envs/apache-airflow/lib/python3.8/site-packages/airflow/example_dags/example_latest_only.py
[2023-03-26T21:55:14.782+0200] {processor.py:743} INFO - Processing file /home/humbulani/miniconda3/envs/apache-airflow/lib/python3.8/site-packages/airflow/example_dags/example_latest_only.py for tasks to queue
[2023-03-26T21:55:14.783+0200] {logging_mixin.py:137} INFO - [2023-03-26T21:55:14.783+0200] {dagbag.py:532} INFO - Filling up the DagBag from /home/humbulani/miniconda3/envs/apache-airflow/lib/python3.8/site-packages/airflow/example_dags/example_latest_only.py
[2023-03-26T21:55:14.797+0200] {processor.py:753} INFO - DAG(s) dict_keys(['latest_only']) retrieved from /home/humbulani/miniconda3/envs/apache-airflow/lib/python3.8/site-packages/airflow/example_dags/example_latest_only.py
[2023-03-26T21:55:14.911+0200] {logging_mixin.py:137} INFO - [2023-03-26T21:55:14.910+0200] {dag.py:2693} INFO - Sync 1 DAGs
[2023-03-26T21:55:14.932+0200] {logging_mixin.py:137} INFO - [2023-03-26T21:55:14.932+0200] {dag.py:3440} INFO - Setting next_dagrun for latest_only to 2023-03-26T15:55:14.931884+00:00, run_after=2023-03-26T19:55:14.931884+00:00
[2023-03-26T21:55:15.011+0200] {processor.py:175} INFO - Processing /home/humbulani/miniconda3/envs/apache-airflow/lib/python3.8/site-packages/airflow/example_dags/example_latest_only.py took 0.247 seconds
[2023-03-26T21:56:04.653+0200] {processor.py:153} INFO - Started process (PID=17461) to work on /home/humbulani/miniconda3/envs/apache-airflow/lib/python3.8/site-packages/airflow/example_dags/example_latest_only.py
[2023-03-26T21:56:04.653+0200] {processor.py:743} INFO - Processing file /home/humbulani/miniconda3/envs/apache-airflow/lib/python3.8/site-packages/airflow/example_dags/example_latest_only.py for tasks to queue
[2023-03-26T21:56:04.654+0200] {logging_mixin.py:137} INFO - [2023-03-26T21:56:04.654+0200] {dagbag.py:532} INFO - Filling up the DagBag from /home/humbulani/miniconda3/envs/apache-airflow/lib/python3.8/site-packages/airflow/example_dags/example_latest_only.py
[2023-03-26T21:56:04.746+0200] {processor.py:753} INFO - DAG(s) dict_keys(['latest_only']) retrieved from /home/humbulani/miniconda3/envs/apache-airflow/lib/python3.8/site-packages/airflow/example_dags/example_latest_only.py
[2023-03-26T21:56:04.759+0200] {logging_mixin.py:137} INFO - [2023-03-26T21:56:04.759+0200] {dag.py:2693} INFO - Sync 1 DAGs
[2023-03-26T21:56:04.775+0200] {logging_mixin.py:137} INFO - [2023-03-26T21:56:04.774+0200] {dag.py:3440} INFO - Setting next_dagrun for latest_only to 2023-03-26T15:56:04.774683+00:00, run_after=2023-03-26T19:56:04.774683+00:00
[2023-03-26T21:56:04.853+0200] {processor.py:175} INFO - Processing /home/humbulani/miniconda3/envs/apache-airflow/lib/python3.8/site-packages/airflow/example_dags/example_latest_only.py took 0.203 seconds
[2023-03-26T21:56:50.475+0200] {processor.py:153} INFO - Started process (PID=17503) to work on /home/humbulani/miniconda3/envs/apache-airflow/lib/python3.8/site-packages/airflow/example_dags/example_latest_only.py
[2023-03-26T21:56:50.505+0200] {processor.py:743} INFO - Processing file /home/humbulani/miniconda3/envs/apache-airflow/lib/python3.8/site-packages/airflow/example_dags/example_latest_only.py for tasks to queue
[2023-03-26T21:56:50.506+0200] {logging_mixin.py:137} INFO - [2023-03-26T21:56:50.506+0200] {dagbag.py:532} INFO - Filling up the DagBag from /home/humbulani/miniconda3/envs/apache-airflow/lib/python3.8/site-packages/airflow/example_dags/example_latest_only.py
[2023-03-26T21:56:50.519+0200] {processor.py:753} INFO - DAG(s) dict_keys(['latest_only']) retrieved from /home/humbulani/miniconda3/envs/apache-airflow/lib/python3.8/site-packages/airflow/example_dags/example_latest_only.py
[2023-03-26T21:56:50.539+0200] {logging_mixin.py:137} INFO - [2023-03-26T21:56:50.539+0200] {dag.py:2693} INFO - Sync 1 DAGs
[2023-03-26T21:56:50.558+0200] {logging_mixin.py:137} INFO - [2023-03-26T21:56:50.558+0200] {dag.py:3440} INFO - Setting next_dagrun for latest_only to 2023-03-26T15:56:50.558529+00:00, run_after=2023-03-26T19:56:50.558529+00:00
[2023-03-26T21:56:50.635+0200] {processor.py:175} INFO - Processing /home/humbulani/miniconda3/envs/apache-airflow/lib/python3.8/site-packages/airflow/example_dags/example_latest_only.py took 0.162 seconds
[2023-03-26T21:57:34.143+0200] {processor.py:153} INFO - Started process (PID=17614) to work on /home/humbulani/miniconda3/envs/apache-airflow/lib/python3.8/site-packages/airflow/example_dags/example_latest_only.py
[2023-03-26T21:57:34.157+0200] {processor.py:743} INFO - Processing file /home/humbulani/miniconda3/envs/apache-airflow/lib/python3.8/site-packages/airflow/example_dags/example_latest_only.py for tasks to queue
[2023-03-26T21:57:34.158+0200] {logging_mixin.py:137} INFO - [2023-03-26T21:57:34.157+0200] {dagbag.py:532} INFO - Filling up the DagBag from /home/humbulani/miniconda3/envs/apache-airflow/lib/python3.8/site-packages/airflow/example_dags/example_latest_only.py
[2023-03-26T21:57:34.169+0200] {processor.py:753} INFO - DAG(s) dict_keys(['latest_only']) retrieved from /home/humbulani/miniconda3/envs/apache-airflow/lib/python3.8/site-packages/airflow/example_dags/example_latest_only.py
[2023-03-26T21:57:34.184+0200] {logging_mixin.py:137} INFO - [2023-03-26T21:57:34.184+0200] {dag.py:2693} INFO - Sync 1 DAGs
[2023-03-26T21:57:34.202+0200] {logging_mixin.py:137} INFO - [2023-03-26T21:57:34.202+0200] {dag.py:3440} INFO - Setting next_dagrun for latest_only to 2023-03-26T15:57:34.202030+00:00, run_after=2023-03-26T19:57:34.202030+00:00
[2023-03-26T21:57:34.285+0200] {processor.py:175} INFO - Processing /home/humbulani/miniconda3/envs/apache-airflow/lib/python3.8/site-packages/airflow/example_dags/example_latest_only.py took 0.144 seconds
[2023-03-26T21:58:20.570+0200] {processor.py:153} INFO - Started process (PID=17856) to work on /home/humbulani/miniconda3/envs/apache-airflow/lib/python3.8/site-packages/airflow/example_dags/example_latest_only.py
[2023-03-26T21:58:20.585+0200] {processor.py:743} INFO - Processing file /home/humbulani/miniconda3/envs/apache-airflow/lib/python3.8/site-packages/airflow/example_dags/example_latest_only.py for tasks to queue
[2023-03-26T21:58:20.586+0200] {logging_mixin.py:137} INFO - [2023-03-26T21:58:20.586+0200] {dagbag.py:532} INFO - Filling up the DagBag from /home/humbulani/miniconda3/envs/apache-airflow/lib/python3.8/site-packages/airflow/example_dags/example_latest_only.py
[2023-03-26T21:58:20.597+0200] {processor.py:753} INFO - DAG(s) dict_keys(['latest_only']) retrieved from /home/humbulani/miniconda3/envs/apache-airflow/lib/python3.8/site-packages/airflow/example_dags/example_latest_only.py
[2023-03-26T21:58:20.613+0200] {logging_mixin.py:137} INFO - [2023-03-26T21:58:20.612+0200] {dag.py:2693} INFO - Sync 1 DAGs
[2023-03-26T21:58:20.630+0200] {logging_mixin.py:137} INFO - [2023-03-26T21:58:20.630+0200] {dag.py:3440} INFO - Setting next_dagrun for latest_only to 2023-03-26T15:58:20.630224+00:00, run_after=2023-03-26T19:58:20.630224+00:00
[2023-03-26T21:58:20.713+0200] {processor.py:175} INFO - Processing /home/humbulani/miniconda3/envs/apache-airflow/lib/python3.8/site-packages/airflow/example_dags/example_latest_only.py took 0.146 seconds
[2023-03-26T21:59:06.728+0200] {processor.py:153} INFO - Started process (PID=17914) to work on /home/humbulani/miniconda3/envs/apache-airflow/lib/python3.8/site-packages/airflow/example_dags/example_latest_only.py
[2023-03-26T21:59:06.747+0200] {processor.py:743} INFO - Processing file /home/humbulani/miniconda3/envs/apache-airflow/lib/python3.8/site-packages/airflow/example_dags/example_latest_only.py for tasks to queue
[2023-03-26T21:59:06.748+0200] {logging_mixin.py:137} INFO - [2023-03-26T21:59:06.747+0200] {dagbag.py:532} INFO - Filling up the DagBag from /home/humbulani/miniconda3/envs/apache-airflow/lib/python3.8/site-packages/airflow/example_dags/example_latest_only.py
[2023-03-26T21:59:06.759+0200] {processor.py:753} INFO - DAG(s) dict_keys(['latest_only']) retrieved from /home/humbulani/miniconda3/envs/apache-airflow/lib/python3.8/site-packages/airflow/example_dags/example_latest_only.py
[2023-03-26T21:59:06.775+0200] {logging_mixin.py:137} INFO - [2023-03-26T21:59:06.775+0200] {dag.py:2693} INFO - Sync 1 DAGs
[2023-03-26T21:59:06.794+0200] {logging_mixin.py:137} INFO - [2023-03-26T21:59:06.794+0200] {dag.py:3440} INFO - Setting next_dagrun for latest_only to 2023-03-26T15:59:06.794546+00:00, run_after=2023-03-26T19:59:06.794546+00:00
[2023-03-26T21:59:06.884+0200] {processor.py:175} INFO - Processing /home/humbulani/miniconda3/envs/apache-airflow/lib/python3.8/site-packages/airflow/example_dags/example_latest_only.py took 0.159 seconds
[2023-03-26T21:59:55.075+0200] {processor.py:153} INFO - Started process (PID=18131) to work on /home/humbulani/miniconda3/envs/apache-airflow/lib/python3.8/site-packages/airflow/example_dags/example_latest_only.py
[2023-03-26T21:59:55.150+0200] {processor.py:743} INFO - Processing file /home/humbulani/miniconda3/envs/apache-airflow/lib/python3.8/site-packages/airflow/example_dags/example_latest_only.py for tasks to queue
[2023-03-26T21:59:55.151+0200] {logging_mixin.py:137} INFO - [2023-03-26T21:59:55.151+0200] {dagbag.py:532} INFO - Filling up the DagBag from /home/humbulani/miniconda3/envs/apache-airflow/lib/python3.8/site-packages/airflow/example_dags/example_latest_only.py
[2023-03-26T21:59:55.166+0200] {processor.py:753} INFO - DAG(s) dict_keys(['latest_only']) retrieved from /home/humbulani/miniconda3/envs/apache-airflow/lib/python3.8/site-packages/airflow/example_dags/example_latest_only.py
[2023-03-26T21:59:55.186+0200] {logging_mixin.py:137} INFO - [2023-03-26T21:59:55.186+0200] {dag.py:2693} INFO - Sync 1 DAGs
[2023-03-26T21:59:55.208+0200] {logging_mixin.py:137} INFO - [2023-03-26T21:59:55.208+0200] {dag.py:3440} INFO - Setting next_dagrun for latest_only to 2023-03-26T15:59:55.207889+00:00, run_after=2023-03-26T19:59:55.207889+00:00
[2023-03-26T21:59:55.299+0200] {processor.py:175} INFO - Processing /home/humbulani/miniconda3/envs/apache-airflow/lib/python3.8/site-packages/airflow/example_dags/example_latest_only.py took 0.227 seconds
[2023-03-26T22:00:41.202+0200] {processor.py:153} INFO - Started process (PID=18210) to work on /home/humbulani/miniconda3/envs/apache-airflow/lib/python3.8/site-packages/airflow/example_dags/example_latest_only.py
[2023-03-26T22:00:41.211+0200] {processor.py:743} INFO - Processing file /home/humbulani/miniconda3/envs/apache-airflow/lib/python3.8/site-packages/airflow/example_dags/example_latest_only.py for tasks to queue
[2023-03-26T22:00:41.213+0200] {logging_mixin.py:137} INFO - [2023-03-26T22:00:41.213+0200] {dagbag.py:532} INFO - Filling up the DagBag from /home/humbulani/miniconda3/envs/apache-airflow/lib/python3.8/site-packages/airflow/example_dags/example_latest_only.py
[2023-03-26T22:00:41.224+0200] {processor.py:753} INFO - DAG(s) dict_keys(['latest_only']) retrieved from /home/humbulani/miniconda3/envs/apache-airflow/lib/python3.8/site-packages/airflow/example_dags/example_latest_only.py
[2023-03-26T22:00:41.241+0200] {logging_mixin.py:137} INFO - [2023-03-26T22:00:41.241+0200] {dag.py:2693} INFO - Sync 1 DAGs
[2023-03-26T22:00:41.260+0200] {logging_mixin.py:137} INFO - [2023-03-26T22:00:41.260+0200] {dag.py:3440} INFO - Setting next_dagrun for latest_only to 2023-03-26T16:00:41.260339+00:00, run_after=2023-03-26T20:00:41.260339+00:00
[2023-03-26T22:00:41.348+0200] {processor.py:175} INFO - Processing /home/humbulani/miniconda3/envs/apache-airflow/lib/python3.8/site-packages/airflow/example_dags/example_latest_only.py took 0.148 seconds
[2023-03-26T22:01:26.519+0200] {processor.py:153} INFO - Started process (PID=18277) to work on /home/humbulani/miniconda3/envs/apache-airflow/lib/python3.8/site-packages/airflow/example_dags/example_latest_only.py
[2023-03-26T22:01:26.531+0200] {processor.py:743} INFO - Processing file /home/humbulani/miniconda3/envs/apache-airflow/lib/python3.8/site-packages/airflow/example_dags/example_latest_only.py for tasks to queue
[2023-03-26T22:01:26.532+0200] {logging_mixin.py:137} INFO - [2023-03-26T22:01:26.532+0200] {dagbag.py:532} INFO - Filling up the DagBag from /home/humbulani/miniconda3/envs/apache-airflow/lib/python3.8/site-packages/airflow/example_dags/example_latest_only.py
[2023-03-26T22:01:26.543+0200] {processor.py:753} INFO - DAG(s) dict_keys(['latest_only']) retrieved from /home/humbulani/miniconda3/envs/apache-airflow/lib/python3.8/site-packages/airflow/example_dags/example_latest_only.py
[2023-03-26T22:01:26.559+0200] {logging_mixin.py:137} INFO - [2023-03-26T22:01:26.559+0200] {dag.py:2693} INFO - Sync 1 DAGs
[2023-03-26T22:01:26.577+0200] {logging_mixin.py:137} INFO - [2023-03-26T22:01:26.577+0200] {dag.py:3440} INFO - Setting next_dagrun for latest_only to 2023-03-26T16:01:26.576972+00:00, run_after=2023-03-26T20:01:26.576972+00:00
[2023-03-26T22:01:26.651+0200] {processor.py:175} INFO - Processing /home/humbulani/miniconda3/envs/apache-airflow/lib/python3.8/site-packages/airflow/example_dags/example_latest_only.py took 0.134 seconds
[2023-03-26T22:02:15.144+0200] {processor.py:153} INFO - Started process (PID=18524) to work on /home/humbulani/miniconda3/envs/apache-airflow/lib/python3.8/site-packages/airflow/example_dags/example_latest_only.py
[2023-03-26T22:02:15.145+0200] {processor.py:743} INFO - Processing file /home/humbulani/miniconda3/envs/apache-airflow/lib/python3.8/site-packages/airflow/example_dags/example_latest_only.py for tasks to queue
[2023-03-26T22:02:15.146+0200] {logging_mixin.py:137} INFO - [2023-03-26T22:02:15.146+0200] {dagbag.py:532} INFO - Filling up the DagBag from /home/humbulani/miniconda3/envs/apache-airflow/lib/python3.8/site-packages/airflow/example_dags/example_latest_only.py
[2023-03-26T22:02:15.161+0200] {processor.py:753} INFO - DAG(s) dict_keys(['latest_only']) retrieved from /home/humbulani/miniconda3/envs/apache-airflow/lib/python3.8/site-packages/airflow/example_dags/example_latest_only.py
[2023-03-26T22:02:15.177+0200] {logging_mixin.py:137} INFO - [2023-03-26T22:02:15.177+0200] {dag.py:2693} INFO - Sync 1 DAGs
[2023-03-26T22:02:15.194+0200] {logging_mixin.py:137} INFO - [2023-03-26T22:02:15.194+0200] {dag.py:3440} INFO - Setting next_dagrun for latest_only to 2023-03-26T16:02:15.194051+00:00, run_after=2023-03-26T20:02:15.194051+00:00
[2023-03-26T22:02:15.281+0200] {processor.py:175} INFO - Processing /home/humbulani/miniconda3/envs/apache-airflow/lib/python3.8/site-packages/airflow/example_dags/example_latest_only.py took 0.139 seconds
[2023-03-26T22:03:02.306+0200] {processor.py:153} INFO - Started process (PID=18579) to work on /home/humbulani/miniconda3/envs/apache-airflow/lib/python3.8/site-packages/airflow/example_dags/example_latest_only.py
[2023-03-26T22:03:02.307+0200] {processor.py:743} INFO - Processing file /home/humbulani/miniconda3/envs/apache-airflow/lib/python3.8/site-packages/airflow/example_dags/example_latest_only.py for tasks to queue
[2023-03-26T22:03:02.308+0200] {logging_mixin.py:137} INFO - [2023-03-26T22:03:02.307+0200] {dagbag.py:532} INFO - Filling up the DagBag from /home/humbulani/miniconda3/envs/apache-airflow/lib/python3.8/site-packages/airflow/example_dags/example_latest_only.py
[2023-03-26T22:03:02.319+0200] {processor.py:753} INFO - DAG(s) dict_keys(['latest_only']) retrieved from /home/humbulani/miniconda3/envs/apache-airflow/lib/python3.8/site-packages/airflow/example_dags/example_latest_only.py
[2023-03-26T22:03:02.336+0200] {logging_mixin.py:137} INFO - [2023-03-26T22:03:02.336+0200] {dag.py:2693} INFO - Sync 1 DAGs
[2023-03-26T22:03:02.353+0200] {logging_mixin.py:137} INFO - [2023-03-26T22:03:02.353+0200] {dag.py:3440} INFO - Setting next_dagrun for latest_only to 2023-03-26T16:03:02.353074+00:00, run_after=2023-03-26T20:03:02.353074+00:00
[2023-03-26T22:03:02.458+0200] {processor.py:175} INFO - Processing /home/humbulani/miniconda3/envs/apache-airflow/lib/python3.8/site-packages/airflow/example_dags/example_latest_only.py took 0.154 seconds
[2023-03-26T22:03:46.406+0200] {processor.py:153} INFO - Started process (PID=18649) to work on /home/humbulani/miniconda3/envs/apache-airflow/lib/python3.8/site-packages/airflow/example_dags/example_latest_only.py
[2023-03-26T22:03:46.412+0200] {processor.py:743} INFO - Processing file /home/humbulani/miniconda3/envs/apache-airflow/lib/python3.8/site-packages/airflow/example_dags/example_latest_only.py for tasks to queue
[2023-03-26T22:03:46.413+0200] {logging_mixin.py:137} INFO - [2023-03-26T22:03:46.412+0200] {dagbag.py:532} INFO - Filling up the DagBag from /home/humbulani/miniconda3/envs/apache-airflow/lib/python3.8/site-packages/airflow/example_dags/example_latest_only.py
[2023-03-26T22:03:46.425+0200] {processor.py:753} INFO - DAG(s) dict_keys(['latest_only']) retrieved from /home/humbulani/miniconda3/envs/apache-airflow/lib/python3.8/site-packages/airflow/example_dags/example_latest_only.py
[2023-03-26T22:03:46.440+0200] {logging_mixin.py:137} INFO - [2023-03-26T22:03:46.440+0200] {dag.py:2693} INFO - Sync 1 DAGs
[2023-03-26T22:03:46.458+0200] {logging_mixin.py:137} INFO - [2023-03-26T22:03:46.458+0200] {dag.py:3440} INFO - Setting next_dagrun for latest_only to 2023-03-26T16:03:46.458631+00:00, run_after=2023-03-26T20:03:46.458631+00:00
[2023-03-26T22:03:46.546+0200] {processor.py:175} INFO - Processing /home/humbulani/miniconda3/envs/apache-airflow/lib/python3.8/site-packages/airflow/example_dags/example_latest_only.py took 0.141 seconds
[2023-03-26T22:04:31.504+0200] {processor.py:153} INFO - Started process (PID=18703) to work on /home/humbulani/miniconda3/envs/apache-airflow/lib/python3.8/site-packages/airflow/example_dags/example_latest_only.py
[2023-03-26T22:04:31.524+0200] {processor.py:743} INFO - Processing file /home/humbulani/miniconda3/envs/apache-airflow/lib/python3.8/site-packages/airflow/example_dags/example_latest_only.py for tasks to queue
[2023-03-26T22:04:31.525+0200] {logging_mixin.py:137} INFO - [2023-03-26T22:04:31.525+0200] {dagbag.py:532} INFO - Filling up the DagBag from /home/humbulani/miniconda3/envs/apache-airflow/lib/python3.8/site-packages/airflow/example_dags/example_latest_only.py
[2023-03-26T22:04:31.539+0200] {processor.py:753} INFO - DAG(s) dict_keys(['latest_only']) retrieved from /home/humbulani/miniconda3/envs/apache-airflow/lib/python3.8/site-packages/airflow/example_dags/example_latest_only.py
[2023-03-26T22:04:31.556+0200] {logging_mixin.py:137} INFO - [2023-03-26T22:04:31.556+0200] {dag.py:2693} INFO - Sync 1 DAGs
[2023-03-26T22:04:31.574+0200] {logging_mixin.py:137} INFO - [2023-03-26T22:04:31.574+0200] {dag.py:3440} INFO - Setting next_dagrun for latest_only to 2023-03-26T16:04:31.574083+00:00, run_after=2023-03-26T20:04:31.574083+00:00
[2023-03-26T22:04:31.656+0200] {processor.py:175} INFO - Processing /home/humbulani/miniconda3/envs/apache-airflow/lib/python3.8/site-packages/airflow/example_dags/example_latest_only.py took 0.155 seconds
[2023-03-26T22:05:17.417+0200] {processor.py:153} INFO - Started process (PID=18754) to work on /home/humbulani/miniconda3/envs/apache-airflow/lib/python3.8/site-packages/airflow/example_dags/example_latest_only.py
[2023-03-26T22:05:17.427+0200] {processor.py:743} INFO - Processing file /home/humbulani/miniconda3/envs/apache-airflow/lib/python3.8/site-packages/airflow/example_dags/example_latest_only.py for tasks to queue
[2023-03-26T22:05:17.428+0200] {logging_mixin.py:137} INFO - [2023-03-26T22:05:17.428+0200] {dagbag.py:532} INFO - Filling up the DagBag from /home/humbulani/miniconda3/envs/apache-airflow/lib/python3.8/site-packages/airflow/example_dags/example_latest_only.py
[2023-03-26T22:05:17.442+0200] {processor.py:753} INFO - DAG(s) dict_keys(['latest_only']) retrieved from /home/humbulani/miniconda3/envs/apache-airflow/lib/python3.8/site-packages/airflow/example_dags/example_latest_only.py
[2023-03-26T22:05:17.458+0200] {logging_mixin.py:137} INFO - [2023-03-26T22:05:17.458+0200] {dag.py:2693} INFO - Sync 1 DAGs
[2023-03-26T22:05:17.476+0200] {logging_mixin.py:137} INFO - [2023-03-26T22:05:17.476+0200] {dag.py:3440} INFO - Setting next_dagrun for latest_only to 2023-03-26T16:05:17.476466+00:00, run_after=2023-03-26T20:05:17.476466+00:00
[2023-03-26T22:05:17.559+0200] {processor.py:175} INFO - Processing /home/humbulani/miniconda3/envs/apache-airflow/lib/python3.8/site-packages/airflow/example_dags/example_latest_only.py took 0.145 seconds
[2023-03-26T22:06:00.283+0200] {processor.py:153} INFO - Started process (PID=18806) to work on /home/humbulani/miniconda3/envs/apache-airflow/lib/python3.8/site-packages/airflow/example_dags/example_latest_only.py
[2023-03-26T22:06:00.296+0200] {processor.py:743} INFO - Processing file /home/humbulani/miniconda3/envs/apache-airflow/lib/python3.8/site-packages/airflow/example_dags/example_latest_only.py for tasks to queue
[2023-03-26T22:06:00.297+0200] {logging_mixin.py:137} INFO - [2023-03-26T22:06:00.297+0200] {dagbag.py:532} INFO - Filling up the DagBag from /home/humbulani/miniconda3/envs/apache-airflow/lib/python3.8/site-packages/airflow/example_dags/example_latest_only.py
[2023-03-26T22:06:00.312+0200] {processor.py:753} INFO - DAG(s) dict_keys(['latest_only']) retrieved from /home/humbulani/miniconda3/envs/apache-airflow/lib/python3.8/site-packages/airflow/example_dags/example_latest_only.py
[2023-03-26T22:06:00.331+0200] {logging_mixin.py:137} INFO - [2023-03-26T22:06:00.331+0200] {dag.py:2693} INFO - Sync 1 DAGs
[2023-03-26T22:06:00.349+0200] {logging_mixin.py:137} INFO - [2023-03-26T22:06:00.348+0200] {dag.py:3440} INFO - Setting next_dagrun for latest_only to 2023-03-26T16:06:00.348749+00:00, run_after=2023-03-26T20:06:00.348749+00:00
[2023-03-26T22:06:00.503+0200] {processor.py:175} INFO - Processing /home/humbulani/miniconda3/envs/apache-airflow/lib/python3.8/site-packages/airflow/example_dags/example_latest_only.py took 0.222 seconds
[2023-03-26T22:06:48.188+0200] {processor.py:153} INFO - Started process (PID=18879) to work on /home/humbulani/miniconda3/envs/apache-airflow/lib/python3.8/site-packages/airflow/example_dags/example_latest_only.py
[2023-03-26T22:06:48.261+0200] {processor.py:743} INFO - Processing file /home/humbulani/miniconda3/envs/apache-airflow/lib/python3.8/site-packages/airflow/example_dags/example_latest_only.py for tasks to queue
[2023-03-26T22:06:48.261+0200] {logging_mixin.py:137} INFO - [2023-03-26T22:06:48.261+0200] {dagbag.py:532} INFO - Filling up the DagBag from /home/humbulani/miniconda3/envs/apache-airflow/lib/python3.8/site-packages/airflow/example_dags/example_latest_only.py
[2023-03-26T22:06:48.276+0200] {processor.py:753} INFO - DAG(s) dict_keys(['latest_only']) retrieved from /home/humbulani/miniconda3/envs/apache-airflow/lib/python3.8/site-packages/airflow/example_dags/example_latest_only.py
[2023-03-26T22:06:48.296+0200] {logging_mixin.py:137} INFO - [2023-03-26T22:06:48.296+0200] {dag.py:2693} INFO - Sync 1 DAGs
[2023-03-26T22:06:48.313+0200] {logging_mixin.py:137} INFO - [2023-03-26T22:06:48.313+0200] {dag.py:3440} INFO - Setting next_dagrun for latest_only to 2023-03-26T16:06:48.313217+00:00, run_after=2023-03-26T20:06:48.313217+00:00
[2023-03-26T22:06:48.398+0200] {processor.py:175} INFO - Processing /home/humbulani/miniconda3/envs/apache-airflow/lib/python3.8/site-packages/airflow/example_dags/example_latest_only.py took 0.212 seconds
[2023-03-26T22:07:34.250+0200] {processor.py:153} INFO - Started process (PID=18994) to work on /home/humbulani/miniconda3/envs/apache-airflow/lib/python3.8/site-packages/airflow/example_dags/example_latest_only.py
[2023-03-26T22:07:34.251+0200] {processor.py:743} INFO - Processing file /home/humbulani/miniconda3/envs/apache-airflow/lib/python3.8/site-packages/airflow/example_dags/example_latest_only.py for tasks to queue
[2023-03-26T22:07:34.252+0200] {logging_mixin.py:137} INFO - [2023-03-26T22:07:34.252+0200] {dagbag.py:532} INFO - Filling up the DagBag from /home/humbulani/miniconda3/envs/apache-airflow/lib/python3.8/site-packages/airflow/example_dags/example_latest_only.py
[2023-03-26T22:07:34.263+0200] {processor.py:753} INFO - DAG(s) dict_keys(['latest_only']) retrieved from /home/humbulani/miniconda3/envs/apache-airflow/lib/python3.8/site-packages/airflow/example_dags/example_latest_only.py
[2023-03-26T22:07:34.279+0200] {logging_mixin.py:137} INFO - [2023-03-26T22:07:34.278+0200] {dag.py:2693} INFO - Sync 1 DAGs
[2023-03-26T22:07:34.296+0200] {logging_mixin.py:137} INFO - [2023-03-26T22:07:34.295+0200] {dag.py:3440} INFO - Setting next_dagrun for latest_only to 2023-03-26T16:07:34.295692+00:00, run_after=2023-03-26T20:07:34.295692+00:00
[2023-03-26T22:07:34.505+0200] {processor.py:175} INFO - Processing /home/humbulani/miniconda3/envs/apache-airflow/lib/python3.8/site-packages/airflow/example_dags/example_latest_only.py took 0.257 seconds
[2023-03-26T22:08:18.294+0200] {processor.py:153} INFO - Started process (PID=19043) to work on /home/humbulani/miniconda3/envs/apache-airflow/lib/python3.8/site-packages/airflow/example_dags/example_latest_only.py
[2023-03-26T22:08:18.299+0200] {processor.py:743} INFO - Processing file /home/humbulani/miniconda3/envs/apache-airflow/lib/python3.8/site-packages/airflow/example_dags/example_latest_only.py for tasks to queue
[2023-03-26T22:08:18.300+0200] {logging_mixin.py:137} INFO - [2023-03-26T22:08:18.300+0200] {dagbag.py:532} INFO - Filling up the DagBag from /home/humbulani/miniconda3/envs/apache-airflow/lib/python3.8/site-packages/airflow/example_dags/example_latest_only.py
[2023-03-26T22:08:18.311+0200] {processor.py:753} INFO - DAG(s) dict_keys(['latest_only']) retrieved from /home/humbulani/miniconda3/envs/apache-airflow/lib/python3.8/site-packages/airflow/example_dags/example_latest_only.py
[2023-03-26T22:08:18.327+0200] {logging_mixin.py:137} INFO - [2023-03-26T22:08:18.327+0200] {dag.py:2693} INFO - Sync 1 DAGs
[2023-03-26T22:08:18.344+0200] {logging_mixin.py:137} INFO - [2023-03-26T22:08:18.344+0200] {dag.py:3440} INFO - Setting next_dagrun for latest_only to 2023-03-26T16:08:18.344617+00:00, run_after=2023-03-26T20:08:18.344617+00:00
[2023-03-26T22:08:18.423+0200] {processor.py:175} INFO - Processing /home/humbulani/miniconda3/envs/apache-airflow/lib/python3.8/site-packages/airflow/example_dags/example_latest_only.py took 0.131 seconds
[2023-03-26T22:09:06.397+0200] {processor.py:153} INFO - Started process (PID=19125) to work on /home/humbulani/miniconda3/envs/apache-airflow/lib/python3.8/site-packages/airflow/example_dags/example_latest_only.py
[2023-03-26T22:09:06.413+0200] {processor.py:743} INFO - Processing file /home/humbulani/miniconda3/envs/apache-airflow/lib/python3.8/site-packages/airflow/example_dags/example_latest_only.py for tasks to queue
[2023-03-26T22:09:06.414+0200] {logging_mixin.py:137} INFO - [2023-03-26T22:09:06.414+0200] {dagbag.py:532} INFO - Filling up the DagBag from /home/humbulani/miniconda3/envs/apache-airflow/lib/python3.8/site-packages/airflow/example_dags/example_latest_only.py
[2023-03-26T22:09:06.426+0200] {processor.py:753} INFO - DAG(s) dict_keys(['latest_only']) retrieved from /home/humbulani/miniconda3/envs/apache-airflow/lib/python3.8/site-packages/airflow/example_dags/example_latest_only.py
[2023-03-26T22:09:06.442+0200] {logging_mixin.py:137} INFO - [2023-03-26T22:09:06.441+0200] {dag.py:2693} INFO - Sync 1 DAGs
[2023-03-26T22:09:06.460+0200] {logging_mixin.py:137} INFO - [2023-03-26T22:09:06.460+0200] {dag.py:3440} INFO - Setting next_dagrun for latest_only to 2023-03-26T16:09:06.459953+00:00, run_after=2023-03-26T20:09:06.459953+00:00
[2023-03-26T22:09:06.553+0200] {processor.py:175} INFO - Processing /home/humbulani/miniconda3/envs/apache-airflow/lib/python3.8/site-packages/airflow/example_dags/example_latest_only.py took 0.158 seconds
[2023-03-26T22:09:54.223+0200] {processor.py:153} INFO - Started process (PID=19168) to work on /home/humbulani/miniconda3/envs/apache-airflow/lib/python3.8/site-packages/airflow/example_dags/example_latest_only.py
[2023-03-26T22:09:54.236+0200] {processor.py:743} INFO - Processing file /home/humbulani/miniconda3/envs/apache-airflow/lib/python3.8/site-packages/airflow/example_dags/example_latest_only.py for tasks to queue
[2023-03-26T22:09:54.236+0200] {logging_mixin.py:137} INFO - [2023-03-26T22:09:54.236+0200] {dagbag.py:532} INFO - Filling up the DagBag from /home/humbulani/miniconda3/envs/apache-airflow/lib/python3.8/site-packages/airflow/example_dags/example_latest_only.py
[2023-03-26T22:09:54.249+0200] {processor.py:753} INFO - DAG(s) dict_keys(['latest_only']) retrieved from /home/humbulani/miniconda3/envs/apache-airflow/lib/python3.8/site-packages/airflow/example_dags/example_latest_only.py
[2023-03-26T22:09:54.265+0200] {logging_mixin.py:137} INFO - [2023-03-26T22:09:54.265+0200] {dag.py:2693} INFO - Sync 1 DAGs
[2023-03-26T22:09:54.283+0200] {logging_mixin.py:137} INFO - [2023-03-26T22:09:54.283+0200] {dag.py:3440} INFO - Setting next_dagrun for latest_only to 2023-03-26T16:09:54.283236+00:00, run_after=2023-03-26T20:09:54.283236+00:00
[2023-03-26T22:09:54.358+0200] {processor.py:175} INFO - Processing /home/humbulani/miniconda3/envs/apache-airflow/lib/python3.8/site-packages/airflow/example_dags/example_latest_only.py took 0.137 seconds
[2023-03-26T22:10:37.244+0200] {processor.py:153} INFO - Started process (PID=19286) to work on /home/humbulani/miniconda3/envs/apache-airflow/lib/python3.8/site-packages/airflow/example_dags/example_latest_only.py
[2023-03-26T22:10:37.251+0200] {processor.py:743} INFO - Processing file /home/humbulani/miniconda3/envs/apache-airflow/lib/python3.8/site-packages/airflow/example_dags/example_latest_only.py for tasks to queue
[2023-03-26T22:10:37.252+0200] {logging_mixin.py:137} INFO - [2023-03-26T22:10:37.252+0200] {dagbag.py:532} INFO - Filling up the DagBag from /home/humbulani/miniconda3/envs/apache-airflow/lib/python3.8/site-packages/airflow/example_dags/example_latest_only.py
[2023-03-26T22:10:37.265+0200] {processor.py:753} INFO - DAG(s) dict_keys(['latest_only']) retrieved from /home/humbulani/miniconda3/envs/apache-airflow/lib/python3.8/site-packages/airflow/example_dags/example_latest_only.py
[2023-03-26T22:10:37.287+0200] {logging_mixin.py:137} INFO - [2023-03-26T22:10:37.287+0200] {dag.py:2693} INFO - Sync 1 DAGs
[2023-03-26T22:10:37.305+0200] {logging_mixin.py:137} INFO - [2023-03-26T22:10:37.304+0200] {dag.py:3440} INFO - Setting next_dagrun for latest_only to 2023-03-26T16:10:37.304684+00:00, run_after=2023-03-26T20:10:37.304684+00:00
[2023-03-26T22:10:37.413+0200] {processor.py:175} INFO - Processing /home/humbulani/miniconda3/envs/apache-airflow/lib/python3.8/site-packages/airflow/example_dags/example_latest_only.py took 0.171 seconds
[2023-03-26T22:11:25.175+0200] {processor.py:153} INFO - Started process (PID=19341) to work on /home/humbulani/miniconda3/envs/apache-airflow/lib/python3.8/site-packages/airflow/example_dags/example_latest_only.py
[2023-03-26T22:11:25.198+0200] {processor.py:743} INFO - Processing file /home/humbulani/miniconda3/envs/apache-airflow/lib/python3.8/site-packages/airflow/example_dags/example_latest_only.py for tasks to queue
[2023-03-26T22:11:25.199+0200] {logging_mixin.py:137} INFO - [2023-03-26T22:11:25.199+0200] {dagbag.py:532} INFO - Filling up the DagBag from /home/humbulani/miniconda3/envs/apache-airflow/lib/python3.8/site-packages/airflow/example_dags/example_latest_only.py
[2023-03-26T22:11:25.211+0200] {processor.py:753} INFO - DAG(s) dict_keys(['latest_only']) retrieved from /home/humbulani/miniconda3/envs/apache-airflow/lib/python3.8/site-packages/airflow/example_dags/example_latest_only.py
[2023-03-26T22:11:25.228+0200] {logging_mixin.py:137} INFO - [2023-03-26T22:11:25.228+0200] {dag.py:2693} INFO - Sync 1 DAGs
[2023-03-26T22:11:25.245+0200] {logging_mixin.py:137} INFO - [2023-03-26T22:11:25.245+0200] {dag.py:3440} INFO - Setting next_dagrun for latest_only to 2023-03-26T16:11:25.245374+00:00, run_after=2023-03-26T20:11:25.245374+00:00
[2023-03-26T22:11:25.337+0200] {processor.py:175} INFO - Processing /home/humbulani/miniconda3/envs/apache-airflow/lib/python3.8/site-packages/airflow/example_dags/example_latest_only.py took 0.164 seconds
[2023-03-26T22:12:09.296+0200] {processor.py:153} INFO - Started process (PID=19386) to work on /home/humbulani/miniconda3/envs/apache-airflow/lib/python3.8/site-packages/airflow/example_dags/example_latest_only.py
[2023-03-26T22:12:09.313+0200] {processor.py:743} INFO - Processing file /home/humbulani/miniconda3/envs/apache-airflow/lib/python3.8/site-packages/airflow/example_dags/example_latest_only.py for tasks to queue
[2023-03-26T22:12:09.313+0200] {logging_mixin.py:137} INFO - [2023-03-26T22:12:09.313+0200] {dagbag.py:532} INFO - Filling up the DagBag from /home/humbulani/miniconda3/envs/apache-airflow/lib/python3.8/site-packages/airflow/example_dags/example_latest_only.py
[2023-03-26T22:12:09.329+0200] {processor.py:753} INFO - DAG(s) dict_keys(['latest_only']) retrieved from /home/humbulani/miniconda3/envs/apache-airflow/lib/python3.8/site-packages/airflow/example_dags/example_latest_only.py
[2023-03-26T22:12:09.349+0200] {logging_mixin.py:137} INFO - [2023-03-26T22:12:09.348+0200] {dag.py:2693} INFO - Sync 1 DAGs
[2023-03-26T22:12:09.366+0200] {logging_mixin.py:137} INFO - [2023-03-26T22:12:09.366+0200] {dag.py:3440} INFO - Setting next_dagrun for latest_only to 2023-03-26T16:12:09.366359+00:00, run_after=2023-03-26T20:12:09.366359+00:00
[2023-03-26T22:12:09.441+0200] {processor.py:175} INFO - Processing /home/humbulani/miniconda3/envs/apache-airflow/lib/python3.8/site-packages/airflow/example_dags/example_latest_only.py took 0.148 seconds
[2023-03-26T22:12:55.515+0200] {processor.py:153} INFO - Started process (PID=19495) to work on /home/humbulani/miniconda3/envs/apache-airflow/lib/python3.8/site-packages/airflow/example_dags/example_latest_only.py
[2023-03-26T22:12:55.526+0200] {processor.py:743} INFO - Processing file /home/humbulani/miniconda3/envs/apache-airflow/lib/python3.8/site-packages/airflow/example_dags/example_latest_only.py for tasks to queue
[2023-03-26T22:12:55.526+0200] {logging_mixin.py:137} INFO - [2023-03-26T22:12:55.526+0200] {dagbag.py:532} INFO - Filling up the DagBag from /home/humbulani/miniconda3/envs/apache-airflow/lib/python3.8/site-packages/airflow/example_dags/example_latest_only.py
[2023-03-26T22:12:55.538+0200] {processor.py:753} INFO - DAG(s) dict_keys(['latest_only']) retrieved from /home/humbulani/miniconda3/envs/apache-airflow/lib/python3.8/site-packages/airflow/example_dags/example_latest_only.py
[2023-03-26T22:12:55.553+0200] {logging_mixin.py:137} INFO - [2023-03-26T22:12:55.553+0200] {dag.py:2693} INFO - Sync 1 DAGs
[2023-03-26T22:12:55.571+0200] {logging_mixin.py:137} INFO - [2023-03-26T22:12:55.571+0200] {dag.py:3440} INFO - Setting next_dagrun for latest_only to 2023-03-26T16:12:55.571008+00:00, run_after=2023-03-26T20:12:55.571008+00:00
[2023-03-26T22:12:55.693+0200] {processor.py:175} INFO - Processing /home/humbulani/miniconda3/envs/apache-airflow/lib/python3.8/site-packages/airflow/example_dags/example_latest_only.py took 0.181 seconds
[2023-03-26T22:13:43.095+0200] {processor.py:153} INFO - Started process (PID=19537) to work on /home/humbulani/miniconda3/envs/apache-airflow/lib/python3.8/site-packages/airflow/example_dags/example_latest_only.py
[2023-03-26T22:13:43.096+0200] {processor.py:743} INFO - Processing file /home/humbulani/miniconda3/envs/apache-airflow/lib/python3.8/site-packages/airflow/example_dags/example_latest_only.py for tasks to queue
[2023-03-26T22:13:43.096+0200] {logging_mixin.py:137} INFO - [2023-03-26T22:13:43.096+0200] {dagbag.py:532} INFO - Filling up the DagBag from /home/humbulani/miniconda3/envs/apache-airflow/lib/python3.8/site-packages/airflow/example_dags/example_latest_only.py
[2023-03-26T22:13:43.107+0200] {processor.py:753} INFO - DAG(s) dict_keys(['latest_only']) retrieved from /home/humbulani/miniconda3/envs/apache-airflow/lib/python3.8/site-packages/airflow/example_dags/example_latest_only.py
[2023-03-26T22:13:43.123+0200] {logging_mixin.py:137} INFO - [2023-03-26T22:13:43.123+0200] {dag.py:2693} INFO - Sync 1 DAGs
[2023-03-26T22:13:43.140+0200] {logging_mixin.py:137} INFO - [2023-03-26T22:13:43.140+0200] {dag.py:3440} INFO - Setting next_dagrun for latest_only to 2023-03-26T16:13:43.140187+00:00, run_after=2023-03-26T20:13:43.140187+00:00
[2023-03-26T22:13:43.216+0200] {processor.py:175} INFO - Processing /home/humbulani/miniconda3/envs/apache-airflow/lib/python3.8/site-packages/airflow/example_dags/example_latest_only.py took 0.123 seconds
[2023-03-26T22:14:29.331+0200] {processor.py:153} INFO - Started process (PID=19582) to work on /home/humbulani/miniconda3/envs/apache-airflow/lib/python3.8/site-packages/airflow/example_dags/example_latest_only.py
[2023-03-26T22:14:29.332+0200] {processor.py:743} INFO - Processing file /home/humbulani/miniconda3/envs/apache-airflow/lib/python3.8/site-packages/airflow/example_dags/example_latest_only.py for tasks to queue
[2023-03-26T22:14:29.332+0200] {logging_mixin.py:137} INFO - [2023-03-26T22:14:29.332+0200] {dagbag.py:532} INFO - Filling up the DagBag from /home/humbulani/miniconda3/envs/apache-airflow/lib/python3.8/site-packages/airflow/example_dags/example_latest_only.py
[2023-03-26T22:14:29.344+0200] {processor.py:753} INFO - DAG(s) dict_keys(['latest_only']) retrieved from /home/humbulani/miniconda3/envs/apache-airflow/lib/python3.8/site-packages/airflow/example_dags/example_latest_only.py
[2023-03-26T22:14:29.360+0200] {logging_mixin.py:137} INFO - [2023-03-26T22:14:29.360+0200] {dag.py:2693} INFO - Sync 1 DAGs
[2023-03-26T22:14:29.377+0200] {logging_mixin.py:137} INFO - [2023-03-26T22:14:29.377+0200] {dag.py:3440} INFO - Setting next_dagrun for latest_only to 2023-03-26T16:14:29.377594+00:00, run_after=2023-03-26T20:14:29.377594+00:00
[2023-03-26T22:14:29.454+0200] {processor.py:175} INFO - Processing /home/humbulani/miniconda3/envs/apache-airflow/lib/python3.8/site-packages/airflow/example_dags/example_latest_only.py took 0.126 seconds
[2023-03-26T22:15:16.577+0200] {processor.py:153} INFO - Started process (PID=19691) to work on /home/humbulani/miniconda3/envs/apache-airflow/lib/python3.8/site-packages/airflow/example_dags/example_latest_only.py
[2023-03-26T22:15:16.581+0200] {processor.py:743} INFO - Processing file /home/humbulani/miniconda3/envs/apache-airflow/lib/python3.8/site-packages/airflow/example_dags/example_latest_only.py for tasks to queue
[2023-03-26T22:15:16.581+0200] {logging_mixin.py:137} INFO - [2023-03-26T22:15:16.581+0200] {dagbag.py:532} INFO - Filling up the DagBag from /home/humbulani/miniconda3/envs/apache-airflow/lib/python3.8/site-packages/airflow/example_dags/example_latest_only.py
[2023-03-26T22:15:16.597+0200] {processor.py:753} INFO - DAG(s) dict_keys(['latest_only']) retrieved from /home/humbulani/miniconda3/envs/apache-airflow/lib/python3.8/site-packages/airflow/example_dags/example_latest_only.py
[2023-03-26T22:15:16.873+0200] {logging_mixin.py:137} INFO - [2023-03-26T22:15:16.872+0200] {dag.py:2693} INFO - Sync 1 DAGs
[2023-03-26T22:15:17.657+0200] {logging_mixin.py:137} INFO - [2023-03-26T22:15:17.657+0200] {dag.py:3440} INFO - Setting next_dagrun for latest_only to 2023-03-26T16:15:17.656899+00:00, run_after=2023-03-26T20:15:17.656899+00:00
[2023-03-26T22:15:17.854+0200] {processor.py:175} INFO - Processing /home/humbulani/miniconda3/envs/apache-airflow/lib/python3.8/site-packages/airflow/example_dags/example_latest_only.py took 1.281 seconds
[2023-03-26T22:16:02.926+0200] {processor.py:153} INFO - Started process (PID=19737) to work on /home/humbulani/miniconda3/envs/apache-airflow/lib/python3.8/site-packages/airflow/example_dags/example_latest_only.py
[2023-03-26T22:16:02.935+0200] {processor.py:743} INFO - Processing file /home/humbulani/miniconda3/envs/apache-airflow/lib/python3.8/site-packages/airflow/example_dags/example_latest_only.py for tasks to queue
[2023-03-26T22:16:02.936+0200] {logging_mixin.py:137} INFO - [2023-03-26T22:16:02.936+0200] {dagbag.py:532} INFO - Filling up the DagBag from /home/humbulani/miniconda3/envs/apache-airflow/lib/python3.8/site-packages/airflow/example_dags/example_latest_only.py
[2023-03-26T22:16:02.947+0200] {processor.py:753} INFO - DAG(s) dict_keys(['latest_only']) retrieved from /home/humbulani/miniconda3/envs/apache-airflow/lib/python3.8/site-packages/airflow/example_dags/example_latest_only.py
[2023-03-26T22:16:02.963+0200] {logging_mixin.py:137} INFO - [2023-03-26T22:16:02.963+0200] {dag.py:2693} INFO - Sync 1 DAGs
[2023-03-26T22:16:02.980+0200] {logging_mixin.py:137} INFO - [2023-03-26T22:16:02.980+0200] {dag.py:3440} INFO - Setting next_dagrun for latest_only to 2023-03-26T16:16:02.980017+00:00, run_after=2023-03-26T20:16:02.980017+00:00
[2023-03-26T22:16:03.065+0200] {processor.py:175} INFO - Processing /home/humbulani/miniconda3/envs/apache-airflow/lib/python3.8/site-packages/airflow/example_dags/example_latest_only.py took 0.141 seconds
[2023-03-26T22:16:56.429+0200] {processor.py:153} INFO - Started process (PID=19845) to work on /home/humbulani/miniconda3/envs/apache-airflow/lib/python3.8/site-packages/airflow/example_dags/example_latest_only.py
[2023-03-26T22:16:56.438+0200] {processor.py:743} INFO - Processing file /home/humbulani/miniconda3/envs/apache-airflow/lib/python3.8/site-packages/airflow/example_dags/example_latest_only.py for tasks to queue
[2023-03-26T22:16:56.438+0200] {logging_mixin.py:137} INFO - [2023-03-26T22:16:56.438+0200] {dagbag.py:532} INFO - Filling up the DagBag from /home/humbulani/miniconda3/envs/apache-airflow/lib/python3.8/site-packages/airflow/example_dags/example_latest_only.py
[2023-03-26T22:16:56.452+0200] {processor.py:753} INFO - DAG(s) dict_keys(['latest_only']) retrieved from /home/humbulani/miniconda3/envs/apache-airflow/lib/python3.8/site-packages/airflow/example_dags/example_latest_only.py
[2023-03-26T22:16:56.471+0200] {logging_mixin.py:137} INFO - [2023-03-26T22:16:56.470+0200] {dag.py:2693} INFO - Sync 1 DAGs
[2023-03-26T22:16:56.489+0200] {logging_mixin.py:137} INFO - [2023-03-26T22:16:56.489+0200] {dag.py:3440} INFO - Setting next_dagrun for latest_only to 2023-03-26T16:16:56.488921+00:00, run_after=2023-03-26T20:16:56.488921+00:00
[2023-03-26T22:16:56.569+0200] {processor.py:175} INFO - Processing /home/humbulani/miniconda3/envs/apache-airflow/lib/python3.8/site-packages/airflow/example_dags/example_latest_only.py took 0.144 seconds
[2023-03-26T22:17:40.091+0200] {processor.py:153} INFO - Started process (PID=19897) to work on /home/humbulani/miniconda3/envs/apache-airflow/lib/python3.8/site-packages/airflow/example_dags/example_latest_only.py
[2023-03-26T22:17:40.093+0200] {processor.py:743} INFO - Processing file /home/humbulani/miniconda3/envs/apache-airflow/lib/python3.8/site-packages/airflow/example_dags/example_latest_only.py for tasks to queue
[2023-03-26T22:17:40.093+0200] {logging_mixin.py:137} INFO - [2023-03-26T22:17:40.093+0200] {dagbag.py:532} INFO - Filling up the DagBag from /home/humbulani/miniconda3/envs/apache-airflow/lib/python3.8/site-packages/airflow/example_dags/example_latest_only.py
[2023-03-26T22:17:40.108+0200] {processor.py:753} INFO - DAG(s) dict_keys(['latest_only']) retrieved from /home/humbulani/miniconda3/envs/apache-airflow/lib/python3.8/site-packages/airflow/example_dags/example_latest_only.py
[2023-03-26T22:17:40.124+0200] {logging_mixin.py:137} INFO - [2023-03-26T22:17:40.124+0200] {dag.py:2693} INFO - Sync 1 DAGs
[2023-03-26T22:17:40.142+0200] {logging_mixin.py:137} INFO - [2023-03-26T22:17:40.142+0200] {dag.py:3440} INFO - Setting next_dagrun for latest_only to 2023-03-26T16:17:40.142106+00:00, run_after=2023-03-26T20:17:40.142106+00:00
[2023-03-26T22:17:40.223+0200] {processor.py:175} INFO - Processing /home/humbulani/miniconda3/envs/apache-airflow/lib/python3.8/site-packages/airflow/example_dags/example_latest_only.py took 0.134 seconds
[2023-03-26T22:18:25.080+0200] {processor.py:153} INFO - Started process (PID=20005) to work on /home/humbulani/miniconda3/envs/apache-airflow/lib/python3.8/site-packages/airflow/example_dags/example_latest_only.py
[2023-03-26T22:18:25.096+0200] {processor.py:743} INFO - Processing file /home/humbulani/miniconda3/envs/apache-airflow/lib/python3.8/site-packages/airflow/example_dags/example_latest_only.py for tasks to queue
[2023-03-26T22:18:25.097+0200] {logging_mixin.py:137} INFO - [2023-03-26T22:18:25.097+0200] {dagbag.py:532} INFO - Filling up the DagBag from /home/humbulani/miniconda3/envs/apache-airflow/lib/python3.8/site-packages/airflow/example_dags/example_latest_only.py
[2023-03-26T22:18:25.112+0200] {processor.py:753} INFO - DAG(s) dict_keys(['latest_only']) retrieved from /home/humbulani/miniconda3/envs/apache-airflow/lib/python3.8/site-packages/airflow/example_dags/example_latest_only.py
[2023-03-26T22:18:25.131+0200] {logging_mixin.py:137} INFO - [2023-03-26T22:18:25.131+0200] {dag.py:2693} INFO - Sync 1 DAGs
[2023-03-26T22:18:25.148+0200] {logging_mixin.py:137} INFO - [2023-03-26T22:18:25.147+0200] {dag.py:3440} INFO - Setting next_dagrun for latest_only to 2023-03-26T16:18:25.147733+00:00, run_after=2023-03-26T20:18:25.147733+00:00
[2023-03-26T22:18:25.237+0200] {processor.py:175} INFO - Processing /home/humbulani/miniconda3/envs/apache-airflow/lib/python3.8/site-packages/airflow/example_dags/example_latest_only.py took 0.160 seconds
[2023-03-26T22:19:07.926+0200] {processor.py:153} INFO - Started process (PID=20050) to work on /home/humbulani/miniconda3/envs/apache-airflow/lib/python3.8/site-packages/airflow/example_dags/example_latest_only.py
[2023-03-26T22:19:07.931+0200] {processor.py:743} INFO - Processing file /home/humbulani/miniconda3/envs/apache-airflow/lib/python3.8/site-packages/airflow/example_dags/example_latest_only.py for tasks to queue
[2023-03-26T22:19:07.932+0200] {logging_mixin.py:137} INFO - [2023-03-26T22:19:07.932+0200] {dagbag.py:532} INFO - Filling up the DagBag from /home/humbulani/miniconda3/envs/apache-airflow/lib/python3.8/site-packages/airflow/example_dags/example_latest_only.py
[2023-03-26T22:19:07.946+0200] {processor.py:753} INFO - DAG(s) dict_keys(['latest_only']) retrieved from /home/humbulani/miniconda3/envs/apache-airflow/lib/python3.8/site-packages/airflow/example_dags/example_latest_only.py
[2023-03-26T22:19:07.963+0200] {logging_mixin.py:137} INFO - [2023-03-26T22:19:07.962+0200] {dag.py:2693} INFO - Sync 1 DAGs
[2023-03-26T22:19:07.981+0200] {logging_mixin.py:137} INFO - [2023-03-26T22:19:07.981+0200] {dag.py:3440} INFO - Setting next_dagrun for latest_only to 2023-03-26T16:19:07.981102+00:00, run_after=2023-03-26T20:19:07.981102+00:00
[2023-03-26T22:19:08.074+0200] {processor.py:175} INFO - Processing /home/humbulani/miniconda3/envs/apache-airflow/lib/python3.8/site-packages/airflow/example_dags/example_latest_only.py took 0.150 seconds
[2023-03-26T22:19:53.088+0200] {processor.py:153} INFO - Started process (PID=20160) to work on /home/humbulani/miniconda3/envs/apache-airflow/lib/python3.8/site-packages/airflow/example_dags/example_latest_only.py
[2023-03-26T22:19:53.102+0200] {processor.py:743} INFO - Processing file /home/humbulani/miniconda3/envs/apache-airflow/lib/python3.8/site-packages/airflow/example_dags/example_latest_only.py for tasks to queue
[2023-03-26T22:19:53.103+0200] {logging_mixin.py:137} INFO - [2023-03-26T22:19:53.103+0200] {dagbag.py:532} INFO - Filling up the DagBag from /home/humbulani/miniconda3/envs/apache-airflow/lib/python3.8/site-packages/airflow/example_dags/example_latest_only.py
[2023-03-26T22:19:53.118+0200] {processor.py:753} INFO - DAG(s) dict_keys(['latest_only']) retrieved from /home/humbulani/miniconda3/envs/apache-airflow/lib/python3.8/site-packages/airflow/example_dags/example_latest_only.py
[2023-03-26T22:19:53.138+0200] {logging_mixin.py:137} INFO - [2023-03-26T22:19:53.137+0200] {dag.py:2693} INFO - Sync 1 DAGs
[2023-03-26T22:19:53.162+0200] {logging_mixin.py:137} INFO - [2023-03-26T22:19:53.161+0200] {dag.py:3440} INFO - Setting next_dagrun for latest_only to 2023-03-26T16:19:53.161679+00:00, run_after=2023-03-26T20:19:53.161679+00:00
[2023-03-26T22:19:53.237+0200] {processor.py:175} INFO - Processing /home/humbulani/miniconda3/envs/apache-airflow/lib/python3.8/site-packages/airflow/example_dags/example_latest_only.py took 0.153 seconds
[2023-03-26T22:20:38.120+0200] {processor.py:153} INFO - Started process (PID=20240) to work on /home/humbulani/miniconda3/envs/apache-airflow/lib/python3.8/site-packages/airflow/example_dags/example_latest_only.py
[2023-03-26T22:20:38.131+0200] {processor.py:743} INFO - Processing file /home/humbulani/miniconda3/envs/apache-airflow/lib/python3.8/site-packages/airflow/example_dags/example_latest_only.py for tasks to queue
[2023-03-26T22:20:38.132+0200] {logging_mixin.py:137} INFO - [2023-03-26T22:20:38.132+0200] {dagbag.py:532} INFO - Filling up the DagBag from /home/humbulani/miniconda3/envs/apache-airflow/lib/python3.8/site-packages/airflow/example_dags/example_latest_only.py
[2023-03-26T22:20:38.143+0200] {processor.py:753} INFO - DAG(s) dict_keys(['latest_only']) retrieved from /home/humbulani/miniconda3/envs/apache-airflow/lib/python3.8/site-packages/airflow/example_dags/example_latest_only.py
[2023-03-26T22:20:38.159+0200] {logging_mixin.py:137} INFO - [2023-03-26T22:20:38.159+0200] {dag.py:2693} INFO - Sync 1 DAGs
[2023-03-26T22:20:38.177+0200] {logging_mixin.py:137} INFO - [2023-03-26T22:20:38.177+0200] {dag.py:3440} INFO - Setting next_dagrun for latest_only to 2023-03-26T16:20:38.177338+00:00, run_after=2023-03-26T20:20:38.177338+00:00
[2023-03-26T22:20:38.265+0200] {processor.py:175} INFO - Processing /home/humbulani/miniconda3/envs/apache-airflow/lib/python3.8/site-packages/airflow/example_dags/example_latest_only.py took 0.148 seconds
[2023-03-26T22:21:24.449+0200] {processor.py:153} INFO - Started process (PID=20294) to work on /home/humbulani/miniconda3/envs/apache-airflow/lib/python3.8/site-packages/airflow/example_dags/example_latest_only.py
[2023-03-26T22:21:24.475+0200] {processor.py:743} INFO - Processing file /home/humbulani/miniconda3/envs/apache-airflow/lib/python3.8/site-packages/airflow/example_dags/example_latest_only.py for tasks to queue
[2023-03-26T22:21:24.475+0200] {logging_mixin.py:137} INFO - [2023-03-26T22:21:24.475+0200] {dagbag.py:532} INFO - Filling up the DagBag from /home/humbulani/miniconda3/envs/apache-airflow/lib/python3.8/site-packages/airflow/example_dags/example_latest_only.py
[2023-03-26T22:21:24.487+0200] {processor.py:753} INFO - DAG(s) dict_keys(['latest_only']) retrieved from /home/humbulani/miniconda3/envs/apache-airflow/lib/python3.8/site-packages/airflow/example_dags/example_latest_only.py
[2023-03-26T22:21:24.503+0200] {logging_mixin.py:137} INFO - [2023-03-26T22:21:24.503+0200] {dag.py:2693} INFO - Sync 1 DAGs
[2023-03-26T22:21:24.521+0200] {logging_mixin.py:137} INFO - [2023-03-26T22:21:24.521+0200] {dag.py:3440} INFO - Setting next_dagrun for latest_only to 2023-03-26T16:21:24.521593+00:00, run_after=2023-03-26T20:21:24.521593+00:00
[2023-03-26T22:21:24.603+0200] {processor.py:175} INFO - Processing /home/humbulani/miniconda3/envs/apache-airflow/lib/python3.8/site-packages/airflow/example_dags/example_latest_only.py took 0.156 seconds
[2023-03-26T22:22:08.350+0200] {processor.py:153} INFO - Started process (PID=20338) to work on /home/humbulani/miniconda3/envs/apache-airflow/lib/python3.8/site-packages/airflow/example_dags/example_latest_only.py
[2023-03-26T22:22:08.354+0200] {processor.py:743} INFO - Processing file /home/humbulani/miniconda3/envs/apache-airflow/lib/python3.8/site-packages/airflow/example_dags/example_latest_only.py for tasks to queue
[2023-03-26T22:22:08.354+0200] {logging_mixin.py:137} INFO - [2023-03-26T22:22:08.354+0200] {dagbag.py:532} INFO - Filling up the DagBag from /home/humbulani/miniconda3/envs/apache-airflow/lib/python3.8/site-packages/airflow/example_dags/example_latest_only.py
[2023-03-26T22:22:08.369+0200] {processor.py:753} INFO - DAG(s) dict_keys(['latest_only']) retrieved from /home/humbulani/miniconda3/envs/apache-airflow/lib/python3.8/site-packages/airflow/example_dags/example_latest_only.py
[2023-03-26T22:22:08.385+0200] {logging_mixin.py:137} INFO - [2023-03-26T22:22:08.385+0200] {dag.py:2693} INFO - Sync 1 DAGs
[2023-03-26T22:22:08.402+0200] {logging_mixin.py:137} INFO - [2023-03-26T22:22:08.402+0200] {dag.py:3440} INFO - Setting next_dagrun for latest_only to 2023-03-26T16:22:08.402190+00:00, run_after=2023-03-26T20:22:08.402190+00:00
[2023-03-26T22:22:08.473+0200] {processor.py:175} INFO - Processing /home/humbulani/miniconda3/envs/apache-airflow/lib/python3.8/site-packages/airflow/example_dags/example_latest_only.py took 0.127 seconds
[2023-03-26T22:22:54.695+0200] {processor.py:153} INFO - Started process (PID=20381) to work on /home/humbulani/miniconda3/envs/apache-airflow/lib/python3.8/site-packages/airflow/example_dags/example_latest_only.py
[2023-03-26T22:22:54.695+0200] {processor.py:743} INFO - Processing file /home/humbulani/miniconda3/envs/apache-airflow/lib/python3.8/site-packages/airflow/example_dags/example_latest_only.py for tasks to queue
[2023-03-26T22:22:54.696+0200] {logging_mixin.py:137} INFO - [2023-03-26T22:22:54.696+0200] {dagbag.py:532} INFO - Filling up the DagBag from /home/humbulani/miniconda3/envs/apache-airflow/lib/python3.8/site-packages/airflow/example_dags/example_latest_only.py
[2023-03-26T22:22:54.708+0200] {processor.py:753} INFO - DAG(s) dict_keys(['latest_only']) retrieved from /home/humbulani/miniconda3/envs/apache-airflow/lib/python3.8/site-packages/airflow/example_dags/example_latest_only.py
[2023-03-26T22:22:54.723+0200] {logging_mixin.py:137} INFO - [2023-03-26T22:22:54.723+0200] {dag.py:2693} INFO - Sync 1 DAGs
[2023-03-26T22:22:54.740+0200] {logging_mixin.py:137} INFO - [2023-03-26T22:22:54.740+0200] {dag.py:3440} INFO - Setting next_dagrun for latest_only to 2023-03-26T16:22:54.740572+00:00, run_after=2023-03-26T20:22:54.740572+00:00
[2023-03-26T22:22:54.811+0200] {processor.py:175} INFO - Processing /home/humbulani/miniconda3/envs/apache-airflow/lib/python3.8/site-packages/airflow/example_dags/example_latest_only.py took 0.118 seconds
