[2023-03-26T21:39:19.445+0200] {processor.py:153} INFO - Started process (PID=16638) to work on /home/humbulani/miniconda3/envs/apache-airflow/lib/python3.8/site-packages/airflow/example_dags/example_short_circuit_decorator.py
[2023-03-26T21:39:19.446+0200] {processor.py:743} INFO - Processing file /home/humbulani/miniconda3/envs/apache-airflow/lib/python3.8/site-packages/airflow/example_dags/example_short_circuit_decorator.py for tasks to queue
[2023-03-26T21:39:19.446+0200] {logging_mixin.py:137} INFO - [2023-03-26T21:39:19.446+0200] {dagbag.py:532} INFO - Filling up the DagBag from /home/humbulani/miniconda3/envs/apache-airflow/lib/python3.8/site-packages/airflow/example_dags/example_short_circuit_decorator.py
[2023-03-26T21:39:19.470+0200] {processor.py:753} INFO - DAG(s) dict_keys(['example_short_circuit_decorator']) retrieved from /home/humbulani/miniconda3/envs/apache-airflow/lib/python3.8/site-packages/airflow/example_dags/example_short_circuit_decorator.py
[2023-03-26T21:39:19.674+0200] {logging_mixin.py:137} INFO - [2023-03-26T21:39:19.673+0200] {manager.py:504} INFO - Created Permission View: can edit on DAG:example_short_circuit_decorator
[2023-03-26T21:39:19.732+0200] {logging_mixin.py:137} INFO - [2023-03-26T21:39:19.732+0200] {manager.py:504} INFO - Created Permission View: can read on DAG:example_short_circuit_decorator
[2023-03-26T21:39:19.790+0200] {logging_mixin.py:137} INFO - [2023-03-26T21:39:19.790+0200] {manager.py:504} INFO - Created Permission View: can delete on DAG:example_short_circuit_decorator
[2023-03-26T21:39:19.791+0200] {logging_mixin.py:137} INFO - [2023-03-26T21:39:19.790+0200] {dag.py:2693} INFO - Sync 1 DAGs
[2023-03-26T21:39:19.800+0200] {logging_mixin.py:137} INFO - [2023-03-26T21:39:19.800+0200] {dag.py:2714} INFO - Creating ORM DAG for example_short_circuit_decorator
[2023-03-26T21:39:19.807+0200] {logging_mixin.py:137} INFO - [2023-03-26T21:39:19.807+0200] {dag.py:3440} INFO - Setting next_dagrun for example_short_circuit_decorator to 2023-03-25T19:39:19.807581+00:00, run_after=2023-03-26T19:39:19.807581+00:00
[2023-03-26T21:39:20.007+0200] {processor.py:175} INFO - Processing /home/humbulani/miniconda3/envs/apache-airflow/lib/python3.8/site-packages/airflow/example_dags/example_short_circuit_decorator.py took 0.565 seconds
[2023-03-26T21:40:20.224+0200] {processor.py:153} INFO - Started process (PID=16730) to work on /home/humbulani/miniconda3/envs/apache-airflow/lib/python3.8/site-packages/airflow/example_dags/example_short_circuit_decorator.py
[2023-03-26T21:40:20.257+0200] {processor.py:743} INFO - Processing file /home/humbulani/miniconda3/envs/apache-airflow/lib/python3.8/site-packages/airflow/example_dags/example_short_circuit_decorator.py for tasks to queue
[2023-03-26T21:40:20.258+0200] {logging_mixin.py:137} INFO - [2023-03-26T21:40:20.258+0200] {dagbag.py:532} INFO - Filling up the DagBag from /home/humbulani/miniconda3/envs/apache-airflow/lib/python3.8/site-packages/airflow/example_dags/example_short_circuit_decorator.py
[2023-03-26T21:40:20.279+0200] {processor.py:753} INFO - DAG(s) dict_keys(['example_short_circuit_decorator']) retrieved from /home/humbulani/miniconda3/envs/apache-airflow/lib/python3.8/site-packages/airflow/example_dags/example_short_circuit_decorator.py
[2023-03-26T21:40:20.297+0200] {logging_mixin.py:137} INFO - [2023-03-26T21:40:20.297+0200] {dag.py:2693} INFO - Sync 1 DAGs
[2023-03-26T21:40:20.314+0200] {logging_mixin.py:137} INFO - [2023-03-26T21:40:20.314+0200] {dag.py:3440} INFO - Setting next_dagrun for example_short_circuit_decorator to 2023-03-25T19:40:20.314296+00:00, run_after=2023-03-26T19:40:20.314296+00:00
[2023-03-26T21:40:20.401+0200] {processor.py:175} INFO - Processing /home/humbulani/miniconda3/envs/apache-airflow/lib/python3.8/site-packages/airflow/example_dags/example_short_circuit_decorator.py took 0.180 seconds
[2023-03-26T21:41:10.457+0200] {processor.py:153} INFO - Started process (PID=16783) to work on /home/humbulani/miniconda3/envs/apache-airflow/lib/python3.8/site-packages/airflow/example_dags/example_short_circuit_decorator.py
[2023-03-26T21:41:10.467+0200] {processor.py:743} INFO - Processing file /home/humbulani/miniconda3/envs/apache-airflow/lib/python3.8/site-packages/airflow/example_dags/example_short_circuit_decorator.py for tasks to queue
[2023-03-26T21:41:10.467+0200] {logging_mixin.py:137} INFO - [2023-03-26T21:41:10.467+0200] {dagbag.py:532} INFO - Filling up the DagBag from /home/humbulani/miniconda3/envs/apache-airflow/lib/python3.8/site-packages/airflow/example_dags/example_short_circuit_decorator.py
[2023-03-26T21:41:10.489+0200] {processor.py:753} INFO - DAG(s) dict_keys(['example_short_circuit_decorator']) retrieved from /home/humbulani/miniconda3/envs/apache-airflow/lib/python3.8/site-packages/airflow/example_dags/example_short_circuit_decorator.py
[2023-03-26T21:41:10.509+0200] {logging_mixin.py:137} INFO - [2023-03-26T21:41:10.508+0200] {dag.py:2693} INFO - Sync 1 DAGs
[2023-03-26T21:41:10.526+0200] {logging_mixin.py:137} INFO - [2023-03-26T21:41:10.526+0200] {dag.py:3440} INFO - Setting next_dagrun for example_short_circuit_decorator to 2023-03-25T19:41:10.525891+00:00, run_after=2023-03-26T19:41:10.525891+00:00
[2023-03-26T21:41:10.600+0200] {processor.py:175} INFO - Processing /home/humbulani/miniconda3/envs/apache-airflow/lib/python3.8/site-packages/airflow/example_dags/example_short_circuit_decorator.py took 0.145 seconds
[2023-03-26T21:47:54.849+0200] {processor.py:153} INFO - Started process (PID=16835) to work on /home/humbulani/miniconda3/envs/apache-airflow/lib/python3.8/site-packages/airflow/example_dags/example_short_circuit_decorator.py
[2023-03-26T21:47:54.880+0200] {processor.py:743} INFO - Processing file /home/humbulani/miniconda3/envs/apache-airflow/lib/python3.8/site-packages/airflow/example_dags/example_short_circuit_decorator.py for tasks to queue
[2023-03-26T21:47:54.881+0200] {logging_mixin.py:137} INFO - [2023-03-26T21:47:54.881+0200] {dagbag.py:532} INFO - Filling up the DagBag from /home/humbulani/miniconda3/envs/apache-airflow/lib/python3.8/site-packages/airflow/example_dags/example_short_circuit_decorator.py
[2023-03-26T21:47:54.908+0200] {processor.py:753} INFO - DAG(s) dict_keys(['example_short_circuit_decorator']) retrieved from /home/humbulani/miniconda3/envs/apache-airflow/lib/python3.8/site-packages/airflow/example_dags/example_short_circuit_decorator.py
[2023-03-26T21:47:54.927+0200] {logging_mixin.py:137} INFO - [2023-03-26T21:47:54.927+0200] {dag.py:2693} INFO - Sync 1 DAGs
[2023-03-26T21:47:54.944+0200] {logging_mixin.py:137} INFO - [2023-03-26T21:47:54.944+0200] {dag.py:3440} INFO - Setting next_dagrun for example_short_circuit_decorator to 2023-03-25T19:47:54.943996+00:00, run_after=2023-03-26T19:47:54.943996+00:00
[2023-03-26T21:47:55.015+0200] {processor.py:175} INFO - Processing /home/humbulani/miniconda3/envs/apache-airflow/lib/python3.8/site-packages/airflow/example_dags/example_short_circuit_decorator.py took 0.172 seconds
[2023-03-26T21:48:40.627+0200] {processor.py:153} INFO - Started process (PID=16915) to work on /home/humbulani/miniconda3/envs/apache-airflow/lib/python3.8/site-packages/airflow/example_dags/example_short_circuit_decorator.py
[2023-03-26T21:48:40.627+0200] {processor.py:743} INFO - Processing file /home/humbulani/miniconda3/envs/apache-airflow/lib/python3.8/site-packages/airflow/example_dags/example_short_circuit_decorator.py for tasks to queue
[2023-03-26T21:48:40.628+0200] {logging_mixin.py:137} INFO - [2023-03-26T21:48:40.628+0200] {dagbag.py:532} INFO - Filling up the DagBag from /home/humbulani/miniconda3/envs/apache-airflow/lib/python3.8/site-packages/airflow/example_dags/example_short_circuit_decorator.py
[2023-03-26T21:48:40.654+0200] {processor.py:753} INFO - DAG(s) dict_keys(['example_short_circuit_decorator']) retrieved from /home/humbulani/miniconda3/envs/apache-airflow/lib/python3.8/site-packages/airflow/example_dags/example_short_circuit_decorator.py
[2023-03-26T21:48:41.859+0200] {logging_mixin.py:137} INFO - [2023-03-26T21:48:41.859+0200] {dag.py:2693} INFO - Sync 1 DAGs
[2023-03-26T21:48:42.390+0200] {logging_mixin.py:137} INFO - [2023-03-26T21:48:42.390+0200] {dag.py:3440} INFO - Setting next_dagrun for example_short_circuit_decorator to 2023-03-25T19:48:42.390301+00:00, run_after=2023-03-26T19:48:42.390301+00:00
[2023-03-26T21:48:42.518+0200] {processor.py:175} INFO - Processing /home/humbulani/miniconda3/envs/apache-airflow/lib/python3.8/site-packages/airflow/example_dags/example_short_circuit_decorator.py took 1.894 seconds
[2023-03-26T21:49:33.444+0200] {processor.py:153} INFO - Started process (PID=16957) to work on /home/humbulani/miniconda3/envs/apache-airflow/lib/python3.8/site-packages/airflow/example_dags/example_short_circuit_decorator.py
[2023-03-26T21:49:33.454+0200] {processor.py:743} INFO - Processing file /home/humbulani/miniconda3/envs/apache-airflow/lib/python3.8/site-packages/airflow/example_dags/example_short_circuit_decorator.py for tasks to queue
[2023-03-26T21:49:33.454+0200] {logging_mixin.py:137} INFO - [2023-03-26T21:49:33.454+0200] {dagbag.py:532} INFO - Filling up the DagBag from /home/humbulani/miniconda3/envs/apache-airflow/lib/python3.8/site-packages/airflow/example_dags/example_short_circuit_decorator.py
[2023-03-26T21:49:33.481+0200] {processor.py:753} INFO - DAG(s) dict_keys(['example_short_circuit_decorator']) retrieved from /home/humbulani/miniconda3/envs/apache-airflow/lib/python3.8/site-packages/airflow/example_dags/example_short_circuit_decorator.py
[2023-03-26T21:49:33.503+0200] {logging_mixin.py:137} INFO - [2023-03-26T21:49:33.503+0200] {dag.py:2693} INFO - Sync 1 DAGs
[2023-03-26T21:49:33.522+0200] {logging_mixin.py:137} INFO - [2023-03-26T21:49:33.521+0200] {dag.py:3440} INFO - Setting next_dagrun for example_short_circuit_decorator to 2023-03-25T19:49:33.521739+00:00, run_after=2023-03-26T19:49:33.521739+00:00
[2023-03-26T21:49:33.604+0200] {processor.py:175} INFO - Processing /home/humbulani/miniconda3/envs/apache-airflow/lib/python3.8/site-packages/airflow/example_dags/example_short_circuit_decorator.py took 0.163 seconds
[2023-03-26T21:50:17.416+0200] {processor.py:153} INFO - Started process (PID=17001) to work on /home/humbulani/miniconda3/envs/apache-airflow/lib/python3.8/site-packages/airflow/example_dags/example_short_circuit_decorator.py
[2023-03-26T21:50:17.417+0200] {processor.py:743} INFO - Processing file /home/humbulani/miniconda3/envs/apache-airflow/lib/python3.8/site-packages/airflow/example_dags/example_short_circuit_decorator.py for tasks to queue
[2023-03-26T21:50:17.417+0200] {logging_mixin.py:137} INFO - [2023-03-26T21:50:17.417+0200] {dagbag.py:532} INFO - Filling up the DagBag from /home/humbulani/miniconda3/envs/apache-airflow/lib/python3.8/site-packages/airflow/example_dags/example_short_circuit_decorator.py
[2023-03-26T21:50:17.443+0200] {processor.py:753} INFO - DAG(s) dict_keys(['example_short_circuit_decorator']) retrieved from /home/humbulani/miniconda3/envs/apache-airflow/lib/python3.8/site-packages/airflow/example_dags/example_short_circuit_decorator.py
[2023-03-26T21:50:17.461+0200] {logging_mixin.py:137} INFO - [2023-03-26T21:50:17.461+0200] {dag.py:2693} INFO - Sync 1 DAGs
[2023-03-26T21:50:17.478+0200] {logging_mixin.py:137} INFO - [2023-03-26T21:50:17.478+0200] {dag.py:3440} INFO - Setting next_dagrun for example_short_circuit_decorator to 2023-03-25T19:50:17.478045+00:00, run_after=2023-03-26T19:50:17.478045+00:00
[2023-03-26T21:50:17.600+0200] {processor.py:175} INFO - Processing /home/humbulani/miniconda3/envs/apache-airflow/lib/python3.8/site-packages/airflow/example_dags/example_short_circuit_decorator.py took 0.188 seconds
[2023-03-26T21:51:03.045+0200] {processor.py:153} INFO - Started process (PID=17091) to work on /home/humbulani/miniconda3/envs/apache-airflow/lib/python3.8/site-packages/airflow/example_dags/example_short_circuit_decorator.py
[2023-03-26T21:51:03.051+0200] {processor.py:743} INFO - Processing file /home/humbulani/miniconda3/envs/apache-airflow/lib/python3.8/site-packages/airflow/example_dags/example_short_circuit_decorator.py for tasks to queue
[2023-03-26T21:51:03.051+0200] {logging_mixin.py:137} INFO - [2023-03-26T21:51:03.051+0200] {dagbag.py:532} INFO - Filling up the DagBag from /home/humbulani/miniconda3/envs/apache-airflow/lib/python3.8/site-packages/airflow/example_dags/example_short_circuit_decorator.py
[2023-03-26T21:51:03.074+0200] {processor.py:753} INFO - DAG(s) dict_keys(['example_short_circuit_decorator']) retrieved from /home/humbulani/miniconda3/envs/apache-airflow/lib/python3.8/site-packages/airflow/example_dags/example_short_circuit_decorator.py
[2023-03-26T21:51:03.091+0200] {logging_mixin.py:137} INFO - [2023-03-26T21:51:03.091+0200] {dag.py:2693} INFO - Sync 1 DAGs
[2023-03-26T21:51:03.108+0200] {logging_mixin.py:137} INFO - [2023-03-26T21:51:03.108+0200] {dag.py:3440} INFO - Setting next_dagrun for example_short_circuit_decorator to 2023-03-25T19:51:03.108372+00:00, run_after=2023-03-26T19:51:03.108372+00:00
[2023-03-26T21:51:03.184+0200] {processor.py:175} INFO - Processing /home/humbulani/miniconda3/envs/apache-airflow/lib/python3.8/site-packages/airflow/example_dags/example_short_circuit_decorator.py took 0.142 seconds
[2023-03-26T21:51:46.874+0200] {processor.py:153} INFO - Started process (PID=17161) to work on /home/humbulani/miniconda3/envs/apache-airflow/lib/python3.8/site-packages/airflow/example_dags/example_short_circuit_decorator.py
[2023-03-26T21:51:46.884+0200] {processor.py:743} INFO - Processing file /home/humbulani/miniconda3/envs/apache-airflow/lib/python3.8/site-packages/airflow/example_dags/example_short_circuit_decorator.py for tasks to queue
[2023-03-26T21:51:46.885+0200] {logging_mixin.py:137} INFO - [2023-03-26T21:51:46.884+0200] {dagbag.py:532} INFO - Filling up the DagBag from /home/humbulani/miniconda3/envs/apache-airflow/lib/python3.8/site-packages/airflow/example_dags/example_short_circuit_decorator.py
[2023-03-26T21:51:46.906+0200] {processor.py:753} INFO - DAG(s) dict_keys(['example_short_circuit_decorator']) retrieved from /home/humbulani/miniconda3/envs/apache-airflow/lib/python3.8/site-packages/airflow/example_dags/example_short_circuit_decorator.py
[2023-03-26T21:51:46.924+0200] {logging_mixin.py:137} INFO - [2023-03-26T21:51:46.924+0200] {dag.py:2693} INFO - Sync 1 DAGs
[2023-03-26T21:51:46.941+0200] {logging_mixin.py:137} INFO - [2023-03-26T21:51:46.941+0200] {dag.py:3440} INFO - Setting next_dagrun for example_short_circuit_decorator to 2023-03-25T19:51:46.941339+00:00, run_after=2023-03-26T19:51:46.941339+00:00
[2023-03-26T21:51:47.020+0200] {processor.py:175} INFO - Processing /home/humbulani/miniconda3/envs/apache-airflow/lib/python3.8/site-packages/airflow/example_dags/example_short_circuit_decorator.py took 0.148 seconds
[2023-03-26T21:52:37.107+0200] {processor.py:153} INFO - Started process (PID=17204) to work on /home/humbulani/miniconda3/envs/apache-airflow/lib/python3.8/site-packages/airflow/example_dags/example_short_circuit_decorator.py
[2023-03-26T21:52:37.108+0200] {processor.py:743} INFO - Processing file /home/humbulani/miniconda3/envs/apache-airflow/lib/python3.8/site-packages/airflow/example_dags/example_short_circuit_decorator.py for tasks to queue
[2023-03-26T21:52:37.109+0200] {logging_mixin.py:137} INFO - [2023-03-26T21:52:37.109+0200] {dagbag.py:532} INFO - Filling up the DagBag from /home/humbulani/miniconda3/envs/apache-airflow/lib/python3.8/site-packages/airflow/example_dags/example_short_circuit_decorator.py
[2023-03-26T21:52:37.133+0200] {processor.py:753} INFO - DAG(s) dict_keys(['example_short_circuit_decorator']) retrieved from /home/humbulani/miniconda3/envs/apache-airflow/lib/python3.8/site-packages/airflow/example_dags/example_short_circuit_decorator.py
[2023-03-26T21:52:37.151+0200] {logging_mixin.py:137} INFO - [2023-03-26T21:52:37.151+0200] {dag.py:2693} INFO - Sync 1 DAGs
[2023-03-26T21:52:37.247+0200] {logging_mixin.py:137} INFO - [2023-03-26T21:52:37.247+0200] {dag.py:3440} INFO - Setting next_dagrun for example_short_circuit_decorator to 2023-03-25T19:52:37.247307+00:00, run_after=2023-03-26T19:52:37.247307+00:00
[2023-03-26T21:52:37.350+0200] {processor.py:175} INFO - Processing /home/humbulani/miniconda3/envs/apache-airflow/lib/python3.8/site-packages/airflow/example_dags/example_short_circuit_decorator.py took 0.245 seconds
[2023-03-26T21:53:25.171+0200] {processor.py:153} INFO - Started process (PID=17253) to work on /home/humbulani/miniconda3/envs/apache-airflow/lib/python3.8/site-packages/airflow/example_dags/example_short_circuit_decorator.py
[2023-03-26T21:53:25.185+0200] {processor.py:743} INFO - Processing file /home/humbulani/miniconda3/envs/apache-airflow/lib/python3.8/site-packages/airflow/example_dags/example_short_circuit_decorator.py for tasks to queue
[2023-03-26T21:53:25.185+0200] {logging_mixin.py:137} INFO - [2023-03-26T21:53:25.185+0200] {dagbag.py:532} INFO - Filling up the DagBag from /home/humbulani/miniconda3/envs/apache-airflow/lib/python3.8/site-packages/airflow/example_dags/example_short_circuit_decorator.py
[2023-03-26T21:53:25.207+0200] {processor.py:753} INFO - DAG(s) dict_keys(['example_short_circuit_decorator']) retrieved from /home/humbulani/miniconda3/envs/apache-airflow/lib/python3.8/site-packages/airflow/example_dags/example_short_circuit_decorator.py
[2023-03-26T21:53:25.226+0200] {logging_mixin.py:137} INFO - [2023-03-26T21:53:25.225+0200] {dag.py:2693} INFO - Sync 1 DAGs
[2023-03-26T21:53:25.321+0200] {logging_mixin.py:137} INFO - [2023-03-26T21:53:25.321+0200] {dag.py:3440} INFO - Setting next_dagrun for example_short_circuit_decorator to 2023-03-25T19:53:25.321365+00:00, run_after=2023-03-26T19:53:25.321365+00:00
[2023-03-26T21:53:25.401+0200] {processor.py:175} INFO - Processing /home/humbulani/miniconda3/envs/apache-airflow/lib/python3.8/site-packages/airflow/example_dags/example_short_circuit_decorator.py took 0.232 seconds
[2023-03-26T21:54:15.040+0200] {processor.py:153} INFO - Started process (PID=17306) to work on /home/humbulani/miniconda3/envs/apache-airflow/lib/python3.8/site-packages/airflow/example_dags/example_short_circuit_decorator.py
[2023-03-26T21:54:15.055+0200] {processor.py:743} INFO - Processing file /home/humbulani/miniconda3/envs/apache-airflow/lib/python3.8/site-packages/airflow/example_dags/example_short_circuit_decorator.py for tasks to queue
[2023-03-26T21:54:15.055+0200] {logging_mixin.py:137} INFO - [2023-03-26T21:54:15.055+0200] {dagbag.py:532} INFO - Filling up the DagBag from /home/humbulani/miniconda3/envs/apache-airflow/lib/python3.8/site-packages/airflow/example_dags/example_short_circuit_decorator.py
[2023-03-26T21:54:15.083+0200] {processor.py:753} INFO - DAG(s) dict_keys(['example_short_circuit_decorator']) retrieved from /home/humbulani/miniconda3/envs/apache-airflow/lib/python3.8/site-packages/airflow/example_dags/example_short_circuit_decorator.py
[2023-03-26T21:54:15.181+0200] {logging_mixin.py:137} INFO - [2023-03-26T21:54:15.181+0200] {dag.py:2693} INFO - Sync 1 DAGs
[2023-03-26T21:54:15.197+0200] {logging_mixin.py:137} INFO - [2023-03-26T21:54:15.197+0200] {dag.py:3440} INFO - Setting next_dagrun for example_short_circuit_decorator to 2023-03-25T19:54:15.197152+00:00, run_after=2023-03-26T19:54:15.197152+00:00
[2023-03-26T21:54:15.288+0200] {processor.py:175} INFO - Processing /home/humbulani/miniconda3/envs/apache-airflow/lib/python3.8/site-packages/airflow/example_dags/example_short_circuit_decorator.py took 0.250 seconds
[2023-03-26T21:55:03.676+0200] {processor.py:153} INFO - Started process (PID=17350) to work on /home/humbulani/miniconda3/envs/apache-airflow/lib/python3.8/site-packages/airflow/example_dags/example_short_circuit_decorator.py
[2023-03-26T21:55:03.691+0200] {processor.py:743} INFO - Processing file /home/humbulani/miniconda3/envs/apache-airflow/lib/python3.8/site-packages/airflow/example_dags/example_short_circuit_decorator.py for tasks to queue
[2023-03-26T21:55:03.692+0200] {logging_mixin.py:137} INFO - [2023-03-26T21:55:03.692+0200] {dagbag.py:532} INFO - Filling up the DagBag from /home/humbulani/miniconda3/envs/apache-airflow/lib/python3.8/site-packages/airflow/example_dags/example_short_circuit_decorator.py
[2023-03-26T21:55:03.804+0200] {processor.py:753} INFO - DAG(s) dict_keys(['example_short_circuit_decorator']) retrieved from /home/humbulani/miniconda3/envs/apache-airflow/lib/python3.8/site-packages/airflow/example_dags/example_short_circuit_decorator.py
[2023-03-26T21:55:03.819+0200] {logging_mixin.py:137} INFO - [2023-03-26T21:55:03.819+0200] {dag.py:2693} INFO - Sync 1 DAGs
[2023-03-26T21:55:03.836+0200] {logging_mixin.py:137} INFO - [2023-03-26T21:55:03.836+0200] {dag.py:3440} INFO - Setting next_dagrun for example_short_circuit_decorator to 2023-03-25T19:55:03.835819+00:00, run_after=2023-03-26T19:55:03.835819+00:00
[2023-03-26T21:55:03.937+0200] {processor.py:175} INFO - Processing /home/humbulani/miniconda3/envs/apache-airflow/lib/python3.8/site-packages/airflow/example_dags/example_short_circuit_decorator.py took 0.264 seconds
[2023-03-26T21:55:54.678+0200] {processor.py:153} INFO - Started process (PID=17420) to work on /home/humbulani/miniconda3/envs/apache-airflow/lib/python3.8/site-packages/airflow/example_dags/example_short_circuit_decorator.py
[2023-03-26T21:55:54.719+0200] {processor.py:743} INFO - Processing file /home/humbulani/miniconda3/envs/apache-airflow/lib/python3.8/site-packages/airflow/example_dags/example_short_circuit_decorator.py for tasks to queue
[2023-03-26T21:55:54.720+0200] {logging_mixin.py:137} INFO - [2023-03-26T21:55:54.719+0200] {dagbag.py:532} INFO - Filling up the DagBag from /home/humbulani/miniconda3/envs/apache-airflow/lib/python3.8/site-packages/airflow/example_dags/example_short_circuit_decorator.py
[2023-03-26T21:55:54.857+0200] {processor.py:753} INFO - DAG(s) dict_keys(['example_short_circuit_decorator']) retrieved from /home/humbulani/miniconda3/envs/apache-airflow/lib/python3.8/site-packages/airflow/example_dags/example_short_circuit_decorator.py
[2023-03-26T21:55:54.877+0200] {logging_mixin.py:137} INFO - [2023-03-26T21:55:54.877+0200] {dag.py:2693} INFO - Sync 1 DAGs
[2023-03-26T21:55:54.898+0200] {logging_mixin.py:137} INFO - [2023-03-26T21:55:54.898+0200] {dag.py:3440} INFO - Setting next_dagrun for example_short_circuit_decorator to 2023-03-25T19:55:54.898208+00:00, run_after=2023-03-26T19:55:54.898208+00:00
[2023-03-26T21:55:55.036+0200] {processor.py:175} INFO - Processing /home/humbulani/miniconda3/envs/apache-airflow/lib/python3.8/site-packages/airflow/example_dags/example_short_circuit_decorator.py took 0.360 seconds
[2023-03-26T21:56:41.102+0200] {processor.py:153} INFO - Started process (PID=17494) to work on /home/humbulani/miniconda3/envs/apache-airflow/lib/python3.8/site-packages/airflow/example_dags/example_short_circuit_decorator.py
[2023-03-26T21:56:41.139+0200] {processor.py:743} INFO - Processing file /home/humbulani/miniconda3/envs/apache-airflow/lib/python3.8/site-packages/airflow/example_dags/example_short_circuit_decorator.py for tasks to queue
[2023-03-26T21:56:41.140+0200] {logging_mixin.py:137} INFO - [2023-03-26T21:56:41.139+0200] {dagbag.py:532} INFO - Filling up the DagBag from /home/humbulani/miniconda3/envs/apache-airflow/lib/python3.8/site-packages/airflow/example_dags/example_short_circuit_decorator.py
[2023-03-26T21:56:41.165+0200] {processor.py:753} INFO - DAG(s) dict_keys(['example_short_circuit_decorator']) retrieved from /home/humbulani/miniconda3/envs/apache-airflow/lib/python3.8/site-packages/airflow/example_dags/example_short_circuit_decorator.py
[2023-03-26T21:56:41.185+0200] {logging_mixin.py:137} INFO - [2023-03-26T21:56:41.184+0200] {dag.py:2693} INFO - Sync 1 DAGs
[2023-03-26T21:56:41.204+0200] {logging_mixin.py:137} INFO - [2023-03-26T21:56:41.204+0200] {dag.py:3440} INFO - Setting next_dagrun for example_short_circuit_decorator to 2023-03-25T19:56:41.204602+00:00, run_after=2023-03-26T19:56:41.204602+00:00
[2023-03-26T21:56:41.282+0200] {processor.py:175} INFO - Processing /home/humbulani/miniconda3/envs/apache-airflow/lib/python3.8/site-packages/airflow/example_dags/example_short_circuit_decorator.py took 0.182 seconds
[2023-03-26T21:57:23.835+0200] {processor.py:153} INFO - Started process (PID=17595) to work on /home/humbulani/miniconda3/envs/apache-airflow/lib/python3.8/site-packages/airflow/example_dags/example_short_circuit_decorator.py
[2023-03-26T21:57:23.850+0200] {processor.py:743} INFO - Processing file /home/humbulani/miniconda3/envs/apache-airflow/lib/python3.8/site-packages/airflow/example_dags/example_short_circuit_decorator.py for tasks to queue
[2023-03-26T21:57:23.851+0200] {logging_mixin.py:137} INFO - [2023-03-26T21:57:23.851+0200] {dagbag.py:532} INFO - Filling up the DagBag from /home/humbulani/miniconda3/envs/apache-airflow/lib/python3.8/site-packages/airflow/example_dags/example_short_circuit_decorator.py
[2023-03-26T21:57:23.879+0200] {processor.py:753} INFO - DAG(s) dict_keys(['example_short_circuit_decorator']) retrieved from /home/humbulani/miniconda3/envs/apache-airflow/lib/python3.8/site-packages/airflow/example_dags/example_short_circuit_decorator.py
[2023-03-26T21:57:23.898+0200] {logging_mixin.py:137} INFO - [2023-03-26T21:57:23.898+0200] {dag.py:2693} INFO - Sync 1 DAGs
[2023-03-26T21:57:23.915+0200] {logging_mixin.py:137} INFO - [2023-03-26T21:57:23.915+0200] {dag.py:3440} INFO - Setting next_dagrun for example_short_circuit_decorator to 2023-03-25T19:57:23.915642+00:00, run_after=2023-03-26T19:57:23.915642+00:00
[2023-03-26T21:57:23.994+0200] {processor.py:175} INFO - Processing /home/humbulani/miniconda3/envs/apache-airflow/lib/python3.8/site-packages/airflow/example_dags/example_short_circuit_decorator.py took 0.161 seconds
[2023-03-26T21:58:09.558+0200] {processor.py:153} INFO - Started process (PID=17814) to work on /home/humbulani/miniconda3/envs/apache-airflow/lib/python3.8/site-packages/airflow/example_dags/example_short_circuit_decorator.py
[2023-03-26T21:58:09.564+0200] {processor.py:743} INFO - Processing file /home/humbulani/miniconda3/envs/apache-airflow/lib/python3.8/site-packages/airflow/example_dags/example_short_circuit_decorator.py for tasks to queue
[2023-03-26T21:58:09.565+0200] {logging_mixin.py:137} INFO - [2023-03-26T21:58:09.565+0200] {dagbag.py:532} INFO - Filling up the DagBag from /home/humbulani/miniconda3/envs/apache-airflow/lib/python3.8/site-packages/airflow/example_dags/example_short_circuit_decorator.py
[2023-03-26T21:58:09.590+0200] {processor.py:753} INFO - DAG(s) dict_keys(['example_short_circuit_decorator']) retrieved from /home/humbulani/miniconda3/envs/apache-airflow/lib/python3.8/site-packages/airflow/example_dags/example_short_circuit_decorator.py
[2023-03-26T21:58:09.612+0200] {logging_mixin.py:137} INFO - [2023-03-26T21:58:09.612+0200] {dag.py:2693} INFO - Sync 1 DAGs
[2023-03-26T21:58:09.650+0200] {logging_mixin.py:137} INFO - [2023-03-26T21:58:09.650+0200] {dag.py:3440} INFO - Setting next_dagrun for example_short_circuit_decorator to 2023-03-25T19:58:09.650312+00:00, run_after=2023-03-26T19:58:09.650312+00:00
[2023-03-26T21:58:09.749+0200] {processor.py:175} INFO - Processing /home/humbulani/miniconda3/envs/apache-airflow/lib/python3.8/site-packages/airflow/example_dags/example_short_circuit_decorator.py took 0.193 seconds
[2023-03-26T21:58:57.361+0200] {processor.py:153} INFO - Started process (PID=17905) to work on /home/humbulani/miniconda3/envs/apache-airflow/lib/python3.8/site-packages/airflow/example_dags/example_short_circuit_decorator.py
[2023-03-26T21:58:57.376+0200] {processor.py:743} INFO - Processing file /home/humbulani/miniconda3/envs/apache-airflow/lib/python3.8/site-packages/airflow/example_dags/example_short_circuit_decorator.py for tasks to queue
[2023-03-26T21:58:57.377+0200] {logging_mixin.py:137} INFO - [2023-03-26T21:58:57.377+0200] {dagbag.py:532} INFO - Filling up the DagBag from /home/humbulani/miniconda3/envs/apache-airflow/lib/python3.8/site-packages/airflow/example_dags/example_short_circuit_decorator.py
[2023-03-26T21:58:57.399+0200] {processor.py:753} INFO - DAG(s) dict_keys(['example_short_circuit_decorator']) retrieved from /home/humbulani/miniconda3/envs/apache-airflow/lib/python3.8/site-packages/airflow/example_dags/example_short_circuit_decorator.py
[2023-03-26T21:58:57.417+0200] {logging_mixin.py:137} INFO - [2023-03-26T21:58:57.417+0200] {dag.py:2693} INFO - Sync 1 DAGs
[2023-03-26T21:58:57.435+0200] {logging_mixin.py:137} INFO - [2023-03-26T21:58:57.435+0200] {dag.py:3440} INFO - Setting next_dagrun for example_short_circuit_decorator to 2023-03-25T19:58:57.434963+00:00, run_after=2023-03-26T19:58:57.434963+00:00
[2023-03-26T21:58:57.558+0200] {processor.py:175} INFO - Processing /home/humbulani/miniconda3/envs/apache-airflow/lib/python3.8/site-packages/airflow/example_dags/example_short_circuit_decorator.py took 0.199 seconds
[2023-03-26T21:59:45.767+0200] {processor.py:153} INFO - Started process (PID=18122) to work on /home/humbulani/miniconda3/envs/apache-airflow/lib/python3.8/site-packages/airflow/example_dags/example_short_circuit_decorator.py
[2023-03-26T21:59:45.853+0200] {processor.py:743} INFO - Processing file /home/humbulani/miniconda3/envs/apache-airflow/lib/python3.8/site-packages/airflow/example_dags/example_short_circuit_decorator.py for tasks to queue
[2023-03-26T21:59:45.853+0200] {logging_mixin.py:137} INFO - [2023-03-26T21:59:45.853+0200] {dagbag.py:532} INFO - Filling up the DagBag from /home/humbulani/miniconda3/envs/apache-airflow/lib/python3.8/site-packages/airflow/example_dags/example_short_circuit_decorator.py
[2023-03-26T21:59:45.875+0200] {processor.py:753} INFO - DAG(s) dict_keys(['example_short_circuit_decorator']) retrieved from /home/humbulani/miniconda3/envs/apache-airflow/lib/python3.8/site-packages/airflow/example_dags/example_short_circuit_decorator.py
[2023-03-26T21:59:45.893+0200] {logging_mixin.py:137} INFO - [2023-03-26T21:59:45.893+0200] {dag.py:2693} INFO - Sync 1 DAGs
[2023-03-26T21:59:45.912+0200] {logging_mixin.py:137} INFO - [2023-03-26T21:59:45.912+0200] {dag.py:3440} INFO - Setting next_dagrun for example_short_circuit_decorator to 2023-03-25T19:59:45.911816+00:00, run_after=2023-03-26T19:59:45.911816+00:00
[2023-03-26T21:59:46.119+0200] {processor.py:175} INFO - Processing /home/humbulani/miniconda3/envs/apache-airflow/lib/python3.8/site-packages/airflow/example_dags/example_short_circuit_decorator.py took 0.355 seconds
[2023-03-26T22:00:32.211+0200] {processor.py:153} INFO - Started process (PID=18173) to work on /home/humbulani/miniconda3/envs/apache-airflow/lib/python3.8/site-packages/airflow/example_dags/example_short_circuit_decorator.py
[2023-03-26T22:00:32.265+0200] {processor.py:743} INFO - Processing file /home/humbulani/miniconda3/envs/apache-airflow/lib/python3.8/site-packages/airflow/example_dags/example_short_circuit_decorator.py for tasks to queue
[2023-03-26T22:00:32.267+0200] {logging_mixin.py:137} INFO - [2023-03-26T22:00:32.266+0200] {dagbag.py:532} INFO - Filling up the DagBag from /home/humbulani/miniconda3/envs/apache-airflow/lib/python3.8/site-packages/airflow/example_dags/example_short_circuit_decorator.py
[2023-03-26T22:00:32.296+0200] {processor.py:753} INFO - DAG(s) dict_keys(['example_short_circuit_decorator']) retrieved from /home/humbulani/miniconda3/envs/apache-airflow/lib/python3.8/site-packages/airflow/example_dags/example_short_circuit_decorator.py
[2023-03-26T22:00:32.319+0200] {logging_mixin.py:137} INFO - [2023-03-26T22:00:32.319+0200] {dag.py:2693} INFO - Sync 1 DAGs
[2023-03-26T22:00:32.337+0200] {logging_mixin.py:137} INFO - [2023-03-26T22:00:32.337+0200] {dag.py:3440} INFO - Setting next_dagrun for example_short_circuit_decorator to 2023-03-25T20:00:32.337434+00:00, run_after=2023-03-26T20:00:32.337434+00:00
[2023-03-26T22:00:32.425+0200] {processor.py:175} INFO - Processing /home/humbulani/miniconda3/envs/apache-airflow/lib/python3.8/site-packages/airflow/example_dags/example_short_circuit_decorator.py took 0.217 seconds
[2023-03-26T22:01:16.643+0200] {processor.py:153} INFO - Started process (PID=18268) to work on /home/humbulani/miniconda3/envs/apache-airflow/lib/python3.8/site-packages/airflow/example_dags/example_short_circuit_decorator.py
[2023-03-26T22:01:16.676+0200] {processor.py:743} INFO - Processing file /home/humbulani/miniconda3/envs/apache-airflow/lib/python3.8/site-packages/airflow/example_dags/example_short_circuit_decorator.py for tasks to queue
[2023-03-26T22:01:16.677+0200] {logging_mixin.py:137} INFO - [2023-03-26T22:01:16.676+0200] {dagbag.py:532} INFO - Filling up the DagBag from /home/humbulani/miniconda3/envs/apache-airflow/lib/python3.8/site-packages/airflow/example_dags/example_short_circuit_decorator.py
[2023-03-26T22:01:16.700+0200] {processor.py:753} INFO - DAG(s) dict_keys(['example_short_circuit_decorator']) retrieved from /home/humbulani/miniconda3/envs/apache-airflow/lib/python3.8/site-packages/airflow/example_dags/example_short_circuit_decorator.py
[2023-03-26T22:01:16.720+0200] {logging_mixin.py:137} INFO - [2023-03-26T22:01:16.720+0200] {dag.py:2693} INFO - Sync 1 DAGs
[2023-03-26T22:01:16.737+0200] {logging_mixin.py:137} INFO - [2023-03-26T22:01:16.737+0200] {dag.py:3440} INFO - Setting next_dagrun for example_short_circuit_decorator to 2023-03-25T20:01:16.737238+00:00, run_after=2023-03-26T20:01:16.737238+00:00
[2023-03-26T22:01:16.888+0200] {processor.py:175} INFO - Processing /home/humbulani/miniconda3/envs/apache-airflow/lib/python3.8/site-packages/airflow/example_dags/example_short_circuit_decorator.py took 0.247 seconds
[2023-03-26T22:02:04.667+0200] {processor.py:153} INFO - Started process (PID=18513) to work on /home/humbulani/miniconda3/envs/apache-airflow/lib/python3.8/site-packages/airflow/example_dags/example_short_circuit_decorator.py
[2023-03-26T22:02:04.677+0200] {processor.py:743} INFO - Processing file /home/humbulani/miniconda3/envs/apache-airflow/lib/python3.8/site-packages/airflow/example_dags/example_short_circuit_decorator.py for tasks to queue
[2023-03-26T22:02:04.678+0200] {logging_mixin.py:137} INFO - [2023-03-26T22:02:04.677+0200] {dagbag.py:532} INFO - Filling up the DagBag from /home/humbulani/miniconda3/envs/apache-airflow/lib/python3.8/site-packages/airflow/example_dags/example_short_circuit_decorator.py
[2023-03-26T22:02:04.700+0200] {processor.py:753} INFO - DAG(s) dict_keys(['example_short_circuit_decorator']) retrieved from /home/humbulani/miniconda3/envs/apache-airflow/lib/python3.8/site-packages/airflow/example_dags/example_short_circuit_decorator.py
[2023-03-26T22:02:04.717+0200] {logging_mixin.py:137} INFO - [2023-03-26T22:02:04.717+0200] {dag.py:2693} INFO - Sync 1 DAGs
[2023-03-26T22:02:04.734+0200] {logging_mixin.py:137} INFO - [2023-03-26T22:02:04.734+0200] {dag.py:3440} INFO - Setting next_dagrun for example_short_circuit_decorator to 2023-03-25T20:02:04.734258+00:00, run_after=2023-03-26T20:02:04.734258+00:00
[2023-03-26T22:02:04.820+0200] {processor.py:175} INFO - Processing /home/humbulani/miniconda3/envs/apache-airflow/lib/python3.8/site-packages/airflow/example_dags/example_short_circuit_decorator.py took 0.155 seconds
[2023-03-26T22:02:51.612+0200] {processor.py:153} INFO - Started process (PID=18570) to work on /home/humbulani/miniconda3/envs/apache-airflow/lib/python3.8/site-packages/airflow/example_dags/example_short_circuit_decorator.py
[2023-03-26T22:02:51.647+0200] {processor.py:743} INFO - Processing file /home/humbulani/miniconda3/envs/apache-airflow/lib/python3.8/site-packages/airflow/example_dags/example_short_circuit_decorator.py for tasks to queue
[2023-03-26T22:02:51.648+0200] {logging_mixin.py:137} INFO - [2023-03-26T22:02:51.647+0200] {dagbag.py:532} INFO - Filling up the DagBag from /home/humbulani/miniconda3/envs/apache-airflow/lib/python3.8/site-packages/airflow/example_dags/example_short_circuit_decorator.py
[2023-03-26T22:02:51.671+0200] {processor.py:753} INFO - DAG(s) dict_keys(['example_short_circuit_decorator']) retrieved from /home/humbulani/miniconda3/envs/apache-airflow/lib/python3.8/site-packages/airflow/example_dags/example_short_circuit_decorator.py
[2023-03-26T22:02:51.690+0200] {logging_mixin.py:137} INFO - [2023-03-26T22:02:51.689+0200] {dag.py:2693} INFO - Sync 1 DAGs
[2023-03-26T22:02:51.707+0200] {logging_mixin.py:137} INFO - [2023-03-26T22:02:51.707+0200] {dag.py:3440} INFO - Setting next_dagrun for example_short_circuit_decorator to 2023-03-25T20:02:51.707527+00:00, run_after=2023-03-26T20:02:51.707527+00:00
[2023-03-26T22:02:51.903+0200] {processor.py:175} INFO - Processing /home/humbulani/miniconda3/envs/apache-airflow/lib/python3.8/site-packages/airflow/example_dags/example_short_circuit_decorator.py took 0.293 seconds
[2023-03-26T22:03:36.982+0200] {processor.py:153} INFO - Started process (PID=18624) to work on /home/humbulani/miniconda3/envs/apache-airflow/lib/python3.8/site-packages/airflow/example_dags/example_short_circuit_decorator.py
[2023-03-26T22:03:36.994+0200] {processor.py:743} INFO - Processing file /home/humbulani/miniconda3/envs/apache-airflow/lib/python3.8/site-packages/airflow/example_dags/example_short_circuit_decorator.py for tasks to queue
[2023-03-26T22:03:36.995+0200] {logging_mixin.py:137} INFO - [2023-03-26T22:03:36.994+0200] {dagbag.py:532} INFO - Filling up the DagBag from /home/humbulani/miniconda3/envs/apache-airflow/lib/python3.8/site-packages/airflow/example_dags/example_short_circuit_decorator.py
[2023-03-26T22:03:37.016+0200] {processor.py:753} INFO - DAG(s) dict_keys(['example_short_circuit_decorator']) retrieved from /home/humbulani/miniconda3/envs/apache-airflow/lib/python3.8/site-packages/airflow/example_dags/example_short_circuit_decorator.py
[2023-03-26T22:03:37.034+0200] {logging_mixin.py:137} INFO - [2023-03-26T22:03:37.034+0200] {dag.py:2693} INFO - Sync 1 DAGs
[2023-03-26T22:03:37.053+0200] {logging_mixin.py:137} INFO - [2023-03-26T22:03:37.053+0200] {dag.py:3440} INFO - Setting next_dagrun for example_short_circuit_decorator to 2023-03-25T20:03:37.053602+00:00, run_after=2023-03-26T20:03:37.053602+00:00
[2023-03-26T22:03:37.145+0200] {processor.py:175} INFO - Processing /home/humbulani/miniconda3/envs/apache-airflow/lib/python3.8/site-packages/airflow/example_dags/example_short_circuit_decorator.py took 0.167 seconds
[2023-03-26T22:04:22.032+0200] {processor.py:153} INFO - Started process (PID=18684) to work on /home/humbulani/miniconda3/envs/apache-airflow/lib/python3.8/site-packages/airflow/example_dags/example_short_circuit_decorator.py
[2023-03-26T22:04:22.039+0200] {processor.py:743} INFO - Processing file /home/humbulani/miniconda3/envs/apache-airflow/lib/python3.8/site-packages/airflow/example_dags/example_short_circuit_decorator.py for tasks to queue
[2023-03-26T22:04:22.039+0200] {logging_mixin.py:137} INFO - [2023-03-26T22:04:22.039+0200] {dagbag.py:532} INFO - Filling up the DagBag from /home/humbulani/miniconda3/envs/apache-airflow/lib/python3.8/site-packages/airflow/example_dags/example_short_circuit_decorator.py
[2023-03-26T22:04:22.062+0200] {processor.py:753} INFO - DAG(s) dict_keys(['example_short_circuit_decorator']) retrieved from /home/humbulani/miniconda3/envs/apache-airflow/lib/python3.8/site-packages/airflow/example_dags/example_short_circuit_decorator.py
[2023-03-26T22:04:22.079+0200] {logging_mixin.py:137} INFO - [2023-03-26T22:04:22.079+0200] {dag.py:2693} INFO - Sync 1 DAGs
[2023-03-26T22:04:22.098+0200] {logging_mixin.py:137} INFO - [2023-03-26T22:04:22.098+0200] {dag.py:3440} INFO - Setting next_dagrun for example_short_circuit_decorator to 2023-03-25T20:04:22.098040+00:00, run_after=2023-03-26T20:04:22.098040+00:00
[2023-03-26T22:04:22.190+0200] {processor.py:175} INFO - Processing /home/humbulani/miniconda3/envs/apache-airflow/lib/python3.8/site-packages/airflow/example_dags/example_short_circuit_decorator.py took 0.161 seconds
[2023-03-26T22:05:07.278+0200] {processor.py:153} INFO - Started process (PID=18743) to work on /home/humbulani/miniconda3/envs/apache-airflow/lib/python3.8/site-packages/airflow/example_dags/example_short_circuit_decorator.py
[2023-03-26T22:05:07.284+0200] {processor.py:743} INFO - Processing file /home/humbulani/miniconda3/envs/apache-airflow/lib/python3.8/site-packages/airflow/example_dags/example_short_circuit_decorator.py for tasks to queue
[2023-03-26T22:05:07.285+0200] {logging_mixin.py:137} INFO - [2023-03-26T22:05:07.284+0200] {dagbag.py:532} INFO - Filling up the DagBag from /home/humbulani/miniconda3/envs/apache-airflow/lib/python3.8/site-packages/airflow/example_dags/example_short_circuit_decorator.py
[2023-03-26T22:05:07.307+0200] {processor.py:753} INFO - DAG(s) dict_keys(['example_short_circuit_decorator']) retrieved from /home/humbulani/miniconda3/envs/apache-airflow/lib/python3.8/site-packages/airflow/example_dags/example_short_circuit_decorator.py
[2023-03-26T22:05:07.326+0200] {logging_mixin.py:137} INFO - [2023-03-26T22:05:07.325+0200] {dag.py:2693} INFO - Sync 1 DAGs
[2023-03-26T22:05:07.343+0200] {logging_mixin.py:137} INFO - [2023-03-26T22:05:07.343+0200] {dag.py:3440} INFO - Setting next_dagrun for example_short_circuit_decorator to 2023-03-25T20:05:07.343457+00:00, run_after=2023-03-26T20:05:07.343457+00:00
[2023-03-26T22:05:07.419+0200] {processor.py:175} INFO - Processing /home/humbulani/miniconda3/envs/apache-airflow/lib/python3.8/site-packages/airflow/example_dags/example_short_circuit_decorator.py took 0.144 seconds
[2023-03-26T22:05:51.777+0200] {processor.py:153} INFO - Started process (PID=18794) to work on /home/humbulani/miniconda3/envs/apache-airflow/lib/python3.8/site-packages/airflow/example_dags/example_short_circuit_decorator.py
[2023-03-26T22:05:51.786+0200] {processor.py:743} INFO - Processing file /home/humbulani/miniconda3/envs/apache-airflow/lib/python3.8/site-packages/airflow/example_dags/example_short_circuit_decorator.py for tasks to queue
[2023-03-26T22:05:51.787+0200] {logging_mixin.py:137} INFO - [2023-03-26T22:05:51.787+0200] {dagbag.py:532} INFO - Filling up the DagBag from /home/humbulani/miniconda3/envs/apache-airflow/lib/python3.8/site-packages/airflow/example_dags/example_short_circuit_decorator.py
[2023-03-26T22:05:51.816+0200] {processor.py:753} INFO - DAG(s) dict_keys(['example_short_circuit_decorator']) retrieved from /home/humbulani/miniconda3/envs/apache-airflow/lib/python3.8/site-packages/airflow/example_dags/example_short_circuit_decorator.py
[2023-03-26T22:05:51.834+0200] {logging_mixin.py:137} INFO - [2023-03-26T22:05:51.834+0200] {dag.py:2693} INFO - Sync 1 DAGs
[2023-03-26T22:05:51.852+0200] {logging_mixin.py:137} INFO - [2023-03-26T22:05:51.852+0200] {dag.py:3440} INFO - Setting next_dagrun for example_short_circuit_decorator to 2023-03-25T20:05:51.852136+00:00, run_after=2023-03-26T20:05:51.852136+00:00
[2023-03-26T22:05:51.928+0200] {processor.py:175} INFO - Processing /home/humbulani/miniconda3/envs/apache-airflow/lib/python3.8/site-packages/airflow/example_dags/example_short_circuit_decorator.py took 0.155 seconds
[2023-03-26T22:06:37.930+0200] {processor.py:153} INFO - Started process (PID=18839) to work on /home/humbulani/miniconda3/envs/apache-airflow/lib/python3.8/site-packages/airflow/example_dags/example_short_circuit_decorator.py
[2023-03-26T22:06:37.951+0200] {processor.py:743} INFO - Processing file /home/humbulani/miniconda3/envs/apache-airflow/lib/python3.8/site-packages/airflow/example_dags/example_short_circuit_decorator.py for tasks to queue
[2023-03-26T22:06:37.951+0200] {logging_mixin.py:137} INFO - [2023-03-26T22:06:37.951+0200] {dagbag.py:532} INFO - Filling up the DagBag from /home/humbulani/miniconda3/envs/apache-airflow/lib/python3.8/site-packages/airflow/example_dags/example_short_circuit_decorator.py
[2023-03-26T22:06:37.981+0200] {processor.py:753} INFO - DAG(s) dict_keys(['example_short_circuit_decorator']) retrieved from /home/humbulani/miniconda3/envs/apache-airflow/lib/python3.8/site-packages/airflow/example_dags/example_short_circuit_decorator.py
[2023-03-26T22:06:38.001+0200] {logging_mixin.py:137} INFO - [2023-03-26T22:06:38.001+0200] {dag.py:2693} INFO - Sync 1 DAGs
[2023-03-26T22:06:38.018+0200] {logging_mixin.py:137} INFO - [2023-03-26T22:06:38.018+0200] {dag.py:3440} INFO - Setting next_dagrun for example_short_circuit_decorator to 2023-03-25T20:06:38.017958+00:00, run_after=2023-03-26T20:06:38.017958+00:00
[2023-03-26T22:06:38.104+0200] {processor.py:175} INFO - Processing /home/humbulani/miniconda3/envs/apache-airflow/lib/python3.8/site-packages/airflow/example_dags/example_short_circuit_decorator.py took 0.178 seconds
[2023-03-26T22:07:25.089+0200] {processor.py:153} INFO - Started process (PID=18985) to work on /home/humbulani/miniconda3/envs/apache-airflow/lib/python3.8/site-packages/airflow/example_dags/example_short_circuit_decorator.py
[2023-03-26T22:07:25.107+0200] {processor.py:743} INFO - Processing file /home/humbulani/miniconda3/envs/apache-airflow/lib/python3.8/site-packages/airflow/example_dags/example_short_circuit_decorator.py for tasks to queue
[2023-03-26T22:07:25.107+0200] {logging_mixin.py:137} INFO - [2023-03-26T22:07:25.107+0200] {dagbag.py:532} INFO - Filling up the DagBag from /home/humbulani/miniconda3/envs/apache-airflow/lib/python3.8/site-packages/airflow/example_dags/example_short_circuit_decorator.py
[2023-03-26T22:07:25.129+0200] {processor.py:753} INFO - DAG(s) dict_keys(['example_short_circuit_decorator']) retrieved from /home/humbulani/miniconda3/envs/apache-airflow/lib/python3.8/site-packages/airflow/example_dags/example_short_circuit_decorator.py
[2023-03-26T22:07:25.146+0200] {logging_mixin.py:137} INFO - [2023-03-26T22:07:25.146+0200] {dag.py:2693} INFO - Sync 1 DAGs
[2023-03-26T22:07:25.163+0200] {logging_mixin.py:137} INFO - [2023-03-26T22:07:25.163+0200] {dag.py:3440} INFO - Setting next_dagrun for example_short_circuit_decorator to 2023-03-25T20:07:25.163235+00:00, run_after=2023-03-26T20:07:25.163235+00:00
[2023-03-26T22:07:25.248+0200] {processor.py:175} INFO - Processing /home/humbulani/miniconda3/envs/apache-airflow/lib/python3.8/site-packages/airflow/example_dags/example_short_circuit_decorator.py took 0.164 seconds
[2023-03-26T22:08:08.903+0200] {processor.py:153} INFO - Started process (PID=19029) to work on /home/humbulani/miniconda3/envs/apache-airflow/lib/python3.8/site-packages/airflow/example_dags/example_short_circuit_decorator.py
[2023-03-26T22:08:08.904+0200] {processor.py:743} INFO - Processing file /home/humbulani/miniconda3/envs/apache-airflow/lib/python3.8/site-packages/airflow/example_dags/example_short_circuit_decorator.py for tasks to queue
[2023-03-26T22:08:08.905+0200] {logging_mixin.py:137} INFO - [2023-03-26T22:08:08.905+0200] {dagbag.py:532} INFO - Filling up the DagBag from /home/humbulani/miniconda3/envs/apache-airflow/lib/python3.8/site-packages/airflow/example_dags/example_short_circuit_decorator.py
[2023-03-26T22:08:08.927+0200] {processor.py:753} INFO - DAG(s) dict_keys(['example_short_circuit_decorator']) retrieved from /home/humbulani/miniconda3/envs/apache-airflow/lib/python3.8/site-packages/airflow/example_dags/example_short_circuit_decorator.py
[2023-03-26T22:08:08.946+0200] {logging_mixin.py:137} INFO - [2023-03-26T22:08:08.945+0200] {dag.py:2693} INFO - Sync 1 DAGs
[2023-03-26T22:08:08.964+0200] {logging_mixin.py:137} INFO - [2023-03-26T22:08:08.964+0200] {dag.py:3440} INFO - Setting next_dagrun for example_short_circuit_decorator to 2023-03-25T20:08:08.963831+00:00, run_after=2023-03-26T20:08:08.963831+00:00
[2023-03-26T22:08:09.045+0200] {processor.py:175} INFO - Processing /home/humbulani/miniconda3/envs/apache-airflow/lib/python3.8/site-packages/airflow/example_dags/example_short_circuit_decorator.py took 0.145 seconds
[2023-03-26T22:08:56.016+0200] {processor.py:153} INFO - Started process (PID=19115) to work on /home/humbulani/miniconda3/envs/apache-airflow/lib/python3.8/site-packages/airflow/example_dags/example_short_circuit_decorator.py
[2023-03-26T22:08:56.020+0200] {processor.py:743} INFO - Processing file /home/humbulani/miniconda3/envs/apache-airflow/lib/python3.8/site-packages/airflow/example_dags/example_short_circuit_decorator.py for tasks to queue
[2023-03-26T22:08:56.021+0200] {logging_mixin.py:137} INFO - [2023-03-26T22:08:56.021+0200] {dagbag.py:532} INFO - Filling up the DagBag from /home/humbulani/miniconda3/envs/apache-airflow/lib/python3.8/site-packages/airflow/example_dags/example_short_circuit_decorator.py
[2023-03-26T22:08:56.044+0200] {processor.py:753} INFO - DAG(s) dict_keys(['example_short_circuit_decorator']) retrieved from /home/humbulani/miniconda3/envs/apache-airflow/lib/python3.8/site-packages/airflow/example_dags/example_short_circuit_decorator.py
[2023-03-26T22:08:56.064+0200] {logging_mixin.py:137} INFO - [2023-03-26T22:08:56.064+0200] {dag.py:2693} INFO - Sync 1 DAGs
[2023-03-26T22:08:56.084+0200] {logging_mixin.py:137} INFO - [2023-03-26T22:08:56.083+0200] {dag.py:3440} INFO - Setting next_dagrun for example_short_circuit_decorator to 2023-03-25T20:08:56.083752+00:00, run_after=2023-03-26T20:08:56.083752+00:00
[2023-03-26T22:08:56.168+0200] {processor.py:175} INFO - Processing /home/humbulani/miniconda3/envs/apache-airflow/lib/python3.8/site-packages/airflow/example_dags/example_short_circuit_decorator.py took 0.155 seconds
[2023-03-26T22:09:43.984+0200] {processor.py:153} INFO - Started process (PID=19159) to work on /home/humbulani/miniconda3/envs/apache-airflow/lib/python3.8/site-packages/airflow/example_dags/example_short_circuit_decorator.py
[2023-03-26T22:09:43.985+0200] {processor.py:743} INFO - Processing file /home/humbulani/miniconda3/envs/apache-airflow/lib/python3.8/site-packages/airflow/example_dags/example_short_circuit_decorator.py for tasks to queue
[2023-03-26T22:09:43.986+0200] {logging_mixin.py:137} INFO - [2023-03-26T22:09:43.986+0200] {dagbag.py:532} INFO - Filling up the DagBag from /home/humbulani/miniconda3/envs/apache-airflow/lib/python3.8/site-packages/airflow/example_dags/example_short_circuit_decorator.py
[2023-03-26T22:09:44.011+0200] {processor.py:753} INFO - DAG(s) dict_keys(['example_short_circuit_decorator']) retrieved from /home/humbulani/miniconda3/envs/apache-airflow/lib/python3.8/site-packages/airflow/example_dags/example_short_circuit_decorator.py
[2023-03-26T22:09:44.033+0200] {logging_mixin.py:137} INFO - [2023-03-26T22:09:44.032+0200] {dag.py:2693} INFO - Sync 1 DAGs
[2023-03-26T22:09:44.054+0200] {logging_mixin.py:137} INFO - [2023-03-26T22:09:44.054+0200] {dag.py:3440} INFO - Setting next_dagrun for example_short_circuit_decorator to 2023-03-25T20:09:44.054127+00:00, run_after=2023-03-26T20:09:44.054127+00:00
[2023-03-26T22:09:44.133+0200] {processor.py:175} INFO - Processing /home/humbulani/miniconda3/envs/apache-airflow/lib/python3.8/site-packages/airflow/example_dags/example_short_circuit_decorator.py took 0.153 seconds
[2023-03-26T22:10:26.863+0200] {processor.py:153} INFO - Started process (PID=19218) to work on /home/humbulani/miniconda3/envs/apache-airflow/lib/python3.8/site-packages/airflow/example_dags/example_short_circuit_decorator.py
[2023-03-26T22:10:26.864+0200] {processor.py:743} INFO - Processing file /home/humbulani/miniconda3/envs/apache-airflow/lib/python3.8/site-packages/airflow/example_dags/example_short_circuit_decorator.py for tasks to queue
[2023-03-26T22:10:26.864+0200] {logging_mixin.py:137} INFO - [2023-03-26T22:10:26.864+0200] {dagbag.py:532} INFO - Filling up the DagBag from /home/humbulani/miniconda3/envs/apache-airflow/lib/python3.8/site-packages/airflow/example_dags/example_short_circuit_decorator.py
[2023-03-26T22:10:26.886+0200] {processor.py:753} INFO - DAG(s) dict_keys(['example_short_circuit_decorator']) retrieved from /home/humbulani/miniconda3/envs/apache-airflow/lib/python3.8/site-packages/airflow/example_dags/example_short_circuit_decorator.py
[2023-03-26T22:10:26.904+0200] {logging_mixin.py:137} INFO - [2023-03-26T22:10:26.904+0200] {dag.py:2693} INFO - Sync 1 DAGs
[2023-03-26T22:10:26.922+0200] {logging_mixin.py:137} INFO - [2023-03-26T22:10:26.922+0200] {dag.py:3440} INFO - Setting next_dagrun for example_short_circuit_decorator to 2023-03-25T20:10:26.922206+00:00, run_after=2023-03-26T20:10:26.922206+00:00
[2023-03-26T22:10:27.005+0200] {processor.py:175} INFO - Processing /home/humbulani/miniconda3/envs/apache-airflow/lib/python3.8/site-packages/airflow/example_dags/example_short_circuit_decorator.py took 0.144 seconds
[2023-03-26T22:11:14.925+0200] {processor.py:153} INFO - Started process (PID=19332) to work on /home/humbulani/miniconda3/envs/apache-airflow/lib/python3.8/site-packages/airflow/example_dags/example_short_circuit_decorator.py
[2023-03-26T22:11:14.926+0200] {processor.py:743} INFO - Processing file /home/humbulani/miniconda3/envs/apache-airflow/lib/python3.8/site-packages/airflow/example_dags/example_short_circuit_decorator.py for tasks to queue
[2023-03-26T22:11:14.926+0200] {logging_mixin.py:137} INFO - [2023-03-26T22:11:14.926+0200] {dagbag.py:532} INFO - Filling up the DagBag from /home/humbulani/miniconda3/envs/apache-airflow/lib/python3.8/site-packages/airflow/example_dags/example_short_circuit_decorator.py
[2023-03-26T22:11:14.948+0200] {processor.py:753} INFO - DAG(s) dict_keys(['example_short_circuit_decorator']) retrieved from /home/humbulani/miniconda3/envs/apache-airflow/lib/python3.8/site-packages/airflow/example_dags/example_short_circuit_decorator.py
[2023-03-26T22:11:14.966+0200] {logging_mixin.py:137} INFO - [2023-03-26T22:11:14.966+0200] {dag.py:2693} INFO - Sync 1 DAGs
[2023-03-26T22:11:14.983+0200] {logging_mixin.py:137} INFO - [2023-03-26T22:11:14.983+0200] {dag.py:3440} INFO - Setting next_dagrun for example_short_circuit_decorator to 2023-03-25T20:11:14.982930+00:00, run_after=2023-03-26T20:11:14.982930+00:00
[2023-03-26T22:11:15.060+0200] {processor.py:175} INFO - Processing /home/humbulani/miniconda3/envs/apache-airflow/lib/python3.8/site-packages/airflow/example_dags/example_short_circuit_decorator.py took 0.138 seconds
[2023-03-26T22:12:01.100+0200] {processor.py:153} INFO - Started process (PID=19374) to work on /home/humbulani/miniconda3/envs/apache-airflow/lib/python3.8/site-packages/airflow/example_dags/example_short_circuit_decorator.py
[2023-03-26T22:12:01.112+0200] {processor.py:743} INFO - Processing file /home/humbulani/miniconda3/envs/apache-airflow/lib/python3.8/site-packages/airflow/example_dags/example_short_circuit_decorator.py for tasks to queue
[2023-03-26T22:12:01.112+0200] {logging_mixin.py:137} INFO - [2023-03-26T22:12:01.112+0200] {dagbag.py:532} INFO - Filling up the DagBag from /home/humbulani/miniconda3/envs/apache-airflow/lib/python3.8/site-packages/airflow/example_dags/example_short_circuit_decorator.py
[2023-03-26T22:12:01.135+0200] {processor.py:753} INFO - DAG(s) dict_keys(['example_short_circuit_decorator']) retrieved from /home/humbulani/miniconda3/envs/apache-airflow/lib/python3.8/site-packages/airflow/example_dags/example_short_circuit_decorator.py
[2023-03-26T22:12:01.153+0200] {logging_mixin.py:137} INFO - [2023-03-26T22:12:01.153+0200] {dag.py:2693} INFO - Sync 1 DAGs
[2023-03-26T22:12:01.171+0200] {logging_mixin.py:137} INFO - [2023-03-26T22:12:01.171+0200] {dag.py:3440} INFO - Setting next_dagrun for example_short_circuit_decorator to 2023-03-25T20:12:01.171482+00:00, run_after=2023-03-26T20:12:01.171482+00:00
[2023-03-26T22:12:01.264+0200] {processor.py:175} INFO - Processing /home/humbulani/miniconda3/envs/apache-airflow/lib/python3.8/site-packages/airflow/example_dags/example_short_circuit_decorator.py took 0.166 seconds
[2023-03-26T22:12:44.467+0200] {processor.py:153} INFO - Started process (PID=19485) to work on /home/humbulani/miniconda3/envs/apache-airflow/lib/python3.8/site-packages/airflow/example_dags/example_short_circuit_decorator.py
[2023-03-26T22:12:44.533+0200] {processor.py:743} INFO - Processing file /home/humbulani/miniconda3/envs/apache-airflow/lib/python3.8/site-packages/airflow/example_dags/example_short_circuit_decorator.py for tasks to queue
[2023-03-26T22:12:44.534+0200] {logging_mixin.py:137} INFO - [2023-03-26T22:12:44.534+0200] {dagbag.py:532} INFO - Filling up the DagBag from /home/humbulani/miniconda3/envs/apache-airflow/lib/python3.8/site-packages/airflow/example_dags/example_short_circuit_decorator.py
[2023-03-26T22:12:44.556+0200] {processor.py:753} INFO - DAG(s) dict_keys(['example_short_circuit_decorator']) retrieved from /home/humbulani/miniconda3/envs/apache-airflow/lib/python3.8/site-packages/airflow/example_dags/example_short_circuit_decorator.py
[2023-03-26T22:12:44.575+0200] {logging_mixin.py:137} INFO - [2023-03-26T22:12:44.575+0200] {dag.py:2693} INFO - Sync 1 DAGs
[2023-03-26T22:12:44.594+0200] {logging_mixin.py:137} INFO - [2023-03-26T22:12:44.594+0200] {dag.py:3440} INFO - Setting next_dagrun for example_short_circuit_decorator to 2023-03-25T20:12:44.593831+00:00, run_after=2023-03-26T20:12:44.593831+00:00
[2023-03-26T22:12:44.685+0200] {processor.py:175} INFO - Processing /home/humbulani/miniconda3/envs/apache-airflow/lib/python3.8/site-packages/airflow/example_dags/example_short_circuit_decorator.py took 0.220 seconds
[2023-03-26T22:13:32.748+0200] {processor.py:153} INFO - Started process (PID=19528) to work on /home/humbulani/miniconda3/envs/apache-airflow/lib/python3.8/site-packages/airflow/example_dags/example_short_circuit_decorator.py
[2023-03-26T22:13:32.788+0200] {processor.py:743} INFO - Processing file /home/humbulani/miniconda3/envs/apache-airflow/lib/python3.8/site-packages/airflow/example_dags/example_short_circuit_decorator.py for tasks to queue
[2023-03-26T22:13:32.789+0200] {logging_mixin.py:137} INFO - [2023-03-26T22:13:32.789+0200] {dagbag.py:532} INFO - Filling up the DagBag from /home/humbulani/miniconda3/envs/apache-airflow/lib/python3.8/site-packages/airflow/example_dags/example_short_circuit_decorator.py
[2023-03-26T22:13:32.817+0200] {processor.py:753} INFO - DAG(s) dict_keys(['example_short_circuit_decorator']) retrieved from /home/humbulani/miniconda3/envs/apache-airflow/lib/python3.8/site-packages/airflow/example_dags/example_short_circuit_decorator.py
[2023-03-26T22:13:32.840+0200] {logging_mixin.py:137} INFO - [2023-03-26T22:13:32.840+0200] {dag.py:2693} INFO - Sync 1 DAGs
[2023-03-26T22:13:32.857+0200] {logging_mixin.py:137} INFO - [2023-03-26T22:13:32.857+0200] {dag.py:3440} INFO - Setting next_dagrun for example_short_circuit_decorator to 2023-03-25T20:13:32.857258+00:00, run_after=2023-03-26T20:13:32.857258+00:00
[2023-03-26T22:13:32.941+0200] {processor.py:175} INFO - Processing /home/humbulani/miniconda3/envs/apache-airflow/lib/python3.8/site-packages/airflow/example_dags/example_short_circuit_decorator.py took 0.197 seconds
[2023-03-26T22:14:19.096+0200] {processor.py:153} INFO - Started process (PID=19573) to work on /home/humbulani/miniconda3/envs/apache-airflow/lib/python3.8/site-packages/airflow/example_dags/example_short_circuit_decorator.py
[2023-03-26T22:14:19.097+0200] {processor.py:743} INFO - Processing file /home/humbulani/miniconda3/envs/apache-airflow/lib/python3.8/site-packages/airflow/example_dags/example_short_circuit_decorator.py for tasks to queue
[2023-03-26T22:14:19.098+0200] {logging_mixin.py:137} INFO - [2023-03-26T22:14:19.098+0200] {dagbag.py:532} INFO - Filling up the DagBag from /home/humbulani/miniconda3/envs/apache-airflow/lib/python3.8/site-packages/airflow/example_dags/example_short_circuit_decorator.py
[2023-03-26T22:14:19.125+0200] {processor.py:753} INFO - DAG(s) dict_keys(['example_short_circuit_decorator']) retrieved from /home/humbulani/miniconda3/envs/apache-airflow/lib/python3.8/site-packages/airflow/example_dags/example_short_circuit_decorator.py
[2023-03-26T22:14:19.143+0200] {logging_mixin.py:137} INFO - [2023-03-26T22:14:19.143+0200] {dag.py:2693} INFO - Sync 1 DAGs
[2023-03-26T22:14:19.162+0200] {logging_mixin.py:137} INFO - [2023-03-26T22:14:19.162+0200] {dag.py:3440} INFO - Setting next_dagrun for example_short_circuit_decorator to 2023-03-25T20:14:19.161849+00:00, run_after=2023-03-26T20:14:19.161849+00:00
[2023-03-26T22:14:19.244+0200] {processor.py:175} INFO - Processing /home/humbulani/miniconda3/envs/apache-airflow/lib/python3.8/site-packages/airflow/example_dags/example_short_circuit_decorator.py took 0.151 seconds
[2023-03-26T22:15:05.771+0200] {processor.py:153} INFO - Started process (PID=19656) to work on /home/humbulani/miniconda3/envs/apache-airflow/lib/python3.8/site-packages/airflow/example_dags/example_short_circuit_decorator.py
[2023-03-26T22:15:05.801+0200] {processor.py:743} INFO - Processing file /home/humbulani/miniconda3/envs/apache-airflow/lib/python3.8/site-packages/airflow/example_dags/example_short_circuit_decorator.py for tasks to queue
[2023-03-26T22:15:05.801+0200] {logging_mixin.py:137} INFO - [2023-03-26T22:15:05.801+0200] {dagbag.py:532} INFO - Filling up the DagBag from /home/humbulani/miniconda3/envs/apache-airflow/lib/python3.8/site-packages/airflow/example_dags/example_short_circuit_decorator.py
[2023-03-26T22:15:05.824+0200] {processor.py:753} INFO - DAG(s) dict_keys(['example_short_circuit_decorator']) retrieved from /home/humbulani/miniconda3/envs/apache-airflow/lib/python3.8/site-packages/airflow/example_dags/example_short_circuit_decorator.py
[2023-03-26T22:15:05.842+0200] {logging_mixin.py:137} INFO - [2023-03-26T22:15:05.842+0200] {dag.py:2693} INFO - Sync 1 DAGs
[2023-03-26T22:15:05.859+0200] {logging_mixin.py:137} INFO - [2023-03-26T22:15:05.859+0200] {dag.py:3440} INFO - Setting next_dagrun for example_short_circuit_decorator to 2023-03-25T20:15:05.859363+00:00, run_after=2023-03-26T20:15:05.859363+00:00
[2023-03-26T22:15:06.352+0200] {processor.py:175} INFO - Processing /home/humbulani/miniconda3/envs/apache-airflow/lib/python3.8/site-packages/airflow/example_dags/example_short_circuit_decorator.py took 0.584 seconds
[2023-03-26T22:15:52.726+0200] {processor.py:153} INFO - Started process (PID=19728) to work on /home/humbulani/miniconda3/envs/apache-airflow/lib/python3.8/site-packages/airflow/example_dags/example_short_circuit_decorator.py
[2023-03-26T22:15:52.747+0200] {processor.py:743} INFO - Processing file /home/humbulani/miniconda3/envs/apache-airflow/lib/python3.8/site-packages/airflow/example_dags/example_short_circuit_decorator.py for tasks to queue
[2023-03-26T22:15:52.748+0200] {logging_mixin.py:137} INFO - [2023-03-26T22:15:52.748+0200] {dagbag.py:532} INFO - Filling up the DagBag from /home/humbulani/miniconda3/envs/apache-airflow/lib/python3.8/site-packages/airflow/example_dags/example_short_circuit_decorator.py
[2023-03-26T22:15:52.772+0200] {processor.py:753} INFO - DAG(s) dict_keys(['example_short_circuit_decorator']) retrieved from /home/humbulani/miniconda3/envs/apache-airflow/lib/python3.8/site-packages/airflow/example_dags/example_short_circuit_decorator.py
[2023-03-26T22:15:52.792+0200] {logging_mixin.py:137} INFO - [2023-03-26T22:15:52.792+0200] {dag.py:2693} INFO - Sync 1 DAGs
[2023-03-26T22:15:52.812+0200] {logging_mixin.py:137} INFO - [2023-03-26T22:15:52.812+0200] {dag.py:3440} INFO - Setting next_dagrun for example_short_circuit_decorator to 2023-03-25T20:15:52.812152+00:00, run_after=2023-03-26T20:15:52.812152+00:00
[2023-03-26T22:15:52.904+0200] {processor.py:175} INFO - Processing /home/humbulani/miniconda3/envs/apache-airflow/lib/python3.8/site-packages/airflow/example_dags/example_short_circuit_decorator.py took 0.180 seconds
[2023-03-26T22:16:45.171+0200] {processor.py:153} INFO - Started process (PID=19836) to work on /home/humbulani/miniconda3/envs/apache-airflow/lib/python3.8/site-packages/airflow/example_dags/example_short_circuit_decorator.py
[2023-03-26T22:16:45.178+0200] {processor.py:743} INFO - Processing file /home/humbulani/miniconda3/envs/apache-airflow/lib/python3.8/site-packages/airflow/example_dags/example_short_circuit_decorator.py for tasks to queue
[2023-03-26T22:16:45.178+0200] {logging_mixin.py:137} INFO - [2023-03-26T22:16:45.178+0200] {dagbag.py:532} INFO - Filling up the DagBag from /home/humbulani/miniconda3/envs/apache-airflow/lib/python3.8/site-packages/airflow/example_dags/example_short_circuit_decorator.py
[2023-03-26T22:16:45.206+0200] {processor.py:753} INFO - DAG(s) dict_keys(['example_short_circuit_decorator']) retrieved from /home/humbulani/miniconda3/envs/apache-airflow/lib/python3.8/site-packages/airflow/example_dags/example_short_circuit_decorator.py
[2023-03-26T22:16:45.224+0200] {logging_mixin.py:137} INFO - [2023-03-26T22:16:45.223+0200] {dag.py:2693} INFO - Sync 1 DAGs
[2023-03-26T22:16:45.242+0200] {logging_mixin.py:137} INFO - [2023-03-26T22:16:45.241+0200] {dag.py:3440} INFO - Setting next_dagrun for example_short_circuit_decorator to 2023-03-25T20:16:45.241709+00:00, run_after=2023-03-26T20:16:45.241709+00:00
[2023-03-26T22:16:45.337+0200] {processor.py:175} INFO - Processing /home/humbulani/miniconda3/envs/apache-airflow/lib/python3.8/site-packages/airflow/example_dags/example_short_circuit_decorator.py took 0.169 seconds
[2023-03-26T22:17:30.670+0200] {processor.py:153} INFO - Started process (PID=19888) to work on /home/humbulani/miniconda3/envs/apache-airflow/lib/python3.8/site-packages/airflow/example_dags/example_short_circuit_decorator.py
[2023-03-26T22:17:30.682+0200] {processor.py:743} INFO - Processing file /home/humbulani/miniconda3/envs/apache-airflow/lib/python3.8/site-packages/airflow/example_dags/example_short_circuit_decorator.py for tasks to queue
[2023-03-26T22:17:30.683+0200] {logging_mixin.py:137} INFO - [2023-03-26T22:17:30.683+0200] {dagbag.py:532} INFO - Filling up the DagBag from /home/humbulani/miniconda3/envs/apache-airflow/lib/python3.8/site-packages/airflow/example_dags/example_short_circuit_decorator.py
[2023-03-26T22:17:30.705+0200] {processor.py:753} INFO - DAG(s) dict_keys(['example_short_circuit_decorator']) retrieved from /home/humbulani/miniconda3/envs/apache-airflow/lib/python3.8/site-packages/airflow/example_dags/example_short_circuit_decorator.py
[2023-03-26T22:17:30.723+0200] {logging_mixin.py:137} INFO - [2023-03-26T22:17:30.723+0200] {dag.py:2693} INFO - Sync 1 DAGs
[2023-03-26T22:17:30.740+0200] {logging_mixin.py:137} INFO - [2023-03-26T22:17:30.740+0200] {dag.py:3440} INFO - Setting next_dagrun for example_short_circuit_decorator to 2023-03-25T20:17:30.740067+00:00, run_after=2023-03-26T20:17:30.740067+00:00
[2023-03-26T22:17:30.822+0200] {processor.py:175} INFO - Processing /home/humbulani/miniconda3/envs/apache-airflow/lib/python3.8/site-packages/airflow/example_dags/example_short_circuit_decorator.py took 0.155 seconds
[2023-03-26T22:18:14.680+0200] {processor.py:153} INFO - Started process (PID=19996) to work on /home/humbulani/miniconda3/envs/apache-airflow/lib/python3.8/site-packages/airflow/example_dags/example_short_circuit_decorator.py
[2023-03-26T22:18:14.680+0200] {processor.py:743} INFO - Processing file /home/humbulani/miniconda3/envs/apache-airflow/lib/python3.8/site-packages/airflow/example_dags/example_short_circuit_decorator.py for tasks to queue
[2023-03-26T22:18:14.681+0200] {logging_mixin.py:137} INFO - [2023-03-26T22:18:14.681+0200] {dagbag.py:532} INFO - Filling up the DagBag from /home/humbulani/miniconda3/envs/apache-airflow/lib/python3.8/site-packages/airflow/example_dags/example_short_circuit_decorator.py
[2023-03-26T22:18:14.704+0200] {processor.py:753} INFO - DAG(s) dict_keys(['example_short_circuit_decorator']) retrieved from /home/humbulani/miniconda3/envs/apache-airflow/lib/python3.8/site-packages/airflow/example_dags/example_short_circuit_decorator.py
[2023-03-26T22:18:14.722+0200] {logging_mixin.py:137} INFO - [2023-03-26T22:18:14.721+0200] {dag.py:2693} INFO - Sync 1 DAGs
[2023-03-26T22:18:14.739+0200] {logging_mixin.py:137} INFO - [2023-03-26T22:18:14.739+0200] {dag.py:3440} INFO - Setting next_dagrun for example_short_circuit_decorator to 2023-03-25T20:18:14.738866+00:00, run_after=2023-03-26T20:18:14.738866+00:00
[2023-03-26T22:18:14.810+0200] {processor.py:175} INFO - Processing /home/humbulani/miniconda3/envs/apache-airflow/lib/python3.8/site-packages/airflow/example_dags/example_short_circuit_decorator.py took 0.132 seconds
[2023-03-26T22:18:57.675+0200] {processor.py:153} INFO - Started process (PID=20041) to work on /home/humbulani/miniconda3/envs/apache-airflow/lib/python3.8/site-packages/airflow/example_dags/example_short_circuit_decorator.py
[2023-03-26T22:18:57.675+0200] {processor.py:743} INFO - Processing file /home/humbulani/miniconda3/envs/apache-airflow/lib/python3.8/site-packages/airflow/example_dags/example_short_circuit_decorator.py for tasks to queue
[2023-03-26T22:18:57.676+0200] {logging_mixin.py:137} INFO - [2023-03-26T22:18:57.676+0200] {dagbag.py:532} INFO - Filling up the DagBag from /home/humbulani/miniconda3/envs/apache-airflow/lib/python3.8/site-packages/airflow/example_dags/example_short_circuit_decorator.py
[2023-03-26T22:18:57.698+0200] {processor.py:753} INFO - DAG(s) dict_keys(['example_short_circuit_decorator']) retrieved from /home/humbulani/miniconda3/envs/apache-airflow/lib/python3.8/site-packages/airflow/example_dags/example_short_circuit_decorator.py
[2023-03-26T22:18:57.716+0200] {logging_mixin.py:137} INFO - [2023-03-26T22:18:57.716+0200] {dag.py:2693} INFO - Sync 1 DAGs
[2023-03-26T22:18:57.733+0200] {logging_mixin.py:137} INFO - [2023-03-26T22:18:57.733+0200] {dag.py:3440} INFO - Setting next_dagrun for example_short_circuit_decorator to 2023-03-25T20:18:57.733485+00:00, run_after=2023-03-26T20:18:57.733485+00:00
[2023-03-26T22:18:57.806+0200] {processor.py:175} INFO - Processing /home/humbulani/miniconda3/envs/apache-airflow/lib/python3.8/site-packages/airflow/example_dags/example_short_circuit_decorator.py took 0.135 seconds
[2023-03-26T22:19:43.987+0200] {processor.py:153} INFO - Started process (PID=20150) to work on /home/humbulani/miniconda3/envs/apache-airflow/lib/python3.8/site-packages/airflow/example_dags/example_short_circuit_decorator.py
[2023-03-26T22:19:44.010+0200] {processor.py:743} INFO - Processing file /home/humbulani/miniconda3/envs/apache-airflow/lib/python3.8/site-packages/airflow/example_dags/example_short_circuit_decorator.py for tasks to queue
[2023-03-26T22:19:44.011+0200] {logging_mixin.py:137} INFO - [2023-03-26T22:19:44.011+0200] {dagbag.py:532} INFO - Filling up the DagBag from /home/humbulani/miniconda3/envs/apache-airflow/lib/python3.8/site-packages/airflow/example_dags/example_short_circuit_decorator.py
[2023-03-26T22:19:44.033+0200] {processor.py:753} INFO - DAG(s) dict_keys(['example_short_circuit_decorator']) retrieved from /home/humbulani/miniconda3/envs/apache-airflow/lib/python3.8/site-packages/airflow/example_dags/example_short_circuit_decorator.py
[2023-03-26T22:19:44.052+0200] {logging_mixin.py:137} INFO - [2023-03-26T22:19:44.051+0200] {dag.py:2693} INFO - Sync 1 DAGs
[2023-03-26T22:19:44.070+0200] {logging_mixin.py:137} INFO - [2023-03-26T22:19:44.070+0200] {dag.py:3440} INFO - Setting next_dagrun for example_short_circuit_decorator to 2023-03-25T20:19:44.070237+00:00, run_after=2023-03-26T20:19:44.070237+00:00
[2023-03-26T22:19:44.160+0200] {processor.py:175} INFO - Processing /home/humbulani/miniconda3/envs/apache-airflow/lib/python3.8/site-packages/airflow/example_dags/example_short_circuit_decorator.py took 0.175 seconds
[2023-03-26T22:20:28.495+0200] {processor.py:153} INFO - Started process (PID=20195) to work on /home/humbulani/miniconda3/envs/apache-airflow/lib/python3.8/site-packages/airflow/example_dags/example_short_circuit_decorator.py
[2023-03-26T22:20:28.496+0200] {processor.py:743} INFO - Processing file /home/humbulani/miniconda3/envs/apache-airflow/lib/python3.8/site-packages/airflow/example_dags/example_short_circuit_decorator.py for tasks to queue
[2023-03-26T22:20:28.496+0200] {logging_mixin.py:137} INFO - [2023-03-26T22:20:28.496+0200] {dagbag.py:532} INFO - Filling up the DagBag from /home/humbulani/miniconda3/envs/apache-airflow/lib/python3.8/site-packages/airflow/example_dags/example_short_circuit_decorator.py
[2023-03-26T22:20:28.518+0200] {processor.py:753} INFO - DAG(s) dict_keys(['example_short_circuit_decorator']) retrieved from /home/humbulani/miniconda3/envs/apache-airflow/lib/python3.8/site-packages/airflow/example_dags/example_short_circuit_decorator.py
[2023-03-26T22:20:28.536+0200] {logging_mixin.py:137} INFO - [2023-03-26T22:20:28.536+0200] {dag.py:2693} INFO - Sync 1 DAGs
[2023-03-26T22:20:28.554+0200] {logging_mixin.py:137} INFO - [2023-03-26T22:20:28.554+0200] {dag.py:3440} INFO - Setting next_dagrun for example_short_circuit_decorator to 2023-03-25T20:20:28.554195+00:00, run_after=2023-03-26T20:20:28.554195+00:00
[2023-03-26T22:20:28.639+0200] {processor.py:175} INFO - Processing /home/humbulani/miniconda3/envs/apache-airflow/lib/python3.8/site-packages/airflow/example_dags/example_short_circuit_decorator.py took 0.146 seconds
[2023-03-26T22:21:14.207+0200] {processor.py:153} INFO - Started process (PID=20285) to work on /home/humbulani/miniconda3/envs/apache-airflow/lib/python3.8/site-packages/airflow/example_dags/example_short_circuit_decorator.py
[2023-03-26T22:21:14.219+0200] {processor.py:743} INFO - Processing file /home/humbulani/miniconda3/envs/apache-airflow/lib/python3.8/site-packages/airflow/example_dags/example_short_circuit_decorator.py for tasks to queue
[2023-03-26T22:21:14.219+0200] {logging_mixin.py:137} INFO - [2023-03-26T22:21:14.219+0200] {dagbag.py:532} INFO - Filling up the DagBag from /home/humbulani/miniconda3/envs/apache-airflow/lib/python3.8/site-packages/airflow/example_dags/example_short_circuit_decorator.py
[2023-03-26T22:21:14.246+0200] {processor.py:753} INFO - DAG(s) dict_keys(['example_short_circuit_decorator']) retrieved from /home/humbulani/miniconda3/envs/apache-airflow/lib/python3.8/site-packages/airflow/example_dags/example_short_circuit_decorator.py
[2023-03-26T22:21:14.265+0200] {logging_mixin.py:137} INFO - [2023-03-26T22:21:14.265+0200] {dag.py:2693} INFO - Sync 1 DAGs
[2023-03-26T22:21:14.281+0200] {logging_mixin.py:137} INFO - [2023-03-26T22:21:14.281+0200] {dag.py:3440} INFO - Setting next_dagrun for example_short_circuit_decorator to 2023-03-25T20:21:14.281574+00:00, run_after=2023-03-26T20:21:14.281574+00:00
[2023-03-26T22:21:14.360+0200] {processor.py:175} INFO - Processing /home/humbulani/miniconda3/envs/apache-airflow/lib/python3.8/site-packages/airflow/example_dags/example_short_circuit_decorator.py took 0.156 seconds
[2023-03-26T22:21:58.996+0200] {processor.py:153} INFO - Started process (PID=20329) to work on /home/humbulani/miniconda3/envs/apache-airflow/lib/python3.8/site-packages/airflow/example_dags/example_short_circuit_decorator.py
[2023-03-26T22:21:58.996+0200] {processor.py:743} INFO - Processing file /home/humbulani/miniconda3/envs/apache-airflow/lib/python3.8/site-packages/airflow/example_dags/example_short_circuit_decorator.py for tasks to queue
[2023-03-26T22:21:58.997+0200] {logging_mixin.py:137} INFO - [2023-03-26T22:21:58.997+0200] {dagbag.py:532} INFO - Filling up the DagBag from /home/humbulani/miniconda3/envs/apache-airflow/lib/python3.8/site-packages/airflow/example_dags/example_short_circuit_decorator.py
[2023-03-26T22:21:59.020+0200] {processor.py:753} INFO - DAG(s) dict_keys(['example_short_circuit_decorator']) retrieved from /home/humbulani/miniconda3/envs/apache-airflow/lib/python3.8/site-packages/airflow/example_dags/example_short_circuit_decorator.py
[2023-03-26T22:21:59.040+0200] {logging_mixin.py:137} INFO - [2023-03-26T22:21:59.040+0200] {dag.py:2693} INFO - Sync 1 DAGs
[2023-03-26T22:21:59.057+0200] {logging_mixin.py:137} INFO - [2023-03-26T22:21:59.057+0200] {dag.py:3440} INFO - Setting next_dagrun for example_short_circuit_decorator to 2023-03-25T20:21:59.057464+00:00, run_after=2023-03-26T20:21:59.057464+00:00
[2023-03-26T22:21:59.140+0200] {processor.py:175} INFO - Processing /home/humbulani/miniconda3/envs/apache-airflow/lib/python3.8/site-packages/airflow/example_dags/example_short_circuit_decorator.py took 0.146 seconds
[2023-03-26T22:22:45.102+0200] {processor.py:153} INFO - Started process (PID=20372) to work on /home/humbulani/miniconda3/envs/apache-airflow/lib/python3.8/site-packages/airflow/example_dags/example_short_circuit_decorator.py
[2023-03-26T22:22:45.144+0200] {processor.py:743} INFO - Processing file /home/humbulani/miniconda3/envs/apache-airflow/lib/python3.8/site-packages/airflow/example_dags/example_short_circuit_decorator.py for tasks to queue
[2023-03-26T22:22:45.145+0200] {logging_mixin.py:137} INFO - [2023-03-26T22:22:45.145+0200] {dagbag.py:532} INFO - Filling up the DagBag from /home/humbulani/miniconda3/envs/apache-airflow/lib/python3.8/site-packages/airflow/example_dags/example_short_circuit_decorator.py
[2023-03-26T22:22:45.174+0200] {processor.py:753} INFO - DAG(s) dict_keys(['example_short_circuit_decorator']) retrieved from /home/humbulani/miniconda3/envs/apache-airflow/lib/python3.8/site-packages/airflow/example_dags/example_short_circuit_decorator.py
[2023-03-26T22:22:45.193+0200] {logging_mixin.py:137} INFO - [2023-03-26T22:22:45.193+0200] {dag.py:2693} INFO - Sync 1 DAGs
[2023-03-26T22:22:45.210+0200] {logging_mixin.py:137} INFO - [2023-03-26T22:22:45.209+0200] {dag.py:3440} INFO - Setting next_dagrun for example_short_circuit_decorator to 2023-03-25T20:22:45.209680+00:00, run_after=2023-03-26T20:22:45.209680+00:00
[2023-03-26T22:22:45.288+0200] {processor.py:175} INFO - Processing /home/humbulani/miniconda3/envs/apache-airflow/lib/python3.8/site-packages/airflow/example_dags/example_short_circuit_decorator.py took 0.188 seconds
