[2023-03-26T21:39:49.450+0200] {processor.py:153} INFO - Started process (PID=16661) to work on /home/humbulani/miniconda3/envs/apache-airflow/lib/python3.8/site-packages/airflow/example_dags/example_branch_day_of_week_operator.py
[2023-03-26T21:39:49.451+0200] {processor.py:743} INFO - Processing file /home/humbulani/miniconda3/envs/apache-airflow/lib/python3.8/site-packages/airflow/example_dags/example_branch_day_of_week_operator.py for tasks to queue
[2023-03-26T21:39:49.451+0200] {logging_mixin.py:137} INFO - [2023-03-26T21:39:49.451+0200] {dagbag.py:532} INFO - Filling up the DagBag from /home/humbulani/miniconda3/envs/apache-airflow/lib/python3.8/site-packages/airflow/example_dags/example_branch_day_of_week_operator.py
[2023-03-26T21:39:49.465+0200] {processor.py:753} INFO - DAG(s) dict_keys(['example_weekday_branch_operator']) retrieved from /home/humbulani/miniconda3/envs/apache-airflow/lib/python3.8/site-packages/airflow/example_dags/example_branch_day_of_week_operator.py
[2023-03-26T21:39:49.707+0200] {logging_mixin.py:137} INFO - [2023-03-26T21:39:49.707+0200] {manager.py:504} INFO - Created Permission View: can edit on DAG:example_weekday_branch_operator
[2023-03-26T21:39:49.775+0200] {logging_mixin.py:137} INFO - [2023-03-26T21:39:49.775+0200] {manager.py:504} INFO - Created Permission View: can read on DAG:example_weekday_branch_operator
[2023-03-26T21:39:49.850+0200] {logging_mixin.py:137} INFO - [2023-03-26T21:39:49.849+0200] {manager.py:504} INFO - Created Permission View: can delete on DAG:example_weekday_branch_operator
[2023-03-26T21:39:49.851+0200] {logging_mixin.py:137} INFO - [2023-03-26T21:39:49.850+0200] {dag.py:2693} INFO - Sync 1 DAGs
[2023-03-26T21:39:49.862+0200] {logging_mixin.py:137} INFO - [2023-03-26T21:39:49.861+0200] {dag.py:2714} INFO - Creating ORM DAG for example_weekday_branch_operator
[2023-03-26T21:39:49.871+0200] {logging_mixin.py:137} INFO - [2023-03-26T21:39:49.870+0200] {dag.py:3440} INFO - Setting next_dagrun for example_weekday_branch_operator to 2023-03-25T00:00:00+00:00, run_after=2023-03-26T00:00:00+00:00
[2023-03-26T21:39:49.989+0200] {processor.py:175} INFO - Processing /home/humbulani/miniconda3/envs/apache-airflow/lib/python3.8/site-packages/airflow/example_dags/example_branch_day_of_week_operator.py took 0.542 seconds
[2023-03-26T21:40:45.257+0200] {processor.py:153} INFO - Started process (PID=16759) to work on /home/humbulani/miniconda3/envs/apache-airflow/lib/python3.8/site-packages/airflow/example_dags/example_branch_day_of_week_operator.py
[2023-03-26T21:40:45.303+0200] {processor.py:743} INFO - Processing file /home/humbulani/miniconda3/envs/apache-airflow/lib/python3.8/site-packages/airflow/example_dags/example_branch_day_of_week_operator.py for tasks to queue
[2023-03-26T21:40:45.303+0200] {logging_mixin.py:137} INFO - [2023-03-26T21:40:45.303+0200] {dagbag.py:532} INFO - Filling up the DagBag from /home/humbulani/miniconda3/envs/apache-airflow/lib/python3.8/site-packages/airflow/example_dags/example_branch_day_of_week_operator.py
[2023-03-26T21:40:45.318+0200] {processor.py:753} INFO - DAG(s) dict_keys(['example_weekday_branch_operator']) retrieved from /home/humbulani/miniconda3/envs/apache-airflow/lib/python3.8/site-packages/airflow/example_dags/example_branch_day_of_week_operator.py
[2023-03-26T21:40:45.339+0200] {logging_mixin.py:137} INFO - [2023-03-26T21:40:45.339+0200] {dag.py:2693} INFO - Sync 1 DAGs
[2023-03-26T21:40:45.360+0200] {logging_mixin.py:137} INFO - [2023-03-26T21:40:45.359+0200] {dag.py:3440} INFO - Setting next_dagrun for example_weekday_branch_operator to 2023-03-25T00:00:00+00:00, run_after=2023-03-26T00:00:00+00:00
[2023-03-26T21:40:45.453+0200] {processor.py:175} INFO - Processing /home/humbulani/miniconda3/envs/apache-airflow/lib/python3.8/site-packages/airflow/example_dags/example_branch_day_of_week_operator.py took 0.199 seconds
[2023-03-26T21:48:15.616+0200] {processor.py:153} INFO - Started process (PID=16892) to work on /home/humbulani/miniconda3/envs/apache-airflow/lib/python3.8/site-packages/airflow/example_dags/example_branch_day_of_week_operator.py
[2023-03-26T21:48:15.620+0200] {processor.py:743} INFO - Processing file /home/humbulani/miniconda3/envs/apache-airflow/lib/python3.8/site-packages/airflow/example_dags/example_branch_day_of_week_operator.py for tasks to queue
[2023-03-26T21:48:15.620+0200] {logging_mixin.py:137} INFO - [2023-03-26T21:48:15.620+0200] {dagbag.py:532} INFO - Filling up the DagBag from /home/humbulani/miniconda3/envs/apache-airflow/lib/python3.8/site-packages/airflow/example_dags/example_branch_day_of_week_operator.py
[2023-03-26T21:48:15.638+0200] {processor.py:753} INFO - DAG(s) dict_keys(['example_weekday_branch_operator']) retrieved from /home/humbulani/miniconda3/envs/apache-airflow/lib/python3.8/site-packages/airflow/example_dags/example_branch_day_of_week_operator.py
[2023-03-26T21:48:15.654+0200] {logging_mixin.py:137} INFO - [2023-03-26T21:48:15.654+0200] {dag.py:2693} INFO - Sync 1 DAGs
[2023-03-26T21:48:15.672+0200] {logging_mixin.py:137} INFO - [2023-03-26T21:48:15.672+0200] {dag.py:3440} INFO - Setting next_dagrun for example_weekday_branch_operator to 2023-03-25T00:00:00+00:00, run_after=2023-03-26T00:00:00+00:00
[2023-03-26T21:48:15.752+0200] {processor.py:175} INFO - Processing /home/humbulani/miniconda3/envs/apache-airflow/lib/python3.8/site-packages/airflow/example_dags/example_branch_day_of_week_operator.py took 0.139 seconds
[2023-03-26T21:49:04.111+0200] {processor.py:153} INFO - Started process (PID=16934) to work on /home/humbulani/miniconda3/envs/apache-airflow/lib/python3.8/site-packages/airflow/example_dags/example_branch_day_of_week_operator.py
[2023-03-26T21:49:04.147+0200] {processor.py:743} INFO - Processing file /home/humbulani/miniconda3/envs/apache-airflow/lib/python3.8/site-packages/airflow/example_dags/example_branch_day_of_week_operator.py for tasks to queue
[2023-03-26T21:49:04.147+0200] {logging_mixin.py:137} INFO - [2023-03-26T21:49:04.147+0200] {dagbag.py:532} INFO - Filling up the DagBag from /home/humbulani/miniconda3/envs/apache-airflow/lib/python3.8/site-packages/airflow/example_dags/example_branch_day_of_week_operator.py
[2023-03-26T21:49:04.165+0200] {processor.py:753} INFO - DAG(s) dict_keys(['example_weekday_branch_operator']) retrieved from /home/humbulani/miniconda3/envs/apache-airflow/lib/python3.8/site-packages/airflow/example_dags/example_branch_day_of_week_operator.py
[2023-03-26T21:49:04.186+0200] {logging_mixin.py:137} INFO - [2023-03-26T21:49:04.186+0200] {dag.py:2693} INFO - Sync 1 DAGs
[2023-03-26T21:49:04.206+0200] {logging_mixin.py:137} INFO - [2023-03-26T21:49:04.206+0200] {dag.py:3440} INFO - Setting next_dagrun for example_weekday_branch_operator to 2023-03-25T00:00:00+00:00, run_after=2023-03-26T00:00:00+00:00
[2023-03-26T21:49:04.315+0200] {processor.py:175} INFO - Processing /home/humbulani/miniconda3/envs/apache-airflow/lib/python3.8/site-packages/airflow/example_dags/example_branch_day_of_week_operator.py took 0.207 seconds
[2023-03-26T21:49:53.344+0200] {processor.py:153} INFO - Started process (PID=16978) to work on /home/humbulani/miniconda3/envs/apache-airflow/lib/python3.8/site-packages/airflow/example_dags/example_branch_day_of_week_operator.py
[2023-03-26T21:49:53.345+0200] {processor.py:743} INFO - Processing file /home/humbulani/miniconda3/envs/apache-airflow/lib/python3.8/site-packages/airflow/example_dags/example_branch_day_of_week_operator.py for tasks to queue
[2023-03-26T21:49:53.345+0200] {logging_mixin.py:137} INFO - [2023-03-26T21:49:53.345+0200] {dagbag.py:532} INFO - Filling up the DagBag from /home/humbulani/miniconda3/envs/apache-airflow/lib/python3.8/site-packages/airflow/example_dags/example_branch_day_of_week_operator.py
[2023-03-26T21:49:53.359+0200] {processor.py:753} INFO - DAG(s) dict_keys(['example_weekday_branch_operator']) retrieved from /home/humbulani/miniconda3/envs/apache-airflow/lib/python3.8/site-packages/airflow/example_dags/example_branch_day_of_week_operator.py
[2023-03-26T21:49:53.376+0200] {logging_mixin.py:137} INFO - [2023-03-26T21:49:53.376+0200] {dag.py:2693} INFO - Sync 1 DAGs
[2023-03-26T21:49:53.395+0200] {logging_mixin.py:137} INFO - [2023-03-26T21:49:53.395+0200] {dag.py:3440} INFO - Setting next_dagrun for example_weekday_branch_operator to 2023-03-25T00:00:00+00:00, run_after=2023-03-26T00:00:00+00:00
[2023-03-26T21:49:53.499+0200] {processor.py:175} INFO - Processing /home/humbulani/miniconda3/envs/apache-airflow/lib/python3.8/site-packages/airflow/example_dags/example_branch_day_of_week_operator.py took 0.157 seconds
[2023-03-26T21:50:38.508+0200] {processor.py:153} INFO - Started process (PID=17021) to work on /home/humbulani/miniconda3/envs/apache-airflow/lib/python3.8/site-packages/airflow/example_dags/example_branch_day_of_week_operator.py
[2023-03-26T21:50:38.522+0200] {processor.py:743} INFO - Processing file /home/humbulani/miniconda3/envs/apache-airflow/lib/python3.8/site-packages/airflow/example_dags/example_branch_day_of_week_operator.py for tasks to queue
[2023-03-26T21:50:38.523+0200] {logging_mixin.py:137} INFO - [2023-03-26T21:50:38.523+0200] {dagbag.py:532} INFO - Filling up the DagBag from /home/humbulani/miniconda3/envs/apache-airflow/lib/python3.8/site-packages/airflow/example_dags/example_branch_day_of_week_operator.py
[2023-03-26T21:50:38.539+0200] {processor.py:753} INFO - DAG(s) dict_keys(['example_weekday_branch_operator']) retrieved from /home/humbulani/miniconda3/envs/apache-airflow/lib/python3.8/site-packages/airflow/example_dags/example_branch_day_of_week_operator.py
[2023-03-26T21:50:38.558+0200] {logging_mixin.py:137} INFO - [2023-03-26T21:50:38.558+0200] {dag.py:2693} INFO - Sync 1 DAGs
[2023-03-26T21:50:38.577+0200] {logging_mixin.py:137} INFO - [2023-03-26T21:50:38.576+0200] {dag.py:3440} INFO - Setting next_dagrun for example_weekday_branch_operator to 2023-03-25T00:00:00+00:00, run_after=2023-03-26T00:00:00+00:00
[2023-03-26T21:50:38.649+0200] {processor.py:175} INFO - Processing /home/humbulani/miniconda3/envs/apache-airflow/lib/python3.8/site-packages/airflow/example_dags/example_branch_day_of_week_operator.py took 0.144 seconds
[2023-03-26T21:51:23.812+0200] {processor.py:153} INFO - Started process (PID=17137) to work on /home/humbulani/miniconda3/envs/apache-airflow/lib/python3.8/site-packages/airflow/example_dags/example_branch_day_of_week_operator.py
[2023-03-26T21:51:23.858+0200] {processor.py:743} INFO - Processing file /home/humbulani/miniconda3/envs/apache-airflow/lib/python3.8/site-packages/airflow/example_dags/example_branch_day_of_week_operator.py for tasks to queue
[2023-03-26T21:51:23.859+0200] {logging_mixin.py:137} INFO - [2023-03-26T21:51:23.859+0200] {dagbag.py:532} INFO - Filling up the DagBag from /home/humbulani/miniconda3/envs/apache-airflow/lib/python3.8/site-packages/airflow/example_dags/example_branch_day_of_week_operator.py
[2023-03-26T21:51:23.875+0200] {processor.py:753} INFO - DAG(s) dict_keys(['example_weekday_branch_operator']) retrieved from /home/humbulani/miniconda3/envs/apache-airflow/lib/python3.8/site-packages/airflow/example_dags/example_branch_day_of_week_operator.py
[2023-03-26T21:51:23.897+0200] {logging_mixin.py:137} INFO - [2023-03-26T21:51:23.897+0200] {dag.py:2693} INFO - Sync 1 DAGs
[2023-03-26T21:51:23.916+0200] {logging_mixin.py:137} INFO - [2023-03-26T21:51:23.915+0200] {dag.py:3440} INFO - Setting next_dagrun for example_weekday_branch_operator to 2023-03-25T00:00:00+00:00, run_after=2023-03-26T00:00:00+00:00
[2023-03-26T21:51:23.996+0200] {processor.py:175} INFO - Processing /home/humbulani/miniconda3/envs/apache-airflow/lib/python3.8/site-packages/airflow/example_dags/example_branch_day_of_week_operator.py took 0.187 seconds
[2023-03-26T21:52:09.439+0200] {processor.py:153} INFO - Started process (PID=17180) to work on /home/humbulani/miniconda3/envs/apache-airflow/lib/python3.8/site-packages/airflow/example_dags/example_branch_day_of_week_operator.py
[2023-03-26T21:52:09.470+0200] {processor.py:743} INFO - Processing file /home/humbulani/miniconda3/envs/apache-airflow/lib/python3.8/site-packages/airflow/example_dags/example_branch_day_of_week_operator.py for tasks to queue
[2023-03-26T21:52:09.470+0200] {logging_mixin.py:137} INFO - [2023-03-26T21:52:09.470+0200] {dagbag.py:532} INFO - Filling up the DagBag from /home/humbulani/miniconda3/envs/apache-airflow/lib/python3.8/site-packages/airflow/example_dags/example_branch_day_of_week_operator.py
[2023-03-26T21:52:09.483+0200] {processor.py:753} INFO - DAG(s) dict_keys(['example_weekday_branch_operator']) retrieved from /home/humbulani/miniconda3/envs/apache-airflow/lib/python3.8/site-packages/airflow/example_dags/example_branch_day_of_week_operator.py
[2023-03-26T21:52:09.502+0200] {logging_mixin.py:137} INFO - [2023-03-26T21:52:09.502+0200] {dag.py:2693} INFO - Sync 1 DAGs
[2023-03-26T21:52:09.522+0200] {logging_mixin.py:137} INFO - [2023-03-26T21:52:09.521+0200] {dag.py:3440} INFO - Setting next_dagrun for example_weekday_branch_operator to 2023-03-25T00:00:00+00:00, run_after=2023-03-26T00:00:00+00:00
[2023-03-26T21:52:09.607+0200] {processor.py:175} INFO - Processing /home/humbulani/miniconda3/envs/apache-airflow/lib/python3.8/site-packages/airflow/example_dags/example_branch_day_of_week_operator.py took 0.170 seconds
[2023-03-26T21:52:58.416+0200] {processor.py:153} INFO - Started process (PID=17230) to work on /home/humbulani/miniconda3/envs/apache-airflow/lib/python3.8/site-packages/airflow/example_dags/example_branch_day_of_week_operator.py
[2023-03-26T21:52:58.457+0200] {processor.py:743} INFO - Processing file /home/humbulani/miniconda3/envs/apache-airflow/lib/python3.8/site-packages/airflow/example_dags/example_branch_day_of_week_operator.py for tasks to queue
[2023-03-26T21:52:58.458+0200] {logging_mixin.py:137} INFO - [2023-03-26T21:52:58.457+0200] {dagbag.py:532} INFO - Filling up the DagBag from /home/humbulani/miniconda3/envs/apache-airflow/lib/python3.8/site-packages/airflow/example_dags/example_branch_day_of_week_operator.py
[2023-03-26T21:52:58.470+0200] {processor.py:753} INFO - DAG(s) dict_keys(['example_weekday_branch_operator']) retrieved from /home/humbulani/miniconda3/envs/apache-airflow/lib/python3.8/site-packages/airflow/example_dags/example_branch_day_of_week_operator.py
[2023-03-26T21:52:58.487+0200] {logging_mixin.py:137} INFO - [2023-03-26T21:52:58.487+0200] {dag.py:2693} INFO - Sync 1 DAGs
[2023-03-26T21:52:58.584+0200] {logging_mixin.py:137} INFO - [2023-03-26T21:52:58.584+0200] {dag.py:3440} INFO - Setting next_dagrun for example_weekday_branch_operator to 2023-03-25T00:00:00+00:00, run_after=2023-03-26T00:00:00+00:00
[2023-03-26T21:52:58.658+0200] {processor.py:175} INFO - Processing /home/humbulani/miniconda3/envs/apache-airflow/lib/python3.8/site-packages/airflow/example_dags/example_branch_day_of_week_operator.py took 0.244 seconds
[2023-03-26T21:53:48.283+0200] {processor.py:153} INFO - Started process (PID=17278) to work on /home/humbulani/miniconda3/envs/apache-airflow/lib/python3.8/site-packages/airflow/example_dags/example_branch_day_of_week_operator.py
[2023-03-26T21:53:48.318+0200] {processor.py:743} INFO - Processing file /home/humbulani/miniconda3/envs/apache-airflow/lib/python3.8/site-packages/airflow/example_dags/example_branch_day_of_week_operator.py for tasks to queue
[2023-03-26T21:53:48.319+0200] {logging_mixin.py:137} INFO - [2023-03-26T21:53:48.319+0200] {dagbag.py:532} INFO - Filling up the DagBag from /home/humbulani/miniconda3/envs/apache-airflow/lib/python3.8/site-packages/airflow/example_dags/example_branch_day_of_week_operator.py
[2023-03-26T21:53:48.332+0200] {processor.py:753} INFO - DAG(s) dict_keys(['example_weekday_branch_operator']) retrieved from /home/humbulani/miniconda3/envs/apache-airflow/lib/python3.8/site-packages/airflow/example_dags/example_branch_day_of_week_operator.py
[2023-03-26T21:53:48.349+0200] {logging_mixin.py:137} INFO - [2023-03-26T21:53:48.349+0200] {dag.py:2693} INFO - Sync 1 DAGs
[2023-03-26T21:53:48.446+0200] {logging_mixin.py:137} INFO - [2023-03-26T21:53:48.445+0200] {dag.py:3440} INFO - Setting next_dagrun for example_weekday_branch_operator to 2023-03-25T00:00:00+00:00, run_after=2023-03-26T00:00:00+00:00
[2023-03-26T21:53:48.519+0200] {processor.py:175} INFO - Processing /home/humbulani/miniconda3/envs/apache-airflow/lib/python3.8/site-packages/airflow/example_dags/example_branch_day_of_week_operator.py took 0.238 seconds
[2023-03-26T21:54:37.848+0200] {processor.py:153} INFO - Started process (PID=17325) to work on /home/humbulani/miniconda3/envs/apache-airflow/lib/python3.8/site-packages/airflow/example_dags/example_branch_day_of_week_operator.py
[2023-03-26T21:54:37.849+0200] {processor.py:743} INFO - Processing file /home/humbulani/miniconda3/envs/apache-airflow/lib/python3.8/site-packages/airflow/example_dags/example_branch_day_of_week_operator.py for tasks to queue
[2023-03-26T21:54:37.849+0200] {logging_mixin.py:137} INFO - [2023-03-26T21:54:37.849+0200] {dagbag.py:532} INFO - Filling up the DagBag from /home/humbulani/miniconda3/envs/apache-airflow/lib/python3.8/site-packages/airflow/example_dags/example_branch_day_of_week_operator.py
[2023-03-26T21:54:37.863+0200] {processor.py:753} INFO - DAG(s) dict_keys(['example_weekday_branch_operator']) retrieved from /home/humbulani/miniconda3/envs/apache-airflow/lib/python3.8/site-packages/airflow/example_dags/example_branch_day_of_week_operator.py
[2023-03-26T21:54:37.961+0200] {logging_mixin.py:137} INFO - [2023-03-26T21:54:37.960+0200] {dag.py:2693} INFO - Sync 1 DAGs
[2023-03-26T21:54:37.977+0200] {logging_mixin.py:137} INFO - [2023-03-26T21:54:37.977+0200] {dag.py:3440} INFO - Setting next_dagrun for example_weekday_branch_operator to 2023-03-25T00:00:00+00:00, run_after=2023-03-26T00:00:00+00:00
[2023-03-26T21:54:38.098+0200] {processor.py:175} INFO - Processing /home/humbulani/miniconda3/envs/apache-airflow/lib/python3.8/site-packages/airflow/example_dags/example_branch_day_of_week_operator.py took 0.252 seconds
[2023-03-26T21:55:26.493+0200] {processor.py:153} INFO - Started process (PID=17369) to work on /home/humbulani/miniconda3/envs/apache-airflow/lib/python3.8/site-packages/airflow/example_dags/example_branch_day_of_week_operator.py
[2023-03-26T21:55:26.494+0200] {processor.py:743} INFO - Processing file /home/humbulani/miniconda3/envs/apache-airflow/lib/python3.8/site-packages/airflow/example_dags/example_branch_day_of_week_operator.py for tasks to queue
[2023-03-26T21:55:26.494+0200] {logging_mixin.py:137} INFO - [2023-03-26T21:55:26.494+0200] {dagbag.py:532} INFO - Filling up the DagBag from /home/humbulani/miniconda3/envs/apache-airflow/lib/python3.8/site-packages/airflow/example_dags/example_branch_day_of_week_operator.py
[2023-03-26T21:55:26.507+0200] {processor.py:753} INFO - DAG(s) dict_keys(['example_weekday_branch_operator']) retrieved from /home/humbulani/miniconda3/envs/apache-airflow/lib/python3.8/site-packages/airflow/example_dags/example_branch_day_of_week_operator.py
[2023-03-26T21:55:26.603+0200] {logging_mixin.py:137} INFO - [2023-03-26T21:55:26.603+0200] {dag.py:2693} INFO - Sync 1 DAGs
[2023-03-26T21:55:26.620+0200] {logging_mixin.py:137} INFO - [2023-03-26T21:55:26.619+0200] {dag.py:3440} INFO - Setting next_dagrun for example_weekday_branch_operator to 2023-03-25T00:00:00+00:00, run_after=2023-03-26T00:00:00+00:00
[2023-03-26T21:55:26.718+0200] {processor.py:175} INFO - Processing /home/humbulani/miniconda3/envs/apache-airflow/lib/python3.8/site-packages/airflow/example_dags/example_branch_day_of_week_operator.py took 0.227 seconds
[2023-03-26T21:56:16.356+0200] {processor.py:153} INFO - Started process (PID=17471) to work on /home/humbulani/miniconda3/envs/apache-airflow/lib/python3.8/site-packages/airflow/example_dags/example_branch_day_of_week_operator.py
[2023-03-26T21:56:16.357+0200] {processor.py:743} INFO - Processing file /home/humbulani/miniconda3/envs/apache-airflow/lib/python3.8/site-packages/airflow/example_dags/example_branch_day_of_week_operator.py for tasks to queue
[2023-03-26T21:56:16.357+0200] {logging_mixin.py:137} INFO - [2023-03-26T21:56:16.357+0200] {dagbag.py:532} INFO - Filling up the DagBag from /home/humbulani/miniconda3/envs/apache-airflow/lib/python3.8/site-packages/airflow/example_dags/example_branch_day_of_week_operator.py
[2023-03-26T21:56:16.455+0200] {processor.py:753} INFO - DAG(s) dict_keys(['example_weekday_branch_operator']) retrieved from /home/humbulani/miniconda3/envs/apache-airflow/lib/python3.8/site-packages/airflow/example_dags/example_branch_day_of_week_operator.py
[2023-03-26T21:56:16.468+0200] {logging_mixin.py:137} INFO - [2023-03-26T21:56:16.468+0200] {dag.py:2693} INFO - Sync 1 DAGs
[2023-03-26T21:56:16.485+0200] {logging_mixin.py:137} INFO - [2023-03-26T21:56:16.485+0200] {dag.py:3440} INFO - Setting next_dagrun for example_weekday_branch_operator to 2023-03-25T00:00:00+00:00, run_after=2023-03-26T00:00:00+00:00
[2023-03-26T21:56:16.579+0200] {processor.py:175} INFO - Processing /home/humbulani/miniconda3/envs/apache-airflow/lib/python3.8/site-packages/airflow/example_dags/example_branch_day_of_week_operator.py took 0.227 seconds
[2023-03-26T21:57:01.107+0200] {processor.py:153} INFO - Started process (PID=17522) to work on /home/humbulani/miniconda3/envs/apache-airflow/lib/python3.8/site-packages/airflow/example_dags/example_branch_day_of_week_operator.py
[2023-03-26T21:57:01.126+0200] {processor.py:743} INFO - Processing file /home/humbulani/miniconda3/envs/apache-airflow/lib/python3.8/site-packages/airflow/example_dags/example_branch_day_of_week_operator.py for tasks to queue
[2023-03-26T21:57:01.127+0200] {logging_mixin.py:137} INFO - [2023-03-26T21:57:01.126+0200] {dagbag.py:532} INFO - Filling up the DagBag from /home/humbulani/miniconda3/envs/apache-airflow/lib/python3.8/site-packages/airflow/example_dags/example_branch_day_of_week_operator.py
[2023-03-26T21:57:01.144+0200] {processor.py:753} INFO - DAG(s) dict_keys(['example_weekday_branch_operator']) retrieved from /home/humbulani/miniconda3/envs/apache-airflow/lib/python3.8/site-packages/airflow/example_dags/example_branch_day_of_week_operator.py
[2023-03-26T21:57:01.161+0200] {logging_mixin.py:137} INFO - [2023-03-26T21:57:01.161+0200] {dag.py:2693} INFO - Sync 1 DAGs
[2023-03-26T21:57:01.180+0200] {logging_mixin.py:137} INFO - [2023-03-26T21:57:01.180+0200] {dag.py:3440} INFO - Setting next_dagrun for example_weekday_branch_operator to 2023-03-25T00:00:00+00:00, run_after=2023-03-26T00:00:00+00:00
[2023-03-26T21:57:01.257+0200] {processor.py:175} INFO - Processing /home/humbulani/miniconda3/envs/apache-airflow/lib/python3.8/site-packages/airflow/example_dags/example_branch_day_of_week_operator.py took 0.152 seconds
[2023-03-26T21:57:42.846+0200] {processor.py:153} INFO - Started process (PID=17624) to work on /home/humbulani/miniconda3/envs/apache-airflow/lib/python3.8/site-packages/airflow/example_dags/example_branch_day_of_week_operator.py
[2023-03-26T21:57:42.862+0200] {processor.py:743} INFO - Processing file /home/humbulani/miniconda3/envs/apache-airflow/lib/python3.8/site-packages/airflow/example_dags/example_branch_day_of_week_operator.py for tasks to queue
[2023-03-26T21:57:42.863+0200] {logging_mixin.py:137} INFO - [2023-03-26T21:57:42.863+0200] {dagbag.py:532} INFO - Filling up the DagBag from /home/humbulani/miniconda3/envs/apache-airflow/lib/python3.8/site-packages/airflow/example_dags/example_branch_day_of_week_operator.py
[2023-03-26T21:57:42.876+0200] {processor.py:753} INFO - DAG(s) dict_keys(['example_weekday_branch_operator']) retrieved from /home/humbulani/miniconda3/envs/apache-airflow/lib/python3.8/site-packages/airflow/example_dags/example_branch_day_of_week_operator.py
[2023-03-26T21:57:42.894+0200] {logging_mixin.py:137} INFO - [2023-03-26T21:57:42.894+0200] {dag.py:2693} INFO - Sync 1 DAGs
[2023-03-26T21:57:42.912+0200] {logging_mixin.py:137} INFO - [2023-03-26T21:57:42.911+0200] {dag.py:3440} INFO - Setting next_dagrun for example_weekday_branch_operator to 2023-03-25T00:00:00+00:00, run_after=2023-03-26T00:00:00+00:00
[2023-03-26T21:57:42.995+0200] {processor.py:175} INFO - Processing /home/humbulani/miniconda3/envs/apache-airflow/lib/python3.8/site-packages/airflow/example_dags/example_branch_day_of_week_operator.py took 0.151 seconds
[2023-03-26T21:58:31.343+0200] {processor.py:153} INFO - Started process (PID=17867) to work on /home/humbulani/miniconda3/envs/apache-airflow/lib/python3.8/site-packages/airflow/example_dags/example_branch_day_of_week_operator.py
[2023-03-26T21:58:31.382+0200] {processor.py:743} INFO - Processing file /home/humbulani/miniconda3/envs/apache-airflow/lib/python3.8/site-packages/airflow/example_dags/example_branch_day_of_week_operator.py for tasks to queue
[2023-03-26T21:58:31.383+0200] {logging_mixin.py:137} INFO - [2023-03-26T21:58:31.383+0200] {dagbag.py:532} INFO - Filling up the DagBag from /home/humbulani/miniconda3/envs/apache-airflow/lib/python3.8/site-packages/airflow/example_dags/example_branch_day_of_week_operator.py
[2023-03-26T21:58:31.398+0200] {processor.py:753} INFO - DAG(s) dict_keys(['example_weekday_branch_operator']) retrieved from /home/humbulani/miniconda3/envs/apache-airflow/lib/python3.8/site-packages/airflow/example_dags/example_branch_day_of_week_operator.py
[2023-03-26T21:58:31.420+0200] {logging_mixin.py:137} INFO - [2023-03-26T21:58:31.420+0200] {dag.py:2693} INFO - Sync 1 DAGs
[2023-03-26T21:58:31.439+0200] {logging_mixin.py:137} INFO - [2023-03-26T21:58:31.439+0200] {dag.py:3440} INFO - Setting next_dagrun for example_weekday_branch_operator to 2023-03-25T00:00:00+00:00, run_after=2023-03-26T00:00:00+00:00
[2023-03-26T21:58:31.514+0200] {processor.py:175} INFO - Processing /home/humbulani/miniconda3/envs/apache-airflow/lib/python3.8/site-packages/airflow/example_dags/example_branch_day_of_week_operator.py took 0.173 seconds
[2023-03-26T21:59:18.220+0200] {processor.py:153} INFO - Started process (PID=17992) to work on /home/humbulani/miniconda3/envs/apache-airflow/lib/python3.8/site-packages/airflow/example_dags/example_branch_day_of_week_operator.py
[2023-03-26T21:59:18.236+0200] {processor.py:743} INFO - Processing file /home/humbulani/miniconda3/envs/apache-airflow/lib/python3.8/site-packages/airflow/example_dags/example_branch_day_of_week_operator.py for tasks to queue
[2023-03-26T21:59:18.236+0200] {logging_mixin.py:137} INFO - [2023-03-26T21:59:18.236+0200] {dagbag.py:532} INFO - Filling up the DagBag from /home/humbulani/miniconda3/envs/apache-airflow/lib/python3.8/site-packages/airflow/example_dags/example_branch_day_of_week_operator.py
[2023-03-26T21:59:18.251+0200] {processor.py:753} INFO - DAG(s) dict_keys(['example_weekday_branch_operator']) retrieved from /home/humbulani/miniconda3/envs/apache-airflow/lib/python3.8/site-packages/airflow/example_dags/example_branch_day_of_week_operator.py
[2023-03-26T21:59:18.267+0200] {logging_mixin.py:137} INFO - [2023-03-26T21:59:18.267+0200] {dag.py:2693} INFO - Sync 1 DAGs
[2023-03-26T21:59:18.286+0200] {logging_mixin.py:137} INFO - [2023-03-26T21:59:18.286+0200] {dag.py:3440} INFO - Setting next_dagrun for example_weekday_branch_operator to 2023-03-25T00:00:00+00:00, run_after=2023-03-26T00:00:00+00:00
[2023-03-26T21:59:18.403+0200] {processor.py:175} INFO - Processing /home/humbulani/miniconda3/envs/apache-airflow/lib/python3.8/site-packages/airflow/example_dags/example_branch_day_of_week_operator.py took 0.185 seconds
[2023-03-26T22:00:06.355+0200] {processor.py:153} INFO - Started process (PID=18143) to work on /home/humbulani/miniconda3/envs/apache-airflow/lib/python3.8/site-packages/airflow/example_dags/example_branch_day_of_week_operator.py
[2023-03-26T22:00:06.372+0200] {processor.py:743} INFO - Processing file /home/humbulani/miniconda3/envs/apache-airflow/lib/python3.8/site-packages/airflow/example_dags/example_branch_day_of_week_operator.py for tasks to queue
[2023-03-26T22:00:06.373+0200] {logging_mixin.py:137} INFO - [2023-03-26T22:00:06.373+0200] {dagbag.py:532} INFO - Filling up the DagBag from /home/humbulani/miniconda3/envs/apache-airflow/lib/python3.8/site-packages/airflow/example_dags/example_branch_day_of_week_operator.py
[2023-03-26T22:00:06.386+0200] {processor.py:753} INFO - DAG(s) dict_keys(['example_weekday_branch_operator']) retrieved from /home/humbulani/miniconda3/envs/apache-airflow/lib/python3.8/site-packages/airflow/example_dags/example_branch_day_of_week_operator.py
[2023-03-26T22:00:06.403+0200] {logging_mixin.py:137} INFO - [2023-03-26T22:00:06.403+0200] {dag.py:2693} INFO - Sync 1 DAGs
[2023-03-26T22:00:06.422+0200] {logging_mixin.py:137} INFO - [2023-03-26T22:00:06.422+0200] {dag.py:3440} INFO - Setting next_dagrun for example_weekday_branch_operator to 2023-03-25T00:00:00+00:00, run_after=2023-03-26T00:00:00+00:00
[2023-03-26T22:00:06.620+0200] {processor.py:175} INFO - Processing /home/humbulani/miniconda3/envs/apache-airflow/lib/python3.8/site-packages/airflow/example_dags/example_branch_day_of_week_operator.py took 0.268 seconds
[2023-03-26T22:00:52.761+0200] {processor.py:153} INFO - Started process (PID=18234) to work on /home/humbulani/miniconda3/envs/apache-airflow/lib/python3.8/site-packages/airflow/example_dags/example_branch_day_of_week_operator.py
[2023-03-26T22:00:52.780+0200] {processor.py:743} INFO - Processing file /home/humbulani/miniconda3/envs/apache-airflow/lib/python3.8/site-packages/airflow/example_dags/example_branch_day_of_week_operator.py for tasks to queue
[2023-03-26T22:00:52.780+0200] {logging_mixin.py:137} INFO - [2023-03-26T22:00:52.780+0200] {dagbag.py:532} INFO - Filling up the DagBag from /home/humbulani/miniconda3/envs/apache-airflow/lib/python3.8/site-packages/airflow/example_dags/example_branch_day_of_week_operator.py
[2023-03-26T22:00:52.794+0200] {processor.py:753} INFO - DAG(s) dict_keys(['example_weekday_branch_operator']) retrieved from /home/humbulani/miniconda3/envs/apache-airflow/lib/python3.8/site-packages/airflow/example_dags/example_branch_day_of_week_operator.py
[2023-03-26T22:00:52.811+0200] {logging_mixin.py:137} INFO - [2023-03-26T22:00:52.811+0200] {dag.py:2693} INFO - Sync 1 DAGs
[2023-03-26T22:00:52.830+0200] {logging_mixin.py:137} INFO - [2023-03-26T22:00:52.829+0200] {dag.py:3440} INFO - Setting next_dagrun for example_weekday_branch_operator to 2023-03-25T00:00:00+00:00, run_after=2023-03-26T00:00:00+00:00
[2023-03-26T22:00:52.945+0200] {processor.py:175} INFO - Processing /home/humbulani/miniconda3/envs/apache-airflow/lib/python3.8/site-packages/airflow/example_dags/example_branch_day_of_week_operator.py took 0.186 seconds
[2023-03-26T22:01:39.191+0200] {processor.py:153} INFO - Started process (PID=18412) to work on /home/humbulani/miniconda3/envs/apache-airflow/lib/python3.8/site-packages/airflow/example_dags/example_branch_day_of_week_operator.py
[2023-03-26T22:01:39.358+0200] {processor.py:743} INFO - Processing file /home/humbulani/miniconda3/envs/apache-airflow/lib/python3.8/site-packages/airflow/example_dags/example_branch_day_of_week_operator.py for tasks to queue
[2023-03-26T22:01:39.359+0200] {logging_mixin.py:137} INFO - [2023-03-26T22:01:39.358+0200] {dagbag.py:532} INFO - Filling up the DagBag from /home/humbulani/miniconda3/envs/apache-airflow/lib/python3.8/site-packages/airflow/example_dags/example_branch_day_of_week_operator.py
[2023-03-26T22:01:39.373+0200] {processor.py:753} INFO - DAG(s) dict_keys(['example_weekday_branch_operator']) retrieved from /home/humbulani/miniconda3/envs/apache-airflow/lib/python3.8/site-packages/airflow/example_dags/example_branch_day_of_week_operator.py
[2023-03-26T22:01:39.390+0200] {logging_mixin.py:137} INFO - [2023-03-26T22:01:39.390+0200] {dag.py:2693} INFO - Sync 1 DAGs
[2023-03-26T22:01:39.410+0200] {logging_mixin.py:137} INFO - [2023-03-26T22:01:39.410+0200] {dag.py:3440} INFO - Setting next_dagrun for example_weekday_branch_operator to 2023-03-25T00:00:00+00:00, run_after=2023-03-26T00:00:00+00:00
[2023-03-26T22:01:39.662+0200] {processor.py:175} INFO - Processing /home/humbulani/miniconda3/envs/apache-airflow/lib/python3.8/site-packages/airflow/example_dags/example_branch_day_of_week_operator.py took 0.474 seconds
[2023-03-26T22:02:26.255+0200] {processor.py:153} INFO - Started process (PID=18534) to work on /home/humbulani/miniconda3/envs/apache-airflow/lib/python3.8/site-packages/airflow/example_dags/example_branch_day_of_week_operator.py
[2023-03-26T22:02:26.256+0200] {processor.py:743} INFO - Processing file /home/humbulani/miniconda3/envs/apache-airflow/lib/python3.8/site-packages/airflow/example_dags/example_branch_day_of_week_operator.py for tasks to queue
[2023-03-26T22:02:26.257+0200] {logging_mixin.py:137} INFO - [2023-03-26T22:02:26.256+0200] {dagbag.py:532} INFO - Filling up the DagBag from /home/humbulani/miniconda3/envs/apache-airflow/lib/python3.8/site-packages/airflow/example_dags/example_branch_day_of_week_operator.py
[2023-03-26T22:02:26.272+0200] {processor.py:753} INFO - DAG(s) dict_keys(['example_weekday_branch_operator']) retrieved from /home/humbulani/miniconda3/envs/apache-airflow/lib/python3.8/site-packages/airflow/example_dags/example_branch_day_of_week_operator.py
[2023-03-26T22:02:26.290+0200] {logging_mixin.py:137} INFO - [2023-03-26T22:02:26.290+0200] {dag.py:2693} INFO - Sync 1 DAGs
[2023-03-26T22:02:26.309+0200] {logging_mixin.py:137} INFO - [2023-03-26T22:02:26.309+0200] {dag.py:3440} INFO - Setting next_dagrun for example_weekday_branch_operator to 2023-03-25T00:00:00+00:00, run_after=2023-03-26T00:00:00+00:00
[2023-03-26T22:02:26.397+0200] {processor.py:175} INFO - Processing /home/humbulani/miniconda3/envs/apache-airflow/lib/python3.8/site-packages/airflow/example_dags/example_branch_day_of_week_operator.py took 0.145 seconds
[2023-03-26T22:03:13.007+0200] {processor.py:153} INFO - Started process (PID=18589) to work on /home/humbulani/miniconda3/envs/apache-airflow/lib/python3.8/site-packages/airflow/example_dags/example_branch_day_of_week_operator.py
[2023-03-26T22:03:13.008+0200] {processor.py:743} INFO - Processing file /home/humbulani/miniconda3/envs/apache-airflow/lib/python3.8/site-packages/airflow/example_dags/example_branch_day_of_week_operator.py for tasks to queue
[2023-03-26T22:03:13.008+0200] {logging_mixin.py:137} INFO - [2023-03-26T22:03:13.008+0200] {dagbag.py:532} INFO - Filling up the DagBag from /home/humbulani/miniconda3/envs/apache-airflow/lib/python3.8/site-packages/airflow/example_dags/example_branch_day_of_week_operator.py
[2023-03-26T22:03:13.024+0200] {processor.py:753} INFO - DAG(s) dict_keys(['example_weekday_branch_operator']) retrieved from /home/humbulani/miniconda3/envs/apache-airflow/lib/python3.8/site-packages/airflow/example_dags/example_branch_day_of_week_operator.py
[2023-03-26T22:03:13.041+0200] {logging_mixin.py:137} INFO - [2023-03-26T22:03:13.041+0200] {dag.py:2693} INFO - Sync 1 DAGs
[2023-03-26T22:03:13.061+0200] {logging_mixin.py:137} INFO - [2023-03-26T22:03:13.061+0200] {dag.py:3440} INFO - Setting next_dagrun for example_weekday_branch_operator to 2023-03-25T00:00:00+00:00, run_after=2023-03-26T00:00:00+00:00
[2023-03-26T22:03:13.142+0200] {processor.py:175} INFO - Processing /home/humbulani/miniconda3/envs/apache-airflow/lib/python3.8/site-packages/airflow/example_dags/example_branch_day_of_week_operator.py took 0.138 seconds
[2023-03-26T22:03:57.397+0200] {processor.py:153} INFO - Started process (PID=18661) to work on /home/humbulani/miniconda3/envs/apache-airflow/lib/python3.8/site-packages/airflow/example_dags/example_branch_day_of_week_operator.py
[2023-03-26T22:03:57.398+0200] {processor.py:743} INFO - Processing file /home/humbulani/miniconda3/envs/apache-airflow/lib/python3.8/site-packages/airflow/example_dags/example_branch_day_of_week_operator.py for tasks to queue
[2023-03-26T22:03:57.399+0200] {logging_mixin.py:137} INFO - [2023-03-26T22:03:57.399+0200] {dagbag.py:532} INFO - Filling up the DagBag from /home/humbulani/miniconda3/envs/apache-airflow/lib/python3.8/site-packages/airflow/example_dags/example_branch_day_of_week_operator.py
[2023-03-26T22:03:57.413+0200] {processor.py:753} INFO - DAG(s) dict_keys(['example_weekday_branch_operator']) retrieved from /home/humbulani/miniconda3/envs/apache-airflow/lib/python3.8/site-packages/airflow/example_dags/example_branch_day_of_week_operator.py
[2023-03-26T22:03:57.430+0200] {logging_mixin.py:137} INFO - [2023-03-26T22:03:57.429+0200] {dag.py:2693} INFO - Sync 1 DAGs
[2023-03-26T22:03:57.449+0200] {logging_mixin.py:137} INFO - [2023-03-26T22:03:57.449+0200] {dag.py:3440} INFO - Setting next_dagrun for example_weekday_branch_operator to 2023-03-25T00:00:00+00:00, run_after=2023-03-26T00:00:00+00:00
[2023-03-26T22:03:57.537+0200] {processor.py:175} INFO - Processing /home/humbulani/miniconda3/envs/apache-airflow/lib/python3.8/site-packages/airflow/example_dags/example_branch_day_of_week_operator.py took 0.144 seconds
[2023-03-26T22:04:42.924+0200] {processor.py:153} INFO - Started process (PID=18714) to work on /home/humbulani/miniconda3/envs/apache-airflow/lib/python3.8/site-packages/airflow/example_dags/example_branch_day_of_week_operator.py
[2023-03-26T22:04:42.925+0200] {processor.py:743} INFO - Processing file /home/humbulani/miniconda3/envs/apache-airflow/lib/python3.8/site-packages/airflow/example_dags/example_branch_day_of_week_operator.py for tasks to queue
[2023-03-26T22:04:42.926+0200] {logging_mixin.py:137} INFO - [2023-03-26T22:04:42.926+0200] {dagbag.py:532} INFO - Filling up the DagBag from /home/humbulani/miniconda3/envs/apache-airflow/lib/python3.8/site-packages/airflow/example_dags/example_branch_day_of_week_operator.py
[2023-03-26T22:04:42.943+0200] {processor.py:753} INFO - DAG(s) dict_keys(['example_weekday_branch_operator']) retrieved from /home/humbulani/miniconda3/envs/apache-airflow/lib/python3.8/site-packages/airflow/example_dags/example_branch_day_of_week_operator.py
[2023-03-26T22:04:42.960+0200] {logging_mixin.py:137} INFO - [2023-03-26T22:04:42.960+0200] {dag.py:2693} INFO - Sync 1 DAGs
[2023-03-26T22:04:42.980+0200] {logging_mixin.py:137} INFO - [2023-03-26T22:04:42.979+0200] {dag.py:3440} INFO - Setting next_dagrun for example_weekday_branch_operator to 2023-03-25T00:00:00+00:00, run_after=2023-03-26T00:00:00+00:00
[2023-03-26T22:04:43.057+0200] {processor.py:175} INFO - Processing /home/humbulani/miniconda3/envs/apache-airflow/lib/python3.8/site-packages/airflow/example_dags/example_branch_day_of_week_operator.py took 0.136 seconds
[2023-03-26T22:05:27.687+0200] {processor.py:153} INFO - Started process (PID=18767) to work on /home/humbulani/miniconda3/envs/apache-airflow/lib/python3.8/site-packages/airflow/example_dags/example_branch_day_of_week_operator.py
[2023-03-26T22:05:27.688+0200] {processor.py:743} INFO - Processing file /home/humbulani/miniconda3/envs/apache-airflow/lib/python3.8/site-packages/airflow/example_dags/example_branch_day_of_week_operator.py for tasks to queue
[2023-03-26T22:05:27.689+0200] {logging_mixin.py:137} INFO - [2023-03-26T22:05:27.689+0200] {dagbag.py:532} INFO - Filling up the DagBag from /home/humbulani/miniconda3/envs/apache-airflow/lib/python3.8/site-packages/airflow/example_dags/example_branch_day_of_week_operator.py
[2023-03-26T22:05:27.706+0200] {processor.py:753} INFO - DAG(s) dict_keys(['example_weekday_branch_operator']) retrieved from /home/humbulani/miniconda3/envs/apache-airflow/lib/python3.8/site-packages/airflow/example_dags/example_branch_day_of_week_operator.py
[2023-03-26T22:05:27.723+0200] {logging_mixin.py:137} INFO - [2023-03-26T22:05:27.723+0200] {dag.py:2693} INFO - Sync 1 DAGs
[2023-03-26T22:05:27.743+0200] {logging_mixin.py:137} INFO - [2023-03-26T22:05:27.743+0200] {dag.py:3440} INFO - Setting next_dagrun for example_weekday_branch_operator to 2023-03-25T00:00:00+00:00, run_after=2023-03-26T00:00:00+00:00
[2023-03-26T22:05:27.827+0200] {processor.py:175} INFO - Processing /home/humbulani/miniconda3/envs/apache-airflow/lib/python3.8/site-packages/airflow/example_dags/example_branch_day_of_week_operator.py took 0.143 seconds
[2023-03-26T22:06:11.964+0200] {processor.py:153} INFO - Started process (PID=18816) to work on /home/humbulani/miniconda3/envs/apache-airflow/lib/python3.8/site-packages/airflow/example_dags/example_branch_day_of_week_operator.py
[2023-03-26T22:06:12.007+0200] {processor.py:743} INFO - Processing file /home/humbulani/miniconda3/envs/apache-airflow/lib/python3.8/site-packages/airflow/example_dags/example_branch_day_of_week_operator.py for tasks to queue
[2023-03-26T22:06:12.008+0200] {logging_mixin.py:137} INFO - [2023-03-26T22:06:12.008+0200] {dagbag.py:532} INFO - Filling up the DagBag from /home/humbulani/miniconda3/envs/apache-airflow/lib/python3.8/site-packages/airflow/example_dags/example_branch_day_of_week_operator.py
[2023-03-26T22:06:12.026+0200] {processor.py:753} INFO - DAG(s) dict_keys(['example_weekday_branch_operator']) retrieved from /home/humbulani/miniconda3/envs/apache-airflow/lib/python3.8/site-packages/airflow/example_dags/example_branch_day_of_week_operator.py
[2023-03-26T22:06:12.047+0200] {logging_mixin.py:137} INFO - [2023-03-26T22:06:12.047+0200] {dag.py:2693} INFO - Sync 1 DAGs
[2023-03-26T22:06:12.067+0200] {logging_mixin.py:137} INFO - [2023-03-26T22:06:12.066+0200] {dag.py:3440} INFO - Setting next_dagrun for example_weekday_branch_operator to 2023-03-25T00:00:00+00:00, run_after=2023-03-26T00:00:00+00:00
[2023-03-26T22:06:12.153+0200] {processor.py:175} INFO - Processing /home/humbulani/miniconda3/envs/apache-airflow/lib/python3.8/site-packages/airflow/example_dags/example_branch_day_of_week_operator.py took 0.192 seconds
[2023-03-26T22:06:59.757+0200] {processor.py:153} INFO - Started process (PID=18908) to work on /home/humbulani/miniconda3/envs/apache-airflow/lib/python3.8/site-packages/airflow/example_dags/example_branch_day_of_week_operator.py
[2023-03-26T22:06:59.772+0200] {processor.py:743} INFO - Processing file /home/humbulani/miniconda3/envs/apache-airflow/lib/python3.8/site-packages/airflow/example_dags/example_branch_day_of_week_operator.py for tasks to queue
[2023-03-26T22:06:59.773+0200] {logging_mixin.py:137} INFO - [2023-03-26T22:06:59.773+0200] {dagbag.py:532} INFO - Filling up the DagBag from /home/humbulani/miniconda3/envs/apache-airflow/lib/python3.8/site-packages/airflow/example_dags/example_branch_day_of_week_operator.py
[2023-03-26T22:06:59.791+0200] {processor.py:753} INFO - DAG(s) dict_keys(['example_weekday_branch_operator']) retrieved from /home/humbulani/miniconda3/envs/apache-airflow/lib/python3.8/site-packages/airflow/example_dags/example_branch_day_of_week_operator.py
[2023-03-26T22:06:59.813+0200] {logging_mixin.py:137} INFO - [2023-03-26T22:06:59.813+0200] {dag.py:2693} INFO - Sync 1 DAGs
[2023-03-26T22:06:59.846+0200] {logging_mixin.py:137} INFO - [2023-03-26T22:06:59.846+0200] {dag.py:3440} INFO - Setting next_dagrun for example_weekday_branch_operator to 2023-03-25T00:00:00+00:00, run_after=2023-03-26T00:00:00+00:00
[2023-03-26T22:06:59.947+0200] {processor.py:175} INFO - Processing /home/humbulani/miniconda3/envs/apache-airflow/lib/python3.8/site-packages/airflow/example_dags/example_branch_day_of_week_operator.py took 0.193 seconds
[2023-03-26T22:07:45.436+0200] {processor.py:153} INFO - Started process (PID=19004) to work on /home/humbulani/miniconda3/envs/apache-airflow/lib/python3.8/site-packages/airflow/example_dags/example_branch_day_of_week_operator.py
[2023-03-26T22:07:45.444+0200] {processor.py:743} INFO - Processing file /home/humbulani/miniconda3/envs/apache-airflow/lib/python3.8/site-packages/airflow/example_dags/example_branch_day_of_week_operator.py for tasks to queue
[2023-03-26T22:07:45.445+0200] {logging_mixin.py:137} INFO - [2023-03-26T22:07:45.445+0200] {dagbag.py:532} INFO - Filling up the DagBag from /home/humbulani/miniconda3/envs/apache-airflow/lib/python3.8/site-packages/airflow/example_dags/example_branch_day_of_week_operator.py
[2023-03-26T22:07:45.459+0200] {processor.py:753} INFO - DAG(s) dict_keys(['example_weekday_branch_operator']) retrieved from /home/humbulani/miniconda3/envs/apache-airflow/lib/python3.8/site-packages/airflow/example_dags/example_branch_day_of_week_operator.py
[2023-03-26T22:07:45.477+0200] {logging_mixin.py:137} INFO - [2023-03-26T22:07:45.476+0200] {dag.py:2693} INFO - Sync 1 DAGs
[2023-03-26T22:07:45.495+0200] {logging_mixin.py:137} INFO - [2023-03-26T22:07:45.495+0200] {dag.py:3440} INFO - Setting next_dagrun for example_weekday_branch_operator to 2023-03-25T00:00:00+00:00, run_after=2023-03-26T00:00:00+00:00
[2023-03-26T22:07:45.580+0200] {processor.py:175} INFO - Processing /home/humbulani/miniconda3/envs/apache-airflow/lib/python3.8/site-packages/airflow/example_dags/example_branch_day_of_week_operator.py took 0.146 seconds
[2023-03-26T22:08:30.042+0200] {processor.py:153} INFO - Started process (PID=19053) to work on /home/humbulani/miniconda3/envs/apache-airflow/lib/python3.8/site-packages/airflow/example_dags/example_branch_day_of_week_operator.py
[2023-03-26T22:08:30.050+0200] {processor.py:743} INFO - Processing file /home/humbulani/miniconda3/envs/apache-airflow/lib/python3.8/site-packages/airflow/example_dags/example_branch_day_of_week_operator.py for tasks to queue
[2023-03-26T22:08:30.051+0200] {logging_mixin.py:137} INFO - [2023-03-26T22:08:30.050+0200] {dagbag.py:532} INFO - Filling up the DagBag from /home/humbulani/miniconda3/envs/apache-airflow/lib/python3.8/site-packages/airflow/example_dags/example_branch_day_of_week_operator.py
[2023-03-26T22:08:30.065+0200] {processor.py:753} INFO - DAG(s) dict_keys(['example_weekday_branch_operator']) retrieved from /home/humbulani/miniconda3/envs/apache-airflow/lib/python3.8/site-packages/airflow/example_dags/example_branch_day_of_week_operator.py
[2023-03-26T22:08:30.082+0200] {logging_mixin.py:137} INFO - [2023-03-26T22:08:30.081+0200] {dag.py:2693} INFO - Sync 1 DAGs
[2023-03-26T22:08:30.101+0200] {logging_mixin.py:137} INFO - [2023-03-26T22:08:30.101+0200] {dag.py:3440} INFO - Setting next_dagrun for example_weekday_branch_operator to 2023-03-25T00:00:00+00:00, run_after=2023-03-26T00:00:00+00:00
[2023-03-26T22:08:30.244+0200] {processor.py:175} INFO - Processing /home/humbulani/miniconda3/envs/apache-airflow/lib/python3.8/site-packages/airflow/example_dags/example_branch_day_of_week_operator.py took 0.204 seconds
[2023-03-26T22:09:17.847+0200] {processor.py:153} INFO - Started process (PID=19136) to work on /home/humbulani/miniconda3/envs/apache-airflow/lib/python3.8/site-packages/airflow/example_dags/example_branch_day_of_week_operator.py
[2023-03-26T22:09:17.853+0200] {processor.py:743} INFO - Processing file /home/humbulani/miniconda3/envs/apache-airflow/lib/python3.8/site-packages/airflow/example_dags/example_branch_day_of_week_operator.py for tasks to queue
[2023-03-26T22:09:17.854+0200] {logging_mixin.py:137} INFO - [2023-03-26T22:09:17.854+0200] {dagbag.py:532} INFO - Filling up the DagBag from /home/humbulani/miniconda3/envs/apache-airflow/lib/python3.8/site-packages/airflow/example_dags/example_branch_day_of_week_operator.py
[2023-03-26T22:09:17.868+0200] {processor.py:753} INFO - DAG(s) dict_keys(['example_weekday_branch_operator']) retrieved from /home/humbulani/miniconda3/envs/apache-airflow/lib/python3.8/site-packages/airflow/example_dags/example_branch_day_of_week_operator.py
[2023-03-26T22:09:17.885+0200] {logging_mixin.py:137} INFO - [2023-03-26T22:09:17.885+0200] {dag.py:2693} INFO - Sync 1 DAGs
[2023-03-26T22:09:17.905+0200] {logging_mixin.py:137} INFO - [2023-03-26T22:09:17.905+0200] {dag.py:3440} INFO - Setting next_dagrun for example_weekday_branch_operator to 2023-03-25T00:00:00+00:00, run_after=2023-03-26T00:00:00+00:00
[2023-03-26T22:09:17.979+0200] {processor.py:175} INFO - Processing /home/humbulani/miniconda3/envs/apache-airflow/lib/python3.8/site-packages/airflow/example_dags/example_branch_day_of_week_operator.py took 0.134 seconds
[2023-03-26T22:10:04.472+0200] {processor.py:153} INFO - Started process (PID=19180) to work on /home/humbulani/miniconda3/envs/apache-airflow/lib/python3.8/site-packages/airflow/example_dags/example_branch_day_of_week_operator.py
[2023-03-26T22:10:04.484+0200] {processor.py:743} INFO - Processing file /home/humbulani/miniconda3/envs/apache-airflow/lib/python3.8/site-packages/airflow/example_dags/example_branch_day_of_week_operator.py for tasks to queue
[2023-03-26T22:10:04.484+0200] {logging_mixin.py:137} INFO - [2023-03-26T22:10:04.484+0200] {dagbag.py:532} INFO - Filling up the DagBag from /home/humbulani/miniconda3/envs/apache-airflow/lib/python3.8/site-packages/airflow/example_dags/example_branch_day_of_week_operator.py
[2023-03-26T22:10:04.497+0200] {processor.py:753} INFO - DAG(s) dict_keys(['example_weekday_branch_operator']) retrieved from /home/humbulani/miniconda3/envs/apache-airflow/lib/python3.8/site-packages/airflow/example_dags/example_branch_day_of_week_operator.py
[2023-03-26T22:10:04.515+0200] {logging_mixin.py:137} INFO - [2023-03-26T22:10:04.514+0200] {dag.py:2693} INFO - Sync 1 DAGs
[2023-03-26T22:10:04.533+0200] {logging_mixin.py:137} INFO - [2023-03-26T22:10:04.533+0200] {dag.py:3440} INFO - Setting next_dagrun for example_weekday_branch_operator to 2023-03-25T00:00:00+00:00, run_after=2023-03-26T00:00:00+00:00
[2023-03-26T22:10:04.609+0200] {processor.py:175} INFO - Processing /home/humbulani/miniconda3/envs/apache-airflow/lib/python3.8/site-packages/airflow/example_dags/example_branch_day_of_week_operator.py took 0.140 seconds
[2023-03-26T22:10:48.056+0200] {processor.py:153} INFO - Started process (PID=19308) to work on /home/humbulani/miniconda3/envs/apache-airflow/lib/python3.8/site-packages/airflow/example_dags/example_branch_day_of_week_operator.py
[2023-03-26T22:10:48.061+0200] {processor.py:743} INFO - Processing file /home/humbulani/miniconda3/envs/apache-airflow/lib/python3.8/site-packages/airflow/example_dags/example_branch_day_of_week_operator.py for tasks to queue
[2023-03-26T22:10:48.061+0200] {logging_mixin.py:137} INFO - [2023-03-26T22:10:48.061+0200] {dagbag.py:532} INFO - Filling up the DagBag from /home/humbulani/miniconda3/envs/apache-airflow/lib/python3.8/site-packages/airflow/example_dags/example_branch_day_of_week_operator.py
[2023-03-26T22:10:48.078+0200] {processor.py:753} INFO - DAG(s) dict_keys(['example_weekday_branch_operator']) retrieved from /home/humbulani/miniconda3/envs/apache-airflow/lib/python3.8/site-packages/airflow/example_dags/example_branch_day_of_week_operator.py
[2023-03-26T22:10:48.096+0200] {logging_mixin.py:137} INFO - [2023-03-26T22:10:48.096+0200] {dag.py:2693} INFO - Sync 1 DAGs
[2023-03-26T22:10:48.116+0200] {logging_mixin.py:137} INFO - [2023-03-26T22:10:48.116+0200] {dag.py:3440} INFO - Setting next_dagrun for example_weekday_branch_operator to 2023-03-25T00:00:00+00:00, run_after=2023-03-26T00:00:00+00:00
[2023-03-26T22:10:48.199+0200] {processor.py:175} INFO - Processing /home/humbulani/miniconda3/envs/apache-airflow/lib/python3.8/site-packages/airflow/example_dags/example_branch_day_of_week_operator.py took 0.145 seconds
[2023-03-26T22:11:35.938+0200] {processor.py:153} INFO - Started process (PID=19351) to work on /home/humbulani/miniconda3/envs/apache-airflow/lib/python3.8/site-packages/airflow/example_dags/example_branch_day_of_week_operator.py
[2023-03-26T22:11:35.949+0200] {processor.py:743} INFO - Processing file /home/humbulani/miniconda3/envs/apache-airflow/lib/python3.8/site-packages/airflow/example_dags/example_branch_day_of_week_operator.py for tasks to queue
[2023-03-26T22:11:35.950+0200] {logging_mixin.py:137} INFO - [2023-03-26T22:11:35.950+0200] {dagbag.py:532} INFO - Filling up the DagBag from /home/humbulani/miniconda3/envs/apache-airflow/lib/python3.8/site-packages/airflow/example_dags/example_branch_day_of_week_operator.py
[2023-03-26T22:11:35.964+0200] {processor.py:753} INFO - DAG(s) dict_keys(['example_weekday_branch_operator']) retrieved from /home/humbulani/miniconda3/envs/apache-airflow/lib/python3.8/site-packages/airflow/example_dags/example_branch_day_of_week_operator.py
[2023-03-26T22:11:35.981+0200] {logging_mixin.py:137} INFO - [2023-03-26T22:11:35.981+0200] {dag.py:2693} INFO - Sync 1 DAGs
[2023-03-26T22:11:35.999+0200] {logging_mixin.py:137} INFO - [2023-03-26T22:11:35.999+0200] {dag.py:3440} INFO - Setting next_dagrun for example_weekday_branch_operator to 2023-03-25T00:00:00+00:00, run_after=2023-03-26T00:00:00+00:00
[2023-03-26T22:11:36.077+0200] {processor.py:175} INFO - Processing /home/humbulani/miniconda3/envs/apache-airflow/lib/python3.8/site-packages/airflow/example_dags/example_branch_day_of_week_operator.py took 0.142 seconds
[2023-03-26T22:12:19.932+0200] {processor.py:153} INFO - Started process (PID=19396) to work on /home/humbulani/miniconda3/envs/apache-airflow/lib/python3.8/site-packages/airflow/example_dags/example_branch_day_of_week_operator.py
[2023-03-26T22:12:19.946+0200] {processor.py:743} INFO - Processing file /home/humbulani/miniconda3/envs/apache-airflow/lib/python3.8/site-packages/airflow/example_dags/example_branch_day_of_week_operator.py for tasks to queue
[2023-03-26T22:12:19.946+0200] {logging_mixin.py:137} INFO - [2023-03-26T22:12:19.946+0200] {dagbag.py:532} INFO - Filling up the DagBag from /home/humbulani/miniconda3/envs/apache-airflow/lib/python3.8/site-packages/airflow/example_dags/example_branch_day_of_week_operator.py
[2023-03-26T22:12:19.961+0200] {processor.py:753} INFO - DAG(s) dict_keys(['example_weekday_branch_operator']) retrieved from /home/humbulani/miniconda3/envs/apache-airflow/lib/python3.8/site-packages/airflow/example_dags/example_branch_day_of_week_operator.py
[2023-03-26T22:12:19.978+0200] {logging_mixin.py:137} INFO - [2023-03-26T22:12:19.978+0200] {dag.py:2693} INFO - Sync 1 DAGs
[2023-03-26T22:12:19.996+0200] {logging_mixin.py:137} INFO - [2023-03-26T22:12:19.996+0200] {dag.py:3440} INFO - Setting next_dagrun for example_weekday_branch_operator to 2023-03-25T00:00:00+00:00, run_after=2023-03-26T00:00:00+00:00
[2023-03-26T22:12:20.066+0200] {processor.py:175} INFO - Processing /home/humbulani/miniconda3/envs/apache-airflow/lib/python3.8/site-packages/airflow/example_dags/example_branch_day_of_week_operator.py took 0.136 seconds
[2023-03-26T22:13:06.465+0200] {processor.py:153} INFO - Started process (PID=19505) to work on /home/humbulani/miniconda3/envs/apache-airflow/lib/python3.8/site-packages/airflow/example_dags/example_branch_day_of_week_operator.py
[2023-03-26T22:13:06.466+0200] {processor.py:743} INFO - Processing file /home/humbulani/miniconda3/envs/apache-airflow/lib/python3.8/site-packages/airflow/example_dags/example_branch_day_of_week_operator.py for tasks to queue
[2023-03-26T22:13:06.466+0200] {logging_mixin.py:137} INFO - [2023-03-26T22:13:06.466+0200] {dagbag.py:532} INFO - Filling up the DagBag from /home/humbulani/miniconda3/envs/apache-airflow/lib/python3.8/site-packages/airflow/example_dags/example_branch_day_of_week_operator.py
[2023-03-26T22:13:06.481+0200] {processor.py:753} INFO - DAG(s) dict_keys(['example_weekday_branch_operator']) retrieved from /home/humbulani/miniconda3/envs/apache-airflow/lib/python3.8/site-packages/airflow/example_dags/example_branch_day_of_week_operator.py
[2023-03-26T22:13:06.500+0200] {logging_mixin.py:137} INFO - [2023-03-26T22:13:06.500+0200] {dag.py:2693} INFO - Sync 1 DAGs
[2023-03-26T22:13:06.524+0200] {logging_mixin.py:137} INFO - [2023-03-26T22:13:06.524+0200] {dag.py:3440} INFO - Setting next_dagrun for example_weekday_branch_operator to 2023-03-25T00:00:00+00:00, run_after=2023-03-26T00:00:00+00:00
[2023-03-26T22:13:06.605+0200] {processor.py:175} INFO - Processing /home/humbulani/miniconda3/envs/apache-airflow/lib/python3.8/site-packages/airflow/example_dags/example_branch_day_of_week_operator.py took 0.142 seconds
[2023-03-26T22:13:53.837+0200] {processor.py:153} INFO - Started process (PID=19547) to work on /home/humbulani/miniconda3/envs/apache-airflow/lib/python3.8/site-packages/airflow/example_dags/example_branch_day_of_week_operator.py
[2023-03-26T22:13:53.838+0200] {processor.py:743} INFO - Processing file /home/humbulani/miniconda3/envs/apache-airflow/lib/python3.8/site-packages/airflow/example_dags/example_branch_day_of_week_operator.py for tasks to queue
[2023-03-26T22:13:53.838+0200] {logging_mixin.py:137} INFO - [2023-03-26T22:13:53.838+0200] {dagbag.py:532} INFO - Filling up the DagBag from /home/humbulani/miniconda3/envs/apache-airflow/lib/python3.8/site-packages/airflow/example_dags/example_branch_day_of_week_operator.py
[2023-03-26T22:13:53.852+0200] {processor.py:753} INFO - DAG(s) dict_keys(['example_weekday_branch_operator']) retrieved from /home/humbulani/miniconda3/envs/apache-airflow/lib/python3.8/site-packages/airflow/example_dags/example_branch_day_of_week_operator.py
[2023-03-26T22:13:53.870+0200] {logging_mixin.py:137} INFO - [2023-03-26T22:13:53.869+0200] {dag.py:2693} INFO - Sync 1 DAGs
[2023-03-26T22:13:53.888+0200] {logging_mixin.py:137} INFO - [2023-03-26T22:13:53.888+0200] {dag.py:3440} INFO - Setting next_dagrun for example_weekday_branch_operator to 2023-03-25T00:00:00+00:00, run_after=2023-03-26T00:00:00+00:00
[2023-03-26T22:13:53.967+0200] {processor.py:175} INFO - Processing /home/humbulani/miniconda3/envs/apache-airflow/lib/python3.8/site-packages/airflow/example_dags/example_branch_day_of_week_operator.py took 0.132 seconds
[2023-03-26T22:14:40.853+0200] {processor.py:153} INFO - Started process (PID=19592) to work on /home/humbulani/miniconda3/envs/apache-airflow/lib/python3.8/site-packages/airflow/example_dags/example_branch_day_of_week_operator.py
[2023-03-26T22:14:40.860+0200] {processor.py:743} INFO - Processing file /home/humbulani/miniconda3/envs/apache-airflow/lib/python3.8/site-packages/airflow/example_dags/example_branch_day_of_week_operator.py for tasks to queue
[2023-03-26T22:14:40.861+0200] {logging_mixin.py:137} INFO - [2023-03-26T22:14:40.861+0200] {dagbag.py:532} INFO - Filling up the DagBag from /home/humbulani/miniconda3/envs/apache-airflow/lib/python3.8/site-packages/airflow/example_dags/example_branch_day_of_week_operator.py
[2023-03-26T22:14:40.875+0200] {processor.py:753} INFO - DAG(s) dict_keys(['example_weekday_branch_operator']) retrieved from /home/humbulani/miniconda3/envs/apache-airflow/lib/python3.8/site-packages/airflow/example_dags/example_branch_day_of_week_operator.py
[2023-03-26T22:14:40.892+0200] {logging_mixin.py:137} INFO - [2023-03-26T22:14:40.892+0200] {dag.py:2693} INFO - Sync 1 DAGs
[2023-03-26T22:14:40.911+0200] {logging_mixin.py:137} INFO - [2023-03-26T22:14:40.911+0200] {dag.py:3440} INFO - Setting next_dagrun for example_weekday_branch_operator to 2023-03-25T00:00:00+00:00, run_after=2023-03-26T00:00:00+00:00
[2023-03-26T22:14:41.006+0200] {processor.py:175} INFO - Processing /home/humbulani/miniconda3/envs/apache-airflow/lib/python3.8/site-packages/airflow/example_dags/example_branch_day_of_week_operator.py took 0.155 seconds
[2023-03-26T22:15:28.648+0200] {processor.py:153} INFO - Started process (PID=19702) to work on /home/humbulani/miniconda3/envs/apache-airflow/lib/python3.8/site-packages/airflow/example_dags/example_branch_day_of_week_operator.py
[2023-03-26T22:15:28.657+0200] {processor.py:743} INFO - Processing file /home/humbulani/miniconda3/envs/apache-airflow/lib/python3.8/site-packages/airflow/example_dags/example_branch_day_of_week_operator.py for tasks to queue
[2023-03-26T22:15:28.658+0200] {logging_mixin.py:137} INFO - [2023-03-26T22:15:28.658+0200] {dagbag.py:532} INFO - Filling up the DagBag from /home/humbulani/miniconda3/envs/apache-airflow/lib/python3.8/site-packages/airflow/example_dags/example_branch_day_of_week_operator.py
[2023-03-26T22:15:28.672+0200] {processor.py:753} INFO - DAG(s) dict_keys(['example_weekday_branch_operator']) retrieved from /home/humbulani/miniconda3/envs/apache-airflow/lib/python3.8/site-packages/airflow/example_dags/example_branch_day_of_week_operator.py
[2023-03-26T22:15:28.690+0200] {logging_mixin.py:137} INFO - [2023-03-26T22:15:28.690+0200] {dag.py:2693} INFO - Sync 1 DAGs
[2023-03-26T22:15:28.710+0200] {logging_mixin.py:137} INFO - [2023-03-26T22:15:28.709+0200] {dag.py:3440} INFO - Setting next_dagrun for example_weekday_branch_operator to 2023-03-25T00:00:00+00:00, run_after=2023-03-26T00:00:00+00:00
[2023-03-26T22:15:28.786+0200] {processor.py:175} INFO - Processing /home/humbulani/miniconda3/envs/apache-airflow/lib/python3.8/site-packages/airflow/example_dags/example_branch_day_of_week_operator.py took 0.141 seconds
[2023-03-26T22:16:14.704+0200] {processor.py:153} INFO - Started process (PID=19808) to work on /home/humbulani/miniconda3/envs/apache-airflow/lib/python3.8/site-packages/airflow/example_dags/example_branch_day_of_week_operator.py
[2023-03-26T22:16:14.720+0200] {processor.py:743} INFO - Processing file /home/humbulani/miniconda3/envs/apache-airflow/lib/python3.8/site-packages/airflow/example_dags/example_branch_day_of_week_operator.py for tasks to queue
[2023-03-26T22:16:14.720+0200] {logging_mixin.py:137} INFO - [2023-03-26T22:16:14.720+0200] {dagbag.py:532} INFO - Filling up the DagBag from /home/humbulani/miniconda3/envs/apache-airflow/lib/python3.8/site-packages/airflow/example_dags/example_branch_day_of_week_operator.py
[2023-03-26T22:16:14.734+0200] {processor.py:753} INFO - DAG(s) dict_keys(['example_weekday_branch_operator']) retrieved from /home/humbulani/miniconda3/envs/apache-airflow/lib/python3.8/site-packages/airflow/example_dags/example_branch_day_of_week_operator.py
[2023-03-26T22:16:14.752+0200] {logging_mixin.py:137} INFO - [2023-03-26T22:16:14.751+0200] {dag.py:2693} INFO - Sync 1 DAGs
[2023-03-26T22:16:14.774+0200] {logging_mixin.py:137} INFO - [2023-03-26T22:16:14.774+0200] {dag.py:3440} INFO - Setting next_dagrun for example_weekday_branch_operator to 2023-03-25T00:00:00+00:00, run_after=2023-03-26T00:00:00+00:00
[2023-03-26T22:16:14.881+0200] {processor.py:175} INFO - Processing /home/humbulani/miniconda3/envs/apache-airflow/lib/python3.8/site-packages/airflow/example_dags/example_branch_day_of_week_operator.py took 0.180 seconds
[2023-03-26T22:17:07.088+0200] {processor.py:153} INFO - Started process (PID=19860) to work on /home/humbulani/miniconda3/envs/apache-airflow/lib/python3.8/site-packages/airflow/example_dags/example_branch_day_of_week_operator.py
[2023-03-26T22:17:07.098+0200] {processor.py:743} INFO - Processing file /home/humbulani/miniconda3/envs/apache-airflow/lib/python3.8/site-packages/airflow/example_dags/example_branch_day_of_week_operator.py for tasks to queue
[2023-03-26T22:17:07.099+0200] {logging_mixin.py:137} INFO - [2023-03-26T22:17:07.099+0200] {dagbag.py:532} INFO - Filling up the DagBag from /home/humbulani/miniconda3/envs/apache-airflow/lib/python3.8/site-packages/airflow/example_dags/example_branch_day_of_week_operator.py
[2023-03-26T22:17:07.117+0200] {processor.py:753} INFO - DAG(s) dict_keys(['example_weekday_branch_operator']) retrieved from /home/humbulani/miniconda3/envs/apache-airflow/lib/python3.8/site-packages/airflow/example_dags/example_branch_day_of_week_operator.py
[2023-03-26T22:17:07.136+0200] {logging_mixin.py:137} INFO - [2023-03-26T22:17:07.136+0200] {dag.py:2693} INFO - Sync 1 DAGs
[2023-03-26T22:17:07.155+0200] {logging_mixin.py:137} INFO - [2023-03-26T22:17:07.155+0200] {dag.py:3440} INFO - Setting next_dagrun for example_weekday_branch_operator to 2023-03-25T00:00:00+00:00, run_after=2023-03-26T00:00:00+00:00
[2023-03-26T22:17:07.231+0200] {processor.py:175} INFO - Processing /home/humbulani/miniconda3/envs/apache-airflow/lib/python3.8/site-packages/airflow/example_dags/example_branch_day_of_week_operator.py took 0.147 seconds
[2023-03-26T22:17:49.527+0200] {processor.py:153} INFO - Started process (PID=19907) to work on /home/humbulani/miniconda3/envs/apache-airflow/lib/python3.8/site-packages/airflow/example_dags/example_branch_day_of_week_operator.py
[2023-03-26T22:17:49.544+0200] {processor.py:743} INFO - Processing file /home/humbulani/miniconda3/envs/apache-airflow/lib/python3.8/site-packages/airflow/example_dags/example_branch_day_of_week_operator.py for tasks to queue
[2023-03-26T22:17:49.545+0200] {logging_mixin.py:137} INFO - [2023-03-26T22:17:49.545+0200] {dagbag.py:532} INFO - Filling up the DagBag from /home/humbulani/miniconda3/envs/apache-airflow/lib/python3.8/site-packages/airflow/example_dags/example_branch_day_of_week_operator.py
[2023-03-26T22:17:49.559+0200] {processor.py:753} INFO - DAG(s) dict_keys(['example_weekday_branch_operator']) retrieved from /home/humbulani/miniconda3/envs/apache-airflow/lib/python3.8/site-packages/airflow/example_dags/example_branch_day_of_week_operator.py
[2023-03-26T22:17:49.576+0200] {logging_mixin.py:137} INFO - [2023-03-26T22:17:49.576+0200] {dag.py:2693} INFO - Sync 1 DAGs
[2023-03-26T22:17:49.594+0200] {logging_mixin.py:137} INFO - [2023-03-26T22:17:49.594+0200] {dag.py:3440} INFO - Setting next_dagrun for example_weekday_branch_operator to 2023-03-25T00:00:00+00:00, run_after=2023-03-26T00:00:00+00:00
[2023-03-26T22:17:49.674+0200] {processor.py:175} INFO - Processing /home/humbulani/miniconda3/envs/apache-airflow/lib/python3.8/site-packages/airflow/example_dags/example_branch_day_of_week_operator.py took 0.149 seconds
[2023-03-26T22:18:35.771+0200] {processor.py:153} INFO - Started process (PID=20018) to work on /home/humbulani/miniconda3/envs/apache-airflow/lib/python3.8/site-packages/airflow/example_dags/example_branch_day_of_week_operator.py
[2023-03-26T22:18:35.790+0200] {processor.py:743} INFO - Processing file /home/humbulani/miniconda3/envs/apache-airflow/lib/python3.8/site-packages/airflow/example_dags/example_branch_day_of_week_operator.py for tasks to queue
[2023-03-26T22:18:35.791+0200] {logging_mixin.py:137} INFO - [2023-03-26T22:18:35.791+0200] {dagbag.py:532} INFO - Filling up the DagBag from /home/humbulani/miniconda3/envs/apache-airflow/lib/python3.8/site-packages/airflow/example_dags/example_branch_day_of_week_operator.py
[2023-03-26T22:18:35.805+0200] {processor.py:753} INFO - DAG(s) dict_keys(['example_weekday_branch_operator']) retrieved from /home/humbulani/miniconda3/envs/apache-airflow/lib/python3.8/site-packages/airflow/example_dags/example_branch_day_of_week_operator.py
[2023-03-26T22:18:35.822+0200] {logging_mixin.py:137} INFO - [2023-03-26T22:18:35.822+0200] {dag.py:2693} INFO - Sync 1 DAGs
[2023-03-26T22:18:35.841+0200] {logging_mixin.py:137} INFO - [2023-03-26T22:18:35.841+0200] {dag.py:3440} INFO - Setting next_dagrun for example_weekday_branch_operator to 2023-03-25T00:00:00+00:00, run_after=2023-03-26T00:00:00+00:00
[2023-03-26T22:18:35.912+0200] {processor.py:175} INFO - Processing /home/humbulani/miniconda3/envs/apache-airflow/lib/python3.8/site-packages/airflow/example_dags/example_branch_day_of_week_operator.py took 0.144 seconds
[2023-03-26T22:19:18.594+0200] {processor.py:153} INFO - Started process (PID=20126) to work on /home/humbulani/miniconda3/envs/apache-airflow/lib/python3.8/site-packages/airflow/example_dags/example_branch_day_of_week_operator.py
[2023-03-26T22:19:18.600+0200] {processor.py:743} INFO - Processing file /home/humbulani/miniconda3/envs/apache-airflow/lib/python3.8/site-packages/airflow/example_dags/example_branch_day_of_week_operator.py for tasks to queue
[2023-03-26T22:19:18.601+0200] {logging_mixin.py:137} INFO - [2023-03-26T22:19:18.601+0200] {dagbag.py:532} INFO - Filling up the DagBag from /home/humbulani/miniconda3/envs/apache-airflow/lib/python3.8/site-packages/airflow/example_dags/example_branch_day_of_week_operator.py
[2023-03-26T22:19:18.615+0200] {processor.py:753} INFO - DAG(s) dict_keys(['example_weekday_branch_operator']) retrieved from /home/humbulani/miniconda3/envs/apache-airflow/lib/python3.8/site-packages/airflow/example_dags/example_branch_day_of_week_operator.py
[2023-03-26T22:19:18.632+0200] {logging_mixin.py:137} INFO - [2023-03-26T22:19:18.632+0200] {dag.py:2693} INFO - Sync 1 DAGs
[2023-03-26T22:19:18.652+0200] {logging_mixin.py:137} INFO - [2023-03-26T22:19:18.652+0200] {dag.py:3440} INFO - Setting next_dagrun for example_weekday_branch_operator to 2023-03-25T00:00:00+00:00, run_after=2023-03-26T00:00:00+00:00
[2023-03-26T22:19:18.862+0200] {processor.py:175} INFO - Processing /home/humbulani/miniconda3/envs/apache-airflow/lib/python3.8/site-packages/airflow/example_dags/example_branch_day_of_week_operator.py took 0.271 seconds
[2023-03-26T22:20:04.791+0200] {processor.py:153} INFO - Started process (PID=20170) to work on /home/humbulani/miniconda3/envs/apache-airflow/lib/python3.8/site-packages/airflow/example_dags/example_branch_day_of_week_operator.py
[2023-03-26T22:20:04.804+0200] {processor.py:743} INFO - Processing file /home/humbulani/miniconda3/envs/apache-airflow/lib/python3.8/site-packages/airflow/example_dags/example_branch_day_of_week_operator.py for tasks to queue
[2023-03-26T22:20:04.804+0200] {logging_mixin.py:137} INFO - [2023-03-26T22:20:04.804+0200] {dagbag.py:532} INFO - Filling up the DagBag from /home/humbulani/miniconda3/envs/apache-airflow/lib/python3.8/site-packages/airflow/example_dags/example_branch_day_of_week_operator.py
[2023-03-26T22:20:04.822+0200] {processor.py:753} INFO - DAG(s) dict_keys(['example_weekday_branch_operator']) retrieved from /home/humbulani/miniconda3/envs/apache-airflow/lib/python3.8/site-packages/airflow/example_dags/example_branch_day_of_week_operator.py
[2023-03-26T22:20:04.842+0200] {logging_mixin.py:137} INFO - [2023-03-26T22:20:04.841+0200] {dag.py:2693} INFO - Sync 1 DAGs
[2023-03-26T22:20:04.860+0200] {logging_mixin.py:137} INFO - [2023-03-26T22:20:04.859+0200] {dag.py:3440} INFO - Setting next_dagrun for example_weekday_branch_operator to 2023-03-25T00:00:00+00:00, run_after=2023-03-26T00:00:00+00:00
[2023-03-26T22:20:04.937+0200] {processor.py:175} INFO - Processing /home/humbulani/miniconda3/envs/apache-airflow/lib/python3.8/site-packages/airflow/example_dags/example_branch_day_of_week_operator.py took 0.149 seconds
[2023-03-26T22:20:48.943+0200] {processor.py:153} INFO - Started process (PID=20259) to work on /home/humbulani/miniconda3/envs/apache-airflow/lib/python3.8/site-packages/airflow/example_dags/example_branch_day_of_week_operator.py
[2023-03-26T22:20:48.958+0200] {processor.py:743} INFO - Processing file /home/humbulani/miniconda3/envs/apache-airflow/lib/python3.8/site-packages/airflow/example_dags/example_branch_day_of_week_operator.py for tasks to queue
[2023-03-26T22:20:48.958+0200] {logging_mixin.py:137} INFO - [2023-03-26T22:20:48.958+0200] {dagbag.py:532} INFO - Filling up the DagBag from /home/humbulani/miniconda3/envs/apache-airflow/lib/python3.8/site-packages/airflow/example_dags/example_branch_day_of_week_operator.py
[2023-03-26T22:20:48.973+0200] {processor.py:753} INFO - DAG(s) dict_keys(['example_weekday_branch_operator']) retrieved from /home/humbulani/miniconda3/envs/apache-airflow/lib/python3.8/site-packages/airflow/example_dags/example_branch_day_of_week_operator.py
[2023-03-26T22:20:48.991+0200] {logging_mixin.py:137} INFO - [2023-03-26T22:20:48.991+0200] {dag.py:2693} INFO - Sync 1 DAGs
[2023-03-26T22:20:49.012+0200] {logging_mixin.py:137} INFO - [2023-03-26T22:20:49.012+0200] {dag.py:3440} INFO - Setting next_dagrun for example_weekday_branch_operator to 2023-03-25T00:00:00+00:00, run_after=2023-03-26T00:00:00+00:00
[2023-03-26T22:20:49.145+0200] {processor.py:175} INFO - Processing /home/humbulani/miniconda3/envs/apache-airflow/lib/python3.8/site-packages/airflow/example_dags/example_branch_day_of_week_operator.py took 0.204 seconds
[2023-03-26T22:21:35.115+0200] {processor.py:153} INFO - Started process (PID=20304) to work on /home/humbulani/miniconda3/envs/apache-airflow/lib/python3.8/site-packages/airflow/example_dags/example_branch_day_of_week_operator.py
[2023-03-26T22:21:35.129+0200] {processor.py:743} INFO - Processing file /home/humbulani/miniconda3/envs/apache-airflow/lib/python3.8/site-packages/airflow/example_dags/example_branch_day_of_week_operator.py for tasks to queue
[2023-03-26T22:21:35.129+0200] {logging_mixin.py:137} INFO - [2023-03-26T22:21:35.129+0200] {dagbag.py:532} INFO - Filling up the DagBag from /home/humbulani/miniconda3/envs/apache-airflow/lib/python3.8/site-packages/airflow/example_dags/example_branch_day_of_week_operator.py
[2023-03-26T22:21:35.145+0200] {processor.py:753} INFO - DAG(s) dict_keys(['example_weekday_branch_operator']) retrieved from /home/humbulani/miniconda3/envs/apache-airflow/lib/python3.8/site-packages/airflow/example_dags/example_branch_day_of_week_operator.py
[2023-03-26T22:21:35.163+0200] {logging_mixin.py:137} INFO - [2023-03-26T22:21:35.163+0200] {dag.py:2693} INFO - Sync 1 DAGs
[2023-03-26T22:21:35.181+0200] {logging_mixin.py:137} INFO - [2023-03-26T22:21:35.181+0200] {dag.py:3440} INFO - Setting next_dagrun for example_weekday_branch_operator to 2023-03-25T00:00:00+00:00, run_after=2023-03-26T00:00:00+00:00
[2023-03-26T22:21:35.253+0200] {processor.py:175} INFO - Processing /home/humbulani/miniconda3/envs/apache-airflow/lib/python3.8/site-packages/airflow/example_dags/example_branch_day_of_week_operator.py took 0.140 seconds
[2023-03-26T22:22:18.976+0200] {processor.py:153} INFO - Started process (PID=20349) to work on /home/humbulani/miniconda3/envs/apache-airflow/lib/python3.8/site-packages/airflow/example_dags/example_branch_day_of_week_operator.py
[2023-03-26T22:22:18.983+0200] {processor.py:743} INFO - Processing file /home/humbulani/miniconda3/envs/apache-airflow/lib/python3.8/site-packages/airflow/example_dags/example_branch_day_of_week_operator.py for tasks to queue
[2023-03-26T22:22:18.984+0200] {logging_mixin.py:137} INFO - [2023-03-26T22:22:18.983+0200] {dagbag.py:532} INFO - Filling up the DagBag from /home/humbulani/miniconda3/envs/apache-airflow/lib/python3.8/site-packages/airflow/example_dags/example_branch_day_of_week_operator.py
[2023-03-26T22:22:19.001+0200] {processor.py:753} INFO - DAG(s) dict_keys(['example_weekday_branch_operator']) retrieved from /home/humbulani/miniconda3/envs/apache-airflow/lib/python3.8/site-packages/airflow/example_dags/example_branch_day_of_week_operator.py
[2023-03-26T22:22:19.019+0200] {logging_mixin.py:137} INFO - [2023-03-26T22:22:19.019+0200] {dag.py:2693} INFO - Sync 1 DAGs
[2023-03-26T22:22:19.039+0200] {logging_mixin.py:137} INFO - [2023-03-26T22:22:19.039+0200] {dag.py:3440} INFO - Setting next_dagrun for example_weekday_branch_operator to 2023-03-25T00:00:00+00:00, run_after=2023-03-26T00:00:00+00:00
[2023-03-26T22:22:19.116+0200] {processor.py:175} INFO - Processing /home/humbulani/miniconda3/envs/apache-airflow/lib/python3.8/site-packages/airflow/example_dags/example_branch_day_of_week_operator.py took 0.142 seconds
[2023-03-26T22:23:06.105+0200] {processor.py:153} INFO - Started process (PID=20391) to work on /home/humbulani/miniconda3/envs/apache-airflow/lib/python3.8/site-packages/airflow/example_dags/example_branch_day_of_week_operator.py
[2023-03-26T22:23:06.105+0200] {processor.py:743} INFO - Processing file /home/humbulani/miniconda3/envs/apache-airflow/lib/python3.8/site-packages/airflow/example_dags/example_branch_day_of_week_operator.py for tasks to queue
[2023-03-26T22:23:06.106+0200] {logging_mixin.py:137} INFO - [2023-03-26T22:23:06.106+0200] {dagbag.py:532} INFO - Filling up the DagBag from /home/humbulani/miniconda3/envs/apache-airflow/lib/python3.8/site-packages/airflow/example_dags/example_branch_day_of_week_operator.py
[2023-03-26T22:23:06.120+0200] {processor.py:753} INFO - DAG(s) dict_keys(['example_weekday_branch_operator']) retrieved from /home/humbulani/miniconda3/envs/apache-airflow/lib/python3.8/site-packages/airflow/example_dags/example_branch_day_of_week_operator.py
[2023-03-26T22:23:06.137+0200] {logging_mixin.py:137} INFO - [2023-03-26T22:23:06.136+0200] {dag.py:2693} INFO - Sync 1 DAGs
[2023-03-26T22:23:06.155+0200] {logging_mixin.py:137} INFO - [2023-03-26T22:23:06.155+0200] {dag.py:3440} INFO - Setting next_dagrun for example_weekday_branch_operator to 2023-03-25T00:00:00+00:00, run_after=2023-03-26T00:00:00+00:00
[2023-03-26T22:23:06.253+0200] {processor.py:175} INFO - Processing /home/humbulani/miniconda3/envs/apache-airflow/lib/python3.8/site-packages/airflow/example_dags/example_branch_day_of_week_operator.py took 0.151 seconds
