[2023-03-26T21:39:29.268+0200] {processor.py:153} INFO - Started process (PID=16647) to work on /home/humbulani/miniconda3/envs/apache-airflow/lib/python3.8/site-packages/airflow/example_dags/example_time_delta_sensor_async.py
[2023-03-26T21:39:29.269+0200] {processor.py:743} INFO - Processing file /home/humbulani/miniconda3/envs/apache-airflow/lib/python3.8/site-packages/airflow/example_dags/example_time_delta_sensor_async.py for tasks to queue
[2023-03-26T21:39:29.270+0200] {logging_mixin.py:137} INFO - [2023-03-26T21:39:29.269+0200] {dagbag.py:532} INFO - Filling up the DagBag from /home/humbulani/miniconda3/envs/apache-airflow/lib/python3.8/site-packages/airflow/example_dags/example_time_delta_sensor_async.py
[2023-03-26T21:39:29.282+0200] {processor.py:753} INFO - DAG(s) dict_keys(['example_time_delta_sensor_async']) retrieved from /home/humbulani/miniconda3/envs/apache-airflow/lib/python3.8/site-packages/airflow/example_dags/example_time_delta_sensor_async.py
[2023-03-26T21:39:29.499+0200] {logging_mixin.py:137} INFO - [2023-03-26T21:39:29.499+0200] {manager.py:504} INFO - Created Permission View: can edit on DAG:example_time_delta_sensor_async
[2023-03-26T21:39:29.566+0200] {logging_mixin.py:137} INFO - [2023-03-26T21:39:29.566+0200] {manager.py:504} INFO - Created Permission View: can read on DAG:example_time_delta_sensor_async
[2023-03-26T21:39:29.642+0200] {logging_mixin.py:137} INFO - [2023-03-26T21:39:29.641+0200] {manager.py:504} INFO - Created Permission View: can delete on DAG:example_time_delta_sensor_async
[2023-03-26T21:39:29.642+0200] {logging_mixin.py:137} INFO - [2023-03-26T21:39:29.642+0200] {dag.py:2693} INFO - Sync 1 DAGs
[2023-03-26T21:39:29.652+0200] {logging_mixin.py:137} INFO - [2023-03-26T21:39:29.652+0200] {dag.py:2714} INFO - Creating ORM DAG for example_time_delta_sensor_async
[2023-03-26T21:39:29.660+0200] {logging_mixin.py:137} INFO - [2023-03-26T21:39:29.659+0200] {dag.py:3440} INFO - Setting next_dagrun for example_time_delta_sensor_async to None, run_after=None
[2023-03-26T21:39:29.751+0200] {processor.py:175} INFO - Processing /home/humbulani/miniconda3/envs/apache-airflow/lib/python3.8/site-packages/airflow/example_dags/example_time_delta_sensor_async.py took 0.486 seconds
[2023-03-26T21:40:28.480+0200] {processor.py:153} INFO - Started process (PID=16747) to work on /home/humbulani/miniconda3/envs/apache-airflow/lib/python3.8/site-packages/airflow/example_dags/example_time_delta_sensor_async.py
[2023-03-26T21:40:28.531+0200] {processor.py:743} INFO - Processing file /home/humbulani/miniconda3/envs/apache-airflow/lib/python3.8/site-packages/airflow/example_dags/example_time_delta_sensor_async.py for tasks to queue
[2023-03-26T21:40:28.532+0200] {logging_mixin.py:137} INFO - [2023-03-26T21:40:28.532+0200] {dagbag.py:532} INFO - Filling up the DagBag from /home/humbulani/miniconda3/envs/apache-airflow/lib/python3.8/site-packages/airflow/example_dags/example_time_delta_sensor_async.py
[2023-03-26T21:40:28.542+0200] {processor.py:753} INFO - DAG(s) dict_keys(['example_time_delta_sensor_async']) retrieved from /home/humbulani/miniconda3/envs/apache-airflow/lib/python3.8/site-packages/airflow/example_dags/example_time_delta_sensor_async.py
[2023-03-26T21:40:28.562+0200] {logging_mixin.py:137} INFO - [2023-03-26T21:40:28.562+0200] {dag.py:2693} INFO - Sync 1 DAGs
[2023-03-26T21:40:28.582+0200] {logging_mixin.py:137} INFO - [2023-03-26T21:40:28.582+0200] {dag.py:3440} INFO - Setting next_dagrun for example_time_delta_sensor_async to None, run_after=None
[2023-03-26T21:40:28.658+0200] {processor.py:175} INFO - Processing /home/humbulani/miniconda3/envs/apache-airflow/lib/python3.8/site-packages/airflow/example_dags/example_time_delta_sensor_async.py took 0.182 seconds
[2023-03-26T21:48:01.736+0200] {processor.py:153} INFO - Started process (PID=16842) to work on /home/humbulani/miniconda3/envs/apache-airflow/lib/python3.8/site-packages/airflow/example_dags/example_time_delta_sensor_async.py
[2023-03-26T21:48:01.747+0200] {processor.py:743} INFO - Processing file /home/humbulani/miniconda3/envs/apache-airflow/lib/python3.8/site-packages/airflow/example_dags/example_time_delta_sensor_async.py for tasks to queue
[2023-03-26T21:48:01.748+0200] {logging_mixin.py:137} INFO - [2023-03-26T21:48:01.748+0200] {dagbag.py:532} INFO - Filling up the DagBag from /home/humbulani/miniconda3/envs/apache-airflow/lib/python3.8/site-packages/airflow/example_dags/example_time_delta_sensor_async.py
[2023-03-26T21:48:01.759+0200] {processor.py:753} INFO - DAG(s) dict_keys(['example_time_delta_sensor_async']) retrieved from /home/humbulani/miniconda3/envs/apache-airflow/lib/python3.8/site-packages/airflow/example_dags/example_time_delta_sensor_async.py
[2023-03-26T21:48:01.775+0200] {logging_mixin.py:137} INFO - [2023-03-26T21:48:01.775+0200] {dag.py:2693} INFO - Sync 1 DAGs
[2023-03-26T21:48:01.794+0200] {logging_mixin.py:137} INFO - [2023-03-26T21:48:01.793+0200] {dag.py:3440} INFO - Setting next_dagrun for example_time_delta_sensor_async to None, run_after=None
[2023-03-26T21:48:01.861+0200] {processor.py:175} INFO - Processing /home/humbulani/miniconda3/envs/apache-airflow/lib/python3.8/site-packages/airflow/example_dags/example_time_delta_sensor_async.py took 0.128 seconds
[2023-03-26T21:48:51.760+0200] {processor.py:153} INFO - Started process (PID=16922) to work on /home/humbulani/miniconda3/envs/apache-airflow/lib/python3.8/site-packages/airflow/example_dags/example_time_delta_sensor_async.py
[2023-03-26T21:48:51.779+0200] {processor.py:743} INFO - Processing file /home/humbulani/miniconda3/envs/apache-airflow/lib/python3.8/site-packages/airflow/example_dags/example_time_delta_sensor_async.py for tasks to queue
[2023-03-26T21:48:51.780+0200] {logging_mixin.py:137} INFO - [2023-03-26T21:48:51.780+0200] {dagbag.py:532} INFO - Filling up the DagBag from /home/humbulani/miniconda3/envs/apache-airflow/lib/python3.8/site-packages/airflow/example_dags/example_time_delta_sensor_async.py
[2023-03-26T21:48:51.793+0200] {processor.py:753} INFO - DAG(s) dict_keys(['example_time_delta_sensor_async']) retrieved from /home/humbulani/miniconda3/envs/apache-airflow/lib/python3.8/site-packages/airflow/example_dags/example_time_delta_sensor_async.py
[2023-03-26T21:48:51.813+0200] {logging_mixin.py:137} INFO - [2023-03-26T21:48:51.813+0200] {dag.py:2693} INFO - Sync 1 DAGs
[2023-03-26T21:48:51.831+0200] {logging_mixin.py:137} INFO - [2023-03-26T21:48:51.830+0200] {dag.py:3440} INFO - Setting next_dagrun for example_time_delta_sensor_async to None, run_after=None
[2023-03-26T21:48:51.905+0200] {processor.py:175} INFO - Processing /home/humbulani/miniconda3/envs/apache-airflow/lib/python3.8/site-packages/airflow/example_dags/example_time_delta_sensor_async.py took 0.148 seconds
[2023-03-26T21:49:41.042+0200] {processor.py:153} INFO - Started process (PID=16964) to work on /home/humbulani/miniconda3/envs/apache-airflow/lib/python3.8/site-packages/airflow/example_dags/example_time_delta_sensor_async.py
[2023-03-26T21:49:41.043+0200] {processor.py:743} INFO - Processing file /home/humbulani/miniconda3/envs/apache-airflow/lib/python3.8/site-packages/airflow/example_dags/example_time_delta_sensor_async.py for tasks to queue
[2023-03-26T21:49:41.043+0200] {logging_mixin.py:137} INFO - [2023-03-26T21:49:41.043+0200] {dagbag.py:532} INFO - Filling up the DagBag from /home/humbulani/miniconda3/envs/apache-airflow/lib/python3.8/site-packages/airflow/example_dags/example_time_delta_sensor_async.py
[2023-03-26T21:49:41.053+0200] {processor.py:753} INFO - DAG(s) dict_keys(['example_time_delta_sensor_async']) retrieved from /home/humbulani/miniconda3/envs/apache-airflow/lib/python3.8/site-packages/airflow/example_dags/example_time_delta_sensor_async.py
[2023-03-26T21:49:41.069+0200] {logging_mixin.py:137} INFO - [2023-03-26T21:49:41.069+0200] {dag.py:2693} INFO - Sync 1 DAGs
[2023-03-26T21:49:41.086+0200] {logging_mixin.py:137} INFO - [2023-03-26T21:49:41.086+0200] {dag.py:3440} INFO - Setting next_dagrun for example_time_delta_sensor_async to None, run_after=None
[2023-03-26T21:49:41.156+0200] {processor.py:175} INFO - Processing /home/humbulani/miniconda3/envs/apache-airflow/lib/python3.8/site-packages/airflow/example_dags/example_time_delta_sensor_async.py took 0.117 seconds
[2023-03-26T21:50:24.350+0200] {processor.py:153} INFO - Started process (PID=17009) to work on /home/humbulani/miniconda3/envs/apache-airflow/lib/python3.8/site-packages/airflow/example_dags/example_time_delta_sensor_async.py
[2023-03-26T21:50:24.351+0200] {processor.py:743} INFO - Processing file /home/humbulani/miniconda3/envs/apache-airflow/lib/python3.8/site-packages/airflow/example_dags/example_time_delta_sensor_async.py for tasks to queue
[2023-03-26T21:50:24.352+0200] {logging_mixin.py:137} INFO - [2023-03-26T21:50:24.352+0200] {dagbag.py:532} INFO - Filling up the DagBag from /home/humbulani/miniconda3/envs/apache-airflow/lib/python3.8/site-packages/airflow/example_dags/example_time_delta_sensor_async.py
[2023-03-26T21:50:24.362+0200] {processor.py:753} INFO - DAG(s) dict_keys(['example_time_delta_sensor_async']) retrieved from /home/humbulani/miniconda3/envs/apache-airflow/lib/python3.8/site-packages/airflow/example_dags/example_time_delta_sensor_async.py
[2023-03-26T21:50:24.379+0200] {logging_mixin.py:137} INFO - [2023-03-26T21:50:24.379+0200] {dag.py:2693} INFO - Sync 1 DAGs
[2023-03-26T21:50:24.395+0200] {logging_mixin.py:137} INFO - [2023-03-26T21:50:24.395+0200] {dag.py:3440} INFO - Setting next_dagrun for example_time_delta_sensor_async to None, run_after=None
[2023-03-26T21:50:24.516+0200] {processor.py:175} INFO - Processing /home/humbulani/miniconda3/envs/apache-airflow/lib/python3.8/site-packages/airflow/example_dags/example_time_delta_sensor_async.py took 0.168 seconds
[2023-03-26T21:51:10.568+0200] {processor.py:153} INFO - Started process (PID=17125) to work on /home/humbulani/miniconda3/envs/apache-airflow/lib/python3.8/site-packages/airflow/example_dags/example_time_delta_sensor_async.py
[2023-03-26T21:51:10.585+0200] {processor.py:743} INFO - Processing file /home/humbulani/miniconda3/envs/apache-airflow/lib/python3.8/site-packages/airflow/example_dags/example_time_delta_sensor_async.py for tasks to queue
[2023-03-26T21:51:10.586+0200] {logging_mixin.py:137} INFO - [2023-03-26T21:51:10.586+0200] {dagbag.py:532} INFO - Filling up the DagBag from /home/humbulani/miniconda3/envs/apache-airflow/lib/python3.8/site-packages/airflow/example_dags/example_time_delta_sensor_async.py
[2023-03-26T21:51:10.597+0200] {processor.py:753} INFO - DAG(s) dict_keys(['example_time_delta_sensor_async']) retrieved from /home/humbulani/miniconda3/envs/apache-airflow/lib/python3.8/site-packages/airflow/example_dags/example_time_delta_sensor_async.py
[2023-03-26T21:51:10.614+0200] {logging_mixin.py:137} INFO - [2023-03-26T21:51:10.614+0200] {dag.py:2693} INFO - Sync 1 DAGs
[2023-03-26T21:51:10.631+0200] {logging_mixin.py:137} INFO - [2023-03-26T21:51:10.631+0200] {dag.py:3440} INFO - Setting next_dagrun for example_time_delta_sensor_async to None, run_after=None
[2023-03-26T21:51:10.710+0200] {processor.py:175} INFO - Processing /home/humbulani/miniconda3/envs/apache-airflow/lib/python3.8/site-packages/airflow/example_dags/example_time_delta_sensor_async.py took 0.145 seconds
[2023-03-26T21:51:55.817+0200] {processor.py:153} INFO - Started process (PID=17168) to work on /home/humbulani/miniconda3/envs/apache-airflow/lib/python3.8/site-packages/airflow/example_dags/example_time_delta_sensor_async.py
[2023-03-26T21:51:55.871+0200] {processor.py:743} INFO - Processing file /home/humbulani/miniconda3/envs/apache-airflow/lib/python3.8/site-packages/airflow/example_dags/example_time_delta_sensor_async.py for tasks to queue
[2023-03-26T21:51:55.872+0200] {logging_mixin.py:137} INFO - [2023-03-26T21:51:55.872+0200] {dagbag.py:532} INFO - Filling up the DagBag from /home/humbulani/miniconda3/envs/apache-airflow/lib/python3.8/site-packages/airflow/example_dags/example_time_delta_sensor_async.py
[2023-03-26T21:51:55.882+0200] {processor.py:753} INFO - DAG(s) dict_keys(['example_time_delta_sensor_async']) retrieved from /home/humbulani/miniconda3/envs/apache-airflow/lib/python3.8/site-packages/airflow/example_dags/example_time_delta_sensor_async.py
[2023-03-26T21:51:55.898+0200] {logging_mixin.py:137} INFO - [2023-03-26T21:51:55.898+0200] {dag.py:2693} INFO - Sync 1 DAGs
[2023-03-26T21:51:55.915+0200] {logging_mixin.py:137} INFO - [2023-03-26T21:51:55.915+0200] {dag.py:3440} INFO - Setting next_dagrun for example_time_delta_sensor_async to None, run_after=None
[2023-03-26T21:51:55.987+0200] {processor.py:175} INFO - Processing /home/humbulani/miniconda3/envs/apache-airflow/lib/python3.8/site-packages/airflow/example_dags/example_time_delta_sensor_async.py took 0.172 seconds
[2023-03-26T21:52:44.331+0200] {processor.py:153} INFO - Started process (PID=17211) to work on /home/humbulani/miniconda3/envs/apache-airflow/lib/python3.8/site-packages/airflow/example_dags/example_time_delta_sensor_async.py
[2023-03-26T21:52:44.332+0200] {processor.py:743} INFO - Processing file /home/humbulani/miniconda3/envs/apache-airflow/lib/python3.8/site-packages/airflow/example_dags/example_time_delta_sensor_async.py for tasks to queue
[2023-03-26T21:52:44.333+0200] {logging_mixin.py:137} INFO - [2023-03-26T21:52:44.333+0200] {dagbag.py:532} INFO - Filling up the DagBag from /home/humbulani/miniconda3/envs/apache-airflow/lib/python3.8/site-packages/airflow/example_dags/example_time_delta_sensor_async.py
[2023-03-26T21:52:44.343+0200] {processor.py:753} INFO - DAG(s) dict_keys(['example_time_delta_sensor_async']) retrieved from /home/humbulani/miniconda3/envs/apache-airflow/lib/python3.8/site-packages/airflow/example_dags/example_time_delta_sensor_async.py
[2023-03-26T21:52:44.359+0200] {logging_mixin.py:137} INFO - [2023-03-26T21:52:44.358+0200] {dag.py:2693} INFO - Sync 1 DAGs
[2023-03-26T21:52:44.376+0200] {logging_mixin.py:137} INFO - [2023-03-26T21:52:44.376+0200] {dag.py:3440} INFO - Setting next_dagrun for example_time_delta_sensor_async to None, run_after=None
[2023-03-26T21:52:44.557+0200] {processor.py:175} INFO - Processing /home/humbulani/miniconda3/envs/apache-airflow/lib/python3.8/site-packages/airflow/example_dags/example_time_delta_sensor_async.py took 0.228 seconds
[2023-03-26T21:53:33.263+0200] {processor.py:153} INFO - Started process (PID=17266) to work on /home/humbulani/miniconda3/envs/apache-airflow/lib/python3.8/site-packages/airflow/example_dags/example_time_delta_sensor_async.py
[2023-03-26T21:53:33.277+0200] {processor.py:743} INFO - Processing file /home/humbulani/miniconda3/envs/apache-airflow/lib/python3.8/site-packages/airflow/example_dags/example_time_delta_sensor_async.py for tasks to queue
[2023-03-26T21:53:33.278+0200] {logging_mixin.py:137} INFO - [2023-03-26T21:53:33.278+0200] {dagbag.py:532} INFO - Filling up the DagBag from /home/humbulani/miniconda3/envs/apache-airflow/lib/python3.8/site-packages/airflow/example_dags/example_time_delta_sensor_async.py
[2023-03-26T21:53:33.289+0200] {processor.py:753} INFO - DAG(s) dict_keys(['example_time_delta_sensor_async']) retrieved from /home/humbulani/miniconda3/envs/apache-airflow/lib/python3.8/site-packages/airflow/example_dags/example_time_delta_sensor_async.py
[2023-03-26T21:53:33.306+0200] {logging_mixin.py:137} INFO - [2023-03-26T21:53:33.306+0200] {dag.py:2693} INFO - Sync 1 DAGs
[2023-03-26T21:53:33.403+0200] {logging_mixin.py:137} INFO - [2023-03-26T21:53:33.403+0200] {dag.py:3440} INFO - Setting next_dagrun for example_time_delta_sensor_async to None, run_after=None
[2023-03-26T21:53:33.476+0200] {processor.py:175} INFO - Processing /home/humbulani/miniconda3/envs/apache-airflow/lib/python3.8/site-packages/airflow/example_dags/example_time_delta_sensor_async.py took 0.216 seconds
[2023-03-26T21:54:23.028+0200] {processor.py:153} INFO - Started process (PID=17313) to work on /home/humbulani/miniconda3/envs/apache-airflow/lib/python3.8/site-packages/airflow/example_dags/example_time_delta_sensor_async.py
[2023-03-26T21:54:23.064+0200] {processor.py:743} INFO - Processing file /home/humbulani/miniconda3/envs/apache-airflow/lib/python3.8/site-packages/airflow/example_dags/example_time_delta_sensor_async.py for tasks to queue
[2023-03-26T21:54:23.064+0200] {logging_mixin.py:137} INFO - [2023-03-26T21:54:23.064+0200] {dagbag.py:532} INFO - Filling up the DagBag from /home/humbulani/miniconda3/envs/apache-airflow/lib/python3.8/site-packages/airflow/example_dags/example_time_delta_sensor_async.py
[2023-03-26T21:54:23.078+0200] {processor.py:753} INFO - DAG(s) dict_keys(['example_time_delta_sensor_async']) retrieved from /home/humbulani/miniconda3/envs/apache-airflow/lib/python3.8/site-packages/airflow/example_dags/example_time_delta_sensor_async.py
[2023-03-26T21:54:23.099+0200] {logging_mixin.py:137} INFO - [2023-03-26T21:54:23.099+0200] {dag.py:2693} INFO - Sync 1 DAGs
[2023-03-26T21:54:23.196+0200] {logging_mixin.py:137} INFO - [2023-03-26T21:54:23.196+0200] {dag.py:3440} INFO - Setting next_dagrun for example_time_delta_sensor_async to None, run_after=None
[2023-03-26T21:54:23.283+0200] {processor.py:175} INFO - Processing /home/humbulani/miniconda3/envs/apache-airflow/lib/python3.8/site-packages/airflow/example_dags/example_time_delta_sensor_async.py took 0.259 seconds
[2023-03-26T21:55:12.075+0200] {processor.py:153} INFO - Started process (PID=17357) to work on /home/humbulani/miniconda3/envs/apache-airflow/lib/python3.8/site-packages/airflow/example_dags/example_time_delta_sensor_async.py
[2023-03-26T21:55:12.076+0200] {processor.py:743} INFO - Processing file /home/humbulani/miniconda3/envs/apache-airflow/lib/python3.8/site-packages/airflow/example_dags/example_time_delta_sensor_async.py for tasks to queue
[2023-03-26T21:55:12.077+0200] {logging_mixin.py:137} INFO - [2023-03-26T21:55:12.076+0200] {dagbag.py:532} INFO - Filling up the DagBag from /home/humbulani/miniconda3/envs/apache-airflow/lib/python3.8/site-packages/airflow/example_dags/example_time_delta_sensor_async.py
[2023-03-26T21:55:12.087+0200] {processor.py:753} INFO - DAG(s) dict_keys(['example_time_delta_sensor_async']) retrieved from /home/humbulani/miniconda3/envs/apache-airflow/lib/python3.8/site-packages/airflow/example_dags/example_time_delta_sensor_async.py
[2023-03-26T21:55:12.183+0200] {logging_mixin.py:137} INFO - [2023-03-26T21:55:12.183+0200] {dag.py:2693} INFO - Sync 1 DAGs
[2023-03-26T21:55:12.198+0200] {logging_mixin.py:137} INFO - [2023-03-26T21:55:12.198+0200] {dag.py:3440} INFO - Setting next_dagrun for example_time_delta_sensor_async to None, run_after=None
[2023-03-26T21:55:12.294+0200] {processor.py:175} INFO - Processing /home/humbulani/miniconda3/envs/apache-airflow/lib/python3.8/site-packages/airflow/example_dags/example_time_delta_sensor_async.py took 0.222 seconds
[2023-03-26T21:56:03.675+0200] {processor.py:153} INFO - Started process (PID=17459) to work on /home/humbulani/miniconda3/envs/apache-airflow/lib/python3.8/site-packages/airflow/example_dags/example_time_delta_sensor_async.py
[2023-03-26T21:56:03.685+0200] {processor.py:743} INFO - Processing file /home/humbulani/miniconda3/envs/apache-airflow/lib/python3.8/site-packages/airflow/example_dags/example_time_delta_sensor_async.py for tasks to queue
[2023-03-26T21:56:03.686+0200] {logging_mixin.py:137} INFO - [2023-03-26T21:56:03.686+0200] {dagbag.py:532} INFO - Filling up the DagBag from /home/humbulani/miniconda3/envs/apache-airflow/lib/python3.8/site-packages/airflow/example_dags/example_time_delta_sensor_async.py
[2023-03-26T21:56:03.778+0200] {processor.py:753} INFO - DAG(s) dict_keys(['example_time_delta_sensor_async']) retrieved from /home/humbulani/miniconda3/envs/apache-airflow/lib/python3.8/site-packages/airflow/example_dags/example_time_delta_sensor_async.py
[2023-03-26T21:56:03.791+0200] {logging_mixin.py:137} INFO - [2023-03-26T21:56:03.791+0200] {dag.py:2693} INFO - Sync 1 DAGs
[2023-03-26T21:56:03.810+0200] {logging_mixin.py:137} INFO - [2023-03-26T21:56:03.809+0200] {dag.py:3440} INFO - Setting next_dagrun for example_time_delta_sensor_async to None, run_after=None
[2023-03-26T21:56:03.871+0200] {processor.py:175} INFO - Processing /home/humbulani/miniconda3/envs/apache-airflow/lib/python3.8/site-packages/airflow/example_dags/example_time_delta_sensor_async.py took 0.199 seconds
[2023-03-26T21:56:48.000+0200] {processor.py:153} INFO - Started process (PID=17501) to work on /home/humbulani/miniconda3/envs/apache-airflow/lib/python3.8/site-packages/airflow/example_dags/example_time_delta_sensor_async.py
[2023-03-26T21:56:48.005+0200] {processor.py:743} INFO - Processing file /home/humbulani/miniconda3/envs/apache-airflow/lib/python3.8/site-packages/airflow/example_dags/example_time_delta_sensor_async.py for tasks to queue
[2023-03-26T21:56:48.006+0200] {logging_mixin.py:137} INFO - [2023-03-26T21:56:48.005+0200] {dagbag.py:532} INFO - Filling up the DagBag from /home/humbulani/miniconda3/envs/apache-airflow/lib/python3.8/site-packages/airflow/example_dags/example_time_delta_sensor_async.py
[2023-03-26T21:56:48.019+0200] {processor.py:753} INFO - DAG(s) dict_keys(['example_time_delta_sensor_async']) retrieved from /home/humbulani/miniconda3/envs/apache-airflow/lib/python3.8/site-packages/airflow/example_dags/example_time_delta_sensor_async.py
[2023-03-26T21:56:48.037+0200] {logging_mixin.py:137} INFO - [2023-03-26T21:56:48.037+0200] {dag.py:2693} INFO - Sync 1 DAGs
[2023-03-26T21:56:48.055+0200] {logging_mixin.py:137} INFO - [2023-03-26T21:56:48.055+0200] {dag.py:3440} INFO - Setting next_dagrun for example_time_delta_sensor_async to None, run_after=None
[2023-03-26T21:56:48.123+0200] {processor.py:175} INFO - Processing /home/humbulani/miniconda3/envs/apache-airflow/lib/python3.8/site-packages/airflow/example_dags/example_time_delta_sensor_async.py took 0.126 seconds
[2023-03-26T21:57:31.605+0200] {processor.py:153} INFO - Started process (PID=17612) to work on /home/humbulani/miniconda3/envs/apache-airflow/lib/python3.8/site-packages/airflow/example_dags/example_time_delta_sensor_async.py
[2023-03-26T21:57:31.615+0200] {processor.py:743} INFO - Processing file /home/humbulani/miniconda3/envs/apache-airflow/lib/python3.8/site-packages/airflow/example_dags/example_time_delta_sensor_async.py for tasks to queue
[2023-03-26T21:57:31.617+0200] {logging_mixin.py:137} INFO - [2023-03-26T21:57:31.617+0200] {dagbag.py:532} INFO - Filling up the DagBag from /home/humbulani/miniconda3/envs/apache-airflow/lib/python3.8/site-packages/airflow/example_dags/example_time_delta_sensor_async.py
[2023-03-26T21:57:31.630+0200] {processor.py:753} INFO - DAG(s) dict_keys(['example_time_delta_sensor_async']) retrieved from /home/humbulani/miniconda3/envs/apache-airflow/lib/python3.8/site-packages/airflow/example_dags/example_time_delta_sensor_async.py
[2023-03-26T21:57:31.652+0200] {logging_mixin.py:137} INFO - [2023-03-26T21:57:31.652+0200] {dag.py:2693} INFO - Sync 1 DAGs
[2023-03-26T21:57:31.676+0200] {logging_mixin.py:137} INFO - [2023-03-26T21:57:31.676+0200] {dag.py:3440} INFO - Setting next_dagrun for example_time_delta_sensor_async to None, run_after=None
[2023-03-26T21:57:31.743+0200] {processor.py:175} INFO - Processing /home/humbulani/miniconda3/envs/apache-airflow/lib/python3.8/site-packages/airflow/example_dags/example_time_delta_sensor_async.py took 0.140 seconds
[2023-03-26T21:58:18.093+0200] {processor.py:153} INFO - Started process (PID=17854) to work on /home/humbulani/miniconda3/envs/apache-airflow/lib/python3.8/site-packages/airflow/example_dags/example_time_delta_sensor_async.py
[2023-03-26T21:58:18.119+0200] {processor.py:743} INFO - Processing file /home/humbulani/miniconda3/envs/apache-airflow/lib/python3.8/site-packages/airflow/example_dags/example_time_delta_sensor_async.py for tasks to queue
[2023-03-26T21:58:18.120+0200] {logging_mixin.py:137} INFO - [2023-03-26T21:58:18.119+0200] {dagbag.py:532} INFO - Filling up the DagBag from /home/humbulani/miniconda3/envs/apache-airflow/lib/python3.8/site-packages/airflow/example_dags/example_time_delta_sensor_async.py
[2023-03-26T21:58:18.132+0200] {processor.py:753} INFO - DAG(s) dict_keys(['example_time_delta_sensor_async']) retrieved from /home/humbulani/miniconda3/envs/apache-airflow/lib/python3.8/site-packages/airflow/example_dags/example_time_delta_sensor_async.py
[2023-03-26T21:58:18.149+0200] {logging_mixin.py:137} INFO - [2023-03-26T21:58:18.149+0200] {dag.py:2693} INFO - Sync 1 DAGs
[2023-03-26T21:58:18.167+0200] {logging_mixin.py:137} INFO - [2023-03-26T21:58:18.167+0200] {dag.py:3440} INFO - Setting next_dagrun for example_time_delta_sensor_async to None, run_after=None
[2023-03-26T21:58:18.246+0200] {processor.py:175} INFO - Processing /home/humbulani/miniconda3/envs/apache-airflow/lib/python3.8/site-packages/airflow/example_dags/example_time_delta_sensor_async.py took 0.155 seconds
[2023-03-26T21:59:04.183+0200] {processor.py:153} INFO - Started process (PID=17912) to work on /home/humbulani/miniconda3/envs/apache-airflow/lib/python3.8/site-packages/airflow/example_dags/example_time_delta_sensor_async.py
[2023-03-26T21:59:04.192+0200] {processor.py:743} INFO - Processing file /home/humbulani/miniconda3/envs/apache-airflow/lib/python3.8/site-packages/airflow/example_dags/example_time_delta_sensor_async.py for tasks to queue
[2023-03-26T21:59:04.193+0200] {logging_mixin.py:137} INFO - [2023-03-26T21:59:04.193+0200] {dagbag.py:532} INFO - Filling up the DagBag from /home/humbulani/miniconda3/envs/apache-airflow/lib/python3.8/site-packages/airflow/example_dags/example_time_delta_sensor_async.py
[2023-03-26T21:59:04.207+0200] {processor.py:753} INFO - DAG(s) dict_keys(['example_time_delta_sensor_async']) retrieved from /home/humbulani/miniconda3/envs/apache-airflow/lib/python3.8/site-packages/airflow/example_dags/example_time_delta_sensor_async.py
[2023-03-26T21:59:04.228+0200] {logging_mixin.py:137} INFO - [2023-03-26T21:59:04.227+0200] {dag.py:2693} INFO - Sync 1 DAGs
[2023-03-26T21:59:04.247+0200] {logging_mixin.py:137} INFO - [2023-03-26T21:59:04.246+0200] {dag.py:3440} INFO - Setting next_dagrun for example_time_delta_sensor_async to None, run_after=None
[2023-03-26T21:59:04.325+0200] {processor.py:175} INFO - Processing /home/humbulani/miniconda3/envs/apache-airflow/lib/python3.8/site-packages/airflow/example_dags/example_time_delta_sensor_async.py took 0.144 seconds
[2023-03-26T21:59:53.079+0200] {processor.py:153} INFO - Started process (PID=18129) to work on /home/humbulani/miniconda3/envs/apache-airflow/lib/python3.8/site-packages/airflow/example_dags/example_time_delta_sensor_async.py
[2023-03-26T21:59:53.096+0200] {processor.py:743} INFO - Processing file /home/humbulani/miniconda3/envs/apache-airflow/lib/python3.8/site-packages/airflow/example_dags/example_time_delta_sensor_async.py for tasks to queue
[2023-03-26T21:59:53.097+0200] {logging_mixin.py:137} INFO - [2023-03-26T21:59:53.097+0200] {dagbag.py:532} INFO - Filling up the DagBag from /home/humbulani/miniconda3/envs/apache-airflow/lib/python3.8/site-packages/airflow/example_dags/example_time_delta_sensor_async.py
[2023-03-26T21:59:53.110+0200] {processor.py:753} INFO - DAG(s) dict_keys(['example_time_delta_sensor_async']) retrieved from /home/humbulani/miniconda3/envs/apache-airflow/lib/python3.8/site-packages/airflow/example_dags/example_time_delta_sensor_async.py
[2023-03-26T21:59:53.130+0200] {logging_mixin.py:137} INFO - [2023-03-26T21:59:53.130+0200] {dag.py:2693} INFO - Sync 1 DAGs
[2023-03-26T21:59:53.147+0200] {logging_mixin.py:137} INFO - [2023-03-26T21:59:53.147+0200] {dag.py:3440} INFO - Setting next_dagrun for example_time_delta_sensor_async to None, run_after=None
[2023-03-26T21:59:53.229+0200] {processor.py:175} INFO - Processing /home/humbulani/miniconda3/envs/apache-airflow/lib/python3.8/site-packages/airflow/example_dags/example_time_delta_sensor_async.py took 0.151 seconds
[2023-03-26T22:00:39.379+0200] {processor.py:153} INFO - Started process (PID=18189) to work on /home/humbulani/miniconda3/envs/apache-airflow/lib/python3.8/site-packages/airflow/example_dags/example_time_delta_sensor_async.py
[2023-03-26T22:00:39.408+0200] {processor.py:743} INFO - Processing file /home/humbulani/miniconda3/envs/apache-airflow/lib/python3.8/site-packages/airflow/example_dags/example_time_delta_sensor_async.py for tasks to queue
[2023-03-26T22:00:39.409+0200] {logging_mixin.py:137} INFO - [2023-03-26T22:00:39.408+0200] {dagbag.py:532} INFO - Filling up the DagBag from /home/humbulani/miniconda3/envs/apache-airflow/lib/python3.8/site-packages/airflow/example_dags/example_time_delta_sensor_async.py
[2023-03-26T22:00:39.427+0200] {processor.py:753} INFO - DAG(s) dict_keys(['example_time_delta_sensor_async']) retrieved from /home/humbulani/miniconda3/envs/apache-airflow/lib/python3.8/site-packages/airflow/example_dags/example_time_delta_sensor_async.py
[2023-03-26T22:00:39.451+0200] {logging_mixin.py:137} INFO - [2023-03-26T22:00:39.450+0200] {dag.py:2693} INFO - Sync 1 DAGs
[2023-03-26T22:00:39.475+0200] {logging_mixin.py:137} INFO - [2023-03-26T22:00:39.475+0200] {dag.py:3440} INFO - Setting next_dagrun for example_time_delta_sensor_async to None, run_after=None
[2023-03-26T22:00:39.580+0200] {processor.py:175} INFO - Processing /home/humbulani/miniconda3/envs/apache-airflow/lib/python3.8/site-packages/airflow/example_dags/example_time_delta_sensor_async.py took 0.205 seconds
[2023-03-26T22:01:24.554+0200] {processor.py:153} INFO - Started process (PID=18275) to work on /home/humbulani/miniconda3/envs/apache-airflow/lib/python3.8/site-packages/airflow/example_dags/example_time_delta_sensor_async.py
[2023-03-26T22:01:24.574+0200] {processor.py:743} INFO - Processing file /home/humbulani/miniconda3/envs/apache-airflow/lib/python3.8/site-packages/airflow/example_dags/example_time_delta_sensor_async.py for tasks to queue
[2023-03-26T22:01:24.575+0200] {logging_mixin.py:137} INFO - [2023-03-26T22:01:24.575+0200] {dagbag.py:532} INFO - Filling up the DagBag from /home/humbulani/miniconda3/envs/apache-airflow/lib/python3.8/site-packages/airflow/example_dags/example_time_delta_sensor_async.py
[2023-03-26T22:01:24.585+0200] {processor.py:753} INFO - DAG(s) dict_keys(['example_time_delta_sensor_async']) retrieved from /home/humbulani/miniconda3/envs/apache-airflow/lib/python3.8/site-packages/airflow/example_dags/example_time_delta_sensor_async.py
[2023-03-26T22:01:24.603+0200] {logging_mixin.py:137} INFO - [2023-03-26T22:01:24.603+0200] {dag.py:2693} INFO - Sync 1 DAGs
[2023-03-26T22:01:24.622+0200] {logging_mixin.py:137} INFO - [2023-03-26T22:01:24.622+0200] {dag.py:3440} INFO - Setting next_dagrun for example_time_delta_sensor_async to None, run_after=None
[2023-03-26T22:01:24.701+0200] {processor.py:175} INFO - Processing /home/humbulani/miniconda3/envs/apache-airflow/lib/python3.8/site-packages/airflow/example_dags/example_time_delta_sensor_async.py took 0.149 seconds
[2023-03-26T22:02:13.247+0200] {processor.py:153} INFO - Started process (PID=18521) to work on /home/humbulani/miniconda3/envs/apache-airflow/lib/python3.8/site-packages/airflow/example_dags/example_time_delta_sensor_async.py
[2023-03-26T22:02:13.248+0200] {processor.py:743} INFO - Processing file /home/humbulani/miniconda3/envs/apache-airflow/lib/python3.8/site-packages/airflow/example_dags/example_time_delta_sensor_async.py for tasks to queue
[2023-03-26T22:02:13.249+0200] {logging_mixin.py:137} INFO - [2023-03-26T22:02:13.249+0200] {dagbag.py:532} INFO - Filling up the DagBag from /home/humbulani/miniconda3/envs/apache-airflow/lib/python3.8/site-packages/airflow/example_dags/example_time_delta_sensor_async.py
[2023-03-26T22:02:13.262+0200] {processor.py:753} INFO - DAG(s) dict_keys(['example_time_delta_sensor_async']) retrieved from /home/humbulani/miniconda3/envs/apache-airflow/lib/python3.8/site-packages/airflow/example_dags/example_time_delta_sensor_async.py
[2023-03-26T22:02:13.278+0200] {logging_mixin.py:137} INFO - [2023-03-26T22:02:13.278+0200] {dag.py:2693} INFO - Sync 1 DAGs
[2023-03-26T22:02:13.295+0200] {logging_mixin.py:137} INFO - [2023-03-26T22:02:13.295+0200] {dag.py:3440} INFO - Setting next_dagrun for example_time_delta_sensor_async to None, run_after=None
[2023-03-26T22:02:13.396+0200] {processor.py:175} INFO - Processing /home/humbulani/miniconda3/envs/apache-airflow/lib/python3.8/site-packages/airflow/example_dags/example_time_delta_sensor_async.py took 0.152 seconds
[2023-03-26T22:02:59.831+0200] {processor.py:153} INFO - Started process (PID=18577) to work on /home/humbulani/miniconda3/envs/apache-airflow/lib/python3.8/site-packages/airflow/example_dags/example_time_delta_sensor_async.py
[2023-03-26T22:02:59.839+0200] {processor.py:743} INFO - Processing file /home/humbulani/miniconda3/envs/apache-airflow/lib/python3.8/site-packages/airflow/example_dags/example_time_delta_sensor_async.py for tasks to queue
[2023-03-26T22:02:59.840+0200] {logging_mixin.py:137} INFO - [2023-03-26T22:02:59.840+0200] {dagbag.py:532} INFO - Filling up the DagBag from /home/humbulani/miniconda3/envs/apache-airflow/lib/python3.8/site-packages/airflow/example_dags/example_time_delta_sensor_async.py
[2023-03-26T22:02:59.851+0200] {processor.py:753} INFO - DAG(s) dict_keys(['example_time_delta_sensor_async']) retrieved from /home/humbulani/miniconda3/envs/apache-airflow/lib/python3.8/site-packages/airflow/example_dags/example_time_delta_sensor_async.py
[2023-03-26T22:02:59.867+0200] {logging_mixin.py:137} INFO - [2023-03-26T22:02:59.867+0200] {dag.py:2693} INFO - Sync 1 DAGs
[2023-03-26T22:02:59.884+0200] {logging_mixin.py:137} INFO - [2023-03-26T22:02:59.884+0200] {dag.py:3440} INFO - Setting next_dagrun for example_time_delta_sensor_async to None, run_after=None
[2023-03-26T22:02:59.975+0200] {processor.py:175} INFO - Processing /home/humbulani/miniconda3/envs/apache-airflow/lib/python3.8/site-packages/airflow/example_dags/example_time_delta_sensor_async.py took 0.146 seconds
[2023-03-26T22:03:44.056+0200] {processor.py:153} INFO - Started process (PID=18639) to work on /home/humbulani/miniconda3/envs/apache-airflow/lib/python3.8/site-packages/airflow/example_dags/example_time_delta_sensor_async.py
[2023-03-26T22:03:44.057+0200] {processor.py:743} INFO - Processing file /home/humbulani/miniconda3/envs/apache-airflow/lib/python3.8/site-packages/airflow/example_dags/example_time_delta_sensor_async.py for tasks to queue
[2023-03-26T22:03:44.057+0200] {logging_mixin.py:137} INFO - [2023-03-26T22:03:44.057+0200] {dagbag.py:532} INFO - Filling up the DagBag from /home/humbulani/miniconda3/envs/apache-airflow/lib/python3.8/site-packages/airflow/example_dags/example_time_delta_sensor_async.py
[2023-03-26T22:03:44.068+0200] {processor.py:753} INFO - DAG(s) dict_keys(['example_time_delta_sensor_async']) retrieved from /home/humbulani/miniconda3/envs/apache-airflow/lib/python3.8/site-packages/airflow/example_dags/example_time_delta_sensor_async.py
[2023-03-26T22:03:44.084+0200] {logging_mixin.py:137} INFO - [2023-03-26T22:03:44.083+0200] {dag.py:2693} INFO - Sync 1 DAGs
[2023-03-26T22:03:44.100+0200] {logging_mixin.py:137} INFO - [2023-03-26T22:03:44.100+0200] {dag.py:3440} INFO - Setting next_dagrun for example_time_delta_sensor_async to None, run_after=None
[2023-03-26T22:03:44.179+0200] {processor.py:175} INFO - Processing /home/humbulani/miniconda3/envs/apache-airflow/lib/python3.8/site-packages/airflow/example_dags/example_time_delta_sensor_async.py took 0.125 seconds
[2023-03-26T22:04:28.913+0200] {processor.py:153} INFO - Started process (PID=18701) to work on /home/humbulani/miniconda3/envs/apache-airflow/lib/python3.8/site-packages/airflow/example_dags/example_time_delta_sensor_async.py
[2023-03-26T22:04:28.932+0200] {processor.py:743} INFO - Processing file /home/humbulani/miniconda3/envs/apache-airflow/lib/python3.8/site-packages/airflow/example_dags/example_time_delta_sensor_async.py for tasks to queue
[2023-03-26T22:04:28.932+0200] {logging_mixin.py:137} INFO - [2023-03-26T22:04:28.932+0200] {dagbag.py:532} INFO - Filling up the DagBag from /home/humbulani/miniconda3/envs/apache-airflow/lib/python3.8/site-packages/airflow/example_dags/example_time_delta_sensor_async.py
[2023-03-26T22:04:28.945+0200] {processor.py:753} INFO - DAG(s) dict_keys(['example_time_delta_sensor_async']) retrieved from /home/humbulani/miniconda3/envs/apache-airflow/lib/python3.8/site-packages/airflow/example_dags/example_time_delta_sensor_async.py
[2023-03-26T22:04:28.961+0200] {logging_mixin.py:137} INFO - [2023-03-26T22:04:28.961+0200] {dag.py:2693} INFO - Sync 1 DAGs
[2023-03-26T22:04:28.979+0200] {logging_mixin.py:137} INFO - [2023-03-26T22:04:28.979+0200] {dag.py:3440} INFO - Setting next_dagrun for example_time_delta_sensor_async to None, run_after=None
[2023-03-26T22:04:29.048+0200] {processor.py:175} INFO - Processing /home/humbulani/miniconda3/envs/apache-airflow/lib/python3.8/site-packages/airflow/example_dags/example_time_delta_sensor_async.py took 0.137 seconds
[2023-03-26T22:05:14.835+0200] {processor.py:153} INFO - Started process (PID=18752) to work on /home/humbulani/miniconda3/envs/apache-airflow/lib/python3.8/site-packages/airflow/example_dags/example_time_delta_sensor_async.py
[2023-03-26T22:05:14.844+0200] {processor.py:743} INFO - Processing file /home/humbulani/miniconda3/envs/apache-airflow/lib/python3.8/site-packages/airflow/example_dags/example_time_delta_sensor_async.py for tasks to queue
[2023-03-26T22:05:14.845+0200] {logging_mixin.py:137} INFO - [2023-03-26T22:05:14.844+0200] {dagbag.py:532} INFO - Filling up the DagBag from /home/humbulani/miniconda3/envs/apache-airflow/lib/python3.8/site-packages/airflow/example_dags/example_time_delta_sensor_async.py
[2023-03-26T22:05:14.855+0200] {processor.py:753} INFO - DAG(s) dict_keys(['example_time_delta_sensor_async']) retrieved from /home/humbulani/miniconda3/envs/apache-airflow/lib/python3.8/site-packages/airflow/example_dags/example_time_delta_sensor_async.py
[2023-03-26T22:05:14.871+0200] {logging_mixin.py:137} INFO - [2023-03-26T22:05:14.871+0200] {dag.py:2693} INFO - Sync 1 DAGs
[2023-03-26T22:05:14.889+0200] {logging_mixin.py:137} INFO - [2023-03-26T22:05:14.889+0200] {dag.py:3440} INFO - Setting next_dagrun for example_time_delta_sensor_async to None, run_after=None
[2023-03-26T22:05:14.959+0200] {processor.py:175} INFO - Processing /home/humbulani/miniconda3/envs/apache-airflow/lib/python3.8/site-packages/airflow/example_dags/example_time_delta_sensor_async.py took 0.127 seconds
[2023-03-26T22:05:58.631+0200] {processor.py:153} INFO - Started process (PID=18803) to work on /home/humbulani/miniconda3/envs/apache-airflow/lib/python3.8/site-packages/airflow/example_dags/example_time_delta_sensor_async.py
[2023-03-26T22:05:58.681+0200] {processor.py:743} INFO - Processing file /home/humbulani/miniconda3/envs/apache-airflow/lib/python3.8/site-packages/airflow/example_dags/example_time_delta_sensor_async.py for tasks to queue
[2023-03-26T22:05:58.681+0200] {logging_mixin.py:137} INFO - [2023-03-26T22:05:58.681+0200] {dagbag.py:532} INFO - Filling up the DagBag from /home/humbulani/miniconda3/envs/apache-airflow/lib/python3.8/site-packages/airflow/example_dags/example_time_delta_sensor_async.py
[2023-03-26T22:05:58.691+0200] {processor.py:753} INFO - DAG(s) dict_keys(['example_time_delta_sensor_async']) retrieved from /home/humbulani/miniconda3/envs/apache-airflow/lib/python3.8/site-packages/airflow/example_dags/example_time_delta_sensor_async.py
[2023-03-26T22:05:58.708+0200] {logging_mixin.py:137} INFO - [2023-03-26T22:05:58.708+0200] {dag.py:2693} INFO - Sync 1 DAGs
[2023-03-26T22:05:58.725+0200] {logging_mixin.py:137} INFO - [2023-03-26T22:05:58.725+0200] {dag.py:3440} INFO - Setting next_dagrun for example_time_delta_sensor_async to None, run_after=None
[2023-03-26T22:05:58.796+0200] {processor.py:175} INFO - Processing /home/humbulani/miniconda3/envs/apache-airflow/lib/python3.8/site-packages/airflow/example_dags/example_time_delta_sensor_async.py took 0.168 seconds
[2023-03-26T22:06:45.772+0200] {processor.py:153} INFO - Started process (PID=18877) to work on /home/humbulani/miniconda3/envs/apache-airflow/lib/python3.8/site-packages/airflow/example_dags/example_time_delta_sensor_async.py
[2023-03-26T22:06:45.773+0200] {processor.py:743} INFO - Processing file /home/humbulani/miniconda3/envs/apache-airflow/lib/python3.8/site-packages/airflow/example_dags/example_time_delta_sensor_async.py for tasks to queue
[2023-03-26T22:06:45.773+0200] {logging_mixin.py:137} INFO - [2023-03-26T22:06:45.773+0200] {dagbag.py:532} INFO - Filling up the DagBag from /home/humbulani/miniconda3/envs/apache-airflow/lib/python3.8/site-packages/airflow/example_dags/example_time_delta_sensor_async.py
[2023-03-26T22:06:45.787+0200] {processor.py:753} INFO - DAG(s) dict_keys(['example_time_delta_sensor_async']) retrieved from /home/humbulani/miniconda3/envs/apache-airflow/lib/python3.8/site-packages/airflow/example_dags/example_time_delta_sensor_async.py
[2023-03-26T22:06:45.804+0200] {logging_mixin.py:137} INFO - [2023-03-26T22:06:45.804+0200] {dag.py:2693} INFO - Sync 1 DAGs
[2023-03-26T22:06:45.821+0200] {logging_mixin.py:137} INFO - [2023-03-26T22:06:45.821+0200] {dag.py:3440} INFO - Setting next_dagrun for example_time_delta_sensor_async to None, run_after=None
[2023-03-26T22:06:45.893+0200] {processor.py:175} INFO - Processing /home/humbulani/miniconda3/envs/apache-airflow/lib/python3.8/site-packages/airflow/example_dags/example_time_delta_sensor_async.py took 0.125 seconds
[2023-03-26T22:07:31.650+0200] {processor.py:153} INFO - Started process (PID=18992) to work on /home/humbulani/miniconda3/envs/apache-airflow/lib/python3.8/site-packages/airflow/example_dags/example_time_delta_sensor_async.py
[2023-03-26T22:07:31.651+0200] {processor.py:743} INFO - Processing file /home/humbulani/miniconda3/envs/apache-airflow/lib/python3.8/site-packages/airflow/example_dags/example_time_delta_sensor_async.py for tasks to queue
[2023-03-26T22:07:31.651+0200] {logging_mixin.py:137} INFO - [2023-03-26T22:07:31.651+0200] {dagbag.py:532} INFO - Filling up the DagBag from /home/humbulani/miniconda3/envs/apache-airflow/lib/python3.8/site-packages/airflow/example_dags/example_time_delta_sensor_async.py
[2023-03-26T22:07:31.662+0200] {processor.py:753} INFO - DAG(s) dict_keys(['example_time_delta_sensor_async']) retrieved from /home/humbulani/miniconda3/envs/apache-airflow/lib/python3.8/site-packages/airflow/example_dags/example_time_delta_sensor_async.py
[2023-03-26T22:07:31.678+0200] {logging_mixin.py:137} INFO - [2023-03-26T22:07:31.677+0200] {dag.py:2693} INFO - Sync 1 DAGs
[2023-03-26T22:07:31.694+0200] {logging_mixin.py:137} INFO - [2023-03-26T22:07:31.694+0200] {dag.py:3440} INFO - Setting next_dagrun for example_time_delta_sensor_async to None, run_after=None
[2023-03-26T22:07:31.758+0200] {processor.py:175} INFO - Processing /home/humbulani/miniconda3/envs/apache-airflow/lib/python3.8/site-packages/airflow/example_dags/example_time_delta_sensor_async.py took 0.110 seconds
[2023-03-26T22:08:15.815+0200] {processor.py:153} INFO - Started process (PID=19041) to work on /home/humbulani/miniconda3/envs/apache-airflow/lib/python3.8/site-packages/airflow/example_dags/example_time_delta_sensor_async.py
[2023-03-26T22:08:15.831+0200] {processor.py:743} INFO - Processing file /home/humbulani/miniconda3/envs/apache-airflow/lib/python3.8/site-packages/airflow/example_dags/example_time_delta_sensor_async.py for tasks to queue
[2023-03-26T22:08:15.831+0200] {logging_mixin.py:137} INFO - [2023-03-26T22:08:15.831+0200] {dagbag.py:532} INFO - Filling up the DagBag from /home/humbulani/miniconda3/envs/apache-airflow/lib/python3.8/site-packages/airflow/example_dags/example_time_delta_sensor_async.py
[2023-03-26T22:08:15.841+0200] {processor.py:753} INFO - DAG(s) dict_keys(['example_time_delta_sensor_async']) retrieved from /home/humbulani/miniconda3/envs/apache-airflow/lib/python3.8/site-packages/airflow/example_dags/example_time_delta_sensor_async.py
[2023-03-26T22:08:15.858+0200] {logging_mixin.py:137} INFO - [2023-03-26T22:08:15.858+0200] {dag.py:2693} INFO - Sync 1 DAGs
[2023-03-26T22:08:15.876+0200] {logging_mixin.py:137} INFO - [2023-03-26T22:08:15.876+0200] {dag.py:3440} INFO - Setting next_dagrun for example_time_delta_sensor_async to None, run_after=None
[2023-03-26T22:08:15.950+0200] {processor.py:175} INFO - Processing /home/humbulani/miniconda3/envs/apache-airflow/lib/python3.8/site-packages/airflow/example_dags/example_time_delta_sensor_async.py took 0.138 seconds
[2023-03-26T22:09:03.904+0200] {processor.py:153} INFO - Started process (PID=19123) to work on /home/humbulani/miniconda3/envs/apache-airflow/lib/python3.8/site-packages/airflow/example_dags/example_time_delta_sensor_async.py
[2023-03-26T22:09:03.953+0200] {processor.py:743} INFO - Processing file /home/humbulani/miniconda3/envs/apache-airflow/lib/python3.8/site-packages/airflow/example_dags/example_time_delta_sensor_async.py for tasks to queue
[2023-03-26T22:09:03.954+0200] {logging_mixin.py:137} INFO - [2023-03-26T22:09:03.953+0200] {dagbag.py:532} INFO - Filling up the DagBag from /home/humbulani/miniconda3/envs/apache-airflow/lib/python3.8/site-packages/airflow/example_dags/example_time_delta_sensor_async.py
[2023-03-26T22:09:03.964+0200] {processor.py:753} INFO - DAG(s) dict_keys(['example_time_delta_sensor_async']) retrieved from /home/humbulani/miniconda3/envs/apache-airflow/lib/python3.8/site-packages/airflow/example_dags/example_time_delta_sensor_async.py
[2023-03-26T22:09:03.980+0200] {logging_mixin.py:137} INFO - [2023-03-26T22:09:03.980+0200] {dag.py:2693} INFO - Sync 1 DAGs
[2023-03-26T22:09:03.997+0200] {logging_mixin.py:137} INFO - [2023-03-26T22:09:03.997+0200] {dag.py:3440} INFO - Setting next_dagrun for example_time_delta_sensor_async to None, run_after=None
[2023-03-26T22:09:04.060+0200] {processor.py:175} INFO - Processing /home/humbulani/miniconda3/envs/apache-airflow/lib/python3.8/site-packages/airflow/example_dags/example_time_delta_sensor_async.py took 0.158 seconds
[2023-03-26T22:09:51.944+0200] {processor.py:153} INFO - Started process (PID=19166) to work on /home/humbulani/miniconda3/envs/apache-airflow/lib/python3.8/site-packages/airflow/example_dags/example_time_delta_sensor_async.py
[2023-03-26T22:09:51.945+0200] {processor.py:743} INFO - Processing file /home/humbulani/miniconda3/envs/apache-airflow/lib/python3.8/site-packages/airflow/example_dags/example_time_delta_sensor_async.py for tasks to queue
[2023-03-26T22:09:51.945+0200] {logging_mixin.py:137} INFO - [2023-03-26T22:09:51.945+0200] {dagbag.py:532} INFO - Filling up the DagBag from /home/humbulani/miniconda3/envs/apache-airflow/lib/python3.8/site-packages/airflow/example_dags/example_time_delta_sensor_async.py
[2023-03-26T22:09:51.959+0200] {processor.py:753} INFO - DAG(s) dict_keys(['example_time_delta_sensor_async']) retrieved from /home/humbulani/miniconda3/envs/apache-airflow/lib/python3.8/site-packages/airflow/example_dags/example_time_delta_sensor_async.py
[2023-03-26T22:09:51.975+0200] {logging_mixin.py:137} INFO - [2023-03-26T22:09:51.975+0200] {dag.py:2693} INFO - Sync 1 DAGs
[2023-03-26T22:09:51.993+0200] {logging_mixin.py:137} INFO - [2023-03-26T22:09:51.992+0200] {dag.py:3440} INFO - Setting next_dagrun for example_time_delta_sensor_async to None, run_after=None
[2023-03-26T22:09:52.076+0200] {processor.py:175} INFO - Processing /home/humbulani/miniconda3/envs/apache-airflow/lib/python3.8/site-packages/airflow/example_dags/example_time_delta_sensor_async.py took 0.135 seconds
[2023-03-26T22:10:35.000+0200] {processor.py:153} INFO - Started process (PID=19239) to work on /home/humbulani/miniconda3/envs/apache-airflow/lib/python3.8/site-packages/airflow/example_dags/example_time_delta_sensor_async.py
[2023-03-26T22:10:35.001+0200] {processor.py:743} INFO - Processing file /home/humbulani/miniconda3/envs/apache-airflow/lib/python3.8/site-packages/airflow/example_dags/example_time_delta_sensor_async.py for tasks to queue
[2023-03-26T22:10:35.002+0200] {logging_mixin.py:137} INFO - [2023-03-26T22:10:35.001+0200] {dagbag.py:532} INFO - Filling up the DagBag from /home/humbulani/miniconda3/envs/apache-airflow/lib/python3.8/site-packages/airflow/example_dags/example_time_delta_sensor_async.py
[2023-03-26T22:10:35.015+0200] {processor.py:753} INFO - DAG(s) dict_keys(['example_time_delta_sensor_async']) retrieved from /home/humbulani/miniconda3/envs/apache-airflow/lib/python3.8/site-packages/airflow/example_dags/example_time_delta_sensor_async.py
[2023-03-26T22:10:35.033+0200] {logging_mixin.py:137} INFO - [2023-03-26T22:10:35.033+0200] {dag.py:2693} INFO - Sync 1 DAGs
[2023-03-26T22:10:35.050+0200] {logging_mixin.py:137} INFO - [2023-03-26T22:10:35.050+0200] {dag.py:3440} INFO - Setting next_dagrun for example_time_delta_sensor_async to None, run_after=None
[2023-03-26T22:10:35.192+0200] {processor.py:175} INFO - Processing /home/humbulani/miniconda3/envs/apache-airflow/lib/python3.8/site-packages/airflow/example_dags/example_time_delta_sensor_async.py took 0.195 seconds
[2023-03-26T22:11:23.213+0200] {processor.py:153} INFO - Started process (PID=19339) to work on /home/humbulani/miniconda3/envs/apache-airflow/lib/python3.8/site-packages/airflow/example_dags/example_time_delta_sensor_async.py
[2023-03-26T22:11:23.232+0200] {processor.py:743} INFO - Processing file /home/humbulani/miniconda3/envs/apache-airflow/lib/python3.8/site-packages/airflow/example_dags/example_time_delta_sensor_async.py for tasks to queue
[2023-03-26T22:11:23.233+0200] {logging_mixin.py:137} INFO - [2023-03-26T22:11:23.233+0200] {dagbag.py:532} INFO - Filling up the DagBag from /home/humbulani/miniconda3/envs/apache-airflow/lib/python3.8/site-packages/airflow/example_dags/example_time_delta_sensor_async.py
[2023-03-26T22:11:23.246+0200] {processor.py:753} INFO - DAG(s) dict_keys(['example_time_delta_sensor_async']) retrieved from /home/humbulani/miniconda3/envs/apache-airflow/lib/python3.8/site-packages/airflow/example_dags/example_time_delta_sensor_async.py
[2023-03-26T22:11:23.264+0200] {logging_mixin.py:137} INFO - [2023-03-26T22:11:23.263+0200] {dag.py:2693} INFO - Sync 1 DAGs
[2023-03-26T22:11:23.280+0200] {logging_mixin.py:137} INFO - [2023-03-26T22:11:23.280+0200] {dag.py:3440} INFO - Setting next_dagrun for example_time_delta_sensor_async to None, run_after=None
[2023-03-26T22:11:23.362+0200] {processor.py:175} INFO - Processing /home/humbulani/miniconda3/envs/apache-airflow/lib/python3.8/site-packages/airflow/example_dags/example_time_delta_sensor_async.py took 0.152 seconds
[2023-03-26T22:12:07.476+0200] {processor.py:153} INFO - Started process (PID=19384) to work on /home/humbulani/miniconda3/envs/apache-airflow/lib/python3.8/site-packages/airflow/example_dags/example_time_delta_sensor_async.py
[2023-03-26T22:12:07.495+0200] {processor.py:743} INFO - Processing file /home/humbulani/miniconda3/envs/apache-airflow/lib/python3.8/site-packages/airflow/example_dags/example_time_delta_sensor_async.py for tasks to queue
[2023-03-26T22:12:07.496+0200] {logging_mixin.py:137} INFO - [2023-03-26T22:12:07.496+0200] {dagbag.py:532} INFO - Filling up the DagBag from /home/humbulani/miniconda3/envs/apache-airflow/lib/python3.8/site-packages/airflow/example_dags/example_time_delta_sensor_async.py
[2023-03-26T22:12:07.506+0200] {processor.py:753} INFO - DAG(s) dict_keys(['example_time_delta_sensor_async']) retrieved from /home/humbulani/miniconda3/envs/apache-airflow/lib/python3.8/site-packages/airflow/example_dags/example_time_delta_sensor_async.py
[2023-03-26T22:12:07.523+0200] {logging_mixin.py:137} INFO - [2023-03-26T22:12:07.523+0200] {dag.py:2693} INFO - Sync 1 DAGs
[2023-03-26T22:12:07.541+0200] {logging_mixin.py:137} INFO - [2023-03-26T22:12:07.541+0200] {dag.py:3440} INFO - Setting next_dagrun for example_time_delta_sensor_async to None, run_after=None
[2023-03-26T22:12:07.607+0200] {processor.py:175} INFO - Processing /home/humbulani/miniconda3/envs/apache-airflow/lib/python3.8/site-packages/airflow/example_dags/example_time_delta_sensor_async.py took 0.134 seconds
[2023-03-26T22:12:53.024+0200] {processor.py:153} INFO - Started process (PID=19493) to work on /home/humbulani/miniconda3/envs/apache-airflow/lib/python3.8/site-packages/airflow/example_dags/example_time_delta_sensor_async.py
[2023-03-26T22:12:53.042+0200] {processor.py:743} INFO - Processing file /home/humbulani/miniconda3/envs/apache-airflow/lib/python3.8/site-packages/airflow/example_dags/example_time_delta_sensor_async.py for tasks to queue
[2023-03-26T22:12:53.042+0200] {logging_mixin.py:137} INFO - [2023-03-26T22:12:53.042+0200] {dagbag.py:532} INFO - Filling up the DagBag from /home/humbulani/miniconda3/envs/apache-airflow/lib/python3.8/site-packages/airflow/example_dags/example_time_delta_sensor_async.py
[2023-03-26T22:12:53.056+0200] {processor.py:753} INFO - DAG(s) dict_keys(['example_time_delta_sensor_async']) retrieved from /home/humbulani/miniconda3/envs/apache-airflow/lib/python3.8/site-packages/airflow/example_dags/example_time_delta_sensor_async.py
[2023-03-26T22:12:53.071+0200] {logging_mixin.py:137} INFO - [2023-03-26T22:12:53.071+0200] {dag.py:2693} INFO - Sync 1 DAGs
[2023-03-26T22:12:53.089+0200] {logging_mixin.py:137} INFO - [2023-03-26T22:12:53.089+0200] {dag.py:3440} INFO - Setting next_dagrun for example_time_delta_sensor_async to None, run_after=None
[2023-03-26T22:12:53.162+0200] {processor.py:175} INFO - Processing /home/humbulani/miniconda3/envs/apache-airflow/lib/python3.8/site-packages/airflow/example_dags/example_time_delta_sensor_async.py took 0.141 seconds
[2023-03-26T22:13:40.610+0200] {processor.py:153} INFO - Started process (PID=19535) to work on /home/humbulani/miniconda3/envs/apache-airflow/lib/python3.8/site-packages/airflow/example_dags/example_time_delta_sensor_async.py
[2023-03-26T22:13:40.610+0200] {processor.py:743} INFO - Processing file /home/humbulani/miniconda3/envs/apache-airflow/lib/python3.8/site-packages/airflow/example_dags/example_time_delta_sensor_async.py for tasks to queue
[2023-03-26T22:13:40.611+0200] {logging_mixin.py:137} INFO - [2023-03-26T22:13:40.611+0200] {dagbag.py:532} INFO - Filling up the DagBag from /home/humbulani/miniconda3/envs/apache-airflow/lib/python3.8/site-packages/airflow/example_dags/example_time_delta_sensor_async.py
[2023-03-26T22:13:40.623+0200] {processor.py:753} INFO - DAG(s) dict_keys(['example_time_delta_sensor_async']) retrieved from /home/humbulani/miniconda3/envs/apache-airflow/lib/python3.8/site-packages/airflow/example_dags/example_time_delta_sensor_async.py
[2023-03-26T22:13:40.639+0200] {logging_mixin.py:137} INFO - [2023-03-26T22:13:40.639+0200] {dag.py:2693} INFO - Sync 1 DAGs
[2023-03-26T22:13:40.656+0200] {logging_mixin.py:137} INFO - [2023-03-26T22:13:40.656+0200] {dag.py:3440} INFO - Setting next_dagrun for example_time_delta_sensor_async to None, run_after=None
[2023-03-26T22:13:40.736+0200] {processor.py:175} INFO - Processing /home/humbulani/miniconda3/envs/apache-airflow/lib/python3.8/site-packages/airflow/example_dags/example_time_delta_sensor_async.py took 0.131 seconds
[2023-03-26T22:14:27.756+0200] {processor.py:153} INFO - Started process (PID=19580) to work on /home/humbulani/miniconda3/envs/apache-airflow/lib/python3.8/site-packages/airflow/example_dags/example_time_delta_sensor_async.py
[2023-03-26T22:14:27.757+0200] {processor.py:743} INFO - Processing file /home/humbulani/miniconda3/envs/apache-airflow/lib/python3.8/site-packages/airflow/example_dags/example_time_delta_sensor_async.py for tasks to queue
[2023-03-26T22:14:27.758+0200] {logging_mixin.py:137} INFO - [2023-03-26T22:14:27.758+0200] {dagbag.py:532} INFO - Filling up the DagBag from /home/humbulani/miniconda3/envs/apache-airflow/lib/python3.8/site-packages/airflow/example_dags/example_time_delta_sensor_async.py
[2023-03-26T22:14:27.771+0200] {processor.py:753} INFO - DAG(s) dict_keys(['example_time_delta_sensor_async']) retrieved from /home/humbulani/miniconda3/envs/apache-airflow/lib/python3.8/site-packages/airflow/example_dags/example_time_delta_sensor_async.py
[2023-03-26T22:14:27.788+0200] {logging_mixin.py:137} INFO - [2023-03-26T22:14:27.788+0200] {dag.py:2693} INFO - Sync 1 DAGs
[2023-03-26T22:14:27.805+0200] {logging_mixin.py:137} INFO - [2023-03-26T22:14:27.805+0200] {dag.py:3440} INFO - Setting next_dagrun for example_time_delta_sensor_async to None, run_after=None
[2023-03-26T22:14:27.870+0200] {processor.py:175} INFO - Processing /home/humbulani/miniconda3/envs/apache-airflow/lib/python3.8/site-packages/airflow/example_dags/example_time_delta_sensor_async.py took 0.117 seconds
[2023-03-26T22:15:14.036+0200] {processor.py:153} INFO - Started process (PID=19689) to work on /home/humbulani/miniconda3/envs/apache-airflow/lib/python3.8/site-packages/airflow/example_dags/example_time_delta_sensor_async.py
[2023-03-26T22:15:14.049+0200] {processor.py:743} INFO - Processing file /home/humbulani/miniconda3/envs/apache-airflow/lib/python3.8/site-packages/airflow/example_dags/example_time_delta_sensor_async.py for tasks to queue
[2023-03-26T22:15:14.049+0200] {logging_mixin.py:137} INFO - [2023-03-26T22:15:14.049+0200] {dagbag.py:532} INFO - Filling up the DagBag from /home/humbulani/miniconda3/envs/apache-airflow/lib/python3.8/site-packages/airflow/example_dags/example_time_delta_sensor_async.py
[2023-03-26T22:15:14.060+0200] {processor.py:753} INFO - DAG(s) dict_keys(['example_time_delta_sensor_async']) retrieved from /home/humbulani/miniconda3/envs/apache-airflow/lib/python3.8/site-packages/airflow/example_dags/example_time_delta_sensor_async.py
[2023-03-26T22:15:14.076+0200] {logging_mixin.py:137} INFO - [2023-03-26T22:15:14.076+0200] {dag.py:2693} INFO - Sync 1 DAGs
[2023-03-26T22:15:14.092+0200] {logging_mixin.py:137} INFO - [2023-03-26T22:15:14.092+0200] {dag.py:3440} INFO - Setting next_dagrun for example_time_delta_sensor_async to None, run_after=None
[2023-03-26T22:15:14.160+0200] {processor.py:175} INFO - Processing /home/humbulani/miniconda3/envs/apache-airflow/lib/python3.8/site-packages/airflow/example_dags/example_time_delta_sensor_async.py took 0.126 seconds
[2023-03-26T22:16:00.389+0200] {processor.py:153} INFO - Started process (PID=19735) to work on /home/humbulani/miniconda3/envs/apache-airflow/lib/python3.8/site-packages/airflow/example_dags/example_time_delta_sensor_async.py
[2023-03-26T22:16:00.389+0200] {processor.py:743} INFO - Processing file /home/humbulani/miniconda3/envs/apache-airflow/lib/python3.8/site-packages/airflow/example_dags/example_time_delta_sensor_async.py for tasks to queue
[2023-03-26T22:16:00.390+0200] {logging_mixin.py:137} INFO - [2023-03-26T22:16:00.390+0200] {dagbag.py:532} INFO - Filling up the DagBag from /home/humbulani/miniconda3/envs/apache-airflow/lib/python3.8/site-packages/airflow/example_dags/example_time_delta_sensor_async.py
[2023-03-26T22:16:00.404+0200] {processor.py:753} INFO - DAG(s) dict_keys(['example_time_delta_sensor_async']) retrieved from /home/humbulani/miniconda3/envs/apache-airflow/lib/python3.8/site-packages/airflow/example_dags/example_time_delta_sensor_async.py
[2023-03-26T22:16:00.421+0200] {logging_mixin.py:137} INFO - [2023-03-26T22:16:00.421+0200] {dag.py:2693} INFO - Sync 1 DAGs
[2023-03-26T22:16:00.438+0200] {logging_mixin.py:137} INFO - [2023-03-26T22:16:00.438+0200] {dag.py:3440} INFO - Setting next_dagrun for example_time_delta_sensor_async to None, run_after=None
[2023-03-26T22:16:00.514+0200] {processor.py:175} INFO - Processing /home/humbulani/miniconda3/envs/apache-airflow/lib/python3.8/site-packages/airflow/example_dags/example_time_delta_sensor_async.py took 0.129 seconds
[2023-03-26T22:16:52.863+0200] {processor.py:153} INFO - Started process (PID=19843) to work on /home/humbulani/miniconda3/envs/apache-airflow/lib/python3.8/site-packages/airflow/example_dags/example_time_delta_sensor_async.py
[2023-03-26T22:16:52.875+0200] {processor.py:743} INFO - Processing file /home/humbulani/miniconda3/envs/apache-airflow/lib/python3.8/site-packages/airflow/example_dags/example_time_delta_sensor_async.py for tasks to queue
[2023-03-26T22:16:52.876+0200] {logging_mixin.py:137} INFO - [2023-03-26T22:16:52.876+0200] {dagbag.py:532} INFO - Filling up the DagBag from /home/humbulani/miniconda3/envs/apache-airflow/lib/python3.8/site-packages/airflow/example_dags/example_time_delta_sensor_async.py
[2023-03-26T22:16:52.886+0200] {processor.py:753} INFO - DAG(s) dict_keys(['example_time_delta_sensor_async']) retrieved from /home/humbulani/miniconda3/envs/apache-airflow/lib/python3.8/site-packages/airflow/example_dags/example_time_delta_sensor_async.py
[2023-03-26T22:16:52.991+0200] {logging_mixin.py:137} INFO - [2023-03-26T22:16:52.990+0200] {dag.py:2693} INFO - Sync 1 DAGs
[2023-03-26T22:16:53.011+0200] {logging_mixin.py:137} INFO - [2023-03-26T22:16:53.011+0200] {dag.py:3440} INFO - Setting next_dagrun for example_time_delta_sensor_async to None, run_after=None
[2023-03-26T22:16:53.080+0200] {processor.py:175} INFO - Processing /home/humbulani/miniconda3/envs/apache-airflow/lib/python3.8/site-packages/airflow/example_dags/example_time_delta_sensor_async.py took 0.219 seconds
[2023-03-26T22:17:37.489+0200] {processor.py:153} INFO - Started process (PID=19895) to work on /home/humbulani/miniconda3/envs/apache-airflow/lib/python3.8/site-packages/airflow/example_dags/example_time_delta_sensor_async.py
[2023-03-26T22:17:37.490+0200] {processor.py:743} INFO - Processing file /home/humbulani/miniconda3/envs/apache-airflow/lib/python3.8/site-packages/airflow/example_dags/example_time_delta_sensor_async.py for tasks to queue
[2023-03-26T22:17:37.491+0200] {logging_mixin.py:137} INFO - [2023-03-26T22:17:37.490+0200] {dagbag.py:532} INFO - Filling up the DagBag from /home/humbulani/miniconda3/envs/apache-airflow/lib/python3.8/site-packages/airflow/example_dags/example_time_delta_sensor_async.py
[2023-03-26T22:17:37.502+0200] {processor.py:753} INFO - DAG(s) dict_keys(['example_time_delta_sensor_async']) retrieved from /home/humbulani/miniconda3/envs/apache-airflow/lib/python3.8/site-packages/airflow/example_dags/example_time_delta_sensor_async.py
[2023-03-26T22:17:37.518+0200] {logging_mixin.py:137} INFO - [2023-03-26T22:17:37.518+0200] {dag.py:2693} INFO - Sync 1 DAGs
[2023-03-26T22:17:37.536+0200] {logging_mixin.py:137} INFO - [2023-03-26T22:17:37.536+0200] {dag.py:3440} INFO - Setting next_dagrun for example_time_delta_sensor_async to None, run_after=None
[2023-03-26T22:17:37.598+0200] {processor.py:175} INFO - Processing /home/humbulani/miniconda3/envs/apache-airflow/lib/python3.8/site-packages/airflow/example_dags/example_time_delta_sensor_async.py took 0.111 seconds
[2023-03-26T22:18:22.547+0200] {processor.py:153} INFO - Started process (PID=20003) to work on /home/humbulani/miniconda3/envs/apache-airflow/lib/python3.8/site-packages/airflow/example_dags/example_time_delta_sensor_async.py
[2023-03-26T22:18:22.548+0200] {processor.py:743} INFO - Processing file /home/humbulani/miniconda3/envs/apache-airflow/lib/python3.8/site-packages/airflow/example_dags/example_time_delta_sensor_async.py for tasks to queue
[2023-03-26T22:18:22.549+0200] {logging_mixin.py:137} INFO - [2023-03-26T22:18:22.549+0200] {dagbag.py:532} INFO - Filling up the DagBag from /home/humbulani/miniconda3/envs/apache-airflow/lib/python3.8/site-packages/airflow/example_dags/example_time_delta_sensor_async.py
[2023-03-26T22:18:22.562+0200] {processor.py:753} INFO - DAG(s) dict_keys(['example_time_delta_sensor_async']) retrieved from /home/humbulani/miniconda3/envs/apache-airflow/lib/python3.8/site-packages/airflow/example_dags/example_time_delta_sensor_async.py
[2023-03-26T22:18:22.579+0200] {logging_mixin.py:137} INFO - [2023-03-26T22:18:22.579+0200] {dag.py:2693} INFO - Sync 1 DAGs
[2023-03-26T22:18:22.596+0200] {logging_mixin.py:137} INFO - [2023-03-26T22:18:22.596+0200] {dag.py:3440} INFO - Setting next_dagrun for example_time_delta_sensor_async to None, run_after=None
[2023-03-26T22:18:22.669+0200] {processor.py:175} INFO - Processing /home/humbulani/miniconda3/envs/apache-airflow/lib/python3.8/site-packages/airflow/example_dags/example_time_delta_sensor_async.py took 0.124 seconds
[2023-03-26T22:19:06.379+0200] {processor.py:153} INFO - Started process (PID=20048) to work on /home/humbulani/miniconda3/envs/apache-airflow/lib/python3.8/site-packages/airflow/example_dags/example_time_delta_sensor_async.py
[2023-03-26T22:19:06.399+0200] {processor.py:743} INFO - Processing file /home/humbulani/miniconda3/envs/apache-airflow/lib/python3.8/site-packages/airflow/example_dags/example_time_delta_sensor_async.py for tasks to queue
[2023-03-26T22:19:06.400+0200] {logging_mixin.py:137} INFO - [2023-03-26T22:19:06.399+0200] {dagbag.py:532} INFO - Filling up the DagBag from /home/humbulani/miniconda3/envs/apache-airflow/lib/python3.8/site-packages/airflow/example_dags/example_time_delta_sensor_async.py
[2023-03-26T22:19:06.410+0200] {processor.py:753} INFO - DAG(s) dict_keys(['example_time_delta_sensor_async']) retrieved from /home/humbulani/miniconda3/envs/apache-airflow/lib/python3.8/site-packages/airflow/example_dags/example_time_delta_sensor_async.py
[2023-03-26T22:19:06.426+0200] {logging_mixin.py:137} INFO - [2023-03-26T22:19:06.426+0200] {dag.py:2693} INFO - Sync 1 DAGs
[2023-03-26T22:19:06.443+0200] {logging_mixin.py:137} INFO - [2023-03-26T22:19:06.443+0200] {dag.py:3440} INFO - Setting next_dagrun for example_time_delta_sensor_async to None, run_after=None
[2023-03-26T22:19:06.525+0200] {processor.py:175} INFO - Processing /home/humbulani/miniconda3/envs/apache-airflow/lib/python3.8/site-packages/airflow/example_dags/example_time_delta_sensor_async.py took 0.149 seconds
[2023-03-26T22:19:50.539+0200] {processor.py:153} INFO - Started process (PID=20158) to work on /home/humbulani/miniconda3/envs/apache-airflow/lib/python3.8/site-packages/airflow/example_dags/example_time_delta_sensor_async.py
[2023-03-26T22:19:50.543+0200] {processor.py:743} INFO - Processing file /home/humbulani/miniconda3/envs/apache-airflow/lib/python3.8/site-packages/airflow/example_dags/example_time_delta_sensor_async.py for tasks to queue
[2023-03-26T22:19:50.544+0200] {logging_mixin.py:137} INFO - [2023-03-26T22:19:50.544+0200] {dagbag.py:532} INFO - Filling up the DagBag from /home/humbulani/miniconda3/envs/apache-airflow/lib/python3.8/site-packages/airflow/example_dags/example_time_delta_sensor_async.py
[2023-03-26T22:19:50.556+0200] {processor.py:753} INFO - DAG(s) dict_keys(['example_time_delta_sensor_async']) retrieved from /home/humbulani/miniconda3/envs/apache-airflow/lib/python3.8/site-packages/airflow/example_dags/example_time_delta_sensor_async.py
[2023-03-26T22:19:50.573+0200] {logging_mixin.py:137} INFO - [2023-03-26T22:19:50.572+0200] {dag.py:2693} INFO - Sync 1 DAGs
[2023-03-26T22:19:50.590+0200] {logging_mixin.py:137} INFO - [2023-03-26T22:19:50.590+0200] {dag.py:3440} INFO - Setting next_dagrun for example_time_delta_sensor_async to None, run_after=None
[2023-03-26T22:19:50.662+0200] {processor.py:175} INFO - Processing /home/humbulani/miniconda3/envs/apache-airflow/lib/python3.8/site-packages/airflow/example_dags/example_time_delta_sensor_async.py took 0.125 seconds
[2023-03-26T22:20:36.609+0200] {processor.py:153} INFO - Started process (PID=20230) to work on /home/humbulani/miniconda3/envs/apache-airflow/lib/python3.8/site-packages/airflow/example_dags/example_time_delta_sensor_async.py
[2023-03-26T22:20:36.610+0200] {processor.py:743} INFO - Processing file /home/humbulani/miniconda3/envs/apache-airflow/lib/python3.8/site-packages/airflow/example_dags/example_time_delta_sensor_async.py for tasks to queue
[2023-03-26T22:20:36.610+0200] {logging_mixin.py:137} INFO - [2023-03-26T22:20:36.610+0200] {dagbag.py:532} INFO - Filling up the DagBag from /home/humbulani/miniconda3/envs/apache-airflow/lib/python3.8/site-packages/airflow/example_dags/example_time_delta_sensor_async.py
[2023-03-26T22:20:36.621+0200] {processor.py:753} INFO - DAG(s) dict_keys(['example_time_delta_sensor_async']) retrieved from /home/humbulani/miniconda3/envs/apache-airflow/lib/python3.8/site-packages/airflow/example_dags/example_time_delta_sensor_async.py
[2023-03-26T22:20:36.637+0200] {logging_mixin.py:137} INFO - [2023-03-26T22:20:36.637+0200] {dag.py:2693} INFO - Sync 1 DAGs
[2023-03-26T22:20:36.655+0200] {logging_mixin.py:137} INFO - [2023-03-26T22:20:36.655+0200] {dag.py:3440} INFO - Setting next_dagrun for example_time_delta_sensor_async to None, run_after=None
[2023-03-26T22:20:36.723+0200] {processor.py:175} INFO - Processing /home/humbulani/miniconda3/envs/apache-airflow/lib/python3.8/site-packages/airflow/example_dags/example_time_delta_sensor_async.py took 0.117 seconds
[2023-03-26T22:21:21.956+0200] {processor.py:153} INFO - Started process (PID=20292) to work on /home/humbulani/miniconda3/envs/apache-airflow/lib/python3.8/site-packages/airflow/example_dags/example_time_delta_sensor_async.py
[2023-03-26T22:21:21.968+0200] {processor.py:743} INFO - Processing file /home/humbulani/miniconda3/envs/apache-airflow/lib/python3.8/site-packages/airflow/example_dags/example_time_delta_sensor_async.py for tasks to queue
[2023-03-26T22:21:21.969+0200] {logging_mixin.py:137} INFO - [2023-03-26T22:21:21.969+0200] {dagbag.py:532} INFO - Filling up the DagBag from /home/humbulani/miniconda3/envs/apache-airflow/lib/python3.8/site-packages/airflow/example_dags/example_time_delta_sensor_async.py
[2023-03-26T22:21:21.982+0200] {processor.py:753} INFO - DAG(s) dict_keys(['example_time_delta_sensor_async']) retrieved from /home/humbulani/miniconda3/envs/apache-airflow/lib/python3.8/site-packages/airflow/example_dags/example_time_delta_sensor_async.py
[2023-03-26T22:21:22.002+0200] {logging_mixin.py:137} INFO - [2023-03-26T22:21:22.002+0200] {dag.py:2693} INFO - Sync 1 DAGs
[2023-03-26T22:21:22.019+0200] {logging_mixin.py:137} INFO - [2023-03-26T22:21:22.019+0200] {dag.py:3440} INFO - Setting next_dagrun for example_time_delta_sensor_async to None, run_after=None
[2023-03-26T22:21:22.086+0200] {processor.py:175} INFO - Processing /home/humbulani/miniconda3/envs/apache-airflow/lib/python3.8/site-packages/airflow/example_dags/example_time_delta_sensor_async.py took 0.133 seconds
[2023-03-26T22:22:06.763+0200] {processor.py:153} INFO - Started process (PID=20336) to work on /home/humbulani/miniconda3/envs/apache-airflow/lib/python3.8/site-packages/airflow/example_dags/example_time_delta_sensor_async.py
[2023-03-26T22:22:06.764+0200] {processor.py:743} INFO - Processing file /home/humbulani/miniconda3/envs/apache-airflow/lib/python3.8/site-packages/airflow/example_dags/example_time_delta_sensor_async.py for tasks to queue
[2023-03-26T22:22:06.764+0200] {logging_mixin.py:137} INFO - [2023-03-26T22:22:06.764+0200] {dagbag.py:532} INFO - Filling up the DagBag from /home/humbulani/miniconda3/envs/apache-airflow/lib/python3.8/site-packages/airflow/example_dags/example_time_delta_sensor_async.py
[2023-03-26T22:22:06.777+0200] {processor.py:753} INFO - DAG(s) dict_keys(['example_time_delta_sensor_async']) retrieved from /home/humbulani/miniconda3/envs/apache-airflow/lib/python3.8/site-packages/airflow/example_dags/example_time_delta_sensor_async.py
[2023-03-26T22:22:06.795+0200] {logging_mixin.py:137} INFO - [2023-03-26T22:22:06.794+0200] {dag.py:2693} INFO - Sync 1 DAGs
[2023-03-26T22:22:06.811+0200] {logging_mixin.py:137} INFO - [2023-03-26T22:22:06.811+0200] {dag.py:3440} INFO - Setting next_dagrun for example_time_delta_sensor_async to None, run_after=None
[2023-03-26T22:22:06.892+0200] {processor.py:175} INFO - Processing /home/humbulani/miniconda3/envs/apache-airflow/lib/python3.8/site-packages/airflow/example_dags/example_time_delta_sensor_async.py took 0.133 seconds
[2023-03-26T22:22:52.184+0200] {processor.py:153} INFO - Started process (PID=20379) to work on /home/humbulani/miniconda3/envs/apache-airflow/lib/python3.8/site-packages/airflow/example_dags/example_time_delta_sensor_async.py
[2023-03-26T22:22:52.185+0200] {processor.py:743} INFO - Processing file /home/humbulani/miniconda3/envs/apache-airflow/lib/python3.8/site-packages/airflow/example_dags/example_time_delta_sensor_async.py for tasks to queue
[2023-03-26T22:22:52.186+0200] {logging_mixin.py:137} INFO - [2023-03-26T22:22:52.185+0200] {dagbag.py:532} INFO - Filling up the DagBag from /home/humbulani/miniconda3/envs/apache-airflow/lib/python3.8/site-packages/airflow/example_dags/example_time_delta_sensor_async.py
[2023-03-26T22:22:52.197+0200] {processor.py:753} INFO - DAG(s) dict_keys(['example_time_delta_sensor_async']) retrieved from /home/humbulani/miniconda3/envs/apache-airflow/lib/python3.8/site-packages/airflow/example_dags/example_time_delta_sensor_async.py
[2023-03-26T22:22:52.213+0200] {logging_mixin.py:137} INFO - [2023-03-26T22:22:52.213+0200] {dag.py:2693} INFO - Sync 1 DAGs
[2023-03-26T22:22:52.229+0200] {logging_mixin.py:137} INFO - [2023-03-26T22:22:52.229+0200] {dag.py:3440} INFO - Setting next_dagrun for example_time_delta_sensor_async to None, run_after=None
[2023-03-26T22:22:52.296+0200] {processor.py:175} INFO - Processing /home/humbulani/miniconda3/envs/apache-airflow/lib/python3.8/site-packages/airflow/example_dags/example_time_delta_sensor_async.py took 0.115 seconds
