[2023-03-26T21:39:04.162+0200] {processor.py:153} INFO - Started process (PID=16625) to work on /home/humbulani/miniconda3/envs/apache-airflow/lib/python3.8/site-packages/airflow/example_dags/tutorial_taskflow_api.py
[2023-03-26T21:39:04.162+0200] {processor.py:743} INFO - Processing file /home/humbulani/miniconda3/envs/apache-airflow/lib/python3.8/site-packages/airflow/example_dags/tutorial_taskflow_api.py for tasks to queue
[2023-03-26T21:39:04.163+0200] {logging_mixin.py:137} INFO - [2023-03-26T21:39:04.163+0200] {dagbag.py:532} INFO - Filling up the DagBag from /home/humbulani/miniconda3/envs/apache-airflow/lib/python3.8/site-packages/airflow/example_dags/tutorial_taskflow_api.py
[2023-03-26T21:39:04.187+0200] {processor.py:753} INFO - DAG(s) dict_keys(['tutorial_taskflow_api']) retrieved from /home/humbulani/miniconda3/envs/apache-airflow/lib/python3.8/site-packages/airflow/example_dags/tutorial_taskflow_api.py
[2023-03-26T21:39:04.449+0200] {logging_mixin.py:137} INFO - [2023-03-26T21:39:04.448+0200] {manager.py:504} INFO - Created Permission View: can edit on DAG:tutorial_taskflow_api
[2023-03-26T21:39:04.515+0200] {logging_mixin.py:137} INFO - [2023-03-26T21:39:04.515+0200] {manager.py:504} INFO - Created Permission View: can read on DAG:tutorial_taskflow_api
[2023-03-26T21:39:04.591+0200] {logging_mixin.py:137} INFO - [2023-03-26T21:39:04.590+0200] {manager.py:504} INFO - Created Permission View: can delete on DAG:tutorial_taskflow_api
[2023-03-26T21:39:04.591+0200] {logging_mixin.py:137} INFO - [2023-03-26T21:39:04.591+0200] {dag.py:2693} INFO - Sync 1 DAGs
[2023-03-26T21:39:04.601+0200] {logging_mixin.py:137} INFO - [2023-03-26T21:39:04.601+0200] {dag.py:2714} INFO - Creating ORM DAG for tutorial_taskflow_api
[2023-03-26T21:39:04.608+0200] {logging_mixin.py:137} INFO - [2023-03-26T21:39:04.608+0200] {dag.py:3440} INFO - Setting next_dagrun for tutorial_taskflow_api to None, run_after=None
[2023-03-26T21:39:04.691+0200] {processor.py:175} INFO - Processing /home/humbulani/miniconda3/envs/apache-airflow/lib/python3.8/site-packages/airflow/example_dags/tutorial_taskflow_api.py took 0.532 seconds
[2023-03-26T21:40:08.551+0200] {processor.py:153} INFO - Started process (PID=16681) to work on /home/humbulani/miniconda3/envs/apache-airflow/lib/python3.8/site-packages/airflow/example_dags/tutorial_taskflow_api.py
[2023-03-26T21:40:08.552+0200] {processor.py:743} INFO - Processing file /home/humbulani/miniconda3/envs/apache-airflow/lib/python3.8/site-packages/airflow/example_dags/tutorial_taskflow_api.py for tasks to queue
[2023-03-26T21:40:08.553+0200] {logging_mixin.py:137} INFO - [2023-03-26T21:40:08.552+0200] {dagbag.py:532} INFO - Filling up the DagBag from /home/humbulani/miniconda3/envs/apache-airflow/lib/python3.8/site-packages/airflow/example_dags/tutorial_taskflow_api.py
[2023-03-26T21:40:08.571+0200] {processor.py:753} INFO - DAG(s) dict_keys(['tutorial_taskflow_api']) retrieved from /home/humbulani/miniconda3/envs/apache-airflow/lib/python3.8/site-packages/airflow/example_dags/tutorial_taskflow_api.py
[2023-03-26T21:40:08.591+0200] {logging_mixin.py:137} INFO - [2023-03-26T21:40:08.591+0200] {dag.py:2693} INFO - Sync 1 DAGs
[2023-03-26T21:40:08.610+0200] {logging_mixin.py:137} INFO - [2023-03-26T21:40:08.609+0200] {dag.py:3440} INFO - Setting next_dagrun for tutorial_taskflow_api to None, run_after=None
[2023-03-26T21:40:08.707+0200] {processor.py:175} INFO - Processing /home/humbulani/miniconda3/envs/apache-airflow/lib/python3.8/site-packages/airflow/example_dags/tutorial_taskflow_api.py took 0.158 seconds
[2023-03-26T21:40:59.244+0200] {processor.py:153} INFO - Started process (PID=16771) to work on /home/humbulani/miniconda3/envs/apache-airflow/lib/python3.8/site-packages/airflow/example_dags/tutorial_taskflow_api.py
[2023-03-26T21:40:59.254+0200] {processor.py:743} INFO - Processing file /home/humbulani/miniconda3/envs/apache-airflow/lib/python3.8/site-packages/airflow/example_dags/tutorial_taskflow_api.py for tasks to queue
[2023-03-26T21:40:59.254+0200] {logging_mixin.py:137} INFO - [2023-03-26T21:40:59.254+0200] {dagbag.py:532} INFO - Filling up the DagBag from /home/humbulani/miniconda3/envs/apache-airflow/lib/python3.8/site-packages/airflow/example_dags/tutorial_taskflow_api.py
[2023-03-26T21:40:59.273+0200] {processor.py:753} INFO - DAG(s) dict_keys(['tutorial_taskflow_api']) retrieved from /home/humbulani/miniconda3/envs/apache-airflow/lib/python3.8/site-packages/airflow/example_dags/tutorial_taskflow_api.py
[2023-03-26T21:40:59.289+0200] {logging_mixin.py:137} INFO - [2023-03-26T21:40:59.288+0200] {dag.py:2693} INFO - Sync 1 DAGs
[2023-03-26T21:40:59.306+0200] {logging_mixin.py:137} INFO - [2023-03-26T21:40:59.306+0200] {dag.py:3440} INFO - Setting next_dagrun for tutorial_taskflow_api to None, run_after=None
[2023-03-26T21:40:59.379+0200] {processor.py:175} INFO - Processing /home/humbulani/miniconda3/envs/apache-airflow/lib/python3.8/site-packages/airflow/example_dags/tutorial_taskflow_api.py took 0.137 seconds
[2023-03-26T21:47:42.268+0200] {processor.py:153} INFO - Started process (PID=16816) to work on /home/humbulani/miniconda3/envs/apache-airflow/lib/python3.8/site-packages/airflow/example_dags/tutorial_taskflow_api.py
[2023-03-26T21:47:42.304+0200] {processor.py:743} INFO - Processing file /home/humbulani/miniconda3/envs/apache-airflow/lib/python3.8/site-packages/airflow/example_dags/tutorial_taskflow_api.py for tasks to queue
[2023-03-26T21:47:42.305+0200] {logging_mixin.py:137} INFO - [2023-03-26T21:47:42.305+0200] {dagbag.py:532} INFO - Filling up the DagBag from /home/humbulani/miniconda3/envs/apache-airflow/lib/python3.8/site-packages/airflow/example_dags/tutorial_taskflow_api.py
[2023-03-26T21:47:42.331+0200] {processor.py:753} INFO - DAG(s) dict_keys(['tutorial_taskflow_api']) retrieved from /home/humbulani/miniconda3/envs/apache-airflow/lib/python3.8/site-packages/airflow/example_dags/tutorial_taskflow_api.py
[2023-03-26T21:47:42.350+0200] {logging_mixin.py:137} INFO - [2023-03-26T21:47:42.350+0200] {dag.py:2693} INFO - Sync 1 DAGs
[2023-03-26T21:47:42.367+0200] {logging_mixin.py:137} INFO - [2023-03-26T21:47:42.367+0200] {dag.py:3440} INFO - Setting next_dagrun for tutorial_taskflow_api to None, run_after=None
[2023-03-26T21:47:42.442+0200] {processor.py:175} INFO - Processing /home/humbulani/miniconda3/envs/apache-airflow/lib/python3.8/site-packages/airflow/example_dags/tutorial_taskflow_api.py took 0.176 seconds
[2023-03-26T21:48:30.561+0200] {processor.py:153} INFO - Started process (PID=16904) to work on /home/humbulani/miniconda3/envs/apache-airflow/lib/python3.8/site-packages/airflow/example_dags/tutorial_taskflow_api.py
[2023-03-26T21:48:30.582+0200] {processor.py:743} INFO - Processing file /home/humbulani/miniconda3/envs/apache-airflow/lib/python3.8/site-packages/airflow/example_dags/tutorial_taskflow_api.py for tasks to queue
[2023-03-26T21:48:30.583+0200] {logging_mixin.py:137} INFO - [2023-03-26T21:48:30.583+0200] {dagbag.py:532} INFO - Filling up the DagBag from /home/humbulani/miniconda3/envs/apache-airflow/lib/python3.8/site-packages/airflow/example_dags/tutorial_taskflow_api.py
[2023-03-26T21:48:30.607+0200] {processor.py:753} INFO - DAG(s) dict_keys(['tutorial_taskflow_api']) retrieved from /home/humbulani/miniconda3/envs/apache-airflow/lib/python3.8/site-packages/airflow/example_dags/tutorial_taskflow_api.py
[2023-03-26T21:48:30.624+0200] {logging_mixin.py:137} INFO - [2023-03-26T21:48:30.624+0200] {dag.py:2693} INFO - Sync 1 DAGs
[2023-03-26T21:48:30.642+0200] {logging_mixin.py:137} INFO - [2023-03-26T21:48:30.642+0200] {dag.py:3440} INFO - Setting next_dagrun for tutorial_taskflow_api to None, run_after=None
[2023-03-26T21:48:30.722+0200] {processor.py:175} INFO - Processing /home/humbulani/miniconda3/envs/apache-airflow/lib/python3.8/site-packages/airflow/example_dags/tutorial_taskflow_api.py took 0.163 seconds
[2023-03-26T21:49:21.653+0200] {processor.py:153} INFO - Started process (PID=16946) to work on /home/humbulani/miniconda3/envs/apache-airflow/lib/python3.8/site-packages/airflow/example_dags/tutorial_taskflow_api.py
[2023-03-26T21:49:21.685+0200] {processor.py:743} INFO - Processing file /home/humbulani/miniconda3/envs/apache-airflow/lib/python3.8/site-packages/airflow/example_dags/tutorial_taskflow_api.py for tasks to queue
[2023-03-26T21:49:21.685+0200] {logging_mixin.py:137} INFO - [2023-03-26T21:49:21.685+0200] {dagbag.py:532} INFO - Filling up the DagBag from /home/humbulani/miniconda3/envs/apache-airflow/lib/python3.8/site-packages/airflow/example_dags/tutorial_taskflow_api.py
[2023-03-26T21:49:21.704+0200] {processor.py:753} INFO - DAG(s) dict_keys(['tutorial_taskflow_api']) retrieved from /home/humbulani/miniconda3/envs/apache-airflow/lib/python3.8/site-packages/airflow/example_dags/tutorial_taskflow_api.py
[2023-03-26T21:49:21.720+0200] {logging_mixin.py:137} INFO - [2023-03-26T21:49:21.720+0200] {dag.py:2693} INFO - Sync 1 DAGs
[2023-03-26T21:49:21.738+0200] {logging_mixin.py:137} INFO - [2023-03-26T21:49:21.737+0200] {dag.py:3440} INFO - Setting next_dagrun for tutorial_taskflow_api to None, run_after=None
[2023-03-26T21:49:21.803+0200] {processor.py:175} INFO - Processing /home/humbulani/miniconda3/envs/apache-airflow/lib/python3.8/site-packages/airflow/example_dags/tutorial_taskflow_api.py took 0.152 seconds
[2023-03-26T21:50:05.473+0200] {processor.py:153} INFO - Started process (PID=16990) to work on /home/humbulani/miniconda3/envs/apache-airflow/lib/python3.8/site-packages/airflow/example_dags/tutorial_taskflow_api.py
[2023-03-26T21:50:05.474+0200] {processor.py:743} INFO - Processing file /home/humbulani/miniconda3/envs/apache-airflow/lib/python3.8/site-packages/airflow/example_dags/tutorial_taskflow_api.py for tasks to queue
[2023-03-26T21:50:05.474+0200] {logging_mixin.py:137} INFO - [2023-03-26T21:50:05.474+0200] {dagbag.py:532} INFO - Filling up the DagBag from /home/humbulani/miniconda3/envs/apache-airflow/lib/python3.8/site-packages/airflow/example_dags/tutorial_taskflow_api.py
[2023-03-26T21:50:05.494+0200] {processor.py:753} INFO - DAG(s) dict_keys(['tutorial_taskflow_api']) retrieved from /home/humbulani/miniconda3/envs/apache-airflow/lib/python3.8/site-packages/airflow/example_dags/tutorial_taskflow_api.py
[2023-03-26T21:50:05.511+0200] {logging_mixin.py:137} INFO - [2023-03-26T21:50:05.511+0200] {dag.py:2693} INFO - Sync 1 DAGs
[2023-03-26T21:50:05.528+0200] {logging_mixin.py:137} INFO - [2023-03-26T21:50:05.527+0200] {dag.py:3440} INFO - Setting next_dagrun for tutorial_taskflow_api to None, run_after=None
[2023-03-26T21:50:05.622+0200] {processor.py:175} INFO - Processing /home/humbulani/miniconda3/envs/apache-airflow/lib/python3.8/site-packages/airflow/example_dags/tutorial_taskflow_api.py took 0.152 seconds
[2023-03-26T21:50:51.789+0200] {processor.py:153} INFO - Started process (PID=17033) to work on /home/humbulani/miniconda3/envs/apache-airflow/lib/python3.8/site-packages/airflow/example_dags/tutorial_taskflow_api.py
[2023-03-26T21:50:51.790+0200] {processor.py:743} INFO - Processing file /home/humbulani/miniconda3/envs/apache-airflow/lib/python3.8/site-packages/airflow/example_dags/tutorial_taskflow_api.py for tasks to queue
[2023-03-26T21:50:51.790+0200] {logging_mixin.py:137} INFO - [2023-03-26T21:50:51.790+0200] {dagbag.py:532} INFO - Filling up the DagBag from /home/humbulani/miniconda3/envs/apache-airflow/lib/python3.8/site-packages/airflow/example_dags/tutorial_taskflow_api.py
[2023-03-26T21:50:51.809+0200] {processor.py:753} INFO - DAG(s) dict_keys(['tutorial_taskflow_api']) retrieved from /home/humbulani/miniconda3/envs/apache-airflow/lib/python3.8/site-packages/airflow/example_dags/tutorial_taskflow_api.py
[2023-03-26T21:50:51.826+0200] {logging_mixin.py:137} INFO - [2023-03-26T21:50:51.826+0200] {dag.py:2693} INFO - Sync 1 DAGs
[2023-03-26T21:50:51.843+0200] {logging_mixin.py:137} INFO - [2023-03-26T21:50:51.843+0200] {dag.py:3440} INFO - Setting next_dagrun for tutorial_taskflow_api to None, run_after=None
[2023-03-26T21:50:51.982+0200] {processor.py:175} INFO - Processing /home/humbulani/miniconda3/envs/apache-airflow/lib/python3.8/site-packages/airflow/example_dags/tutorial_taskflow_api.py took 0.195 seconds
[2023-03-26T21:51:36.141+0200] {processor.py:153} INFO - Started process (PID=17149) to work on /home/humbulani/miniconda3/envs/apache-airflow/lib/python3.8/site-packages/airflow/example_dags/tutorial_taskflow_api.py
[2023-03-26T21:51:36.142+0200] {processor.py:743} INFO - Processing file /home/humbulani/miniconda3/envs/apache-airflow/lib/python3.8/site-packages/airflow/example_dags/tutorial_taskflow_api.py for tasks to queue
[2023-03-26T21:51:36.142+0200] {logging_mixin.py:137} INFO - [2023-03-26T21:51:36.142+0200] {dagbag.py:532} INFO - Filling up the DagBag from /home/humbulani/miniconda3/envs/apache-airflow/lib/python3.8/site-packages/airflow/example_dags/tutorial_taskflow_api.py
[2023-03-26T21:51:36.161+0200] {processor.py:753} INFO - DAG(s) dict_keys(['tutorial_taskflow_api']) retrieved from /home/humbulani/miniconda3/envs/apache-airflow/lib/python3.8/site-packages/airflow/example_dags/tutorial_taskflow_api.py
[2023-03-26T21:51:36.177+0200] {logging_mixin.py:137} INFO - [2023-03-26T21:51:36.177+0200] {dag.py:2693} INFO - Sync 1 DAGs
[2023-03-26T21:51:36.194+0200] {logging_mixin.py:137} INFO - [2023-03-26T21:51:36.194+0200] {dag.py:3440} INFO - Setting next_dagrun for tutorial_taskflow_api to None, run_after=None
[2023-03-26T21:51:36.286+0200] {processor.py:175} INFO - Processing /home/humbulani/miniconda3/envs/apache-airflow/lib/python3.8/site-packages/airflow/example_dags/tutorial_taskflow_api.py took 0.147 seconds
[2023-03-26T21:52:23.835+0200] {processor.py:153} INFO - Started process (PID=17193) to work on /home/humbulani/miniconda3/envs/apache-airflow/lib/python3.8/site-packages/airflow/example_dags/tutorial_taskflow_api.py
[2023-03-26T21:52:23.836+0200] {processor.py:743} INFO - Processing file /home/humbulani/miniconda3/envs/apache-airflow/lib/python3.8/site-packages/airflow/example_dags/tutorial_taskflow_api.py for tasks to queue
[2023-03-26T21:52:23.836+0200] {logging_mixin.py:137} INFO - [2023-03-26T21:52:23.836+0200] {dagbag.py:532} INFO - Filling up the DagBag from /home/humbulani/miniconda3/envs/apache-airflow/lib/python3.8/site-packages/airflow/example_dags/tutorial_taskflow_api.py
[2023-03-26T21:52:23.855+0200] {processor.py:753} INFO - DAG(s) dict_keys(['tutorial_taskflow_api']) retrieved from /home/humbulani/miniconda3/envs/apache-airflow/lib/python3.8/site-packages/airflow/example_dags/tutorial_taskflow_api.py
[2023-03-26T21:52:23.871+0200] {logging_mixin.py:137} INFO - [2023-03-26T21:52:23.871+0200] {dag.py:2693} INFO - Sync 1 DAGs
[2023-03-26T21:52:23.889+0200] {logging_mixin.py:137} INFO - [2023-03-26T21:52:23.888+0200] {dag.py:3440} INFO - Setting next_dagrun for tutorial_taskflow_api to None, run_after=None
[2023-03-26T21:52:24.080+0200] {processor.py:175} INFO - Processing /home/humbulani/miniconda3/envs/apache-airflow/lib/python3.8/site-packages/airflow/example_dags/tutorial_taskflow_api.py took 0.248 seconds
[2023-03-26T21:53:13.142+0200] {processor.py:153} INFO - Started process (PID=17242) to work on /home/humbulani/miniconda3/envs/apache-airflow/lib/python3.8/site-packages/airflow/example_dags/tutorial_taskflow_api.py
[2023-03-26T21:53:13.143+0200] {processor.py:743} INFO - Processing file /home/humbulani/miniconda3/envs/apache-airflow/lib/python3.8/site-packages/airflow/example_dags/tutorial_taskflow_api.py for tasks to queue
[2023-03-26T21:53:13.143+0200] {logging_mixin.py:137} INFO - [2023-03-26T21:53:13.143+0200] {dagbag.py:532} INFO - Filling up the DagBag from /home/humbulani/miniconda3/envs/apache-airflow/lib/python3.8/site-packages/airflow/example_dags/tutorial_taskflow_api.py
[2023-03-26T21:53:13.166+0200] {processor.py:753} INFO - DAG(s) dict_keys(['tutorial_taskflow_api']) retrieved from /home/humbulani/miniconda3/envs/apache-airflow/lib/python3.8/site-packages/airflow/example_dags/tutorial_taskflow_api.py
[2023-03-26T21:53:13.183+0200] {logging_mixin.py:137} INFO - [2023-03-26T21:53:13.182+0200] {dag.py:2693} INFO - Sync 1 DAGs
[2023-03-26T21:53:13.279+0200] {logging_mixin.py:137} INFO - [2023-03-26T21:53:13.279+0200] {dag.py:3440} INFO - Setting next_dagrun for tutorial_taskflow_api to None, run_after=None
[2023-03-26T21:53:13.380+0200] {processor.py:175} INFO - Processing /home/humbulani/miniconda3/envs/apache-airflow/lib/python3.8/site-packages/airflow/example_dags/tutorial_taskflow_api.py took 0.241 seconds
[2023-03-26T21:54:02.275+0200] {processor.py:153} INFO - Started process (PID=17292) to work on /home/humbulani/miniconda3/envs/apache-airflow/lib/python3.8/site-packages/airflow/example_dags/tutorial_taskflow_api.py
[2023-03-26T21:54:02.276+0200] {processor.py:743} INFO - Processing file /home/humbulani/miniconda3/envs/apache-airflow/lib/python3.8/site-packages/airflow/example_dags/tutorial_taskflow_api.py for tasks to queue
[2023-03-26T21:54:02.277+0200] {logging_mixin.py:137} INFO - [2023-03-26T21:54:02.277+0200] {dagbag.py:532} INFO - Filling up the DagBag from /home/humbulani/miniconda3/envs/apache-airflow/lib/python3.8/site-packages/airflow/example_dags/tutorial_taskflow_api.py
[2023-03-26T21:54:02.295+0200] {processor.py:753} INFO - DAG(s) dict_keys(['tutorial_taskflow_api']) retrieved from /home/humbulani/miniconda3/envs/apache-airflow/lib/python3.8/site-packages/airflow/example_dags/tutorial_taskflow_api.py
[2023-03-26T21:54:02.391+0200] {logging_mixin.py:137} INFO - [2023-03-26T21:54:02.391+0200] {dag.py:2693} INFO - Sync 1 DAGs
[2023-03-26T21:54:02.406+0200] {logging_mixin.py:137} INFO - [2023-03-26T21:54:02.406+0200] {dag.py:3440} INFO - Setting next_dagrun for tutorial_taskflow_api to None, run_after=None
[2023-03-26T21:54:02.512+0200] {processor.py:175} INFO - Processing /home/humbulani/miniconda3/envs/apache-airflow/lib/python3.8/site-packages/airflow/example_dags/tutorial_taskflow_api.py took 0.239 seconds
[2023-03-26T21:54:51.388+0200] {processor.py:153} INFO - Started process (PID=17339) to work on /home/humbulani/miniconda3/envs/apache-airflow/lib/python3.8/site-packages/airflow/example_dags/tutorial_taskflow_api.py
[2023-03-26T21:54:51.400+0200] {processor.py:743} INFO - Processing file /home/humbulani/miniconda3/envs/apache-airflow/lib/python3.8/site-packages/airflow/example_dags/tutorial_taskflow_api.py for tasks to queue
[2023-03-26T21:54:51.401+0200] {logging_mixin.py:137} INFO - [2023-03-26T21:54:51.400+0200] {dagbag.py:532} INFO - Filling up the DagBag from /home/humbulani/miniconda3/envs/apache-airflow/lib/python3.8/site-packages/airflow/example_dags/tutorial_taskflow_api.py
[2023-03-26T21:54:51.421+0200] {processor.py:753} INFO - DAG(s) dict_keys(['tutorial_taskflow_api']) retrieved from /home/humbulani/miniconda3/envs/apache-airflow/lib/python3.8/site-packages/airflow/example_dags/tutorial_taskflow_api.py
[2023-03-26T21:54:51.518+0200] {logging_mixin.py:137} INFO - [2023-03-26T21:54:51.517+0200] {dag.py:2693} INFO - Sync 1 DAGs
[2023-03-26T21:54:51.533+0200] {logging_mixin.py:137} INFO - [2023-03-26T21:54:51.533+0200] {dag.py:3440} INFO - Setting next_dagrun for tutorial_taskflow_api to None, run_after=None
[2023-03-26T21:54:51.599+0200] {processor.py:175} INFO - Processing /home/humbulani/miniconda3/envs/apache-airflow/lib/python3.8/site-packages/airflow/example_dags/tutorial_taskflow_api.py took 0.213 seconds
[2023-03-26T21:55:41.342+0200] {processor.py:153} INFO - Started process (PID=17381) to work on /home/humbulani/miniconda3/envs/apache-airflow/lib/python3.8/site-packages/airflow/example_dags/tutorial_taskflow_api.py
[2023-03-26T21:55:41.378+0200] {processor.py:743} INFO - Processing file /home/humbulani/miniconda3/envs/apache-airflow/lib/python3.8/site-packages/airflow/example_dags/tutorial_taskflow_api.py for tasks to queue
[2023-03-26T21:55:41.379+0200] {logging_mixin.py:137} INFO - [2023-03-26T21:55:41.379+0200] {dagbag.py:532} INFO - Filling up the DagBag from /home/humbulani/miniconda3/envs/apache-airflow/lib/python3.8/site-packages/airflow/example_dags/tutorial_taskflow_api.py
[2023-03-26T21:55:41.479+0200] {processor.py:753} INFO - DAG(s) dict_keys(['tutorial_taskflow_api']) retrieved from /home/humbulani/miniconda3/envs/apache-airflow/lib/python3.8/site-packages/airflow/example_dags/tutorial_taskflow_api.py
[2023-03-26T21:55:41.492+0200] {logging_mixin.py:137} INFO - [2023-03-26T21:55:41.492+0200] {dag.py:2693} INFO - Sync 1 DAGs
[2023-03-26T21:55:41.507+0200] {logging_mixin.py:137} INFO - [2023-03-26T21:55:41.507+0200] {dag.py:3440} INFO - Setting next_dagrun for tutorial_taskflow_api to None, run_after=None
[2023-03-26T21:55:41.576+0200] {processor.py:175} INFO - Processing /home/humbulani/miniconda3/envs/apache-airflow/lib/python3.8/site-packages/airflow/example_dags/tutorial_taskflow_api.py took 0.236 seconds
[2023-03-26T21:56:30.624+0200] {processor.py:153} INFO - Started process (PID=17483) to work on /home/humbulani/miniconda3/envs/apache-airflow/lib/python3.8/site-packages/airflow/example_dags/tutorial_taskflow_api.py
[2023-03-26T21:56:30.643+0200] {processor.py:743} INFO - Processing file /home/humbulani/miniconda3/envs/apache-airflow/lib/python3.8/site-packages/airflow/example_dags/tutorial_taskflow_api.py for tasks to queue
[2023-03-26T21:56:30.644+0200] {logging_mixin.py:137} INFO - [2023-03-26T21:56:30.644+0200] {dagbag.py:532} INFO - Filling up the DagBag from /home/humbulani/miniconda3/envs/apache-airflow/lib/python3.8/site-packages/airflow/example_dags/tutorial_taskflow_api.py
[2023-03-26T21:56:30.666+0200] {processor.py:753} INFO - DAG(s) dict_keys(['tutorial_taskflow_api']) retrieved from /home/humbulani/miniconda3/envs/apache-airflow/lib/python3.8/site-packages/airflow/example_dags/tutorial_taskflow_api.py
[2023-03-26T21:56:30.683+0200] {logging_mixin.py:137} INFO - [2023-03-26T21:56:30.683+0200] {dag.py:2693} INFO - Sync 1 DAGs
[2023-03-26T21:56:30.704+0200] {logging_mixin.py:137} INFO - [2023-03-26T21:56:30.704+0200] {dag.py:3440} INFO - Setting next_dagrun for tutorial_taskflow_api to None, run_after=None
[2023-03-26T21:56:30.773+0200] {processor.py:175} INFO - Processing /home/humbulani/miniconda3/envs/apache-airflow/lib/python3.8/site-packages/airflow/example_dags/tutorial_taskflow_api.py took 0.152 seconds
[2023-03-26T21:57:12.916+0200] {processor.py:153} INFO - Started process (PID=17565) to work on /home/humbulani/miniconda3/envs/apache-airflow/lib/python3.8/site-packages/airflow/example_dags/tutorial_taskflow_api.py
[2023-03-26T21:57:12.929+0200] {processor.py:743} INFO - Processing file /home/humbulani/miniconda3/envs/apache-airflow/lib/python3.8/site-packages/airflow/example_dags/tutorial_taskflow_api.py for tasks to queue
[2023-03-26T21:57:12.930+0200] {logging_mixin.py:137} INFO - [2023-03-26T21:57:12.930+0200] {dagbag.py:532} INFO - Filling up the DagBag from /home/humbulani/miniconda3/envs/apache-airflow/lib/python3.8/site-packages/airflow/example_dags/tutorial_taskflow_api.py
[2023-03-26T21:57:12.949+0200] {processor.py:753} INFO - DAG(s) dict_keys(['tutorial_taskflow_api']) retrieved from /home/humbulani/miniconda3/envs/apache-airflow/lib/python3.8/site-packages/airflow/example_dags/tutorial_taskflow_api.py
[2023-03-26T21:57:12.965+0200] {logging_mixin.py:137} INFO - [2023-03-26T21:57:12.965+0200] {dag.py:2693} INFO - Sync 1 DAGs
[2023-03-26T21:57:12.983+0200] {logging_mixin.py:137} INFO - [2023-03-26T21:57:12.983+0200] {dag.py:3440} INFO - Setting next_dagrun for tutorial_taskflow_api to None, run_after=None
[2023-03-26T21:57:13.050+0200] {processor.py:175} INFO - Processing /home/humbulani/miniconda3/envs/apache-airflow/lib/python3.8/site-packages/airflow/example_dags/tutorial_taskflow_api.py took 0.136 seconds
[2023-03-26T21:57:57.852+0200] {processor.py:153} INFO - Started process (PID=17776) to work on /home/humbulani/miniconda3/envs/apache-airflow/lib/python3.8/site-packages/airflow/example_dags/tutorial_taskflow_api.py
[2023-03-26T21:57:57.858+0200] {processor.py:743} INFO - Processing file /home/humbulani/miniconda3/envs/apache-airflow/lib/python3.8/site-packages/airflow/example_dags/tutorial_taskflow_api.py for tasks to queue
[2023-03-26T21:57:57.858+0200] {logging_mixin.py:137} INFO - [2023-03-26T21:57:57.858+0200] {dagbag.py:532} INFO - Filling up the DagBag from /home/humbulani/miniconda3/envs/apache-airflow/lib/python3.8/site-packages/airflow/example_dags/tutorial_taskflow_api.py
[2023-03-26T21:57:57.879+0200] {processor.py:753} INFO - DAG(s) dict_keys(['tutorial_taskflow_api']) retrieved from /home/humbulani/miniconda3/envs/apache-airflow/lib/python3.8/site-packages/airflow/example_dags/tutorial_taskflow_api.py
[2023-03-26T21:57:57.901+0200] {logging_mixin.py:137} INFO - [2023-03-26T21:57:57.901+0200] {dag.py:2693} INFO - Sync 1 DAGs
[2023-03-26T21:57:57.923+0200] {logging_mixin.py:137} INFO - [2023-03-26T21:57:57.923+0200] {dag.py:3440} INFO - Setting next_dagrun for tutorial_taskflow_api to None, run_after=None
[2023-03-26T21:57:58.021+0200] {processor.py:175} INFO - Processing /home/humbulani/miniconda3/envs/apache-airflow/lib/python3.8/site-packages/airflow/example_dags/tutorial_taskflow_api.py took 0.172 seconds
[2023-03-26T21:58:45.550+0200] {processor.py:153} INFO - Started process (PID=17894) to work on /home/humbulani/miniconda3/envs/apache-airflow/lib/python3.8/site-packages/airflow/example_dags/tutorial_taskflow_api.py
[2023-03-26T21:58:45.566+0200] {processor.py:743} INFO - Processing file /home/humbulani/miniconda3/envs/apache-airflow/lib/python3.8/site-packages/airflow/example_dags/tutorial_taskflow_api.py for tasks to queue
[2023-03-26T21:58:45.567+0200] {logging_mixin.py:137} INFO - [2023-03-26T21:58:45.567+0200] {dagbag.py:532} INFO - Filling up the DagBag from /home/humbulani/miniconda3/envs/apache-airflow/lib/python3.8/site-packages/airflow/example_dags/tutorial_taskflow_api.py
[2023-03-26T21:58:45.590+0200] {processor.py:753} INFO - DAG(s) dict_keys(['tutorial_taskflow_api']) retrieved from /home/humbulani/miniconda3/envs/apache-airflow/lib/python3.8/site-packages/airflow/example_dags/tutorial_taskflow_api.py
[2023-03-26T21:58:45.608+0200] {logging_mixin.py:137} INFO - [2023-03-26T21:58:45.608+0200] {dag.py:2693} INFO - Sync 1 DAGs
[2023-03-26T21:58:45.625+0200] {logging_mixin.py:137} INFO - [2023-03-26T21:58:45.625+0200] {dag.py:3440} INFO - Setting next_dagrun for tutorial_taskflow_api to None, run_after=None
[2023-03-26T21:58:45.690+0200] {processor.py:175} INFO - Processing /home/humbulani/miniconda3/envs/apache-airflow/lib/python3.8/site-packages/airflow/example_dags/tutorial_taskflow_api.py took 0.143 seconds
[2023-03-26T21:59:33.271+0200] {processor.py:153} INFO - Started process (PID=18099) to work on /home/humbulani/miniconda3/envs/apache-airflow/lib/python3.8/site-packages/airflow/example_dags/tutorial_taskflow_api.py
[2023-03-26T21:59:33.286+0200] {processor.py:743} INFO - Processing file /home/humbulani/miniconda3/envs/apache-airflow/lib/python3.8/site-packages/airflow/example_dags/tutorial_taskflow_api.py for tasks to queue
[2023-03-26T21:59:33.287+0200] {logging_mixin.py:137} INFO - [2023-03-26T21:59:33.287+0200] {dagbag.py:532} INFO - Filling up the DagBag from /home/humbulani/miniconda3/envs/apache-airflow/lib/python3.8/site-packages/airflow/example_dags/tutorial_taskflow_api.py
[2023-03-26T21:59:33.312+0200] {processor.py:753} INFO - DAG(s) dict_keys(['tutorial_taskflow_api']) retrieved from /home/humbulani/miniconda3/envs/apache-airflow/lib/python3.8/site-packages/airflow/example_dags/tutorial_taskflow_api.py
[2023-03-26T21:59:33.329+0200] {logging_mixin.py:137} INFO - [2023-03-26T21:59:33.329+0200] {dag.py:2693} INFO - Sync 1 DAGs
[2023-03-26T21:59:33.346+0200] {logging_mixin.py:137} INFO - [2023-03-26T21:59:33.346+0200] {dag.py:3440} INFO - Setting next_dagrun for tutorial_taskflow_api to None, run_after=None
[2023-03-26T21:59:33.435+0200] {processor.py:175} INFO - Processing /home/humbulani/miniconda3/envs/apache-airflow/lib/python3.8/site-packages/airflow/example_dags/tutorial_taskflow_api.py took 0.167 seconds
[2023-03-26T22:00:20.710+0200] {processor.py:153} INFO - Started process (PID=18162) to work on /home/humbulani/miniconda3/envs/apache-airflow/lib/python3.8/site-packages/airflow/example_dags/tutorial_taskflow_api.py
[2023-03-26T22:00:20.723+0200] {processor.py:743} INFO - Processing file /home/humbulani/miniconda3/envs/apache-airflow/lib/python3.8/site-packages/airflow/example_dags/tutorial_taskflow_api.py for tasks to queue
[2023-03-26T22:00:20.724+0200] {logging_mixin.py:137} INFO - [2023-03-26T22:00:20.723+0200] {dagbag.py:532} INFO - Filling up the DagBag from /home/humbulani/miniconda3/envs/apache-airflow/lib/python3.8/site-packages/airflow/example_dags/tutorial_taskflow_api.py
[2023-03-26T22:00:20.743+0200] {processor.py:753} INFO - DAG(s) dict_keys(['tutorial_taskflow_api']) retrieved from /home/humbulani/miniconda3/envs/apache-airflow/lib/python3.8/site-packages/airflow/example_dags/tutorial_taskflow_api.py
[2023-03-26T22:00:20.760+0200] {logging_mixin.py:137} INFO - [2023-03-26T22:00:20.760+0200] {dag.py:2693} INFO - Sync 1 DAGs
[2023-03-26T22:00:20.779+0200] {logging_mixin.py:137} INFO - [2023-03-26T22:00:20.778+0200] {dag.py:3440} INFO - Setting next_dagrun for tutorial_taskflow_api to None, run_after=None
[2023-03-26T22:00:20.863+0200] {processor.py:175} INFO - Processing /home/humbulani/miniconda3/envs/apache-airflow/lib/python3.8/site-packages/airflow/example_dags/tutorial_taskflow_api.py took 0.155 seconds
[2023-03-26T22:01:05.913+0200] {processor.py:153} INFO - Started process (PID=18246) to work on /home/humbulani/miniconda3/envs/apache-airflow/lib/python3.8/site-packages/airflow/example_dags/tutorial_taskflow_api.py
[2023-03-26T22:01:05.949+0200] {processor.py:743} INFO - Processing file /home/humbulani/miniconda3/envs/apache-airflow/lib/python3.8/site-packages/airflow/example_dags/tutorial_taskflow_api.py for tasks to queue
[2023-03-26T22:01:05.949+0200] {logging_mixin.py:137} INFO - [2023-03-26T22:01:05.949+0200] {dagbag.py:532} INFO - Filling up the DagBag from /home/humbulani/miniconda3/envs/apache-airflow/lib/python3.8/site-packages/airflow/example_dags/tutorial_taskflow_api.py
[2023-03-26T22:01:05.974+0200] {processor.py:753} INFO - DAG(s) dict_keys(['tutorial_taskflow_api']) retrieved from /home/humbulani/miniconda3/envs/apache-airflow/lib/python3.8/site-packages/airflow/example_dags/tutorial_taskflow_api.py
[2023-03-26T22:01:05.992+0200] {logging_mixin.py:137} INFO - [2023-03-26T22:01:05.992+0200] {dag.py:2693} INFO - Sync 1 DAGs
[2023-03-26T22:01:06.013+0200] {logging_mixin.py:137} INFO - [2023-03-26T22:01:06.013+0200] {dag.py:3440} INFO - Setting next_dagrun for tutorial_taskflow_api to None, run_after=None
[2023-03-26T22:01:06.084+0200] {processor.py:175} INFO - Processing /home/humbulani/miniconda3/envs/apache-airflow/lib/python3.8/site-packages/airflow/example_dags/tutorial_taskflow_api.py took 0.175 seconds
[2023-03-26T22:01:52.928+0200] {processor.py:153} INFO - Started process (PID=18502) to work on /home/humbulani/miniconda3/envs/apache-airflow/lib/python3.8/site-packages/airflow/example_dags/tutorial_taskflow_api.py
[2023-03-26T22:01:52.935+0200] {processor.py:743} INFO - Processing file /home/humbulani/miniconda3/envs/apache-airflow/lib/python3.8/site-packages/airflow/example_dags/tutorial_taskflow_api.py for tasks to queue
[2023-03-26T22:01:52.936+0200] {logging_mixin.py:137} INFO - [2023-03-26T22:01:52.936+0200] {dagbag.py:532} INFO - Filling up the DagBag from /home/humbulani/miniconda3/envs/apache-airflow/lib/python3.8/site-packages/airflow/example_dags/tutorial_taskflow_api.py
[2023-03-26T22:01:52.960+0200] {processor.py:753} INFO - DAG(s) dict_keys(['tutorial_taskflow_api']) retrieved from /home/humbulani/miniconda3/envs/apache-airflow/lib/python3.8/site-packages/airflow/example_dags/tutorial_taskflow_api.py
[2023-03-26T22:01:52.977+0200] {logging_mixin.py:137} INFO - [2023-03-26T22:01:52.977+0200] {dag.py:2693} INFO - Sync 1 DAGs
[2023-03-26T22:01:52.993+0200] {logging_mixin.py:137} INFO - [2023-03-26T22:01:52.993+0200] {dag.py:3440} INFO - Setting next_dagrun for tutorial_taskflow_api to None, run_after=None
[2023-03-26T22:01:53.071+0200] {processor.py:175} INFO - Processing /home/humbulani/miniconda3/envs/apache-airflow/lib/python3.8/site-packages/airflow/example_dags/tutorial_taskflow_api.py took 0.146 seconds
[2023-03-26T22:02:40.067+0200] {processor.py:153} INFO - Started process (PID=18558) to work on /home/humbulani/miniconda3/envs/apache-airflow/lib/python3.8/site-packages/airflow/example_dags/tutorial_taskflow_api.py
[2023-03-26T22:02:40.080+0200] {processor.py:743} INFO - Processing file /home/humbulani/miniconda3/envs/apache-airflow/lib/python3.8/site-packages/airflow/example_dags/tutorial_taskflow_api.py for tasks to queue
[2023-03-26T22:02:40.081+0200] {logging_mixin.py:137} INFO - [2023-03-26T22:02:40.081+0200] {dagbag.py:532} INFO - Filling up the DagBag from /home/humbulani/miniconda3/envs/apache-airflow/lib/python3.8/site-packages/airflow/example_dags/tutorial_taskflow_api.py
[2023-03-26T22:02:40.101+0200] {processor.py:753} INFO - DAG(s) dict_keys(['tutorial_taskflow_api']) retrieved from /home/humbulani/miniconda3/envs/apache-airflow/lib/python3.8/site-packages/airflow/example_dags/tutorial_taskflow_api.py
[2023-03-26T22:02:40.119+0200] {logging_mixin.py:137} INFO - [2023-03-26T22:02:40.119+0200] {dag.py:2693} INFO - Sync 1 DAGs
[2023-03-26T22:02:40.136+0200] {logging_mixin.py:137} INFO - [2023-03-26T22:02:40.136+0200] {dag.py:3440} INFO - Setting next_dagrun for tutorial_taskflow_api to None, run_after=None
[2023-03-26T22:02:40.215+0200] {processor.py:175} INFO - Processing /home/humbulani/miniconda3/envs/apache-airflow/lib/python3.8/site-packages/airflow/example_dags/tutorial_taskflow_api.py took 0.150 seconds
[2023-03-26T22:03:25.176+0200] {processor.py:153} INFO - Started process (PID=18613) to work on /home/humbulani/miniconda3/envs/apache-airflow/lib/python3.8/site-packages/airflow/example_dags/tutorial_taskflow_api.py
[2023-03-26T22:03:25.192+0200] {processor.py:743} INFO - Processing file /home/humbulani/miniconda3/envs/apache-airflow/lib/python3.8/site-packages/airflow/example_dags/tutorial_taskflow_api.py for tasks to queue
[2023-03-26T22:03:25.192+0200] {logging_mixin.py:137} INFO - [2023-03-26T22:03:25.192+0200] {dagbag.py:532} INFO - Filling up the DagBag from /home/humbulani/miniconda3/envs/apache-airflow/lib/python3.8/site-packages/airflow/example_dags/tutorial_taskflow_api.py
[2023-03-26T22:03:25.216+0200] {processor.py:753} INFO - DAG(s) dict_keys(['tutorial_taskflow_api']) retrieved from /home/humbulani/miniconda3/envs/apache-airflow/lib/python3.8/site-packages/airflow/example_dags/tutorial_taskflow_api.py
[2023-03-26T22:03:25.236+0200] {logging_mixin.py:137} INFO - [2023-03-26T22:03:25.236+0200] {dag.py:2693} INFO - Sync 1 DAGs
[2023-03-26T22:03:25.254+0200] {logging_mixin.py:137} INFO - [2023-03-26T22:03:25.254+0200] {dag.py:3440} INFO - Setting next_dagrun for tutorial_taskflow_api to None, run_after=None
[2023-03-26T22:03:25.326+0200] {processor.py:175} INFO - Processing /home/humbulani/miniconda3/envs/apache-airflow/lib/python3.8/site-packages/airflow/example_dags/tutorial_taskflow_api.py took 0.153 seconds
[2023-03-26T22:04:11.117+0200] {processor.py:153} INFO - Started process (PID=18673) to work on /home/humbulani/miniconda3/envs/apache-airflow/lib/python3.8/site-packages/airflow/example_dags/tutorial_taskflow_api.py
[2023-03-26T22:04:11.128+0200] {processor.py:743} INFO - Processing file /home/humbulani/miniconda3/envs/apache-airflow/lib/python3.8/site-packages/airflow/example_dags/tutorial_taskflow_api.py for tasks to queue
[2023-03-26T22:04:11.129+0200] {logging_mixin.py:137} INFO - [2023-03-26T22:04:11.128+0200] {dagbag.py:532} INFO - Filling up the DagBag from /home/humbulani/miniconda3/envs/apache-airflow/lib/python3.8/site-packages/airflow/example_dags/tutorial_taskflow_api.py
[2023-03-26T22:04:11.148+0200] {processor.py:753} INFO - DAG(s) dict_keys(['tutorial_taskflow_api']) retrieved from /home/humbulani/miniconda3/envs/apache-airflow/lib/python3.8/site-packages/airflow/example_dags/tutorial_taskflow_api.py
[2023-03-26T22:04:11.165+0200] {logging_mixin.py:137} INFO - [2023-03-26T22:04:11.165+0200] {dag.py:2693} INFO - Sync 1 DAGs
[2023-03-26T22:04:11.183+0200] {logging_mixin.py:137} INFO - [2023-03-26T22:04:11.182+0200] {dag.py:3440} INFO - Setting next_dagrun for tutorial_taskflow_api to None, run_after=None
[2023-03-26T22:04:11.246+0200] {processor.py:175} INFO - Processing /home/humbulani/miniconda3/envs/apache-airflow/lib/python3.8/site-packages/airflow/example_dags/tutorial_taskflow_api.py took 0.132 seconds
[2023-03-26T22:04:55.784+0200] {processor.py:153} INFO - Started process (PID=18728) to work on /home/humbulani/miniconda3/envs/apache-airflow/lib/python3.8/site-packages/airflow/example_dags/tutorial_taskflow_api.py
[2023-03-26T22:04:55.790+0200] {processor.py:743} INFO - Processing file /home/humbulani/miniconda3/envs/apache-airflow/lib/python3.8/site-packages/airflow/example_dags/tutorial_taskflow_api.py for tasks to queue
[2023-03-26T22:04:55.790+0200] {logging_mixin.py:137} INFO - [2023-03-26T22:04:55.790+0200] {dagbag.py:532} INFO - Filling up the DagBag from /home/humbulani/miniconda3/envs/apache-airflow/lib/python3.8/site-packages/airflow/example_dags/tutorial_taskflow_api.py
[2023-03-26T22:04:55.812+0200] {processor.py:753} INFO - DAG(s) dict_keys(['tutorial_taskflow_api']) retrieved from /home/humbulani/miniconda3/envs/apache-airflow/lib/python3.8/site-packages/airflow/example_dags/tutorial_taskflow_api.py
[2023-03-26T22:04:55.835+0200] {logging_mixin.py:137} INFO - [2023-03-26T22:04:55.835+0200] {dag.py:2693} INFO - Sync 1 DAGs
[2023-03-26T22:04:55.859+0200] {logging_mixin.py:137} INFO - [2023-03-26T22:04:55.859+0200] {dag.py:3440} INFO - Setting next_dagrun for tutorial_taskflow_api to None, run_after=None
[2023-03-26T22:04:55.933+0200] {processor.py:175} INFO - Processing /home/humbulani/miniconda3/envs/apache-airflow/lib/python3.8/site-packages/airflow/example_dags/tutorial_taskflow_api.py took 0.151 seconds
[2023-03-26T22:05:40.354+0200] {processor.py:153} INFO - Started process (PID=18782) to work on /home/humbulani/miniconda3/envs/apache-airflow/lib/python3.8/site-packages/airflow/example_dags/tutorial_taskflow_api.py
[2023-03-26T22:05:40.364+0200] {processor.py:743} INFO - Processing file /home/humbulani/miniconda3/envs/apache-airflow/lib/python3.8/site-packages/airflow/example_dags/tutorial_taskflow_api.py for tasks to queue
[2023-03-26T22:05:40.365+0200] {logging_mixin.py:137} INFO - [2023-03-26T22:05:40.365+0200] {dagbag.py:532} INFO - Filling up the DagBag from /home/humbulani/miniconda3/envs/apache-airflow/lib/python3.8/site-packages/airflow/example_dags/tutorial_taskflow_api.py
[2023-03-26T22:05:40.383+0200] {processor.py:753} INFO - DAG(s) dict_keys(['tutorial_taskflow_api']) retrieved from /home/humbulani/miniconda3/envs/apache-airflow/lib/python3.8/site-packages/airflow/example_dags/tutorial_taskflow_api.py
[2023-03-26T22:05:40.400+0200] {logging_mixin.py:137} INFO - [2023-03-26T22:05:40.400+0200] {dag.py:2693} INFO - Sync 1 DAGs
[2023-03-26T22:05:40.417+0200] {logging_mixin.py:137} INFO - [2023-03-26T22:05:40.417+0200] {dag.py:3440} INFO - Setting next_dagrun for tutorial_taskflow_api to None, run_after=None
[2023-03-26T22:05:40.488+0200] {processor.py:175} INFO - Processing /home/humbulani/miniconda3/envs/apache-airflow/lib/python3.8/site-packages/airflow/example_dags/tutorial_taskflow_api.py took 0.137 seconds
[2023-03-26T22:06:26.049+0200] {processor.py:153} INFO - Started process (PID=18828) to work on /home/humbulani/miniconda3/envs/apache-airflow/lib/python3.8/site-packages/airflow/example_dags/tutorial_taskflow_api.py
[2023-03-26T22:06:26.061+0200] {processor.py:743} INFO - Processing file /home/humbulani/miniconda3/envs/apache-airflow/lib/python3.8/site-packages/airflow/example_dags/tutorial_taskflow_api.py for tasks to queue
[2023-03-26T22:06:26.061+0200] {logging_mixin.py:137} INFO - [2023-03-26T22:06:26.061+0200] {dagbag.py:532} INFO - Filling up the DagBag from /home/humbulani/miniconda3/envs/apache-airflow/lib/python3.8/site-packages/airflow/example_dags/tutorial_taskflow_api.py
[2023-03-26T22:06:26.081+0200] {processor.py:753} INFO - DAG(s) dict_keys(['tutorial_taskflow_api']) retrieved from /home/humbulani/miniconda3/envs/apache-airflow/lib/python3.8/site-packages/airflow/example_dags/tutorial_taskflow_api.py
[2023-03-26T22:06:26.097+0200] {logging_mixin.py:137} INFO - [2023-03-26T22:06:26.097+0200] {dag.py:2693} INFO - Sync 1 DAGs
[2023-03-26T22:06:26.114+0200] {logging_mixin.py:137} INFO - [2023-03-26T22:06:26.114+0200] {dag.py:3440} INFO - Setting next_dagrun for tutorial_taskflow_api to None, run_after=None
[2023-03-26T22:06:26.191+0200] {processor.py:175} INFO - Processing /home/humbulani/miniconda3/envs/apache-airflow/lib/python3.8/site-packages/airflow/example_dags/tutorial_taskflow_api.py took 0.145 seconds
[2023-03-26T22:07:13.229+0200] {processor.py:153} INFO - Started process (PID=18974) to work on /home/humbulani/miniconda3/envs/apache-airflow/lib/python3.8/site-packages/airflow/example_dags/tutorial_taskflow_api.py
[2023-03-26T22:07:13.241+0200] {processor.py:743} INFO - Processing file /home/humbulani/miniconda3/envs/apache-airflow/lib/python3.8/site-packages/airflow/example_dags/tutorial_taskflow_api.py for tasks to queue
[2023-03-26T22:07:13.242+0200] {logging_mixin.py:137} INFO - [2023-03-26T22:07:13.242+0200] {dagbag.py:532} INFO - Filling up the DagBag from /home/humbulani/miniconda3/envs/apache-airflow/lib/python3.8/site-packages/airflow/example_dags/tutorial_taskflow_api.py
[2023-03-26T22:07:13.261+0200] {processor.py:753} INFO - DAG(s) dict_keys(['tutorial_taskflow_api']) retrieved from /home/humbulani/miniconda3/envs/apache-airflow/lib/python3.8/site-packages/airflow/example_dags/tutorial_taskflow_api.py
[2023-03-26T22:07:13.278+0200] {logging_mixin.py:137} INFO - [2023-03-26T22:07:13.277+0200] {dag.py:2693} INFO - Sync 1 DAGs
[2023-03-26T22:07:13.294+0200] {logging_mixin.py:137} INFO - [2023-03-26T22:07:13.294+0200] {dag.py:3440} INFO - Setting next_dagrun for tutorial_taskflow_api to None, run_after=None
[2023-03-26T22:07:13.374+0200] {processor.py:175} INFO - Processing /home/humbulani/miniconda3/envs/apache-airflow/lib/python3.8/site-packages/airflow/example_dags/tutorial_taskflow_api.py took 0.148 seconds
[2023-03-26T22:07:58.261+0200] {processor.py:153} INFO - Started process (PID=19017) to work on /home/humbulani/miniconda3/envs/apache-airflow/lib/python3.8/site-packages/airflow/example_dags/tutorial_taskflow_api.py
[2023-03-26T22:07:58.262+0200] {processor.py:743} INFO - Processing file /home/humbulani/miniconda3/envs/apache-airflow/lib/python3.8/site-packages/airflow/example_dags/tutorial_taskflow_api.py for tasks to queue
[2023-03-26T22:07:58.262+0200] {logging_mixin.py:137} INFO - [2023-03-26T22:07:58.262+0200] {dagbag.py:532} INFO - Filling up the DagBag from /home/humbulani/miniconda3/envs/apache-airflow/lib/python3.8/site-packages/airflow/example_dags/tutorial_taskflow_api.py
[2023-03-26T22:07:58.284+0200] {processor.py:753} INFO - DAG(s) dict_keys(['tutorial_taskflow_api']) retrieved from /home/humbulani/miniconda3/envs/apache-airflow/lib/python3.8/site-packages/airflow/example_dags/tutorial_taskflow_api.py
[2023-03-26T22:07:58.300+0200] {logging_mixin.py:137} INFO - [2023-03-26T22:07:58.300+0200] {dag.py:2693} INFO - Sync 1 DAGs
[2023-03-26T22:07:58.318+0200] {logging_mixin.py:137} INFO - [2023-03-26T22:07:58.318+0200] {dag.py:3440} INFO - Setting next_dagrun for tutorial_taskflow_api to None, run_after=None
[2023-03-26T22:07:58.386+0200] {processor.py:175} INFO - Processing /home/humbulani/miniconda3/envs/apache-airflow/lib/python3.8/site-packages/airflow/example_dags/tutorial_taskflow_api.py took 0.129 seconds
[2023-03-26T22:08:42.057+0200] {processor.py:153} INFO - Started process (PID=19065) to work on /home/humbulani/miniconda3/envs/apache-airflow/lib/python3.8/site-packages/airflow/example_dags/tutorial_taskflow_api.py
[2023-03-26T22:08:42.068+0200] {processor.py:743} INFO - Processing file /home/humbulani/miniconda3/envs/apache-airflow/lib/python3.8/site-packages/airflow/example_dags/tutorial_taskflow_api.py for tasks to queue
[2023-03-26T22:08:42.069+0200] {logging_mixin.py:137} INFO - [2023-03-26T22:08:42.069+0200] {dagbag.py:532} INFO - Filling up the DagBag from /home/humbulani/miniconda3/envs/apache-airflow/lib/python3.8/site-packages/airflow/example_dags/tutorial_taskflow_api.py
[2023-03-26T22:08:42.095+0200] {processor.py:753} INFO - DAG(s) dict_keys(['tutorial_taskflow_api']) retrieved from /home/humbulani/miniconda3/envs/apache-airflow/lib/python3.8/site-packages/airflow/example_dags/tutorial_taskflow_api.py
[2023-03-26T22:08:42.117+0200] {logging_mixin.py:137} INFO - [2023-03-26T22:08:42.117+0200] {dag.py:2693} INFO - Sync 1 DAGs
[2023-03-26T22:08:42.140+0200] {logging_mixin.py:137} INFO - [2023-03-26T22:08:42.140+0200] {dag.py:3440} INFO - Setting next_dagrun for tutorial_taskflow_api to None, run_after=None
[2023-03-26T22:08:42.238+0200] {processor.py:175} INFO - Processing /home/humbulani/miniconda3/envs/apache-airflow/lib/python3.8/site-packages/airflow/example_dags/tutorial_taskflow_api.py took 0.184 seconds
[2023-03-26T22:09:32.054+0200] {processor.py:153} INFO - Started process (PID=19148) to work on /home/humbulani/miniconda3/envs/apache-airflow/lib/python3.8/site-packages/airflow/example_dags/tutorial_taskflow_api.py
[2023-03-26T22:09:32.055+0200] {processor.py:743} INFO - Processing file /home/humbulani/miniconda3/envs/apache-airflow/lib/python3.8/site-packages/airflow/example_dags/tutorial_taskflow_api.py for tasks to queue
[2023-03-26T22:09:32.055+0200] {logging_mixin.py:137} INFO - [2023-03-26T22:09:32.055+0200] {dagbag.py:532} INFO - Filling up the DagBag from /home/humbulani/miniconda3/envs/apache-airflow/lib/python3.8/site-packages/airflow/example_dags/tutorial_taskflow_api.py
[2023-03-26T22:09:32.074+0200] {processor.py:753} INFO - DAG(s) dict_keys(['tutorial_taskflow_api']) retrieved from /home/humbulani/miniconda3/envs/apache-airflow/lib/python3.8/site-packages/airflow/example_dags/tutorial_taskflow_api.py
[2023-03-26T22:09:32.091+0200] {logging_mixin.py:137} INFO - [2023-03-26T22:09:32.091+0200] {dag.py:2693} INFO - Sync 1 DAGs
[2023-03-26T22:09:32.108+0200] {logging_mixin.py:137} INFO - [2023-03-26T22:09:32.108+0200] {dag.py:3440} INFO - Setting next_dagrun for tutorial_taskflow_api to None, run_after=None
[2023-03-26T22:09:32.180+0200] {processor.py:175} INFO - Processing /home/humbulani/miniconda3/envs/apache-airflow/lib/python3.8/site-packages/airflow/example_dags/tutorial_taskflow_api.py took 0.129 seconds
[2023-03-26T22:10:16.227+0200] {processor.py:153} INFO - Started process (PID=19193) to work on /home/humbulani/miniconda3/envs/apache-airflow/lib/python3.8/site-packages/airflow/example_dags/tutorial_taskflow_api.py
[2023-03-26T22:10:16.228+0200] {processor.py:743} INFO - Processing file /home/humbulani/miniconda3/envs/apache-airflow/lib/python3.8/site-packages/airflow/example_dags/tutorial_taskflow_api.py for tasks to queue
[2023-03-26T22:10:16.229+0200] {logging_mixin.py:137} INFO - [2023-03-26T22:10:16.228+0200] {dagbag.py:532} INFO - Filling up the DagBag from /home/humbulani/miniconda3/envs/apache-airflow/lib/python3.8/site-packages/airflow/example_dags/tutorial_taskflow_api.py
[2023-03-26T22:10:16.248+0200] {processor.py:753} INFO - DAG(s) dict_keys(['tutorial_taskflow_api']) retrieved from /home/humbulani/miniconda3/envs/apache-airflow/lib/python3.8/site-packages/airflow/example_dags/tutorial_taskflow_api.py
[2023-03-26T22:10:16.265+0200] {logging_mixin.py:137} INFO - [2023-03-26T22:10:16.265+0200] {dag.py:2693} INFO - Sync 1 DAGs
[2023-03-26T22:10:16.282+0200] {logging_mixin.py:137} INFO - [2023-03-26T22:10:16.282+0200] {dag.py:3440} INFO - Setting next_dagrun for tutorial_taskflow_api to None, run_after=None
[2023-03-26T22:10:16.352+0200] {processor.py:175} INFO - Processing /home/humbulani/miniconda3/envs/apache-airflow/lib/python3.8/site-packages/airflow/example_dags/tutorial_taskflow_api.py took 0.127 seconds
[2023-03-26T22:11:01.124+0200] {processor.py:153} INFO - Started process (PID=19320) to work on /home/humbulani/miniconda3/envs/apache-airflow/lib/python3.8/site-packages/airflow/example_dags/tutorial_taskflow_api.py
[2023-03-26T22:11:01.134+0200] {processor.py:743} INFO - Processing file /home/humbulani/miniconda3/envs/apache-airflow/lib/python3.8/site-packages/airflow/example_dags/tutorial_taskflow_api.py for tasks to queue
[2023-03-26T22:11:01.134+0200] {logging_mixin.py:137} INFO - [2023-03-26T22:11:01.134+0200] {dagbag.py:532} INFO - Filling up the DagBag from /home/humbulani/miniconda3/envs/apache-airflow/lib/python3.8/site-packages/airflow/example_dags/tutorial_taskflow_api.py
[2023-03-26T22:11:01.155+0200] {processor.py:753} INFO - DAG(s) dict_keys(['tutorial_taskflow_api']) retrieved from /home/humbulani/miniconda3/envs/apache-airflow/lib/python3.8/site-packages/airflow/example_dags/tutorial_taskflow_api.py
[2023-03-26T22:11:01.172+0200] {logging_mixin.py:137} INFO - [2023-03-26T22:11:01.172+0200] {dag.py:2693} INFO - Sync 1 DAGs
[2023-03-26T22:11:01.189+0200] {logging_mixin.py:137} INFO - [2023-03-26T22:11:01.189+0200] {dag.py:3440} INFO - Setting next_dagrun for tutorial_taskflow_api to None, run_after=None
[2023-03-26T22:11:01.265+0200] {processor.py:175} INFO - Processing /home/humbulani/miniconda3/envs/apache-airflow/lib/python3.8/site-packages/airflow/example_dags/tutorial_taskflow_api.py took 0.144 seconds
[2023-03-26T22:11:49.228+0200] {processor.py:153} INFO - Started process (PID=19363) to work on /home/humbulani/miniconda3/envs/apache-airflow/lib/python3.8/site-packages/airflow/example_dags/tutorial_taskflow_api.py
[2023-03-26T22:11:49.242+0200] {processor.py:743} INFO - Processing file /home/humbulani/miniconda3/envs/apache-airflow/lib/python3.8/site-packages/airflow/example_dags/tutorial_taskflow_api.py for tasks to queue
[2023-03-26T22:11:49.243+0200] {logging_mixin.py:137} INFO - [2023-03-26T22:11:49.242+0200] {dagbag.py:532} INFO - Filling up the DagBag from /home/humbulani/miniconda3/envs/apache-airflow/lib/python3.8/site-packages/airflow/example_dags/tutorial_taskflow_api.py
[2023-03-26T22:11:49.263+0200] {processor.py:753} INFO - DAG(s) dict_keys(['tutorial_taskflow_api']) retrieved from /home/humbulani/miniconda3/envs/apache-airflow/lib/python3.8/site-packages/airflow/example_dags/tutorial_taskflow_api.py
[2023-03-26T22:11:49.283+0200] {logging_mixin.py:137} INFO - [2023-03-26T22:11:49.283+0200] {dag.py:2693} INFO - Sync 1 DAGs
[2023-03-26T22:11:49.300+0200] {logging_mixin.py:137} INFO - [2023-03-26T22:11:49.300+0200] {dag.py:3440} INFO - Setting next_dagrun for tutorial_taskflow_api to None, run_after=None
[2023-03-26T22:11:49.383+0200] {processor.py:175} INFO - Processing /home/humbulani/miniconda3/envs/apache-airflow/lib/python3.8/site-packages/airflow/example_dags/tutorial_taskflow_api.py took 0.158 seconds
[2023-03-26T22:12:32.990+0200] {processor.py:153} INFO - Started process (PID=19415) to work on /home/humbulani/miniconda3/envs/apache-airflow/lib/python3.8/site-packages/airflow/example_dags/tutorial_taskflow_api.py
[2023-03-26T22:12:32.996+0200] {processor.py:743} INFO - Processing file /home/humbulani/miniconda3/envs/apache-airflow/lib/python3.8/site-packages/airflow/example_dags/tutorial_taskflow_api.py for tasks to queue
[2023-03-26T22:12:32.997+0200] {logging_mixin.py:137} INFO - [2023-03-26T22:12:32.997+0200] {dagbag.py:532} INFO - Filling up the DagBag from /home/humbulani/miniconda3/envs/apache-airflow/lib/python3.8/site-packages/airflow/example_dags/tutorial_taskflow_api.py
[2023-03-26T22:12:33.020+0200] {processor.py:753} INFO - DAG(s) dict_keys(['tutorial_taskflow_api']) retrieved from /home/humbulani/miniconda3/envs/apache-airflow/lib/python3.8/site-packages/airflow/example_dags/tutorial_taskflow_api.py
[2023-03-26T22:12:33.037+0200] {logging_mixin.py:137} INFO - [2023-03-26T22:12:33.037+0200] {dag.py:2693} INFO - Sync 1 DAGs
[2023-03-26T22:12:33.055+0200] {logging_mixin.py:137} INFO - [2023-03-26T22:12:33.055+0200] {dag.py:3440} INFO - Setting next_dagrun for tutorial_taskflow_api to None, run_after=None
[2023-03-26T22:12:33.216+0200] {processor.py:175} INFO - Processing /home/humbulani/miniconda3/envs/apache-airflow/lib/python3.8/site-packages/airflow/example_dags/tutorial_taskflow_api.py took 0.229 seconds
[2023-03-26T22:13:20.013+0200] {processor.py:153} INFO - Started process (PID=19517) to work on /home/humbulani/miniconda3/envs/apache-airflow/lib/python3.8/site-packages/airflow/example_dags/tutorial_taskflow_api.py
[2023-03-26T22:13:20.026+0200] {processor.py:743} INFO - Processing file /home/humbulani/miniconda3/envs/apache-airflow/lib/python3.8/site-packages/airflow/example_dags/tutorial_taskflow_api.py for tasks to queue
[2023-03-26T22:13:20.027+0200] {logging_mixin.py:137} INFO - [2023-03-26T22:13:20.027+0200] {dagbag.py:532} INFO - Filling up the DagBag from /home/humbulani/miniconda3/envs/apache-airflow/lib/python3.8/site-packages/airflow/example_dags/tutorial_taskflow_api.py
[2023-03-26T22:13:20.051+0200] {processor.py:753} INFO - DAG(s) dict_keys(['tutorial_taskflow_api']) retrieved from /home/humbulani/miniconda3/envs/apache-airflow/lib/python3.8/site-packages/airflow/example_dags/tutorial_taskflow_api.py
[2023-03-26T22:13:20.071+0200] {logging_mixin.py:137} INFO - [2023-03-26T22:13:20.071+0200] {dag.py:2693} INFO - Sync 1 DAGs
[2023-03-26T22:13:20.089+0200] {logging_mixin.py:137} INFO - [2023-03-26T22:13:20.089+0200] {dag.py:3440} INFO - Setting next_dagrun for tutorial_taskflow_api to None, run_after=None
[2023-03-26T22:13:20.155+0200] {processor.py:175} INFO - Processing /home/humbulani/miniconda3/envs/apache-airflow/lib/python3.8/site-packages/airflow/example_dags/tutorial_taskflow_api.py took 0.146 seconds
[2023-03-26T22:14:06.948+0200] {processor.py:153} INFO - Started process (PID=19562) to work on /home/humbulani/miniconda3/envs/apache-airflow/lib/python3.8/site-packages/airflow/example_dags/tutorial_taskflow_api.py
[2023-03-26T22:14:06.956+0200] {processor.py:743} INFO - Processing file /home/humbulani/miniconda3/envs/apache-airflow/lib/python3.8/site-packages/airflow/example_dags/tutorial_taskflow_api.py for tasks to queue
[2023-03-26T22:14:06.957+0200] {logging_mixin.py:137} INFO - [2023-03-26T22:14:06.957+0200] {dagbag.py:532} INFO - Filling up the DagBag from /home/humbulani/miniconda3/envs/apache-airflow/lib/python3.8/site-packages/airflow/example_dags/tutorial_taskflow_api.py
[2023-03-26T22:14:06.981+0200] {processor.py:753} INFO - DAG(s) dict_keys(['tutorial_taskflow_api']) retrieved from /home/humbulani/miniconda3/envs/apache-airflow/lib/python3.8/site-packages/airflow/example_dags/tutorial_taskflow_api.py
[2023-03-26T22:14:06.999+0200] {logging_mixin.py:137} INFO - [2023-03-26T22:14:06.998+0200] {dag.py:2693} INFO - Sync 1 DAGs
[2023-03-26T22:14:07.015+0200] {logging_mixin.py:137} INFO - [2023-03-26T22:14:07.015+0200] {dag.py:3440} INFO - Setting next_dagrun for tutorial_taskflow_api to None, run_after=None
[2023-03-26T22:14:07.077+0200] {processor.py:175} INFO - Processing /home/humbulani/miniconda3/envs/apache-airflow/lib/python3.8/site-packages/airflow/example_dags/tutorial_taskflow_api.py took 0.131 seconds
[2023-03-26T22:14:53.288+0200] {processor.py:153} INFO - Started process (PID=19604) to work on /home/humbulani/miniconda3/envs/apache-airflow/lib/python3.8/site-packages/airflow/example_dags/tutorial_taskflow_api.py
[2023-03-26T22:14:53.311+0200] {processor.py:743} INFO - Processing file /home/humbulani/miniconda3/envs/apache-airflow/lib/python3.8/site-packages/airflow/example_dags/tutorial_taskflow_api.py for tasks to queue
[2023-03-26T22:14:53.312+0200] {logging_mixin.py:137} INFO - [2023-03-26T22:14:53.312+0200] {dagbag.py:532} INFO - Filling up the DagBag from /home/humbulani/miniconda3/envs/apache-airflow/lib/python3.8/site-packages/airflow/example_dags/tutorial_taskflow_api.py
[2023-03-26T22:14:53.331+0200] {processor.py:753} INFO - DAG(s) dict_keys(['tutorial_taskflow_api']) retrieved from /home/humbulani/miniconda3/envs/apache-airflow/lib/python3.8/site-packages/airflow/example_dags/tutorial_taskflow_api.py
[2023-03-26T22:14:53.347+0200] {logging_mixin.py:137} INFO - [2023-03-26T22:14:53.347+0200] {dag.py:2693} INFO - Sync 1 DAGs
[2023-03-26T22:14:53.364+0200] {logging_mixin.py:137} INFO - [2023-03-26T22:14:53.364+0200] {dag.py:3440} INFO - Setting next_dagrun for tutorial_taskflow_api to None, run_after=None
[2023-03-26T22:14:53.431+0200] {processor.py:175} INFO - Processing /home/humbulani/miniconda3/envs/apache-airflow/lib/python3.8/site-packages/airflow/example_dags/tutorial_taskflow_api.py took 0.146 seconds
[2023-03-26T22:15:41.124+0200] {processor.py:153} INFO - Started process (PID=19714) to work on /home/humbulani/miniconda3/envs/apache-airflow/lib/python3.8/site-packages/airflow/example_dags/tutorial_taskflow_api.py
[2023-03-26T22:15:41.149+0200] {processor.py:743} INFO - Processing file /home/humbulani/miniconda3/envs/apache-airflow/lib/python3.8/site-packages/airflow/example_dags/tutorial_taskflow_api.py for tasks to queue
[2023-03-26T22:15:41.150+0200] {logging_mixin.py:137} INFO - [2023-03-26T22:15:41.150+0200] {dagbag.py:532} INFO - Filling up the DagBag from /home/humbulani/miniconda3/envs/apache-airflow/lib/python3.8/site-packages/airflow/example_dags/tutorial_taskflow_api.py
[2023-03-26T22:15:41.169+0200] {processor.py:753} INFO - DAG(s) dict_keys(['tutorial_taskflow_api']) retrieved from /home/humbulani/miniconda3/envs/apache-airflow/lib/python3.8/site-packages/airflow/example_dags/tutorial_taskflow_api.py
[2023-03-26T22:15:41.185+0200] {logging_mixin.py:137} INFO - [2023-03-26T22:15:41.185+0200] {dag.py:2693} INFO - Sync 1 DAGs
[2023-03-26T22:15:41.202+0200] {logging_mixin.py:137} INFO - [2023-03-26T22:15:41.201+0200] {dag.py:3440} INFO - Setting next_dagrun for tutorial_taskflow_api to None, run_after=None
[2023-03-26T22:15:41.333+0200] {processor.py:175} INFO - Processing /home/humbulani/miniconda3/envs/apache-airflow/lib/python3.8/site-packages/airflow/example_dags/tutorial_taskflow_api.py took 0.211 seconds
[2023-03-26T22:16:29.628+0200] {processor.py:153} INFO - Started process (PID=19825) to work on /home/humbulani/miniconda3/envs/apache-airflow/lib/python3.8/site-packages/airflow/example_dags/tutorial_taskflow_api.py
[2023-03-26T22:16:29.645+0200] {processor.py:743} INFO - Processing file /home/humbulani/miniconda3/envs/apache-airflow/lib/python3.8/site-packages/airflow/example_dags/tutorial_taskflow_api.py for tasks to queue
[2023-03-26T22:16:29.646+0200] {logging_mixin.py:137} INFO - [2023-03-26T22:16:29.645+0200] {dagbag.py:532} INFO - Filling up the DagBag from /home/humbulani/miniconda3/envs/apache-airflow/lib/python3.8/site-packages/airflow/example_dags/tutorial_taskflow_api.py
[2023-03-26T22:16:29.668+0200] {processor.py:753} INFO - DAG(s) dict_keys(['tutorial_taskflow_api']) retrieved from /home/humbulani/miniconda3/envs/apache-airflow/lib/python3.8/site-packages/airflow/example_dags/tutorial_taskflow_api.py
[2023-03-26T22:16:29.685+0200] {logging_mixin.py:137} INFO - [2023-03-26T22:16:29.684+0200] {dag.py:2693} INFO - Sync 1 DAGs
[2023-03-26T22:16:29.702+0200] {logging_mixin.py:137} INFO - [2023-03-26T22:16:29.702+0200] {dag.py:3440} INFO - Setting next_dagrun for tutorial_taskflow_api to None, run_after=None
[2023-03-26T22:16:29.774+0200] {processor.py:175} INFO - Processing /home/humbulani/miniconda3/envs/apache-airflow/lib/python3.8/site-packages/airflow/example_dags/tutorial_taskflow_api.py took 0.149 seconds
[2023-03-26T22:17:20.143+0200] {processor.py:153} INFO - Started process (PID=19872) to work on /home/humbulani/miniconda3/envs/apache-airflow/lib/python3.8/site-packages/airflow/example_dags/tutorial_taskflow_api.py
[2023-03-26T22:17:20.158+0200] {processor.py:743} INFO - Processing file /home/humbulani/miniconda3/envs/apache-airflow/lib/python3.8/site-packages/airflow/example_dags/tutorial_taskflow_api.py for tasks to queue
[2023-03-26T22:17:20.159+0200] {logging_mixin.py:137} INFO - [2023-03-26T22:17:20.159+0200] {dagbag.py:532} INFO - Filling up the DagBag from /home/humbulani/miniconda3/envs/apache-airflow/lib/python3.8/site-packages/airflow/example_dags/tutorial_taskflow_api.py
[2023-03-26T22:17:20.179+0200] {processor.py:753} INFO - DAG(s) dict_keys(['tutorial_taskflow_api']) retrieved from /home/humbulani/miniconda3/envs/apache-airflow/lib/python3.8/site-packages/airflow/example_dags/tutorial_taskflow_api.py
[2023-03-26T22:17:20.196+0200] {logging_mixin.py:137} INFO - [2023-03-26T22:17:20.196+0200] {dag.py:2693} INFO - Sync 1 DAGs
[2023-03-26T22:17:20.214+0200] {logging_mixin.py:137} INFO - [2023-03-26T22:17:20.214+0200] {dag.py:3440} INFO - Setting next_dagrun for tutorial_taskflow_api to None, run_after=None
[2023-03-26T22:17:20.279+0200] {processor.py:175} INFO - Processing /home/humbulani/miniconda3/envs/apache-airflow/lib/python3.8/site-packages/airflow/example_dags/tutorial_taskflow_api.py took 0.139 seconds
[2023-03-26T22:18:02.580+0200] {processor.py:153} INFO - Started process (PID=19929) to work on /home/humbulani/miniconda3/envs/apache-airflow/lib/python3.8/site-packages/airflow/example_dags/tutorial_taskflow_api.py
[2023-03-26T22:18:02.587+0200] {processor.py:743} INFO - Processing file /home/humbulani/miniconda3/envs/apache-airflow/lib/python3.8/site-packages/airflow/example_dags/tutorial_taskflow_api.py for tasks to queue
[2023-03-26T22:18:02.588+0200] {logging_mixin.py:137} INFO - [2023-03-26T22:18:02.588+0200] {dagbag.py:532} INFO - Filling up the DagBag from /home/humbulani/miniconda3/envs/apache-airflow/lib/python3.8/site-packages/airflow/example_dags/tutorial_taskflow_api.py
[2023-03-26T22:18:02.611+0200] {processor.py:753} INFO - DAG(s) dict_keys(['tutorial_taskflow_api']) retrieved from /home/humbulani/miniconda3/envs/apache-airflow/lib/python3.8/site-packages/airflow/example_dags/tutorial_taskflow_api.py
[2023-03-26T22:18:02.628+0200] {logging_mixin.py:137} INFO - [2023-03-26T22:18:02.628+0200] {dag.py:2693} INFO - Sync 1 DAGs
[2023-03-26T22:18:02.645+0200] {logging_mixin.py:137} INFO - [2023-03-26T22:18:02.645+0200] {dag.py:3440} INFO - Setting next_dagrun for tutorial_taskflow_api to None, run_after=None
[2023-03-26T22:18:02.717+0200] {processor.py:175} INFO - Processing /home/humbulani/miniconda3/envs/apache-airflow/lib/python3.8/site-packages/airflow/example_dags/tutorial_taskflow_api.py took 0.140 seconds
[2023-03-26T22:18:46.677+0200] {processor.py:153} INFO - Started process (PID=20030) to work on /home/humbulani/miniconda3/envs/apache-airflow/lib/python3.8/site-packages/airflow/example_dags/tutorial_taskflow_api.py
[2023-03-26T22:18:46.697+0200] {processor.py:743} INFO - Processing file /home/humbulani/miniconda3/envs/apache-airflow/lib/python3.8/site-packages/airflow/example_dags/tutorial_taskflow_api.py for tasks to queue
[2023-03-26T22:18:46.697+0200] {logging_mixin.py:137} INFO - [2023-03-26T22:18:46.697+0200] {dagbag.py:532} INFO - Filling up the DagBag from /home/humbulani/miniconda3/envs/apache-airflow/lib/python3.8/site-packages/airflow/example_dags/tutorial_taskflow_api.py
[2023-03-26T22:18:46.717+0200] {processor.py:753} INFO - DAG(s) dict_keys(['tutorial_taskflow_api']) retrieved from /home/humbulani/miniconda3/envs/apache-airflow/lib/python3.8/site-packages/airflow/example_dags/tutorial_taskflow_api.py
[2023-03-26T22:18:46.733+0200] {logging_mixin.py:137} INFO - [2023-03-26T22:18:46.733+0200] {dag.py:2693} INFO - Sync 1 DAGs
[2023-03-26T22:18:46.751+0200] {logging_mixin.py:137} INFO - [2023-03-26T22:18:46.751+0200] {dag.py:3440} INFO - Setting next_dagrun for tutorial_taskflow_api to None, run_after=None
[2023-03-26T22:18:46.821+0200] {processor.py:175} INFO - Processing /home/humbulani/miniconda3/envs/apache-airflow/lib/python3.8/site-packages/airflow/example_dags/tutorial_taskflow_api.py took 0.146 seconds
[2023-03-26T22:19:33.078+0200] {processor.py:153} INFO - Started process (PID=20138) to work on /home/humbulani/miniconda3/envs/apache-airflow/lib/python3.8/site-packages/airflow/example_dags/tutorial_taskflow_api.py
[2023-03-26T22:19:33.085+0200] {processor.py:743} INFO - Processing file /home/humbulani/miniconda3/envs/apache-airflow/lib/python3.8/site-packages/airflow/example_dags/tutorial_taskflow_api.py for tasks to queue
[2023-03-26T22:19:33.085+0200] {logging_mixin.py:137} INFO - [2023-03-26T22:19:33.085+0200] {dagbag.py:532} INFO - Filling up the DagBag from /home/humbulani/miniconda3/envs/apache-airflow/lib/python3.8/site-packages/airflow/example_dags/tutorial_taskflow_api.py
[2023-03-26T22:19:33.112+0200] {processor.py:753} INFO - DAG(s) dict_keys(['tutorial_taskflow_api']) retrieved from /home/humbulani/miniconda3/envs/apache-airflow/lib/python3.8/site-packages/airflow/example_dags/tutorial_taskflow_api.py
[2023-03-26T22:19:33.132+0200] {logging_mixin.py:137} INFO - [2023-03-26T22:19:33.132+0200] {dag.py:2693} INFO - Sync 1 DAGs
[2023-03-26T22:19:33.152+0200] {logging_mixin.py:137} INFO - [2023-03-26T22:19:33.152+0200] {dag.py:3440} INFO - Setting next_dagrun for tutorial_taskflow_api to None, run_after=None
[2023-03-26T22:19:33.226+0200] {processor.py:175} INFO - Processing /home/humbulani/miniconda3/envs/apache-airflow/lib/python3.8/site-packages/airflow/example_dags/tutorial_taskflow_api.py took 0.151 seconds
[2023-03-26T22:20:16.878+0200] {processor.py:153} INFO - Started process (PID=20184) to work on /home/humbulani/miniconda3/envs/apache-airflow/lib/python3.8/site-packages/airflow/example_dags/tutorial_taskflow_api.py
[2023-03-26T22:20:16.891+0200] {processor.py:743} INFO - Processing file /home/humbulani/miniconda3/envs/apache-airflow/lib/python3.8/site-packages/airflow/example_dags/tutorial_taskflow_api.py for tasks to queue
[2023-03-26T22:20:16.891+0200] {logging_mixin.py:137} INFO - [2023-03-26T22:20:16.891+0200] {dagbag.py:532} INFO - Filling up the DagBag from /home/humbulani/miniconda3/envs/apache-airflow/lib/python3.8/site-packages/airflow/example_dags/tutorial_taskflow_api.py
[2023-03-26T22:20:16.914+0200] {processor.py:753} INFO - DAG(s) dict_keys(['tutorial_taskflow_api']) retrieved from /home/humbulani/miniconda3/envs/apache-airflow/lib/python3.8/site-packages/airflow/example_dags/tutorial_taskflow_api.py
[2023-03-26T22:20:16.930+0200] {logging_mixin.py:137} INFO - [2023-03-26T22:20:16.930+0200] {dag.py:2693} INFO - Sync 1 DAGs
[2023-03-26T22:20:16.948+0200] {logging_mixin.py:137} INFO - [2023-03-26T22:20:16.948+0200] {dag.py:3440} INFO - Setting next_dagrun for tutorial_taskflow_api to None, run_after=None
[2023-03-26T22:20:17.021+0200] {processor.py:175} INFO - Processing /home/humbulani/miniconda3/envs/apache-airflow/lib/python3.8/site-packages/airflow/example_dags/tutorial_taskflow_api.py took 0.145 seconds
[2023-03-26T22:21:01.612+0200] {processor.py:153} INFO - Started process (PID=20271) to work on /home/humbulani/miniconda3/envs/apache-airflow/lib/python3.8/site-packages/airflow/example_dags/tutorial_taskflow_api.py
[2023-03-26T22:21:01.620+0200] {processor.py:743} INFO - Processing file /home/humbulani/miniconda3/envs/apache-airflow/lib/python3.8/site-packages/airflow/example_dags/tutorial_taskflow_api.py for tasks to queue
[2023-03-26T22:21:01.621+0200] {logging_mixin.py:137} INFO - [2023-03-26T22:21:01.620+0200] {dagbag.py:532} INFO - Filling up the DagBag from /home/humbulani/miniconda3/envs/apache-airflow/lib/python3.8/site-packages/airflow/example_dags/tutorial_taskflow_api.py
[2023-03-26T22:21:01.641+0200] {processor.py:753} INFO - DAG(s) dict_keys(['tutorial_taskflow_api']) retrieved from /home/humbulani/miniconda3/envs/apache-airflow/lib/python3.8/site-packages/airflow/example_dags/tutorial_taskflow_api.py
[2023-03-26T22:21:01.657+0200] {logging_mixin.py:137} INFO - [2023-03-26T22:21:01.657+0200] {dag.py:2693} INFO - Sync 1 DAGs
[2023-03-26T22:21:01.674+0200] {logging_mixin.py:137} INFO - [2023-03-26T22:21:01.674+0200] {dag.py:3440} INFO - Setting next_dagrun for tutorial_taskflow_api to None, run_after=None
[2023-03-26T22:21:01.750+0200] {processor.py:175} INFO - Processing /home/humbulani/miniconda3/envs/apache-airflow/lib/python3.8/site-packages/airflow/example_dags/tutorial_taskflow_api.py took 0.141 seconds
[2023-03-26T22:21:47.004+0200] {processor.py:153} INFO - Started process (PID=20318) to work on /home/humbulani/miniconda3/envs/apache-airflow/lib/python3.8/site-packages/airflow/example_dags/tutorial_taskflow_api.py
[2023-03-26T22:21:47.016+0200] {processor.py:743} INFO - Processing file /home/humbulani/miniconda3/envs/apache-airflow/lib/python3.8/site-packages/airflow/example_dags/tutorial_taskflow_api.py for tasks to queue
[2023-03-26T22:21:47.016+0200] {logging_mixin.py:137} INFO - [2023-03-26T22:21:47.016+0200] {dagbag.py:532} INFO - Filling up the DagBag from /home/humbulani/miniconda3/envs/apache-airflow/lib/python3.8/site-packages/airflow/example_dags/tutorial_taskflow_api.py
[2023-03-26T22:21:47.038+0200] {processor.py:753} INFO - DAG(s) dict_keys(['tutorial_taskflow_api']) retrieved from /home/humbulani/miniconda3/envs/apache-airflow/lib/python3.8/site-packages/airflow/example_dags/tutorial_taskflow_api.py
[2023-03-26T22:21:47.055+0200] {logging_mixin.py:137} INFO - [2023-03-26T22:21:47.055+0200] {dag.py:2693} INFO - Sync 1 DAGs
[2023-03-26T22:21:47.071+0200] {logging_mixin.py:137} INFO - [2023-03-26T22:21:47.071+0200] {dag.py:3440} INFO - Setting next_dagrun for tutorial_taskflow_api to None, run_after=None
[2023-03-26T22:21:47.138+0200] {processor.py:175} INFO - Processing /home/humbulani/miniconda3/envs/apache-airflow/lib/python3.8/site-packages/airflow/example_dags/tutorial_taskflow_api.py took 0.137 seconds
[2023-03-26T22:22:34.176+0200] {processor.py:153} INFO - Started process (PID=20361) to work on /home/humbulani/miniconda3/envs/apache-airflow/lib/python3.8/site-packages/airflow/example_dags/tutorial_taskflow_api.py
[2023-03-26T22:22:34.190+0200] {processor.py:743} INFO - Processing file /home/humbulani/miniconda3/envs/apache-airflow/lib/python3.8/site-packages/airflow/example_dags/tutorial_taskflow_api.py for tasks to queue
[2023-03-26T22:22:34.190+0200] {logging_mixin.py:137} INFO - [2023-03-26T22:22:34.190+0200] {dagbag.py:532} INFO - Filling up the DagBag from /home/humbulani/miniconda3/envs/apache-airflow/lib/python3.8/site-packages/airflow/example_dags/tutorial_taskflow_api.py
[2023-03-26T22:22:34.209+0200] {processor.py:753} INFO - DAG(s) dict_keys(['tutorial_taskflow_api']) retrieved from /home/humbulani/miniconda3/envs/apache-airflow/lib/python3.8/site-packages/airflow/example_dags/tutorial_taskflow_api.py
[2023-03-26T22:22:34.225+0200] {logging_mixin.py:137} INFO - [2023-03-26T22:22:34.225+0200] {dag.py:2693} INFO - Sync 1 DAGs
[2023-03-26T22:22:34.242+0200] {logging_mixin.py:137} INFO - [2023-03-26T22:22:34.242+0200] {dag.py:3440} INFO - Setting next_dagrun for tutorial_taskflow_api to None, run_after=None
[2023-03-26T22:22:34.309+0200] {processor.py:175} INFO - Processing /home/humbulani/miniconda3/envs/apache-airflow/lib/python3.8/site-packages/airflow/example_dags/tutorial_taskflow_api.py took 0.135 seconds
