[2023-03-26T21:39:05.800+0200] {processor.py:153} INFO - Started process (PID=16628) to work on /home/humbulani/miniconda3/envs/apache-airflow/lib/python3.8/site-packages/airflow/example_dags/subdags/subdag.py
[2023-03-26T21:39:05.801+0200] {processor.py:743} INFO - Processing file /home/humbulani/miniconda3/envs/apache-airflow/lib/python3.8/site-packages/airflow/example_dags/subdags/subdag.py for tasks to queue
[2023-03-26T21:39:05.802+0200] {logging_mixin.py:137} INFO - [2023-03-26T21:39:05.801+0200] {dagbag.py:532} INFO - Filling up the DagBag from /home/humbulani/miniconda3/envs/apache-airflow/lib/python3.8/site-packages/airflow/example_dags/subdags/subdag.py
[2023-03-26T21:39:05.804+0200] {processor.py:755} WARNING - No viable dags retrieved from /home/humbulani/miniconda3/envs/apache-airflow/lib/python3.8/site-packages/airflow/example_dags/subdags/subdag.py
[2023-03-26T21:39:05.811+0200] {processor.py:175} INFO - Processing /home/humbulani/miniconda3/envs/apache-airflow/lib/python3.8/site-packages/airflow/example_dags/subdags/subdag.py took 0.013 seconds
[2023-03-26T21:40:09.802+0200] {processor.py:153} INFO - Started process (PID=16686) to work on /home/humbulani/miniconda3/envs/apache-airflow/lib/python3.8/site-packages/airflow/example_dags/subdags/subdag.py
[2023-03-26T21:40:09.839+0200] {processor.py:743} INFO - Processing file /home/humbulani/miniconda3/envs/apache-airflow/lib/python3.8/site-packages/airflow/example_dags/subdags/subdag.py for tasks to queue
[2023-03-26T21:40:09.839+0200] {logging_mixin.py:137} INFO - [2023-03-26T21:40:09.839+0200] {dagbag.py:532} INFO - Filling up the DagBag from /home/humbulani/miniconda3/envs/apache-airflow/lib/python3.8/site-packages/airflow/example_dags/subdags/subdag.py
[2023-03-26T21:40:09.842+0200] {processor.py:755} WARNING - No viable dags retrieved from /home/humbulani/miniconda3/envs/apache-airflow/lib/python3.8/site-packages/airflow/example_dags/subdags/subdag.py
[2023-03-26T21:40:09.849+0200] {processor.py:175} INFO - Processing /home/humbulani/miniconda3/envs/apache-airflow/lib/python3.8/site-packages/airflow/example_dags/subdags/subdag.py took 0.049 seconds
[2023-03-26T21:40:59.778+0200] {processor.py:153} INFO - Started process (PID=16772) to work on /home/humbulani/miniconda3/envs/apache-airflow/lib/python3.8/site-packages/airflow/example_dags/subdags/subdag.py
[2023-03-26T21:40:59.779+0200] {processor.py:743} INFO - Processing file /home/humbulani/miniconda3/envs/apache-airflow/lib/python3.8/site-packages/airflow/example_dags/subdags/subdag.py for tasks to queue
[2023-03-26T21:40:59.779+0200] {logging_mixin.py:137} INFO - [2023-03-26T21:40:59.779+0200] {dagbag.py:532} INFO - Filling up the DagBag from /home/humbulani/miniconda3/envs/apache-airflow/lib/python3.8/site-packages/airflow/example_dags/subdags/subdag.py
[2023-03-26T21:40:59.782+0200] {processor.py:755} WARNING - No viable dags retrieved from /home/humbulani/miniconda3/envs/apache-airflow/lib/python3.8/site-packages/airflow/example_dags/subdags/subdag.py
[2023-03-26T21:40:59.790+0200] {processor.py:175} INFO - Processing /home/humbulani/miniconda3/envs/apache-airflow/lib/python3.8/site-packages/airflow/example_dags/subdags/subdag.py took 0.015 seconds
[2023-03-26T21:47:43.511+0200] {processor.py:153} INFO - Started process (PID=16817) to work on /home/humbulani/miniconda3/envs/apache-airflow/lib/python3.8/site-packages/airflow/example_dags/subdags/subdag.py
[2023-03-26T21:47:43.571+0200] {processor.py:743} INFO - Processing file /home/humbulani/miniconda3/envs/apache-airflow/lib/python3.8/site-packages/airflow/example_dags/subdags/subdag.py for tasks to queue
[2023-03-26T21:47:43.572+0200] {logging_mixin.py:137} INFO - [2023-03-26T21:47:43.572+0200] {dagbag.py:532} INFO - Filling up the DagBag from /home/humbulani/miniconda3/envs/apache-airflow/lib/python3.8/site-packages/airflow/example_dags/subdags/subdag.py
[2023-03-26T21:47:43.575+0200] {processor.py:755} WARNING - No viable dags retrieved from /home/humbulani/miniconda3/envs/apache-airflow/lib/python3.8/site-packages/airflow/example_dags/subdags/subdag.py
[2023-03-26T21:47:43.586+0200] {processor.py:175} INFO - Processing /home/humbulani/miniconda3/envs/apache-airflow/lib/python3.8/site-packages/airflow/example_dags/subdags/subdag.py took 0.077 seconds
[2023-03-26T21:48:31.802+0200] {processor.py:153} INFO - Started process (PID=16905) to work on /home/humbulani/miniconda3/envs/apache-airflow/lib/python3.8/site-packages/airflow/example_dags/subdags/subdag.py
[2023-03-26T21:48:31.841+0200] {processor.py:743} INFO - Processing file /home/humbulani/miniconda3/envs/apache-airflow/lib/python3.8/site-packages/airflow/example_dags/subdags/subdag.py for tasks to queue
[2023-03-26T21:48:31.842+0200] {logging_mixin.py:137} INFO - [2023-03-26T21:48:31.842+0200] {dagbag.py:532} INFO - Filling up the DagBag from /home/humbulani/miniconda3/envs/apache-airflow/lib/python3.8/site-packages/airflow/example_dags/subdags/subdag.py
[2023-03-26T21:48:31.845+0200] {processor.py:755} WARNING - No viable dags retrieved from /home/humbulani/miniconda3/envs/apache-airflow/lib/python3.8/site-packages/airflow/example_dags/subdags/subdag.py
[2023-03-26T21:48:31.851+0200] {processor.py:175} INFO - Processing /home/humbulani/miniconda3/envs/apache-airflow/lib/python3.8/site-packages/airflow/example_dags/subdags/subdag.py took 0.051 seconds
[2023-03-26T21:49:22.907+0200] {processor.py:153} INFO - Started process (PID=16947) to work on /home/humbulani/miniconda3/envs/apache-airflow/lib/python3.8/site-packages/airflow/example_dags/subdags/subdag.py
[2023-03-26T21:49:22.919+0200] {processor.py:743} INFO - Processing file /home/humbulani/miniconda3/envs/apache-airflow/lib/python3.8/site-packages/airflow/example_dags/subdags/subdag.py for tasks to queue
[2023-03-26T21:49:22.920+0200] {logging_mixin.py:137} INFO - [2023-03-26T21:49:22.920+0200] {dagbag.py:532} INFO - Filling up the DagBag from /home/humbulani/miniconda3/envs/apache-airflow/lib/python3.8/site-packages/airflow/example_dags/subdags/subdag.py
[2023-03-26T21:49:22.922+0200] {processor.py:755} WARNING - No viable dags retrieved from /home/humbulani/miniconda3/envs/apache-airflow/lib/python3.8/site-packages/airflow/example_dags/subdags/subdag.py
[2023-03-26T21:49:22.929+0200] {processor.py:175} INFO - Processing /home/humbulani/miniconda3/envs/apache-airflow/lib/python3.8/site-packages/airflow/example_dags/subdags/subdag.py took 0.025 seconds
[2023-03-26T21:50:06.790+0200] {processor.py:153} INFO - Started process (PID=16991) to work on /home/humbulani/miniconda3/envs/apache-airflow/lib/python3.8/site-packages/airflow/example_dags/subdags/subdag.py
[2023-03-26T21:50:06.822+0200] {processor.py:743} INFO - Processing file /home/humbulani/miniconda3/envs/apache-airflow/lib/python3.8/site-packages/airflow/example_dags/subdags/subdag.py for tasks to queue
[2023-03-26T21:50:06.822+0200] {logging_mixin.py:137} INFO - [2023-03-26T21:50:06.822+0200] {dagbag.py:532} INFO - Filling up the DagBag from /home/humbulani/miniconda3/envs/apache-airflow/lib/python3.8/site-packages/airflow/example_dags/subdags/subdag.py
[2023-03-26T21:50:06.825+0200] {processor.py:755} WARNING - No viable dags retrieved from /home/humbulani/miniconda3/envs/apache-airflow/lib/python3.8/site-packages/airflow/example_dags/subdags/subdag.py
[2023-03-26T21:50:06.832+0200] {processor.py:175} INFO - Processing /home/humbulani/miniconda3/envs/apache-airflow/lib/python3.8/site-packages/airflow/example_dags/subdags/subdag.py took 0.044 seconds
[2023-03-26T21:50:53.040+0200] {processor.py:153} INFO - Started process (PID=17034) to work on /home/humbulani/miniconda3/envs/apache-airflow/lib/python3.8/site-packages/airflow/example_dags/subdags/subdag.py
[2023-03-26T21:50:53.074+0200] {processor.py:743} INFO - Processing file /home/humbulani/miniconda3/envs/apache-airflow/lib/python3.8/site-packages/airflow/example_dags/subdags/subdag.py for tasks to queue
[2023-03-26T21:50:53.075+0200] {logging_mixin.py:137} INFO - [2023-03-26T21:50:53.075+0200] {dagbag.py:532} INFO - Filling up the DagBag from /home/humbulani/miniconda3/envs/apache-airflow/lib/python3.8/site-packages/airflow/example_dags/subdags/subdag.py
[2023-03-26T21:50:53.079+0200] {processor.py:755} WARNING - No viable dags retrieved from /home/humbulani/miniconda3/envs/apache-airflow/lib/python3.8/site-packages/airflow/example_dags/subdags/subdag.py
[2023-03-26T21:50:53.087+0200] {processor.py:175} INFO - Processing /home/humbulani/miniconda3/envs/apache-airflow/lib/python3.8/site-packages/airflow/example_dags/subdags/subdag.py took 0.049 seconds
[2023-03-26T21:51:37.533+0200] {processor.py:153} INFO - Started process (PID=17150) to work on /home/humbulani/miniconda3/envs/apache-airflow/lib/python3.8/site-packages/airflow/example_dags/subdags/subdag.py
[2023-03-26T21:51:37.550+0200] {processor.py:743} INFO - Processing file /home/humbulani/miniconda3/envs/apache-airflow/lib/python3.8/site-packages/airflow/example_dags/subdags/subdag.py for tasks to queue
[2023-03-26T21:51:37.550+0200] {logging_mixin.py:137} INFO - [2023-03-26T21:51:37.550+0200] {dagbag.py:532} INFO - Filling up the DagBag from /home/humbulani/miniconda3/envs/apache-airflow/lib/python3.8/site-packages/airflow/example_dags/subdags/subdag.py
[2023-03-26T21:51:37.553+0200] {processor.py:755} WARNING - No viable dags retrieved from /home/humbulani/miniconda3/envs/apache-airflow/lib/python3.8/site-packages/airflow/example_dags/subdags/subdag.py
[2023-03-26T21:51:37.561+0200] {processor.py:175} INFO - Processing /home/humbulani/miniconda3/envs/apache-airflow/lib/python3.8/site-packages/airflow/example_dags/subdags/subdag.py took 0.031 seconds
[2023-03-26T21:52:25.248+0200] {processor.py:153} INFO - Started process (PID=17194) to work on /home/humbulani/miniconda3/envs/apache-airflow/lib/python3.8/site-packages/airflow/example_dags/subdags/subdag.py
[2023-03-26T21:52:25.249+0200] {processor.py:743} INFO - Processing file /home/humbulani/miniconda3/envs/apache-airflow/lib/python3.8/site-packages/airflow/example_dags/subdags/subdag.py for tasks to queue
[2023-03-26T21:52:25.249+0200] {logging_mixin.py:137} INFO - [2023-03-26T21:52:25.249+0200] {dagbag.py:532} INFO - Filling up the DagBag from /home/humbulani/miniconda3/envs/apache-airflow/lib/python3.8/site-packages/airflow/example_dags/subdags/subdag.py
[2023-03-26T21:52:25.252+0200] {processor.py:755} WARNING - No viable dags retrieved from /home/humbulani/miniconda3/envs/apache-airflow/lib/python3.8/site-packages/airflow/example_dags/subdags/subdag.py
[2023-03-26T21:52:25.259+0200] {processor.py:175} INFO - Processing /home/humbulani/miniconda3/envs/apache-airflow/lib/python3.8/site-packages/airflow/example_dags/subdags/subdag.py took 0.014 seconds
[2023-03-26T21:53:14.479+0200] {processor.py:153} INFO - Started process (PID=17243) to work on /home/humbulani/miniconda3/envs/apache-airflow/lib/python3.8/site-packages/airflow/example_dags/subdags/subdag.py
[2023-03-26T21:53:14.514+0200] {processor.py:743} INFO - Processing file /home/humbulani/miniconda3/envs/apache-airflow/lib/python3.8/site-packages/airflow/example_dags/subdags/subdag.py for tasks to queue
[2023-03-26T21:53:14.515+0200] {logging_mixin.py:137} INFO - [2023-03-26T21:53:14.515+0200] {dagbag.py:532} INFO - Filling up the DagBag from /home/humbulani/miniconda3/envs/apache-airflow/lib/python3.8/site-packages/airflow/example_dags/subdags/subdag.py
[2023-03-26T21:53:14.518+0200] {processor.py:755} WARNING - No viable dags retrieved from /home/humbulani/miniconda3/envs/apache-airflow/lib/python3.8/site-packages/airflow/example_dags/subdags/subdag.py
[2023-03-26T21:53:14.527+0200] {processor.py:175} INFO - Processing /home/humbulani/miniconda3/envs/apache-airflow/lib/python3.8/site-packages/airflow/example_dags/subdags/subdag.py took 0.051 seconds
[2023-03-26T21:54:03.620+0200] {processor.py:153} INFO - Started process (PID=17293) to work on /home/humbulani/miniconda3/envs/apache-airflow/lib/python3.8/site-packages/airflow/example_dags/subdags/subdag.py
[2023-03-26T21:54:03.650+0200] {processor.py:743} INFO - Processing file /home/humbulani/miniconda3/envs/apache-airflow/lib/python3.8/site-packages/airflow/example_dags/subdags/subdag.py for tasks to queue
[2023-03-26T21:54:03.651+0200] {logging_mixin.py:137} INFO - [2023-03-26T21:54:03.651+0200] {dagbag.py:532} INFO - Filling up the DagBag from /home/humbulani/miniconda3/envs/apache-airflow/lib/python3.8/site-packages/airflow/example_dags/subdags/subdag.py
[2023-03-26T21:54:03.654+0200] {processor.py:755} WARNING - No viable dags retrieved from /home/humbulani/miniconda3/envs/apache-airflow/lib/python3.8/site-packages/airflow/example_dags/subdags/subdag.py
[2023-03-26T21:54:03.661+0200] {processor.py:175} INFO - Processing /home/humbulani/miniconda3/envs/apache-airflow/lib/python3.8/site-packages/airflow/example_dags/subdags/subdag.py took 0.043 seconds
[2023-03-26T21:54:52.736+0200] {processor.py:153} INFO - Started process (PID=17340) to work on /home/humbulani/miniconda3/envs/apache-airflow/lib/python3.8/site-packages/airflow/example_dags/subdags/subdag.py
[2023-03-26T21:54:52.752+0200] {processor.py:743} INFO - Processing file /home/humbulani/miniconda3/envs/apache-airflow/lib/python3.8/site-packages/airflow/example_dags/subdags/subdag.py for tasks to queue
[2023-03-26T21:54:52.753+0200] {logging_mixin.py:137} INFO - [2023-03-26T21:54:52.753+0200] {dagbag.py:532} INFO - Filling up the DagBag from /home/humbulani/miniconda3/envs/apache-airflow/lib/python3.8/site-packages/airflow/example_dags/subdags/subdag.py
[2023-03-26T21:54:52.756+0200] {processor.py:755} WARNING - No viable dags retrieved from /home/humbulani/miniconda3/envs/apache-airflow/lib/python3.8/site-packages/airflow/example_dags/subdags/subdag.py
[2023-03-26T21:54:52.765+0200] {processor.py:175} INFO - Processing /home/humbulani/miniconda3/envs/apache-airflow/lib/python3.8/site-packages/airflow/example_dags/subdags/subdag.py took 0.032 seconds
[2023-03-26T21:55:42.683+0200] {processor.py:153} INFO - Started process (PID=17382) to work on /home/humbulani/miniconda3/envs/apache-airflow/lib/python3.8/site-packages/airflow/example_dags/subdags/subdag.py
[2023-03-26T21:55:42.697+0200] {processor.py:743} INFO - Processing file /home/humbulani/miniconda3/envs/apache-airflow/lib/python3.8/site-packages/airflow/example_dags/subdags/subdag.py for tasks to queue
[2023-03-26T21:55:42.698+0200] {logging_mixin.py:137} INFO - [2023-03-26T21:55:42.698+0200] {dagbag.py:532} INFO - Filling up the DagBag from /home/humbulani/miniconda3/envs/apache-airflow/lib/python3.8/site-packages/airflow/example_dags/subdags/subdag.py
[2023-03-26T21:55:42.700+0200] {processor.py:755} WARNING - No viable dags retrieved from /home/humbulani/miniconda3/envs/apache-airflow/lib/python3.8/site-packages/airflow/example_dags/subdags/subdag.py
[2023-03-26T21:55:42.708+0200] {processor.py:175} INFO - Processing /home/humbulani/miniconda3/envs/apache-airflow/lib/python3.8/site-packages/airflow/example_dags/subdags/subdag.py took 0.027 seconds
[2023-03-26T21:56:30.925+0200] {processor.py:153} INFO - Started process (PID=17484) to work on /home/humbulani/miniconda3/envs/apache-airflow/lib/python3.8/site-packages/airflow/example_dags/subdags/subdag.py
[2023-03-26T21:56:30.926+0200] {processor.py:743} INFO - Processing file /home/humbulani/miniconda3/envs/apache-airflow/lib/python3.8/site-packages/airflow/example_dags/subdags/subdag.py for tasks to queue
[2023-03-26T21:56:30.927+0200] {logging_mixin.py:137} INFO - [2023-03-26T21:56:30.927+0200] {dagbag.py:532} INFO - Filling up the DagBag from /home/humbulani/miniconda3/envs/apache-airflow/lib/python3.8/site-packages/airflow/example_dags/subdags/subdag.py
[2023-03-26T21:56:30.929+0200] {processor.py:755} WARNING - No viable dags retrieved from /home/humbulani/miniconda3/envs/apache-airflow/lib/python3.8/site-packages/airflow/example_dags/subdags/subdag.py
[2023-03-26T21:56:30.937+0200] {processor.py:175} INFO - Processing /home/humbulani/miniconda3/envs/apache-airflow/lib/python3.8/site-packages/airflow/example_dags/subdags/subdag.py took 0.013 seconds
[2023-03-26T21:57:13.304+0200] {processor.py:153} INFO - Started process (PID=17566) to work on /home/humbulani/miniconda3/envs/apache-airflow/lib/python3.8/site-packages/airflow/example_dags/subdags/subdag.py
[2023-03-26T21:57:13.305+0200] {processor.py:743} INFO - Processing file /home/humbulani/miniconda3/envs/apache-airflow/lib/python3.8/site-packages/airflow/example_dags/subdags/subdag.py for tasks to queue
[2023-03-26T21:57:13.305+0200] {logging_mixin.py:137} INFO - [2023-03-26T21:57:13.305+0200] {dagbag.py:532} INFO - Filling up the DagBag from /home/humbulani/miniconda3/envs/apache-airflow/lib/python3.8/site-packages/airflow/example_dags/subdags/subdag.py
[2023-03-26T21:57:13.308+0200] {processor.py:755} WARNING - No viable dags retrieved from /home/humbulani/miniconda3/envs/apache-airflow/lib/python3.8/site-packages/airflow/example_dags/subdags/subdag.py
[2023-03-26T21:57:13.317+0200] {processor.py:175} INFO - Processing /home/humbulani/miniconda3/envs/apache-airflow/lib/python3.8/site-packages/airflow/example_dags/subdags/subdag.py took 0.016 seconds
[2023-03-26T21:57:59.102+0200] {processor.py:153} INFO - Started process (PID=17777) to work on /home/humbulani/miniconda3/envs/apache-airflow/lib/python3.8/site-packages/airflow/example_dags/subdags/subdag.py
[2023-03-26T21:57:59.113+0200] {processor.py:743} INFO - Processing file /home/humbulani/miniconda3/envs/apache-airflow/lib/python3.8/site-packages/airflow/example_dags/subdags/subdag.py for tasks to queue
[2023-03-26T21:57:59.114+0200] {logging_mixin.py:137} INFO - [2023-03-26T21:57:59.113+0200] {dagbag.py:532} INFO - Filling up the DagBag from /home/humbulani/miniconda3/envs/apache-airflow/lib/python3.8/site-packages/airflow/example_dags/subdags/subdag.py
[2023-03-26T21:57:59.116+0200] {processor.py:755} WARNING - No viable dags retrieved from /home/humbulani/miniconda3/envs/apache-airflow/lib/python3.8/site-packages/airflow/example_dags/subdags/subdag.py
[2023-03-26T21:57:59.125+0200] {processor.py:175} INFO - Processing /home/humbulani/miniconda3/envs/apache-airflow/lib/python3.8/site-packages/airflow/example_dags/subdags/subdag.py took 0.027 seconds
[2023-03-26T21:58:46.797+0200] {processor.py:153} INFO - Started process (PID=17895) to work on /home/humbulani/miniconda3/envs/apache-airflow/lib/python3.8/site-packages/airflow/example_dags/subdags/subdag.py
[2023-03-26T21:58:46.816+0200] {processor.py:743} INFO - Processing file /home/humbulani/miniconda3/envs/apache-airflow/lib/python3.8/site-packages/airflow/example_dags/subdags/subdag.py for tasks to queue
[2023-03-26T21:58:46.817+0200] {logging_mixin.py:137} INFO - [2023-03-26T21:58:46.817+0200] {dagbag.py:532} INFO - Filling up the DagBag from /home/humbulani/miniconda3/envs/apache-airflow/lib/python3.8/site-packages/airflow/example_dags/subdags/subdag.py
[2023-03-26T21:58:46.819+0200] {processor.py:755} WARNING - No viable dags retrieved from /home/humbulani/miniconda3/envs/apache-airflow/lib/python3.8/site-packages/airflow/example_dags/subdags/subdag.py
[2023-03-26T21:58:46.828+0200] {processor.py:175} INFO - Processing /home/humbulani/miniconda3/envs/apache-airflow/lib/python3.8/site-packages/airflow/example_dags/subdags/subdag.py took 0.034 seconds
[2023-03-26T21:59:34.515+0200] {processor.py:153} INFO - Started process (PID=18101) to work on /home/humbulani/miniconda3/envs/apache-airflow/lib/python3.8/site-packages/airflow/example_dags/subdags/subdag.py
[2023-03-26T21:59:34.520+0200] {processor.py:743} INFO - Processing file /home/humbulani/miniconda3/envs/apache-airflow/lib/python3.8/site-packages/airflow/example_dags/subdags/subdag.py for tasks to queue
[2023-03-26T21:59:34.520+0200] {logging_mixin.py:137} INFO - [2023-03-26T21:59:34.520+0200] {dagbag.py:532} INFO - Filling up the DagBag from /home/humbulani/miniconda3/envs/apache-airflow/lib/python3.8/site-packages/airflow/example_dags/subdags/subdag.py
[2023-03-26T21:59:34.524+0200] {processor.py:755} WARNING - No viable dags retrieved from /home/humbulani/miniconda3/envs/apache-airflow/lib/python3.8/site-packages/airflow/example_dags/subdags/subdag.py
[2023-03-26T21:59:34.533+0200] {processor.py:175} INFO - Processing /home/humbulani/miniconda3/envs/apache-airflow/lib/python3.8/site-packages/airflow/example_dags/subdags/subdag.py took 0.021 seconds
[2023-03-26T22:00:21.949+0200] {processor.py:153} INFO - Started process (PID=18163) to work on /home/humbulani/miniconda3/envs/apache-airflow/lib/python3.8/site-packages/airflow/example_dags/subdags/subdag.py
[2023-03-26T22:00:21.981+0200] {processor.py:743} INFO - Processing file /home/humbulani/miniconda3/envs/apache-airflow/lib/python3.8/site-packages/airflow/example_dags/subdags/subdag.py for tasks to queue
[2023-03-26T22:00:21.982+0200] {logging_mixin.py:137} INFO - [2023-03-26T22:00:21.982+0200] {dagbag.py:532} INFO - Filling up the DagBag from /home/humbulani/miniconda3/envs/apache-airflow/lib/python3.8/site-packages/airflow/example_dags/subdags/subdag.py
[2023-03-26T22:00:21.986+0200] {processor.py:755} WARNING - No viable dags retrieved from /home/humbulani/miniconda3/envs/apache-airflow/lib/python3.8/site-packages/airflow/example_dags/subdags/subdag.py
[2023-03-26T22:00:21.994+0200] {processor.py:175} INFO - Processing /home/humbulani/miniconda3/envs/apache-airflow/lib/python3.8/site-packages/airflow/example_dags/subdags/subdag.py took 0.048 seconds
[2023-03-26T22:01:06.297+0200] {processor.py:153} INFO - Started process (PID=18247) to work on /home/humbulani/miniconda3/envs/apache-airflow/lib/python3.8/site-packages/airflow/example_dags/subdags/subdag.py
[2023-03-26T22:01:06.306+0200] {processor.py:743} INFO - Processing file /home/humbulani/miniconda3/envs/apache-airflow/lib/python3.8/site-packages/airflow/example_dags/subdags/subdag.py for tasks to queue
[2023-03-26T22:01:06.308+0200] {logging_mixin.py:137} INFO - [2023-03-26T22:01:06.307+0200] {dagbag.py:532} INFO - Filling up the DagBag from /home/humbulani/miniconda3/envs/apache-airflow/lib/python3.8/site-packages/airflow/example_dags/subdags/subdag.py
[2023-03-26T22:01:06.312+0200] {processor.py:755} WARNING - No viable dags retrieved from /home/humbulani/miniconda3/envs/apache-airflow/lib/python3.8/site-packages/airflow/example_dags/subdags/subdag.py
[2023-03-26T22:01:06.319+0200] {processor.py:175} INFO - Processing /home/humbulani/miniconda3/envs/apache-airflow/lib/python3.8/site-packages/airflow/example_dags/subdags/subdag.py took 0.025 seconds
[2023-03-26T22:01:53.931+0200] {processor.py:153} INFO - Started process (PID=18503) to work on /home/humbulani/miniconda3/envs/apache-airflow/lib/python3.8/site-packages/airflow/example_dags/subdags/subdag.py
[2023-03-26T22:01:53.968+0200] {processor.py:743} INFO - Processing file /home/humbulani/miniconda3/envs/apache-airflow/lib/python3.8/site-packages/airflow/example_dags/subdags/subdag.py for tasks to queue
[2023-03-26T22:01:53.969+0200] {logging_mixin.py:137} INFO - [2023-03-26T22:01:53.969+0200] {dagbag.py:532} INFO - Filling up the DagBag from /home/humbulani/miniconda3/envs/apache-airflow/lib/python3.8/site-packages/airflow/example_dags/subdags/subdag.py
[2023-03-26T22:01:53.972+0200] {processor.py:755} WARNING - No viable dags retrieved from /home/humbulani/miniconda3/envs/apache-airflow/lib/python3.8/site-packages/airflow/example_dags/subdags/subdag.py
[2023-03-26T22:01:53.979+0200] {processor.py:175} INFO - Processing /home/humbulani/miniconda3/envs/apache-airflow/lib/python3.8/site-packages/airflow/example_dags/subdags/subdag.py took 0.050 seconds
[2023-03-26T22:02:40.510+0200] {processor.py:153} INFO - Started process (PID=18559) to work on /home/humbulani/miniconda3/envs/apache-airflow/lib/python3.8/site-packages/airflow/example_dags/subdags/subdag.py
[2023-03-26T22:02:40.521+0200] {processor.py:743} INFO - Processing file /home/humbulani/miniconda3/envs/apache-airflow/lib/python3.8/site-packages/airflow/example_dags/subdags/subdag.py for tasks to queue
[2023-03-26T22:02:40.522+0200] {logging_mixin.py:137} INFO - [2023-03-26T22:02:40.522+0200] {dagbag.py:532} INFO - Filling up the DagBag from /home/humbulani/miniconda3/envs/apache-airflow/lib/python3.8/site-packages/airflow/example_dags/subdags/subdag.py
[2023-03-26T22:02:40.525+0200] {processor.py:755} WARNING - No viable dags retrieved from /home/humbulani/miniconda3/envs/apache-airflow/lib/python3.8/site-packages/airflow/example_dags/subdags/subdag.py
[2023-03-26T22:02:40.535+0200] {processor.py:175} INFO - Processing /home/humbulani/miniconda3/envs/apache-airflow/lib/python3.8/site-packages/airflow/example_dags/subdags/subdag.py took 0.027 seconds
[2023-03-26T22:03:26.432+0200] {processor.py:153} INFO - Started process (PID=18614) to work on /home/humbulani/miniconda3/envs/apache-airflow/lib/python3.8/site-packages/airflow/example_dags/subdags/subdag.py
[2023-03-26T22:03:26.442+0200] {processor.py:743} INFO - Processing file /home/humbulani/miniconda3/envs/apache-airflow/lib/python3.8/site-packages/airflow/example_dags/subdags/subdag.py for tasks to queue
[2023-03-26T22:03:26.442+0200] {logging_mixin.py:137} INFO - [2023-03-26T22:03:26.442+0200] {dagbag.py:532} INFO - Filling up the DagBag from /home/humbulani/miniconda3/envs/apache-airflow/lib/python3.8/site-packages/airflow/example_dags/subdags/subdag.py
[2023-03-26T22:03:26.445+0200] {processor.py:755} WARNING - No viable dags retrieved from /home/humbulani/miniconda3/envs/apache-airflow/lib/python3.8/site-packages/airflow/example_dags/subdags/subdag.py
[2023-03-26T22:03:26.452+0200] {processor.py:175} INFO - Processing /home/humbulani/miniconda3/envs/apache-airflow/lib/python3.8/site-packages/airflow/example_dags/subdags/subdag.py took 0.023 seconds
[2023-03-26T22:04:11.499+0200] {processor.py:153} INFO - Started process (PID=18674) to work on /home/humbulani/miniconda3/envs/apache-airflow/lib/python3.8/site-packages/airflow/example_dags/subdags/subdag.py
[2023-03-26T22:04:11.500+0200] {processor.py:743} INFO - Processing file /home/humbulani/miniconda3/envs/apache-airflow/lib/python3.8/site-packages/airflow/example_dags/subdags/subdag.py for tasks to queue
[2023-03-26T22:04:11.501+0200] {logging_mixin.py:137} INFO - [2023-03-26T22:04:11.500+0200] {dagbag.py:532} INFO - Filling up the DagBag from /home/humbulani/miniconda3/envs/apache-airflow/lib/python3.8/site-packages/airflow/example_dags/subdags/subdag.py
[2023-03-26T22:04:11.504+0200] {processor.py:755} WARNING - No viable dags retrieved from /home/humbulani/miniconda3/envs/apache-airflow/lib/python3.8/site-packages/airflow/example_dags/subdags/subdag.py
[2023-03-26T22:04:11.510+0200] {processor.py:175} INFO - Processing /home/humbulani/miniconda3/envs/apache-airflow/lib/python3.8/site-packages/airflow/example_dags/subdags/subdag.py took 0.014 seconds
[2023-03-26T22:04:57.031+0200] {processor.py:153} INFO - Started process (PID=18731) to work on /home/humbulani/miniconda3/envs/apache-airflow/lib/python3.8/site-packages/airflow/example_dags/subdags/subdag.py
[2023-03-26T22:04:57.040+0200] {processor.py:743} INFO - Processing file /home/humbulani/miniconda3/envs/apache-airflow/lib/python3.8/site-packages/airflow/example_dags/subdags/subdag.py for tasks to queue
[2023-03-26T22:04:57.041+0200] {logging_mixin.py:137} INFO - [2023-03-26T22:04:57.040+0200] {dagbag.py:532} INFO - Filling up the DagBag from /home/humbulani/miniconda3/envs/apache-airflow/lib/python3.8/site-packages/airflow/example_dags/subdags/subdag.py
[2023-03-26T22:04:57.044+0200] {processor.py:755} WARNING - No viable dags retrieved from /home/humbulani/miniconda3/envs/apache-airflow/lib/python3.8/site-packages/airflow/example_dags/subdags/subdag.py
[2023-03-26T22:04:57.050+0200] {processor.py:175} INFO - Processing /home/humbulani/miniconda3/envs/apache-airflow/lib/python3.8/site-packages/airflow/example_dags/subdags/subdag.py took 0.022 seconds
[2023-03-26T22:05:41.524+0200] {processor.py:153} INFO - Started process (PID=18783) to work on /home/humbulani/miniconda3/envs/apache-airflow/lib/python3.8/site-packages/airflow/example_dags/subdags/subdag.py
[2023-03-26T22:05:41.552+0200] {processor.py:743} INFO - Processing file /home/humbulani/miniconda3/envs/apache-airflow/lib/python3.8/site-packages/airflow/example_dags/subdags/subdag.py for tasks to queue
[2023-03-26T22:05:41.552+0200] {logging_mixin.py:137} INFO - [2023-03-26T22:05:41.552+0200] {dagbag.py:532} INFO - Filling up the DagBag from /home/humbulani/miniconda3/envs/apache-airflow/lib/python3.8/site-packages/airflow/example_dags/subdags/subdag.py
[2023-03-26T22:05:41.556+0200] {processor.py:755} WARNING - No viable dags retrieved from /home/humbulani/miniconda3/envs/apache-airflow/lib/python3.8/site-packages/airflow/example_dags/subdags/subdag.py
[2023-03-26T22:05:41.565+0200] {processor.py:175} INFO - Processing /home/humbulani/miniconda3/envs/apache-airflow/lib/python3.8/site-packages/airflow/example_dags/subdags/subdag.py took 0.044 seconds
[2023-03-26T22:06:27.289+0200] {processor.py:153} INFO - Started process (PID=18829) to work on /home/humbulani/miniconda3/envs/apache-airflow/lib/python3.8/site-packages/airflow/example_dags/subdags/subdag.py
[2023-03-26T22:06:27.305+0200] {processor.py:743} INFO - Processing file /home/humbulani/miniconda3/envs/apache-airflow/lib/python3.8/site-packages/airflow/example_dags/subdags/subdag.py for tasks to queue
[2023-03-26T22:06:27.306+0200] {logging_mixin.py:137} INFO - [2023-03-26T22:06:27.306+0200] {dagbag.py:532} INFO - Filling up the DagBag from /home/humbulani/miniconda3/envs/apache-airflow/lib/python3.8/site-packages/airflow/example_dags/subdags/subdag.py
[2023-03-26T22:06:27.309+0200] {processor.py:755} WARNING - No viable dags retrieved from /home/humbulani/miniconda3/envs/apache-airflow/lib/python3.8/site-packages/airflow/example_dags/subdags/subdag.py
[2023-03-26T22:06:27.319+0200] {processor.py:175} INFO - Processing /home/humbulani/miniconda3/envs/apache-airflow/lib/python3.8/site-packages/airflow/example_dags/subdags/subdag.py took 0.032 seconds
[2023-03-26T22:07:14.463+0200] {processor.py:153} INFO - Started process (PID=18975) to work on /home/humbulani/miniconda3/envs/apache-airflow/lib/python3.8/site-packages/airflow/example_dags/subdags/subdag.py
[2023-03-26T22:07:14.478+0200] {processor.py:743} INFO - Processing file /home/humbulani/miniconda3/envs/apache-airflow/lib/python3.8/site-packages/airflow/example_dags/subdags/subdag.py for tasks to queue
[2023-03-26T22:07:14.479+0200] {logging_mixin.py:137} INFO - [2023-03-26T22:07:14.478+0200] {dagbag.py:532} INFO - Filling up the DagBag from /home/humbulani/miniconda3/envs/apache-airflow/lib/python3.8/site-packages/airflow/example_dags/subdags/subdag.py
[2023-03-26T22:07:14.481+0200] {processor.py:755} WARNING - No viable dags retrieved from /home/humbulani/miniconda3/envs/apache-airflow/lib/python3.8/site-packages/airflow/example_dags/subdags/subdag.py
[2023-03-26T22:07:14.488+0200] {processor.py:175} INFO - Processing /home/humbulani/miniconda3/envs/apache-airflow/lib/python3.8/site-packages/airflow/example_dags/subdags/subdag.py took 0.028 seconds
[2023-03-26T22:07:59.587+0200] {processor.py:153} INFO - Started process (PID=19019) to work on /home/humbulani/miniconda3/envs/apache-airflow/lib/python3.8/site-packages/airflow/example_dags/subdags/subdag.py
[2023-03-26T22:07:59.587+0200] {processor.py:743} INFO - Processing file /home/humbulani/miniconda3/envs/apache-airflow/lib/python3.8/site-packages/airflow/example_dags/subdags/subdag.py for tasks to queue
[2023-03-26T22:07:59.588+0200] {logging_mixin.py:137} INFO - [2023-03-26T22:07:59.588+0200] {dagbag.py:532} INFO - Filling up the DagBag from /home/humbulani/miniconda3/envs/apache-airflow/lib/python3.8/site-packages/airflow/example_dags/subdags/subdag.py
[2023-03-26T22:07:59.590+0200] {processor.py:755} WARNING - No viable dags retrieved from /home/humbulani/miniconda3/envs/apache-airflow/lib/python3.8/site-packages/airflow/example_dags/subdags/subdag.py
[2023-03-26T22:07:59.597+0200] {processor.py:175} INFO - Processing /home/humbulani/miniconda3/envs/apache-airflow/lib/python3.8/site-packages/airflow/example_dags/subdags/subdag.py took 0.013 seconds
[2023-03-26T22:08:43.301+0200] {processor.py:153} INFO - Started process (PID=19093) to work on /home/humbulani/miniconda3/envs/apache-airflow/lib/python3.8/site-packages/airflow/example_dags/subdags/subdag.py
[2023-03-26T22:08:43.314+0200] {processor.py:743} INFO - Processing file /home/humbulani/miniconda3/envs/apache-airflow/lib/python3.8/site-packages/airflow/example_dags/subdags/subdag.py for tasks to queue
[2023-03-26T22:08:43.314+0200] {logging_mixin.py:137} INFO - [2023-03-26T22:08:43.314+0200] {dagbag.py:532} INFO - Filling up the DagBag from /home/humbulani/miniconda3/envs/apache-airflow/lib/python3.8/site-packages/airflow/example_dags/subdags/subdag.py
[2023-03-26T22:08:43.317+0200] {processor.py:755} WARNING - No viable dags retrieved from /home/humbulani/miniconda3/envs/apache-airflow/lib/python3.8/site-packages/airflow/example_dags/subdags/subdag.py
[2023-03-26T22:08:43.325+0200] {processor.py:175} INFO - Processing /home/humbulani/miniconda3/envs/apache-airflow/lib/python3.8/site-packages/airflow/example_dags/subdags/subdag.py took 0.027 seconds
[2023-03-26T22:09:32.691+0200] {processor.py:153} INFO - Started process (PID=19149) to work on /home/humbulani/miniconda3/envs/apache-airflow/lib/python3.8/site-packages/airflow/example_dags/subdags/subdag.py
[2023-03-26T22:09:32.692+0200] {processor.py:743} INFO - Processing file /home/humbulani/miniconda3/envs/apache-airflow/lib/python3.8/site-packages/airflow/example_dags/subdags/subdag.py for tasks to queue
[2023-03-26T22:09:32.692+0200] {logging_mixin.py:137} INFO - [2023-03-26T22:09:32.692+0200] {dagbag.py:532} INFO - Filling up the DagBag from /home/humbulani/miniconda3/envs/apache-airflow/lib/python3.8/site-packages/airflow/example_dags/subdags/subdag.py
[2023-03-26T22:09:32.695+0200] {processor.py:755} WARNING - No viable dags retrieved from /home/humbulani/miniconda3/envs/apache-airflow/lib/python3.8/site-packages/airflow/example_dags/subdags/subdag.py
[2023-03-26T22:09:32.702+0200] {processor.py:175} INFO - Processing /home/humbulani/miniconda3/envs/apache-airflow/lib/python3.8/site-packages/airflow/example_dags/subdags/subdag.py took 0.013 seconds
[2023-03-26T22:10:17.559+0200] {processor.py:153} INFO - Started process (PID=19194) to work on /home/humbulani/miniconda3/envs/apache-airflow/lib/python3.8/site-packages/airflow/example_dags/subdags/subdag.py
[2023-03-26T22:10:17.579+0200] {processor.py:743} INFO - Processing file /home/humbulani/miniconda3/envs/apache-airflow/lib/python3.8/site-packages/airflow/example_dags/subdags/subdag.py for tasks to queue
[2023-03-26T22:10:17.580+0200] {logging_mixin.py:137} INFO - [2023-03-26T22:10:17.580+0200] {dagbag.py:532} INFO - Filling up the DagBag from /home/humbulani/miniconda3/envs/apache-airflow/lib/python3.8/site-packages/airflow/example_dags/subdags/subdag.py
[2023-03-26T22:10:17.584+0200] {processor.py:755} WARNING - No viable dags retrieved from /home/humbulani/miniconda3/envs/apache-airflow/lib/python3.8/site-packages/airflow/example_dags/subdags/subdag.py
[2023-03-26T22:10:17.593+0200] {processor.py:175} INFO - Processing /home/humbulani/miniconda3/envs/apache-airflow/lib/python3.8/site-packages/airflow/example_dags/subdags/subdag.py took 0.036 seconds
[2023-03-26T22:11:02.372+0200] {processor.py:153} INFO - Started process (PID=19321) to work on /home/humbulani/miniconda3/envs/apache-airflow/lib/python3.8/site-packages/airflow/example_dags/subdags/subdag.py
[2023-03-26T22:11:02.373+0200] {processor.py:743} INFO - Processing file /home/humbulani/miniconda3/envs/apache-airflow/lib/python3.8/site-packages/airflow/example_dags/subdags/subdag.py for tasks to queue
[2023-03-26T22:11:02.374+0200] {logging_mixin.py:137} INFO - [2023-03-26T22:11:02.374+0200] {dagbag.py:532} INFO - Filling up the DagBag from /home/humbulani/miniconda3/envs/apache-airflow/lib/python3.8/site-packages/airflow/example_dags/subdags/subdag.py
[2023-03-26T22:11:02.378+0200] {processor.py:755} WARNING - No viable dags retrieved from /home/humbulani/miniconda3/envs/apache-airflow/lib/python3.8/site-packages/airflow/example_dags/subdags/subdag.py
[2023-03-26T22:11:02.386+0200] {processor.py:175} INFO - Processing /home/humbulani/miniconda3/envs/apache-airflow/lib/python3.8/site-packages/airflow/example_dags/subdags/subdag.py took 0.016 seconds
[2023-03-26T22:11:50.465+0200] {processor.py:153} INFO - Started process (PID=19364) to work on /home/humbulani/miniconda3/envs/apache-airflow/lib/python3.8/site-packages/airflow/example_dags/subdags/subdag.py
[2023-03-26T22:11:50.489+0200] {processor.py:743} INFO - Processing file /home/humbulani/miniconda3/envs/apache-airflow/lib/python3.8/site-packages/airflow/example_dags/subdags/subdag.py for tasks to queue
[2023-03-26T22:11:50.490+0200] {logging_mixin.py:137} INFO - [2023-03-26T22:11:50.490+0200] {dagbag.py:532} INFO - Filling up the DagBag from /home/humbulani/miniconda3/envs/apache-airflow/lib/python3.8/site-packages/airflow/example_dags/subdags/subdag.py
[2023-03-26T22:11:50.493+0200] {processor.py:755} WARNING - No viable dags retrieved from /home/humbulani/miniconda3/envs/apache-airflow/lib/python3.8/site-packages/airflow/example_dags/subdags/subdag.py
[2023-03-26T22:11:50.502+0200] {processor.py:175} INFO - Processing /home/humbulani/miniconda3/envs/apache-airflow/lib/python3.8/site-packages/airflow/example_dags/subdags/subdag.py took 0.040 seconds
[2023-03-26T22:12:34.327+0200] {processor.py:153} INFO - Started process (PID=19416) to work on /home/humbulani/miniconda3/envs/apache-airflow/lib/python3.8/site-packages/airflow/example_dags/subdags/subdag.py
[2023-03-26T22:12:34.339+0200] {processor.py:743} INFO - Processing file /home/humbulani/miniconda3/envs/apache-airflow/lib/python3.8/site-packages/airflow/example_dags/subdags/subdag.py for tasks to queue
[2023-03-26T22:12:34.340+0200] {logging_mixin.py:137} INFO - [2023-03-26T22:12:34.340+0200] {dagbag.py:532} INFO - Filling up the DagBag from /home/humbulani/miniconda3/envs/apache-airflow/lib/python3.8/site-packages/airflow/example_dags/subdags/subdag.py
[2023-03-26T22:12:34.342+0200] {processor.py:755} WARNING - No viable dags retrieved from /home/humbulani/miniconda3/envs/apache-airflow/lib/python3.8/site-packages/airflow/example_dags/subdags/subdag.py
[2023-03-26T22:12:34.349+0200] {processor.py:175} INFO - Processing /home/humbulani/miniconda3/envs/apache-airflow/lib/python3.8/site-packages/airflow/example_dags/subdags/subdag.py took 0.025 seconds
[2023-03-26T22:13:21.276+0200] {processor.py:153} INFO - Started process (PID=19518) to work on /home/humbulani/miniconda3/envs/apache-airflow/lib/python3.8/site-packages/airflow/example_dags/subdags/subdag.py
[2023-03-26T22:13:21.286+0200] {processor.py:743} INFO - Processing file /home/humbulani/miniconda3/envs/apache-airflow/lib/python3.8/site-packages/airflow/example_dags/subdags/subdag.py for tasks to queue
[2023-03-26T22:13:21.286+0200] {logging_mixin.py:137} INFO - [2023-03-26T22:13:21.286+0200] {dagbag.py:532} INFO - Filling up the DagBag from /home/humbulani/miniconda3/envs/apache-airflow/lib/python3.8/site-packages/airflow/example_dags/subdags/subdag.py
[2023-03-26T22:13:21.289+0200] {processor.py:755} WARNING - No viable dags retrieved from /home/humbulani/miniconda3/envs/apache-airflow/lib/python3.8/site-packages/airflow/example_dags/subdags/subdag.py
[2023-03-26T22:13:21.298+0200] {processor.py:175} INFO - Processing /home/humbulani/miniconda3/envs/apache-airflow/lib/python3.8/site-packages/airflow/example_dags/subdags/subdag.py took 0.025 seconds
[2023-03-26T22:14:07.839+0200] {processor.py:153} INFO - Started process (PID=19563) to work on /home/humbulani/miniconda3/envs/apache-airflow/lib/python3.8/site-packages/airflow/example_dags/subdags/subdag.py
[2023-03-26T22:14:07.840+0200] {processor.py:743} INFO - Processing file /home/humbulani/miniconda3/envs/apache-airflow/lib/python3.8/site-packages/airflow/example_dags/subdags/subdag.py for tasks to queue
[2023-03-26T22:14:07.841+0200] {logging_mixin.py:137} INFO - [2023-03-26T22:14:07.840+0200] {dagbag.py:532} INFO - Filling up the DagBag from /home/humbulani/miniconda3/envs/apache-airflow/lib/python3.8/site-packages/airflow/example_dags/subdags/subdag.py
[2023-03-26T22:14:07.844+0200] {processor.py:755} WARNING - No viable dags retrieved from /home/humbulani/miniconda3/envs/apache-airflow/lib/python3.8/site-packages/airflow/example_dags/subdags/subdag.py
[2023-03-26T22:14:07.853+0200] {processor.py:175} INFO - Processing /home/humbulani/miniconda3/envs/apache-airflow/lib/python3.8/site-packages/airflow/example_dags/subdags/subdag.py took 0.017 seconds
[2023-03-26T22:14:54.543+0200] {processor.py:153} INFO - Started process (PID=19612) to work on /home/humbulani/miniconda3/envs/apache-airflow/lib/python3.8/site-packages/airflow/example_dags/subdags/subdag.py
[2023-03-26T22:14:54.554+0200] {processor.py:743} INFO - Processing file /home/humbulani/miniconda3/envs/apache-airflow/lib/python3.8/site-packages/airflow/example_dags/subdags/subdag.py for tasks to queue
[2023-03-26T22:14:54.554+0200] {logging_mixin.py:137} INFO - [2023-03-26T22:14:54.554+0200] {dagbag.py:532} INFO - Filling up the DagBag from /home/humbulani/miniconda3/envs/apache-airflow/lib/python3.8/site-packages/airflow/example_dags/subdags/subdag.py
[2023-03-26T22:14:54.557+0200] {processor.py:755} WARNING - No viable dags retrieved from /home/humbulani/miniconda3/envs/apache-airflow/lib/python3.8/site-packages/airflow/example_dags/subdags/subdag.py
[2023-03-26T22:14:54.566+0200] {processor.py:175} INFO - Processing /home/humbulani/miniconda3/envs/apache-airflow/lib/python3.8/site-packages/airflow/example_dags/subdags/subdag.py took 0.026 seconds
[2023-03-26T22:15:42.489+0200] {processor.py:153} INFO - Started process (PID=19718) to work on /home/humbulani/miniconda3/envs/apache-airflow/lib/python3.8/site-packages/airflow/example_dags/subdags/subdag.py
[2023-03-26T22:15:42.502+0200] {processor.py:743} INFO - Processing file /home/humbulani/miniconda3/envs/apache-airflow/lib/python3.8/site-packages/airflow/example_dags/subdags/subdag.py for tasks to queue
[2023-03-26T22:15:42.502+0200] {logging_mixin.py:137} INFO - [2023-03-26T22:15:42.502+0200] {dagbag.py:532} INFO - Filling up the DagBag from /home/humbulani/miniconda3/envs/apache-airflow/lib/python3.8/site-packages/airflow/example_dags/subdags/subdag.py
[2023-03-26T22:15:42.506+0200] {processor.py:755} WARNING - No viable dags retrieved from /home/humbulani/miniconda3/envs/apache-airflow/lib/python3.8/site-packages/airflow/example_dags/subdags/subdag.py
[2023-03-26T22:15:42.512+0200] {processor.py:175} INFO - Processing /home/humbulani/miniconda3/envs/apache-airflow/lib/python3.8/site-packages/airflow/example_dags/subdags/subdag.py took 0.026 seconds
[2023-03-26T22:16:30.863+0200] {processor.py:153} INFO - Started process (PID=19826) to work on /home/humbulani/miniconda3/envs/apache-airflow/lib/python3.8/site-packages/airflow/example_dags/subdags/subdag.py
[2023-03-26T22:16:30.873+0200] {processor.py:743} INFO - Processing file /home/humbulani/miniconda3/envs/apache-airflow/lib/python3.8/site-packages/airflow/example_dags/subdags/subdag.py for tasks to queue
[2023-03-26T22:16:30.874+0200] {logging_mixin.py:137} INFO - [2023-03-26T22:16:30.874+0200] {dagbag.py:532} INFO - Filling up the DagBag from /home/humbulani/miniconda3/envs/apache-airflow/lib/python3.8/site-packages/airflow/example_dags/subdags/subdag.py
[2023-03-26T22:16:30.877+0200] {processor.py:755} WARNING - No viable dags retrieved from /home/humbulani/miniconda3/envs/apache-airflow/lib/python3.8/site-packages/airflow/example_dags/subdags/subdag.py
[2023-03-26T22:16:30.884+0200] {processor.py:175} INFO - Processing /home/humbulani/miniconda3/envs/apache-airflow/lib/python3.8/site-packages/airflow/example_dags/subdags/subdag.py took 0.023 seconds
[2023-03-26T22:17:21.381+0200] {processor.py:153} INFO - Started process (PID=19875) to work on /home/humbulani/miniconda3/envs/apache-airflow/lib/python3.8/site-packages/airflow/example_dags/subdags/subdag.py
[2023-03-26T22:17:21.386+0200] {processor.py:743} INFO - Processing file /home/humbulani/miniconda3/envs/apache-airflow/lib/python3.8/site-packages/airflow/example_dags/subdags/subdag.py for tasks to queue
[2023-03-26T22:17:21.387+0200] {logging_mixin.py:137} INFO - [2023-03-26T22:17:21.387+0200] {dagbag.py:532} INFO - Filling up the DagBag from /home/humbulani/miniconda3/envs/apache-airflow/lib/python3.8/site-packages/airflow/example_dags/subdags/subdag.py
[2023-03-26T22:17:21.390+0200] {processor.py:755} WARNING - No viable dags retrieved from /home/humbulani/miniconda3/envs/apache-airflow/lib/python3.8/site-packages/airflow/example_dags/subdags/subdag.py
[2023-03-26T22:17:21.397+0200] {processor.py:175} INFO - Processing /home/humbulani/miniconda3/envs/apache-airflow/lib/python3.8/site-packages/airflow/example_dags/subdags/subdag.py took 0.019 seconds
[2023-03-26T22:18:03.839+0200] {processor.py:153} INFO - Started process (PID=19962) to work on /home/humbulani/miniconda3/envs/apache-airflow/lib/python3.8/site-packages/airflow/example_dags/subdags/subdag.py
[2023-03-26T22:18:03.866+0200] {processor.py:743} INFO - Processing file /home/humbulani/miniconda3/envs/apache-airflow/lib/python3.8/site-packages/airflow/example_dags/subdags/subdag.py for tasks to queue
[2023-03-26T22:18:03.867+0200] {logging_mixin.py:137} INFO - [2023-03-26T22:18:03.866+0200] {dagbag.py:532} INFO - Filling up the DagBag from /home/humbulani/miniconda3/envs/apache-airflow/lib/python3.8/site-packages/airflow/example_dags/subdags/subdag.py
[2023-03-26T22:18:03.869+0200] {processor.py:755} WARNING - No viable dags retrieved from /home/humbulani/miniconda3/envs/apache-airflow/lib/python3.8/site-packages/airflow/example_dags/subdags/subdag.py
[2023-03-26T22:18:03.876+0200] {processor.py:175} INFO - Processing /home/humbulani/miniconda3/envs/apache-airflow/lib/python3.8/site-packages/airflow/example_dags/subdags/subdag.py took 0.039 seconds
[2023-03-26T22:18:47.530+0200] {processor.py:153} INFO - Started process (PID=20031) to work on /home/humbulani/miniconda3/envs/apache-airflow/lib/python3.8/site-packages/airflow/example_dags/subdags/subdag.py
[2023-03-26T22:18:47.595+0200] {processor.py:743} INFO - Processing file /home/humbulani/miniconda3/envs/apache-airflow/lib/python3.8/site-packages/airflow/example_dags/subdags/subdag.py for tasks to queue
[2023-03-26T22:18:47.596+0200] {logging_mixin.py:137} INFO - [2023-03-26T22:18:47.596+0200] {dagbag.py:532} INFO - Filling up the DagBag from /home/humbulani/miniconda3/envs/apache-airflow/lib/python3.8/site-packages/airflow/example_dags/subdags/subdag.py
[2023-03-26T22:18:47.599+0200] {processor.py:755} WARNING - No viable dags retrieved from /home/humbulani/miniconda3/envs/apache-airflow/lib/python3.8/site-packages/airflow/example_dags/subdags/subdag.py
[2023-03-26T22:18:47.608+0200] {processor.py:175} INFO - Processing /home/humbulani/miniconda3/envs/apache-airflow/lib/python3.8/site-packages/airflow/example_dags/subdags/subdag.py took 0.081 seconds
[2023-03-26T22:19:34.313+0200] {processor.py:153} INFO - Started process (PID=20139) to work on /home/humbulani/miniconda3/envs/apache-airflow/lib/python3.8/site-packages/airflow/example_dags/subdags/subdag.py
[2023-03-26T22:19:34.333+0200] {processor.py:743} INFO - Processing file /home/humbulani/miniconda3/envs/apache-airflow/lib/python3.8/site-packages/airflow/example_dags/subdags/subdag.py for tasks to queue
[2023-03-26T22:19:34.334+0200] {logging_mixin.py:137} INFO - [2023-03-26T22:19:34.333+0200] {dagbag.py:532} INFO - Filling up the DagBag from /home/humbulani/miniconda3/envs/apache-airflow/lib/python3.8/site-packages/airflow/example_dags/subdags/subdag.py
[2023-03-26T22:19:34.337+0200] {processor.py:755} WARNING - No viable dags retrieved from /home/humbulani/miniconda3/envs/apache-airflow/lib/python3.8/site-packages/airflow/example_dags/subdags/subdag.py
[2023-03-26T22:19:34.344+0200] {processor.py:175} INFO - Processing /home/humbulani/miniconda3/envs/apache-airflow/lib/python3.8/site-packages/airflow/example_dags/subdags/subdag.py took 0.033 seconds
[2023-03-26T22:20:18.193+0200] {processor.py:153} INFO - Started process (PID=20185) to work on /home/humbulani/miniconda3/envs/apache-airflow/lib/python3.8/site-packages/airflow/example_dags/subdags/subdag.py
[2023-03-26T22:20:18.204+0200] {processor.py:743} INFO - Processing file /home/humbulani/miniconda3/envs/apache-airflow/lib/python3.8/site-packages/airflow/example_dags/subdags/subdag.py for tasks to queue
[2023-03-26T22:20:18.205+0200] {logging_mixin.py:137} INFO - [2023-03-26T22:20:18.205+0200] {dagbag.py:532} INFO - Filling up the DagBag from /home/humbulani/miniconda3/envs/apache-airflow/lib/python3.8/site-packages/airflow/example_dags/subdags/subdag.py
[2023-03-26T22:20:18.208+0200] {processor.py:755} WARNING - No viable dags retrieved from /home/humbulani/miniconda3/envs/apache-airflow/lib/python3.8/site-packages/airflow/example_dags/subdags/subdag.py
[2023-03-26T22:20:18.214+0200] {processor.py:175} INFO - Processing /home/humbulani/miniconda3/envs/apache-airflow/lib/python3.8/site-packages/airflow/example_dags/subdags/subdag.py took 0.023 seconds
[2023-03-26T22:21:02.844+0200] {processor.py:153} INFO - Started process (PID=20272) to work on /home/humbulani/miniconda3/envs/apache-airflow/lib/python3.8/site-packages/airflow/example_dags/subdags/subdag.py
[2023-03-26T22:21:02.857+0200] {processor.py:743} INFO - Processing file /home/humbulani/miniconda3/envs/apache-airflow/lib/python3.8/site-packages/airflow/example_dags/subdags/subdag.py for tasks to queue
[2023-03-26T22:21:02.857+0200] {logging_mixin.py:137} INFO - [2023-03-26T22:21:02.857+0200] {dagbag.py:532} INFO - Filling up the DagBag from /home/humbulani/miniconda3/envs/apache-airflow/lib/python3.8/site-packages/airflow/example_dags/subdags/subdag.py
[2023-03-26T22:21:02.860+0200] {processor.py:755} WARNING - No viable dags retrieved from /home/humbulani/miniconda3/envs/apache-airflow/lib/python3.8/site-packages/airflow/example_dags/subdags/subdag.py
[2023-03-26T22:21:02.868+0200] {processor.py:175} INFO - Processing /home/humbulani/miniconda3/envs/apache-airflow/lib/python3.8/site-packages/airflow/example_dags/subdags/subdag.py took 0.026 seconds
[2023-03-26T22:21:48.380+0200] {processor.py:153} INFO - Started process (PID=20319) to work on /home/humbulani/miniconda3/envs/apache-airflow/lib/python3.8/site-packages/airflow/example_dags/subdags/subdag.py
[2023-03-26T22:21:48.394+0200] {processor.py:743} INFO - Processing file /home/humbulani/miniconda3/envs/apache-airflow/lib/python3.8/site-packages/airflow/example_dags/subdags/subdag.py for tasks to queue
[2023-03-26T22:21:48.395+0200] {logging_mixin.py:137} INFO - [2023-03-26T22:21:48.395+0200] {dagbag.py:532} INFO - Filling up the DagBag from /home/humbulani/miniconda3/envs/apache-airflow/lib/python3.8/site-packages/airflow/example_dags/subdags/subdag.py
[2023-03-26T22:21:48.398+0200] {processor.py:755} WARNING - No viable dags retrieved from /home/humbulani/miniconda3/envs/apache-airflow/lib/python3.8/site-packages/airflow/example_dags/subdags/subdag.py
[2023-03-26T22:21:48.407+0200] {processor.py:175} INFO - Processing /home/humbulani/miniconda3/envs/apache-airflow/lib/python3.8/site-packages/airflow/example_dags/subdags/subdag.py took 0.029 seconds
[2023-03-26T22:22:34.579+0200] {processor.py:153} INFO - Started process (PID=20362) to work on /home/humbulani/miniconda3/envs/apache-airflow/lib/python3.8/site-packages/airflow/example_dags/subdags/subdag.py
[2023-03-26T22:22:34.590+0200] {processor.py:743} INFO - Processing file /home/humbulani/miniconda3/envs/apache-airflow/lib/python3.8/site-packages/airflow/example_dags/subdags/subdag.py for tasks to queue
[2023-03-26T22:22:34.591+0200] {logging_mixin.py:137} INFO - [2023-03-26T22:22:34.591+0200] {dagbag.py:532} INFO - Filling up the DagBag from /home/humbulani/miniconda3/envs/apache-airflow/lib/python3.8/site-packages/airflow/example_dags/subdags/subdag.py
[2023-03-26T22:22:34.594+0200] {processor.py:755} WARNING - No viable dags retrieved from /home/humbulani/miniconda3/envs/apache-airflow/lib/python3.8/site-packages/airflow/example_dags/subdags/subdag.py
[2023-03-26T22:22:34.603+0200] {processor.py:175} INFO - Processing /home/humbulani/miniconda3/envs/apache-airflow/lib/python3.8/site-packages/airflow/example_dags/subdags/subdag.py took 0.026 seconds
