[2023-03-29T21:13:16.647+0200] {processor.py:153} INFO - Started process (PID=14099) to work on /home/humbulani/airflow/dags/new2_dag.py
[2023-03-29T21:13:16.647+0200] {processor.py:743} INFO - Processing file /home/humbulani/airflow/dags/new2_dag.py for tasks to queue
[2023-03-29T21:13:16.648+0200] {logging_mixin.py:137} INFO - [2023-03-29T21:13:16.648+0200] {dagbag.py:532} INFO - Filling up the DagBag from /home/humbulani/airflow/dags/new2_dag.py
[2023-03-29T21:13:18.201+0200] {logging_mixin.py:137} INFO - [2023-03-29T21:13:18.201+0200] {utils.py:160} INFO - NumExpr defaulting to 4 threads.
[2023-03-29T21:13:20.556+0200] {processor.py:753} INFO - DAG(s) dict_keys(['mysql_dag']) retrieved from /home/humbulani/airflow/dags/new2_dag.py
[2023-03-29T21:13:20.638+0200] {logging_mixin.py:137} INFO - [2023-03-29T21:13:20.638+0200] {dag.py:2693} INFO - Sync 1 DAGs
[2023-03-29T21:13:20.659+0200] {logging_mixin.py:137} INFO - [2023-03-29T21:13:20.659+0200] {dag.py:3440} INFO - Setting next_dagrun for mysql_dag to None, run_after=None
[2023-03-29T21:13:20.741+0200] {processor.py:175} INFO - Processing /home/humbulani/airflow/dags/new2_dag.py took 4.100 seconds
[2023-03-29T21:13:50.789+0200] {processor.py:153} INFO - Started process (PID=14134) to work on /home/humbulani/airflow/dags/new2_dag.py
[2023-03-29T21:13:50.802+0200] {processor.py:743} INFO - Processing file /home/humbulani/airflow/dags/new2_dag.py for tasks to queue
[2023-03-29T21:13:50.803+0200] {logging_mixin.py:137} INFO - [2023-03-29T21:13:50.803+0200] {dagbag.py:532} INFO - Filling up the DagBag from /home/humbulani/airflow/dags/new2_dag.py
[2023-03-29T21:13:50.876+0200] {logging_mixin.py:137} INFO - [2023-03-29T21:13:50.876+0200] {utils.py:160} INFO - NumExpr defaulting to 4 threads.
[2023-03-29T21:13:51.131+0200] {processor.py:753} INFO - DAG(s) dict_keys(['mysql_dag']) retrieved from /home/humbulani/airflow/dags/new2_dag.py
[2023-03-29T21:13:51.147+0200] {logging_mixin.py:137} INFO - [2023-03-29T21:13:51.147+0200] {dag.py:2693} INFO - Sync 1 DAGs
[2023-03-29T21:13:51.173+0200] {logging_mixin.py:137} INFO - [2023-03-29T21:13:51.173+0200] {dag.py:3440} INFO - Setting next_dagrun for mysql_dag to None, run_after=None
[2023-03-29T21:13:51.374+0200] {processor.py:175} INFO - Processing /home/humbulani/airflow/dags/new2_dag.py took 0.588 seconds
[2023-03-29T21:14:21.497+0200] {processor.py:153} INFO - Started process (PID=14147) to work on /home/humbulani/airflow/dags/new2_dag.py
[2023-03-29T21:14:21.497+0200] {processor.py:743} INFO - Processing file /home/humbulani/airflow/dags/new2_dag.py for tasks to queue
[2023-03-29T21:14:21.498+0200] {logging_mixin.py:137} INFO - [2023-03-29T21:14:21.498+0200] {dagbag.py:532} INFO - Filling up the DagBag from /home/humbulani/airflow/dags/new2_dag.py
[2023-03-29T21:14:21.563+0200] {logging_mixin.py:137} INFO - [2023-03-29T21:14:21.563+0200] {utils.py:160} INFO - NumExpr defaulting to 4 threads.
[2023-03-29T21:14:21.803+0200] {processor.py:753} INFO - DAG(s) dict_keys(['mysql_dag']) retrieved from /home/humbulani/airflow/dags/new2_dag.py
[2023-03-29T21:14:21.817+0200] {logging_mixin.py:137} INFO - [2023-03-29T21:14:21.816+0200] {dag.py:2693} INFO - Sync 1 DAGs
[2023-03-29T21:14:21.837+0200] {logging_mixin.py:137} INFO - [2023-03-29T21:14:21.837+0200] {dag.py:3440} INFO - Setting next_dagrun for mysql_dag to None, run_after=None
[2023-03-29T21:14:22.073+0200] {processor.py:175} INFO - Processing /home/humbulani/airflow/dags/new2_dag.py took 0.579 seconds
[2023-03-29T21:14:52.188+0200] {processor.py:153} INFO - Started process (PID=14158) to work on /home/humbulani/airflow/dags/new2_dag.py
[2023-03-29T21:14:52.188+0200] {processor.py:743} INFO - Processing file /home/humbulani/airflow/dags/new2_dag.py for tasks to queue
[2023-03-29T21:14:52.189+0200] {logging_mixin.py:137} INFO - [2023-03-29T21:14:52.189+0200] {dagbag.py:532} INFO - Filling up the DagBag from /home/humbulani/airflow/dags/new2_dag.py
[2023-03-29T21:14:52.254+0200] {logging_mixin.py:137} INFO - [2023-03-29T21:14:52.253+0200] {utils.py:160} INFO - NumExpr defaulting to 4 threads.
[2023-03-29T21:14:52.485+0200] {processor.py:753} INFO - DAG(s) dict_keys(['mysql_dag']) retrieved from /home/humbulani/airflow/dags/new2_dag.py
[2023-03-29T21:14:52.498+0200] {logging_mixin.py:137} INFO - [2023-03-29T21:14:52.498+0200] {dag.py:2693} INFO - Sync 1 DAGs
[2023-03-29T21:14:52.518+0200] {logging_mixin.py:137} INFO - [2023-03-29T21:14:52.518+0200] {dag.py:3440} INFO - Setting next_dagrun for mysql_dag to None, run_after=None
[2023-03-29T21:14:52.771+0200] {processor.py:175} INFO - Processing /home/humbulani/airflow/dags/new2_dag.py took 0.586 seconds
[2023-03-29T21:15:22.901+0200] {processor.py:153} INFO - Started process (PID=14170) to work on /home/humbulani/airflow/dags/new2_dag.py
[2023-03-29T21:15:22.902+0200] {processor.py:743} INFO - Processing file /home/humbulani/airflow/dags/new2_dag.py for tasks to queue
[2023-03-29T21:15:22.902+0200] {logging_mixin.py:137} INFO - [2023-03-29T21:15:22.902+0200] {dagbag.py:532} INFO - Filling up the DagBag from /home/humbulani/airflow/dags/new2_dag.py
[2023-03-29T21:15:22.965+0200] {logging_mixin.py:137} INFO - [2023-03-29T21:15:22.965+0200] {utils.py:160} INFO - NumExpr defaulting to 4 threads.
[2023-03-29T21:15:23.203+0200] {processor.py:753} INFO - DAG(s) dict_keys(['mysql_dag']) retrieved from /home/humbulani/airflow/dags/new2_dag.py
[2023-03-29T21:15:23.217+0200] {logging_mixin.py:137} INFO - [2023-03-29T21:15:23.216+0200] {dag.py:2693} INFO - Sync 1 DAGs
[2023-03-29T21:15:23.237+0200] {logging_mixin.py:137} INFO - [2023-03-29T21:15:23.237+0200] {dag.py:3440} INFO - Setting next_dagrun for mysql_dag to None, run_after=None
[2023-03-29T21:15:23.500+0200] {processor.py:175} INFO - Processing /home/humbulani/airflow/dags/new2_dag.py took 0.601 seconds
[2023-03-29T21:15:53.615+0200] {processor.py:153} INFO - Started process (PID=14181) to work on /home/humbulani/airflow/dags/new2_dag.py
[2023-03-29T21:15:53.616+0200] {processor.py:743} INFO - Processing file /home/humbulani/airflow/dags/new2_dag.py for tasks to queue
[2023-03-29T21:15:53.616+0200] {logging_mixin.py:137} INFO - [2023-03-29T21:15:53.616+0200] {dagbag.py:532} INFO - Filling up the DagBag from /home/humbulani/airflow/dags/new2_dag.py
[2023-03-29T21:15:53.696+0200] {logging_mixin.py:137} INFO - [2023-03-29T21:15:53.696+0200] {utils.py:160} INFO - NumExpr defaulting to 4 threads.
[2023-03-29T21:15:54.040+0200] {processor.py:753} INFO - DAG(s) dict_keys(['mysql_dag']) retrieved from /home/humbulani/airflow/dags/new2_dag.py
[2023-03-29T21:15:54.054+0200] {logging_mixin.py:137} INFO - [2023-03-29T21:15:54.054+0200] {dag.py:2693} INFO - Sync 1 DAGs
[2023-03-29T21:15:54.074+0200] {logging_mixin.py:137} INFO - [2023-03-29T21:15:54.074+0200] {dag.py:3440} INFO - Setting next_dagrun for mysql_dag to None, run_after=None
[2023-03-29T21:15:54.206+0200] {processor.py:175} INFO - Processing /home/humbulani/airflow/dags/new2_dag.py took 0.594 seconds
[2023-03-29T21:16:24.335+0200] {processor.py:153} INFO - Started process (PID=14284) to work on /home/humbulani/airflow/dags/new2_dag.py
[2023-03-29T21:16:24.336+0200] {processor.py:743} INFO - Processing file /home/humbulani/airflow/dags/new2_dag.py for tasks to queue
[2023-03-29T21:16:24.337+0200] {logging_mixin.py:137} INFO - [2023-03-29T21:16:24.337+0200] {dagbag.py:532} INFO - Filling up the DagBag from /home/humbulani/airflow/dags/new2_dag.py
[2023-03-29T21:16:24.409+0200] {logging_mixin.py:137} INFO - [2023-03-29T21:16:24.409+0200] {utils.py:160} INFO - NumExpr defaulting to 4 threads.
[2023-03-29T21:16:24.646+0200] {processor.py:753} INFO - DAG(s) dict_keys(['mysql_dag']) retrieved from /home/humbulani/airflow/dags/new2_dag.py
[2023-03-29T21:16:24.661+0200] {logging_mixin.py:137} INFO - [2023-03-29T21:16:24.661+0200] {dag.py:2693} INFO - Sync 1 DAGs
[2023-03-29T21:16:24.682+0200] {logging_mixin.py:137} INFO - [2023-03-29T21:16:24.682+0200] {dag.py:3440} INFO - Setting next_dagrun for mysql_dag to None, run_after=None
[2023-03-29T21:16:24.870+0200] {processor.py:175} INFO - Processing /home/humbulani/airflow/dags/new2_dag.py took 0.539 seconds
[2023-03-29T21:16:54.987+0200] {processor.py:153} INFO - Started process (PID=14298) to work on /home/humbulani/airflow/dags/new2_dag.py
[2023-03-29T21:16:54.988+0200] {processor.py:743} INFO - Processing file /home/humbulani/airflow/dags/new2_dag.py for tasks to queue
[2023-03-29T21:16:54.988+0200] {logging_mixin.py:137} INFO - [2023-03-29T21:16:54.988+0200] {dagbag.py:532} INFO - Filling up the DagBag from /home/humbulani/airflow/dags/new2_dag.py
[2023-03-29T21:16:55.060+0200] {logging_mixin.py:137} INFO - [2023-03-29T21:16:55.060+0200] {utils.py:160} INFO - NumExpr defaulting to 4 threads.
[2023-03-29T21:16:55.308+0200] {processor.py:753} INFO - DAG(s) dict_keys(['mysql_dag']) retrieved from /home/humbulani/airflow/dags/new2_dag.py
[2023-03-29T21:16:55.322+0200] {logging_mixin.py:137} INFO - [2023-03-29T21:16:55.321+0200] {dag.py:2693} INFO - Sync 1 DAGs
[2023-03-29T21:16:55.343+0200] {logging_mixin.py:137} INFO - [2023-03-29T21:16:55.343+0200] {dag.py:3440} INFO - Setting next_dagrun for mysql_dag to None, run_after=None
[2023-03-29T21:16:55.929+0200] {processor.py:175} INFO - Processing /home/humbulani/airflow/dags/new2_dag.py took 0.945 seconds
[2023-03-29T21:17:25.951+0200] {processor.py:153} INFO - Started process (PID=14322) to work on /home/humbulani/airflow/dags/new2_dag.py
[2023-03-29T21:17:25.952+0200] {processor.py:743} INFO - Processing file /home/humbulani/airflow/dags/new2_dag.py for tasks to queue
[2023-03-29T21:17:25.952+0200] {logging_mixin.py:137} INFO - [2023-03-29T21:17:25.952+0200] {dagbag.py:532} INFO - Filling up the DagBag from /home/humbulani/airflow/dags/new2_dag.py
[2023-03-29T21:17:26.023+0200] {logging_mixin.py:137} INFO - [2023-03-29T21:17:26.023+0200] {utils.py:160} INFO - NumExpr defaulting to 4 threads.
[2023-03-29T21:17:26.292+0200] {processor.py:753} INFO - DAG(s) dict_keys(['mysql_dag']) retrieved from /home/humbulani/airflow/dags/new2_dag.py
[2023-03-29T21:17:26.307+0200] {logging_mixin.py:137} INFO - [2023-03-29T21:17:26.307+0200] {dag.py:2693} INFO - Sync 1 DAGs
[2023-03-29T21:17:26.332+0200] {logging_mixin.py:137} INFO - [2023-03-29T21:17:26.331+0200] {dag.py:3440} INFO - Setting next_dagrun for mysql_dag to None, run_after=None
[2023-03-29T21:17:26.500+0200] {processor.py:175} INFO - Processing /home/humbulani/airflow/dags/new2_dag.py took 0.551 seconds
[2023-03-29T21:17:56.624+0200] {processor.py:153} INFO - Started process (PID=14333) to work on /home/humbulani/airflow/dags/new2_dag.py
[2023-03-29T21:17:56.625+0200] {processor.py:743} INFO - Processing file /home/humbulani/airflow/dags/new2_dag.py for tasks to queue
[2023-03-29T21:17:56.625+0200] {logging_mixin.py:137} INFO - [2023-03-29T21:17:56.625+0200] {dagbag.py:532} INFO - Filling up the DagBag from /home/humbulani/airflow/dags/new2_dag.py
[2023-03-29T21:17:56.699+0200] {logging_mixin.py:137} INFO - [2023-03-29T21:17:56.699+0200] {utils.py:160} INFO - NumExpr defaulting to 4 threads.
[2023-03-29T21:17:56.949+0200] {processor.py:753} INFO - DAG(s) dict_keys(['mysql_dag']) retrieved from /home/humbulani/airflow/dags/new2_dag.py
[2023-03-29T21:17:56.964+0200] {logging_mixin.py:137} INFO - [2023-03-29T21:17:56.964+0200] {dag.py:2693} INFO - Sync 1 DAGs
[2023-03-29T21:17:56.988+0200] {logging_mixin.py:137} INFO - [2023-03-29T21:17:56.988+0200] {dag.py:3440} INFO - Setting next_dagrun for mysql_dag to None, run_after=None
[2023-03-29T21:17:57.099+0200] {processor.py:175} INFO - Processing /home/humbulani/airflow/dags/new2_dag.py took 0.478 seconds
[2023-03-29T21:18:27.230+0200] {processor.py:153} INFO - Started process (PID=14344) to work on /home/humbulani/airflow/dags/new2_dag.py
[2023-03-29T21:18:27.231+0200] {processor.py:743} INFO - Processing file /home/humbulani/airflow/dags/new2_dag.py for tasks to queue
[2023-03-29T21:18:27.231+0200] {logging_mixin.py:137} INFO - [2023-03-29T21:18:27.231+0200] {dagbag.py:532} INFO - Filling up the DagBag from /home/humbulani/airflow/dags/new2_dag.py
[2023-03-29T21:18:27.303+0200] {logging_mixin.py:137} INFO - [2023-03-29T21:18:27.303+0200] {utils.py:160} INFO - NumExpr defaulting to 4 threads.
[2023-03-29T21:18:27.563+0200] {processor.py:753} INFO - DAG(s) dict_keys(['mysql_dag']) retrieved from /home/humbulani/airflow/dags/new2_dag.py
[2023-03-29T21:18:27.577+0200] {logging_mixin.py:137} INFO - [2023-03-29T21:18:27.577+0200] {dag.py:2693} INFO - Sync 1 DAGs
[2023-03-29T21:18:27.603+0200] {logging_mixin.py:137} INFO - [2023-03-29T21:18:27.603+0200] {dag.py:3440} INFO - Setting next_dagrun for mysql_dag to None, run_after=None
[2023-03-29T21:18:27.807+0200] {processor.py:175} INFO - Processing /home/humbulani/airflow/dags/new2_dag.py took 0.581 seconds
[2023-03-29T21:18:57.855+0200] {processor.py:153} INFO - Started process (PID=14368) to work on /home/humbulani/airflow/dags/new2_dag.py
[2023-03-29T21:18:57.856+0200] {processor.py:743} INFO - Processing file /home/humbulani/airflow/dags/new2_dag.py for tasks to queue
[2023-03-29T21:18:57.856+0200] {logging_mixin.py:137} INFO - [2023-03-29T21:18:57.856+0200] {dagbag.py:532} INFO - Filling up the DagBag from /home/humbulani/airflow/dags/new2_dag.py
[2023-03-29T21:18:57.928+0200] {logging_mixin.py:137} INFO - [2023-03-29T21:18:57.928+0200] {utils.py:160} INFO - NumExpr defaulting to 4 threads.
[2023-03-29T21:18:58.181+0200] {processor.py:753} INFO - DAG(s) dict_keys(['mysql_dag']) retrieved from /home/humbulani/airflow/dags/new2_dag.py
[2023-03-29T21:18:58.196+0200] {logging_mixin.py:137} INFO - [2023-03-29T21:18:58.196+0200] {dag.py:2693} INFO - Sync 1 DAGs
[2023-03-29T21:18:58.218+0200] {logging_mixin.py:137} INFO - [2023-03-29T21:18:58.218+0200] {dag.py:3440} INFO - Setting next_dagrun for mysql_dag to None, run_after=None
[2023-03-29T21:18:58.408+0200] {processor.py:175} INFO - Processing /home/humbulani/airflow/dags/new2_dag.py took 0.555 seconds
[2023-03-29T21:19:28.534+0200] {processor.py:153} INFO - Started process (PID=14378) to work on /home/humbulani/airflow/dags/new2_dag.py
[2023-03-29T21:19:28.535+0200] {processor.py:743} INFO - Processing file /home/humbulani/airflow/dags/new2_dag.py for tasks to queue
[2023-03-29T21:19:28.535+0200] {logging_mixin.py:137} INFO - [2023-03-29T21:19:28.535+0200] {dagbag.py:532} INFO - Filling up the DagBag from /home/humbulani/airflow/dags/new2_dag.py
[2023-03-29T21:19:28.609+0200] {logging_mixin.py:137} INFO - [2023-03-29T21:19:28.609+0200] {utils.py:160} INFO - NumExpr defaulting to 4 threads.
[2023-03-29T21:19:28.875+0200] {processor.py:753} INFO - DAG(s) dict_keys(['mysql_dag']) retrieved from /home/humbulani/airflow/dags/new2_dag.py
[2023-03-29T21:19:28.895+0200] {logging_mixin.py:137} INFO - [2023-03-29T21:19:28.894+0200] {dag.py:2693} INFO - Sync 1 DAGs
[2023-03-29T21:19:28.918+0200] {logging_mixin.py:137} INFO - [2023-03-29T21:19:28.918+0200] {dag.py:3440} INFO - Setting next_dagrun for mysql_dag to None, run_after=None
[2023-03-29T21:19:29.151+0200] {processor.py:175} INFO - Processing /home/humbulani/airflow/dags/new2_dag.py took 0.620 seconds
[2023-03-29T21:19:59.264+0200] {processor.py:153} INFO - Started process (PID=14393) to work on /home/humbulani/airflow/dags/new2_dag.py
[2023-03-29T21:19:59.265+0200] {processor.py:743} INFO - Processing file /home/humbulani/airflow/dags/new2_dag.py for tasks to queue
[2023-03-29T21:19:59.265+0200] {logging_mixin.py:137} INFO - [2023-03-29T21:19:59.265+0200] {dagbag.py:532} INFO - Filling up the DagBag from /home/humbulani/airflow/dags/new2_dag.py
[2023-03-29T21:19:59.337+0200] {logging_mixin.py:137} INFO - [2023-03-29T21:19:59.337+0200] {utils.py:160} INFO - NumExpr defaulting to 4 threads.
[2023-03-29T21:19:59.597+0200] {processor.py:753} INFO - DAG(s) dict_keys(['mysql_dag']) retrieved from /home/humbulani/airflow/dags/new2_dag.py
[2023-03-29T21:19:59.611+0200] {logging_mixin.py:137} INFO - [2023-03-29T21:19:59.611+0200] {dag.py:2693} INFO - Sync 1 DAGs
[2023-03-29T21:19:59.635+0200] {logging_mixin.py:137} INFO - [2023-03-29T21:19:59.635+0200] {dag.py:3440} INFO - Setting next_dagrun for mysql_dag to None, run_after=None
[2023-03-29T21:19:59.723+0200] {processor.py:175} INFO - Processing /home/humbulani/airflow/dags/new2_dag.py took 0.462 seconds
[2023-03-29T21:20:29.850+0200] {processor.py:153} INFO - Started process (PID=14409) to work on /home/humbulani/airflow/dags/new2_dag.py
[2023-03-29T21:20:29.851+0200] {processor.py:743} INFO - Processing file /home/humbulani/airflow/dags/new2_dag.py for tasks to queue
[2023-03-29T21:20:29.852+0200] {logging_mixin.py:137} INFO - [2023-03-29T21:20:29.852+0200] {dagbag.py:532} INFO - Filling up the DagBag from /home/humbulani/airflow/dags/new2_dag.py
[2023-03-29T21:20:29.925+0200] {logging_mixin.py:137} INFO - [2023-03-29T21:20:29.925+0200] {utils.py:160} INFO - NumExpr defaulting to 4 threads.
[2023-03-29T21:20:30.184+0200] {processor.py:753} INFO - DAG(s) dict_keys(['mysql_dag']) retrieved from /home/humbulani/airflow/dags/new2_dag.py
[2023-03-29T21:20:30.200+0200] {logging_mixin.py:137} INFO - [2023-03-29T21:20:30.200+0200] {dag.py:2693} INFO - Sync 1 DAGs
[2023-03-29T21:20:30.226+0200] {logging_mixin.py:137} INFO - [2023-03-29T21:20:30.226+0200] {dag.py:3440} INFO - Setting next_dagrun for mysql_dag to None, run_after=None
[2023-03-29T21:20:30.408+0200] {processor.py:175} INFO - Processing /home/humbulani/airflow/dags/new2_dag.py took 0.562 seconds
[2023-03-29T22:04:48.429+0200] {processor.py:153} INFO - Started process (PID=16259) to work on /home/humbulani/airflow/dags/new2_dag.py
[2023-03-29T22:04:48.435+0200] {processor.py:743} INFO - Processing file /home/humbulani/airflow/dags/new2_dag.py for tasks to queue
[2023-03-29T22:04:48.435+0200] {logging_mixin.py:137} INFO - [2023-03-29T22:04:48.435+0200] {dagbag.py:532} INFO - Filling up the DagBag from /home/humbulani/airflow/dags/new2_dag.py
[2023-03-29T22:04:48.513+0200] {logging_mixin.py:137} INFO - [2023-03-29T22:04:48.513+0200] {utils.py:160} INFO - NumExpr defaulting to 4 threads.
[2023-03-29T22:04:48.775+0200] {processor.py:753} INFO - DAG(s) dict_keys(['mysql_dag']) retrieved from /home/humbulani/airflow/dags/new2_dag.py
[2023-03-29T22:04:48.800+0200] {logging_mixin.py:137} INFO - [2023-03-29T22:04:48.800+0200] {dag.py:2693} INFO - Sync 1 DAGs
[2023-03-29T22:04:48.822+0200] {logging_mixin.py:137} INFO - [2023-03-29T22:04:48.821+0200] {dag.py:3440} INFO - Setting next_dagrun for mysql_dag to None, run_after=None
[2023-03-29T22:04:48.911+0200] {processor.py:175} INFO - Processing /home/humbulani/airflow/dags/new2_dag.py took 0.489 seconds
[2023-03-29T22:05:19.037+0200] {processor.py:153} INFO - Started process (PID=16290) to work on /home/humbulani/airflow/dags/new2_dag.py
[2023-03-29T22:05:19.038+0200] {processor.py:743} INFO - Processing file /home/humbulani/airflow/dags/new2_dag.py for tasks to queue
[2023-03-29T22:05:19.038+0200] {logging_mixin.py:137} INFO - [2023-03-29T22:05:19.038+0200] {dagbag.py:532} INFO - Filling up the DagBag from /home/humbulani/airflow/dags/new2_dag.py
[2023-03-29T22:05:19.119+0200] {logging_mixin.py:137} INFO - [2023-03-29T22:05:19.119+0200] {utils.py:160} INFO - NumExpr defaulting to 4 threads.
[2023-03-29T22:05:19.397+0200] {processor.py:753} INFO - DAG(s) dict_keys(['mysql_dag']) retrieved from /home/humbulani/airflow/dags/new2_dag.py
[2023-03-29T22:05:19.411+0200] {logging_mixin.py:137} INFO - [2023-03-29T22:05:19.411+0200] {dag.py:2693} INFO - Sync 1 DAGs
[2023-03-29T22:05:19.436+0200] {logging_mixin.py:137} INFO - [2023-03-29T22:05:19.435+0200] {dag.py:3440} INFO - Setting next_dagrun for mysql_dag to None, run_after=None
[2023-03-29T22:05:19.676+0200] {processor.py:175} INFO - Processing /home/humbulani/airflow/dags/new2_dag.py took 0.642 seconds
[2023-03-29T22:05:49.795+0200] {processor.py:153} INFO - Started process (PID=16299) to work on /home/humbulani/airflow/dags/new2_dag.py
[2023-03-29T22:05:49.997+0200] {processor.py:743} INFO - Processing file /home/humbulani/airflow/dags/new2_dag.py for tasks to queue
[2023-03-29T22:05:49.997+0200] {logging_mixin.py:137} INFO - [2023-03-29T22:05:49.997+0200] {dagbag.py:532} INFO - Filling up the DagBag from /home/humbulani/airflow/dags/new2_dag.py
[2023-03-29T22:05:50.069+0200] {logging_mixin.py:137} INFO - [2023-03-29T22:05:50.069+0200] {utils.py:160} INFO - NumExpr defaulting to 4 threads.
[2023-03-29T22:05:50.443+0200] {processor.py:753} INFO - DAG(s) dict_keys(['mysql_dag']) retrieved from /home/humbulani/airflow/dags/new2_dag.py
[2023-03-29T22:05:50.460+0200] {logging_mixin.py:137} INFO - [2023-03-29T22:05:50.460+0200] {dag.py:2693} INFO - Sync 1 DAGs
[2023-03-29T22:05:50.483+0200] {logging_mixin.py:137} INFO - [2023-03-29T22:05:50.483+0200] {dag.py:3440} INFO - Setting next_dagrun for mysql_dag to None, run_after=None
[2023-03-29T22:05:50.767+0200] {processor.py:175} INFO - Processing /home/humbulani/airflow/dags/new2_dag.py took 0.975 seconds
[2023-03-29T22:06:20.804+0200] {processor.py:153} INFO - Started process (PID=16321) to work on /home/humbulani/airflow/dags/new2_dag.py
[2023-03-29T22:06:20.804+0200] {processor.py:743} INFO - Processing file /home/humbulani/airflow/dags/new2_dag.py for tasks to queue
[2023-03-29T22:06:20.805+0200] {logging_mixin.py:137} INFO - [2023-03-29T22:06:20.805+0200] {dagbag.py:532} INFO - Filling up the DagBag from /home/humbulani/airflow/dags/new2_dag.py
[2023-03-29T22:06:20.907+0200] {logging_mixin.py:137} INFO - [2023-03-29T22:06:20.907+0200] {utils.py:160} INFO - NumExpr defaulting to 4 threads.
[2023-03-29T22:06:21.205+0200] {processor.py:753} INFO - DAG(s) dict_keys(['mysql_dag']) retrieved from /home/humbulani/airflow/dags/new2_dag.py
[2023-03-29T22:06:21.221+0200] {logging_mixin.py:137} INFO - [2023-03-29T22:06:21.220+0200] {dag.py:2693} INFO - Sync 1 DAGs
[2023-03-29T22:06:21.244+0200] {logging_mixin.py:137} INFO - [2023-03-29T22:06:21.243+0200] {dag.py:3440} INFO - Setting next_dagrun for mysql_dag to None, run_after=None
[2023-03-29T22:06:21.774+0200] {processor.py:175} INFO - Processing /home/humbulani/airflow/dags/new2_dag.py took 0.974 seconds
[2023-03-29T22:06:51.919+0200] {processor.py:153} INFO - Started process (PID=16362) to work on /home/humbulani/airflow/dags/new2_dag.py
[2023-03-29T22:06:51.919+0200] {processor.py:743} INFO - Processing file /home/humbulani/airflow/dags/new2_dag.py for tasks to queue
[2023-03-29T22:06:51.920+0200] {logging_mixin.py:137} INFO - [2023-03-29T22:06:51.920+0200] {dagbag.py:532} INFO - Filling up the DagBag from /home/humbulani/airflow/dags/new2_dag.py
[2023-03-29T22:06:52.033+0200] {logging_mixin.py:137} INFO - [2023-03-29T22:06:52.033+0200] {utils.py:160} INFO - NumExpr defaulting to 4 threads.
[2023-03-29T22:06:52.339+0200] {processor.py:753} INFO - DAG(s) dict_keys(['mysql_dag']) retrieved from /home/humbulani/airflow/dags/new2_dag.py
[2023-03-29T22:06:52.354+0200] {logging_mixin.py:137} INFO - [2023-03-29T22:06:52.354+0200] {dag.py:2693} INFO - Sync 1 DAGs
[2023-03-29T22:06:52.379+0200] {logging_mixin.py:137} INFO - [2023-03-29T22:06:52.378+0200] {dag.py:3440} INFO - Setting next_dagrun for mysql_dag to None, run_after=None
[2023-03-29T22:06:52.477+0200] {processor.py:175} INFO - Processing /home/humbulani/airflow/dags/new2_dag.py took 0.563 seconds
[2023-03-29T22:07:22.614+0200] {processor.py:153} INFO - Started process (PID=16378) to work on /home/humbulani/airflow/dags/new2_dag.py
[2023-03-29T22:07:22.615+0200] {processor.py:743} INFO - Processing file /home/humbulani/airflow/dags/new2_dag.py for tasks to queue
[2023-03-29T22:07:22.615+0200] {logging_mixin.py:137} INFO - [2023-03-29T22:07:22.615+0200] {dagbag.py:532} INFO - Filling up the DagBag from /home/humbulani/airflow/dags/new2_dag.py
[2023-03-29T22:07:22.702+0200] {logging_mixin.py:137} INFO - [2023-03-29T22:07:22.702+0200] {utils.py:160} INFO - NumExpr defaulting to 4 threads.
[2023-03-29T22:07:23.016+0200] {processor.py:753} INFO - DAG(s) dict_keys(['mysql_dag']) retrieved from /home/humbulani/airflow/dags/new2_dag.py
[2023-03-29T22:07:23.031+0200] {logging_mixin.py:137} INFO - [2023-03-29T22:07:23.031+0200] {dag.py:2693} INFO - Sync 1 DAGs
[2023-03-29T22:07:23.056+0200] {logging_mixin.py:137} INFO - [2023-03-29T22:07:23.056+0200] {dag.py:3440} INFO - Setting next_dagrun for mysql_dag to None, run_after=None
[2023-03-29T22:07:23.217+0200] {processor.py:175} INFO - Processing /home/humbulani/airflow/dags/new2_dag.py took 0.606 seconds
[2023-03-29T22:07:53.330+0200] {processor.py:153} INFO - Started process (PID=16391) to work on /home/humbulani/airflow/dags/new2_dag.py
[2023-03-29T22:07:53.331+0200] {processor.py:743} INFO - Processing file /home/humbulani/airflow/dags/new2_dag.py for tasks to queue
[2023-03-29T22:07:53.332+0200] {logging_mixin.py:137} INFO - [2023-03-29T22:07:53.332+0200] {dagbag.py:532} INFO - Filling up the DagBag from /home/humbulani/airflow/dags/new2_dag.py
[2023-03-29T22:07:53.401+0200] {logging_mixin.py:137} INFO - [2023-03-29T22:07:53.401+0200] {utils.py:160} INFO - NumExpr defaulting to 4 threads.
[2023-03-29T22:07:53.649+0200] {processor.py:753} INFO - DAG(s) dict_keys(['mysql_dag']) retrieved from /home/humbulani/airflow/dags/new2_dag.py
[2023-03-29T22:07:53.663+0200] {logging_mixin.py:137} INFO - [2023-03-29T22:07:53.663+0200] {dag.py:2693} INFO - Sync 1 DAGs
[2023-03-29T22:07:53.683+0200] {logging_mixin.py:137} INFO - [2023-03-29T22:07:53.683+0200] {dag.py:3440} INFO - Setting next_dagrun for mysql_dag to None, run_after=None
[2023-03-29T22:07:53.773+0200] {processor.py:175} INFO - Processing /home/humbulani/airflow/dags/new2_dag.py took 0.446 seconds
[2023-03-29T22:08:23.909+0200] {processor.py:153} INFO - Started process (PID=16401) to work on /home/humbulani/airflow/dags/new2_dag.py
[2023-03-29T22:08:23.924+0200] {processor.py:743} INFO - Processing file /home/humbulani/airflow/dags/new2_dag.py for tasks to queue
[2023-03-29T22:08:23.924+0200] {logging_mixin.py:137} INFO - [2023-03-29T22:08:23.924+0200] {dagbag.py:532} INFO - Filling up the DagBag from /home/humbulani/airflow/dags/new2_dag.py
[2023-03-29T22:08:24.017+0200] {logging_mixin.py:137} INFO - [2023-03-29T22:08:24.017+0200] {utils.py:160} INFO - NumExpr defaulting to 4 threads.
[2023-03-29T22:08:24.314+0200] {processor.py:753} INFO - DAG(s) dict_keys(['mysql_dag']) retrieved from /home/humbulani/airflow/dags/new2_dag.py
[2023-03-29T22:08:24.335+0200] {logging_mixin.py:137} INFO - [2023-03-29T22:08:24.335+0200] {dag.py:2693} INFO - Sync 1 DAGs
[2023-03-29T22:08:24.363+0200] {logging_mixin.py:137} INFO - [2023-03-29T22:08:24.362+0200] {dag.py:3440} INFO - Setting next_dagrun for mysql_dag to None, run_after=None
[2023-03-29T22:08:24.564+0200] {processor.py:175} INFO - Processing /home/humbulani/airflow/dags/new2_dag.py took 0.659 seconds
[2023-03-29T22:08:54.684+0200] {processor.py:153} INFO - Started process (PID=16434) to work on /home/humbulani/airflow/dags/new2_dag.py
[2023-03-29T22:08:54.685+0200] {processor.py:743} INFO - Processing file /home/humbulani/airflow/dags/new2_dag.py for tasks to queue
[2023-03-29T22:08:54.685+0200] {logging_mixin.py:137} INFO - [2023-03-29T22:08:54.685+0200] {dagbag.py:532} INFO - Filling up the DagBag from /home/humbulani/airflow/dags/new2_dag.py
[2023-03-29T22:08:54.753+0200] {logging_mixin.py:137} INFO - [2023-03-29T22:08:54.753+0200] {utils.py:160} INFO - NumExpr defaulting to 4 threads.
[2023-03-29T22:08:54.999+0200] {processor.py:753} INFO - DAG(s) dict_keys(['mysql_dag']) retrieved from /home/humbulani/airflow/dags/new2_dag.py
[2023-03-29T22:08:55.016+0200] {logging_mixin.py:137} INFO - [2023-03-29T22:08:55.015+0200] {dag.py:2693} INFO - Sync 1 DAGs
[2023-03-29T22:08:55.041+0200] {logging_mixin.py:137} INFO - [2023-03-29T22:08:55.040+0200] {dag.py:3440} INFO - Setting next_dagrun for mysql_dag to None, run_after=None
[2023-03-29T22:08:55.205+0200] {processor.py:175} INFO - Processing /home/humbulani/airflow/dags/new2_dag.py took 0.525 seconds
[2023-03-29T22:09:25.341+0200] {processor.py:153} INFO - Started process (PID=16504) to work on /home/humbulani/airflow/dags/new2_dag.py
[2023-03-29T22:09:25.342+0200] {processor.py:743} INFO - Processing file /home/humbulani/airflow/dags/new2_dag.py for tasks to queue
[2023-03-29T22:09:25.343+0200] {logging_mixin.py:137} INFO - [2023-03-29T22:09:25.343+0200] {dagbag.py:532} INFO - Filling up the DagBag from /home/humbulani/airflow/dags/new2_dag.py
[2023-03-29T22:09:25.435+0200] {logging_mixin.py:137} INFO - [2023-03-29T22:09:25.435+0200] {utils.py:160} INFO - NumExpr defaulting to 4 threads.
[2023-03-29T22:09:25.691+0200] {processor.py:753} INFO - DAG(s) dict_keys(['mysql_dag']) retrieved from /home/humbulani/airflow/dags/new2_dag.py
[2023-03-29T22:09:25.706+0200] {logging_mixin.py:137} INFO - [2023-03-29T22:09:25.705+0200] {dag.py:2693} INFO - Sync 1 DAGs
[2023-03-29T22:09:25.728+0200] {logging_mixin.py:137} INFO - [2023-03-29T22:09:25.728+0200] {dag.py:3440} INFO - Setting next_dagrun for mysql_dag to None, run_after=None
[2023-03-29T22:09:25.809+0200] {processor.py:175} INFO - Processing /home/humbulani/airflow/dags/new2_dag.py took 0.471 seconds
[2023-03-29T22:09:55.921+0200] {processor.py:153} INFO - Started process (PID=16523) to work on /home/humbulani/airflow/dags/new2_dag.py
[2023-03-29T22:09:55.922+0200] {processor.py:743} INFO - Processing file /home/humbulani/airflow/dags/new2_dag.py for tasks to queue
[2023-03-29T22:09:55.922+0200] {logging_mixin.py:137} INFO - [2023-03-29T22:09:55.922+0200] {dagbag.py:532} INFO - Filling up the DagBag from /home/humbulani/airflow/dags/new2_dag.py
[2023-03-29T22:09:55.988+0200] {logging_mixin.py:137} INFO - [2023-03-29T22:09:55.987+0200] {utils.py:160} INFO - NumExpr defaulting to 4 threads.
[2023-03-29T22:09:56.265+0200] {processor.py:753} INFO - DAG(s) dict_keys(['mysql_dag']) retrieved from /home/humbulani/airflow/dags/new2_dag.py
[2023-03-29T22:09:56.292+0200] {logging_mixin.py:137} INFO - [2023-03-29T22:09:56.291+0200] {dag.py:2693} INFO - Sync 1 DAGs
[2023-03-29T22:09:56.325+0200] {logging_mixin.py:137} INFO - [2023-03-29T22:09:56.325+0200] {dag.py:3440} INFO - Setting next_dagrun for mysql_dag to None, run_after=None
[2023-03-29T22:09:56.527+0200] {processor.py:175} INFO - Processing /home/humbulani/airflow/dags/new2_dag.py took 0.609 seconds
[2023-03-29T22:10:26.665+0200] {processor.py:153} INFO - Started process (PID=16546) to work on /home/humbulani/airflow/dags/new2_dag.py
[2023-03-29T22:10:26.665+0200] {processor.py:743} INFO - Processing file /home/humbulani/airflow/dags/new2_dag.py for tasks to queue
[2023-03-29T22:10:26.666+0200] {logging_mixin.py:137} INFO - [2023-03-29T22:10:26.666+0200] {dagbag.py:532} INFO - Filling up the DagBag from /home/humbulani/airflow/dags/new2_dag.py
[2023-03-29T22:10:26.740+0200] {logging_mixin.py:137} INFO - [2023-03-29T22:10:26.740+0200] {utils.py:160} INFO - NumExpr defaulting to 4 threads.
[2023-03-29T22:10:27.101+0200] {processor.py:753} INFO - DAG(s) dict_keys(['mysql_dag']) retrieved from /home/humbulani/airflow/dags/new2_dag.py
[2023-03-29T22:10:27.125+0200] {logging_mixin.py:137} INFO - [2023-03-29T22:10:27.125+0200] {dag.py:2693} INFO - Sync 1 DAGs
[2023-03-29T22:10:27.157+0200] {logging_mixin.py:137} INFO - [2023-03-29T22:10:27.157+0200] {dag.py:3440} INFO - Setting next_dagrun for mysql_dag to None, run_after=None
[2023-03-29T22:10:27.315+0200] {processor.py:175} INFO - Processing /home/humbulani/airflow/dags/new2_dag.py took 0.655 seconds
[2023-03-29T22:10:57.440+0200] {processor.py:153} INFO - Started process (PID=16571) to work on /home/humbulani/airflow/dags/new2_dag.py
[2023-03-29T22:10:57.457+0200] {processor.py:743} INFO - Processing file /home/humbulani/airflow/dags/new2_dag.py for tasks to queue
[2023-03-29T22:10:57.457+0200] {logging_mixin.py:137} INFO - [2023-03-29T22:10:57.457+0200] {dagbag.py:532} INFO - Filling up the DagBag from /home/humbulani/airflow/dags/new2_dag.py
[2023-03-29T22:10:57.522+0200] {logging_mixin.py:137} INFO - [2023-03-29T22:10:57.522+0200] {utils.py:160} INFO - NumExpr defaulting to 4 threads.
[2023-03-29T22:10:57.763+0200] {processor.py:753} INFO - DAG(s) dict_keys(['mysql_dag']) retrieved from /home/humbulani/airflow/dags/new2_dag.py
[2023-03-29T22:10:57.778+0200] {logging_mixin.py:137} INFO - [2023-03-29T22:10:57.778+0200] {dag.py:2693} INFO - Sync 1 DAGs
[2023-03-29T22:10:57.799+0200] {logging_mixin.py:137} INFO - [2023-03-29T22:10:57.799+0200] {dag.py:3440} INFO - Setting next_dagrun for mysql_dag to None, run_after=None
[2023-03-29T22:10:57.892+0200] {processor.py:175} INFO - Processing /home/humbulani/airflow/dags/new2_dag.py took 0.454 seconds
[2023-03-29T22:11:28.022+0200] {processor.py:153} INFO - Started process (PID=16584) to work on /home/humbulani/airflow/dags/new2_dag.py
[2023-03-29T22:11:28.039+0200] {processor.py:743} INFO - Processing file /home/humbulani/airflow/dags/new2_dag.py for tasks to queue
[2023-03-29T22:11:28.040+0200] {logging_mixin.py:137} INFO - [2023-03-29T22:11:28.040+0200] {dagbag.py:532} INFO - Filling up the DagBag from /home/humbulani/airflow/dags/new2_dag.py
[2023-03-29T22:11:28.103+0200] {logging_mixin.py:137} INFO - [2023-03-29T22:11:28.103+0200] {utils.py:160} INFO - NumExpr defaulting to 4 threads.
[2023-03-29T22:11:28.342+0200] {processor.py:753} INFO - DAG(s) dict_keys(['mysql_dag']) retrieved from /home/humbulani/airflow/dags/new2_dag.py
[2023-03-29T22:11:28.358+0200] {logging_mixin.py:137} INFO - [2023-03-29T22:11:28.357+0200] {dag.py:2693} INFO - Sync 1 DAGs
[2023-03-29T22:11:28.379+0200] {logging_mixin.py:137} INFO - [2023-03-29T22:11:28.379+0200] {dag.py:3440} INFO - Setting next_dagrun for mysql_dag to None, run_after=None
[2023-03-29T22:11:28.490+0200] {processor.py:175} INFO - Processing /home/humbulani/airflow/dags/new2_dag.py took 0.471 seconds
[2023-03-29T22:11:58.631+0200] {processor.py:153} INFO - Started process (PID=16597) to work on /home/humbulani/airflow/dags/new2_dag.py
[2023-03-29T22:11:58.672+0200] {processor.py:743} INFO - Processing file /home/humbulani/airflow/dags/new2_dag.py for tasks to queue
[2023-03-29T22:11:58.673+0200] {logging_mixin.py:137} INFO - [2023-03-29T22:11:58.672+0200] {dagbag.py:532} INFO - Filling up the DagBag from /home/humbulani/airflow/dags/new2_dag.py
[2023-03-29T22:11:58.767+0200] {logging_mixin.py:137} INFO - [2023-03-29T22:11:58.766+0200] {utils.py:160} INFO - NumExpr defaulting to 4 threads.
[2023-03-29T22:11:59.113+0200] {processor.py:753} INFO - DAG(s) dict_keys(['mysql_dag']) retrieved from /home/humbulani/airflow/dags/new2_dag.py
[2023-03-29T22:11:59.131+0200] {logging_mixin.py:137} INFO - [2023-03-29T22:11:59.130+0200] {dag.py:2693} INFO - Sync 1 DAGs
[2023-03-29T22:11:59.153+0200] {logging_mixin.py:137} INFO - [2023-03-29T22:11:59.153+0200] {dag.py:3440} INFO - Setting next_dagrun for mysql_dag to None, run_after=None
[2023-03-29T22:11:59.435+0200] {processor.py:175} INFO - Processing /home/humbulani/airflow/dags/new2_dag.py took 0.807 seconds
[2023-03-29T22:12:29.574+0200] {processor.py:153} INFO - Started process (PID=16608) to work on /home/humbulani/airflow/dags/new2_dag.py
[2023-03-29T22:12:29.587+0200] {processor.py:743} INFO - Processing file /home/humbulani/airflow/dags/new2_dag.py for tasks to queue
[2023-03-29T22:12:29.588+0200] {logging_mixin.py:137} INFO - [2023-03-29T22:12:29.588+0200] {dagbag.py:532} INFO - Filling up the DagBag from /home/humbulani/airflow/dags/new2_dag.py
[2023-03-29T22:12:29.655+0200] {logging_mixin.py:137} INFO - [2023-03-29T22:12:29.655+0200] {utils.py:160} INFO - NumExpr defaulting to 4 threads.
[2023-03-29T22:12:29.899+0200] {processor.py:753} INFO - DAG(s) dict_keys(['mysql_dag']) retrieved from /home/humbulani/airflow/dags/new2_dag.py
[2023-03-29T22:12:29.913+0200] {logging_mixin.py:137} INFO - [2023-03-29T22:12:29.912+0200] {dag.py:2693} INFO - Sync 1 DAGs
[2023-03-29T22:12:29.934+0200] {logging_mixin.py:137} INFO - [2023-03-29T22:12:29.934+0200] {dag.py:3440} INFO - Setting next_dagrun for mysql_dag to None, run_after=None
[2023-03-29T22:12:30.035+0200] {processor.py:175} INFO - Processing /home/humbulani/airflow/dags/new2_dag.py took 0.463 seconds
[2023-03-29T22:13:00.160+0200] {processor.py:153} INFO - Started process (PID=16619) to work on /home/humbulani/airflow/dags/new2_dag.py
[2023-03-29T22:13:00.177+0200] {processor.py:743} INFO - Processing file /home/humbulani/airflow/dags/new2_dag.py for tasks to queue
[2023-03-29T22:13:00.178+0200] {logging_mixin.py:137} INFO - [2023-03-29T22:13:00.177+0200] {dagbag.py:532} INFO - Filling up the DagBag from /home/humbulani/airflow/dags/new2_dag.py
[2023-03-29T22:13:00.244+0200] {logging_mixin.py:137} INFO - [2023-03-29T22:13:00.244+0200] {utils.py:160} INFO - NumExpr defaulting to 4 threads.
[2023-03-29T22:13:00.482+0200] {processor.py:753} INFO - DAG(s) dict_keys(['mysql_dag']) retrieved from /home/humbulani/airflow/dags/new2_dag.py
[2023-03-29T22:13:00.504+0200] {logging_mixin.py:137} INFO - [2023-03-29T22:13:00.504+0200] {dag.py:2693} INFO - Sync 1 DAGs
[2023-03-29T22:13:00.530+0200] {logging_mixin.py:137} INFO - [2023-03-29T22:13:00.530+0200] {dag.py:3440} INFO - Setting next_dagrun for mysql_dag to None, run_after=None
[2023-03-29T22:13:00.752+0200] {processor.py:175} INFO - Processing /home/humbulani/airflow/dags/new2_dag.py took 0.595 seconds
[2023-03-29T22:13:30.790+0200] {processor.py:153} INFO - Started process (PID=16628) to work on /home/humbulani/airflow/dags/new2_dag.py
[2023-03-29T22:13:30.791+0200] {processor.py:743} INFO - Processing file /home/humbulani/airflow/dags/new2_dag.py for tasks to queue
[2023-03-29T22:13:30.791+0200] {logging_mixin.py:137} INFO - [2023-03-29T22:13:30.791+0200] {dagbag.py:532} INFO - Filling up the DagBag from /home/humbulani/airflow/dags/new2_dag.py
[2023-03-29T22:13:30.856+0200] {logging_mixin.py:137} INFO - [2023-03-29T22:13:30.856+0200] {utils.py:160} INFO - NumExpr defaulting to 4 threads.
[2023-03-29T22:13:31.094+0200] {processor.py:753} INFO - DAG(s) dict_keys(['mysql_dag']) retrieved from /home/humbulani/airflow/dags/new2_dag.py
[2023-03-29T22:13:31.109+0200] {logging_mixin.py:137} INFO - [2023-03-29T22:13:31.109+0200] {dag.py:2693} INFO - Sync 1 DAGs
[2023-03-29T22:13:31.131+0200] {logging_mixin.py:137} INFO - [2023-03-29T22:13:31.131+0200] {dag.py:3440} INFO - Setting next_dagrun for mysql_dag to None, run_after=None
[2023-03-29T22:13:31.220+0200] {processor.py:175} INFO - Processing /home/humbulani/airflow/dags/new2_dag.py took 0.433 seconds
[2023-03-29T22:14:01.341+0200] {processor.py:153} INFO - Started process (PID=16637) to work on /home/humbulani/airflow/dags/new2_dag.py
[2023-03-29T22:14:01.342+0200] {processor.py:743} INFO - Processing file /home/humbulani/airflow/dags/new2_dag.py for tasks to queue
[2023-03-29T22:14:01.342+0200] {logging_mixin.py:137} INFO - [2023-03-29T22:14:01.342+0200] {dagbag.py:532} INFO - Filling up the DagBag from /home/humbulani/airflow/dags/new2_dag.py
[2023-03-29T22:14:01.408+0200] {logging_mixin.py:137} INFO - [2023-03-29T22:14:01.408+0200] {utils.py:160} INFO - NumExpr defaulting to 4 threads.
[2023-03-29T22:14:01.644+0200] {processor.py:753} INFO - DAG(s) dict_keys(['mysql_dag']) retrieved from /home/humbulani/airflow/dags/new2_dag.py
[2023-03-29T22:14:01.658+0200] {logging_mixin.py:137} INFO - [2023-03-29T22:14:01.657+0200] {dag.py:2693} INFO - Sync 1 DAGs
[2023-03-29T22:14:01.678+0200] {logging_mixin.py:137} INFO - [2023-03-29T22:14:01.678+0200] {dag.py:3440} INFO - Setting next_dagrun for mysql_dag to None, run_after=None
[2023-03-29T22:14:02.027+0200] {processor.py:175} INFO - Processing /home/humbulani/airflow/dags/new2_dag.py took 0.688 seconds
[2023-03-29T22:14:32.082+0200] {processor.py:153} INFO - Started process (PID=16651) to work on /home/humbulani/airflow/dags/new2_dag.py
[2023-03-29T22:14:32.083+0200] {processor.py:743} INFO - Processing file /home/humbulani/airflow/dags/new2_dag.py for tasks to queue
[2023-03-29T22:14:32.083+0200] {logging_mixin.py:137} INFO - [2023-03-29T22:14:32.083+0200] {dagbag.py:532} INFO - Filling up the DagBag from /home/humbulani/airflow/dags/new2_dag.py
[2023-03-29T22:14:32.150+0200] {logging_mixin.py:137} INFO - [2023-03-29T22:14:32.150+0200] {utils.py:160} INFO - NumExpr defaulting to 4 threads.
[2023-03-29T22:14:32.389+0200] {processor.py:753} INFO - DAG(s) dict_keys(['mysql_dag']) retrieved from /home/humbulani/airflow/dags/new2_dag.py
[2023-03-29T22:14:32.403+0200] {logging_mixin.py:137} INFO - [2023-03-29T22:14:32.402+0200] {dag.py:2693} INFO - Sync 1 DAGs
[2023-03-29T22:14:32.423+0200] {logging_mixin.py:137} INFO - [2023-03-29T22:14:32.423+0200] {dag.py:3440} INFO - Setting next_dagrun for mysql_dag to None, run_after=None
[2023-03-29T22:14:32.616+0200] {processor.py:175} INFO - Processing /home/humbulani/airflow/dags/new2_dag.py took 0.537 seconds
[2023-03-29T22:15:02.739+0200] {processor.py:153} INFO - Started process (PID=16660) to work on /home/humbulani/airflow/dags/new2_dag.py
[2023-03-29T22:15:02.740+0200] {processor.py:743} INFO - Processing file /home/humbulani/airflow/dags/new2_dag.py for tasks to queue
[2023-03-29T22:15:02.740+0200] {logging_mixin.py:137} INFO - [2023-03-29T22:15:02.740+0200] {dagbag.py:532} INFO - Filling up the DagBag from /home/humbulani/airflow/dags/new2_dag.py
[2023-03-29T22:15:02.804+0200] {logging_mixin.py:137} INFO - [2023-03-29T22:15:02.804+0200] {utils.py:160} INFO - NumExpr defaulting to 4 threads.
[2023-03-29T22:15:03.048+0200] {processor.py:753} INFO - DAG(s) dict_keys(['mysql_dag']) retrieved from /home/humbulani/airflow/dags/new2_dag.py
[2023-03-29T22:15:03.061+0200] {logging_mixin.py:137} INFO - [2023-03-29T22:15:03.061+0200] {dag.py:2693} INFO - Sync 1 DAGs
[2023-03-29T22:15:03.081+0200] {logging_mixin.py:137} INFO - [2023-03-29T22:15:03.081+0200] {dag.py:3440} INFO - Setting next_dagrun for mysql_dag to None, run_after=None
[2023-03-29T22:15:03.207+0200] {processor.py:175} INFO - Processing /home/humbulani/airflow/dags/new2_dag.py took 0.470 seconds
[2023-03-29T22:15:33.332+0200] {processor.py:153} INFO - Started process (PID=16672) to work on /home/humbulani/airflow/dags/new2_dag.py
[2023-03-29T22:15:33.333+0200] {processor.py:743} INFO - Processing file /home/humbulani/airflow/dags/new2_dag.py for tasks to queue
[2023-03-29T22:15:33.333+0200] {logging_mixin.py:137} INFO - [2023-03-29T22:15:33.333+0200] {dagbag.py:532} INFO - Filling up the DagBag from /home/humbulani/airflow/dags/new2_dag.py
[2023-03-29T22:15:33.403+0200] {logging_mixin.py:137} INFO - [2023-03-29T22:15:33.402+0200] {utils.py:160} INFO - NumExpr defaulting to 4 threads.
[2023-03-29T22:15:33.641+0200] {processor.py:753} INFO - DAG(s) dict_keys(['mysql_dag']) retrieved from /home/humbulani/airflow/dags/new2_dag.py
[2023-03-29T22:15:33.655+0200] {logging_mixin.py:137} INFO - [2023-03-29T22:15:33.655+0200] {dag.py:2693} INFO - Sync 1 DAGs
[2023-03-29T22:15:33.676+0200] {logging_mixin.py:137} INFO - [2023-03-29T22:15:33.676+0200] {dag.py:3440} INFO - Setting next_dagrun for mysql_dag to None, run_after=None
[2023-03-29T22:15:33.795+0200] {processor.py:175} INFO - Processing /home/humbulani/airflow/dags/new2_dag.py took 0.466 seconds
[2023-03-29T22:16:03.916+0200] {processor.py:153} INFO - Started process (PID=16681) to work on /home/humbulani/airflow/dags/new2_dag.py
[2023-03-29T22:16:03.928+0200] {processor.py:743} INFO - Processing file /home/humbulani/airflow/dags/new2_dag.py for tasks to queue
[2023-03-29T22:16:03.929+0200] {logging_mixin.py:137} INFO - [2023-03-29T22:16:03.929+0200] {dagbag.py:532} INFO - Filling up the DagBag from /home/humbulani/airflow/dags/new2_dag.py
[2023-03-29T22:16:03.992+0200] {logging_mixin.py:137} INFO - [2023-03-29T22:16:03.992+0200] {utils.py:160} INFO - NumExpr defaulting to 4 threads.
[2023-03-29T22:16:04.244+0200] {processor.py:753} INFO - DAG(s) dict_keys(['mysql_dag']) retrieved from /home/humbulani/airflow/dags/new2_dag.py
[2023-03-29T22:16:04.258+0200] {logging_mixin.py:137} INFO - [2023-03-29T22:16:04.258+0200] {dag.py:2693} INFO - Sync 1 DAGs
[2023-03-29T22:16:04.279+0200] {logging_mixin.py:137} INFO - [2023-03-29T22:16:04.279+0200] {dag.py:3440} INFO - Setting next_dagrun for mysql_dag to None, run_after=None
[2023-03-29T22:16:04.420+0200] {processor.py:175} INFO - Processing /home/humbulani/airflow/dags/new2_dag.py took 0.506 seconds
[2023-03-29T22:16:34.546+0200] {processor.py:153} INFO - Started process (PID=16690) to work on /home/humbulani/airflow/dags/new2_dag.py
[2023-03-29T22:16:34.555+0200] {processor.py:743} INFO - Processing file /home/humbulani/airflow/dags/new2_dag.py for tasks to queue
[2023-03-29T22:16:34.555+0200] {logging_mixin.py:137} INFO - [2023-03-29T22:16:34.555+0200] {dagbag.py:532} INFO - Filling up the DagBag from /home/humbulani/airflow/dags/new2_dag.py
[2023-03-29T22:16:34.618+0200] {logging_mixin.py:137} INFO - [2023-03-29T22:16:34.618+0200] {utils.py:160} INFO - NumExpr defaulting to 4 threads.
[2023-03-29T22:16:34.850+0200] {processor.py:753} INFO - DAG(s) dict_keys(['mysql_dag']) retrieved from /home/humbulani/airflow/dags/new2_dag.py
[2023-03-29T22:16:34.864+0200] {logging_mixin.py:137} INFO - [2023-03-29T22:16:34.864+0200] {dag.py:2693} INFO - Sync 1 DAGs
[2023-03-29T22:16:34.884+0200] {logging_mixin.py:137} INFO - [2023-03-29T22:16:34.883+0200] {dag.py:3440} INFO - Setting next_dagrun for mysql_dag to None, run_after=None
[2023-03-29T22:16:34.972+0200] {processor.py:175} INFO - Processing /home/humbulani/airflow/dags/new2_dag.py took 0.429 seconds
[2023-03-29T22:17:05.100+0200] {processor.py:153} INFO - Started process (PID=16702) to work on /home/humbulani/airflow/dags/new2_dag.py
[2023-03-29T22:17:05.101+0200] {processor.py:743} INFO - Processing file /home/humbulani/airflow/dags/new2_dag.py for tasks to queue
[2023-03-29T22:17:05.101+0200] {logging_mixin.py:137} INFO - [2023-03-29T22:17:05.101+0200] {dagbag.py:532} INFO - Filling up the DagBag from /home/humbulani/airflow/dags/new2_dag.py
[2023-03-29T22:17:05.180+0200] {logging_mixin.py:137} INFO - [2023-03-29T22:17:05.180+0200] {utils.py:160} INFO - NumExpr defaulting to 4 threads.
[2023-03-29T22:17:05.426+0200] {processor.py:753} INFO - DAG(s) dict_keys(['mysql_dag']) retrieved from /home/humbulani/airflow/dags/new2_dag.py
[2023-03-29T22:17:05.441+0200] {logging_mixin.py:137} INFO - [2023-03-29T22:17:05.441+0200] {dag.py:2693} INFO - Sync 1 DAGs
[2023-03-29T22:17:05.463+0200] {logging_mixin.py:137} INFO - [2023-03-29T22:17:05.462+0200] {dag.py:3440} INFO - Setting next_dagrun for mysql_dag to None, run_after=None
[2023-03-29T22:17:05.564+0200] {processor.py:175} INFO - Processing /home/humbulani/airflow/dags/new2_dag.py took 0.468 seconds
[2023-03-29T22:17:35.688+0200] {processor.py:153} INFO - Started process (PID=16712) to work on /home/humbulani/airflow/dags/new2_dag.py
[2023-03-29T22:17:35.688+0200] {processor.py:743} INFO - Processing file /home/humbulani/airflow/dags/new2_dag.py for tasks to queue
[2023-03-29T22:17:35.689+0200] {logging_mixin.py:137} INFO - [2023-03-29T22:17:35.689+0200] {dagbag.py:532} INFO - Filling up the DagBag from /home/humbulani/airflow/dags/new2_dag.py
[2023-03-29T22:17:35.755+0200] {logging_mixin.py:137} INFO - [2023-03-29T22:17:35.755+0200] {utils.py:160} INFO - NumExpr defaulting to 4 threads.
[2023-03-29T22:17:35.992+0200] {processor.py:753} INFO - DAG(s) dict_keys(['mysql_dag']) retrieved from /home/humbulani/airflow/dags/new2_dag.py
[2023-03-29T22:17:36.006+0200] {logging_mixin.py:137} INFO - [2023-03-29T22:17:36.005+0200] {dag.py:2693} INFO - Sync 1 DAGs
[2023-03-29T22:17:36.027+0200] {logging_mixin.py:137} INFO - [2023-03-29T22:17:36.026+0200] {dag.py:3440} INFO - Setting next_dagrun for mysql_dag to None, run_after=None
[2023-03-29T22:17:36.115+0200] {processor.py:175} INFO - Processing /home/humbulani/airflow/dags/new2_dag.py took 0.430 seconds
[2023-03-29T22:18:06.243+0200] {processor.py:153} INFO - Started process (PID=16722) to work on /home/humbulani/airflow/dags/new2_dag.py
[2023-03-29T22:18:06.244+0200] {processor.py:743} INFO - Processing file /home/humbulani/airflow/dags/new2_dag.py for tasks to queue
[2023-03-29T22:18:06.244+0200] {logging_mixin.py:137} INFO - [2023-03-29T22:18:06.244+0200] {dagbag.py:532} INFO - Filling up the DagBag from /home/humbulani/airflow/dags/new2_dag.py
[2023-03-29T22:18:06.312+0200] {logging_mixin.py:137} INFO - [2023-03-29T22:18:06.312+0200] {utils.py:160} INFO - NumExpr defaulting to 4 threads.
[2023-03-29T22:18:06.551+0200] {processor.py:753} INFO - DAG(s) dict_keys(['mysql_dag']) retrieved from /home/humbulani/airflow/dags/new2_dag.py
[2023-03-29T22:18:06.565+0200] {logging_mixin.py:137} INFO - [2023-03-29T22:18:06.565+0200] {dag.py:2693} INFO - Sync 1 DAGs
[2023-03-29T22:18:06.586+0200] {logging_mixin.py:137} INFO - [2023-03-29T22:18:06.585+0200] {dag.py:3440} INFO - Setting next_dagrun for mysql_dag to None, run_after=None
[2023-03-29T22:18:06.741+0200] {processor.py:175} INFO - Processing /home/humbulani/airflow/dags/new2_dag.py took 0.502 seconds
[2023-03-29T22:18:36.869+0200] {processor.py:153} INFO - Started process (PID=16731) to work on /home/humbulani/airflow/dags/new2_dag.py
[2023-03-29T22:18:36.869+0200] {processor.py:743} INFO - Processing file /home/humbulani/airflow/dags/new2_dag.py for tasks to queue
[2023-03-29T22:18:36.870+0200] {logging_mixin.py:137} INFO - [2023-03-29T22:18:36.870+0200] {dagbag.py:532} INFO - Filling up the DagBag from /home/humbulani/airflow/dags/new2_dag.py
[2023-03-29T22:18:36.936+0200] {logging_mixin.py:137} INFO - [2023-03-29T22:18:36.936+0200] {utils.py:160} INFO - NumExpr defaulting to 4 threads.
[2023-03-29T22:18:37.180+0200] {processor.py:753} INFO - DAG(s) dict_keys(['mysql_dag']) retrieved from /home/humbulani/airflow/dags/new2_dag.py
[2023-03-29T22:18:37.194+0200] {logging_mixin.py:137} INFO - [2023-03-29T22:18:37.193+0200] {dag.py:2693} INFO - Sync 1 DAGs
[2023-03-29T22:18:37.214+0200] {logging_mixin.py:137} INFO - [2023-03-29T22:18:37.214+0200] {dag.py:3440} INFO - Setting next_dagrun for mysql_dag to None, run_after=None
[2023-03-29T22:18:37.438+0200] {processor.py:175} INFO - Processing /home/humbulani/airflow/dags/new2_dag.py took 0.572 seconds
[2023-03-29T22:19:07.470+0200] {processor.py:153} INFO - Started process (PID=16742) to work on /home/humbulani/airflow/dags/new2_dag.py
[2023-03-29T22:19:07.470+0200] {processor.py:743} INFO - Processing file /home/humbulani/airflow/dags/new2_dag.py for tasks to queue
[2023-03-29T22:19:07.471+0200] {logging_mixin.py:137} INFO - [2023-03-29T22:19:07.471+0200] {dagbag.py:532} INFO - Filling up the DagBag from /home/humbulani/airflow/dags/new2_dag.py
[2023-03-29T22:19:07.538+0200] {logging_mixin.py:137} INFO - [2023-03-29T22:19:07.538+0200] {utils.py:160} INFO - NumExpr defaulting to 4 threads.
[2023-03-29T22:19:07.776+0200] {processor.py:753} INFO - DAG(s) dict_keys(['mysql_dag']) retrieved from /home/humbulani/airflow/dags/new2_dag.py
[2023-03-29T22:19:07.789+0200] {logging_mixin.py:137} INFO - [2023-03-29T22:19:07.789+0200] {dag.py:2693} INFO - Sync 1 DAGs
[2023-03-29T22:19:07.810+0200] {logging_mixin.py:137} INFO - [2023-03-29T22:19:07.809+0200] {dag.py:3440} INFO - Setting next_dagrun for mysql_dag to None, run_after=None
[2023-03-29T22:19:07.917+0200] {processor.py:175} INFO - Processing /home/humbulani/airflow/dags/new2_dag.py took 0.450 seconds
[2023-03-29T22:19:38.037+0200] {processor.py:153} INFO - Started process (PID=16751) to work on /home/humbulani/airflow/dags/new2_dag.py
[2023-03-29T22:19:38.053+0200] {processor.py:743} INFO - Processing file /home/humbulani/airflow/dags/new2_dag.py for tasks to queue
[2023-03-29T22:19:38.054+0200] {logging_mixin.py:137} INFO - [2023-03-29T22:19:38.054+0200] {dagbag.py:532} INFO - Filling up the DagBag from /home/humbulani/airflow/dags/new2_dag.py
[2023-03-29T22:19:38.118+0200] {logging_mixin.py:137} INFO - [2023-03-29T22:19:38.118+0200] {utils.py:160} INFO - NumExpr defaulting to 4 threads.
[2023-03-29T22:19:38.360+0200] {processor.py:753} INFO - DAG(s) dict_keys(['mysql_dag']) retrieved from /home/humbulani/airflow/dags/new2_dag.py
[2023-03-29T22:19:38.373+0200] {logging_mixin.py:137} INFO - [2023-03-29T22:19:38.373+0200] {dag.py:2693} INFO - Sync 1 DAGs
[2023-03-29T22:19:38.394+0200] {logging_mixin.py:137} INFO - [2023-03-29T22:19:38.394+0200] {dag.py:3440} INFO - Setting next_dagrun for mysql_dag to None, run_after=None
[2023-03-29T22:19:38.489+0200] {processor.py:175} INFO - Processing /home/humbulani/airflow/dags/new2_dag.py took 0.455 seconds
[2023-03-29T22:20:08.631+0200] {processor.py:153} INFO - Started process (PID=16760) to work on /home/humbulani/airflow/dags/new2_dag.py
[2023-03-29T22:20:08.632+0200] {processor.py:743} INFO - Processing file /home/humbulani/airflow/dags/new2_dag.py for tasks to queue
[2023-03-29T22:20:08.632+0200] {logging_mixin.py:137} INFO - [2023-03-29T22:20:08.632+0200] {dagbag.py:532} INFO - Filling up the DagBag from /home/humbulani/airflow/dags/new2_dag.py
[2023-03-29T22:20:08.695+0200] {logging_mixin.py:137} INFO - [2023-03-29T22:20:08.695+0200] {utils.py:160} INFO - NumExpr defaulting to 4 threads.
[2023-03-29T22:20:08.935+0200] {processor.py:753} INFO - DAG(s) dict_keys(['mysql_dag']) retrieved from /home/humbulani/airflow/dags/new2_dag.py
[2023-03-29T22:20:08.955+0200] {logging_mixin.py:137} INFO - [2023-03-29T22:20:08.955+0200] {dag.py:2693} INFO - Sync 1 DAGs
[2023-03-29T22:20:08.982+0200] {logging_mixin.py:137} INFO - [2023-03-29T22:20:08.982+0200] {dag.py:3440} INFO - Setting next_dagrun for mysql_dag to None, run_after=None
[2023-03-29T22:20:09.091+0200] {processor.py:175} INFO - Processing /home/humbulani/airflow/dags/new2_dag.py took 0.463 seconds
[2023-03-29T22:20:39.221+0200] {processor.py:153} INFO - Started process (PID=16774) to work on /home/humbulani/airflow/dags/new2_dag.py
[2023-03-29T22:20:39.312+0200] {processor.py:743} INFO - Processing file /home/humbulani/airflow/dags/new2_dag.py for tasks to queue
[2023-03-29T22:20:39.313+0200] {logging_mixin.py:137} INFO - [2023-03-29T22:20:39.312+0200] {dagbag.py:532} INFO - Filling up the DagBag from /home/humbulani/airflow/dags/new2_dag.py
[2023-03-29T22:20:39.383+0200] {logging_mixin.py:137} INFO - [2023-03-29T22:20:39.383+0200] {utils.py:160} INFO - NumExpr defaulting to 4 threads.
[2023-03-29T22:20:39.636+0200] {processor.py:753} INFO - DAG(s) dict_keys(['mysql_dag']) retrieved from /home/humbulani/airflow/dags/new2_dag.py
[2023-03-29T22:20:39.651+0200] {logging_mixin.py:137} INFO - [2023-03-29T22:20:39.651+0200] {dag.py:2693} INFO - Sync 1 DAGs
[2023-03-29T22:20:39.673+0200] {logging_mixin.py:137} INFO - [2023-03-29T22:20:39.673+0200] {dag.py:3440} INFO - Setting next_dagrun for mysql_dag to None, run_after=None
[2023-03-29T22:20:39.992+0200] {processor.py:175} INFO - Processing /home/humbulani/airflow/dags/new2_dag.py took 0.775 seconds
[2023-03-29T22:21:10.112+0200] {processor.py:153} INFO - Started process (PID=16846) to work on /home/humbulani/airflow/dags/new2_dag.py
[2023-03-29T22:21:10.113+0200] {processor.py:743} INFO - Processing file /home/humbulani/airflow/dags/new2_dag.py for tasks to queue
[2023-03-29T22:21:10.113+0200] {logging_mixin.py:137} INFO - [2023-03-29T22:21:10.113+0200] {dagbag.py:532} INFO - Filling up the DagBag from /home/humbulani/airflow/dags/new2_dag.py
[2023-03-29T22:21:10.181+0200] {logging_mixin.py:137} INFO - [2023-03-29T22:21:10.181+0200] {utils.py:160} INFO - NumExpr defaulting to 4 threads.
[2023-03-29T22:21:10.426+0200] {processor.py:753} INFO - DAG(s) dict_keys(['mysql_dag']) retrieved from /home/humbulani/airflow/dags/new2_dag.py
[2023-03-29T22:21:10.439+0200] {logging_mixin.py:137} INFO - [2023-03-29T22:21:10.439+0200] {dag.py:2693} INFO - Sync 1 DAGs
[2023-03-29T22:21:10.459+0200] {logging_mixin.py:137} INFO - [2023-03-29T22:21:10.458+0200] {dag.py:3440} INFO - Setting next_dagrun for mysql_dag to None, run_after=None
[2023-03-29T22:21:10.589+0200] {processor.py:175} INFO - Processing /home/humbulani/airflow/dags/new2_dag.py took 0.481 seconds
[2023-03-29T22:21:40.713+0200] {processor.py:153} INFO - Started process (PID=16857) to work on /home/humbulani/airflow/dags/new2_dag.py
[2023-03-29T22:21:40.714+0200] {processor.py:743} INFO - Processing file /home/humbulani/airflow/dags/new2_dag.py for tasks to queue
[2023-03-29T22:21:40.714+0200] {logging_mixin.py:137} INFO - [2023-03-29T22:21:40.714+0200] {dagbag.py:532} INFO - Filling up the DagBag from /home/humbulani/airflow/dags/new2_dag.py
[2023-03-29T22:21:40.778+0200] {logging_mixin.py:137} INFO - [2023-03-29T22:21:40.778+0200] {utils.py:160} INFO - NumExpr defaulting to 4 threads.
[2023-03-29T22:21:41.027+0200] {processor.py:753} INFO - DAG(s) dict_keys(['mysql_dag']) retrieved from /home/humbulani/airflow/dags/new2_dag.py
[2023-03-29T22:21:41.040+0200] {logging_mixin.py:137} INFO - [2023-03-29T22:21:41.040+0200] {dag.py:2693} INFO - Sync 1 DAGs
[2023-03-29T22:21:41.060+0200] {logging_mixin.py:137} INFO - [2023-03-29T22:21:41.060+0200] {dag.py:3440} INFO - Setting next_dagrun for mysql_dag to None, run_after=None
[2023-03-29T22:21:41.150+0200] {processor.py:175} INFO - Processing /home/humbulani/airflow/dags/new2_dag.py took 0.439 seconds
[2023-03-29T22:22:11.298+0200] {processor.py:153} INFO - Started process (PID=16866) to work on /home/humbulani/airflow/dags/new2_dag.py
[2023-03-29T22:22:11.324+0200] {processor.py:743} INFO - Processing file /home/humbulani/airflow/dags/new2_dag.py for tasks to queue
[2023-03-29T22:22:11.325+0200] {logging_mixin.py:137} INFO - [2023-03-29T22:22:11.325+0200] {dagbag.py:532} INFO - Filling up the DagBag from /home/humbulani/airflow/dags/new2_dag.py
[2023-03-29T22:22:11.392+0200] {logging_mixin.py:137} INFO - [2023-03-29T22:22:11.392+0200] {utils.py:160} INFO - NumExpr defaulting to 4 threads.
[2023-03-29T22:22:11.631+0200] {processor.py:753} INFO - DAG(s) dict_keys(['mysql_dag']) retrieved from /home/humbulani/airflow/dags/new2_dag.py
[2023-03-29T22:22:11.645+0200] {logging_mixin.py:137} INFO - [2023-03-29T22:22:11.644+0200] {dag.py:2693} INFO - Sync 1 DAGs
[2023-03-29T22:22:11.665+0200] {logging_mixin.py:137} INFO - [2023-03-29T22:22:11.665+0200] {dag.py:3440} INFO - Setting next_dagrun for mysql_dag to None, run_after=None
[2023-03-29T22:22:11.787+0200] {processor.py:175} INFO - Processing /home/humbulani/airflow/dags/new2_dag.py took 0.491 seconds
[2023-03-29T22:22:41.913+0200] {processor.py:153} INFO - Started process (PID=16877) to work on /home/humbulani/airflow/dags/new2_dag.py
[2023-03-29T22:22:41.914+0200] {processor.py:743} INFO - Processing file /home/humbulani/airflow/dags/new2_dag.py for tasks to queue
[2023-03-29T22:22:41.914+0200] {logging_mixin.py:137} INFO - [2023-03-29T22:22:41.914+0200] {dagbag.py:532} INFO - Filling up the DagBag from /home/humbulani/airflow/dags/new2_dag.py
[2023-03-29T22:22:41.979+0200] {logging_mixin.py:137} INFO - [2023-03-29T22:22:41.979+0200] {utils.py:160} INFO - NumExpr defaulting to 4 threads.
[2023-03-29T22:22:42.217+0200] {processor.py:753} INFO - DAG(s) dict_keys(['mysql_dag']) retrieved from /home/humbulani/airflow/dags/new2_dag.py
[2023-03-29T22:22:42.232+0200] {logging_mixin.py:137} INFO - [2023-03-29T22:22:42.232+0200] {dag.py:2693} INFO - Sync 1 DAGs
[2023-03-29T22:22:42.253+0200] {logging_mixin.py:137} INFO - [2023-03-29T22:22:42.253+0200] {dag.py:3440} INFO - Setting next_dagrun for mysql_dag to None, run_after=None
[2023-03-29T22:22:42.477+0200] {processor.py:175} INFO - Processing /home/humbulani/airflow/dags/new2_dag.py took 0.567 seconds
[2023-03-29T22:23:12.526+0200] {processor.py:153} INFO - Started process (PID=16893) to work on /home/humbulani/airflow/dags/new2_dag.py
[2023-03-29T22:23:12.542+0200] {processor.py:743} INFO - Processing file /home/humbulani/airflow/dags/new2_dag.py for tasks to queue
[2023-03-29T22:23:12.543+0200] {logging_mixin.py:137} INFO - [2023-03-29T22:23:12.543+0200] {dagbag.py:532} INFO - Filling up the DagBag from /home/humbulani/airflow/dags/new2_dag.py
[2023-03-29T22:23:12.610+0200] {logging_mixin.py:137} INFO - [2023-03-29T22:23:12.609+0200] {utils.py:160} INFO - NumExpr defaulting to 4 threads.
[2023-03-29T22:23:12.853+0200] {processor.py:753} INFO - DAG(s) dict_keys(['mysql_dag']) retrieved from /home/humbulani/airflow/dags/new2_dag.py
[2023-03-29T22:23:12.869+0200] {logging_mixin.py:137} INFO - [2023-03-29T22:23:12.869+0200] {dag.py:2693} INFO - Sync 1 DAGs
[2023-03-29T22:23:12.892+0200] {logging_mixin.py:137} INFO - [2023-03-29T22:23:12.891+0200] {dag.py:3440} INFO - Setting next_dagrun for mysql_dag to None, run_after=None
[2023-03-29T22:23:12.976+0200] {processor.py:175} INFO - Processing /home/humbulani/airflow/dags/new2_dag.py took 0.453 seconds
[2023-03-29T22:23:43.119+0200] {processor.py:153} INFO - Started process (PID=16909) to work on /home/humbulani/airflow/dags/new2_dag.py
[2023-03-29T22:23:43.120+0200] {processor.py:743} INFO - Processing file /home/humbulani/airflow/dags/new2_dag.py for tasks to queue
[2023-03-29T22:23:43.120+0200] {logging_mixin.py:137} INFO - [2023-03-29T22:23:43.120+0200] {dagbag.py:532} INFO - Filling up the DagBag from /home/humbulani/airflow/dags/new2_dag.py
[2023-03-29T22:23:43.188+0200] {logging_mixin.py:137} INFO - [2023-03-29T22:23:43.188+0200] {utils.py:160} INFO - NumExpr defaulting to 4 threads.
[2023-03-29T22:23:43.419+0200] {processor.py:753} INFO - DAG(s) dict_keys(['mysql_dag']) retrieved from /home/humbulani/airflow/dags/new2_dag.py
[2023-03-29T22:23:43.432+0200] {logging_mixin.py:137} INFO - [2023-03-29T22:23:43.432+0200] {dag.py:2693} INFO - Sync 1 DAGs
[2023-03-29T22:23:43.453+0200] {logging_mixin.py:137} INFO - [2023-03-29T22:23:43.452+0200] {dag.py:3440} INFO - Setting next_dagrun for mysql_dag to None, run_after=None
[2023-03-29T22:23:43.548+0200] {processor.py:175} INFO - Processing /home/humbulani/airflow/dags/new2_dag.py took 0.433 seconds
[2023-03-29T22:24:13.669+0200] {processor.py:153} INFO - Started process (PID=16919) to work on /home/humbulani/airflow/dags/new2_dag.py
[2023-03-29T22:24:13.683+0200] {processor.py:743} INFO - Processing file /home/humbulani/airflow/dags/new2_dag.py for tasks to queue
[2023-03-29T22:24:13.684+0200] {logging_mixin.py:137} INFO - [2023-03-29T22:24:13.684+0200] {dagbag.py:532} INFO - Filling up the DagBag from /home/humbulani/airflow/dags/new2_dag.py
[2023-03-29T22:24:13.747+0200] {logging_mixin.py:137} INFO - [2023-03-29T22:24:13.746+0200] {utils.py:160} INFO - NumExpr defaulting to 4 threads.
[2023-03-29T22:24:13.984+0200] {processor.py:753} INFO - DAG(s) dict_keys(['mysql_dag']) retrieved from /home/humbulani/airflow/dags/new2_dag.py
[2023-03-29T22:24:13.997+0200] {logging_mixin.py:137} INFO - [2023-03-29T22:24:13.997+0200] {dag.py:2693} INFO - Sync 1 DAGs
[2023-03-29T22:24:14.016+0200] {logging_mixin.py:137} INFO - [2023-03-29T22:24:14.016+0200] {dag.py:3440} INFO - Setting next_dagrun for mysql_dag to None, run_after=None
[2023-03-29T22:24:14.109+0200] {processor.py:175} INFO - Processing /home/humbulani/airflow/dags/new2_dag.py took 0.444 seconds
[2023-03-29T22:24:44.239+0200] {processor.py:153} INFO - Started process (PID=16940) to work on /home/humbulani/airflow/dags/new2_dag.py
[2023-03-29T22:24:44.240+0200] {processor.py:743} INFO - Processing file /home/humbulani/airflow/dags/new2_dag.py for tasks to queue
[2023-03-29T22:24:44.241+0200] {logging_mixin.py:137} INFO - [2023-03-29T22:24:44.240+0200] {dagbag.py:532} INFO - Filling up the DagBag from /home/humbulani/airflow/dags/new2_dag.py
[2023-03-29T22:24:44.310+0200] {logging_mixin.py:137} INFO - [2023-03-29T22:24:44.310+0200] {utils.py:160} INFO - NumExpr defaulting to 4 threads.
[2023-03-29T22:24:44.596+0200] {processor.py:753} INFO - DAG(s) dict_keys(['mysql_dag']) retrieved from /home/humbulani/airflow/dags/new2_dag.py
[2023-03-29T22:24:44.611+0200] {logging_mixin.py:137} INFO - [2023-03-29T22:24:44.611+0200] {dag.py:2693} INFO - Sync 1 DAGs
[2023-03-29T22:24:44.636+0200] {logging_mixin.py:137} INFO - [2023-03-29T22:24:44.636+0200] {dag.py:3440} INFO - Setting next_dagrun for mysql_dag to None, run_after=None
[2023-03-29T22:24:44.749+0200] {processor.py:175} INFO - Processing /home/humbulani/airflow/dags/new2_dag.py took 0.512 seconds
[2023-03-29T22:25:14.890+0200] {processor.py:153} INFO - Started process (PID=16950) to work on /home/humbulani/airflow/dags/new2_dag.py
[2023-03-29T22:25:14.890+0200] {processor.py:743} INFO - Processing file /home/humbulani/airflow/dags/new2_dag.py for tasks to queue
[2023-03-29T22:25:14.891+0200] {logging_mixin.py:137} INFO - [2023-03-29T22:25:14.891+0200] {dagbag.py:532} INFO - Filling up the DagBag from /home/humbulani/airflow/dags/new2_dag.py
[2023-03-29T22:25:14.958+0200] {logging_mixin.py:137} INFO - [2023-03-29T22:25:14.957+0200] {utils.py:160} INFO - NumExpr defaulting to 4 threads.
[2023-03-29T22:25:15.194+0200] {processor.py:753} INFO - DAG(s) dict_keys(['mysql_dag']) retrieved from /home/humbulani/airflow/dags/new2_dag.py
[2023-03-29T22:25:15.208+0200] {logging_mixin.py:137} INFO - [2023-03-29T22:25:15.208+0200] {dag.py:2693} INFO - Sync 1 DAGs
[2023-03-29T22:25:15.231+0200] {logging_mixin.py:137} INFO - [2023-03-29T22:25:15.231+0200] {dag.py:3440} INFO - Setting next_dagrun for mysql_dag to None, run_after=None
[2023-03-29T22:25:15.358+0200] {processor.py:175} INFO - Processing /home/humbulani/airflow/dags/new2_dag.py took 0.470 seconds
[2023-03-29T22:25:45.460+0200] {processor.py:153} INFO - Started process (PID=16964) to work on /home/humbulani/airflow/dags/new2_dag.py
[2023-03-29T22:25:45.460+0200] {processor.py:743} INFO - Processing file /home/humbulani/airflow/dags/new2_dag.py for tasks to queue
[2023-03-29T22:25:45.461+0200] {logging_mixin.py:137} INFO - [2023-03-29T22:25:45.461+0200] {dagbag.py:532} INFO - Filling up the DagBag from /home/humbulani/airflow/dags/new2_dag.py
[2023-03-29T22:25:45.526+0200] {logging_mixin.py:137} INFO - [2023-03-29T22:25:45.526+0200] {utils.py:160} INFO - NumExpr defaulting to 4 threads.
[2023-03-29T22:25:45.761+0200] {processor.py:753} INFO - DAG(s) dict_keys(['mysql_dag']) retrieved from /home/humbulani/airflow/dags/new2_dag.py
[2023-03-29T22:25:45.775+0200] {logging_mixin.py:137} INFO - [2023-03-29T22:25:45.775+0200] {dag.py:2693} INFO - Sync 1 DAGs
[2023-03-29T22:25:45.796+0200] {logging_mixin.py:137} INFO - [2023-03-29T22:25:45.796+0200] {dag.py:3440} INFO - Setting next_dagrun for mysql_dag to None, run_after=None
[2023-03-29T22:25:45.889+0200] {processor.py:175} INFO - Processing /home/humbulani/airflow/dags/new2_dag.py took 0.433 seconds
[2023-03-29T22:26:16.014+0200] {processor.py:153} INFO - Started process (PID=16975) to work on /home/humbulani/airflow/dags/new2_dag.py
[2023-03-29T22:26:16.026+0200] {processor.py:743} INFO - Processing file /home/humbulani/airflow/dags/new2_dag.py for tasks to queue
[2023-03-29T22:26:16.027+0200] {logging_mixin.py:137} INFO - [2023-03-29T22:26:16.027+0200] {dagbag.py:532} INFO - Filling up the DagBag from /home/humbulani/airflow/dags/new2_dag.py
[2023-03-29T22:26:16.094+0200] {logging_mixin.py:137} INFO - [2023-03-29T22:26:16.094+0200] {utils.py:160} INFO - NumExpr defaulting to 4 threads.
[2023-03-29T22:26:16.326+0200] {processor.py:753} INFO - DAG(s) dict_keys(['mysql_dag']) retrieved from /home/humbulani/airflow/dags/new2_dag.py
[2023-03-29T22:26:16.340+0200] {logging_mixin.py:137} INFO - [2023-03-29T22:26:16.340+0200] {dag.py:2693} INFO - Sync 1 DAGs
[2023-03-29T22:26:16.361+0200] {logging_mixin.py:137} INFO - [2023-03-29T22:26:16.360+0200] {dag.py:3440} INFO - Setting next_dagrun for mysql_dag to None, run_after=None
[2023-03-29T22:26:16.452+0200] {processor.py:175} INFO - Processing /home/humbulani/airflow/dags/new2_dag.py took 0.441 seconds
[2023-03-29T22:26:46.584+0200] {processor.py:153} INFO - Started process (PID=16986) to work on /home/humbulani/airflow/dags/new2_dag.py
[2023-03-29T22:26:46.584+0200] {processor.py:743} INFO - Processing file /home/humbulani/airflow/dags/new2_dag.py for tasks to queue
[2023-03-29T22:26:46.585+0200] {logging_mixin.py:137} INFO - [2023-03-29T22:26:46.585+0200] {dagbag.py:532} INFO - Filling up the DagBag from /home/humbulani/airflow/dags/new2_dag.py
[2023-03-29T22:26:46.652+0200] {logging_mixin.py:137} INFO - [2023-03-29T22:26:46.652+0200] {utils.py:160} INFO - NumExpr defaulting to 4 threads.
[2023-03-29T22:26:46.892+0200] {processor.py:753} INFO - DAG(s) dict_keys(['mysql_dag']) retrieved from /home/humbulani/airflow/dags/new2_dag.py
[2023-03-29T22:26:46.906+0200] {logging_mixin.py:137} INFO - [2023-03-29T22:26:46.906+0200] {dag.py:2693} INFO - Sync 1 DAGs
[2023-03-29T22:26:46.926+0200] {logging_mixin.py:137} INFO - [2023-03-29T22:26:46.926+0200] {dag.py:3440} INFO - Setting next_dagrun for mysql_dag to None, run_after=None
[2023-03-29T22:26:47.013+0200] {processor.py:175} INFO - Processing /home/humbulani/airflow/dags/new2_dag.py took 0.432 seconds
[2023-03-29T22:27:17.142+0200] {processor.py:153} INFO - Started process (PID=16995) to work on /home/humbulani/airflow/dags/new2_dag.py
[2023-03-29T22:27:17.158+0200] {processor.py:743} INFO - Processing file /home/humbulani/airflow/dags/new2_dag.py for tasks to queue
[2023-03-29T22:27:17.159+0200] {logging_mixin.py:137} INFO - [2023-03-29T22:27:17.159+0200] {dagbag.py:532} INFO - Filling up the DagBag from /home/humbulani/airflow/dags/new2_dag.py
[2023-03-29T22:27:17.222+0200] {logging_mixin.py:137} INFO - [2023-03-29T22:27:17.222+0200] {utils.py:160} INFO - NumExpr defaulting to 4 threads.
[2023-03-29T22:27:17.455+0200] {processor.py:753} INFO - DAG(s) dict_keys(['mysql_dag']) retrieved from /home/humbulani/airflow/dags/new2_dag.py
[2023-03-29T22:27:17.468+0200] {logging_mixin.py:137} INFO - [2023-03-29T22:27:17.468+0200] {dag.py:2693} INFO - Sync 1 DAGs
[2023-03-29T22:27:17.489+0200] {logging_mixin.py:137} INFO - [2023-03-29T22:27:17.489+0200] {dag.py:3440} INFO - Setting next_dagrun for mysql_dag to None, run_after=None
[2023-03-29T22:27:17.623+0200] {processor.py:175} INFO - Processing /home/humbulani/airflow/dags/new2_dag.py took 0.484 seconds
[2023-03-29T22:27:47.755+0200] {processor.py:153} INFO - Started process (PID=17005) to work on /home/humbulani/airflow/dags/new2_dag.py
[2023-03-29T22:27:47.755+0200] {processor.py:743} INFO - Processing file /home/humbulani/airflow/dags/new2_dag.py for tasks to queue
[2023-03-29T22:27:47.756+0200] {logging_mixin.py:137} INFO - [2023-03-29T22:27:47.756+0200] {dagbag.py:532} INFO - Filling up the DagBag from /home/humbulani/airflow/dags/new2_dag.py
[2023-03-29T22:27:47.822+0200] {logging_mixin.py:137} INFO - [2023-03-29T22:27:47.822+0200] {utils.py:160} INFO - NumExpr defaulting to 4 threads.
[2023-03-29T22:27:48.051+0200] {processor.py:753} INFO - DAG(s) dict_keys(['mysql_dag']) retrieved from /home/humbulani/airflow/dags/new2_dag.py
[2023-03-29T22:27:48.064+0200] {logging_mixin.py:137} INFO - [2023-03-29T22:27:48.064+0200] {dag.py:2693} INFO - Sync 1 DAGs
[2023-03-29T22:27:48.083+0200] {logging_mixin.py:137} INFO - [2023-03-29T22:27:48.083+0200] {dag.py:3440} INFO - Setting next_dagrun for mysql_dag to None, run_after=None
[2023-03-29T22:27:48.188+0200] {processor.py:175} INFO - Processing /home/humbulani/airflow/dags/new2_dag.py took 0.436 seconds
[2023-03-29T22:28:18.313+0200] {processor.py:153} INFO - Started process (PID=17014) to work on /home/humbulani/airflow/dags/new2_dag.py
[2023-03-29T22:28:18.314+0200] {processor.py:743} INFO - Processing file /home/humbulani/airflow/dags/new2_dag.py for tasks to queue
[2023-03-29T22:28:18.314+0200] {logging_mixin.py:137} INFO - [2023-03-29T22:28:18.314+0200] {dagbag.py:532} INFO - Filling up the DagBag from /home/humbulani/airflow/dags/new2_dag.py
[2023-03-29T22:28:18.379+0200] {logging_mixin.py:137} INFO - [2023-03-29T22:28:18.379+0200] {utils.py:160} INFO - NumExpr defaulting to 4 threads.
[2023-03-29T22:28:18.622+0200] {processor.py:753} INFO - DAG(s) dict_keys(['mysql_dag']) retrieved from /home/humbulani/airflow/dags/new2_dag.py
[2023-03-29T22:28:18.639+0200] {logging_mixin.py:137} INFO - [2023-03-29T22:28:18.638+0200] {dag.py:2693} INFO - Sync 1 DAGs
[2023-03-29T22:28:18.664+0200] {logging_mixin.py:137} INFO - [2023-03-29T22:28:18.663+0200] {dag.py:3440} INFO - Setting next_dagrun for mysql_dag to None, run_after=None
[2023-03-29T22:28:18.862+0200] {processor.py:175} INFO - Processing /home/humbulani/airflow/dags/new2_dag.py took 0.552 seconds
[2023-03-29T22:30:23.440+0200] {processor.py:153} INFO - Started process (PID=17337) to work on /home/humbulani/airflow/dags/new2_dag.py
[2023-03-29T22:30:23.462+0200] {processor.py:743} INFO - Processing file /home/humbulani/airflow/dags/new2_dag.py for tasks to queue
[2023-03-29T22:30:23.463+0200] {logging_mixin.py:137} INFO - [2023-03-29T22:30:23.463+0200] {dagbag.py:532} INFO - Filling up the DagBag from /home/humbulani/airflow/dags/new2_dag.py
[2023-03-29T22:30:23.525+0200] {logging_mixin.py:137} INFO - [2023-03-29T22:30:23.525+0200] {utils.py:160} INFO - NumExpr defaulting to 4 threads.
[2023-03-29T22:30:23.787+0200] {processor.py:753} INFO - DAG(s) dict_keys(['mysql_dag']) retrieved from /home/humbulani/airflow/dags/new2_dag.py
[2023-03-29T22:30:23.807+0200] {logging_mixin.py:137} INFO - [2023-03-29T22:30:23.807+0200] {dag.py:2693} INFO - Sync 1 DAGs
[2023-03-29T22:30:23.829+0200] {logging_mixin.py:137} INFO - [2023-03-29T22:30:23.828+0200] {dag.py:3440} INFO - Setting next_dagrun for mysql_dag to None, run_after=None
[2023-03-29T22:30:24.090+0200] {processor.py:175} INFO - Processing /home/humbulani/airflow/dags/new2_dag.py took 0.657 seconds
[2023-03-29T22:30:54.182+0200] {processor.py:153} INFO - Started process (PID=18243) to work on /home/humbulani/airflow/dags/new2_dag.py
[2023-03-29T22:30:54.182+0200] {processor.py:743} INFO - Processing file /home/humbulani/airflow/dags/new2_dag.py for tasks to queue
[2023-03-29T22:30:54.183+0200] {logging_mixin.py:137} INFO - [2023-03-29T22:30:54.183+0200] {dagbag.py:532} INFO - Filling up the DagBag from /home/humbulani/airflow/dags/new2_dag.py
[2023-03-29T22:30:54.254+0200] {logging_mixin.py:137} INFO - [2023-03-29T22:30:54.254+0200] {utils.py:160} INFO - NumExpr defaulting to 4 threads.
[2023-03-29T22:30:54.505+0200] {processor.py:753} INFO - DAG(s) dict_keys(['mysql_dag']) retrieved from /home/humbulani/airflow/dags/new2_dag.py
[2023-03-29T22:30:54.520+0200] {logging_mixin.py:137} INFO - [2023-03-29T22:30:54.519+0200] {dag.py:2693} INFO - Sync 1 DAGs
[2023-03-29T22:30:54.540+0200] {logging_mixin.py:137} INFO - [2023-03-29T22:30:54.540+0200] {dag.py:3440} INFO - Setting next_dagrun for mysql_dag to None, run_after=None
[2023-03-29T22:30:54.765+0200] {processor.py:175} INFO - Processing /home/humbulani/airflow/dags/new2_dag.py took 0.586 seconds
[2023-03-29T22:31:25.176+0200] {processor.py:153} INFO - Started process (PID=19088) to work on /home/humbulani/airflow/dags/new2_dag.py
[2023-03-29T22:31:25.211+0200] {processor.py:743} INFO - Processing file /home/humbulani/airflow/dags/new2_dag.py for tasks to queue
[2023-03-29T22:31:25.211+0200] {logging_mixin.py:137} INFO - [2023-03-29T22:31:25.211+0200] {dagbag.py:532} INFO - Filling up the DagBag from /home/humbulani/airflow/dags/new2_dag.py
[2023-03-29T22:31:25.278+0200] {logging_mixin.py:137} INFO - [2023-03-29T22:31:25.278+0200] {utils.py:160} INFO - NumExpr defaulting to 4 threads.
[2023-03-29T22:31:25.552+0200] {processor.py:753} INFO - DAG(s) dict_keys(['mysql_dag']) retrieved from /home/humbulani/airflow/dags/new2_dag.py
[2023-03-29T22:31:25.566+0200] {logging_mixin.py:137} INFO - [2023-03-29T22:31:25.566+0200] {dag.py:2693} INFO - Sync 1 DAGs
[2023-03-29T22:31:25.591+0200] {logging_mixin.py:137} INFO - [2023-03-29T22:31:25.591+0200] {dag.py:3440} INFO - Setting next_dagrun for mysql_dag to None, run_after=None
[2023-03-29T22:31:25.773+0200] {processor.py:175} INFO - Processing /home/humbulani/airflow/dags/new2_dag.py took 0.601 seconds
[2023-03-29T22:31:55.899+0200] {processor.py:153} INFO - Started process (PID=19960) to work on /home/humbulani/airflow/dags/new2_dag.py
[2023-03-29T22:31:55.914+0200] {processor.py:743} INFO - Processing file /home/humbulani/airflow/dags/new2_dag.py for tasks to queue
[2023-03-29T22:31:55.914+0200] {logging_mixin.py:137} INFO - [2023-03-29T22:31:55.914+0200] {dagbag.py:532} INFO - Filling up the DagBag from /home/humbulani/airflow/dags/new2_dag.py
[2023-03-29T22:31:55.982+0200] {logging_mixin.py:137} INFO - [2023-03-29T22:31:55.982+0200] {utils.py:160} INFO - NumExpr defaulting to 4 threads.
[2023-03-29T22:31:56.228+0200] {processor.py:753} INFO - DAG(s) dict_keys(['mysql_dag']) retrieved from /home/humbulani/airflow/dags/new2_dag.py
[2023-03-29T22:31:56.249+0200] {logging_mixin.py:137} INFO - [2023-03-29T22:31:56.249+0200] {dag.py:2693} INFO - Sync 1 DAGs
[2023-03-29T22:31:56.279+0200] {logging_mixin.py:137} INFO - [2023-03-29T22:31:56.279+0200] {dag.py:3440} INFO - Setting next_dagrun for mysql_dag to None, run_after=None
[2023-03-29T22:31:56.514+0200] {processor.py:175} INFO - Processing /home/humbulani/airflow/dags/new2_dag.py took 0.619 seconds
[2023-03-29T22:32:26.623+0200] {processor.py:153} INFO - Started process (PID=20839) to work on /home/humbulani/airflow/dags/new2_dag.py
[2023-03-29T22:32:26.650+0200] {processor.py:743} INFO - Processing file /home/humbulani/airflow/dags/new2_dag.py for tasks to queue
[2023-03-29T22:32:26.651+0200] {logging_mixin.py:137} INFO - [2023-03-29T22:32:26.651+0200] {dagbag.py:532} INFO - Filling up the DagBag from /home/humbulani/airflow/dags/new2_dag.py
[2023-03-29T22:32:26.733+0200] {logging_mixin.py:137} INFO - [2023-03-29T22:32:26.733+0200] {utils.py:160} INFO - NumExpr defaulting to 4 threads.
[2023-03-29T22:32:27.167+0200] {processor.py:753} INFO - DAG(s) dict_keys(['mysql_dag']) retrieved from /home/humbulani/airflow/dags/new2_dag.py
[2023-03-29T22:32:27.199+0200] {logging_mixin.py:137} INFO - [2023-03-29T22:32:27.199+0200] {dag.py:2693} INFO - Sync 1 DAGs
[2023-03-29T22:32:27.237+0200] {logging_mixin.py:137} INFO - [2023-03-29T22:32:27.237+0200] {dag.py:3440} INFO - Setting next_dagrun for mysql_dag to None, run_after=None
[2023-03-29T22:32:27.658+0200] {processor.py:175} INFO - Processing /home/humbulani/airflow/dags/new2_dag.py took 1.038 seconds
[2023-03-29T22:32:57.836+0200] {processor.py:153} INFO - Started process (PID=21685) to work on /home/humbulani/airflow/dags/new2_dag.py
[2023-03-29T22:32:57.889+0200] {processor.py:743} INFO - Processing file /home/humbulani/airflow/dags/new2_dag.py for tasks to queue
[2023-03-29T22:32:57.890+0200] {logging_mixin.py:137} INFO - [2023-03-29T22:32:57.890+0200] {dagbag.py:532} INFO - Filling up the DagBag from /home/humbulani/airflow/dags/new2_dag.py
[2023-03-29T22:32:57.954+0200] {logging_mixin.py:137} INFO - [2023-03-29T22:32:57.954+0200] {utils.py:160} INFO - NumExpr defaulting to 4 threads.
[2023-03-29T22:32:58.237+0200] {processor.py:753} INFO - DAG(s) dict_keys(['mysql_dag']) retrieved from /home/humbulani/airflow/dags/new2_dag.py
[2023-03-29T22:32:58.251+0200] {logging_mixin.py:137} INFO - [2023-03-29T22:32:58.251+0200] {dag.py:2693} INFO - Sync 1 DAGs
[2023-03-29T22:32:58.272+0200] {logging_mixin.py:137} INFO - [2023-03-29T22:32:58.271+0200] {dag.py:3440} INFO - Setting next_dagrun for mysql_dag to None, run_after=None
[2023-03-29T22:32:58.628+0200] {processor.py:175} INFO - Processing /home/humbulani/airflow/dags/new2_dag.py took 0.795 seconds
[2023-03-29T22:33:28.825+0200] {processor.py:153} INFO - Started process (PID=22540) to work on /home/humbulani/airflow/dags/new2_dag.py
[2023-03-29T22:33:28.850+0200] {processor.py:743} INFO - Processing file /home/humbulani/airflow/dags/new2_dag.py for tasks to queue
[2023-03-29T22:33:28.851+0200] {logging_mixin.py:137} INFO - [2023-03-29T22:33:28.851+0200] {dagbag.py:532} INFO - Filling up the DagBag from /home/humbulani/airflow/dags/new2_dag.py
[2023-03-29T22:33:28.917+0200] {logging_mixin.py:137} INFO - [2023-03-29T22:33:28.917+0200] {utils.py:160} INFO - NumExpr defaulting to 4 threads.
[2023-03-29T22:33:29.163+0200] {processor.py:753} INFO - DAG(s) dict_keys(['mysql_dag']) retrieved from /home/humbulani/airflow/dags/new2_dag.py
[2023-03-29T22:33:29.181+0200] {logging_mixin.py:137} INFO - [2023-03-29T22:33:29.181+0200] {dag.py:2693} INFO - Sync 1 DAGs
[2023-03-29T22:33:29.209+0200] {logging_mixin.py:137} INFO - [2023-03-29T22:33:29.209+0200] {dag.py:3440} INFO - Setting next_dagrun for mysql_dag to None, run_after=None
[2023-03-29T22:33:29.397+0200] {processor.py:175} INFO - Processing /home/humbulani/airflow/dags/new2_dag.py took 0.576 seconds
[2023-03-29T22:33:59.538+0200] {processor.py:153} INFO - Started process (PID=23317) to work on /home/humbulani/airflow/dags/new2_dag.py
[2023-03-29T22:33:59.553+0200] {processor.py:743} INFO - Processing file /home/humbulani/airflow/dags/new2_dag.py for tasks to queue
[2023-03-29T22:33:59.554+0200] {logging_mixin.py:137} INFO - [2023-03-29T22:33:59.554+0200] {dagbag.py:532} INFO - Filling up the DagBag from /home/humbulani/airflow/dags/new2_dag.py
[2023-03-29T22:33:59.640+0200] {logging_mixin.py:137} INFO - [2023-03-29T22:33:59.640+0200] {utils.py:160} INFO - NumExpr defaulting to 4 threads.
[2023-03-29T22:33:59.896+0200] {processor.py:753} INFO - DAG(s) dict_keys(['mysql_dag']) retrieved from /home/humbulani/airflow/dags/new2_dag.py
[2023-03-29T22:33:59.914+0200] {logging_mixin.py:137} INFO - [2023-03-29T22:33:59.914+0200] {dag.py:2693} INFO - Sync 1 DAGs
[2023-03-29T22:33:59.935+0200] {logging_mixin.py:137} INFO - [2023-03-29T22:33:59.935+0200] {dag.py:3440} INFO - Setting next_dagrun for mysql_dag to None, run_after=None
[2023-03-29T22:34:00.103+0200] {processor.py:175} INFO - Processing /home/humbulani/airflow/dags/new2_dag.py took 0.569 seconds
[2023-03-29T22:34:30.140+0200] {processor.py:153} INFO - Started process (PID=24103) to work on /home/humbulani/airflow/dags/new2_dag.py
[2023-03-29T22:34:30.173+0200] {processor.py:743} INFO - Processing file /home/humbulani/airflow/dags/new2_dag.py for tasks to queue
[2023-03-29T22:34:30.174+0200] {logging_mixin.py:137} INFO - [2023-03-29T22:34:30.174+0200] {dagbag.py:532} INFO - Filling up the DagBag from /home/humbulani/airflow/dags/new2_dag.py
[2023-03-29T22:34:30.244+0200] {logging_mixin.py:137} INFO - [2023-03-29T22:34:30.244+0200] {utils.py:160} INFO - NumExpr defaulting to 4 threads.
[2023-03-29T22:34:30.489+0200] {processor.py:753} INFO - DAG(s) dict_keys(['mysql_dag']) retrieved from /home/humbulani/airflow/dags/new2_dag.py
[2023-03-29T22:34:30.504+0200] {logging_mixin.py:137} INFO - [2023-03-29T22:34:30.504+0200] {dag.py:2693} INFO - Sync 1 DAGs
[2023-03-29T22:34:30.528+0200] {logging_mixin.py:137} INFO - [2023-03-29T22:34:30.527+0200] {dag.py:3440} INFO - Setting next_dagrun for mysql_dag to None, run_after=None
[2023-03-29T22:34:31.436+0200] {processor.py:175} INFO - Processing /home/humbulani/airflow/dags/new2_dag.py took 1.298 seconds
[2023-03-29T22:35:01.614+0200] {processor.py:153} INFO - Started process (PID=24736) to work on /home/humbulani/airflow/dags/new2_dag.py
[2023-03-29T22:35:01.660+0200] {processor.py:743} INFO - Processing file /home/humbulani/airflow/dags/new2_dag.py for tasks to queue
[2023-03-29T22:35:01.661+0200] {logging_mixin.py:137} INFO - [2023-03-29T22:35:01.660+0200] {dagbag.py:532} INFO - Filling up the DagBag from /home/humbulani/airflow/dags/new2_dag.py
[2023-03-29T22:35:01.753+0200] {logging_mixin.py:137} INFO - [2023-03-29T22:35:01.753+0200] {utils.py:160} INFO - NumExpr defaulting to 4 threads.
[2023-03-29T22:35:02.088+0200] {processor.py:753} INFO - DAG(s) dict_keys(['mysql_dag']) retrieved from /home/humbulani/airflow/dags/new2_dag.py
[2023-03-29T22:35:02.107+0200] {logging_mixin.py:137} INFO - [2023-03-29T22:35:02.107+0200] {dag.py:2693} INFO - Sync 1 DAGs
[2023-03-29T22:35:02.139+0200] {logging_mixin.py:137} INFO - [2023-03-29T22:35:02.139+0200] {dag.py:3440} INFO - Setting next_dagrun for mysql_dag to None, run_after=None
[2023-03-29T22:35:02.504+0200] {processor.py:175} INFO - Processing /home/humbulani/airflow/dags/new2_dag.py took 0.894 seconds
[2023-03-29T22:35:32.618+0200] {processor.py:153} INFO - Started process (PID=25376) to work on /home/humbulani/airflow/dags/new2_dag.py
[2023-03-29T22:35:32.638+0200] {processor.py:743} INFO - Processing file /home/humbulani/airflow/dags/new2_dag.py for tasks to queue
[2023-03-29T22:35:32.639+0200] {logging_mixin.py:137} INFO - [2023-03-29T22:35:32.638+0200] {dagbag.py:532} INFO - Filling up the DagBag from /home/humbulani/airflow/dags/new2_dag.py
[2023-03-29T22:35:32.732+0200] {logging_mixin.py:137} INFO - [2023-03-29T22:35:32.732+0200] {utils.py:160} INFO - NumExpr defaulting to 4 threads.
[2023-03-29T22:35:33.092+0200] {processor.py:753} INFO - DAG(s) dict_keys(['mysql_dag']) retrieved from /home/humbulani/airflow/dags/new2_dag.py
[2023-03-29T22:35:33.111+0200] {logging_mixin.py:137} INFO - [2023-03-29T22:35:33.111+0200] {dag.py:2693} INFO - Sync 1 DAGs
[2023-03-29T22:35:33.141+0200] {logging_mixin.py:137} INFO - [2023-03-29T22:35:33.140+0200] {dag.py:3440} INFO - Setting next_dagrun for mysql_dag to None, run_after=None
[2023-03-29T22:35:33.276+0200] {processor.py:175} INFO - Processing /home/humbulani/airflow/dags/new2_dag.py took 0.662 seconds
[2023-03-29T22:36:03.359+0200] {processor.py:153} INFO - Started process (PID=26006) to work on /home/humbulani/airflow/dags/new2_dag.py
[2023-03-29T22:36:03.382+0200] {processor.py:743} INFO - Processing file /home/humbulani/airflow/dags/new2_dag.py for tasks to queue
[2023-03-29T22:36:03.383+0200] {logging_mixin.py:137} INFO - [2023-03-29T22:36:03.383+0200] {dagbag.py:532} INFO - Filling up the DagBag from /home/humbulani/airflow/dags/new2_dag.py
[2023-03-29T22:36:03.456+0200] {logging_mixin.py:137} INFO - [2023-03-29T22:36:03.456+0200] {utils.py:160} INFO - NumExpr defaulting to 4 threads.
[2023-03-29T22:36:03.753+0200] {processor.py:753} INFO - DAG(s) dict_keys(['mysql_dag']) retrieved from /home/humbulani/airflow/dags/new2_dag.py
[2023-03-29T22:36:03.774+0200] {logging_mixin.py:137} INFO - [2023-03-29T22:36:03.774+0200] {dag.py:2693} INFO - Sync 1 DAGs
[2023-03-29T22:36:03.803+0200] {logging_mixin.py:137} INFO - [2023-03-29T22:36:03.803+0200] {dag.py:3440} INFO - Setting next_dagrun for mysql_dag to None, run_after=None
[2023-03-29T22:36:03.942+0200] {processor.py:175} INFO - Processing /home/humbulani/airflow/dags/new2_dag.py took 0.586 seconds
