[2023-03-26T21:39:06.440+0200] {processor.py:153} INFO - Started process (PID=16629) to work on /home/humbulani/miniconda3/envs/apache-airflow/lib/python3.8/site-packages/airflow/example_dags/plugins/event_listener.py
[2023-03-26T21:39:06.441+0200] {processor.py:743} INFO - Processing file /home/humbulani/miniconda3/envs/apache-airflow/lib/python3.8/site-packages/airflow/example_dags/plugins/event_listener.py for tasks to queue
[2023-03-26T21:39:06.441+0200] {logging_mixin.py:137} INFO - [2023-03-26T21:39:06.441+0200] {dagbag.py:532} INFO - Filling up the DagBag from /home/humbulani/miniconda3/envs/apache-airflow/lib/python3.8/site-packages/airflow/example_dags/plugins/event_listener.py
[2023-03-26T21:39:06.443+0200] {processor.py:755} WARNING - No viable dags retrieved from /home/humbulani/miniconda3/envs/apache-airflow/lib/python3.8/site-packages/airflow/example_dags/plugins/event_listener.py
[2023-03-26T21:39:06.451+0200] {processor.py:175} INFO - Processing /home/humbulani/miniconda3/envs/apache-airflow/lib/python3.8/site-packages/airflow/example_dags/plugins/event_listener.py took 0.014 seconds
[2023-03-26T21:40:10.053+0200] {processor.py:153} INFO - Started process (PID=16687) to work on /home/humbulani/miniconda3/envs/apache-airflow/lib/python3.8/site-packages/airflow/example_dags/plugins/event_listener.py
[2023-03-26T21:40:10.054+0200] {processor.py:743} INFO - Processing file /home/humbulani/miniconda3/envs/apache-airflow/lib/python3.8/site-packages/airflow/example_dags/plugins/event_listener.py for tasks to queue
[2023-03-26T21:40:10.055+0200] {logging_mixin.py:137} INFO - [2023-03-26T21:40:10.054+0200] {dagbag.py:532} INFO - Filling up the DagBag from /home/humbulani/miniconda3/envs/apache-airflow/lib/python3.8/site-packages/airflow/example_dags/plugins/event_listener.py
[2023-03-26T21:40:10.056+0200] {processor.py:755} WARNING - No viable dags retrieved from /home/humbulani/miniconda3/envs/apache-airflow/lib/python3.8/site-packages/airflow/example_dags/plugins/event_listener.py
[2023-03-26T21:40:10.063+0200] {processor.py:175} INFO - Processing /home/humbulani/miniconda3/envs/apache-airflow/lib/python3.8/site-packages/airflow/example_dags/plugins/event_listener.py took 0.012 seconds
[2023-03-26T21:41:01.022+0200] {processor.py:153} INFO - Started process (PID=16773) to work on /home/humbulani/miniconda3/envs/apache-airflow/lib/python3.8/site-packages/airflow/example_dags/plugins/event_listener.py
[2023-03-26T21:41:01.065+0200] {processor.py:743} INFO - Processing file /home/humbulani/miniconda3/envs/apache-airflow/lib/python3.8/site-packages/airflow/example_dags/plugins/event_listener.py for tasks to queue
[2023-03-26T21:41:01.065+0200] {logging_mixin.py:137} INFO - [2023-03-26T21:41:01.065+0200] {dagbag.py:532} INFO - Filling up the DagBag from /home/humbulani/miniconda3/envs/apache-airflow/lib/python3.8/site-packages/airflow/example_dags/plugins/event_listener.py
[2023-03-26T21:41:01.066+0200] {processor.py:755} WARNING - No viable dags retrieved from /home/humbulani/miniconda3/envs/apache-airflow/lib/python3.8/site-packages/airflow/example_dags/plugins/event_listener.py
[2023-03-26T21:41:01.073+0200] {processor.py:175} INFO - Processing /home/humbulani/miniconda3/envs/apache-airflow/lib/python3.8/site-packages/airflow/example_dags/plugins/event_listener.py took 0.053 seconds
[2023-03-26T21:47:44.650+0200] {processor.py:153} INFO - Started process (PID=16818) to work on /home/humbulani/miniconda3/envs/apache-airflow/lib/python3.8/site-packages/airflow/example_dags/plugins/event_listener.py
[2023-03-26T21:47:44.651+0200] {processor.py:743} INFO - Processing file /home/humbulani/miniconda3/envs/apache-airflow/lib/python3.8/site-packages/airflow/example_dags/plugins/event_listener.py for tasks to queue
[2023-03-26T21:47:44.651+0200] {logging_mixin.py:137} INFO - [2023-03-26T21:47:44.651+0200] {dagbag.py:532} INFO - Filling up the DagBag from /home/humbulani/miniconda3/envs/apache-airflow/lib/python3.8/site-packages/airflow/example_dags/plugins/event_listener.py
[2023-03-26T21:47:44.653+0200] {processor.py:755} WARNING - No viable dags retrieved from /home/humbulani/miniconda3/envs/apache-airflow/lib/python3.8/site-packages/airflow/example_dags/plugins/event_listener.py
[2023-03-26T21:47:44.661+0200] {processor.py:175} INFO - Processing /home/humbulani/miniconda3/envs/apache-airflow/lib/python3.8/site-packages/airflow/example_dags/plugins/event_listener.py took 0.013 seconds
[2023-03-26T21:48:32.047+0200] {processor.py:153} INFO - Started process (PID=16906) to work on /home/humbulani/miniconda3/envs/apache-airflow/lib/python3.8/site-packages/airflow/example_dags/plugins/event_listener.py
[2023-03-26T21:48:32.059+0200] {processor.py:743} INFO - Processing file /home/humbulani/miniconda3/envs/apache-airflow/lib/python3.8/site-packages/airflow/example_dags/plugins/event_listener.py for tasks to queue
[2023-03-26T21:48:32.059+0200] {logging_mixin.py:137} INFO - [2023-03-26T21:48:32.059+0200] {dagbag.py:532} INFO - Filling up the DagBag from /home/humbulani/miniconda3/envs/apache-airflow/lib/python3.8/site-packages/airflow/example_dags/plugins/event_listener.py
[2023-03-26T21:48:32.060+0200] {processor.py:755} WARNING - No viable dags retrieved from /home/humbulani/miniconda3/envs/apache-airflow/lib/python3.8/site-packages/airflow/example_dags/plugins/event_listener.py
[2023-03-26T21:48:32.067+0200] {processor.py:175} INFO - Processing /home/humbulani/miniconda3/envs/apache-airflow/lib/python3.8/site-packages/airflow/example_dags/plugins/event_listener.py took 0.023 seconds
[2023-03-26T21:49:23.293+0200] {processor.py:153} INFO - Started process (PID=16948) to work on /home/humbulani/miniconda3/envs/apache-airflow/lib/python3.8/site-packages/airflow/example_dags/plugins/event_listener.py
[2023-03-26T21:49:23.328+0200] {processor.py:743} INFO - Processing file /home/humbulani/miniconda3/envs/apache-airflow/lib/python3.8/site-packages/airflow/example_dags/plugins/event_listener.py for tasks to queue
[2023-03-26T21:49:23.329+0200] {logging_mixin.py:137} INFO - [2023-03-26T21:49:23.329+0200] {dagbag.py:532} INFO - Filling up the DagBag from /home/humbulani/miniconda3/envs/apache-airflow/lib/python3.8/site-packages/airflow/example_dags/plugins/event_listener.py
[2023-03-26T21:49:23.330+0200] {processor.py:755} WARNING - No viable dags retrieved from /home/humbulani/miniconda3/envs/apache-airflow/lib/python3.8/site-packages/airflow/example_dags/plugins/event_listener.py
[2023-03-26T21:49:23.337+0200] {processor.py:175} INFO - Processing /home/humbulani/miniconda3/envs/apache-airflow/lib/python3.8/site-packages/airflow/example_dags/plugins/event_listener.py took 0.047 seconds
[2023-03-26T21:50:07.925+0200] {processor.py:153} INFO - Started process (PID=16992) to work on /home/humbulani/miniconda3/envs/apache-airflow/lib/python3.8/site-packages/airflow/example_dags/plugins/event_listener.py
[2023-03-26T21:50:07.939+0200] {processor.py:743} INFO - Processing file /home/humbulani/miniconda3/envs/apache-airflow/lib/python3.8/site-packages/airflow/example_dags/plugins/event_listener.py for tasks to queue
[2023-03-26T21:50:07.940+0200] {logging_mixin.py:137} INFO - [2023-03-26T21:50:07.939+0200] {dagbag.py:532} INFO - Filling up the DagBag from /home/humbulani/miniconda3/envs/apache-airflow/lib/python3.8/site-packages/airflow/example_dags/plugins/event_listener.py
[2023-03-26T21:50:07.941+0200] {processor.py:755} WARNING - No viable dags retrieved from /home/humbulani/miniconda3/envs/apache-airflow/lib/python3.8/site-packages/airflow/example_dags/plugins/event_listener.py
[2023-03-26T21:50:07.948+0200] {processor.py:175} INFO - Processing /home/humbulani/miniconda3/envs/apache-airflow/lib/python3.8/site-packages/airflow/example_dags/plugins/event_listener.py took 0.025 seconds
[2023-03-26T21:50:53.409+0200] {processor.py:153} INFO - Started process (PID=17044) to work on /home/humbulani/miniconda3/envs/apache-airflow/lib/python3.8/site-packages/airflow/example_dags/plugins/event_listener.py
[2023-03-26T21:50:53.458+0200] {processor.py:743} INFO - Processing file /home/humbulani/miniconda3/envs/apache-airflow/lib/python3.8/site-packages/airflow/example_dags/plugins/event_listener.py for tasks to queue
[2023-03-26T21:50:53.459+0200] {logging_mixin.py:137} INFO - [2023-03-26T21:50:53.459+0200] {dagbag.py:532} INFO - Filling up the DagBag from /home/humbulani/miniconda3/envs/apache-airflow/lib/python3.8/site-packages/airflow/example_dags/plugins/event_listener.py
[2023-03-26T21:50:53.461+0200] {processor.py:755} WARNING - No viable dags retrieved from /home/humbulani/miniconda3/envs/apache-airflow/lib/python3.8/site-packages/airflow/example_dags/plugins/event_listener.py
[2023-03-26T21:50:53.473+0200] {processor.py:175} INFO - Processing /home/humbulani/miniconda3/envs/apache-airflow/lib/python3.8/site-packages/airflow/example_dags/plugins/event_listener.py took 0.068 seconds
[2023-03-26T21:51:38.671+0200] {processor.py:153} INFO - Started process (PID=17151) to work on /home/humbulani/miniconda3/envs/apache-airflow/lib/python3.8/site-packages/airflow/example_dags/plugins/event_listener.py
[2023-03-26T21:51:38.708+0200] {processor.py:743} INFO - Processing file /home/humbulani/miniconda3/envs/apache-airflow/lib/python3.8/site-packages/airflow/example_dags/plugins/event_listener.py for tasks to queue
[2023-03-26T21:51:38.709+0200] {logging_mixin.py:137} INFO - [2023-03-26T21:51:38.709+0200] {dagbag.py:532} INFO - Filling up the DagBag from /home/humbulani/miniconda3/envs/apache-airflow/lib/python3.8/site-packages/airflow/example_dags/plugins/event_listener.py
[2023-03-26T21:51:38.711+0200] {processor.py:755} WARNING - No viable dags retrieved from /home/humbulani/miniconda3/envs/apache-airflow/lib/python3.8/site-packages/airflow/example_dags/plugins/event_listener.py
[2023-03-26T21:51:38.719+0200] {processor.py:175} INFO - Processing /home/humbulani/miniconda3/envs/apache-airflow/lib/python3.8/site-packages/airflow/example_dags/plugins/event_listener.py took 0.051 seconds
[2023-03-26T21:52:26.384+0200] {processor.py:153} INFO - Started process (PID=17195) to work on /home/humbulani/miniconda3/envs/apache-airflow/lib/python3.8/site-packages/airflow/example_dags/plugins/event_listener.py
[2023-03-26T21:52:26.385+0200] {processor.py:743} INFO - Processing file /home/humbulani/miniconda3/envs/apache-airflow/lib/python3.8/site-packages/airflow/example_dags/plugins/event_listener.py for tasks to queue
[2023-03-26T21:52:26.386+0200] {logging_mixin.py:137} INFO - [2023-03-26T21:52:26.385+0200] {dagbag.py:532} INFO - Filling up the DagBag from /home/humbulani/miniconda3/envs/apache-airflow/lib/python3.8/site-packages/airflow/example_dags/plugins/event_listener.py
[2023-03-26T21:52:26.387+0200] {processor.py:755} WARNING - No viable dags retrieved from /home/humbulani/miniconda3/envs/apache-airflow/lib/python3.8/site-packages/airflow/example_dags/plugins/event_listener.py
[2023-03-26T21:52:26.397+0200] {processor.py:175} INFO - Processing /home/humbulani/miniconda3/envs/apache-airflow/lib/python3.8/site-packages/airflow/example_dags/plugins/event_listener.py took 0.016 seconds
[2023-03-26T21:53:15.635+0200] {processor.py:153} INFO - Started process (PID=17244) to work on /home/humbulani/miniconda3/envs/apache-airflow/lib/python3.8/site-packages/airflow/example_dags/plugins/event_listener.py
[2023-03-26T21:53:15.636+0200] {processor.py:743} INFO - Processing file /home/humbulani/miniconda3/envs/apache-airflow/lib/python3.8/site-packages/airflow/example_dags/plugins/event_listener.py for tasks to queue
[2023-03-26T21:53:15.636+0200] {logging_mixin.py:137} INFO - [2023-03-26T21:53:15.636+0200] {dagbag.py:532} INFO - Filling up the DagBag from /home/humbulani/miniconda3/envs/apache-airflow/lib/python3.8/site-packages/airflow/example_dags/plugins/event_listener.py
[2023-03-26T21:53:15.637+0200] {processor.py:755} WARNING - No viable dags retrieved from /home/humbulani/miniconda3/envs/apache-airflow/lib/python3.8/site-packages/airflow/example_dags/plugins/event_listener.py
[2023-03-26T21:53:15.644+0200] {processor.py:175} INFO - Processing /home/humbulani/miniconda3/envs/apache-airflow/lib/python3.8/site-packages/airflow/example_dags/plugins/event_listener.py took 0.012 seconds
[2023-03-26T21:54:04.773+0200] {processor.py:153} INFO - Started process (PID=17294) to work on /home/humbulani/miniconda3/envs/apache-airflow/lib/python3.8/site-packages/airflow/example_dags/plugins/event_listener.py
[2023-03-26T21:54:04.774+0200] {processor.py:743} INFO - Processing file /home/humbulani/miniconda3/envs/apache-airflow/lib/python3.8/site-packages/airflow/example_dags/plugins/event_listener.py for tasks to queue
[2023-03-26T21:54:04.774+0200] {logging_mixin.py:137} INFO - [2023-03-26T21:54:04.774+0200] {dagbag.py:532} INFO - Filling up the DagBag from /home/humbulani/miniconda3/envs/apache-airflow/lib/python3.8/site-packages/airflow/example_dags/plugins/event_listener.py
[2023-03-26T21:54:04.776+0200] {processor.py:755} WARNING - No viable dags retrieved from /home/humbulani/miniconda3/envs/apache-airflow/lib/python3.8/site-packages/airflow/example_dags/plugins/event_listener.py
[2023-03-26T21:54:04.784+0200] {processor.py:175} INFO - Processing /home/humbulani/miniconda3/envs/apache-airflow/lib/python3.8/site-packages/airflow/example_dags/plugins/event_listener.py took 0.015 seconds
[2023-03-26T21:54:53.876+0200] {processor.py:153} INFO - Started process (PID=17341) to work on /home/humbulani/miniconda3/envs/apache-airflow/lib/python3.8/site-packages/airflow/example_dags/plugins/event_listener.py
[2023-03-26T21:54:53.927+0200] {processor.py:743} INFO - Processing file /home/humbulani/miniconda3/envs/apache-airflow/lib/python3.8/site-packages/airflow/example_dags/plugins/event_listener.py for tasks to queue
[2023-03-26T21:54:53.928+0200] {logging_mixin.py:137} INFO - [2023-03-26T21:54:53.928+0200] {dagbag.py:532} INFO - Filling up the DagBag from /home/humbulani/miniconda3/envs/apache-airflow/lib/python3.8/site-packages/airflow/example_dags/plugins/event_listener.py
[2023-03-26T21:54:53.929+0200] {processor.py:755} WARNING - No viable dags retrieved from /home/humbulani/miniconda3/envs/apache-airflow/lib/python3.8/site-packages/airflow/example_dags/plugins/event_listener.py
[2023-03-26T21:54:53.938+0200] {processor.py:175} INFO - Processing /home/humbulani/miniconda3/envs/apache-airflow/lib/python3.8/site-packages/airflow/example_dags/plugins/event_listener.py took 0.065 seconds
[2023-03-26T21:55:43.176+0200] {processor.py:153} INFO - Started process (PID=17383) to work on /home/humbulani/miniconda3/envs/apache-airflow/lib/python3.8/site-packages/airflow/example_dags/plugins/event_listener.py
[2023-03-26T21:55:43.177+0200] {processor.py:743} INFO - Processing file /home/humbulani/miniconda3/envs/apache-airflow/lib/python3.8/site-packages/airflow/example_dags/plugins/event_listener.py for tasks to queue
[2023-03-26T21:55:43.177+0200] {logging_mixin.py:137} INFO - [2023-03-26T21:55:43.177+0200] {dagbag.py:532} INFO - Filling up the DagBag from /home/humbulani/miniconda3/envs/apache-airflow/lib/python3.8/site-packages/airflow/example_dags/plugins/event_listener.py
[2023-03-26T21:55:43.179+0200] {processor.py:755} WARNING - No viable dags retrieved from /home/humbulani/miniconda3/envs/apache-airflow/lib/python3.8/site-packages/airflow/example_dags/plugins/event_listener.py
[2023-03-26T21:55:43.188+0200] {processor.py:175} INFO - Processing /home/humbulani/miniconda3/envs/apache-airflow/lib/python3.8/site-packages/airflow/example_dags/plugins/event_listener.py took 0.015 seconds
[2023-03-26T21:56:32.144+0200] {processor.py:153} INFO - Started process (PID=17485) to work on /home/humbulani/miniconda3/envs/apache-airflow/lib/python3.8/site-packages/airflow/example_dags/plugins/event_listener.py
[2023-03-26T21:56:32.176+0200] {processor.py:743} INFO - Processing file /home/humbulani/miniconda3/envs/apache-airflow/lib/python3.8/site-packages/airflow/example_dags/plugins/event_listener.py for tasks to queue
[2023-03-26T21:56:32.177+0200] {logging_mixin.py:137} INFO - [2023-03-26T21:56:32.176+0200] {dagbag.py:532} INFO - Filling up the DagBag from /home/humbulani/miniconda3/envs/apache-airflow/lib/python3.8/site-packages/airflow/example_dags/plugins/event_listener.py
[2023-03-26T21:56:32.178+0200] {processor.py:755} WARNING - No viable dags retrieved from /home/humbulani/miniconda3/envs/apache-airflow/lib/python3.8/site-packages/airflow/example_dags/plugins/event_listener.py
[2023-03-26T21:56:32.188+0200] {processor.py:175} INFO - Processing /home/humbulani/miniconda3/envs/apache-airflow/lib/python3.8/site-packages/airflow/example_dags/plugins/event_listener.py took 0.046 seconds
[2023-03-26T21:57:14.520+0200] {processor.py:153} INFO - Started process (PID=17578) to work on /home/humbulani/miniconda3/envs/apache-airflow/lib/python3.8/site-packages/airflow/example_dags/plugins/event_listener.py
[2023-03-26T21:57:14.526+0200] {processor.py:743} INFO - Processing file /home/humbulani/miniconda3/envs/apache-airflow/lib/python3.8/site-packages/airflow/example_dags/plugins/event_listener.py for tasks to queue
[2023-03-26T21:57:14.526+0200] {logging_mixin.py:137} INFO - [2023-03-26T21:57:14.526+0200] {dagbag.py:532} INFO - Filling up the DagBag from /home/humbulani/miniconda3/envs/apache-airflow/lib/python3.8/site-packages/airflow/example_dags/plugins/event_listener.py
[2023-03-26T21:57:14.527+0200] {processor.py:755} WARNING - No viable dags retrieved from /home/humbulani/miniconda3/envs/apache-airflow/lib/python3.8/site-packages/airflow/example_dags/plugins/event_listener.py
[2023-03-26T21:57:14.534+0200] {processor.py:175} INFO - Processing /home/humbulani/miniconda3/envs/apache-airflow/lib/python3.8/site-packages/airflow/example_dags/plugins/event_listener.py took 0.017 seconds
[2023-03-26T21:58:00.245+0200] {processor.py:153} INFO - Started process (PID=17778) to work on /home/humbulani/miniconda3/envs/apache-airflow/lib/python3.8/site-packages/airflow/example_dags/plugins/event_listener.py
[2023-03-26T21:58:00.246+0200] {processor.py:743} INFO - Processing file /home/humbulani/miniconda3/envs/apache-airflow/lib/python3.8/site-packages/airflow/example_dags/plugins/event_listener.py for tasks to queue
[2023-03-26T21:58:00.246+0200] {logging_mixin.py:137} INFO - [2023-03-26T21:58:00.246+0200] {dagbag.py:532} INFO - Filling up the DagBag from /home/humbulani/miniconda3/envs/apache-airflow/lib/python3.8/site-packages/airflow/example_dags/plugins/event_listener.py
[2023-03-26T21:58:00.248+0200] {processor.py:755} WARNING - No viable dags retrieved from /home/humbulani/miniconda3/envs/apache-airflow/lib/python3.8/site-packages/airflow/example_dags/plugins/event_listener.py
[2023-03-26T21:58:00.256+0200] {processor.py:175} INFO - Processing /home/humbulani/miniconda3/envs/apache-airflow/lib/python3.8/site-packages/airflow/example_dags/plugins/event_listener.py took 0.015 seconds
[2023-03-26T21:58:47.692+0200] {processor.py:153} INFO - Started process (PID=17896) to work on /home/humbulani/miniconda3/envs/apache-airflow/lib/python3.8/site-packages/airflow/example_dags/plugins/event_listener.py
[2023-03-26T21:58:47.707+0200] {processor.py:743} INFO - Processing file /home/humbulani/miniconda3/envs/apache-airflow/lib/python3.8/site-packages/airflow/example_dags/plugins/event_listener.py for tasks to queue
[2023-03-26T21:58:47.708+0200] {logging_mixin.py:137} INFO - [2023-03-26T21:58:47.708+0200] {dagbag.py:532} INFO - Filling up the DagBag from /home/humbulani/miniconda3/envs/apache-airflow/lib/python3.8/site-packages/airflow/example_dags/plugins/event_listener.py
[2023-03-26T21:58:47.710+0200] {processor.py:755} WARNING - No viable dags retrieved from /home/humbulani/miniconda3/envs/apache-airflow/lib/python3.8/site-packages/airflow/example_dags/plugins/event_listener.py
[2023-03-26T21:58:47.719+0200] {processor.py:175} INFO - Processing /home/humbulani/miniconda3/envs/apache-airflow/lib/python3.8/site-packages/airflow/example_dags/plugins/event_listener.py took 0.029 seconds
[2023-03-26T21:59:35.668+0200] {processor.py:153} INFO - Started process (PID=18102) to work on /home/humbulani/miniconda3/envs/apache-airflow/lib/python3.8/site-packages/airflow/example_dags/plugins/event_listener.py
[2023-03-26T21:59:35.669+0200] {processor.py:743} INFO - Processing file /home/humbulani/miniconda3/envs/apache-airflow/lib/python3.8/site-packages/airflow/example_dags/plugins/event_listener.py for tasks to queue
[2023-03-26T21:59:35.670+0200] {logging_mixin.py:137} INFO - [2023-03-26T21:59:35.670+0200] {dagbag.py:532} INFO - Filling up the DagBag from /home/humbulani/miniconda3/envs/apache-airflow/lib/python3.8/site-packages/airflow/example_dags/plugins/event_listener.py
[2023-03-26T21:59:35.671+0200] {processor.py:755} WARNING - No viable dags retrieved from /home/humbulani/miniconda3/envs/apache-airflow/lib/python3.8/site-packages/airflow/example_dags/plugins/event_listener.py
[2023-03-26T21:59:35.681+0200] {processor.py:175} INFO - Processing /home/humbulani/miniconda3/envs/apache-airflow/lib/python3.8/site-packages/airflow/example_dags/plugins/event_listener.py took 0.015 seconds
[2023-03-26T22:00:23.110+0200] {processor.py:153} INFO - Started process (PID=18164) to work on /home/humbulani/miniconda3/envs/apache-airflow/lib/python3.8/site-packages/airflow/example_dags/plugins/event_listener.py
[2023-03-26T22:00:23.148+0200] {processor.py:743} INFO - Processing file /home/humbulani/miniconda3/envs/apache-airflow/lib/python3.8/site-packages/airflow/example_dags/plugins/event_listener.py for tasks to queue
[2023-03-26T22:00:23.150+0200] {logging_mixin.py:137} INFO - [2023-03-26T22:00:23.150+0200] {dagbag.py:532} INFO - Filling up the DagBag from /home/humbulani/miniconda3/envs/apache-airflow/lib/python3.8/site-packages/airflow/example_dags/plugins/event_listener.py
[2023-03-26T22:00:23.151+0200] {processor.py:755} WARNING - No viable dags retrieved from /home/humbulani/miniconda3/envs/apache-airflow/lib/python3.8/site-packages/airflow/example_dags/plugins/event_listener.py
[2023-03-26T22:00:23.160+0200] {processor.py:175} INFO - Processing /home/humbulani/miniconda3/envs/apache-airflow/lib/python3.8/site-packages/airflow/example_dags/plugins/event_listener.py took 0.052 seconds
[2023-03-26T22:01:07.523+0200] {processor.py:153} INFO - Started process (PID=18249) to work on /home/humbulani/miniconda3/envs/apache-airflow/lib/python3.8/site-packages/airflow/example_dags/plugins/event_listener.py
[2023-03-26T22:01:07.535+0200] {processor.py:743} INFO - Processing file /home/humbulani/miniconda3/envs/apache-airflow/lib/python3.8/site-packages/airflow/example_dags/plugins/event_listener.py for tasks to queue
[2023-03-26T22:01:07.536+0200] {logging_mixin.py:137} INFO - [2023-03-26T22:01:07.535+0200] {dagbag.py:532} INFO - Filling up the DagBag from /home/humbulani/miniconda3/envs/apache-airflow/lib/python3.8/site-packages/airflow/example_dags/plugins/event_listener.py
[2023-03-26T22:01:07.537+0200] {processor.py:755} WARNING - No viable dags retrieved from /home/humbulani/miniconda3/envs/apache-airflow/lib/python3.8/site-packages/airflow/example_dags/plugins/event_listener.py
[2023-03-26T22:01:07.546+0200] {processor.py:175} INFO - Processing /home/humbulani/miniconda3/envs/apache-airflow/lib/python3.8/site-packages/airflow/example_dags/plugins/event_listener.py took 0.026 seconds
[2023-03-26T22:01:55.166+0200] {processor.py:153} INFO - Started process (PID=18504) to work on /home/humbulani/miniconda3/envs/apache-airflow/lib/python3.8/site-packages/airflow/example_dags/plugins/event_listener.py
[2023-03-26T22:01:55.180+0200] {processor.py:743} INFO - Processing file /home/humbulani/miniconda3/envs/apache-airflow/lib/python3.8/site-packages/airflow/example_dags/plugins/event_listener.py for tasks to queue
[2023-03-26T22:01:55.181+0200] {logging_mixin.py:137} INFO - [2023-03-26T22:01:55.181+0200] {dagbag.py:532} INFO - Filling up the DagBag from /home/humbulani/miniconda3/envs/apache-airflow/lib/python3.8/site-packages/airflow/example_dags/plugins/event_listener.py
[2023-03-26T22:01:55.182+0200] {processor.py:755} WARNING - No viable dags retrieved from /home/humbulani/miniconda3/envs/apache-airflow/lib/python3.8/site-packages/airflow/example_dags/plugins/event_listener.py
[2023-03-26T22:01:55.191+0200] {processor.py:175} INFO - Processing /home/humbulani/miniconda3/envs/apache-airflow/lib/python3.8/site-packages/airflow/example_dags/plugins/event_listener.py took 0.029 seconds
[2023-03-26T22:02:41.508+0200] {processor.py:153} INFO - Started process (PID=18560) to work on /home/humbulani/miniconda3/envs/apache-airflow/lib/python3.8/site-packages/airflow/example_dags/plugins/event_listener.py
[2023-03-26T22:02:41.533+0200] {processor.py:743} INFO - Processing file /home/humbulani/miniconda3/envs/apache-airflow/lib/python3.8/site-packages/airflow/example_dags/plugins/event_listener.py for tasks to queue
[2023-03-26T22:02:41.534+0200] {logging_mixin.py:137} INFO - [2023-03-26T22:02:41.534+0200] {dagbag.py:532} INFO - Filling up the DagBag from /home/humbulani/miniconda3/envs/apache-airflow/lib/python3.8/site-packages/airflow/example_dags/plugins/event_listener.py
[2023-03-26T22:02:41.535+0200] {processor.py:755} WARNING - No viable dags retrieved from /home/humbulani/miniconda3/envs/apache-airflow/lib/python3.8/site-packages/airflow/example_dags/plugins/event_listener.py
[2023-03-26T22:02:41.542+0200] {processor.py:175} INFO - Processing /home/humbulani/miniconda3/envs/apache-airflow/lib/python3.8/site-packages/airflow/example_dags/plugins/event_listener.py took 0.036 seconds
[2023-03-26T22:03:27.005+0200] {processor.py:153} INFO - Started process (PID=18615) to work on /home/humbulani/miniconda3/envs/apache-airflow/lib/python3.8/site-packages/airflow/example_dags/plugins/event_listener.py
[2023-03-26T22:03:27.025+0200] {processor.py:743} INFO - Processing file /home/humbulani/miniconda3/envs/apache-airflow/lib/python3.8/site-packages/airflow/example_dags/plugins/event_listener.py for tasks to queue
[2023-03-26T22:03:27.026+0200] {logging_mixin.py:137} INFO - [2023-03-26T22:03:27.026+0200] {dagbag.py:532} INFO - Filling up the DagBag from /home/humbulani/miniconda3/envs/apache-airflow/lib/python3.8/site-packages/airflow/example_dags/plugins/event_listener.py
[2023-03-26T22:03:27.027+0200] {processor.py:755} WARNING - No viable dags retrieved from /home/humbulani/miniconda3/envs/apache-airflow/lib/python3.8/site-packages/airflow/example_dags/plugins/event_listener.py
[2023-03-26T22:03:27.035+0200] {processor.py:175} INFO - Processing /home/humbulani/miniconda3/envs/apache-airflow/lib/python3.8/site-packages/airflow/example_dags/plugins/event_listener.py took 0.032 seconds
[2023-03-26T22:04:12.638+0200] {processor.py:153} INFO - Started process (PID=18675) to work on /home/humbulani/miniconda3/envs/apache-airflow/lib/python3.8/site-packages/airflow/example_dags/plugins/event_listener.py
[2023-03-26T22:04:12.639+0200] {processor.py:743} INFO - Processing file /home/humbulani/miniconda3/envs/apache-airflow/lib/python3.8/site-packages/airflow/example_dags/plugins/event_listener.py for tasks to queue
[2023-03-26T22:04:12.639+0200] {logging_mixin.py:137} INFO - [2023-03-26T22:04:12.639+0200] {dagbag.py:532} INFO - Filling up the DagBag from /home/humbulani/miniconda3/envs/apache-airflow/lib/python3.8/site-packages/airflow/example_dags/plugins/event_listener.py
[2023-03-26T22:04:12.640+0200] {processor.py:755} WARNING - No viable dags retrieved from /home/humbulani/miniconda3/envs/apache-airflow/lib/python3.8/site-packages/airflow/example_dags/plugins/event_listener.py
[2023-03-26T22:04:12.648+0200] {processor.py:175} INFO - Processing /home/humbulani/miniconda3/envs/apache-airflow/lib/python3.8/site-packages/airflow/example_dags/plugins/event_listener.py took 0.012 seconds
[2023-03-26T22:04:58.164+0200] {processor.py:153} INFO - Started process (PID=18732) to work on /home/humbulani/miniconda3/envs/apache-airflow/lib/python3.8/site-packages/airflow/example_dags/plugins/event_listener.py
[2023-03-26T22:04:58.165+0200] {processor.py:743} INFO - Processing file /home/humbulani/miniconda3/envs/apache-airflow/lib/python3.8/site-packages/airflow/example_dags/plugins/event_listener.py for tasks to queue
[2023-03-26T22:04:58.165+0200] {logging_mixin.py:137} INFO - [2023-03-26T22:04:58.165+0200] {dagbag.py:532} INFO - Filling up the DagBag from /home/humbulani/miniconda3/envs/apache-airflow/lib/python3.8/site-packages/airflow/example_dags/plugins/event_listener.py
[2023-03-26T22:04:58.168+0200] {processor.py:755} WARNING - No viable dags retrieved from /home/humbulani/miniconda3/envs/apache-airflow/lib/python3.8/site-packages/airflow/example_dags/plugins/event_listener.py
[2023-03-26T22:04:58.175+0200] {processor.py:175} INFO - Processing /home/humbulani/miniconda3/envs/apache-airflow/lib/python3.8/site-packages/airflow/example_dags/plugins/event_listener.py took 0.013 seconds
[2023-03-26T22:05:42.752+0200] {processor.py:153} INFO - Started process (PID=18784) to work on /home/humbulani/miniconda3/envs/apache-airflow/lib/python3.8/site-packages/airflow/example_dags/plugins/event_listener.py
[2023-03-26T22:05:42.756+0200] {processor.py:743} INFO - Processing file /home/humbulani/miniconda3/envs/apache-airflow/lib/python3.8/site-packages/airflow/example_dags/plugins/event_listener.py for tasks to queue
[2023-03-26T22:05:42.757+0200] {logging_mixin.py:137} INFO - [2023-03-26T22:05:42.756+0200] {dagbag.py:532} INFO - Filling up the DagBag from /home/humbulani/miniconda3/envs/apache-airflow/lib/python3.8/site-packages/airflow/example_dags/plugins/event_listener.py
[2023-03-26T22:05:42.758+0200] {processor.py:755} WARNING - No viable dags retrieved from /home/humbulani/miniconda3/envs/apache-airflow/lib/python3.8/site-packages/airflow/example_dags/plugins/event_listener.py
[2023-03-26T22:05:42.765+0200] {processor.py:175} INFO - Processing /home/humbulani/miniconda3/envs/apache-airflow/lib/python3.8/site-packages/airflow/example_dags/plugins/event_listener.py took 0.016 seconds
[2023-03-26T22:06:27.832+0200] {processor.py:153} INFO - Started process (PID=18830) to work on /home/humbulani/miniconda3/envs/apache-airflow/lib/python3.8/site-packages/airflow/example_dags/plugins/event_listener.py
[2023-03-26T22:06:27.844+0200] {processor.py:743} INFO - Processing file /home/humbulani/miniconda3/envs/apache-airflow/lib/python3.8/site-packages/airflow/example_dags/plugins/event_listener.py for tasks to queue
[2023-03-26T22:06:27.845+0200] {logging_mixin.py:137} INFO - [2023-03-26T22:06:27.845+0200] {dagbag.py:532} INFO - Filling up the DagBag from /home/humbulani/miniconda3/envs/apache-airflow/lib/python3.8/site-packages/airflow/example_dags/plugins/event_listener.py
[2023-03-26T22:06:27.846+0200] {processor.py:755} WARNING - No viable dags retrieved from /home/humbulani/miniconda3/envs/apache-airflow/lib/python3.8/site-packages/airflow/example_dags/plugins/event_listener.py
[2023-03-26T22:06:27.854+0200] {processor.py:175} INFO - Processing /home/humbulani/miniconda3/envs/apache-airflow/lib/python3.8/site-packages/airflow/example_dags/plugins/event_listener.py took 0.024 seconds
[2023-03-26T22:07:14.998+0200] {processor.py:153} INFO - Started process (PID=18976) to work on /home/humbulani/miniconda3/envs/apache-airflow/lib/python3.8/site-packages/airflow/example_dags/plugins/event_listener.py
[2023-03-26T22:07:15.017+0200] {processor.py:743} INFO - Processing file /home/humbulani/miniconda3/envs/apache-airflow/lib/python3.8/site-packages/airflow/example_dags/plugins/event_listener.py for tasks to queue
[2023-03-26T22:07:15.018+0200] {logging_mixin.py:137} INFO - [2023-03-26T22:07:15.018+0200] {dagbag.py:532} INFO - Filling up the DagBag from /home/humbulani/miniconda3/envs/apache-airflow/lib/python3.8/site-packages/airflow/example_dags/plugins/event_listener.py
[2023-03-26T22:07:15.019+0200] {processor.py:755} WARNING - No viable dags retrieved from /home/humbulani/miniconda3/envs/apache-airflow/lib/python3.8/site-packages/airflow/example_dags/plugins/event_listener.py
[2023-03-26T22:07:15.029+0200] {processor.py:175} INFO - Processing /home/humbulani/miniconda3/envs/apache-airflow/lib/python3.8/site-packages/airflow/example_dags/plugins/event_listener.py took 0.034 seconds
[2023-03-26T22:07:59.984+0200] {processor.py:153} INFO - Started process (PID=19020) to work on /home/humbulani/miniconda3/envs/apache-airflow/lib/python3.8/site-packages/airflow/example_dags/plugins/event_listener.py
[2023-03-26T22:07:59.989+0200] {processor.py:743} INFO - Processing file /home/humbulani/miniconda3/envs/apache-airflow/lib/python3.8/site-packages/airflow/example_dags/plugins/event_listener.py for tasks to queue
[2023-03-26T22:07:59.990+0200] {logging_mixin.py:137} INFO - [2023-03-26T22:07:59.990+0200] {dagbag.py:532} INFO - Filling up the DagBag from /home/humbulani/miniconda3/envs/apache-airflow/lib/python3.8/site-packages/airflow/example_dags/plugins/event_listener.py
[2023-03-26T22:07:59.992+0200] {processor.py:755} WARNING - No viable dags retrieved from /home/humbulani/miniconda3/envs/apache-airflow/lib/python3.8/site-packages/airflow/example_dags/plugins/event_listener.py
[2023-03-26T22:08:00.000+0200] {processor.py:175} INFO - Processing /home/humbulani/miniconda3/envs/apache-airflow/lib/python3.8/site-packages/airflow/example_dags/plugins/event_listener.py took 0.020 seconds
[2023-03-26T22:08:43.841+0200] {processor.py:153} INFO - Started process (PID=19094) to work on /home/humbulani/miniconda3/envs/apache-airflow/lib/python3.8/site-packages/airflow/example_dags/plugins/event_listener.py
[2023-03-26T22:08:43.847+0200] {processor.py:743} INFO - Processing file /home/humbulani/miniconda3/envs/apache-airflow/lib/python3.8/site-packages/airflow/example_dags/plugins/event_listener.py for tasks to queue
[2023-03-26T22:08:43.848+0200] {logging_mixin.py:137} INFO - [2023-03-26T22:08:43.847+0200] {dagbag.py:532} INFO - Filling up the DagBag from /home/humbulani/miniconda3/envs/apache-airflow/lib/python3.8/site-packages/airflow/example_dags/plugins/event_listener.py
[2023-03-26T22:08:43.849+0200] {processor.py:755} WARNING - No viable dags retrieved from /home/humbulani/miniconda3/envs/apache-airflow/lib/python3.8/site-packages/airflow/example_dags/plugins/event_listener.py
[2023-03-26T22:08:43.857+0200] {processor.py:175} INFO - Processing /home/humbulani/miniconda3/envs/apache-airflow/lib/python3.8/site-packages/airflow/example_dags/plugins/event_listener.py took 0.018 seconds
[2023-03-26T22:09:33.659+0200] {processor.py:153} INFO - Started process (PID=19150) to work on /home/humbulani/miniconda3/envs/apache-airflow/lib/python3.8/site-packages/airflow/example_dags/plugins/event_listener.py
[2023-03-26T22:09:33.678+0200] {processor.py:743} INFO - Processing file /home/humbulani/miniconda3/envs/apache-airflow/lib/python3.8/site-packages/airflow/example_dags/plugins/event_listener.py for tasks to queue
[2023-03-26T22:09:33.679+0200] {logging_mixin.py:137} INFO - [2023-03-26T22:09:33.679+0200] {dagbag.py:532} INFO - Filling up the DagBag from /home/humbulani/miniconda3/envs/apache-airflow/lib/python3.8/site-packages/airflow/example_dags/plugins/event_listener.py
[2023-03-26T22:09:33.680+0200] {processor.py:755} WARNING - No viable dags retrieved from /home/humbulani/miniconda3/envs/apache-airflow/lib/python3.8/site-packages/airflow/example_dags/plugins/event_listener.py
[2023-03-26T22:09:33.687+0200] {processor.py:175} INFO - Processing /home/humbulani/miniconda3/envs/apache-airflow/lib/python3.8/site-packages/airflow/example_dags/plugins/event_listener.py took 0.031 seconds
[2023-03-26T22:10:18.701+0200] {processor.py:153} INFO - Started process (PID=19195) to work on /home/humbulani/miniconda3/envs/apache-airflow/lib/python3.8/site-packages/airflow/example_dags/plugins/event_listener.py
[2023-03-26T22:10:18.708+0200] {processor.py:743} INFO - Processing file /home/humbulani/miniconda3/envs/apache-airflow/lib/python3.8/site-packages/airflow/example_dags/plugins/event_listener.py for tasks to queue
[2023-03-26T22:10:18.709+0200] {logging_mixin.py:137} INFO - [2023-03-26T22:10:18.708+0200] {dagbag.py:532} INFO - Filling up the DagBag from /home/humbulani/miniconda3/envs/apache-airflow/lib/python3.8/site-packages/airflow/example_dags/plugins/event_listener.py
[2023-03-26T22:10:18.710+0200] {processor.py:755} WARNING - No viable dags retrieved from /home/humbulani/miniconda3/envs/apache-airflow/lib/python3.8/site-packages/airflow/example_dags/plugins/event_listener.py
[2023-03-26T22:10:18.720+0200] {processor.py:175} INFO - Processing /home/humbulani/miniconda3/envs/apache-airflow/lib/python3.8/site-packages/airflow/example_dags/plugins/event_listener.py took 0.021 seconds
[2023-03-26T22:11:03.515+0200] {processor.py:153} INFO - Started process (PID=19322) to work on /home/humbulani/miniconda3/envs/apache-airflow/lib/python3.8/site-packages/airflow/example_dags/plugins/event_listener.py
[2023-03-26T22:11:03.538+0200] {processor.py:743} INFO - Processing file /home/humbulani/miniconda3/envs/apache-airflow/lib/python3.8/site-packages/airflow/example_dags/plugins/event_listener.py for tasks to queue
[2023-03-26T22:11:03.539+0200] {logging_mixin.py:137} INFO - [2023-03-26T22:11:03.538+0200] {dagbag.py:532} INFO - Filling up the DagBag from /home/humbulani/miniconda3/envs/apache-airflow/lib/python3.8/site-packages/airflow/example_dags/plugins/event_listener.py
[2023-03-26T22:11:03.540+0200] {processor.py:755} WARNING - No viable dags retrieved from /home/humbulani/miniconda3/envs/apache-airflow/lib/python3.8/site-packages/airflow/example_dags/plugins/event_listener.py
[2023-03-26T22:11:04.777+0200] {processor.py:175} INFO - Processing /home/humbulani/miniconda3/envs/apache-airflow/lib/python3.8/site-packages/airflow/example_dags/plugins/event_listener.py took 1.266 seconds
[2023-03-26T22:11:51.176+0200] {processor.py:153} INFO - Started process (PID=19365) to work on /home/humbulani/miniconda3/envs/apache-airflow/lib/python3.8/site-packages/airflow/example_dags/plugins/event_listener.py
[2023-03-26T22:11:51.225+0200] {processor.py:743} INFO - Processing file /home/humbulani/miniconda3/envs/apache-airflow/lib/python3.8/site-packages/airflow/example_dags/plugins/event_listener.py for tasks to queue
[2023-03-26T22:11:51.226+0200] {logging_mixin.py:137} INFO - [2023-03-26T22:11:51.226+0200] {dagbag.py:532} INFO - Filling up the DagBag from /home/humbulani/miniconda3/envs/apache-airflow/lib/python3.8/site-packages/airflow/example_dags/plugins/event_listener.py
[2023-03-26T22:11:51.227+0200] {processor.py:755} WARNING - No viable dags retrieved from /home/humbulani/miniconda3/envs/apache-airflow/lib/python3.8/site-packages/airflow/example_dags/plugins/event_listener.py
[2023-03-26T22:11:51.234+0200] {processor.py:175} INFO - Processing /home/humbulani/miniconda3/envs/apache-airflow/lib/python3.8/site-packages/airflow/example_dags/plugins/event_listener.py took 0.061 seconds
[2023-03-26T22:12:34.613+0200] {processor.py:153} INFO - Started process (PID=19417) to work on /home/humbulani/miniconda3/envs/apache-airflow/lib/python3.8/site-packages/airflow/example_dags/plugins/event_listener.py
[2023-03-26T22:12:34.622+0200] {processor.py:743} INFO - Processing file /home/humbulani/miniconda3/envs/apache-airflow/lib/python3.8/site-packages/airflow/example_dags/plugins/event_listener.py for tasks to queue
[2023-03-26T22:12:34.622+0200] {logging_mixin.py:137} INFO - [2023-03-26T22:12:34.622+0200] {dagbag.py:532} INFO - Filling up the DagBag from /home/humbulani/miniconda3/envs/apache-airflow/lib/python3.8/site-packages/airflow/example_dags/plugins/event_listener.py
[2023-03-26T22:12:34.624+0200] {processor.py:755} WARNING - No viable dags retrieved from /home/humbulani/miniconda3/envs/apache-airflow/lib/python3.8/site-packages/airflow/example_dags/plugins/event_listener.py
[2023-03-26T22:12:34.633+0200] {processor.py:175} INFO - Processing /home/humbulani/miniconda3/envs/apache-airflow/lib/python3.8/site-packages/airflow/example_dags/plugins/event_listener.py took 0.023 seconds
[2023-03-26T22:13:22.266+0200] {processor.py:153} INFO - Started process (PID=19519) to work on /home/humbulani/miniconda3/envs/apache-airflow/lib/python3.8/site-packages/airflow/example_dags/plugins/event_listener.py
[2023-03-26T22:13:22.285+0200] {processor.py:743} INFO - Processing file /home/humbulani/miniconda3/envs/apache-airflow/lib/python3.8/site-packages/airflow/example_dags/plugins/event_listener.py for tasks to queue
[2023-03-26T22:13:22.286+0200] {logging_mixin.py:137} INFO - [2023-03-26T22:13:22.286+0200] {dagbag.py:532} INFO - Filling up the DagBag from /home/humbulani/miniconda3/envs/apache-airflow/lib/python3.8/site-packages/airflow/example_dags/plugins/event_listener.py
[2023-03-26T22:13:22.287+0200] {processor.py:755} WARNING - No viable dags retrieved from /home/humbulani/miniconda3/envs/apache-airflow/lib/python3.8/site-packages/airflow/example_dags/plugins/event_listener.py
[2023-03-26T22:13:22.294+0200] {processor.py:175} INFO - Processing /home/humbulani/miniconda3/envs/apache-airflow/lib/python3.8/site-packages/airflow/example_dags/plugins/event_listener.py took 0.030 seconds
[2023-03-26T22:14:08.936+0200] {processor.py:153} INFO - Started process (PID=19564) to work on /home/humbulani/miniconda3/envs/apache-airflow/lib/python3.8/site-packages/airflow/example_dags/plugins/event_listener.py
[2023-03-26T22:14:08.937+0200] {processor.py:743} INFO - Processing file /home/humbulani/miniconda3/envs/apache-airflow/lib/python3.8/site-packages/airflow/example_dags/plugins/event_listener.py for tasks to queue
[2023-03-26T22:14:08.938+0200] {logging_mixin.py:137} INFO - [2023-03-26T22:14:08.938+0200] {dagbag.py:532} INFO - Filling up the DagBag from /home/humbulani/miniconda3/envs/apache-airflow/lib/python3.8/site-packages/airflow/example_dags/plugins/event_listener.py
[2023-03-26T22:14:08.939+0200] {processor.py:755} WARNING - No viable dags retrieved from /home/humbulani/miniconda3/envs/apache-airflow/lib/python3.8/site-packages/airflow/example_dags/plugins/event_listener.py
[2023-03-26T22:14:08.948+0200] {processor.py:175} INFO - Processing /home/humbulani/miniconda3/envs/apache-airflow/lib/python3.8/site-packages/airflow/example_dags/plugins/event_listener.py took 0.015 seconds
[2023-03-26T22:14:55.707+0200] {processor.py:153} INFO - Started process (PID=19613) to work on /home/humbulani/miniconda3/envs/apache-airflow/lib/python3.8/site-packages/airflow/example_dags/plugins/event_listener.py
[2023-03-26T22:14:55.720+0200] {processor.py:743} INFO - Processing file /home/humbulani/miniconda3/envs/apache-airflow/lib/python3.8/site-packages/airflow/example_dags/plugins/event_listener.py for tasks to queue
[2023-03-26T22:14:55.720+0200] {logging_mixin.py:137} INFO - [2023-03-26T22:14:55.720+0200] {dagbag.py:532} INFO - Filling up the DagBag from /home/humbulani/miniconda3/envs/apache-airflow/lib/python3.8/site-packages/airflow/example_dags/plugins/event_listener.py
[2023-03-26T22:14:55.722+0200] {processor.py:755} WARNING - No viable dags retrieved from /home/humbulani/miniconda3/envs/apache-airflow/lib/python3.8/site-packages/airflow/example_dags/plugins/event_listener.py
[2023-03-26T22:14:55.731+0200] {processor.py:175} INFO - Processing /home/humbulani/miniconda3/envs/apache-airflow/lib/python3.8/site-packages/airflow/example_dags/plugins/event_listener.py took 0.027 seconds
[2023-03-26T22:15:43.648+0200] {processor.py:153} INFO - Started process (PID=19719) to work on /home/humbulani/miniconda3/envs/apache-airflow/lib/python3.8/site-packages/airflow/example_dags/plugins/event_listener.py
[2023-03-26T22:15:43.716+0200] {processor.py:743} INFO - Processing file /home/humbulani/miniconda3/envs/apache-airflow/lib/python3.8/site-packages/airflow/example_dags/plugins/event_listener.py for tasks to queue
[2023-03-26T22:15:43.717+0200] {logging_mixin.py:137} INFO - [2023-03-26T22:15:43.717+0200] {dagbag.py:532} INFO - Filling up the DagBag from /home/humbulani/miniconda3/envs/apache-airflow/lib/python3.8/site-packages/airflow/example_dags/plugins/event_listener.py
[2023-03-26T22:15:43.718+0200] {processor.py:755} WARNING - No viable dags retrieved from /home/humbulani/miniconda3/envs/apache-airflow/lib/python3.8/site-packages/airflow/example_dags/plugins/event_listener.py
[2023-03-26T22:15:43.726+0200] {processor.py:175} INFO - Processing /home/humbulani/miniconda3/envs/apache-airflow/lib/python3.8/site-packages/airflow/example_dags/plugins/event_listener.py took 0.080 seconds
[2023-03-26T22:16:31.999+0200] {processor.py:153} INFO - Started process (PID=19827) to work on /home/humbulani/miniconda3/envs/apache-airflow/lib/python3.8/site-packages/airflow/example_dags/plugins/event_listener.py
[2023-03-26T22:16:32.029+0200] {processor.py:743} INFO - Processing file /home/humbulani/miniconda3/envs/apache-airflow/lib/python3.8/site-packages/airflow/example_dags/plugins/event_listener.py for tasks to queue
[2023-03-26T22:16:32.030+0200] {logging_mixin.py:137} INFO - [2023-03-26T22:16:32.030+0200] {dagbag.py:532} INFO - Filling up the DagBag from /home/humbulani/miniconda3/envs/apache-airflow/lib/python3.8/site-packages/airflow/example_dags/plugins/event_listener.py
[2023-03-26T22:16:32.031+0200] {processor.py:755} WARNING - No viable dags retrieved from /home/humbulani/miniconda3/envs/apache-airflow/lib/python3.8/site-packages/airflow/example_dags/plugins/event_listener.py
[2023-03-26T22:16:32.038+0200] {processor.py:175} INFO - Processing /home/humbulani/miniconda3/envs/apache-airflow/lib/python3.8/site-packages/airflow/example_dags/plugins/event_listener.py took 0.042 seconds
[2023-03-26T22:17:21.729+0200] {processor.py:153} INFO - Started process (PID=19876) to work on /home/humbulani/miniconda3/envs/apache-airflow/lib/python3.8/site-packages/airflow/example_dags/plugins/event_listener.py
[2023-03-26T22:17:21.737+0200] {processor.py:743} INFO - Processing file /home/humbulani/miniconda3/envs/apache-airflow/lib/python3.8/site-packages/airflow/example_dags/plugins/event_listener.py for tasks to queue
[2023-03-26T22:17:21.738+0200] {logging_mixin.py:137} INFO - [2023-03-26T22:17:21.738+0200] {dagbag.py:532} INFO - Filling up the DagBag from /home/humbulani/miniconda3/envs/apache-airflow/lib/python3.8/site-packages/airflow/example_dags/plugins/event_listener.py
[2023-03-26T22:17:21.739+0200] {processor.py:755} WARNING - No viable dags retrieved from /home/humbulani/miniconda3/envs/apache-airflow/lib/python3.8/site-packages/airflow/example_dags/plugins/event_listener.py
[2023-03-26T22:17:21.747+0200] {processor.py:175} INFO - Processing /home/humbulani/miniconda3/envs/apache-airflow/lib/python3.8/site-packages/airflow/example_dags/plugins/event_listener.py took 0.022 seconds
[2023-03-26T22:18:04.171+0200] {processor.py:153} INFO - Started process (PID=19963) to work on /home/humbulani/miniconda3/envs/apache-airflow/lib/python3.8/site-packages/airflow/example_dags/plugins/event_listener.py
[2023-03-26T22:18:04.191+0200] {processor.py:743} INFO - Processing file /home/humbulani/miniconda3/envs/apache-airflow/lib/python3.8/site-packages/airflow/example_dags/plugins/event_listener.py for tasks to queue
[2023-03-26T22:18:04.191+0200] {logging_mixin.py:137} INFO - [2023-03-26T22:18:04.191+0200] {dagbag.py:532} INFO - Filling up the DagBag from /home/humbulani/miniconda3/envs/apache-airflow/lib/python3.8/site-packages/airflow/example_dags/plugins/event_listener.py
[2023-03-26T22:18:04.193+0200] {processor.py:755} WARNING - No viable dags retrieved from /home/humbulani/miniconda3/envs/apache-airflow/lib/python3.8/site-packages/airflow/example_dags/plugins/event_listener.py
[2023-03-26T22:18:04.201+0200] {processor.py:175} INFO - Processing /home/humbulani/miniconda3/envs/apache-airflow/lib/python3.8/site-packages/airflow/example_dags/plugins/event_listener.py took 0.032 seconds
[2023-03-26T22:18:48.674+0200] {processor.py:153} INFO - Started process (PID=20032) to work on /home/humbulani/miniconda3/envs/apache-airflow/lib/python3.8/site-packages/airflow/example_dags/plugins/event_listener.py
[2023-03-26T22:18:48.703+0200] {processor.py:743} INFO - Processing file /home/humbulani/miniconda3/envs/apache-airflow/lib/python3.8/site-packages/airflow/example_dags/plugins/event_listener.py for tasks to queue
[2023-03-26T22:18:48.704+0200] {logging_mixin.py:137} INFO - [2023-03-26T22:18:48.704+0200] {dagbag.py:532} INFO - Filling up the DagBag from /home/humbulani/miniconda3/envs/apache-airflow/lib/python3.8/site-packages/airflow/example_dags/plugins/event_listener.py
[2023-03-26T22:18:48.705+0200] {processor.py:755} WARNING - No viable dags retrieved from /home/humbulani/miniconda3/envs/apache-airflow/lib/python3.8/site-packages/airflow/example_dags/plugins/event_listener.py
[2023-03-26T22:18:48.714+0200] {processor.py:175} INFO - Processing /home/humbulani/miniconda3/envs/apache-airflow/lib/python3.8/site-packages/airflow/example_dags/plugins/event_listener.py took 0.042 seconds
[2023-03-26T22:19:34.685+0200] {processor.py:153} INFO - Started process (PID=20140) to work on /home/humbulani/miniconda3/envs/apache-airflow/lib/python3.8/site-packages/airflow/example_dags/plugins/event_listener.py
[2023-03-26T22:19:34.691+0200] {processor.py:743} INFO - Processing file /home/humbulani/miniconda3/envs/apache-airflow/lib/python3.8/site-packages/airflow/example_dags/plugins/event_listener.py for tasks to queue
[2023-03-26T22:19:34.692+0200] {logging_mixin.py:137} INFO - [2023-03-26T22:19:34.692+0200] {dagbag.py:532} INFO - Filling up the DagBag from /home/humbulani/miniconda3/envs/apache-airflow/lib/python3.8/site-packages/airflow/example_dags/plugins/event_listener.py
[2023-03-26T22:19:34.693+0200] {processor.py:755} WARNING - No viable dags retrieved from /home/humbulani/miniconda3/envs/apache-airflow/lib/python3.8/site-packages/airflow/example_dags/plugins/event_listener.py
[2023-03-26T22:19:34.700+0200] {processor.py:175} INFO - Processing /home/humbulani/miniconda3/envs/apache-airflow/lib/python3.8/site-packages/airflow/example_dags/plugins/event_listener.py took 0.018 seconds
[2023-03-26T22:20:19.343+0200] {processor.py:153} INFO - Started process (PID=20186) to work on /home/humbulani/miniconda3/envs/apache-airflow/lib/python3.8/site-packages/airflow/example_dags/plugins/event_listener.py
[2023-03-26T22:20:19.350+0200] {processor.py:743} INFO - Processing file /home/humbulani/miniconda3/envs/apache-airflow/lib/python3.8/site-packages/airflow/example_dags/plugins/event_listener.py for tasks to queue
[2023-03-26T22:20:19.351+0200] {logging_mixin.py:137} INFO - [2023-03-26T22:20:19.351+0200] {dagbag.py:532} INFO - Filling up the DagBag from /home/humbulani/miniconda3/envs/apache-airflow/lib/python3.8/site-packages/airflow/example_dags/plugins/event_listener.py
[2023-03-26T22:20:19.353+0200] {processor.py:755} WARNING - No viable dags retrieved from /home/humbulani/miniconda3/envs/apache-airflow/lib/python3.8/site-packages/airflow/example_dags/plugins/event_listener.py
[2023-03-26T22:20:19.361+0200] {processor.py:175} INFO - Processing /home/humbulani/miniconda3/envs/apache-airflow/lib/python3.8/site-packages/airflow/example_dags/plugins/event_listener.py took 0.023 seconds
[2023-03-26T22:21:04.032+0200] {processor.py:153} INFO - Started process (PID=20273) to work on /home/humbulani/miniconda3/envs/apache-airflow/lib/python3.8/site-packages/airflow/example_dags/plugins/event_listener.py
[2023-03-26T22:21:04.038+0200] {processor.py:743} INFO - Processing file /home/humbulani/miniconda3/envs/apache-airflow/lib/python3.8/site-packages/airflow/example_dags/plugins/event_listener.py for tasks to queue
[2023-03-26T22:21:04.039+0200] {logging_mixin.py:137} INFO - [2023-03-26T22:21:04.039+0200] {dagbag.py:532} INFO - Filling up the DagBag from /home/humbulani/miniconda3/envs/apache-airflow/lib/python3.8/site-packages/airflow/example_dags/plugins/event_listener.py
[2023-03-26T22:21:04.040+0200] {processor.py:755} WARNING - No viable dags retrieved from /home/humbulani/miniconda3/envs/apache-airflow/lib/python3.8/site-packages/airflow/example_dags/plugins/event_listener.py
[2023-03-26T22:21:04.049+0200] {processor.py:175} INFO - Processing /home/humbulani/miniconda3/envs/apache-airflow/lib/python3.8/site-packages/airflow/example_dags/plugins/event_listener.py took 0.019 seconds
[2023-03-26T22:21:49.523+0200] {processor.py:153} INFO - Started process (PID=20320) to work on /home/humbulani/miniconda3/envs/apache-airflow/lib/python3.8/site-packages/airflow/example_dags/plugins/event_listener.py
[2023-03-26T22:21:49.542+0200] {processor.py:743} INFO - Processing file /home/humbulani/miniconda3/envs/apache-airflow/lib/python3.8/site-packages/airflow/example_dags/plugins/event_listener.py for tasks to queue
[2023-03-26T22:21:49.543+0200] {logging_mixin.py:137} INFO - [2023-03-26T22:21:49.543+0200] {dagbag.py:532} INFO - Filling up the DagBag from /home/humbulani/miniconda3/envs/apache-airflow/lib/python3.8/site-packages/airflow/example_dags/plugins/event_listener.py
[2023-03-26T22:21:49.544+0200] {processor.py:755} WARNING - No viable dags retrieved from /home/humbulani/miniconda3/envs/apache-airflow/lib/python3.8/site-packages/airflow/example_dags/plugins/event_listener.py
[2023-03-26T22:21:49.554+0200] {processor.py:175} INFO - Processing /home/humbulani/miniconda3/envs/apache-airflow/lib/python3.8/site-packages/airflow/example_dags/plugins/event_listener.py took 0.033 seconds
[2023-03-26T22:22:35.797+0200] {processor.py:153} INFO - Started process (PID=20363) to work on /home/humbulani/miniconda3/envs/apache-airflow/lib/python3.8/site-packages/airflow/example_dags/plugins/event_listener.py
[2023-03-26T22:22:35.810+0200] {processor.py:743} INFO - Processing file /home/humbulani/miniconda3/envs/apache-airflow/lib/python3.8/site-packages/airflow/example_dags/plugins/event_listener.py for tasks to queue
[2023-03-26T22:22:35.811+0200] {logging_mixin.py:137} INFO - [2023-03-26T22:22:35.811+0200] {dagbag.py:532} INFO - Filling up the DagBag from /home/humbulani/miniconda3/envs/apache-airflow/lib/python3.8/site-packages/airflow/example_dags/plugins/event_listener.py
[2023-03-26T22:22:35.813+0200] {processor.py:755} WARNING - No viable dags retrieved from /home/humbulani/miniconda3/envs/apache-airflow/lib/python3.8/site-packages/airflow/example_dags/plugins/event_listener.py
[2023-03-26T22:22:35.822+0200] {processor.py:175} INFO - Processing /home/humbulani/miniconda3/envs/apache-airflow/lib/python3.8/site-packages/airflow/example_dags/plugins/event_listener.py took 0.027 seconds
