[2023-03-26T21:39:07.633+0200] {processor.py:153} INFO - Started process (PID=16630) to work on /home/humbulani/miniconda3/envs/apache-airflow/lib/python3.8/site-packages/airflow/example_dags/plugins/workday.py
[2023-03-26T21:39:07.634+0200] {processor.py:743} INFO - Processing file /home/humbulani/miniconda3/envs/apache-airflow/lib/python3.8/site-packages/airflow/example_dags/plugins/workday.py for tasks to queue
[2023-03-26T21:39:07.634+0200] {logging_mixin.py:137} INFO - [2023-03-26T21:39:07.634+0200] {dagbag.py:532} INFO - Filling up the DagBag from /home/humbulani/miniconda3/envs/apache-airflow/lib/python3.8/site-packages/airflow/example_dags/plugins/workday.py
[2023-03-26T21:39:07.635+0200] {processor.py:755} WARNING - No viable dags retrieved from /home/humbulani/miniconda3/envs/apache-airflow/lib/python3.8/site-packages/airflow/example_dags/plugins/workday.py
[2023-03-26T21:39:07.642+0200] {processor.py:175} INFO - Processing /home/humbulani/miniconda3/envs/apache-airflow/lib/python3.8/site-packages/airflow/example_dags/plugins/workday.py took 0.011 seconds
[2023-03-26T21:40:11.330+0200] {processor.py:153} INFO - Started process (PID=16717) to work on /home/humbulani/miniconda3/envs/apache-airflow/lib/python3.8/site-packages/airflow/example_dags/plugins/workday.py
[2023-03-26T21:40:11.330+0200] {processor.py:743} INFO - Processing file /home/humbulani/miniconda3/envs/apache-airflow/lib/python3.8/site-packages/airflow/example_dags/plugins/workday.py for tasks to queue
[2023-03-26T21:40:11.331+0200] {logging_mixin.py:137} INFO - [2023-03-26T21:40:11.331+0200] {dagbag.py:532} INFO - Filling up the DagBag from /home/humbulani/miniconda3/envs/apache-airflow/lib/python3.8/site-packages/airflow/example_dags/plugins/workday.py
[2023-03-26T21:40:11.332+0200] {processor.py:755} WARNING - No viable dags retrieved from /home/humbulani/miniconda3/envs/apache-airflow/lib/python3.8/site-packages/airflow/example_dags/plugins/workday.py
[2023-03-26T21:40:11.339+0200] {processor.py:175} INFO - Processing /home/humbulani/miniconda3/envs/apache-airflow/lib/python3.8/site-packages/airflow/example_dags/plugins/workday.py took 0.012 seconds
[2023-03-26T21:41:02.164+0200] {processor.py:153} INFO - Started process (PID=16774) to work on /home/humbulani/miniconda3/envs/apache-airflow/lib/python3.8/site-packages/airflow/example_dags/plugins/workday.py
[2023-03-26T21:41:02.173+0200] {processor.py:743} INFO - Processing file /home/humbulani/miniconda3/envs/apache-airflow/lib/python3.8/site-packages/airflow/example_dags/plugins/workday.py for tasks to queue
[2023-03-26T21:41:02.174+0200] {logging_mixin.py:137} INFO - [2023-03-26T21:41:02.174+0200] {dagbag.py:532} INFO - Filling up the DagBag from /home/humbulani/miniconda3/envs/apache-airflow/lib/python3.8/site-packages/airflow/example_dags/plugins/workday.py
[2023-03-26T21:41:02.175+0200] {processor.py:755} WARNING - No viable dags retrieved from /home/humbulani/miniconda3/envs/apache-airflow/lib/python3.8/site-packages/airflow/example_dags/plugins/workday.py
[2023-03-26T21:41:02.184+0200] {processor.py:175} INFO - Processing /home/humbulani/miniconda3/envs/apache-airflow/lib/python3.8/site-packages/airflow/example_dags/plugins/workday.py took 0.021 seconds
[2023-03-26T21:47:45.849+0200] {processor.py:153} INFO - Started process (PID=16821) to work on /home/humbulani/miniconda3/envs/apache-airflow/lib/python3.8/site-packages/airflow/example_dags/plugins/workday.py
[2023-03-26T21:47:45.854+0200] {processor.py:743} INFO - Processing file /home/humbulani/miniconda3/envs/apache-airflow/lib/python3.8/site-packages/airflow/example_dags/plugins/workday.py for tasks to queue
[2023-03-26T21:47:45.855+0200] {logging_mixin.py:137} INFO - [2023-03-26T21:47:45.855+0200] {dagbag.py:532} INFO - Filling up the DagBag from /home/humbulani/miniconda3/envs/apache-airflow/lib/python3.8/site-packages/airflow/example_dags/plugins/workday.py
[2023-03-26T21:47:45.857+0200] {processor.py:755} WARNING - No viable dags retrieved from /home/humbulani/miniconda3/envs/apache-airflow/lib/python3.8/site-packages/airflow/example_dags/plugins/workday.py
[2023-03-26T21:47:45.869+0200] {processor.py:175} INFO - Processing /home/humbulani/miniconda3/envs/apache-airflow/lib/python3.8/site-packages/airflow/example_dags/plugins/workday.py took 0.022 seconds
[2023-03-26T21:48:33.223+0200] {processor.py:153} INFO - Started process (PID=16907) to work on /home/humbulani/miniconda3/envs/apache-airflow/lib/python3.8/site-packages/airflow/example_dags/plugins/workday.py
[2023-03-26T21:48:33.259+0200] {processor.py:743} INFO - Processing file /home/humbulani/miniconda3/envs/apache-airflow/lib/python3.8/site-packages/airflow/example_dags/plugins/workday.py for tasks to queue
[2023-03-26T21:48:33.260+0200] {logging_mixin.py:137} INFO - [2023-03-26T21:48:33.259+0200] {dagbag.py:532} INFO - Filling up the DagBag from /home/humbulani/miniconda3/envs/apache-airflow/lib/python3.8/site-packages/airflow/example_dags/plugins/workday.py
[2023-03-26T21:48:33.261+0200] {processor.py:755} WARNING - No viable dags retrieved from /home/humbulani/miniconda3/envs/apache-airflow/lib/python3.8/site-packages/airflow/example_dags/plugins/workday.py
[2023-03-26T21:48:33.269+0200] {processor.py:175} INFO - Processing /home/humbulani/miniconda3/envs/apache-airflow/lib/python3.8/site-packages/airflow/example_dags/plugins/workday.py took 0.048 seconds
[2023-03-26T21:49:24.520+0200] {processor.py:153} INFO - Started process (PID=16949) to work on /home/humbulani/miniconda3/envs/apache-airflow/lib/python3.8/site-packages/airflow/example_dags/plugins/workday.py
[2023-03-26T21:49:24.562+0200] {processor.py:743} INFO - Processing file /home/humbulani/miniconda3/envs/apache-airflow/lib/python3.8/site-packages/airflow/example_dags/plugins/workday.py for tasks to queue
[2023-03-26T21:49:24.563+0200] {logging_mixin.py:137} INFO - [2023-03-26T21:49:24.562+0200] {dagbag.py:532} INFO - Filling up the DagBag from /home/humbulani/miniconda3/envs/apache-airflow/lib/python3.8/site-packages/airflow/example_dags/plugins/workday.py
[2023-03-26T21:49:24.564+0200] {processor.py:755} WARNING - No viable dags retrieved from /home/humbulani/miniconda3/envs/apache-airflow/lib/python3.8/site-packages/airflow/example_dags/plugins/workday.py
[2023-03-26T21:49:24.575+0200] {processor.py:175} INFO - Processing /home/humbulani/miniconda3/envs/apache-airflow/lib/python3.8/site-packages/airflow/example_dags/plugins/workday.py took 0.058 seconds
[2023-03-26T21:50:09.065+0200] {processor.py:153} INFO - Started process (PID=16993) to work on /home/humbulani/miniconda3/envs/apache-airflow/lib/python3.8/site-packages/airflow/example_dags/plugins/workday.py
[2023-03-26T21:50:09.066+0200] {processor.py:743} INFO - Processing file /home/humbulani/miniconda3/envs/apache-airflow/lib/python3.8/site-packages/airflow/example_dags/plugins/workday.py for tasks to queue
[2023-03-26T21:50:09.067+0200] {logging_mixin.py:137} INFO - [2023-03-26T21:50:09.066+0200] {dagbag.py:532} INFO - Filling up the DagBag from /home/humbulani/miniconda3/envs/apache-airflow/lib/python3.8/site-packages/airflow/example_dags/plugins/workday.py
[2023-03-26T21:50:09.068+0200] {processor.py:755} WARNING - No viable dags retrieved from /home/humbulani/miniconda3/envs/apache-airflow/lib/python3.8/site-packages/airflow/example_dags/plugins/workday.py
[2023-03-26T21:50:09.076+0200] {processor.py:175} INFO - Processing /home/humbulani/miniconda3/envs/apache-airflow/lib/python3.8/site-packages/airflow/example_dags/plugins/workday.py took 0.014 seconds
[2023-03-26T21:50:54.656+0200] {processor.py:153} INFO - Started process (PID=17066) to work on /home/humbulani/miniconda3/envs/apache-airflow/lib/python3.8/site-packages/airflow/example_dags/plugins/workday.py
[2023-03-26T21:50:54.657+0200] {processor.py:743} INFO - Processing file /home/humbulani/miniconda3/envs/apache-airflow/lib/python3.8/site-packages/airflow/example_dags/plugins/workday.py for tasks to queue
[2023-03-26T21:50:54.657+0200] {logging_mixin.py:137} INFO - [2023-03-26T21:50:54.657+0200] {dagbag.py:532} INFO - Filling up the DagBag from /home/humbulani/miniconda3/envs/apache-airflow/lib/python3.8/site-packages/airflow/example_dags/plugins/workday.py
[2023-03-26T21:50:54.659+0200] {processor.py:755} WARNING - No viable dags retrieved from /home/humbulani/miniconda3/envs/apache-airflow/lib/python3.8/site-packages/airflow/example_dags/plugins/workday.py
[2023-03-26T21:50:54.666+0200] {processor.py:175} INFO - Processing /home/humbulani/miniconda3/envs/apache-airflow/lib/python3.8/site-packages/airflow/example_dags/plugins/workday.py took 0.012 seconds
[2023-03-26T21:51:39.806+0200] {processor.py:153} INFO - Started process (PID=17152) to work on /home/humbulani/miniconda3/envs/apache-airflow/lib/python3.8/site-packages/airflow/example_dags/plugins/workday.py
[2023-03-26T21:51:39.807+0200] {processor.py:743} INFO - Processing file /home/humbulani/miniconda3/envs/apache-airflow/lib/python3.8/site-packages/airflow/example_dags/plugins/workday.py for tasks to queue
[2023-03-26T21:51:39.807+0200] {logging_mixin.py:137} INFO - [2023-03-26T21:51:39.807+0200] {dagbag.py:532} INFO - Filling up the DagBag from /home/humbulani/miniconda3/envs/apache-airflow/lib/python3.8/site-packages/airflow/example_dags/plugins/workday.py
[2023-03-26T21:51:39.809+0200] {processor.py:755} WARNING - No viable dags retrieved from /home/humbulani/miniconda3/envs/apache-airflow/lib/python3.8/site-packages/airflow/example_dags/plugins/workday.py
[2023-03-26T21:51:39.816+0200] {processor.py:175} INFO - Processing /home/humbulani/miniconda3/envs/apache-airflow/lib/python3.8/site-packages/airflow/example_dags/plugins/workday.py took 0.012 seconds
[2023-03-26T21:52:27.516+0200] {processor.py:153} INFO - Started process (PID=17196) to work on /home/humbulani/miniconda3/envs/apache-airflow/lib/python3.8/site-packages/airflow/example_dags/plugins/workday.py
[2023-03-26T21:52:27.528+0200] {processor.py:743} INFO - Processing file /home/humbulani/miniconda3/envs/apache-airflow/lib/python3.8/site-packages/airflow/example_dags/plugins/workday.py for tasks to queue
[2023-03-26T21:52:27.528+0200] {logging_mixin.py:137} INFO - [2023-03-26T21:52:27.528+0200] {dagbag.py:532} INFO - Filling up the DagBag from /home/humbulani/miniconda3/envs/apache-airflow/lib/python3.8/site-packages/airflow/example_dags/plugins/workday.py
[2023-03-26T21:52:27.530+0200] {processor.py:755} WARNING - No viable dags retrieved from /home/humbulani/miniconda3/envs/apache-airflow/lib/python3.8/site-packages/airflow/example_dags/plugins/workday.py
[2023-03-26T21:52:27.537+0200] {processor.py:175} INFO - Processing /home/humbulani/miniconda3/envs/apache-airflow/lib/python3.8/site-packages/airflow/example_dags/plugins/workday.py took 0.023 seconds
[2023-03-26T21:53:16.497+0200] {processor.py:153} INFO - Started process (PID=17245) to work on /home/humbulani/miniconda3/envs/apache-airflow/lib/python3.8/site-packages/airflow/example_dags/plugins/workday.py
[2023-03-26T21:53:16.497+0200] {processor.py:743} INFO - Processing file /home/humbulani/miniconda3/envs/apache-airflow/lib/python3.8/site-packages/airflow/example_dags/plugins/workday.py for tasks to queue
[2023-03-26T21:53:16.498+0200] {logging_mixin.py:137} INFO - [2023-03-26T21:53:16.498+0200] {dagbag.py:532} INFO - Filling up the DagBag from /home/humbulani/miniconda3/envs/apache-airflow/lib/python3.8/site-packages/airflow/example_dags/plugins/workday.py
[2023-03-26T21:53:16.499+0200] {processor.py:755} WARNING - No viable dags retrieved from /home/humbulani/miniconda3/envs/apache-airflow/lib/python3.8/site-packages/airflow/example_dags/plugins/workday.py
[2023-03-26T21:53:16.506+0200] {processor.py:175} INFO - Processing /home/humbulani/miniconda3/envs/apache-airflow/lib/python3.8/site-packages/airflow/example_dags/plugins/workday.py took 0.012 seconds
[2023-03-26T21:54:05.899+0200] {processor.py:153} INFO - Started process (PID=17295) to work on /home/humbulani/miniconda3/envs/apache-airflow/lib/python3.8/site-packages/airflow/example_dags/plugins/workday.py
[2023-03-26T21:54:05.900+0200] {processor.py:743} INFO - Processing file /home/humbulani/miniconda3/envs/apache-airflow/lib/python3.8/site-packages/airflow/example_dags/plugins/workday.py for tasks to queue
[2023-03-26T21:54:05.901+0200] {logging_mixin.py:137} INFO - [2023-03-26T21:54:05.900+0200] {dagbag.py:532} INFO - Filling up the DagBag from /home/humbulani/miniconda3/envs/apache-airflow/lib/python3.8/site-packages/airflow/example_dags/plugins/workday.py
[2023-03-26T21:54:05.902+0200] {processor.py:755} WARNING - No viable dags retrieved from /home/humbulani/miniconda3/envs/apache-airflow/lib/python3.8/site-packages/airflow/example_dags/plugins/workday.py
[2023-03-26T21:54:05.909+0200] {processor.py:175} INFO - Processing /home/humbulani/miniconda3/envs/apache-airflow/lib/python3.8/site-packages/airflow/example_dags/plugins/workday.py took 0.012 seconds
[2023-03-26T21:54:54.232+0200] {processor.py:153} INFO - Started process (PID=17342) to work on /home/humbulani/miniconda3/envs/apache-airflow/lib/python3.8/site-packages/airflow/example_dags/plugins/workday.py
[2023-03-26T21:54:54.233+0200] {processor.py:743} INFO - Processing file /home/humbulani/miniconda3/envs/apache-airflow/lib/python3.8/site-packages/airflow/example_dags/plugins/workday.py for tasks to queue
[2023-03-26T21:54:54.233+0200] {logging_mixin.py:137} INFO - [2023-03-26T21:54:54.233+0200] {dagbag.py:532} INFO - Filling up the DagBag from /home/humbulani/miniconda3/envs/apache-airflow/lib/python3.8/site-packages/airflow/example_dags/plugins/workday.py
[2023-03-26T21:54:54.235+0200] {processor.py:755} WARNING - No viable dags retrieved from /home/humbulani/miniconda3/envs/apache-airflow/lib/python3.8/site-packages/airflow/example_dags/plugins/workday.py
[2023-03-26T21:54:54.242+0200] {processor.py:175} INFO - Processing /home/humbulani/miniconda3/envs/apache-airflow/lib/python3.8/site-packages/airflow/example_dags/plugins/workday.py took 0.012 seconds
[2023-03-26T21:55:44.316+0200] {processor.py:153} INFO - Started process (PID=17384) to work on /home/humbulani/miniconda3/envs/apache-airflow/lib/python3.8/site-packages/airflow/example_dags/plugins/workday.py
[2023-03-26T21:55:44.317+0200] {processor.py:743} INFO - Processing file /home/humbulani/miniconda3/envs/apache-airflow/lib/python3.8/site-packages/airflow/example_dags/plugins/workday.py for tasks to queue
[2023-03-26T21:55:44.318+0200] {logging_mixin.py:137} INFO - [2023-03-26T21:55:44.317+0200] {dagbag.py:532} INFO - Filling up the DagBag from /home/humbulani/miniconda3/envs/apache-airflow/lib/python3.8/site-packages/airflow/example_dags/plugins/workday.py
[2023-03-26T21:55:44.319+0200] {processor.py:755} WARNING - No viable dags retrieved from /home/humbulani/miniconda3/envs/apache-airflow/lib/python3.8/site-packages/airflow/example_dags/plugins/workday.py
[2023-03-26T21:55:44.326+0200] {processor.py:175} INFO - Processing /home/humbulani/miniconda3/envs/apache-airflow/lib/python3.8/site-packages/airflow/example_dags/plugins/workday.py took 0.012 seconds
[2023-03-26T21:56:33.298+0200] {processor.py:153} INFO - Started process (PID=17486) to work on /home/humbulani/miniconda3/envs/apache-airflow/lib/python3.8/site-packages/airflow/example_dags/plugins/workday.py
[2023-03-26T21:56:33.299+0200] {processor.py:743} INFO - Processing file /home/humbulani/miniconda3/envs/apache-airflow/lib/python3.8/site-packages/airflow/example_dags/plugins/workday.py for tasks to queue
[2023-03-26T21:56:33.299+0200] {logging_mixin.py:137} INFO - [2023-03-26T21:56:33.299+0200] {dagbag.py:532} INFO - Filling up the DagBag from /home/humbulani/miniconda3/envs/apache-airflow/lib/python3.8/site-packages/airflow/example_dags/plugins/workday.py
[2023-03-26T21:56:33.300+0200] {processor.py:755} WARNING - No viable dags retrieved from /home/humbulani/miniconda3/envs/apache-airflow/lib/python3.8/site-packages/airflow/example_dags/plugins/workday.py
[2023-03-26T21:56:33.307+0200] {processor.py:175} INFO - Processing /home/humbulani/miniconda3/envs/apache-airflow/lib/python3.8/site-packages/airflow/example_dags/plugins/workday.py took 0.012 seconds
[2023-03-26T21:57:15.665+0200] {processor.py:153} INFO - Started process (PID=17579) to work on /home/humbulani/miniconda3/envs/apache-airflow/lib/python3.8/site-packages/airflow/example_dags/plugins/workday.py
[2023-03-26T21:57:15.678+0200] {processor.py:743} INFO - Processing file /home/humbulani/miniconda3/envs/apache-airflow/lib/python3.8/site-packages/airflow/example_dags/plugins/workday.py for tasks to queue
[2023-03-26T21:57:15.679+0200] {logging_mixin.py:137} INFO - [2023-03-26T21:57:15.679+0200] {dagbag.py:532} INFO - Filling up the DagBag from /home/humbulani/miniconda3/envs/apache-airflow/lib/python3.8/site-packages/airflow/example_dags/plugins/workday.py
[2023-03-26T21:57:15.680+0200] {processor.py:755} WARNING - No viable dags retrieved from /home/humbulani/miniconda3/envs/apache-airflow/lib/python3.8/site-packages/airflow/example_dags/plugins/workday.py
[2023-03-26T21:57:15.687+0200] {processor.py:175} INFO - Processing /home/humbulani/miniconda3/envs/apache-airflow/lib/python3.8/site-packages/airflow/example_dags/plugins/workday.py took 0.024 seconds
[2023-03-26T21:58:00.932+0200] {processor.py:153} INFO - Started process (PID=17779) to work on /home/humbulani/miniconda3/envs/apache-airflow/lib/python3.8/site-packages/airflow/example_dags/plugins/workday.py
[2023-03-26T21:58:00.944+0200] {processor.py:743} INFO - Processing file /home/humbulani/miniconda3/envs/apache-airflow/lib/python3.8/site-packages/airflow/example_dags/plugins/workday.py for tasks to queue
[2023-03-26T21:58:00.945+0200] {logging_mixin.py:137} INFO - [2023-03-26T21:58:00.945+0200] {dagbag.py:532} INFO - Filling up the DagBag from /home/humbulani/miniconda3/envs/apache-airflow/lib/python3.8/site-packages/airflow/example_dags/plugins/workday.py
[2023-03-26T21:58:00.946+0200] {processor.py:755} WARNING - No viable dags retrieved from /home/humbulani/miniconda3/envs/apache-airflow/lib/python3.8/site-packages/airflow/example_dags/plugins/workday.py
[2023-03-26T21:58:00.954+0200] {processor.py:175} INFO - Processing /home/humbulani/miniconda3/envs/apache-airflow/lib/python3.8/site-packages/airflow/example_dags/plugins/workday.py took 0.025 seconds
[2023-03-26T21:58:48.399+0200] {processor.py:153} INFO - Started process (PID=17897) to work on /home/humbulani/miniconda3/envs/apache-airflow/lib/python3.8/site-packages/airflow/example_dags/plugins/workday.py
[2023-03-26T21:58:48.406+0200] {processor.py:743} INFO - Processing file /home/humbulani/miniconda3/envs/apache-airflow/lib/python3.8/site-packages/airflow/example_dags/plugins/workday.py for tasks to queue
[2023-03-26T21:58:48.406+0200] {logging_mixin.py:137} INFO - [2023-03-26T21:58:48.406+0200] {dagbag.py:532} INFO - Filling up the DagBag from /home/humbulani/miniconda3/envs/apache-airflow/lib/python3.8/site-packages/airflow/example_dags/plugins/workday.py
[2023-03-26T21:58:48.408+0200] {processor.py:755} WARNING - No viable dags retrieved from /home/humbulani/miniconda3/envs/apache-airflow/lib/python3.8/site-packages/airflow/example_dags/plugins/workday.py
[2023-03-26T21:58:48.416+0200] {processor.py:175} INFO - Processing /home/humbulani/miniconda3/envs/apache-airflow/lib/python3.8/site-packages/airflow/example_dags/plugins/workday.py took 0.019 seconds
[2023-03-26T21:59:36.122+0200] {processor.py:153} INFO - Started process (PID=18103) to work on /home/humbulani/miniconda3/envs/apache-airflow/lib/python3.8/site-packages/airflow/example_dags/plugins/workday.py
[2023-03-26T21:59:36.134+0200] {processor.py:743} INFO - Processing file /home/humbulani/miniconda3/envs/apache-airflow/lib/python3.8/site-packages/airflow/example_dags/plugins/workday.py for tasks to queue
[2023-03-26T21:59:36.134+0200] {logging_mixin.py:137} INFO - [2023-03-26T21:59:36.134+0200] {dagbag.py:532} INFO - Filling up the DagBag from /home/humbulani/miniconda3/envs/apache-airflow/lib/python3.8/site-packages/airflow/example_dags/plugins/workday.py
[2023-03-26T21:59:36.136+0200] {processor.py:755} WARNING - No viable dags retrieved from /home/humbulani/miniconda3/envs/apache-airflow/lib/python3.8/site-packages/airflow/example_dags/plugins/workday.py
[2023-03-26T21:59:36.143+0200] {processor.py:175} INFO - Processing /home/humbulani/miniconda3/envs/apache-airflow/lib/python3.8/site-packages/airflow/example_dags/plugins/workday.py took 0.023 seconds
[2023-03-26T22:00:23.588+0200] {processor.py:153} INFO - Started process (PID=18165) to work on /home/humbulani/miniconda3/envs/apache-airflow/lib/python3.8/site-packages/airflow/example_dags/plugins/workday.py
[2023-03-26T22:00:23.589+0200] {processor.py:743} INFO - Processing file /home/humbulani/miniconda3/envs/apache-airflow/lib/python3.8/site-packages/airflow/example_dags/plugins/workday.py for tasks to queue
[2023-03-26T22:00:23.590+0200] {logging_mixin.py:137} INFO - [2023-03-26T22:00:23.589+0200] {dagbag.py:532} INFO - Filling up the DagBag from /home/humbulani/miniconda3/envs/apache-airflow/lib/python3.8/site-packages/airflow/example_dags/plugins/workday.py
[2023-03-26T22:00:23.591+0200] {processor.py:755} WARNING - No viable dags retrieved from /home/humbulani/miniconda3/envs/apache-airflow/lib/python3.8/site-packages/airflow/example_dags/plugins/workday.py
[2023-03-26T22:00:23.600+0200] {processor.py:175} INFO - Processing /home/humbulani/miniconda3/envs/apache-airflow/lib/python3.8/site-packages/airflow/example_dags/plugins/workday.py took 0.015 seconds
[2023-03-26T22:01:08.687+0200] {processor.py:153} INFO - Started process (PID=18250) to work on /home/humbulani/miniconda3/envs/apache-airflow/lib/python3.8/site-packages/airflow/example_dags/plugins/workday.py
[2023-03-26T22:01:08.688+0200] {processor.py:743} INFO - Processing file /home/humbulani/miniconda3/envs/apache-airflow/lib/python3.8/site-packages/airflow/example_dags/plugins/workday.py for tasks to queue
[2023-03-26T22:01:08.688+0200] {logging_mixin.py:137} INFO - [2023-03-26T22:01:08.688+0200] {dagbag.py:532} INFO - Filling up the DagBag from /home/humbulani/miniconda3/envs/apache-airflow/lib/python3.8/site-packages/airflow/example_dags/plugins/workday.py
[2023-03-26T22:01:08.690+0200] {processor.py:755} WARNING - No viable dags retrieved from /home/humbulani/miniconda3/envs/apache-airflow/lib/python3.8/site-packages/airflow/example_dags/plugins/workday.py
[2023-03-26T22:01:08.699+0200] {processor.py:175} INFO - Processing /home/humbulani/miniconda3/envs/apache-airflow/lib/python3.8/site-packages/airflow/example_dags/plugins/workday.py took 0.015 seconds
[2023-03-26T22:01:55.878+0200] {processor.py:153} INFO - Started process (PID=18505) to work on /home/humbulani/miniconda3/envs/apache-airflow/lib/python3.8/site-packages/airflow/example_dags/plugins/workday.py
[2023-03-26T22:01:55.878+0200] {processor.py:743} INFO - Processing file /home/humbulani/miniconda3/envs/apache-airflow/lib/python3.8/site-packages/airflow/example_dags/plugins/workday.py for tasks to queue
[2023-03-26T22:01:55.879+0200] {logging_mixin.py:137} INFO - [2023-03-26T22:01:55.879+0200] {dagbag.py:532} INFO - Filling up the DagBag from /home/humbulani/miniconda3/envs/apache-airflow/lib/python3.8/site-packages/airflow/example_dags/plugins/workday.py
[2023-03-26T22:01:55.880+0200] {processor.py:755} WARNING - No viable dags retrieved from /home/humbulani/miniconda3/envs/apache-airflow/lib/python3.8/site-packages/airflow/example_dags/plugins/workday.py
[2023-03-26T22:01:55.887+0200] {processor.py:175} INFO - Processing /home/humbulani/miniconda3/envs/apache-airflow/lib/python3.8/site-packages/airflow/example_dags/plugins/workday.py took 0.012 seconds
[2023-03-26T22:02:42.586+0200] {processor.py:153} INFO - Started process (PID=18561) to work on /home/humbulani/miniconda3/envs/apache-airflow/lib/python3.8/site-packages/airflow/example_dags/plugins/workday.py
[2023-03-26T22:02:42.587+0200] {processor.py:743} INFO - Processing file /home/humbulani/miniconda3/envs/apache-airflow/lib/python3.8/site-packages/airflow/example_dags/plugins/workday.py for tasks to queue
[2023-03-26T22:02:42.587+0200] {logging_mixin.py:137} INFO - [2023-03-26T22:02:42.587+0200] {dagbag.py:532} INFO - Filling up the DagBag from /home/humbulani/miniconda3/envs/apache-airflow/lib/python3.8/site-packages/airflow/example_dags/plugins/workday.py
[2023-03-26T22:02:42.589+0200] {processor.py:755} WARNING - No viable dags retrieved from /home/humbulani/miniconda3/envs/apache-airflow/lib/python3.8/site-packages/airflow/example_dags/plugins/workday.py
[2023-03-26T22:02:42.596+0200] {processor.py:175} INFO - Processing /home/humbulani/miniconda3/envs/apache-airflow/lib/python3.8/site-packages/airflow/example_dags/plugins/workday.py took 0.013 seconds
[2023-03-26T22:03:28.156+0200] {processor.py:153} INFO - Started process (PID=18616) to work on /home/humbulani/miniconda3/envs/apache-airflow/lib/python3.8/site-packages/airflow/example_dags/plugins/workday.py
[2023-03-26T22:03:28.167+0200] {processor.py:743} INFO - Processing file /home/humbulani/miniconda3/envs/apache-airflow/lib/python3.8/site-packages/airflow/example_dags/plugins/workday.py for tasks to queue
[2023-03-26T22:03:28.168+0200] {logging_mixin.py:137} INFO - [2023-03-26T22:03:28.167+0200] {dagbag.py:532} INFO - Filling up the DagBag from /home/humbulani/miniconda3/envs/apache-airflow/lib/python3.8/site-packages/airflow/example_dags/plugins/workday.py
[2023-03-26T22:03:28.169+0200] {processor.py:755} WARNING - No viable dags retrieved from /home/humbulani/miniconda3/envs/apache-airflow/lib/python3.8/site-packages/airflow/example_dags/plugins/workday.py
[2023-03-26T22:03:28.179+0200] {processor.py:175} INFO - Processing /home/humbulani/miniconda3/envs/apache-airflow/lib/python3.8/site-packages/airflow/example_dags/plugins/workday.py took 0.025 seconds
[2023-03-26T22:04:13.780+0200] {processor.py:153} INFO - Started process (PID=18676) to work on /home/humbulani/miniconda3/envs/apache-airflow/lib/python3.8/site-packages/airflow/example_dags/plugins/workday.py
[2023-03-26T22:04:13.781+0200] {processor.py:743} INFO - Processing file /home/humbulani/miniconda3/envs/apache-airflow/lib/python3.8/site-packages/airflow/example_dags/plugins/workday.py for tasks to queue
[2023-03-26T22:04:13.782+0200] {logging_mixin.py:137} INFO - [2023-03-26T22:04:13.782+0200] {dagbag.py:532} INFO - Filling up the DagBag from /home/humbulani/miniconda3/envs/apache-airflow/lib/python3.8/site-packages/airflow/example_dags/plugins/workday.py
[2023-03-26T22:04:13.784+0200] {processor.py:755} WARNING - No viable dags retrieved from /home/humbulani/miniconda3/envs/apache-airflow/lib/python3.8/site-packages/airflow/example_dags/plugins/workday.py
[2023-03-26T22:04:13.793+0200] {processor.py:175} INFO - Processing /home/humbulani/miniconda3/envs/apache-airflow/lib/python3.8/site-packages/airflow/example_dags/plugins/workday.py took 0.016 seconds
[2023-03-26T22:04:59.054+0200] {processor.py:153} INFO - Started process (PID=18734) to work on /home/humbulani/miniconda3/envs/apache-airflow/lib/python3.8/site-packages/airflow/example_dags/plugins/workday.py
[2023-03-26T22:04:59.055+0200] {processor.py:743} INFO - Processing file /home/humbulani/miniconda3/envs/apache-airflow/lib/python3.8/site-packages/airflow/example_dags/plugins/workday.py for tasks to queue
[2023-03-26T22:04:59.056+0200] {logging_mixin.py:137} INFO - [2023-03-26T22:04:59.055+0200] {dagbag.py:532} INFO - Filling up the DagBag from /home/humbulani/miniconda3/envs/apache-airflow/lib/python3.8/site-packages/airflow/example_dags/plugins/workday.py
[2023-03-26T22:04:59.057+0200] {processor.py:755} WARNING - No viable dags retrieved from /home/humbulani/miniconda3/envs/apache-airflow/lib/python3.8/site-packages/airflow/example_dags/plugins/workday.py
[2023-03-26T22:04:59.064+0200] {processor.py:175} INFO - Processing /home/humbulani/miniconda3/envs/apache-airflow/lib/python3.8/site-packages/airflow/example_dags/plugins/workday.py took 0.012 seconds
[2023-03-26T22:05:43.192+0200] {processor.py:153} INFO - Started process (PID=18785) to work on /home/humbulani/miniconda3/envs/apache-airflow/lib/python3.8/site-packages/airflow/example_dags/plugins/workday.py
[2023-03-26T22:05:43.193+0200] {processor.py:743} INFO - Processing file /home/humbulani/miniconda3/envs/apache-airflow/lib/python3.8/site-packages/airflow/example_dags/plugins/workday.py for tasks to queue
[2023-03-26T22:05:43.194+0200] {logging_mixin.py:137} INFO - [2023-03-26T22:05:43.193+0200] {dagbag.py:532} INFO - Filling up the DagBag from /home/humbulani/miniconda3/envs/apache-airflow/lib/python3.8/site-packages/airflow/example_dags/plugins/workday.py
[2023-03-26T22:05:43.195+0200] {processor.py:755} WARNING - No viable dags retrieved from /home/humbulani/miniconda3/envs/apache-airflow/lib/python3.8/site-packages/airflow/example_dags/plugins/workday.py
[2023-03-26T22:05:43.204+0200] {processor.py:175} INFO - Processing /home/humbulani/miniconda3/envs/apache-airflow/lib/python3.8/site-packages/airflow/example_dags/plugins/workday.py took 0.016 seconds
[2023-03-26T22:06:28.916+0200] {processor.py:153} INFO - Started process (PID=18831) to work on /home/humbulani/miniconda3/envs/apache-airflow/lib/python3.8/site-packages/airflow/example_dags/plugins/workday.py
[2023-03-26T22:06:28.917+0200] {processor.py:743} INFO - Processing file /home/humbulani/miniconda3/envs/apache-airflow/lib/python3.8/site-packages/airflow/example_dags/plugins/workday.py for tasks to queue
[2023-03-26T22:06:28.917+0200] {logging_mixin.py:137} INFO - [2023-03-26T22:06:28.917+0200] {dagbag.py:532} INFO - Filling up the DagBag from /home/humbulani/miniconda3/envs/apache-airflow/lib/python3.8/site-packages/airflow/example_dags/plugins/workday.py
[2023-03-26T22:06:28.919+0200] {processor.py:755} WARNING - No viable dags retrieved from /home/humbulani/miniconda3/envs/apache-airflow/lib/python3.8/site-packages/airflow/example_dags/plugins/workday.py
[2023-03-26T22:06:28.928+0200] {processor.py:175} INFO - Processing /home/humbulani/miniconda3/envs/apache-airflow/lib/python3.8/site-packages/airflow/example_dags/plugins/workday.py took 0.015 seconds
[2023-03-26T22:07:16.093+0200] {processor.py:153} INFO - Started process (PID=18977) to work on /home/humbulani/miniconda3/envs/apache-airflow/lib/python3.8/site-packages/airflow/example_dags/plugins/workday.py
[2023-03-26T22:07:16.103+0200] {processor.py:743} INFO - Processing file /home/humbulani/miniconda3/envs/apache-airflow/lib/python3.8/site-packages/airflow/example_dags/plugins/workday.py for tasks to queue
[2023-03-26T22:07:16.104+0200] {logging_mixin.py:137} INFO - [2023-03-26T22:07:16.104+0200] {dagbag.py:532} INFO - Filling up the DagBag from /home/humbulani/miniconda3/envs/apache-airflow/lib/python3.8/site-packages/airflow/example_dags/plugins/workday.py
[2023-03-26T22:07:16.105+0200] {processor.py:755} WARNING - No viable dags retrieved from /home/humbulani/miniconda3/envs/apache-airflow/lib/python3.8/site-packages/airflow/example_dags/plugins/workday.py
[2023-03-26T22:07:16.112+0200] {processor.py:175} INFO - Processing /home/humbulani/miniconda3/envs/apache-airflow/lib/python3.8/site-packages/airflow/example_dags/plugins/workday.py took 0.022 seconds
[2023-03-26T22:08:00.676+0200] {processor.py:153} INFO - Started process (PID=19021) to work on /home/humbulani/miniconda3/envs/apache-airflow/lib/python3.8/site-packages/airflow/example_dags/plugins/workday.py
[2023-03-26T22:08:00.677+0200] {processor.py:743} INFO - Processing file /home/humbulani/miniconda3/envs/apache-airflow/lib/python3.8/site-packages/airflow/example_dags/plugins/workday.py for tasks to queue
[2023-03-26T22:08:00.678+0200] {logging_mixin.py:137} INFO - [2023-03-26T22:08:00.678+0200] {dagbag.py:532} INFO - Filling up the DagBag from /home/humbulani/miniconda3/envs/apache-airflow/lib/python3.8/site-packages/airflow/example_dags/plugins/workday.py
[2023-03-26T22:08:00.679+0200] {processor.py:755} WARNING - No viable dags retrieved from /home/humbulani/miniconda3/envs/apache-airflow/lib/python3.8/site-packages/airflow/example_dags/plugins/workday.py
[2023-03-26T22:08:00.688+0200] {processor.py:175} INFO - Processing /home/humbulani/miniconda3/envs/apache-airflow/lib/python3.8/site-packages/airflow/example_dags/plugins/workday.py took 0.015 seconds
[2023-03-26T22:08:44.980+0200] {processor.py:153} INFO - Started process (PID=19097) to work on /home/humbulani/miniconda3/envs/apache-airflow/lib/python3.8/site-packages/airflow/example_dags/plugins/workday.py
[2023-03-26T22:08:44.981+0200] {processor.py:743} INFO - Processing file /home/humbulani/miniconda3/envs/apache-airflow/lib/python3.8/site-packages/airflow/example_dags/plugins/workday.py for tasks to queue
[2023-03-26T22:08:44.982+0200] {logging_mixin.py:137} INFO - [2023-03-26T22:08:44.982+0200] {dagbag.py:532} INFO - Filling up the DagBag from /home/humbulani/miniconda3/envs/apache-airflow/lib/python3.8/site-packages/airflow/example_dags/plugins/workday.py
[2023-03-26T22:08:44.983+0200] {processor.py:755} WARNING - No viable dags retrieved from /home/humbulani/miniconda3/envs/apache-airflow/lib/python3.8/site-packages/airflow/example_dags/plugins/workday.py
[2023-03-26T22:08:44.990+0200] {processor.py:175} INFO - Processing /home/humbulani/miniconda3/envs/apache-airflow/lib/python3.8/site-packages/airflow/example_dags/plugins/workday.py took 0.012 seconds
[2023-03-26T22:09:34.392+0200] {processor.py:153} INFO - Started process (PID=19151) to work on /home/humbulani/miniconda3/envs/apache-airflow/lib/python3.8/site-packages/airflow/example_dags/plugins/workday.py
[2023-03-26T22:09:34.407+0200] {processor.py:743} INFO - Processing file /home/humbulani/miniconda3/envs/apache-airflow/lib/python3.8/site-packages/airflow/example_dags/plugins/workday.py for tasks to queue
[2023-03-26T22:09:34.408+0200] {logging_mixin.py:137} INFO - [2023-03-26T22:09:34.408+0200] {dagbag.py:532} INFO - Filling up the DagBag from /home/humbulani/miniconda3/envs/apache-airflow/lib/python3.8/site-packages/airflow/example_dags/plugins/workday.py
[2023-03-26T22:09:34.409+0200] {processor.py:755} WARNING - No viable dags retrieved from /home/humbulani/miniconda3/envs/apache-airflow/lib/python3.8/site-packages/airflow/example_dags/plugins/workday.py
[2023-03-26T22:09:34.417+0200] {processor.py:175} INFO - Processing /home/humbulani/miniconda3/envs/apache-airflow/lib/python3.8/site-packages/airflow/example_dags/plugins/workday.py took 0.028 seconds
[2023-03-26T22:10:19.847+0200] {processor.py:153} INFO - Started process (PID=19210) to work on /home/humbulani/miniconda3/envs/apache-airflow/lib/python3.8/site-packages/airflow/example_dags/plugins/workday.py
[2023-03-26T22:10:19.848+0200] {processor.py:743} INFO - Processing file /home/humbulani/miniconda3/envs/apache-airflow/lib/python3.8/site-packages/airflow/example_dags/plugins/workday.py for tasks to queue
[2023-03-26T22:10:19.849+0200] {logging_mixin.py:137} INFO - [2023-03-26T22:10:19.848+0200] {dagbag.py:532} INFO - Filling up the DagBag from /home/humbulani/miniconda3/envs/apache-airflow/lib/python3.8/site-packages/airflow/example_dags/plugins/workday.py
[2023-03-26T22:10:19.850+0200] {processor.py:755} WARNING - No viable dags retrieved from /home/humbulani/miniconda3/envs/apache-airflow/lib/python3.8/site-packages/airflow/example_dags/plugins/workday.py
[2023-03-26T22:10:19.857+0200] {processor.py:175} INFO - Processing /home/humbulani/miniconda3/envs/apache-airflow/lib/python3.8/site-packages/airflow/example_dags/plugins/workday.py took 0.013 seconds
[2023-03-26T22:11:05.488+0200] {processor.py:153} INFO - Started process (PID=19323) to work on /home/humbulani/miniconda3/envs/apache-airflow/lib/python3.8/site-packages/airflow/example_dags/plugins/workday.py
[2023-03-26T22:11:05.509+0200] {processor.py:743} INFO - Processing file /home/humbulani/miniconda3/envs/apache-airflow/lib/python3.8/site-packages/airflow/example_dags/plugins/workday.py for tasks to queue
[2023-03-26T22:11:05.510+0200] {logging_mixin.py:137} INFO - [2023-03-26T22:11:05.510+0200] {dagbag.py:532} INFO - Filling up the DagBag from /home/humbulani/miniconda3/envs/apache-airflow/lib/python3.8/site-packages/airflow/example_dags/plugins/workday.py
[2023-03-26T22:11:05.511+0200] {processor.py:755} WARNING - No viable dags retrieved from /home/humbulani/miniconda3/envs/apache-airflow/lib/python3.8/site-packages/airflow/example_dags/plugins/workday.py
[2023-03-26T22:11:05.518+0200] {processor.py:175} INFO - Processing /home/humbulani/miniconda3/envs/apache-airflow/lib/python3.8/site-packages/airflow/example_dags/plugins/workday.py took 0.033 seconds
[2023-03-26T22:11:52.070+0200] {processor.py:153} INFO - Started process (PID=19366) to work on /home/humbulani/miniconda3/envs/apache-airflow/lib/python3.8/site-packages/airflow/example_dags/plugins/workday.py
[2023-03-26T22:11:52.089+0200] {processor.py:743} INFO - Processing file /home/humbulani/miniconda3/envs/apache-airflow/lib/python3.8/site-packages/airflow/example_dags/plugins/workday.py for tasks to queue
[2023-03-26T22:11:52.090+0200] {logging_mixin.py:137} INFO - [2023-03-26T22:11:52.090+0200] {dagbag.py:532} INFO - Filling up the DagBag from /home/humbulani/miniconda3/envs/apache-airflow/lib/python3.8/site-packages/airflow/example_dags/plugins/workday.py
[2023-03-26T22:11:52.091+0200] {processor.py:755} WARNING - No viable dags retrieved from /home/humbulani/miniconda3/envs/apache-airflow/lib/python3.8/site-packages/airflow/example_dags/plugins/workday.py
[2023-03-26T22:11:52.098+0200] {processor.py:175} INFO - Processing /home/humbulani/miniconda3/envs/apache-airflow/lib/python3.8/site-packages/airflow/example_dags/plugins/workday.py took 0.030 seconds
[2023-03-26T22:12:35.825+0200] {processor.py:153} INFO - Started process (PID=19419) to work on /home/humbulani/miniconda3/envs/apache-airflow/lib/python3.8/site-packages/airflow/example_dags/plugins/workday.py
[2023-03-26T22:12:35.826+0200] {processor.py:743} INFO - Processing file /home/humbulani/miniconda3/envs/apache-airflow/lib/python3.8/site-packages/airflow/example_dags/plugins/workday.py for tasks to queue
[2023-03-26T22:12:35.826+0200] {logging_mixin.py:137} INFO - [2023-03-26T22:12:35.826+0200] {dagbag.py:532} INFO - Filling up the DagBag from /home/humbulani/miniconda3/envs/apache-airflow/lib/python3.8/site-packages/airflow/example_dags/plugins/workday.py
[2023-03-26T22:12:35.828+0200] {processor.py:755} WARNING - No viable dags retrieved from /home/humbulani/miniconda3/envs/apache-airflow/lib/python3.8/site-packages/airflow/example_dags/plugins/workday.py
[2023-03-26T22:12:35.838+0200] {processor.py:175} INFO - Processing /home/humbulani/miniconda3/envs/apache-airflow/lib/python3.8/site-packages/airflow/example_dags/plugins/workday.py took 0.017 seconds
[2023-03-26T22:13:23.503+0200] {processor.py:153} INFO - Started process (PID=19520) to work on /home/humbulani/miniconda3/envs/apache-airflow/lib/python3.8/site-packages/airflow/example_dags/plugins/workday.py
[2023-03-26T22:13:23.516+0200] {processor.py:743} INFO - Processing file /home/humbulani/miniconda3/envs/apache-airflow/lib/python3.8/site-packages/airflow/example_dags/plugins/workday.py for tasks to queue
[2023-03-26T22:13:23.517+0200] {logging_mixin.py:137} INFO - [2023-03-26T22:13:23.517+0200] {dagbag.py:532} INFO - Filling up the DagBag from /home/humbulani/miniconda3/envs/apache-airflow/lib/python3.8/site-packages/airflow/example_dags/plugins/workday.py
[2023-03-26T22:13:23.519+0200] {processor.py:755} WARNING - No viable dags retrieved from /home/humbulani/miniconda3/envs/apache-airflow/lib/python3.8/site-packages/airflow/example_dags/plugins/workday.py
[2023-03-26T22:13:23.607+0200] {processor.py:175} INFO - Processing /home/humbulani/miniconda3/envs/apache-airflow/lib/python3.8/site-packages/airflow/example_dags/plugins/workday.py took 0.107 seconds
[2023-03-26T22:14:09.805+0200] {processor.py:153} INFO - Started process (PID=19565) to work on /home/humbulani/miniconda3/envs/apache-airflow/lib/python3.8/site-packages/airflow/example_dags/plugins/workday.py
[2023-03-26T22:14:09.806+0200] {processor.py:743} INFO - Processing file /home/humbulani/miniconda3/envs/apache-airflow/lib/python3.8/site-packages/airflow/example_dags/plugins/workday.py for tasks to queue
[2023-03-26T22:14:09.806+0200] {logging_mixin.py:137} INFO - [2023-03-26T22:14:09.806+0200] {dagbag.py:532} INFO - Filling up the DagBag from /home/humbulani/miniconda3/envs/apache-airflow/lib/python3.8/site-packages/airflow/example_dags/plugins/workday.py
[2023-03-26T22:14:09.807+0200] {processor.py:755} WARNING - No viable dags retrieved from /home/humbulani/miniconda3/envs/apache-airflow/lib/python3.8/site-packages/airflow/example_dags/plugins/workday.py
[2023-03-26T22:14:09.814+0200] {processor.py:175} INFO - Processing /home/humbulani/miniconda3/envs/apache-airflow/lib/python3.8/site-packages/airflow/example_dags/plugins/workday.py took 0.012 seconds
[2023-03-26T22:14:56.799+0200] {processor.py:153} INFO - Started process (PID=19614) to work on /home/humbulani/miniconda3/envs/apache-airflow/lib/python3.8/site-packages/airflow/example_dags/plugins/workday.py
[2023-03-26T22:14:56.812+0200] {processor.py:743} INFO - Processing file /home/humbulani/miniconda3/envs/apache-airflow/lib/python3.8/site-packages/airflow/example_dags/plugins/workday.py for tasks to queue
[2023-03-26T22:14:56.813+0200] {logging_mixin.py:137} INFO - [2023-03-26T22:14:56.813+0200] {dagbag.py:532} INFO - Filling up the DagBag from /home/humbulani/miniconda3/envs/apache-airflow/lib/python3.8/site-packages/airflow/example_dags/plugins/workday.py
[2023-03-26T22:14:56.815+0200] {processor.py:755} WARNING - No viable dags retrieved from /home/humbulani/miniconda3/envs/apache-airflow/lib/python3.8/site-packages/airflow/example_dags/plugins/workday.py
[2023-03-26T22:14:56.824+0200] {processor.py:175} INFO - Processing /home/humbulani/miniconda3/envs/apache-airflow/lib/python3.8/site-packages/airflow/example_dags/plugins/workday.py took 0.028 seconds
[2023-03-26T22:15:44.588+0200] {processor.py:153} INFO - Started process (PID=19720) to work on /home/humbulani/miniconda3/envs/apache-airflow/lib/python3.8/site-packages/airflow/example_dags/plugins/workday.py
[2023-03-26T22:15:44.600+0200] {processor.py:743} INFO - Processing file /home/humbulani/miniconda3/envs/apache-airflow/lib/python3.8/site-packages/airflow/example_dags/plugins/workday.py for tasks to queue
[2023-03-26T22:15:44.601+0200] {logging_mixin.py:137} INFO - [2023-03-26T22:15:44.601+0200] {dagbag.py:532} INFO - Filling up the DagBag from /home/humbulani/miniconda3/envs/apache-airflow/lib/python3.8/site-packages/airflow/example_dags/plugins/workday.py
[2023-03-26T22:15:44.602+0200] {processor.py:755} WARNING - No viable dags retrieved from /home/humbulani/miniconda3/envs/apache-airflow/lib/python3.8/site-packages/airflow/example_dags/plugins/workday.py
[2023-03-26T22:15:44.610+0200] {processor.py:175} INFO - Processing /home/humbulani/miniconda3/envs/apache-airflow/lib/python3.8/site-packages/airflow/example_dags/plugins/workday.py took 0.024 seconds
[2023-03-26T22:16:32.481+0200] {processor.py:153} INFO - Started process (PID=19828) to work on /home/humbulani/miniconda3/envs/apache-airflow/lib/python3.8/site-packages/airflow/example_dags/plugins/workday.py
[2023-03-26T22:16:32.505+0200] {processor.py:743} INFO - Processing file /home/humbulani/miniconda3/envs/apache-airflow/lib/python3.8/site-packages/airflow/example_dags/plugins/workday.py for tasks to queue
[2023-03-26T22:16:32.506+0200] {logging_mixin.py:137} INFO - [2023-03-26T22:16:32.506+0200] {dagbag.py:532} INFO - Filling up the DagBag from /home/humbulani/miniconda3/envs/apache-airflow/lib/python3.8/site-packages/airflow/example_dags/plugins/workday.py
[2023-03-26T22:16:32.507+0200] {processor.py:755} WARNING - No viable dags retrieved from /home/humbulani/miniconda3/envs/apache-airflow/lib/python3.8/site-packages/airflow/example_dags/plugins/workday.py
[2023-03-26T22:16:32.515+0200] {processor.py:175} INFO - Processing /home/humbulani/miniconda3/envs/apache-airflow/lib/python3.8/site-packages/airflow/example_dags/plugins/workday.py took 0.036 seconds
[2023-03-26T22:17:22.956+0200] {processor.py:153} INFO - Started process (PID=19877) to work on /home/humbulani/miniconda3/envs/apache-airflow/lib/python3.8/site-packages/airflow/example_dags/plugins/workday.py
[2023-03-26T22:17:22.960+0200] {processor.py:743} INFO - Processing file /home/humbulani/miniconda3/envs/apache-airflow/lib/python3.8/site-packages/airflow/example_dags/plugins/workday.py for tasks to queue
[2023-03-26T22:17:22.961+0200] {logging_mixin.py:137} INFO - [2023-03-26T22:17:22.961+0200] {dagbag.py:532} INFO - Filling up the DagBag from /home/humbulani/miniconda3/envs/apache-airflow/lib/python3.8/site-packages/airflow/example_dags/plugins/workday.py
[2023-03-26T22:17:22.962+0200] {processor.py:755} WARNING - No viable dags retrieved from /home/humbulani/miniconda3/envs/apache-airflow/lib/python3.8/site-packages/airflow/example_dags/plugins/workday.py
[2023-03-26T22:17:22.969+0200] {processor.py:175} INFO - Processing /home/humbulani/miniconda3/envs/apache-airflow/lib/python3.8/site-packages/airflow/example_dags/plugins/workday.py took 0.016 seconds
[2023-03-26T22:18:05.434+0200] {processor.py:153} INFO - Started process (PID=19988) to work on /home/humbulani/miniconda3/envs/apache-airflow/lib/python3.8/site-packages/airflow/example_dags/plugins/workday.py
[2023-03-26T22:18:05.435+0200] {processor.py:743} INFO - Processing file /home/humbulani/miniconda3/envs/apache-airflow/lib/python3.8/site-packages/airflow/example_dags/plugins/workday.py for tasks to queue
[2023-03-26T22:18:05.436+0200] {logging_mixin.py:137} INFO - [2023-03-26T22:18:05.435+0200] {dagbag.py:532} INFO - Filling up the DagBag from /home/humbulani/miniconda3/envs/apache-airflow/lib/python3.8/site-packages/airflow/example_dags/plugins/workday.py
[2023-03-26T22:18:05.437+0200] {processor.py:755} WARNING - No viable dags retrieved from /home/humbulani/miniconda3/envs/apache-airflow/lib/python3.8/site-packages/airflow/example_dags/plugins/workday.py
[2023-03-26T22:18:05.444+0200] {processor.py:175} INFO - Processing /home/humbulani/miniconda3/envs/apache-airflow/lib/python3.8/site-packages/airflow/example_dags/plugins/workday.py took 0.012 seconds
[2023-03-26T22:18:49.832+0200] {processor.py:153} INFO - Started process (PID=20033) to work on /home/humbulani/miniconda3/envs/apache-airflow/lib/python3.8/site-packages/airflow/example_dags/plugins/workday.py
[2023-03-26T22:18:49.833+0200] {processor.py:743} INFO - Processing file /home/humbulani/miniconda3/envs/apache-airflow/lib/python3.8/site-packages/airflow/example_dags/plugins/workday.py for tasks to queue
[2023-03-26T22:18:49.834+0200] {logging_mixin.py:137} INFO - [2023-03-26T22:18:49.834+0200] {dagbag.py:532} INFO - Filling up the DagBag from /home/humbulani/miniconda3/envs/apache-airflow/lib/python3.8/site-packages/airflow/example_dags/plugins/workday.py
[2023-03-26T22:18:49.835+0200] {processor.py:755} WARNING - No viable dags retrieved from /home/humbulani/miniconda3/envs/apache-airflow/lib/python3.8/site-packages/airflow/example_dags/plugins/workday.py
[2023-03-26T22:18:49.844+0200] {processor.py:175} INFO - Processing /home/humbulani/miniconda3/envs/apache-airflow/lib/python3.8/site-packages/airflow/example_dags/plugins/workday.py took 0.015 seconds
[2023-03-26T22:19:35.946+0200] {processor.py:153} INFO - Started process (PID=20141) to work on /home/humbulani/miniconda3/envs/apache-airflow/lib/python3.8/site-packages/airflow/example_dags/plugins/workday.py
[2023-03-26T22:19:35.958+0200] {processor.py:743} INFO - Processing file /home/humbulani/miniconda3/envs/apache-airflow/lib/python3.8/site-packages/airflow/example_dags/plugins/workday.py for tasks to queue
[2023-03-26T22:19:35.959+0200] {logging_mixin.py:137} INFO - [2023-03-26T22:19:35.958+0200] {dagbag.py:532} INFO - Filling up the DagBag from /home/humbulani/miniconda3/envs/apache-airflow/lib/python3.8/site-packages/airflow/example_dags/plugins/workday.py
[2023-03-26T22:19:35.960+0200] {processor.py:755} WARNING - No viable dags retrieved from /home/humbulani/miniconda3/envs/apache-airflow/lib/python3.8/site-packages/airflow/example_dags/plugins/workday.py
[2023-03-26T22:19:35.967+0200] {processor.py:175} INFO - Processing /home/humbulani/miniconda3/envs/apache-airflow/lib/python3.8/site-packages/airflow/example_dags/plugins/workday.py took 0.023 seconds
[2023-03-26T22:20:19.760+0200] {processor.py:153} INFO - Started process (PID=20187) to work on /home/humbulani/miniconda3/envs/apache-airflow/lib/python3.8/site-packages/airflow/example_dags/plugins/workday.py
[2023-03-26T22:20:19.761+0200] {processor.py:743} INFO - Processing file /home/humbulani/miniconda3/envs/apache-airflow/lib/python3.8/site-packages/airflow/example_dags/plugins/workday.py for tasks to queue
[2023-03-26T22:20:19.761+0200] {logging_mixin.py:137} INFO - [2023-03-26T22:20:19.761+0200] {dagbag.py:532} INFO - Filling up the DagBag from /home/humbulani/miniconda3/envs/apache-airflow/lib/python3.8/site-packages/airflow/example_dags/plugins/workday.py
[2023-03-26T22:20:19.763+0200] {processor.py:755} WARNING - No viable dags retrieved from /home/humbulani/miniconda3/envs/apache-airflow/lib/python3.8/site-packages/airflow/example_dags/plugins/workday.py
[2023-03-26T22:20:19.772+0200] {processor.py:175} INFO - Processing /home/humbulani/miniconda3/envs/apache-airflow/lib/python3.8/site-packages/airflow/example_dags/plugins/workday.py took 0.015 seconds
[2023-03-26T22:21:05.087+0200] {processor.py:153} INFO - Started process (PID=20277) to work on /home/humbulani/miniconda3/envs/apache-airflow/lib/python3.8/site-packages/airflow/example_dags/plugins/workday.py
[2023-03-26T22:21:05.139+0200] {processor.py:743} INFO - Processing file /home/humbulani/miniconda3/envs/apache-airflow/lib/python3.8/site-packages/airflow/example_dags/plugins/workday.py for tasks to queue
[2023-03-26T22:21:05.140+0200] {logging_mixin.py:137} INFO - [2023-03-26T22:21:05.140+0200] {dagbag.py:532} INFO - Filling up the DagBag from /home/humbulani/miniconda3/envs/apache-airflow/lib/python3.8/site-packages/airflow/example_dags/plugins/workday.py
[2023-03-26T22:21:05.141+0200] {processor.py:755} WARNING - No viable dags retrieved from /home/humbulani/miniconda3/envs/apache-airflow/lib/python3.8/site-packages/airflow/example_dags/plugins/workday.py
[2023-03-26T22:21:05.148+0200] {processor.py:175} INFO - Processing /home/humbulani/miniconda3/envs/apache-airflow/lib/python3.8/site-packages/airflow/example_dags/plugins/workday.py took 0.064 seconds
[2023-03-26T22:21:50.681+0200] {processor.py:153} INFO - Started process (PID=20321) to work on /home/humbulani/miniconda3/envs/apache-airflow/lib/python3.8/site-packages/airflow/example_dags/plugins/workday.py
[2023-03-26T22:21:50.694+0200] {processor.py:743} INFO - Processing file /home/humbulani/miniconda3/envs/apache-airflow/lib/python3.8/site-packages/airflow/example_dags/plugins/workday.py for tasks to queue
[2023-03-26T22:21:50.694+0200] {logging_mixin.py:137} INFO - [2023-03-26T22:21:50.694+0200] {dagbag.py:532} INFO - Filling up the DagBag from /home/humbulani/miniconda3/envs/apache-airflow/lib/python3.8/site-packages/airflow/example_dags/plugins/workday.py
[2023-03-26T22:21:50.695+0200] {processor.py:755} WARNING - No viable dags retrieved from /home/humbulani/miniconda3/envs/apache-airflow/lib/python3.8/site-packages/airflow/example_dags/plugins/workday.py
[2023-03-26T22:21:50.703+0200] {processor.py:175} INFO - Processing /home/humbulani/miniconda3/envs/apache-airflow/lib/python3.8/site-packages/airflow/example_dags/plugins/workday.py took 0.025 seconds
[2023-03-26T22:22:36.935+0200] {processor.py:153} INFO - Started process (PID=20364) to work on /home/humbulani/miniconda3/envs/apache-airflow/lib/python3.8/site-packages/airflow/example_dags/plugins/workday.py
[2023-03-26T22:22:36.948+0200] {processor.py:743} INFO - Processing file /home/humbulani/miniconda3/envs/apache-airflow/lib/python3.8/site-packages/airflow/example_dags/plugins/workday.py for tasks to queue
[2023-03-26T22:22:36.949+0200] {logging_mixin.py:137} INFO - [2023-03-26T22:22:36.948+0200] {dagbag.py:532} INFO - Filling up the DagBag from /home/humbulani/miniconda3/envs/apache-airflow/lib/python3.8/site-packages/airflow/example_dags/plugins/workday.py
[2023-03-26T22:22:36.950+0200] {processor.py:755} WARNING - No viable dags retrieved from /home/humbulani/miniconda3/envs/apache-airflow/lib/python3.8/site-packages/airflow/example_dags/plugins/workday.py
[2023-03-26T22:22:36.959+0200] {processor.py:175} INFO - Processing /home/humbulani/miniconda3/envs/apache-airflow/lib/python3.8/site-packages/airflow/example_dags/plugins/workday.py took 0.027 seconds
