[2023-04-04T03:23:05.729+0200] {taskinstance.py:1084} INFO - Dependencies all met for dep_context=non-requeueable deps ti=<TaskInstance: mysql_dag.insert_data manual__2023-04-04T01:22:58.525632+00:00 [queued]>
[2023-04-04T03:23:05.739+0200] {taskinstance.py:1084} INFO - Dependencies all met for dep_context=requeueable deps ti=<TaskInstance: mysql_dag.insert_data manual__2023-04-04T01:22:58.525632+00:00 [queued]>
[2023-04-04T03:23:05.740+0200] {taskinstance.py:1282} INFO - 
--------------------------------------------------------------------------------
[2023-04-04T03:23:05.740+0200] {taskinstance.py:1283} INFO - Starting attempt 1 of 1
[2023-04-04T03:23:05.740+0200] {taskinstance.py:1284} INFO - 
--------------------------------------------------------------------------------
[2023-04-04T03:23:05.909+0200] {taskinstance.py:1303} INFO - Executing <Task(PythonOperator): insert_data> on 2023-04-04 01:22:58.525632+00:00
[2023-04-04T03:23:05.914+0200] {standard_task_runner.py:55} INFO - Started process 7743 to run task
[2023-04-04T03:23:05.917+0200] {standard_task_runner.py:82} INFO - Running: ['airflow', 'tasks', 'run', 'mysql_dag', 'insert_data', 'manual__2023-04-04T01:22:58.525632+00:00', '--job-id', '13', '--raw', '--subdir', 'DAGS_FOLDER/new2_dag.py', '--cfg-path', '/tmp/tmp4y7ip3pt']
[2023-04-04T03:23:05.919+0200] {standard_task_runner.py:83} INFO - Job 13: Subtask insert_data
[2023-04-04T03:23:06.219+0200] {task_command.py:388} INFO - Running <TaskInstance: mysql_dag.insert_data manual__2023-04-04T01:22:58.525632+00:00 [running]> on host namenode
[2023-04-04T03:23:06.684+0200] {taskinstance.py:1509} INFO - Exporting the following env vars:
AIRFLOW_CTX_DAG_OWNER=airflow
AIRFLOW_CTX_DAG_ID=mysql_dag
AIRFLOW_CTX_TASK_ID=insert_data
AIRFLOW_CTX_EXECUTION_DATE=2023-04-04T01:22:58.525632+00:00
AIRFLOW_CTX_TRY_NUMBER=1
AIRFLOW_CTX_DAG_RUN_ID=manual__2023-04-04T01:22:58.525632+00:00
[2023-04-04T03:24:30.988+0200] {python.py:177} INFO - Done. Returned value was: None
[2023-04-04T03:24:31.004+0200] {taskinstance.py:1321} INFO - Marking task as SUCCESS. dag_id=mysql_dag, task_id=insert_data, execution_date=20230404T012258, start_date=20230404T012305, end_date=20230404T012431
[2023-04-04T03:24:31.216+0200] {local_task_job.py:212} INFO - Task exited with return code 0
[2023-04-04T03:24:31.243+0200] {taskinstance.py:2585} INFO - 1 downstream tasks scheduled from follow-on schedule check
