[2023-04-18T02:27:28.507+0200] {processor.py:153} INFO - Started process (PID=10269) to work on /home/humbulani/airflow/dags/new2_dag.py
[2023-04-18T02:27:28.508+0200] {processor.py:743} INFO - Processing file /home/humbulani/airflow/dags/new2_dag.py for tasks to queue
[2023-04-18T02:27:28.509+0200] {logging_mixin.py:137} INFO - [2023-04-18T02:27:28.509+0200] {dagbag.py:532} INFO - Filling up the DagBag from /home/humbulani/airflow/dags/new2_dag.py
[2023-04-18T02:27:30.825+0200] {logging_mixin.py:137} INFO - [2023-04-18T02:27:30.824+0200] {utils.py:160} INFO - NumExpr defaulting to 4 threads.
[2023-04-18T02:27:32.839+0200] {processor.py:753} INFO - DAG(s) dict_keys(['mysql_dag']) retrieved from /home/humbulani/airflow/dags/new2_dag.py
[2023-04-18T02:27:32.857+0200] {logging_mixin.py:137} INFO - [2023-04-18T02:27:32.857+0200] {dag.py:2693} INFO - Sync 1 DAGs
[2023-04-18T02:27:32.877+0200] {logging_mixin.py:137} INFO - [2023-04-18T02:27:32.877+0200] {dag.py:3440} INFO - Setting next_dagrun for mysql_dag to None, run_after=None
[2023-04-18T02:27:32.995+0200] {processor.py:175} INFO - Processing /home/humbulani/airflow/dags/new2_dag.py took 4.494 seconds
[2023-04-18T02:28:03.717+0200] {processor.py:153} INFO - Started process (PID=10497) to work on /home/humbulani/airflow/dags/new2_dag.py
[2023-04-18T02:28:03.735+0200] {processor.py:743} INFO - Processing file /home/humbulani/airflow/dags/new2_dag.py for tasks to queue
[2023-04-18T02:28:03.735+0200] {logging_mixin.py:137} INFO - [2023-04-18T02:28:03.735+0200] {dagbag.py:532} INFO - Filling up the DagBag from /home/humbulani/airflow/dags/new2_dag.py
[2023-04-18T02:28:03.797+0200] {logging_mixin.py:137} INFO - [2023-04-18T02:28:03.797+0200] {utils.py:160} INFO - NumExpr defaulting to 4 threads.
[2023-04-18T02:28:04.026+0200] {processor.py:753} INFO - DAG(s) dict_keys(['mysql_dag']) retrieved from /home/humbulani/airflow/dags/new2_dag.py
[2023-04-18T02:28:04.039+0200] {logging_mixin.py:137} INFO - [2023-04-18T02:28:04.039+0200] {dag.py:2693} INFO - Sync 1 DAGs
[2023-04-18T02:28:04.060+0200] {logging_mixin.py:137} INFO - [2023-04-18T02:28:04.060+0200] {dag.py:3440} INFO - Setting next_dagrun for mysql_dag to None, run_after=None
[2023-04-18T02:28:04.326+0200] {processor.py:175} INFO - Processing /home/humbulani/airflow/dags/new2_dag.py took 0.612 seconds
[2023-04-18T02:28:34.421+0200] {processor.py:153} INFO - Started process (PID=10529) to work on /home/humbulani/airflow/dags/new2_dag.py
[2023-04-18T02:28:34.422+0200] {processor.py:743} INFO - Processing file /home/humbulani/airflow/dags/new2_dag.py for tasks to queue
[2023-04-18T02:28:34.422+0200] {logging_mixin.py:137} INFO - [2023-04-18T02:28:34.422+0200] {dagbag.py:532} INFO - Filling up the DagBag from /home/humbulani/airflow/dags/new2_dag.py
[2023-04-18T02:28:34.485+0200] {logging_mixin.py:137} INFO - [2023-04-18T02:28:34.485+0200] {utils.py:160} INFO - NumExpr defaulting to 4 threads.
[2023-04-18T02:28:34.716+0200] {processor.py:753} INFO - DAG(s) dict_keys(['mysql_dag']) retrieved from /home/humbulani/airflow/dags/new2_dag.py
[2023-04-18T02:28:34.729+0200] {logging_mixin.py:137} INFO - [2023-04-18T02:28:34.729+0200] {dag.py:2693} INFO - Sync 1 DAGs
[2023-04-18T02:28:34.750+0200] {logging_mixin.py:137} INFO - [2023-04-18T02:28:34.749+0200] {dag.py:3440} INFO - Setting next_dagrun for mysql_dag to None, run_after=None
[2023-04-18T02:28:34.878+0200] {processor.py:175} INFO - Processing /home/humbulani/airflow/dags/new2_dag.py took 0.461 seconds
[2023-04-18T02:29:05.587+0200] {processor.py:153} INFO - Started process (PID=10543) to work on /home/humbulani/airflow/dags/new2_dag.py
[2023-04-18T02:29:05.596+0200] {processor.py:743} INFO - Processing file /home/humbulani/airflow/dags/new2_dag.py for tasks to queue
[2023-04-18T02:29:05.597+0200] {logging_mixin.py:137} INFO - [2023-04-18T02:29:05.596+0200] {dagbag.py:532} INFO - Filling up the DagBag from /home/humbulani/airflow/dags/new2_dag.py
[2023-04-18T02:29:05.657+0200] {logging_mixin.py:137} INFO - [2023-04-18T02:29:05.657+0200] {utils.py:160} INFO - NumExpr defaulting to 4 threads.
[2023-04-18T02:29:05.877+0200] {processor.py:753} INFO - DAG(s) dict_keys(['mysql_dag']) retrieved from /home/humbulani/airflow/dags/new2_dag.py
[2023-04-18T02:29:05.890+0200] {logging_mixin.py:137} INFO - [2023-04-18T02:29:05.890+0200] {dag.py:2693} INFO - Sync 1 DAGs
[2023-04-18T02:29:05.910+0200] {logging_mixin.py:137} INFO - [2023-04-18T02:29:05.910+0200] {dag.py:3440} INFO - Setting next_dagrun for mysql_dag to None, run_after=None
[2023-04-18T02:29:06.042+0200] {processor.py:175} INFO - Processing /home/humbulani/airflow/dags/new2_dag.py took 0.457 seconds
[2023-04-18T02:29:36.190+0200] {processor.py:153} INFO - Started process (PID=10597) to work on /home/humbulani/airflow/dags/new2_dag.py
[2023-04-18T02:29:36.191+0200] {processor.py:743} INFO - Processing file /home/humbulani/airflow/dags/new2_dag.py for tasks to queue
[2023-04-18T02:29:36.191+0200] {logging_mixin.py:137} INFO - [2023-04-18T02:29:36.191+0200] {dagbag.py:532} INFO - Filling up the DagBag from /home/humbulani/airflow/dags/new2_dag.py
[2023-04-18T02:29:36.256+0200] {logging_mixin.py:137} INFO - [2023-04-18T02:29:36.256+0200] {utils.py:160} INFO - NumExpr defaulting to 4 threads.
[2023-04-18T02:29:36.492+0200] {processor.py:753} INFO - DAG(s) dict_keys(['mysql_dag']) retrieved from /home/humbulani/airflow/dags/new2_dag.py
[2023-04-18T02:29:36.505+0200] {logging_mixin.py:137} INFO - [2023-04-18T02:29:36.505+0200] {dag.py:2693} INFO - Sync 1 DAGs
[2023-04-18T02:29:36.524+0200] {logging_mixin.py:137} INFO - [2023-04-18T02:29:36.524+0200] {dag.py:3440} INFO - Setting next_dagrun for mysql_dag to None, run_after=None
[2023-04-18T02:29:36.646+0200] {processor.py:175} INFO - Processing /home/humbulani/airflow/dags/new2_dag.py took 0.459 seconds
[2023-04-18T02:30:06.697+0200] {processor.py:153} INFO - Started process (PID=10623) to work on /home/humbulani/airflow/dags/new2_dag.py
[2023-04-18T02:30:06.711+0200] {processor.py:743} INFO - Processing file /home/humbulani/airflow/dags/new2_dag.py for tasks to queue
[2023-04-18T02:30:06.711+0200] {logging_mixin.py:137} INFO - [2023-04-18T02:30:06.711+0200] {dagbag.py:532} INFO - Filling up the DagBag from /home/humbulani/airflow/dags/new2_dag.py
[2023-04-18T02:30:06.776+0200] {logging_mixin.py:137} INFO - [2023-04-18T02:30:06.776+0200] {utils.py:160} INFO - NumExpr defaulting to 4 threads.
[2023-04-18T02:30:07.031+0200] {processor.py:753} INFO - DAG(s) dict_keys(['mysql_dag']) retrieved from /home/humbulani/airflow/dags/new2_dag.py
[2023-04-18T02:30:07.045+0200] {logging_mixin.py:137} INFO - [2023-04-18T02:30:07.045+0200] {dag.py:2693} INFO - Sync 1 DAGs
[2023-04-18T02:30:07.081+0200] {logging_mixin.py:137} INFO - [2023-04-18T02:30:07.081+0200] {dag.py:3440} INFO - Setting next_dagrun for mysql_dag to None, run_after=None
[2023-04-18T02:30:07.204+0200] {processor.py:175} INFO - Processing /home/humbulani/airflow/dags/new2_dag.py took 0.510 seconds
[2023-04-18T02:30:37.812+0200] {processor.py:153} INFO - Started process (PID=10641) to work on /home/humbulani/airflow/dags/new2_dag.py
[2023-04-18T02:30:37.812+0200] {processor.py:743} INFO - Processing file /home/humbulani/airflow/dags/new2_dag.py for tasks to queue
[2023-04-18T02:30:37.813+0200] {logging_mixin.py:137} INFO - [2023-04-18T02:30:37.813+0200] {dagbag.py:532} INFO - Filling up the DagBag from /home/humbulani/airflow/dags/new2_dag.py
[2023-04-18T02:30:37.879+0200] {logging_mixin.py:137} INFO - [2023-04-18T02:30:37.879+0200] {utils.py:160} INFO - NumExpr defaulting to 4 threads.
[2023-04-18T02:30:38.120+0200] {processor.py:753} INFO - DAG(s) dict_keys(['mysql_dag']) retrieved from /home/humbulani/airflow/dags/new2_dag.py
[2023-04-18T02:30:38.135+0200] {logging_mixin.py:137} INFO - [2023-04-18T02:30:38.135+0200] {dag.py:2693} INFO - Sync 1 DAGs
[2023-04-18T02:30:38.157+0200] {logging_mixin.py:137} INFO - [2023-04-18T02:30:38.157+0200] {dag.py:3440} INFO - Setting next_dagrun for mysql_dag to None, run_after=None
[2023-04-18T02:30:38.285+0200] {processor.py:175} INFO - Processing /home/humbulani/airflow/dags/new2_dag.py took 0.476 seconds
[2023-04-18T02:31:08.408+0200] {processor.py:153} INFO - Started process (PID=10656) to work on /home/humbulani/airflow/dags/new2_dag.py
[2023-04-18T02:31:08.439+0200] {processor.py:743} INFO - Processing file /home/humbulani/airflow/dags/new2_dag.py for tasks to queue
[2023-04-18T02:31:08.440+0200] {logging_mixin.py:137} INFO - [2023-04-18T02:31:08.440+0200] {dagbag.py:532} INFO - Filling up the DagBag from /home/humbulani/airflow/dags/new2_dag.py
[2023-04-18T02:31:08.507+0200] {logging_mixin.py:137} INFO - [2023-04-18T02:31:08.507+0200] {utils.py:160} INFO - NumExpr defaulting to 4 threads.
[2023-04-18T02:31:08.754+0200] {processor.py:753} INFO - DAG(s) dict_keys(['mysql_dag']) retrieved from /home/humbulani/airflow/dags/new2_dag.py
[2023-04-18T02:31:08.768+0200] {logging_mixin.py:137} INFO - [2023-04-18T02:31:08.768+0200] {dag.py:2693} INFO - Sync 1 DAGs
[2023-04-18T02:31:08.790+0200] {logging_mixin.py:137} INFO - [2023-04-18T02:31:08.790+0200] {dag.py:3440} INFO - Setting next_dagrun for mysql_dag to None, run_after=None
[2023-04-18T02:31:08.945+0200] {processor.py:175} INFO - Processing /home/humbulani/airflow/dags/new2_dag.py took 0.539 seconds
[2023-04-18T02:31:39.104+0200] {processor.py:153} INFO - Started process (PID=10721) to work on /home/humbulani/airflow/dags/new2_dag.py
[2023-04-18T02:31:39.105+0200] {processor.py:743} INFO - Processing file /home/humbulani/airflow/dags/new2_dag.py for tasks to queue
[2023-04-18T02:31:39.106+0200] {logging_mixin.py:137} INFO - [2023-04-18T02:31:39.105+0200] {dagbag.py:532} INFO - Filling up the DagBag from /home/humbulani/airflow/dags/new2_dag.py
[2023-04-18T02:31:39.172+0200] {logging_mixin.py:137} INFO - [2023-04-18T02:31:39.172+0200] {utils.py:160} INFO - NumExpr defaulting to 4 threads.
[2023-04-18T02:31:39.398+0200] {processor.py:753} INFO - DAG(s) dict_keys(['mysql_dag']) retrieved from /home/humbulani/airflow/dags/new2_dag.py
[2023-04-18T02:31:39.411+0200] {logging_mixin.py:137} INFO - [2023-04-18T02:31:39.411+0200] {dag.py:2693} INFO - Sync 1 DAGs
[2023-04-18T02:31:39.431+0200] {logging_mixin.py:137} INFO - [2023-04-18T02:31:39.431+0200] {dag.py:3440} INFO - Setting next_dagrun for mysql_dag to None, run_after=None
[2023-04-18T02:31:39.690+0200] {processor.py:175} INFO - Processing /home/humbulani/airflow/dags/new2_dag.py took 0.588 seconds
[2023-04-18T02:32:09.842+0200] {processor.py:153} INFO - Started process (PID=10740) to work on /home/humbulani/airflow/dags/new2_dag.py
[2023-04-18T02:32:09.860+0200] {processor.py:743} INFO - Processing file /home/humbulani/airflow/dags/new2_dag.py for tasks to queue
[2023-04-18T02:32:09.861+0200] {logging_mixin.py:137} INFO - [2023-04-18T02:32:09.861+0200] {dagbag.py:532} INFO - Filling up the DagBag from /home/humbulani/airflow/dags/new2_dag.py
[2023-04-18T02:32:09.928+0200] {logging_mixin.py:137} INFO - [2023-04-18T02:32:09.928+0200] {utils.py:160} INFO - NumExpr defaulting to 4 threads.
[2023-04-18T02:32:10.155+0200] {processor.py:753} INFO - DAG(s) dict_keys(['mysql_dag']) retrieved from /home/humbulani/airflow/dags/new2_dag.py
[2023-04-18T02:32:10.168+0200] {logging_mixin.py:137} INFO - [2023-04-18T02:32:10.168+0200] {dag.py:2693} INFO - Sync 1 DAGs
[2023-04-18T02:32:10.188+0200] {logging_mixin.py:137} INFO - [2023-04-18T02:32:10.188+0200] {dag.py:3440} INFO - Setting next_dagrun for mysql_dag to None, run_after=None
[2023-04-18T02:32:10.331+0200] {processor.py:175} INFO - Processing /home/humbulani/airflow/dags/new2_dag.py took 0.492 seconds
[2023-04-18T02:32:40.991+0200] {processor.py:153} INFO - Started process (PID=10755) to work on /home/humbulani/airflow/dags/new2_dag.py
[2023-04-18T02:32:41.003+0200] {processor.py:743} INFO - Processing file /home/humbulani/airflow/dags/new2_dag.py for tasks to queue
[2023-04-18T02:32:41.004+0200] {logging_mixin.py:137} INFO - [2023-04-18T02:32:41.004+0200] {dagbag.py:532} INFO - Filling up the DagBag from /home/humbulani/airflow/dags/new2_dag.py
[2023-04-18T02:32:41.068+0200] {logging_mixin.py:137} INFO - [2023-04-18T02:32:41.068+0200] {utils.py:160} INFO - NumExpr defaulting to 4 threads.
[2023-04-18T02:32:41.307+0200] {processor.py:753} INFO - DAG(s) dict_keys(['mysql_dag']) retrieved from /home/humbulani/airflow/dags/new2_dag.py
[2023-04-18T02:32:41.321+0200] {logging_mixin.py:137} INFO - [2023-04-18T02:32:41.321+0200] {dag.py:2693} INFO - Sync 1 DAGs
[2023-04-18T02:32:41.343+0200] {logging_mixin.py:137} INFO - [2023-04-18T02:32:41.343+0200] {dag.py:3440} INFO - Setting next_dagrun for mysql_dag to None, run_after=None
[2023-04-18T02:32:41.472+0200] {processor.py:175} INFO - Processing /home/humbulani/airflow/dags/new2_dag.py took 0.483 seconds
[2023-04-18T02:33:11.625+0200] {processor.py:153} INFO - Started process (PID=10770) to work on /home/humbulani/airflow/dags/new2_dag.py
[2023-04-18T02:33:11.625+0200] {processor.py:743} INFO - Processing file /home/humbulani/airflow/dags/new2_dag.py for tasks to queue
[2023-04-18T02:33:11.626+0200] {logging_mixin.py:137} INFO - [2023-04-18T02:33:11.626+0200] {dagbag.py:532} INFO - Filling up the DagBag from /home/humbulani/airflow/dags/new2_dag.py
[2023-04-18T02:33:11.689+0200] {logging_mixin.py:137} INFO - [2023-04-18T02:33:11.689+0200] {utils.py:160} INFO - NumExpr defaulting to 4 threads.
[2023-04-18T02:33:11.928+0200] {processor.py:753} INFO - DAG(s) dict_keys(['mysql_dag']) retrieved from /home/humbulani/airflow/dags/new2_dag.py
[2023-04-18T02:33:11.942+0200] {logging_mixin.py:137} INFO - [2023-04-18T02:33:11.941+0200] {dag.py:2693} INFO - Sync 1 DAGs
[2023-04-18T02:33:11.963+0200] {logging_mixin.py:137} INFO - [2023-04-18T02:33:11.963+0200] {dag.py:3440} INFO - Setting next_dagrun for mysql_dag to None, run_after=None
[2023-04-18T02:33:12.090+0200] {processor.py:175} INFO - Processing /home/humbulani/airflow/dags/new2_dag.py took 0.468 seconds
